This is TeX, Version 3.14159 (Web2C 7.3.1) (format=latex 2003.2.18)  11 MAY 2004 16:14
**tmp
(tmp.tex
LaTeX2e <2001/06/01>
Babel <v3.7h> and hyphenation patterns for american, french, german, ngerman, i
talian, nohyphenation, loaded.
(/usr/share/texmf/tex/latex/base/article.cls
Document Class: article 2001/04/21 v1.4e Standard LaTeX document class
(/usr/share/texmf/tex/latex/base/size12.clo
File: size12.clo 2001/04/21 v1.4e Standard LaTeX file (size option)
)
\c@part=\count79
\c@section=\count80
\c@subsection=\count81
\c@subsubsection=\count82
\c@paragraph=\count83
\c@subparagraph=\count84
\c@figure=\count85
\c@table=\count86
\abovecaptionskip=\skip41
\belowcaptionskip=\skip42
\bibindent=\dimen102
)
(/usr/share/texmf/tex/latex/graphics/graphicx.sty
Package: graphicx 1999/02/16 v1.0f Enhanced LaTeX Graphics (DPC,SPQR)

(/usr/share/texmf/tex/latex/graphics/keyval.sty
Package: keyval 1999/03/16 v1.13 key=value parser (DPC)
\KV@toks@=\toks14
)
(/usr/share/texmf/tex/latex/graphics/graphics.sty
Package: graphics 2001/07/07 v1.0n Standard LaTeX Graphics (DPC,SPQR)

(/usr/share/texmf/tex/latex/graphics/trig.sty
Package: trig 1999/03/16 v1.09 sin cos tan (DPC)
)
(/usr/share/texmf/tex/latex/config/graphics.cfg)
Package graphics Info: Driver file: dvips.def on input line 80.

(/usr/share/texmf/tex/latex/graphics/dvips.def
File: dvips.def 1999/02/16 v3.0i Driver-dependant file (DPC,SPQR)
))
\Gin@req@height=\dimen103
\Gin@req@width=\dimen104
) (tmp.aux)
\openout1 = `tmp.aux'.

LaTeX Font Info:    Checking defaults for OML/cmm/m/it on input line 12.
LaTeX Font Info:    ... okay on input line 12.
LaTeX Font Info:    Checking defaults for T1/cmr/m/n on input line 12.
LaTeX Font Info:    ... okay on input line 12.
LaTeX Font Info:    Checking defaults for OT1/cmr/m/n on input line 12.
LaTeX Font Info:    ... okay on input line 12.
LaTeX Font Info:    Checking defaults for OMS/cmsy/m/n on input line 12.
LaTeX Font Info:    ... okay on input line 12.
LaTeX Font Info:    Checking defaults for OMX/cmex/m/n on input line 12.
LaTeX Font Info:    ... okay on input line 12.
LaTeX Font Info:    Checking defaults for U/cmr/m/n on input line 12.
LaTeX Font Info:    ... okay on input line 12.
File: meanredchi.eps Graphic file (type eps)
 <meanredchi.eps>
[1

]
File: meancutredchi.eps Graphic file (type eps)
 <meancutredchi.eps> [2]
File: fracredchi.eps Graphic file (type eps)
 <fracredchi.eps> [3]
File: meanerrcotth.eps Graphic file (type eps)
 <meanerrcotth.eps> [4]
File: meancuterrcotth.eps Graphic file (type eps)

<meancuterrcotth.eps> [5]
File: fracerrcotth.eps Graphic file (type eps)
 <fracerrcotth.eps> [6]
File: meanerrz0.eps Graphic file (type eps)
 <meanerrz0.eps> [7]
File: meancuterrz0.eps Graphic file (type eps)

<meancuterrz0.eps> [8]
File: fracerrz0.eps Graphic file (type eps)
 <fracerrz0.eps> [9] (tmp.aux) ) 
Here is how much of TeX's memory you used:
 513 strings out of 20880
 5648 string characters out of 196184
 50844 words of memory out of 350001
 3511 multiletter control sequences out of 10000+15000
 3938 words of font info for 15 fonts, out of 400000 for 1000
 14 hyphenation exceptions out of 10000
 25i,4n,19p,193b,157s stack positions out of 3000i,100n,1500p,50000b,4000s

Output written on tmp.dvi (9 pages, 2660 bytes).
