124625 0.00170784
124626 0.00143567
124629 0.00157705
124630 0.0020456
124632 0.00168637
124633 0.00133602
124636 0.00137189
124639 0.00132411
124640 0.00153934
124641 0.00157293
124643 0.000682594
124644 0.00156451
124645 0.0014592
124647 0.00135935
124648 0.000981354
124650 0.00127595
124651 0.00129938
124652 0.00122082
124655 0.00120953
124657 0.00118398
124658 0.00136573
124659 0.00151562
124660 0.00157895
124663 0.0013142
124665 0.00120713
124667 0.00127346
124668 0.001525
124671 0.00168315
124672 0.00169529
124673 0.00145711
124674 0.00158124
124675 0.00154562
124676 0.00157535
124677 0.00140415
124679 0.00170948
124680 0.0017123
124681 0.00146079
124684 0.00143797
124685 0.0016363
124687 0.0016047
124688 0.00172918
124690 0.00161542
124691 0.00135595
124699 0.00154386
124701 0.00164594
124702 0.00153345
124704 0.00152739
124705 0.00155672
124706 0.00160629
124707 0.00159642
124708 0.00162202
124709 0.00159763
124711 0.00161923
124712 0.00149885
124713 0.00160629
124714 0.00162553
124716 0.00161585
124718 0.00152904
124719 0.00143906
124720 0.00158548
124721 0.00159231
124722 0.0016901
124725 0.00156237
124726 0.00155364
124727 0.00168675
124728 0.00147065
124729 0.00163238
124730 0.00142939
124731 0.00166515
124732 0.00152238
124733 0.00140515
124734 0.00149819
124735 0.00158153
124736 0.00165462
124747 0
124767 0.00157978
124779 0.00143406
124780 0.0016003
124785 0.00119617
124786 0.00189805
124796 0.00137296
124807 0.00153719
124808 0.00144525
124809 0.00172659
124810 0.00144127
124812 0.00153561
124814 0.00152429
124816 0.00177809
124820 0.000812788
124822 0.00140699
124823 0.00165215
124824 0.00168498
124828 0.00157376
124831 0.00160529
124836 0.00161539
124845 0.00183203
124849 0.00164401
124851 0.00147298
124852 0.00144494
124853 0.00148488
124855 0.00173065
124856 0.00169193
124860 0.00173741
124861 0.00162346
124862 0.00144854
124863 0.00153143
124864 0.00157835
124865 0.00153507
124870 0.00128344
124871 0.00156135
124875 0.00156966
124877 0.0017599
124878 0.00180357
124879 0.00160819
124880 0.001512
124881 0.00156702
124882 0.00163173
124883 0.00168329
124884 0.00139907
124886 0.00161566
124887 0.00163646
124888 0.00147038
124889 0.00156531
124890 0.00158301
124892 0.00162083
124894 0.00156618
124895 0.00168422
124896 0.00166379
124897 0.00170633
124898 0.001595
124899 0.0016013
124901 0.00172714
124902 0.0016774
124903 0.001631
124904 0.00167455
124905 0.00156633
124906 0.00152926
124907 0.00160399
124909 0.00175742
124912 0.00161206
124913 0.00160224
124915 0.0015
124917 0.00149618
124925 0.000841987
124927 0.000267237
124930 0.00158228
124932 0.000976086
124934 0.000828858
124935 0.000843526
124936 0.000904977
124954 0.00227386
124960 0.00256107
124961 0.00143182
124962 0.00170002
124963 0.00171352
124966 0.000956137
124967 0.00101805
124968 0.00123891
124969 0.00156382
124970 0.00199835
124971 0.00181403
124972 0.00198499
124973 0.00154229
124974 0.00170022
124975 0.00145279
124979 0.0016143
124981 0.00203528
124982 0.00156
124984 0.00149773
124986 0.00158885
124988 0.00157377
124989 0.00164104
124992 0.00173349
124993 0.00140622
124994 0.00160363
124995 0.00180352
124997 0.00148721
124999 0.00191551
125000 0.00162593
125001 0.00155164
125003 0.00154957
125004 0.00153697
125009 0.00176779
125012 0.00170071
125015 0.00177585
125017 0.00149432
