116128 0.00369317
116129 0.00183824
116131 0.00376942
116133 0.00298006
116141 0.00354405
116142 0.00315952
116148 0.00313874
116149 0.003144
116150 0.00348736
116151 0.00345834
116153 0.00301931
116154 0.00297381
116156 0.00366606
116158 0.00329193
116159 0.0018395
116160 0.00307058
116164 0.00285741
116166 0.00366642
116167 0.00360158
116168 0.00333912
116170 0.00268969
116171 0.00239234
116172 0.00313992
116173 0.00302572
116178 0.00372116
116179 0.00310318
116180 0.00306563
116181 0.0038671
116182 0.00342657
116183 0.00363157
116184 0.00286329
116185 0.00307022
116186 0.00334855
116189 0.00397464
116190 0.00361718
116193 0.00341969
116194 0.00331636
116195 0.00364568
116196 0.00322132
116197 0.00307028
116199 0.00308873
116200 0.00286185
116201 0.00351574
116204 0.00301847
116205 0.00318803
116206 0.00347123
116207 0.00320975
116208 0.00326552
116210 0.00322112
116211 0.003372
116212 0.00372463
116214 0.00340318
116215 0.00347641
116216 0.00342444
116217 0.00363009
116218 0.00318609
116219 0.00313614
116221 0.00302115
116222 0.00356057
116223 0.00351256
116224 0.00344211
116225 0.00323765
116227 0.00282872
116229 0.00310267
116230 0.00342994
116231 0.00395338
116232 0.00299326
116233 0.00336912
116234 0.00390405
116235 0.00343841
116236 0.00350928
116237 0.00260936
116238 0.00321046
116239 0.0034946
116240 0.00308673
116242 0.00390754
116243 0.00377125
116246 0.00333521
116247 0.00349394
116250 0.00314347
116251 0.00477841
116252 0.00325253
116254 0.00303749
116255 0.00306711
116256 0.00360305
116257 0.00300417
116258 0.00329811
116259 0.00294673
116261 0.00405244
116262 0.00360648
116263 0.00369208
116266 0.0030737
116267 0.00349938
116268 0.00335026
116269 0.00349895
116270 0.00265552
116271 0.0036126
116272 0.00314814
116277 0.00343734
116278 0.0030967
116280 0.0036417
116281 0.00288438
116282 0.00293892
116283 0.00352407
116284 0.00470265
116289 0.00330046
116290 0.00343412
116291 0.00282078
116292 0.00406805
116330 0.00346602
116332 0.00356325
116333 0.00385795
116334 0.00457431
116335 0.00367168
116338 0.00329338
116339 0.00291723
116340 0.00330235
116353 0.00323485
116355 0.00367158
116356 0.0034173
116357 0.00340414
116358 0.00333785
116359 0.00338895
116360 0.00326219
116361 0.00345693
116362 0.00355561
116364 0.00359545
116365 0.00322574
116366 0.00354086
116367 0.00269159
116368 0.00349293
116369 0.00276029
116371 0.00313078
116374 0.00314491
116375 0.00323914
116376 0.00345069
116380 0.00362105
116381 0.00310745
116383 0.0036683
116385 0.00310162
116387 0.00300739
116393 0.00303391
116394 0.00330556
116395 0.00302322
116396 0.00324351
116398 0.003518
116399 0.00362997
116409 0.00328859
116410 0.0036342
116412 0.00308857
116413 0.00316194
116414 0.00303222
116416 0.00321022
116420 0.00332986
116421 0.00283005
116422 0.00310247
116423 0.0032837
116424 0.00309565
116425 0.00299754
116428 0.00322481
116429 0.00365426
116430 0.00351743
116432 0.00300286
116433 0.00338589
116436 0.0034122
116439 0.00329732
116440 0.00330427
116441 0.00312787
116443 0.00330615
116450 0.00353428
116451 0.00323089
116453 0.00313031
116458 0.00329814
116460 0.00325343
116462 0.00302303
116463 0.003565
116464 0.00308762
116465 0.00340017
116468 0.00340417
116475 0.00277698
116477 0.00333733
116478 0.0035082
116480 0.00315956
116482 0.00367321
116483 0.00331541
116484 0.00327149
116485 0.00313199
116495 0.00340651
116496 0.00381334
116498 0.00343971
116499 0.0039619
116500 0.00285937
116501 0.00307805
116502 0.00309747
116503 0.00412621
116504 0.00376939
116505 0.00342147
116509 0.00335704
116510 0.00341727
116514 0.0035354
116515 0.00393223
116516 0.00428441
116517 0.00343561
116518 0.00372869
116519 0.00364709
116520 0.00362499
116521 0.00355388
116568 0.00347031
116569 0.00364159
116570 0.00367134
116573 0.00331694
116574 0.00289145
116577 0.00332852
116579 0.00329987
116580 0.00332939
116581 0.00357072
116582 0.00352142
116585 0.00320493
116588 0.00365742
116589 0.00354286
116590 0.00350281
116591 0.00312794
116593 0.00409963
116594 0.00372993
116595 0.00323241
116596 0.00302318
116597 0.00375059
116600 0.00360194
116601 0.00368037
116602 0.00286545
116603 0.00310266
116604 0.00340349
116609 0.00332585
116612 0.00309645
116614 0.00311398
116615 0.00303809
116616 0.00315365
116617 0.00326944
116621 0.00341463
116624 0.00235756
116626 0.00369232
116628 0.00363073
116629 0.00283894
116630 0.00285025
116634 0.0030774
116635 0.00364061
116636 0.00362174
116637 0.00311713
116639 0.00406038
116640 0.00331636
116641 0.0032
116646 0.00375819
116647 0.00283961
116650 0.00293956
116651 0.0037786
116652 0.00344553
116656 0.00402777
116658 0.00305948
116659 0.00366618
116660 0.00321841
116663 0.00351587
116664 0.00380254
116666 0.00346964
116667 0.00348303
116669 0.00326413
116670 0.00341672
116671 0.00342486
116672 0.00318062
116673 0.0034095
116677 0.00340127
116680 0.00365544
116683 0.00322915
116685 0.00343574
116689 0.00268059
116691 0.00356607
116693 0.00363861
116694 0.00342659
116696 0.00355043
116697 0.00348338
116698 0.00368243
116699 0.00342594
116701 0.00321848
116703 0.00343778
116705 0.00349951
116706 0.00350338
116707 0.00342648
116709 0.003717
116711 0.00314657
116712 0.00335335
116714 0.00341875
116715 0.00371511
116716 0.00409277
116717 0.00396019
116720 0.00309296
116721 0.00337351
116727 0.00340153
116728 0.0040905
116730 0.00337481
116732 0.00279823
116733 0.00306815
116735 0.00289
116738 0.0038526
116739 0.00317113
116740 0.00298139
116742 0.0029233
116743 0.00423798
116744 0.00287429
116745 0.00308953
116747 0.00301466
116748 0.00328034
116749 0.00325186
116750 0.00335796
116753 0.00328401
116754 0.00281573
116755 0.0031788
116758 0.00308745
116761 0.00336783
116762 0.00369943
116763 0.00316215
116764 0.0033575
116766 0.00313636
116767 0.00319723
116768 0.00307542
116769 0.00304321
116770 0.00323965
116771 0.00341423
116773 0.00238663
116776 0.0026012
116785 0.00337154
116786 0.00329993
116787 0.00337831
116791 0.00328712
116798 0.00338172
116800 0.00280425
116802 0.00364549
116804 0.00316302
116808 0.00299445
116809 0.00321729
116810 0.00361955
116811 0.00293759
116812 0.00306758
116814 0.00281942
116815 0.00351967
116816 0.00335929
116857 0.00226278
116858 0.00316746
116860 0.00346037
116863 0.00350772
116864 0.00306566
116865 0.00323969
116869 0.00396225
116870 0.00301341
116872 0.00388366
116873 0.00415061
116874 0.00290759
116875 0.00368178
116876 0.00316386
116877 0.00261591
116878 0.0038327
116879 0.00322454
116880 0.00356065
116881 0.0034994
116883 0.00298307
116884 0.00361351
116885 0.00299795
116888 0.00387181
116889 0.0027482
116890 0.0030389
116891 0.00317765
116892 0.00304285
116893 0.00303843
116894 0.00332256
116900 0.00318854
116901 0.0028515
116902 0.00351844
116903 0.00323751
116904 0.00332588
116907 0.00326294
116913 0.0033238
116914 0.00288757
116919 0.00358744
116920 0.00277789
116923 0.00273444
116924 0.00313822
116925 0.00209324
116927 0.00339758
116929 0.00331284
116930 0.00333314
116931 0.00335722
116932 0.00183225
116933 0.00344929
116934 0.00286925
116935 0.00308785
116939 0.00291962
116940 0.00309123
116942 0.00282923
116945 0.00381537
116946 0.00334029
116947 0.00369627
116948 0.00320556
116949 0.00281543
116950 0.00326666
116960 0.0038724
116964 0.00315822
116965 0.00290333
116969 0.00369243
116970 0.003493
116971 0.00308104
116973 0.00338696
116974 0.00271335
116976 0.00321662
116977 0.0025091
116978 0.0035662
116979 0.00287159
116980 0.00333251
116982 0.00315034
116983 0.00302745
116984 0.00289017
116986 0.00293294
116987 0.00299581
116990 0.00301012
116991 0.00322284
116992 0.00332757
116993 0.00258075
116994 0.00346689
116995 0.00269322
116996 0.00338648
116999 0.00262075
117000 0.00307929
117001 0.00336878
117002 0.00305458
117003 0.00278954
117004 0.0033935
117005 0.00409098
117006 0.00318716
117008 0.00383008
117009 0.00278479
117010 0.00299258
117011 0.00304678
117012 0.00297895
117013 0.00310398
117015 0.00325237
117017 0.00339422
117018 0.00255469
117019 0.0028054
117020 0.0029681
117022 0.00363586
117023 0.00347641
117028 0.00259016
117029 0.00324663
117030 0.00282577
117031 0.003479
117035 0.00305662
117039 0.00297278
117040 0.0034925
117041 0.00192723
117043 0.0027439
117045 0.00340744
117046 0.00321095
117047 0.00294011
117049 0.0030345
117050 0.00284029
117051 0.00372403
117052 0.00289709
117053 0.00265786
117054 0.00312917
117055 0.00280004
117061 0.00305277
117062 0.00271944
117063 0.00366244
117066 0.002849
117068 0.00363444
117069 0.00278707
117070 0.00343562
117071 0.00290768
117074 0.00283049
117075 0.00327534
117083 0.00192024
117085 0.00332054
117087 0.00294835
117090 0.00312472
117092 0.00529466
117093 0.00299103
117094 0.00274126
117095 0.00318669
117096 0.00348172
117098 0.00323869
117099 0.00443416
117101 0.00383374
117102 0.0040954
117103 0.0028385
117105 0.00356122
