114138 0.177155
114139 0.179006
114140 0.179007
114141 0.17637
114143 0.190623
114145 0.208284
114151 0.180872
114153 0.18241
114155 0.176161
114157 0.183213
114158 0.17969
114159 0.177524
114161 0.180655
114162 0.197664
114164 0.182102
114165 0.180724
114166 0.180025
114168 0.178531
114169 0.209337
114170 0.178701
114171 0.177136
114172 0.180745
114173 0.178111
114174 0.180633
114175 0.208087
114177 0.174946
114180 0.180646
114184 0.179917
114185 0.177541
114186 0.179364
114188 0.194839
114192 0.178678
114193 0.175353
114195 0.176984
114196 0.180385
114197 0.177897
114198 0.178763
114199 0.175832
114200 0.176504
114201 0.179439
114203 0.177002
114204 0.190266
114206 0.177259
114207 0.183069
114210 0.176571
114211 0.177859
114213 0.182854
114214 0.180444
114216 0.178019
114218 0.177691
114219 0.177479
114220 0.179461
114221 0.177581
114222 0.176013
114224 0.180926
114225 0.20573
114227 0.175724
114230 0.17907
114232 0.179652
114233 0.178228
114235 0.175763
114236 0.177102
114237 0.182127
114238 0.1823
114239 0.181161
114240 0.17856
114242 0.178061
114243 0.179479
114244 0.177332
114247 0.176559
114248 0.196073
114249 0.175848
114251 0.181328
114252 0.178974
114253 0.177264
114254 0.180617
114255 0.182666
114256 0.177234
114258 0.175809
114259 0.177754
114260 0.178514
114264 0.183139
114266 0.177955
114268 0.175881
114269 0.176526
114270 0.177156
114271 0.180151
114272 0.179014
114275 0.177085
114277 0.175522
114278 0.179237
114279 0.182582
114280 0.17758
114325 0.181096
114327 0.190795
114329 0.182021
114330 0.193963
114333 0.187941
114334 0.186785
114335 0.183484
114336 0.188464
114337 0.1864
114338 0.188067
114339 0.190743
114341 0.186195
114342 0.18603
114343 0.191713
114344 0.17692
114345 0.18651
114346 0.181869
114347 0.186983
114351 0.189872
114352 0.180361
114355 0.183098
114357 0.189631
114358 0.182164
114359 0.184706
114360 0.187238
114361 0.175363
114362 0.189544
114363 0.18972
114364 0.191396
114372 0.185279
114373 0.180799
114375 0.188989
114378 0.185562
114379 0.185147
114380 0.187835
114381 0.183451
114382 0.189064
114383 0.18717
114384 0.182131
114389 0.193887
114390 0.195816
114392 0.176724
114393 0.189906
114394 0.195047
114396 0.196732
114397 0.179975
114398 0.189551
114399 0.186348
114402 0.185609
114403 0.179628
114406 0.179286
114407 0.180893
114408 0.181435
114409 0.185115
114410 0.182556
114411 0.186039
114412 0.183579
114416 0.18593
114417 0.188887
114419 0.179116
114420 0.182495
114421 0.17965
114422 0.173968
114423 0.180895
114424 0.184007
114426 0.185508
114427 0.179105
114430 0.186108
114431 0.180399
114432 0.194866
114433 0.181248
114435 0.186047
114437 0.188298
114438 0.183412
114439 0.184592
114440 0.180571
114442 0.184951
114443 0.183742
114444 0.183298
114445 0.180222
114447 0.179374
114448 0.186284
114449 0.19556
114450 0.180673
114451 0.182529
114455 0.182631
114456 0.183066
114457 0.182817
114458 0.182898
114459 0.18464
114460 0.184198
114461 0.182971
114463 0.184333
114465 0.184839
114466 0.179563
114467 0.181841
114468 0.18112
114469 0.180988
114470 0.183788
114473 0.184213
114474 0.185953
114476 0.183864
114478 0.180673
114480 0.188444
114481 0.180004
114483 0.182426
114484 0.177112
114486 0.181347
114487 0.187849
114488 0.1881
114489 0.186767
114491 0.20048
114492 0.196351
114494 0.17961
114497 0.18656
114499 0.178844
114500 0.189409
114501 0.192171
114502 0.180381
114503 0.189491
114504 0.183764
114505 0.18603
114507 0.18474
114508 0.185141
114509 0.193414
114511 0.18518
114512 0.181648
114513 0.187166
114514 0.187129
114515 0.186956
114519 0.182086
114521 0.181373
114522 0.181179
114523 0.184346
114524 0.192133
114525 0.185879
114527 0.185979
114529 0.19309
114530 0.184865
114531 0.181982
114532 0.187233
114533 0.193383
114562 0.180501
114564 0.180788
114565 0.179539
114566 0.17302
114567 0.184432
114568 0.179803
114569 0.185496
114570 0.178466
114571 0.177943
114576 0.177665
114578 0.178171
114579 0.178548
114582 0.175624
114599 0.177397
114601 0.18354
114603 0.175895
114605 0.177032
114606 0.180225
114607 0.1817
114609 0.179555
114610 0.18215
114614 0.182443
114615 0.177304
114616 0.176399
114618 0.179743
114620 0.179629
114623 0.177409
114624 0.180451
114625 0.181189
114627 0.178631
114632 0.175531
114633 0.174757
114634 0.179467
114635 0.173402
114637 0.177338
114641 0.186878
114642 0.179266
114643 0.178171
114644 0.178123
114645 0.1759
114646 0.179481
114647 0.18337
114649 0.175178
114651 0.178325
114652 0.176235
114653 0.176629
114655 0.179504
114657 0.18527
114658 0.172798
114659 0.181029
114660 0.177659
114665 0.181336
114666 0.178993
114667 0.172751
114668 0.188723
114669 0.176379
114670 0.177732
114672 0.18118
114674 0.179187
114675 0.175041
114677 0.180145
114678 0.176497
114679 0.179503
114680 0.185714
114681 0.176817
114682 0.174068
114683 0.175445
114686 0.178265
114687 0.177454
114688 0.176213
114689 0.168512
114690 0.18063
114691 0.17671
114693 0.177677
114694 0.177646
114695 0.177998
114697 0.177402
114698 0.180028
114699 0.181039
114701 0.179158
114702 0.172164
114703 0.18058
114705 0.177213
114708 0.178444
114710 0.179294
114711 0.180338
114712 0.178168
114713 0.176696
114714 0.177835
114716 0.176563
114717 0.173498
114718 0.181306
114721 0.176508
114722 0.178944
114724 0.176566
114725 0.179286
114726 0.182596
114728 0.172335
114729 0.17842
114733 0.176352
114734 0.175177
114737 0.178245
114744 0.181777
114747 0.178617
114749 0.181663
114750 0.181201
114753 0.180649
114754 0.176858
114755 0.177787
114758 0.180197
114760 0.176203
114765 0.178212
114766 0.178798
114769 0.204171
114770 0.181068
114771 0.177922
114772 0.177588
114773 0.178936
114774 0.176968
114775 0.178447
114777 0.183669
114779 0.183602
114780 0.184272
114781 0.178415
114782 0.17688
114784 0.175677
114787 0.181413
114788 0.191732
114791 0.173536
114792 0.171898
114799 0.172864
114800 0.18161
114801 0.179391
114803 0.182782
114804 0.177492
114805 0.177298
114806 0.179439
114807 0.180178
114839 0.180418
114844 0.179171
114846 0.177986
114847 0.165422
114850 0.173009
114852 0.177198
114855 0.17227
114871 0.181798
114872 0.181424
114874 0.179628
114875 0.175448
114876 0.174576
114877 0.178467
114878 0.180694
114880 0.176579
114883 0.188867
114885 0.181447
114890 0.176946
114891 0.181899
114892 0.176903
114894 0.177313
114895 0.17853
114896 0.178341
114897 0.186664
114898 0.180124
114904 0.176682
114909 0.177151
114910 0.179502
114913 0.182263
114914 0.179979
114915 0.182334
114916 0.178582
114917 0.175535
114918 0.181385
114920 0.175177
114921 0.179711
114923 0.178585
114924 0.182506
114925 0.179091
114926 0.180951
114928 0.184715
114929 0.181364
114930 0.184409
114931 0.179683
114934 0.17548
114935 0.1767
114936 0.176552
114937 0.180858
114938 0.176031
114939 0.181348
114940 0.178011
114942 0.178538
114943 0.176735
114944 0.17904
114945 0.179847
114946 0.179452
114949 0.179861
114950 0.1783
114952 0.177928
114953 0.17938
114954 0.175365
114956 0.178268
114957 0.176692
114958 0.173308
114959 0.18116
114963 0.184718
114964 0.178236
114965 0.186713
114966 0.175968
114967 0.177171
114968 0.180608
114970 0.177109
114972 0.180821
114975 0.18035
114976 0.180595
114977 0.179751
114978 0.189899
114980 0.189601
114981 0.177752
114984 0.188687
114985 0.19106
114986 0.188801
114987 0.190646
114988 0.191425
114989 0.194427
114990 0.188111
114991 0.188456
114992 0.189327
114995 0.187287
114996 0.18932
114998 0.190119
114999 0.192761
115000 0.19494
115003 0.179642
115004 0.179166
115005 0.176616
115008 0.178328
115009 0.18013
115010 0.178634
115012 0.198736
115014 0.177713
115015 0.179112
115016 0.180841
115017 0.18012
115018 0.175633
115019 0.177486
115020 0.180687
115022 0.173302
115023 0.182077
115024 0.180611
115026 0.181587
115027 0.17624
115028 0.17696
115029 0.180387
115031 0.178053
115032 0.178614
115033 0.180223
115034 0.181731
115035 0.177425
115037 0.17655
115039 0.178022
115040 0.181105
115041 0.199559
115042 0.180048
115043 0.175088
115044 0.179461
115045 0.178785
115046 0.175951
115048 0.180626
115049 0.174552
115050 0.177086
115056 0.183586
115057 0.175306
115058 0.179141
115059 0.180319
115060 0.176942
115061 0.178565
115063 0.176047
