109762 0.00487701
109763 0.00388647
109764 0.0036964
109765 0.00277778
109766 0.00338446
109768 0.00492091
109770 0.00378118
109771 0.00370044
109772 0.00340827
109774 0.00361468
109775 0.00382368
109777 0.00325953
109778 0.00350365
109781 0.00338983
109782 0.00317898
109790 0.00350326
109793 0.00359078
109794 0.00308552
109795 0.00336845
109797 0.00403245
109798 0.00321737
109799 0.00420349
109800 0.00187425
109802 0.00374233
109803 0.0034191
109804 0.00292406
109805 0.00493648
109807 0.00339089
109808 0.00330338
109810 0.00351486
109812 0.00269378
109813 0.00340742
109814 0.00366673
109815 0.00328894
109816 0.00354457
109819 0.00392667
109822 0.00323151
109823 0.0032161
109824 0.00296597
109825 0.00384927
109826 0.00371648
109827 0.00388993
109952 0.00474242
109953 0.0033069
109957 0.0031692
109959 0.00406585
109960 0.00478554
109962 0.00248077
109963 0.0032888
109964 0.00304821
109966 0.00250048
109969 0.00287873
109971 0.00338762
109972 0.00311584
109974 0.00337984
109976 0.0032762
109977 0.0034719
109978 0.00280368
109979 0.00300281
109981 0.00328348
109983 0.003367
109985 0.00358707
109986 0.00457649
109987 0.00437732
109988 0.00386016
109990 0.00285825
109992 0.00335055
109993 0.00362477
109994 0.00373116
109996 0.00345934
109997 0.00375255
109999 0.00282699
110000 0.00343234
110001 0.00351626
110004 0.00303107
110005 0.00389338
110007 0.00274319
110008 0.00349108
110010 0.0032122
110011 0.00345993
110012 0.00347473
110013 0.00451807
110015 0.00394712
110016 0.00295535
110018 0.00353021
110020 0.00356532
110021 0.0037594
110023 0.00355077
110024 0.00392349
110026 0.00301315
110028 0.00288936
110030 0.00322261
110032 0.00326563
110033 0.00341626
110034 0.00302089
110035 0.00272727
110039 0.00311362
110040 0.00346021
110041 0.0034943
110042 0.00392079
110043 0.00402995
110044 0.00328187
110046 0.00290684
110048 0.00369914
110049 0.00329968
110050 0.00358329
110053 0.00320382
110056 0.00392417
110060 0.0029312
110062 0.00332038
110063 0.0031087
110066 0.00357395
110068 0.00272675
110069 0.0027933
110070 0.00342222
110071 0.00270934
110073 0.00336653
110074 0.0035
110075 0.00305632
110076 0.00327674
110077 0.00291517
110078 0.00295815
110079 0.00326131
110081 0.00294778
110082 0.00379143
110087 0.00342209
110088 0.00318082
110090 0.00326025
110098 0.00317098
110099 0.00307479
110101 0.00392065
110102 0.00336852
110104 0.00305726
110105 0.00317586
110110 0.00271311
110111 0.00403226
110112 0.00343267
110113 0.00378183
110116 0.00339141
110117 0.00339761
110118 0.00307469
110119 0.00293882
110120 0.00388821
110121 0.00317869
110124 0.00273551
110127 0.0030842
110128 0.00312872
110130 0.00374332
110133 0.00496634
110135 0.00436586
110136 0.0046016
110137 0.00392267
110138 0.00426086
110143 0.00397953
110144 0.00477444
110145 0.00474334
110146 0.00431766
110147 0.00451674
110149 0.00452664
110151 0.00516177
110152 0.00456633
110153 0.00503324
110154 0.00492626
110155 0.00485161
110156 0.00551416
110160 0.00441226
110161 0.00456888
110162 0.00452611
110164 0.00575191
110165 0.00404708
110167 0.00502903
110169 0.00474541
110170 0.00407125
110171 0.00714569
110172 0.00520042
110178 0.00294256
110179 0.00350877
110180 0.00315683
110181 0.00492207
110182 0.00418999
110183 0.00420393
110185 0.00461929
110186 0.00593548
110191 0.00548396
110195 0.0048753
110199 0.00596177
110200 0.00438419
110201 0.00506364
110203 0.00468299
110204 0.00465858
110205 0.00495704
110206 0.00390341
110209 0.00446067
110210 0.00448263
110212 0.0055605
110213 0.0046792
110215 0.00455746
110216 0.00391119
110217 0.00341372
110219 0.00454243
110223 0.00474135
110225 0.00454501
110227 0.00414472
110228 0.00435036
110229 0.00463738
110230 0.00349829
110232 0.00413267
110233 0.00660253
110234 0.00356758
110235 0.00442758
110238 0.00404375
110239 0.00393455
110240 0.00432102
110242 0.00469364
110243 0.00431593
110244 0.0033972
110247 0.00320714
110248 0.0051248
110249 0.00577674
110251 0.0047757
110252 0.00410413
110253 0.00375573
110255 0.00477925
110256 0.00491094
110257 0.00479445
110259 0.00518332
110260 0.0047448
110261 0.00445217
110262 0.00318858
110264 0.0040603
110265 0.00443514
110267 0.00325762
110268 0.00465492
110270 0.00521933
110274 0.00366832
110275 0.00456596
110276 0.0046234
110278 0.00331483
