126252 0.177513
126253 0.171605
126254 0.178169
126255 0.174859
126256 0.179947
126257 0.175039
126258 0.177942
126259 0.177953
126260 0.170679
126263 0.18307
126265 0.184984
126266 0.172537
126268 0.172941
126273 0.180505
126276 0.166956
126288 0.166557
126290 0.163593
126292 0.165152
126293 0.163223
126294 0.163939
126296 0.163663
126298 0.165014
126299 0.16468
126300 0.162732
126302 0.165656
126304 0.171025
126305 0.164217
126308 0.166043
126309 0.163638
126310 0.164232
126311 0.168355
126314 0.161768
126315 0.163703
126316 0.163818
126318 0.167499
126322 0.164918
126323 0.164344
126325 0.164115
126326 0.163821
126329 0.163323
126341 0.173596
126344 0.160177
126345 0.164432
126347 0.164996
126349 0.16584
126352 0.163899
126353 0.165389
126354 0.166068
126355 0.164783
126356 0.164237
126359 0.163368
126361 0.165097
126362 0.16347
126364 0.161428
126367 0.168848
126369 0.16486
126370 0.169961
126371 0.16389
126372 0.168446
126373 0.163835
126374 0.164851
126376 0.16192
126429 0.201202
126431 0.163179
126432 0.166859
126433 0.169378
126434 0.163774
126435 0.177535
126436 0.171299
126449 0.168558
126451 0.169264
126453 0.173537
126454 0.169799
126460 0.189987
126461 0.167341
126462 0.166689
126464 0.188456
126465 0.168304
126467 0.16417
126469 0.162849
126471 0.174729
126472 0.174824
126473 0.168423
126475 0.173319
126476 0.18068
126477 0.177115
126478 0.17312
126479 0.17745
126480 0.175194
126483 0.17297
126485 0.173
126487 0.173337
126488 0.180062
126490 0.177204
126492 0.174423
126494 0.169715
126496 0.162016
126499 0.161935
126503 0.180183
126505 0.160435
126506 0.159651
126507 0.162033
126508 0.16303
126509 0.162763
126510 0.163656
126511 0.161108
126512 0.16936
126513 0.159036
126514 0.164255
126517 0.161761
126520 0.161098
126521 0.159243
126522 0.162584
126523 0.162963
126527 0.162878
126528 0.163638
126531 0.163921
126532 0.162006
126535 0.169158
126536 0.160107
126538 0.160942
126539 0.162962
126540 0.171857
126541 0.162025
126542 0.164402
126543 0.169396
126546 0.156922
126552 0.161599
126554 0.161704
126555 0.162608
126556 0.162192
126557 0.16143
126559 0.160178
126562 0.16794
126563 0.161501
126564 0.163568
126566 0.164315
126568 0.16383
126569 0.164425
126572 0.164227
126573 0.172679
126575 0.168991
126576 0.163067
126577 0.164312
126578 0.164514
126579 0.164205
126581 0.161375
126618 0.164765
126619 0.161316
126621 0.166384
126622 0.1846
126624 0.165611
126625 0.173463
126641 0.0566038
126643 0.246575
126644 0.144144
126646 0.172775
126647 0.112676
126651 0.170197
126652 0.173633
126653 0.173575
126656 0.170906
126657 0.175082
126658 0.175036
126662 0.179311
126664 0.174348
126665 0.17205
126666 0.171975
126667 0.177689
126668 0.173466
126669 0.183994
126670 0.17519
126673 0.176254
126676 0.165274
126677 0.169648
126679 0.162216
126680 0.165894
126682 0.162666
126683 0.164421
126684 0.164814
126685 0.164002
126688 0.167049
126689 0.165617
126690 0.164245
126691 0.165307
126692 0.161912
126693 0.166392
126695 0.165085
126699 0.166518
126701 0.165512
126702 0.166005
126703 0.171923
126704 0.165885
126706 0.164151
126707 0.162582
126709 0.164234
126710 0.16393
126711 0.165016
126714 0.182012
126716 0.162745
126717 0.164109
126718 0.168129
126719 0.16283
126720 0.164605
126721 0.163045
126722 0.159099
126723 0.162962
126725 0.165245
126728 0.163447
126729 0.165282
126731 0.166667
126732 0.16359
126733 0.164251
126734 0.164001
126735 0.16205
126736 0.164268
126737 0.169473
126738 0.164345
126740 0.163076
126744 0.163445
126745 0.177346
126746 0.164154
126747 0.161564
126749 0.162912
126776 0.160564
126777 0.161893
126778 0.16328
126779 0.16282
126780 0.174424
126782 0.170052
126783 0.166887
126814 0.168301
126815 0.170202
126817 0.177626
126821 0.176244
126823 0.163408
126824 0.165565
126825 0.163933
126831 0.158735
126832 0.173896
126833 0.170518
126834 0.171585
126835 0.174661
126836 0.178061
126837 0.173343
126838 0.166098
126839 0.182639
126842 0.176149
126845 0.171331
126846 0.175133
126847 0.176729
126851 0.168008
126853 0.172123
126854 0.169
126855 0.171225
126856 0.171069
126858 0.168062
126859 0.167386
126862 0.165093
126866 0.161416
126868 0.162016
126869 0.163892
126870 0.16304
126871 0.168607
126872 0.171644
126874 0.171712
126875 0.169774
126877 0.163352
126878 0.164147
126879 0.16014
126880 0.162713
126881 0.160613
126882 0.162257
126883 0.162481
126890 0.162926
126892 0.162514
126893 0.161205
126894 0.162969
126895 0.161858
126906 0.161276
126907 0.163559
126909 0.161351
126910 0.159929
126911 0.163876
126912 0.163689
126913 0.162558
126914 0.161548
126915 0.167509
126923 0.167782
126925 0.163986
126926 0.161877
126929 0.167567
126931 0.162477
126932 0.162367
126933 0.165408
126934 0.170952
126936 0.16338
126956 0.194621
126957 0.207091
126958 0.194187
126992 0.153846
126994 0.156418
126995 0.17144
126996 0.17069
126997 0.161419
126998 0.172988
126999 0.161828
127000 0.161517
127001 0.159091
127002 0.14704
127003 0.157895
127004 0.155944
127006 0.167695
127017 0.163693
127022 0.162635
127023 0.166494
127024 0.172132
127025 0.160151
127026 0.158153
127028 0.160417
127029 0.225806
127031 0.16836
127032 0.155941
127033 0.155194
127034 0.159177
127059 0.1679
127061 0.173533
127062 0.177661
127064 0.172719
127065 0.18078
127066 0.175759
127067 0.178224
127068 0.177232
127070 0.178591
127071 0.174415
127072 0.17629
127073 0.170789
127074 0.175352
127097 0.203699
127099 0.177021
127107 0.174938
127108 0.178912
127110 0.172606
127111 0.176774
127112 0.171946
127113 0.181966
127114 0.176082
127115 0.169767
127116 0.175358
127135 0.166963
127136 0.166667
127138 0.170915
127139 0.161926
127140 0.155063
127141 0.155689
127180 0.165975
127181 0.161905
127182 0.173448
127185 0.155472
127186 0.149331
127187 0.162731
127188 0.166829
127190 0.180049
127191 0.160494
127193 0.167341
127195 0.1582
127196 0.156028
127197 0.158929
127198 0.157187
127199 0.160733
127206 0.169914
127213 0.175224
127214 0.170292
127215 0.170275
127217 0.174716
127218 0.173876
127219 0.181498
127221 0.171237
127222 0.173635
127224 0.173586
127228 0.179658
127229 0.185375
127231 0.179215
127234 0.178372
127235 0.17235
127237 0.172238
127238 0.170895
127240 0.177902
127241 0.176682
127247 0.17763
127249 0.173843
127250 0.174769
127251 0.161243
127254 0.16405
127257 0.160121
127261 0.165335
127262 0.158857
127263 0.160206
127264 0.160742
127266 0.162112
127267 0.171307
127268 0.163703
127269 0.163617
127270 0.163226
127271 0.164248
127272 0.165492
127273 0.163131
127278 0.16558
127279 0.165456
127280 0.166472
127283 0.169389
127285 0.164561
127287 0.164284
127289 0.165128
127290 0.163067
127291 0.164936
127294 0.174379
127295 0.163401
127296 0.165957
127297 0.16506
127304 0.166917
127306 0.163404
127307 0.16382
