120888 0.000124849
120889 0.000332392
120890 0.000274236
120891 8.34481e-05
120892 0.000251783
120911 0.000235738
120939 0.000297556
120940 9.57579e-05
120943 0.000114745
120954 0.00032202
120956 0
120961 0.000111595
120964 0.000129135
120965 8.12595e-05
120966 0.000230114
120967 0.000134644
120970 0.00010002
120972 0.000263551
120973 0.000248942
121070 0.000233481
121071 0.000215657
121073 0.000100459
121124 8.31878e-05
121126 7.90326e-05
121130 9.14885e-05
121131 0.000146908
121132 0.000138947
121133 2.93066e-05
121134 0.000112792
121166 9.66884e-05
121167 6.55953e-05
121170 0
121172 0.000127737
121174 0.000167073
121175 0.000143343
121178 0
121181 0.000107267
121184 0.00015625
121186 0.000127973
121187 0.000140223
121190 0.000136477
121191 0.000116469
121192 7.26903e-05
121193 7.32547e-05
121194 0.000157183
121197 0
121198 0.000178559
121199 3.79651e-05
121200 0.000113097
121202 0.000131596
121203 0.000224065
121204 8.85818e-05
121206 0.00034031
121207 0.000258532
121208 0.000182815
121210 0
121211 6.56168e-05
