125428 0.00133901
125429 0.00202134
125430 0.00247117
125431 0.000744158
125434 0.00150066
125435 0.000874508
125437 0.00206983
125438 0.00136874
125439 0.00168044
125440 0.00173692
125442 0.00262707
125445 0.00250188
125466 0.00213693
125468 0.00142813
125469 0.0014061
125470 0.00157311
125476 0.00240045
125478 0.000934579
125479 0.000918836
125480 0.00253866
125482 0.00209542
125483 0.00115435
125489 0.00154875
125490 0.00159726
125491 0.00153551
125500 0.00187513
125501 0.00146535
125502 0.00159768
125503 0.00148231
125505 0.00220665
125508 0.00133797
125509 0.00194331
125511 0.00141923
125512 0.00170648
125513 0.00175412
125514 0.0009431
125515 0.00165107
125517 0.00148832
125520 0.00163628
125521 0.00174216
125522 0.00226909
125524 0.0018123
125525 0.00159765
125527 0.00183748
125528 0.00121877
125529 0.00172325
125530 0.00135423
125531 0.00143092
125532 0.0017066
125534 0.00154406
125538 0.00186698
125539 0.00197698
125540 0.00156958
125541 0.00190009
125543 0.00135032
125544 0.00233705
125545 0.00136338
125546 0.00178982
125547 0.00125984
125550 0.0020665
125551 0.00132275
125553 0.00193825
125554 0.0019626
125555 0.00189877
125557 0.00158861
125558 0.00171206
125560 0.00179932
125561 0.00163181
125562 0.00162771
125563 0.00170252
125564 0.00181811
125565 0.00158549
125567 0.00163477
125594 0.00133652
125595 0.00137825
125597 0.00158228
125598 0.00234926
125599 0.00163106
125601 0.00159526
125602 0.0016986
125604 0.00153767
125606 0.00180325
125607 0.00198929
125608 0.00142083
125609 0.00231875
125610 0.00203085
125613 0.00183793
125614 0.00176415
125615 0.00138198
125616 0.00197478
125620 0.00276019
125621 0.00102447
125622 0.00170477
125624 0.000847817
125625 0.00155734
125631 0.000382044
125632 0.00182129
125633 0.00186078
125634 0.00222662
125635 0.00243843
125636 0.00180907
125637 0.000808669
125638 0.00149221
125639 0.00145773
125641 0.00155846
125642 0.00147914
125643 0.00162052
125646 0.00232339
125648 0.00154506
125649 0.00182071
125650 0.00142055
125651 0.00170655
125652 0.00118624
125653 0.00163188
125654 0.0015536
125655 0.00206791
125657 0.00131281
125658 0.00147837
125659 0.00131023
125660 0.00159033
125661 0.00142045
125666 0.00202972
125667 0.00186125
125668 0.00152756
125669 0.00181497
125670 0.00131425
125672 0.00150804
125673 0.00106477
125675 0.00132817
125677 0.00164557
125679 0.00181771
125683 0.00157998
125684 0.00166389
125686 0.00144455
125687 0.00141134
125688 0.00170685
125689 0.00150546
125691 0.00161088
125692 0.00133317
125694 0.0020275
125695 0.00157536
125696 0.00153447
125700 0.00167261
125701 0.00183564
125702 0.00137282
125703 0.00168846
125705 0.00158597
125706 0.00151197
125708 0.00149199
125709 0.0016344
125710 0.00140915
125711 0.0014043
125712 0.00160131
125714 0.00148699
125715 0.00146425
125716 0.00169585
125717 0.00140387
125718 0.00166004
125719 0.00117878
125765 0.00124865
125767 0.00163993
125770 0.00141693
125771 0.00209254
125772 0.0019892
125773 0.00219514
125774 0.00174634
125775 0.00150182
125777 0.00119617
125779 0.00121433
125780 0.0010989
125782 0.000980152
125783 0.00148883
125784 0.00173375
125785 0.00185858
125786 0.00134495
125787 0.00132166
125788 0.00138351
125789 0.00114686
125791 0.00184794
125796 0.0017805
125797 0.00186047
125805 0.00171078
125806 0.0012871
125809 0.00224194
125810 0.00135344
125812 0.00199405
125813 0.00158948
125814 0.00145039
125815 0.0011857
125816 0.00158189
125817 0.00177029
125818 0.00175842
125820 0.00201354
125822 0.00158057
125825 0.00164914
125826 0.00112496
125827 0.00147901
125829 0.00196812
125830 0.00155897
125832 0.00186732
125833 0.00182002
125834 0.00221578
125835 0.0014644
125836 0.00135267
125838 0.00171074
125840 0.00166691
125842 0.00164271
125843 0.00276167
125844 0.00170326
125845 0.00176184
125846 0.00137498
125848 0.00145167
125849 0.0016829
125850 0.00156308
125851 0.00150402
125852 0.00155553
125854 0.00111072
125855 0.00173602
125857 0.00140349
125858 0.00144552
125859 0.00171062
125860 0.00166797
125861 0.00137338
125862 0.00180768
125865 0.00161975
125866 0.00139418
125867 0.00143808
125868 0.00163878
125869 0.00191541
125870 0.00145724
125872 0.0013467
125873 0.0015311
125874 0.00131014
125877 0.00152508
125878 0.001693
125880 0.00166247
125881 0.00205806
125883 0.00122961
125884 0.00153937
125885 0.00131696
125886 0.00153634
125888 0.00152262
125893 0.00100644
125894 0.0016836
125895 0.0015676
125900 0.00202722
125917 0.00162369
125918 0.00164864
125919 0.00131869
125921 0.00106454
125922 0.00141166
125923 0.00196038
125924 0.00159706
125925 0.00204549
125926 0.00171821
125927 0.0013666
125928 0.00152318
125929 0.00184539
125930 0.00137408
125932 0.00141197
125933 0.00147765
125934 0.00167008
125935 0.00173728
125937 0.00176617
125938 0.00175177
125939 0.00142783
125940 0.00124572
125941 0.00129189
125942 0.00155167
125951 0.0015336
125952 0.00206728
125953 0.00132153
125955 0.0019495
125956 0.00242452
125958 0.00229095
125960 0.00161759
125961 0.00136226
125962 0.00145325
125963 0.00179564
125964 0.0014454
125965 0.00128811
125966 0.00181382
125968 0.00162597
125969 0.00160504
125970 0.00173839
125971 0.00150514
125972 0.00211846
125973 0.00176817
125974 0.00150958
125977 0.00150597
125979 0.0018311
125980 0.0015965
125981 0.0016243
125982 0.00136308
125983 0.0013609
125984 0.0017648
125985 0.00168564
125986 0.0020037
125987 0.00225017
125989 0.000396354
125990 0.00165439
125992 0.0015681
125993 0.00175272
125997 0.00194137
126000 0.00129762
126005 0.00129116
126006 0.00189759
126007 0.00163588
126008 0.00136537
126009 0.00156947
126010 0.00156192
126012 0.00138213
126014 0.00173207
126015 0.00181986
126016 0.00171602
126017 0.00174158
126019 0.00173016
126020 0.00206054
126024 0.00147287
126025 0.00129182
126026 0.00170209
126027 0.00155847
126028 0.00135599
126030 0.00143056
126031 0.000636807
126032 0.00167945
126033 0.00178274
126034 0.00179615
126035 0.00157421
126036 0.00156809
126039 0.00194088
126040 0.00148493
126043 0.00111699
126044 0.000989854
126045 0.00164848
126046 0.00146554
126047 0.00142041
126056 0.00112894
126057 0.00114727
126058 0.00206825
126060 0.00206676
126061 0.000946634
126064 0.00188959
126065 0.00207439
126082 0.00110092
126083 0.00122992
126084 0.00161915
126086 0.00170058
126108 0.00141243
126109 0.00172747
126110 0.00189637
126111 0.00113991
126112 0.00122002
126113 0.00130862
126116 0.00138691
126118 0.00182487
126119 0.00143231
126120 0.00153116
126121 0.00134787
126122 0.00125751
126123 0.00212608
126125 0.00154713
126126 0.00171454
126127 0.00165928
126129 0.00140148
126130 0.00140905
126131 0.00123831
126132 0.00266028
126135 0.0015932
126137 0.00159879
126138 0.00161377
126140 0.00134288
126141 0.00103675
126142 0.00135593
126143 0.00131652
126144 0.00138065
126145 0.00138692
126146 0.00135412
126151 0.00179554
126152 0.00149193
126158 0.00157778
126159 0.00161081
126161 0.00160284
126162 0.00151024
126163 0.00178465
126164 0.00149794
126165 0.00155647
126167 0.00114529
126168 0.0017552
126169 0.00193267
126170 0.00174777
126172 0.00165524
126173 0.00151356
126175 0.00153061
126176 0.00172202
126180 0.00027248
126181 0.00184546
126182 0.00176817
126184 0.00144044
126185 0.00162708
126186 0.00154442
126187 0.00150762
126189 0.00151106
126190 0.00155954
126191 0.00181525
126192 0.00161035
126193 0.00186955
126194 0.00193243
126195 0.00187835
126197 0.00193965
126204 0.00205294
