122245 0.0043282
122246 0.0045535
122247 0.00430722
122249 0.00434666
122251 0.00416724
122252 0.00502178
122253 0.0051629
122256 0.00489859
122263 0.00509318
122264 0.00446812
122268 0.00520897
122269 0.00438484
122272 0.00362096
122273 0.00395633
122274 0.00468538
122275 0.00411442
122276 0.00419505
122277 0.00459048
122278 0.00511133
122279 0.00477467
122280 0.00457245
122281 0.00366602
122283 0.00436293
122285 0.00439917
122286 0.00473523
122287 0.00464064
122288 0.00464098
122289 0.00415912
122291 0.00432393
122292 0.00419314
122293 0.004232
122294 0.00449438
122296 0.00484553
122297 0.0047812
122298 0.00429007
122300 0.00398334
122301 0.00406791
122305 0.00414257
122306 0.00422218
122307 0.00420057
122309 0.00488688
122310 0.00395994
122312 0.00448422
122313 0.0043567
122314 0.00490597
122315 0.00464105
122317 0.00499434
122319 0.00459374
122321 0.00483212
122322 0.0049048
122323 0.00447936
122326 0.00441216
122330 0.0043705
122331 0.004711
122335 0.0104942
122336 0.00444324
122339 0.00444115
122341 0.00457681
122342 0.00480324
122344 0.00530035
122345 0.00451546
122347 0.00429115
122349 0.00538026
122350 0.00459196
122351 0.00561878
122352 0.00451977
122353 0.00377358
122354 0.00406654
122356 0.00462981
122357 0.00479755
122360 0.00364667
122363 0.00426704
122365 0.00471036
122366 0.00433522
122369 0.00454594
122409 0.00459834
122410 0.00489451
122411 0.00434036
122412 0.00453995
122413 0.00421814
122414 0.00476899
122415 0.0047011
122416 0.00387989
122418 0.00475981
122420 0.00493036
122422 0.00490342
122423 0.00481999
122424 0.00357875
122425 0.00395463
122426 0.00480387
122427 0.00467508
122428 0.00499106
122429 0.00472716
122430 0.0039045
122432 0.00425062
122433 0.00454047
122434 0.00529183
122437 0.00547486
122438 0.00338917
122439 0.00417454
122440 0.00459774
122443 0.00508825
122445 0.00451676
122447 0.0047355
122448 0.00480504
122449 0.0049569
122450 0.00495106
122452 0.0042567
122453 0.00467777
122454 0.00478159
122455 0.00468251
122461 0.00469205
122462 0.00458563
122463 0.00467742
122464 0.00470896
122465 0.00483363
122466 0.00511319
122467 0.00473283
122468 0.00453484
122469 0.00445133
122471 0.00486963
122472 0.00460727
122473 0.00506753
122480 0.00433577
122484 0.00473312
122485 0.00394585
122486 0.00512154
122487 0.00435428
122488 0.00443563
122489 0.00458187
122492 0.00445876
122493 0.00428032
122496 0.00475843
122497 0.00466584
122498 0.00508248
122500 0.00481907
122501 0.00498657
122502 0.00462549
122503 0.00467172
122505 0.00421589
122507 0.00480428
122508 0.00445762
122509 0.00470715
122510 0.00465386
122511 0.00456997
122514 0.00442631
122519 0.00455466
122520 0.00490846
122521 0.004488
122524 0.00548337
122525 0.00490024
122526 0.00470066
122527 0.0046656
122535 0.00512791
122536 0.00414036
122537 0.00505586
122538 0.00485805
122539 0.00437421
122540 0.00427982
122541 0.00455992
122542 0.00438687
122545 0.0047342
122548 0.00546682
122549 0.00424952
122550 0.00460336
122551 0.00494034
122555 0.00438765
122556 0.00425062
122557 0.00506601
122559 0.00362927
122560 0.00404731
122561 0.00458239
122562 0.00415914
122563 0.00457411
122564 0.00517512
122568 0.00465055
122569 0.00451649
122570 0.00401623
122571 0.00458773
122572 0.00471194
122573 0.00441431
122574 0.00413741
122575 0.00444675
122576 0.00447427
122577 0.00519939
122579 0.00402791
122585 0.00448707
122586 0.00381679
122587 0.00444463
122589 0.00402939
122590 0.00473743
122593 0.00403592
122594 0.00445751
122596 0.00448215
122599 0.00486533
122602 0.00549292
122603 0.00459544
122604 0.00448011
122605 0.00520773
122606 0.00452212
122608 0.00492342
122610 0.00499726
122613 0.00488231
122614 0.00468994
122615 0.00488017
122616 0.00473697
122618 0.00517916
122619 0.00536626
122620 0.00451508
122623 0.00475462
122625 0.00516841
122626 0.00480221
122628 0.00469281
122629 0.00451868
122630 0.00495014
122631 0.00436453
122632 0.00479405
122634 0.00517532
122640 0.00411297
122641 0.00539494
122642 0.00458482
122643 0.00432668
122646 0.00419957
122647 0.00463987
122648 0.00402795
122649 0.00474953
122650 0.00499796
122652 0.00461956
122653 0.00437011
122654 0.00469009
122657 0.00535376
122658 0.00538295
122661 0.0052019
122665 0.00474064
122667 0.00439899
122672 0.00468463
122673 0.00491105
122674 0.00478685
122675 0.00463318
122676 0.00495339
122677 0.00482392
122679 0.00483546
122681 0.00516527
122682 0.00434978
122683 0.00445428
122684 0.00456449
122685 0.00490682
122686 0.00531646
122687 0.00409772
122689 0.00530144
122690 0.00492854
122691 0.00478962
122692 0.00473557
122693 0.00490647
122695 0.0045525
122696 0.00526525
122698 0.00477217
122699 0.00509475
122700 0.00505865
122701 0.0046294
122702 0.00474296
122703 0.0049084
122704 0.0046335
122705 0.0051534
122708 0.00504154
122710 0.00503708
122711 0.00457928
122712 0.0049532
122713 0.00476856
122714 0.004972
122721 0.00560748
122722 0.0046324
122726 0.00485269
122727 0.00519014
122728 0.00439417
122729 0.00477812
122730 0.00483706
122731 0.00436406
122733 0.00519657
122734 0.00467041
122735 0.00471409
122736 0.00475711
122737 0.00480333
122738 0.00464044
122739 0.00446743
122740 0.00483737
122741 0.00483706
122743 0.00510368
122744 0.00453473
122745 0.00455661
122746 0.00450938
122747 0.00496372
122749 0.00475184
122751 0.00455587
122752 0.00470581
122753 0.0048621
122754 0.00482166
122755 0.00437789
122766 0.00471827
122767 0.00415098
122768 0.00467873
122769 0.00458657
122770 0.00564395
122772 0.00421664
122773 0.00414301
122776 0.00527389
122777 0.00457715
122778 0.00433564
122779 0.00534336
122780 0.00346444
122781 0.00442035
122783 0.004447
122785 0.00444402
122786 0.00491009
122787 0.00623456
122789 0.00400837
122796 0.00437307
122797 0.00462626
122798 0.00415775
122799 0.0038892
122800 0.00437685
122801 0.00505245
122802 0.00515901
122803 0.00489582
122804 0.00606273
122805 0.00470397
122808 0.00663717
122809 0.00498885
122810 0.00422216
122812 0.00474801
122813 0.00451403
122815 0.00495768
122816 0.00451494
122819 0.00471934
122820 0.00494209
122821 0.00506581
122823 0.00484791
122824 0.00469253
122825 0.00500935
122826 0.00483198
122827 0.00478019
122829 0.00483355
122830 0.00462956
122831 0.00479671
122832 0.00516375
122833 0.00458406
122835 0.00457339
122838 0.00472072
122841 0.00483598
122842 0.0045244
122843 0.00488563
122844 0.00506801
122845 0.00463845
122846 0.00482375
122847 0.0048381
122852 0.00531732
122853 0.00445465
122855 0.00461366
122856 0.00444185
122858 0.00458375
122859 0.00491419
122860 0.00462262
122862 0.00501874
122863 0.00453277
122866 0.00458178
122867 0.00526115
122868 0.00435326
122869 0.00450912
122870 0.00491744
122871 0.00458327
122873 0.00427301
122874 0.00439326
122879 0.00444991
122880 0.00468912
122881 0.00442016
122967 0.0034463
122986 0.00426752
122987 0.00441973
122988 0.00449991
122990 0.00414878
122993 0.00438932
122995 0.00438752
122996 0.00520653
122998 0.0046643
122999 0.00401257
123001 0.0049815
123002 0.00490006
123003 0.00548965
123004 0.00463327
123011 0.00381457
123012 0.00372521
123013 0.00751073
123014 0.00347524
123016 0.00464462
123018 0.00413787
123019 0.00418914
123020 0.00439679
123021 0.00506721
123022 0.00493216
123023 0.00408689
123024 0.0047611
123025 0.00509694
123026 0.00437129
123027 0.0054511
123028 0.00448537
123029 0.00464181
123034 0.00488773
123035 0.00558471
123036 0.00446558
123038 0.00463096
123039 0.00406599
123040 0.00507343
123041 0.00465836
123042 0.00498344
123043 0.00478175
123044 0.00482768
123048 0.00510131
123049 0.00461157
123050 0.00487956
123051 0.00462372
123052 0.0048
123054 0.00454567
123055 0.00443177
123056 0.00514399
123058 0.0050536
123059 0.00478656
123060 0.00463732
123062 0.0044537
123063 0.00444022
123065 0.00444105
123066 0.00448048
123067 0.00490871
123068 0.00418478
123070 0.0043615
123074 0.00427781
123077 0.00479646
123078 0.00497512
123081 0.00499407
123083 0.00478884
123084 0.00464452
123085 0.00465047
123087 0.00436711
123088 0.00454328
123089 0.00469786
123090 0.0044532
123091 0.00442181
123093 0.00441632
123097 0.0047528
123101 0.00470444
123164 0.00342793
123165 0.00554093
123166 0.00442987
123167 0.00393666
123168 0.00405357
123169 0.00425381
123170 0.00438238
123172 0.00377101
123175 0.00403097
123176 0.00438025
123178 0.00475584
123193 0.00461804
123196 0.00452006
123197 0.00468419
123198 0.0044947
123200 0.00448874
123201 0.00451311
123202 0.00478371
123204 0.00513547
123205 0.00497045
123206 0.00447258
123207 0.0045962
123209 0.00519452
123210 0.00624661
123211 0.00478878
123213 0.00513954
123215 0.00419463
123218 0.00460596
123219 0.00454496
123223 0.00477465
123224 0.00450222
123225 0.00450802
123226 0.0048409
123227 0.00444915
123229 0.00469502
123233 0.00524605
123237 0.0046774
123238 0.00440721
123240 0.0046475
123243 0.00559399
123245 0.00448319
123248 0.00501885
123250 0.00449471
123251 0.00492285
123252 0.0046405
123253 0.00489926
123256 0.00486197
123258 0.00479648
