127588 0.00204954
127589 0.00185854
127592 0.00179663
127594 0.00165827
127598 0.00118806
127600 0.00138563
127601 0.0010851
127602 0.00163532
127603 0.00169273
127606 0.00211193
127610 0.00158267
127611 0.00176636
127612 0.00156538
127613 0.00197217
127615 0.00159302
127619 0.00142465
127620 0.00150486
127621 0.00194246
127622 0.00146637
127623 0.000941351
127625 0.00124301
127626 0.0014914
127627 0.00167701
127630 0.00137673
127631 0.00164762
127635 0.00143575
127637 0.00119928
127638 0.00125031
127641 0.000873999
127642 0.00194686
127643 0.00150395
127644 0.00150855
127645 0.00118741
127646 0.00149445
127647 0.00131305
127650 0.00184399
127651 0.00165375
127652 0.00119287
127654 0.00143768
127657 0.00159995
127659 0.0016721
127661 0.00126678
127662 0.00162995
127663 0.00146767
127664 0.00159458
127667 0.000950841
127668 0.00149165
127670 0.00116959
127673 0.00165206
127677 0.00141332
127678 0.00194986
127680 0.00158992
127681 0.00141857
127682 0.00144432
127683 0.00157389
127684 0.00134044
127685 0.00134429
127690 0.00143272
127691 0.00106421
127692 0.00146177
127694 0.00133995
127695 0.00162124
127698 0.0017636
127700 0.00185901
127701 0.00157983
127702 0.00145686
127703 0.00180335
127704 0.00134539
127710 0.00176236
127711 0.00183189
127712 0.00140082
127721 0.00160677
127722 0.00154909
127723 0.00177431
127725 0.00178355
127729 0.000768049
127731 0.000805153
127735 0.000673129
127737 0.000773455
127739 0.000783085
127740 0.000648508
127761 0.00201525
127762 0.0014652
127764 0.00205564
127765 0.00187219
127766 0.00167749
127767 0.00189871
127768 0.00152604
127769 0.00143998
127770 0.00232362
127791 0.00205698
127793 0.00242204
127794 0.00211744
127795 0.00159789
127796 0.00185242
127797 0.00107885
127798 0.00196536
127799 0.00120951
127800 0.00194357
127802 0.00214196
127803 0.00201119
127804 0.00226142
127805 0.00208975
127806 0.00130418
127807 0.00173227
127809 0.00216095
127810 0.003109
127813 0.00145255
127814 0.00171897
127815 0.00176606
127818 0.00126159
127819 0.00165191
127820 0.00093633
127822 0.00225568
127826 0.00112181
127828 0.00155843
127830 0.00163697
127831 0.0014828
127832 0.00138393
127833 0.00130688
127834 0.00173188
127835 0.00152737
127837 0.00166618
127838 0.000811615
127839 0.00188178
127840 0.00169084
127841 0.001668
127842 0.0016235
127843 0.00185835
127844 0.00159405
127845 0.00166937
127846 0.0016766
127856 0.00212145
127858 0.00148422
127859 0.00141274
127861 0.00160905
127863 0.00163723
127864 0.00176975
127865 0.00175884
127866 0.00216712
127867 0.00180288
127870 0.00203143
127874 0.00174784
127877 0.00166478
127880 0.0018277
127884 0.00201097
127885 0.00167746
127886 0.00173327
127889 0.00138639
127891 0.00175458
127892 0.00173651
127893 0.00192653
127894 0.00139531
127895 0.0017161
127897 0.00191072
127902 0.00069541
127904 0.000309885
127905 0.00058072
127924 0.00159082
127925 0.00202098
127927 0.00151199
127928 0.000874551
127931 0.00168919
127932 0.00159087
127933 0.00131093
127951 0.00136166
127955 0.00159904
127958 0.00220848
127959 0.00155481
127961 0.00213045
127962 0.00197378
127963 0.00109497
127967 0.000901551
127968 0.00138562
127969 0.00185623
127970 0.00188521
127971 0.0019665
127981 0.00158765
127984 0.0017998
127986 0.00118998
127989 0.00163005
127990 0.00159732
127991 0.00162589
127992 0.00183576
127994 0.00172278
127995 0.00172246
127996 0.00162759
127997 0.00153257
127998 0.00171114
127999 0.00160224
128000 0.00166166
128001 0.00148579
128003 0.00158248
128004 0.00154969
128005 0.00181406
128006 0.00201816
128007 0.00182645
128008 0.00168557
128009 0.00169958
128010 0.00167259
128011 0.00167473
128012 0.00194462
128017 0.0019704
128019 0.00182062
128020 0.00154702
128021 0.00166865
128022 0.00118586
128024 0.00124428
128025 0.00178848
128029 0.00220994
128030 0.00128665
128031 0.00186758
128032 0.00163529
128035 0.00187573
128036 0.00164722
128040 0.00160863
128043 0.00173063
128044 0.00178568
128046 0.00176127
128050 0.00182584
128052 0.00154623
128054 0.0017806
128055 0.00197912
128056 0.00182564
128063 0.00125235
128064 0.0017848
128065 0.00153846
128068 0.000535045
128069 0.00041806
128086 0.000774593
128101 0.00112768
128105 0.00192086
128106 0.00340246
128109 0.00231267
128111 0.0010644
128115 0.00151494
128116 0.000830861
128117 0.00121523
128121 0.00213549
128122 0.001561
128123 0.00221544
128124 0.00221969
128125 0.000871434
128128 0.00164609
128130 0.00141044
128131 0.0012645
128132 0.00157398
128133 0.00179319
128134 0.00195891
128135 0.00146754
128137 0.00169227
128138 0.00111508
128141 0.00142974
128144 0.00155958
128145 0.00154848
128146 0.00140619
128147 0.000976721
128148 0.00152822
128149 0.00185529
128150 0.00124481
128152 0.00161952
128153 0.00141383
128154 0.00137199
128155 0.0012527
128157 0.00165794
128158 0.00149006
128160 0.00166046
128163 0.00174473
128169 0.00187392
128170 0.00179608
128171 0.00172508
128172 0.00164843
128173 0.00137473
128176 0.00187855
128177 0.0016343
128178 0.00182804
128179 0.00137602
128180 0.00171527
128181 0.00194436
128182 0.00154511
128185 0.0019725
128186 0.00151445
128187 0.001704
128188 0.00164463
128189 0.00154233
128190 0.00152086
128194 0.00156443
128195 0.00178181
128197 0.00140694
128198 0.00169091
128199 0.00161488
128200 0.00176026
128201 0.00148022
128202 0.00141971
128204 0.00181255
128208 0.00199764
128210 0.00179687
128211 0.001635
128212 0.00176946
128213 0.00170388
128214 0.00170446
128215 0.00172037
128217 0.00142611
128220 0.00166203
128223 0.00212952
128238 0.00151213
128260 0.00112045
128263 0.00102965
128264 0.00117925
128265 0.000833611
128266 0.00253394
128268 0.00192555
128285 0.00142572
128288 0.000815494
128289 0.00143747
128290 0.00146199
128291 0.0012273
128293 0.00180879
128294 0.0011121
128295 0.000965437
128297 0.00139776
128298 0.00095057
128303 0.00146355
128305 0.00154932
128306 0.00159448
128307 0.00192545
128309 0.00138512
128310 0.00196033
128312 0.0016007
128313 0.00152104
128314 0.00108119
128315 0.00164638
128316 0.00186754
128326 0.00165058
128327 0.00142839
128341 0.00192025
128348 0.00173863
128350 0.00187962
128351 0.00138083
128354 0.00154769
128356 0.00180427
128357 0.00146564
128360 0.00179144
128362 0.00155971
128363 0.00165005
128364 0.00153259
128365 0.002118
128366 0.00163851
128369 0.00174634
128372 0.00169792
128373 0.00173756
128376 0.00169819
128377 0.0016508
128378 0.00145119
128379 0.00225786
128380 0.00187358
128382 0.00170813
128383 0.00185055
128387 0.00190881
128389 0.00174966
128391 0.00181048
128392 0.00150023
128393 0.00170025
128394 0.00175122
128395 0.00161766
128396 0.00149402
128397 0.00165078
128399 0.00163399
128400 0.00168597
128401 0.00158536
