115099 0.180007
115107 0.178213
115109 0.1795
115112 0.176026
115113 0.174994
115115 0.168835
115116 0.178175
115117 0.1735
115118 0.174052
115120 0.175867
115121 0.169436
115122 0.175565
115123 0.174674
115129 0.175874
115130 0.172646
115131 0.178582
115135 0.174012
115137 0.174912
115139 0.179761
115140 0.175098
115141 0.171029
115142 0.170894
115150 0.175558
115156 0.179932
115158 0.175874
115160 0.176804
115161 0.174842
115162 0.177353
115164 0.176265
115166 0.171764
115170 0.167962
115172 0.173832
115175 0.175044
115177 0.174109
115178 0.175271
115179 0.171935
115180 0.175201
115182 0.174348
115183 0.175168
115184 0.173397
115186 0.174504
115188 0.179522
115190 0.180015
115191 0.168099
115194 0.171534
115195 0.175037
115196 0.174598
115197 0.18033
115198 0.17655
115199 0.174117
115200 0.170713
115203 0.172663
115205 0.175988
115206 0.175594
115209 0.171296
115210 0.174997
115212 0.175289
115213 0.174584
115214 0.172204
115215 0.173354
115216 0.170969
115217 0.173105
115220 0.173948
115223 0.171394
115225 0.17265
115226 0.171679
115228 0.173268
115229 0.175582
115230 0.170256
115232 0.169052
115233 0.168281
115234 0.171847
115235 0.174072
115236 0.173178
115238 0.171223
115240 0.17394
115241 0.171555
115242 0.174502
115244 0.175878
115246 0.175383
115247 0.174414
115248 0.17475
115249 0.17519
115250 0.175529
115251 0.176175
115253 0.17352
115254 0.176105
115256 0.173732
115257 0.182527
115259 0.179417
115260 0.173491
115261 0.178369
115262 0.174143
115263 0.176922
115264 0.175988
115272 0.177427
115273 0.179142
115275 0.1791
115278 0.17799
115279 0.183777
115280 0.176107
115281 0.176631
115282 0.176367
115284 0.184686
115286 0.177524
115287 0.175547
115288 0.182288
115289 0.174885
115292 0.176153
115293 0.176427
115295 0.17769
115296 0.179
115297 0.20573
115298 0.176285
115299 0.175653
115301 0.177898
115303 0.175754
115304 0.175402
115309 0.175882
115310 0.179458
115311 0.164916
115312 0.177406
115313 0.174742
115314 0.172137
115315 0.174873
115326 0.173282
115334 0.17503
115335 0.172642
115336 0.172433
115337 0.17303
115338 0.194233
115339 0.177326
115340 0.173958
115356 0.181567
115359 0.181146
115360 0.178315
115361 0.181158
115362 0.180821
115364 0.184032
115365 0.181832
115366 0.187377
115367 0.183324
115368 0.177013
115370 0.174367
115371 0.176422
115372 0.183269
115373 0.180804
115375 0.17941
115377 0.17994
115378 0.178413
115379 0.181133
115380 0.179221
115381 0.176024
115383 0.176963
115384 0.174477
115385 0.174848
115386 0.175593
115387 0.181053
115388 0.179619
115389 0.181378
115390 0.180519
115391 0.17523
115392 0.18229
115393 0.179833
115396 0.1776
115397 0.18156
115398 0.188871
115400 0.177871
115404 0.179427
115411 0.179586
115412 0.183117
115414 0.17967
115415 0.176271
115416 0.177837
115418 0.178845
115419 0.175756
115420 0.182199
115422 0.178926
115423 0.178715
115424 0.181532
115427 0.176697
115430 0.180646
115431 0.180639
115435 0.182268
115437 0.177164
115438 0.177447
115442 0.176289
115444 0.177594
115445 0.181323
115446 0.182381
115447 0.178121
115450 0.179195
115451 0.176992
115453 0.17645
115454 0.179179
115455 0.177312
115456 0.18187
115457 0.180971
115458 0.183256
115461 0.179443
115462 0.179076
115463 0.178415
115464 0.18285
115465 0.177285
115467 0.17826
115468 0.175954
115469 0.17979
115470 0.179959
115472 0.179299
115474 0.180742
115475 0.185885
115476 0.181769
115477 0.179608
115478 0.179289
115480 0.171038
115481 0.178824
115482 0.180446
115484 0.19983
115485 0.178514
115486 0.180611
115487 0.177739
115488 0.181116
115489 0.182256
115491 0.174731
115492 0.179541
115499 0.182328
115500 0.181948
115501 0.185281
115502 0.182988
115503 0.179653
115504 0.17645
115505 0.181034
115506 0.177748
115508 0.189028
115509 0.181096
115511 0.180311
115512 0.185552
115513 0.177577
115514 0.179419
115515 0.183399
115516 0.181412
115517 0.179501
115519 0.179438
115521 0.187132
115522 0.181681
115524 0.183795
115525 0.183637
115526 0.179454
115531 0.178112
115532 0.180672
115534 0.178446
115536 0.182079
115537 0.183396
115538 0.180999
115539 0.179407
115540 0.183921
115541 0.182579
115542 0.180292
115544 0.178482
115545 0.185714
115547 0.184521
115548 0.178766
115549 0.181917
115550 0.181
115553 0.178494
115554 0.179841
115557 0.17907
115558 0.184623
115559 0.183707
115560 0.176118
115562 0.184541
115564 0.17944
115565 0.180856
115569 0.18541
115570 0.177568
115571 0.179071
115572 0.180655
115573 0.183471
115574 0.181407
115575 0.179898
115576 0.188074
115577 0.178454
115578 0.178304
115580 0.177426
115581 0.182091
115592 0.17265
115593 0.180088
115594 0.181717
115595 0.183498
115597 0.183013
115599 0.18336
115601 0.185654
115608 0.179646
115609 0.180611
115610 0.193388
115611 0.187522
115613 0.181031
115614 0.180914
115615 0.18265
115617 0.182586
115618 0.180787
115619 0.180089
115620 0.18234
115621 0.178887
115622 0.181649
115623 0.178481
115624 0.185228
115625 0.182078
115626 0.183253
115628 0.180918
115629 0.182106
115630 0.179868
115631 0.185286
115632 0.18324
115636 0.176348
115637 0.184485
115638 0.181137
115639 0.180781
115640 0.17759
115641 0.180887
115644 0.178875
115647 0.184398
115648 0.18006
115649 0.180939
115650 0.178821
115652 0.177001
115653 0.188155
115654 0.177283
115656 0.181235
115657 0.1826
115658 0.183602
115659 0.180723
115660 0.180709
115661 0.176383
115663 0.183491
115664 0.179509
115665 0.175388
115666 0.188785
115667 0.181827
115668 0.183368
115669 0.181501
115670 0.178763
115672 0.180196
115673 0.175538
115675 0.178911
115676 0.179248
115678 0.18425
115679 0.180003
115682 0.181138
115683 0.179269
115684 0.181013
115685 0.193582
115686 0.177931
115687 0.187022
115688 0.182244
115689 0.184996
115691 0.181583
115693 0.177422
115694 0.171551
115695 0.178386
115696 0.182125
115697 0.179429
115698 0.182043
115699 0.185041
115701 0.184291
115703 0.183957
115704 0.213494
115705 0.208703
115706 0.178602
115709 0.200522
115711 0.18099
115713 0.18136
115714 0.181519
115716 0.184634
115718 0.184405
115719 0.180585
115720 0.202519
115723 0.18121
115724 0.182309
115726 0.178869
115727 0.178095
115728 0.17948
115729 0.182631
115731 0.183358
115732 0.182812
115733 0.181166
115734 0.182364
115736 0.182717
115738 0.181684
115739 0.181841
115741 0.187064
115742 0.193816
115744 0.180204
115745 0.182823
115749 0.193353
115757 0.178887
115758 0.180328
115759 0.186845
115760 0.178529
115761 0.198969
115762 0.182888
115764 0.179987
115765 0.178946
115766 0.177737
115767 0.180324
115770 0.184156
115773 0.178213
115775 0.180184
115776 0.176707
115777 0.179059
115778 0.183788
115779 0.17379
115780 0.181985
115784 0.178128
115785 0.17895
115786 0.180933
115788 0.184292
115791 0.178984
115792 0.178645
115794 0.18425
115795 0.182535
115797 0.182452
115799 0.185643
115802 0.185288
115803 0.18315
115805 0.180742
115806 0.183622
115807 0.181108
115808 0.183261
115809 0.181291
115810 0.193021
115811 0.180749
115813 0.182208
115815 0.183142
115817 0.181922
115819 0.184448
115820 0.183985
115823 0.181448
115852 0.178726
115853 0.175735
115855 0.177551
115856 0.176757
115857 0.174824
115858 0.175143
115859 0.204654
115860 0.175802
115861 0.175483
115862 0.178621
115863 0.180757
115865 0.177591
115866 0.176395
115868 0.175772
115870 0.175609
115871 0.174346
115872 0.175172
115873 0.172428
115876 0.175826
115877 0.174864
115879 0.173064
115880 0.175018
115881 0.174942
115882 0.174499
115884 0.184631
115885 0.176029
115891 0.174817
115893 0.177528
115894 0.171781
115895 0.176619
115896 0.173398
115897 0.172991
115898 0.172301
115899 0.170975
115901 0.170693
115903 0.171267
115905 0.173867
115908 0.172329
115910 0.190655
115912 0.172615
115913 0.174386
115915 0.177802
115916 0.175569
115918 0.174576
115919 0.172699
115920 0.172575
115925 0.174311
115929 0.173872
115930 0.176861
115933 0.169086
115934 0.173115
115935 0.172489
115937 0.174711
115938 0.174411
115939 0.170806
115944 0.174736
115949 0.169451
115950 0.171174
115954 0.171599
115955 0.173351
115956 0.17131
115957 0.175393
115958 0.173599
115959 0.170258
115961 0.176981
115962 0.169866
115963 0.174036
115964 0.169467
115965 0.182277
115966 0.175396
115967 0.172748
115969 0.175711
115970 0.17523
115971 0.174062
115972 0.179
115984 0.168734
115985 0.172873
115986 0.174469
115987 0.172725
115988 0.17265
115989 0.170644
115990 0.175492
115991 0.173139
115992 0.175695
115993 0.176024
115994 0.178117
115995 0.172145
115999 0.176621
116000 0.173622
116001 0.176217
116002 0.177614
116003 0.175014
116004 0.176206
116006 0.172142
116007 0.174567
116008 0.181354
116011 0.17614
116013 0.172538
116014 0.170833
116015 0.174134
116016 0.174506
116017 0.176213
116018 0.173692
116020 0.172595
116022 0.172646
116023 0.19036
116024 0.173333
116026 0.167119
116029 0.183435
116031 0.175131
116033 0.176571
116034 0.175895
116035 0.174034
116040 0.177113
116041 0.175385
116042 0.171283
116043 0.173777
116044 0.173688
116045 0.184179
116046 0.184347
116047 0.180566
116048 0.181865
116050 0.172469
116051 0.172985
116052 0.175965
116053 0.17319
116054 0.174344
116055 0.172423
116056 0.173425
116057 0.17338
116058 0.175006
116062 0.170784
116063 0.169958
116064 0.172076
116065 0.173895
116068 0.174898
116069 0.173742
116070 0.186095
116073 0.176578
116074 0.177373
116076 0.173922
116077 0.172091
116078 0.176564
116080 0.175854
116081 0.174551
116082 0.174322
116086 0.169102
116087 0.171376
116093 0.170147
