123369 0.176721
123370 0.178924
123378 0.171281
123380 0.177178
123382 0.173531
123396 0.165402
123397 0.165652
123400 0.166289
123401 0.164667
123402 0.164731
123403 0.164499
123404 0.164487
123405 0.163364
123409 0.163904
123411 0.163825
123413 0.163272
123414 0.163269
123415 0.165471
123417 0.16528
123418 0.163646
123419 0.163087
123420 0.186712
123421 0.165442
123423 0.172091
123425 0.165492
123426 0.164412
123427 0.19599
123428 0.16423
123429 0.166067
123430 0.167864
123432 0.165907
123433 0.166254
123434 0.163926
123435 0.170154
123436 0.165683
123437 0.166571
123439 0.167199
123440 0.164467
123441 0.165403
123442 0.16608
123445 0.167616
123446 0.167903
123447 0.182265
123450 0.163225
123452 0.16398
123453 0.164728
123455 0.16606
123456 0.171428
123457 0.166296
123459 0.165516
123461 0.16588
123462 0.167382
123463 0.193951
123464 0.168496
123465 0.167061
123466 0.165802
123468 0.166531
123470 0.165591
123471 0.166837
123472 0.167156
123474 0.182438
123476 0.164854
123477 0.165763
123478 0.174631
123479 0.167318
123480 0.167055
123481 0.166652
123484 0.164734
123488 0.164823
123491 0.165238
123492 0.16639
123493 0.16713
123495 0.168214
123496 0.164727
123497 0.165222
123498 0.165385
123499 0.167218
123500 0.164991
123504 0.164181
123565 0.177309
123566 0.176143
123567 0.175804
123568 0.178915
123569 0.174733
123570 0.174478
123591 0.25108
123592 0.259006
123596 0.168105
123597 0.173836
123598 0.173653
123599 0.174591
123600 0.174697
123601 0.170012
123602 0.171045
123603 0.166245
123604 0.165096
123606 0.172689
123607 0.167297
123608 0.166763
123610 0.165419
123611 0.167472
123612 0.167474
123615 0.167281
123616 0.166447
123617 0.167599
123618 0.16814
123619 0.166177
123620 0.196065
123621 0.165515
123623 0.166592
123624 0.165431
123631 0.162991
123632 0.164002
123633 0.193309
123635 0.166333
123636 0.164051
123637 0.165929
123638 0.166975
123639 0.164223
123640 0.163966
123641 0.163494
123643 0.164947
123644 0.164446
123645 0.165936
123646 0.166721
123647 0.16444
123648 0.164246
123650 0.165723
123651 0.173619
123652 0.166844
123653 0.166594
123654 0.167502
123656 0.186449
123658 0.167036
123659 0.167055
123665 0.168301
123670 0.164893
123672 0.166906
123673 0.16732
123674 0.166485
123675 0.1743
123678 0.168174
123679 0.172862
123683 0.167953
123685 0.175521
123686 0.167419
123689 0.167699
123691 0.164103
123692 0.199132
123693 0.191109
123694 0.165848
123695 0.166704
123697 0.165823
123698 0.163986
123699 0.166384
123700 0.16506
123703 0.167039
123704 0.168577
123705 0.164705
123706 0.163688
123707 0.16501
123709 0.164452
123710 0.172662
123714 0.16833
123715 0.164097
123716 0.165727
123717 0.165908
123718 0.164059
123767 0.178803
123768 0.172746
123771 0.17898
123772 0.176993
123773 0.176967
123774 0.178451
123775 0.174072
123781 0.167108
123782 0.16839
123783 0.174611
123784 0.168333
123786 0.162647
123787 0.165438
123789 0.166399
123790 0.200496
123792 0.164381
123793 0.18264
123794 0.175797
123796 0.179619
123800 0.175974
123803 0.175769
123809 0.179535
123810 0.173778
123811 0.176389
123812 0.174056
123813 0.174186
123814 0.176878
123815 0.177153
123816 0.17689
123817 0.199855
123818 0.180464
123820 0.202763
123821 0.16792
123822 0.166276
123823 0.1691
123826 0.172675
123828 0.164343
