110904 0.00302466
110905 0.00323666
110908 0.00349542
110909 0.00403968
110912 0.00351737
110914 0.00383848
110919 0.0037937
110920 0.00367406
110921 0.002488
110925 0.00319774
110926 0.00341682
110927 0.00329356
110928 0.00333931
110929 0.00273717
110933 0.00411899
110940 0.00344446
110942 0.00314382
110943 0.00333056
110944 0.00407017
110945 0.00362276
110947 0.00336952
110948 0.00271643
110951 0.00299596
110952 0.00312951
110954 0.00336449
110955 0.0035202
110956 0.00505294
110957 0.00340633
110959 0.00322198
110960 0.0029448
110963 0.00422638
110967 0.00326203
110968 0.00346305
110969 0.00404645
110970 0.00322808
110971 0.00409246
110972 0.00360725
110973 0.00361381
110976 0.00359946
110978 0.00271881
110979 0.00348659
110981 0.00339774
110982 0.00358001
110983 0.00352131
110984 0.00341899
110985 0.00322045
110986 0.00382519
110989 0.0034913
110990 0.00300401
110991 0.003399
110992 0.00372603
110993 0.0031921
110996 0.00294605
110997 0.00280899
110999 0.00351273
111000 0.00335708
111003 0.00285228
111073 0.00334541
111078 0.00246863
111080 0.00334045
111081 0.00324508
111082 0.00306817
111083 0.00366804
111084 0.00313469
111085 0.00289292
111091 0.0028087
111095 0.00313705
111096 0.00367247
111097 0.00430354
111116 0.00303214
111117 0.00326808
111119 0.00334172
111120 0.00347553
111121 0.00385616
111122 0.00353611
111123 0.00314502
111126 0.00378439
111128 0.00360821
111129 0.00311319
111131 0.0033169
111132 0.00324654
111137 0.00320826
111138 0.00319508
111140 0.00239382
111142 0.00357226
111143 0.0037961
111144 0.00363077
111155 0.00350946
111156 0.00373025
111157 0.00382665
111158 0.00338572
111159 0.00361392
111162 0.00273224
111163 0.00316271
111164 0.00339071
111167 0.00316885
111168 0.00313343
111169 0.00365459
111170 0.00369016
111171 0.0040549
111172 0.00348537
111190 0.00291782
111193 0.00447214
111194 0.0029631
111195 0.00310914
111197 0.00288858
111198 0.00404981
111199 0.00286965
111200 0.00362526
111201 0.00404452
111202 0.00372474
111203 0.00310619
111303 0.00350661
111313 0.00374532
111314 0.00318911
111315 0.00374953
111319 0.00315994
111320 0.00324588
111328 0.00369638
111329 0.00322711
111333 0.0026741
111334 0.00319234
111335 0.00327128
111336 0.00305532
111348 0.00350669
111349 0.00394888
111350 0.00349237
111351 0.00352832
111355 0.00277319
111357 0.00372181
111361 0.00468411
111362 0.00329031
111363 0.00334492
111364 0.00365868
111367 0.00320856
111368 0.00364479
111369 0.00352197
111375 0.00293083
111376 0.0028182
111381 0.0038843
111382 0.00334164
111383 0.00366816
111386 0.00343193
111388 0.00407559
111390 0.00318479
111391 0.00339955
111392 0.00333235
111393 0.00325126
111394 0.00310815
111395 0.00312123
111396 0.00374353
111398 0.0041141
111400 0.00437128
111403 0.00333674
111412 0.00291411
111413 0.00360761
111414 0.00359822
111415 0.00371799
111417 0.00305699
111418 0.00300568
111422 0.00401938
111423 0.00296505
111424 0.00353522
111429 0.00338575
111431 0.00352603
111433 0.00342936
111434 0.00358654
111510 0.00428862
111511 0.00394491
111514 0.00247841
111516 0.00407453
111517 0.0027922
111518 0.00329998
111519 0.00408384
111520 0.00526778
111521 0.00426236
111522 0.00354752
111523 0.00393939
111524 0.00199402
111527 0.00302393
111528 0.00284544
111529 0.00372596
111530 0.0029414
111531 0.00339082
111532 0.00334448
111533 0.0034714
111536 0.00445434
111547 0.00396172
111548 0.0033969
111551 0.00375879
111553 0.00302033
111554 0.00306076
111559 0.00399646
111560 0.00289076
111562 0.0035318
111563 0.0037152
111564 0.00333391
111566 0.00288244
111568 0.00366207
111569 0.00367375
111570 0.00330978
111571 0.00330763
111572 0.00345188
111573 0.0041908
111575 0.00368796
111578 0.00505051
111579 0.00227066
111581 0.00377812
111582 0.0035161
111583 0.00375674
111584 0.00349905
111585 0.0038017
111586 0.00393474
111587 0.00336974
111588 0.00320105
111589 0.00332827
111590 0.00335041
111591 0.00367457
111593 0.00312673
111594 0.00353214
111596 0.00400297
111600 0.00358462
111601 0.00343199
111602 0.00309977
111603 0.00288939
111604 0.00324242
111605 0.00319616
111606 0.00350602
111607 0.00303836
111609 0.00382328
111611 0.00382224
111612 0.00354329
111614 0.00403266
111615 0.00381328
111616 0.00352137
111618 0.00330121
111619 0.00330389
111620 0.00336376
111622 0.00328571
111623 0.00321506
111624 0.00310034
111626 0.00357159
111628 0.0029771
111629 0.00372436
111630 0.00381209
111635 0.00238357
111640 0.00337398
111641 0.00320929
111643 0.0033567
111644 0.00280475
111647 0.0033794
111649 0.00330917
111650 0.00363501
111652 0.00466703
111653 0.00350909
111654 0.00400297
111656 0.00354585
111657 0.00391688
111659 0.00291393
111660 0.00101266
111661 0.00365924
111662 0.00309605
111663 0.00363713
111664 0.0036095
111667 0.00428036
111668 0.00396259
111669 0.00398231
111671 0.00409184
111672 0.00314944
111673 0.00314839
111674 0.0034506
111678 0.00319872
111680 0.00361889
111681 0.00369105
111718 0.00266252
111727 0.00479671
111731 0.00369284
111774 0.00427807
111776 0.00344743
111777 0.00330987
111780 0.0037336
111782 0.0031351
111783 0.00410908
111785 0.00253721
111786 0.00276157
111790 0.00351648
111791 0.00650865
111796 0.00366019
111799 0.0029163
111809 0.00467639
111811 0.00272042
111813 0.00298929
111817 0.00312044
111818 0.00320843
111819 0.00338753
111821 0.00376264
111823 0.00312158
111826 0.00378032
111831 0.00299084
111834 0.00313343
111835 0.0038257
111836 0.00425381
111837 0.00291852
111842 0.0032769
111847 0.00825472
111850 0.00449578
111854 0.00416266
111864 0.00357055
111872 0.00394571
111873 0.00316756
111875 0.00368789
111882 0.00277184
111886 0.00326718
111887 0.00234785
111888 0.00317075
111897 0.00407091
111898 0.00232829
111907 0.00384037
111910 0.00357099
111913 0.0031211
111914 0.00387297
111920 0.00315235
111921 0.00440278
111922 0.00317498
111923 0.00325726
111925 0.00316894
111929 0.00327735
111941 0.00604143
111942 0.00476261
111946 0.00325048
111947 0.00371248
111948 0.00462501
111950 0.00362203
111955 0.00318274
111956 0.0029521
111957 0.00377977
111958 0.00334011
111959 0.00369984
111961 0.00402145
111962 0.00342882
111965 0.00277008
111967 0.00315375
111969 0.00415359
111970 0.00279614
111972 0.00328429
111973 0.00434298
111983 0.00343104
111984 0.00373038
111985 0.00393768
111988 0.00317045
111990 0.00269598
111991 0.00299815
111992 0.00360469
111994 0.00356569
111995 0.003816
111996 0.00402535
111997 0.00358769
111998 0.00466644
112009 0.00440086
112010 0.00337791
112048 0.0040687
112050 0.00352373
112053 0.00333075
112054 0.00498356
112056 0.00508661
112061 0.00302877
112067 0.00355312
112069 0.00387715
112074 0.00364361
112075 0.00299523
112077 0.00341568
112078 0.0038624
112080 0.00357537
112085 0.00233697
112088 0.00426649
112090 0.00279273
112091 0.00333023
112093 0.00363176
112099 0.00408826
112101 0.00346746
112102 0.00354281
112104 0.0035339
112105 0.00407192
112107 0.00363234
112114 0.00504424
112115 0.00305261
112117 0.00334625
112118 0.00361691
112121 0.00348054
112123 0.00362388
112126 0.00340828
112136 0.00199173
112143 0.0033359
112161 0.00411603
112162 0.00297079
112163 0.00384461
112164 0.00367705
112167 0.0031845
112168 0.00389064
112169 0.00327913
112173 0.00379498
112174 0.00418744
112175 0.00395637
112178 0.00355463
112179 0.0035122
112180 0.00344093
112181 0.0033844
112183 0.0035137
112184 0.00343428
112186 0.00265111
112187 0.00370895
112189 0.00372896
112190 0.00370943
112191 0.003358
112193 0.00392096
112199 0.00346812
112200 0.0038763
112201 0.00333977
112203 0.00339662
112204 0.00329185
112209 0.00379791
112210 0.00215252
112211 0.00342357
112213 0.00371245
112215 0.00373378
112216 0.00359837
112217 0.0032979
112218 0.00338505
112226 0.00354878
112231 0.00416484
112232 0.00310366
112233 0.00363436
112235 0.00390228
112236 0.0031212
112237 0.00336205
112238 0.00332304
112244 0.00353651
112245 0.00319457
112246 0.00362797
112247 0.00358112
112248 0.00342243
112249 0.00500974
112254 0.00350092
112255 0.00317915
112256 0.00325449
112257 0.00376029
112258 0.00338243
