121339 0.00317712
121340 0.00439169
121343 0.00539224
121344 0.00266173
121346 0.00493952
121347 0.00418465
121348 0.00641866
121349 0.00479883
121361 0.00566038
121362 0.00508847
121365 0.00447628
121369 0.00496222
121370 0.00433748
121373 0.00457284
121374 0.00434167
121375 0.00393018
121378 0.0056574
121379 0.00429043
121381 0.00504443
121382 0.0039784
121384 0.00429291
121385 0.00556632
121387 0.00460097
121390 0.00444255
121391 0.00496643
121394 0.00519598
121395 0.005
121396 0.00477743
121397 0.0050814
121398 0.00463142
121399 0.00471009
121400 0.0046056
121401 0.00522003
121402 0.00455222
121406 0.0048873
121407 0.00461207
121408 0.0045964
121409 0.00472218
121414 0.00493863
121416 0.00465255
121418 0.00387642
121419 0.0054736
121420 0.00449256
121421 0.00445305
121422 0.00470535
121424 0.00506924
121425 0.00502073
121426 0.00496524
121427 0.004766
121428 0.00551769
121429 0.00457548
121430 0.00404031
121432 0.00553928
121433 0.00531167
121434 0.0050881
121435 0.00488234
121436 0.00502039
121437 0.00460665
121441 0.00545607
121442 0.00454656
121446 0.00489948
121448 0.00488263
121449 0.00470776
121454 0.004877
121456 0.00493077
121458 0.00513497
121459 0.0047357
121474 0.00434594
121476 0.00521928
121477 0.00496858
121479 0.0046548
121480 0.00571718
121519 0.00489534
121523 0.00457008
121525 0.00578933
121526 0.00401565
121527 0.0045772
121528 0.005027
121529 0.00386875
121530 0.00572952
121531 0.00440161
121534 0.00481537
121535 0.00478335
121536 0.00471027
121539 0.00512267
121540 0.00550092
121542 0.00415263
121543 0.00482751
121544 0.00424252
121545 0.00499467
121547 0.00508854
121548 0.00467486
121549 0.00507654
121550 0.00454796
121551 0.00408451
121552 0.00461599
121553 0.00476403
121554 0.0043231
121555 0.00513665
121556 0.00473062
121557 0.00477582
121558 0.00487856
121559 0.00470268
121560 0.00520833
121561 0.00433774
121563 0.00497346
121565 0.00469546
121567 0.00515626
121568 0.0046521
121569 0.00441144
121574 0.00541054
121576 0.00503061
121579 0.00353142
121580 0.00420767
121581 0.00463499
121582 0.00475939
121585 0.0046036
121588 0.00402635
121590 0.00355198
121592 0.00408223
121593 0.00558573
121595 0.00462031
121608 0.00374298
121609 0.00551358
121623 0.00435203
121624 0.00431344
121626 0.00454152
121628 0.00453546
121631 0.00517727
121633 0.00428556
121636 0.00451691
121637 0.00473131
121638 0.00519937
121639 0.00508044
121640 0.00454377
121641 0.00465362
121649 0.00489195
121650 0.00573074
121651 0.00450458
121652 0.0044639
121653 0.004656
121656 0.00428213
121678 0.00434409
121681 0.00510018
121683 0.00482505
121684 0.00509511
121687 0.00447731
121688 0.00472561
121689 0.00445239
121694 0.00479624
121698 0.00500392
121704 0.00530833
121705 0.00497628
121706 0.00512864
121707 0.00483436
121708 0.00516594
121710 0.00486111
121711 0.00445765
121713 0.00456967
121714 0.00436562
121715 0.004599
121716 0.0048771
121718 0.00480902
121721 0.00497399
121722 0.00489079
121723 0.00462589
121724 0.00483884
121725 0.00476843
121727 0.00492008
121728 0.00450328
121729 0.00472419
121732 0.00540046
121734 0.00380016
121748 0.00565448
121750 0.00442852
121751 0.00437038
121752 0.00415389
121753 0.00449345
121754 0.00439772
121756 0.00440007
121758 0.00467936
121760 0.00464538
121764 0.00452894
121765 0.00540176
121766 0.00477655
121767 0.00496136
121768 0.00483721
121769 0.00395514
121771 0.00552558
121772 0.00459247
121774 0.00357995
121778 0.0042388
121779 0.00589155
121780 0.00492389
121781 0.00489249
121783 0.00539666
121784 0.00482714
121785 0.00483535
121787 0.0048411
121788 0.00464481
121789 0.0054134
121790 0.00548697
121792 0.00434196
121794 0.00500475
121795 0.004833
121799 0.00500936
121800 0.00437895
121801 0.00461179
121802 0.00480951
121803 0.00457828
121804 0.00557213
121808 0.00522966
121811 0.00457669
121812 0.00520067
121813 0.00514155
121814 0.00440141
121815 0.00634371
121816 0.00440732
121817 0.00476515
121819 0.00495423
121820 0.00470285
121822 0.00425199
121823 0.00437823
121824 0.00472193
121826 0.00483496
121827 0.00437158
121841 0.00483555
121842 0.00490064
121843 0.0050207
121844 0.00433509
121846 0.00506764
121847 0.00442424
121868 0.00563122
121869 0.00527827
121870 0.00457062
121872 0.00444057
121873 0.00548198
121874 0.00524925
121875 0.00479821
121876 0.00474976
121877 0.0051955
121884 0.00451738
121885 0.00412038
121887 0.00477254
121889 0.00459982
121890 0.00516672
121892 0.00493218
121897 0.00485276
121898 0.00448407
121899 0.00426819
121901 0.00495546
121902 0.00539255
121903 0.00544193
121904 0.00411704
121905 0.00344679
121906 0.00511718
121911 0.00455605
121912 0.00545513
121914 0.00530757
121915 0.00517032
121916 0.00509901
121917 0.00523161
121918 0.00494324
121920 0.00447819
121924 0.00462278
121925 0.00421007
121926 0.00462483
121927 0.00475532
121928 0.00515611
121929 0.00476558
121930 0.00493243
121932 0.00444345
121933 0.00449708
121936 0.00463205
121939 0.0045575
121940 0.00476909
121943 0.00409804
121944 0.00510357
121946 0.00513375
121948 0.00486802
121949 0.00483464
121950 0.00429381
121951 0.00471299
121952 0.00489647
121953 0.00435866
121954 0.00494504
121962 0.00536853
121963 0.00515822
121965 0.0052564
121966 0.00455443
121967 0.00462552
121968 0.00490842
121969 0.00409277
121970 0.00495706
121972 0.00482835
121973 0.00626886
121974 0.00440568
121975 0.0046458
121976 0.0051057
121985 0.00424754
121986 0.00454963
121987 0.0046014
121989 0.00474569
121992 0.0047004
121994 0.00681896
121995 0.00422592
121996 0.00477174
121997 0.00453779
121999 0.00431689
122001 0.00519751
122003 0.00477813
122006 0.00485003
122007 0.00465763
122064 0.00303819
122066 0.00357491
122069 0.0042315
122070 0.00491843
122071 0.00505118
122072 0.00446697
122073 0.00493637
122074 0.00463091
122076 0.00526633
122077 0.0056614
122079 0.00442578
122080 0.00386805
122081 0.00455139
122083 0.00470995
122085 0.00385783
122089 0.00440398
122091 0.00472635
122092 0.00428974
122093 0.00546739
122094 0.00435566
122097 0.00421063
122098 0.00469571
122099 0.00470225
122101 0.00525804
122102 0.0046892
122105 0.00448422
122108 0.00495112
122109 0.00464158
122111 0.00472546
122112 0.00464954
122114 0.00411976
122116 0.00503751
122117 0.00443455
122118 0.00503421
122123 0.00423906
122124 0.00450529
122125 0.00526038
122126 0.00455825
122127 0.00465918
122129 0.00462428
122132 0.0050566
122133 0.00487858
122134 0.00546413
122136 0.00443834
122137 0.00515912
122138 0.00443884
122139 0.00447046
122141 0.00467507
122142 0.0049382
122143 0.00472434
122146 0.00493312
122147 0.00494163
122148 0.00498746
122152 0.00474749
122153 0.00518436
122154 0.00447108
122156 0.0050874
122158 0.00517533
122159 0.00511481
122160 0.00490332
122164 0.00485912
122166 0.00395113
122167 0.00401642
122168 0.00463547
122169 0.00504557
122170 0.004833
122172 0.00485394
122173 0.00444153
122174 0.00462011
122176 0.00473978
122178 0.00453285
