112259 0.000246819
112260 0.000263343
112263 0.000351404
112264 0.000178439
112265 0.000163361
112269 0.000188017
112276 0.000282183
112279 0.000264271
112281 5.48306e-05
112283 0.000349873
112287 0.000194032
112290 0.000303168
112293 0.000160608
112295 0.000426985
112299 0.000489168
112321 0.000182083
112322 0.000359893
112325 0.000284273
112329 0.000303122
112332 0.000276503
112334 0.000232782
112335 0.000215998
112337 9.39467e-05
112338 0.000327815
112340 0
112342 0.000312514
112343 0.000175593
112345 0.000288823
112348 0.000270599
112351 0.0002671
112352 0.000214482
112353 0.000197455
112354 0.000272763
112355 0.000176827
112357 0.000317403
112358 0.000167001
112359 0.000163207
112360 0.000383891
112361 0
112362 0.000197641
112365 0.000217325
112366 0.000227175
112367 0.000247714
112369 0.00030301
112372 0.00017846
112373 0.000108358
112374 0.000158242
112377 0.000225501
112378 0.000252111
112379 0.000341388
112381 0.000126847
112383 0.000320301
112389 0.000121403
112390 0.000396589
112391 0.000279062
112392 0.000285185
112393 0.000120337
112396 0.000106651
112397 0.000349459
112398 0.000458138
112399 0.000150002
112400 0.000192369
112405 0.000233876
112406 7.48279e-05
112408 0.000482625
112409 0.000174049
112414 0
112415 0.00024515
112416 0.000313107
112417 0.000170882
112420 0.000240511
112421 0.000234372
112422 0.00014987
112423 0.000231616
112424 0
112425 0.000255793
112426 0.000204815
112427 0.000281677
112428 0.000371443
112431 0.000130827
112432 0.000234368
112433 0.00027243
112434 0.000467918
112435 0.000200965
112437 0.000174886
112438 0.000317397
112439 0.000350447
112441 0.000155781
112442 0.000246465
112444 7.07839e-05
112445 0.00017727
