114122 0
113890 0.000243191
113442 0
113914 9.08926e-05
113405 0
113367 0
113266 0
113803 0
113682 9.18189e-05
113938 8.49113e-05
113607 0
113981 0.000271813
113767 0
113623 0.000356591
113684 0
113487 0.000246792
113930 0.000105086
113766 0
113862 0.000345185
113717 0
113991 0.000345901
113612 0.000118287
113684 0
113946 0.00030003
113265 0
113546 0.000175901
113320 0.000381388
113275 0
113842 0
113850 0.000344195
113606 0.000116144
113423 0.000185874
113884 0.000114534
113978 0.000464468
113891 0.000343997
113384 0.000142531
113452 0
113470 0.000357015
113348 0
113265 0.0001178
113256 0.000308404
113984 0.000227661
113996 0
113574 0.000114207
113953 0.000145138
113324 0
113276 0
114017 0
113680 0
113695 0.000229727
113540 0
113545 0
113845 0
113584 0
113788 0.000326052
113666 0.000288351
113984 0.000460246
113489 0
113672 0
113785 0
113761 0
113842 0
113897 0
113870 0.000208507
113857 0
113503 0
113996 0
113571 0.00029163
113283 0
113431 0
113259 0.000238039
113480 0.000236742
113666 0.000192363
113545 0.000648508
113964 0.000115955
113884 0.000453206
113851 0.00037594
113348 0.00011773
113482 0
113384 0.000283407
113489 0
113902 0
113722 0
113969 0
113770 0.000550055
113860 0.000485673
114100 0.000185048
113921 0
113275 0.000117592
113903 0
113869 0
113515 0
113881 0
113960 0
113821 0
113701 0
113932 0
113884 0
113843 0
113666 0
113835 0.000157456
113481 0.000391083
113345 0
113502 0
114024 0.000169952
113953 0.000433088
113926 0.000617665
113854 0
113995 0
113900 0
113615 0.000361272
113354 0
113948 0
113791 0.000413907
113624 0
113937 0
113601 0.000227428
113603 0.000119318
113280 0
113980 0
114124 0
113246 0
113601 0
113472 0.000239149
113785 0
113496 0.000117151
113954 0
113272 0.00105634
113823 0
113900 0
113335 0.00018005
113463 0
113852 0
113466 0
113615 0
113851 0
113715 0
113321 0
113792 0.000688231
113469 0.000123289
113622 0.000240385
113949 0
113319 0.000230814
113799 0
114022 0.000176087
113881 0.000553403
113397 0
113874 0
113727 0
113794 0
113830 0
113476 0.00013611
113800 0.000150286
113397 0.000115088
113318 0.00035727
113850 0
113633 0
113379 0.000131648
113999 0.000501002
113803 0.000692281
113925 0.000588928
113344 0
113667 0.000140311
113843 0
113315 0
113452 0
113386 0
113834 0.000141103
113660 9.47149e-05
114108 0
113788 0.00016742
113290 0
113405 8.79817e-05
113936 0.000102396
113802 0
114115 0.000131251
113407 0
113874 0.000312402
113625 0
113841 0.000484966
113309 0.000237954
113664 9.51928e-05
113800 0
113693 0.000169463
113510 0.000662691
113892 0.000224972
113404 0
113379 0.000264236
113941 0
113722 0
113721 0
113363 0
113626 0.000119904
113575 0
113261 0
113892 0
114023 0
113981 0
113414 0.000684932
113939 0
113878 0.000641026
113272 0
113981 0
113641 0
114025 0
113724 0.000366614
113371 0.000225124
113665 9.081e-05
113308 0
113597 0
113821 0.000148655
113350 0.000423609
113535 0.000116185
113431 0
113574 0
113671 0
113332 0
113977 0
113765 0
113480 0
113383 0
113474 0.000118666
113986 0
113484 0.000128684
113405 0.000356474
113535 0.000116918
113931 0.000253464
113896 0
113825 0.00021889
113599 0.000126823
113346 0
113562 0.000514139
113477 0
113258 0.000366972
113927 8.62738e-05
113932 8.42957e-05
113385 0
113758 0
113771 0
113518 0.000134048
113667 0.000425894
113718 0
114134 0.000146092
113488 0.000494805
113978 0
113984 0
113759 0
113794 0.000496032
113324 0.000153965
113503 0
113495 0
113401 0.000542594
113455 0
113588 0
113443 0.000698324
113514 0
113923 0.00016559
113715 0
113611 0
113455 0
113863 0.000198926
113369 0
113455 0.000486618
113466 0
113863 0
113377 0
113639 0
113923 0
113654 0.000269906
113857 0.000372301
113630 0
113841 0
113396 9.58405e-05
113623 0.000368868
113253 0.000119446
113597 0
113268 0.000371195
113255 0
113864 0
113700 0.000373925
113436 0
113724 0
114122 0
113270 0.000119732
113828 0.000265322
113461 0
113832 0.00040833
113440 0
113393 0.000183217
113842 0.000269906
113963 0
113773 0.000798722
113540 0
113658 0
113386 0
113269 0
113404 9.79624e-05
114123 0.000257566
113924 0.000510465
113633 0
113822 0.000327654
113502 0.000633914
113960 9.05551e-05
113769 0
113763 0
113773 0
113878 0.000107747
113385 0
113921 0
113550 0.000428266
114022 0.000177588
113724 0.000364033
114127 0
113624 0
113870 0.000421719
114106 0
114100 0.000187441
113574 0
113266 0
113828 0.000262881
113642 0
113493 0
113963 0
113796 0
114118 0
113910 0.000344353
113346 0
113959 0.00039655
113386 0.000153799
113323 0.00023872
113270 0
113760 0
113702 0
113777 0.000451264
113761 0
113344 0
113848 0
113953 0.000147732
113650 0.000159236
113394 9.41088e-05
113274 0
113952 0
113924 0.000169895
113472 0
113725 0.000348189
113764 0
113356 0
113513 0.000250689
113494 0.000117827
113661 0.000288656
113264 0
113993 0
113763 0.000376932
114136 0
113726 0
113253 0.000241838
113567 0
113534 0
113795 0
113661 0
113989 0.000225734
113669 0.000609756
113600 0.000122399
113580 0.000118821
113634 0.000118357
113536 0.000461095
113656 0.000384172
113269 0.000171057
114017 0
113353 0.000434499
113394 0
113393 9.24727e-05
113583 0.000241284
113831 0
113702 0
113370 0
113356 0.000340599
113471 0.000113058
113656 0
113688 0
113474 0.000114077
114098 0
113719 0
113258 0.00023677
113652 0.000279799
113441 0
113406 9.48947e-05
113440 0
113888 0.000705716
113962 0
113319 0.000340097
113486 0.000255885
114018 0
113351 0
113938 0.000257069
113310 0
113825 0.000325415
113969 0
113790 0
113627 0.000182882
113384 0.000419111
113302 0
113642 0
113501 0.000218436
113926 0.000102891
113323 0
113440 0
113279 0
113613 0
113442 0
113379 0
113877 0
113789 0.000165044
113667 0.000281017
113487 0
113841 0.000635324
113692 0
113616 0.000119689
113303 0
113395 0.000370611
114022 0.000517063
113645 0
113946 0.000200361
113657 0.000298954
113875 0.000327439
113350 0.000419992
113698 0.000272665
113912 0
113244 0
113653 9.33358e-05
113485 0.00101215
113499 0
113926 0.000102902
113508 0
113702 0
113582 0.000237417
113410 0.000109733
113445 0
113370 0.000185357
113854 0.000273898
113258 0
113422 0
113272 0.000236435
113271 0
113248 0.00035392
113793 0.000171762
113668 0.000246883
114115 0
113343 0
113614 0.000239464
113888 0.000463124
113546 0
113590 0
113534 0.000470588
113799 0
113720 0.000117883
113969 0
113567 0
113504 0.000541419
113317 0.000214638
113511 0
113576 0.00023955
113456 0
113260 0.000348068
113607 0
113356 0
113562 0
113897 0.000262536
113995 0
113794 0
113576 0.000121862
114127 0
113541 0.000262123
113250 0
114111 0.000210172
113479 0
113686 0
113387 0
113819 0
113501 0
113275 0.000234329
113986 0.000110217
113306 0.000130378
113459 0.000231857
113489 0.000115634
113515 0.000255526
113284 0.000395883
113688 0
113285 0.000464037
113494 0.000351617
113909 0
113782 0
113695 0
114135 0
113802 0.000223814
113492 0
113769 0.00120627
113468 0
113576 0.000367107
113441 0
113260 0
113583 0
113493 0.000349162
113322 0
114023 0
113795 0
113310 0
113776 0.000527426
113444 0
113268 0
113541 0
113484 0
113504 0
113448 0.000132188
113432 0.000123655
113436 0
113415 0
113653 0.000281452
113623 0
113690 0.000402145
113407 0.000289855
114133 0.000121139
113388 0.00016276
113448 0
113597 0.000158932
113899 0.000471032
114020 0
113693 0
113801 0
113785 0
113280 0
113467 0.000240211
113243 0
113620 0
113670 9.31272e-05
113550 0.000281809
113360 0.000412712
113332 0
113513 0
113697 0
114106 0.000282326
113978 0.000114207
113580 0.00011854
113933 0
113271 0.000117813
114123 0
113280 0.000395883
114099 0
113957 0.000188661
113862 0.000349081
113445 0
113957 0.000848896
114124 0.000411862
113408 0.000318066
113621 0.00023932
113787 0
113715 0.000997009
113801 0.000134608
113670 0.000292483
113491 0
113671 0
113759 0
113415 0.000223864
113619 0.000116809
113985 0.00011157
113804 0
113877 0
113642 0
113354 0
113933 0.000201309
113327 0.000453652
114132 0
113789 0
113495 0.000347464
113627 0
113470 0
113387 0.000108003
113790 0
113816 0
113621 0.000356125
113792 0
113260 0
113567 0
113877 0.000216591
113725 0.0003529
114103 0.00111732
113725 0.000344867
113351 0.000115861
114112 0
113438 0
113665 9.01388e-05
113255 0
113869 0.000112271
113769 0
113654 0
113612 0
113822 0.000317864
113878 0.000214731
113909 0
113767 0
113302 0
113499 0.00051573
113790 0
113962 0.000189322
113486 0.000823045
113927 0.000262536
113569 0
113588 0.000119218
113605 0
113819 0.000382946
113771 0
113279 0.000148965
113385 0.000455373
113788 0
113909 0
113994 0.000213698
113620 0
113977 0
113654 0.000182
114129 0
113590 0
113392 0
113871 0
113845 0
114099 0
113462 0.000340252
113846 0.000186081
113285 0
113250 0
113922 8.49257e-05
113603 0.000116618
113308 0
113571 0
113359 0.000132626
113510 0.000217273
113469 0.000247005
114098 0
113982 0
113957 0.000186515
113843 0
113691 0.000116077
113821 0.000153657
114021 0.000343053
113422 0
113765 0
113377 0.000385802
113701 0
113723 0
113493 0.000119976
113284 0
113704 0
113910 0.000216357
113361 0
113880 0
113347 0
114024 0
113380 0.00036062
113954 0
113804 0.000344986
113720 0.000589206
113320 0.000122429
113985 0.000649773
113885 0.00100806
113639 0
113669 0
114098 0
114118 0
113700 0
113247 0.000384615
113655 0
113776 0
113327 0
113514 0.000432059
113950 0
113655 0.000548697
114020 0
113471 0.000351741
113562 0.00152905
113317 0
113691 0
113536 0.000354233
113544 0.00090063
113883 0
113856 0
113572 0
113469 0
113657 0.000301205
113888 0.000232992
113291 0.000273299
113717 0.000243368
113622 0.000357782
113940 0
113499 0
114103 0
113840 0
113572 0.000118892
113383 0.00019861
113698 0
113879 0.000463768
113816 0.000232504
113359 0
113246 0
113879 0.000358938
113650 0
113479 0
113510 0.000109337
113635 0
113610 0.000117813
114128 0.000554221
113723 0.000245429
113448 0.0004158
113840 0
113611 0.000233236
113317 0.000209074
113582 0
113550 0.000290234
113931 8.3724e-05
113482 0
113762 0
113248 0
113606 0.000113611
113518 0
113966 0
113511 0.000128041
113901 0
113575 0
113795 0
113982 0
113856 0
114134 0.000425351
113457 0
113617 0.000586579
113264 0.000655738
113659 0.000377358
113321 0.000116212
113466 0
113362 0.000246124
113264 0.000215008
113406 0
113796 0.000344234
113854 0.0004158
113614 0.000364299
113474 0
113672 0
113934 0.00042244
113963 0
113686 0
113846 0
113857 0.000240877
113590 0
113369 0.000532481
113619 0
113365 0
113620 0.00023245
113645 9.64506e-05
113892 0.000330797
113283 0
113343 0.000247617
113350 0.000284131
113886 0.000234412
113656 0
113290 0
113579 0
113290 0.000593472
113265 0
113824 0
113948 0
113787 0.000323311
113613 0.000351989
113494 0
113442 0
114111 0
113500 0
113581 0
113960 8.99928e-05
113488 0.000125329
113680 0
113653 0.000276243
113722 0.000235599
113641 0.000207082
114100 0.000541712
113452 0.000235793
113672 0
113989 0
113927 0
113626 0.000119918
113401 0
113392 9.30406e-05
113438 0
113959 0
113952 0
113885 0
113879 0.000357143
113652 0.000856409
113279 0
113829 0
113983 0.000148898
113669 0.00363636
113784 0
114128 0
113335 0.00018498
113486 0
113827 0.000112524
113697 0.000149723
113690 0.000132031
113997 0.000375235
113937 0
113463 0.000302663
113721 0.000258365
113328 0
113502 0
113377 0
113999 0
113423 0
113719 0.000116891
113871 0.00021297
113459 0
113352 0
113501 0.00044833
113368 0
113584 0
113388 0.000162022
113605 0.000138427
113351 0.00011711
113621 0.000474552
113461 0
113871 0
113832 0.000303398
113869 0.000448833
113932 0.000255602
113618 0
113573 0
113357 0.000367512
113771 0.000172325
113285 0
113635 0
113991 0
113850 0.000229437
113545 0
113682 0.000181225
113776 0
113544 0
113760 0
113253 0
113685 0.000335233
113537 0.000237501
113461 0
113410 0.000552364
113721 0.000262226
113692 0
113789 0.000326211
113381 0
113770 0.000180766
113283 0.000700771
113976 0
113609 0.000142248
114018 0.00116959
113537 0
114105 0
113256 0
113650 0.000161005
113822 0.000107342
113864 0
113538 0.000237445
113936 0.000421674
113784 0
113966 0.000121818
113337 0.00024667
113691 0.000115433
113976 0
113863 0.000586854
113396 0
113457 0.000119674
114106 0.000288184
113407 9.52109e-05
114021 0
113823 0
113875 0
113846 0
113291 0
113941 0
113344 0
113303 0
113698 0.000138389
113625 0.000121936
113983 0
113856 0
113368 0
113573 0.000236183
113704 0.000121981
113346 0
113271 0.0010627
113410 0
113885 0
114023 0
113670 0.000382812
113284 0.000397219
113758 0.00139276
113614 0.000242365
113380 0
113897 0
113544 0
113764 0
113509 0
113773 0.00025974
113468 0
113380 0
113966 0
113823 0.000478698
113925 0
113658 0
113718 0
113431 0
113443 0.00067659
113956 0.000113804
113569 0
113496 0
113946 0.000101184
113959 0.000401083
113922 0
113980 0.000180083
113404 0.000605144
113270 0
113671 0.00073692
113602 0.000356125
113758 0.000439174
114132 0
113921 0
113832 0
113445 0
113507 0
113289 0
113619 0.000352361
113315 0
113818 0.000121212
113891 0.000222519
113324 0
113581 0.000232721
113930 0.000628931
113835 0
113948 0.00131926
113250 0
113629 0
113802 0.000459453
113269 8.55286e-05
113414 0
113259 0.000117192
113639 0
113644 0.000819672
114109 0
113395 0.000278009
113694 0
113477 0.0003884
113491 0.000124595
113335 0
113791 0.000280741
113396 9.75991e-05
113782 0.0037594
113700 0
113415 0
113922 8.29944e-05
113536 0
113467 0
113685 0
113910 0
113503 0
113825 0.000221656
113880 0
113388 0.000481464
113251 0.000253229
113934 0.00025582
113546 0
113495 0
113912 0.000168152
113974 0.000777907
113627 0
113997 0
113508 0
113911 0.00011217
113504 0
113686 0
113467 0.000340483
113645 0.000475828
113443 0
113660 9.40291e-05
113456 0.000123442
113423 0.000277495
113337 0
113980 0
113347 0.000169463
113777 0
113718 0.000192049
113537 0.00011861
113834 0.000426439
113362 0
113251 0
113818 0.000120337
113259 0
113848 0
113896 0
113371 0
113268 0
113986 0.000220775
113685 0.000110412
113941 0
113629 0.000202963
113661 0.000194024
113328 0
113993 0
113996 0.000110387
113727 0
113772 0
113453 0.000159744
113583 0.000236798
113727 0.000349956
113974 0.000382995
113391 0
113695 0.00011636
113599 0
113394 0.000373622
113720 0
113289 0
113763 0
113829 0
113610 0
113360 0.00026137
113668 0
113515 0
113845 0.000486736
113824 0
113804 0.000354108
113630 0
113408 0.000157704
113659 0.00026001
113939 8.61995e-05
113772 0
113274 0.000123716
113354 0
113827 0.000223614
113328 0
113772 0
113762 0.000820345
113977 0
114105 0.00048852
113309 0.000231535
113849 0.000353648
113309 0
113303 0
113500 0.000414594
113462 0.000113675
113759 0
113862 0.000233645
113291 0
113622 0.000122564
113580 0.000359454
113770 0.00035317
113538 0.000342818
113318 0.000249688
113600 0.000369413
113391 0.000388123
113348 0.000116618
113381 0
113954 0.000101276
114103 0
113683 0
113463 0.000463177
113582 0.000355872
114135 0.000580046
113987 0
113696 0
114133 0
113472 0.000121803
113345 0.000708717
113964 0.000114364
113609 0.000141543
113289 0
113444 0.000416146
113682 0
113481 0.000531632
113361 0
113468 0
113492 0
113244 0
113332 0
113496 0.000116686
113833 0
113511 0
113603 0
113652 0.000186602
113306 0.000790514
114024 0
113612 0
113365 0
113793 0
113616 0
113453 0
113613 0.000119062
113923 0.000251889
113665 0.000268097
113251 0
113485 0
113830 0.00165153
113852 0
114018 0
113840 0
113803 0
113497 0.000124688
113997 0.000364964
113584 0
113848 0
113369 0
113956 0
113392 0.000183335
113784 0.000261165
113517 0
113860 0
113476 0.000135153
113644 0.000184349
113611 0.000116604
113327 0.000150421
113491 0.000364742
113276 0.000118723
113860 0.00147929
113322 0
114019 0.00120846
114109 0
113717 0.000248633
113767 0
113761 0
113315 0
113476 0.000415282
113829 0
113993 0
113513 0.000255754
113726 0.000474496
113949 0
113609 0
113243 0.00035461
113819 0
113792 0
113357 0.000123457
113683 0
113796 0
113395 0
113276 0
113629 0.000202799
113880 0
113899 0
113664 0
113319 0.000345781
114019 0.000597967
113660 0
113870 0
113323 0.000242748
113518 0
113668 0
114025 0
113302 0
114136 0
113881 0
113831 0
113662 9.76086e-05
113787 0
113801 0.00013289
113694 0.000119389
113353 0
113625 0.000359583
113766 0.000210748
113962 0.0011534
113900 0
113441 0
113535 0
113835 0
113655 0.000456913
114127 0
113602 0
113538 0.000241926
113488 0
113985 0.000221459
113901 0
113492 0.000144446
113782 0
113883 0.000693722
113849 0.000701016
113370 0
113397 0.00022941
113851 0
113901 0.000265322
113453 0.000631214
113999 0
113579 0
113406 0.000289827
113934 0
113818 0.000347102
113470 0.000117371
113569 0
114126 0
113618 0.000113071
113925 0
113936 0.000327547
113683 0.000883002
113828 0
113534 0.000352071
113617 0.000349528
113368 0.000344471
113924 8.32362e-05
113634 0
113896 0
113633 0.000556483
113800 0.000454201
113635 0
113432 0.000245791
113359 0
113799 0
113883 0.000345304
113247 0.000191718
113890 0.000366122
113479 0
113628 0
114108 0
113616 0
113791 0.000140805
113849 0
113541 0
113764 0.00105932
113255 0
113579 0
113381 0.000114626
113956 0
113949 0
113371 0.000233263
113391 0
113436 0
113876 0.000364431
113982 0
113497 0.000121536
113891 0.000224517
114129 0.000295029
113247 0
113540 0.000165755
113827 0
113367 0
113793 0.000516529
113422 0
113573 0.000345662
113414 0
113308 0
113572 0
113484 0.000129349
113353 0.00065189
113659 0.00026688
113322 0.000360101
113831 0.000553403
113243 0
113624 0
113931 0
113456 0
113610 0.000118301
113903 0.000401526
113991 0
113261 0
113662 0
113914 9.36154e-05
113876 0
113899 0.000235183
113723 0
113363 0.000235793
114025 0.000525118
113658 0
113662 0.000194439
113911 0
113833 0.000234
113393 0.000282646
113321 0
114122 0
113697 0.000444642
113347 0.000168067
113509 0
113367 0.000236211
113765 0.000260146
113601 0.000223489
113306 0.000262812
113983 0.000152882
113902 0.000113675
113830 0
113692 0
113337 0.000121256
113462 0
113644 0.000188466
113684 0
113606 0
114017 0
113507 0
113485 0
113628 0.000241926
113487 0
114109 0
113514 0.000653168
113471 0.0001167
113903 0.00020028
113930 0.000312728
114019 0
113588 0.000117385
113497 0.000378072
113974 0
113911 0.000327047
113383 0
113387 0.000324149
113352 0
113777 0
113581 0
113607 0
113517 0
113600 0.000117467
113875 0.00011538
113760 0
113605 0.00084246
113987 0.000493827
113480 0
113500 0.000276014
113626 0.000358938
113824 0
113345 0
113360 0.000132066
113664 0
113641 0.000206569
113575 0.000232396
113834 0.000287811
113719 0.000118371
113816 0
113876 0
113352 0
113362 0.0003663
113726 0.000117952
113618 0.000235349
113602 0.000116754
113933 0
113630 0
113343 0
114020 0
113318 0.000119503
113444 0.000411184
113940 0.00017059
113864 0
113690 0.000403388
113914 0
113995 0
113361 0.000720721
113599 0
113890 0
113657 9.99201e-05
113408 0
113939 0.000256082
113766 0
113964 0
113852 0.000363769
113320 0
113432 0.00037594
113274 0
114105 0
114021 0.00103199
113762 0
113517 0
113482 0.000137912
113617 0.000117536
113950 0
113952 0
113507 0
113477 0.000263401
113244 0
113680 0
113634 0.000356633
113937 0.000670691
113571 0
113976 0.000755858
114099 0.00137174
113509 0
113459 0
113628 0.00024322
113310 0
113508 0
113401 0.000361076
113261 0.000355956
113615 0.000357015
113357 0
113266 0
113950 0
113874 0
113256 0.000299491
113457 0.00023801
113246 0
113481 0
113365 0.000125219
