111412 0.000432012
112114 0.00031746
111167 0.000870322
111970 0
111583 0.000162259
112053 0.000360685
112099 0.000328263
111654 0
111831 0.000875848
112069 0.000823299
111349 0.000440205
112235 0.000190054
110905 0
111431 0.000440335
111351 0.00107953
111994 0.000411184
111142 0.000126438
111609 0.00096432
111319 0.00103761
111533 0.00027499
111132 0.000362625
111948 0.000349284
112126 0.000958773
111672 0.000487282
110976 0.000301887
111640 0.000120773
111431 0.000439512
111585 0
111553 0.000654206
111664 0.000353045
111583 0.000629327
110983 0.000417319
111920 0.000270234
111594 0.00036245
112091 0.000487805
111361 0
111517 0.000297796
111138 0.000549813
111922 0.000840513
111351 0.000359971
111395 0.000464738
110957 0.000653595
112080 0.000406471
110969 0.000177588
112050 0.000335833
111329 0.000763942
112077 0.000294291
110973 0.000328659
111073 0.000989959
111656 0.00105513
111811 0.000131579
111836 0.000273898
112249 0
111618 0.000331318
111400 0
111831 0.000448229
111790 0
111644 0.000336785
112114 0
110959 0.000437063
111096 0.000454477
111835 0.000354736
112053 0.000983988
111780 0.000243932
110912 0.000261849
111602 0.000659072
111123 0.000338983
111194 0.000665668
112123 0.000234467
111569 0.000166127
112162 0.00036324
111523 0.000534474
110970 0.00047259
112161 0.000503905
111948 0.000353232
110908 0.000322945
111996 0
111531 0.000677048
111164 0.000353648
111392 0.000373552
112118 0.000565052
111604 0.000609385
110991 0.000547945
111590 0.000177904
111560 0.000338562
111528 0.00107712
111955 0.000909918
111398 0.000240385
111314 0.00035926
111663 0.00042416
111095 0.000477829
111382 0.000485107
110952 0.000484262
111390 9.07771e-05
111364 0.000332373
111522 0.000664158
111644 0.0003367
111653 0.000635778
111375 0
111992 0.000378
111644 0.000428009
112078 0.000518941
111514 0.000266596
111554 0.000549551
111619 0.00068499
111923 0.00046257
111396 0.000847817
111334 0
110983 0.000411862
111143 0.00074414
111623 0.000252823
111672 0.000294638
111674 0.000294377
111200 0.000376861
111786 0.000748923
111563 0.000446229
111120 0.000317729
112254 0.000781047
111929 0.000494071
112075 0.00050025
110919 0.00042123
111361 0
111388 0.000317058
111520 0
111172 0.000393546
111536 0
112169 0.000416285
112237 0.00012427
111383 0.000800256
110944 0.000489556
110997 0.000678492
111520 0
111566 0.000370714
110991 0.00080819
110912 0.000254842
111632 0.000309853
111140 0.000499875
111907 0.000577701
111992 0.000594295
110945 0.0010395
111164 0.00023663
111673 0.000250689
111159 0.000457771
112161 0
112254 0.000440917
111654 0.000546001
111819 0.000326797
111003 0.00105485
111674 0.000594001
111349 0.00029347
110968 0.00036523
111643 0.000416008
112114 0.000309502
111941 0
112162 0.000534188
111128 0.000242512
111357 0
111198 0.000477441
111988 0.000729217
111603 0.00059577
110933 0
111314 0.000441384
111128 0.000361011
111362 0.000839731
110952 0.000124363
110928 0.000531576
111368 0.000525486
111616 0.000604438
111619 0.000341734
111073 0.000277546
111319 0.000533618
111202 0.000244439
111609 0.000395335
111522 0
111819 0
111203 0.000496524
111351 0.000729927
112121 0.00016756
111129 0.00022299
111395 0.000475229
111170 0.000360534
111517 0.000308452
111600 0.00059952
112126 0
111673 0.000257102
111164 0.000348189
111097 0.000737735
111096 0.000366515
110973 0.000211327
111907 0.000585823
111328 0.000644953
111415 0.000527593
111000 0.000765843
111678 0.00132853
111548 0.000358777
111910 0
111414 0.000379543
111914 0.00110072
111671 0.00043122
111897 0.00047619
111190 0.000423131
111563 0.000432563
111532 0.000308642
111393 0.000363042
110908 0.00099108
110929 0.0004547
111320 0.000539957
111604 0.000603813
111913 0.000577367
111392 0.000739372
111383 0.000645161
112167 0.00042746
111718 0.000538793
111668 0.000388463
112236 0.000378239
111571 0.000416008
111615 0.000499293
111998 0.000485201
111618 0.000412848
111612 0.0001558
110920 0.000526454
111303 0.000457666
110920 0.000522739
111777 0.000782983
111528 0.000216029
110999 0.000926402
111640 0.000614704
111417 0.000293226
110919 0.000805802
112067 0.00081248
111731 0.000366233
111367 0.000479789
111393 0.000354862
111620 0.000576939
111660 0
110940 0.000776197
111609 0.000388878
111424 0.000635497
111391 0.000421763
111984 0.000316006
111601 0.000348766
112161 0.001287
111605 0.000490918
111929 0.0010352
111197 0.000951475
111991 0
110943 0
111898 0.000716846
112247 0.000621427
111562 0.000360946
111573 0
111415 0.000631978
111403 0.000532765
111922 0.000421408
111965 0.000260892
111091 0.000380228
111521 0.000467836
111394 0.000351679
111395 0.000238892
111818 0.000828844
111533 0.000275028
112244 0.000249896
111198 0.000238095
110991 0.000272109
111120 0.000650195
111776 0.000710227
110967 0.000329453
111564 0.000359421
110976 0.000456135
112088 0
111664 0.000437484
111122 0.000677966
111910 0.000474383
112101 0.000313709
111650 0.000312842
112235 0.000383705
111117 0.000852619
111809 0
112050 0.000447828
110993 0.000267165
111601 0.000262927
111928 0
111606 0.000816993
110997 0.00029756
110914 0.000468457
111920 0.000542814
111983 0.000368189
110972 0.000639522
112010 0.000430293
111431 0.000554201
111335 0.000284684
111363 0.000201816
112101 0.000313185
110942 0.000368189
111661 0.000912492
111620 0.000328893
112117 0.000372058
110955 0.000114837
111547 0.000461361
111584 0.00157812
111413 0.000339828
111782 0.000243665
111144 0
111872 0.000287439
111527 0.000517866
111588 0.000819336
111991 0
111510 0
111368 0.000394166
110981 0.000310591
111403 0.000275482
112080 0.000410779
111530 0
111169 0.000753769
111783 0.00045106
111368 0.000463177
112085 0.000430663
111383 0.000490998
111581 0.000585823
112053 0.000450653
111875 0.000240732
112246 0.000471349
110927 0.000471032
111882 0.000293686
111652 0.000698162
110979 0.000715381
111667 0
111817 0.000258699
111572 0.000814996
112236 0.000315477
111628 0.000623441
111836 0.000809717
111653 0.000320282
111882 0.000875657
111122 0.000352402
111622 0.000383656
111562 0.000451549
110989 0.000529773
111967 0
111913 0
111995 0.000352485
111396 0.000575374
110929 0.000115075
112107 0.000586166
112121 0.000165728
111605 0.000160759
111969 0
111553 0.000963948
110951 0.000453858
111626 0.000679117
112009 0.00137804
111394 0.000854847
111528 0.00106338
111084 0.000135026
111369 0.000593736
111398 0.000236295
111570 0.000317385
111511 0.00073692
111776 0.00018162
111083 0.000312256
112069 0.000610936
111080 0
112088 0
112118 0.000437637
111616 0.000347796
111835 0.00100402
111361 0
111117 0.000232721
111138 0.000649984
110986 0.000455166
111811 0.000126936
111921 0
111319 0
111085 0.000313627
112163 0.000727934
111817 0.000130242
111434 0.000331433
111661 0.000264831
111835 0.000340483
111593 0.00074785
112244 0.000254604
111727 0
111997 0.000517866
110984 0
110942 0.000181225
112085 0
111614 0.000541419
111823 0.000472255
111622 0.000379219
111163 0.000935673
111142 0.000129668
111588 0.000802761
111887 0.00116279
111776 0.000904323
111572 0
111569 0.00057856
111591 0
111335 0.000380011
111560 0.000335758
111826 0.000751597
111864 0.000857633
111925 0.000508388
110927 0.00067904
111888 0.000322061
111914 0.000550661
111887 0.000475172
111382 0.000478698
111357 0.00029985
111121 0.000361751
112238 0.000523423
111959 0.000697698
112248 0.000174718
111657 0.000465044
111630 0.000673514
111081 0.000218579
111413 0.000432012
110986 0
111559 0.000315723
111594 0.000184298
111992 0.000202306
112247 0.000509327
111143 0.000367287
111516 0.00052158
111518 0
111887 0.00070688
111783 0.000442478
112085 0.000447427
112168 0.000162509
111433 0.000874126
110971 0.000118287
111143 0.000244948
111121 0.000934034
111622 0.000396118
112075 0.000737826
110933 0.000703977
111390 9.23617e-05
111197 0.000239521
111084 0.000546224
111941 0
110925 0.000952744
111529 0.000440917
111630 0.0004094
111336 0.000389598
111594 0.000532387
111996 0
111129 0.000451365
111661 0.000711238
111333 0.000422922
111958 0.000707514
111131 0.000337838
110978 0.000450653
112164 0.000585823
111403 0.00135208
111367 0.000118161
111315 0.000363075
111985 0.000319081
111418 0.000213812
110984 0
111568 0.000775996
111782 0.000489356
111718 0.00102041
111573 0.000492854
110940 0
111314 0.000441228
111600 0.000583431
111888 0.00103377
111947 0.000510378
112074 0.000502513
112143 0.00148588
111973 0.000465116
110905 0.000263435
111644 0.000428046
112050 0.000329381
110959 0.000441891
111973 0
111157 0.00011302
111085 0.000314416
111119 0.00080732
111199 0
111818 0.000224215
111394 0.000334672
111647 0.000422226
111875 0.00015528
111536 0.000951928
111628 0.000313283
111162 0.000251762
111117 0.000599952
112245 0.000661376
110919 0
111559 0.000508958
111674 0.000595859
111955 0.0006035
111527 0
111388 0.000423594
111363 0.000202163
111084 0.000139082
111168 0
111596 0.000538213
111172 0.000127081
111081 0.00062396
112126 0.000197668
111663 0.000435464
111570 0.000713493
111162 0.000770614
111668 0.000389257
111414 0.000830412
111121 0.000347866
112105 0.000150784
111615 0.000497347
111925 0.00101833
111570 0.000493097
112237 0.000564865
111661 0.00090212
111003 0.000216263
112257 0
111132 0.000362538
110952 0.000242689
111563 0.000264387
111620 0.000244419
110956 0.000473709
111530 0.0010698
110982 0.000904523
111731 0.000783085
110990 0.000439367
111533 0.000274499
111774 0
111171 0.000609013
110920 0.00026448
111774 0.000817996
111589 0.0004725
112067 0.000479693
111626 0.00025153
111532 0.000152207
112136 0
111514 0.000280034
111097 0.000125392
111521 0
111950 0
110989 0.000730384
111096 0.000292804
111579 0
111163 0.000340677
111400 0.000359583
111200 0.000191571
110945 0.000269251
110914 0.000461184
111313 0
112255 0.000636943
111955 0.000606061
111414 0.000366099
111095 0.000388086
112247 0.000553199
111554 0.000374883
112244 0.000601788
111928 0
111395 0.00106308
111201 0.0001167
110914 0.000472515
110925 0.000188964
111197 0.000249813
111821 0.000372439
111602 0.000466505
111528 0.000206271
110912 0.000271223
111837 0.00093633
111578 0.00112994
111128 0.000626253
111394 0.000694686
111083 0.000765345
111997 0.000564016
111837 0.000602228
111790 0.000277701
112257 0.000445286
111434 0.000408719
111137 0.000774793
111923 0.000222387
110971 0.000461521
111560 0.000329092
111117 0.000240906
111925 0.000254518
111336 9.60707e-05
111819 0
111390 0.000453721
111381 0.000403551
111334 0.000769527
111962 0.000547495
111126 0.000700771
111167 0
111602 0.000377181
111606 0.00015916
110920 0.000506842
111664 0.000606008
111991 0
112168 0.000559866
111652 0.000226244
111834 0.000687521
111799 0.000729661
110940 0.00102171
111650 0.000321983
112054 0.000415455
112048 0.000970067
111678 0.000374953
111203 0
110947 0.000347262
111962 0.00013541
110973 0.000322685
112255 0.000233281
110959 0.000438308
111831 0.000216403
111612 0.000471365
111564 0.000610874
111662 0.000364731
111657 0.00023836
111199 0
111630 0.0004094
111602 0.000189466
112115 0.000346741
112255 0.000545086
110956 0
111137 0.000536625
111169 0.00113407
111609 0.000193125
111355 0.000244529
112090 0.000192345
111727 0
111328 0
112258 0.000181192
111596 0.00112233
112246 0.000738205
111606 0.000160565
111678 0.000192234
110992 0.000458127
111400 0.0010803
111313 0
111078 0
111823 0.000689417
112009 0.000443262
111333 0
111163 0.000459664
112257 0.000339866
110981 0.000405104
112244 0.000339732
110997 0.00108193
110972 0.000106712
111578 0.00115741
112010 0.000865052
111400 0
111413 0.000226398
111990 0
111415 0.000853242
111635 0
110982 0.000501253
110997 0.000290501
111363 0.000608704
111132 0
111551 0.000248416
112078 8.57706e-05
111396 0.000337439
111314 0.000267451
111958 0.00027697
111673 0.000383387
111923 0.000307102
111603 0.000295276
112077 0.000305623
111875 0.000704391
110947 0.000236072
111782 0.000481232
111559 9.82511e-05
111529 0.000460829
111155 0
112237 0.000379147
111910 0.000461894
111078 0
111368 0.000337633
111813 0.000983929
111369 0.000148522
111956 0.000385579
110914 0.000152882
111169 0.000762486
111811 0.000393856
111796 0.000487013
111335 0.000287439
112143 0.000979912
111571 0.000493583
111198 0.000709388
111521 0.000468713
112048 0.000268204
111873 0.000546747
110909 0.00042008
111375 0
111842 0.00021631
112104 0.00070688
110982 0.000301629
110928 0.000620347
110909 0.00104756
110990 0.000446828
111376 0.000681929
110948 0.000800256
111587 0.000406256
110925 0.000376435
112164 0.00056427
112117 0.000278319
110986 0.000892193
111164 0.000459559
111586 0.000330251
110948 0.000318776
111588 0.0001638
111579 0
112245 0.000148115
111170 0.000118694
111519 0.00127435
111434 0.0004786
111587 0.000709364
110991 0.000553557
111882 0
111957 0.000384763
111571 0.000419851
111623 0.000505988
111780 0.00024561
112255 0.000309047
111362 0.00048479
111003 0.000419463
111612 0.00038616
111656 0
112123 0.00072692
111097 0.000244798
111607 0.00140252
110943 0.000262709
111520 0.000737463
111923 0.000607165
111985 0.00034118
111647 0.00024568
111652 0.000432339
111921 0
111956 0
111659 0.000388878
111510 0.00029994
111601 0.000359971
111681 0.000229938
111131 0.00177305
111956 0.000384541
111158 0.000767558
111190 0.000135722
111524 0.000754717
112257 0.000929584
111961 0.000358166
112099 0.000448682
112102 0.000237079
112238 0.000450016
111624 0.000338753
111551 0.000476531
111589 9.39144e-05
111652 0.000220897
111907 0.000583771
111137 0
111997 0
111823 0.000583567
111607 0.000710732
111663 0.000352578
111364 0.000221582
111619 0.000604647
111081 0.00060778
111348 0.000453206
111422 0.000662252
111530 0.000263158
111201 0.00058214
111611 0.000474796
111158 0.0009529
111376 0.000867721
111386 0.000870928
111519 0.000699301
112090 0.000389332
111654 0.000833797
111116 0.000264375
111780 0.000252366
111303 0.000229779
111667 0
111731 0.000385356
111649 0.000757576
110996 0.000373413
110989 0.000840336
110919 0
110921 0
111821 0.000125945
110927 0.000904568
112169 0.000409937
111390 0.000179565
111799 0.00034662
111600 0.000383068
111970 0.00095648
111573 0.000510725
110940 0.000504286
111078 0
112074 0.000752823
110990 0
111202 0.0004865
111523 0
111961 0.00072648
111126 0
111674 0.000746714
111660 0.000441501
111096 0.000593164
112249 0
112254 0.000543331
111569 0.000416528
111811 0.000397246
111129 0.000222272
111203 0.000504223
111553 0.000286725
110985 0.000584567
111349 0.000585566
111995 0.000527287
111333 0.000223664
111928 0.000443262
111536 0.000475964
111972 0.000853534
111873 0.000552486
111947 0.000338811
112247 0.000190961
110996 0.000761615
112256 0.000670635
111593 0.000367107
111731 0.000194439
111423 0
110983 0.000732371
112009 0
111649 0.000740056
111791 0.000995685
111641 0.000494968
111355 0.000366032
111786 0.000388123
111585 0.000558347
111516 0.00053234
111656 0.000248818
111796 0.000668896
111920 0.000419287
111959 0.000303982
111429 0.000423729
111519 0
112075 0.000528961
111590 0.000885426
111834 0.00100536
110944 0.000331236
111156 0.000720115
111131 0.000346021
111983 0
111396 0.000675961
111809 0
110908 0.000649351
111821 0.000379171
110944 0.000628536
111581 0
112069 0.000408247
111941 0
111320 0.000447307
111570 0.000474533
110996 0.000724113
111973 0.00134469
111582 0
111169 0.000250532
112162 0.00052443
111970 0
110943 0.000395465
112169 0.000410711
111654 0.000832871
111333 0
112102 0.000474496
111854 0.000245821
110992 0.000181127
111551 0.000241255
111913 0.000552181
112107 0.000577701
111635 0.00134409
112061 0.000233155
111392 0
111629 0.000308499
111640 0.000362406
111958 0.000288434
112054 0.0012685
112061 0.00071242
111958 0.000419639
111635 0.000667111
112163 0.000352454
111547 0.000356295
112080 0.000733795
112163 0.000350263
110971 0.000119775
111159 0.00070159
112118 0.000566492
112167 0.000169176
111073 0.000412314
112256 0.00102934
111640 0.000742482
111988 0.00109449
111429 0.000207598
110959 0.000658906
111170 0.000227583
111615 0.000727979
110999 0.000518888
111566 0.000561377
110912 0.000504796
111593 0.000368053
110968 0
111119 0.000410228
111138 0.000428311
111533 0.000423968
112048 0.000273748
110909 0.000206143
111777 0.000792498
112061 0.000711575
111398 0.000251826
112010 0.000429
111965 0.000262502
111961 0.00110213
111818 0.000869187
111854 0
110999 0.00030785
111914 0
111415 0.000317125
111850 0.000531067
111547 0.000349447
112162 0.000353982
111854 0.000502639
111673 0.000131165
111922 0.000432339
111362 0.000366972
110976 0.000472292
111624 0.000427241
111990 0.000411692
110986 0.000608735
111647 0.000253464
112077 0.00122737
111376 0.000571265
110992 0.000180408
111882 0.000601142
111888 0
111582 0.000424628
111367 0.000713776
111957 0.000181719
110970 0.00100125
112115 0
110984 0
111564 0.000538841
111959 0.0004095
111524 0
111413 0.000559973
111382 0.00029458
111611 0.000158128
111799 0.000763068
112245 0.0002244
111524 0
112048 0.000414193
110956 0
111000 0.000198847
111386 0.00108676
112102 0.000233809
111433 0.000218771
111591 0.000702576
110981 0.000103509
111573 0.000951475
112167 0.00042757
111562 0.000451875
111522 0.000204123
110948 0.000491481
112056 0.00055991
111985 0
112101 0.000313775
111429 0.00123153
111925 0.00104739
112054 0.000439367
111144 0.000909918
111921 0.00104767
111122 0.000238834
110933 0.000362845
111718 0
111614 0.000367985
112054 0.000425713
110971 0.000583567
111603 0.000305873
111158 0.000389914
111790 0.000551572
110947 0.000679964
111942 0
111519 0.00111421
111969 0.000718649
111424 0.00072536
111575 0.000221092
110945 0.000259875
111791 0
110976 0.000776036
111120 0.000106746
111605 0.000404236
111523 0.00153925
110981 0.000207879
110985 0
111383 0.00015868
111122 0.000467017
110926 0.000650111
111121 0.00048158
112050 0.00033087
111123 0.000540599
111629 0.000226364
111667 0
110957 0
111319 0.000255624
112010 0.000436605
111913 0.000557103
111998 0.000491562
111842 0.000216873
112061 0.000230734
111826 0.0011853
111083 0.000303306
111888 0
110909 0.0017094
111864 0
111653 0.00095223
110928 0.00030785
112121 0.00034002
111172 0.000503271
111596 0.000546448
111984 0.000331345
111921 0.000503018
111197 0.000497389
111514 0.00028885
111957 0.000735565
111681 0.000457404
111422 0.000434028
111350 0.000209118
111369 0
111994 0.00013637
111836 0
111336 0.000191131
111657 0.000236668
111381 0.000207039
112235 0.000507099
111522 0.000437828
111313 0.000849618
111983 0
111942 0.000682128
111190 0.000404476
112121 0
111582 0.000849618
111510 0.000297442
111969 0.000363769
110954 0.00032769
111659 0.000389257
111671 0.000454752
111897 0
111584 0
111201 0.000361533
111200 0.000181488
111375 0
111957 0.000920641
111531 0.000660939
111910 0.00138504
111887 0
111967 0
111123 0.000434735
112238 0.000390549
110942 0.000378286
111659 0.000581846
111303 0.000226449
111116 0.000132573
111391 0.000856531
112105 0.000597015
111774 0.000407997
111643 0.000410948
110967 0.000329489
111190 0.000283006
111560 0.000220143
111998 0.000329761
111518 0.000766284
111970 0
112256 0.00042959
112093 0.000214938
112009 0
111531 0.000436967
111431 0.000332705
111783 0.00045106
111398 0.000241255
111328 0.000491159
110992 0.000375411
111591 0.000238777
111313 0
111414 0.000465419
111835 0.000343407
111817 0.000129182
111162 0
110990 0.00223614
112246 0.000524693
111349 0.000440399
111886 0.000432339
111172 0.000895713
111955 0.00058548
111315 0.000185202
111632 0.000780107
110951 0.000302435
110970 0.000479386
111662 0.000180148
110942 0.00018305
111357 0.000865551
110948 0.000478393
111422 0
111647 0.000497925
111681 0.00034153
111813 0.000968054
111433 0.000676437
111660 0
111523 0.000551572
112256 0.000169664
111144 0
111315 0.000184179
111081 0.000411015
111837 0
111510 0.000298507
111091 0.000585823
111836 0.000538068
111194 0.000329924
111386 0.000724638
111156 0.000481348
110955 0.000233399
111657 0.000382643
111348 0.000670391
111381 0.00010015
111611 0.000634417
111530 0.000557103
111575 0.000468933
111511 0.000986923
111776 0.00108519
111678 0.000185529
111582 0.000420875
111790 0.000269469
111632 0.000910378
110954 0.000315823
111554 9.21744e-05
111785 0.000203832
111990 0.000817996
111821 0.000127992
112237 0.000313087
111335 0.000566626
112091 0.000514139
111947 0.000339443
111629 0
111091 0.000200884
111418 0.000659631
111641 0.000745156
111967 0
111907 0
110926 0.000125094
111584 0
112245 0.000569395
111119 0.000343312
111941 0
111000 0.000771754
111985 0.000673854
111619 0.000337952
111605 0.000404858
112099 0.000765529
111664 0.000353857
111536 0.000470146
111604 0.00102494
110947 0.000225759
111532 0.00030409
111897 0.000459982
111142 0
111412 0.000438548
111898 0
111929 0.000502513
111527 0.000514668
111393 0.000360815
111201 0.000473429
111143 0.000483793
111518 0
111671 0.00045403
111589 0.000567698
111168 0.000234577
112091 0
111630 0.000337268
110985 0.000611372
111382 0.000390472
112067 0
112088 0
111572 0.000412712
111517 0
111073 0.000282008
111813 0.000618047
112107 0.000587544
110985 0.000791922
111586 0.000484809
112078 0.000514183
111922 0.00021263
111579 0
112107 0.000598444
111158 0.000524109
112236 0.000563486
110921 0
111967 0
112077 0.000305437
112126 0.000977326
111622 0.000583431
112105 0.000598802
111886 0
110968 0.000358166
111947 0.000171086
110954 0.000731605
112067 0.000322529
111611 0.000633413
111995 0.00026272
111559 0.000609199
111984 0.000821828
110927 0.000685244
112056 0
112093 0.000425577
112143 0.00100301
111000 0.000389978
110973 0.000629129
111003 0.0010917
111649 0.000858779
111991 0.000292826
112249 0
111080 0.000217439
111140 0.000631313
111155 0
111418 0.000432432
111391 0
112090 0.00058548
111511 0.000925497
111388 0.000728863
112091 0.000520833
111604 0.000429148
111624 0.000169592
111607 0
110970 0.000245098
112164 0.000696298
111520 0
111578 0.00116009
111516 0.000391185
111581 0
111799 0.000734754
111965 0.000528541
111681 0.000902833
111996 0.000346741
111995 0.000523743
111562 0.000367309
112104 0.000360187
111988 0.000249066
111897 0.000953289
111155 0.000712758
111875 0.000396134
111198 0.000238039
111590 0.000858811
110979 0.000207254
112075 0.000528123
111972 0.000171585
111168 0.000614477
111614 0
111628 0.000310029
111527 0.000517866
112163 0.000360978
111796 0.000819001
111850 0.000769231
111095 0.000282885
111532 0.000456552
111167 0.000644192
111159 0.000470312
111663 0.000348523
111199 0.000587027
112238 0.000325478
111587 0.000702318
111623 0.000587741
110957 0
111992 0.000619707
111618 0.000252228
111965 0.000649435
111564 0.000177557
111168 0.000366077
111785 0.000397141
111553 9.51837e-05
112093 0.00117233
110952 0.000364786
111774 0
111786 0
112164 0.000458979
111138 0.000217557
111375 0.000537057
111334 0
110905 0
110969 0.000359648
110921 0
111424 0.000449115
111603 0.000613371
112258 0.000353888
111950 0
111350 0.000418323
111872 0.000571102
111361 0.000438982
111350 0.000206825
112136 0.00125156
111996 0.000351247
112249 0
112101 0.000427807
112168 0.000496607
111551 0.000356633
112115 0.000658762
111961 0.000727008
111998 0.000157456
111588 0.000735534
111126 0.000368732
110908 0.000333834
111329 0.00018615
112104 0.000488162
111392 0
111782 0.000365764
112069 0.000406463
111626 0.000414869
111929 0
111159 0.000718649
112074 0.000494438
111202 0
111170 0.00059312
111517 0.000600962
111391 0.00040568
111616 0.000673627
110978 0.000440852
112117 0.000547945
111156 0.000369231
111946 0
110996 0.000691324
111511 0.000704722
111137 0.00108167
111601 0.000257754
111336 0.000385208
111950 0
111972 0.00100184
111649 0.000279799
111369 0.000734754
111718 0.000537634
110978 0.000729395
111575 0
111518 0.000392927
112080 0.000556749
111826 0
111864 0.000433463
111566 0.000188218
112235 0.000557586
110972 0.000828072
111946 0.00184332
111350 0.000210748
111842 0.000217439
111203 0.000618812
112136 0.000583771
112053 0.00036222
111521 0
111171 0
111727 0
111303 0
111988 0.000489237
111650 0
112123 0.000235793
111116 0.000135556
111403 0.000537346
111142 0.000505881
111116 0.000262467
111376 0.000191516
111629 0.000235479
111547 0.000235877
111672 0.000492417
111607 0.0020284
111583 0.000483949
111091 0
111823 0.00035369
111126 0.000352113
111434 0.000406119
110951 0.000462178
110982 0.000498206
111084 0.000139587
112143 0.000486855
111997 0.00107009
111628 0.000624025
110978 0.000435667
111650 0.000629228
112167 0.000259763
111563 0.000266904
111942 0
110928 0.000413223
111569 0.000574949
111972 0.00050025
111590 0.0005077
111363 0.000306185
111659 0.000573833
111128 0.000494254
110905 0.000810154
111994 0.000266099
111194 0.000319744
112056 0
111548 0.000179711
111777 0.000639059
111587 0.000406587
112248 0.00017926
111990 0.000834028
111386 0.000708843
111785 0.000404204
111329 0.000372509
111819 0.000340368
110979 0.000732447
112085 0.00042337
112104 0.00036324
111529 0.000478698
111783 0
111334 0.000374251
111329 0.000378644
110999 0.000610998
110925 0.000555658
111424 0.000638919
111656 0.000249563
111393 0.000367175
112102 0.000695948
111873 0.00109111
111886 0
111575 0.000233427
112246 0.000329468
112074 0
111660 0.000862069
111668 0.0004901
111162 0
111873 0
111417 0.000294233
111194 0.000321027
111635 0
111641 0.000486934
111357 0.000576203
111589 9.35891e-05
111623 0.000591216
111591 0.000231535
110955 0
111872 0
112099 0.000673854
110955 0.000585412
111898 0.00143369
111200 0.000371955
111429 0.00020555
111643 0.000416216
111320 0.000180457
112161 0.000772599
111615 0.000487884
111796 0.000653595
111831 0.000425713
111956 0.00074308
111531 0.000450248
111078 0.000796178
111834 0
111167 0.000424268
111594 0.000734349
111983 0.000370508
110929 0.000468933
111620 0.000324913
111423 0.000193517
112136 0.000620732
111994 0.000536193
111140 0.000128271
111417 0.000392734
111662 0.000827434
112254 0.000435844
111155 0.000732601
111423 0.000191022
111586 0.000324992
112078 0.000257909
111381 0.00029976
110944 0.000488918
111809 0.000688705
111872 0.000808407
110989 0.000319932
112123 0.000481696
111571 0.000164636
111624 8.45094e-05
111898 0
111328 0.000651784
110969 0.000183722
111514 0.000277085
111596 0.00111111
111662 0.00128111
111080 0
111614 0
111566 0
110969 0.000177904
111315 0.000748923
111581 0.000622278
111367 0.000351494
111886 0
111348 0.000683839
111612 0.000310873
111364 0.000866363
111920 0.000696185
111140 0
111171 0
111727 0.000812348
110984 0.000448833
112169 0.000406934
111653 0.000159261
111672 0.000496623
111671 0.00044613
110967 0.000880475
111548 0.000613604
111320 0.000540882
110957 0
111850 0.000511902
111837 0.000947269
110967 0.000565931
111948 0.000357526
111417 0.000587832
111973 0
111129 0.000454959
111524 0
111578 0
111583 0.000163908
111355 0.000248478
112248 0.000442556
112114 0.000633112
111586 0.000573348
110954 0.000317393
111132 0.000717961
111422 0.000210659
110945 0.000253036
112090 0.000188786
111516 0.000258967
112118 0.000294942
112105 0.000451739
111668 0.000388538
111786 0.000779879
110979 0.000317864
111962 0.000674764
111791 0.000322269
112093 0.000437302
111864 0.000443853
111423 0.000471921
110956 0.000476872
111813 0
111948 0.000353732
111780 0.000249439
111202 0.000483793
111433 0.000662691
111585 0
111969 0
111572 0.00114811
112115 0.000346981
111554 0.000462877
111643 0.000333639
111850 0.000252653
111364 0.000337458
110933 0
111529 0
111584 0.000497512
111412 0.000542829
111950 0.000421585
111962 0.000670871
111984 0.000476266
111928 0.000881446
111351 0
111942 0.000754717
111585 0
111785 0.000618429
111626 0.000165769
111097 0.000369686
111854 0.00099108
111600 0.000786937
111632 0.000102796
111777 0.000387948
111946 0.00176523
111579 0.00391389
111388 0.000537924
111123 0.000221656
111826 0
111641 0.000655523
112117 0.000184264
112056 0
111355 0.000741015
111171 0
111418 0.00122474
111593 0.000370233
110951 0.000595859
111667 0.000629327
112236 0.000624532
112088 0.00175234
111095 0.000401003
111914 0.00111607
111199 0
111362 0.000604376
111131 0
110993 0.000272603
111144 0.00131464
111348 0.000681818
111083 0.000469851
111946 0
110983 0.000203149
111080 0
111616 0.000421941
110968 0.000372995
111156 0.00048479
110972 0.00054136
110921 0
111548 0.000178811
111834 0.000337496
112168 0.000322997
111809 0
111412 0.000436538
111618 0.000248963
111163 0.000677736
