121422 0.199852
121718 0.181032
121794 0.184554
121374 0.193524
122166 0.194479
121911 0.188854
121343 0.188312
121349 0.194959
121698 0.189839
121784 0.194794
121448 0.187354
121641 0.197553
121816 0.180621
121706 0.195054
121547 0.172404
121649 0.203443
121631 0.20387
121678 0.195135
121750 0.193605
121760 0.196443
121784 0.199852
121994 0.162191
121710 0.183367
121557 0.190178
121965 0.178922
121476 0.195304
121721 0.195801
121936 0.190305
121381 0.201296
122139 0.183233
122006 0.194131
121640 0.187261
121395 0.187186
122142 0.185566
121716 0.197228
122097 0.192186
121899 0.196635
122079 0.193306
121585 0.19484
121394 0.182733
121779 0.201143
121608 0.192416
121419 0.188891
121387 0.189143
122146 0.182901
121361 0.191539
121766 0.192411
121728 0.193687
121965 0.173205
121916 0.192358
121525 0.19015
121346 0.176516
121924 0.190647
121347 0.188269
121633 0.195887
121539 0.195251
121684 0.185123
121901 0.198074
121824 0.192277
121653 0.194519
121436 0.181287
122111 0.180425
121705 0.18745
122129 0.185511
121813 0.189335
121536 0.188926
121885 0.192187
121999 0.187764
122079 0.188191
121869 0.200663
121936 0.188305
122138 0.193007
121843 0.193591
121623 0.181818
122166 0.192283
121994 0.214366
122085 0.191284
121967 0.185721
121542 0.17376
122133 0.186684
121932 0.181675
121876 0.194063
121398 0.192975
121892 0.199203
121846 0.181717
121448 0.183143
121593 0.189935
122089 0.199777
121580 0.193082
122006 0.197634
121713 0.19043
121553 0.196136
121992 0.187395
121877 0.196494
121595 0.178209
121420 0.187312
121803 0.190476
121722 0.191772
121912 0.193088
122003 0.196676
121428 0.197421
121939 0.187468
121420 0.187435
121951 0.195194
121819 0.180444
122071 0.194475
121454 0.193171
121897 0.196447
121792 0.188156
121399 0.207809
121527 0.193464
121944 0.183455
121722 0.196629
121362 0.164617
121527 0.187391
121568 0.202532
122124 0.200221
121752 0.189302
121590 0.201826
121954 0.194115
121530 0.182698
121479 0.185353
121904 0.179827
121758 0.196352
121869 0.176359
121876 0.194143
121973 0.205707
121771 0.194006
121704 0.170688
121822 0.198873
121409 0.190476
121402 0.20486
121590 0.182087
121734 0.183342
121987 0.198513
122158 0.220145
121551 0.186134
122164 0.186741
121842 0.195512
121698 0.183338
121406 0.198277
122069 0.200734
121683 0.193431
121406 0.195432
121758 0.202312
121436 0.188453
121768 0.191203
121397 0.184952
121772 0.182374
122064 0.170882
121689 0.194343
121640 0.189368
121361 0.191557
121764 0.196827
121576 0.195164
122102 0.197737
122072 0.188362
122070 0.184598
121724 0.18841
121795 0.19526
121543 0.187799
121939 0.19543
121544 0.182602
122124 0.195989
121783 0.18597
121843 0.177569
121556 0.18817
121401 0.191365
121399 0.190476
121729 0.196423
122118 0.200043
121421 0.202263
121877 0.194034
121826 0.184627
121579 0.185944
121437 0.197454
121535 0.190067
121819 0.186222
121962 0.190744
121732 0.201209
121827 0.195048
121986 0.198334
121803 0.19183
121815 0.19697
122112 0.187278
121554 0.180537
121774 0.189087
121873 0.17561
121384 0.206395
121638 0.18912
121430 0.205441
121780 0.197693
121788 0.19383
121815 0.214533
121911 0.186509
121789 0.178694
121930 0.199679
121723 0.193079
121407 0.190747
122001 0.190341
122173 0.191771
121390 0.195513
121558 0.189226
122167 0.186678
121362 0.184314
121766 0.18585
121687 0.186661
122102 0.191567
121595 0.185115
122098 0.190642
121446 0.184987
122168 0.188794
121769 0.199784
121799 0.184107
121633 0.194984
121811 0.187643
121414 0.179695
121946 0.215712
121340 0.196617
122127 0.193081
122176 0.199779
121711 0.198154
121628 0.195442
121714 0.197985
122101 0.18646
121725 0.193462
121872 0.194009
122132 0.185347
121788 0.188145
122094 0.19367
121808 0.193024
121710 0.19326
122141 0.197673
122116 0.175361
121801 0.192248
121954 0.173379
121530 0.197418
121397 0.184249
121940 0.192025
121694 0.186471
121418 0.192771
122093 0.200887
122076 0.191446
122136 0.184722
122169 0.190417
121574 0.188484
122108 0.190594
121751 0.190032
121707 0.18337
121868 0.171605
122172 0.198164
121458 0.181455
121582 0.191744
121624 0.189789
121379 0.198268
121548 0.190476
121626 0.180431
121950 0.197938
121391 0.195835
121375 0.18811
122093 0.195072
121989 0.184995
121875 0.194792
121339 0.216981
121972 0.195957
122158 0.219487
121785 0.19716
121748 0.190315
121906 0.197337
122101 0.204746
121753 0.197055
122092 0.199579
121553 0.199768
121949 0.202271
122134 0.183196
121914 0.183879
121339 0.172673
122154 0.200366
121400 0.16869
121902 0.20073
121924 0.194956
121799 0.184399
121656 0.202389
121544 0.189579
121477 0.189241
121435 0.189295
121433 0.175514
122174 0.194423
121816 0.190091
121433 0.183054
121683 0.19734
121781 0.192064
121875 0.190951
121435 0.186762
121801 0.192189
121549 0.183221
121914 0.183661
121748 0.205747
122139 0.195931
121552 0.188283
121442 0.198398
121952 0.193796
121534 0.189115
121649 0.187991
121932 0.193377
121579 0.190894
121767 0.200513
121684 0.187657
121716 0.197945
121402 0.193438
121398 0.190286
121432 0.196891
121928 0.187127
121975 0.194281
121559 0.190084
122080 0.19308
121975 0.193544
121480 0.194067
122168 0.192558
121714 0.186575
121706 0.192667
121754 0.193884
121969 0.194354
122176 0.190347
121429 0.19667
121474 0.19211
121713 0.186962
121416 0.185728
121902 0.20205
121771 0.206173
122094 0.190406
121636 0.187827
121753 0.194277
121943 0.1884
121944 0.186782
121953 0.204343
121890 0.186441
121844 0.189642
121754 0.182959
121812 0.194621
121973 0.183516
121872 0.199856
121764 0.19279
121916 0.175579
121905 0.191207
122174 0.19344
121409 0.195835
121718 0.18704
122156 0.187538
121456 0.187031
121434 0.193785
121534 0.179539
121540 0.193817
121396 0.202196
121585 0.195443
121847 0.187362
122132 0.187559
122133 0.195849
121554 0.189689
121459 0.186456
121539 0.182701
121567 0.193496
121449 0.191263
122152 0.191369
121588 0.196927
121727 0.188608
121874 0.188227
121593 0.189297
121989 0.198968
121426 0.204441
122143 0.190354
121414 0.180723
122172 0.192279
121814 0.192066
122170 0.197908
121608 0.193949
121918 0.197203
121432 0.179195
121727 0.180723
121992 0.188986
122159 0.191156
121995 0.187304
122129 0.186983
121715 0.177668
121842 0.195053
121966 0.195074
121424 0.212051
121844 0.189134
121626 0.187104
121708 0.188156
121943 0.194213
121421 0.193253
121426 0.19088
121765 0.193627
121997 0.18622
121400 0.206146
122125 0.192927
122148 0.201188
122178 0.19146
121427 0.190061
121561 0.194636
121623 0.172527
122142 0.189548
121967 0.189879
121551 0.19089
121687 0.203403
121387 0.187836
121970 0.190389
121948 0.190164
121348 0.185832
121903 0.188834
121370 0.180297
122118 0.189892
121969 0.189781
121963 0.184673
121581 0.185343
121523 0.198258
121563 0.193679
122178 0.193863
121379 0.195964
121545 0.197279
121636 0.204695
121639 0.179461
122148 0.185639
121545 0.191663
122091 0.184758
121638 0.182117
121650 0.185535
121811 0.194373
121822 0.191868
122111 0.186178
121707 0.191081
122003 0.190171
121476 0.188804
121794 0.181248
121519 0.196843
121688 0.210668
121523 0.202688
121651 0.194516
121567 0.186004
122167 0.199074
121769 0.18755
121787 0.194002
121688 0.18339
121814 0.185638
122109 0.180411
121826 0.199252
121576 0.186646
121970 0.192209
121783 0.190104
122141 0.194998
122105 0.192963
121927 0.197558
122137 0.193813
122077 0.204199
121528 0.189394
121903 0.195243
121446 0.174227
122170 0.19694
121384 0.184157
121898 0.197857
121559 0.193721
121898 0.191318
121948 0.189661
121751 0.196887
121385 0.182692
121548 0.184581
122069 0.188331
121560 0.179766
121887 0.190061
121391 0.183033
121401 0.200209
121901 0.186502
121528 0.192698
121592 0.185243
122089 0.195931
121951 0.183921
121917 0.206735
121427 0.196256
122160 0.190295
122064 0.192433
121531 0.186648
121540 0.200792
121592 0.194181
121905 0.193484
121543 0.206918
122112 0.194789
121442 0.176153
121531 0.208285
121624 0.191793
121725 0.186908
121841 0.199842
121390 0.18727
121565 0.190762
121767 0.1957
121344 0.180567
121940 0.183529
121651 0.189036
121870 0.192598
121375 0.180786
121800 0.189271
121884 0.193678
121974 0.187191
121408 0.185456
121556 0.190372
121628 0.195835
121474 0.203488
121574 0.201131
122116 0.208931
122066 0.194745
121382 0.192308
121708 0.184155
122083 0.186053
121968 0.199375
121774 0.183057
121915 0.191525
122153 0.1858
121459 0.181271
121378 0.189468
121756 0.188727
121395 0.180758
121884 0.206616
122173 0.189445
121999 0.187874
121347 0.204145
122143 0.185638
121370 0.196008
121609 0.192641
121581 0.186019
121723 0.188008
122071 0.181986
121588 0.197085
122127 0.189475
121408 0.191256
121823 0.190353
122153 0.191564
121419 0.192272
121609 0.194817
121756 0.196619
121565 0.183847
121950 0.196933
121752 0.175681
121346 0.170382
122156 0.186987
121639 0.200837
122076 0.190391
121734 0.193282
121870 0.187364
121817 0.193353
121976 0.197134
121449 0.193919
122160 0.189507
121953 0.200156
121529 0.188331
122073 0.188816
121681 0.194201
121456 0.193911
121933 0.194819
121381 0.18527
122085 0.193724
121529 0.189199
121568 0.185202
122125 0.189279
121728 0.187108
121926 0.201088
121715 0.185743
121962 0.195343
121526 0.185386
121550 0.185507
121920 0.198258
121750 0.188276
121804 0.170753
121889 0.191228
121779 0.194834
121479 0.194878
121689 0.193294
121760 0.196094
122146 0.186913
121789 0.186858
121802 0.195232
121373 0.183249
121652 0.201312
121385 0.185163
121925 0.181883
121790 0.176824
121678 0.205487
121926 0.191675
121641 0.189795
121868 0.177606
121343 0.2
121416 0.189016
122169 0.200656
121768 0.186861
121555 0.184142
121946 0.182361
122099 0.188237
121915 0.180294
121785 0.188482
122099 0.196721
121454 0.191385
121650 0.189765
122114 0.184018
121800 0.191898
121681 0.196264
121985 0.187791
122077 0.194607
121996 0.19038
121704 0.194056
122083 0.195149
121549 0.190448
121827 0.18967
122136 0.198419
121808 0.187303
121560 0.190437
121631 0.18796
121374 0.184664
122137 0.199217
121653 0.199444
122081 0.184444
121787 0.182518
121841 0.196429
121558 0.191702
121986 0.195219
121340 0.189076
121874 0.175532
122105 0.200719
121873 0.207323
121846 0.188029
121705 0.199037
121890 0.188165
122114 0.185057
122092 0.197863
121974 0.191688
121899 0.187844
121437 0.190818
121418 0.185229
121652 0.190736
121425 0.18596
121976 0.190818
121968 0.193691
121441 0.197122
122123 0.181833
121887 0.196078
122072 0.190432
121933 0.184004
121929 0.195848
121525 0.202128
121373 0.190307
121348 0.191751
121966 0.191824
121365 0.193497
121563 0.185211
121920 0.195681
121963 0.195216
121428 0.197034
122164 0.19308
121477 0.193791
121378 0.172911
121344 0.186999
121429 0.187698
122152 0.197135
121422 0.18148
121997 0.204681
121637 0.191269
122073 0.192101
121369 0.178376
121555 0.189527
122138 0.192496
121847 0.178529
121889 0.195239
122109 0.189824
121724 0.190206
121480 0.192384
121820 0.203129
121952 0.199521
121569 0.177067
121637 0.185345
121721 0.200159
121778 0.195958
121694 0.182709
121985 0.192771
121536 0.190206
121526 0.192448
121802 0.196516
122117 0.189084
121732 0.182353
121519 0.192245
121582 0.19656
121561 0.187265
121817 0.191126
121557 0.197514
122001 0.190214
121795 0.188051
121365 0.190233
121550 0.186124
122147 0.18282
121369 0.191829
122097 0.191685
121823 0.199972
121424 0.177108
121772 0.19334
121729 0.175088
122126 0.189324
121535 0.184038
121996 0.19092
122117 0.187139
121349 0.188003
121441 0.191781
121547 0.185702
121430 0.20255
121382 0.204808
121906 0.199406
121885 0.189023
121892 0.18121
121972 0.199073
121928 0.193205
121580 0.186592
121781 0.186857
121813 0.192215
121458 0.186621
122081 0.193332
122108 0.205346
122007 0.184732
121987 0.193389
121765 0.212082
122070 0.192949
121425 0.182053
121434 0.183945
121552 0.179366
122091 0.197457
122066 0.188331
121812 0.188596
121804 0.177891
121407 0.188667
121711 0.180308
121396 0.196013
121394 0.18678
121790 0.178295
121792 0.187828
122074 0.196253
121656 0.194482
122007 0.207808
122134 0.194114
121912 0.187972
121930 0.193095
122154 0.179272
121778 0.184298
