111970 0.00070028
111392 0
111649 0.000337667
111818 0.00056101
111898 0
111314 0.000623099
111519 0.000402479
111835 0.000449035
111117 0.000429646
111162 0.000363769
111126 0.000338983
111674 0.000251873
112254 0.000592557
112107 0
111663 0.000577857
111823 0.000457829
111200 0.000225598
111198 0.000285334
111640 0.000320034
110909 0.000332049
110905 0.000333778
111605 0.000146456
110904 0.00010305
111398 0.000516903
111520 0.000619387
111169 0.000700607
111582 0.000579374
111601 0.000418299
112164 0.000416732
110997 0.000402334
111084 0.000456569
110981 0.000374547
111873 0.000509684
111518 0.00066357
112162 0.000237398
111585 0.000507357
111122 0.000679881
111923 0.000242702
111619 0.000312598
112169 0.000292003
111390 0.000404645
110957 0.000529381
111393 0.000552268
111662 0.00058504
111129 0.000102333
111569 0.000292665
111382 0.000412286
111946 0.000376648
112256 0.000388636
110991 0.000347464
111774 0.000363174
111590 0.000322295
111203 0.000151416
111361 0.000368053
112258 0.00047081
111527 0
111532 0.000204082
111887 0.000105164
112117 0.000160327
111415 0.000848736
112247 0.000484027
111821 0.000337344
111609 0.000173807
111348 0.000550307
112163 0.000153633
111988 0.000339674
111831 9.44733e-05
111991 0.000509165
110993 0.000309777
110921 0.00026976
111395 0.000250451
111573 0.000216123
111171 0.000763942
110990 0
111434 0.000266493
111083 0.000269125
112048 0.000241633
112088 0.000533476
112078 0.000413736
111994 0.000287952
111413 0.000651405
111418 0.000452653
111611 0.000211022
111388 0.00036931
110973 0.000479449
111536 0
112101 9.27472e-05
111386 0.0003707
111591 0.000616459
111603 0.000359858
111350 0.000436262
111137 0.00024664
111381 0.000350893
111628 0.000213311
111811 0.000335815
111511 0.000212224
111530 0.000366077
111650 0.000323113
111078 0
111594 0.000493908
111941 0
110969 0.000145815
111776 0.000312989
111962 0.00037554
112121 0.000519596
111777 0.000451875
112054 0.000184536
111003 0.00055213
111985 0
110983 0.000565365
112235 0.000317625
110967 0.000303767
112244 0.000478733
111190 0.000378119
111568 0.000569541
111168 0.000268832
111659 8.77039e-05
111516 0.000518762
111922 0.000183705
110926 0.000301887
111583 0.000428847
111669 0.000331785
111142 0.000296331
111657 0.000573909
111528 0.000547345
111834 0.000438468
111615 0.000287998
111718 0.000465333
112168 0.000248306
111194 0.000536563
112246 0.00029063
110909 0.000174474
110948 0.000326009
111783 0.000195963
111854 0.000220216
112245 0.000317672
111984 0.00029055
111313 0.000365764
112077 0.0005493
110968 0.00060781
111671 0.00029022
111632 0.000500842
110972 0.000253968
112105 0.000333578
111678 0.000240385
111791 0.000297133
111514 0.000124131
112056 0.000965484
111335 0.000354526
110959 0.000469528
110919 0.00016197
111429 0.000182266
111602 0.000646691
111914 0.000490076
112161 0.000748343
111131 0.000478164
111992 0.000336984
111997 0
112104 0.000582473
111355 0.000207458
111517 0.000129786
111652 9.8174e-05
111955 0.00118297
111813 0.00068861
111826 0.000172741
112102 0.000289237
111000 0.000401204
111080 0.00027049
111156 0.000510696
111523 0.000476985
110984 0.000356952
112075 0.000231107
111647 0.000262457
112067 0.000217628
111422 0.000286533
112053 0.000441359
110952 0.000289254
110945 0.000409878
111140 0.000287836
112091 0.000222519
111947 0
112238 0.000331327
111097 0.000447978
111786 0.000595187
111785 0.000721436
110942 0.00028975
111998 0.00043985
110933 0.000451943
111417 0.000594884
111668 0.000548616
112136 0.000514139
111579 0
111414 0.000291436
110996 0.000603136
111586 0.000382438
110989 0.000511008
111626 0.000341543
111961 0.000650724
111319 0.000196928
110947 0.000227542
111521 0.000519534
111336 0.000392003
111431 0.000529381
111510 0.000385307
110955 0.000382738
111349 0.000424525
111593 0.000324957
111673 0.00040719
111375 0.000949217
110927 0.000497117
111629 0.000387693
111872 0.000252557
112236 0.000408128
111727 0.00150094
111850 0.000334299
111950 0.000371195
111910 0.000406835
112126 8.42105e-05
110985 0.000430108
111566 0.00024574
111983 0.000500668
111120 0.000233111
111607 0.000965873
111920 0.000543249
112061 0.000307819
111320 0.000483146
111170 0.000492908
111790 0.000721587
112255 0.000486652
111334 0.000471476
111091 0.00017331
111837 0.000134608
111524 0
111942 0.000335909
111351 0.000146692
111362 0.00047202
111082 0.00037968
111357 0.000245489
111624 0.000541775
112167 0.00059557
110960 0.000379059
111614 0.000328165
110992 0.000349773
112080 0.000398132
111660 0.000402334
111672 0.000294192
111581 0.000521921
110954 0.000259639
111119 0.000184083
111303 0.000290501
111972 0.00089982
110986 0.000186928
110943 0.000778513
111195 0.000639591
111578 0
111643 0.000296318
111424 0.00031021
111138 0.00049995
112099 0.000444247
111529 0.000776398
111584 0
111589 0.00029786
111782 0.000159983
111157 0.000478622
110912 0.0001104
111116 0.000298811
111315 0.000381243
111123 0.000393914
111681 0.000346141
111202 0.000511928
111664 0.000355156
112050 0.000254453
111973 0.0003996
111085 0.000342724
110920 0.000110619
111144 0.00030823
111957 0.00046375
111159 0.000442013
111383 0.00034125
111396 0.000394817
111913 0.000258331
111731 0.000704163
111400 0.000295116
111199 0.000697107
111433 0.000195389
111193 0.000525348
111596 0.000718391
111967 0.000945626
111921 0
111163 0.000471106
111132 0.000329725
111604 0.00035122
111376 0.000335205
111391 0.000174611
111612 0.000174709
112114 0.000672857
111412 0.000331016
111817 0.000336097
111897 0.000443557
111886 0.000374532
111081 0.000335093
110929 0.000187319
111929 0.000222816
111799 0.000482393
112115 0.000596748
112074 0.000676819
111560 0.000380608
111667 0.000287604
111959 0.000409184
111158 0.0004793
112085 0.000196502
111616 0.000422996
111531 0.000480815
111522 9.47867e-05
112093 0.000375323
111121 0.000366281
110940 0.000101564
111548 0.000467873
111073 0.000231281
111329 0.000637095
110927 0.000594273
111606 0.000600285
110999 0.000169873
111563 0.000424334
111167 0.000198432
111128 0.000619265
111622 0.000166806
111197 0.000221754
111164 0.000535045
111369 0.000256591
112069 0.000471676
111570 0.000352808
111654 0.000600601
111995 0.00046014
110978 0.000409956
111888 0.000143082
111875 0.000421097
111554 0.000366972
110979 0.00032572
110951 0.000243235
111551 0.000257334
110956 0.000390472
111333 0.000350109
111572 0
111095 0.000401571
111842 0.000478332
112257 0.000545446
111587 0.000280047
111836 0.000468878
112123 0.00049781
111809 0
110982 0.000197246
111562 0.000309681
111559 0.000430904
111367 0.000415132
111630 0.000340793
111394 0.000439689
111996 0.000736377
111600 0.000261826
111201 0.000391734
111588 0.000224778
111882 0.000516863
112237 0.00038994
111403 0.000343171
111661 0.000436647
111553 0.000337055
110944 0.000412854
111907 0
112249 0.000486381
111965 0.000518583
111956 0.000255211
111571 0.000566401
110963 0.000263477
111575 0.000611122
111969 0.000642467
111564 0.000506388
111547 0.000297398
111143 0.000462454
111864 0.000197006
111618 0.000442494
112118 0.000187935
110914 0.000519211
112248 0.000240375
111653 0.000253375
111948 0.000160927
111533 0.000560468
111155 0.00162655
110971 0.000321234
111780 0.000592577
111644 0.00038046
111363 0.000342363
111635 0.000298775
110928 0.000228446
111958 0.000567537
112090 0.000254065
111641 0.000335096
111172 0.000346061
112143 0.000646273
111620 0.00026297
111096 0.000434943
111364 0.000239303
110970 0.00018934
111680 0.000199382
111925 0.000111148
111928 0
111423 0.000246893
112009 0.00021796
111368 0.000467536
111819 0.000430601
111990 0.000175531
110976 0.000187629
