122153 0.15543
121939 0.156359
121435 0.156057
121758 0.155508
121843 0.151676
121968 0.156552
121458 0.148958
121788 0.156938
121374 0.148889
121780 0.153156
121842 0.145561
121804 0.147132
121653 0.151075
122125 0.150615
121414 0.148871
121528 0.155141
122176 0.151589
122093 0.155184
121808 0.151609
121414 0.154865
121479 0.14824
121804 0.153865
122109 0.149474
121549 0.152226
121592 0.155837
121794 0.148498
121950 0.155182
122141 0.150298
121551 0.154765
122158 0.15167
121638 0.159368
121687 0.158779
121951 0.152996
121698 0.155246
121764 0.156976
121433 0.152287
121681 0.157901
121966 0.153721
121375 0.148036
121824 0.151367
121704 0.159478
121531 0.147943
121721 0.150137
121370 0.151106
121842 0.146148
122117 0.154798
121534 0.152653
121526 0.151364
121569 0.153271
121401 0.160714
121899 0.14787
121343 0.147427
121437 0.153861
121593 0.154596
122154 0.159322
122138 0.151905
121801 0.150558
121962 0.157477
121407 0.148427
121772 0.15103
122166 0.153161
121727 0.148822
121428 0.151396
121724 0.146413
121725 0.147396
121944 0.145789
121943 0.152056
121545 0.15166
121640 0.151988
121929 0.157906
121422 0.149959
121530 0.151007
121408 0.150782
121529 0.157464
122173 0.151119
121779 0.148911
121751 0.154941
122003 0.153998
121868 0.143389
121365 0.153577
122124 0.150933
121944 0.153101
121729 0.153814
121399 0.145468
121449 0.150831
122129 0.150428
121626 0.152777
121924 0.144989
121539 0.150685
121458 0.152562
121912 0.158717
121406 0.149499
121924 0.146875
122064 0.154337
121416 0.152726
122174 0.148547
122006 0.154684
121549 0.149921
121547 0.158133
121933 0.152787
121790 0.155907
122112 0.154979
121407 0.149581
121556 0.154338
121711 0.151494
121917 0.155404
122074 0.157304
122152 0.153041
121792 0.152672
121903 0.152062
121943 0.147257
121952 0.155068
122156 0.145142
121946 0.147284
122142 0.15552
121718 0.1498
121754 0.158755
121869 0.153398
121778 0.148838
121623 0.143932
121348 0.154396
121768 0.152333
121901 0.149032
121824 0.156686
121430 0.152066
122168 0.150113
121760 0.147313
121539 0.158936
121710 0.146801
121653 0.152262
121994 0.159391
122125 0.150118
121970 0.15234
121792 0.150106
121379 0.152652
122101 0.155379
121765 0.154164
121416 0.14691
122098 0.152763
122158 0.151863
121557 0.153188
121526 0.155719
121734 0.148572
121872 0.150509
121560 0.151113
122098 0.155851
121820 0.149924
121811 0.14951
121987 0.151779
121769 0.151802
121750 0.150407
121580 0.14996
121545 0.148104
121946 0.15682
121592 0.14904
121779 0.154595
121987 0.151517
122127 0.153751
121378 0.146503
122101 0.151274
121395 0.152081
121641 0.149502
121409 0.148468
122160 0.152389
122076 0.154997
121422 0.153437
121683 0.155254
121565 0.15281
121816 0.153358
121889 0.151782
121553 0.15799
121751 0.156144
121920 0.153502
121874 0.159193
121557 0.150844
121912 0.150181
121531 0.15389
121790 0.149842
122006 0.153934
121812 0.154828
122148 0.150896
122089 0.148791
121641 0.148531
121721 0.153093
121539 0.149141
121558 0.149392
122099 0.152441
121390 0.151626
121535 0.151557
121769 0.148776
121544 0.146293
121416 0.155872
121716 0.150686
121870 0.151203
122174 0.152246
122118 0.149951
122080 0.148597
122169 0.151644
121756 0.154176
121936 0.147213
122076 0.152668
121892 0.149456
121804 0.154334
121530 0.150933
121917 0.156097
122153 0.151368
121932 0.152423
122001 0.152462
121966 0.155604
121752 0.148017
121420 0.149728
121588 0.151688
121915 0.155014
121816 0.153375
121547 0.152634
122072 0.149658
121771 0.153419
121563 0.150692
121784 0.149998
121637 0.152719
121446 0.162914
122111 0.156627
121808 0.15082
121544 0.153133
121707 0.147194
121713 0.151003
121420 0.149924
121539 0.143025
121448 0.151586
121953 0.153399
121567 0.151094
121378 0.148505
121841 0.153026
121814 0.151846
121555 0.15193
121711 0.147509
121996 0.154966
121783 0.154175
121721 0.154594
121340 0.155297
121557 0.149129
121436 0.151877
121795 0.152323
121582 0.153663
121996 0.151777
121637 0.154115
121887 0.152703
122134 0.155065
121340 0.157968
121526 0.152234
121905 0.143214
122127 0.15455
121927 0.148874
121774 0.153989
121688 0.155198
122080 0.149693
122079 0.150333
121347 0.149864
122064 0.157273
121638 0.14755
121814 0.151984
121429 0.146981
121395 0.15139
121732 0.145216
121434 0.152749
121799 0.148377
121540 0.15156
121915 0.150769
121885 0.15426
122073 0.148862
121639 0.157402
122098 0.149177
121711 0.143228
121872 0.146445
121823 0.151209
121689 0.149906
121999 0.153983
121425 0.149019
122074 0.152182
121361 0.150936
121628 0.151202
122007 0.151505
121822 0.150415
121802 0.15519
121887 0.154542
121381 0.151519
121631 0.151559
121847 0.15031
121725 0.14951
121540 0.148575
122097 0.152096
122105 0.149614
121875 0.152319
121543 0.151064
121970 0.153903
121914 0.157868
121552 0.150258
122105 0.151781
121595 0.151742
121382 0.147938
121628 0.156809
121397 0.147869
121694 0.155882
121339 0.147023
121968 0.152671
122154 0.151975
122099 0.156724
121652 0.148392
121826 0.154098
121558 0.150281
121585 0.151853
121705 0.149009
121844 0.155453
122132 0.151512
121884 0.149714
121580 0.151388
121624 0.152035
121996 0.15415
121442 0.153553
121708 0.154625
121580 0.154532
121426 0.157788
121968 0.152879
121554 0.150955
121715 0.152948
121424 0.144448
122066 0.154889
121399 0.156168
121429 0.150822
121872 0.15375
122093 0.15772
121766 0.151601
121398 0.1531
121814 0.155013
121687 0.151361
121758 0.150718
121560 0.13977
121528 0.153568
121585 0.146216
122118 0.151947
121349 0.149022
121441 0.158882
122114 0.161234
122073 0.151432
121650 0.155272
122160 0.155188
121804 0.155138
122134 0.158374
121448 0.151427
121459 0.149122
121401 0.152832
121474 0.152174
121874 0.153149
121689 0.150251
121951 0.156257
121553 0.150138
121343 0.153176
122007 0.145323
121890 0.14629
121918 0.14987
121535 0.156105
121344 0.152318
122092 0.154138
121992 0.147463
122116 0.154019
122172 0.152371
121952 0.150475
121873 0.1504
122156 0.151924
122089 0.14842
121929 0.148669
121785 0.149625
121876 0.152461
122133 0.148981
121384 0.153731
121943 0.155708
122139 0.147604
121529 0.150886
121722 0.153986
121347 0.146423
121397 0.15331
122143 0.149615
121441 0.149323
121728 0.151848
122092 0.152209
121569 0.150681
121568 0.148621
121996 0.15284
121531 0.152029
121962 0.150683
121375 0.154915
121932 0.155804
121527 0.152801
121593 0.150933
121748 0.157667
121953 0.150245
121768 0.150988
121476 0.152643
121373 0.155857
121710 0.149958
122073 0.153266
121917 0.153005
121936 0.158762
121576 0.146703
121892 0.155463
121756 0.150796
121454 0.151256
121767 0.152365
122160 0.146766
121974 0.152249
121362 0.147082
121729 0.149863
121387 0.150034
121790 0.151536
121986 0.154225
122102 0.151633
121633 0.151306
122102 0.151539
121929 0.151331
121565 0.153319
121944 0.151599
121477 0.148908
121653 0.151843
121723 0.151057
121968 0.15106
121550 0.151898
121728 0.152709
121812 0.152846
121898 0.150779
122111 0.151034
122085 0.1531
121579 0.147249
121519 0.154667
121965 0.146189
121519 0.155229
122003 0.153605
122178 0.154519
121903 0.148751
121385 0.147765
122167 0.148229
121965 0.152273
121788 0.152737
121623 0.142411
121847 0.151661
121340 0.146205
122169 0.150564
121592 0.154367
121940 0.15679
121920 0.154122
121528 0.152758
122064 0.164547
122118 0.153212
121766 0.156917
121963 0.149201
121399 0.147156
121994 0.150358
121799 0.150381
122089 0.156697
121446 0.15273
121772 0.153887
121479 0.149553
121424 0.155041
122003 0.151014
121989 0.150132
122148 0.151403
121889 0.155488
121378 0.157969
121582 0.152929
121344 0.15737
121904 0.148165
121590 0.14254
122072 0.150517
121684 0.155876
121402 0.15047
121892 0.153691
121416 0.151298
121819 0.13481
122072 0.151873
121899 0.153548
121373 0.148737
121989 0.14839
121527 0.148529
121561 0.150763
121927 0.151155
121556 0.153736
122085 0.154601
121414 0.154838
122071 0.155305
121526 0.153923
121365 0.150625
121787 0.155049
121433 0.151758
121916 0.155353
121637 0.14815
122143 0.150244
121529 0.149082
121590 0.152481
122129 0.155514
121801 0.154105
121844 0.151317
121681 0.154967
121999 0.153812
121925 0.151065
121704 0.161891
121435 0.153859
121704 0.157709
121995 0.150107
121588 0.153978
121346 0.146331
121721 0.150587
121967 0.156522
121421 0.155413
121394 0.152063
121815 0.141985
122081 0.151467
121561 0.157135
121436 0.146721
121434 0.151827
121370 0.151363
122142 0.151417
121997 0.152622
121553 0.149598
121568 0.154236
121651 0.152482
121992 0.150949
121723 0.152017
121525 0.135233
121877 0.154752
121822 0.149522
121436 0.150447
121716 0.149191
121373 0.150628
122159 0.154
121421 0.1529
122169 0.154829
121728 0.15024
121843 0.154214
122178 0.155699
121427 0.155055
121348 0.154159
121754 0.160825
121873 0.146832
122136 0.154266
121767 0.149323
122139 0.15426
121708 0.15462
121877 0.149346
121391 0.149605
121426 0.151745
121827 0.145842
121774 0.143941
121528 0.149826
121802 0.159363
121689 0.150148
122069 0.155456
122148 0.152185
122102 0.15162
122141 0.153737
121454 0.15213
121783 0.151042
121939 0.150097
121409 0.151541
122076 0.14797
121815 0.149936
121887 0.149144
122146 0.151605
121446 0.148879
122125 0.153131
121476 0.150587
121795 0.153692
121449 0.150153
121873 0.156169
121422 0.150654
121954 0.152619
121901 0.150875
121678 0.149714
121426 0.156935
121708 0.149146
121407 0.153235
121347 0.168828
121920 0.150644
121874 0.157258
121558 0.153849
121815 0.159016
121556 0.153327
122179 0.152379
122124 0.150661
121394 0.151627
121527 0.154858
122173 0.154568
121550 0.150175
122077 0.15753
121943 0.150467
121868 0.137737
121803 0.155151
122074 0.150131
121448 0.148746
121362 0.142482
121640 0.155343
121711 0.152812
121545 0.151941
122105 0.151732
121395 0.151749
121459 0.153273
122129 0.153599
122112 0.152804
121841 0.154845
121362 0.168128
121373 0.15072
121574 0.151348
121568 0.153682
121535 0.153455
121973 0.150045
122091 0.151518
122147 0.155909
121385 0.154658
121714 0.157291
121408 0.15093
121823 0.151864
121803 0.150335
121519 0.149826
121727 0.146364
121374 0.156196
121561 0.151963
122105 0.155765
121997 0.148851
122152 0.148897
121536 0.152112
121906 0.148478
121808 0.151558
121374 0.148923
121551 0.155169
121581 0.154343
121652 0.15168
121811 0.151486
121400 0.158108
122108 0.151786
121477 0.148432
122137 0.152391
121985 0.151764
121712 0.153571
121912 0.148728
121870 0.152845
121752 0.152579
121551 0.152658
121385 0.15212
121636 0.145931
121771 0.150429
121787 0.155281
121349 0.15169
121800 0.151381
121554 0.15539
121753 0.156424
121819 0.155168
121394 0.151951
122138 0.154675
121986 0.150546
121406 0.155652
122136 0.151549
121710 0.149629
121915 0.153638
121593 0.147323
121706 0.14986
121989 0.150188
121951 0.150856
121694 0.152797
121753 0.149132
121624 0.141288
121419 0.151396
121905 0.153327
121454 0.147409
121402 0.154072
121887 0.150543
122093 0.158289
121714 0.153412
122153 0.152216
121916 0.151708
122109 0.146363
121822 0.150507
121718 0.152125
122117 0.155329
122097 0.147695
121967 0.153055
121706 0.148089
121785 0.156253
121892 0.148824
121379 0.145874
121563 0.151993
121529 0.14764
122109 0.154715
121418 0.160498
121437 0.153257
121427 0.151357
121608 0.151719
121407 0.147484
121569 0.154003
122166 0.151548
121344 0.153958
121963 0.154897
121817 0.152334
121408 0.152773
122124 0.153833
121820 0.150737
122077 0.148973
121723 0.150767
121930 0.151053
121724 0.153927
121715 0.151006
121706 0.151922
121565 0.15324
121456 0.148402
122076 0.157226
121994 0.160672
121698 0.152494
121582 0.158628
121552 0.158355
121789 0.152202
121684 0.155703
121962 0.150284
121920 0.153715
122164 0.150722
121624 0.148528
121901 0.153892
122126 0.151811
121626 0.150695
122112 0.148249
122178 0.150559
121813 0.150664
121442 0.148749
121639 0.154175
121779 0.148826
121944 0.155024
121609 0.149528
121992 0.152568
121789 0.148902
121563 0.152126
121437 0.150394
122070 0.146466
121595 0.151779
122079 0.155005
122073 0.15257
121559 0.153197
121802 0.1495
121822 0.151761
121550 0.151763
121706 0.150151
121387 0.153122
121420 0.151379
122081 0.154098
121559 0.152462
121678 0.153256
121381 0.154143
121940 0.152456
122166 0.155588
121997 0.148842
122166 0.151804
121995 0.149093
121542 0.152688
121767 0.157004
121339 0.152454
121973 0.153798
121681 0.150479
122083 0.150638
121729 0.156337
121396 0.154502
121476 0.150145
122159 0.14693
121547 0.155016
121827 0.152762
121409 0.153608
121813 0.150416
121842 0.150219
121792 0.148338
121540 0.152577
121390 0.152676
121973 0.147196
121408 0.151618
121384 0.149986
121897 0.156838
121633 0.153428
121868 0.160912
122112 0.152593
121687 0.153745
121985 0.151388
121816 0.15575
121812 0.150241
121954 0.154162
121536 0.153164
121912 0.153033
121760 0.158705
122137 0.155151
121820 0.153995
121534 0.157044
121582 0.151579
122081 0.154224
121458 0.153554
121525 0.146119
121567 0.153719
122132 0.153883
121688 0.15623
121841 0.145558
122147 0.154152
122102 0.149334
121800 0.151926
121764 0.153533
121876 0.155249
121530 0.152406
121585 0.149218
121714 0.146646
122173 0.15565
122111 0.153732
121953 0.156642
121716 0.156873
121926 0.149899
121650 0.155052
121870 0.150103
122164 0.15318
121609 0.150813
121595 0.15337
121694 0.14854
121705 0.154951
121927 0.150988
121430 0.149047
121402 0.156228
121534 0.147658
121933 0.153241
121652 0.148509
121732 0.145737
121972 0.152947
121633 0.151396
121442 0.149261
121780 0.148222
121949 0.154213
121970 0.153071
121785 0.14539
121972 0.150607
121421 0.153599
121916 0.149908
121400 0.160851
122092 0.153258
122101 0.152342
121555 0.151085
121906 0.142526
121421 0.149867
122079 0.150574
121764 0.150386
121384 0.153037
121890 0.15538
121827 0.151403
121932 0.153026
121967 0.154424
121974 0.150452
122134 0.153585
121718 0.154833
121590 0.15034
121705 0.145018
121869 0.154169
121753 0.151706
122083 0.150407
121819 0.153339
121523 0.153594
121899 0.150902
121346 0.153143
121641 0.150328
121794 0.15338
121933 0.149124
121928 0.158231
121418 0.146684
121574 0.150855
121548 0.153051
121760 0.147106
121902 0.145414
121846 0.153934
121799 0.150937
122094 0.148502
121549 0.152006
121890 0.149937
121967 0.155805
121903 0.152282
121727 0.148719
121458 0.156966
122164 0.149379
121817 0.155588
121778 0.148314
121480 0.155556
121704 0.155393
121992 0.155554
121842 0.154194
122083 0.153536
121846 0.14849
121915 0.151763
122139 0.151638
121361 0.152698
121748 0.157501
121428 0.148138
121525 0.168103
121432 0.148684
121576 0.153273
121430 0.14794
121401 0.148356
121715 0.150374
121534 0.148989
121361 0.151144
121398 0.153825
122178 0.152331
121419 0.144764
121683 0.148096
122109 0.158768
121683 0.146751
121917 0.152746
121966 0.149935
121432 0.151812
121933 0.152214
121846 0.15151
122124 0.153299
122092 0.154548
121901 0.157107
121885 0.151398
121559 0.150618
122006 0.154862
121811 0.149071
122156 0.153252
121953 0.148506
121813 0.150067
122176 0.151728
121803 0.151538
121656 0.152137
122077 0.144941
121847 0.149233
121609 0.148638
121734 0.157343
121987 0.149588
121713 0.155145
121649 0.157363
121768 0.156862
121689 0.149294
121348 0.153502
121365 0.151658
121631 0.150657
121976 0.152485
122176 0.155406
121419 0.151343
121803 0.148568
122001 0.157389
122098 0.152334
121373 0.156306
121918 0.153711
121547 0.148869
121650 0.157588
121434 0.152648
121999 0.156521
121969 0.143319
121899 0.153065
122167 0.153007
121752 0.150312
121425 0.153084
121678 0.147716
121948 0.154794
122138 0.149998
121722 0.151328
121639 0.156665
121989 0.151216
121817 0.151666
122126 0.153188
121432 0.149575
121843 0.150089
121479 0.150359
121918 0.15006
122094 0.149236
122170 0.154487
122074 0.152028
121414 0.151004
122139 0.154182
122071 0.151837
121525 0.153326
121406 0.150379
121889 0.149134
121781 0.149073
121708 0.146642
122126 0.150204
121543 0.158261
121456 0.151014
121885 0.152037
121930 0.154762
121914 0.143783
122158 0.153549
122137 0.151844
121580 0.15625
121565 0.150705
121585 0.155464
121442 0.151014
121631 0.151367
121555 0.14925
121454 0.146313
121456 0.151049
122132 0.153501
121823 0.151716
122146 0.152787
121800 0.152172
122089 0.144873
121784 0.156789
121713 0.15036
121812 0.157476
121952 0.15566
121623 0.158773
121766 0.150149
122116 0.150209
121926 0.157363
122111 0.154127
121542 0.152253
121569 0.154243
121725 0.15559
121433 0.153564
122174 0.153536
121768 0.154726
121925 0.148876
122108 0.149164
121649 0.145739
121780 0.156026
121688 0.149677
121381 0.156802
121750 0.155037
122159 0.150791
122001 0.150475
122124 0.152381
122159 0.152943
121523 0.152925
122064 0.152022
122158 0.157833
121965 0.162366
121432 0.154101
121713 0.15183
121847 0.150468
121640 0.150983
121707 0.149282
121396 0.152321
122143 0.150341
121898 0.14923
121753 0.155736
121459 0.156456
121752 0.150689
122072 0.1486
121361 0.150731
121914 0.148566
121633 0.154924
121536 0.146336
122077 0.148951
121406 0.152369
121474 0.157427
121925 0.149631
121344 0.157701
121378 0.156557
121826 0.149178
121792 0.149814
121688 0.151288
121876 0.149502
121651 0.151318
121787 0.149966
121418 0.164668
121550 0.152051
121877 0.150158
122123 0.157349
121846 0.15373
121427 0.153883
121875 0.150865
122001 0.147263
122070 0.157494
122126 0.151269
122133 0.150985
122154 0.155354
121951 0.153036
121772 0.154854
121729 0.153559
121433 0.158888
121788 0.15421
121787 0.15464
121651 0.149706
121906 0.157647
121639 0.150822
121574 0.153969
121560 0.150207
121545 0.15493
121441 0.146886
122142 0.151798
121557 0.149922
122070 0.150581
121425 0.154771
122156 0.14493
121760 0.152253
122117 0.151913
121641 0.150161
121916 0.150544
121626 0.152722
121946 0.160045
122066 0.155947
121930 0.157068
121748 0.164096
122138 0.155878
121555 0.152079
121778 0.149413
121758 0.153511
121884 0.154941
121714 0.149035
121869 0.153201
121789 0.151167
122003 0.154684
121994 0.149654
121560 0.144731
121369 0.15512
121339 0.146058
122118 0.156359
122066 0.151255
121902 0.148171
121544 0.159416
121732 0.164241
121707 0.148364
121949 0.154551
121995 0.152693
122093 0.154096
121873 0.152908
122136 0.151717
121705 0.154808
121698 0.154147
121963 0.160207
121795 0.151378
122071 0.151813
121884 0.152531
122123 0.151567
121428 0.163526
121765 0.146399
122108 0.162822
122007 0.166231
121781 0.155277
121725 0.15307
121476 0.14744
121972 0.149338
122141 0.15306
122114 0.153908
121449 0.15367
122091 0.15593
121939 0.151132
121608 0.149252
121609 0.147819
121930 0.148195
121656 0.147705
122080 0.149824
122170 0.149599
121369 0.149689
121399 0.147979
121653 0.151814
121456 0.151942
122127 0.152421
121949 0.14974
121543 0.162317
121715 0.15262
121911 0.149581
121579 0.149496
121962 0.150596
121429 0.152857
121588 0.152112
121375 0.15055
121750 0.15873
121924 0.151586
121925 0.15241
121636 0.153243
121595 0.158905
121985 0.151934
121397 0.154274
122134 0.146771
121640 0.152487
121898 0.15213
121948 0.151433
121813 0.151319
121766 0.150966
121844 0.15485
121554 0.148853
122164 0.152478
121631 0.150713
121397 0.152437
121904 0.147068
121681 0.153436
122069 0.150743
121628 0.156123
122148 0.15076
121780 0.150933
122174 0.15092
121764 0.151447
121396 0.153056
122101 0.151853
121348 0.154523
121722 0.152565
121523 0.149447
121778 0.156517
121390 0.150768
121914 0.15637
121788 0.156018
121948 0.148501
121698 0.150105
121889 0.150705
121362 0.154011
121794 0.153037
121985 0.151445
121347 0.145636
122091 0.149908
121434 0.148009
121902 0.1522
122172 0.15331
121579 0.155316
121868 0.152554
121918 0.157875
122070 0.148867
121969 0.155999
121781 0.147052
121652 0.151558
122152 0.15029
121795 0.147633
122114 0.157185
121800 0.154754
121574 0.153214
121441 0.168906
121751 0.150098
121349 0.150065
122099 0.152444
121926 0.156114
121362 0.150232
121385 0.151559
122172 0.153421
122081 0.14886
122176 0.155594
121343 0.151461
121974 0.14863
121400 0.157373
121567 0.147289
121435 0.156136
121940 0.15104
121395 0.151604
121716 0.154808
121911 0.152117
121906 0.147356
121448 0.151122
121969 0.151334
121928 0.151258
121815 0.143284
122136 0.151636
121976 0.155176
121477 0.153363
122085 0.151607
122132 0.149356
121973 0.161675
121542 0.156073
121987 0.154778
121724 0.148429
121995 0.150044
121527 0.15283
121401 0.151225
121588 0.142598
121638 0.156603
121419 0.146931
122094 0.15264
122123 0.149902
121387 0.147207
121940 0.151229
121579 0.153223
121425 0.152813
121771 0.150011
121649 0.158797
121902 0.152499
121949 0.153909
121548 0.154097
121424 0.16055
121728 0.149854
121636 0.146376
122007 0.153078
121928 0.150196
121905 0.150428
121954 0.151778
121904 0.154443
121727 0.153995
121801 0.153
122069 0.15272
121480 0.147504
121551 0.153846
121975 0.152467
121748 0.156447
121382 0.16002
121623 0.154877
121608 0.151538
121346 0.157146
121911 0.15092
121567 0.15279
121552 0.15494
121824 0.155078
121841 0.14774
121794 0.149733
121343 0.153411
122083 0.149772
121637 0.15038
122066 0.151261
122116 0.150328
121365 0.149677
122129 0.154316
121904 0.142071
121827 0.150504
121950 0.153946
121409 0.150352
121767 0.152601
121817 0.14877
121911 0.15427
121381 0.148514
121765 0.1514
121628 0.15107
121568 0.151231
121779 0.153417
121986 0.153422
121576 0.149924
121965 0.152256
121897 0.155769
121374 0.154805
121543 0.162092
121723 0.149612
121561 0.155821
121946 0.157639
121435 0.156022
122127 0.155859
121428 0.152338
121609 0.149829
121656 0.147992
122167 0.149818
121722 0.150794
121707 0.14662
121519 0.153503
121769 0.156292
121718 0.150219
121758 0.150603
121391 0.152629
121898 0.153137
121427 0.153542
121558 0.155259
121799 0.146563
121651 0.15069
122097 0.154273
121869 0.153935
121390 0.149602
121549 0.149848
122147 0.151287
121426 0.154712
121687 0.152858
121750 0.157037
121530 0.146123
121803 0.15273
121420 0.152441
121785 0.152936
121819 0.155926
121398 0.151342
121975 0.153173
121974 0.148293
121678 0.156385
122133 0.150645
121783 0.153764
121387 0.150574
122141 0.152167
121872 0.149611
121784 0.146295
121369 0.153059
121843 0.150478
121929 0.149758
121734 0.152313
121394 0.150822
121638 0.145102
121844 0.148679
122094 0.148559
121874 0.148954
121814 0.154099
121884 0.154234
121999 0.151035
122170 0.148072
121771 0.148028
121474 0.147662
121391 0.152633
121559 0.151247
121774 0.156019
121384 0.149239
121446 0.157369
121581 0.149864
121656 0.151828
121927 0.152068
122170 0.152558
121480 0.153561
121756 0.146318
121544 0.153809
121340 0.142181
121424 0.148546
122097 0.15705
121924 0.140796
122152 0.153126
121811 0.154968
122146 0.15424
121581 0.154545
121683 0.150943
121553 0.154412
122108 0.152509
121402 0.148818
121391 0.153338
122142 0.152721
122099 0.153155
121989 0.150178
122114 0.151108
122169 0.152897
122147 0.153106
122079 0.152148
122117 0.15544
121339 0.159033
121905 0.148649
121820 0.151991
121379 0.145335
121754 0.150195
121536 0.150148
121756 0.14871
121975 0.148862
121932 0.15114
121734 0.147665
121459 0.149653
121552 0.153895
121976 0.150218
121436 0.151014
121418 0.143519
121928 0.150329
121556 0.148539
121398 0.146648
121523 0.150935
121972 0.151183
121948 0.148242
122168 0.151977
121816 0.152057
121650 0.149628
121593 0.149858
121754 0.154666
121875 0.14895
121369 0.148466
121954 0.154238
121824 0.154589
121375 0.147913
121732 0.158157
121535 0.151981
121897 0.152726
122160 0.1443
122085 0.14731
121789 0.147457
121370 0.149092
122080 0.145481
121997 0.154403
121890 0.151145
122091 0.154212
121765 0.155017
121346 0.15443
121724 0.149101
121626 0.152201
122168 0.153536
121772 0.155025
121827 0.150696
121430 0.146578
121593 0.153873
121936 0.156708
121449 0.151848
121790 0.146992
122154 0.153641
122143 0.15396
121429 0.149842
121637 0.149236
121422 0.153062
122153 0.152678
121952 0.156648
121875 0.147733
121936 0.153268
121877 0.153616
122133 0.153443
121563 0.151831
121437 0.153487
121684 0.151163
121694 0.152667
121823 0.153953
121531 0.157563
121382 0.142144
121684 0.151369
121474 0.140968
121576 0.14733
122116 0.154155
122069 0.158454
121784 0.148908
121449 0.148469
121783 0.148903
121950 0.15116
121769 0.150595
121939 0.149155
121970 0.151795
122071 0.152301
121876 0.149114
121477 0.15474
121870 0.15379
121548 0.150346
121479 0.151122
121801 0.151457
121986 0.154255
122173 0.152618
121649 0.153034
121540 0.152177
121548 0.149568
121950 0.148453
121826 0.150475
122125 0.153057
121624 0.155554
121897 0.150346
121885 0.153457
121926 0.15435
122167 0.155163
121808 0.151701
122168 0.151592
121554 0.151665
121379 0.149025
121965 0.155395
122174 0.157375
121903 0.147028
121608 0.155369
121751 0.156785
121966 0.151473
