116589 0.19837
116218 0.196666
116464 0.205576
116369 0.186834
116745 0.195902
116816 0.188134
117085 0.210632
116903 0.202232
116585 0.203669
116193 0.20249
117045 0.184299
116717 0.198402
116361 0.194722
116500 0.203419
116786 0.202435
116357 0.178368
116480 0.222727
116660 0.196813
117055 0.175908
116269 0.200854
116667 0.197952
116946 0.19934
116463 0.203147
116691 0.195341
116219 0.210204
116978 0.198471
116413 0.197655
116773 0.219434
116153 0.209993
116189 0.189526
116211 0.183577
117050 0.180451
116233 0.197912
116602 0.193433
116229 0.191573
116878 0.19898
116229 0.198537
116919 0.198333
116923 0.216814
116804 0.192639
116930 0.189252
116791 0.19989
116281 0.187183
116262 0.201864
116802 0.203562
116628 0.191244
116468 0.19363
116925 0.19674
116597 0.202424
117061 0.246667
116509 0.204844
116705 0.198947
116647 0.202926
116495 0.20763
116224 0.203794
116885 0.19727
116189 0.186418
116986 0.203845
116904 0.211643
116211 0.202198
116890 0.186792
116879 0.202119
116465 0.189173
117004 0.190705
116432 0.195423
116933 0.206544
117101 0.170642
117011 0.196455
116184 0.190441
116804 0.215121
116237 0.188088
116172 0.202013
116893 0.193798
116809 0.184957
116636 0.198045
116204 0.200216
116362 0.206526
116590 0.199892
116412 0.193987
116763 0.19657
116333 0.212261
116246 0.183924
116766 0.201463
116150 0.2
116256 0.200931
116629 0.197865
116412 0.197305
116671 0.197791
116166 0.210989
116409 0.217532
117083 0.178138
116874 0.190321
116602 0.201028
116433 0.176314
116195 0.199012
116210 0.196609
116979 0.195269
116252 0.205444
116380 0.202725
116764 0.201085
116931 0.18997
116894 0.185818
116290 0.196253
116864 0.205128
116879 0.199493
116156 0.201042
116865 0.221525
116283 0.207126
116216 0.200981
116748 0.199421
116980 0.205148
116195 0.185997
116258 0.206079
116860 0.212678
116365 0.198705
117035 0.19403
117087 0.189978
117022 0.198429
116131 0.200192
117041 0.202028
116393 0.195732
116755 0.197575
116154 0.200424
116432 0.20162
116416 0.190898
116167 0.200318
117070 0.192214
116768 0.186677
116215 0.202028
116597 0.219424
116991 0.201095
116164 0.199365
116569 0.187657
116996 0.199044
117092 0.208145
116579 0.199491
116282 0.202797
116414 0.190273
116361 0.204634
117090 0.225206
116766 0.195129
116744 0.19392
116860 0.190691
116210 0.196817
116340 0.174051
116677 0.199569
116359 0.208862
116594 0.195695
116504 0.190541
116615 0.193043
116706 0.201651
116266 0.19616
116728 0.196944
116640 0.194836
117051 0.196875
116362 0.194646
117006 0.205365
116334 0.188264
116462 0.191076
116358 0.187675
116433 0.199598
116875 0.193878
116984 0.213592
116639 0.182609
116371 0.20216
116585 0.190821
116647 0.188363
116616 0.196652
116875 0.195392
116857 0.20274
116773 0.187887
116247 0.193473
116742 0.204661
116277 0.205379
116924 0.200623
116240 0.202515
116579 0.198032
116380 0.190876
116680 0.202105
116520 0.201136
116616 0.198576
117018 0.205274
116634 0.199809
116769 0.202353
117019 0.197752
116768 0.20686
116858 0.204225
116159 0.225532
116762 0.19358
116873 0.206207
116577 0.197309
116945 0.203164
116890 0.174812
116289 0.198874
116247 0.201048
116453 0.184636
116516 0.192661
116617 0.194187
116934 0.188182
116268 0.197497
117062 0.201619
117015 0.200667
116501 0.203653
116462 0.196217
116919 0.208972
116278 0.193331
116860 0.204939
116414 0.191803
116218 0.196493
116332 0.199797
116423 0.18767
116259 0.209293
116364 0.1984
116705 0.200905
116214 0.200704
116478 0.204441
116812 0.201946
116716 0.211334
116151 0.199682
116395 0.199902
116589 0.187761
116485 0.190042
116637 0.198838
116980 0.198069
116747 0.200435
116219 0.202813
116596 0.192795
116257 0.192649
116739 0.199219
117005 0.206304
116262 0.185935
116651 0.192174
116261 0.206385
116360 0.195831
116874 0.188841
116982 0.199174
116278 0.19351
116410 0.199302
117012 0.201611
116573 0.199043
116129 0.228137
116738 0.193744
116808 0.199423
117008 0.215306
117015 0.195531
116425 0.202924
116235 0.2
116179 0.197209
116436 0.20429
116255 0.197308
116647 0.196668
117031 0.197846
116947 0.200581
116637 0.201285
116338 0.185325
116395 0.196227
116385 0.198495
116787 0.197515
116814 0.18649
116885 0.205452
116166 0.197531
116238 0.191702
116651 0.190184
116913 0.197213
116659 0.179646
117023 0.193636
116733 0.187982
116367 0.200316
116167 0.202786
116890 0.230631
116893 0.200302
116874 0.191194
116424 0.208452
117094 0.202264
116776 0.195789
116439 0.192074
116358 0.210174
116663 0.18084
116594 0.192298
116501 0.175985
116428 0.209913
117074 0.196412
116717 0.189382
116387 0.187195
116429 0.196668
116158 0.195634
116412 0.192648
116812 0.182688
116280 0.18965
116460 0.186195
117074 0.198422
116656 0.214286
116515 0.21518
116948 0.200509
116877 0.196759
117040 0.197174
116694 0.188178
116621 0.197727
116673 0.188533
116894 0.190395
116216 0.205901
117093 0.200514
116208 0.196764
116425 0.19898
116810 0.213567
116394 0.190292
116697 0.199394
116464 0.194251
116809 0.198172
116242 0.214372
116520 0.19598
116502 0.186418
116199 0.200912
117075 0.203495
116764 0.198329
116432 0.191035
116242 0.209563
116236 0.191524
116573 0.198588
116691 0.192308
116771 0.195903
116239 0.196629
116291 0.201196
116376 0.18788
117075 0.195087
116635 0.193971
116171 0.206612
116762 0.186785
116409 0.19084
116360 0.204718
116902 0.215769
116254 0.19799
116517 0.212264
117019 0.202038
116339 0.196614
117029 0.190686
116811 0.205851
116197 0.197728
116189 0.188608
117061 0.237903
116450 0.196164
116880 0.190529
116251 0.195349
116206 0.205187
116283 0.214595
116172 0.188255
116755 0.197705
116666 0.198681
116451 0.18803
116950 0.206342
117051 0.203578
116971 0.197605
116950 0.195402
116151 0.187166
116888 0.192952
116141 0.200053
116802 0.194838
116929 0.19908
116280 0.20386
116617 0.194548
116357 0.204887
116339 0.201911
117066 0.195765
117083 0.217753
116334 0.1774
116979 0.199795
117013 0.2
116183 0.213426
117071 0.223529
116396 0.205671
116970 0.19289
116568 0.184678
116207 0.196185
116600 0.208467
116973 0.19209
116383 0.200972
116423 0.202447
116993 0.190189
117098 0.198992
116206 0.19699
116798 0.193007
116712 0.207692
116978 0.198082
116870 0.203097
116190 0.18855
116893 0.203014
116420 0.19256
116992 0.194283
116652 0.207488
117068 0.180777
116763 0.195519
116385 0.198308
116266 0.188546
116750 0.197641
116876 0.190724
116903 0.1926
116463 0.20668
116703 0.201885
117092 0.215909
116129 0.2
116356 0.207841
116889 0.219709
116182 0.193242
116338 0.191882
116410 0.19961
116206 0.189217
116289 0.208623
116728 0.183607
116626 0.192961
116225 0.187293
116569 0.216837
116894 0.198001
116626 0.196579
116290 0.196532
116259 0.193163
116927 0.196297
116170 0.192831
116246 0.218012
116641 0.196341
116581 0.194679
116999 0.197545
116808 0.216363
116787 0.186998
116670 0.210212
116889 0.214521
116237 0.20155
116227 0.203225
116361 0.198717
116129 0.182711
117063 0.187147
116355 0.190222
116639 0.200502
116451 0.20182
116208 0.193239
116394 0.194341
116257 0.195738
116727 0.199233
116770 0.204382
116330 0.211034
116699 0.197213
116739 0.208333
116907 0.200635
116475 0.198287
116635 0.203891
116942 0.203131
116194 0.209788
116786 0.183854
116601 0.194878
116518 0.20119
116204 0.20203
116646 0.195015
116732 0.203686
117029 0.195966
116204 0.196068
116495 0.187868
116458 0.193789
116965 0.191801
116992 0.193165
116170 0.191824
117020 0.199882
116614 0.204511
116876 0.189631
116582 0.185514
116574 0.173127
116900 0.194983
116179 0.202626
116787 0.207716
117095 0.204758
116570 0.202091
116660 0.18899
117003 0.205109
117035 0.199068
116440 0.196154
116594 0.198378
116369 0.196848
116440 0.197263
116230 0.199959
116205 0.201177
117096 0.200763
116416 0.197556
116585 0.193182
116153 0.194502
117105 0.184368
116477 0.194359
117001 0.189422
116573 0.197531
116925 0.191267
116421 0.196962
116659 0.211659
117055 0.203097
117069 0.193438
116167 0.193481
116577 0.202815
116656 0.194444
116696 0.179946
116865 0.204117
116701 0.209141
116800 0.202408
116753 0.200983
116516 0.19421
116267 0.202899
116268 0.191036
116810 0.192857
116439 0.196834
116621 0.198912
116282 0.192376
116272 0.196507
116971 0.195464
116205 0.195371
116182 0.18985
116178 0.19377
116212 0.192199
116231 0.198243
116502 0.194254
116902 0.192477
116879 0.194633
116196 0.194019
116977 0.197331
116994 0.199512
116870 0.20006
116224 0.200115
116630 0.175439
116694 0.199887
116496 0.20145
116650 0.183968
116744 0.176849
116677 0.204053
116785 0.193465
116978 0.192653
116758 0.186498
116289 0.20057
116475 0.198623
116715 0.194426
117011 0.206001
116510 0.203451
116196 0.190153
116776 0.202247
116761 0.190444
116743 0.209163
116266 0.197229
116568 0.206241
116770 0.197893
116458 0.194958
116646 0.212575
116767 0.198841
116468 0.197452
116815 0.20099
116706 0.210133
116770 0.20933
116247 0.197321
116814 0.19887
116745 0.19682
116380 0.197095
117052 0.198529
116739 0.198076
116360 0.201845
116499 0.193182
116940 0.202109
116219 0.201398
116263 0.192273
117055 0.203822
116732 0.204244
116277 0.188119
116883 0.185499
116484 0.197946
116425 0.193226
116614 0.21729
117046 0.19408
116624 0.213811
116581 0.214545
116186 0.182992
116891 0.187918
116982 0.19855
116628 0.193084
116168 0.203886
116207 0.201803
117008 0.214984
116924 0.204067
116612 0.191011
116128 0.208633
116983 0.20171
116677 0.199421
116173 0.201377
116398 0.199031
116671 0.1945
116223 0.222511
116257 0.189848
116965 0.197052
116367 0.197678
116227 0.190601
116600 0.198625
116987 0.198859
116663 0.186136
116395 0.197881
116689 0.195294
116239 0.195038
116500 0.188854
116396 0.196262
116263 0.207959
116776 0.20712
116939 0.196754
116201 0.193708
116357 0.1673
116652 0.206301
116353 0.193746
116730 0.195276
116666 0.190196
116225 0.193261
116374 0.206499
116651 0.197301
116950 0.217373
116923 0.204082
117062 0.203947
117017 0.195935
116671 0.194207
116362 0.194572
116381 0.185801
116816 0.182707
116990 0.18981
116614 0.187023
117030 0.194109
116256 0.185185
116590 0.193206
116881 0.202818
116740 0.206767
116194 0.197187
116595 0.201996
117018 0.193689
116604 0.196245
116181 0.196073
116699 0.193078
116707 0.192553
116211 0.204691
116672 0.194757
116271 0.200291
116735 0.191994
116857 0.195562
117087 0.191376
116568 0.193928
116650 0.200695
116635 0.205285
116900 0.201916
116332 0.169014
116914 0.199505
116641 0.207286
116482 0.200958
116514 0.20621
116238 0.182493
116421 0.200979
116935 0.219247
116660 0.198895
116812 0.199921
116880 0.197078
116872 0.17525
116246 0.199907
116615 0.199699
116255 0.198669
116579 0.19005
116332 0.190476
116612 0.193857
116942 0.207434
116659 0.208188
116201 0.19533
116371 0.190607
116160 0.203166
116468 0.21025
116872 0.183883
116366 0.198873
116935 0.179856
116178 0.207104
116907 0.205677
116381 0.217391
116615 0.191759
116359 0.19695
116158 0.184791
116994 0.196562
116716 0.179634
116422 0.199674
116367 0.196647
116234 0.19396
116738 0.182011
116484 0.205335
116970 0.198976
116498 0.207903
116282 0.197935
116153 0.19286
117010 0.190565
116221 0.184944
116932 0.219466
116720 0.191541
116901 0.208075
116884 0.201722
116190 0.195058
116993 0.198043
116577 0.202256
116976 0.201358
116366 0.198153
116574 0.204964
116750 0.199841
116222 0.193695
116521 0.193111
117010 0.201779
116711 0.196932
116501 0.194757
116903 0.202009
116740 0.211937
116387 0.202238
116518 0.206164
116480 0.183908
116940 0.201884
116250 0.177778
116149 0.190528
116689 0.179104
117003 0.197928
116873 0.206228
116150 0.20095
116269 0.196565
116224 0.202093
116960 0.200808
116280 0.198485
116393 0.219895
116235 0.195689
117040 0.21802
116603 0.192765
116755 0.212194
116184 0.193072
116270 0.187087
116628 0.202948
116504 0.198238
116292 0.188475
116733 0.2025
116590 0.2019
116464 0.20519
116199 0.192793
116766 0.204971
116773 0.192466
116712 0.213441
116514 0.197842
116197 0.207529
116128 0.210063
116612 0.18239
116588 0.202672
116371 0.206522
116870 0.216123
116727 0.2
116711 0.20775
116258 0.205285
117005 0.171091
116154 0.200803
116398 0.198547
116624 0.197903
116131 0.192823
116570 0.206268
116164 0.182771
116742 0.210414
117054 0.201689
116995 0.192644
116221 0.213483
116685 0.198772
116629 0.189014
116591 0.197626
116387 0.200741
116173 0.188908
116858 0.200529
116616 0.199136
116232 0.193673
116811 0.186207
116629 0.198017
116878 0.200675
116235 0.209996
116375 0.199394
116410 0.192539
116422 0.202238
116808 0.19839
116484 0.20903
116809 0.195572
116630 0.20211
116743 0.204255
116166 0.214255
116291 0.20333
117049 0.20481
116439 0.19126
117017 0.19401
117043 0.20339
116394 0.187837
116667 0.196567
116232 0.203704
116769 0.204762
116236 0.186669
116634 0.198049
116398 0.203483
116181 0.196946
116335 0.179331
117099 0.19453
116883 0.186612
116184 0.192152
116185 0.186839
116929 0.195775
116927 0.192746
116749 0.203374
116892 0.197549
116375 0.19994
116920 0.2
116383 0.183128
116335 0.186186
116747 0.20784
116891 0.203399
116753 0.206055
116133 0.20178
116440 0.194811
116767 0.200728
116458 0.195254
116460 0.213091
116889 0.18258
116254 0.190209
117047 0.197207
116149 0.193164
116510 0.197232
116902 0.204742
116604 0.197144
116148 0.187298
116186 0.188793
116281 0.177662
116683 0.198665
116261 0.199693
116365 0.20487
116869 0.210483
116609 0.19585
116730 0.201768
116974 0.2273
116338 0.19898
116251 0.189873
116355 0.189636
116142 0.2
116593 0.203801
116261 0.208944
116603 0.194754
116518 0.207527
116754 0.187776
116252 0.194842
116283 0.188599
116420 0.190833
116504 0.194069
116374 0.211656
116582 0.203644
116465 0.198817
116621 0.200606
117068 0.2237
116340 0.177233
116148 0.194812
116159 0.187588
116221 0.195475
116223 0.200686
116262 0.201923
116422 0.201678
116229 0.194625
116693 0.18561
116995 0.198847
116574 0.180982
116462 0.209354
116939 0.189655
116197 0.185158
117054 0.189486
116499 0.191444
116237 0.204637
116483 0.198201
116430 0.206857
116640 0.207822
116969 0.195883
116703 0.187912
116505 0.194615
116639 0.201038
116811 0.196819
116205 0.194642
116272 0.194892
116930 0.193701
116650 0.196756
117023 0.194144
116214 0.198365
116931 0.200049
117017 0.197076
116217 0.19815
116180 0.20137
116753 0.194248
116160 0.188184
116901 0.217484
116423 0.200053
116193 0.198761
116589 0.190769
116634 0.187992
116863 0.190976
116374 0.192039
116430 0.209262
116233 0.192789
116178 0.18676
116291 0.193142
116478 0.199081
116670 0.19361
116428 0.192982
116270 0.187055
116230 0.201151
116133 0.209234
116358 0.191702
116664 0.199117
116636 0.198443
116947 0.176763
116656 0.210584
116701 0.189605
116485 0.201601
116987 0.191416
116901 0.2249
116227 0.192562
116666 0.193728
116267 0.193001
116588 0.190492
116200 0.189268
116180 0.214017
116215 0.20289
116269 0.191045
117102 0.201995
116271 0.194235
116222 0.192931
116195 0.183932
116715 0.206293
116208 0.197932
116990 0.222937
116142 0.205577
116714 0.197145
116223 0.210042
116924 0.202713
116267 0.197561
116885 0.21231
116785 0.206133
116596 0.203377
116630 0.195822
116477 0.195159
116888 0.1869
116913 0.2
116743 0.191532
116179 0.191914
116884 0.193333
116519 0.20662
117103 0.203812
116768 0.2
116451 0.201443
116600 0.204179
116669 0.203939
116689 0.187728
116368 0.198845
116503 0.188281
116156 0.193558
116330 0.244928
116749 0.198212
116798 0.197624
116339 0.211982
116735 0.194438
116190 0.199139
116421 0.195338
116133 0.221135
116640 0.20928
116672 0.203787
116914 0.21364
116156 0.200365
116680 0.200216
116210 0.205352
116141 0.200155
116284 0.197588
116863 0.199758
116949 0.192331
116800 0.201931
116767 0.194722
116947 0.194589
116698 0.195607
116904 0.205269
116920 0.195967
116747 0.189714
116142 0.202374
116250 0.197802
116996 0.198142
116355 0.197832
116745 0.199683
116396 0.189048
116791 0.189144
116482 0.202267
116258 0.194841
116815 0.201707
116945 0.181894
116482 0.189129
116604 0.199646
116368 0.188384
116876 0.211083
116673 0.18864
116359 0.192945
116750 0.19686
116762 0.199239
116881 0.201717
117041 0.196906
117045 0.191868
116201 0.198433
116580 0.197914
116200 0.201741
116798 0.193373
116970 0.188018
116673 0.19502
116503 0.214449
116721 0.187488
116252 0.206148
116637 0.200218
116376 0.202346
116771 0.197917
116744 0.178218
116255 0.198308
116999 0.191884
116424 0.205698
116453 0.206704
116904 0.193153
116443 0.20483
116597 0.198265
116263 0.193175
116672 0.203053
116232 0.200256
116769 0.216069
116149 0.191495
116483 0.204334
116810 0.197361
116714 0.183099
116785 0.206774
116292 0.188246
116877 0.197376
117028 0.213307
116881 0.212284
117095 0.207171
116243 0.182831
116754 0.199519
116791 0.207269
116436 0.201779
116181 0.20746
116707 0.203855
116268 0.19234
116771 0.205169
116160 0.189805
117002 0.201302
116519 0.203178
116200 0.203013
116872 0.196856
116409 0.191876
116334 0.199768
116290 0.201878
116230 0.206089
116278 0.187101
116168 0.183984
116194 0.205498
117093 0.233083
116596 0.197909
117053 0.196697
116369 0.200429
116240 0.195732
116495 0.207711
116509 0.196774
116923 0.202492
116353 0.209852
116742 0.184531
116460 0.196131
116233 0.205719
116182 0.212727
117043 0.187588
116864 0.217661
116517 0.191702
116591 0.197708
116869 0.200913
116588 0.20306
116892 0.205564
116595 0.196822
116591 0.198165
116356 0.194483
116652 0.198106
116441 0.196483
117062 0.189209
116977 0.191104
116948 0.192686
116593 0.193146
116892 0.197308
116857 0.209302
116761 0.20237
116284 0.205545
116154 0.18706
116934 0.184596
116498 0.204629
116510 0.197785
116663 0.194872
116193 0.200948
116735 0.199245
116683 0.201148
116863 0.196208
117003 0.204915
116212 0.182147
116733 0.195665
116433 0.198287
116231 0.198553
116873 0.209413
116413 0.191293
117050 0.191406
116159 0.190058
116453 0.188742
116499 0.216304
116698 0.18926
116602 0.20145
116128 0.184177
116706 0.193164
116207 0.189168
116601 0.200613
116231 0.18945
116514 0.201912
116505 0.197862
116475 0.203465
116800 0.196329
116477 0.206217
117071 0.156818
116880 0.194269
117000 0.19629
116932 0.193974
116693 0.196375
116429 0.204638
116667 0.206246
116463 0.19372
117020 0.195694
116151 0.196289
116515 0.204173
116199 0.196217
116443 0.193853
117098 0.189873
117009 0.203417
116441 0.183244
116500 0.217538
116516 0.21223
116709 0.197284
116399 0.189197
116381 0.207988
116761 0.20603
116786 0.198953
116250 0.18546
116254 0.192308
116234 0.205565
116580 0.192078
116441 0.199753
116496 0.19577
116272 0.209112
116694 0.207071
116748 0.198794
116914 0.203807
116353 0.192568
116595 0.197481
116185 0.18417
116141 0.190661
116593 0.192864
116816 0.186992
116243 0.192258
116986 0.199516
116748 0.187425
116150 0.192521
116900 0.191786
116383 0.196817
116251 0.206683
116582 0.193705
116443 0.20392
116478 0.190569
117031 0.209094
116570 0.2
117009 0.205848
116609 0.199074
116883 0.187414
116217 0.204236
116696 0.20691
116738 0.221007
116399 0.190822
116424 0.206656
116485 0.201797
116669 0.190359
116498 0.19224
117022 0.199959
116697 0.201168
116259 0.20633
116609 0.201334
116368 0.212405
116234 0.207708
116864 0.187813
116333 0.204843
117066 0.197861
116186 0.205286
116764 0.197144
116971 0.202459
117103 0.203409
116521 0.190502
116172 0.187807
116356 0.196532
116399 0.192861
116131 0.191107
116170 0.196025
116664 0.201988
116624 0.191571
116696 0.203209
116496 0.202795
116521 0.194141
116670 0.198524
116601 0.194548
117039 0.189137
116949 0.193995
116515 0.189868
116884 0.197935
117022 0.201663
116366 0.188453
116964 0.198677
116973 0.208202
116517 0.202941
116340 0.201493
116292 0.201858
116658 0.202304
116171 0.201278
116519 0.204123
116148 0.195252
116626 0.196803
116183 0.197571
116580 0.191265
117039 0.207207
116976 0.200834
116569 0.191283
116215 0.205318
116814 0.195532
116933 0.204771
116709 0.203002
116217 0.194556
116243 0.205316
116335 0.198903
116480 0.206897
116641 0.20603
116375 0.197192
116393 0.221971
116281 0.19296
116617 0.185149
116256 0.180809
116758 0.198329
116974 0.210207
116240 0.196326
116691 0.186147
117047 0.184446
116483 0.199836
116701 0.20207
117006 0.194359
116236 0.204509
116754 0.211172
116946 0.215888
116185 0.199948
116212 0.194802
116685 0.204895
116636 0.200799
116333 0.184194
116664 0.197881
116271 0.184659
116983 0.192853
116158 0.201258
116740 0.192448
116804 0.195815
116991 0.184658
116646 0.179272
116365 0.19654
116436 0.207817
116763 0.209243
116239 0.204261
117085 0.205373
116503 0.207883
116196 0.203106
116364 0.195728
117028 0.208791
116238 0.209302
116758 0.198312
116465 0.19972
116414 0.193072
116450 0.202993
116658 0.202599
116520 0.197175
116509 0.200424
116171 0.189103
116732 0.197229
116218 0.197859
116214 0.192135
116277 0.215904
116270 0.208488
116984 0.206831
116330 0.203366
116420 0.190857
116680 0.200966
116875 0.201973
117030 0.203087
116428 0.186709
116865 0.183858
116869 0.188608
116430 0.191037
117001 0.20356
116749 0.201991
116669 0.189388
116173 0.203333
116183 0.19713
116603 0.197633
116960 0.186916
116450 0.22829
117013 0.21327
116164 0.202967
116242 0.186659
116413 0.211538
116858 0.212054
116180 0.20147
116717 0.200531
117008 0.169892
116216 0.195203
116284 0.19774
116721 0.20097
116658 0.207183
116888 0.200436
116429 0.205079
116385 0.191649
116987 0.194697
116168 0.199496
116416 0.182907
116502 0.195582
116815 0.211366
116581 0.196317
116376 0.190527
116364 0.206059
116225 0.202238
116964 0.210831
