121651 0.149066
121428 0.159913
121889 0.155965
121649 0.155231
121973 0.140312
121391 0.154826
121678 0.14968
121819 0.140278
121906 0.147826
121418 0.157635
121803 0.1567
121349 0.160474
121794 0.158002
121842 0.153935
121752 0.163212
122076 0.156357
121846 0.16258
121963 0.155664
121441 0.153611
121434 0.152308
121897 0.159263
121765 0.140751
121557 0.14782
121637 0.153937
122142 0.159227
121784 0.157689
121400 0.151465
121946 0.166827
122071 0.157363
121523 0.158519
121429 0.157895
121556 0.151795
121437 0.146437
121884 0.145924
121400 0.159292
121710 0.146492
122117 0.161505
121424 0.142661
122142 0.157681
121903 0.153538
121365 0.156151
121569 0.155055
121592 0.152372
121814 0.150873
121347 0.158915
121772 0.163344
121932 0.162167
122069 0.155306
121715 0.152596
122173 0.154644
121442 0.143051
122123 0.15345
121552 0.153754
121890 0.157045
121525 0.162304
122178 0.157061
121362 0.17033
121819 0.152268
121624 0.154407
121939 0.144737
121874 0.15603
122079 0.150438
121365 0.146525
121750 0.152247
121346 0.145548
121705 0.158779
121826 0.171579
121422 0.15938
121912 0.159185
122134 0.15866
121387 0.152841
121563 0.141765
121474 0.15076
122156 0.147354
122074 0.154864
122092 0.160634
121822 0.157944
121844 0.153767
121823 0.154669
122134 0.150485
122083 0.149577
121846 0.155815
122129 0.158735
121628 0.155478
121409 0.153135
121783 0.149698
122102 0.156531
121401 0.145617
121916 0.145251
122097 0.147615
121525 0.161056
121948 0.150201
121683 0.158333
121925 0.150576
121641 0.140313
121869 0.1451
121899 0.149437
121653 0.153093
121750 0.158188
122098 0.160627
121950 0.157618
121760 0.160812
121637 0.161718
121435 0.147841
121884 0.144465
122160 0.162597
121340 0.153518
121948 0.150855
121711 0.158223
122114 0.159117
121633 0.157514
121523 0.156039
121529 0.154719
121713 0.151463
121905 0.15419
121768 0.154087
121954 0.152096
122118 0.160814
121966 0.155164
121815 0.15528
122073 0.153064
121820 0.156783
121458 0.150107
121639 0.167206
121999 0.156429
121588 0.143131
121824 0.155499
121416 0.159737
121949 0.160526
121551 0.153152
121771 0.157202
121911 0.153165
121595 0.147937
121361 0.15348
122070 0.158569
121429 0.153101
121437 0.159516
122139 0.154871
122176 0.152607
121784 0.152621
122077 0.158462
121523 0.157588
122129 0.155966
121609 0.14218
121756 0.157656
122173 0.159067
121638 0.145723
122159 0.15
122147 0.148342
121824 0.154501
121754 0.152094
121800 0.152396
121474 0.157699
121418 0.167785
121593 0.145977
121800 0.155809
121718 0.154377
121885 0.152297
121639 0.139451
121799 0.152489
121939 0.150291
122089 0.158826
121480 0.154294
121381 0.155712
121349 0.151255
121407 0.158671
121476 0.156885
121936 0.153188
121397 0.156148
122154 0.152681
121595 0.155508
121872 0.15397
121544 0.151711
121802 0.148114
121422 0.156398
121398 0.153889
121582 0.158678
121426 0.167525
121427 0.149644
122001 0.150233
121711 0.151438
121826 0.155029
121375 0.151217
121609 0.150997
121549 0.150956
121940 0.149397
121972 0.156936
121779 0.142467
122138 0.155618
121728 0.154876
121870 0.160969
121459 0.153394
121841 0.160087
121553 0.144994
121951 0.154606
121974 0.147053
122085 0.153785
121924 0.161222
121534 0.164735
121681 0.158708
121402 0.149077
121559 0.15629
121535 0.153032
122089 0.146951
121780 0.149415
121531 0.157164
122076 0.153381
121781 0.157338
121847 0.152959
122105 0.152076
121928 0.153527
121827 0.149624
121346 0.162116
121576 0.153215
121769 0.149292
121479 0.159812
122118 0.160753
121715 0.1517
121732 0.168651
121387 0.157502
121547 0.155583
121649 0.168988
122160 0.154543
121397 0.153016
121347 0.149631
121973 0.158986
121764 0.154128
121378 0.155411
121560 0.163393
121783 0.151736
121710 0.159282
122176 0.156717
121434 0.158889
122126 0.15344
121542 0.1472
121420 0.159674
121419 0.150253
121877 0.147341
121384 0.153846
121890 0.151561
121559 0.159153
121454 0.151903
121370 0.160696
121768 0.150454
121814 0.157668
121767 0.149742
121678 0.154712
121721 0.153666
121928 0.15038
121904 0.152788
121536 0.158249
122127 0.149984
121885 0.152096
121688 0.147508
121361 0.153101
121914 0.161134
121974 0.149544
122098 0.16787
121650 0.159648
121519 0.156106
122099 0.160186
121385 0.156159
121653 0.156258
121585 0.147896
122164 0.1557
122176 0.153362
121992 0.152404
122168 0.159035
121976 0.158905
121985 0.155574
122168 0.156693
121531 0.157895
121875 0.159774
121441 0.170807
121999 0.162941
121548 0.154217
122167 0.157313
121868 0.161634
121724 0.145571
121790 0.154065
122109 0.157156
121915 0.152447
121391 0.15837
122166 0.148709
121556 0.152356
121480 0.146097
121550 0.156793
121897 0.154166
122116 0.155762
121722 0.161454
122138 0.154116
121441 0.149098
121395 0.155074
121362 0.139098
122081 0.154592
121721 0.151233
121704 0.164564
121527 0.161436
122132 0.162777
121723 0.156943
121681 0.152651
121528 0.155867
121425 0.161672
122160 0.143918
121927 0.152502
122137 0.154035
121944 0.151456
121778 0.147713
121529 0.162456
121361 0.158243
122093 0.151722
121400 0.146973
121563 0.154363
121965 0.1617
121476 0.152918
121758 0.145638
121708 0.164996
121787 0.147654
121995 0.156528
121553 0.15326
122137 0.158872
122158 0.148529
121766 0.156701
121426 0.155061
121549 0.159805
121390 0.150689
122076 0.150132
121962 0.152097
121399 0.130899
121968 0.147371
121561 0.155107
121651 0.152447
121780 0.151118
121753 0.160666
122164 0.152862
121953 0.155848
121434 0.151419
121579 0.146466
121716 0.149579
121994 0.142429
121904 0.150543
121569 0.156491
121822 0.156072
121727 0.150569
121344 0.145329
121585 0.149986
121966 0.159355
121381 0.153967
121933 0.159837
121973 0.157746
122172 0.15478
121722 0.156448
121547 0.153542
121626 0.146213
121402 0.15748
121459 0.15158
121718 0.143452
121812 0.154934
121555 0.146054
121901 0.14929
122124 0.155761
122148 0.158296
121766 0.154981
121543 0.143531
122126 0.14873
121967 0.168649
121729 0.155833
121734 0.16574
121568 0.159639
121561 0.155598
121609 0.150078
122006 0.158262
122138 0.156917
121378 0.155201
121432 0.136111
122169 0.147908
121874 0.151852
121892 0.160806
121552 0.145833
121966 0.154472
121827 0.157818
121800 0.153737
121689 0.154648
121409 0.153474
122133 0.153195
121925 0.160246
121407 0.148583
121474 0.151781
121729 0.15141
121792 0.162689
121944 0.145857
122174 0.152442
121751 0.149168
121951 0.158993
121454 0.154318
121716 0.1507
121656 0.159499
122164 0.153549
121554 0.159747
121477 0.154155
121953 0.158138
122116 0.162294
121576 0.159737
121789 0.146187
121552 0.155871
121926 0.157075
121987 0.156815
121375 0.154842
122123 0.145635
121456 0.14222
121631 0.156999
121949 0.154421
121430 0.148425
121817 0.155523
121940 0.1528
121560 0.163604
121593 0.150422
121771 0.151918
121477 0.146143
121803 0.156155
121811 0.152328
121952 0.161204
121416 0.150347
121449 0.155724
122098 0.158094
121346 0.158511
122137 0.152139
122152 0.152261
122168 0.154233
121972 0.156902
121995 0.153199
121936 0.155485
121754 0.129737
121887 0.152815
121930 0.154279
121926 0.15199
122108 0.147838
122133 0.15696
121748 0.165354
121550 0.153014
121925 0.157541
122073 0.154381
121427 0.150205
121753 0.15263
122125 0.153715
122141 0.155411
122159 0.157129
121535 0.147377
121433 0.155417
121652 0.149379
121808 0.15273
121898 0.155408
121708 0.158077
121548 0.153263
121963 0.159612
121369 0.14752
121752 0.159886
122101 0.154969
121698 0.160069
121638 0.146094
121653 0.159472
121543 0.160443
121536 0.150454
121715 0.1513
121479 0.154044
122007 0.146695
121339 0.139706
121448 0.154166
122114 0.150082
121844 0.151392
121823 0.153651
121943 0.15324
122169 0.151369
121608 0.157425
121967 0.14841
122077 0.147088
121892 0.145324
121384 0.15081
121385 0.153444
121545 0.1547
121779 0.152976
121952 0.154688
121816 0.153258
121780 0.149337
121593 0.148862
121381 0.164216
122099 0.158498
122083 0.157473
121996 0.151126
122077 0.154813
121769 0.141233
121395 0.158822
121906 0.151786
121768 0.151802
121369 0.154696
122146 0.15592
121416 0.150887
121567 0.159081
121889 0.138695
121529 0.152222
121920 0.145811
121623 0.163555
121970 0.150431
121889 0.154924
121926 0.153443
122134 0.174385
121965 0.152156
121989 0.155882
121530 0.153121
122111 0.162421
121446 0.151526
121868 0.183261
121927 0.151741
122102 0.156581
121608 0.157428
121379 0.158694
121585 0.158809
121448 0.1618
121873 0.141543
121387 0.157534
121790 0.166388
121688 0.152639
121590 0.18254
121748 0.163914
122091 0.15469
121808 0.158234
121544 0.159705
121875 0.153903
121987 0.151809
121933 0.150159
121432 0.161758
121724 0.147693
121543 0.154001
121539 0.146762
121969 0.169177
121448 0.158046
122070 0.160345
121824 0.162009
122001 0.157104
121545 0.154589
121914 0.149856
122156 0.154591
121811 0.151094
121424 0.149654
122170 0.154206
122139 0.158787
121588 0.166362
121915 0.153172
121898 0.157119
121713 0.157212
121396 0.15329
121940 0.151449
121785 0.151826
121408 0.149228
121827 0.142314
121592 0.159963
122092 0.162324
121399 0.15303
121565 0.156687
122111 0.152477
122064 0.158611
121561 0.15127
122174 0.149671
121689 0.150341
122083 0.153032
121884 0.160613
121785 0.152704
121557 0.156792
121399 0.148598
121628 0.155281
121822 0.157364
121569 0.154999
122146 0.156289
121986 0.151681
122125 0.158966
121580 0.153624
121636 0.150157
121527 0.157422
121946 0.158148
121734 0.148175
121723 0.151801
121803 0.160433
121748 0.171756
121760 0.15468
122143 0.155076
121939 0.159853
121714 0.157084
121844 0.158065
122093 0.152381
122146 0.158788
121437 0.150541
122136 0.162181
121774 0.153119
121905 0.16304
121706 0.161581
121779 0.158133
121927 0.152852
121918 0.158629
121727 0.151315
121953 0.156201
121789 0.158507
121396 0.151902
122132 0.160854
121574 0.164905
121920 0.148228
121994 0.149321
121420 0.162628
121788 0.161767
121631 0.154377
121929 0.154713
122085 0.158185
121826 0.154721
121781 0.158627
122094 0.157187
122166 0.161525
121409 0.148285
121795 0.159883
121710 0.156097
121456 0.159541
121965 0.155211
122091 0.158207
121370 0.161471
121972 0.153377
121929 0.154763
121535 0.151972
121581 0.156788
122178 0.162811
121936 0.15124
121557 0.152107
122080 0.150661
121408 0.160117
121967 0.140972
121769 0.154052
121943 0.158986
121527 0.150791
121950 0.151311
121758 0.160094
121802 0.15807
121804 0.179241
121426 0.149162
121374 0.150024
122152 0.155893
121841 0.142857
121987 0.157715
121687 0.145879
121801 0.159173
121640 0.156409
121928 0.156981
121624 0.155815
121774 0.160548
121369 0.151527
122069 0.158505
121588 0.147789
122094 0.163923
121774 0.142994
121758 0.155159
122003 0.156136
121347 0.166667
122167 0.14973
122174 0.146408
121651 0.155659
121728 0.152197
122092 0.157699
121974 0.152891
122114 0.15231
121454 0.157251
121418 0.162882
121929 0.157692
121526 0.155856
122007 0.16413
122112 0.156043
121694 0.155423
122170 0.151515
121528 0.152883
121374 0.143704
121728 0.152172
121911 0.148247
121962 0.152494
121930 0.164915
122071 0.151728
121843 0.149804
121817 0.159582
121539 0.145354
122109 0.154108
121548 0.153342
121820 0.158212
121574 0.150805
121531 0.162066
121847 0.171122
121975 0.164827
122132 0.156901
122074 0.153694
121915 0.15529
122147 0.152718
122066 0.159225
121765 0.163215
121407 0.143557
122108 0.160714
121765 0.150607
121582 0.150828
121398 0.13675
122154 0.146296
122109 0.155605
121756 0.150914
121436 0.159142
121590 0.174086
121997 0.158149
121877 0.161075
121684 0.165323
121608 0.140898
122124 0.155731
121992 0.156366
121640 0.147518
121540 0.155392
121714 0.160194
122108 0.158871
122178 0.158655
121449 0.155873
122007 0.158197
121539 0.157183
122158 0.157407
122072 0.150285
121432 0.141834
121752 0.158537
121425 0.159929
121917 0.155302
121640 0.157741
121723 0.151782
121756 0.151599
121772 0.159933
121721 0.15675
121530 0.159162
122072 0.15066
121905 0.149241
121592 0.151618
121688 0.163871
122091 0.149979
121706 0.155622
122064 0.161677
121425 0.146222
121727 0.151813
121902 0.154187
121551 0.145958
121933 0.159
121815 0.145919
121547 0.155269
122093 0.15235
121430 0.142466
121968 0.160173
121641 0.154798
121996 0.157707
121999 0.161179
121816 0.145645
121391 0.149845
121650 0.155156
122066 0.152141
121968 0.156407
122006 0.158252
121897 0.154906
122003 0.157562
121781 0.149793
121433 0.154021
121784 0.14758
121421 0.144662
121406 0.15573
122142 0.150896
121801 0.156257
121787 0.161185
121732 0.15894
121636 0.15905
122080 0.155098
121916 0.150089
122079 0.156788
121707 0.150395
122102 0.149115
121932 0.159268
121887 0.159768
122152 0.159291
122153 0.154417
121847 0.150445
121874 0.13735
121339 0.146691
121788 0.152052
121534 0.155814
121555 0.153044
121433 0.149241
121623 0.150966
122125 0.157209
121348 0.146699
121414 0.16244
122097 0.161927
121373 0.164898
121528 0.157002
121398 0.161286
121436 0.154648
121639 0.145287
122066 0.155446
121729 0.159138
121554 0.160587
121932 0.149404
121846 0.147269
121579 0.150814
121568 0.150683
122158 0.152554
121820 0.150817
121384 0.142857
121550 0.152708
121344 0.144512
121525 0.130619
121869 0.141664
121819 0.16155
121948 0.154586
121385 0.148132
121683 0.157253
122172 0.151367
121996 0.156361
121394 0.152505
121732 0.162718
121903 0.152246
121559 0.159289
121707 0.150369
121951 0.155325
121394 0.149145
121397 0.157058
121751 0.161814
121870 0.158901
121901 0.153359
122072 0.153834
121414 0.155312
121811 0.159711
122123 0.15738
121580 0.153899
121812 0.150265
121362 0.154717
121549 0.16042
121954 0.152926
121340 0.148325
121581 0.160909
121402 0.164371
121718 0.153821
121421 0.154472
122136 0.149472
121370 0.154106
121419 0.154153
122101 0.149089
121725 0.151261
121868 0.176728
121790 0.166511
121799 0.157954
122148 0.154345
121917 0.156202
121636 0.153881
121813 0.149663
121970 0.153871
121458 0.157105
121428 0.155272
121892 0.151163
122117 0.156892
121976 0.159844
121750 0.154058
121687 0.160171
121985 0.161206
122070 0.161351
121813 0.160995
122101 0.161043
121401 0.145403
121767 0.151994
121903 0.150122
121843 0.154982
121641 0.152147
122081 0.157908
121626 0.156058
121540 0.146781
122116 0.142857
121872 0.157895
121401 0.164248
121792 0.15257
121911 0.150887
121374 0.163908
121802 0.162975
122136 0.151353
121969 0.161787
122153 0.154038
121652 0.150452
121580 0.149693
121815 0.149303
121565 0.145485
122099 0.154733
121924 0.153693
121989 0.156044
121429 0.152741
121408 0.150126
121544 0.151823
121476 0.155087
121917 0.153727
121638 0.160234
121554 0.153091
121705 0.157846
121534 0.153083
121656 0.154332
121713 0.152944
122064 0.169467
121545 0.143224
121914 0.150209
122143 0.156959
121536 0.159292
121581 0.153575
122124 0.158787
121563 0.148276
122147 0.153317
122069 0.15544
121556 0.164671
121574 0.152755
121716 0.155282
121582 0.170157
121365 0.153887
121628 0.157353
121873 0.152166
121419 0.151821
121422 0.150168
121576 0.150572
121753 0.152668
121343 0.14093
121783 0.154208
121446 0.151427
121970 0.159879
121652 0.150584
121976 0.150418
121785 0.157344
121542 0.157351
122172 0.150805
121442 0.149915
121902 0.15625
121624 0.147352
121801 0.151121
121724 0.151135
121890 0.151987
121435 0.151707
121714 0.154094
121816 0.145483
121842 0.148344
122003 0.156843
121950 0.148967
121949 0.159453
121985 0.154232
121382 0.153846
121751 0.151471
122167 0.147386
121590 0.14629
121459 0.150335
122071 0.15405
121424 0.163636
122073 0.15574
121390 0.147724
121567 0.155503
121633 0.149298
121637 0.149484
121565 0.151048
122166 0.149989
121764 0.153552
121479 0.148673
122001 0.163664
121458 0.153546
122085 0.151629
121542 0.158279
121843 0.150286
122105 0.152812
121975 0.151813
121650 0.154841
121378 0.163462
121394 0.159904
121901 0.155265
121689 0.153779
121656 0.157051
122141 0.149319
121952 0.150627
121349 0.149553
121555 0.153683
122094 0.158093
122118 0.162123
121918 0.153693
122111 0.148739
122129 0.153596
121684 0.150674
122153 0.154389
121767 0.15889
121817 0.154165
121902 0.147281
122080 0.154184
121804 0.153011
121962 0.159568
122170 0.15074
121558 0.152504
121340 0.15374
121792 0.147815
121943 0.154635
121456 0.156047
121343 0.170841
121698 0.148271
121540 0.151795
121708 0.152203
121954 0.143075
121382 0.152778
121877 0.160547
121382 0.152522
121986 0.156084
121420 0.151314
121813 0.158628
121899 0.149546
122089 0.161966
121989 0.152885
122006 0.152528
121841 0.161108
121694 0.15523
121435 0.140977
121421 0.162267
121704 0.163208
121406 0.150673
121963 0.150591
122127 0.15633
121876 0.157566
121595 0.159104
121918 0.15847
121698 0.154615
121887 0.143214
121678 0.15361
121975 0.155715
122154 0.148105
121912 0.155516
121428 0.169338
121414 0.160642
121526 0.15911
121519 0.155337
121734 0.160027
121519 0.157886
122143 0.151146
121390 0.15233
121725 0.152672
121694 0.150957
121795 0.150671
121373 0.145712
121649 0.158652
122173 0.148615
121760 0.156955
121558 0.152408
121396 0.154599
121778 0.155113
121771 0.150879
121379 0.147059
121430 0.164526
121711 0.155348
121633 0.158621
121427 0.150113
121916 0.155109
121375 0.154474
122127 0.155043
121722 0.151972
122141 0.154755
121772 0.149011
121706 0.154889
121766 0.15722
121920 0.160161
122159 0.152978
121558 0.144392
121442 0.148223
121804 0.164478
121794 0.15506
121553 0.155294
121406 0.149618
121924 0.167855
121997 0.155778
121373 0.153116
122079 0.158313
121812 0.158486
121560 0.141062
121814 0.15142
121946 0.143865
121449 0.152044
122117 0.161331
121994 0.156444
121704 0.162967
121778 0.160737
121477 0.154609
121912 0.154626
121873 0.134008
121969 0.147446
121348 0.15333
121764 0.154773
121568 0.151182
121898 0.149079
121343 0.145087
122169 0.15987
121395 0.151615
121480 0.135549
121869 0.159069
121579 0.158837
121623 0.143963
121904 0.157494
121986 0.155306
121526 0.143693
122097 0.153201
122105 0.147521
121885 0.153206
122074 0.151962
121870 0.162466
121379 0.137097
121339 0.158947
121930 0.156147
121799 0.162996
121684 0.15434
121687 0.155118
121997 0.165858
122148 0.151426
121872 0.144905
121436 0.163128
121567 0.148386
121551 0.156713
122139 0.153966
121446 0.147338
121944 0.149556
121808 0.151612
121344 0.156513
121876 0.152683
122156 0.154065
121348 0.159765
121899 0.159612
121754 0.152404
121530 0.157172
121876 0.154016
121906 0.155082
