111527 0
111333 0
111601 0
111609 0.00065703
111821 0
111653 0.000261917
111826 0
111678 0
112118 0.00142993
111199 0
111657 0.000526732
110969 0.00107875
111119 0
111680 0
111368 0.000431313
111562 0.000850822
112237 0.000206911
112054 0.0013624
111842 0.000726744
111579 0
111375 0
110908 0
110983 0
110933 0
111548 0.000594001
111523 0.00176367
111413 0
111886 0
112056 0
111663 0.000286369
111080 0.000664894
111623 0.00055417
111643 0.000270343
111681 0
111984 0
111774 0
111957 0
111142 0
110993 0.000288351
112091 0
111123 0.000367107
111388 0
112101 0
111433 0.000706714
111080 0
112085 0
111623 0
111629 0
111334 0
110982 0
112056 0
110927 0
111391 0
111913 0
112085 0
111581 0
111393 0
111811 0
111351 0
111640 0.000782779
111532 0.000503778
111607 0
111572 0
111511 0
111615 0
111168 0.000393856
111922 0
111588 0
110963 0
111875 0.000516796
110972 0
111990 0
111193 0
111660 0
111433 0
111630 0.00055371
111776 0
111649 0
111619 0.0002886
112010 0.000281294
111671 0
110990 0
111524 0
110933 0
112168 0.000518001
111967 0
112090 0.00128452
111579 0
112257 0
111547 0
111575 0
111823 0.000371747
111612 0
110969 0
112169 0.000271887
111198 0.000703235
112126 0
111837 0
111888 0
112102 0.000264901
110959 0
111836 0
111563 0.000279877
111200 0
111823 0
111920 0.00130605
110928 0
110971 0
111167 0
111674 0
112061 0.00149031
110944 0
111583 0.000527983
111992 0
110945 0
111129 0
110925 0
111972 0
111672 0.000301205
111510 0.000943396
111083 0.000501002
111907 0.00201613
111333 0.000641026
111563 0
111654 0.000926784
110940 0
111400 0
112009 0
111120 0
111959 0
111579 0
111536 0
111424 0.000570939
111529 0
111984 0
111947 0.000573723
111382 0.000304136
111003 0.00065189
111641 0
111996 0
111167 0
111835 0.00108225
111369 0
111398 0
112069 0
111375 0
111516 0.000446429
111842 0
112114 0
111958 0
111559 0.000326052
111578 0
112048 0
111363 0.00063857
111958 0
112010 0.000281373
111084 0
111600 0
112143 0
111647 0
111790 0
111920 0.000441696
111349 0
110970 0.000659631
110905 0.000813008
110945 0
110956 0
111158 0
111606 0.000551876
111364 0
111391 0
111854 0.000799361
111921 0
112117 0.00029036
110912 0
111928 0
111624 0
112163 0
110955 0.000353357
111560 0
111898 0.00492611
111659 0.000665779
111562 0
111652 0
111122 0
111973 0
111355 0.000370233
111834 0.00103413
111988 0.000841043
111418 0
111382 0
111988 0
111783 0
111392 0.00111359
112061 0
111123 0
111956 0
111569 0.000274801
112074 0
111718 0
111531 0
110968 0
111571 0.000268601
111796 0
111096 0
111611 0.000523286
111887 0.000752445
111336 0.00060006
110942 0.000523286
111190 0.000447227
110942 0
110967 0
112088 0
111547 0
111813 0.00105042
111961 0
111587 0.000344709
112067 0.000545256
112163 0.000581058
111791 0.00109409
111095 0.000642674
111925 0.000799361
111530 0.000874891
111348 0
111382 0
111618 0
111669 0
111799 0.00120773
112118 0.000933707
112161 0.000791766
111559 0.000319489
111521 0
112245 0.000472925
110991 0
111959 0.000327547
110993 0
111091 0
111162 0
111415 0
111907 0
111650 0
111596 0
111990 0.00125945
111514 0.000925069
111000 0.000604412
111335 0
111809 0
111850 0.000848176
111413 0.000355745
111198 0
111155 0
110951 0
111131 0
111564 0.000285388
112114 0.000970874
110986 0
110955 0
111955 0
111662 0.000309885
111923 0.000521648
111355 0.000372439
111193 0
110981 0
110979 0
112075 0
110940 0.000729927
111527 0
112247 0
111155 0
111376 0
110970 0
111809 0
112235 0.000217344
111116 0.000451875
111129 0
110971 0.000340252
111394 0.00108755
112074 0
111994 0
111393 0.000578369
111602 0.000610314
111948 0.002331
112244 0
110967 0
110960 0
110928 0
111835 0.00111359
111671 0
112078 0.000273823
111727 0
111783 0.0014771
110943 0
111202 0.000786164
112162 0
111817 0.000411015
111164 0
111386 0
111584 0
111875 0.000263644
111369 0.000470146
112255 0.000253936
111423 0
111950 0
111603 0
111947 0
111973 0
110973 0
112102 0.00053376
111850 0
111836 0
112161 0
111826 0
110990 0
111614 0
111548 0
111831 0
111198 0
111941 0.00452489
111582 0
111965 0
111914 0
111116 0
111559 0.000319591
110945 0
111653 0
111096 0.000499376
111569 0.000267237
110957 0
110948 0.000489956
111348 0
111320 0
111367 0
110979 0
110990 0
111573 0
111523 0
111386 0.000549149
111362 0
111350 0.000650195
112107 0
111831 0
111593 0
110999 0.000317158
111511 0
111660 0.00148368
111983 0
112115 0
111923 0.000253165
110914 0.000479616
111143 0.000441306
111985 0
110992 0.000286779
111588 0.000273149
110984 0
111842 0
111591 0
111897 0
111394 0
110929 0.000347947
111774 0
111350 0.00122249
111591 0
111780 0.000391236
111578 0
110920 0.000793651
111997 0
111962 0
111635 0
111994 0.000421053
111572 0
111786 0
111529 0
111081 0
112102 0.000262743
111081 0
111357 0
111657 0
111941 0
112093 0
112237 0
111607 0.00217865
111511 0
112104 0
111929 0
111129 0.000372995
111612 0.0002574
111606 0
111085 0
111965 0.000425894
111718 0
111137 0
112074 0
111612 0
111164 0
110933 0
111946 0.00280899
111673 0
112249 0
111081 0.000633714
111516 0.000868056
111611 0.00026295
111888 0
110969 0
110996 0
112090 0.00122324
111080 0
111607 0
111117 0
111547 0.000372717
111392 0
111668 0
111367 0
111818 0.000678426
111383 0
111656 0
110997 0
112107 0
111929 0
111390 0
111957 0.00115407
111928 0
111519 0
111357 0
111536 0
111817 0
111996 0
111588 0
111873 0
111872 0
111601 0.000552944
111898 0
110926 0
111965 0.000425894
111818 0
111796 0
111657 0
111520 0
111551 0
112090 0.000591017
110959 0
111143 0
111568 0
110919 0
110989 0.000320616
110948 0.00046729
111774 0
111376 0
111799 0.00123305
111644 0.000276549
111886 0
111590 0.00119474
111156 0.00126476
110982 0
111596 0
111783 0
111336 0
112238 0.000413394
112050 0.000383583
112088 0
111395 0.000366972
111950 0
111667 0
111554 0.000313578
111962 0
111948 0
111517 0
111969 0
112123 0
111383 0
110973 0.000646412
112077 0
111349 0
111913 0
111661 0.000292569
111554 0.000296296
110955 0
111393 0
111431 0
112104 0
111429 0
111519 0.00122399
111616 0
112244 0.000835189
111731 0
111643 0.000271887
111518 0
110992 0
111864 0.0013245
111991 0
111126 0.00125471
111514 0
111969 0
112162 0.000286287
111785 0
111336 0
111395 0
111602 0.000315756
111996 0
111671 0
111589 0.000315457
111604 0.000287109
111620 0.000276702
110983 0
111319 0
112169 0.000837521
111078 0
111197 0
110992 0
110926 0.000403388
111575 0
111958 0.00047081
111195 0.000788644
111531 0
111629 0.000258665
111962 0
111085 0
112235 0.000434499
112009 0
112121 0.000547046
111623 0.000286287
111203 0
111398 0.0015625
112236 0.000217061
111201 0.000347222
111587 0
111091 0
112069 0
111434 0.000219394
112088 0
112248 0
112258 0.000290107
111809 0
110921 0
111518 0.00121507
112104 0.000381098
111197 0.000804505
111972 0
111649 0
110967 0
111194 0
111961 0
111955 0
111171 0
111946 0
111622 0
111335 0
111681 0
111355 0.000375516
111622 0.00062422
111078 0
111361 0
111629 0
111424 0.000592944
111522 0
110984 0
112101 0
111985 0
111718 0
111662 0.000305157
111973 0
111390 0.000609013
111941 0
111200 0
110909 0
111131 0.00118765
111663 0.000281849
111390 0
111315 0
111132 0
111158 0.000456204
111553 0.00119796
111137 0
111313 0
111391 0
112164 0.000773994
111969 0.00120337
112164 0
112136 0
112162 0
111514 0
112258 0.000293427
111381 0.000323729
111650 0.000531632
112105 0.000494071
111333 0
111678 0
111731 0
110919 0
111628 0
111831 0
110927 0
111328 0.000509684
111777 0.000789266
112121 0
110947 0.000649984
111363 0.000327332
112248 0
111570 0.000267023
112247 0
110973 0
111116 0.000436872
111813 0.00191571
111854 0
111609 0
112080 0
111947 0
111313 0
111995 0.000277624
111128 0.000429923
111972 0
111132 0.000395726
110942 0
110981 0.000303582
110978 0
112078 0.000542005
112053 0
111510 0
111422 0.00138696
110972 0.000919399
110944 0
111922 0
111578 0
111983 0
111551 0.000373134
111614 0
110981 0.000613121
111659 0
112077 0.000959693
111137 0.000895255
111194 0
110991 0
111656 0.00085034
111907 0
111995 0.000285063
111957 0
112256 0
111138 0
112080 0
111873 0
111835 0
112078 0.000825991
111946 0
111620 0
112168 0.000261301
111836 0.000851789
111673 0.00083091
111776 0
110971 0
110951 0
111921 0
111530 0
111614 0.000587889
111159 0
111403 0
111674 0
111350 0
111433 0
111156 0.000402739
111837 0
111566 0.000605327
111887 0.00143472
110985 0
111131 0.00111111
111121 0
112143 0
111195 0
111368 0.000436586
110904 0
111144 0.000746826
111169 0.000419992
111854 0
111813 0
112236 0.000426803
111522 0
111197 0
110978 0
110919 0
111782 0.000383583
110976 0
111529 0
111117 0
112105 0
111524 0
111586 0.0010805
111998 0
110956 0
111199 0
111329 0.000600601
110957 0
110996 0
111423 0
111320 0
112167 0.000807537
112054 0
110912 0
110920 0
110989 0.00031506
111190 0
110904 0
110943 0.000413052
111873 0
111942 0
111394 0
110956 0
111635 0
111994 0
112126 0
111660 0
111594 0
111618 0
111641 0
111167 0
111303 0.000710732
111396 0.000267237
111417 0.000638978
111386 0
111522 0
110954 0
111158 0
111811 0
110952 0
111914 0
111782 0
111594 0.000618429
111663 0.000571102
111530 0
110983 0
111864 0
112247 0.00060241
111819 0
111582 0
110954 0
112169 0.000547495
111319 0.000712251
111521 0
111602 0
111417 0
111083 0
111528 0.000647668
111128 0.000424809
110929 0
111619 0.000283607
112099 0
111644 0
111887 0.000754148
111888 0
112093 0
111652 0
111003 0
111328 0.000496032
111581 0
111995 0.000273523
111194 0.000569152
111117 0.000395883
112010 0
110976 0
111431 0.000704722
111157 0
111632 0
111096 0.000242777
111571 0.000280662
111532 0.00100251
111942 0
111654 0
112161 0
111819 0
111520 0
111985 0
112101 0.000333667
112123 0
111991 0
111776 0
111834 0
110925 0
111073 0.000442087
111170 0.000391543
111591 0
110905 0
111593 0
111570 0.000776197
111635 0
112246 0
111616 0.0002886
111950 0
111369 0
111169 0.000426257
111929 0
111970 0
111593 0
111560 0
110928 0.000694686
111520 0
110914 0
111600 0
111654 0
111328 0.000517063
111586 0.000273
110951 0
111144 0.00077101
111073 0
111524 0
111662 0
111202 0
111819 0
111415 0.000345423
111584 0
111412 0
111640 0
111162 0
111664 0
111668 0.000961847
111582 0
111388 0.00034118
111564 0
111826 0
111533 0.000465549
111361 0.00134953
111777 0.000415282
111897 0
111518 0.00121212
111172 0
111531 0
112075 0
111381 0
111120 0
111335 0
111527 0
110959 0.000720461
112114 0.000995025
110940 0
111970 0
112238 0.000824063
111961 0
110999 0.000320616
111731 0
111984 0
112256 0.000841515
112117 0.000306091
111605 0.000273
111553 0.000314564
111641 0
111414 0
112136 0
111780 0
111837 0
112115 0
111834 0.00103306
112254 0.000289687
111560 0
111569 0
111203 0
111850 0
111603 0.000337268
111566 0
111796 0.000527704
111084 0
110952 0.000357398
111418 0.000645161
111785 0.000669344
111168 0.000410341
110952 0
111922 0
111392 0
111790 0.00176678
111618 0.000556638
111363 0
110985 0
112054 0
111910 0
112121 0
111564 0.000287936
112246 0.000212993
111632 0
110909 0
111674 0.000478927
111799 0
111998 0
111604 0.00056243
111669 0
111171 0
111585 0
112053 0.000894721
112091 0
111624 0
111170 0
112143 0
112258 0
111568 0.000554477
111672 0.000306279
111681 0.000358809
111361 0
111626 0
112085 0
111914 0.00191939
111626 0.000282087
111780 0.0003885
112050 0
111786 0
111667 0
112246 0
111882 0
111609 0
111003 0.000664452
111791 0
111992 0
111928 0
111669 0.000354233
111396 0.000273598
111606 0.000549451
112163 0
112245 0.000465008
111678 0
111199 0
111396 0.000520291
112053 0
111786 0
111656 0.000841043
112123 0
111644 0.000558971
112255 0
112164 0
112254 0.000566091
111647 0.000834957
111983 0
112255 0.000256279
111967 0
111988 0.000412882
111157 0
111190 0.000469043
111533 0
111554 0
112115 0
111528 0
111573 0.00152207
112248 0.000579374
111400 0.00109051
111375 0
111864 0
111872 0
111615 0.000261849
111414 0
111913 0
111532 0
110925 0
111418 0.000672495
111548 0
111664 0
110927 0.000770416
110999 0.000646204
111138 0
111998 0
111128 0
111536 0
111126 0
112167 0.000276472
111202 0.00075188
111630 0.000275179
110984 0
111586 0.000552486
110909 0
111585 0
111584 0.00177305
112136 0
111413 0
110912 0
111790 0
111673 0.000430108
111667 0
111403 0
111351 0
111429 0
111573 0
111201 0.000714796
111956 0
111412 0
111921 0
111159 0
111581 0
111517 0.000471921
112237 0.000405597
112117 0.000299401
111138 0
110921 0
112099 0
111348 0
111349 0
112048 0.000466853
111200 0
110926 0
111653 0.000261575
111519 0
111084 0
111422 0
111594 0.000595238
112056 0
111412 0
111626 0
111925 0
111817 0.000417362
112249 0
111991 0.00191939
111659 0
110991 0.000884956
111415 0.000675219
111616 0.000285307
111882 0
111572 0
111320 0.000271076
112257 0.000369959
111000 0
111590 0.000587544
110908 0
111942 0
111955 0
111589 0.000316256
111334 0
111170 0.000788022
110985 0
111661 0
111821 0
111811 0
111517 0
110976 0
111429 0.00139762
111095 0.000323311
112256 0.000290613
112244 0.000551268
111329 0
111095 0.000316056
112050 0
111668 0.000324149
111315 0.000558191
112118 0.000468604
111362 0.000395413
110996 0
110914 0.000481
111121 0
111948 0
111967 0
111628 0
111923 0.00077101
111083 0
111997 0
111872 0
112009 0
111583 0
111622 0
111073 0
110921 0
111640 0.000403551
111821 0
111601 0.000287026
111647 0.000274801
111123 0.000738552
111367 0.000382995
111782 0.0011583
111510 0
111997 0
111142 0
111920 0.000437828
110929 0
111126 0
110968 0
112126 0
110920 0.0016
111632 0
110989 0.000656383
111195 0.000734214
111587 0.000343761
112236 0.000214915
111643 0
110947 0
112091 0
110979 0
112168 0.000513611
111000 0.000294031
111122 0.000391389
111553 0.000901984
111119 0.000445831
110972 0
111157 0
110954 0.000322061
111193 0
111604 0.000283447
110948 0.000474158
111162 0
111589 0.000636943
111400 0
111585 0
111163 0
111381 0.000648088
111596 0
111120 0.000350631
111970 0
111562 0.00029274
111424 0.000286944
111605 0.000270051
111990 0
111121 0.000807754
111357 0
111785 0
110904 0
111528 0.00068918
111171 0
111624 0.000570939
111533 0
112093 0.000350508
111313 0
110982 0.000303214
111423 0
111615 0.000262674
111364 0.000351741
111664 0
111172 0.00124948
112075 0
111434 0.000218627
111818 0
111144 0
112099 0
112257 0.000381679
110993 0.000287109
111603 0.000326584
111388 0.000342466
111886 0
111334 0
112080 0
111630 0
111329 0
111163 0
111649 0.000312695
111727 0
111398 0
112048 0
111163 0
111875 0.000256476
111563 0.000287853
111672 0.00030553
111315 0
110997 0.000295421
111791 0
111910 0
111431 0.000377216
112077 0
111575 0.000796178
111925 0
112107 0
111364 0
111156 0
111628 0
111611 0.000773794
111523 0
111159 0
111422 0
111521 0
112167 0.000830795
111882 0
111172 0.000415282
111164 0
111319 0
111417 0
111142 0.000430108
111403 0
111132 0.000403877
111620 0.000272554
110944 0
111600 0
110908 0
111652 0.000725163
111091 0
111570 0
111661 0.000593472
111434 0.000873553
110957 0
111303 0.00069979
112069 0.000344353
111619 0
110970 0.000706714
112061 0
111959 0.000337041
110960 0.000322269
111516 0
111362 0
111777 0
111897 0.00163666
111078 0
112249 0
111143 0.00041876
111583 0.000541126
111119 0.000445633
111566 0.00121877
110968 0
111727 0
110997 0.000301386
110986 0.000921234
111956 0.00124766
110986 0.000453721
111414 0.000308642
111201 0
111376 0.00030931
110947 0
111303 0
110905 0
110960 0.000315557
111155 0
112105 0
111568 0
110978 0
112245 0
111395 0.000372995
111383 0.000509165
112235 0.00042008
112067 0
111898 0
111823 0
111910 0
112067 0
111605 0.000268097
112254 0.000286123
111368 0.000215193
111168 0
111551 0.000384763
111590 0.000592768
111169 0
111992 0.000630915
111122 0.000383142
112238 0
111650 0.000527704
111085 0
111351 0.00104932
110943 0.000405351
111571 0.000542888
