113461 0.000274348
113070 0
112290 0
113255 6.64805e-05
113432 0
113724 6.21736e-05
113777 0.000239063
113701 0
113829 0
112426 0
113952 0.000224719
113510 0
113110 0.000324507
113803 0.000268001
113544 0
113468 5.9952e-05
112980 6.88184e-05
113346 6.02882e-05
113014 0
113633 0
113463 0
112925 0.000105764
113253 0
113615 0
114123 0.000195669
113606 0
112397 0.000113695
112510 0.000214225
112525 5.40511e-05
113345 0
112764 0.000165044
113332 0
113259 6.10389e-05
113148 0.000133227
113993 0
112492 0.000188324
112479 5.10178e-05
112373 0
113569 0.000109769
113761 0
113644 4.80261e-05
112845 0
113362 0.000248185
113172 0
113090 5.76336e-05
112672 0
113456 0.000125597
112534 0.000149376
113890 0.000125652
113308 0
113408 8.12876e-05
113123 0
113491 0
113782 0
113212 0.000218938
113819 0
112432 0.000130676
113891 5.71853e-05
113771 0
114099 0.000232288
113204 0
112919 0.000138793
112615 0.000150921
112883 0
112866 5.73625e-05
114111 0
113093 0.000121389
113901 0
113627 0
113880 8.04117e-05
112657 0
113009 0
112287 0.000103605
113434 0
113870 5.45405e-05
112994 8.61178e-05
112345 0.000263992
112808 0
113463 0.000203004
112420 0.000177778
112846 5.71331e-05
112688 0
113042 0.00164745
112269 0.000343761
114124 0
113630 0
112844 0.000169885
113726 0.000181609
112659 4.76917e-05
112781 0
113601 0.000115828
114018 0.000209249
112836 0
113999 0
112988 0.000352941
113959 0.000101122
113602 6.06391e-05
113351 0
113849 0.000180473
113126 0
113395 0
112281 0.000105108
113715 0
112321 0
112259 0.000245023
112895 0.000374392
113367 0
113769 0
113393 4.66005e-05
113759 0
113662 0.000148869
113455 0.000238322
112682 0
113575 5.91471e-05
112794 0.000159312
112515 6.78702e-05
112392 0
113098 0.000116117
113191 0
112351 0.000265604
113125 0
113386 0
113680 0
113550 7.39262e-05
112683 0
113876 0
112810 0
113903 0.00010304
112830 5.53434e-05
113517 0
113600 0
113485 0.000509165
112789 0
112483 0.000252334
114118 0
113799 0.000209468
113572 0
113377 0
112383 0.000173762
113545 0.000117192
113007 0.000199071
113096 0
112299 0
112861 0.000100934
112501 0.000184128
112633 0.000189717
112357 0.000243324
113489 0
113886 5.94955e-05
113442 0
113690 0.000264795
113802 0
113718 0
113137 4.71787e-05
112352 0.000227079
113384 0
112991 6.21311e-05
113878 5.54232e-05
113107 0.000114962
113060 0.00015674
113963 0
113576 0.000123655
112343 0
113538 6.15309e-05
113368 0.000290023
112774 0.000207232
112909 6.75493e-05
113914 9.45671e-05
113324 0
113611 0
112910 0
112378 0
113723 0.000128849
112872 0.000101564
112431 6.01612e-05
113452 0
113669 0
113104 0.000115574
112699 0
113515 0
112645 9.66651e-05
112911 0
113932 8.47529e-05
113846 0.00028585
113825 5.63126e-05
113534 0.000132608
113616 0
113099 0
113280 0
113036 0
113130 0.000207383
112613 0.000163488
114122 0
112668 0
113347 0
112992 0.000197602
113380 0.000123373
112408 0.000603136
112494 0.000579822
113896 0
113776 0.000133014
112873 0
112540 0
113869 5.817e-05
112775 8.29463e-05
112998 0
113874 0.000160668
112605 0
112863 0
113323 0.000102501
113037 0.000183891
112912 0.000350324
113704 0
112930 0
113275 6.08125e-05
113480 0.000356464
112903 0.000189394
113981 0.000134138
113625 0.000123778
114021 0
112789 0
113635 9.86291e-05
112617 0.000152614
113790 8.34725e-05
113619 0
113285 0
112264 8.67303e-05
113976 0.000407664
113486 0.00027274
113818 0
112905 0
113392 0
113165 0
112656 0
112837 0
113383 0
113197 9.42463e-05
112354 0
112878 0.000232883
112928 7.95608e-05
113159 4.44761e-05
113830 0.000141804
113923 8.54701e-05
113801 6.83854e-05
113573 0.000239894
113138 6.83854e-05
112792 0
112381 0.000346111
112996 0
113535 0
112631 0
113851 0.000187559
113406 9.7352e-05
113946 0
113246 0
113509 0
113994 5.38793e-05
113481 6.8292e-05
113250 0
112929 0.000218071
113877 0
113656 0
112827 6.18123e-05
112868 0.000166917
112811 0.000102396
113883 0.000117557
112283 9.02039e-05
112984 7.7815e-05
112670 8.17996e-05
113484 6.56082e-05
113605 0
112813 7.64351e-05
113202 0
113086 0
112511 0
113415 5.71135e-05
113590 0
113614 6.09719e-05
113927 8.77424e-05
112415 9.50119e-05
113823 0
112622 6.66311e-05
113410 5.62082e-05
113791 0
113381 5.96303e-05
114098 0
112601 0.000138074
113269 0.000131216
113588 0.000119847
113974 0
113727 0.000178253
113441 0.000178094
113405 4.61297e-05
113129 0
113697 0.000149031
113007 0.000176201
114022 9.00657e-05
113683 0
112528 0
113900 0.000217014
112655 0.000114718
114019 0.000206356
113010 0
112437 0.000467508
113198 8.85975e-05
112393 0.000316356
112352 0.000111247
114135 0
112669 0
113766 0
112517 0
113401 9.05059e-05
113178 9.07318e-05
112543 0
113337 6.27668e-05
113328 0
113831 0.000142776
113151 0
113580 6.16029e-05
113700 6.15385e-05
112491 0.000112372
112684 0
113209 0
113989 5.71298e-05
113980 0.000184417
113360 0.000336474
113166 0
113497 0.000124735
113694 0.000180321
113725 5.92066e-05
113860 0.000250438
113352 0
113459 0
112498 0
113303 0
113407 0.000194979
112625 0.000154711
113804 0
112917 0.000143493
113142 0
113562 0.000261301
113686 0.000141363
113671 0
113660 0.000143225
112486 0.000302725
113835 0
113848 0
112414 0
112817 0
112457 0
113607 0.000126223
113388 0
113969 0
113884 0.000117309
113579 0
113343 0.000125243
112340 0
113912 0.000128222
112857 0
112643 5.03373e-05
113721 6.56814e-05
112496 0
113365 0.0001288
112647 0.000148714
113264 0.000233427
112475 9.46163e-05
113939 0.000131619
112812 0
112805 0
112680 0
113175 0.000140759
113793 9.00982e-05
112920 0
112636 0.00010513
112650 5.0035e-05
113319 5.91296e-05
113613 6.10612e-05
113763 0
112260 0.000180245
113085 0.000116414
113854 0.000139053
113336 0
112829 5.6281e-05
113208 0.000149671
113902 0.000174105
112904 0.000963855
112265 0.000128584
113466 0
113079 0
112361 0.000629327
113500 0
113139 0
114100 0.000187406
112662 0
113302 0
113397 0
112495 0
113784 0
113513 0
113794 8.59476e-05
112897 0.000186081
112433 8.01218e-05
113499 0
112428 0.000194515
113046 0
112348 0
113507 9.71723e-05
113864 0
113603 0
113626 0
112931 0
112803 0.000326655
113457 0.000122324
112598 0.000112625
112512 0
112833 8.75772e-05
113171 0
112435 0.000159515
113482 0.000287253
112979 0
113414 0
113840 0
113279 7.57404e-05
113653 0
114017 0
113249 0.000146338
112804 0.000257666
112828 0
112915 0.000203749
112913 0.000129576
113404 0.000151561
113063 0.000284091
113503 0
113657 0.000101766
112862 0
113948 0
113335 0
113642 0
113850 0.000116408
113323 0
113800 7.90826e-05
113203 0
112353 0.000171478
112448 7.35294e-05
112835 0
112531 0.000132908
112342 0.000123183
112701 8.62069e-05
113995 0
112840 0.000174551
112923 0
113685 0.000115194
112427 0.000126526
113796 8.82068e-05
112922 0
113665 4.62856e-05
112502 6.46747e-05
113357 6.30239e-05
113127 0.000271076
112335 0.000128708
113597 0
112522 7.21917e-05
113652 9.54107e-05
113983 0
113949 0
112697 0
112616 0
113385 0
112365 5.77701e-05
113361 0.000125945
113658 0
113719 0.000120678
113495 5.96837e-05
112639 0.00024855
112481 0
112875 0.000150534
113623 0
113247 0.000289464
113702 0
113962 0
112334 0.000180326
113863 0.000101471
112541 0.000131389
113038 0.000164591
113363 6.02954e-05
114136 0
113443 0.000183385
113881 0
113005 0.000358723
112924 5.21431e-05
113772 0
112489 8.78233e-05
113984 5.71984e-05
114025 0
113272 0
113960 0
112851 0
112469 0.000223794
113266 0
113052 0.000281278
112396 0
112700 0.000164609
113792 0.000112752
113645 4.84215e-05
113717 0.000124131
113582 0
112887 0.000115081
113504 0
113926 5.31434e-05
113842 0
114023 0
112866 9.63763e-05
113668 6.27235e-05
113910 0.000111576
112322 0
113982 0
114132 0
112506 0.000162338
114105 0
113161 5.97836e-05
113824 0
112535 0
113924 8.52624e-05
112815 0.000507872
113258 6.16143e-05
112871 0
112337 0.000168563
112442 0.000121581
113583 6.10799e-05
113664 4.87401e-05
113765 0.000131874
113185 0
113581 0
113089 0.000125463
112852 0
112520 0.000167168
113871 5.44307e-05
113243 0
113320 0.000189382
113698 0.000284576
113670 4.91207e-05
113131 6.23869e-05
113518 6.90369e-05
112796 0
113693 0.000167729
112642 0.000147718
112667 0.000132512
112982 0.000121507
113654 0.000188982
113852 0
112438 0
113284 0
112399 0.000157295
113309 0.00011936
113354 0
113391 0
112398 0
113353 0
113508 0
113145 0
113937 0
112439 0.000462535
113359 0.000277104
114103 0
113834 0.000146746
113584 0
113291 0
113453 0
113655 4.69506e-05
113387 5.55957e-05
112369 0
112673 6.38325e-05
112995 6.28259e-05
113350 0.000179447
114112 0
113436 0.00123153
113610 0.000122257
114108 0.000125125
112826 0.000232693
112359 0
112637 0
112493 9.25326e-05
113070 0
112463 8.98109e-05
113444 7.04077e-05
113271 0.000237361
113097 5.96552e-05
112264 8.24674e-05
113261 0
113469 6.36173e-05
112441 5.96872e-05
113476 6.91228e-05
113135 0
112646 5.16796e-05
112917 0.000185414
113617 0.000304007
113767 0
113788 0
113474 0.000117716
113316 0.000362582
113892 0.000168738
113155 7.07714e-05
113857 0
113966 6.15044e-05
113006 0
112282 0.000151378
112646 9.89805e-05
112644 0
112838 6.09422e-05
113696 0
112367 6.04303e-05
112664 0
113496 0.000243383
113843 0.000258933
113061 0.000123442
112686 0.000230814
113283 0
113612 5.9538e-05
114129 0
113822 0.000108278
112362 0.000173415
112454 0.000159253
113991 0
113536 5.88408e-05
113214 8.47027e-05
113356 0.000238166
113492 7.37735e-05
113909 0
112487 0
113344 0.00039032
113422 0
113488 0
113306 6.64143e-05
113682 0.000138427
113997 0.000249735
113144 5.13822e-05
112652 0.00016835
112477 6.72133e-05
