122797 0.183838
122471 0.178448
123281 0.198261
122575 0.195899
122752 0.191601
123097 0.181058
122728 0.198422
122514 0.180252
122809 0.182139
122413 0.176273
122273 0.195328
122686 0.213174
122454 0.186436
122650 0.185263
122798 0.206166
122568 0.192444
122277 0.204153
123016 0.206926
122751 0.18251
122838 0.221565
123063 0.183329
122276 0.175785
122540 0.191251
123067 0.189102
123274 0.197967
123227 0.194602
122252 0.187468
122647 0.183148
122537 0.191969
123245 0.189297
122642 0.191495
122252 0.187141
122294 0.185853
122838 0.201338
122485 0.200974
122628 0.187128
122728 0.177292
122345 0.154412
122739 0.191317
122649 0.191117
122987 0.190299
123209 0.19674
122823 0.186798
122306 0.187901
122574 0.1875
122551 0.184098
123042 0.197163
122881 0.187487
122589 0.190008
123278 0.193328
123024 0.179438
122683 0.192951
122314 0.193676
122428 0.181332
122799 0.200935
122313 0.205541
122557 0.186202
122253 0.191805
122858 0.205507
122869 0.187649
122461 0.179862
123251 0.191479
122785 0.190969
123049 0.192699
122425 0.202433
122805 0.189621
122634 0.209895
122489 0.185978
123085 0.189915
122710 0.195319
123040 0.196095
122996 0.196879
122251 0.187824
122539 0.204601
122626 0.193854
123091 0.205298
123038 0.196601
123196 0.188359
122422 0.194679
123210 0.18593
123207 0.190502
123278 0.185286
123058 0.187331
122679 0.193267
122291 0.183311
122297 0.18274
122420 0.193429
122665 0.194146
122462 0.216129
122275 0.167303
122618 0.189474
122461 0.170694
123023 0.199341
123065 0.194274
122874 0.197172
123301 0.186813
122272 0.183518
122279 0.189474
123062 0.189987
122587 0.19171
122426 0.186857
122453 0.192214
122649 0.188627
123087 0.204009
122292 0.201799
123043 0.186893
122789 0.197853
122527 0.190023
122632 0.183693
122778 0.200946
122820 0.193779
122813 0.200878
122832 0.188825
122827 0.187606
122847 0.193852
122341 0.205847
122642 0.197096
122856 0.176871
122586 0.182329
122866 0.18563
122568 0.187826
123258 0.177321
122691 0.1865
122647 0.208333
122781 0.187644
123225 0.200053
122463 0.18756
122428 0.195154
122570 0.197345
122863 0.18932
123089 0.190979
123279 0.184583
122489 0.191192
122722 0.190111
122569 0.191809
123077 0.232446
122990 0.200557
122770 0.187682
122285 0.203607
122741 0.185688
122439 0.203111
122833 0.188045
122778 0.202611
122625 0.191154
122710 0.199116
122561 0.198883
123090 0.186857
122608 0.194875
123034 0.185915
122454 0.184301
123275 0.189471
123198 0.190238
122309 0.184934
122606 0.190092
122526 0.203846
122729 0.209351
123193 0.182888
122825 0.186367
122463 0.186012
122648 0.196306
122354 0.203519
122860 0.190921
122423 0.193793
122722 0.176317
122873 0.192713
122427 0.194268
122511 0.194575
122496 0.184517
122623 0.191857
122415 0.194942
123225 0.196717
122472 0.199611
122736 0.189052
123081 0.195346
122519 0.215481
122606 0.206935
122729 0.185573
122842 0.195171
122711 0.202532
123266 0.187524
122336 0.176211
123074 0.17695
122501 0.195693
122360 0.188221
122698 0.192993
122342 0.188006
123293 0.188426
122319 0.198828
122692 0.197812
122493 0.186752
122289 0.197789
122701 0.183622
122498 0.190634
122700 0.190328
122691 0.193994
123240 0.192775
122619 0.19031
123065 0.192051
122863 0.194895
123210 0.202847
122630 0.177728
122826 0.190664
123219 0.202788
122452 0.18757
122786 0.173274
123175 0.212166
122556 0.205128
122703 0.201299
123272 0.199512
122603 0.19033
123178 0.187773
122800 0.201989
123022 0.202176
122464 0.196407
122859 0.188938
122827 0.191429
122629 0.190396
123070 0.18734
122450 0.191483
123205 0.195148
122673 0.202208
122867 0.183017
122870 0.195954
123224 0.182847
123227 0.199728
122524 0.180571
122620 0.189189
122307 0.193907
123295 0.190654
122744 0.195472
122561 0.191558
122867 0.180978
123041 0.185963
122686 0.187865
123164 0.220408
122787 0.202479
122743 0.191993
123233 0.184265
122677 0.185289
122514 0.197402
122570 0.184908
123081 0.183824
122281 0.185366
122321 0.194935
122246 0.201628
123054 0.197127
122738 0.187723
122575 0.201363
122310 0.191703
123050 0.188594
122281 0.171474
123277 0.195592
122690 0.197312
122777 0.199221
122728 0.188143
123165 0.211055
122590 0.182134
122357 0.190288
122704 0.187645
122810 0.191409
122628 0.198124
123269 0.191593
122349 0.177976
122489 0.185759
123303 0.185185
123083 0.18908
122514 0.197223
122562 0.202183
123003 0.203769
123268 0.203194
123028 0.198084
122433 0.194162
122727 0.206993
123218 0.180691
122586 0.188749
122461 0.187125
122545 0.195427
122577 0.181284
122301 0.184405
122323 0.181508
123019 0.197439
122264 0.189507
122695 0.197816
123218 0.192492
122823 0.195008
122682 0.194191
123078 0.187732
122369 0.176641
123269 0.191017
123250 0.202416
122735 0.19335
122721 0.165775
122853 0.183578
122661 0.188034
122502 0.187644
122317 0.198358
122665 0.194393
122773 0.18131
123066 0.191885
122596 0.197646
123176 0.200412
122487 0.188625
123275 0.179769
122448 0.201739
122510 0.200644
123302 0.205505
123090 0.193014
122551 0.190409
122297 0.197662
122743 0.185861
122268 0.187612
123233 0.21131
122820 0.195194
123196 0.195989
123205 0.182248
123027 0.183699
122844 0.195179
123038 0.182499
123065 0.175528
123264 0.184155
122654 0.189287
122816 0.186223
123238 0.197613
122736 0.200161
122753 0.186965
123085 0.172526
122412 0.178076
122618 0.192958
122462 0.206687
122247 0.194722
122293 0.178242
122350 0.204861
122741 0.176991
122674 0.193548
122564 0.203347
122409 0.192063
122711 0.196736
122287 0.193511
122667 0.182387
122538 0.207083
122347 0.192504
122825 0.193514
122643 0.204301
122413 0.184133
123279 0.189594
123259 0.177856
122846 0.188048
122468 0.194251
122654 0.186675
122450 0.193298
122781 0.190778
123267 0.189794
122291 0.19791
122641 0.195193
122880 0.19534
122249 0.193188
122620 0.195577
122845 0.183963
122855 0.197308
122321 0.19057
122815 0.188225
122625 0.194854
123290 0.223964
122293 0.193384
122835 0.201205
123035 0.201665
123169 0.215254
123207 0.197361
122619 0.185626
122471 0.197999
122535 0.182488
122317 0.186441
123294 0.188645
123019 0.194061
122521 0.191914
123003 0.216184
122606 0.176739
123170 0.18813
122437 0.195652
122305 0.171527
122466 0.188839
122568 0.173939
123093 0.218225
122511 0.184588
122297 0.189083
123164 0.176084
122561 0.17628
123056 0.202575
123063 0.200622
122309 0.19637
122702 0.207035
122646 0.193714
122268 0.189027
122269 0.190364
123272 0.201295
122425 0.200664
122562 0.190909
123300 0.187534
122539 0.2
122690 0.18653
123300 0.191625
122497 0.198745
123091 0.184344
123252 0.190525
122576 0.184615
122695 0.178299
122803 0.192857
122646 0.189282
122350 0.202749
122440 0.195666
122812 0.191835
122746 0.203154
122614 0.18132
122797 0.196169
122251 0.200669
122347 0.180723
123196 0.186837
122288 0.198502
122538 0.185646
122344 0.152174
122319 0.196534
122852 0.195061
122614 0.185027
122466 0.187156
123059 0.181771
123022 0.187048
122687 0.185335
123260 0.18772
122575 0.185751
122269 0.186821
122277 0.187661
122856 0.17849
123248 0.195716
122705 0.188088
122469 0.186885
122422 0.203634
122496 0.185378
122786 0.210938
122432 0.199238
122433 0.191751
123225 0.190868
122744 0.19901
122590 0.192239
123058 0.188872
123193 0.18432
122272 0.210643
122772 0.190929
122615 0.184017
122745 0.193083
122275 0.198142
122871 0.186047
122804 0.1916
123170 0.187569
123036 0.192967
122342 0.205371
122681 0.193971
122650 0.186233
122712 0.183019
123169 0.186422
122702 0.1881
122730 0.186731
122831 0.191385
123295 0.180685
123202 0.17037
122524 0.193214
123302 0.184762
122416 0.188348
122555 0.187453
122685 0.18842
122336 0.197929
122602 0.191263
122317 0.198992
123044 0.184599
122696 0.195955
122447 0.183649
122604 0.207938
122602 0.187293
122564 0.194375
122443 0.195482
122780 0.218814
122667 0.198124
122713 0.199746
122873 0.192595
122496 0.188346
122783 0.195309
122330 0.189226
122685 0.181345
122351 0.192012
122420 0.203183
122786 0.181107
122455 0.180053
122743 0.195658
123052 0.17856
122726 0.183414
123256 0.184329
122579 0.164804
122608 0.191655
122432 0.179838
122437 0.202929
122753 0.1894
123058 0.195337
122269 0.187356
122541 0.192212
122776 0.186597
122330 0.200132
122730 0.18598
122683 0.197634
122687 0.207941
122641 0.176021
122618 0.185738
123213 0.184526
122527 0.191939
123290 0.199566
123285 0.192166
122550 0.198015
122819 0.196949
122365 0.192272
123097 0.19431
122752 0.1903
122360 0.192635
122873 0.185674
122813 0.1875
122410 0.192544
122573 0.182963
122874 0.186202
123167 0.209502
122777 0.199215
122813 0.189246
122642 0.185166
123223 0.190667
122569 0.186934
123025 0.192745
122746 0.193405
122497 0.190656
122411 0.185168
122832 0.197914
123172 0.181818
122289 0.191865
122827 0.183779
122809 0.19969
123200 0.189893
122640 0.197605
122833 0.200538
122283 0.191824
123018 0.189952
122245 0.181189
123201 0.177703
122542 0.186667
123003 0.191031
123056 0.199468
122322 0.191124
122309 0.182513
122789 0.187357
123093 0.191142
122314 0.195691
122995 0.200512
122313 0.219706
122473 0.19032
122684 0.19323
123274 0.19315
122310 0.194217
123011 0.189474
123165 0.180288
123036 0.19171
122699 0.204583
123020 0.187243
123237 0.176275
122689 0.191393
122418 0.189904
122294 0.20457
122549 0.198741
123285 0.189491
122988 0.21123
122874 0.198326
122536 0.183773
122508 0.185977
122741 0.193509
122653 0.186489
122855 0.186477
122452 0.20142
122465 0.193132
122274 0.192049
122537 0.178917
122998 0.199211
123210 0.196296
122545 0.185807
123004 0.177606
123170 0.191466
122746 0.202378
122819 0.190922
122560 0.188506
122414 0.187311
122773 0.178534
123078 0.202147
122634 0.198695
123068 0.193284
123083 0.198642
122292 0.211538
122463 0.196213
122439 0.19119
122776 0.190824
122452 0.197411
122986 0.208934
122714 0.171851
122712 0.193425
123023 0.179562
122852 0.199027
122323 0.20448
122870 0.187315
122357 0.189895
122485 0.182176
122800 0.197531
122801 0.194649
122623 0.196761
122783 0.203837
122631 0.205072
122766 0.200942
123204 0.191652
123088 0.193562
122626 0.188663
123211 0.194234
122589 0.191844
123172 0.187144
122708 0.190972
123042 0.19603
122249 0.197487
123029 0.186858
122986 0.197903
123229 0.193248
122310 0.191069
122731 0.194637
122820 0.183463
122520 0.200893
123067 0.198905
122556 0.198577
122847 0.188139
122426 0.192282
122737 0.1875
122625 0.191686
122648 0.197034
122486 0.194877
122672 0.183679
122525 0.19197
122263 0.17284
122571 0.203383
122508 0.191717
122484 0.185345
123035 0.195817
123197 0.177747
123012 0.201102
123024 0.188296
122525 0.190813
122626 0.195234
123223 0.201026
122550 0.19068
122315 0.194241
122572 0.195784
122430 0.18763
123026 0.18277
123280 0.19745
122745 0.187551
122357 0.179188
122493 0.19
122862 0.191091
122999 0.19635
122620 0.195393
122342 0.195616
123028 0.190887
122339 0.201946
122605 0.197048
122967 0.191358
122835 0.182373
122869 0.18536
122537 0.188574
122569 0.185609
122689 0.190307
122307 0.180361
122738 0.198374
122449 0.201748
122574 0.183092
123060 0.19958
123211 0.187353
122439 0.17597
122682 0.1797
122815 0.186456
122780 0.219212
122860 0.188684
122498 0.200388
123087 0.178421
122429 0.205059
123039 0.194005
122252 0.185567
122630 0.18192
122988 0.209893
122693 0.201439
122274 0.179955
122830 0.191561
123084 0.178571
122447 0.190731
122545 0.190952
122737 0.186339
122521 0.192758
122832 0.186053
123304 0.187039
123054 0.197226
122510 0.199214
122739 0.190476
122365 0.181491
122326 0.186194
122573 0.197585
123290 0.212121
122779 0.209337
123258 0.182744
122613 0.172314
122264 0.182226
122326 0.193229
123207 0.196274
122631 0.178959
122712 0.184535
122628 0.19521
122349 0.197324
123040 0.192819
122585 0.189908
123178 0.175414
122559 0.198365
122527 0.179837
122519 0.189655
122796 0.188525
122286 0.199055
122657 0.183714
123243 0.186111
122576 0.222426
122740 0.18542
122798 0.182706
122665 0.194878
122429 0.188026
122472 0.1969
122599 0.204204
122816 0.185823
122845 0.19459
123041 0.186024
122524 0.202737
122675 0.19107
122493 0.202662
122315 0.194186
122797 0.185398
122605 0.194617
122604 0.188395
122294 0.181328
122729 0.196983
122492 0.187947
123261 0.186472
122507 0.189041
122752 0.187811
123029 0.198073
123248 0.192791
122449 0.190374
123206 0.200223
123301 0.201351
122824 0.197734
123050 0.189741
123014 0.292035
122801 0.203916
122772 0.194705
123056 0.20417
122443 0.189483
122690 0.193399
122579 0.206944
122414 0.186036
122344 0.232877
122737 0.184713
123021 0.194664
122998 0.193931
122843 0.187169
122990 0.201018
122557 0.181749
122705 0.192875
122704 0.19345
123303 0.179361
123055 0.204922
123215 0.189933
123198 0.190559
123269 0.200699
123264 0.182606
123004 0.190715
122643 0.184219
122841 0.197305
123055 0.204352
123039 0.192276
122640 0.201543
122559 0.185224
122505 0.190148
123012 0.17284
122740 0.191283
122502 0.193685
122777 0.199399
122433 0.175272
123055 0.185769
122754 0.20539
123294 0.186784
122835 0.187061
122812 0.197792
122447 0.188346
122500 0.189042
122356 0.196558
122587 0.187333
122730 0.197531
123224 0.193251
122353 0.0909091
122629 0.198613
123089 0.201917
122520 0.198758
122603 0.191824
123175 0.18845
122293 0.187106
122331 0.200717
123021 0.182887
123164 0.174667
122615 0.193514
122838 0.199606
122540 0.198005
122445 0.175113
122466 0.193121
123270 0.183498
122426 0.191611
122521 0.190844
123206 0.175945
123202 0.183865
122632 0.197772
122673 0.204758
122816 0.198367
123052 0.193934
123060 0.189637
122630 0.177457
122315 0.185238
122693 0.210924
122602 0.192472
123013 0.158537
122508 0.183031
122781 0.19515
123166 0.209481
122714 0.1875
122768 0.187905
123027 0.188886
122726 0.188764
122995 0.195138
122472 0.192262
122695 0.181252
123018 0.197271
122702 0.176234
122803 0.19993
122245 0.184478
122577 0.195375
122773 0.18782
122549 0.185219
122640 0.18411
123168 0.185435
122881 0.194475
122799 0.187612
122280 0.184337
122278 0.18477
123088 0.19809
122701 0.186851
122999 0.210084
122501 0.207334
122585 0.189179
123262 0.207396
122594 0.184168
123077 0.168539
122676 0.193831
122246 0.197719
123049 0.197265
123304 0.188823
122556 0.193782
122987 0.172727
122276 0.191611
123198 0.194004
122808 0.170047
123258 0.201227
123084 0.193064
122967 0.212411
122714 0.200078
123229 0.192249
122473 0.189285
122870 0.195001
122507 0.193357
123267 0.192059
122480 0.177165
123169 0.196501
122440 0.191542
122658 0.163265
123018 0.195186
123060 0.189298
122449 0.20677
123243 0.199622
122658 0.197634
122298 0.195399
122599 0.168453
122450 0.18465
122674 0.195801
123277 0.20226
123088 0.192783
122307 0.204687
122548 0.19248
122744 0.197763
122245 0.182317
122689 0.192084
122487 0.194624
122778 0.186168
122733 0.192355
122749 0.194792
122755 0.203799
122698 0.176316
122652 0.190784
122755 0.195962
123268 0.193094
123166 0.18038
122445 0.182726
122264 0.221552
122868 0.189722
122831 0.193792
122331 0.243056
122486 0.189036
122692 0.1883
122998 0.192725
122677 0.20703
122555 0.175038
122356 0.186945
123201 0.18822
122480 0.205896
122785 0.196368
122363 0.178295
123243 0.20434
122353 0.230769
122648 0.180816
122610 0.190809
122349 0.182558
122526 0.20236
122488 0.200871
122319 0.190426
122821 0.19389
122650 0.204112
122616 0.190489
122999 0.189357
122288 0.189189
122448 0.181395
122277 0.187164
122686 0.170496
122755 0.185614
122440 0.19095
123168 0.190534
122288 0.195512
123251 0.208365
122844 0.185367
123251 0.189257
122453 0.182894
122679 0.211361
123259 0.184915
123224 0.188866
123083 0.179138
122779 0.199246
122428 0.203774
122276 0.160699
122285 0.186005
122414 0.198076
122767 0.203779
122354 0.196721
122675 0.197066
122468 0.189094
122510 0.191519
122423 0.197702
123253 0.194991
122613 0.167818
123101 0.173101
123172 0.197615
123034 0.197872
122858 0.191511
122993 0.181448
122649 0.191484
123281 0.18466
123218 0.190958
123280 0.189579
122526 0.184653
122326 0.197917
123219 0.19418
123025 0.183833
123048 0.182441
122418 0.180308
122653 0.192157
123016 0.186333
122411 0.192636
123303 0.176471
122430 0.185239
122351 0.169784
123202 0.196271
122321 0.192082
122674 0.193522
122557 0.178283
122853 0.202466
122502 0.193839
122766 0.180519
123028 0.184577
122747 0.182973
122880 0.188839
122708 0.170592
122425 0.185992
123252 0.196922
123200 0.21978
122423 0.187137
122847 0.202619
122769 0.180036
122427 0.189127
122563 0.178059
122275 0.196015
122646 0.188166
122437 0.167431
122274 0.180242
122653 0.186053
122560 0.17967
122676 0.193172
123001 0.196185
122323 0.191612
122509 0.193885
122710 0.194468
122365 0.194705
122363 0.2034
123026 0.180087
122703 0.184371
122821 0.19241
122520 0.179237
122727 0.189817
122253 0.191698
123062 0.193019
123070 0.190953
122693 0.197816
122322 0.192269
122366 0.196689
122599 0.1968
122691 0.193062
122339 0.203659
122432 0.196435
122866 0.185765
122420 0.19613
123077 0.218667
122292 0.195416
122469 0.193434
122856 0.217295
122536 0.191184
123226 0.216762
122672 0.189769
122585 0.195815
122555 0.203205
123081 0.180764
122434 0.187861
122866 0.203267
123074 0.172373
123084 0.179354
122672 0.188883
122296 0.188753
122801 0.18984
122704 0.189705
122570 0.193022
122344 0.2
122821 0.183945
123020 0.191076
123204 0.196126
122798 0.197039
122448 0.193405
123067 0.190882
122776 0.195339
122770 0.19284
122246 0.185891
123101 0.198737
122696 0.18961
122824 0.185959
122507 0.187433
122586 0.190146
122415 0.176919
122487 0.183568
122485 0.185897
123200 0.175806
122658 0.179743
122751 0.192422
123014 0.19
122881 0.192138
122468 0.192298
122868 0.201543
122605 0.183477
122410 0.189178
122286 0.194472
123050 0.177847
122766 0.197354
122550 0.182868
122604 0.197405
122721 0.216438
123013 0.236559
122455 0.196354
122641 0.179825
122844 0.187705
122353 0.25
122657 0.207287
122619 0.182219
122731 0.191685
123281 0.181499
122676 0.188304
122467 0.192891
123277 0.18716
122434 0.219061
122846 0.199132
122503 0.198662
122296 0.187091
122300 0.186293
122871 0.195876
122594 0.207278
122473 0.196186
122754 0.186592
122879 0.206599
122412 0.180654
123001 0.199601
122548 0.206445
123270 0.195244
123041 0.186482
122787 0.187828
123275 0.19116
123054 0.190635
122573 0.182176
123253 0.19374
122434 0.192737
123205 0.185437
123304 0.187654
123168 0.204281
122579 0.231798
123049 0.196152
123209 0.18594
122541 0.186147
122684 0.190476
123193 0.180258
122632 0.182592
122306 0.192078
122593 0.188329
122465 0.190567
123011 0.185701
122738 0.201456
122826 0.195339
122800 0.194041
123043 0.191526
122859 0.197388
122735 0.198748
122560 0.177465
122687 0.183885
123002 0.17795
122280 0.188905
122541 0.18513
122305 0.177852
122330 0.201058
122830 0.187332
122855 0.191597
123204 0.196047
123023 0.180961
123252 0.196772
122783 0.210046
123040 0.206439
122634 0.189668
122509 0.184514
123068 0.206649
122347 0.197302
123219 0.184765
122500 0.19486
122880 0.18168
122810 0.201512
122654 0.200587
123167 0.174794
123238 0.196136
122416 0.21039
122352 0.222222
122685 0.205896
122350 0.163265
123270 0.192094
122643 0.197897
122990 0.197832
122305 0.195876
122862 0.192545
122825 0.198176
123097 0.187399
122418 0.186038
122312 0.195847
123087 0.196689
123001 0.194773
122871 0.193712
123090 0.198903
122843 0.198322
122736 0.185535
122256 0.195946
122549 0.189811
122559 0.189692
122331 0.202749
122711 0.188545
123013 0.214286
122535 0.209313
122682 0.189698
122429 0.190685
122734 0.192909
122722 0.197449
122830 0.195688
122354 0.185761
122833 0.191645
122415 0.17462
122739 0.181351
123035 0.21537
122467 0.183693
123250 0.190584
122859 0.184268
122804 0.201734
122453 0.196929
123019 0.177344
122593 0.194698
123264 0.183772
123091 0.190684
123240 0.18498
122551 0.188195
122780 0.16092
122726 0.193299
122802 0.178872
122283 0.191574
122360 0.192723
122987 0.172414
122692 0.186586
122858 0.198872
122808 0.200326
122616 0.182418
122988 0.157088
122727 0.184653
122539 0.186341
122802 0.188969
123165 0.220657
122369 0.202301
123027 0.187631
123175 0.2032
123074 0.215205
122787 0.183099
122492 0.219414
123048 0.196581
122300 0.197727
122424 0.185531
122616 0.185413
122341 0.2
122769 0.207452
122629 0.193131
122256 0.189331
122772 0.193946
122301 0.190294
122594 0.197987
122613 0.203171
122462 0.212361
123012 0.189672
123066 0.194991
122681 0.189071
123227 0.194014
123274 0.178233
122492 0.201621
122841 0.190591
122345 0.209302
122540 0.18392
122505 0.190045
122445 0.185977
122352 0.203704
122753 0.187879
122298 0.194915
122356 0.188736
122661 0.215525
122273 0.180768
122488 0.187176
122615 0.194266
123026 0.187191
122679 0.208861
122430 0.188465
122843 0.19075
122351 0.179825
122455 0.188488
122465 0.189063
122587 0.199086
123044 0.189189
123213 0.184549
122268 0.195918
123062 0.18721
122300 0.18299
122673 0.197487
123259 0.194299
123238 0.2
122853 0.187375
122799 0.198392
122819 0.197359
123245 0.180865
122422 0.202908
123101 0.196864
122713 0.184149
122596 0.184565
122842 0.192537
123004 0.18615
122652 0.195044
123253 0.189861
123025 0.191674
122804 0.180759
123197 0.166214
122829 0.192418
122993 0.196629
122768 0.177221
122593 0.188393
122768 0.185619
122862 0.200563
123201 0.195969
122647 0.194567
122542 0.189381
123063 0.189941
123034 0.19598
123302 0.191489
123293 0.187843
122503 0.181818
123002 0.207166
122454 0.190803
122995 0.19827
123280 0.196214
122829 0.187442
122278 0.185629
122281 0.168375
122505 0.194716
122610 0.185878
122424 0.182754
122754 0.197848
122841 0.193036
123279 0.193927
123215 0.202447
122366 0.187932
122312 0.190563
122576 0.200331
122603 0.181979
122562 0.192075
122577 0.177882
122278 0.200893
122631 0.199105
123176 0.197251
122812 0.194034
123051 0.196529
122283 0.187425
122410 0.19026
122808 0.216216
122279 0.194769
122770 0.199512
122749 0.185531
122699 0.194392
122767 0.183867
122810 0.192263
122614 0.193152
122313 0.182692
122535 0.197419
123256 0.181437
123209 0.192887
122416 0.195373
122767 0.189996
122314 0.188657
122667 0.190602
122657 0.189245
122298 0.199773
123262 0.181981
122256 0.196468
122769 0.189027
123176 0.195638
122443 0.192588
122696 0.192425
122285 0.191083
122590 0.197685
123078 0.195652
122345 0.189349
123206 0.184109
122571 0.198398
123266 0.191991
122608 0.193732
123240 0.188879
123089 0.201118
122802 0.19103
123166 0.198276
122796 0.192624
123048 0.180968
122427 0.193548
122779 0.199629
123068 0.196537
122464 0.192991
122860 0.188942
123226 0.182442
123038 0.208727
122366 0.18503
123262 0.197044
122589 0.196414
122480 0.18878
122683 0.196774
122596 0.191702
122563 0.19059
123295 0.188479
123237 0.18746
122341 0.187186
122488 0.195039
123024 0.189584
122511 0.196033
123215 0.199555
122413 0.190408
122280 0.185908
123002 0.215296
122312 0.195463
122279 0.183939
122471 0.195874
122286 0.190601
122571 0.188134
122805 0.185123
122747 0.198954
122699 0.194506
122829 0.204386
123059 0.199796
122484 0.183879
122247 0.190275
123039 0.201025
122698 0.200176
122509 0.19229
123093 0.17803
123248 0.185122
122675 0.192987
122805 0.201067
122563 0.182821
122713 0.193517
122486 0.189558
122273 0.179287
122703 0.186358
122542 0.190288
123245 0.194899
122803 0.178155
122412 0.183416
123044 0.200886
123250 0.19722
122731 0.19368
123178 0.204478
122735 0.193094
123261 0.207386
123260 0.194595
122734 0.194787
123260 0.192173
122745 0.197072
123036 0.194709
122809 0.19734
122301 0.194298
123051 0.190939
122409 0.202823
122467 0.184067
122785 0.18252
122249 0.200122
122548 0.181971
122747 0.17985
122322 0.198339
122684 0.18559
122740 0.194765
122409 0.196796
123021 0.199879
122469 0.200429
122339 0.194118
122572 0.191481
122289 0.201386
122863 0.198964
122464 0.186246
123197 0.187984
122272 0.184229
122701 0.19023
123020 0.2016
122253 0.188379
123070 0.18128
122623 0.195029
123285 0.199338
122846 0.201043
122677 0.200273
122879 0.181384
122525 0.189285
123022 0.190417
123029 0.186321
122363 0.198281
122263 0.194748
123051 0.189437
122536 0.190207
122498 0.187879
122572 0.182179
122681 0.191148
122369 0.17561
122500 0.179209
122993 0.182594
123059 0.190427
122852 0.192638
122796 0.191984
123294 0.187909
122842 0.189183
123066 0.199601
122815 0.193134
122831 0.195256
122251 0.201652
123085 0.186963
122610 0.198141
122661 0.198137
122424 0.193256
122411 0.188602
122652 0.19575
123211 0.181163
122352 0.221719
123042 0.198009
122336 0.213582
122996 0.186667
122868 0.18464
122734 0.185211
122501 0.181229
122291 0.184421
123043 0.192615
122287 0.196158
122967 0.207459
122574 0.183981
123213 0.183376
123011 0.194509
122705 0.18996
123223 0.187531
122247 0.203414
123167 0.199379
122708 0.188811
122869 0.182733
123016 0.19863
122564 0.192825
122789 0.202601
122503 0.198245
122519 0.224417
122845 0.193164
122986 0.185339
122497 0.190598
122826 0.190567
123267 0.194982
122733 0.185503
122749 0.194358
122296 0.187294
122824 0.187872
123266 0.19566
122996 0.200924
123052 0.190551
122484 0.184433
122700 0.18096
123014 0.137615
122538 0.1889
122263 0.171598
122700 0.189135
122879 0.195389
122721 0.181141
122306 0.18856
122733 0.192814
122867 0.189644
