113509 0
112796 0
112789 0
113769 0
112366 0
112883 0
113613 0.000588582
112636 0
113205 0
112872 0
112373 0.000942507
113134 0
112383 0
113704 0
112648 0
112654 0
113939 0
113851 0
112786 0
113544 0
113315 0
113824 0
113911 0
113335 0
113047 0
113351 0.00112994
113946 0
113652 0
112785 0
113938 0
113480 0.002331
112322 0
113503 0
113829 0
112422 0
113261 0.000590319
112700 0.000805802
113605 0
113546 0
112438 0
113845 0
113260 0
112426 0
112499 0
112680 0
113144 0.000492368
113682 0.000454959
113379 0
113444 0
112823 0
113693 0
112400 0
112491 0
113877 0
112511 0.000614251
113701 0
112861 0
112916 0
112868 0
113462 0
113018 0.0037037
113466 0
112642 0
113956 0.00110619
113771 0.000874891
113392 0.000464468
112369 0.000890472
112887 0
113195 0.000745712
113463 0
113139 0
112494 0
113110 0
112353 0.000570451
113494 0
112997 0
113665 0
113068 0.00058548
113290 0
113962 0.000892857
113879 0.0006035
112290 0
113719 0
113414 0
113899 0
112816 0
112456 0.000436681
113395 0
114126 0
113567 0
112367 0.000596303
113170 0
113654 0
112390 0
113801 0
112980 0
113055 0
113289 0
113659 0
112624 0
112348 0
113495 0
112825 0
113356 0.000568182
112509 0
112420 0
113048 0
113440 0.00111111
114025 0
113849 0
113686 0
113690 0
112773 0.000587199
114105 0
112264 0
113534 0
113386 0
112479 0
112334 0
113388 0.00084317
113107 0
112993 0
113792 0
112897 0
113060 0
112615 0
113698 0
112984 0
112903 0
112541 0
113491 0
113857 0
113536 0
113724 0
113642 0
113635 0
114098 0
113996 0
113508 0
112657 0
112492 0.000453104
114023 0
113499 0
113453 0
113054 0
112522 0
113406 0
112781 0
113925 0
113211 0
112664 0
113550 0
113896 0
113949 0
112845 0
112542 0
113794 0
113723 0
112904 0
112631 0
114017 0
113247 0.00100301
113969 0
112259 0
112840 0
113401 0
113422 0
112295 0
113831 0
113245 0
113106 0
112299 0
113345 0
113246 0
113380 0
113609 0
113785 0
113093 0
113772 0
113302 0
113472 0
113843 0
113584 0
113664 0
112827 0.00061237
113957 0
112810 0
112812 0
113874 0
112699 0
113145 0
113612 0.000558347
112442 0
113627 0
113353 0
113876 0
112927 0
113324 0.000776398
112329 0
112794 0
112625 0
113010 0
113065 0
112263 0
113679 0
113396 0
113198 0
113511 0
113624 0
113911 0.000535332
113897 0
113862 0
112362 0
113504 0
113696 0
113819 0
113694 0
113125 0
113871 0
113717 0
112791 0
113318 0
113688 0
112435 0
113661 0
112679 0
112343 0
113628 0
112531 0
113914 0
113038 0
112475 0
112840 0
113630 0
113683 0
112805 0
113448 0
112650 0
112817 0.00217391
112466 0
113183 0
113758 0
113350 0.00070373
113925 0
113926 0.000527704
113393 0
113066 0
112487 0
112878 0
114024 0
113432 0
113348 0
112664 0.000528541
113603 0.000582072
113488 0
112279 0
112652 0
113977 0
113493 0
113212 0
113782 0
113135 0
114132 0
112488 0.000447427
113204 0
112851 0
113011 0
113468 0
113993 0
112365 0
113365 0
113070 0
113274 0
113954 0
113244 0
113264 0
113950 0
113799 0
113662 0
113764 0
113725 0.000574053
113633 0
113722 0.000604595
112616 0
112490 0
112287 0
113571 0
113045 0
112397 0
113291 0
113079 0
112655 0
113650 0
113948 0
112991 0
113941 0
113936 0
113622 0
113441 0.0015456
113623 0
112409 0
112999 0
113476 0
113940 0
112495 0.0017452
112260 0
113983 0
112512 0
113978 0
113621 0
112811 0
113203 0
113099 0
113789 0
113197 0
113576 0
112392 0
112978 0
113309 0
114112 0
114018 0
114133 0
113832 0
112544 0
112633 0.00177936
113088 0
113892 0
113903 0
113126 0
113185 0
113165 0
113303 0
113625 0
113695 0
112804 0
112393 0
113343 0
112361 0
113982 0
112875 0.000466636
112863 0
112865 0
114123 0
113881 0
113653 0
112614 0
112601 0
113492 0
113391 0
113489 0
112502 0
113436 0
112816 0
113052 0
112378 0
112417 0
112283 0
113061 0.000579374
113347 0
112506 0
113269 0
113770 0
113959 0
113148 0
113657 0
113455 0
112681 0
112835 0
112454 0.000494071
113991 0
