116735 0.139512
116589 0.138087
116769 0.140412
116758 0.134927
116776 0.146151
116582 0.142191
116233 0.135091
116634 0.149944
116272 0.142882
116573 0.149047
116362 0.135885
116612 0.129992
116475 0.134697
116739 0.13726
116615 0.138432
116283 0.139141
116422 0.138711
116160 0.145028
116238 0.13765
116242 0.141699
116683 0.128487
116233 0.139042
116666 0.137061
116335 0.160674
116659 0.130993
116383 0.143575
116475 0.13475
116588 0.148551
116441 0.137532
116450 0.13587
116422 0.137209
116519 0.137388
116810 0.131788
116428 0.143836
116360 0.142406
116365 0.136789
116715 0.142167
116429 0.136135
116262 0.1429
116207 0.143302
116365 0.139066
116626 0.138259
116196 0.135316
116816 0.145006
116462 0.144144
116810 0.141352
116582 0.149297
116252 0.139761
116580 0.141654
116185 0.14346
116433 0.133812
116604 0.137337
116159 0.145603
116804 0.144431
116651 0.133653
116365 0.138828
116356 0.135302
116277 0.135891
116206 0.143844
116340 0.137732
116495 0.133524
116229 0.132504
116380 0.137956
116180 0.138171
116716 0.133275
116359 0.131508
116660 0.138436
116361 0.138367
116148 0.137917
116369 0.142641
116291 0.136528
116190 0.1405
116151 0.141972
116236 0.14053
116189 0.150451
116462 0.142301
116412 0.142581
116502 0.144956
116518 0.136749
116339 0.141404
116671 0.13467
116433 0.131255
116396 0.138401
116498 0.145833
116641 0.143555
116636 0.132043
116154 0.14021
116183 0.141656
116238 0.135411
116747 0.136786
116709 0.139711
116256 0.128497
116739 0.143741
116227 0.139006
116197 0.139308
116770 0.142792
116451 0.133494
116755 0.135725
116353 0.137864
116410 0.135529
116634 0.136696
116701 0.139822
116460 0.135373
116753 0.1392
116742 0.135369
116421 0.141175
116732 0.134845
116738 0.135708
116218 0.138977
116711 0.134944
116785 0.144825
116814 0.143112
116278 0.127741
116761 0.138644
116398 0.135976
116428 0.158565
116673 0.135497
116416 0.142661
116205 0.138689
116593 0.135678
116368 0.140205
116745 0.137756
116696 0.141284
116683 0.133047
116732 0.141546
116628 0.131631
116421 0.137041
116413 0.139238
116815 0.144288
116214 0.139701
116773 0.136066
116802 0.138035
116254 0.13639
116639 0.139872
116624 0.137058
116814 0.137594
116131 0.135678
116186 0.143112
116748 0.132985
116685 0.136902
116246 0.142809
116233 0.139107
116243 0.141386
116495 0.141024
116290 0.135085
116791 0.133348
116409 0.140646
116396 0.14024
116521 0.136373
116786 0.135522
116142 0.142184
116769 0.144673
116617 0.140997
116802 0.138488
116646 0.128814
116353 0.143993
116166 0.140348
116338 0.130313
116416 0.137174
116624 0.118807
116482 0.140577
116443 0.137224
116173 0.135078
116496 0.139778
116573 0.138733
116717 0.140809
116485 0.13609
116500 0.152245
116652 0.141121
116728 0.12824
116656 0.135465
116216 0.139059
116255 0.138996
116151 0.138713
116441 0.13969
116282 0.152384
116278 0.145069
116269 0.136151
116190 0.139711
116755 0.136367
116141 0.140662
116808 0.140368
116357 0.138506
