116888 0.157998
116706 0.16104
116659 0.162546
117066 0.156069
117069 0.155876
116356 0.159922
116901 0.159054
116709 0.159779
116980 0.156612
116366 0.155928
116761 0.15978
116771 0.158405
116626 0.156438
116748 0.157189
116707 0.157475
116880 0.159484
116878 0.152414
116284 0.158607
116252 0.158554
116621 0.156053
116869 0.152794
117039 0.151507
116256 0.154963
116574 0.155307
116194 0.157228
116656 0.159786
116451 0.158876
117070 0.15781
116371 0.154216
116521 0.15668
116190 0.157424
116969 0.159736
116601 0.157873
116227 0.160014
116283 0.15696
116933 0.156767
116498 0.157228
116589 0.158257
116482 0.156379
116580 0.157404
116450 0.158063
116727 0.157703
116210 0.161096
116950 0.160638
116514 0.162276
116597 0.16589
116749 0.155303
116246 0.160709
116766 0.159712
116814 0.160339
116991 0.160885
116208 0.159673
116189 0.166498
116976 0.157793
116667 0.157421
116811 0.159677
116590 0.157015
116154 0.159388
116940 0.157
116268 0.161335
116186 0.15527
117022 0.158357
116232 0.159486
116242 0.151615
116428 0.151767
116500 0.162162
116585 0.160917
116477 0.15746
116380 0.158655
116990 0.153302
117005 0.164917
117075 0.157671
116577 0.156676
116441 0.1594
116353 0.157953
116460 0.155739
116816 0.15714
116680 0.159741
116128 0.154554
117096 0.152632
116258 0.156134
117006 0.158957
116339 0.157497
116183 0.158604
116689 0.157945
116902 0.157859
116480 0.146662
116520 0.157636
116798 0.161246
116398 0.160929
116636 0.158133
116754 0.160268
116219 0.158195
116927 0.156606
116660 0.159424
116361 0.155372
116509 0.155987
116462 0.158598
117092 0.149159
116628 0.15884
117087 0.154253
116934 0.158979
116705 0.156352
117018 0.159605
117090 0.157182
117099 0.158001
116395 0.155782
116629 0.157838
116929 0.158224
116753 0.158266
116755 0.160156
116712 0.157537
116250 0.15503
117074 0.151782
117015 0.155091
116641 0.166218
116436 0.159861
116263 0.15266
116865 0.155205
116588 0.155567
116948 0.156989
116743 0.165255
116764 0.158353
116240 0.159521
116593 0.161869
116894 0.156937
116870 0.154355
116986 0.159523
116229 0.157419
116267 0.161909
116903 0.156915
117004 0.157916
116269 0.15774
116964 0.156677
116890 0.161338
116501 0.156658
116892 0.156485
116949 0.15946
116239 0.158177
116669 0.155643
116995 0.157014
116970 0.162284
116504 0.158522
116804 0.151031
116758 0.1543
116769 0.162604
116884 0.158043
116913 0.156
116873 0.160111
116369 0.157041
116502 0.157149
116420 0.157434
116651 0.15735
116858 0.157232
116802 0.155859
116701 0.153692
116763 0.155996
116224 0.15675
116131 0.160846
116637 0.156542
116129 0.170114
117053 0.160276
116233 0.160009
116148 0.159321
116942 0.15997
116786 0.154304
117052 0.157838
116410 0.157181
117093 0.152013
117095 0.155475
116924 0.158481
116993 0.160236
117047 0.157682
116225 0.156601
116812 0.159692
116881 0.161687
117023 0.15884
116333 0.158374
116604 0.157099
116581 0.159925
116231 0.158685
116221 0.153827
116630 0.158824
117098 0.155991
116885 0.155166
116516 0.156593
116338 0.159388
116715 0.156559
116178 0.163718
116199 0.159485
116815 0.155591
116762 0.158737
116930 0.159211
117011 0.15954
116399 0.160247
116255 0.158236
116154 0.164674
116468 0.157901
116196 0.159361
117102 0.158328
116939 0.156215
117046 0.15738
116634 0.156696
117019 0.160831
116247 0.158136
116362 0.160542
116872 0.149015
116282 0.16296
116698 0.15649
116947 0.162169
116946 0.159035
117020 0.154898
116280 0.156461
116251 0.161379
116357 0.173521
116914 0.160419
117045 0.159873
116167 0.16065
117009 0.158532
116716 0.161878
116742 0.159633
116182 0.159337
116257 0.158064
116685 0.158242
117003 0.159169
116440 0.153441
116883 0.15273
116691 0.152034
116429 0.161001
116385 0.157924
116181 0.159434
116360 0.158112
116932 0.158165
116277 0.158817
116200 0.156498
116519 0.156799
117068 0.155036
116615 0.15812
116412 0.155206
116193 0.159875
116159 0.161499
116595 0.156298
116900 0.160288
116216 0.157292
116640 0.158748
116935 0.160012
116728 0.157609
117105 0.159597
116443 0.153329
116785 0.15657
116172 0.159277
116735 0.158352
116994 0.154998
116931 0.158497
116433 0.161197
116904 0.159839
116773 0.155095
116594 0.156508
116791 0.15016
116697 0.162384
116647 0.1564
116570 0.158262
117055 0.161974
116770 0.160574
116907 0.158172
116703 0.161836
116495 0.153657
116359 0.156955
116289 0.152834
117050 0.16208
116266 0.155464
116180 0.159868
116483 0.153778
116875 0.156502
116730 0.159707
116292 0.155336
116696 0.159104
116979 0.158841
116243 0.15305
117083 0.153443
116699 0.158112
116485 0.151209
116582 0.159813
116740 0.152913
116977 0.158815
116355 0.158926
117029 0.157453
116340 0.154498
116600 0.155863
116624 0.157319
116133 0.159007
116238 0.158792
116982 0.156945
116889 0.158298
116453 0.159255
116602 0.157087
116335 0.163327
116971 0.161944
116810 0.156787
117061 0.158573
116876 0.161914
116387 0.159091
116714 0.159996
116973 0.160186
116421 0.158813
116612 0.154181
116776 0.154305
116414 0.154217
116603 0.15652
116171 0.152557
116206 0.158815
116920 0.15934
116996 0.159032
116960 0.156547
116800 0.156768
116750 0.157709
117051 0.158177
116185 0.1582
116439 0.156367
116984 0.167738
116223 0.155729
116396 0.160808
116358 0.162582
116767 0.160633
116573 0.158929
116650 0.159318
116263 0.162606
116711 0.159326
116475 0.160712
116156 0.15926
116694 0.154971
116217 0.159558
116153 0.157852
116394 0.158039
116857 0.160473
116503 0.165458
116518 0.156139
117062 0.161768
116965 0.16022
116142 0.160305
116744 0.155258
116141 0.159962
116393 0.159618
116663 0.159886
116272 0.160773
116374 0.161193
116945 0.149203
116732 0.157799
117028 0.154039
116635 0.15713
116646 0.164596
116381 0.154212
116332 0.158035
117040 0.154323
116808 0.156105
116614 0.159646
116237 0.159112
116211 0.159637
116204 0.154384
116478 0.15522
116670 0.156805
116568 0.152626
116639 0.154138
116463 0.159107
116978 0.160193
116809 0.155792
116409 0.154269
116330 0.15603
116218 0.158936
116222 0.156494
117103 0.158521
116515 0.159347
116375 0.161966
116214 0.159425
116720 0.158933
116179 0.156348
116278 0.158728
116235 0.15729
116919 0.15445
116893 0.153533
117002 0.166022
116166 0.154139
116505 0.154549
116201 0.159734
116863 0.157175
117054 0.160307
117043 0.159817
116666 0.158782
116464 0.161076
116860 0.161071
116185 0.15838
116207 0.158644
116215 0.156704
116499 0.169832
116376 0.159008
116160 0.166374
116416 0.16295
117001 0.156894
116510 0.158796
116236 0.161125
116747 0.156067
116458 0.15639
117030 0.157917
117013 0.170378
116974 0.158295
116616 0.156078
116693 0.157733
117008 0.159304
116430 0.159322
117035 0.15828
116864 0.159738
117049 0.157257
116923 0.155609
116738 0.156793
116787 0.160748
116677 0.157318
116368 0.162204
117041 0.1544
116579 0.157827
116733 0.156813
116517 0.150275
116195 0.152015
116596 0.158868
116432 0.161954
116999 0.161319
116365 0.158853
116983 0.156112
116261 0.155213
117071 0.158243
116291 0.160182
116739 0.154521
116271 0.157528
116465 0.158039
116164 0.157757
116383 0.158886
116234 0.157657
116768 0.159869
116334 0.160887
117000 0.162093
117017 0.160012
116874 0.157239
116423 0.163592
116658 0.161806
116683 0.155133
116364 0.155649
116591 0.155537
116262 0.156024
116672 0.15656
116149 0.157452
116283 0.159557
116652 0.156575
116879 0.161576
116170 0.162353
116184 0.159279
116671 0.155239
116891 0.155401
116745 0.155363
116259 0.160669
116877 0.155693
116422 0.161651
117101 0.158918
116197 0.156051
117010 0.159404
116721 0.157448
116987 0.1585
116717 0.15937
117085 0.154496
117031 0.159251
116270 0.155252
116290 0.156755
116617 0.158447
116151 0.157934
116673 0.157146
116173 0.157341
116230 0.160382
116168 0.160302
116609 0.158058
116367 0.156585
117094 0.15518
116424 0.157969
116925 0.1576
116496 0.156058
117063 0.157147
116413 0.161499
116569 0.163076
