113444 0
113910 6.96379e-05
113386 0
113864 0
113787 0
113261 0
113485 0
113923 7.75014e-05
113291 0
113630 0
113361 0
113963 0
113940 7.9466e-05
113982 0
113387 0.000205465
113385 0.000420168
113485 0
114137 0
113978 0.000216826
113265 7.26744e-05
113345 0
113270 0.000147678
113546 0
113574 0
113824 0
113470 0.00015163
113414 0
113719 0
113453 0
113405 0.000344768
113614 0.000224349
113911 0.00020574
113665 0.000111315
113618 0.00010805
113576 0.000223189
113871 0.00010012
114019 0.000256641
113534 0.000109445
113685 0.000419419
113954 0.000129157
113308 0
113922 0.00015847
113501 0.000140607
113356 0.000148324
113261 0
113474 0
113996 0.000104954
113669 0.000390168
113690 8.42673e-05
113874 0
113394 0
113327 0.000191718
113335 0.000333723
113363 0
113623 0
113725 0.000110132
113927 0.000212766
113392 0
113635 0
113901 0
113497 0.000155994
113290 0
113897 0.000162628
113401 0.000168862
113899 0.000291163
113902 0.000215595
113344 0
113684 0
113459 7.24165e-05
113503 0
113615 0
113890 0
113357 0
113244 0.000126279
113264 0.000137722
113471 0
114137 0.000159566
113571 0.00018205
113269 0
113436 0
113659 0.000323965
113381 0.00011012
113315 0.000447127
113764 0.000335121
113701 0.000233345
113769 0.000747105
113611 0.000221558
113609 0.000257301
113857 0
113963 0
113721 0
113999 0
113852 0
113383 0
113509 0
113727 0.000218986
113481 0.000251488
114126 0
113957 0.000265863
113984 7.05716e-05
113626 0
113880 0.000199422
113886 0.00011073
113274 0.00011936
113368 0.000144279
114108 0.000114168
113605 8.71612e-05
113619 0.000148622
113897 0
113765 0.000162417
113284 0
113776 0
113902 0.000213053
113822 0
113380 7.40905e-05
113900 0
113890 0
113608 0.000352195
113442 0
114136 0
113625 0.000342153
113623 7.62486e-05
113253 0
113422 0
113504 0
113661 0.000243279
113484 0
114118 0
114134 0
113457 0
113363 0
114132 0.000123047
113883 7.12606e-05
113969 0
113788 0.000152905
113794 0.000155304
113927 0.00024
113599 0
113850 7.14133e-05
113769 0
113385 0
113959 0.000126088
113630 0
114118 0.000197278
113610 0.000221484
113650 0
113628 0.000229305
113317 0
113270 0.000145106
113833 7.38498e-05
113976 0.00025227
113886 7.28226e-05
113280 0
113562 0
113474 0.000146242
113619 0.000149432
113819 0
113985 0
113717 0.000153988
113701 0.000352402
113698 0.000131216
113900 0
113615 7.38934e-05
113697 9.28333e-05
113381 0.000149914
113302 0.000460936
113881 0
113264 0.000136874
113423 0.000116009
113896 0.000122115
113642 0
113443 0.000220848
113766 0
113960 0
113927 5.35131e-05
113956 0.000320547
113829 0
113383 0.000578258
113982 0
113445 0.000339443
113627 0
113630 0
113912 7.8734e-05
113486 0.000165207
113896 0
114112 0.000117385
113603 0.000225479
113579 0
113377 0.000356125
113772 0
113629 0.000126438
113613 0
113883 0
113765 0
113791 0
113492 8.90234e-05
113247 0
113365 0.000234302
113724 0.000152753
113463 0.000139821
113856 0.00035727
113641 6.56513e-05
113361 0.000233536
113405 5.56731e-05
113671 0
113614 0.000110902
113574 0
113612 0.000216755
113767 0
113310 0.000124224
113909 0.000614251
113251 0.000161238
113346 0.00014666
113993 0.000270929
113627 0.000111869
113644 0.000177305
113800 0
113507 0.000180832
114022 0.000113701
113954 9.43129e-05
113761 0.000137382
113391 0
113609 0.000133369
113456 0.000232288
113571 0
113575 0.000113058
113939 8.13736e-05
113480 0
113501 0
113939 0.00016276
113891 0.000107956
113914 0.000116266
113667 0.000134463
113986 0.000137174
113823 0.00020555
113463 9.42418e-05
113461 0.000513611
113258 0.000305367
113410 0.00010304
113371 0
113497 0.000343958
113877 0.000137212
113698 0.000128999
113324 0
113941 0.000492126
113723 0.00024108
113320 0.000237614
113828 0.000168833
113572 0
113870 0.000195925
113995 0.00179211
113272 7.63301e-05
113266 0
113796 0.0003367
113957 0.000176382
114136 0
113777 0
113950 0
113537 7.42501e-05
113644 5.90563e-05
113662 0.000242674
113654 0
113724 0.000115473
113617 0.000223131
114099 0
113393 0
113600 0
113772 0.000222767
113602 0.000221092
113634 0.000297199
113536 0.000109553
113997 0.000231294
113318 0
113657 0.000191077
113466 0
113276 7.48727e-05
113685 0.000209732
113332 0
113841 0.00010016
113455 0
113369 0
113476 0.000376553
114137 0.000119133
113622 0
113832 0.000190894
113791 0
113835 0.000197453
113444 0.000129082
113457 0
113404 9.45716e-05
113857 0
113666 9.12242e-05
113986 0.000213919
113829 0
113456 7.70001e-05
113854 0.000130565
113610 7.63534e-05
113719 0.000220192
113981 0
113829 0
113764 0.000220216
113285 0
113661 0.00018018
113953 0.000182849
113576 0.000340483
113453 0
113588 0.000109577
113869 0
114111 0.000134771
113606 0
113761 0
113626 7.43384e-05
113691 0
113860 0.000318878
114127 0.000423729
113492 0
113641 0.000197668
113388 0.00030012
113620 0.000334262
113388 0.000204102
113280 0.000375375
113922 0.000158541
113265 0.000220751
114129 0
113997 0
113601 0.000144707
113513 0.00015753
113715 0
113790 0.000103648
113367 0
113691 7.27431e-05
113289 0
113771 0.000113753
113588 0
113846 0.000184843
114098 0
113800 0
113365 0
113264 0
113344 0
113350 0
113926 6.56858e-05
114025 0.000165289
113653 0
113510 0
113695 0.000110156
113885 0
113997 0.000115354
113720 0.000111657
113862 7.20565e-05
113888 7.3014e-05
113661 0.00017846
113253 0
114133 0
113423 5.78369e-05
113984 0.000139597
113496 7.503e-05
113440 0.000654279
113502 0.000200723
113688 0
113351 0.00011073
113849 0
114136 0
113777 0
114108 7.75735e-05
113353 0.00020555
113834 0.00013708
113695 0
113871 0.000201708
113612 0.000110059
113509 0
113785 0.000169837
113639 0
113283 0.000218388
113759 0
113491 0
113518 0.000127877
113391 0.000151446
113502 0.000299222
113499 0.000325045
113900 0
113470 7.46102e-05
113320 0.000235877
113984 0.000108307
113725 0.000149846
113946 6.34075e-05
113682 0.000286238
114127 0
113879 0.000111136
113538 0.000112461
113380 7.37681e-05
113680 0
113500 0.000345214
113665 8.61252e-05
113511 0.000123533
113353 0.000414938
113921 0
114111 0
113246 0
113256 0
114106 0
113383 0.000188786
113588 0
114021 0
113793 0
113696 0
114127 0
113515 0.000122234
113368 0.000106474
113899 0.000439271
113800 9.55566e-05
114098 0
113504 0
113854 0.000128601
113825 0.000206256
113782 0
113639 0.000382702
113976 0
113996 0
113404 6.30756e-05
114111 0.000611995
113391 0.000120715
113974 0
113823 0.000151423
113936 0.000197531
113983 0.000190078
113408 0.000100422
113803 0
113833 7.58783e-05
113933 0.000197798
113332 0
113534 0
113571 0
113544 0
113664 9.18611e-05
113991 0
113377 0
113444 8.56164e-05
114019 0.000376364
114108 0.000115888
113634 0.000113856
113964 0
113384 0
113359 8.34864e-05
113517 0
113897 0.00016592
113949 0.000539957
113891 0.000140095
113832 6.47626e-05
113956 0.000211223
113891 7.11389e-05
113414 0
113436 0
113686 0.000171821
113831 0
113415 7.02691e-05
113319 0.000108672
113773 0.000321595
113415 0.000104888
113614 0
114122 0
113605 8.99685e-05
113628 0.000153681
113964 0.000222354
113488 0.000227816
113550 8.96057e-05
113407 0
113862 7.4107e-05
113626 0.000217155
113901 0.000328299
113876 0
113654 7.60803e-05
113932 0.00032298
113963 0
113796 0
113606 0.000109242
113877 0.000136893
113584 0
113442 0
113994 0
113987 0.00015758
113619 0.000114299
113599 7.80518e-05
113256 0
113275 0.000670916
113335 0.000171733
113666 0.000179651
113401 0
113251 0.000119976
113926 0
113291 0
113940 0.000216779
113407 0
113835 0
113583 0.000233699
113854 8.54555e-05
114020 0.000313087
113912 0.000159422
113846 0
113612 0
113260 7.62893e-05
113727 0.000333333
113540 0
113410 6.95701e-05
113902 0.000107066
113275 0.000225276
113804 0.000108767
113284 0.00012566
113717 0
113583 0.000151722
113350 0
113702 0
113386 0
113365 0
113627 0.00017854
113952 0
113535 0.000110828
114133 0.000153374
113827 0
113283 0
113864 0.00135501
113660 0.00011842
113279 0.000277354
113758 0
113603 0
113357 0.000232693
113612 0.00021714
113396 0.000186898
113818 0.000231428
113819 0.000119861
113486 0.000492854
113308 0
113369 0.000165645
113354 0.000948767
113933 0.000194307
113431 0
113370 0
113845 0.000304832
113283 0.000450653
113927 0.000160141
113715 0
113492 0
113562 0
113829 0.000186289
113657 0
113777 0
113379 0.00024564
113501 0
113476 8.55286e-05
113999 0
113244 0.000373343
113723 8.01282e-05
113881 0.000543478
113621 0.000335909
113468 0.000111882
113722 0.000333667
113394 0.000174338
113348 0.000113071
113683 0.000282207
113864 0
113354 0
114098 0
113275 7.43108e-05
113766 0.000397562
113423 0.000231535
113910 0.000207283
113850 0.00014245
113644 0.000234769
113852 0
113261 0
113785 0
113761 0.000135648
114108 0.000229305
114134 9.06618e-05
113569 0
113274 0
113256 0.000188661
113999 0
113840 0
113550 0.000264445
114137 0
113463 0.000145879
113952 0
113655 8.7581e-05
113415 0
113540 0
113669 0
114109 0
113462 0.000108648
113924 0.000156969
113980 0
113938 0.000106952
114021 0
113654 0.000118182
113964 0
114118 0
113659 0
113545 0.000430015
113864 0
113247 0.000181422
113883 0.000107112
113379 0.000160953
113933 0.000127836
113544 0
114135 0
113276 7.47105e-05
113590 0.000225785
113824 0
113702 0
113371 0
113610 0
114126 0.000132784
113914 0.00026362
113618 0
113455 0
113843 0
113936 0.00019604
113318 0
113387 0.000103082
113875 0.000213645
113601 0.000145836
113991 0.000151504
113391 0
113462 0.000218643
113686 0.00017135
113360 0
113479 0.000251067
113892 0.000210645
113515 0.000117633
113601 0
113758 0.000428082
113684 0
113496 7.31797e-05
113930 0.00013224
113796 0.000328785
113993 0.000411523
113845 0.000231481
113776 0
113459 0.000143864
113667 8.83783e-05
113720 0.000110632
113502 0
113396 6.25626e-05
113600 0.000109397
113650 0
113931 7.92142e-05
113315 0.000221386
113432 0.000226398
113380 0.000327118
113726 7.39044e-05
113517 0.00016247
113495 7.39754e-05
113760 0
113922 0.000160966
113823 0
113500 0
113802 0.000213129
113489 0.000106975
113348 7.52502e-05
113688 0.000213356
113496 0.000113921
113501 0.000140647
113415 0.000138447
113686 0
113941 0
113290 0.000582072
113514 0
113590 0.000290994
113641 9.82898e-05
113977 0
113881 0
113480 0.000290909
113963 0.000378931
113284 0.000125423
113253 0
113541 0.000248921
113315 0
113690 0
113688 0.000215587
113258 0.000151286
113682 6.80967e-05
113583 0.000230291
113487 0
113457 0.000152253
113468 0.000222387
113784 0.000327654
113892 0.000206292
113317 0.000133887
113959 9.46701e-05
113852 0
113842 0
113477 0.000127584
113397 0.000217936
114021 0.000310945
113949 0.000352113
113442 0
113494 0.000218914
113408 0.00030003
113829 0
113481 0.000255722
113900 0
113830 0
113269 0
113487 0.000154107
113659 0.000320667
113471 0.000285878
113931 0.000106276
113959 0.000282992
113909 0
113629 0.000389257
113659 0.000124131
113686 0
113510 0.000276091
113954 0
113453 0
113324 9.80969e-05
114127 0
113319 0.000110363
113910 0.000308356
113939 5.37403e-05
113467 0.000223164
114100 0.000114666
113789 0
113765 0.000249314
113803 0
113789 0.000304692
113976 0
113606 0.000144655
113392 5.81395e-05
113980 0.000111682
113255 0
113830 0.000256805
113508 0
113322 0
114132 0.000184434
114100 0
113652 6.00709e-05
113985 0.000207455
113856 0.000242424
113572 7.64584e-05
114017 0
113600 0.000150455
113579 0
113763 0.000450755
113825 0.000135391
113800 0.000129685
113948 0
113670 5.93718e-05
113969 0
114134 0.000137798
113408 0
113445 0.000123701
113407 0.000182149
113343 0
113597 0
113816 0.000454752
113832 0
113726 0
113352 0
113443 0.000322373
113693 0.000206228
113869 6.90751e-05
113694 0.000216146
113923 5.25624e-05
113360 0.000164718
113545 0
113804 0
113622 0.000236211
114017 0
113318 0.000344392
113362 7.57748e-05
113616 0.000109493
113310 0
113801 0
113320 7.78574e-05
113260 0
113452 0
113432 0
113833 0.000229095
113682 0.000170648
113515 0
113912 0.000106536
114019 0
113495 0.00032769
113243 0
113625 7.69764e-05
113985 0.00010446
113370 0.0002331
113934 0.000399361
113959 0.000188846
113696 0
113362 0.000156177
113270 0.000111557
114128 0
113983 9.53743e-05
113948 0.000281057
113345 0
113995 0
113337 0.000115848
113285 0.000146499
113303 0
113248 0.000110558
113347 0
113956 0
113609 0.00017838
113269 0
113352 0
113441 0
113983 0.000283326
114112 0.000233608
113580 0
113463 0
113974 0
113580 0.000224593
113827 0.000207943
113272 0.000112587
113306 0.000331647
113380 0
113792 0
113996 0.000141985
113987 0.000152999
113994 0.00034497
113949 0
113884 0.000109951
113620 0
114115 0
113479 0.000165207
113517 0.00016239
113493 0.000152288
113406 8.92379e-05
114112 0.000315906
113503 0
114021 0
113440 0
113909 0
113261 0
113650 0
113597 9.89022e-05
113463 0.000429185
113635 6.1065e-05
114103 0.000701754
113927 0.000160222
113469 0.000117165
113923 0.000105792
113605 0.000130412
113661 0.000186706
113540 0.000457178
113903 0.000256575
113869 0.000321681
113639 0
113488 0
113573 0.000111557
113477 0.00024564
113842 0.000255493
113394 0.000176294
113718 0.000181554
113467 7.5375e-05
113621 0
113849 0.000438933
114025 0.000329218
113534 0
113876 0
113579 0.000373832
113628 0.000115781
113347 0.000309119
113482 0
113607 0
113792 0
113388 0.000208247
113321 7.41015e-05
114023 0.000195255
113684 0
113462 0.000142602
113688 0.000143143
113351 0.000153362
113461 0
113482 0.000176134
113852 0
113633 0.00016247
113322 0.000113559
113518 0.000168251
113982 0
113704 0
113633 0.000339098
113978 7.14592e-05
113423 0
113620 0.000109866
113785 0
113635 8.93096e-05
113670 0.000118991
114124 0
113625 0
113760 0
114106 0.000182648
113346 0.000147471
113386 0.000144113
113393 8.79817e-05
113367 0.000225175
113283 0.000650195
113544 0.000389712
113926 0.000332491
113762 0
113469 0.00023609
113309 0.000150864
113395 0.000234247
113874 0
114018 0
113518 0.000170794
113303 9.997e-05
113622 0.000309789
113290 0
113405 0.000169214
113850 0
113881 0
113379 0
113624 0
114018 0.00049838
113758 0
113244 0
113332 0
113799 0.000191975
113385 0
113480 0.000288309
113381 0
113888 0.000110607
113343 0.000229043
113771 0
113441 0
113960 0.00028401
113495 0
113938 0.000158328
113248 0.000504541
113574 0.000107793
113821 0
113609 8.93655e-05
113977 0
113627 0.00011526
113541 0.000165522
113268 0.000394571
113977 0
114022 0.00016889
113658 0
113485 0
114020 0
113966 0.000306091
113680 0
113946 0.000185305
113704 0.000117675
113996 0.000142157
113479 0.000160746
113941 0
113508 0
113662 6.02555e-05
113925 0
113953 0.000544144
113248 0.000223015
113611 0
113672 0.000176663
113683 0.000215054
113863 0
113668 0
113875 0
113440 0
113537 0.000336134
113414 0
113272 0
113946 0.000123138
113790 0
113324 9.92162e-05
114124 8.61995e-05
113769 0
113653 5.93366e-05
113613 7.50356e-05
113841 0.000154799
114118 0.0003944
113717 0
113725 0.000106781
113878 6.79071e-05
113489 0.000107643
113877 0.000201369
113890 0.000152555
113391 0.000121507
113306 0.000247341
113692 0
113840 0
113327 0
114126 0.000125945
113790 0.000474383
113323 0
113474 0.000223264
113642 0.00431034
113892 0.000141183
113974 0
113700 0.000152707
113327 0.000283809
113956 0.000141283
113891 0.00021015
113834 8.92538e-05
113534 7.42335e-05
114020 0.000340483
113489 7.29022e-05
113763 0
113384 0
113345 0
113348 0.000147678
113722 0.000228258
114132 0
114103 0
113876 0
113377 0
113323 0.00011029
113885 0
113469 0.000118793
113387 0.000103788
113471 0
113966 0
113562 0
113878 0.000209205
113617 7.47608e-05
113782 0
113804 0.000147536
113319 0
113401 0.000573592
113484 0
113773 0
113514 0.000135999
113641 0
113633 0.000333519
113690 0.000122145
113683 0.00021631
113332 0
113453 0
113930 0
113680 0
113843 0.0003125
113885 0
113276 0.00033906
113995 0
113759 0
113794 0.000419683
113701 0.000311794
113324 0
113695 7.25111e-05
113934 0.000161316
113494 7.26956e-05
113795 0.000430385
113888 0.000148049
114103 0
113960 0.000169334
113670 0.000178079
113353 0.000132345
113966 0.000114064
113840 0
114136 0
113762 0
113455 0
113335 0.000341258
113431 0
113914 0.00011538
113507 0
113567 0
113830 0.000516262
113590 0
113386 0
113546 0.000171939
113821 9.54107e-05
113384 0
113432 0.000232666
113954 0.000552029
113693 0.000159008
114025 0.000109878
114123 8.07885e-05
113795 0
113670 0.000543183
113848 0.000370782
113535 7.40028e-05
113584 0
113443 0
113502 0
113655 8.50629e-05
113258 0
114115 0.000120062
113940 5.38184e-05
113671 0
113317 0
113436 0
114105 0.000944733
113870 0
113567 0
113616 7.50469e-05
113379 0.000124533
113302 0
113642 0
113442 0
113272 7.61093e-05
113656 9.0269e-05
113259 0.00014997
113346 0
113246 0
113476 0
113535 7.2685e-05
113888 0
113414 0.000447227
113613 0
113658 0
113318 7.86349e-05
114135 0
114099 0.000287687
113981 0
113770 0.000167757
113513 7.97385e-05
113317 0.000265745
113930 0.00019687
113762 0
113860 0
113611 0.000144217
114122 0
113767 0
113467 0.000112473
113625 0.000115314
113694 7.35781e-05
113614 0.000299043
113985 0.000426803
113997 7.54432e-05
113573 0
113491 0
113821 9.26355e-05
113932 5.31463e-05
113827 7.10227e-05
113849 7.29076e-05
113700 7.84437e-05
113652 0.000308499
113763 0
113248 0
113581 0
113962 0
113266 0
113794 0.000160901
113285 9.95718e-05
113892 0.000211842
113322 0.000149198
113921 0.000614628
113824 0
113486 0
113672 9.06701e-05
113787 0
113766 0
113697 0.000137268
113879 0
114128 0.000114364
113660 8.95656e-05
113347 0.000151745
113618 7.16076e-05
113899 0.000151217
114023 0.000146692
113328 0
113279 9.45716e-05
113255 0.000161655
113691 0.000218691
113764 0.000337154
113328 0
113422 0
113721 0.000122414
113322 0
113536 0
113897 8.14863e-05
113486 0.000242014
113270 0.000225734
114105 0
113344 0
113705 0.000229489
113987 0.000208073
113321 0
113772 0.000662252
114112 0
113723 7.97766e-05
113818 0.000224736
113842 0
113576 0
113932 0.000160681
113623 0.000227015
113718 0.000177936
113796 0
113253 0.000230388
113784 0
113722 0.000228833
113615 0.000113058
113368 0
113816 0
113883 0
113621 0.000379104
113846 0
113567 0
113896 0
113308 0
113771 0.000111944
113903 0
113406 0
113274 0
113368 0.000109914
113633 0.000447377
113581 0.000221337
113886 0.000334336
113620 0
113444 0.00012809
113667 0
113310 0.000126231
113875 0.000104297
114122 0
113991 0.000111607
113266 0
113845 0
113580 0
113365 0.000159859
114019 0
113321 0.00022097
114018 0
113369 0.000329815
113899 0
113507 0.000119446
113356 0.000326442
113830 0
113986 0.000103821
113931 0.000106045
113877 0
113978 0.000110717
113303 0.000296252
113404 0.000377501
113356 0
113767 0
113515 0.000233836
113544 0
113499 0
113685 0
113767 0
113770 0.00011288
114123 0.000162668
114106 0.000182782
113476 0
113724 0.000153516
113247 0
113347 0.000104439
113932 0
113869 0
113576 0.00015024
113611 0
113393 0
113354 0
113343 0.000381505
113871 6.7981e-05
113857 0
113246 0.000996016
113719 0.000147973
113370 0
113924 0.000157171
113602 0
113250 0
113491 0
113653 0.000183284
113776 0
113693 0.000318945
113936 0
113624 0
113664 0.000119589
113540 0.000158781
113337 7.97321e-05
113976 0
113371 0
114123 0.000121124
113645 8.83861e-05
113799 0.000193125
113491 0.000118821
113396 0
113510 0.000102512
113472 0.000111532
113843 0
114134 0
113923 0
113485 0.000585138
113251 0.000242758
114024 0.000106033
113494 7.15308e-05
113862 0
113685 7.05517e-05
113351 0.000223239
113397 0.000222949
113250 0
113407 6.02337e-05
113793 0
113514 0
113469 7.84745e-05
113500 0.000392311
113265 0
113256 9.51384e-05
113884 0.000216904
113690 0.000165276
113357 0
113726 0.000150693
113762 0
114129 0
113247 0
113700 0.000229043
113801 0.00043033
113369 0.000220775
113848 0
113903 0.000124486
113848 0
113343 0
113950 0
113280 0
113862 0
113758 0
113925 0.000398026
113470 0.000113007
113667 0
113787 0
113835 0.000200864
113357 0.00015647
113863 0.000126871
113362 0.000113482
113396 0.000278396
113701 0
113580 0.000151469
113513 0.000241663
113946 0
113878 0.000132415
113788 0
113550 0
113357 7.74473e-05
113764 0
113309 0.000226629
114123 0
113571 0
113289 0
113777 0
113617 0.000110412
113763 0.000362056
113698 0.000261006
113588 0
113536 0.000108401
113500 0
113495 0.000110546
113948 0.000413052
113319 7.2812e-05
113760 0
113584 0.000652174
113384 0.000271052
113719 0.000108826
113459 0
113789 0.000151309
113693 0.000159058
113497 0
113652 0
113367 0
113856 0.000243724
113933 0
113541 0.000250031
113291 0.000339501
113876 0
113387 0.000207699
113581 0.000146552
113503 0
113244 0
113694 0.000332816
113474 0.000218771
113540 0.000103573
113488 7.89391e-05
113466 0.00083717
114133 0.000113572
113404 0.000184083
113931 0.000159451
113406 0.000121544
113408 0.000295276
113443 0
113937 0
113828 0
114106 0
113981 0.00034118
113423 0.000176351
114128 0
113436 0
113962 0
113884 0
113550 0.000135428
113536 0.000287006
113271 0.000111882
113489 0
113575 0.000142318
113359 0
113645 0.00017984
113759 0.000930233
113607 0.000158856
113624 0
113576 0.000231455
113910 0.00010523
113922 0.000158705
113303 0
113924 0.000158078
113457 0.0003386
113290 0
113461 0
113393 0.00023571
113431 0
113616 0.000223964
113879 0.000151355
113289 0.000216591
113260 7.54205e-05
113635 0.000181598
113274 0.000228258
113851 7.83822e-05
113438 0.000564016
113279 0
113934 0.000265972
113669 0
113562 0
113285 0.000101864
113255 0.000243289
113284 0.000181752
113621 0
113659 0
113401 0.000114233
113623 0.000150004
113642 0
114105 0
113816 0
113692 0.000395726
113397 0.000109158
113335 0.000115701
113352 0.0022779
113601 0
113880 0.000291036
113851 0.00011343
113726 0.000228363
113785 0
113939 5.41008e-05
113773 0.000165098
113772 0
113582 0.000226706
113925 0.000267924
113717 0
113440 0
114135 0
113472 0
113914 9.02039e-05
113497 0.000114639
113318 0
113937 0.000413907
113700 0.000230601
113822 6.70916e-05
113995 0
113487 0
113986 0
113851 0.000156213
113511 0
113953 0.000138927
114124 0
113655 0
113671 0
114135 0
113911 0.000140578
113901 0
114017 0
113545 0
113794 0.000217557
113513 0.000235571
113468 0.000222025
113337 0.000153645
113770 0.000176398
113819 0
113863 0.000392696
113511 0.000162101
113582 0
113360 0.000248139
113456 0.000154464
113833 0
113885 0.000622665
113575 0.00021842
113834 0
114129 0.000187354
113352 0
113359 8.35213e-05
113822 0.00026927
113365 0.000150444
113603 7.39098e-05
113704 0
113818 7.53012e-05
113860 0.000476644
113466 0
113323 7.49288e-05
113950 0
113582 0
113954 0.000189982
113405 0.000171336
113482 8.63334e-05
113321 0.000220872
113715 0
113581 0.000109493
113870 6.58285e-05
113482 0.000258866
113827 7.02297e-05
113718 0
113599 0.00011733
113831 0
113660 0.000118224
113367 0.000221648
113302 0.000156986
113634 0.000227402
113575 0
113863 0.000189717
113960 0.000254453
113280 0.000249004
