112808 0
112534 0.000339443
112846 0.000172697
112359 0.000133905
113212 0.000163106
113127 0.000418936
112682 0.000507614
112878 0.000171116
112439 0.00070028
112500 0.000156384
112914 9.58038e-05
113138 9.80008e-05
112849 0.000175577
112438 0
112998 0.000140607
112338 0
113171 0
112700 0.000247954
113038 0.000248221
112986 0
112857 0.000148677
112897 0.000280164
112622 0.000100321
113014 0
112831 0
112862 0.000273336
112863 0
113209 0.000421496
112924 0.000312134
112377 0.000630915
112840 0
112836 0
113051 0.00023116
112991 9.3214e-05
112875 0.000144113
112475 0.000136073
113042 0
112279 0.000157183
113097 8.97344e-05
112673 0.000192086
112922 0.000201613
112463 6.79671e-05
113161 0.000271961
113048 0
113009 0
112535 0.000211685
113010 0.000146391
113018 0.00118133
112988 0
112425 0
112851 0.000122504
112408 0
113197 0
113130 0
112861 0.000229043
112469 0.000206427
112427 0
112789 0
112866 0.000215781
112903 9.52018e-05
112996 0.000350447
112325 0.000294118
112531 0.000392388
113159 0.00013352
112997 0.000622407
113202 0
112642 0.000147221
113006 0.000184809
112640 0.000158203
113213 0.000175269
112920 0.000150943
112859 0
112281 0.000231428
112409 0.000349406
112668 0.000359195
112937 0.000529942
112835 0.000205255
112815 0.000392927
112763 0
112856 0.000143658
112802 0
112493 0.000138322
112662 0
112299 0
113036 0.000560224
112987 0
112510 0
112265 0.000190223
112542 0.000369004
112498 0.000523697
112366 0.000277881
112383 0
112666 0
112648 0
112799 0.000480154
112372 0
112686 0
112633 0
112466 0.00016581
112269 0
112883 0
112811 0.000473037
112681 0.00052567
112827 0.00027465
112348 0
112618 0
112369 0.00013421
112601 0.000100432
112415 0
112398 0.000154679
112496 0.000227505
112645 7.25321e-05
112805 0.000177968
113144 0.000225853
112538 0.000255493
112416 0.0002457
113172 0.000203266
112512 0.000327189
112781 0
113178 0
112768 0
112373 0.000434279
113011 0.000469484
112483 0
112911 0
112445 0.000262881
112617 0.000232721
112803 0.000163239
112464 6.75311e-05
113109 0.000165755
112420 8.82846e-05
112775 0
113098 0.000696561
112830 0.000248077
112511 0.000285361
113086 0
112424 0
113137 0.000210985
112422 8.65726e-05
112655 0.000352547
112495 0
112982 0.000176866
113037 0.000546747
112838 0.000373762
112329 0
113069 0.000182916
112391 0.000160823
112321 0.000721501
112343 0.000714796
112544 0
113204 0
112444 0.000142796
112354 0.00019348
112295 0
113135 0.000141143
112615 0.000225836
112806 0.000182815
112525 7.93651e-05
113046 0
112764 0
113134 0
112669 0.000179163
112523 8.94694e-05
113065 0.000317931
112672 0.000709052
112399 0.000359066
113129 0.000224467
112381 0.000255167
112334 0.000133245
113056 0
113139 0
113045 0.00132275
112276 0.000229832
113088 0
112595 0.000512821
113070 9.5648e-05
112405 0.000207814
112351 0.000245138
112855 0.000145666
112702 0.000127081
112636 0.000312647
112432 0
112335 9.38967e-05
113148 0.000198373
112699 0.000183722
112910 0
112435 0.000832293
112687 0
112795 0
112393 0
112664 0.000249605
113155 0.000106338
112680 0
112543 0.000683761
112871 0
112916 0.000195886
112675 0.000131527
112646 0.000297066
112624 0
112791 0
112506 0.000244141
113035 0.00159109
112400 0.000169549
113145 0.000284738
112598 0.000257268
112688 0.000249004
112925 0.000161329
113211 0
112652 0.000764234
112656 0
112661 0
