111000 0.000160843
111132 0.000439681
111654 0.000240356
111383 0.000202306
111664 0.000119871
112074 0.000436681
111635 0.000303674
111581 0
110978 0.000172811
111521 0.000611496
111731 0.00061832
111571 0.000186874
111997 0.000237982
111434 0.000444761
111663 0.000272289
111929 0
112088 0.000535762
111320 0.000404799
111819 0.000144823
111303 0.000777907
110984 0.000728597
111785 0.000458505
111199 0.000466853
111583 0.000214592
110972 0.000253571
111386 0.000596481
111616 0.000424694
110955 0.000283607
112143 0.000215517
111988 0.000390233
111390 0.000283757
111524 0.000320718
111959 0.000550711
111172 0.00040304
111575 0.000204666
111623 0.000262398
112249 0.000483092
110919 0.00016603
111667 0.000563063
111190 0.00055911
111811 0.000449211
111121 0.000521213
111137 0.000365319
111144 0.000386735
110959 0.00028222
111398 0.000315424
111394 0.000150286
111510 0
111991 0.000494376
111156 0.000447152
111624 0.000794642
111984 0.000216403
111672 0.000542277
111431 0.000145497
111369 0.000635768
112053 0.00059479
110982 0.000282133
111144 0.000301296
111872 0.000503588
111661 0.000199251
111524 0.00032041
111355 0.000465501
110979 0.000287711
111126 0
111611 0.000279525
111817 0.000561041
110989 0.000475532
111897 0.000218675
111528 0.000278009
112257 0.000250338
110919 0.00102459
111362 0.000154258
112245 0.00041503
110945 0.00042061
112248 0.000519854
111663 0.000578258
111629 0.000321325
111653 0.000463425
111202 0.000504694
110997 0.000401945
111200 0.000459841
111518 0.000350018
111578 0
111914 0.000256016
111579 0
111923 0.000383422
111962 0.000183981
112169 0.000218309
111128 0.000339021
111618 0.00022191
111123 0.00034573
110959 0.000366334
112077 0.000545703
111382 0.000168209
111572 0.000685401
112136 0.000255493
111376 0.000332267
111644 0.000300695
111581 0.000273448
111548 0.000311939
111607 0
111582 0.000747943
112054 0.000187688
110989 0.000436319
111320 0.000369235
111388 0.000321484
111589 0.000172444
111983 0.000509079
111559 0.000212098
111155 0.000949968
111569 0.000398739
111873 0
112080 0.00032518
111872 0.000258264
112136 0
110951 0.000241838
111780 0.000380311
111588 0.000407664
112121 0.000297641
111673 0.000226732
112107 0.000264271
110905 0.000226757
111396 0.000543577
111615 0.00039557
111585 0.000501253
111386 0.000374251
111510 0.000257533
110948 0.000196786
111928 0.000197902
112091 0.000230256
110954 0.000438174
112244 0.000184939
111612 0.000457344
111619 0.000232477
111817 0.000389365
111614 0.000481386
111390 0.000558927
110905 0.000111732
111887 0.000318573
110943 0.0003367
111946 0
111984 0.000372634
112126 0.000251319
111601 0.000416178
112101 0.000421112
111972 0.000529301
112123 0.000202655
110952 0.000289841
111156 0.000444667
111590 0.000636689
110954 0.000350324
111928 0.00102754
110970 0.000382446
111158 0.000183038
110920 0.000329308
112115 0.000296033
110909 0.000347766
111965 0.000456595
111886 0.000379939
111375 0.000242248
111162 0.000237051
111818 0.000836353
112105 0.000407249
111955 0.00026936
111790 0.000241546
111956 0.000413223
111777 0.000446977
112236 0.000610376
111606 0.000151688
111091 0.000172473
111958 0.00075983
111328 0.000478862
111782 0.000689728
111992 0.000252674
111955 0.000813449
111434 0.000386387
110929 0.000426056
111388 0.000280021
110920 0.000436062
111659 0.000263736
111531 0.000584795
111528 0.000182749
111609 0.000427862
111368 0.000495555
111834 0.000576369
111718 0.000696702
111823 0.000514827
112161 0.000637823
111836 0.000118022
111376 0.000374096
111579 0
111519 0.000246771
111335 0.000319438
111158 0.000182559
112245 0.000702786
111656 0.000230734
111942 0
112107 0.000256871
111673 0.000115929
111615 0.000323811
110933 0.000297044
110912 0.000440141
111422 0.000659879
111078 0
110999 0.000338138
110968 0.000307172
111995 0.000495163
112009 0.00170358
111774 0
111662 0.00037536
111084 0.00057241
111157 0.000319557
111910 0.000411353
111922 0.000188555
112247 0.000323258
111348 0.000183352
111170 0.000324009
111203 0.000359324
111392 0.000153704
111994 0.000401514
110957 0.000276855
112090 8.35352e-05
110976 0.000637592
112115 0
111329 0.000561708
112164 0.000412712
112061 0.000422967
111837 0.000269578
110967 0.00056843
111533 6.31393e-05
112163 0.000384986
112077 0.000671231
111826 0.000521467
112048 0.000240804
111957 0.000390503
111680 0.00010322
110908 0.000334919
111628 0.000420492
111096 0.00033678
110999 0.000299299
111362 0.000551369
110925 0.000230876
111349 0.00023656
111194 0.000539001
111619 0.000304588
111628 0.000348505
111167 0.000395726
111313 0.000373832
111674 6.50999e-05
111418 0.000453104
112054 0.000188466
112101 0.000424648
111523 0.000247402
111121 0.000316389
111201 0.000245519
111203 0.000204134
111553 0.000534825
111782 0.000526371
110991 0.000114247
110904 0.000103853
111967 0
111970 0.000711406
111783 0.000198847
111393 0.000156433
112258 0.000279765
111126 0.000164339
111718 0.000228571
111594 0.000556793
111336 0.000118376
110956 0.000196464
111985 0.000457387
111653 0.000285174
111632 0.000361386
111727 0.000353732
111351 0.000460617
111573 0.000204123
112075 0.000230894
111624 0.000455615
111632 0.000270929
111623 0.000408922
111662 0.000415887
112168 0.000352622
111593 0.000269092
110971 0.000602773
111418 0.000182565
112237 0.00036244
111958 0.000508938
111643 0.000329441
111635 0
111361 0.000495909
111137 0.000237051
111593 0.000275224
111080 0.000271567
111826 0.000172921
112056 0.000718391
110963 0.000363165
112164 0.000310929
111972 0.000446362
112050 0.000498256
111168 0.000588141
112061 0.000319455
111643 0.000445385
111357 0.000371471
112246 0.000343308
111681 0.000499251
111116 0.000542365
110926 0.000217675
111591 0.000625717
111641 0.000372024
111973 0

