121544 0.140179
121556 0.138123
121819 0.137378
121769 0.134831
121343 0.128362
121430 0.133822
121652 0.139865
122112 0.139522
121339 0.141042
122105 0.142793
121349 0.127665
121918 0.1377
121766 0.140757
122154 0.140655
121480 0.134902
121944 0.14199
121385 0.140488
121640 0.140567
121752 0.135931
121530 0.141185
121987 0.139261
122099 0.142404
121636 0.142198
121340 0.150042
121748 0.135186
122138 0.140016
121536 0.138945
121872 0.145548
122167 0.138805
121778 0.141343
121706 0.138883
121681 0.142663
121954 0.142412
121785 0.139087
121997 0.145142
121813 0.140248
121704 0.147059
122111 0.139801
122127 0.142728
121750 0.142176
121656 0.13738
122168 0.139335
121400 0.138105
121547 0.140073
122132 0.141552
121781 0.11236
121992 0.139556
121407 0.145571
121902 0.16
121446 0.140891
121557 0.139746
121421 0.143771
121711 0.14116
121721 0.1383
121441 0.14986
121802 0.140456
122173 0.144204
121688 0.140006
121920 0.137871
121555 0.14223
121817 0.138377
121873 0.137557
121780 0.115727
122089 0.132948
121932 0.14161
122073 0.137643
122076 0.142683
122117 0.140209
122098 0.140523
122083 0.0993789
121531 0.139418
121916 0.140506
121765 0.145455
121426 0.137684
122123 0.140639
121374 0.148536
121580 0.104712
121714 0.144293
121595 0.131673
121906 0.11
121476 0.140777
121569 0.14029
121969 0.135866
121362 0.158123
121649 0.136138
121925 0.13807
121970 0.140794
121477 0.141201
121631 0.140228
121843 0.143785
121713 0.140047
121951 0.145
121972 0.141558
121458 0.144311
121927 0.140823
121394 0.148539
122152 0.138884
121375 0.135328
122108 0.14006
122001 0.142039
121420 0.138252
121698 0.140803
121474 0.143667
121760 0.139412
121637 0.141238
121929 0.140287
121753 0.138894
121904 0.122047
121722 0.139342
122125 0.140938
121608 0.109589
122070 0.121449
121419 0.140433
121568 0.139448
121549 0.140861
121915 0.106599
121801 0.140395
121436 0.137793
121687 0.143356
121940 0.143726
122174 0.138806
121965 0.144151
121408 0.134935
121808 0.137464
121976 0.140028
121592 0.124
121390 0.141745
122129 0.138022
121816 0.142198
122141 0.138374
121898 0.141534
121373 0.129695
121689 0.138405
121732 0.146996
121804 0.146087
121728 0.138515
121899 0.16895
121774 0.117647
121567 0.142765
121795 0.141307
121962 0.140196
121402 0.138693
121950 0.140643
121558 0.139297
122158 0.141155
121535 0.138487
121365 0.142532
121826 0.14131
121823 0.14157
121650 0.136029
122159 0.142913
121877 0.137322
121911 0.115385
121948 0.140091
122136 0.142285
122102 0.142606
121399 0.119358
121523 0.141765
121876 0.141593
122170 0.141458
122116 0.141446
121378 0.139229
121943 0.136345
121561 0.141914
121449 0.140032
122164 0.141963
121638 0.139121
121448 0.142031
121729 0.140494
121967 0.134962
121841 0.136885
121346 0.132512
122109 0.138519
121716 0.140689
121963 0.143231
121633 0.140507
122077 0.139541
122092 0.139192
121565 0.144182
121768 0.140796
122072 0.138543
121715 0.141642
121425 0.140306
121779 0.107143
121946 0.141266
122093 0.139147
121887 0.139812
121391 0.139737
121409 0.14333
121526 0.139315
122156 0.141657
121579 0.0853659
121553 0.135902
121554 0.137153
121540 0.140545
122169 0.141857
121824 0.139041
121892 0.133981
121783 0.138974
122006 0.140779
121428 0.142275
121803 0.142813
121708 0.140049
121397 0.140437
121653 0.141352
121542 0.140687
121734 0.143553
121442 0.15026
122124 0.141114
121914 0.14433
121885 0.139802
122118 0.143022
121789 0.141613
121581 0.113565
121588 0.168539
121758 0.140393
121559 0.140234
121414 0.145089
121901 0.164021
121543 0.148874
122137 0.141245
121874 0.142555
121624 0.13289
122114 0.135682
121585 0.161049
121842 0.141127
122142 0.141751
121764 0.13975
121725 0.142309
121552 0.140421
121456 0.139686
122126 0.141997
122091 0.142349
121792 0.142973
121788 0.140394
121684 0.139211
122160 0.140433
121710 0.142877
122097 0.142398
121551 0.142125
122134 0.141147
121401 0.144686
121593 0.119186
121875 0.14189
121347 0.121296
122071 0.140466
121527 0.140836
121784 0.14075
121814 0.138242
121772 0.142349
121933 0.141832
121949 0.142186
121936 0.141475
121787 0.139557
121705 0.14142
122148 0.139783
122081 0.149153
121651 0.142014
121800 0.143152
121432 0.137621
121422 0.135111
121395 0.132739
121968 0.137806
121525 0.151826
122080 0.172414
121582 0.2
121926 0.137332
121751 0.140778
121815 0.137677
122178 0.140953
121539 0.135122
122003 0.141316
121398 0.139295
121361 0.145434
121985 0.141231
121912 0.167464
121623 0.148936
121924 0.141785
122176 0.142532
121437 0.136218
122172 0.14062
121718 0.140793
122085 0.121951
121771 0.121457
122069 0.1376
121424 0.141098
121767 0.138657
121903 0.124402
121678 0.141524
121905 0.164384
121626 0.140612
121973 0.141589
121846 0.142258
122007 0.141873
122133 0.142592
121387 0.148322
121999 0.142511
121884 0.139242
122146 0.141363
121344 0.155388
121694 0.141623
121966 0.141594
121576 0.178899
121418 0.129346
121434 0.139265
121641 0.13741
121869 0.143119
121917 0.139546
121827 0.141567
121534 0.143537
121995 0.140892
121574 0.142371
122074 0.146504
122066 0.210526
121416 0.139324
121996 0.141905
122166 0.141612
121897 0.133803
121986 0.138253
121890 0.144621
121820 0.136711
122147 0.141424
121939 0.141655
121812 0.13632
121683 0.141469
121974 0.141418
121348 0.151606
121928 0.144041
121822 0.142285
121519 0.138349
122139 0.144944
121528 0.1391
121563 0.13932
121975 0.143078
121794 0.139161
121870 0.145163
121811 0.140581
121799 0.139379
121479 0.141957
121727 0.142361
121406 0.140601
121560 0.136314
121952 0.139619
121707 0.140836
121545 0.138342
121396 0.141059
121994 0.141576
121435 0.140755
122094 0.141909
121381 0.141396
121754 0.141984
121433 0.138793
121844 0.138155
122101 0.142811
122079 0.141609
122153 0.142402
121429 0.140028
121723 0.137761
121930 0.142079
121548 0.142698
121590 0.1
121756 0.142359
121953 0.141328
121459 0.145557
121454 0.138877
121790 0.135521
121427 0.136584
121529 0.141514
121889 0.152809
121989 0.14009
121369 0.140612
121628 0.139824
121724 0.139453
121868 0.123368
121609 0.133621
121370 0.142358
