122354 0.15693
122264 0.156735
122538 0.157977
123223 0.153825
122779 0.156217
122652 0.154701
122821 0.157639
122675 0.153752
122610 0.156938
123300 0.155436
123060 0.154833
122640 0.150404
122468 0.158237
122508 0.153339
123218 0.155179
122856 0.163799
123063 0.152654
122363 0.157637
122676 0.15447
122714 0.152557
122330 0.155686
122292 0.152755
122654 0.155893
122603 0.163033
122570 0.153792
122820 0.153599
123211 0.154349
123012 0.161108
122323 0.153161
122733 0.153283
122428 0.153068
122990 0.157512
122805 0.164811
122824 0.159861
122679 0.161634
122341 0.154033
122770 0.151181
122847 0.155665
122300 0.154528
123209 0.155411
123035 0.156868
123169 0.148617
122689 0.162541
123285 0.157402
123023 0.155575
123169 0.154786
122425 0.156508
122880 0.155062
122812 0.15634
122569 0.161878
122429 0.149399
123252 0.151093
122520 0.15639
122296 0.160337
123295 0.157981
122353 0.0681818
122599 0.146925
123038 0.157895
122809 0.151886
122507 0.151787
123048 0.156302
122437 0.144
123055 0.161451
122816 0.159011
123262 0.15281
122596 0.14982
122799 0.150187
122293 0.153147
122576 0.167139
122692 0.151933
123101 0.152612
123237 0.150515
122853 0.160261
123219 0.163242
123087 0.155037
123067 0.159466
122426 0.149458
122825 0.156223
122769 0.151647
122484 0.157704
122245 0.14879
122428 0.151018
122464 0.154952
122542 0.153685
122296 0.156225
122752 0.15278
122773 0.154689
122747 0.161743
122841 0.156624
122860 0.154721
122679 0.131992
122642 0.157188
122432 0.150959
122527 0.156581
123065 0.156897
123049 0.151525
123175 0.155781
122246 0.161504
122249 0.152188
122700 0.155103
122276 0.151046
122296 0.159801
122606 0.158148
122998 0.156804
122690 0.154016
122687 0.15975
122708 0.153497
122628 0.159069
122681 0.155118
122801 0.1548
122995 0.159124
123165 0.157652
123044 0.156318
123093 0.156516
122730 0.155899
122661 0.149705
122447 0.157056
122509 0.15154
122590 0.153692
122696 0.154017
122728 0.15243
122432 0.153671
122699 0.154861
122420 0.154338
122469 0.153661
122414 0.160959
122322 0.154786
122594 0.156201
122409 0.16289
123219 0.154486
122608 0.155989
122539 0.154654
122574 0.154705
122988 0.153818
122734 0.1518
122507 0.160485
123167 0.156604
123229 0.15316
123278 0.14533
122739 0.15214
122357 0.152738
122869 0.152418
122569 0.154935
122880 0.153612
122498 0.152233
123304 0.158298
123066 0.150748
122852 0.152708
122525 0.152882
123043 0.158153
122841 0.15108
122273 0.155444
122825 0.149733
122443 0.149225
122572 0.158822
122858 0.154215
122562 0.143713
122433 0.14807
122360 0.147482
122730 0.149719
122339 0.163762
123036 0.152244
122286 0.155302
122699 0.152953
122632 0.157381
123277 0.157174
123253 0.157631
122731 0.155
123066 0.156042
123253 0.155425
123303 0.143043
122988 0.160622
123012 0.156418
122341 0.146221
122496 0.15367
122570 0.152314
123223 0.153037
122467 0.157543
123285 0.158404
122409 0.157831
122447 0.145419
122605 0.15427
122555 0.157981
122350 0.165015
123021 0.155847
122620 0.153069
123278 0.155245
122545 0.163059
123277 0.151527
122264 0.149167
122833 0.146705
123200 0.155759
122690 0.1544
122803 0.153579
123211 0.156328
123172 0.158026
122751 0.157128
122653 0.154683
122845 0.155102
123274 0.152764
122859 0.154616
122503 0.157942
122294 0.152322
122537 0.147955
122352 0.152639
122570 0.157275
122307 0.150156
122439 0.157524
122844 0.150382
123224 0.151922
123059 0.152165
122859 0.157665
123213 0.15586
123081 0.148114
122336 0.152721
123256 0.153052
123164 0.153988
123256 0.156674
122521 0.152666
123267 0.158299
122738 0.149468
122434 0.152847
123043 0.157469
122683 0.152713
122727 0.158833
122427 0.160976
123087 0.157601
122693 0.162714
123027 0.155459
122797 0.15282
122447 0.154042
122986 0.158095
122844 0.155448
122618 0.149413
122802 0.158569
122560 0.160204
122535 0.151967
123021 0.161537
122440 0.157434
123237 0.155273
122710 0.15367
122813 0.157796
122604 0.156605
123237 0.157381
122749 0.150821
122830 0.148667
122246 0.163801
122705 0.155492
122297 0.151644
122559 0.160507
122873 0.152459
123172 0.152933
123013 0.131902
123049 0.146328
123252 0.161133
123240 0.158174
122524 0.151685
122473 0.154719
122594 0.162817
122803 0.157994
122472 0.152158
122809 0.158096
122700 0.159053
122819 0.162338
122279 0.148631
122654 0.161282
122569 0.152962
122572 0.158957
122275 0.153018
122628 0.153427
122514 0.15552
122510 0.154407
122450 0.149683
122317 0.167783
123167 0.158402
122713 0.154877
122667 0.155905
122594 0.150211
123207 0.153574
122336 0.165601
123091 0.153199
122472 0.156397
123172 0.152212
123014 0.176972
123081 0.150304
123258 0.159238
122634 0.158981
122702 0.155191
122835 0.156876
122805 0.147897
123024 0.153671
122881 0.156982
123202 0.158433
123209 0.148632
123034 0.157327
122855 0.156716
122572 0.152269
122686 0.152448
123034 0.148344
123267 0.153858
122418 0.163566
122630 0.15798
122307 0.157271
122606 0.15625
122630 0.152209
123196 0.148584
122507 0.149507
122736 0.157821
122672 0.152885
122860 0.151001
122754 0.151311
122511 0.15785
123275 0.154067
122614 0.154654
122821 0.156737
122537 0.163152
122301 0.156264
122319 0.154597
123268 0.154597
122996 0.161843
122330 0.151931
122541 0.157902
122292 0.161115
122285 0.150686
123019 0.158613
122425 0.156424
122683 0.15492
122369 0.15484
123029 0.155113
122269 0.159662
122521 0.153245
122501 0.152054
122465 0.154907
122557 0.145706
122363 0.160797
122413 0.155532
122672 0.155929
122726 0.152772
123167 0.155598
122294 0.15281
122467 0.156504
122561 0.157903
122278 0.162296
122619 0.156597
122995 0.157105
123035 0.154196
122713 0.153609
122667 0.152356
122502 0.153314
122315 0.158856
123264 0.148109
122852 0.159029
122502 0.152765
122773 0.154162
122447 0.153821
122786 0.160291
122347 0.152373
122616 0.153075
122602 0.158732
123229 0.154694
122812 0.151578
122713 0.154367
123266 0.149347
122564 0.157417
122796 0.150357
122705 0.156575
122690 0.159358
122286 0.158122
122279 0.146054
122753 0.158138
122710 0.15742
122423 0.157338
122821 0.153921
122505 0.14567
122628 0.163666
123039 0.152453
122679 0.152524
122357 0.155933
123059 0.15582
123176 0.153166
123223 0.14786
122646 0.15204
123018 0.155818
122448 0.14761
122323 0.154081
122576 0.15311
122829 0.151659
123011 0.156196
123285 0.154207
123014 0.153017
122461 0.152885
122556 0.146351
122465 0.150605
122736 0.155061
122798 0.151026
122743 0.160729
122603 0.153283
123258 0.150209
122527 0.158069
123170 0.15097
123059 0.1539
122263 0.164766
122326 0.153838
122486 0.148003
122704 0.154838
122351 0.157916
122497 0.156954
122503 0.150692
122737 0.151117
122606 0.164414
122416 0.156671
122349 0.145928
123274 0.156097
122467 0.163673
122641 0.148419
122439 0.157909
122695 0.15635
123054 0.153794
122844 0.156058
123056 0.149657
122737 0.151446
122465 0.154224
123197 0.154094
122264 0.152095
122755 0.15522
122283 0.156909
122292 0.161613
123070 0.160294
122986 0.160396
123250 0.150555
122605 0.15304
122685 0.153024
122753 0.150972
122667 0.153166
122366 0.157977
122354 0.161017
122462 0.155006
122846 0.154716
122993 0.158695
122527 0.151966
122722 0.153123
122738 0.154198
122447 0.15528
122480 0.147305
122616 0.153858
122288 0.156133
122987 0.150625
122871 0.15458
122349 0.156662
123253 0.155297
122280 0.149294
122467 0.1545
123294 0.149017
122998 0.156172
122722 0.158684
122590 0.155962
122682 0.149385
122465 0.154277
122249 0.156636
123050 0.153653
122428 0.151195
123202 0.153391
122363 0.15864
122281 0.17395
122804 0.152256
122640 0.162815
123089 0.157565
123052 0.151471
122596 0.152716
122465 0.153009
122314 0.155928
122751 0.149663
122873 0.155332
122768 0.158711
123178 0.149961
122524 0.151647
122789 0.14948
122349 0.153524
122693 0.147252
122339 0.148603
122587 0.147217
122585 0.151758
122674 0.161248
123023 0.15215
122560 0.156669
122310 0.151592
122519 0.150438
122492 0.159574
122995 0.148213
123034 0.158228
122687 0.15451
122618 0.155079
123261 0.154565
122789 0.152929
122420 0.154877
122614 0.15807
122268 0.151392
122349 0.14817
122555 0.153045
123301 0.151489
123040 0.153834
123172 0.146271
122412 0.153992
123252 0.150095
122665 0.149502
122453 0.158608
122357 0.156832
122614 0.155922
122309 0.154722
122502 0.155256
122416 0.151242
122785 0.163177
122869 0.154681
123225 0.14961
122313 0.157223
123084 0.156309
122256 0.145901
123278 0.157509
122256 0.159587
123090 0.151682
123300 0.153444
122312 0.154953
122744 0.157546
123233 0.15939
122548 0.158661
123166 0.150878
122296 0.157395
122808 0.153645
122819 0.156027
122998 0.159965
122445 0.153092
122838 0.158217
123267 0.152624
123233 0.153908
122279 0.15752
122781 0.153538
123083 0.152581
122344 0.117994
122689 0.151156
122524 0.15266
122245 0.143606
123253 0.158123
122835 0.15555
123085 0.153854
122269 0.154093
122874 0.153934
122778 0.152802
122880 0.151684
122514 0.156177
122786 0.154655
123209 0.152241
122743 0.150148
122769 0.155705
122344 0.141479
122842 0.154788
122745 0.158648
122305 0.152368
123277 0.159544
122310 0.152115
123266 0.155322
122276 0.14696
122285 0.156908
123197 0.14897
122288 0.156827
122998 0.1562
122352 0.181818
122354 0.154405
122625 0.153056
123178 0.166734
122766 0.164034
123170 0.151489
122819 0.157986
122856 0.143415
122646 0.15007
122537 0.152984
122279 0.154859
122754 0.159008
122563 0.149202
123014 0.152893
122445 0.154626
122365 0.162234
122650 0.154777
122559 0.156719
122356 0.157552
123272 0.152332
122560 0.151027
122413 0.149078
122767 0.155838
123268 0.150715
123026 0.153482
122287 0.155382
122620 0.157007
122450 0.15615
123091 0.158968
122603 0.158677
122542 0.156875
123213 0.156003
122294 0.155596
122454 0.154457
122501 0.149729
123270 0.153033
123049 0.159149
122420 0.153501
122425 0.147745
123243 0.152856
122823 0.16101
122859 0.154206
122268 0.148752
122677 0.15359
122509 0.154543
122283 0.162258
122487 0.154687
122629 0.1521
123253 0.150595
122498 0.156508
122789 0.149539
122509 0.151793
122770 0.156987
123245 0.15233
123277 0.151398
122352 0.161972
122433 0.155754
122752 0.152222
122653 0.156432
122863 0.153915
123207 0.153421
122559 0.152522
122589 0.15205
123067 0.152087
123025 0.155411
122326 0.158616
122445 0.162092
122341 0.163021
122485 0.160263
123081 0.153654
122520 0.16244
122747 0.159387
122493 0.151556
122489 0.151208
122855 0.150081
122312 0.151388
123295 0.147061
123016 0.160751
122703 0.15369
123245 0.158763
122292 0.151452
122832 0.157329
123097 0.157856
122993 0.15493
122432 0.154421
122505 0.162278
122625 0.161208
122540 0.154705
122654 0.158127
122993 0.160534
122409 0.162046
122549 0.155185
122297 0.15952
123038 0.14863
123090 0.153353
122648 0.150718
123062 0.152771
123040 0.16014
122357 0.160904
122677 0.153101
122692 0.154382
122619 0.153116
122734 0.153479
122548 0.145631
122842 0.152116
122557 0.155264
122321 0.150797
123097 0.154373
122253 0.160275
122754 0.153026
123262 0.154905
122712 0.156146
123269 0.155122
122766 0.154154
123024 0.157239
122564 0.150252
122550 0.153663
122805 0.156071
123295 0.152221
122681 0.157964
122469 0.161079
122799 0.163885
122753 0.151708
123022 0.156738
122722 0.153846
123211 0.153887
123004 0.157561
122690 0.157339
122454 0.155262
123281 0.152179
123200 0.15252
122291 0.15314
122842 0.153263
122429 0.158342
123260 0.152795
123056 0.150047
122681 0.149205
122744 0.153168
122731 0.159557
123209 0.15281
122464 0.154932
122805 0.155258
122539 0.155083
122708 0.152807
123303 0.154739
122539 0.152477
122689 0.163134
122800 0.153903
122772 0.160482
122545 0.151078
122298 0.151552
122305 0.148199
122871 0.157925
122507 0.158819
122281 0.142796
123060 0.15329
123200 0.151801
122571 0.155655
123060 0.152396
122661 0.158438
122699 0.156506
122469 0.152539
122734 0.158203
122430 0.153122
122426 0.159684
123196 0.145298
122610 0.151233
122802 0.158117
122424 0.159665
122646 0.16616
122568 0.15371
123266 0.155504
123290 0.156651
122439 0.158174
122542 0.155542
122648 0.150976
122853 0.1495
122778 0.161796
123018 0.149277
122331 0.146272
123034 0.151551
122838 0.15416
123200 0.153258
122472 0.156553
122862 0.154635
122704 0.155274
123026 0.15137
122646 0.156358
122826 0.153608
122485 0.153357
122777 0.154149
122488 0.154042
122747 0.154756
122437 0.158537
122484 0.162284
122832 0.149445
123248 0.153759
123295 0.150183
123019 0.157241
122967 0.158581
123290 0.151506
122698 0.153659
122744 0.157561
122289 0.154274
122721 0.154386
122453 0.156872
123290 0.160665
122280 0.149949
123043 0.156945
122570 0.151518
123259 0.156827
122432 0.154347
123290 0.160117
122410 0.150335
122344 0.15625
123223 0.156584
122497 0.156512
122545 0.156575
122418 0.146514
122871 0.152329
123278 0.160003
123056 0.160209
122369 0.164588
122569 0.152341
122342 0.150205
122439 0.150794
122353 0.037037
123042 0.154843
122293 0.159707
123248 0.153317
122681 0.164866
123050 0.153716
123243 0.148631
122845 0.15535
123261 0.150393
122726 0.160937
123209 0.160465
122330 0.154477
123245 0.155854
123078 0.166494
123250 0.154479
122726 0.147331
122855 0.159249
122450 0.156594
123062 0.148161
123198 0.150577
122749 0.161114
122586 0.152242
122448 0.158357
122350 0.153203
123050 0.157931
122430 0.154533
123068 0.152558
122489 0.154972
122838 0.149621
122321 0.155795
123168 0.15671
123016 0.153864
122729 0.152001
122423 0.155809
122623 0.157754
122561 0.157128
122413 0.156827
123003 0.150755
122604 0.156368
123301 0.156157
122733 0.151819
122628 0.151399
123097 0.148226
123251 0.152683
122342 0.143583
123023 0.159406
122415 0.153151
122251 0.154653
123176 0.167325
123197 0.158512
122779 0.155743
122274 0.153362
122674 0.160023
122648 0.159368
122711 0.159346
122422 0.158991
122613 0.15542
122695 0.155538
123207 0.14942
122256 0.157285
122268 0.151901
122440 0.149369
122587 0.158384
122449 0.151335
122683 0.153682
122783 0.153295
122667 0.153744
122740 0.153377
122767 0.157001
122321 0.152956
122810 0.158732
122800 0.158446
123002 0.157156
122509 0.15018
122772 0.162979
122540 0.156961
122679 0.151087
122585 0.156108
122858 0.158331
122541 0.160537
122315 0.156995
122350 0.157961
122307 0.150638
123272 0.150945
122827 0.155504
122496 0.148779
122487 0.154398
122672 0.15254
123279 0.151164
122684 0.153954
122353 0.170732
122249 0.159775
122445 0.154171
123097 0.157006
122623 0.164706
123055 0.157673
122323 0.149027
122585 0.153221
122768 0.155338
122727 0.153738
122855 0.155639
122268 0.159133
122586 0.15129
122590 0.155864
122283 0.160652
123210 0.151441
123101 0.151281
122708 0.149167
122535 0.166539
122557 0.15163
123077 0.136022
122710 0.158283
122275 0.161361
122427 0.157701
122428 0.153119
122463 0.155428
122698 0.158474
123233 0.155618
122696 0.157255
122779 0.149083
122487 0.151914
122428 0.155321
122496 0.151744
122741 0.151859
122561 0.153052
122519 0.156831
123067 0.15467
122658 0.156993
122613 0.149548
122525 0.152051
123293 0.151779
122602 0.153983
122605 0.148716
123207 0.150004
122776 0.149291
122658 0.153846
123068 0.149794
123065 0.150752
122484 0.153508
123169 0.161172
122871 0.153967
122620 0.156711
123090 0.154107
122450 0.151802
122524 0.15258
122616 0.154223
123051 0.152176
122306 0.157663
122363 0.158173
122520 0.161965
122781 0.150398
122549 0.156355
122246 0.151213
123198 0.155858
122649 0.152913
122721 0.164964
122293 0.15678
123210 0.159656
122687 0.160262
123087 0.156845
122833 0.151274
123024 0.15283
122704 0.151846
122550 0.15101
123060 0.159671
122347 0.136202
122820 0.154035
123070 0.158033
122568 0.151043
123067 0.148272
122277 0.15548
123226 0.143206
122251 0.154544
122867 0.15121
122689 0.160399
122829 0.157321
122649 0.160463
122589 0.149238
123066 0.150617
122422 0.152966
123290 0.150849
122752 0.155951
122357 0.157989
122704 0.158701
123215 0.157351
123164 0.141039
123279 0.15001
123028 0.154943
122272 0.153395
122831 0.154229
122577 0.155005
122687 0.152504
122510 0.155621
122714 0.156104
122816 0.153783
123175 0.152654
122285 0.152181
122514 0.149779
122805 0.149401
123050 0.150538
123206 0.160188
122667 0.144788
122245 0.15906
122469 0.152194
122526 0.153952
122755 0.150159
122524 0.161377
122540 0.156613
122741 0.152857
122463 0.158384
122713 0.154962
123039 0.157066
123176 0.15529
122827 0.151529
122740 0.156185
122568 0.165132
122786 0.158621
122280 0.150381
122778 0.151727
123240 0.15635
123165 0.1692
122726 0.15576
122767 0.153085
123178 0.148279
122685 0.153652
122342 0.147978
123074 0.155046
123303 0.160025
123215 0.152458
122486 0.151582
122726 0.154514
122698 0.15448
122278 0.154016
122550 0.157565
123083 0.152556
123087 0.151774
123240 0.15637
122412 0.145594
123078 0.139773
123028 0.149182
122852 0.152605
122331 0.166829
122714 0.154197
122341 0.156614
123084 0.155968
122411 0.14989
122443 0.151646
122440 0.154533
123056 0.159496
122787 0.147423
123223 0.157931
123165 0.153257
123065 0.15592
122510 0.155166
122452 0.155162
122741 0.155355
122510 0.153812
123259 0.151111
122823 0.156791
122799 0.146208
122489 0.153591
122606 0.165399
122657 0.155613
123169 0.15315
122493 0.153051
123201 0.152102
122488 0.148885
122462 0.156466
123052 0.152759
122652 0.153411
123281 0.163041
122868 0.151481
122844 0.152936
123038 0.149931
122676 0.153035
123049 0.153496
122281 0.155681
123280 0.154175
122695 0.156403
122874 0.15224
123223 0.165781
122488 0.159587
122860 0.155055
122870 0.157662
123058 0.155948
123085 0.157517
122505 0.16575
122618 0.158779
122559 0.157091
122689 0.153612
122273 0.154466
122711 0.15083
122721 0.158111
122356 0.149831
122770 0.148438
122292 0.151067
122493 0.149165
122871 0.150407
122625 0.156929
122880 0.153348
122739 0.149505
122452 0.154516
122277 0.154856
122824 0.155174
123088 0.153109
122307 0.154412
122466 0.153475
122365 0.146763
122747 0.158857
122440 0.155796
122869 0.154981
122410 0.158674
122556 0.160232
122783 0.160526
122641 0.153797
122754 0.149626
122696 0.151283
122623 0.160881
123084 0.149337
123302 0.154286
123262 0.156014
122728 0.153222
122519 0.152397
122988 0.158608
122841 0.157434
122480 0.149493
122608 0.157884
122603 0.160377
122593 0.151046
123013 0.177914
123036 0.150818
122641 0.150536
123238 0.156649
122605 0.156084
123251 0.159394
122675 0.154041
122772 0.152074
122804 0.153613
122803 0.153207
123269 0.155242
123085 0.160852
122690 0.154521
122767 0.161595
123277 0.153685
123025 0.157446
122473 0.150921
122579 0.162245
122608 0.163188
123068 0.153363
122424 0.156314
122701 0.158228
123026 0.152751
122289 0.159139
123065 0.154061
122264 0.149615
122579 0.152913
122540 0.150567
122369 0.156316
122712 0.153559
123211 0.152452
122298 0.155211
122562 0.153168
122596 0.157545
122315 0.154609
122727 0.156499
122492 0.159886
122274 0.1499
123164 0.154758
122449 0.148176
122846 0.152451
122511 0.152337
122561 0.155423
123300 0.150617
122632 0.152032
122366 0.16193
123264 0.161873
122705 0.154124
123261 0.153236
122535 0.156068
123041 0.160711
122487 0.153287
122449 0.160845
123300 0.153052
123083 0.153924
122511 0.153798
123018 0.156837
123202 0.151615
122496 0.15372
123011 0.154586
122548 0.15729
123260 0.154967
122500 0.147197
122810 0.15966
122746 0.152978
123248 0.159353
122520 0.160638
122571 0.152215
122603 0.154607
122433 0.141652
122291 0.159964
122246 0.15873
123213 0.155281
123027 0.148231
122740 0.155691
122654 0.156387
122356 0.153267
122832 0.155969
122366 0.155077
122754 0.152899
123243 0.158405
123090 0.151914
122796 0.155119
122713 0.150729
122829 0.153678
123083 0.156699
122641 0.156742
122360 0.150099
123167 0.153973
123267 0.150336
122485 0.150402
122345 0.19186
122294 0.16075
122345 0.16
122739 0.152117
122640 0.150825
122799 0.149064
123052 0.156193
122863 0.154113
123164 0.144991
122642 0.150076
122783 0.153837
122321 0.15553
122993 0.154536
123281 0.160289
123049 0.156912
122589 0.156568
122734 0.149615
122545 0.153673
122749 0.151995
122602 0.155469
122473 0.158435
123175 0.148203
123261 0.161109
122313 0.152732
122833 0.150557
123025 0.160298
122827 0.15381
122708 0.153524
122838 0.158058
123083 0.154309
122672 0.152944
123200 0.158382
122616 0.154694
122642 0.156707
123097 0.15178
123274 0.147096
122769 0.156891
122434 0.170666
122551 0.161303
122630 0.157378
123258 0.158912
122455 0.158259
122253 0.147561
123264 0.156466
123026 0.157958
123063 0.147532
122730 0.156415
122657 0.160326
122712 0.159189
122620 0.148309
122521 0.145931
122833 0.155312
122786 0.159448
123036 0.148184
122701 0.151531
122766 0.150834
122251 0.148341
123269 0.15541
122415 0.152452
123294 0.154288
122468 0.151519
123093 0.151504
123039 0.149177
122628 0.163512
122473 0.152486
122712 0.150805
123210 0.149977
122439 0.158884
122433 0.147341
123268 0.154369
122480 0.15038
122593 0.154378
123259 0.154543
122287 0.16178
122809 0.154129
122871 0.152436
122779 0.150013
122427 0.156956
123048 0.149032
122602 0.157916
122410 0.160376
122673 0.153931
122751 0.149757
122538 0.153235
122526 0.153367
122823 0.147453
122711 0.154982
122769 0.154503
122249 0.152269
122557 0.148662
122314 0.162034
122874 0.160134
123295 0.153419
122699 0.150175
123035 0.150988
122815 0.15091
123206 0.156175
122443 0.152085
122722 0.153136
122273 0.153341
122677 0.153466
122824 0.156556
122306 0.154848
123164 0.152229
122281 0.152893
122800 0.164609
123250 0.155262
122801 0.155729
122575 0.150265
123055 0.158858
122276 0.159512
122538 0.153329
122813 0.151225
122766 0.152784
122797 0.151773
122501 0.149877
122602 0.154282
122486 0.153922
123260 0.154152
122812 0.149171
122657 0.155628
122323 0.154793
122564 0.156194
122575 0.148085
122571 0.155971
123084 0.152312
123304 0.154967
122674 0.15791
122768 0.149464
122698 0.15559
123233 0.161418
123164 0.164195
122685 0.15855
122563 0.155017
122640 0.148632
123089 0.152357
122350 0.150254
122306 0.153553
122434 0.149586
123175 0.156809
122842 0.15589
122740 0.157338
122500 0.154293
122829 0.149594
123055 0.153855
123062 0.15271
122354 0.156923
123252 0.15288
122990 0.1582
122734 0.151963
122699 0.153313
123166 0.156213
123224 0.149051
123022 0.155882
122326 0.153901
122556 0.149371
123168 0.158832
122873 0.162271
122743 0.153007
122429 0.154246
122369 0.15442
122310 0.155315
123275 0.148986
122360 0.153192
122652 0.15459
123248 0.157404
123229 0.150173
123264 0.152231
122827 0.15123
122263 0.166163
122679 0.160896
122705 0.149302
123224 0.156197
122995 0.141784
122815 0.157786
122626 0.151808
122536 0.161819
122634 0.155857
122749 0.156087
122841 0.152129
123063 0.154947
122247 0.156846
123039 0.1526
122468 0.15396
122275 0.15769
122574 0.149372
122550 0.156275
123227 0.150533
122873 0.150558
122710 0.148395
123041 0.149359
122586 0.153894
122990 0.158431
122626 0.153678
122619 0.15276
122838 0.153955
123060 0.147985
123101 0.151467
122674 0.153012
122990 0.157037
122613 0.154578
123240 0.151508
122462 0.159756
122585 0.158341
122277 0.15635
122525 0.152811
122665 0.150563
122278 0.152886
122357 0.151157
122735 0.15531
123020 0.156366
122800 0.155576
122809 0.15661
122998 0.1526
122710 0.157736
122729 0.153821
122339 0.157596
122508 0.153983
123202 0.156806
123043 0.146922
122618 0.14828
122676 0.153852
123300 0.156576
122336 0.152124
122485 0.149911
122252 0.160607
122263 0.166186
122783 0.152606
122858 0.147396
122468 0.155928
122321 0.14816
122967 0.144507
122796 0.150317
122536 0.157294
123013 0.173913
123014 0.12987
122831 0.155049
123021 0.15085
122986 0.142962
122799 0.156776
122845 0.15203
123256 0.149786
122996 0.151574
122642 0.157144
122833 0.149724
122648 0.150615
123084 0.151553
122803 0.157554
123293 0.149591
122613 0.158347
122251 0.160554
122569 0.155952
122743 0.152768
122573 0.154177
123027 0.155049
122496 0.149436
122294 0.159621
122802 0.167226
123201 0.158835
122735 0.150432
122575 0.161416
123207 0.158876
122692 0.152719
122629 0.150548
123250 0.150224
123240 0.151831
122319 0.154744
123044 0.152825
123238 0.158598
123074 0.154879
122777 0.158148
122603 0.152918
122432 0.159567
122298 0.151854
123304 0.156195
122351 0.154895
122801 0.15501
122604 0.157409
122414 0.156863
122289 0.154221
122551 0.160705
122713 0.149087
122449 0.157103
122288 0.160438
122245 0.153999
122356 0.157613
122658 0.147042
122466 0.149149
123251 0.151025
122634 0.157409
122618 0.153595
122576 0.162162
122342 0.14498
122321 0.150209
122562 0.156369
122352 0.168044
122366 0.155506
122246 0.149087
123067 0.15794
122309 0.154718
123229 0.147895
122778 0.1481
122291 0.159726
122480 0.15544
122721 0.160665
123237 0.152139
123056 0.145489
122797 0.152841
122830 0.157743
122649 0.155925
123215 0.153124
123097 0.157197
122677 0.155266
122654 0.15384
122741 0.153774
122684 0.156082
122310 0.153234
122880 0.14844
122426 0.151964
123012 0.149035
122291 0.16783
122319 0.153881
122570 0.156706
122676 0.155231
122461 0.160567
123088 0.153443
122990 0.1464
122443 0.158138
122538 0.157087
122770 0.152651
123084 0.158099
122366 0.150695
122776 0.154648
122614 0.152908
123168 0.154482
123264 0.147493
122606 0.154474
122577 0.156694
123251 0.155651
123302 0.160402
122698 0.150621
122773 0.144505
122488 0.157877
122733 0.147114
122263 0.15474
122560 0.159746
122741 0.154352
122274 0.154269
122557 0.154167
123197 0.157016
122686 0.148966
122967 0.164209
122831 0.151201
122418 0.160062
122443 0.148064
122677 0.154672
123274 0.154181
122619 0.152783
122317 0.145536
122336 0.155671
122549 0.148623
122273 0.151155
122450 0.157353
122525 0.150215
123238 0.149319
122366 0.153244
123272 0.160709
123091 0.155989
122342 0.149345
122245 0.149402
122365 0.148443
123027 0.158705
122593 0.161705
122856 0.158084
122555 0.149416
123093 0.146146
123176 0.154318
123018 0.153113
122253 0.148768
122542 0.1549
122510 0.156749
122537 0.154472
123035 0.158825
122296 0.156501
123303 0.16646
122563 0.154156
122319 0.154278
122630 0.155291
122736 0.158392
122312 0.150116
122294 0.150898
123025 0.156963
122297 0.15369
122746 0.151833
122866 0.149672
122815 0.15297
123295 0.149486
123078 0.14461
122453 0.155177
122508 0.153299
122563 0.159037
122297 0.155079
122802 0.149732
123237 0.164037
122455 0.15155
122661 0.162073
122641 0.154299
123250 0.155276
122816 0.15613
122312 0.155113
122288 0.158584
123056 0.148878
122826 0.153924
122599 0.145455
122647 0.162434
122416 0.159852
123025 0.152841
123058 0.156498
122285 0.154028
122439 0.143395
122610 0.154404
123218 0.153017
122539 0.15502
122781 0.153136
122843 0.153034
123269 0.154676
122300 0.161599
122432 0.155489
122804 0.151963
122772 0.154174
122683 0.156816
123205 0.154423
123218 0.155534
122345 0.172764
123225 0.15262
123219 0.147706
123088 0.158041
123204 0.155411
122616 0.156243
122845 0.153056
123251 0.1513
122545 0.161419
122766 0.151981
123101 0.160978
122272 0.150712
122462 0.153646
122541 0.150668
122423 0.149759
122292 0.140218
122846 0.157657
122594 0.148483
122414 0.15167
123210 0.16566
122693 0.14959
122287 0.151512
122852 0.152266
122682 0.1497
123090 0.157821
122291 0.148999
122999 0.15485
122587 0.155287
123233 0.155388
122856 0.14799
123256 0.153053
123093 0.156089
122484 0.158097
122285 0.153223
122501 0.153027
123001 0.153704
122322 0.154018
122640 0.161755
122519 0.156789
122539 0.147853
122736 0.160256
122874 0.157248
122852 0.15037
122845 0.161544
122415 0.142033
122409 0.149774
122809 0.156326
122833 0.150084
123024 0.153191
122863 0.158814
123078 0.162901
122297 0.15902
123201 0.152487
123093 0.141869
122632 0.151326
122610 0.161087
122341 0.15537
122344 0.144509
122796 0.155897
122415 0.155531
122268 0.156695
122502 0.153866
122353 0.170213
123256 0.15368
123281 0.153551
122733 0.159674
122772 0.157991
122808 0.166743
122559 0.1528
123041 0.157935
122448 0.153932
122613 0.153973
122557 0.152934
123038 0.153767
122249 0.15895
122823 0.15493
123219 0.154737
122665 0.148849
122751 0.149011
123268 0.15534
122347 0.143242
122433 0.161211
122835 0.158114
122685 0.156384
122365 0.153675
123225 0.156147
123202 0.1509
122301 0.157635
123178 0.16647
122731 0.153957
122422 0.152731
122721 0.154317
123038 0.159511
123043 0.150173
122647 0.155594
122615 0.150966
122684 0.152697
122620 0.150352
122699 0.158329
122710 0.158807
123293 0.152292
122549 0.15091
123243 0.157881
122339 0.15511
122247 0.154325
122846 0.152185
122285 0.150768
122590 0.158547
122289 0.144434
122796 0.157327
123170 0.153058
122263 0.157107
123019 0.157244
123206 0.151396
123275 0.152029
122416 0.147135
122574 0.157916
123077 0.148329
122812 0.154521
123226 0.153533
122503 0.150934
122728 0.147729
123245 0.150555
123067 0.154566
122820 0.153789
122577 0.158036
122769 0.151558
122307 0.153068
122508 0.153462
122363 0.157432
122272 0.148258
122322 0.153904
122452 0.155256
122879 0.152992
122562 0.155418
122251 0.153738
122351 0.146977
122874 0.156036
122746 0.154252
122689 0.152568
123193 0.163225
122463 0.153764
122797 0.15197
122317 0.153383
122820 0.152754
123201 0.15459
122786 0.155457
122753 0.154383
122686 0.161069
123245 0.152422
122631 0.1559
123091 0.159211
122272 0.158886
122351 0.153876
123020 0.154753
122626 0.153491
123052 0.149769
122743 0.1574
123293 0.153154
123204 0.158157
123226 0.159696
122287 0.155551
122347 0.168245
122574 0.156736
122498 0.153669
122331 0.164593
122827 0.157545
122870 0.154003
122301 0.152678
123070 0.154496
122634 0.152673
122667 0.156327
123196 0.152503
122350 0.145006
122870 0.159
122647 0.15094
122615 0.151775
123267 0.149119
122247 0.146414
122538 0.149413
122429 0.147524
122520 0.146288
122561 0.158014
122700 0.154729
122525 0.156444
122452 0.153317
122411 0.152107
122455 0.16073
122326 0.153657
123085 0.15461
123258 0.15142
123290 0.154503
122428 0.149464
122306 0.153357
122430 0.15792
122996 0.156099
122535 0.157471
122808 0.152952
122846 0.153546
122841 0.147615
122430 0.148699
122739 0.153054
123019 0.148924
122812 0.153045
123219 0.150756
122312 0.153
122789 0.154181
122427 0.153434
122737 0.151995
122278 0.15233
122824 0.155642
122280 0.154201
122798 0.155374
122700 0.151813
122587 0.15522
122829 0.154281
123054 0.153551
123270 0.156431
122596 0.157175
123304 0.14421
122776 0.14367
122863 0.148983
122728 0.150512
123224 0.154353
122986 0.151032
122752 0.153549
122280 0.154529
122293 0.153421
123205 0.156183
123285 0.156028
122420 0.151829
122673 0.151364
122313 0.154149
122810 0.151754
123091 0.155042
122676 0.150993
122803 0.14921
122493 0.154509
122489 0.156538
122468 0.160494
122676 0.157297
123013 0.167224
122562 0.162406
122317 0.154753
123281 0.150087
123304 0.165449
122298 0.159275
123204 0.158491
122455 0.155139
122879 0.153218
122473 0.155018
122293 0.15821
122503 0.147964
122672 0.150481
122738 0.150522
122331 0.134981
122454 0.147601
122551 0.151902
123068 0.153561
123225 0.1518
123077 0.132312
122823 0.154582
122835 0.151183
123294 0.154612
122729 0.151171
122804 0.155397
122830 0.154467
122507 0.154789
122449 0.146145
123089 0.15372
122845 0.152577
123193 0.150502
122319 0.151251
122540 0.160673
122703 0.16259
122800 0.152528
122573 0.15248
122631 0.160725
123011 0.154699
122879 0.154276
123014 0.153333
122576 0.143681
122269 0.157443
122424 0.157728
122579 0.159796
123051 0.160231
122643 0.158623
122471 0.156172
122789 0.159697
122572 0.153383
122842 0.156142
122650 0.148224
122731 0.158848
123226 0.154834
122418 0.156336
122437 0.155202
122773 0.14837
123041 0.150822
122527 0.154571
122307 0.155073
122737 0.153142
122746 0.154372
122342 0.150876
123197 0.156491
122301 0.15683
123262 0.15116
122463 0.151916
122855 0.156528
122642 0.151449
123196 0.154317
123278 0.15346
122650 0.14801
122505 0.160299
123052 0.159865
122485 0.164195
122502 0.156242
122615 0.150267
123281 0.155071
123206 0.151178
122693 0.159909
123036 0.151438
123012 0.162327
122571 0.157737
122345 0.163522
122625 0.158384
122463 0.158352
122579 0.149665
122773 0.162945
123227 0.1538
122653 0.15115
123262 0.151106
122569 0.149874
123205 0.149948
122500 0.160056
122860 0.151988
122500 0.155069
122824 0.154161
123058 0.151069
122769 0.148043
122589 0.157602
123226 0.160852
123021 0.158283
122803 0.153018
122744 0.155011
122673 0.15543
122821 0.156903
122245 0.153745
122987 0.146817
122453 0.153311
122745 0.151795
123211 0.154853
122277 0.150565
122830 0.156518
122681 0.154099
122628 0.156553
123301 0.155574
122492 0.163861
122309 0.152325
123198 0.156121
122825 0.159488
123050 0.153077
122453 0.152771
122752 0.159669
122536 0.156216
122594 0.156721
123087 0.157564
122614 0.150243
123039 0.153649
122696 0.151623
122626 0.150546
123201 0.15891
122264 0.15313
122842 0.156821
122727 0.155457
123215 0.154882
122721 0.15406
122505 0.151134
122273 0.158297
122579 0.151336
122599 0.167929
122608 0.153719
122418 0.1558
123077 0.141516
123213 0.148388
122454 0.151271
122461 0.150228
122740 0.150133
122486 0.14972
122847 0.156991
122652 0.154294
122410 0.152901
122587 0.152894
122576 0.15814
122422 0.158377
122687 0.155975
122493 0.154612
122369 0.148531
123029 0.15623
123042 0.151809
123012 0.152511
123081 0.164171
122735 0.156243
122415 0.158809
123252 0.153032
123029 0.154292
123303 0.165629
122480 0.162266
123068 0.148683
122449 0.144505
122473 0.158156
122599 0.154439
122283 0.15719
122575 0.152462
122525 0.155658
123274 0.158224
123042 0.157015
122429 0.154115
122414 0.148888
122536 0.156213
122846 0.154472
123020 0.149939
122514 0.153782
123054 0.151664
122751 0.148079
122702 0.158564
122418 0.150456
122272 0.162436
122253 0.15327
122323 0.159461
122353 0.150943
123165 0.143571
122330 0.156858
123062 0.153058
122704 0.148816
123040 0.148885
123259 0.154713
122286 0.157382
123074 0.160282
122264 0.151599
122819 0.152454
122537 0.148328
122484 0.1587
122487 0.157837
122752 0.151556
123261 0.153124
122437 0.134954
122573 0.152765
123169 0.151272
122279 0.164645
123078 0.167582
122555 0.155186
122870 0.150649
122819 0.155556
123259 0.154938
123166 0.151048
122577 0.158453
123213 0.156531
123193 0.152518
122682 0.156155
122695 0.15087
122246 0.154064
122990 0.152024
122626 0.153175
122409 0.14773
122777 0.152107
122691 0.160283
123087 0.152464
122277 0.154947
123034 0.154409
122469 0.153054
122691 0.150375
122783 0.158479
122425 0.153656
122704 0.159522
123028 0.158221
122711 0.156897
122577 0.157895
122998 0.154455
122673 0.149486
123168 0.151984
122570 0.157906
123062 0.153751
122631 0.145471
123279 0.150007
122351 0.155313
122497 0.149656
122353 0.138889
122701 0.15548
122640 0.151627
122526 0.159148
123196 0.149685
122273 0.155381
122524 0.151303
122585 0.153287
122804 0.155675
122727 0.152161
123011 0.156242
122309 0.158563
122521 0.163586
122691 0.157368
122652 0.154217
122471 0.156469
122776 0.149528
123044 0.156431
122702 0.148866
122634 0.14776
122730 0.154753
122808 0.16426
122461 0.157872
122831 0.15696
123048 0.156238
122728 0.157119
122789 0.153968
122426 0.150784
122586 0.15801
122650 0.15701
122365 0.147713
122315 0.152001
122464 0.151563
122810 0.158276
122696 0.150377
122492 0.151232
122862 0.154616
122746 0.158508
122527 0.160919
122548 0.153241
122275 0.154861
123197 0.155789
122440 0.15736
122509 0.155695
122730 0.15673
122737 0.158427
122838 0.162932
123270 0.151202
123272 0.156099
123035 0.149454
122541 0.154179
122673 0.154383
123011 0.15602
122753 0.149108
123280 0.151613
122736 0.15213
122879 0.15676
122519 0.159034
122596 0.155422
122472 0.151866
122657 0.152345
122623 0.163109
122247 0.147864
122679 0.161633
122463 0.160418
122703 0.142807
122675 0.157817
122649 0.148333
123270 0.148815
122661 0.157637
122339 0.158081
122801 0.150406
122858 0.154179
123206 0.150462
123065 0.151621
122420 0.155865
122313 0.145562
122785 0.156147
122497 0.156421
122832 0.152253
123260 0.151857
122447 0.151236
122412 0.150141
122625 0.153782
122508 0.148363
123193 0.154387
122722 0.156737
122352 0.133519
122604 0.152447
122779 0.148869
123267 0.157916
122599 0.154067
122589 0.151281
122573 0.149273
122808 0.157871
122411 0.152069
122813 0.153934
123238 0.154424
122703 0.152144
122437 0.182927
122423 0.154227
122434 0.144863
122827 0.154408
122869 0.152677
122514 0.154211
122852 0.162027
122684 0.154008
122249 0.153448
122440 0.153715
122492 0.153207
123293 0.158601
122501 0.152171
122561 0.165871
123022 0.162088
122780 0.158868
122310 0.156826
122489 0.155761
122615 0.15172
122770 0.150576
122536 0.154568
123024 0.156414
122650 0.153559
122298 0.156248
122988 0.162979
122527 0.151853
122780 0.170064
123172 0.151568
123016 0.149861
122445 0.154306
122559 0.143595
122305 0.152853
122288 0.163061
122830 0.154146
122754 0.158393
122859 0.151535
122539 0.151968
122568 0.149074
123066 0.151189
122647 0.161195
122658 0.155773
123278 0.155813
122445 0.159175
122812 0.155171
122648 0.15739
122526 0.153568
123279 0.152151
122455 0.155021
122648 0.15678
122331 0.143357
123207 0.153205
123205 0.153996
122489 0.155802
122700 0.155133
122768 0.156772
122589 0.146786
123168 0.153047
123170 0.160022
122751 0.151109
123227 0.15334
122269 0.156898
122466 0.155006
122574 0.157055
122510 0.153161
122300 0.149895
122537 0.153111
122455 0.157843
123063 0.159263
122693 0.148858
122540 0.158136
122798 0.158391
122425 0.157249
122767 0.154627
122674 0.156442
122363 0.158356
122467 0.149825
122643 0.150487
122853 0.146192
123048 0.149167
122647 0.14977
122519 0.159452
122631 0.152765
122283 0.154869
122593 0.16086
122556 0.158727
122630 0.154711
122729 0.152113
123198 0.16112
122247 0.151862
122675 0.156322
122300 0.152807
122551 0.156738
122995 0.152274
122722 0.155531
122695 0.153754
122820 0.148891
122787 0.163898
122735 0.154273
122461 0.157451
122452 0.15678
123204 0.153623
122995 0.147953
122816 0.152802
122360 0.150159
122252 0.161451
123227 0.154056
122753 0.154423
123048 0.155311
122256 0.161328
122541 0.165355
122823 0.151587
122548 0.149607
122493 0.149022
122632 0.148986
122649 0.150433
122281 0.154977
122256 0.160142
122729 0.151106
122331 0.151304
122813 0.154665
122967 0.157093
122650 0.149258
122787 0.150029
122564 0.152803
122619 0.150221
122684 0.154598
122714 0.15391
123210 0.15873
122673 0.155433
123272 0.151245
122832 0.151805
123293 0.152639
123066 0.154221
123059 0.155427
123285 0.151823
122354 0.159091
122572 0.156185
123065 0.155472
122423 0.152903
122568 0.149628
123211 0.148346
122263 0.158693
122785 0.161682
123218 0.152426
122755 0.150251
122297 0.155332
122653 0.15886
123279 0.152428
123275 0.159233
122702 0.158881
122643 0.157571
122843 0.156338
123270 0.164164
122733 0.154768
122858 0.15813
122275 0.153949
122996 0.156971
122856 0.147616
122287 0.155361
123089 0.15431
122276 0.148265
122778 0.153693
123042 0.154038
123202 0.161646
122410 0.157406
122369 0.151582
123029 0.15723
122500 0.154698
122484 0.153433
123175 0.141462
122804 0.158467
123050 0.154044
122743 0.152236
122816 0.159687
122349 0.153685
122434 0.163039
122314 0.148511
122711 0.149983
122629 0.156626
122247 0.154832
123227 0.151323
122879 0.155584
123013 0.154696
123070 0.15562
123040 0.158228
123213 0.157408
122500 0.153432
122993 0.15144
123041 0.156201
123051 0.156194
123166 0.152358
122454 0.155446
122443 0.150951
123055 0.163978
122731 0.158853
122767 0.159789
122593 0.153478
122424 0.152497
122593 0.148398
122726 0.155627
122520 0.164403
122996 0.147701
123051 0.152303
123036 0.150794
122590 0.15585
123258 0.149403
122563 0.15354
123044 0.156887
123063 0.156555
122280 0.152477
122450 0.148636
123054 0.155414
122549 0.163213
122986 0.158736
122252 0.152582
123024 0.150983
122770 0.154555
122691 0.147946
122825 0.151468
122511 0.148516
123205 0.155245
123253 0.147512
123020 0.153812
122853 0.15979
122745 0.152077
122815 0.15191
123245 0.154665
122468 0.153264
122542 0.15454
122632 0.155256
122536 0.148851
122276 0.147886
122511 0.156687
122291 0.155508
123167 0.15279
123266 0.152505
122777 0.152295
122714 0.154215
122684 0.15263
122685 0.152547
122843 0.156454
122448 0.159694
123224 0.151242
122272 0.160298
122309 0.150027
122511 0.155024
122873 0.158649
122986 0.148162
122781 0.15618
122256 0.162062
122768 0.156879
122535 0.152514
122745 0.153387
122574 0.156335
123085 0.15246
123178 0.155002
123170 0.158986
122826 0.149693
123022 0.151721
122632 0.153582
122278 0.165081
122296 0.150855
122480 0.15263
122454 0.156629
122993 0.161403
122826 0.156805
122360 0.159445
122503 0.1578
123238 0.153324
122808 0.147982
122785 0.159515
123224 0.158276
122800 0.150206
122735 0.158105
122661 0.152056
122643 0.155332
122551 0.159881
122462 0.161207
122879 0.1561
122313 0.159607
122448 0.156423
123059 0.152882
123077 0.156101
123035 0.163167
123169 0.149098
122314 0.151542
122469 0.155617
122422 0.145036
123251 0.154427
122412 0.15012
123302 0.151912
123261 0.154321
122661 0.158199
122306 0.155464
122629 0.153922
122599 0.142743
123269 0.147055
123301 0.155546
122413 0.151598
122416 0.155782
122702 0.159115
122741 0.163065
122687 0.14862
123019 0.148471
122287 0.153686
123266 0.151242
122853 0.162682
122414 0.159806
122712 0.151989
122472 0.145828
122657 0.158658
123215 0.151633
122579 0.173262
122708 0.145825
122538 0.150265
122745 0.156608
122686 0.143537
123277 0.152782
122701 0.154346
122778 0.151012
122780 0.150643
122631 0.154067
122568 0.156038
123089 0.155007
123018 0.158729
122821 0.151115
122755 0.159307
122773 0.155238
122594 0.162921
123200 0.166057
123248 0.154187
123218 0.157548
122560 0.169242
122310 0.147894
122252 0.157283
122702 0.160423
122555 0.164781
122409 0.157786
122785 0.158082
122805 0.158407
122422 0.156825
122672 0.152204
122683 0.152634
122433 0.158108
122705 0.153854
122485 0.161795
123012 0.150323
122799 0.149333
122472 0.1548
122786 0.152263
122416 0.156301
122323 0.151936
123193 0.153936
123039 0.149416
123077 0.161337
123078 0.145211
122675 0.1521
122505 0.1483
122696 0.152016
122801 0.156894
122692 0.157711
122665 0.156112
123036 0.156489
122497 0.154798
122690 0.153807
122411 0.158214
122602 0.152297
122798 0.157845
122269 0.157878
122298 0.153527
122880 0.151667
123074 0.1623
122305 0.143536
122573 0.162149
122643 0.156592
122614 0.161215
122564 0.153836
122780 0.147853
122300 0.159263
122682 0.153705
123018 0.153391
122278 0.158407
123034 0.157207
123091 0.15615
123020 0.157592
122646 0.149446
122556 0.15425
122268 0.153207
122691 0.15166
122410 0.14545
123166 0.158031
122747 0.158153
122616 0.154489
122426 0.1493
122575 0.153558
122551 0.161337
122813 0.154511
122509 0.152833
122605 0.161642
122737 0.154648
122652 0.155725
122642 0.159617
122681 0.159031
122847 0.151943
122497 0.153503
122787 0.155811
122289 0.157687
122843 0.153017
123243 0.15469
122853 0.156794
122414 0.1474
123229 0.155181
122604 0.158375
123198 0.149936
122967 0.147591
122293 0.154946
122351 0.160254
122467 0.156416
122787 0.161263
123226 0.147721
122856 0.159495
122746 0.156916
123041 0.156059
122317 0.15554
122330 0.151737
122526 0.149725
122749 0.158297
122344 0.159763
123285 0.147516
122781 0.156726
123025 0.149801
122686 0.159701
122626 0.155083
123275 0.149033
122526 0.150522
123054 0.156194
122703 0.162624
123167 0.152982
122252 0.157644
122819 0.159721
122766 0.149822
122615 0.155081
122755 0.150826
122424 0.148981
123165 0.13588
122967 0.15078
122658 0.146892
122286 0.153661
122683 0.152066
123274 0.157824
123026 0.150584
123011 0.154364
123302 0.160042
122825 0.153699
122698 0.149676
122430 0.152883
123205 0.153719
122596 0.156057
122339 0.157552
123081 0.160636
123023 0.150895
122471 0.15386
122623 0.157586
122615 0.150897
122613 0.153804
123074 0.1502
122562 0.152049
122714 0.154573
122711 0.158757
122623 0.152733
122798 0.152856
123066 0.150942
123268 0.158172
122705 0.155033
122345 0.16441
123081 0.155009
122462 0.158811
122577 0.159621
122629 0.148207
123301 0.15206
123218 0.144639
123019 0.155688
122563 0.14949
122869 0.149397
122647 0.153774
122832 0.155231
122863 0.157768
122739 0.150908
122427 0.150925
123302 0.150025
122341 0.165691
123225 0.157377
122590 0.152331
122425 0.157339
123175 0.149275
122352 0.157122
122729 0.159656
122413 0.155666
122587 0.149001
122498 0.14899
122252 0.155368
122466 0.151898
122289 0.153512
122492 0.153379
122657 0.158432
122634 0.161284
122437 0.140288
122693 0.151094
123225 0.155156
122330 0.157261
122860 0.156057
122781 0.151174
122736 0.147897
122847 0.153966
122787 0.160444
122996 0.152919
122349 0.151271
122646 0.155645
122426 0.154238
122471 0.155182
123248 0.159662
122631 0.159905
122412 0.160347
122797 0.16005
122336 0.154779
122365 0.158137
122870 0.155456
122847 0.154785
122734 0.154048
122322 0.154934
122703 0.146583
123029 0.15298
123040 0.150229
123204 0.158809
122550 0.159766
122988 0.147558
123013 0.159341
122572 0.149328
122498 0.156691
123280 0.150843
122586 0.153909
122508 0.152766
122502 0.153812
122300 0.157627
122269 0.152843
122862 0.158936
122347 0.161319
122521 0.147708
122835 0.157978
122691 0.156558
122429 0.16018
122780 0.147541
122776 0.155413
123166 0.152368
122695 0.155024
122487 0.151223
122618 0.152776
123040 0.149198
122354 0.159922
123088 0.153949
122606 0.156411
122274 0.150262
122498 0.150847
123262 0.149487
122815 0.152041
123268 0.153382
122564 0.14948
122412 0.160833
123028 0.159311
122610 0.155961
122486 0.160205
123176 0.157856
122356 0.149381
122275 0.159793
122550 0.153132
122779 0.152958
122816 0.155265
123168 0.153152
122279 0.156971
123029 0.154082
123243 0.158069
122347 0.148099
122453 0.150747
122733 0.149177
122322 0.153668
122813 0.158248
122728 0.15318
122317 0.150376
122305 0.157195
122665 0.152849
122434 0.162648
122465 0.152247
122556 0.15328
123259 0.156567
122286 0.146367
123280 0.15567
122542 0.161605
122798 0.155966
122712 0.151143
122740 0.150614
123058 0.157246
122360 0.152788
122815 0.157393
122701 0.156433
122336 0.143163
122749 0.15622
122471 0.150907
123209 0.154944
122831 0.159297
122313 0.154206
122730 0.158012
122708 0.153831
122276 0.14875
122452 0.158861
122326 0.151788
122739 0.156708
123016 0.144132
122747 0.153097
122283 0.153487
122783 0.151902
122801 0.15692
123275 0.160751
122322 0.159108
122345 0.112051
122326 0.154886
122810 0.152884
122545 0.15102
122253 0.153772
122685 0.152615
122488 0.150984
122809 0.153716
122277 0.151059
123233 0.152161
123215 0.157553
123058 0.151038
122731 0.158204
122776 0.15696
122874 0.156003
122860 0.157389
122619 0.148126
122629 0.156849
122745 0.151778
123028 0.148395
122251 0.148431
123044 0.157308
123014 0.194631
122873 0.155123
122844 0.158722
122356 0.153398
122288 0.148372
122576 0.153626
122496 0.154265
122630 0.156201
122755 0.157292
122701 0.158238
122411 0.157901
123051 0.157082
122427 0.158498
122501 0.153257
123237 0.158116
122768 0.153483
122315 0.159316
122312 0.150962
123304 0.153317
122415 0.150472
122286 0.156902
123022 0.152217
122541 0.148496
122665 0.162662
122777 0.147335
123074 0.154021
122810 0.154756
122253 0.154582
122548 0.152893
122301 0.152792
122507 0.159398
123264 0.150213
123023 0.156662
122826 0.157478
122862 0.155246
122424 0.152107
122314 0.153896
122777 0.156043
123016 0.152704
123266 0.153212
122841 0.154632
122692 0.149813
122535 0.160284
122682 0.154103
122461 0.149107
122844 0.152732
122988 0.152353
122780 0.156361
123083 0.157993
122686 0.148799
122658 0.157925
122674 0.15323
122869 0.153588
122772 0.161339
123048 0.156072
123049 0.153888
122649 0.150603
122608 0.151963
122350 0.148183
122521 0.152063
122344 0.16242
122830 0.152708
122735 0.157397
123016 0.154596
122314 0.151987
122309 0.15116
123038 0.150633
122802 0.156047
123021 0.154906
123028 0.153438
122555 0.142687
123085 0.154932
122586 0.15866
122274 0.1541
122608 0.155707
122281 0.15154
123021 0.160208
