113690 0.000218938
113939 0.000161734
113348 0.000113779
113605 0
113799 0
113335 0.000339847
114129 0.000143513
113571 0.000266596
114099 0
114122 0
113487 0
113860 0
113284 0
113444 0.000131926
113356 0
113684 0.00134228
113921 0
113641 0.000192938
113445 0.000128139
113261 0.000341064
113862 0.000109673
113290 0.000117192
113327 0.0001459
113791 0.000134571
113540 0
114133 0.000114679
113680 0
113758 0
113615 0.000111483
113546 0
113854 0
113628 0
113932 0
113515 0.000119033
113588 0.000112108
113590 0.000212721
113357 0.000117564
113659 0.000123305
113308 0
113717 0.000232558
113285 0
113271 0.00021913
113720 0.000329272
113665 0.0002537
113410 0.000102701
113440 0.000195084
113550 0
114021 0.000330579
113606 0.000107009
113488 0.000232045
113987 0.00020938
113323 0.000110914
113280 0
114112 0.000117069
113704 0.000115982
113270 0
113963 0
113840 0
113629 0.000193798
113501 0.000209776
113617 0.000111944
113969 0
113619 0.000113649
113502 0
113864 0
113291 0
113938 0
113472 0.000110448
113310 0
113724 0
113686 0
113315 0
113854 0
114018 0
113387 0.000100513
113848 0.000588235
113244 0
113796 0
113518 0.000123031
113981 0
113456 0
113835 0
113484 0.000118022
113854 0
113771 0.000513699
113501 0
113830 0
113269 8.14001e-05
114108 0.000116782
113322 0
114021 0
114127 0.000419111
113633 0.000165975
113824 0
113880 0
113642 0
113892 0.000212359
113571 0
113963 0
113381 0.000108331
113690 0.000123533
113691 0.000250344
114129 0
113881 0
113370 0.000352858
113946 0
113830 0
113950 0
113959 0.00027907
113344 0
113794 0.000312451
113507 0
113624 0.000114784
113883 0.00021624
113605 0.00051573
113720 0
113363 0
113404 0.000185701
113255 0.000121153
113891 0.000320547
113383 0.000185357
113388 0.000150807
113869 0
113600 0.000440335
113283 0
113499 0.000159058
113266 0
113966 0
113246 0
113476 0.000383142
113984 0.000211909
113256 0
113921 0
113785 0
113350 0.000130412
113391 0
113258 0.000112905
113819 0.00011711
113825 0.000102817
114134 0.000139101
113474 0.000111645
113394 8.82535e-05
113351 0.000223189
113377 0
113359 0
113950 0
113976 0.0003861
114020 0.000518672
113606 0.000106746
113290 0
113438 0
113772 0
113337 0.000115982
113825 0.000106451
113264 0
113461 0
113718 0
113474 0.00011152
113397 0.000108755
113405 0.000188129
114022 0
113930 9.88924e-05
113630 0
113762 0
113356 0
113788 0
113767 0
113995 0
114115 0.000243546
113318 0
113802 0
113315 0
113969 0
113572 0
113583 0
113567 0.00047619
113343 0.000228833
113759 0
113922 8.01218e-05
114118 0
113619 0
113941 0.00074129
113362 0
113939 0.000160411
113803 0.000164555
113934 8.08734e-05
113685 0
113335 0
114132 0
113933 0
113485 0
113573 0
113704 0
113272 0.000111532
113770 0
114129 0.000142918
113499 0.000319081
113404 8.81834e-05
113884 0.000216029
113440 0.000194515
113933 0.000388878
113796 0.000329435
114126 0.000126887
113315 0
113773 0.00024888
113934 0.000159974
113309 0.000336361
113270 0.000325874
113823 0.000154416
113662 0
114017 0
114099 0
113395 0.000176211
113628 0.000117606
114023 0.00043554
113769 0
113280 0
113976 0
113949 0
114025 0
113253 0.000115327
113956 0.000106655
113395 0
113909 0
113849 0
113875 0.000106519
113431 0
113243 0
113697 0
113258 0.000113623
113623 0.00045798
113477 0.000246275
114115 0
113609 0.000263574
113492 0
113833 0
113764 0
114123 0
113997 0.00022748
113977 0
113794 0.000314317
113940 0.000162536
113367 0.000447277
113504 0
113896 0
113485 0
113696 0
113982 0
113344 0
113876 0
113846 0
113823 0
113987 0
113688 0
113957 0.000356792
113642 0
113264 0
113362 0.00022627
113670 0.000176694
113383 0.000383289
113443 0.000325203
113624 0
114115 0.000122026
113700 0.0001167
113987 0.000159261
113422 0
113248 0
113361 0.00011632
113601 0
113959 0.000283983
113933 0
113656 0
113279 0.000140509
113909 0
113954 0.000190241
113634 0.000222941
113842 0
113352 0
113766 0.000199005
113318 0.000119119
113827 0.000212925
113448 0.000251162
113777 0
113933 0.000189484
113881 0
113480 0.000217108
113248 0
114099 0.000849618
113612 0.000216474
113494 0.000180701
113491 0.000238039
113787 0
113496 0.000112625
113580 0.00022668
113900 0.000816327
113438 0.000576203
113911 0.000212134
114118 0.000285225
113846 0
113407 9.09174e-05
113978 0
113776 0
113956 0
113765 0.00025
113843 0
113322 0.000222618
113438 0
113611 0.000108838
113841 0
113884 0.00021699
113472 0.000227376
113495 0.000322546
113931 0.000157866
113459 0
113639 0
113926 0
113959 9.32923e-05
113791 0.000130941
113391 0
113455 0
113352 0
113914 0.000355303
113513 0.000121966
114111 0
113986 0.000315325
113388 0.000149031
113590 0.000216826
113461 0
113896 0
113897 0
113453 0
114132 0
113852 0
113963 0
113394 0
113834 0.000151423
113985 0.000105641
113803 0
113456 0.000115035
113869 0.000107666
113394 8.96057e-05
113903 0.000384246
113265 0.000111782
113616 0.000110852
113761 0
113842 0.000249439
113799 0
113987 0.000158629
114105 0
113818 0.000348432
113606 0.000107701
113626 0.00010989
113886 0.000108625
113656 8.9071e-05
113285 0
114118 0
114098 0
113445 0.000250721
113328 0
113669 0
113952 0
114105 0
113762 0
113488 0.000117343
113795 0
113715 0
113924 0.000161421
113852 0.000350877
113667 0
113701 0.000229674
113346 0.000111
113253 0.000228337
113667 0.000134228
113588 0.000109782
113247 0
113909 0
113272 0
113891 0.000318235
113927 0
113760 0
113897 0.000122624
113963 0
113684 0
113381 0.000217794
113603 0.000112587
113850 0
113830 0.00026441
113345 0.000232992
113550 0.000135704
113899 0
113615 0.000111982
113819 0
113960 8.58443e-05
113659 0.000248509
113877 0
113696 0
113827 0.000104844
113621 0.000221484
113327 0.000141743
113368 0
113956 9.87069e-05
114109 0
113247 0
113911 0
114019 0
114134 0
113695 0.000110108
113634 0.000111669
113833 0.000113559
113545 0.000865239
113510 0.000209249
113546 0.00034118
113886 0.000109565
113266 0
113250 0
113309 0
113693 0.000160385
113470 0.000111757
113406 9.01876e-05
113948 0.000434216
113359 0.000124285
113562 0.000481464
113507 0.000340483
113359 0.000127016
114023 0.000146092
113540 0.000154202
113407 0
113569 0
113619 0
113582 0
113397 0.000321854
113931 0
113846 0
114111 0
113626 0.000111148
113480 0
113368 0
113941 0
113576 0.000113585
113667 0.000263539
113763 0.000349406
113514 0.000202593
113796 0
113405 8.49401e-05
113825 0.000202737
113946 9.37734e-05
113830 0.00026476
113888 0.000110619
113724 0.000118807
113324 0.000112918
113900 0.000391543
113579 0.000390778
114020 0
113612 0.000220629
113268 0.000118483
113769 0.000542594
113345 0
114129 0.000143349
113395 8.60733e-05
114115 0
113371 0.000208203
113888 0
113456 0.000113598
113801 0.000128932
113821 0
113538 0.000329381
113393 0.000180457
113431 0
113785 0.000173853
113480 0
113603 0
113484 0.000120861
114127 0
113691 0.000109745
113864 0
113617 0.000113122
113407 8.9214e-05
113272 0
114020 0
113669 0
113995 0
113371 0.000214869
113600 0.000331822
113849 0.000578035
113901 0.000253293
113989 0.000409836
113280 0
113348 0.000108849
114123 0
113991 0.000225073
113635 0
113994 0.000101916
113670 9.00982e-05
113280 0.000368324
114126 0
113445 0
113361 0.000349243
113761 0.000291036
113360 0.000376081
113693 0
113612 0
113576 0.000115327
113994 9.93937e-05
113669 0
113515 0.000119617
113655 0
113479 0.000241429
113773 0.00024266
113518 0
113264 0
113789 0.000153092
113758 0
113948 0
113761 0.000197981
113588 0.000221877
114019 0
113509 0.000171204
113871 9.999e-05
113991 0.000114995
114122 0
113726 0.000347383
113993 0
113832 0.00019292
114024 0.00015758
114111 0.000197824
113803 0.000162655
113760 0
113922 0.000319132
113248 0
113655 8.72753e-05
113302 0
114134 0
113317 0
113879 0
113772 0
113590 0
113395 0
113607 0.000118694
113903 0
113388 0
113609 0.000131216
113695 0.000332557
113693 0
113654 8.64902e-05
113365 0
113722 0.00022581
113852 0
114123 0.000121581
113930 0
113903 0.000187371
113910 0
113688 0.000106975
113996 0.000105241
113795 0.000331895
114105 0
113644 0.000177557
113383 0
113370 0.000175623
113410 0.000101802
113683 0.000213584
113883 0.000215054
113377 0
113701 0.000114745
113727 0
113629 0.000376435
113788 0
113717 0
113978 0.000105597
113328 0
113571 0.000279018
113962 0
113657 0
113723 0.000117137
113690 0
113645 0
113721 0
113582 0.000220531
113346 0.000111396
114129 0.000141723
113993 0.000400802
113948 0.000431406
113700 0.000113559
113332 0
113772 0
113494 0
113764 0
113803 0.00096432
114127 0.000418585
114137 0.000120048
114126 0.000125063
113650 0.000292612
114123 0
113442 0
113994 0.000100482
113544 0
113983 0
113485 0
113770 0.000518852
113380 0.000113494
113884 0.000109914
113459 0.00010923
113695 0.000214569
113318 0
113653 0
113324 0
113656 8.59402e-05
113982 0
113621 0
113582 0.000114181
113590 0
113274 0.000115835
113653 0
113365 0.000239034
114118 0
113850 0
113601 0.00010661
113995 0
113983 0
113671 0
113762 0
113639 0
113351 0.000222816
113816 0.000221239
113456 0.000116023
113362 0.00011744
113875 0
113701 0.000115781
113825 0.000105519
113436 0
114108 0.000113753
113448 0.000254194
113481 0.000248571
113320 0
113422 0
113359 0.000127049
113479 0
113540 0
114098 0
113569 0
113377 0
113545 0
113832 0.000185736
113966 0.000113804
113476 0.000127081
113771 0.000658328
113939 0
113605 0.000132468
113718 0
113347 0.000311429
113384 0.000800213
113507 0
113379 0.000476929
113261 0
113695 0.000109806
113622 0.000233046
113767 0
113317 0
113899 0.000216216
113379 0
113963 0
113381 0.000109963
113926 0.00019478
113722 0
113276 0.000112689
114022 0.000338524
113902 0.000107043
113386 0
113392 0
113870 0.000397259
114103 0
113941 0
113921 0
113462 0.000215193
113386 0
113659 0.000125235
113321 0.000111136
113720 0.000213995
113653 9.20641e-05
113572 0
113452 0
114118 0
113363 0.000223964
113666 0.00018075
113910 0.000209534
113819 0.000240761
113396 0.00018486
113952 0
113606 0.000108613
113431 0
113291 0
113317 0
113588 0.000109709
114108 0.000350018
113639 0
113964 0
113620 0.000523122
113902 0
113694 0
113924 7.99424e-05
113981 0
113497 0
113481 0
113842 0
114132 0
114106 0.000259943
113657 0
113361 0.000116009
113477 0
113683 0.000210881
113423 0.000356062
113697 0.000270526
113795 0
113306 0.000121403
113693 0.000317914
113576 0
113607 0.000235211
113843 0
113272 0.000112943
113659 0.000251762
113397 0.000106202
113324 0.000147275
113829 0
113686 0.00026001
113842 0.000253229
113493 0.000111136
113605 0.000128816
113782 0
113546 0
113404 0
113726 0.000224845
113279 0.000277855
113831 0
113877 0
113271 0
113777 0
113670 9.18021e-05
113956 0.000106225
113597 0.000147863
113444 0.000130873
113997 0
113535 0.000112208
113579 0.000377216
113468 0
113590 0
114106 0
113727 0.00016603
113977 0
113544 0
113322 0.000114142
113803 0
113363 0.000223164
113486 0
113697 0
113667 0
113441 0
113625 0.000116252
113537 0.00011084
114136 0
113414 0
113244 0.000186567
113852 0
113912 7.94029e-05
113701 0.000119232
113491 0
113682 8.66626e-05
113335 0.000168862
113831 0
113634 0.000349284
113824 0.00162075
113573 0
113452 0.000112309
113630 0
114111 0
113994 0.0002035
113356 0
113381 0.000109266
113582 0.000224517
113800 0.000279759
113688 0.000109087
113658 0
113816 0
113545 0
113723 0.000117082
113265 0
113933 0
113368 0
113800 0.00014339
113789 0.00045489
113515 0.000116945
113662 0.000269881
113271 0
113878 0.00010227
113285 0.00029824
114023 0.000429062
113660 0.000451019
113923 0
113290 0
113715 0.000882613
113910 0.000409082
113937 0
113268 0
113467 0.000112486
113611 0.000441355
113272 0
113828 0
113725 0.000331162
113694 0.000109517
113902 0.000321027
113629 0
113665 8.43313e-05
113953 0.00027828
113668 0.000234714
113860 0
113461 0
113535 0.000218126
113671 0
113445 0.000251004
113890 0
113436 0
113482 0
113575 0.00021561
113834 0.00013328
113367 0.000224039
114108 0
113497 0
113351 0
113628 0
113804 0.000108861
113477 0.000122865
113315 0
113880 0
113302 0.000474947
113991 0.000111198
113725 0.000225581
113691 0.000222692
113347 0
113902 0.000104373
113946 0
113662 0
113517 0
113726 0.000225403
113877 0
113322 0.000228545
113318 0.000694525
113980 0.000681199
113645 9.24214e-05
113624 0
113258 0.000226937
113927 0.000327735
113793 0
113669 0
113726 0
113248 0.00033484
113352 0
113462 0.000215657
113407 0.000271444
113275 0
113253 0
113309 0
113976 0.000361925
113284 0
113350 0.000270783
113821 0.000139801
113251 0.000119389
113562 0.000488281
113474 0.000111421
113864 0.000710732
113671 0
113482 0
113789 0.000154655
113487 0
113518 0.000129668
113845 0.00023084
113702 0.000724638
113510 0
113491 0.000116442
113328 0
113247 0.000176897
113491 0.000115727
113911 0
113306 0.00012427
113796 0
113350 0
113404 0
113253 0.000228128
113983 0
113802 0
113658 0.00071582
113849 0.000332079
113843 0
113541 0
113579 0
113834 0.00013132
114017 0
113480 0
113275 0
113455 0.000476644
113410 0.000200562
113509 0
113991 0
113669 0
113268 0.000118526
113883 0.00010898
113718 0
113856 0
113332 0.00268817
113466 0
113987 0
113822 9.97108e-05
113727 0.000506842
113431 0
113795 0.000319183
113268 0.000241342
113276 0
113456 0
113683 0.000209074
113849 0.00021575
113401 0
113697 0
113986 0.000106123
113259 0.00011542
113999 0
113922 0.000158065
113321 0
113365 0
113567 0.000472813
113771 0.000167224
113885 0
113670 0.000268528
113934 0.000240964
113892 0.000106633
114132 0
113720 0.000108507
113683 0
113940 0.000162933
114023 0.000141723
113902 0
113471 0.000106895
113793 0.000331345
113259 0.000113122
113702 0
113888 0.000111309
113985 0.000105731
113771 0.00032987
113377 0.000359712
113513 0
113932 8.13935e-05
113404 9.3835e-05
113260 0.000116144
113332 0
113960 0.000259426
113269 7.85731e-05
113283 0
113289 0
114103 0
113668 0.000116144
113590 0
114134 0.000276358
113381 0
114100 0
113877 0
114022 0
113977 0
114020 0
113912 0.0001554
113950 0
113670 0.000178476
113626 0.000114351
113633 0
113664 0.000445633
113720 0
113327 0.000146391
113497 0.000117827
113652 0.000354045
113874 0
113801 0.000126247
113984 0.00021046
114019 0
113393 0.000174322
113832 0.000475059
113761 0.00041468
113871 0.000100594
113891 0.000535389
113966 0
113787 0
113384 0.000259639
113518 0.000129483
113534 0.000220872
113504 0
113936 9.97307e-05
113864 0
113771 0.000164177
113822 0.000101636
114124 0
113352 0
113463 0
113912 7.8604e-05
113444 0.000260112
113718 0
113776 0
114106 0
113700 0
113936 9.90884e-05
113692 0
113579 0
113886 0.000108436
113253 0
113693 0
113607 0.000116537
113271 0.000112816
113980 0.000325786
113800 0
113962 0.000369891
113845 0
113719 0
113624 0
113343 0.000233481
113800 0.000145391
113619 0.00021937
113760 0.000280899
113289 0
113996 0.000105053
114020 0
113899 0
113976 0
113983 0.000277778
113370 0
113415 0
113353 0
113517 0.000244081
113642 0
113937 0
113792 0.000423101
113726 0.000111657
113819 0
114133 0.000230947
113320 0.000117702
113251 0.000119674
113698 0
113661 0.000180083
113440 0
113455 0
113268 0.000368686
114128 0
113436 0
113504 0
113370 0.000175316
113309 0
113605 0.000132066
113387 0
113981 0
113769 0
113302 0.000225276
113840 0
113469 0.000117028
113645 0.000184298
113669 0
113938 7.99808e-05
113911 0
113932 7.90264e-05
113664 0
113264 0
113345 0
113964 0
113722 0.000113662
113982 0
113290 0
113727 0
113869 0
113680 0
113588 0.000112461
114136 0
113272 0.000112511
113834 0
113309 0.000111732
113302 0.000239578
113999 0.000448229
113852 0.000338639
113762 0.000805153
113668 0.000113443
113504 0
113459 0.000109733
113773 0.000239406
113383 0.000188324
113265 0.000108366
113455 0
113617 0.000227972
113937 0
113365 0
113397 0.000106724
113511 0.0001207
113910 0
113582 0
113878 0.000199144
113370 0
113597 0.000153069
113923 0.000239942
113347 0
113883 0.000107945
113462 0.000104976
113635 9.05387e-05
113862 0.000324535
113477 0.000122234
113396 0.000188964
113360 0
113452 0.000226835
113575 0
113392 0.000262421
113469 0.000116469
113624 0.000226578
114133 0
113875 0
113824 0
113377 0
113686 0
114019 0
114099 0
113658 0
113410 0.000320684
113486 0.000495909
113408 9.03261e-05
113371 0
113635 0.000280112
113795 0.000164285
113584 0.000439174
113641 9.68617e-05
113842 0
113306 0
113251 0.000120642
114136 0
113758 0.000441696
113993 0
113508 0.00129032
113493 0.000115821
113953 0
114126 0.000253678
113387 0.000102501
113348 0.000216967
113960 8.50774e-05
113481 0.000269742
113614 0
113534 0.000220799
113369 0.0003314
113621 0.00045527
113792 0.000205719
114134 0.000137287
113863 0
113369 0
113927 0.00023893
113392 0.000352144
113804 0.000110607
113630 0
113821 0
113537 0.000221902
113692 0
113536 0
113622 0.000112082
113850 0.000105787
113479 0.000384517
113848 0.000283527
113792 0.000615764
113688 0.000106667
113763 0
113641 0.000201025
113619 0
113410 0
113623 0.000226552
113652 0.000356189
113645 0.000223364
113762 0
113926 9.76372e-05
114128 0
113931 0
113369 0
113602 0
113966 0
113650 0.000306513
113684 0
113250 0
113308 0
113457 0
113840 0
113602 0
113470 0.000222544
113492 0.000132048
113633 0.000337325
113701 0.000232693
113423 0
113415 0.000317696
113394 8.80282e-05
113315 0
113799 0
113567 0.00049554
113546 0
113255 0.000120511
114018 0
113541 0
113319 0.000110096
114134 0
114099 0.000876808
113726 0.000224014
113353 0
114025 0
113723 0.000237248
113874 0
113633 0
113899 0.000221337
114025 0.000165865
113535 0
113484 0
113870 9.89218e-05
113379 0
113442 0
113793 0
113275 0.000224921
113345 0.000228415
113937 0
113769 0.000530786
113723 0.000341219
114099 0
113359 0
113724 0.000113623
113625 0.000350018
113569 0.000422565
113509 0
114122 0
113680 0
113655 8.70095e-05
113665 0
113602 0.00022041
113550 0
113266 0
113639 0.000389181
113976 0
113612 0
113772 0
113671 0
113897 0
113932 7.91703e-05
113724 0.000114574
113931 7.99808e-05
113463 0
113406 0.000364465
113652 8.84486e-05
113283 0.0010057
113448 0.000128304
113453 0.00014988
113644 0.000175485
113639 0.000186672
113772 0.000174764
113362 0.000114863
113393 0.00025495
113616 0
113346 0.000220629
113517 0
113535 0.000111682
113438 0
113343 0.000236155
114111 0
113629 0
113489 0.000214892
113851 0.00011773
113457 0.000110779
113825 0.000105641
113978 0.000109242
113380 0.000113212
113261 0
113909 0.000968054
114127 0.000421763
113453 0
113790 0.000313136
113377 0.00036846
113317 0.000383877
113939 0.000244479
114128 0
113854 0
113821 0
113633 0
113876 0
114100 0
113759 0
113367 0.000328048
113799 0
113320 0.000115996
113502 0.000290782
114122 0
113770 0
114103 0
113319 0.000329056
113626 0.000227376
113902 0
113540 0.000159617
113431 0
113766 0
114126 0
114020 0.000498008
113718 0.000182448
113580 0.0001104
113874 0.000307314
113940 0.000324386
113546 0.00033428
113785 0
113283 0.00033036
113828 0.0002531
113503 0
113672 0
113431 0
113938 7.75434e-05
113386 0.000150989
114109 0
113276 0.000549874
113686 0
113871 0.000201329
113457 0.000112347
113914 0
113672 0.00013563
113562 0.000503778
113671 0
113583 0
113289 0
113620 0.000220022
113863 0.000190078
113271 0
113323 0
113381 0
113259 0
113682 0.00017163
113388 0.000308737
114133 0.000117855
113407 0.000357398
113664 9.11743e-05
113573 0
113693 0.000159795
113471 0.000325733
113569 0.000212404
113391 0.000365364
113785 0
113789 0
113860 0
113346 0.000108897
113644 0.000176196
113572 0.000111111
114103 0
113371 0.000214408
113497 0.000114837
113759 0
113609 0
113581 0.000109721
113480 0.000220313
113662 9.20471e-05
113785 0
113986 0.000313939
113259 0.000221729
113513 0.000495233
113692 0
113569 0
113623 0
113644 8.84721e-05
113642 0
113266 0
113795 0
113441 0
113572 0
113695 0.000220289
113764 0.000668449
113600 0
113365 0.000349936
113343 0.000117082
113610 0
114024 0
113897 0.000123625
113642 0
113244 0
113766 0.000571973
114124 0.000130514
113886 0.000109938
113630 0
113321 0.00021937
113763 0
113723 0.000245218
113487 0
113515 0
113863 0
114021 0.00032352
113860 0
113694 0.000215796
113890 0
113804 0.000109469
113618 0.000108483
113499 0.00031736
113607 0
113923 0.000235497
113492 0.000271223
113584 0.000213311
113457 0.000234549
113978 0
113666 0.000272504
113291 0
113319 0.000110011
113383 0
113694 0.000219034
113626 0.000333519
113857 0
113974 0
113899 0
113359 0
113250 0
113368 0.000217628
113494 0.000108802
113443 0.000327761
113720 0.000110754
113536 0.000216943
113884 0.000324079
113939 0.000321699
113721 0.000122399
113773 0
113318 0.000355745
113650 9.64041e-05
113401 0
113386 0.000147319
113721 0
113672 0.00013519
113832 9.66837e-05
113885 0.000994036
114017 0
113628 0
113833 0.00011147
113472 0.000112714
114100 0
113545 0
113284 0
113854 0.000256871
113925 8.12216e-05
113620 0
114122 0
113514 0
113408 0.000150263
113573 0
113246 0
113497 0.00023183
113875 0.000209688
113903 0.000380807
113921 0
113989 0.00021182
113949 0
114134 0
113502 0
113463 0.000145391
113801 0.000126839
113466 0
113879 0
113976 0
113652 0.000150966
113964 0
113993 0.000414594
113721 0.000374953
113536 0.000221239
113981 0.000257798
113846 0
113384 0.000135704
113618 0.000217273
113445 0
113462 0.000433604
113484 0.000486027
113279 0.000137363
113852 0
113851 0
114111 0
113486 0
113830 0.000267881
113361 0.000116564
113890 0.000116973
113494 0
113799 0
113818 0.000113947
113357 0
114100 0
113980 0.000162866
113502 0.000604047
113246 0
113948 0
113445 0.000125125
113857 0.000227454
114018 0
113495 0
113776 0.000439174
113791 0
113765 0
113406 9.20726e-05
113306 0.000126183
113247 0.000345244
113896 0
113508 0
113628 0.000229516
113615 0
113900 0
113879 0
113599 0
113671 0
113497 0
113816 0.000224065
113253 0.000348594
113641 0
113661 8.95335e-05
113635 9.06783e-05
113685 0.000105641
113601 0.000324044
113500 0
113767 0
113925 8.12282e-05
113922 0.000159898
113448 0.000251036
113727 0
113704 0
113760 0
113491 0.000234962
113856 0
113344 0.000683995
113682 0.000173521
114021 0
114018 0
113584 0
113251 0.000121153
113537 0.000110193
114112 0.000235073
113406 0
113876 0
113443 0
113571 0
113634 0.000334971
113980 0.000327118
113788 0
113448 0.000127943
113319 0.000323799
113477 0.000251288
113986 0.000103338
113302 0.000239406
113788 0
113493 0.000113792
113665 0.000172265
113545 0
113597 0.000148987
113900 0
113371 0
113925 0.000158705
113804 0
113466 0
113821 0
113977 0
113583 0.000114482
113495 0.000110132
113550 0.00013369
114135 0.000289939
113948 0
113385 0
113685 0.000106022
113628 0.000114561
113980 0.000336191
113924 0.000236388
113422 0
113432 0
113410 0.000104811
113385 0
113791 0
113253 0.000111595
113452 0
113251 0.000119374
113899 0
113316 0
113625 0.00034153
113842 0.000247463
113875 0
113623 0.000114416
113902 0.000421852
113658 0
113303 0.000149678
113488 0
113875 0.000106259
113459 0.000330215
113488 0.000354275
113957 8.87233e-05
113538 0
113727 0.000168577
113796 0.000164474
113822 0.000102585
113545 0
113603 0
113995 0
113321 0.000109661
113617 0.000111582
113346 0.000110072
113684 0
113880 0
113830 0.000254972
113660 0.000362516
113610 0.000111707
113405 0.000171527
113408 0.000145391
113765 0
113671 0
113937 0
113629 0.000187441
113941 0
113361 0.00011805
113693 0.000314713
113441 0
113846 0
113803 0
113422 0
113690 0
113317 0
113605 0.000400427
113656 9.0269e-05
113785 0.000500835
113323 0.000223164
113856 0.000187688
113949 0
113471 0
113685 0.000417275
113609 0.000263817
113925 8.18867e-05
113790 0.0001554
113468 0.000335946
113974 0
113508 0
113668 0
113387 0.000102817
113995 0
113645 0.000181884
113544 0
113323 0
113892 0
113686 0.000266028
113244 0.000376932
113996 0.000104976
113665 8.43455e-05
113772 0
113500 0.000127178
113584 0.000217628
113368 0.000108944
113499 0.000157903
113442 0
113899 0.000441112
113513 0.00036162
113602 0.000114679
113645 0
114105 0.000501756
113476 0
113482 0.000256115
114098 0
113354 0.00149925
113414 0
113289 0.000662252
113833 0
113994 0.000203957
114132 0.000186324
113702 0.000747384
113365 0.000241809
113351 0.000223065
113423 0.000438174
113405 0.000168748
113941 0.000775194
113513 0
113500 0.000132626
113661 0
113825 0
114023 0
113715 0
113599 0.000245851
113821 0
113759 0
113769 0
113508 0
113881 0
113270 0.000111694
113660 0
113317 0
113285 0
113997 0.000117716
113869 0.000107573
113328 0
113986 0.000103627
113481 0.000258498
113255 0.000368505
113534 0.00011207
113392 0.000175408
113635 9.04895e-05
113911 0.000424719
113790 0.000154895
113862 0.000222916
113395 0
113782 0
113862 0.00021901
113487 0.000116932
113910 0.000103605
113609 0
113550 0.00013541
113659 0
113492 0
113486 0.00024728
113256 0.000139218
113610 0.000108436
113984 0.000539957
113405 0
113443 0
113982 0
113901 0
113662 0.000182232
113785 0
113337 0.000112473
113391 0.00018615
113822 0.000201532
113885 0
113500 0.000128205
113921 0
113787 0
113618 0
114106 0
113387 0.000205339
113540 0.000304414
113940 0
113936 0
113660 0
113964 0.000223389
113259 0.0001657
113284 0.000194024
113484 0.000244111
113696 0
113621 0
114137 0.000232315
113996 0.000104373
113934 8.08473e-05
113793 0.000162496
113472 0
113914 0.000263481
114106 0
113482 0.000132679
113407 0.000181538
113877 0
113260 0.000336889
113489 0
113289 0
113959 0
113645 8.97585e-05
113346 0
113538 0.000224694
113704 0
114100 0
113482 0.00013077
113658 0
113579 0
113618 0.000114482
113802 0.000206143
113876 0
113625 0.000115902
113335 0
113397 0.000108155
113903 0.000187829
113927 0.000160681
113876 0
113661 0
113900 0.000394011
113702 0
113878 0.00010202
113471 0
113835 0.000149343
113611 0
113359 0.000128617
113725 0.000217912
114021 0.000325521
113827 0
113660 0
113479 0.000241926
113644 0.000177983
113535 0.000109914
113641 9.82801e-05
113962 0
113613 0
113974 0.000379939
113672 0.000135391
113717 0
113581 0
114098 0.0034965
113574 0
113396 0
113504 0.00049505
113881 0
113414 0
113776 0
113576 5.62936e-05
113510 0
113324 0.00023912
113259 0.000111421
113518 0.000128139
113264 0
113534 0.000111757
113501 0
113502 0.000299043
113999 0
113468 0
113613 0.000108849
113818 0
113828 0
113266 0
113611 0.000218293
114122 0
113796 0.000161473
113574 0.000217202
113470 0.000115607
113274 0.000232693
113824 0
113599 0.000121212
113927 8.02568e-05
113582 0.000225861
113610 0.000222841
113481 0.000125439
113384 0.000133085
113509 0
113260 0.000115487
113691 0
113405 8.49979e-05
114109 0
113562 0.000465116
113306 0.000248849
113698 0.000260315
113725 0.000108295
113351 0
113715 0
113394 8.86603e-05
113909 0
113793 0
113879 0
113642 0
113886 0.000110059
113704 0.000345662
113441 0
114106 0
113934 0
114109 0
113251 0.000120875
113963 0
113360 0.000125408
113888 0.000108589
113924 0
113422 0
113869 0
113415 0.000208877
113567 0.00048852
113496 0
113508 0
113880 0
113819 0
113597 0.00014892
113507 0
113244 0.000772201
113857 0
113614 0.00022748
113652 8.84877e-05
113802 0
113764 0.000341647
114021 0
113794 0.000313972
113404 0
113603 0
113782 0
113353 0.00020028
113846 0
113310 0
113644 0
113994 0.00010142
113494 0.000108814
113819 0
113954 0
113352 0
113406 0.000185805
113901 0
113622 0.000115902
113627 0.000347826
113580 0.000223464
113401 0.000170329
113857 0.000231696
113666 0
113348 0
113270 0.000451314
113274 0
113662 0
113243 0.000223789
113290 0
113472 0
113424 0.00036062
113510 0
113851 0.000340368
113480 0
113937 0.000625782
113438 0.000289603
113799 0
113584 0
113863 0
113322 0.000109733
113977 0.000384763
113691 0.000112803
113308 0
113436 0
113668 0.000116904
113318 0.00023801
113354 0
113386 0
113910 0
113685 0.000104188
113801 0.000124688
114019 0.000190476
113344 0
113932 0.000321079
113829 0
113883 0.000323834
113274 0
113962 0
113350 0
113285 0
113996 0
113406 0
113784 0
113761 0.000410256
113909 0.000115996
113347 0
113790 0.000153327
113845 0
113283 0.000340599
113664 0
113956 0.000159346
113682 8.52224e-05
114137 0
113700 0
113977 0
113691 0
113719 0.000219611
113769 0
113472 0.000112385
113766 0
113491 0.000232342
113499 0
113672 0.000265781
113764 0.000327332
114112 0.000239091
114098 0
113910 0.000105541
113480 0
113966 0
113302 0
113367 0.000111123
113351 0.000220799
113250 0
113914 0
113605 0.00013459
113771 0.00033173
113683 0
113383 0
113269 8.10636e-05
113356 0.000108425
113269 0
113472 0.000113404
113683 0.000208551
113489 0
113360 0.000126502
113290 0
113926 0
114129 0.000281571
113772 0.000340483
113258 0
113308 0
113991 0.000110241
113479 0.000242542
113952 0.00041806
113966 0.000229489
113423 8.80204e-05
113930 9.84155e-05
113850 0.000323904
113469 0.000121315
113765 0.000251004
113650 0.000151953
113284 0.000191865
113535 0.000222395
113361 0
113690 0.000124891
113613 0.000110412
114123 0
114112 0.00023007
113514 0.000121877
113776 0
113777 0
113385 0.000429
113922 0.000162127
113385 0
113371 0
113571 0
113315 0
113363 0.000337041
113452 0
113629 0
113878 0
113999 0
113801 0.000131441
113661 0.000282486
113912 0
113952 0
113351 0
113885 0
113468 0
113680 0
113323 0.000110975
113874 0
113462 0
113953 0.000141924
113362 0.000114956
113981 0
113618 0
113715 0
113615 0.000226732
113276 0.000110108
113616 0.000111123
113715 0
114135 0
113392 8.65876e-05
113611 0.000109709
113546 0.000333778
113511 0.000242807
113256 0.000144928
113583 0
113879 0.000347142
113613 0
113276 0.000335984
113950 0
113247 0.000182315
113864 0
113770 0
113956 0.000214523
113309 0
113485 0
113662 9.12159e-05
113259 0.000225352
113827 0
113488 0.00011443
113256 0.000145943
113344 0.000692042
113759 0
113567 0
113472 0
113476 0.00025113
113964 0.000111869
113957 8.88336e-05
113477 0.000232693
113517 0.000122234
113612 0
113997 0.000350549
113261 0.00033761
113303 0.000147037
113940 0.000164244
113504 0
113721 0.000121462
113835 0.000132591
113489 0
113246 0
113903 0
113444 0
113250 0
113357 0
113513 0
113881 0
114136 0
113354 0
113408 0
113884 0.0001104
113488 0
113791 0.0001295
113501 0
113654 0
113463 0.000147406
113510 0
113891 0.00032089
114024 0.000160565
113343 0
113985 0.000105474
113667 0.00013725
113489 0.000108178
113467 0.000222296
114103 0
113461 0
114018 0
113486 0
113380 0.000331126
113981 0
113883 0
113541 0.000123946
113985 0.000102585
113652 0.00017228
114017 0
113332 0
113850 0.000108909
113369 0.000169348
113590 0
113938 0
113369 0.000163345
113494 0
113357 0.0001153
113833 0.00022419
113719 0.00022205
113405 8.5419e-05
113588 0
113501 0
113685 0.000102987
113303 0.000441176
113985 0
113536 0.000222668
114025 0
114105 0.000465116
113291 0
113980 0
113408 0.000146714
113365 0.000240906
113715 0.000959693
113670 0.000176663
113934 0.000324149
113405 8.51136e-05
113644 0
113765 0
113302 0.000234247
113493 0
113960 8.49113e-05
114109 0
113974 0
114118 0
113875 0.000298329
113575 0.000109242
114099 0
113283 0
113924 7.86225e-05
113869 0
113936 9.81162e-05
113603 0.000220313
113396 0.000184162
113629 0
114126 0.000124023
113580 0.000112347
113633 0
113964 0.000111074
113544 0
113880 0.000145943
113495 0.000437445
113650 0
113989 0
113653 0.000270978
113831 0
114098 0
113885 0
113415 0.000214984
114129 0
113379 0.000123426
113625 0.000227169
114024 0
113534 0.000109051
113567 0.000489237
113987 0.000315408
113851 0.000233508
113691 0.000328515
113654 0.00017135
113347 0
113381 0
114108 0.000575772
113930 0.00019685
113784 0
113457 0.000337154
113385 0
113363 0
113845 0
113581 0
113401 0
113386 0
113499 0.000161708
113792 0
113816 0.00021725
113802 0.000210172
113765 0.000246305
113879 0.000110571
113614 0
113501 0
113393 8.72676e-05
113327 0
114112 0
113345 0
113250 0
113974 0
114133 0.00034118
113686 0
113347 0
113849 0.000108249
113848 0
113562 0.00049776
113247 0.000348857
113821 0.000418877
113791 0
113656 0.000267809
113890 0.000231723
113933 0.000194363
114108 0
113380 0.000112397
113432 0
113509 0
113541 0.000248355
113767 0
113722 0.00011352
113319 0.000109433
113684 0
113615 0
113353 0.000208681
113667 0.000265816
113984 0.000216053
113724 0.00011485
113885 0
113469 0
113344 0.000707714
113285 0.000149633
113645 9.21319e-05
113260 0
113924 7.90264e-05
113717 0
113978 0
113626 0.000223115
113582 0.00023084
113310 0
113385 0.000415455
114123 0.000247862
113335 0.000495622
113601 0
113870 0.000201613
113773 0
113831 0
113664 0
113697 0
113246 0
113391 0
113690 0
113276 0.00011212
113601 0.000108237
113911 0.000212292
113572 0.000224215
113770 0
113993 0
113842 0.000249563
113291 0
113690 0.000244648
113862 0.000108672
113546 0
113794 0
113303 0.000436173
113870 9.82704e-05
113828 0
113370 0.000175685
113620 0
113271 0.000109842
113538 0.000111869
113622 0.000115768
113897 0.000248756
114128 0.000174459
113657 0
113664 0.000181242
113801 0.000125849
113829 0.000564175
113987 0
114022 0.000167196
113384 0
113717 0
113332 0
113256 0.000285551
113782 0
113453 0
113423 0.000174125
113964 0.000110461
113362 0.000231803
113701 0
113353 0
113772 0
114124 0.000127194
113841 0.000157729
113515 0.000233073
113379 0
113626 0.000112867
113948 0
113541 0.000127502
113700 0.000227015
113850 0
114127 0
113574 0.000108448
113537 0.000325062
113581 0.000110023
113670 0.000360295
113933 0
113569 0
113931 7.93273e-05
114100 0
113997 0.000115314
113849 0
114135 0.000555864
113265 0
113926 0
113536 0.000109337
114022 0.000166445
113946 0.000185288
113897 0
113345 0
113909 0.000935454
113874 0.000294031
113484 0.000359368
113495 0
113655 9.12825e-05
113541 0
114135 0.000274048
113834 0.000132205
113819 0.000122175
113987 0.000154083
113627 0.000171644
114109 0
113702 0
113924 0.00031294
113816 0.000223264
113784 0
113692 0.000810373
113760 0
113980 0.000325839
113410 0.000102239
113883 0.000330069
113322 0.000109818
113950 0.000273224
113884 0
113999 0.000460405
113344 0
113452 0.000220264
113767 0
113620 0.000325098
114017 0
113468 0
113515 0.000240906
113467 0.000110914
113614 0.000111919
113985 0.000208117
113494 0.000118977
114132 0
113255 0.00011976
113892 0
113824 0
113534 0
113776 0
114025 0
113491 0.000117123
113862 0.000108814
113959 9.37031e-05
113453 0
113337 0.000117709
113422 0
113869 0
114135 0
113870 0
113930 0
113607 0.000229753
113397 0.000108038
113470 0.000445286
113386 0.000141924
113258 0.000117233
113367 0.000333444
113280 0.000373274
113270 0.000219298
113896 0
113620 0.000326087
114024 0
114103 0
113900 0
113423 8.84095e-05
113912 7.83147e-05
113641 0.000195867
114127 0
113504 0
113440 0.000195963
113303 0.000285225
113508 0
113902 0
113575 0
113550 0
114115 0.000123579
113789 0.000308119
113243 0.00011202
113387 0
113511 0.000119161
113959 0
113936 0.00010143
113367 0
113792 0
113793 0
113684 0
113243 0
113684 0
113799 0.000195656
113668 0.000353857
113787 0.000310655
113269 0.00016159
113406 0
113471 0
113841 0.000150557
113456 0.000228885
113823 0
113467 0.000110254
113698 0
114135 0
113436 0
113957 0.000181209
113724 0.000113895
113517 0
113804 0.000330215
113680 0
113618 0.00010923
113880 0.000304183
113624 0
114100 0
113322 0
113635 0
113777 0.000505178
113627 0
113350 0.000270015
113702 0
113470 0
113356 0.000109039
113835 0.000150105
113788 0.000158453
113332 0
113963 0
113627 0.000342994
113764 0.000325839
113496 0.000550661
113871 0.000102575
113763 0
113445 0.000256575
113397 0.000213721
113610 0
113459 0.000108354
113672 0
113575 0
113352 0
113538 0.0002331
113360 0
113727 0.000327976
113833 0
113860 0
113770 0.000347584
113962 0.000258621
113995 0
113415 0
113290 0.000255102
113259 0.000111259
113719 0.000109481
113272 0.000114679
113969 0
113622 0
113414 0
113582 0
113308 0
113938 0.000161238
113258 0
113261 0
113442 0
113265 0.000334635
113940 7.93084e-05
113350 0
113823 0.000444576
113360 0.000125881
114124 0
113926 0.000392195
113507 0.000178859
113264 0
113718 0.000181653
113857 0.000114351
113656 0.000273873
113463 0.000145836
113354 0
113700 0.000116293
113327 0.000143864
113514 0.000595356
113423 0.000328138
113479 0
113470 0.000111297
113492 0.000134644
113828 0
113567 0
113850 0
113550 0.000263644
113509 0
113721 0.0001221
113719 0
113680 0
113723 0
113324 0
113717 0.0004865
113459 0
113827 0.000208965
113997 0.0001153
113946 0
113914 8.87626e-05
113863 0.000372301
114137 0
113787 0
113843 0
113876 0.000701508
113652 8.94694e-05
113343 0
113885 0
113900 0
113269 0.000247688
113574 0
113880 0.000148854
113391 0.000184366
113279 0
113654 8.74967e-05
113284 0
113856 0.000181455
113348 0.000221852
113878 0.000205255
113881 0
113279 0.000419874
113309 0.000220483
113794 0
113247 0.000355492
113392 0
113870 0.000202327
113388 0
113688 0
113696 0
113243 0
113941 0.000759301
113621 0.00011439
113261 0.000113148
113984 0
113726 0.000226578
113268 0.000238521
113892 0.000314696
113435 0.000115848
113441 0
113535 0.000113007
113440 0
113925 8.11886e-05
113609 0.000133067
113436 0
113461 0.000267738
113995 0
113969 0
113275 0.000225023
113457 0.00056224
113476 0.00012832
114111 0
113664 0
113541 0.000126231
113626 0.000110693
113385 0
113682 0.000173558
113444 0.0001294
113503 0
113476 0
113448 0
113824 0
113500 0
113818 0.000227816
113694 0.00054609
113698 0.00013077
113328 0
113897 0
113440 0.000197239
113504 0.000498753
113246 0
113878 0.000103853
114137 0
113991 0.000337534
113324 0
113544 0
113846 0.000175871
113984 0.000217557
113255 0.000122971
113953 0.000278203
113948 0
113871 0.00030006
113606 0
113932 0.00024079
113503 0
113698 0.000265851
113285 0
113597 0.00030248
113846 0.000177054
113822 0.00010227
113719 0.000222124
113470 0.000110193
113611 0
113843 0
113444 0
113538 0
113759 0
113468 0.000111247
113721 0.000484731
113496 0.000111421
113356 0.000220653
113697 0.000140449
113831 0.000261233
113672 0
113396 0
113698 0.000133138
113310 0
113720 0.000112689
113609 0
113969 0
113946 0.000284576
113787 0.000153633
113617 0.000222916
113660 0.000177968
113949 0
113244 0
113946 9.42063e-05
113576 0
113622 0.000226937
113327 0.000142349
113380 0.000111495
113617 0.000441014
113462 0
113983 0
113976 0
113508 0
114017 0
113784 0.000253229
113620 0.000108861
113879 0.000114982
113432 0.000116537
113639 0
113576 0
113955 0
113957 8.86603e-05
113502 0
113401 0
113616 0.000109397
113841 0.000458575
113901 0
113725 0
114019 0
113436 0
113455 0
113953 0.000136519
113824 0
113635 0
113616 0.000222643
113773 0
113759 0
113725 0.000329056
113794 0
113927 8.10438e-05
113479 0.00024888
113500 0.000131285
113832 9.65904e-05
113848 0.000288184
113243 0.000110473
113960 0.000253165
113776 0.000496032
113369 0
113485 0.000122339
113765 0
113571 0
114098 0
113623 0.000113507
113782 0
113471 0.000109421
113279 0
113514 0.00019984
113396 0
113652 8.74049e-05
113612 0.000217344
113597 0
113443 0.000321854
113494 0
114133 0
113829 0
113914 0
113320 0
113983 0.000146113
113959 9.22509e-05
113365 0
113514 0.000208725
113291 0.000260146
113395 0.00017307
113767 0
113688 0.000108213
113911 0.000104613
113856 0.000185805
113497 0
113860 0
113310 0.000186881
113380 0
113270 0.00022237
113617 0.000109206
113627 0.000170329
113537 0.000218055
113369 0
113319 0
113356 0.000434877
113834 0.000136519
113392 0
113575 0.000108143
113969 0
113540 0
113936 9.85028e-05
114136 0
113599 0.000119175
113495 0.000110217
113573 0
113981 0.000248756
113724 0.000117
113654 0
113266 0
113621 0.000225836
114023 0.000143678
113941 0
113630 0.00060423
113823 0
113896 0.000249501
113926 0
113518 0.000252813
113486 0
114128 0.00017094
113388 0.000155207
114022 0
113328 0
113892 0.000215657
113792 0.00020475
113423 8.81912e-05
113353 0
113306 0
113613 0.00022168
113534 0
113816 0.000221288
113654 0
113614 0
113573 0.000222568
113796 0.000160256
113949 0
113562 0
113892 0
113777 0
113832 0
113582 0.000456569
113864 0.000673401
113923 0.00015921
113655 0.00017319
113931 0
113381 0
113719 0.00021901
113974 0
113668 0.000115634
113927 0.000162153
113724 0.000114351
113597 0.00024325
113997 0.000234935
113544 0
114112 0.000118737
113695 0
113818 0
113922 0
113442 0
113871 0
113303 0
113279 0.00014497
113621 0
113925 0.000239177
113467 0.000221754
113658 0
113308 0
113634 0
113284 0.000369822
113545 0.00021395
113335 0
113371 0.000210305
113306 0
113863 0.000187793
113829 0.000276396
113884 0.000109951
113321 0
113615 0.000461734
113656 0
113511 0.000118245
113840 0
113661 9.0009e-05
113579 0.000388802
113656 0
113327 0.00029074
113500 0
113630 0
113877 0.000413993
113654 0.00026462
113607 0.000231857
113912 0.000229815
113722 0.000116117
113501 0
113353 0
114023 0
113845 0.000457143
113622 0
113280 0
113921 0
113822 0.000198
113583 0.000116387
113266 0
113443 0.000330579
113466 0
113384 0
113514 0
114022 0
113686 0
113884 0.000218388
113794 0
113393 0.000175408
113432 0.000116795
113612 0.000434358
114137 0.000120034
113657 9.52018e-05
113909 0
113863 0
114106 0
113485 0
113845 0
113700 0.000114679
113503 0
113391 0
113850 0.000108038
113856 0
113834 0
113388 0.000461752
113784 0.000504541
113383 0
113361 0.000115634
113261 0
113996 0
113615 0.000110534
113956 0.000326016
113717 0.000227894
113619 0.000218484
113827 0
113782 0
113800 0
