122649 0.141991
123224 0.140245
122352 0.152093
122767 0.149533
123229 0.141795
122354 0.140173
123207 0.140148
122629 0.138138
123256 0.142476
123014 0
123059 0.143231
123253 0.137276
122869 0.14013
122710 0.138483
123281 0.136733
122738 0.14194
122677 0.136849
122463 0.139558
122721 0.145242
122526 0.138891
123028 0.138188
123023 0.137877
123020 0.140325
122858 0.139561
122280 0.1368
122365 0.140669
122701 0.141922
123085 0.141835
123042 0.140617
122245 0.146156
123001 0.131793
123219 0.138446
123233 0.139178
122813 0.137636
122256 0.142612
123050 0.140715
122859 0.13887
122464 0.142775
123290 0.137155
122488 0.142554
123101 0.138635
123295 0.141607
122730 0.142861
123293 0.141554
122690 0.141169
123018 0.139319
122606 0.12766
122693 0.141928
122425 0.181548
122502 0.138208
122789 0.16
122862 0.140867
122559 0.138614
122497 0.136716
122539 0.156093
122542 0.142602
122251 0.125618
122799 0.119048
122826 0.141936
122650 0.139533
122749 0.142888
123044 0.143921
122769 0.142098
122727 0.138582
122274 0.137096
123280 0.141491
123303 0.142109
122808 0.16129
122996 0.143005
122705 0.138132
122331 0.139087
122704 0.139546
122681 0.141467
122810 0.137546
122440 0.142533
122654 0.143014
122420 0.119863
122344 0.128673
123097 0.140292
122744 0.142638
123237 0.137628
123278 0.139704
123019 0.158088
123223 0.138945
122804 0.110368
122743 0.143681
122998 0.151149
123218 0.138946
122465 0.139319
122880 0.137629
122868 0.142207
122300 0.142592
122278 0.145143
122589 0.16895
123068 0.140895
122770 0.135693
122313 0.14455
122536 0.159381
123226 0.142432
123250 0.140221
122855 0.142544
122468 0.142802
122881 0.138594
122341 0.141486
122357 0.141321
122414 0.149911
122411 0.125841
122319 0.140332
123034 0.139777
122665 0.139988
122437 0.137734
122264 0.0940171
122967 0.114286
122351 0.134402
122714 0.139813
122486 0.140092
122628 0.14017
122252 0.127077
122608 0.139809
122527 0.141459
123081 0.140994
122449 0.136355
122275 0.141192
122833 0.141064
122306 0.143352
122661 0.138091
122521 0.139672
122643 0.140523
123215 0.141256
123002 0.137615
122281 0.139967
122647 0.141758
123238 0.139612
122823 0.140435
123209 0.13845
122745 0.141595
122675 0.140003
122776 0.143735
122746 0.142303
122838 0.138707
122798 0.139683
122585 0.14386
122800 0.118971
123067 0.139985
122511 0.142159
122686 0.145288
122363 0.140391
122317 0.139279
122752 0.141368
123248 0.136973
123259 0.142655
122653 0.141146
122507 0.139433
122625 0.141458
122455 0.142391
122570 0.14098
122816 0.141888
123060 0.140432
122786 0.133721
123266 0.143225
122863 0.140006
122466 0.14003
122620 0.140892
122739 0.140698
122797 0.127049
122689 0.146272
122310 0.142977
122708 0.139828
122301 0.141713
122309 0.141342
123012 0.165138
122416 0.149051
122712 0.139376
122323 0.141134
122726 0.139832
122783 0.10473
123205 0.138704
122842 0.139331
123022 0.13657
122353 0.12963
122434 0.153846
123252 0.13705
122549 0.142745
122415 0.14725
122277 0.139198
123011 0.133333
122263 0.145197
123264 0.140864
122462 0.138252
122847 0.141135
123035 0.136021
122618 0.141613
123058 0.139647
122555 0.130551
122796 0.148997
122519 0.155548
123267 0.13757
122356 0.144365
122563 0.14557
122641 0.142294
122626 0.140391
122330 0.142132
123040 0.143908
122360 0.142105
122846 0.138629
122821 0.139836
122684 0.141855
122342 0.143362
122667 0.144153
122487 0.140405
122735 0.140657
123294 0.138782
123240 0.145428
122754 0.140898
122286 0.139851
122691 0.140432
123051 0.140147
123038 0.141967
123087 0.140609
123036 0.140699
122674 0.141581
122315 0.1422
123204 0.142226
122778 0.136888
123084 0.149198
123262 0.138898
122525 0.143073
122247 0.143407
122489 0.139783
122845 0.140438
123277 0.139315
122831 0.14054
123048 0.142331
122480 0.143265
122423 0.121662
122294 0.142535
122418 0.183333
123063 0.139946
122562 0.138932
122993 0.141782
122780 0.149479
123275 0.139849
122713 0.142405
122871 0.142218
122496 0.139181
122541 0.14997
122253 0.136897
122576 0.134452
123272 0.140329
122698 0.140658
122658 0.138329
122454 0.140592
122551 0.12828
122619 0.140033
122272 0.189655
122648 0.14173
122728 0.142888
122695 0.140812
122366 0.145493
122369 0.148118
123093 0.134486
122276 0.137813
122682 0.144323
122825 0.14089
122350 0.133746
123056 0.143437
122590 0.121212
122741 0.144581
122427 0.124498
122640 0.14211
122751 0.138991
122432 0.15748
122279 0.139577
122288 0.141981
123027 0.139179
122508 0.142597
123070 0.141777
122556 0.141397
122613 0.141734
122812 0.139348
122450 0.139871
122568 0.132039
123078 0.143779
123213 0.141591
122652 0.141396
123225 0.138443
122468 0.141341
122503 0.139752
122321 0.142134
122615 0.138798
122268 0.138182
122593 0.117647
122422 0.11875
122293 0.144477
122753 0.139268
122819 0.14543
122843 0.14006
122827 0.141333
123013 0.333333
122631 0.138795
122683 0.141825
123206 0.142903
122676 0.139558
122824 0.139441
122509 0.140306
122634 0.145644
122501 0.139757
122867 0.141671
123260 0.135819
122283 0.141714
122630 0.145282
122498 0.142314
122614 0.137989
122429 0.0930233
122579 0.140901
122484 0.141651
122642 0.138887
122520 0.136503
122672 0.140107
122785 0.172043
122603 0.112727
122339 0.14584
123090 0.139826
122801 0.160448
122632 0.135243
122410 0.144163
122560 0.140261
122452 0.140175
122703 0.142077
122755 0.140752
122805 0.189076
123077 0.131408
122874 0.141974
123066 0.140689
122830 0.141447
122856 0.13748
122424 0.15942
122737 0.136207
122426 0.137184
122610 0.143029
123054 0.141686
122594 0.205674
123039 0.140637
122734 0.14149
122844 0.140751
123004 0.142104
123026 0.140436
122326 0.139604
122852 0.140529
122646 0.137605
122841 0.138612
122453 0.140874
123245 0.139066
122297 0.138331
123210 0.145239
122561 0.159174
122312 0.143683
122587 0.135338
122505 0.140183
122835 0.139923
123258 0.141819
122535 0.141745
122803 0.131313
122766 0.142335
123088 0.141484
122604 0.146341
123268 0.139384
122736 0.139344
122577 0.13773
122349 0.143537
122860 0.143294
122733 0.136412
122471 0.139786
122770 0.13934
122692 0.141482
122623 0.138116
123055 0.142923
122781 0.142619
122493 0.140776
123052 0.13921
122298 0.14595
122571 0.151087
122492 0.147196
122711 0.141275
122772 0.139566
122472 0.141378
122829 0.140039
122679 0.140018
123285 0.137982
123024 0.138218
122439 0.141111
122428 0.14377
122473 0.140243
122485 0.140587
122339 0.143866
122525 0.139635
122537 0.160859
122409 0.135746
122809 0.100592
122314 0.142808
123029 0.142746
122853 0.142911
122832 0.138975
123089 0.142847
122564 0.145159
123300 0.136149
122430 0.167763
122445 0.139165
122702 0.137955
123062 0.140386
123227 0.137329
123043 0.142241
122687 0.142353
122448 0.139529
122777 0.149227
122870 0.142643
123261 0.142715
122657 0.140752
122500 0.139179
123083 0.140554
122599 0.142857
122731 0.142167
122412 0.155738
122322 0.140224
122586 0.114695
123243 0.143207
122685 0.143608
122573 0.130529
122413 0.141957
123003 0.147507
122289 0.14153
122510 0.140023
122287 0.138565
122514 0.141612
123302 0.134835
123016 0.146789
122747 0.1403
123270 0.138871
122540 0.153507
122269 0.169355
123025 0.139521
123074 0.135016
122773 0.136675
122548 0.139442
122433 0.153374
122557 0.150163
123251 0.140473
122347 0.14679
122779 0.145469
123274 0.139461
123304 0.141005
123022 0.140514
122564 0.136465
122575 0.130225
122605 0.172222
122696 0.142857
122469 0.141727
122722 0.1445
122999 0.146328
122447 0.142125
122524 0.13596
122740 0.138236
122995 0.137533
122596 0.15847
122616 0.14178
122729 0.13949
122574 0.139696
123269 0.142173
122802 0.121469
123049 0.142627
122700 0.141852
122545 0.130649
122296 0.142718
123091 0.140907
122305 0.140531
122820 0.140984
122443 0.141909
122285 0.14217
122699 0.142276
122246 0.142134
123301 0.137695
122467 0.14304
123279 0.141648
122866 0.141461
122572 0.147895
122292 0.139553
122273 0.134021
122815 0.141585
122673 0.140054
123211 0.142289
122873 0.14196
122307 0.141344
122602 0.132653
122538 0.137503
122249 0.149752
122879 0.142005
123041 0.13993
123065 0.140599
