116233 0.157655
116929 0.156885
116334 0.16373
117020 0.155224
116292 0.156019
116468 0.160894
116721 0.157129
117000 0.158274
116816 0.16221
116168 0.157513
116706 0.153055
116667 0.160059
116730 0.159514
116216 0.157921
116270 0.158559
117053 0.159729
116885 0.160641
116421 0.160447
116385 0.157217
116237 0.163798
116281 0.153058
116977 0.159346
116624 0.155984
116280 0.159815
116189 0.162865
116902 0.158583
116399 0.160521
116670 0.154455
116259 0.157623
117096 0.156731
116178 0.164545
116949 0.161008
116671 0.153872
116982 0.158479
116979 0.158949
116443 0.158268
116518 0.15534
116804 0.154847
116181 0.15241
116749 0.162
116197 0.156851
116960 0.159892
116594 0.158769
117092 0.151841
116194 0.157658
116629 0.156844
116158 0.164231
117004 0.157996
116787 0.154405
117055 0.162437
116596 0.157542
116208 0.158187
116510 0.157648
116383 0.159244
116252 0.159657
117012 0.16195
116888 0.166705
116480 0.165365
116153 0.16064
116976 0.162018
117045 0.161561
116196 0.162237
116505 0.159549
116773 0.153147
116920 0.158283
116814 0.15855
116594 0.15319
116933 0.156958
116477 0.157422
117095 0.162463
116518 0.162283
116206 0.157813
116387 0.156289
116291 0.158534
116699 0.156441
117004 0.159945
116857 0.157234
117013 0.156148
116636 0.156606
116925 0.156324
116504 0.155014
116698 0.157122
116993 0.159644
116231 0.158082
116180 0.163734
116289 0.157298
116362 0.153587
116942 0.159938
116185 0.157884
116762 0.160449
116716 0.165053
116581 0.15811
116891 0.156697
116208 0.156889
116942 0.165655
117006 0.159856
116879 0.156797
116811 0.157725
116330 0.162907
116991 0.155586
116672 0.15484
116381 0.160086
116683 0.158296
116680 0.158158
116894 0.156336
117054 0.158339
116884 0.159605
116238 0.157863
116624 0.152794
116763 0.154883
116204 0.155751
116360 0.159329
116901 0.16378
116776 0.157573
116976 0.157635
116946 0.163945
116421 0.157935
116883 0.152118
116361 0.156034
116766 0.153453
116701 0.15926
116742 0.153259
116971 0.157468
116148 0.160947
116982 0.155412
116193 0.163337
117062 0.158322
117105 0.157722
116277 0.163683
116340 0.162844
117075 0.156225
116901 0.157391
116973 0.156356
116815 0.158359
116864 0.156986
116590 0.153434
116913 0.157006
116246 0.159957
117009 0.161278
116271 0.155263
116398 0.159506
116762 0.155748
116291 0.160203
116289 0.157224
116860 0.157221
116212 0.156434
116931 0.15931
116200 0.156907
117029 0.157123
116190 0.15923
116505 0.155471
116628 0.155195
117041 0.159957
117015 0.160928
116923 0.153862
116131 0.155409
116453 0.157019
116197 0.160867
116769 0.153282
116185 0.157851
116358 0.157904
116477 0.158341
116787 0.156595
116970 0.158121
116339 0.157006
116569 0.150393
116495 0.155693
116892 0.156368
116810 0.159732
116262 0.159712
116614 0.16296
117063 0.16041
116357 0.155697
116398 0.155484
116579 0.155736
116601 0.153708
116509 0.15633
116658 0.157146
116893 0.157945
116593 0.156916
116720 0.157177
116742 0.155055
117066 0.154882
117000 0.156919
116574 0.15401
116877 0.156284
117031 0.156072
116256 0.157824
116880 0.153302
116510 0.155071
116272 0.158227
116738 0.157725
116458 0.159171
116696 0.153797
116574 0.157465
116375 0.155842
116786 0.154265
116443 0.154801
116748 0.155254
116659 0.153179
117041 0.159917
116504 0.159382
116242 0.154537
116394 0.157484
116940 0.15946
116924 0.157269
117068 0.15782
117105 0.164602
116949 0.155617
116284 0.157278
116498 0.161065
116744 0.161597
116685 0.158439
116860 0.157642
116167 0.160512
116573 0.163881
116409 0.160767
116375 0.154216
116889 0.15441
116283 0.161491
116501 0.152699
116815 0.159985
116671 0.154598
116282 0.150888
116422 0.158741
116747 0.156979
116932 0.155921
116697 0.15806
116814 0.160533
116369 0.155254
116422 0.159045
116707 0.157731
116129 0.171892
116653 0.159407
116977 0.159459
116410 0.155795
116271 0.156672
116933 0.162923
116932 0.154987
116465 0.157363
116335 0.15117
116603 0.158413
116979 0.164509
116881 0.157212
116380 0.160668
116879 0.157959
116903 0.157052
116812 0.158612
116577 0.158226
117105 0.159012
116332 0.162781
117096 0.156525
116516 0.153808
116428 0.154242
116875 0.158089
116266 0.160311
116727 0.157916
116626 0.158428
116568 0.154961
116258 0.155501
116930 0.160071
117061 0.169848
116798 0.15843
116173 0.155192
117039 0.15919
116964 0.159172
116385 0.158303
116863 0.1638
116368 0.156323
116920 0.160953
116914 0.159485
117102 0.165459
116810 0.156617
117002 0.157262
116992 0.158049
116240 0.155825
116280 0.158606
117066 0.150624
116186 0.167446
116254 0.157415
116333 0.152012
116717 0.162385
116750 0.15494
116629 0.160182
116223 0.156463
116740 0.158692
116986 0.160637
116696 0.157445
116717 0.158303
116641 0.153128
116232 0.158976
116258 0.156121
116261 0.157051
116600 0.157133
116604 0.160279
116211 0.16054
117017 0.157109
116153 0.158173
116381 0.16044
116974 0.156672
116711 0.161317
116991 0.159947
116231 0.155266
116498 0.155671
116205 0.157056
116647 0.158225
117040 0.154835
116221 0.153768
116131 0.159696
116600 0.159844
117003 0.158998
116376 0.157751
116652 0.162857
116715 0.159029
116947 0.155984
116413 0.155002
116194 0.15854
116914 0.154788
116635 0.160128
116387 0.160007
117071 0.149686
116929 0.156383
116478 0.158686
116749 0.155487
116475 0.156694
116496 0.160063
116340 0.146285
117043 0.157823
116290 0.15953
117085 0.1582
116626 0.156467
116630 0.163619
116365 0.159486
117039 0.154834
116744 0.160012
116766 0.155906
116639 0.155897
117028 0.144233
116932 0.162608
116863 0.161012
116422 0.160061
116857 0.155192
116946 0.159934
116815 0.159227
116568 0.158753
116869 0.161015
116167 0.160427
116712 0.15857
116602 0.154886
116712 0.15989
116413 0.160076
116942 0.153434
116182 0.158455
116650 0.157405
116902 0.158113
116340 0.159835
116172 0.15764
116520 0.155338
116603 0.156729
116754 0.157739
116745 0.156167
116353 0.157684
116517 0.16314
117009 0.160881
116666 0.1595
116374 0.156112
117043 0.151699
116761 0.159902
116393 0.161936
116991 0.159098
116259 0.155377
117015 0.154599
116732 0.159939
116660 0.161126
116811 0.153461
116416 0.164634
116211 0.159218
116289 0.154339
116808 0.155441
117043 0.152829
116186 0.156604
116208 0.159163
116754 0.158532
116872 0.152185
117063 0.156042
116624 0.154388
116573 0.157179
116172 0.159008
116440 0.157922
117098 0.159073
116680 0.162535
116857 0.165052
116269 0.15642
116421 0.160967
116292 0.15735
117045 0.160541
116904 0.155379
117023 0.158253
116974 0.161702
116758 0.153614
116433 0.157909
116971 0.159078
116809 0.155005
116903 0.155571
116753 0.155353
116863 0.156534
116225 0.157282
116277 0.161244
116949 0.157059
116371 0.156453
116221 0.156806
116573 0.154742
116441 0.155367
116262 0.153256
116786 0.156329
116816 0.158289
116502 0.155204
116771 0.158614
116164 0.15758
116148 0.158993
116451 0.157731
116660 0.158179
116453 0.160641
117101 0.151435
117052 0.160268
116945 0.164388
116234 0.158146
117035 0.159211
116234 0.156257
116698 0.159253
117094 0.159796
116673 0.158417
116800 0.161413
117093 0.154242
116424 0.159042
116860 0.157271
116521 0.154161
116694 0.163421
116728 0.162198
116579 0.159596
116158 0.155691
116596 0.160957
117068 0.156168
116808 0.153142
116257 0.156854
116359 0.157296
116970 0.154832
117018 0.156101
116677 0.15804
116870 0.162524
116395 0.155669
116872 0.153659
116574 0.165579
116496 0.158169
116218 0.154926
116927 0.159195
116206 0.160135
116615 0.159369
116292 0.163608
116904 0.160457
116500 0.167882
116865 0.159195
116791 0.15395
116705 0.157334
116520 0.163884
117047 0.157652
116869 0.156216
116186 0.158156
116712 0.160218
116333 0.157804
116246 0.163692
116768 0.159323
116189 0.160258
116257 0.155764
116987 0.156288
116703 0.156659
116256 0.157403
117062 0.155117
116179 0.159628
116148 0.160897
117046 0.156149
116659 0.161055
116814 0.158696
116761 0.156239
117069 0.156323
116154 0.160437
116593 0.166806
117019 0.158578
116785 0.154777
116709 0.160079
116588 0.161023
116339 0.158385
116429 0.157369
116960 0.162441
116919 0.161283
116151 0.160095
116184 0.159563
116181 0.154838
116464 0.154569
116907 0.15966
116656 0.1611
116591 0.156021
116907 0.15682
116881 0.160506
116745 0.156011
116365 0.155464
116927 0.159053
116383 0.155606
116771 0.16188
116168 0.15652
116913 0.157898
116940 0.158677
116670 0.157879
116888 0.159105
116222 0.157184
116595 0.15839
116990 0.162289
116185 0.158875
116166 0.16284
117001 0.159816
116503 0.15461
116258 0.156706
116412 0.158955
116965 0.157216
117049 0.153551
116200 0.159331
116282 0.159523
116677 0.159819
116502 0.158016
116360 0.15663
117103 0.159656
116182 0.155989
116129 0.163598
116516 0.160979
116211 0.157965
116330 0.164384
117052 0.161279
116366 0.158276
116992 0.156488
116224 0.156949
116699 0.156311
117018 0.155979
116190 0.157493
116709 0.15657
116395 0.157875
116995 0.15363
117093 0.149849
116484 0.157421
116424 0.154916
116580 0.157095
116986 0.159532
117011 0.158804
116593 0.161992
116429 0.155296
116876 0.158555
116353 0.163458
117090 0.156236
116877 0.156299
116969 0.159471
116705 0.161424
116463 0.15401
116141 0.158081
116924 0.156441
116499 0.161992
116874 0.157299
117020 0.157385
116338 0.157789
116477 0.162221
116396 0.157555
116983 0.158602
116637 0.158173
116159 0.156619
116870 0.155693
116430 0.158401
116451 0.157497
116889 0.165539
116484 0.158117
116740 0.15017
116519 0.160528
116694 0.150943
116800 0.15649
117083 0.160971
116195 0.153415
116450 0.157933
117095 0.156497
116568 0.160552
116443 0.153236
117012 0.159469
116630 0.160367
116414 0.157558
116514 0.158046
116207 0.159036
116993 0.155375
117000 0.162899
116999 0.160165
116950 0.161397
117098 0.154117
116453 0.16098
116219 0.157895
116589 0.157865
117017 0.160619
116362 0.158217
117055 0.163973
116480 0.152402
116250 0.151555
116501 0.152898
116204 0.159206
116971 0.158291
116371 0.159606
116239 0.149151
116166 0.158005
116890 0.158354
116720 0.158755
116811 0.157487
116195 0.155105
116504 0.158351
116247 0.157277
116482 0.159465
116255 0.157412
116721 0.157333
116939 0.161099
116893 0.156725
117015 0.159884
116597 0.16092
116424 0.160984
116616 0.154112
116716 0.158068
117092 0.160058
116742 0.159059
116462 0.15564
116355 0.158395
116154 0.155414
116475 0.158527
116992 0.156248
116170 0.157258
116330 0.143156
116229 0.154875
116412 0.162307
116768 0.158399
116441 0.15583
116409 0.153829
116601 0.156258
116714 0.15564
116978 0.155985
116664 0.156657
116802 0.160637
116934 0.157889
116591 0.153468
116159 0.163011
116748 0.159245
116413 0.155297
116715 0.153547
116744 0.157561
117070 0.154819
116715 0.160058
116365 0.157418
117029 0.158432
116150 0.158451
116361 0.158113
116246 0.157238
116247 0.157557
116272 0.153767
116858 0.156213
116465 0.155068
117068 0.161417
116994 0.159816
116281 0.152805
117096 0.151646
116634 0.15201
116617 0.157018
116153 0.160422
116585 0.157074
116946 0.157794
116440 0.153158
117074 0.157485
116335 0.14916
117085 0.157468
116282 0.161199
116204 0.157884
116369 0.161142
116691 0.15114
117030 0.153216
116669 0.160338
116267 0.156253
116903 0.158625
116229 0.157161
116689 0.159288
116927 0.15753
116410 0.154064
116931 0.154266
117004 0.15914
116460 0.15358
116767 0.159418
116368 0.15752
116873 0.157594
116939 0.159452
116900 0.156806
117101 0.157865
116589 0.154747
116164 0.153475
116184 0.159306
116733 0.158191
116432 0.156313
116902 0.152445
116651 0.15889
116357 0.161619
116367 0.157968
116164 0.159816
116670 0.153755
116509 0.159722
116483 0.154348
116205 0.157622
116685 0.158599
116141 0.160088
116496 0.158208
116892 0.159352
117098 0.153517
116462 0.153454
117003 0.155341
116711 0.157694
116816 0.158459
116763 0.152637
116582 0.164353
116595 0.154511
116732 0.157772
116142 0.16047
116641 0.159821
116809 0.157812
116251 0.151485
117090 0.156011
116639 0.151312
116500 0.159664
116721 0.157414
116750 0.1576
116743 0.151968
116764 0.152634
116385 0.155764
116798 0.15585
116430 0.160844
116703 0.158292
117001 0.158563
117010 0.162269
116914 0.161327
116267 0.156894
116964 0.15761
117070 0.157886
116227 0.156736
117039 0.15805
116201 0.158596
116883 0.158594
117018 0.158953
116935 0.156893
116500 0.153282
117053 0.16229
116366 0.158492
116947 0.160826
116596 0.15762
116948 0.158873
116664 0.157537
116509 0.159467
116251 0.1689
116151 0.158522
116920 0.153223
117095 0.163097
116374 0.151929
116651 0.159093
116869 0.156209
117013 0.166502
116689 0.157085
116183 0.158127
116697 0.156634
116398 0.158354
116210 0.161296
116338 0.160571
116238 0.159952
116614 0.163374
116804 0.154674
116569 0.149933
116425 0.158756
116269 0.15918
116683 0.161518
116190 0.15909
116694 0.158318
116278 0.157268
116931 0.15942
116238 0.158384
116772 0.155626
116728 0.148362
116374 0.154981
116503 0.158432
116252 0.155499
116738 0.148707
116763 0.157291
117008 0.157048
117074 0.157245
116804 0.157273
116878 0.154107
117005 0.160891
116744 0.161219
116334 0.152378
116236 0.153874
116414 0.155564
116904 0.158292
116217 0.158319
116747 0.157948
116278 0.155352
117049 0.158891
116965 0.156448
116194 0.159408
116133 0.155824
116225 0.159604
116637 0.155339
117092 0.174754
117069 0.156164
116263 0.161705
116214 0.155682
116335 0.15695
116612 0.160323
116478 0.157428
117047 0.16131
116128 0.153363
117062 0.157331
116199 0.157185
116634 0.15814
116614 0.157199
116380 0.156338
116677 0.157485
116858 0.157428
116602 0.155027
117053 0.15793
116230 0.158619
117051 0.161109
116865 0.15437
116166 0.157443
116257 0.158771
116933 0.15678
116425 0.153495
116758 0.155257
117061 0.162887
116387 0.157914
117061 0.158513
116277 0.15858
116761 0.159866
116570 0.156577
116767 0.157781
116730 0.153523
116652 0.161217
116338 0.154381
116207 0.160893
116603 0.159252
116595 0.15587
117083 0.159744
116173 0.146243
116872 0.157254
116663 0.152106
116667 0.156168
116735 0.155302
116666 0.157624
116428 0.16485
116219 0.155717
116730 0.155634
116716 0.160681
116254 0.155639
117055 0.155656
116791 0.156107
116766 0.160549
116597 0.154503
117035 0.156236
116701 0.153851
116432 0.157833
116201 0.16096
116758 0.160799
116510 0.159902
116767 0.155953
117094 0.157292
116263 0.155509
116451 0.159037
116900 0.155724
116809 0.158594
116984 0.159121
116436 0.155284
116432 0.158671
116439 0.156536
116609 0.159077
116514 0.155939
116516 0.152085
116212 0.159699
116359 0.161052
116410 0.155076
116420 0.157587
116749 0.158521
116242 0.15093
116616 0.156628
116218 0.160404
116879 0.156082
116590 0.157973
116416 0.155965
116436 0.158692
116579 0.160184
116753 0.160852
116439 0.15504
116609 0.157535
116420 0.158008
116368 0.153661
116207 0.155347
116976 0.155801
116521 0.161804
116409 0.162555
116224 0.158618
116747 0.158073
116216 0.156379
116706 0.16226
116515 0.158477
116184 0.155997
116945 0.158142
116440 0.153662
116280 0.158362
116996 0.161728
116233 0.160886
117047 0.158676
116894 0.156892
116630 0.158757
116999 0.160784
116167 0.159341
117074 0.154276
117006 0.160173
116374 0.156518
116987 0.159024
116580 0.154379
116969 0.157176
116416 0.161165
116365 0.159296
116215 0.155727
116129 0.162066
116519 0.153008
116376 0.158111
116923 0.14821
116460 0.158361
116771 0.157481
116231 0.160073
116521 0.156533
116380 0.159548
116986 0.157767
116990 0.157268
116181 0.158061
116436 0.157381
116802 0.161019
116651 0.157458
116423 0.158472
116696 0.157031
116199 0.15962
116874 0.155645
116770 0.156867
116996 0.161821
116671 0.158045
116420 0.162876
116706 0.159471
116755 0.158301
116154 0.16138
116458 0.159565
116515 0.157221
116503 0.162462
116720 0.156478
116656 0.160607
117040 0.158586
116666 0.156038
116234 0.159363
116362 0.155026
117101 0.155452
116355 0.154025
116333 0.15414
117075 0.15675
116271 0.15802
116615 0.162538
116268 0.159632
116182 0.156449
116646 0.152186
116178 0.161469
116356 0.15554
116948 0.1566
116735 0.156577
116890 0.157908
116229 0.155616
116284 0.161636
116980 0.157762
116128 0.153983
117041 0.156108
116812 0.156965
116239 0.159461
116483 0.156788
116240 0.159145
116183 0.158454
116739 0.158721
116974 0.154157
116227 0.158452
117052 0.165959
117020 0.155742
116178 0.15372
116230 0.156523
116762 0.158296
116160 0.15818
116663 0.156751
116199 0.16037
116880 0.157095
116393 0.151391
116727 0.15898
116186 0.159777
116160 0.152804
116874 0.156495
116982 0.160523
116131 0.160373
116230 0.157661
116214 0.158565
116219 0.157063
116658 0.158936
116636 0.160539
116978 0.154928
116889 0.165874
117019 0.159274
116672 0.15672
116740 0.160355
116570 0.161181
116875 0.159341
116786 0.156812
116580 0.157597
116979 0.158374
117087 0.158877
116939 0.156895
117029 0.158295
116222 0.155231
116278 0.156835
116196 0.161643
116243 0.156261
116637 0.159765
116705 0.162715
116159 0.160569
116234 0.154541
116873 0.154223
116485 0.155459
116652 0.15464
117069 0.156065
116743 0.162519
116270 0.159006
116179 0.156549
116270 0.15441
116703 0.157962
117066 0.164576
116429 0.162617
116980 0.155462
116755 0.157571
116254 0.156775
116394 0.160542
116283 0.157895
116514 0.15384
116150 0.158003
116520 0.158678
116945 0.158703
116284 0.155323
117022 0.156836
116412 0.157569
117045 0.160519
116738 0.152711
116170 0.158998
117001 0.159083
116500 0.160412
116739 0.154619
116458 0.159026
117003 0.158777
116498 0.15552
116399 0.159816
116628 0.156635
116499 0.16286
116709 0.158688
116505 0.155425
116755 0.156094
116197 0.159105
116485 0.152779
116858 0.159092
116247 0.156314
116332 0.163135
116519 0.158077
116885 0.156267
116969 0.15945
117046 0.158349
116361 0.156742
116433 0.157062
116602 0.156912
116663 0.156572
116888 0.156451
116223 0.160827
116360 0.161966
117054 0.158795
116965 0.159821
117051 0.156265
116659 0.152418
116707 0.15708
117012 0.158528
116149 0.157469
116212 0.157498
116977 0.159729
116626 0.158954
116615 0.157608
116480 0.160076
116656 0.159332
117099 0.155058
116683 0.161893
116635 0.156708
116193 0.157127
116878 0.156649
116478 0.158552
116639 0.152888
116901 0.158981
117005 0.1523
116423 0.157669
116243 0.156706
116770 0.159864
116463 0.158246
116754 0.158279
117103 0.155069
117002 0.161002
116691 0.158718
116200 0.157187
116214 0.156684
116707 0.161756
116735 0.159083
116364 0.15895
117005 0.157131
116875 0.160826
117010 0.158933
116237 0.165509
117050 0.156438
116232 0.157834
116664 0.158095
116660 0.15356
116460 0.157698
116585 0.157376
116179 0.161193
116680 0.153731
116750 0.154938
116464 0.158753
116156 0.16281
116236 0.156666
117050 0.164523
116876 0.158773
117051 0.160305
116973 0.156259
116685 0.155349
116482 0.162343
116727 0.153862
116582 0.163095
116693 0.158331
116617 0.157359
116971 0.159427
116171 0.173817
116776 0.160274
116646 0.155099
116647 0.157143
116577 0.161284
116609 0.159344
116502 0.155348
116964 0.155315
117019 0.159623
116629 0.155364
117009 0.156018
116332 0.161172
117090 0.156678
116237 0.157963
116929 0.157035
117070 0.155993
116925 0.158157
116180 0.160332
116617 0.156402
116714 0.159805
117040 0.158163
116235 0.158376
116215 0.160284
116785 0.155613
116672 0.157637
116393 0.157059
116433 0.161988
116383 0.159569
116900 0.155356
116358 0.159623
116802 0.156601
116924 0.158592
116689 0.155233
116640 0.157359
116878 0.160256
116414 0.156108
116133 0.161064
116423 0.15758
116950 0.158856
116577 0.162274
116673 0.160075
116748 0.158895
116252 0.160947
116485 0.159306
116366 0.156686
116376 0.156699
116590 0.156653
116515 0.153917
116873 0.159605
116773 0.161184
116604 0.160411
116517 0.155445
116865 0.157754
116223 0.15954
116994 0.15796
117011 0.159061
116635 0.152978
116764 0.156908
116190 0.155545
117030 0.157159
116935 0.156822
116884 0.156922
116883 0.15486
116233 0.15363
116913 0.157559
116364 0.162722
116995 0.158282
116581 0.15853
116156 0.15649
116133 0.157738
116463 0.156386
116222 0.155829
116266 0.159813
116646 0.155972
116987 0.157753
116170 0.161021
116149 0.161145
117006 0.15755
116251 0.156031
116669 0.151851
117099 0.159253
116876 0.159431
116206 0.158389
116621 0.153555
116810 0.160581
116994 0.161688
116235 0.158523
116940 0.157767
116711 0.157415
116891 0.154727
116785 0.159712
116339 0.157502
116158 0.153856
116221 0.162697
116880 0.155136
116881 0.157505
116396 0.156582
116634 0.157472
117031 0.157263
116225 0.15954
116262 0.158802
116698 0.161415
116980 0.156587
116441 0.160499
117028 0.158842
116787 0.156258
116581 0.156772
116193 0.157199
116201 0.163183
116183 0.155937
116570 0.162113
116773 0.159598
117071 0.153488
116808 0.156078
116243 0.158159
116996 0.158213
116250 0.159757
116217 0.16506
117102 0.153276
117063 0.159988
116800 0.157001
116993 0.156999
116930 0.155413
116356 0.15715
116242 0.160235
116588 0.15979
116636 0.156335
116367 0.154467
116864 0.150223
117050 0.161847
117102 0.149258
116769 0.162029
116240 0.155211
116650 0.160651
116919 0.15889
116691 0.154103
117008 0.159305
116877 0.158958
116733 0.157587
116699 0.155719
116465 0.156647
116667 0.159844
116884 0.160765
116263 0.154154
116291 0.156601
116870 0.157097
116591 0.156996
116733 0.158687
116421 0.157769
116693 0.15696
117087 0.157864
117028 0.159622
116934 0.158596
116475 0.161029
116334 0.156991
116517 0.146608
116290 0.155134
116210 0.157342
116701 0.156493
116428 0.169565
116621 0.166545
116935 0.15892
116158 0.160115
117010 0.160447
116628 0.157854
116864 0.154152
116995 0.160112
116259 0.155261
116227 0.157701
116978 0.158986
116925 0.160894
116919 0.156954
116268 0.15683
116255 0.157555
116358 0.159669
116693 0.156754
116250 0.166739
116776 0.154881
117054 0.158321
116885 0.157242
116171 0.15365
117031 0.154843
116647 0.155905
116268 0.15732
116950 0.152464
116399 0.157653
116151 0.161333
116261 0.154241
116464 0.156109
116450 0.156974
116600 0.156479
116621 0.155154
116983 0.155962
116569 0.153601
116462 0.146591
116375 0.156365
117046 0.157705
116612 0.156816
117023 0.160896
117099 0.15368
116172 0.157061
116430 0.154779
116732 0.155959
116612 0.156065
116518 0.15925
116395 0.158326
116255 0.156012
116640 0.155107
116582 0.161732
116149 0.15804
116601 0.158292
116641 0.156983
117011 0.159901
116960 0.156833
116893 0.161259
116798 0.160178
116673 0.157819
116236 0.160816
117017 0.160606
116355 0.160089
116396 0.162788
116439 0.153054
116142 0.157025
116697 0.158508
116128 0.155904
116990 0.155631
116764 0.160422
116892 0.154693
116923 0.164846
116501 0.158835
116160 0.158365
116745 0.159545
116281 0.157899
116717 0.159363
116218 0.159654
116217 0.157345
116934 0.160889
116714 0.158733
116791 0.156324
116195 0.152307
117023 0.151254
117103 0.158606
116369 0.159926
116999 0.1593
117022 0.158583
117002 0.158078
117035 0.155544
116482 0.157308
116947 0.16126
116589 0.156578
116267 0.157285
116891 0.15582
117075 0.155942
116450 0.146815
116205 0.160127
116948 0.155941
116224 0.155863
116495 0.15767
116894 0.159453
116142 0.155254
116180 0.153836
116984 0.153366
116283 0.159819
116232 0.158719
116495 0.155444
116261 0.155315
116150 0.156996
117049 0.15738
116215 0.156042
117093 0.15879
116984 0.165584
116669 0.163165
116468 0.15354
116640 0.157214
116272 0.158641
116356 0.158797
116770 0.164774
116616 0.154761
116357 0.167158
117083 0.152863
116753 0.158087
116983 0.157278
116604 0.158642
116597 0.153576
116429 0.156652
117071 0.161875
116484 0.158024
116239 0.1564
117094 0.153004
116812 0.158054
116196 0.159203
116353 0.156815
116930 0.159499
116468 0.156957
116290 0.159462
116739 0.15379
116658 0.158976
116359 0.156427
116728 0.156181
116173 0.15474
116381 0.158376
116266 0.15538
117022 0.159006
116585 0.16019
116256 0.159332
117085 0.159465
116890 0.148591
116483 0.157035
117030 0.159345
117013 0.160133
116367 0.160747
116141 0.157445
116168 0.156368
116594 0.157328
116907 0.158218
116973 0.163889
116210 0.160436
116235 0.158997
