123369 0.208033
123370 0.214211
123378 0.220314
123380 0.220826
123382 0.229335
123396 0.226528
123397 0.227965
123400 0.228721
123401 0.230476
123402 0.226778
123403 0.229879
123404 0.230579
123405 0.231059
123409 0.230763
123411 0.230753
123413 0.231735
123414 0.228056
123415 0.228979
123417 0.230727
123418 0.230722
123419 0.230396
123420 0.195869
123421 0.226137
123423 0.194912
123425 0.22325
123426 0.22962
123427 0.191739
123428 0.227701
123429 0.228634
123430 0.210653
123432 0.226155
123433 0.226293
123434 0.223356
123435 0.218766
123436 0.22584
123437 0.226769
123439 0.224438
123440 0.228347
123441 0.225661
123442 0.222783
123445 0.225709
123446 0.217487
123447 0.21193
123450 0.225203
123452 0.227197
123453 0.222879
123455 0.227172
123456 0.197464
123457 0.229488
123459 0.223242
123461 0.222986
123462 0.225327
123463 0.192192
123464 0.221978
123465 0.224834
123466 0.221436
123468 0.221721
123470 0.225686
123471 0.224644
123472 0.223105
123474 0.204636
123476 0.226198
123477 0.226681
123478 0.193754
123479 0.224721
123480 0.222215
123481 0.224572
123484 0.22634
123488 0.225588
123491 0.227081
123492 0.22655
123493 0.225812
123495 0.223294
123496 0.226944
123497 0.226081
123498 0.223317
123499 0.228236
123500 0.225224
123504 0.220031
123565 0.224226
123566 0.216783
123567 0.218625
123568 0.219259
123569 0.223885
123570 0.220353
123591 0.0412073
123592 0.0414026
123596 0.228045
123597 0.225517
123598 0.222015
123599 0.212588
123600 0.207867
123601 0.223527
123602 0.219652
123603 0.219664
123604 0.22333
123606 0.228416
123607 0.215163
123608 0.223895
123610 0.221511
123611 0.221458
123612 0.222177
123615 0.225211
123616 0.222878
123617 0.225114
123618 0.216479
123619 0.220965
123620 0.179124
123621 0.225409
123623 0.222667
123624 0.227915
123631 0.226747
123632 0.230155
123633 0.185921
123635 0.230127
123636 0.230867
123637 0.229995
123638 0.228485
123639 0.233734
123640 0.236509
123641 0.229098
123643 0.228731
123644 0.229724
123645 0.230192
123646 0.227498
123647 0.226035
123648 0.226976
123650 0.22767
123651 0.183388
123652 0.222881
123653 0.22503
123654 0.220973
123656 0.171563
123658 0.222153
123659 0.220589
123665 0.221351
123670 0.221891
123672 0.221352
123673 0.220315
123674 0.223158
123675 0.19386
123678 0.219312
123679 0.1945
123683 0.219792
123685 0.179722
123686 0.224872
123689 0.229868
123691 0.228798
123692 0.185817
123693 0.19474
123694 0.234465
123695 0.227349
123697 0.226977
123698 0.228018
123699 0.223574
123700 0.227081
123703 0.223847
123704 0.225833
123705 0.229747
123706 0.229566
123707 0.229938
123709 0.227246
123710 0.227261
123714 0.226186
123715 0.228259
123716 0.22771
123717 0.229181
123718 0.22991
123767 0.219558
123768 0.21506
123771 0.222099
123772 0.227193
123773 0.223584
123774 0.221691
123775 0.214228
123781 0.225982
123782 0.227699
123783 0.216096
123784 0.220529
123786 0.226536
123787 0.22957
123789 0.231553
123790 0.18874
123792 0.224822
123793 0.224619
123794 0.22183
123796 0.232745
123800 0.220268
123803 0.220526
123809 0.228907
123810 0.221259
123811 0.23447
123812 0.227415
123813 0.22126
123814 0.213634
123815 0.218237
123816 0.231869
123817 0.197354
123818 0.224131
123820 0.191617
123821 0.226557
123822 0.225219
123823 0.219871
123826 0.197561
123828 0.228132
