116128 0.196519
116129 0.216169
116131 0.242476
116133 0.237588
116141 0.236458
116142 0.236437
116148 0.236183
116149 0.241851
116150 0.239248
116151 0.192656
116153 0.240419
116154 0.235258
116156 0.23165
116158 0.241204
116159 0.239022
116160 0.2369
116164 0.245058
116166 0.230628
116167 0.181859
116168 0.226639
116170 0.220478
116171 0.245399
116172 0.234135
116173 0.242597
116178 0.242458
116179 0.236935
116180 0.239867
116181 0.231932
116182 0.238674
116183 0.238516
116184 0.245654
116185 0.238313
116186 0.237576
116189 0.240541
116190 0.239333
116193 0.233419
116194 0.221224
116195 0.204134
116196 0.239324
116197 0.237201
116199 0.224901
116200 0.188239
116201 0.238824
116204 0.229966
116205 0.242718
116206 0.176176
116207 0.192487
116208 0.233704
116210 0.237091
116211 0.235483
116212 0.240003
116214 0.238054
116215 0.232682
116216 0.231548
116217 0.239126
116218 0.239394
116219 0.242364
116221 0.216625
116222 0.193589
116223 0.23622
116224 0.236065
116225 0.235721
116227 0.238957
116229 0.236606
116230 0.244728
116231 0.207854
116232 0.191618
116233 0.237132
116234 0.170319
116235 0.240195
116236 0.235737
116237 0.238374
116238 0.251644
116239 0.244353
116240 0.235986
116242 0.237231
116243 0.238337
116246 0.224463
116247 0.233896
116250 0.214684
116251 0.232575
116252 0.183366
116254 0.232504
116255 0.229056
116256 0.217538
116257 0.240796
116258 0.233487
116259 0.229529
116261 0.235321
116262 0.178027
116263 0.164907
116266 0.230729
116267 0.231721
116268 0.231731
116269 0.23877
116270 0.242737
116271 0.217844
116272 0.235406
116277 0.234678
116278 0.229361
116280 0.236509
116281 0.22855
116282 0.240359
116283 0.232652
116284 0.239631
116289 0.235377
116290 0.242292
116291 0.24684
116292 0.253741
116330 0.232601
116332 0.247531
116333 0.238078
116334 0.236032
116335 0.220249
116338 0.194028
116339 0.239338
116340 0.254786
116353 0.239565
116355 0.242894
116356 0.241167
116357 0.225886
116358 0.240292
116359 0.238601
116360 0.233479
116361 0.233058
116362 0.235607
116364 0.241176
116365 0.233339
116366 0.235266
116367 0.200808
116368 0.245156
116369 0.238329
116371 0.236488
116374 0.183913
116375 0.240431
116376 0.242588
116380 0.235066
116381 0.237419
116383 0.243704
116385 0.244373
116387 0.238513
116393 0.229505
116394 0.233948
116395 0.233606
116396 0.19083
116398 0.245054
116399 0.248936
116409 0.228123
116410 0.234692
116412 0.242411
116413 0.234994
116414 0.19555
116416 0.247998
116420 0.244981
116421 0.237769
116422 0.235876
116423 0.239689
116424 0.240933
116425 0.241349
116428 0.23756
116429 0.237116
116430 0.238242
116432 0.2382
116433 0.248346
116436 0.234459
116439 0.244624
116440 0.237811
116441 0.239848
116443 0.236228
116450 0.232897
116451 0.235894
116453 0.225434
116458 0.234751
116460 0.239755
116462 0.204228
116463 0.234942
116464 0.232335
116465 0.237295
116468 0.228554
116475 0.236396
116477 0.237553
116478 0.232207
116480 0.231469
116482 0.233466
116483 0.229211
116484 0.226778
116485 0.223818
116495 0.241705
116496 0.233815
116498 0.23819
116499 0.229821
116500 0.235697
116501 0.22968
116502 0.189459
116503 0.230626
116504 0.230956
116505 0.223179
116509 0.232558
116510 0.23117
116514 0.224987
116515 0.225421
116516 0.218324
116517 0.241202
116518 0.227441
116519 0.227848
116520 0.242283
116521 0.240617
116568 0.238929
116569 0.235382
116570 0.227432
116573 0.232665
116574 0.229489
116577 0.216519
116579 0.175909
116580 0.234682
116581 0.232114
116582 0.233568
116585 0.232894
116588 0.231356
116589 0.2353
116590 0.236137
116591 0.23698
116593 0.224092
116594 0.235343
116595 0.235459
116596 0.240881
116597 0.246311
116600 0.243455
116601 0.242529
116602 0.235044
116603 0.246943
116604 0.240953
116609 0.248132
116612 0.241558
116614 0.24512
116615 0.24162
116616 0.214653
116617 0.243552
116621 0.237967
116624 0.241265
116626 0.235332
116628 0.241556
116629 0.238489
116630 0.235908
116634 0.245368
116635 0.248059
116636 0.243201
116637 0.247428
116639 0.186339
116640 0.237195
116641 0.229744
116646 0.246504
116647 0.24557
116650 0.239255
116651 0.240748
116652 0.232765
116656 0.24473
116658 0.239964
116659 0.236359
116660 0.247986
116663 0.240916
116664 0.245105
116666 0.239402
116667 0.179259
116669 0.23969
116670 0.239454
116671 0.238609
116672 0.221879
116673 0.233923
116677 0.247599
116680 0.185787
116683 0.241427
116685 0.23999
116689 0.252556
116691 0.23265
116693 0.238079
116694 0.23918
116696 0.00941704
116697 0.0113958
116698 0.0754966
116699 0.0799875
116701 0.0691535
116703 0.0750041
116705 0.0754634
116706 0.0743571
116707 0.0729142
116709 0.0720128
116711 0.0497636
116712 0.078497
116714 0.0784931
116715 0.0646275
116716 0.0712375
116717 0.0755462
116720 0.231547
116721 0.234727
116727 0.215591
116728 0.239862
116730 0.244559
116732 0.236844
116733 0.21784
116735 0.232868
116738 0.239014
116739 0.247305
116740 0.23356
116742 0.237924
116743 0.238601
116744 0.246677
116745 0.238272
116747 0.226342
116748 0.238767
116749 0.237233
116750 0.235769
116753 0.236364
116754 0.232006
116755 0.234279
116758 0.242944
116761 0.236373
116762 0.239706
116763 0.243212
116764 0.23388
116766 0.242443
116767 0.234779
116768 0.235198
116769 0.248355
116770 0.229812
116771 0.233792
116773 0.240492
116776 0.24317
116785 0.229214
116786 0.234995
116787 0.236222
116791 0.248336
116798 0.230882
116800 0.236093
116802 0.229978
116804 0.232596
116808 0.237569
116809 0.234799
116810 0.234627
116811 0.241234
116812 0.236576
116814 0.237266
116815 0.238389
116816 0.244337
116857 0.225982
116858 0.225699
116860 0.233631
116863 0.22767
116864 0.232821
116865 0.226944
116869 0.230823
116870 0.228783
116872 0.17743
116873 0.185133
116874 0.240072
116875 0.22968
116876 0.230741
116877 0.232439
116878 0.240413
116879 0.225765
116880 0.226341
116881 0.231244
116883 0.2223
116884 0.224568
116885 0.230248
116888 0.237344
116889 0.215553
116890 0.225044
116891 0.222744
116892 0.23211
116893 0.234389
116894 0.237353
116900 0.230473
116901 0.239341
116902 0.236102
116903 0.233655
116904 0.232668
116907 0.235007
116913 0.237445
116914 0.228681
116919 0.221442
116920 0.236649
116923 0.255038
116924 0.223147
116925 0.23004
116927 0.22405
116929 0.2381
116930 0.188061
116931 0.229238
116932 0.230032
116933 0.141062
116934 0.234047
116935 0.229533
116939 0.23097
116940 0.22679
116942 0.230663
116945 0.214917
116946 0.233651
116947 0.238645
116948 0.243871
116949 0.230211
116950 0.245863
116960 0.238744
116964 0.23323
116965 0.23915
116969 0.237652
116970 0.238306
116971 0.232161
116973 0.231153
116974 0.237371
116976 0.192204
116977 0.231867
116978 0.245061
116979 0.227453
116980 0.241104
116982 0.237895
116983 0.230902
116984 0.221963
116986 0.242691
116987 0.237949
116990 0.232016
116991 0.231188
116992 0.240125
116993 0.233851
116994 0.23834
116995 0.180332
116996 0.236675
116999 0.240513
117000 0.237725
117001 0.243288
117002 0.235862
117003 0.240774
117004 0.238091
117005 0.237903
117006 0.201985
117008 0.256229
117009 0.223457
117010 0.241895
117011 0.246956
117012 0.235823
117013 0.241725
117015 0.229032
117017 0.219516
117018 0.230497
117019 0.23612
117020 0.235144
117022 0.237772
117023 0.241591
117028 0.234528
117029 0.232735
117030 0.236939
117031 0.229357
117035 0.235279
117039 0.236193
117040 0.232276
117041 0.23065
117043 0.230863
117045 0.210888
117046 0.235875
117047 0.237695
117049 0.233613
117050 0.231913
117051 0.24883
117052 0.243743
117053 0.241287
117054 0.243656
117055 0.237708
117061 0.229754
117062 0.235328
117063 0.245916
117066 0.237277
117068 0.231672
117069 0.236307
117070 0.236907
117071 0.253116
117074 0.202807
117075 0.230368
117083 0.231276
117085 0.230693
117087 0.240283
117090 0.253813
117092 0.222022
117093 0.241706
117094 0.240287
117095 0.247737
117096 0.237649
117098 0.235345
117099 0.237078
117101 0.239657
117102 0.208413
117103 0.23376
117105 0.222616
