115099 0.224563
115107 0.197625
115109 0.21056
115112 0.218076
115113 0.221096
115115 0.21624
115116 0.207576
115117 0.216504
115118 0.201026
115120 0.215826
115121 0.200523
115122 0.20253
115123 0.217147
115129 0.211705
115130 0.211246
115131 0.225872
115135 0.214441
115137 0.214641
115139 0.209207
115140 0.21724
115141 0.208843
115142 0.213387
115150 0.214718
115156 0.202535
115158 0.214504
115160 0.214192
115161 0.219008
115162 0.209987
115164 0.220473
115166 0.219453
115170 0.211365
115172 0.212616
115175 0.212311
115177 0.218828
115178 0.208302
115179 0.207284
115180 0.213788
115182 0.227949
115183 0.200921
115184 0.214221
115186 0.209677
115188 0.224138
115190 0.222064
115191 0.223877
115194 0.211931
115195 0.221734
115196 0.217794
115197 0.227822
115198 0.21982
115199 0.208428
115200 0.21256
115203 0.20858
115205 0.211173
115206 0.225894
115209 0.196645
115210 0.215847
115212 0.215071
115213 0.213129
115214 0.221043
115215 0.221837
115216 0.227038
115217 0.201439
115220 0.221107
115223 0.21994
115225 0.21855
115226 0.220061
115228 0.220251
115229 0.222646
115230 0.225917
115232 0.216508
115233 0.215756
115234 0.213995
115235 0.219919
115236 0.208201
115238 0.214835
115240 0.217586
115241 0.217249
115242 0.21493
115244 0.213883
115246 0.215441
115247 0.217777
115248 0.21347
115249 0.218979
115250 0.214943
115251 0.21427
115253 0.214511
115254 0.212547
115256 0.219311
115257 0.180952
115259 0.192806
115260 0.212236
115261 0.214378
115262 0.21412
115263 0.211166
115264 0.215902
115272 0.210744
115273 0.212463
115275 0.219759
115278 0.222577
115279 0.208524
115280 0.215514
115281 0.209378
115282 0.207236
115284 0.184621
115286 0.203245
115287 0.207492
115288 0.218807
115289 0.208249
115292 0.213925
115293 0.215369
115295 0.210117
115296 0.200506
115297 0.178644
115298 0.209684
115299 0.207918
115301 0.211273
115303 0.215607
115304 0.208812
115309 0.205683
115310 0.209436
115311 0.211957
115312 0.204534
115313 0.205423
115314 0.208795
115315 0.212162
115326 0.216366
115334 0.212512
115335 0.216307
115336 0.214529
115337 0.212686
115338 0.192354
115339 0.212894
115340 0.212877
115356 0.215751
115359 0.195652
115360 0.206987
115361 0.210264
115362 0.218811
115364 0.213583
115365 0.217901
115366 0.210287
115367 0.20903
115368 0.211529
115370 0.220755
115371 0.215076
115372 0.202269
115373 0.204906
115375 0.212265
115377 0.211486
115378 0.22076
115379 0.219971
115380 0.217127
115381 0.211812
115383 0.218919
115384 0.219579
115385 0.219799
115386 0.216478
115387 0.225062
115388 0.216409
115389 0.205882
115390 0.215297
115391 0.214237
115392 0.218018
115393 0.214173
115396 0.220572
115397 0.213471
115398 0.214127
115400 0.219869
115404 0.215071
115411 0.207753
115412 0.214419
115414 0.213005
115415 0.220123
115416 0.218247
115418 0.220471
115419 0.231314
115420 0.213351
115422 0.217512
115423 0.210373
115424 0.20499
115427 0.215517
115430 0.214526
115431 0.209642
115435 0.208282
115437 0.225907
115438 0.216517
115442 0.213366
115444 0.218102
115445 0.21324
115446 0.217286
115447 0.222818
115450 0.222904
115451 0.228869
115453 0.222796
115454 0.213148
115455 0.214731
115456 0.217524
115457 0.214311
115458 0.215385
115461 0.215557
115462 0.215402
115463 0.213295
115464 0.218681
115465 0.214831
115467 0.215022
115468 0.22011
115469 0.216856
115470 0.214386
115472 0.219737
115474 0.209864
115475 0.21001
115476 0.225989
115477 0.206426
115478 0.202096
115480 0.209221
115481 0.210114
115482 0.2157
115484 0.202838
115485 0.215969
115486 0.21885
115487 0.214993
115488 0.219548
115489 0.202439
115491 0.213049
115492 0.21416
115499 0.209891
115500 0.210444
115501 0.217651
115502 0.215701
115503 0.209918
115504 0.212237
115505 0.214259
115506 0.210158
115508 0.171768
115509 0.202286
115511 0.217306
115512 0.208409
115513 0.201122
115514 0.204391
115515 0.210422
115516 0.210122
115517 0.218837
115519 0.207976
115521 0.186066
115522 0.216358
115524 0.212175
115525 0.213428
115526 0.210245
115531 0.223411
115532 0.209078
115534 0.210042
115536 0.212549
115537 0.200862
115538 0.214717
115539 0.213301
115540 0.218424
115541 0.216107
115542 0.209973
115544 0.205032
115545 0.210503
115547 0.209925
115548 0.211445
115549 0.213443
115550 0.210932
115553 0.2172
115554 0.212936
115557 0.212062
115558 0.233925
115559 0.216694
115560 0.219467
115562 0.210882
115564 0.214904
115565 0.213403
115569 0.210454
115570 0.222112
115571 0.215337
115572 0.216937
115573 0.22251
115574 0.220811
115575 0.207245
115576 0.203822
115577 0.215585
115578 0.227812
115580 0.21537
115581 0.219129
115592 0.219164
115593 0.215809
115594 0.223004
115595 0.207477
115597 0.212231
115599 0.208059
115601 0.21407
115608 0.230462
115609 0.215944
115610 0.191417
115611 0.203088
115613 0.213291
115614 0.206131
115615 0.214725
115617 0.215136
115618 0.214357
115619 0.212621
115620 0.211186
115621 0.206621
115622 0.201443
115623 0.216556
115624 0.200877
115625 0.208374
115626 0.205339
115628 0.21721
115629 0.206061
115630 0.221634
115631 0.21419
115632 0.219993
115636 0.207426
115637 0.21412
115638 0.216482
115639 0.208998
115640 0.218974
115641 0.214241
115644 0.204567
115647 0.20967
115648 0.209149
115649 0.226348
115650 0.199573
115652 0.209804
115653 0.215334
115654 0.225525
115656 0.215012
115657 0.21042
115658 0.217683
115659 0.206077
115660 0.22007
115661 0.221168
115663 0.211902
115664 0.209308
115665 0.215777
115666 0.229204
115667 0.214173
115668 0.207129
115669 0.210813
115670 0.214455
115672 0.198994
115673 0.217656
115675 0.221904
115676 0.21917
115678 0.214212
115679 0.205519
115682 0.219596
115683 0.227764
115684 0.218071
115685 0.177268
115686 0.22215
115687 0.191731
115688 0.210287
115689 0.214101
115691 0.218465
115693 0.211031
115694 0.208804
115695 0.218989
115696 0.216269
115697 0.213836
115698 0.210665
115699 0.209462
115701 0.213102
115703 0.198308
115704 0.180464
115705 0.173314
115706 0.212303
115709 0.183325
115711 0.209799
115713 0.217192
115714 0.215498
115716 0.210337
115718 0.208377
115719 0.204527
115720 0.191348
115723 0.20709
115724 0.203752
115726 0.2024
115727 0.209664
115728 0.209812
115729 0.207132
115731 0.210909
115732 0.211346
115733 0.212368
115734 0.214827
115736 0.211371
115738 0.210873
115739 0.215364
115741 0.182137
115742 0.196972
115744 0.219802
115745 0.217608
115749 0.199977
115757 0.219092
115758 0.220203
115759 0.211552
115760 0.227092
115761 0.193418
115762 0.208423
115764 0.217748
115765 0.211394
115766 0.216142
115767 0.220614
115770 0.242384
115773 0.216856
115775 0.217505
115776 0.214889
115777 0.21175
115778 0.219614
115779 0.209127
115780 0.21369
115784 0.222162
115785 0.224388
115786 0.216903
115788 0.215755
115791 0.213371
115792 0.20978
115794 0.217265
115795 0.209432
115797 0.211954
115799 0.198627
115802 0.208581
115803 0.213434
115805 0.215508
115806 0.21351
115807 0.208729
115808 0.210832
115809 0.210798
115810 0.216418
115811 0.214548
115813 0.219912
115815 0.203373
115817 0.209378
115819 0.219714
115820 0.225832
115823 0.210059
115852 0.216315
115853 0.20928
115855 0.210426
115856 0.209365
115857 0.207428
115858 0.213817
115859 0.179709
115860 0.215766
115861 0.211211
115862 0.210291
115863 0.227245
115865 0.218141
115866 0.221492
115868 0.221888
115870 0.212672
115871 0.216223
115872 0.211801
115873 0.215192
115876 0.2191
115877 0.216264
115879 0.216786
115880 0.208713
115881 0.215331
115882 0.2218
115884 0.204052
115885 0.218421
115891 0.219902
115893 0.219331
115894 0.220834
115895 0.218646
115896 0.214748
115897 0.217006
115898 0.225365
115899 0.212904
115901 0.214437
115903 0.219507
115905 0.219663
115908 0.220421
115910 0.194887
115912 0.218576
115913 0.221617
115915 0.207832
115916 0.211145
115918 0.215498
115919 0.214153
115920 0.218068
115925 0.227169
115929 0.215259
115930 0.20591
115933 0.216535
115934 0.219251
115935 0.219948
115937 0.221071
115938 0.220032
115939 0.223933
115944 0.205285
115949 0.210264
115950 0.223707
115954 0.221349
115955 0.220183
115956 0.222222
115957 0.223885
115958 0.226761
115959 0.216565
115961 0.194896
115962 0.224313
115963 0.207375
115964 0.215047
115965 0.173866
115966 0.215975
115967 0.219237
115969 0.216592
115970 0.220695
115971 0.219802
115972 0.222486
115984 0.227326
115985 0.220597
115986 0.217674
115987 0.218731
115988 0.228299
115989 0.212817
115990 0.2152
115991 0.220404
115992 0.217942
115993 0.217687
115994 0.213826
115995 0.214691
115999 0.201326
116000 0.213661
116001 0.213407
116002 0.216583
116003 0.217135
116004 0.214483
116006 0.214081
116007 0.224442
116008 0.210334
116011 0.215897
116013 0.215958
116014 0.216688
116015 0.217333
116016 0.218881
116017 0.205338
116018 0.217758
116020 0.221766
116022 0.222929
116023 0.193089
116024 0.220917
116026 0.234459
116029 0.180404
116031 0.224416
116033 0.21479
116034 0.221193
116035 0.221189
116040 0.219843
116041 0.195155
116042 0.217655
116043 0.218277
116044 0.221987
116045 0.16612
116046 0.171338
116047 0.192569
116048 0.177606
116050 0.215979
116051 0.22337
116052 0.225166
116053 0.219507
116054 0.219372
116055 0.226131
116056 0.220853
116057 0.214941
116058 0.213386
116062 0.22069
116063 0.212158
116064 0.232735
116065 0.219189
116068 0.219764
116069 0.215735
116070 0.200693
116073 0.237193
116074 0.215926
116076 0.216077
116077 0.218624
116078 0.212211
116080 0.226343
116081 0.220008
116082 0.220507
116086 0.226058
116087 0.223568
116093 0.219466
