110904 0.225105
110905 0.235644
110908 0.125614
110909 0.122659
110912 0.0703593
110914 0.107262
110919 0.223614
110920 0.239642
110921 0.23251
110925 0.214556
110926 0.237938
110927 0.229241
110928 0.232879
110929 0.228019
110933 0.23767
110940 0.234537
110942 0.236595
110943 0.234537
110944 0.232463
110945 0.242894
110947 0.23874
110948 0.234008
110951 0.22968
110952 0.231485
110954 0.235222
110955 0.232779
110956 0.234202
110957 0.229141
110959 0.222532
110960 0.244011
110963 0.230589
110967 0.233793
110968 0.225618
110969 0.228386
110970 0.240204
110971 0.234982
110972 0.239057
110973 0.22953
110976 0.235455
110978 0.240612
110979 0.228151
110981 0.233725
110982 0.229661
110983 0.230965
110984 0.245622
110985 0.237823
110986 0.228283
110989 0.232673
110990 0.225557
110991 0.240114
110992 0.229821
110993 0.230061
110996 0.2319
110997 0.240011
110999 0.231884
111000 0.229353
111003 0.229543
111073 0.238482
111078 0.236156
111080 0.23771
111081 0.225123
111082 0.234399
111083 0.238501
111084 0.230859
111085 0.230252
111091 0.222328
111095 0.230601
111096 0.233003
111097 0.227736
111116 0.232354
111117 0.232473
111119 0.232133
111120 0.230215
111121 0.230006
111122 0.235636
111123 0.234625
111126 0.212661
111128 0.237503
111129 0.23494
111131 0.228769
111132 0.232371
111137 0.238146
111138 0.235376
111140 0.237982
111142 0.235648
111143 0.240358
111144 0.229319
111155 0.231379
111156 0.231247
111157 0.229524
111158 0.228506
111159 0.228816
111162 0.230114
111163 0.24034
111164 0.237698
111167 0.231316
111168 0.222371
111169 0.222608
111170 0.222946
111171 0.227879
111172 0.225864
111190 0.231716
111193 0.215926
111194 0.223799
111195 0.224025
111197 0.231656
111198 0.211173
111199 0.221325
111200 0.225114
111201 0.223364
111202 0.228009
111203 0.224542
111303 0.226261
111313 0.244992
111314 0.23155
111315 0.226707
111319 0.232816
111320 0.240792
111328 0.228427
111329 0.219735
111333 0.2197
111334 0.216939
111335 0.231575
111336 0.234912
111348 0.239959
111349 0.237136
111350 0.226887
111351 0.234419
111355 0.23733
111357 0.242332
111361 0.239753
111362 0.230338
111363 0.235695
111364 0.230541
111367 0.231542
111368 0.228933
111369 0.224734
111375 0.233788
111376 0.228764
111381 0.220304
111382 0.20668
111383 0.231891
111386 0.226477
111388 0.231464
111390 0.236674
111391 0.240377
111392 0.239464
111393 0.225344
111394 0.238767
111395 0.232
111396 0.22467
111398 0.240815
111400 0.236058
111403 0.236249
111412 0.22905
111413 0.22478
111414 0.227347
111415 0.226411
111417 0.233373
111418 0.237801
111422 0.240576
111423 0.230043
111424 0.238212
111429 0.232995
111431 0.224555
111433 0.230702
111434 0.237566
111510 0.22787
111511 0.226616
111514 0.22823
111516 0.228977
111517 0.234487
111518 0.224929
111519 0.232924
111520 0.206413
111521 0.224965
111522 0.242952
111523 0.230457
111524 0.239676
111527 0.223627
111528 0.225266
111529 0.217961
111530 0.224591
111531 0.240826
111532 0.236909
111533 0.224284
111536 0.226771
111547 0.228214
111548 0.229848
111551 0.231499
111553 0.224691
111554 0.2258
111559 0.231505
111560 0.22998
111562 0.236068
111563 0.233504
111564 0.236879
111566 0.226891
111568 0.231041
111569 0.232888
111570 0.224442
111571 0.231487
111572 0.223387
111573 0.23118
111575 0.23502
111578 0.214781
111579 0.246528
111581 0.202508
111582 0.207398
111583 0.193395
111584 0.237591
111585 0.245115
111586 0.231482
111587 0.228066
111588 0.238838
111589 0.230236
111590 0.235624
111591 0.231626
111593 0.227772
111594 0.234103
111596 0.241911
111600 0.222313
111601 0.225015
111602 0.233215
111603 0.231849
111604 0.233324
111605 0.229722
111606 0.231177
111607 0.215253
111609 0.231577
111611 0.231528
111612 0.233656
111614 0.231865
111615 0.232597
111616 0.237163
111618 0.22451
111619 0.223109
111620 0.229756
111622 0.23047
111623 0.230295
111624 0.239451
111626 0.229528
111628 0.227544
111629 0.235741
111630 0.235069
111635 0.226273
111640 0.231512
111641 0.237344
111643 0.225875
111644 0.233054
111647 0.221979
111649 0.236306
111650 0.228964
111652 0.230525
111653 0.232051
111654 0.222667
111656 0.224161
111657 0.227123
111659 0.222954
111660 0.23913
111661 0.237207
111662 0.233452
111663 0.235078
111664 0.227511
111667 0.226051
111668 0.232589
111669 0.229001
111671 0.229642
111672 0.234702
111673 0.224615
111674 0.221812
111678 0.229171
111680 0.231226
111681 0.232561
111718 0.217391
111727 0.236283
111731 0.226858
111774 0.231185
111776 0.232618
111777 0.232661
111780 0.234141
111782 0.230038
111783 0.23206
111785 0.237524
111786 0.230724
111790 0.215211
111791 0.245209
111796 0.226845
111799 0.239161
111809 0.25242
111811 0.236216
111813 0.256992
111817 0.235528
111818 0.223615
111819 0.24131
111821 0.239116
111823 0.245544
111826 0.227466
111831 0.251957
111834 0.249597
111835 0.255652
111836 0.224034
111837 0.238546
111842 0.236034
111847 0.247863
111850 0.236237
111854 0.240296
111864 0.257329
111872 0.231222
111873 0.224207
111875 0.232626
111882 0.237657
111886 0.234601
111887 0.234768
111888 0.236936
111897 0.217111
111898 0.232955
111907 0.234674
111910 0.217308
111913 0.214706
111914 0.232014
111920 0.234644
111921 0.228089
111922 0.224431
111923 0.228912
111925 0.236715
111929 0.22732
111941 0.197884
111942 0.215601
111946 0.207766
111947 0.228815
111948 0.237401
111950 0.229425
111955 0.235938
111956 0.222622
111957 0.228537
111958 0.222479
111959 0.219789
111961 0.220797
111962 0.224698
111965 0.222778
111967 0.252033
111969 0.229
111970 0.234001
111972 0.2282
111973 0.210139
111983 0.219808
111984 0.230293
111985 0.234783
111988 0.228066
111990 0.227569
111991 0.243778
111992 0.229863
111994 0.224503
111995 0.23346
111996 0.229146
111997 0.218767
111998 0.222167
112009 0.226988
112010 0.226829
112048 0.237176
112050 0.228324
112053 0.22723
112054 0.219724
112056 0.226571
112061 0.234589
112067 0.225209
112069 0.232725
112074 0.240559
112075 0.223908
112077 0.226817
112078 0.234273
112080 0.226482
112085 0.222995
112088 0.230815
112090 0.228161
112091 0.227667
112093 0.230933
112099 0.223748
112101 0.226159
112102 0.226856
112104 0.233615
112105 0.234479
112107 0.22681
112114 0.238504
112115 0.235786
112117 0.231758
112118 0.234538
112121 0.236443
112123 0.231054
112126 0.226602
112136 0.240978
112143 0.228793
112161 0.226718
112162 0.229006
112163 0.230647
112164 0.230823
112167 0.230465
112168 0.234338
112169 0.227996
112173 0.227079
112174 0.23826
112175 0.247508
112178 0.232221
112179 0.237569
112180 0.221688
112181 0.226595
112183 0.223333
112184 0.234516
112186 0.227046
112187 0.231356
112189 0.227664
112190 0.227273
112191 0.229429
112193 0.227333
112199 0.229043
112200 0.228667
112201 0.217711
112203 0.231713
112204 0.230789
112209 0.235626
112210 0.23509
112211 0.24208
112213 0.224586
112215 0.223982
112216 0.232727
112217 0.228771
112218 0.229539
112226 0.224449
112231 0.230523
112232 0.223632
112233 0.238095
112235 0.222577
112236 0.213128
112237 0.23089
112238 0.22881
112244 0.233207
112245 0.224807
112246 0.22403
112247 0.228313
112248 0.232451
112249 0.220497
112254 0.227639
112255 0.222337
112256 0.227573
112257 0.227273
112258 0.224095
