122245 0.225954
122246 0.234694
122247 0.232216
122249 0.225743
122251 0.228438
122252 0.235658
122253 0.224044
122256 0.233393
122263 0.256757
122264 0.243199
122268 0.243256
122269 0.180784
122272 0.233789
122273 0.234061
122274 0.241352
122275 0.235843
122276 0.239039
122277 0.226187
122278 0.236967
122279 0.243568
122280 0.241174
122281 0.243983
122283 0.23263
122285 0.203571
122286 0.241377
122287 0.239889
122288 0.237162
122289 0.24161
122291 0.236082
122292 0.244657
122293 0.24187
122294 0.246369
122296 0.243184
122297 0.244301
122298 0.248813
122300 0.243895
122301 0.239968
122305 0.232718
122306 0.239561
122307 0.241834
122309 0.2384
122310 0.234049
122312 0.234127
122313 0.239878
122314 0.231377
122315 0.234613
122317 0.229376
122319 0.227582
122321 0.226184
122322 0.23322
122323 0.232459
122326 0.228828
122330 0.232973
122331 0.237467
122335 0.254386
122336 0.231494
122339 0.220332
122341 0.208038
122342 0.23778
122344 0.251082
122345 0.215457
122347 0.206855
122349 0.190636
122350 0.226415
122351 0.190295
122352 0.233846
122353 0.228916
122354 0.240865
122356 0.231164
122357 0.236337
122360 0.231879
122363 0.242227
122365 0.227676
122366 0.243033
122369 0.239135
122409 0.244722
122410 0.250549
122411 0.246369
122412 0.242658
122413 0.245406
122414 0.244865
122415 0.238718
122416 0.238646
122418 0.235225
122420 0.247625
122422 0.244196
122423 0.243025
122424 0.245018
122425 0.235114
122426 0.22663
122427 0.241467
122428 0.179255
122429 0.246083
122430 0.238718
122432 0.234365
122433 0.241129
122434 0.226415
122437 0.235641
122438 0.229305
122439 0.233997
122440 0.235567
122443 0.235974
122445 0.237276
122447 0.233359
122448 0.232806
122449 0.229485
122450 0.234681
122452 0.235164
122453 0.236
122454 0.236681
122455 0.230125
122461 0.230775
122462 0.22894
122463 0.233643
122464 0.234954
122465 0.238239
122466 0.237676
122467 0.235473
122468 0.236049
122469 0.231515
122471 0.235138
122472 0.237298
122473 0.239595
122480 0.237263
122484 0.232489
122485 0.242971
122486 0.239607
122487 0.240943
122488 0.243454
122489 0.239093
122492 0.240872
122493 0.237299
122496 0.249318
122497 0.193922
122498 0.238747
122500 0.245108
122501 0.178484
122502 0.241357
122503 0.240357
122505 0.235864
122507 0.24527
122508 0.237781
122509 0.240441
122510 0.24348
122511 0.242618
122514 0.241116
122519 0.247159
122520 0.244784
122521 0.243917
122524 0.242379
122525 0.237947
122526 0.241895
122527 0.235319
122535 0.239298
122536 0.230503
122537 0.233573
122538 0.239971
122539 0.252608
122540 0.241229
122541 0.23458
122542 0.240355
122545 0.230622
122548 0.229535
122549 0.241278
122550 0.229563
122551 0.237754
122555 0.235144
122556 0.234759
122557 0.23197
122559 0.234814
122560 0.238915
122561 0.226897
122562 0.231992
122563 0.232344
122564 0.237203
122568 0.24153
122569 0.230723
122570 0.246845
122571 0.240425
122572 0.242227
122573 0.236425
122574 0.229354
122575 0.239002
122576 0.251499
122577 0.244576
122579 0.23839
122585 0.239485
122586 0.233946
122587 0.251274
122589 0.235524
122590 0.23071
122593 0.233333
122594 0.26346
122596 0.253165
122599 0.235099
122602 0.240712
122603 0.249695
122604 0.22097
122605 0.239521
122606 0.238523
122608 0.244325
122610 0.23999
122613 0.251137
122614 0.242994
122615 0.214332
122616 0.242074
122618 0.245994
122619 0.240501
122620 0.219991
122623 0.239458
122625 0.238769
122626 0.245793
122628 0.237317
122629 0.250215
122630 0.24715
122631 0.244186
122632 0.252462
122634 0.252142
122640 0.2132
122641 0.238935
122642 0.243835
122643 0.245152
122646 0.246777
122647 0.246099
122648 0.238401
122649 0.244031
122650 0.240741
122652 0.249238
122653 0.244552
122654 0.242547
122657 0.247098
122658 0.236866
122661 0.252249
122665 0.249666
122667 0.2459
122672 0.239359
122673 0.243067
122674 0.248597
122675 0.242521
122676 0.245048
122677 0.24216
122679 0.245685
122681 0.247661
122682 0.245243
122683 0.241434
122684 0.241733
122685 0.237458
122686 0.250708
122687 0.238127
122689 0.237764
122690 0.241575
122691 0.237906
122692 0.246615
122693 0.241794
122695 0.241587
122696 0.238719
122698 0.239329
122699 0.239924
122700 0.239934
122701 0.24424
122702 0.239606
122703 0.243643
122704 0.235321
122705 0.239331
122708 0.242868
122710 0.232555
122711 0.23981
122712 0.244515
122713 0.236474
122714 0.235799
122721 0.241315
122722 0.231022
122726 0.236037
122727 0.238658
122728 0.239466
122729 0.238547
122730 0.23735
122731 0.2375
122733 0.244808
122734 0.239787
122735 0.234065
122736 0.239708
122737 0.236646
122738 0.237738
122739 0.233028
122740 0.23672
122741 0.235142
122743 0.235986
122744 0.234322
122745 0.237288
122746 0.236914
122747 0.234956
122749 0.238395
122751 0.236898
122752 0.237949
122753 0.231508
122754 0.235983
122755 0.23573
122766 0.23043
122767 0.235453
122768 0.235815
122769 0.228368
122770 0.241562
122772 0.231796
122773 0.229822
122776 0.21552
122777 0.238865
122778 0.242832
122779 0.235748
122780 0.239822
122781 0.236847
122783 0.250147
122785 0.237388
122786 0.23512
122787 0.225938
122789 0.246195
122796 0.233121
122797 0.244093
122798 0.239332
122799 0.237491
122800 0.230342
122801 0.221478
122802 0.23717
122803 0.242178
122804 0.226014
122805 0.236758
122808 0.238356
122809 0.236894
122810 0.240216
122812 0.242562
122813 0.236272
122815 0.2409
122816 0.241112
122819 0.239969
122820 0.235564
122821 0.239733
122823 0.242327
122824 0.199196
122825 0.245104
122826 0.239717
122827 0.2417
122829 0.244291
122830 0.236348
122831 0.233931
122832 0.227371
122833 0.233139
122835 0.245284
122838 0.236327
122841 0.238474
122842 0.234075
122843 0.242995
122844 0.235395
122845 0.238328
122846 0.239735
122847 0.233786
122852 0.234317
122853 0.241074
122855 0.188571
122856 0.243813
122858 0.192334
122859 0.237032
122860 0.18186
122862 0.245874
122863 0.239206
122866 0.244905
122867 0.240584
122868 0.243159
122869 0.244477
122870 0.223406
122871 0.240108
122873 0.242973
122874 0.245921
122879 0.243745
122880 0.240885
122881 0.24466
122967 0.247142
122986 0.246798
122987 0.2394
122988 0.249939
122990 0.247149
122993 0.24702
122995 0.238443
122996 0.23539
122998 0.233303
122999 0.232624
123001 0.248818
123002 0.243456
123003 0.247964
123004 0.243592
123011 0.235401
123012 0.236533
123013 0.182609
123014 0.202454
123016 0.229068
123018 0.23571
123019 0.238965
123020 0.229308
123021 0.198275
123022 0.238306
123023 0.244233
123024 0.24278
123025 0.242724
123026 0.24239
123027 0.242561
123028 0.238682
123029 0.24278
123034 0.235172
123035 0.239875
123036 0.241973
123038 0.239034
123039 0.240643
123040 0.24497
123041 0.242372
123042 0.236156
123043 0.239566
123044 0.250067
123048 0.243863
123049 0.238169
123050 0.24333
123051 0.236933
123052 0.242157
123054 0.238906
123055 0.241885
123056 0.244866
123058 0.248883
123059 0.240613
123060 0.245185
123062 0.241195
123063 0.238943
123065 0.244306
123066 0.250168
123067 0.25087
123068 0.247363
123070 0.246361
123074 0.249123
123077 0.265076
123078 0.245194
123081 0.251707
123083 0.246104
123084 0.207249
123085 0.245319
123087 0.245198
123088 0.249598
123089 0.247334
123090 0.24332
123091 0.232424
123093 0.245002
123097 0.24175
123101 0.233329
123164 0.236559
123165 0.245158
123166 0.237788
123167 0.23913
123168 0.236718
123169 0.226366
123170 0.233834
123172 0.237968
123175 0.219423
123176 0.24264
123178 0.23536
123193 0.236084
123196 0.241354
123197 0.242179
123198 0.241456
123200 0.253154
123201 0.24855
123202 0.241051
123204 0.245128
123205 0.238844
123206 0.240122
123207 0.240548
123209 0.231009
123210 0.241057
123211 0.246674
123213 0.238852
123215 0.235617
123218 0.236618
123219 0.238539
123223 0.243436
123224 0.23641
123225 0.201538
123226 0.238143
123227 0.23759
123229 0.241263
123233 0.232828
123237 0.222764
123238 0.241085
123240 0.239837
123243 0.248111
123245 0.234476
123248 0.175835
123250 0.231767
123251 0.236459
123252 0.234637
123253 0.240404
123256 0.233981
123258 0.237752
