126252 0.223138
126253 0.213634
126254 0.212894
126255 0.200911
126256 0.21273
126257 0.215325
126258 0.226975
126259 0.237192
126260 0.211607
126263 0.221532
126265 0.169719
126266 0.214607
126268 0.2178
126273 0.216471
126276 0.201317
126288 0.224778
126290 0.221751
126292 0.22766
126293 0.219143
126294 0.220004
126296 0.219219
126298 0.221115
126299 0.223123
126300 0.22399
126302 0.225371
126304 0.179129
126305 0.220857
126308 0.220066
126309 0.220968
126310 0.225234
126311 0.202448
126314 0.23183
126315 0.220986
126316 0.223534
126318 0.19884
126322 0.222186
126323 0.220424
126325 0.220816
126326 0.222564
126329 0.219963
126341 0.203762
126344 0.218786
126345 0.212345
126347 0.219504
126349 0.221209
126352 0.22209
126353 0.22057
126354 0.22165
126355 0.220858
126356 0.220359
126359 0.216942
126361 0.222574
126362 0.219446
126364 0.217891
126367 0.200148
126369 0.220026
126370 0.21287
126371 0.226277
126372 0.195188
126373 0.219535
126374 0.215223
126376 0.219289
126429 0.149078
126431 0.217578
126432 0.221226
126433 0.223882
126434 0.220515
126435 0.215121
126436 0.222606
126449 0.213815
126451 0.222978
126453 0.22481
126454 0.211727
126460 0.196577
126461 0.215212
126462 0.215591
126464 0.190212
126465 0.177539
126467 0.218673
126469 0.224483
126471 0.224558
126472 0.211924
126473 0.219546
126475 0.208354
126476 0.22861
126477 0.230119
126478 0.222638
126479 0.223592
126480 0.226255
126483 0.212714
126485 0.22488
126487 0.224797
126488 0.221389
126490 0.191746
126492 0.216662
126494 0.22992
126496 0.226557
126499 0.220544
126503 0.192766
126505 0.224702
126506 0.226811
126507 0.218107
126508 0.227764
126509 0.218571
126510 0.233103
126511 0.228082
126512 0.199257
126513 0.220727
126514 0.22739
126517 0.226886
126520 0.226734
126521 0.217327
126522 0.226041
126523 0.221098
126527 0.213987
126528 0.225007
126531 0.224014
126532 0.229765
126535 0.191248
126536 0.225762
126538 0.220821
126539 0.223539
126540 0.174316
126541 0.229816
126542 0.230586
126543 0.215107
126546 0.218777
126552 0.222583
126554 0.221404
126555 0.227352
126556 0.229061
126557 0.2263
126559 0.221751
126562 0.216058
126563 0.225663
126564 0.223954
126566 0.221976
126568 0.223439
126569 0.221874
126572 0.227833
126573 0.209114
126575 0.211883
126576 0.219275
126577 0.222778
126578 0.222616
126579 0.227468
126581 0.224687
126618 0.219428
126619 0.220532
126621 0.219187
126622 0.230769
126624 0.234323
126625 0.214415
126641 0.0714286
126643 0.181818
126644 0.304348
126646 0.172414
126647 0.190476
126651 0.252525
126652 0.21673
126653 0.2159
126656 0.21442
126657 0.219698
126658 0.216444
126662 0.204082
126664 0.212325
126665 0.226163
126666 0.224895
126667 0.215961
126668 0.219197
126669 0.177474
126670 0.225505
126673 0.224869
126676 0.224477
126677 0.223097
126679 0.220122
126680 0.21783
126682 0.220039
126683 0.222947
126684 0.218586
126685 0.217879
126688 0.217562
126689 0.222493
126690 0.221411
126691 0.215119
126692 0.216848
126693 0.212853
126695 0.224084
126699 0.219251
126701 0.22201
126702 0.221024
126703 0.173813
126704 0.215668
126706 0.222947
126707 0.219681
126709 0.222629
126710 0.215682
126711 0.224309
126714 0.167655
126716 0.21904
126717 0.217383
126718 0.220862
126719 0.228383
126720 0.225377
126721 0.223244
126722 0.218983
126723 0.219157
126725 0.216978
126728 0.223285
126729 0.22276
126731 0.220011
126732 0.220446
126733 0.224295
126734 0.220206
126735 0.222351
126736 0.22221
126737 0.198132
126738 0.222952
126740 0.219049
126744 0.224508
126745 0.205895
126746 0.220652
126747 0.219557
126749 0.220692
126776 0.229366
126777 0.221107
126778 0.228486
126779 0.229462
126780 0.21971
126782 0.220781
126783 0.219078
126814 0.21681
126815 0.226247
126817 0.209739
126821 0.226823
126823 0.225331
126824 0.22499
126825 0.224275
126831 0.218421
126832 0.220593
126833 0.225412
126834 0.223306
126835 0.210278
126836 0.222175
126837 0.212082
126838 0.208056
126839 0.205064
126842 0.227447
126845 0.22713
126846 0.231514
126847 0.224029
126851 0.214017
126853 0.231422
126854 0.222574
126855 0.217021
126856 0.215035
126858 0.200377
126859 0.19574
126862 0.225506
126866 0.222778
126868 0.227214
126869 0.225326
126870 0.22401
126871 0.189445
126872 0.216947
126874 0.1772
126875 0.174471
126877 0.222298
126878 0.226573
126879 0.223468
126880 0.229352
126881 0.223013
126882 0.234533
126883 0.23275
126890 0.227743
126892 0.225127
126893 0.225572
126894 0.229864
126895 0.227851
126906 0.212513
126907 0.221027
126909 0.228162
126910 0.22649
126911 0.21827
126912 0.211753
126913 0.226407
126914 0.223895
126915 0.190624
126923 0.193881
126925 0.223481
126926 0.221888
126929 0.207096
126931 0.221762
126932 0.224175
126933 0.225256
126934 0.188115
126936 0.222721
126956 0.348101
126957 0.330745
126958 0.320078
126992 0.231788
126994 0.234414
126995 0.196547
126996 0.216794
126997 0.229097
126998 0.198847
126999 0.218023
127000 0.207746
127001 0.220339
127002 0.178645
127003 0.191022
127004 0.21911
127006 0.221118
127017 0.21936
127022 0.206914
127023 0.239865
127024 0.228088
127025 0.213562
127026 0.207101
127028 0.226231
127029 0.25
127031 0.240051
127032 0.212654
127033 0.210352
127034 0.225459
127059 0.205602
127061 0.218968
127062 0.2163
127064 0.211215
127065 0.216044
127066 0.218911
127067 0.219054
127068 0.208732
127070 0.215098
127071 0.214124
127072 0.213974
127073 0.222989
127074 0.206864
127097 0.18267
127099 0.213466
127107 0.221106
127108 0.226689
127110 0.217835
127111 0.208588
127112 0.219961
127113 0.22004
127114 0.223767
127115 0.222134
127116 0.218252
127135 0.238985
127136 0.238636
127138 0.216561
127139 0.223235
127140 0.241277
127141 0.210014
127180 0.15534
127181 0.16129
127182 0.245455
127185 0.216316
127186 0.245734
127187 0.183381
127188 0.216999
127190 0.176471
127191 0.213474
127193 0.21217
127195 0.230408
127196 0.21284
127197 0.2194
127198 0.210553
127199 0.221752
127206 0.216727
127213 0.237553
127214 0.215092
127215 0.23863
127217 0.216885
127218 0.22247
127219 0.205712
127221 0.211675
127222 0.218011
127224 0.228256
127228 0.224777
127229 0.208818
127231 0.210932
127234 0.22055
127235 0.222757
127237 0.229257
127238 0.227305
127240 0.224051
127241 0.224825
127247 0.222648
127249 0.225055
127250 0.216157
127251 0.222073
127254 0.22212
127257 0.223903
127261 0.225613
127262 0.218907
127263 0.227356
127264 0.219683
127266 0.215895
127267 0.17671
127268 0.226798
127269 0.221122
127270 0.22494
127271 0.222707
127272 0.217223
127273 0.21375
127278 0.217563
127279 0.220539
127280 0.215925
127283 0.216933
127285 0.220095
127287 0.216423
127289 0.217393
127290 0.220796
127291 0.207724
127294 0.207739
127295 0.21581
127296 0.217198
127297 0.21834
127304 0.219614
127306 0.217863
127307 0.21872
