109762 0.231588
109763 0.223077
109764 0.234496
109765 0.231111
109766 0.234886
109768 0.21756
109770 0.228381
109771 0.238562
109772 0.228937
109774 0.233871
109775 0.227708
109777 0.226398
109778 0.224222
109781 0.233587
109782 0.235499
109790 0.225631
109793 0.226096
109794 0.23841
109795 0.230306
109797 0.228047
109798 0.253589
109799 0.238164
109800 0.219482
109802 0.233344
109803 0.221623
109804 0.232298
109805 0.235644
109807 0.234216
109808 0.224372
109810 0.227836
109812 0.244872
109813 0.232361
109814 0.229056
109815 0.229243
109816 0.220026
109819 0.236712
109822 0.234225
109823 0.226952
109824 0.235907
109825 0.230651
109826 0.222451
109827 0.249211
109952 0.231795
109953 0.2342
109957 0.232903
109959 0.223319
109960 0.244898
109962 0.252202
109963 0.240462
109964 0.227776
109966 0.241453
109969 0.217919
109971 0.220208
109972 0.206589
109974 0.222373
109976 0.225252
109977 0.219239
109978 0.23621
109979 0.226391
109981 0.231485
109983 0.222618
109985 0.221238
109986 0.227366
109987 0.229096
109988 0.224186
109990 0.231829
109992 0.229536
109993 0.231795
109994 0.217177
109996 0.221619
109997 0.234716
109999 0.22106
110000 0.223188
110001 0.209986
110004 0.232249
110005 0.22833
110007 0.237321
110008 0.228673
110010 0.222826
110011 0.227423
110012 0.229886
110013 0.228169
110015 0.237246
110016 0.234762
110018 0.2303
110020 0.234712
110021 0.224545
110023 0.228716
110024 0.235254
110026 0.231809
110028 0.230394
110030 0.245052
110032 0.235135
110033 0.229976
110034 0.236887
110035 0.230203
110039 0.224069
110040 0.222541
110041 0.237792
110042 0.226599
110043 0.223286
110044 0.237316
110046 0.2372
110048 0.234681
110049 0.225312
110050 0.229323
110053 0.224011
110056 0.223364
110060 0.234921
110062 0.233806
110063 0.221547
110066 0.235746
110068 0.234582
110069 0.232363
110070 0.231789
110071 0.217623
110073 0.232793
110074 0.225827
110075 0.228432
110076 0.251448
110077 0.224415
110078 0.223491
110079 0.224564
110081 0.22595
110082 0.228993
110087 0.222711
110088 0.219715
110090 0.223048
110098 0.226179
110099 0.228029
110101 0.223426
110102 0.219772
110104 0.22145
110105 0.238295
110110 0.224923
110111 0.233094
110112 0.22577
110113 0.22389
110116 0.227862
110117 0.217845
110118 0.221371
110119 0.226566
110120 0.224107
110121 0.221749
110124 0.22048
110127 0.222823
110128 0.226321
110130 0.207768
110133 0.199604
110135 0.198652
110136 0.206984
110137 0.207489
110138 0.208156
110143 0.208173
110144 0.208494
110145 0.215535
110146 0.212807
110147 0.214237
110149 0.209642
110151 0.214414
110152 0.21313
110153 0.210996
110154 0.217287
110155 0.213338
110156 0.209738
110160 0.215131
110161 0.220775
110162 0.218987
110164 0.214788
110165 0.218655
110167 0.225971
110169 0.210741
110170 0.22635
110171 0.212528
110172 0.221129
110178 0.21659
110179 0.230856
110180 0.22232
110181 0.194975
110182 0.213411
110183 0.213309
110185 0.225978
110186 0.21308
110191 0.232821
110195 0.22157
110199 0.180549
110200 0.216209
110201 0.219316
110203 0.221507
110204 0.204314
110205 0.220663
110206 0.211404
110209 0.224868
110210 0.219747
110212 0.236287
110213 0.215584
110215 0.219346
110216 0.217187
110217 0.218242
110219 0.208007
110223 0.211584
110225 0.210283
110227 0.217749
110228 0.220816
110229 0.219335
110230 0.22125
110232 0.216257
110233 0.219129
110234 0.20982
110235 0.227303
110238 0.217282
110239 0.221799
110240 0.191804
110242 0.215861
110243 0.222652
110244 0.214665
110247 0.215458
110248 0.223916
110249 0.205536
110251 0.214585
110252 0.217764
110253 0.217856
110255 0.218227
110256 0.219375
110257 0.220258
110259 0.222949
110260 0.218147
110261 0.208291
110262 0.225989
110264 0.222668
110265 0.212549
110267 0.22121
110268 0.222173
110270 0.23202
110274 0.22219
110275 0.212949
110276 0.21734
110278 0.209166
