114138 0.213396
114139 0.219391
114140 0.216874
114141 0.210062
114143 0.183349
114145 0.180096
114151 0.210096
114153 0.219005
114155 0.223189
114157 0.213971
114158 0.209415
114159 0.220654
114161 0.217365
114162 0.197721
114164 0.216056
114165 0.209494
114166 0.215696
114168 0.210881
114169 0.179431
114170 0.21686
114171 0.215368
114172 0.216249
114173 0.213998
114174 0.209159
114175 0.184527
114177 0.21081
114180 0.212635
114184 0.213472
114185 0.216532
114186 0.219258
114188 0.196756
114192 0.222202
114193 0.215189
114195 0.21605
114196 0.214966
114197 0.218279
114198 0.217554
114199 0.208504
114200 0.217831
114201 0.217291
114203 0.223998
114204 0.171131
114206 0.218629
114207 0.21288
114210 0.221607
114211 0.215587
114213 0.219803
114214 0.220438
114216 0.216537
114218 0.219975
114219 0.218665
114220 0.220899
114221 0.216136
114222 0.217907
114224 0.217549
114225 0.19196
114227 0.22198
114230 0.217025
114232 0.215828
114233 0.2205
114235 0.220078
114236 0.22128
114237 0.221683
114238 0.225229
114239 0.219932
114240 0.216444
114242 0.216486
114243 0.218227
114244 0.219986
114247 0.219671
114248 0.194003
114249 0.218424
114251 0.231135
114252 0.222605
114253 0.22676
114254 0.227316
114255 0.223622
114256 0.217147
114258 0.221181
114259 0.219315
114260 0.224347
114264 0.212411
114266 0.21575
114268 0.224192
114269 0.221536
114270 0.221686
114271 0.226835
114272 0.219642
114275 0.221159
114277 0.221572
114278 0.221336
114279 0.213789
114280 0.223308
114325 0.210152
114327 0.228458
114329 0.222005
114330 0.220255
114333 0.203453
114334 0.216362
114335 0.199201
114336 0.213598
114337 0.211236
114338 0.21362
114339 0.214526
114341 0.217067
114342 0.215387
114343 0.209953
114344 0.235101
114345 0.209067
114346 0.210892
114347 0.217476
114351 0.213845
114352 0.212991
114355 0.21026
114357 0.222279
114358 0.217732
114359 0.232436
114360 0.218117
114361 0.207471
114362 0.209251
114363 0.215177
114364 0.2282
114372 0.215929
114373 0.208375
114375 0.219438
114378 0.219082
114379 0.211337
114380 0.210468
114381 0.208294
114382 0.206156
114383 0.213369
114384 0.203811
114389 0.175584
114390 0.178558
114392 0.239156
114393 0.19318
114394 0.197798
114396 0.176674
114397 0.211359
114398 0.186007
114399 0.215975
114402 0.217153
114403 0.214053
114406 0.216131
114407 0.212776
114408 0.23228
114409 0.224216
114410 0.222662
114411 0.210964
114412 0.216624
114416 0.223945
114417 0.205878
114419 0.221341
114420 0.219768
114421 0.214926
114422 0.209014
114423 0.21459
114424 0.225259
114426 0.236921
114427 0.206436
114430 0.221249
114431 0.216189
114432 0.204018
114433 0.220516
114435 0.209839
114437 0.209599
114438 0.197007
114439 0.208888
114440 0.208581
114442 0.215892
114443 0.218207
114444 0.222145
114445 0.214695
114447 0.214616
114448 0.217611
114449 0.198943
114450 0.215501
114451 0.22956
114455 0.210798
114456 0.218025
114457 0.216965
114458 0.212671
114459 0.220788
114460 0.187558
114461 0.215514
114463 0.220183
114465 0.219104
114466 0.213905
114467 0.215792
114468 0.219316
114469 0.219618
114470 0.212651
114473 0.223564
114474 0.214733
114476 0.22066
114478 0.218789
114480 0.211905
114481 0.214251
114483 0.207936
114484 0.217549
114486 0.218829
114487 0.193989
114488 0.19299
114489 0.221257
114491 0.170416
114492 0.209988
114494 0.213378
114497 0.21266
114499 0.214218
114500 0.184748
114501 0.208434
114502 0.194796
114503 0.208998
114504 0.205245
114505 0.217461
114507 0.209124
114508 0.209287
114509 0.177277
114511 0.210038
114512 0.212632
114513 0.20957
114514 0.215375
114515 0.209915
114519 0.205503
114521 0.211918
114522 0.217846
114523 0.203525
114524 0.211583
114525 0.200682
114527 0.216415
114529 0.203087
114530 0.207962
114531 0.223126
114532 0.216271
114533 0.205014
114562 0.24
114564 0.195623
114565 0.224154
114566 0.215883
114567 0.223873
114568 0.194815
114569 0.210232
114570 0.220692
114571 0.224898
114576 0.232565
114578 0.22136
114579 0.216878
114582 0.222847
114599 0.217701
114601 0.204253
114603 0.218817
114605 0.218723
114606 0.219224
114607 0.203714
114609 0.224896
114610 0.240988
114614 0.21978
114615 0.214198
114616 0.210418
114618 0.219444
114620 0.205473
114623 0.212914
114624 0.212873
114625 0.216942
114627 0.218138
114632 0.217752
114633 0.207729
114634 0.220361
114635 0.214117
114637 0.216584
114641 0.211249
114642 0.216497
114643 0.212835
114644 0.220245
114645 0.213053
114646 0.215992
114647 0.224046
114649 0.222263
114651 0.216962
114652 0.217202
114653 0.217121
114655 0.219028
114657 0.188693
114658 0.215147
114659 0.222731
114660 0.219686
114665 0.223653
114666 0.211622
114667 0.224615
114668 0.176724
114669 0.222323
114670 0.222571
114672 0.231797
114674 0.221477
114675 0.219762
114677 0.222038
114678 0.221367
114679 0.227816
114680 0.183095
114681 0.220597
114682 0.221717
114683 0.228623
114686 0.225217
114687 0.223983
114688 0.222848
114689 0.225785
114690 0.218256
114691 0.221353
114693 0.223848
114694 0.220731
114695 0.221262
114697 0.228168
114698 0.228386
114699 0.215817
114701 0.212699
114702 0.213087
114703 0.216792
114705 0.228698
114708 0.21897
114710 0.215555
114711 0.22545
114712 0.229369
114713 0.221593
114714 0.219749
114716 0.214752
114717 0.237526
114718 0.218856
114721 0.221374
114722 0.202563
114724 0.215613
114725 0.220753
114726 0.20761
114728 0.236986
114729 0.215998
114733 0.213098
114734 0.213545
114737 0.219899
114744 0.202861
114747 0.224182
114749 0.216333
114750 0.214474
114753 0.220241
114754 0.214683
114755 0.213537
114758 0.200544
114760 0.219198
114765 0.215234
114766 0.215534
114769 0.191697
114770 0.220952
114771 0.220131
114772 0.21515
114773 0.210279
114774 0.215345
114775 0.222106
114777 0.187206
114779 0.182171
114780 0.206921
114781 0.215722
114782 0.214531
114784 0.224828
114787 0.211443
114788 0.204025
114791 0.219708
114792 0.206024
114799 0.20009
114800 0.219619
114801 0.222972
114803 0.227433
114804 0.223407
114805 0.221263
114806 0.221268
114807 0.217391
114839 0.20625
114844 0.214082
114846 0.228903
114847 0.219556
114850 0.22285
114852 0.224776
114855 0.228531
114871 0.18807
114872 0.226834
114874 0.21934
114875 0.223946
114876 0.217086
114877 0.224337
114878 0.214286
114880 0.212677
114883 0.214977
114885 0.223016
114890 0.212057
114891 0.215624
114892 0.228489
114894 0.212456
114895 0.221846
114896 0.21698
114897 0.208224
114898 0.217237
114904 0.217143
114909 0.215382
114910 0.217766
114913 0.228117
114914 0.213392
114915 0.223508
114916 0.215196
114917 0.224114
114918 0.222794
114920 0.220101
114921 0.213894
114923 0.205791
114924 0.222251
114925 0.2373
114926 0.231014
114928 0.224184
114929 0.216891
114930 0.180641
114931 0.218928
114934 0.222528
114935 0.227908
114936 0.216161
114937 0.223137
114938 0.224615
114939 0.181159
114940 0.223682
114942 0.220908
114943 0.223568
114944 0.218797
114945 0.219516
114946 0.218519
114949 0.207229
114950 0.217875
114952 0.218491
114953 0.219181
114954 0.208788
114956 0.215585
114957 0.218237
114958 0.219586
114959 0.222972
114963 0.199232
114964 0.216624
114965 0.188948
114966 0.220067
114967 0.205456
114968 0.210382
114970 0.220973
114972 0.212698
114975 0.212644
114976 0.21394
114977 0.214731
114978 0.173867
114980 0.174286
114981 0.180022
114984 0.174073
114985 0.17067
114986 0.180929
114987 0.173913
114988 0.175934
114989 0.178963
114990 0.181143
114991 0.174026
114992 0.177079
114995 0.184085
114996 0.175933
114998 0.175585
114999 0.155426
115000 0.163687
115003 0.209437
115004 0.216926
115005 0.217187
115008 0.221484
115009 0.211549
115010 0.219775
115012 0.181276
115014 0.216308
115015 0.221611
115016 0.213042
115017 0.217473
115018 0.223067
115019 0.220102
115020 0.227262
115022 0.228308
115023 0.219427
115024 0.21758
115026 0.221706
115027 0.226438
115028 0.215183
115029 0.20616
115031 0.220489
115032 0.218593
115033 0.21814
115034 0.226194
115035 0.229222
115037 0.220746
115039 0.218629
115040 0.223244
115041 0.193286
115042 0.224676
115043 0.220167
115044 0.212809
115045 0.218192
115046 0.21913
115048 0.222717
115049 0.214943
115050 0.222607
115056 0.225833
115057 0.214925
115058 0.228515
115059 0.21641
115060 0.217965
115061 0.203092
115063 0.218698
