112259 0.00360647
112260 0.00554544
112263 0.00502513
112264 0.00402775
112265 0.0050147
112269 0.00574025
112276 0.00442198
112279 0.005118
112281 0.00418235
112283 0.00577409
112287 0.00466404
112290 0.00932945
112293 0.00380457
112295 0.0047619
112299 0.00561511
112321 0.00671366
112322 0.00692226
112325 0.00533547
112329 0.00459946
112332 0.00509771
112334 0.00483451
112335 0.00510021
112337 0.0070532
112338 0.00798036
112340 0.0067464
112342 0.00477979
112343 0.0071708
112345 0.00584795
112348 0.00937346
112351 0.00462963
112352 0.00596942
112353 0.00629347
112354 0.00565931
112355 0.0042993
112357 0.00481485
112358 0.00693006
112359 0.00533537
112360 0.00573365
112361 0.00574163
112362 0.00440643
112365 0.00545603
112366 0.0060489
112367 0.0047259
112369 0.00529032
112372 0.00497512
112373 0.00526973
112374 0.00439821
112377 0.00581536
112378 0.00331283
112379 0.00586219
112381 0.00588872
112383 0.00512354
112389 0.00562556
112390 0.00692841
112391 0.00613956
112392 0.00673459
112393 0.00363967
112396 0.00474641
112397 0.0054882
112398 0.00360386
112399 0.00486535
112400 0.0054696
112405 0.00469124
112406 0.00720848
112408 0.00584795
112409 0.00478316
112414 0.00252525
112415 0.00584112
112416 0.00667541
112417 0.0038249
112420 0.00440895
112421 0.00459151
112422 0.00553506
112423 0.00465322
112424 0.00631136
112425 0.00512
112426 0.00553165
112427 0.00444168
112428 0.00620417
112431 0.00451152
112432 0.0061745
112433 0.00556186
112434 0.00539258
112435 0.00259451
112437 0.00555556
112438 0.00626305
112439 0.00327225
112441 0.00554808
112442 0.00583441
112444 0.00577724
112445 0.00421662
