120888 0.0200776
120889 0.0234588
120890 0.027056
120891 0.0276318
120892 0.0248716
120911 0.00538972
120939 0.0239049
120940 0.0234265
120943 0.00680499
120954 0.00572561
120956 0.00843608
120961 0.00650991
120964 0.00521376
120965 0.00807835
120966 0.00577722
120967 0.00591506
120970 0.00609331
120972 0.00634441
120973 0.00740412
121070 0.00345622
121071 0.00610687
121073 0.0040309
121124 0.00542237
121126 0.00440529
121130 0.00495728
121131 0.00580027
121132 0.00490436
121133 0.0051956
121134 0.00570402
121166 0.0066335
121167 0.00527821
121170 0.00696151
121172 0.00588272
121174 0.00590708
121175 0.00627543
121178 0.00511794
121181 0.00544448
121184 0.0058483
121186 0.0053055
121187 0.0055318
121190 0.00595864
121191 0.00787697
121192 0.00667491
121193 0.00530491
121194 0.00605008
121197 0.00376884
121198 0.00702427
121199 0.00619696
121200 0.00446136
121202 0.00665188
121203 0.00571541
121204 0.00422215
121206 0.00688791
121207 0.0103286
121208 0.0050813
121210 0.00666667
121211 0.00935039
