121339 0.00791937
121340 0.00922819
121343 0.00819156
121344 0.00923206
121346 0.00765217
121347 0.00508083
121348 0.00928641
121349 0.00782473
121361 0.00742972
121362 0.00737403
121365 0.00723263
121369 0.00782873
121370 0.00585118
121373 0.00783494
121374 0.00900901
121375 0.00879604
121378 0.00818158
121379 0.00557991
121381 0.00690831
121382 0.00644122
121384 0.00917021
121385 0.00712401
121387 0.00757959
121390 0.0085416
121391 0.00774648
121394 0.00756026
121395 0.00847777
121396 0.00848912
121397 0.00692881
121398 0.00785482
121399 0.00917431
121400 0.00711586
121401 0.00783605
121402 0.00676576
121406 0.00788357
121407 0.00834712
121408 0.00766332
121409 0.00834357
121414 0.00873145
121416 0.00766904
121418 0.00627878
121419 0.00792724
121420 0.00807477
121421 0.00769231
121422 0.00660939
121424 0.0062724
121425 0.00641026
121426 0.00633751
121427 0.00880027
121428 0.00424056
121429 0.00812521
121430 0.00854987
121432 0.00620404
121433 0.0082818
121434 0.006335
121435 0.00758479
121436 0.00822175
121437 0.00722482
121441 0.00670177
121442 0.0066296
121446 0.00930346
121448 0.00806598
121449 0.0072592
121454 0.00782246
121456 0.00766551
121458 0.00750655
121459 0.0100775
121474 0.00911023
121476 0.0065289
121477 0.00631845
121479 0.00689355
121480 0.00753065
121519 0.00914457
121523 0.0084009
121525 0.011079
121526 0.00796402
121527 0.00792871
121528 0.00878362
121529 0.00707851
121530 0.00770209
121531 0.00810898
121534 0.00780349
121535 0.00796279
121536 0.00939742
121539 0.00872657
121540 0.00788969
121542 0.00697418
121543 0.00525873
121544 0.00864696
121545 0.00830172
121547 0.00716695
121548 0.00722328
121549 0.00833571
121550 0.00773752
121551 0.0103029
121552 0.00645873
121553 0.00656122
121554 0.008065
121555 0.00786953
121556 0.00815065
121557 0.00768004
121558 0.00804449
121559 0.00763946
121560 0.00813717
121561 0.00845908
121563 0.00846056
121565 0.0091482
121567 0.00773782
121568 0.00737179
121569 0.00816259
121574 0.00858556
121576 0.00851141
121579 0.00474158
121580 0.0109349
121581 0.00851248
121582 0.00862069
121585 0.00814417
121588 0.00746965
121590 0.0139665
121592 0.00778284
121593 0.00832829
121595 0.00725263
121608 0.00577838
121609 0.00794882
121623 0.00867888
121624 0.00755309
121626 0.00714736
121628 0.00802229
121631 0.00780872
121633 0.00627084
121636 0.00671248
121637 0.00720235
121638 0.00835227
121639 0.00977076
121640 0.00795455
121641 0.00641963
121649 0.00590476
121650 0.00761653
121651 0.00727929
121652 0.00695479
121653 0.00869149
121656 0.00761905
121678 0.00867365
121681 0.00799938
121683 0.00779204
121684 0.00759103
121687 0.00732653
121688 0.00749154
121689 0.00702172
121694 0.00855282
121698 0.00589087
121704 0.00880226
121705 0.00810373
121706 0.00839258
121707 0.00830682
121708 0.00835198
121710 0.00656755
121711 0.00660141
121713 0.00770289
121714 0.0085649
121715 0.00725873
121716 0.0084994
121718 0.00828232
121721 0.00766862
121722 0.00868731
121723 0.00797213
121724 0.00720632
121725 0.00831091
121727 0.00894176
121728 0.00906655
121729 0.00794136
121732 0.009431
121734 0.00876578
121748 0.0072402
121750 0.00766392
121751 0.00898536
121752 0.00884222
121753 0.00835375
121754 0.00794896
121756 0.00773851
121758 0.00942557
121760 0.00866301
121764 0.00710168
121765 0.00617284
121766 0.00670224
121767 0.00759154
121768 0.00761791
121769 0.00765766
121771 0.0086928
121772 0.00976156
121774 0.00791139
121778 0.00740855
121779 0.00928505
121780 0.00923942
121781 0.0101092
121783 0.00825492
121784 0.00760313
121785 0.0074683
121787 0.00686575
121788 0.00693379
121789 0.00865886
121790 0.00642336
121792 0.00824742
121794 0.00780869
121795 0.00781068
121799 0.00835253
121800 0.0075775
121801 0.00701208
121802 0.00872798
121803 0.00728009
121804 0.00784669
121808 0.00771678
121811 0.00799603
121812 0.00863893
121813 0.00829763
121814 0.00854599
121815 0.010929
121816 0.00898225
121817 0.00721753
121819 0.00945895
121820 0.00752791
121822 0.00715473
121823 0.00759679
121824 0.00734941
121826 0.00816112
121827 0.00947727
121841 0.00773341
121842 0.00769812
121843 0.00745413
121844 0.00874795
121846 0.00838101
121847 0.00811157
121868 0.00965961
121869 0.00845116
121870 0.00740043
121872 0.0107616
121873 0.00708383
121874 0.00899696
121875 0.00768927
121876 0.00855989
121877 0.00725163
121884 0.00644089
121885 0.00696073
121887 0.00679245
121889 0.00571671
121890 0.00771307
121892 0.00672043
121897 0.0084674
121898 0.00716451
121899 0.0104406
121901 0.0077483
121902 0.0102171
121903 0.0089779
121904 0.00696667
121905 0.0089602
121906 0.00951294
121911 0.00816083
121912 0.00761317
121914 0.00396825
121915 0.00663285
121916 0.00801789
121917 0.00737083
121918 0.00821781
121920 0.00823045
121924 0.00653168
121925 0.00805639
121926 0.00971366
121927 0.00835795
121928 0.00901653
121929 0.00846682
121930 0.00761985
121932 0.00742353
121933 0.00854309
121936 0.00813908
121939 0.00816327
121940 0.00858253
121943 0.00784692
121944 0.00951662
121946 0.00769052
121948 0.00752968
121949 0.00860305
121950 0.00633206
121951 0.00770925
121952 0.00948213
121953 0.00764141
121954 0.00678588
121962 0.00701314
121963 0.00945566
121965 0.0101305
121966 0.00698274
121967 0.00696244
121968 0.00747791
121969 0.00639932
121970 0.00794778
121972 0.00838223
121973 0.00747819
121974 0.00801591
121975 0.00784949
121976 0.0082425
121985 0.0075337
121986 0.00815546
121987 0.00755885
121989 0.00616154
121992 0.00830022
121994 0.00735895
121995 0.00865464
121996 0.00844701
121997 0.00763695
121999 0.00602531
122001 0.0074657
122003 0.00809517
122006 0.00771096
122007 0.00927487
122064 0.00543478
122066 0.00492005
122069 0.00689655
122070 0.0099117
122071 0.00589971
122072 0.00763002
122073 0.00786851
122074 0.00699301
122076 0.00746915
122077 0.00954882
122079 0.00686954
122080 0.00977407
122081 0.00901451
122083 0.0106531
122085 0.00724638
122089 0.00935673
122091 0.00798281
122092 0.0074955
122093 0.00702831
122094 0.00706842
122097 0.0068662
122098 0.00819078
122099 0.00862274
122101 0.00654779
122102 0.00738627
122105 0.00872113
122108 0.00914913
122109 0.00760787
122111 0.00817904
122112 0.00750083
122114 0.00823654
122116 0.00720754
122117 0.00779046
122118 0.0083708
122123 0.00715553
122124 0.00758342
122125 0.00774902
122126 0.00798039
122127 0.00819896
122129 0.00727778
122132 0.00802448
122133 0.00791258
122134 0.0074813
122136 0.0080687
122137 0.00658938
122138 0.00813713
122139 0.00806786
122141 0.0088267
122142 0.00768072
122143 0.00824657
122146 0.0077804
122147 0.00918381
122148 0.00659212
122152 0.00748231
122153 0.00740985
122154 0.0062727
122156 0.00704065
122158 0.00949252
122159 0.00794385
122160 0.00843952
122164 0.00871391
122166 0.00844712
122167 0.00843041
122168 0.00776133
122169 0.00835629
122170 0.00791882
122172 0.00792044
122173 0.00842199
122174 0.00772548
122176 0.00807437
122178 0.00822167
