125428 0.229585
125429 0.218992
125430 0.227319
125431 0.196004
125434 0.239218
125435 0.235754
125437 0.22925
125438 0.216333
125439 0.213477
125440 0.225063
125442 0.239251
125445 0.233731
125466 0.216405
125468 0.227158
125469 0.233015
125470 0.231532
125476 0.233978
125478 0.235802
125479 0.228989
125480 0.23913
125482 0.23386
125483 0.209227
125489 0.236849
125490 0.221741
125491 0.182671
125500 0.234366
125501 0.237151
125502 0.221256
125503 0.233327
125505 0.239292
125508 0.243263
125509 0.232765
125511 0.213446
125512 0.232502
125513 0.229158
125514 0.238622
125515 0.239427
125517 0.236603
125520 0.229672
125521 0.258032
125522 0.180483
125524 0.215105
125525 0.232082
125527 0.231622
125528 0.229414
125529 0.234592
125530 0.234923
125531 0.219408
125532 0.229124
125534 0.234201
125538 0.226634
125539 0.22713
125540 0.229019
125541 0.187627
125543 0.231865
125544 0.232748
125545 0.241656
125546 0.260788
125547 0.226037
125550 0.24109
125551 0.241379
125553 0.225871
125554 0.230739
125555 0.236225
125557 0.221513
125558 0.224478
125560 0.236563
125561 0.22842
125562 0.231555
125563 0.233847
125564 0.228004
125565 0.231275
125567 0.228632
125594 0.240628
125595 0.238392
125597 0.225907
125598 0.219927
125599 0.229053
125601 0.220622
125602 0.186159
125604 0.24198
125606 0.239195
125607 0.237234
125608 0.206443
125609 0.202271
125610 0.228381
125613 0.211854
125614 0.222734
125615 0.230719
125616 0.211849
125620 0.226691
125621 0.187918
125622 0.243636
125624 0.243531
125625 0.236335
125631 0.194215
125632 0.216797
125633 0.224339
125634 0.225671
125635 0.225814
125636 0.228875
125637 0.206321
125638 0.232426
125639 0.228539
125641 0.23729
125642 0.235913
125643 0.198094
125646 0.227061
125648 0.223537
125649 0.203648
125650 0.234484
125651 0.226694
125652 0.230539
125653 0.228068
125654 0.224481
125655 0.230663
125657 0.227471
125658 0.21973
125659 0.238253
125660 0.227662
125661 0.228637
125666 0.20709
125667 0.18537
125668 0.230282
125669 0.223873
125670 0.13952
125672 0.228711
125673 0.179026
125675 0.220264
125677 0.223551
125679 0.166854
125683 0.224681
125684 0.181146
125686 0.220125
125687 0.221452
125688 0.225448
125689 0.229673
125691 0.224268
125692 0.228492
125694 0.225193
125695 0.228239
125696 0.205128
125700 0.23087
125701 0.182158
125702 0.229746
125703 0.231534
125705 0.232091
125706 0.221548
125708 0.174191
125709 0.23817
125710 0.225836
125711 0.244514
125712 0.227939
125714 0.242224
125715 0.234109
125716 0.232416
125717 0.246736
125718 0.233502
125719 0.218407
125765 0.226716
125767 0.206577
125770 0.233926
125771 0.220833
125772 0.234859
125773 0.236856
125774 0.230461
125775 0.232171
125777 0.205805
125779 0.244038
125780 0.229847
125782 0.230189
125783 0.245387
125784 0.232864
125785 0.239055
125786 0.233587
125787 0.225078
125788 0.232093
125789 0.22302
125791 0.23147
125796 0.232037
125797 0.223457
125805 0.237806
125806 0.236892
125809 0.226005
125810 0.220446
125812 0.232469
125813 0.239842
125814 0.231709
125815 0.227361
125816 0.228429
125817 0.23861
125818 0.19821
125820 0.232492
125822 0.186647
125825 0.227117
125826 0.233635
125827 0.237187
125829 0.242322
125830 0.173938
125832 0.226348
125833 0.191937
125834 0.23286
125835 0.177617
125836 0.231106
125838 0.173487
125840 0.226532
125842 0.224977
125843 0.208678
125844 0.219829
125845 0.224332
125846 0.22758
125848 0.223343
125849 0.217204
125850 0.225964
125851 0.159963
125852 0.226576
125854 0.223752
125855 0.225073
125857 0.231899
125858 0.22237
125859 0.228346
125860 0.228763
125861 0.225797
125862 0.226843
125865 0.225306
125866 0.221429
125867 0.226767
125868 0.218771
125869 0.218025
125870 0.224414
125872 0.208244
125873 0.22583
125874 0.227536
125877 0.203027
125878 0.232435
125880 0.224297
125881 0.218054
125883 0.225477
125884 0.222201
125885 0.223372
125886 0.17632
125888 0.226207
125893 0.25168
125894 0.230897
125895 0.236891
125900 0.226513
125917 0.232092
125918 0.224734
125919 0.226993
125921 0.253968
125922 0.235216
125923 0.221403
125924 0.234804
125925 0.231934
125926 0.239038
125927 0.221183
125928 0.23312
125929 0.223988
125930 0.225771
125932 0.237931
125933 0.221453
125934 0.226251
125935 0.223858
125937 0.226535
125938 0.22375
125939 0.189004
125940 0.210393
125941 0.230253
125942 0.238349
125951 0.233318
125952 0.223826
125953 0.232741
125955 0.213292
125956 0.232696
125958 0.233083
125960 0.195222
125961 0.235015
125962 0.237065
125963 0.239059
125964 0.234123
125965 0.22259
125966 0.186205
125968 0.196657
125969 0.187479
125970 0.232478
125971 0.230959
125972 0.232872
125973 0.23032
125974 0.182282
125977 0.231345
125979 0.232137
125980 0.237594
125981 0.232268
125982 0.23266
125983 0.2372
125984 0.194723
125985 0.176637
125986 0.228713
125987 0.229597
125989 0.220903
125990 0.226796
125992 0.232329
125993 0.219053
125997 0.204545
126000 0.217467
126005 0.227655
126006 0.229046
126007 0.189241
126008 0.216504
126009 0.226401
126010 0.224959
126012 0.218225
126014 0.231433
126015 0.22507
126016 0.221028
126017 0.224018
126019 0.227224
126020 0.222138
126024 0.22423
126025 0.224929
126026 0.197458
126027 0.235587
126028 0.230564
126030 0.23057
126031 0.244946
126032 0.225846
126033 0.233659
126034 0.22508
126035 0.237527
126036 0.240671
126039 0.222835
126040 0.235473
126043 0.235179
126044 0.235852
126045 0.234167
126046 0.232609
126047 0.237723
126056 0.230927
126057 0.229186
126058 0.240103
126060 0.216114
126061 0.230018
126064 0.24131
126065 0.231062
126082 0.231065
126083 0.22956
126084 0.237454
126086 0.224316
126108 0.23223
126109 0.21464
126110 0.240672
126111 0.23439
126112 0.230531
126113 0.234615
126116 0.230988
126118 0.233548
126119 0.231081
126120 0.228872
126121 0.232013
126122 0.243539
126123 0.232116
126125 0.230514
126126 0.233154
126127 0.225949
126129 0.232481
126130 0.234993
126131 0.230527
126132 0.231003
126135 0.236805
126137 0.228111
126138 0.225121
126140 0.230865
126141 0.228584
126142 0.221506
126143 0.206923
126144 0.204107
126145 0.230483
126146 0.232396
126151 0.235523
126152 0.220657
126158 0.23561
126159 0.231511
126161 0.226224
126162 0.236033
126163 0.235926
126164 0.233549
126165 0.232916
126167 0.220751
126168 0.237703
126169 0.197988
126170 0.234857
126172 0.228443
126173 0.199263
126175 0.228662
126176 0.185097
126180 0.24017
126181 0.229056
126182 0.221145
126184 0.231339
126185 0.229109
126186 0.225352
126187 0.226391
126189 0.222589
126190 0.223318
126191 0.214763
126192 0.225984
126193 0.222902
126194 0.217182
126195 0.227634
126197 0.226247
126204 0.233959
