127588 0.233904
127589 0.19416
127592 0.230464
127594 0.233392
127598 0.224649
127600 0.225149
127601 0.223501
127602 0.226871
127603 0.231509
127606 0.231434
127610 0.231514
127611 0.229545
127612 0.230979
127613 0.22999
127615 0.233332
127619 0.222506
127620 0.226788
127621 0.231333
127622 0.22664
127623 0.197589
127625 0.228481
127626 0.227656
127627 0.225531
127630 0.218071
127631 0.222237
127635 0.227286
127637 0.230422
127638 0.224596
127641 0.237071
127642 0.231728
127643 0.234543
127644 0.225205
127645 0.226249
127646 0.2308
127647 0.217696
127650 0.214091
127651 0.238325
127652 0.227002
127654 0.231651
127657 0.22926
127659 0.234543
127661 0.22723
127662 0.232653
127663 0.233702
127664 0.220557
127667 0.236861
127668 0.2343
127670 0.233694
127673 0.222556
127677 0.225835
127678 0.2309
127680 0.233232
127681 0.229791
127682 0.234706
127683 0.189878
127684 0.235669
127685 0.230936
127690 0.234642
127691 0.226675
127692 0.239846
127694 0.234089
127695 0.233846
127698 0.203095
127700 0.230898
127701 0.238399
127702 0.23166
127703 0.230001
127704 0.232088
127710 0.230273
127711 0.232325
127712 0.229869
127721 0.220353
127722 0.23224
127723 0.241664
127725 0.23075
127729 0.315758
127731 0.339394
127735 0.330919
127737 0.158559
127739 0.242072
127740 0.289277
127761 0.229283
127762 0.232438
127764 0.242714
127765 0.246424
127766 0.232252
127767 0.229977
127768 0.227076
127769 0.230606
127770 0.245564
127791 0.22974
127793 0.237634
127794 0.24437
127795 0.238426
127796 0.233884
127797 0.228668
127798 0.234895
127799 0.236432
127800 0.238271
127802 0.244222
127803 0.245835
127804 0.237306
127805 0.216764
127806 0.244502
127807 0.236324
127809 0.239594
127810 0.243496
127813 0.22668
127814 0.237527
127815 0.233275
127818 0.240387
127819 0.232994
127820 0.246552
127822 0.232969
127826 0.253642
127828 0.238879
127830 0.240178
127831 0.225302
127832 0.224321
127833 0.238155
127834 0.235183
127835 0.235164
127837 0.233149
127838 0.2277
127839 0.237884
127840 0.232667
127841 0.233495
127842 0.236207
127843 0.237433
127844 0.230684
127845 0.231716
127846 0.233855
127856 0.235334
127858 0.234405
127859 0.232698
127861 0.233547
127863 0.229514
127864 0.22804
127865 0.226291
127866 0.233394
127867 0.237525
127870 0.174152
127874 0.232446
127877 0.239679
127880 0.236875
127884 0.22959
127885 0.233088
127886 0.233178
127889 0.235768
127891 0.241324
127892 0.239305
127893 0.233921
127894 0.236384
127895 0.24795
127897 0.227796
127902 0.322954
127904 0.360981
127905 0.321429
127924 0.23028
127925 0.233268
127927 0.225553
127928 0.218104
127931 0.219193
127932 0.231295
127933 0.240152
127951 0.217391
127955 0.204752
127958 0.237555
127959 0.23335
127961 0.226529
127962 0.236477
127963 0.235248
127967 0.245714
127968 0.233173
127969 0.22666
127970 0.208131
127971 0.227724
127981 0.207009
127984 0.222092
127986 0.233816
127989 0.228136
127990 0.234119
127991 0.231673
127992 0.179363
127994 0.228873
127995 0.204307
127996 0.233941
127997 0.236486
127998 0.230483
127999 0.222969
128000 0.221824
128001 0.183157
128003 0.222421
128004 0.209405
128005 0.22941
128006 0.219066
128007 0.230217
128008 0.233865
128009 0.241287
128010 0.225055
128011 0.222533
128012 0.19821
128017 0.230781
128019 0.227713
128020 0.23203
128021 0.238055
128022 0.222926
128024 0.230819
128025 0.23623
128029 0.23956
128030 0.234249
128031 0.232132
128032 0.225288
128035 0.237706
128036 0.238409
128040 0.244251
128043 0.242688
128044 0.233444
128046 0.233978
128050 0.232771
128052 0.236977
128054 0.2344
128055 0.238595
128056 0.204216
128063 0.23269
128064 0.235259
128065 0.239912
128068 0.297741
128069 0.308642
128086 0.215259
128101 0.234756
128105 0.239508
128106 0.231693
128109 0.246344
128111 0.222518
128115 0.210995
128116 0.213568
128117 0.236645
128121 0.231437
128122 0.240948
128123 0.230153
128124 0.223558
128125 0.235606
128128 0.229421
128130 0.227893
128131 0.225442
128132 0.231006
128133 0.23291
128134 0.229978
128135 0.233078
128137 0.227704
128138 0.225854
128141 0.23673
128144 0.231909
128145 0.226772
128146 0.241957
128147 0.240908
128148 0.227506
128149 0.236327
128150 0.205117
128152 0.228087
128153 0.242815
128154 0.230242
128155 0.194117
128157 0.237177
128158 0.232755
128160 0.233492
128163 0.228909
128169 0.234343
128170 0.23451
128171 0.231671
128172 0.220526
128173 0.237203
128176 0.23317
128177 0.225935
128178 0.226845
128179 0.229045
128180 0.2275
128181 0.229126
128182 0.226994
128185 0.228463
128186 0.234447
128187 0.233913
128188 0.23751
128189 0.223594
128190 0.226638
128194 0.223721
128195 0.231768
128197 0.2314
128198 0.225337
128199 0.237011
128200 0.233899
128201 0.22878
128202 0.228091
128204 0.227139
128208 0.235573
128210 0.227722
128211 0.229101
128212 0.233589
128213 0.233247
128214 0.18928
128215 0.236538
128217 0.232045
128220 0.229355
128223 0.231442
128238 0.23274
128260 0.215909
128263 0.212736
128264 0.250712
128265 0.226516
128266 0.217884
128268 0.184615
128285 0.211268
128288 0.241734
128289 0.252679
128290 0.210317
128291 0.229001
128293 0.227447
128294 0.23795
128295 0.227821
128297 0.224839
128298 0.236018
128303 0.224897
128305 0.221589
128306 0.223291
128307 0.215786
128309 0.231933
128310 0.227434
128312 0.220003
128313 0.23231
128314 0.221402
128315 0.230435
128316 0.231526
128326 0.210409
128327 0.227037
128341 0.231782
128348 0.234442
128350 0.231295
128351 0.22133
128354 0.226797
128356 0.232642
128357 0.230695
128360 0.231602
128362 0.195417
128363 0.230963
128364 0.228084
128365 0.238653
128366 0.224286
128369 0.23408
128372 0.230948
128373 0.223929
128376 0.230833
128377 0.234754
128378 0.232815
128379 0.235113
128380 0.230169
128382 0.23475
128383 0.226671
128387 0.22508
128389 0.234717
128391 0.236051
128392 0.236264
128393 0.236411
128394 0.237472
128395 0.239841
128396 0.238529
128397 0.232914
128399 0.23045
128400 0.235167
128401 0.227129
