124625 0.236308
124626 0.235996
124629 0.235207
124630 0.243282
124632 0.239819
124633 0.236831
124636 0.234726
124639 0.234966
124640 0.23033
124641 0.210439
124643 0.225893
124644 0.228173
124645 0.222718
124647 0.228305
124648 0.227233
124650 0.219332
124651 0.222525
124652 0.226554
124655 0.221494
124657 0.217693
124658 0.229082
124659 0.234357
124660 0.23731
124663 0.235449
124665 0.203064
124667 0.231296
124668 0.239148
124671 0.240764
124672 0.238968
124673 0.238948
124674 0.236741
124675 0.241439
124676 0.237485
124677 0.239394
124679 0.231761
124680 0.20695
124681 0.24156
124684 0.24086
124685 0.238508
124687 0.241314
124688 0.237107
124690 0.237268
124691 0.234097
124699 0.2363
124701 0.235705
124702 0.2326
124704 0.233328
124705 0.232122
124706 0.230184
124707 0.230595
124708 0.22868
124709 0.23014
124711 0.22686
124712 0.227349
124713 0.228132
124714 0.227427
124716 0.227347
124718 0.226124
124719 0.227036
124720 0.227124
124721 0.228378
124722 0.230685
124725 0.232028
124726 0.230578
124727 0.230405
124728 0.229681
124729 0.23093
124730 0.230131
124731 0.232579
124732 0.229709
124733 0.231553
124734 0.234991
124735 0.230149
124736 0.235103
124747 0.295455
124767 0.326716
124779 0.227039
124780 0.232858
124785 0.223582
124786 0.247333
124796 0.242443
124807 0.226185
124808 0.23623
124809 0.223326
124810 0.213444
124812 0.232046
124814 0.230769
124816 0.237429
124820 0.228315
124822 0.231453
124823 0.237079
124824 0.237199
124828 0.237055
124831 0.232008
124836 0.233225
124845 0.233551
124849 0.217728
124851 0.238576
124852 0.237341
124853 0.236138
124855 0.23303
124856 0.238048
124860 0.233512
124861 0.237502
124862 0.236456
124863 0.232681
124864 0.237258
124865 0.234971
124870 0.213491
124871 0.21568
124875 0.234298
124877 0.23708
124878 0.240749
124879 0.235029
124880 0.23993
124881 0.241555
124882 0.237902
124883 0.234703
124884 0.236207
124886 0.237437
124887 0.232865
124888 0.236153
124889 0.232635
124890 0.234138
124892 0.236837
124894 0.232597
124895 0.23297
124896 0.234426
124897 0.231683
124898 0.231713
124899 0.191772
124901 0.231192
124902 0.188599
124903 0.225184
124904 0.228217
124905 0.220294
124906 0.229994
124907 0.235366
124909 0.230426
124912 0.228232
124913 0.213836
124915 0.227587
124917 0.226711
124925 0.321621
124927 0.325926
124930 0.311054
124932 0.302361
124934 0.33028
124935 0.337748
124936 0.316862
124954 0.230377
124960 0.228261
124961 0.236532
124962 0.172077
124963 0.218489
124966 0.235185
124967 0.231272
124968 0.230605
124969 0.226011
124970 0.230853
124971 0.230568
124972 0.237952
124973 0.222247
124974 0.231553
124975 0.232522
124979 0.232562
124981 0.236484
124982 0.233844
124984 0.233181
124986 0.232154
124988 0.233385
124989 0.233852
124992 0.238975
124993 0.238765
124994 0.234755
124995 0.229995
124997 0.229667
124999 0.235492
125000 0.237895
125001 0.233319
125003 0.231069
125004 0.23248
125009 0.236709
125012 0.23581
125015 0.238329
125017 0.236578
