122797 0.176056
122471 0.200692
123281 0.222689
122575 0.211364
122752 0.213528
123097 0.224747
122728 0.201729
122514 0.190604
122809 0.222841
122413 0.148889
122273 0.211039
122686 0.22561
122454 0.198813
122650 0.200581
122798 0.202602
122568 0.201183
122277 0.184874
123016 0.200361
122751 0.261658
122838 0.181538
123063 0.184524
122276 0.247664
122540 0.208651
123067 0.181701
123274 0.212885
123227 0.210986
122252 0.193995
122647 0.2
122537 0.185345
123245 0.226131
122642 0.211896
122252 0.21875
122294 0.219298
122838 0.215385
122485 0.265734
122628 0.283133
122728 0.228571
122345 0.181818
122739 0.207286
122649 0.178667
122987 0.227642
123209 0.177127
122823 0.197419
122306 0.216216
122574 0.196937
122551 0.218679
123042 0.203704
122881 0.201717
122589 0.225873
123278 0.180737
123024 0.230458
122683 0.222417
122314 0.220947
122428 0.18323
122799 0.216867
122313 0.202822
122557 0.177852
122253 0.192308
122858 0.213075
122869 0.205245
122461 0.197898
123251 0.220715
122785 0.189189
123049 0.229443
122425 0.242567
122805 0.195473
122634 0.207237
122489 0.186722
123085 0.191919
122710 0.213406
123040 0.205333
122996 0.208333
122251 0.1875
122539 0.213542
122626 0.188218
123091 0.20398
123038 0.203837
123196 0.212121
122422 0.195046
123210 0.25
123207 0.197644
123278 0.211124
123058 0.19708
122679 0.216049
122291 0.212903
122297 0.185864
122420 0.1875
122665 0.18797
122462 0.257812
122275 0.206452
122618 0.203576
122461 0.201663
123023 0.171429
123065 0.198547
122874 0.173913
123301 0.213379
122272 0.206349
122279 0.203655
123062 0.186321
122587 0.228873
122426 0.220949
122453 0.184211
122649 0.213026
123087 0.216995
122292 0.195266
123043 0.201094
122789 0.194192
122527 0.191429
122632 0.205479
122778 0.195853
122820 0.204703
122813 0.210191
122832 0.199475
122827 0.199187
122847 0.182375
122341 0.163121
122642 0.21004
122856 0.21519
122586 0.210811
122866 0.19708
122568 0.190341
123258 0.199693
122691 0.197388
122647 0.1875
122781 0.198529
123225 0.20641
122463 0.213879
122428 0.208539
122570 0.202627
122863 0.20715
123089 0.205374
123279 0.2
122489 0.18509
122722 0.218487
122569 0.225705
123077 0.195876
122990 0.173913
122770 0.212264
122285 0.172511
122741 0.194053
122439 0.197044
122833 0.164649
122778 0.202247
122625 0.210721
122710 0.194771
122561 0.207895
123090 0.186408
122608 0.198905
123034 0.14539
122454 0.196721
123275 0.189153
123198 0.196356
122309 0.187898
122606 0.176829
122526 0.172535
122729 0.19419
123193 0.199531
122825 0.222938
122463 0.171817
122648 0.217617
122354 0.214286
122860 0.183417
122423 0.218182
122722 0.220544
122873 0.165653
122427 0.191071
122511 0.186969
122496 0.221569
122623 0.172619
122415 0.211581
123225 0.188406
122472 0.191358
122736 0.174274
123081 0.16955
122519 0.14876
122606 0.175
122729 0.197497
122842 0.208378
122711 0.198437
123266 0.197782
122336 0.201031
123074 0.205882
122501 0.194878
122360 0.218208
122698 0.21745
122342 0.232877
123293 0.230241
122319 0.207192
122692 0.194602
122493 0.202721
122289 0.19084
122701 0.219285
122498 0.188166
122700 0.200524
122691 0.217456
123240 0.218618
122619 0.212389
123065 0.222087
122863 0.184181
123210 0.189655
122630 0.2133
122826 0.208494
123219 0.199063
122452 0.201102
122786 0.222552
123175 0.216783
122556 0.209964
122703 0.145349
123272 0.224115
122603 0.231029
123178 0.204545
122800 0.19403
123022 0.199422
122464 0.222619
122859 0.198582
122827 0.23231
122629 0.204574
123070 0.20235
122450 0.173977
123205 0.204301
122673 0.186136
122867 0.220918
122870 0.203448
123224 0.193309
123227 0.210243
122524 0.21975
122620 0.210894
122307 0.210835
123295 0.187636
122744 0.226614
122561 0.223433
122867 0.231579
123041 0.217988
122686 0.181287
123164 0.191617
122787 0.181373
122743 0.203065
123233 0.240458
122677 0.197403
122514 0.191601
122570 0.202627
123081 0.21673
122281 0.18797
122321 0.188776
122246 0.182203
123054 0.2
122738 0.23152
122575 0.210127
122310 0.21028
123050 0.182573
122281 0.27044
123277 0.195822
122690 0.207576
122777 0.160804
122728 0.216802
123165 0.126437
122590 0.223629
122357 0.202532
122704 0.202997
122810 0.205882
122628 0.196203
123269 0.181818
122349 0.25731
122489 0.21519
123303 0.206349
123083 0.210843
122514 0.213731
122562 0.205656
123003 0.196319
123268 0.189586
123028 0.196375
122433 0.202941
122727 0.221053
123218 0.208719
122586 0.212121
122461 0.197842
122545 0.176923
122577 0.207729
122301 0.201299
122323 0.219632
123019 0.196393
122264 0.192568
122695 0.229814
123218 0.20121
122823 0.212598
122682 0.202899
123078 0.16
122369 0.237209
123269 0.184896
123250 0.220028
122735 0.21419
122721 0.177778
122853 0.166667
122661 0.181818
122502 0.208238
122317 0.169014
122665 0.212406
122773 0.2
123066 0.184019
122596 0.197802
123176 0.231579
122487 0.202864
123275 0.20592
122448 0.174962
122510 0.179235
123302 0.171171
123090 0.191634
122551 0.248307
122297 0.183511
122743 0.196237
122268 0.186347
123233 0.188235
122820 0.206943
123196 0.201327
123205 0.216667
123027 0.199387
122844 0.220721
123038 0.195699
123065 0.194444
123264 0.170213
122654 0.18732
122816 0.209449
123238 0.208955
122736 0.199519
122753 0.199726
123085 0.207904
122412 0.196121
122618 0.186928
122462 0.220472
122247 0.204159
122293 0.212281
122350 0.257576
122741 0.203733
122674 0.193676
122564 0.177778
122409 0.228782
122711 0.200927
122287 0.196498
122667 0.246305
122538 0.20339
122347 0.212766
122825 0.22335
122643 0.22238
122413 0.200472
123279 0.195332
123259 0.212377
122846 0.21405
122468 0.200935
122654 0.214386
122450 0.216216
122781 0.219653
123267 0.181688
122291 0.202985
122641 0.209169
122880 0.214286
122249 0.2
122620 0.214732
122845 0.195953
122855 0.217221
122321 0.206522
122815 0.1875
122625 0.211573
123290 0.210526
122293 0.203267
122835 0.18865
123035 0.183962
123169 0.192982
123207 0.18742
122619 0.197982
122471 0.191439
122535 0.202733
122317 0.237762
123294 0.2
123019 0.216049
122521 0.189055
123003 0.235616
122606 0.291005
123170 0.165775
122437 0.214953
122305 0.195652
122466 0.200257
122568 0.202417
123093 0.184049
122511 0.198895
122297 0.177353
123164 0.189189
122561 0.19337
123056 0.185606
123063 0.184444
122309 0.230183
122702 0.242152
122646 0.198939
122268 0.199319
122269 0.216867
123272 0.202216
122425 0.230648
122562 0.229381
123300 0.21118
122539 0.2194
122690 0.201964
123300 0.219212
122497 0.197168
123091 0.195122
123252 0.193807
122576 0.141304
122695 0.220414
122803 0.184524
122646 0.218509
122350 0.201117
122440 0.2
122812 0.182197
122746 0.200762
122614 0.193591
122797 0.205176
122251 0.204334
122347 0.263566
123196 0.170124
122288 0.187135
122538 0.230769
122344 0.222222
122319 0.214516
122852 0.206439
122614 0.223545
122466 0.206452
123059 0.202312
123022 0.223816
122687 0.19187
123260 0.210256
122575 0.184579
122269 0.183398
122277 0.212042
122856 0.217391
123248 0.210744
122705 0.212928
122469 0.215259
122422 0.155488
122496 0.178439
122786 0.209632
122432 0.195933
122433 0.199367
123225 0.163102
122744 0.18637
122590 0.186957
123058 0.208754
123193 0.177378
122272 0.197802
122772 0.194175
122615 0.189723
122745 0.225389
122275 0.217791
122871 0.193506
122804 0.210926
123170 0.226519
123036 0.201897
122342 0.25
122681 0.207171
122650 0.195402
122712 0.219081
123169 0.180488
122702 0.172269
122730 0.214966
122831 0.185734
123295 0.185641
123202 0.229358
122524 0.210894
123302 0.245763
122416 0.192593
122555 0.236301
122685 0.221477
122336 0.181287
122602 0.199683
122317 0.169231
123044 0.201695
122696 0.200303
122447 0.179641
122604 0.203947
122602 0.201754
122564 0.233668
122443 0.201807
122780 0.216495
122667 0.167979
122713 0.210853
122873 0.197836
122496 0.20367
122783 0.231293
122330 0.196568
122685 0.211268
122351 0.160494
122420 0.194553
122786 0.205521
122455 0.230061
122743 0.192308
123052 0.19586
122726 0.190654
123256 0.217635
122579 0.224138
122608 0.20034
122432 0.173684
122437 0.273684
122753 0.186755
123058 0.213953
122269 0.176271
122541 0.20936
122776 0.175066
122330 0.205008
122730 0.196477
122683 0.213913
122687 0.184433
122641 0.211957
122618 0.202114
123213 0.202177
122527 0.217266
123290 0.197674
123285 0.181996
122550 0.205656
122819 0.204861
122365 0.198276
123097 0.195055
122752 0.223358
122360 0.217514
122873 0.215022
122813 0.206667
122410 0.186296
122573 0.191419
122874 0.193603
123167 0.196364
122777 0.222222
122813 0.218085
122642 0.17875
123223 0.213777
122569 0.188953
123025 0.185299
122746 0.181592
122497 0.200665
122411 0.220339
122832 0.198999
123172 0.188462
122289 0.220149
122827 0.217335
122809 0.1513
123200 0.170068
122640 0.182448
122833 0.215109
122283 0.201942
123018 0.210993
122245 0.24375
123201 0.203285
122542 0.196335
123003 0.207493
123056 0.243697
122322 0.213333
122309 0.215716
122789 0.227848
123093 0.212644
122314 0.230769
122995 0.192308
122313 0.207131
122473 0.210526
122684 0.203304
123274 0.225543
122310 0.220588
123011 0.21097
123165 0.215909
123036 0.192256
122699 0.219902
123020 0.214493
123237 0.197269
122689 0.238411
122418 0.23475
122294 0.210273
122549 0.185355
123285 0.22549
122988 0.19375
122874 0.191806
122536 0.238612
122508 0.177976
122741 0.193303
122653 0.194307
122855 0.193676
122452 0.190996
122465 0.19875
122274 0.215289
122537 0.22695
122998 0.215434
123210 0.220183
122545 0.18797
123004 0.179331
123170 0.209677
122746 0.181932
122819 0.187702
122560 0.18232
122414 0.19426
122773 0.196217
123078 0.132743
122634 0.188679
123068 0.217623
123083 0.216346
122292 0.191781
122463 0.211976
122439 0.210046
122776 0.224026
122452 0.180822
122986 0.251799
122714 0.210884
122712 0.238182
123023 0.196026
122852 0.230461
122323 0.216755
122870 0.208617
122357 0.210526
122485 0.2
122800 0.190114
122801 0.191235
122623 0.178886
122783 0.199063
122631 0.172619
122766 0.172324
123204 0.226721
123088 0.216024
122626 0.188366
123211 0.210989
122589 0.159923
123172 0.21371
122708 0.221122
123042 0.215116
122249 0.194444
123029 0.218003
122986 0.214765
123229 0.216573
122310 0.206949
122731 0.205651
122820 0.189907
122520 0.21875
123067 0.202952
122556 0.129151
122847 0.212379
122426 0.203526
122737 0.212928
122625 0.209386
122648 0.19
122486 0.206697
122672 0.217742
122525 0.199017
122263 0.125
122571 0.184615
122508 0.167026
122484 0.217391
123035 0.237374
123197 0.208511
123012 0.21097
123024 0.185286
122525 0.207026
122626 0.201635
123223 0.165179
122550 0.172867
122315 0.215877
122572 0.234592
122430 0.179081
123026 0.185695
123280 0.185771
122745 0.211634
122357 0.229885
122493 0.226463
122862 0.211779
122999 0.154839
122620 0.191989
122342 0.161017
123028 0.190547
122339 0.208791
122605 0.200704
122967 0.190217
122835 0.180995
122869 0.194595
122537 0.186253
122569 0.15674
122689 0.227273
122307 0.200873
122738 0.220264
122449 0.185053
122574 0.182222
123060 0.192841
123211 0.221429
122439 0.179167
122682 0.216993
122815 0.187228
122780 0.186047
122860 0.209951
122498 0.195006
123087 0.204839
122429 0.189873
123039 0.179104
122252 0.198113
122630 0.189373
122988 0.210526
122693 0.198885
122274 0.211447
122830 0.19589
123084 0.193989
122447 0.221333
122545 0.226064
122737 0.206633
122521 0.197561
122832 0.229822
123304 0.202479
123054 0.191977
122510 0.209821
122739 0.180769
122365 0.223629
122326 0.21466
122573 0.178761
123290 0.227027
122779 0.20331
123258 0.222065
122613 0.167442
122264 0.241803
122326 0.212544
123207 0.216898
122631 0.17033
122712 0.250871
122628 0.183432
122349 0.179894
123040 0.189041
122585 0.213262
123178 0.223022
122559 0.218232
122527 0.176935
122519 0.142857
122796 0.200988
122286 0.233553
122657 0.197753
123243 0.254717
122576 0.283333
122740 0.182973
122798 0.216514
122665 0.17757
122429 0.224299
122472 0.211429
122599 0.183673
122816 0.204893
122845 0.204124
123041 0.202744
122524 0.18024
122675 0.2
122493 0.195059
122315 0.183196
122797 0.209507
122605 0.205624
122604 0.20625
122294 0.223833
122729 0.193333
122492 0.197248
123261 0.2
122507 0.180822
122752 0.183119
123029 0.185022
123248 0.196653
122449 0.168919
123206 0.202469
123301 0.195962
122824 0.184143
123050 0.190789
123014 0.208333
122801 0.219251
122772 0.1875
123056 0.204918
122443 0.203785
122690 0.179331
122579 0.207407
122414 0.207469
122344 0.4375
122737 0.183155
123021 0.219298
122998 0.217687
122843 0.210584
122990 0.111111
122557 0.226481
122705 0.178
122704 0.219346
123303 0.271605
123055 0.205451
123215 0.19197
123198 0.18931
123269 0.211718
123264 0.207084
123004 0.195652
122643 0.208589
122841 0.187256
123055 0.164461
123039 0.240719
122640 0.225877
122559 0.194805
122505 0.167464
123012 0.192825
122740 0.202989
122502 0.219163
122777 0.213953
122433 0.19244
123055 0.198718
122754 0.209141
123294 0.206501
122835 0.188513
122812 0.198822
122447 0.180556
122500 0.197932
122356 0.232033
122587 0.201786
122730 0.198675
123224 0.213068
122353 0
122629 0.225225
123089 0.223124
122520 0.202765
122603 0.21885
123175 0.22449
122293 0.208178
122331 0.224138
123021 0.208517
123164 0.191083
122615 0.194937
122838 0.193443
122540 0.246341
122445 0.15873
122466 0.19727
123270 0.247191
122426 0.192424
122521 0.206897
123206 0.210012
123202 0.185328
122632 0.161017
122673 0.198113
122816 0.220472
123052 0.207937
123060 0.208936
122630 0.196165
122315 0.208451
122693 0.186094
122602 0.190323
123013 0.222222
122508 0.196487
122781 0.226361
123166 0.180982
122714 0.218589
122768 0.227459
123027 0.218462
122726 0.213462
122995 0.205438
122472 0.210526
122695 0.195312
123018 0.205624
122702 0.22549
122803 0.197568
122245 0.193548
122577 0.203091
122773 0.176056
122549 0.215517
122640 0.196305
123168 0.247706
122881 0.204255
122799 0.190813
122280 0.209589
122278 0.201149
123088 0.217435
122701 0.214619
122999 0.204611
122501 0.224359
122585 0.206774
123262 0.202643
122594 0.196154
123077 0.184211
122676 0.180441
122246 0.176221
123049 0.209841
123304 0.180672
122556 0.222581
122987 0.274336
122276 0.253275
123198 0.240343
122808 0.117647
123258 0.219472
123084 0.222513
122967 0.223958
122714 0.262385
123229 0.190722
122473 0.208481
122870 0.215665
122507 0.207386
123267 0.218667
122480 0.197425
123169 0.20197
122440 0.190108
122658 0.245552
123018 0.217905
123060 0.209032
122449 0.183051
123243 0.187023
122658 0.172757
122298 0.202685
122599 0.172662
122450 0.202435
122674 0.176991
123277 0.220253
123088 0.208205
122307 0.209677
122548 0.221106
122744 0.220762
122245 0.226471
122689 0.160622
122487 0.189437
122778 0.179204
122733 0.243243
122749 0.213483
122755 0.170341
122698 0.217523
122652 0.202729
122755 0.184211
123268 0.192529
123166 0.242236
122445 0.17833
122264 0.21843
122868 0.197838
122831 0.22818
122331 0.170213
122486 0.205431
122692 0.205801
122998 0.217125
122677 0.211718
122555 0.203704
122356 0.2
123201 0.223464
122480 0.190805
122785 0.23506
122363 0.190058
123243 0.17757
122353 0
122648 0.192982
122610 0.205607
122349 0.160377
122526 0.211834
122488 0.224018
122319 0.193388
122821 0.188218
122650 0.211538
122616 0.197147
122999 0.221498
122288 0.202643
122448 0.216
122277 0.214667
122686 0.148148
122755 0.187266
122440 0.223228
123168 0.170149
122288 0.185976
123251 0.204961
122844 0.211561
123251 0.151819
122453 0.203264
122679 0.18232
123259 0.21372
123224 0.194444
123083 0.195761
122779 0.229665
122428 0.22043
122276 0.2
122285 0.227011
122414 0.202673
122767 0.195067
122354 0.206564
122675 0.182203
122468 0.185104
122510 0.197701
122423 0.22291
123253 0.200249
122613 0.219626
123101 0.206287
123172 0.202479
123034 0.176647
122858 0.211679
122993 0.150442
122649 0.223313
123281 0.185567
123218 0.197183
123280 0.222649
122526 0.212691
122326 0.194208
123219 0.18523
123025 0.194969
123048 0.199067
122418 0.205285
122653 0.205529
123016 0.166008
122411 0.213362
123303 0.259259
122430 0.165171
122351 0.197183
123202 0.201835
122321 0.183569
122674 0.23488
122557 0.20229
122853 0.163265
122502 0.185307
122766 0.201493
123028 0.166189
122747 0.19346
122880 0.193317
122708 0.19573
122425 0.224684
123252 0.208276
123200 0.170543
122423 0.215686
122847 0.185606
122769 0.181406
122427 0.214679
122563 0.206349
122275 0.197324
122646 0.172414
122437 0.263158
122274 0.194529
122653 0.216521
122560 0.208738
122676 0.20603
123001 0.203647
122323 0.206816
122509 0.211429
122710 0.236439
122365 0.172691
122363 0.196319
123026 0.215633
122703 0.171053
122821 0.218425
122520 0.209607
122727 0.22486
122253 0.197701
123062 0.20386
123070 0.213158
122693 0.196429
122322 0.195431
122366 0.228833
122599 0.206897
122691 0.188579
122339 0.20442
122432 0.196396
122866 0.205021
122420 0.188049
123077 0.136986
122292 0.183333
122469 0.198391
122856 0.176471
122536 0.207547
123226 0.201031
122672 0.208392
122585 0.231156
122555 0.193916
123081 0.219931
122434 0.170886
122866 0.206096
123074 0.177515
123084 0.206107
122672 0.202937
122296 0.210762
122801 0.219684
122704 0.199434
122570 0.201087
122344 0.05
122821 0.212283
123020 0.204787
123204 0.157343
122798 0.213333
122448 0.196237
123067 0.184049
122776 0.201166
122770 0.212254
122246 0.228507
123101 0.218324
122696 0.196947
122824 0.19759
122507 0.187817
122586 0.219895
122415 0.226601
122487 0.199552
122485 0.182432
123200 0.185484
122658 0.203175
122751 0.19435
123014 0.238095
122881 0.187368
122468 0.203661
122868 0.202835
122605 0.216612
122410 0.183505
122286 0.205521
123050 0.197564
122766 0.177725
122550 0.202934
122604 0.217687
122721 0.189189
123013 0.352941
122455 0.198519
122641 0.208934
122844 0.181818
122353 0.25
122657 0.190045
122619 0.193838
122731 0.193732
123281 0.22547
122676 0.194406
122467 0.209406
123277 0.175231
122434 0.169014
122846 0.225216
122503 0.21883
122296 0.190278
122300 0.212195
122871 0.203509
122594 0.207746
122473 0.202043
122754 0.192958
122879 0.237828
122412 0.20614
123001 0.227425
122548 0.191429
123270 0.214286
123041 0.207681
122787 0.206349
123275 0.203907
123054 0.206566
122573 0.214953
123253 0.190358
122434 0.2
123205 0.1875
123304 0.1875
123168 0.234332
122579 0.22293
123049 0.213986
123209 0.182065
122541 0.179747
122684 0.208388
123193 0.189119
122632 0.225532
122306 0.203804
122593 0.240458
122465 0.208382
123011 0.207459
122738 0.18958
122826 0.238156
122800 0.240672
123043 0.205307
122859 0.19322
122735 0.196178
122560 0.221354
122687 0.229133
123002 0.196013
122280 0.207398
122541 0.168981
122305 0.188976
122330 0.160976
122830 0.188889
122855 0.196281
123204 0.207018
123023 0.178354
123252 0.205845
122783 0.176587
123040 0.207124
122634 0.216912
122509 0.213948
123068 0.216931
122347 0.20155
123219 0.222906
122500 0.197368
122880 0.214106
122810 0.184739
122654 0.208276
123167 0.22028
123238 0.20108
122416 0.192982
122352 0.333333
122685 0.200466
122350 0.236842
123270 0.162242
122643 0.183217
122990 0.155844
122305 0.212598
122862 0.195039
122825 0.197659
123097 0.212411
122418 0.227092
122312 0.197898
123087 0.211382
123001 0.22973
122871 0.176712
123090 0.209961
122843 0.220697
122736 0.206098
122256 0.216606
122549 0.251701
122559 0.202469
122331 0.173077
122711 0.184532
123013 0.166667
122535 0.176887
122682 0.20026
122429 0.198347
122734 0.19544
122722 0.194444
122830 0.197315
122354 0.252567
122833 0.182754
122415 0.2175
122739 0.208494
123035 0.202381
122467 0.208195
123250 0.19171
122859 0.177001
122804 0.195205
122453 0.185583
123019 0.216535
122593 0.152709
123264 0.205801
123091 0.185185
123240 0.175966
122551 0.191983
122780 0.195652
122726 0.208829
122802 0.194444
122283 0.238095
122360 0.220414
122987 0.19469
122692 0.204748
122858 0.202219
122808 0.222222
122616 0.184278
122988 0.229885
122727 0.203496
122539 0.203233
122802 0.211356
123165 0.183673
122369 0.138528
123027 0.198519
123175 0.181467
123074 0.265957
122787 0.195876
122492 0.231132
123048 0.198036
122300 0.18896
122424 0.218944
122616 0.196078
122341 0.241176
122769 0.191537
122629 0.198999
122256 0.189003
122772 0.203438
122301 0.203779
122594 0.189781
122613 0.20398
122462 0.149606
123012 0.20297
123066 0.190083
122681 0.2
123227 0.179592
123274 0.232323
122492 0.241379
122841 0.202719
122345 0.333333
122540 0.192118
122505 0.189189
122445 0.170901
122352 0.25641
122753 0.221622
122298 0.207497
122356 0.194393
122661 0.206897
122273 0.183168
122488 0.19222
122615 0.216184
123026 0.230329
122679 0.213836
122430 0.214651
122843 0.191909
122351 0.212329
122455 0.195588
122465 0.219119
122587 0.2
123044 0.220149
123213 0.205207
122268 0.236036
123062 0.196679
122300 0.216797
122673 0.187416
123259 0.208936
123238 0.191271
122853 0.198171
122799 0.220539
122819 0.208861
123245 0.210393
122422 0.184751
123101 0.231225
122713 0.217729
122596 0.19163
122842 0.19843
123004 0.22956
122652 0.207739
123253 0.177363
123025 0.220461
122804 0.242038
123197 0.167832
122829 0.169533
122993 0.150877
122768 0.193548
122593 0.230769
122768 0.223709
122862 0.192941
123201 0.190083
122647 0.235294
122542 0.206186
123063 0.190372
123034 0.162791
123302 0.26506
123293 0.205495
122503 0.208937
123002 0.182371
122454 0.191092
122995 0.208202
123280 0.201613
122829 0.214912
122278 0.198758
122281 0.226891
122505 0.266667
122610 0.205255
122424 0.209302
122754 0.190168
122841 0.198511
123279 0.217391
123215 0.219794
122366 0.222698
122312 0.204322
122576 0.201681
122603 0.196429
122562 0.19346
122577 0.225058
122278 0.226994
122631 0.243655
123176 0.177419
122812 0.188489
123051 0.235461
122283 0.205993
122410 0.19246
122808 0.228814
122279 0.204986
122770 0.223656
122749 0.206148
122699 0.201058
122767 0.204225
122810 0.195029
122614 0.21
122313 0.207483
122535 0.195455
123256 0.193464
123209 0.232068
122416 0.216867
122767 0.223714
122314 0.214096
122667 0.211443
122657 0.236453
122298 0.227831
123262 0.198113
122256 0.227758
122769 0.187805
123176 0.223333
122443 0.184685
122696 0.2
122285 0.213315
122590 0.196078
123078 0.277778
122345 0.166667
123206 0.203911
122571 0.221239
123266 0.189655
122608 0.19619
123240 0.178905
123089 0.17536
122802 0.205835
123166 0.252366
122796 0.202723
123048 0.200692
122427 0.174658
122779 0.219873
123068 0.219448
122464 0.207346
122860 0.192961
123226 0.21789
123038 0.191398
122366 0.209567
123262 0.227474
122589 0.229339
122480 0.192623
122683 0.20339
122596 0.193333
122563 0.198198
123295 0.186813
123237 0.201278
122341 0.217949
122488 0.220217
123024 0.219945
122511 0.228758
123215 0.169559
122413 0.202733
122280 0.179487
123002 0.20462
122312 0.181388
122279 0.2021
122471 0.201533
122286 0.184319
122571 0.196262
122805 0.220619
122747 0.224964
122699 0.210027
122829 0.173611
123059 0.194098
122484 0.185484
122247 0.209983
123039 0.185526
122698 0.199465
122509 0.179978
123093 0.205298
123248 0.240741
122675 0.23036
122805 0.215292
122563 0.198113
122713 0.179845
122486 0.183935
122273 0.215232
122703 0.290323
122542 0.195055
123245 0.195219
122803 0.216216
122412 0.214932
123044 0.187384
123250 0.211248
122731 0.188347
123178 0.162791
122735 0.209486
123261 0.20557
123260 0.180556
122734 0.201908
123260 0.191816
122745 0.215343
123036 0.160229
122809 0.224138
122301 0.202462
123051 0.214286
122409 0.224684
122467 0.223022
122785 0.234801
122249 0.204748
122548 0.169192
122747 0.202335
122322 0.205
122684 0.219481
122740 0.200809
122409 0.224409
123021 0.204268
122469 0.199229
122339 0.244444
122572 0.196513
122289 0.18319
122863 0.17455
122464 0.218009
123197 0.182609
122272 0.201365
122701 0.207463
123020 0.179028
122253 0.204868
123070 0.181446
122623 0.234528
123285 0.192884
122846 0.19467
122677 0.201872
122879 0.219466
122525 0.204406
123022 0.213773
123029 0.187838
122363 0.232353
122263 0.173469
123051 0.185039
122536 0.225446
122498 0.224072
122572 0.191851
122681 0.224335
122369 0.19457
122500 0.215088
122993 0.176707
123059 0.200999
122852 0.223507
122796 0.189873
123294 0.192053
122842 0.194989
123066 0.194969
122815 0.20088
122831 0.208447
122251 0.175439
123085 0.222222
122610 0.210697
122661 0.183267
122424 0.226667
122411 0.210526
122652 0.197581
123211 0.24
122352 0.204082
123042 0.200257
122336 0.189944
122996 0.219355
122868 0.201525
122734 0.185886
122501 0.204152
122291 0.210366
123043 0.17873
122287 0.197812
122967 0.204819
122574 0.174713
123213 0.212264
123011 0.223684
122705 0.231911
123223 0.221477
122247 0.208333
123167 0.224719
122708 0.177778
122869 0.207358
123016 0.203947
122564 0.185446
122789 0.198039
122503 0.183333
122519 0.207921
122845 0.200461
122986 0.2125
122497 0.203333
122826 0.202703
123267 0.238381
122733 0.235182
122749 0.195578
122296 0.211988
122824 0.218997
123266 0.182469
122996 0.190955
123052 0.211447
122484 0.216518
122700 0.215026
123014 0.103448
122538 0.202899
122263 0.190476
122700 0.228022
122879 0.207364
122721 0.246914
122306 0.197497
122733 0.169072
122867 0.211236
