116888 0.268153
116706 0.260347
116659 0.260496
117066 0.264432
117069 0.269502
116356 0.258104
116901 0.256983
116709 0.26299
116980 0.258779
116366 0.267931
116761 0.25684
116771 0.266638
116626 0.261611
116748 0.262223
116707 0.259482
116880 0.263201
116878 0.262286
116284 0.263911
116252 0.257063
116621 0.271277
116869 0.257596
117039 0.270554
116256 0.255642
116574 0.269285
116194 0.272444
116656 0.264185
116451 0.267149
117070 0.259196
116371 0.259037
116521 0.274766
116190 0.265205
116969 0.268281
116601 0.263805
116227 0.265711
116283 0.251806
116933 0.26538
116498 0.244474
116589 0.269896
116482 0.257016
116580 0.256993
116450 0.270931
116727 0.268603
116210 0.260537
116950 0.259943
116514 0.269027
116597 0.257682
116749 0.249644
116246 0.266835
116766 0.258431
116814 0.265474
116991 0.258966
116208 0.255199
116189 0.263369
116976 0.263582
116667 0.269318
116811 0.259837
116590 0.270168
116154 0.255645
116940 0.262505
116268 0.260325
116186 0.263931
117022 0.261963
116232 0.261225
116242 0.256709
116428 0.300901
116500 0.27532
116585 0.262479
116477 0.255799
116380 0.250943
116990 0.253094
117005 0.252836
117075 0.260157
116577 0.256315
116441 0.262228
116353 0.259417
116460 0.266657
116816 0.266185
116680 0.249575
116128 0.243735
117096 0.259496
116258 0.25321
117006 0.260034
116339 0.258597
116183 0.262504
116689 0.26558
116902 0.274201
116480 0.259724
116520 0.259461
116798 0.274271
116398 0.265773
116636 0.263858
116754 0.253271
116219 0.266514
116927 0.258333
116660 0.262169
116361 0.277141
116509 0.256851
116462 0.257143
117092 0.261714
116628 0.259794
117087 0.260345
116934 0.254768
116705 0.248949
117018 0.258679
117090 0.259416
117099 0.257408
116395 0.253744
116629 0.269655
116929 0.261649
116753 0.268146
116755 0.25508
116712 0.249894
116250 0.275831
117074 0.257375
117015 0.271738
116641 0.246316
116436 0.264153
116263 0.262318
116865 0.26768
116588 0.267361
116948 0.261367
116743 0.244076
116764 0.270263
116240 0.273349
116593 0.250857
116894 0.257856
116870 0.260579
116986 0.264051
116229 0.262746
116267 0.255037
116903 0.262209
117004 0.257401
116269 0.257717
116964 0.263987
116890 0.258956
116501 0.264322
116892 0.259223
116949 0.270879
116239 0.257246
116669 0.263255
116995 0.254511
116970 0.256932
116504 0.258942
116804 0.26399
116758 0.259774
116769 0.263863
116884 0.267803
116913 0.262922
116873 0.268482
116369 0.257337
116502 0.276678
116420 0.258034
116651 0.259725
116858 0.262272
116802 0.270504
116701 0.258691
116763 0.25873
116224 0.253876
116131 0.263435
116637 0.266374
116129 0.246361
117053 0.26534
116233 0.263863
116148 0.258506
116942 0.250171
116786 0.271958
117052 0.258997
116410 0.261824
117093 0.245085
117095 0.268404
116924 0.259171
116993 0.255283
117047 0.256236
116225 0.274039
116812 0.265259
116881 0.273127
117023 0.26142
116333 0.263251
116604 0.258582
116581 0.261742
116231 0.264338
116221 0.239791
116630 0.273445
117098 0.267114
116885 0.264852
116516 0.249529
116338 0.26942
116715 0.264165
116178 0.254427
116199 0.251077
116815 0.259994
116762 0.273642
116930 0.257889
117011 0.257718
116399 0.255309
116255 0.263309
116154 0.25868
116468 0.269682
116196 0.271469
117102 0.275309
116939 0.255234
117046 0.258864
116634 0.2496
117019 0.253318
116247 0.263278
116362 0.263484
116872 0.263783
116282 0.258488
116698 0.260542
116947 0.265108
116946 0.26929
117020 0.265531
116280 0.254452
116251 0.279116
116357 0.238929
116914 0.266017
117045 0.251463
116167 0.264156
117009 0.263883
116716 0.262203
116742 0.258329
116182 0.259535
116257 0.260022
116685 0.25831
117003 0.258517
116440 0.264985
116883 0.260092
116691 0.252321
116429 0.266849
116385 0.251241
116181 0.261418
116360 0.2703
116932 0.281621
116277 0.24185
116200 0.266259
116519 0.273768
117068 0.264403
116615 0.260026
116412 0.269755
116193 0.259852
116159 0.270379
116595 0.26094
116900 0.25531
116216 0.259431
116640 0.261926
116935 0.264791
116728 0.256479
117105 0.262359
116443 0.259727
116785 0.245823
116172 0.276343
116735 0.256703
116994 0.256297
116931 0.258884
116433 0.256705
116904 0.264802
116773 0.257122
116594 0.264862
116791 0.273802
116697 0.263325
116647 0.258764
116570 0.260217
117055 0.266533
116770 0.271465
116907 0.256987
116703 0.258203
116495 0.273692
116359 0.263037
116289 0.260281
117050 0.261288
116266 0.266623
116180 0.261261
116483 0.265827
116875 0.258304
116730 0.26196
116292 0.252504
116696 0.263722
116979 0.254074
116243 0.257993
117083 0.26155
116699 0.260499
116485 0.258218
116582 0.261133
116740 0.274484
116977 0.265032
116355 0.262743
117029 0.262971
116340 0.278807
116600 0.260391
116624 0.255745
116133 0.267967
116238 0.272351
116982 0.263952
116889 0.259669
116453 0.267643
116602 0.268269
116335 0.263699
116971 0.261169
116810 0.253216
117061 0.240319
116876 0.272756
116387 0.257177
116714 0.259306
116973 0.268456
116421 0.265599
116612 0.257236
116776 0.279745
116414 0.268326
116603 0.255197
116171 0.275989
116206 0.259623
116920 0.277944
116996 0.255581
116960 0.269648
116800 0.262577
116750 0.258318
117051 0.249482
116185 0.25174
116439 0.2548
116984 0.286334
116223 0.26564
116396 0.264038
116358 0.268139
116767 0.259139
116573 0.249739
116650 0.26326
116263 0.267256
116711 0.263177
116475 0.266223
116156 0.268439
116694 0.265896
116217 0.258456
116153 0.268771
116394 0.261528
116857 0.279845
116503 0.246209
116518 0.26225
117062 0.260708
116965 0.261606
116142 0.258626
116744 0.259501
116141 0.262987
116393 0.259394
116663 0.260703
116272 0.260237
116374 0.261438
116945 0.285914
116732 0.257643
117028 0.273396
116635 0.262865
116646 0.255319
116381 0.261373
116332 0.262113
117040 0.258146
116808 0.261299
116614 0.274957
116237 0.270299
116211 0.254699
116204 0.263561
116478 0.267035
116670 0.258454
116568 0.26511
116639 0.24948
116463 0.255538
116978 0.260955
116809 0.269024
116409 0.260159
116330 0.2498
116218 0.257957
116222 0.276596
117103 0.252901
116515 0.27071
116375 0.257454
116214 0.26087
116720 0.263781
116179 0.272768
116278 0.255059
116235 0.265387
116919 0.259703
116893 0.266472
117002 0.266339
116166 0.261659
116505 0.261881
116201 0.256647
116863 0.25935
117054 0.252755
117043 0.27898
116666 0.266864
116464 0.264602
116860 0.245368
116185 0.255831
116207 0.251948
116215 0.258948
116499 0.255517
116376 0.256887
116160 0.255133
116416 0.266444
117001 0.264809
116510 0.268963
116236 0.26572
116747 0.266638
116458 0.279006
117030 0.25607
117013 0.254213
116974 0.254526
116616 0.26718
116693 0.255667
117008 0.260417
116430 0.267883
117035 0.263458
116864 0.256487
117049 0.261386
116923 0.2443
116738 0.246869
116787 0.260685
116677 0.263105
116368 0.265081
117041 0.274148
116579 0.256188
116733 0.260049
116517 0.25587
116195 0.267651
116596 0.253919
116432 0.25879
116999 0.256755
116365 0.25027
116983 0.268033
116261 0.262891
117071 0.283879
116291 0.260754
116739 0.276493
116271 0.266062
116465 0.267511
116164 0.259596
116383 0.253012
116234 0.264571
116768 0.26986
116334 0.270126
117000 0.263377
117017 0.263152
116874 0.266414
116423 0.261936
116658 0.256502
116683 0.264826
116364 0.260706
116591 0.266446
116262 0.258345
116672 0.269839
116149 0.253934
116283 0.271768
116652 0.260598
116879 0.258247
116170 0.267746
116184 0.265977
116671 0.263485
116891 0.277898
116745 0.255777
116259 0.257871
116877 0.258653
116422 0.263446
117101 0.28115
116197 0.263011
117010 0.266793
116721 0.264686
116987 0.256249
116717 0.262891
117085 0.267228
117031 0.271396
116270 0.267032
116290 0.271043
116617 0.257067
116151 0.258314
116673 0.265997
116173 0.24674
116230 0.249639
116168 0.25513
116609 0.259727
116367 0.26764
117094 0.258196
116424 0.266581
116925 0.262829
116496 0.261063
117063 0.259144
116413 0.261344
116569 0.266858
