113690 0.00540054
113939 0.00524109
113348 0.00382592
113605 0.00587921
113799 0.00337838
113335 0.00485437
114129 0.00360144
113571 0.00334821
114099 0.0018797
114122 0.00589971
113487 0.0040568
113860 0.00373832
113284 0.00228484
113444 0.00110375
113356 0.00504587
113684 0.00649351
113921 0
113641 0.00447518
113445 0.00542594
113261 0.00426743
113862 0.00503202
113290 0.00457085
113327 0.00699746
113791 0.00462695
113540 0.00779037
114133 0.00356053
113680 0
113758 0.003663
113615 0.00485201
113546 0.00648415
113854 0.00219901
113628 0.00480077
113932 0.00547009
113515 0.00804424
113588 0.00678952
113590 0.00455373
113357 0.00587947
113659 0.00422833
113308 0
113717 0.00503018
113285 0.00456026
113271 0.00532946
113720 0.00472367
113665 0.00371471
113410 0.00440141
113440 0.00412201
113550 0.00444939
114021 0.00557103
113606 0.00355872
113488 0.00348259
113987 0.00431965
113323 0.00331439
113280 0.00303951
114112 0.006941
113704 0.00396825
113270 0.00737327
113963 0.00217865
113840 0
113629 0.000854701
113501 0.00622776
113617 0.00235294
113969 0.00540541
113619 0.00334288
113502 0.00264901
113864 0.00320513
113291 0.00340522
113938 0.00751388
113472 0.00420954
113310 0.00862745
113724 0.0043753
113686 0.0031679
113315 0.0110497
113854 0.00219298
114018 0.0116861
113387 0.00515685
113848 0.00241255
113244 0.00313972
113796 0.00484094
113518 0.00389755
113981 0.0031679
113456 0.00565844
113835 0.00371978
113484 0.00360825
113854 0.0033557
113771 0.00558269
113501 0.00270514
113830 0.00472255
113269 0.00381018
114108 0.00483793
113322 0.00514019
114021 0.00675676
114127 0.00173913
113633 0.00610583
113824 0.00662252
113880 0.00308261
113642 0
113892 0.00581135
113571 0.0011655
113963 0.00231481
113381 0.00638978
113690 0.00373732
113691 0.00526039
114129 0.00236128
113881 0.0043956
113370 0.00529902
113946 0.00546661
113830 0.00114943
113950 0.00563063
113959 0.00311769
113344 0.00273224
113794 0.00525279
113507 0.00231303
113624 0.00239693
113883 0.00499093
113605 0.00289184
113720 0.0028463
113363 0.00587947
113404 0.00492005
113255 0.00313808
113891 0.00439947
113383 0.00427716
113388 0.00524246
113869 0.00341463
113600 0.0049505
113283 0.0027248
113499 0.0025413
113266 0.025
113966 0.00435414
113246 0.00746269
113476 0.00216099
113984 0.00531915
113256 0.00411281
113921 0.0155642
113785 0.0037092
113350 0.00225861
113391 0.0041876
113258 0.0024667
113819 0.00408163
113825 0.00508553
114134 0.004662
113474 0.00686611
113394 0.00151918
113351 0.00137931
113377 0.00620155
113359 0.00503074
113950 0.00372671
113976 0.00301659
114020 0.0021978
113606 0.00604933
113290 0.00248139
113438 0.00266312
113772 0.00529101
113337 0.00292255
113825 0.00622499
113264 0.00465116
113461 0.010101
113718 0.00805802
113474 0.0052108
113397 0.00592795
113405 0.00453001
114022 0.0035791
113930 0.00429738
113630 0.00277008
113762 0.00342466
113356 0.00183824
113788 0.00268097
113767 0.0114943
113995 0
114115 0.0037155
113318 0.00290276
113802 0.00560224
113315 0.00546448
113969 0.00380228
113572 0.00285442
113583 0.00574163
113567 0.00647948
113343 0.00530888
113759 0
113922 0.00718686
114118 0.00714286
113619 0.00378072
113941 0.0096463
113362 0.00527072
113939 0.00676397
113803 0.00692521
113934 0.00408441
113685 0.00636653
113335 0.00437318
114132 0.00700935
113933 0.00561122
113485 0.00454545
113573 0.00684932
113704 0.00763359
113272 0.00242014
113770 0.00521221
114129 0.00510783
113499 0.0052356
113404 0.00428266
113884 0.00330969
113440 0.00734694
113933 0.0036393
113796 0.00143885
114126 0.00386527
113315 0.00141844
113773 0.00545256
113934 0.00432468
113309 0.0028169
113270 0.007
113823 0.00956023
113662 0.00506625
114017 0.0181818
114099 0.00191205
113395 0.00527108
113628 0.00398406
114023 0.00376412
113769 0
113280 0.00146628
113976 0.00666667
113949 0.00816327
114025 0.00212014
113253 0.00686948
113956 0.0077661
113395 0.00571864
113909 0.0037594
113849 0.00522069
113875 0.00356983
113431 0.0107527
113243 0.00512104
113697 0.00416171
113258 0.00578035
113623 0.00442913
113477 0.00484914
114115 0.00636605
113609 0.00491266
113492 0.00747986
113833 0.00333333
113764 0.00290698
114123 0.00809307
113997 0.00498256
113977 0.00505051
113794 0.00541272
113940 0.00500715
113367 0.00738348
113504 0.00215054
113896 0.00523013
113485 0
113696 0.00952381
113982 0
113344 0.00303951
113876 0.00538358
113846 0.00381388
113823 0.00652742
113987 0.00614334
113688 0.00432152
113957 0.00535988
113642 0
113264 0.00434783
113362 0.00481
113670 0.00389712
113383 0.00396197
113443 0.00831025
113624 0.00622904
114115 0.00517598
113700 0.00378788
113987 0.00473934
113422 0.00662252
113248 0.00478469
113361 0.00346192
113601 0.00759268
113959 0.00597848
113933 0.00534539
113656 0.00379939
113279 0.00925355
113909 0
113954 0.00289855
113634 0.00772574
113842 0.00327511
113352 0
113766 0.00831255
113318 0.00510725
113827 0.00452284
113448 0.00438837
113777 0.00557621
113933 0.00411692
113881 0.00434783
113480 0.00897308
113248 0.00423729
114099 0.00732601
113612 0.00324675
113494 0.00274725
113491 0.00598802
113787 0.00535834
113496 0.00464037
113580 0.0028342
113900 0.00343643
113438 0.00496894
113911 0.00357302
114118 0.00879397
113846 0.00191388
113407 0.00350195
113978 0.0055607
113776 0.00331492
113956 0.00472367
113765 0.00753498
113843 0.00393701
113322 0.00339312
113438 0.001221
113611 0.00491071
113841 0.00450161
113884 0.00374181
113472 0.00736377
113495 0.00581655
113931 0.00471698
113459 0.00447427
113639 0.00552923
113926 0.00290818
113959 0.00428349
113791 0.00680658
113391 0.00529101
113455 0.00767754
113352 0.0241935
113914 0.00403226
113513 0.00635386
114111 0.00438212
113986 0.000873362
113388 0.00268817
113590 0.00355556
113461 0.00529101
113896 0.00418848
113897 0.00472937
113453 0.00316256
114132 0.00161031
113852 0
113963 0.00328947
113394 0.00146359
113834 0.00511182
113985 0.00573192
113803 0.00340368
113456 0.00305655
113869 0.00498188
113394 0.00487622
113903 0.0015456
113265 0.00665399
113616 0.00235294
113761 0.00259965
113842 0.00718686
113799 0.00465477
113987 0.00833912
114105 0.00209205
113818 0.00343306
113606 0.00503894
113626 0.00599078
113886 0.00662252
113656 0.00438947
113285 0.00421941
114118 0.00371747
114098 0.0285714
113445 0.00642398
113328 0
113669 0.00769231
113952 0.00522648
114105 0.00616016
113762 0.00643087
113488 0.00476644
113795 0.00273411
113715 0.00389105
113924 0.00546822
113852 0.00637959
113667 0.00499445
113701 0.00490196
113346 0.0027881
113253 0.00495295
113667 0.00406977
113588 0.00533721
113247 0.00504323
113909 0.00361011
113272 0.00340467
113891 0.00413223
113927 0.00340136
113760 0
113897 0.00544366
113963 0.00251889
113684 0
113381 0.00466418
113603 0.00440098
113850 0.00535236
113830 0.00336323
113345 0.0060423
113550 0.00551876
113899 0.00875486
113615 0.00586224
113819 0.00813421
113960 0.00449607
113659 0.00105597
113877 0.00837521
113696 0.00420168
113827 0.00433276
113621 0.00539745
113327 0.00772698
113368 0.00704556
113956 0.0061703
114109 0.0037037
113247 0.00226074
113911 0.00597426
114019 0.00511945
114134 0.0017341
113695 0.00553506
113634 0.0083089
113833 0.00528846
113545 0.00459559
113510 0.00453104
113546 0.00441501
113886 0.00555298
113266 0.0178571
113250 0
113309 0.00465549
113693 0.00666223
113470 0.00524809
113406 0.00388199
113948 0.00194175
113359 0.00457317
113562 0.00630252
113507 0.00367647
113359 0.00368034
114023 0.00753769
113540 0.00645578
113407 0.00185701
113569 0.0047081
113619 0.002457
113582 0.00341297
113397 0.00396825
113931 0.00588043
113846 0.00305577
114111 0.00334728
113626 0.00420168
113480 0.0040282
113368 0.00445545
113941 0
113576 0.00339476
113667 0.00342857
113763 0.00151515
113514 0.000868056
113796 0.00345304
113405 0.00546448
113825 0.00906344
113946 0.00428182
113830 0.00813008
113888 0.00637523
113724 0.0032591
113324 0.00353893
113900 0.00505902
113579 0.00911854
114020 0.00394477
113612 0.00545455
113268 0.002457
113769 0.00684932
113345 0.00678295
114129 0.00541842
113395 0.00400146
114115 0.00458015
113371 0.0061674
113888 0.00406321
113456 0.00495786
113801 0.0055991
113821 0.00186916
113538 0.0056926
113393 0.00502707
113431 0
113785 0.00435098
113480 0.00459982
113603 0.00431034
113484 0.00359897
114127 0.00567108
113691 0.00233318
113864 0.00275482
113617 0.00418216
113407 0.003517
113272 0.00371058
114020 0.0107296
113669 0.00493827
113995 0.00833333
113371 0.00186047
113600 0.00429594
113849 0.00710059
113901 0.0110999
113989 0.0029301
113280 0.00652529
113348 0.00458505
114123 0.00515198
113991 0.00481928
113635 0.00314837
113994 0.00427899
113670 0.00567322
113280 0.00580552
114126 0.00555247
113445 0.00658561
113361 0.00553877
113761 0.0035503
113360 0.00522345
113693 0.0076762
113612 0.00429799
113576 0.0035
113994 0.00867679
113669 0.0052356
113515 0.00389105
113655 0.00487805
113479 0.00785634
113773 0.00414508
113518 0.00318302
113264 0.00446429
113789 0.00205761
113758 0.00517241
113948 0.00350877
113761 0.0042735
113588 0.00742804
114019 0.00582848
113509 0.00431655
113871 0.00557701
113991 0.00662252
114122 0.00318471
113726 0.004914
113993 0.005386
113832 0.00530396
114024 0.0108538
114111 0.00767918
113803 0.00632911
113760 0.0025413
113922 0.00430321
113248 0.00444115
113655 0.00369004
113302 0.00511771
114134 0.00519031
113317 0.0082713
113879 0.00193517
113772 0.00436047
113590 0.00649954
113395 0.00443459
113607 0.0059761
113903 0.00569569
113388 0.00466356
113609 0.00666297
113695 0.0040395
113693 0.00437105
113654 0.00471698
113365 0.00553042
113722 0.0064741
113852 0.00283688
114123 0.00562085
113930 0.00254885
113903 0.00592718
113910 0.00568928
113688 0.00416667
113996 0.00508788
113795 0.00407056
114105 0
113644 0.00428016
113383 0.00676819
113370 0.00445104
113410 0.00334588
113683 0.00180832
113883 0.00644864
113377 0.00583942
113701 0.00332384
113727 0.00224719
113629 0.00419111
113788 0.00328084
113717 0.00694444
113978 0.00456621
113328 0
113571 0.00121065
113962 0.00702576
113657 0.00317083
113723 0.00587607
113690 0.00482315
113645 0.00310078
113721 0.00416017
113582 0.00423529
113346 0.00878816
114129 0.00421941
113993 0.00505051
113948 0.00197628
113700 0.00411523
113332 0
113772 0.00285307
113494 0.00364964
113764 0.0078534
113803 0.00815772
114127 0.00373832
114137 0.00431965
114126 0.004772
113650 0.00357995
114123 0.00470711
113442 0.0127389
113994 0.00460251
113544 0.00369458
113983 0.00627353
113485 0.00671141
113770 0.00305344
113380 0.00391773
113884 0.00593878
113459 0.00385171
113695 0.00281294
113318 0.00567888
113653 0.00413845
113324 0.00536673
113656 0.00456447
113982 0
113621 0.00432484
113582 0.00818882
113590 0.00547445
113274 0.00495786
113653 0.00586081
113365 0.00665302
114118 0.00637755
113850 0.00507614
113601 0.00338655
113995 0.00793651
113983 0.0041543
113671 0.0031746
113762 0
113639 0.00394633
113351 0.00846262
113816 0.00181984
113456 0.00558943
113362 0.00724263
113875 0.0051716
113701 0.00744048
113825 0.00519256
113436 0.0192308
114108 0.00394477
113448 0.00540833
113481 0.00471945
113320 0.00392157
113422 0.00571429
113359 0.0052687
113479 0.003996
113540 0.00200133
114098 0
113569 0.00575185
113377 0.00291545
113545 0.00463822
113832 0.00278996
113966 0.00538424
113476 0.00267523
113771 0.00289017
113939 0.00573163
113605 0.0040674
113718 0.00371195
113347 0.0026936
113384 0.00496689
113507 0.0082769
113379 0.00824742
113261 0.00657277
113695 0.00406872
113622 0.00352645
113767 0
113317 0.00679694
113899 0.00688976
113379 0.0031348
113963 0
113381 0.00648448
113926 0.00581395
113722 0.0053424
113276 0.00391965
114022 0.00361272
113902 0.00363636
113386 0.00488699
113392 0.00259259
113870 0.00551549
114103 0.00505051
113941 0.00606061
113921 0.00881057
113462 0.0044964
113386 0.00524246
113659 0.0026178
113321 0.00538424
113720 0.00232992
113653 0.0053313
113572 0.00430416
113452 0.00286123
114118 0.00795455
113363 0.00755786
113666 0.00542636
113910 0.00268336
113819 0.00740349
113396 0.0023301
113952 0.00700525
113606 0.00545455
113431 0
113291 0.00213675
113317 0.00349345
113588 0.00555813
114108 0.0034398
113639 0.00494234
113964 0.00426743
113620 0.00461467
113902 0.00570613
113694 0.00578035
113924 0.00499667
113981 0
113497 0.00389105
113481 0.00527704
113842 0.0110775
114132 0.00326531
114106 0.00675676
113657 0.00362611
113361 0.00256937
113477 0.00505561
113683 0.00337268
113423 0.00357995
113697 0.00635471
113795 0.00349406
113306 0.00471698
113693 0.00265957
113576 0.00458716
113607 0.0058451
113843 0.00607287
113272 0.00285578
113659 0.00362319
113397 0.00485437
113324 0.007242
113829 0.00877193
113686 0.00225225
113842 0.00640342
113493 0.00536847
113605 0.00415369
113782 0
113546 0.00582666
113404 0.00526742
113726 0.00431448
113279 0.00487508
113831 0.003367
113877 0.00426257
113271 0.00363636
113777 0.00386847
113670 0.00307692
113956 0.0069025
113597 0.00255918
113444 0.00554631
113997 0.00756048
113535 0.00411711
113579 0.00330033
113468 0.00507614
113590 0.00539084
114106 0.00705053
113727 0.00144718
113977 0.00157233
113544 0.00595238
113322 0.00778032
113803 0.00273598
113363 0.0040965
113486 0.00211416
113697 0.00342466
113667 0.00496415
113441 0.00142248
113625 0.00692384
113537 0.00506679
114136 0.0193548
113414 0.00859599
113244 0.00750626
113852 0.0015083
113912 0.00549451
113701 0.00251509
113491 0.00295858
113682 0.0040293
113335 0.00662739
113831 0.00699301
113634 0.00669536
113824 0
113573 0.00585586
113452 0.00642497
113630 0.00260417
114111 0.00510204
113994 0.00508475
113356 0.0038666
113381 0.00457875
113582 0.00588235
113800 0.00746269
113688 0.00634633
113658 0.0116618
113816 0.00187617
113545 0.00374532
113723 0.00539216
113265 0.00417827
113933 0.00705687
113368 0.00406504
113800 0.00890019
113789 0.00464807
113515 0.00757193
113662 0.00468567
113271 0.00707547
113878 0.00516573
113285 0.00389864
114023 0.00375469
113660 0.00543057
113923 0.00458866
113290 0.00660793
113715 0
113910 0.00539811
113937 0.00595238
113268 0.00402414
113467 0.00475964
113611 0.00638978
113272 0.00510204
113828 0.00212089
113725 0.00667939
113694 0.00375411
113902 0.0069029
113629 0.00756939
113665 0.00701625
113953 0.00289352
113668 0.00255232
113860 0.00588235
113461 0.00107875
113535 0.00590551
113671 0.00909091
113445 0.00581703
113890 0.0044335
113436 0
113482 0.00606395
113575 0.00871671
113834 0.0034188
113367 0.00639764
114108 0.00622307
113497 0.00647088
113351 0.00244141
113628 0.00581959
113804 0.00572792
113477 0.00329852
113315 0.00141044
113880 0.00438871
113302 0.0052521
113991 0.00413034
113725 0.00674049
113691 0.00316456
113347 0.00132538
113902 0.00584532
113946 0.00469851
113662 0.00577145
113517 0.00162955
113726 0.00396432
113877 0.00443656
113322 0.0065086
113318 0.00597312
113980 0.00893522
113645 0.00483871
113624 0.00337675
113258 0.00455005
113927 0.00665499
113793 0.002886
113669 0.00497512
113726 0.00387973
113248 0.00512445
113352 0
113462 0.00598251
113407 0.00531108
113275 0.0044335
113253 0.00431862
113309 0
113976 0.00475436
113284 0.00394011
113350 0.00393479
113821 0.00411523
113251 0.00644122
113562 0.00442478
113474 0.00522565
113864 0.003125
113671 0.00949367
113482 0.00449186
113789 0.00664452
113487 0.00502008
113518 0.00393038
113845 0.010397
113702 0.00321543
113510 0.00231054
113491 0.00660569
113328 0.0731707
113247 0.0052161
113491 0.00434363
113911 0.00430663
113306 0.00426439
113796 0.00857756
113350 0.00509338
113404 0.00424219
113253 0.0064071
113983 0.00704225
113802 0.00258398
113658 0.00295858
113849 0.00521574
113843 0.00395257
113541 0.00402617
113579 0.00493421
113834 0.00286862
114017 0.0217391
113480 0.00277008
113275 0.005923
113455 0
113410 0.00532387
113509 0.00509091
113991 0.00517891
113669 0.00251889
113268 0.00455927
113883 0.0032634
113718 0.00448096
113856 0.00505476
113332 0
113466 0
113987 0.00333556
113822 0.000862441
113727 0.00429799
113431 0
113795 0.00550206
113268 0.00574113
113276 0.00469484
113456 0.00340136
113683 0.0035461
113849 0.00323625
113401 0.00280505
113697 0.00527241
113986 0.00360036
113259 0.00297324
113999 0.00397614
113922 0.00416233
113321 0.00232775
113365 0.00310881
113567 0.00663717
113771 0.00407609
113885 0
113670 0.00532522
113934 0.00634603
113892 0.00183402
114132 0.0046875
113720 0.00595511
113683 0.0025641
113940 0.00426288
114023 0.0042245
113902 0.0062978
113471 0.0049639
113793 0.00710732
113259 0.00575816
113702 0
113888 0.00424729
113985 0.00388266
113771 0.0034626
113377 0.00446429
113513 0.00736842
113932 0.00306435
113404 0.00521669
113260 0.00514403
113332 0
113960 0.00506696
113269 0.00279427
113283 0.00529801
113289 0.00414365
114103 0.0106952
113668 0.00284495
113590 0.00459982
114134 0.00635471
113381 0.00520833
114100 0.004947
113877 0.00252525
114022 0.00839161
113977 0.00165837
114020 0.00623701
113912 0.00407056
113950 0.00363636
113670 0.00340393
113626 0.00810296
113633 0.00292826
113664 0.00429688
113720 0.00508318
113327 0.00366972
113497 0.00429799
113652 0.00367512
113874 0.00125471
113801 0.00539665
113984 0.00271003
114019 0.00336417
113393 0.00387747
113832 0.00401445
113761 0.00687876
113871 0.0035461
113891 0.00465766
113966 0.00730638
113787 0.00346741
113384 0.00385463
113518 0.00485175
113534 0.00237869
113504 0.0103734
113936 0.00472103
113864 0.00573066
113771 0.00287977
113822 0.00497512
114124 0.00597501
113352 0
113463 0.00251731
113912 0.00774693
113444 0.00558971
113718 0.00307692
113776 0.00313152
114106 0.0021575
113700 0.00431655
113936 0.00612423
113692 0.0017452
113579 0.0034904
113886 0.00516917
113253 0.00912584
113693 0.00635145
113607 0.00344149
113271 0.005
113980 0.00485437
113800 0.00422705
113962 0.00525526
113845 0.00304878
113719 0.00433944
113624 0.00197824
113343 0.00524059
113800 0.00384369
113619 0.00678295
113760 0.00470588
113289 0.00708215
113996 0.00633484
114020 0.00207039
113899 0.00179372
113976 0.00486224
113983 0.00295334
113370 0.00896861
113415 0.00377537
113353 0.00422297
113517 0.0020377
113642 0.02
113937 0
113792 0.00184502
113726 0.00565504
113819 0.00310398
114133 0.00678295
113320 0.00343811
113251 0.00366492
113698 0.00330396
113661 0.00546235
113440 0.00254453
113455 0.0125786
113268 0.00470958
114128 0.00151745
113436 0
113504 0.0075188
113370 0.00462963
113309 0.00601573
113605 0.00607735
113387 0.00491291
113981 0.00636943
113769 0.00934579
113302 0.00314795
113840 0.00746269
113469 0.00643883
113645 0.00475813
113669 0.00501253
113938 0.00403633
113911 0.00483516
113932 0.00458115
113664 0.00435299
113264 0.0053286
113345 0.00685602
113964 0.00497738
113722 0.00287219
113982 0
113290 0.00662252
113727 0.00358423
113869 0.00645161
113680 0
113588 0.0046729
114136 0.00769231
113272 0.00332542
113834 0.00739477
113309 0.00281162
113302 0.00386473
113999 0.00416667
113852 0.001321
113762 0
113668 0.00522565
113504 0.00212314
113459 0.00575816
113773 0
113383 0.00301432
113265 0.00326797
113455 0.00364299
113617 0.00185615
113937 0.00540541
113365 0.00793257
113397 0.00322581
113511 0.0041365
113910 0.00404131
113582 0.00925926
113878 0.0021978
113370 0.00939702
113597 0.005996
113923 0.00341997
113347 0.00649351
113883 0.00216169
113462 0.00461894
113635 0.00309957
113862 0.00557621
113477 0.0032967
113396 0.0050821
113360 0.00432432
113452 0.00496771
113575 0.00445434
113392 0.00552486
113469 0.00480307
113624 0.00564706
114133 0.00392927
113875 0.005
113824 0.00671141
113377 0
113686 0.00325027
114019 0.00327332
114099 0.00540541
113658 0.00643087
113410 0.00340281
113486 0.00440044
113408 0.00386997
113371 0.00794351
113635 0.00495427
113795 0.00346021
113584 0.00288184
113641 0.00462185
113842 0.00109529
113306 0.00264131
113251 0.00479157
114136 0
113758 0.00699301
113993 0.00175439
113508 0.00606061
113493 0.00394089
113953 0.00243902
114126 0.00635257
113387 0.00462749
113348 0.00423928
113960 0.00580341
113481 0.00442347
113614 0.00267738
113534 0.00918274
113369 0.00141443
113621 0.00197628
113792 0.0043554
114134 0.00347826
113863 0.00736498
113369 0.00475867
113927 0.00307482
113392 0.00418729
113804 0.00666032
113630 0.00561798
113821 0.00421687
113537 0.00385542
113692 0.00365631
113536 0.00539811
113622 0.00383142
113850 0.00371058
113479 0.00418191
113848 0.00230947
113792 0.00428082
113688 0.00399822
113763 0.00759878
113641 0.00618557
113619 0.0045683
113410 0
113623 0.00394672
113652 0.00426357
113645 0.00325733
113762 0.0107527
113926 0.00285365
114128 0.00529902
113931 0.00330797
113369 0.00359454
113602 0.00421348
113966 0.00439239
113650 0.0038961
113684 0
113250 0
113308 0
113457 0.00234962
113840 0.0142857
113602 0.00577478
113470 0.00324525
113492 0.00503637
113633 0.004158
113701 0.00552209
113423 0.00255474
113415 0.00528634
113394 0.00486787
113315 0.00587248
113799 0.00578512
113567 0
113546 0.00758621
113255 0.00350877
114018 0.00306748
113541 0.00648649
113319 0.00660211
114134 0.00672783
114099 0.00803213
113726 0.00420954
113353 0.00349345
114025 0.00288809
113723 0.00519751
113874 0.0063857
113633 0.00213068
113899 0.00841908
114025 0.00784593
113535 0.002792
113484 0.00652938
113870 0.00468284
113379 0.00517866
113442 0.00568182
113793 0.00814111
113275 0.00341797
113345 0.003
113937 0.00842697
113769 0.004662
113723 0.00475285
114099 0.00195312
113359 0.00493963
113724 0.0056872
113625 0.0043021
113569 0.00457457
113509 0.00730994
114122 0.0035461
113680 0
113655 0.00436522
113665 0.00663871
113602 0.00584795
113550 0.0107832
113266 0
113639 0.00585774
113976 0.00469484
113612 0.00361011
113772 0.00301205
113671 0
113897 0.00778412
113932 0.00273691
113724 0.00329412
113931 0.00412229
113463 0.00615385
113406 0.00548374
113652 0.00562008
113283 0.00150602
113448 0.00313643
113453 0.00337838
113644 0.00538669
113639 0.00550747
113772 0.00641483
113362 0.00689316
113393 0.00797503
113616 0.00245218
113346 0.00544285
113517 0.00303797
113535 0.00386473
113438 0.00744417
113343 0.006941
114111 0.00415973
113629 0.00414938
113489 0.00408163
113851 0.00635386
113457 0.00239923
113825 0.00636943
113978 0.00500455
113380 0.00393507
113261 0.00590842
113909 0
114127 0.00775194
113453 0.00390371
113790 0.00739744
113377 0.00310559
113317 0.00335289
113939 0.0073554
114128 0.00582242
113854 0.00483611
113821 0.00495663
113633 0.00373413
113876 0.00533333
114100 0.00688705
113759 0.00373134
113367 0.00461255
113799 0.00500417
113320 0.00394283
113502 0.00700117
114122 0.00664452
113770 0.00453172
114103 0.00892857
113319 0.00603528
113626 0.00324374
113902 0.00536433
113540 0.00723684
113431 0.0119048
113766 0.00595238
114126 0.00221852
114020 0.00796813
113718 0.00315209
113580 0.00655431
113874 0.0025641
113940 0.00612171
113546 0.00430108
113785 0.00409556
113283 0.00570613
113828 0.00770925
113503 0.00833333
113672 0.00655542
113431 0
113938 0.00200602
113386 0.00502828
114109 0.00743494
113276 0.00526064
113686 0.00681044
113871 0.00433463
113457 0.00374707
113914 0.00369959
113672 0.00636574
113562 0.00621118
113671 0.00934579
113583 0.00142993
113289 0.00278164
113620 0.00641907
113863 0.00235294
113271 0.0053243
113323 0.0041744
113381 0.0026178
113259 0.00557103
113682 0.00445269
113388 0.00595238
114133 0.00345508
113407 0.00757002
113664 0.00863363
113573 0.00427148
113693 0.00472016
113471 0.00320073
113569 0.00444444
113391 0.00700389
113785 0.00698812
113789 0.00332668
113860 0
113346 0.0033381
113644 0.00511696
113572 0.00597701
114103 0.00985222
113371 0.00496032
113497 0.00664962
113759 0.00793651
113609 0.0041866
113581 0.00376471
113480 0.00487329
113662 0.00318218
113785 0.00900277
113986 0.00764045
113259 0.00531915
113513 0.00553877
113692 0.00520833
113569 0.00172712
113623 0.00529865
113644 0.00408618
113642 0.0243902
113266 0
113795 0.00608931
113441 0.00865266
113572 0.00500455
113695 0.00432277
113764 0.00598802
113600 0.0052381
113365 0.00305344
113343 0.00403836
113610 0.00462535
114024 0.00618982
113897 0.00487013
113642 0
113244 0.00557325
113766 0.00499584
114124 0.00273224
113886 0.00817701
113630 0.0058651
113321 0.00664452
113763 0.00298954
113723 0.00771605
113487 0.00395648
113515 0.00454545
113863 0.00243704
114021 0.00726744
113860 0.00193798
113694 0.00687443
113890 0.00303797
113804 0.0027972
113618 0.00367816
113499 0.002849
113607 0.00397022
113923 0.00612311
113492 0.00587889
113584 0.00754006
113457 0.00249128
113978 0.00323176
113666 0.00424219
113291 0.00425532
113319 0.00284495
113383 0.0060241
113694 0.00847458
113626 0.00492854
113857 0.00433317
113974 0.0097561
113899 0.00753296
113359 0.00658979
113250 0
113368 0.00279981
113494 0.00479616
113443 0.00431034
113720 0.00418994
113536 0.00524059
113884 0.00701754
113939 0.00415512
113721 0.00572917
113773 0.00224719
113318 0.00409417
113650 0.00334868
113401 0.00527903
113386 0.00378788
113721 0.0062273
113672 0.00462161
113832 0.00487013
113885 0
114017 0
113628 0.0055668
113833 0.0035824
113472 0.00345679
114100 0.00226929
113545 0.00761905
113284 0.000801282
113854 0.00168729
113925 0.00486957
113620 0.00363141
114122 0.00322581
113514 0.00173611
113408 0.00492611
113573 0.00339147
113246 0
113497 0.00568451
113875 0.00540054
113903 0.00557325
113921 0.0130435
113989 0.00583483
113949 0.0113122
114134 0.00218938
113502 0.00360577
113463 0.0030525
113801 0.00566251
113466 0.00512821
113879 0.00418799
113976 0.0109034
113652 0.00262467
113964 0.00239578
113993 0.00314465
113721 0.00747863
113536 0.00414365
113981 0.00756757
113846 0.00305111
113384 0.00492005
113618 0.00455166
113445 0.00160772
113462 0.00237869
113484 0.00308166
113279 0.00295683
113852 0.00460829
113851 0.00306435
114111 0.00610288
113486 0.00420168
113830 0.00332963
113361 0.00297324
113890 0.00242248
113494 0.0065086
113799 0.00755034
113818 0.00291829
113357 0.00489237
114100 0.00754148
113980 0.00489853
113502 0.00363636
113246 0
113948 0.00174216
113445 0.00366876
113857 0.00635076
114018 0.00313972
113495 0.00596604
113776 0.00381679
113791 0.00291715
113765 0.00291829
113406 0.0068992
113306 0.00846113
113247 0.00300752
113896 0.00309917
113508 0.0049505
113628 0.00616991
113615 0.00426743
113900 0.00830565
113879 0.00514259
113599 0.00252908
113671 0.00593472
113497 0.00626506
113816 0.00290135
113253 0.00712928
113641 0.00406504
113661 0.00640256
113635 0.00452148
113685 0.0067446
113601 0.0052108
113500 0.00277162
113767 0.0121951
113925 0.00435657
113922 0.00308008
113448 0.00661521
113727 0.00397088
113704 0.00253293
113760 0.00711744
113491 0.00718735
113856 0.00638978
113344 0.00260417
113682 0.00512258
114021 0.00550964
114018 0.00884956
113584 0.00555556
113251 0.00375134
113537 0.00283019
114112 0.0064071
113406 0.0023622
113876 0.00297177
113443 0.0027933
113571 0.00578704
113634 0.00578871
113980 0.0041958
113788 0.00538358
113448 0.00708061
113319 0.00465766
113477 0.00833797
113986 0.00394391
113302 0.00663604
113788 0.00197628
113493 0.00589102
113665 0.00314356
113545 0.00546946
113597 0.00574346
113900 0.00175131
113371 0.00282752
113925 0.00478796
113804 0.00413034
113466 0.00250627
113821 0.00615006
113977 0.0016835
113583 0.00737101
113495 0.00184843
113550 0.00463499
114135 0.00346821
113948 0.00361011
113385 0.00343643
113685 0.00987433
113628 0.000942507
113980 0.0029347
113924 0.00545889
113422 0.00675676
113432 0.00195695
113410 0.0039823
113385 0.00366972
113791 0.00316122
113253 0.00339971
113452 0.00541872
113251 0.0065
113899 0.00292683
113316 0.00156495
113625 0.00787766
113842 0.00509684
113875 0.00691882
113623 0.00582524
113902 0.00681818
113658 0.0096463
113303 0.00980392
113488 0.00456853
113875 0.00270758
113459 0.00378967
113488 0.00403023
113957 0.0055638
113538 0.0038666
113727 0.00138122
113796 0.00207469
113822 0.00472103
113545 0.00621118
113603 0.00426338
113995 0
113321 0.00593607
113617 0.00481696
113346 0.00284765
113684 0.00591716
113880 0.00477099
113830 0.00221484
113660 0.00455235
113610 0.00231589
113405 0.00405455
113408 0.00433168
113765 0.00521376
113671 0.00311526
113937 0.0146341
113629 0.00320256
113941 0
113361 0.0045045
113693 0.00466356
113441 0.00972222
113846 0.00374251
113803 0.00206327
113422 0.0243902
113690 0.00527983
113317 0.00352734
113605 0.00379198
113656 0.00605373
113785 0.00565771
113323 0.00431862
113856 0.00317965
113949 0
113471 0.00418021
113685 0.00357302
113609 0.0066482
113925 0.00424178
113790 0.00449871
113468 0.00247402
113974 0.00294118
113508 0.00301659
113668 0.00336377
113387 0.00689358
113995 0
113645 0.00189538
113544 0.00493827
113323 0.00420561
113892 0.00407424
113686 0.00684151
113244 0.00708104
113996 0.00496614
113665 0.00645161
113772 0.00149031
113500 0.00470588
113584 0.00464684
113368 0.0056953
113499 0.00264201
113442 0
113899 0.00288184
113513 0.00499251
113602 0.00567376
113645 0.00459946
114105 0.00852878
113476 0.00336323
113482 0.00227144
114098 0
113354 0.00653595
113414 0.00842697
113289 0.00551724
113833 0.00930916
113994 0.00482668
114132 0.00234558
113702 0.00872093
113365 0.00552764
113351 0.00908656
113423 0.003443
113405 0.00439722
113941 0.0031348
113513 0.00465839
113500 0.00340522
113661 0.00307811
113825 0.00636075
114023 0.00557276
113715 0.0111524
113599 0.00469974
113821 0.00178571
113759 0.00809717
113769 0.00789474
113508 0
113881 0.00831601
113270 0.0028626
113660 0.0050077
113317 0.00591716
113285 0.00777202
113997 0.00296736
113869 0.0049864
113328 0
113986 0.00356824
113481 0.00286533
113255 0.00347222
113534 0.00673401
113392 0.00607903
113635 0.0105008
113911 0.00441891
113790 0.00271924
113862 0.00239349
113395 0.00639098
113782 0
113862 0.00648148
113487 0.00153296
113910 0.00554017
113609 0.00225989
113550 0.0045403
113659 0.00826446
113492 0.00552181
113486 0.0039604
113256 0.00556931
113610 0.00717167
113984 0.00358262
113405 0.00525723
113443 0.00431655
113982 0
113901 0.00512295
113662 0.00494297
113785 0.00363901
113337 0.00298954
113391 0.00463679
113822 0.00783972
113885 0.00403226
113500 0.0027248
113921 0
113787 0.00514469
113618 0.00314465
114106 0.00564334
113387 0.00633446
113540 0.00378788
113940 0.004212
113936 0.00524246
113660 0.00457841
113964 0.00360685
113259 0.0057971
113284 0.00259516
113484 0.00365726
113696 0
113621 0.00634766
114137 0.00343643
113996 0.00378788
113934 0.00442779
113793 0.00209205
113472 0.00372787
113914 0.00603091
114106 0.00570776
113482 0.00499722
113407 0.00429185
113877 0.00587248
113260 0.00611765
113489 0.00520587
113289 0
113959 0.00393701
113645 0.00485981
113346 0.0033557
113538 0.00477783
113704 0.00293542
114100 0.00432277
113482 0.00671141
113658 0
113579 0.00623053
113618 0.0027637
113802 0.00446429
113876 0.00688705
113625 0.005
113335 0.00538462
113397 0.0044964
113903 0.00803859
113927 0.00377488
113876 0.00293686
113661 0.00486224
113900 0.00487013
113702 0.00692042
113878 0.0048288
113471 0.00357942
113835 0.00788357
113611 0.00420364
113359 0.00378174
113725 0.00780174
114021 0.00722543
113827 0.00353357
113660 0.0019802
113479 0.00469974
113644 0.00572519
113535 0.00371747
113641 0.00418936
113962 0.00858704
113613 0.00391773
113974 0.00860585
113672 0.00670391
113717 0.0114943
113581 0.0057943
114098 0
113574 0.00407056
113396 0.00549666
113504 0.00219298
113881 0
113414 0
113776 0.00214133
113576 0.00683479
113510 0.00711427
113324 0.00469239
113259 0.00444664
113518 0.00589812
113264 0.00625559
113534 0.00635786
113501 0.00370714
113502 0.00396825
113999 0.00194932
113468 0.00383877
113613 0.0063015
113818 0.00576923
113828 0.002079
113266 0
113611 0.00604933
114122 0.00302115
113796 0.00384123
113574 0.00659631
113470 0.00330969
113274 0.00647733
113824 0.0125786
113599 0.00460829
113927 0.00564573
113582 0.00435203
113610 0.00334608
113481 0.00418191
113384 0.00437637
113509 0.00222883
113260 0.00379147
113691 0.00552486
113405 0.00499465
114109 0.0101351
113562 0.00436681
113306 0.0042261
113698 0.00385463
113725 0.0060437
113351 0.00511628
113715 0.0118577
113394 0.00415565
113909 0.0037594
113793 0.00145243
113879 0.00503145
113642 0
113886 0.00464468
113704 0.00550551
113441 0.00685871
114106 0.00464576
113934 0.00450139
114109 0
113251 0.00553042
113963 0.0120192
113360 0.00470711
113888 0.00277906
113924 0.00203874
113422 0
113869 0.00634058
113415 0.00462535
113567 0.0132827
113496 0.00612053
113508 0
113880 0.0031211
113819 0.00568182
113597 0.00508906
113507 0.00378215
113244 0.00718276
113857 0.0066762
113614 0.00638507
113652 0.00416351
113802 0.00613497
113764 0.00745156
114021 0.00274348
113794 0.00280702
113404 0.00272586
113603 0.00471032
113782 0.0142857
113353 0.00510204
113846 0.00473934
113310 0.00241935
113644 0.00408466
113994 0.00436681
113494 0.0069029
113819 0.00442696
113954 0.00351425
113352 0
113406 0.00580046
113901 0.0085197
113622 0.0063788
113627 0.00366838
113580 0.00762995
113401 0.00554785
113857 0.0056872
113666 0.00501931
113348 0.00431862
113270 0.008
113274 0.00536585
113662 0.00531511
113243 0.00289017
113290 0.00236967
113472 0.00473037
113424 0.00256016
113510 0.00396301
113851 0.00437318
113480 0.00913242
113937 0.00275482
113438 0.00401606
113799 0.00829876
113584 0.00482625
113863 0.00400962
113322 0.00410023
113977 0
113691 0.0023912
113308 0.0123457
113436 0.00877193
113668 0.00459653
113318 0.00407125
113354 0
113386 0.0057508
113910 0.00498753
113685 0.00312919
113801 0.00482057
114019 0.00480769
113344 0.00588235
113932 0.00696136
113829 0.0011976
113883 0.00625838
113274 0.00482393
113962 0.00448096
113350 0.00296033
113285 0.00257566
113996 0.00571429
113406 0.00664767
113784 0.00737619
113761 0.00364964
113909 0.00352467
113347 0.00319693
113790 0.00532978
113845 0.00767754
113283 0.00542005
113664 0.00474496
113956 0.00335196
113682 0.00371471
114137 0.00313316
113700 0.00562948
113977 0.00630915
113691 0.00810682
113719 0.00373308
113769 0.004662
113472 0.0039312
113766 0.003276
113491 0.00551102
113499 0.00268817
113672 0.00387168
113764 0.00549451
114112 0.00401606
114098 0.0166667
113910 0.00612691
113480 0.00280899
113966 0.00241663
113302 0.00770713
113367 0.00463392
113351 0.00468823
113250 0
113914 0.00295094
113605 0.00338219
113771 0.00270088
113683 0.00185014
113383 0.00524934
113269 0.00518493
113356 0.00401248
113269 0.00420168
113472 0.00489716
113683 0.000892857
113489 0.00396301
113360 0.00480513
113290 0.00462963
113926 0.00562701
114129 0.00450161
113772 0.00562588
113258 0.00601295
113308 0
113991 0.00533463
113479 0.00508647
113952 0.00347222
113966 0.00459418
113423 0.00626844
113930 0.00636402
113850 0.00335089
113469 0.00409836
113765 0.00208768
113650 0.00331785
113284 0.00555115
113535 0.00379147
113361 0.0043753
113690 0.00428266
113613 0.00563116
114123 0.00472937
114112 0.00148515
113514 0.00465357
113776 0.00541712
113777 0.00547445
113385 0.00181159
113922 0.00442629
113385 0.00182815
113371 0.0067243
113571 0.00563698
113315 0.00284495
113363 0.00329257
113452 0.00384615
113629 0.00245098
113878 0.0047619
113999 0.00760456
113801 0.00507901
113661 0.00523139
113912 0.0037112
113952 0.00339559
113351 0.00459559
113885 0
113468 0.00509495
113680 0
113323 0.00613787
113874 0.00388098
113462 0.00552995
113953 0.00574713
113362 0.00589971
113981 0.00764192
113618 0.00375059
113715 0.0163265
113615 0.00376294
113276 0.0047824
113616 0.0048216
113715 0
114135 0.00490798
113392 0.0062777
113611 0.00280112
113546 0.00340832
113511 0.00358974
113256 0.00579374
113583 0.0034398
113879 0.00451807
113613 0.00239693
113276 0.0055918
113950 0.0063762
113247 0
113864 0.003003
113770 0.00808824
113956 0.00360848
113309 0.00367309
113485 0.00362319
113662 0.00911613
113259 0.00335249
113827 0.00307557
113488 0.00447316
113256 0.00589275
113344 0
113759 0.0075188
113567 0
113472 0.00705219
113476 0.00317797
113964 0.00690608
113957 0.00493359
113477 0.0029484
113517 0.00527426
113612 0.00231589
113997 0.001
113261 0.00591133
113303 0.00854701
113940 0.00338524
113504 0
113721 0.00483092
113835 0.00567215
113489 0.00473037
113246 0
113903 0.00310318
113444 0.00431965
113250 0
113357 0.00457782
113513 0.00409626
113881 0.00212766
114136 0.0119048
113354 0.0075188
113408 0.00503778
113884 0.00645161
113488 0.00365726
113791 0.00610772
113501 0.005
113654 0.0043684
113463 0.00246154
113510 0.0025729
113891 0.00274977
114024 0.00464191
113343 0.00565262
113985 0.00393529
113667 0.00339943
113489 0.00550459
113467 0.00288046
114103 0
113461 0.00626959
114018 0.00805153
113486 0.00308325
113380 0.00324525
113981 0.00609756
113883 0.00426743
113541 0.00163666
113985 0.00689061
113652 0.00473071
114017 0
113332 0
113850 0.00268697
113369 0.00422833
113590 0.00471254
113938 0.00399867
113369 0.00498575
113494 0.00338655
113357 0.00401808
113833 0.00289157
113719 0.00529101
113405 0.00391738
113588 0.00378788
113501 0.0063234
113685 0.00347977
113303 0.00595238
113985 0.00389779
113536 0.00438383
114025 0.00646552
114105 0
113291 0.00450958
113980 0.00289436
113408 0.00124224
113365 0.00517331
113715 0.0041841
113670 0.0034338
113934 0.00336814
113405 0.00291545
113644 0.00271845
113765 0.00660793
113302 0.00491159
113493 0.00534759
113960 0.00456942
114109 0.010453
113974 0.00644122
114118 0.00123457
113875 0.00261097
113575 0.0061553
114099 0.00191571
113283 0.00290276
113924 0.00393959
113869 0.00275735
113936 0.00590219
113603 0.00330189
113396 0.00449346
113629 0.00081103
114126 0.0038674
113580 0.00334608
113633 0.0069735
113964 0.00614077
113544 0.00473373
113880 0.00183824
113495 0.00277778
113650 0.00405455
113989 0.00488021
113653 0.00725468
113831 0.00477897
114098 0.0120482
113885 0
113415 0.00576752
114129 0.00243754
113379 0.0037234
113625 0.00492368
114024 0.00466978
113534 0.0065086
113567 0.0113122
113987 0.00325309
113851 0.00649351
113691 0.00377003
113654 0.00735835
113347 0.00474255
113381 0.0057971
114108 0.00898204
113930 0.000826105
113784 0.00811359
113457 0.00440098
113385 0.00366972
113363 0.00563116
113845 0.00398804
113581 0.00445633
113401 0.00368732
113386 0.00249532
113499 0.00392157
113792 0.00445236
113816 0.00462535
113802 0.00357143
113765 0.00514403
113879 0.00686185
113614 0.00637255
113501 0.0044964
113393 0.00410142
113327 0.00499064
114112 0.00598802
113345 0.00479846
113250 0
113974 0.00465839
114133 0.00533463
113686 0.00115207
113347 0.00789993
113849 0.00341297
113848 0.00503145
113562 0.00643777
113247 0.00628437
113821 0.00414938
113791 0.00285063
113656 0.00497894
113890 0.00297915
113933 0.00496894
114108 0.00455005
113380 0.00189484
113432 0.00619638
113509 0.00387898
113541 0.00399543
113767 0
113722 0.00376648
113319 0.00649652
113684 0
113615 0.00759013
113353 0.00530035
113667 0.00668524
113984 0.00468384
113724 0.00709891
113885 0.00444444
113469 0.00502513
113344 0.00557103
113285 0.00268276
113645 0.00558882
113260 0.00560938
113924 0.00276625
113717 0.00777454
113978 0.00681265
113626 0.00689316
113582 0.00389674
113310 0.00566343
113385 0.0092081
114123 0.00524109
113335 0.00588668
113601 0.0031489
113870 0.00730241
113773 0.0153341
113831 0.00440044
113664 0.00500963
113697 0.00568182
113246 0
113391 0.00641026
113690 0.00684571
113276 0.00520587
113601 0.00704225
113911 0.00529568
113572 0.00415129
113770 0.00442804
113993 0.00715564
113842 0.00446429
113291 0.00257732
113690 0.00428036
113862 0.00570071
113546 0.00723589
113794 0.004851
113303 0.00433705
113870 0.00714924
113828 0.00111235
113370 0.00296296
113620 0.00246792
113271 0.00278293
113538 0.00430622
113622 0.00431862
113897 0.00666667
114128 0.00147384
113657 0.00466695
113664 0.00471698
113801 0.0041645
113829 0.0091954
113987 0.00204778
114022 0.00369276
113384 0.00492072
113717 0.00285714
113332 0
113256 0.00377834
113782 0
113453 0.00192555
113423 0.00473934
113964 0.00563116
113362 0.0066838
113701 0.00282885
113353 0.00345125
113772 0.0046225
114124 0.00607399
113841 0.0040107
113515 0.0034585
113379 0.00545094
113626 0.00198708
113948 0.00535714
113541 0.00393701
113700 0.00491884
113850 0.0041919
114127 0.00389105
113574 0.00224719
113537 0.00513539
113581 0.0057971
113670 0.00434096
113933 0.00491199
113569 0.00262009
113931 0.00275957
114100 0.00525131
113997 0.0040858
113849 0.00813743
114135 0.00485437
113265 0.00319927
113926 0.0047089
113536 0.00556845
114022 0.00600601
113946 0.00554017
113897 0.00313316
113345 0.00307692
113909 0
113874 0.00750939
113484 0.00387034
113495 0.00367309
113655 0.0037092
113541 0.00593632
114135 0.00237812
113834 0.0059453
113819 0.00413437
113987 0.00646412
113627 0.00686813
114109 0.00362319
113702 0
113924 0.00473293
113816 0.00372439
113784 0.00103842
113692 0.00757576
113760 0.00124844
113980 0.00292612
113410 0.00358744
113883 0.0041021
113322 0.00426945
113950 0.00614251
113884 0.00618557
113999 0.00583658
113344 0.00952381
113452 0.00517647
113767 0
113620 0.00460405
114017 0
113468 0.00329102
113515 0.00358974
113467 0.00430005
113614 0.00603809
113985 0.00566696
113494 0.00543747
114132 0.00566802
113255 0.00724263
113892 0.00508083
113824 0.0153846
113534 0.00625602
113776 0.00431965
114025 0.00215983
113491 0.00559512
113862 0.00239464
113959 0.00343774
113453 0.00452489
113337 0.0033419
113422 0
113869 0.00418994
114135 0.00125628
113870 0.00465116
113930 0.00697865
113607 0.00692726
113397 0.00554017
113470 0.00636075
113386 0.00559354
113258 0.00496771
113367 0.00626506
113280 0.0063593
113270 0.00603528
113896 0.00507099
113620 0.00377358
114024 0.00215054
114103 0.00854701
113900 0.00483092
113423 0.00536193
113912 0.00682128
113641 0.00869205
114127 0.00353982
113504 0.00204082
113440 0.0044287
113303 0.00737101
113508 0.0060241
113902 0.0010929
113575 0.00365464
113550 0.00567537
114115 0.00532481
113789 0.00192308
113243 0.00550206
113387 0.00419815
113511 0.00540249
113959 0.00433583
113936 0.00429923
113367 0.00473037
113792 0.00431034
113793 0.00353857
113684 0
113243 0.00277521
113684 0
113799 0.00546448
113668 0.00690676
113787 0.00666223
113269 0.00270819
113406 0.00664452
113471 0.00547945
113841 0.00424757
113456 0.00396825
113823 0.00418911
113467 0.00700607
113698 0.00620417
114135 0.00253807
113436 0.00854701
113957 0.00677201
113724 0.00188413
113517 0.00643883
113804 0.00231374
113680 0.00578035
113618 0.00366972
113880 0.00440806
113624 0.00197531
114100 0.00670641
113322 0.003615
113635 0.00468384
113777 0.00427807
113627 0.00359195
113350 0.00331309
113702 0.00584795
113470 0.00248509
113356 0.00574163
113835 0.0032175
113788 0.00584795
113332 0.0215054
113963 0
113627 0.0052356
113764 0.0103397
113496 0.00373308
113871 0.00553663
113763 0.00147275
113445 0.00319829
113397 0.00469263
113610 0.00542139
113459 0.0053243
113672 0.0034823
113575 0.0056684
113352 0
113538 0.00378609
113360 0.00363071
113727 0.0020979
113833 0.00818094
113860 0.00389864
113770 0.00610221
113962 0.00363769
113995 0.023622
113415 0.00313339
113290 0.00214362
113259 0.00281822
113719 0.00373657
113272 0.00608899
113969 0.00714286
113622 0.00500501
113414 0
113582 0.00484027
113308 0
113938 0.00467914
113258 0.00603809
113261 0.00299551
113442 0
113265 0.00607761
113940 0.0040858
113350 0.00463231
113823 0.00371517
113360 0.00760043
114124 0.00454804
113926 0.00501463
113507 0.0046332
113264 0.00630631
113718 0.00458015
113857 0.00594648
113656 0.00539084
113463 0.00371058
113354 0.00588235
113700 0.0049776
113327 0.00441362
113514 0.00343643
113423 0.00206186
113479 0.00445931
113470 0.0039312
113492 0.00746697
113828 0.00212766
113567 0.00610998
113850 0.00489106
113550 0.00554631
113509 0.00358166
113721 0.00264831
113719 0.00458716
113680 0.0185185
113723 0.00201106
113324 0.00626566
113717 0.00921187
113459 0.00624164
113827 0.00292398
113997 0.00359343
113946 0.00530612
113914 0.00538406
113863 0.00632411
114137 0.00749625
113787 0.00907323
113843 0.00410678
113876 0.00582242
113652 0.00678477
113343 0.00536585
113885 0
113900 0.00332226
113269 0.00420757
113574 0.00545207
113880 0.00446429
113391 0.00479616
113279 0.0054315
113654 0.00565824
113284 0.00563607
113856 0.00386399
113348 0.00604933
113878 0.00570175
113881 0.00238663
113279 0.00469208
113309 0.00671463
113794 0.00282087
113247 0.00630418
113392 0.00417933
113870 0.00687581
113388 0.00297089
113688 0.00408534
113696 0
113243 0.00278164
113941 0.003367
113621 0.0039801
113261 0.00562324
113984 0.00415512
113726 0.00344319
113268 0.0057232
113892 0.00418021
113435 0.00394283
113441 0.0027972
113535 0.00587659
113440 0.00772532
113925 0.00524476
113609 0.00524476
113436 0
113461 0.00623053
113995 0.0107527
113969 0.0105263
113275 0.0043881
113457 0.00710564
113476 0.00484131
114111 0.00440529
113664 0.00645651
113541 0.00531632
113626 0.00578871
113385 0.00373832
113682 0.00447511
113444 0.00554631
113503 0.008
113476 0.00323276
113448 0.00489396
113824 0
113500 0.00325027
113818 0.00382226
113694 0.00480307
113698 0.00447678
113328 0
113897 0.00373533
113440 0.00492611
113504 0.00437637
113246 0.00719424
113878 0.00395604
114137 0.00254453
113991 0.00378788
113324 0.00118554
113544 0.00615006
113846 0.00230592
113984 0.00318616
113255 0.00424403
113953 0.00522952
113948 0.00375235
113871 0.00443459
113606 0.00584532
113932 0.00599436
113503 0
113698 0.00501114
113285 0.00607533
113597 0.00692259
113846 0.00504686
113822 0.00305677
113719 0.00380048
113470 0.00377003
113611 0.00322432
113843 0.00680272
113444 0.00444939
113538 0.00512343
113759 0
113468 0.00482625
113721 0.00553598
113496 0.00476417
113356 0.0045106
113697 0.0060241
113831 0.00757576
113672 0.00772889
113396 0.00492238
113698 0.00233372
113310 0.00319744
113720 0.00318037
113609 0.00546117
113969 0.0102669
113946 0.00609508
113787 0.00393701
113617 0.00571701
113660 0.00470958
113949 0.0021322
113244 0.00489396
113946 0.0028866
113576 0.00200401
113622 0.00353001
113327 0.00245399
113380 0.00536847
113617 0.0052506
113462 0.00394046
113983 0.00614628
113976 0
113508 0
114017 0
113784 0.00638298
113620 0.00416474
113879 0.00446429
113432 0.00555556
113639 0.0075188
113576 0.00396432
113955 0.00368421
113957 0.00529902
113502 0.00518807
113401 0.00441826
113616 0.00416281
113841 0.00556931
113901 0.00322928
113725 0.00452899
114019 0.00169635
113436 0.00970874
113455 0.00197628
113953 0.00755375
113824 0
113635 0.00505051
113616 0.00384431
113773 0.00101317
113759 0.00769231
113725 0.00337675
113794 0.00320102
113927 0.00581793
113479 0.00519751
113500 0.00441989
113832 0.00489596
113848 0.00342466
113243 0.00519849
113960 0.00439078
113776 0.00212993
113369 0.00555942
113485 0.00463918
113765 0.00737619
113571 0.0022779
114098 0.015625
113623 0.00478927
113782 0
113471 0.00516432
113279 0.00614251
113514 0.00420521
113396 0.0057648
113652 0.00262467
113612 0.00516432
113597 0.00254939
113443 0.00558659
113494 0.00647549
114133 0.00592885
113829 0.00240385
113914 0.00479351
113320 0.00492854
113983 0.00429711
113959 0.00272374
113365 0.00254842
113514 0.00518583
113291 0.00640342
113395 0.00628466
113767 0
113688 0.00607477
113911 0.00360036
113856 0.00933852
113497 0.00528084
113860 0.00390625
113310 0.00574713
113380 0.00628931
113270 0.00522317
113617 0.00323176
113627 0.00504686
113537 0.00567376
113369 0.00283688
113319 0.00445434
113356 0.00499319
113834 0.00414938
113392 0.0038625
113575 0.00403769
113969 0.00696864
113540 0.00664894
113936 0.00551081
114136 0.00367647
113599 0.00780869
113495 0.0031746
113573 0.00408163
113981 0.0031746
113724 0.00394672
113654 0.00370096
113266 0.025641
113621 0.00193611
114023 0.00247985
113941 0
113630 0.00791557
113823 0.00252685
113896 0.00502008
113926 0.00505051
113518 0.00471204
113486 0.00316456
114128 0.00143988
113388 0.00438596
114022 0.00509461
113328 0.0666667
113892 0.0036513
113792 0.00343938
113423 0.00511696
113353 0.00529568
113306 0.00481026
113613 0.00430622
113534 0.00514981
113816 0.008867
113654 0.00417299
113614 0.00807985
113573 0.00657277
113796 0.00201342
113949 0.00692841
113562 0.00434783
113892 0.00435161
113777 0.00743494
113832 0.00531046
113582 0.00771828
113864 0.00324675
113923 0.00328084
113655 0.00297287
113931 0.00384347
113381 0.00426743
113719 0.00671463
113974 0
113668 0.00541872
113927 0.00304775
113724 0.00476417
113597 0.00292255
113997 0.00452034
113544 0.00367197
114112 0.00200702
113695 0.00561272
113818 0.00593765
113922 0.00576662
113442 0.00613497
113871 0.00349956
113303 0.00741656
113279 0.00400687
113621 0.0064695
113925 0.00445969
113467 0.00465549
113658 0.00287356
113308 0
113634 0.00333175
113284 0.00329761
113545 0.00450045
113335 0.00436999
113371 0.00432152
113306 0.00770021
113863 0.00506329
113829 0.00595948
113884 0.00314748
113321 0.00555042
113615 0.00480077
113656 0.00644917
113511 0.0044955
113840 0
113661 0.00393701
113579 0.00805153
113656 0.00580495
113327 0.00365854
113500 0.00382932
113630 0.0112994
113877 0.00263389
113654 0.00558867
113607 0.00554715
113912 0.00521342
113722 0.00288739
113501 0.00179856
113353 0.00440141
114023 0.00552826
113845 0.00636364
113622 0.00471451
113280 0.00316456
113921 0.00416667
113822 0.00510421
113583 0.0054001
113266 0
113443 0.00560224
113466 0.00859599
113384 0.00348028
113514 0.000868056
114022 0.00616016
113686 0.00934579
113884 0.00364797
113794 0.00338753
113393 0.00403818
113432 0.00496278
113612 0.00405223
114137 0.00357325
113657 0.00401445
113909 0.00359712
113863 0.00855365
114106 0.00666667
113485 0.00387597
113845 0.00201207
113700 0.00241429
113503 0.00569801
113391 0.00416667
113850 0.00218531
113856 0.00617284
113834 0.00445931
113388 0.00329598
113784 0.00627615
113383 0.00319234
113361 0.00262743
113261 0.00503018
113996 0.00597976
113615 0.00431448
113956 0.00369857
113717 0.00203666
113619 0.00622307
113827 0.00424729
113782 0
113800 0.00488103
