113509 0.00409836
112796 0
112789 0
113769 0
112366 0.00524934
112883 0.00763359
113613 0
112636 0.00429185
113205 0
112872 0.00787402
112373 0.00367647
113134 0
112383 0.00248756
113704 0.00257069
112648 0.00411523
112654 0
113939 0.00352734
113851 0.0049505
112786 0.00837989
113544 0
113315 0
113824 0
113911 0.00214133
113335 0.00743494
113047 0
113351 0
113946 0
113652 0.00604839
112785 0.00600601
113938 0.00199601
113480 0
112322 0
113503 0
113829 0.00613497
112422 0
113261 0
112700 0.010101
113605 0.00621118
113546 0.003861
112438 0.00444444
113845 0.00578035
113260 0.00966184
112426 0.00483092
112499 0.00977995
112680 0.0157895
113144 0.00428266
113682 0
113379 0
113444 0.00319489
112823 0.00555556
113693 0.00307692
112400 0
112491 0.00980392
113877 0.00847458
112511 0.00738916
113701 0
112861 0.00396825
112916 0.00493827
112868 0.00617284
113462 0.0114679
113018 0.0327869
113466 0.016129
112642 0.0129032
113956 0.00232019
113771 0
113392 0
112369 0.00369004
112887 0
113195 0
113463 0.00311526
113139 0
112494 0.00621118
113110 0.0102302
112353 0
113494 0.00239808
112997 0
113665 0.00401606
113068 0.02
113290 0
113962 0
113879 0.00555556
112290 0.0138889
113719 0.00522193
113414 0.0172414
113899 0.0111111
112816 0.00492611
112456 0.00564972
113395 0
114126 0.00842697
113567 0
112367 0.00488998
113170 0.0118343
113654 0.0106572
112390 0
113801 0.00284091
112980 0.00540541
113055 0.00266667
113289 0
113659 0.0025641
112624 0.00334448
112348 0.0147059
113495 0.00250627
112825 0.0025974
113356 0
112509 0
112420 0.00449438
113048 0
113440 0.0046729
114025 0.00346021
113849 0.00530504
113686 0.0052356
113690 0.00259067
112773 0.00561798
114105 0
112264 0.00389105
113534 0
113386 0.00655738
112479 0.00628931
112334 0.0107914
113388 0.00694444
113107 0.00995025
112993 0.0392157
113792 0
112897 0.00244499
113060 0
112615 0.00578035
113698 0.00298507
112984 0
112903 0.00769231
112541 0.0146341
113491 0
113857 0.0104439
113536 0.0122249
113724 0
113642 0
113635 0.00253165
114098 0
113996 0
113508 0
112657 0.0047619
112492 0.00176678
114023 0.00643087
113499 0.00330033
113453 0.00647249
113054 0.00282486
112522 0
113406 0.00580271
112781 0.00497512
113925 0.00377358
113211 0
112664 0.0209205
113550 0.00282486
113896 0.0168539
113949 0
112845 0.00497512
112542 0
113794 0.00740741
113723 0.0112994
112904 0
112631 0
114017 0
113247 0.00458716
113969 0.0106383
112259 0.00777202
112840 0
113401 0.0119048
113422 0
112295 0
113831 0
113245 0.00238095
113106 0.0103093
112299 0
113345 0
113246 0
113380 0
113609 0.00311526
113785 0
113093 0
113772 0.00719424
113302 0
113472 0.002331
113843 0
113584 0
113664 0.00385356
112827 0.0075188
113957 0.00191939
112810 0
112812 0.0119048
113874 0.00662252
112699 0.00487805
113145 0.0103093
113612 0.00255102
112442 0.0026738
113627 0.0158103
113353 0.00421941
113876 0
112927 0
113324 0.00332226
112329 0
112794 0
112625 0.00431965
113010 0.00387597
113065 0.00569801
112263 0.00364964
113679 0
113396 0
113198 0
113511 0.0044843
113624 0.00239808
113911 0
113897 0.0026455
113862 0.00222717
112362 0.00675676
113504 0.0125
113696 0.030303
113819 0.00534759
113694 0.00518135
113125 0
113871 0
113717 0.00591716
112791 0
113318 0.00263158
113688 0.0127877
112435 0
113661 0.00779727
112679 0
112343 0.0144928
113628 0.00247525
112531 0
113914 0.00707965
113038 0.00213675
112475 0.00364964
112840 0
113630 0
113683 0.0136364
112805 0.010582
113448 0.00262467
112650 0
112817 0
112466 0.00436681
113183 0
113758 0
113350 0.00615385
113925 0.00162602
113926 0.00402414
113393 0.00570342
113066 0.0149626
112487 0
112878 0.00558659
114024 0.00333333
113432 0.004914
113348 0.00737101
112664 0.00408163
113603 0.00501253
113488 0.00473934
112279 0.00816327
112652 0.0230263
113977 0
113493 0.00262467
113212 0.0100503
113782 0
113135 0.00208768
114132 0.00434783
112488 0.00562852
113204 0.0263158
112851 0
113011 0
113468 0.00921659
113993 0.008
112365 0.00462963
113365 0.00263852
113070 0.00253165
113274 0.00526316
113954 0
113244 0.00369004
113264 0.00456621
113950 0
113799 0.0041841
113662 0.00208768
113764 0
113725 0.00485437
113633 0
113722 0
112616 0.00621118
112490 0.00421941
112287 0
113571 0.010929
113045 0
112397 0
113291 0.00537634
113079 0.00512821
112655 0.005
113650 0.003367
113948 0
112991 0.0100251
113941 0
113936 0.0136674
113622 0.00789474
113441 0.00729927
113623 0.00244499
112409 0
112999 0.00566572
113476 0.00595238
113940 0.00378788
112495 0
112260 0.00275482
113983 0.00316456
112512 0.0058309
113978 0.0103359
113621 0.00253807
112811 0.00865801
113203 0.0175439
113099 0
113789 0.0164474
113197 0.00389105
113576 0.00258398
112392 0.00380228
112978 0.00598802
113309 0
114112 0.00522193
114018 0.00833333
114133 0.00251256
113832 0.00843882
112544 0
112633 0.0078125
113088 0
113892 0.00479616
113903 0
113126 0
113185 0.00735294
113165 0.0153846
113303 0.0100671
113625 0.0026738
113695 0.007109
112804 0.00480769
112393 0
113343 0.00255102
112361 0
113982 0
112875 0.00185874
112863 0
112865 0.00512821
114123 0.00862069
113881 0.011236
113653 0.0116279
112614 0.0117647
112601 0
113492 0.00330033
113391 0
113489 0.00246914
112502 0.0114286
113436 0
112816 0
113052 0.00628931
112378 0.0142857
112417 0
112283 0.00364964
113061 0.0127877
113347 0.00353357
112506 0
113269 0.00361011
113770 0.00429185
113959 0.00407332
113148 0.00533808
113657 0.00403226
113455 0
112681 0.00440529
112835 0.00520833
112454 0.0021322
113991 0.0025641
