111412 0.279226
112114 0.285545
111167 0.30751
111970 0.308594
111583 0.277399
112053 0.28999
112099 0.279921
111654 0.291411
111831 0.2824
112069 0.274212
111349 0.2892
112235 0.282086
110905 0.248721
111431 0.277668
111351 0.302872
111994 0.289078
111142 0.2839
111609 0.272011
111319 0.284035
111533 0.260934
111132 0.277972
111948 0.271067
112126 0.279202
111672 0.281046
110976 0.287435
111640 0.287281
111431 0.277199
111585 0.271335
111553 0.272758
111664 0.280949
111583 0.27797
110983 0.275676
111920 0.27122
111594 0.281768
112091 0.268519
111361 0.283537
111517 0.273536
111138 0.282428
111922 0.286268
111351 0.296689
111395 0.278611
110957 0.301299
112080 0.26953
110969 0.273649
112050 0.281276
111329 0.269986
112077 0.298507
110973 0.293922
111073 0.294365
111656 0.264479
111811 0.268362
111836 0.262425
112249 0.288288
111618 0.286153
111400 0.255208
111831 0.293089
111790 0.280267
111644 0.260883
112114 0.284897
110959 0.258892
111096 0.283019
111835 0.276569
112053 0.263211
111780 0.283685
110912 0.283963
111602 0.25242
111123 0.276848
111194 0.27815
112123 0.299645
111569 0.27976
112162 0.276385
111523 0.260148
110970 0.284843
112161 0.284665
111948 0.284826
110908 0.287189
111996 0.28202
111531 0.271344
111164 0.261498
111392 0.277267
112118 0.313043
111604 0.286831
110991 0.285858
111590 0.274968
111560 0.287847
111528 0.290373
111955 0.293698
111398 0.285324
111314 0.2786
111663 0.27964
111095 0.282821
111382 0.301506
110952 0.269319
111390 0.275956
111364 0.286946
111522 0.266929
111644 0.274899
111653 0.27224
111375 0.276
111992 0.260215
111644 0.272498
112078 0.274008
111514 0.26087
111554 0.280829
111619 0.279515
111923 0.28844
111396 0.277845
111334 0.270468
110983 0.27408
111143 0.279608
111623 0.278843
111672 0.276518
111674 0.289459
111200 0.270347
111786 0.279001
111563 0.272429
111120 0.293157
112254 0.274585
111929 0.288014
112075 0.261228
110919 0.316891
111361 0.31773
111388 0.277235
111520 0.31068
111172 0.289157
111536 0.264407
112169 0.288156
112237 0.278049
111383 0.285136
110944 0.272948
110997 0.281929
111520 0.281843
111566 0.272727
110991 0.268873
110912 0.285308
111632 0.282836
111140 0.276382
111907 0.335632
111992 0.275714
110945 0.265094
111164 0.288165
111673 0.293977
111159 0.296024
112161 0.278863
112254 0.280512
111654 0.276971
111819 0.259446
111003 0.269352
111674 0.283253
111349 0.300277
110968 0.293126
111643 0.287893
112114 0.274424
111941 0.291667
112162 0.284713
111128 0.279425
111357 0.286822
111198 0.253369
111988 0.283889
111603 0.289603
110933 0.27972
111314 0.284045
111128 0.274545
111362 0.282167
110952 0.288046
110928 0.271476
111368 0.272865
111616 0.283206
111619 0.290144
111073 0.286445
111319 0.278881
111202 0.278237
111609 0.267254
111522 0.294964
111819 0.285386
111203 0.27935
111351 0.281379
112121 0.273543
111129 0.301341
111395 0.288579
111170 0.28732
111517 0.291347
111600 0.27991
112126 0.27208
111673 0.289855
111164 0.275893
111097 0.278481
111096 0.279946
110973 0.277822
111907 0.294382
111328 0.277778
111415 0.295578
111000 0.283099
111678 0.295706
111548 0.282369
111910 0.241438
111414 0.297194
111914 0.297917
111671 0.285598
111897 0.273356
111190 0.274066
111563 0.284606
111532 0.296404
111393 0.286411
110908 0.281818
110929 0.274419
111320 0.274769
111604 0.281727
111913 0.278978
111392 0.285914
111383 0.295981
112167 0.278894
111718 0.271536
111668 0.276111
112236 0.271558
111571 0.28532
111615 0.288491
111998 0.270677
111618 0.283615
111612 0.277988
110920 0.303091
111303 0.285356
110920 0.288201
111777 0.281141
111528 0.28647
110999 0.283301
111640 0.270667
111417 0.275875
110919 0.276336
112067 0.276423
111731 0.2646
111367 0.296688
111393 0.288709
111620 0.280255
111660 0.280564
110940 0.277666
111609 0.27907
111424 0.283592
111391 0.278207
111984 0.272559
111601 0.280562
112161 0.280867
111605 0.277473
111929 0.291115
111197 0.295203
111991 0.261376
110943 0.271203
111898 0.272265
112247 0.271895
111562 0.259723
111573 0.309524
111415 0.281576
111403 0.295019
111922 0.290865
111965 0.28059
111091 0.289278
111521 0.30098
111394 0.269994
111395 0.285279
111818 0.28057
111533 0.295502
112244 0.276324
111198 0.291038
110991 0.281071
111120 0.290657
111776 0.285333
110967 0.279566
111564 0.294655
110976 0.259323
112088 0.235431
111664 0.292012
111122 0.283249
111910 0.314236
112101 0.275236
111650 0.282297
112235 0.280453
111117 0.284448
111809 0.29274
112050 0.269181
110993 0.286224
111601 0.295649
111928 0.266447
111606 0.285047
110997 0.295446
110914 0.30814
111920 0.290237
111983 0.285171
110972 0.279032
112010 0.284433
111431 0.289355
111335 0.28374
111363 0.281413
112101 0.253293
110942 0.263841
111661 0.27884
111620 0.28364
112117 0.291213
110955 0.289495
111547 0.270735
111584 0.256262
111413 0.29539
111782 0.282418
111144 0.282373
111872 0.288175
111527 0.321705
111588 0.28787
111991 0.281915
111510 0.264069
111368 0.28762
110981 0.275836
111403 0.299897
112080 0.273795
111530 0.275335
111169 0.287378
111783 0.297048
111368 0.283868
112085 0.300787
111383 0.270154
111581 0.296984
112053 0.279526
111875 0.297457
112246 0.287506
110927 0.273303
111882 0.267467
111652 0.270154
110979 0.291982
111667 0.305419
111817 0.304119
111572 0.281392
112236 0.270494
111628 0.306969
111836 0.279003
111653 0.287785
111882 0.299784
111122 0.290768
111622 0.310127
111562 0.281888
110989 0.281026
111967 0.275229
111913 0.295276
111995 0.283382
111396 0.300567
110929 0.27437
112107 0.318083
112121 0.297899
111605 0.287111
111969 0.259811
111553 0.265487
110951 0.285335
111626 0.272895
112009 0.30198
111394 0.279612
111528 0.296006
111084 0.275327
111369 0.300855
111398 0.284444
111570 0.278835
111511 0.267655
111776 0.289387
111083 0.298286
112069 0.277655
111080 0.2785
112088 0.272321
112118 0.285171
111616 0.283931
111835 0.257757
111361 0.281538
111117 0.27489
111138 0.275714
110986 0.283977
111811 0.26762
111921 0.278557
111319 0.289963
111085 0.274609
112163 0.308858
111817 0.279314
111434 0.294557
111661 0.271336
111835 0.283019
111593 0.273092
112244 0.283896
111727 0.281879
111997 0.31283
110984 0.301056
110942 0.275723
112085 0.313029
111614 0.296426
111823 0.273493
111622 0.286498
111163 0.267073
111142 0.279868
111588 0.294942
111887 0.280964
111776 0.274704
111572 0.282609
111569 0.269266
111591 0.28084
111335 0.280879
111560 0.274624
111826 0.276662
111864 0.29052
111925 0.251901
110927 0.260177
111888 0.264947
111914 0.27572
111887 0.271366
111382 0.284159
111357 0.280374
111121 0.286158
112238 0.269811
111959 0.276256
112248 0.271467
111657 0.282253
111630 0.284785
111081 0.295525
111413 0.280325
110986 0.280522
111559 0.269688
111594 0.30578
111992 0.282258
112247 0.279475
111143 0.271435
111516 0.259876
111518 0.308023
111887 0.267606
111783 0.291022
112085 0.28062
112168 0.292793
111433 0.263281
110971 0.291939
111143 0.292683
111121 0.27478
111622 0.267666
112075 0.277407
110933 0.264075
111390 0.271453
111197 0.285586
111084 0.286969
111941 0.294118
110925 0.288873
111529 0.274411
111630 0.286935
111336 0.267918
111594 0.287227
111996 0.291971
111129 0.285593
111661 0.283201
111333 0.276596
111958 0.27907
111131 0.269906
110978 0.289886
112164 0.272648
111403 0.264652
111367 0.292694
111315 0.285913
111985 0.266187
111418 0.284314
110984 0.266244
111568 0.29661
111782 0.272644
111718 0.303704
111573 0.254937
110940 0.286778
111314 0.284436
111600 0.283019
111888 0.289409
111947 0.274824
112074 0.273664
112143 0.275926
111973 0.282051
110905 0.253952
111644 0.300188
112050 0.265298
110959 0.286432
111973 0.286467
111157 0.286475
111085 0.303207
111119 0.288462
111199 0.293249
111818 0.268852
111394 0.290968
111647 0.280458
111875 0.289056
111536 0.221631
111628 0.26482
111162 0.300893
111117 0.280018
112245 0.288264
110919 0.296238
111559 0.29087
111674 0.272776
111955 0.270047
111527 0.269231
111388 0.278649
111363 0.286515
111084 0.248992
111168 0.28847
111596 0.297521
111172 0.278422
111081 0.255589
112126 0.267143
111663 0.299437
111570 0.271784
111162 0.288184
111668 0.282508
111414 0.277241
111121 0.278338
112105 0.287073
111615 0.284913
111925 0.295142
111570 0.283692
112237 0.27915
111661 0.282564
111003 0.280675
112257 0.27912
111132 0.280686
110952 0.260638
111563 0.277146
111620 0.277484
110956 0.265038
111530 0.279798
110982 0.281762
111731 0.291193
110990 0.280507
111533 0.287707
111774 0.275424
111171 0.244939
110920 0.280984
111774 0.268833
111589 0.290459
112067 0.303207
111626 0.292802
111532 0.27021
112136 0.300948
111514 0.279022
111097 0.278388
111521 0.276304
111950 0.289902
110989 0.293281
111096 0.281732
111579 0.294479
111163 0.272251
111400 0.327563
111200 0.289913
110945 0.272908
110914 0.282297
111313 0.280488
112255 0.283261
111955 0.276596
111414 0.279987
111095 0.283937
112247 0.286125
111554 0.278843
112244 0.285808
111928 0.243396
111395 0.282961
111201 0.275567
110914 0.30193
110925 0.2885
111197 0.287659
111821 0.275034
111602 0.280876
111528 0.289431
110912 0.293151
111837 0.293578
111578 0.327731
111128 0.304427
111394 0.280272
111083 0.293939
111997 0.28215
111837 0.283391
111790 0.273726
112257 0.277938
111434 0.29682
111137 0.287736
111923 0.268986
110971 0.280051
111560 0.290751
111117 0.286299
111925 0.316651
111336 0.28101
111819 0.292289
111390 0.296937
111381 0.287361
111334 0.267038
111962 0.27808
111126 0.300781
111167 0.276614
111602 0.265636
111606 0.281647
110920 0.271362
111664 0.288593
111991 0.32767
112168 0.268493
111652 0.323344
111834 0.292346
111799 0.272611
110940 0.265209
111650 0.285454
112054 0.247278
112048 0.29252
111678 0.300279
111203 0.296117
110947 0.28322
111962 0.280042
110973 0.282133
112255 0.280275
110959 0.277099
111831 0.290274
111612 0.291498
111564 0.292363
111662 0.290421
111657 0.300808
111199 0.256276
111630 0.282422
111602 0.278711
112115 0.292653
112255 0.279024
110956 0.297297
111137 0.293293
111169 0.271203
111609 0.286235
111355 0.284153
112090 0.265678
111727 0.295597
111328 0.296933
112258 0.288501
111596 0.299257
112246 0.290119
111606 0.272196
111678 0.268485
110992 0.290897
111400 0.290107
111313 0.235294
111078 0.264535
111823 0.28032
112009 0.264856
111333 0.279832
111163 0.294773
112257 0.272764
110981 0.275163
112244 0.290568
110997 0.260298
110972 0.2848
111578 0.309804
112010 0.280928
111400 0.251918
111413 0.268574
111990 0.306061
111415 0.276813
111635 0.281106
110982 0.282213
110997 0.283269
111363 0.277047
111132 0.280449
111551 0.281083
112078 0.281577
111396 0.292337
111314 0.285992
111958 0.312232
111673 0.275894
111923 0.281725
111603 0.292077
112077 0.293393
111875 0.280787
110947 0.317833
111782 0.26601
111559 0.288256
111529 0.272408
111155 0.285714
112237 0.273418
111910 0.287129
111078 0.289157
111368 0.277141
111813 0.281623
111369 0.291644
111956 0.291157
110914 0.260219
111169 0.29195
111811 0.28231
111796 0.270467
111335 0.266505
112143 0.312727
111571 0.280207
111198 0.315068
111521 0.280702
112048 0.284785
111873 0.298279
110909 0.298905
111375 0.232465
111842 0.285999
112104 0.274968
110982 0.279262
110928 0.301724
110909 0.262801
110990 0.255486
111376 0.277117
110948 0.287906
111587 0.281274
110925 0.295289
112164 0.281777
112117 0.284337
110986 0.279045
111164 0.284599
111586 0.274122
110948 0.276923
111588 0.28293
111579 0.309677
112245 0.274056
111170 0.280938
111519 0.305425
111434 0.275013
111587 0.266001
110991 0.300529
111882 0.302691
111957 0.274084
111571 0.291511
111623 0.269576
111780 0.267309
112255 0.281007
111362 0.276644
111003 0.265637
111612 0.279128
111656 0.268797
112123 0.295302
111097 0.289646
111607 0.272059
110943 0.269306
111520 0.261097
111923 0.281135
111985 0.279343
111647 0.301662
111652 0.280528
111921 0.28252
111956 0.269777
111659 0.271199
111510 0.28494
111601 0.283711
111681 0.275094
111131 0.3225
111956 0.269886
111158 0.281787
111190 0.308473
111524 0.315934
112257 0.288927
111961 0.270481
112099 0.278448
112102 0.29635
112238 0.266958
111624 0.290984
111551 0.283151
111589 0.272332
111652 0.274821
111907 0.283163
111137 0.291214
111997 0.291902
111823 0.291832
111607 0.247449
111663 0.266602
111364 0.289837
111619 0.278169
111081 0.300477
111348 0.291001
111422 0.300987
111530 0.289855
111201 0.272767
111611 0.277496
111158 0.280343
111376 0.285563
111386 0.314636
111519 0.285135
112090 0.308985
111654 0.297985
111116 0.27739
111780 0.286439
111303 0.305217
111667 0.316583
111731 0.309541
111649 0.283239
110996 0.277562
110989 0.290031
110919 0.275964
110921 0.27972
111821 0.283979
110927 0.277825
112169 0.285147
111390 0.286811
111799 0.312891
111600 0.291429
111970 0.253906
111573 0.300366
110940 0.298161
111078 0.256858
112074 0.303965
110990 0.270936
111202 0.295455
111523 0.279159
111961 0.26943
111126 0.283871
111674 0.281215
111660 0.269625
111096 0.287571
112249 0.301724
112254 0.297466
111569 0.272946
111811 0.297529
111129 0.287941
111203 0.296177
111553 0.269825
110985 0.280556
111349 0.285477
111995 0.292091
111333 0.298507
111928 0.282844
111536 0.278947
111972 0.26872
111873 0.26306
111947 0.281699
112247 0.27819
110996 0.258287
112256 0.284891
111593 0.282122
111731 0.28008
111423 0.277053
110983 0.275888
112009 0.264014
111649 0.272388
111791 0.303162
111641 0.293187
111355 0.277525
111786 0.264624
111585 0.281116
111516 0.273603
111656 0.272644
111796 0.288575
111920 0.280393
111959 0.268284
111429 0.293323
111519 0.295278
112075 0.272894
111590 0.272135
111834 0.310049
110944 0.28545
111156 0.28341
111131 0.273764
111983 0.271449
111396 0.268739
111809 0.260759
110908 0.294569
111821 0.275976
110944 0.291513
111581 0.276892
112069 0.295
111941 0.244541
111320 0.28219
111570 0.288085
110996 0.29882
111973 0.259677
111582 0.288333
111169 0.294009
112162 0.288474
111970 0.2846
110943 0.304156
112169 0.277557
111654 0.265204
111333 0.291139
112102 0.276406
111854 0.298019
110992 0.277016
111551 0.283808
111913 0.279661
112107 0.334071
111635 0.313869
112061 0.270085
111392 0.271883
111629 0.286332
111640 0.277259
111958 0.276044
112054 0.278878
112061 0.283247
111958 0.259542
111635 0.270153
112163 0.285102
111547 0.286752
112080 0.276641
112163 0.270505
110971 0.278906
111159 0.2837
112118 0.283864
112167 0.288162
111073 0.290554
112256 0.275796
111640 0.286676
111988 0.262399
111429 0.283271
110959 0.260252
111170 0.291058
111615 0.27232
110999 0.278226
111566 0.285613
110912 0.281731
111593 0.269834
110968 0.292267
111119 0.282183
111138 0.282437
111533 0.295707
112048 0.277266
110909 0.278532
111777 0.305813
112061 0.317749
111398 0.283412
112010 0.265799
111965 0.283237
111961 0.326146
111818 0.285121
111854 0.273077
110999 0.285395
111914 0.311159
111415 0.274471
111850 0.288332
111547 0.276713
112162 0.292787
111854 0.27032
111673 0.288
111922 0.283374
111362 0.292308
110976 0.304989
111624 0.285183
111990 0.268505
110986 0.281164
111647 0.267406
112077 0.290739
111376 0.284695
110992 0.290196
111882 0.30647
111888 0.28041
111582 0.287009
111367 0.272213
111957 0.279973
110970 0.286613
112115 0.288533
110984 0.276973
111564 0.296613
111959 0.261966
111524 0.256757
111413 0.289585
111382 0.298822
111611 0.288344
111799 0.288437
112245 0.281369
111524 0.231183
112048 0.278501
110956 0.284644
111000 0.287751
111386 0.277885
112102 0.278243
111433 0.294828
111591 0.290488
110981 0.289541
111573 0.267112
112167 0.282568
111562 0.273591
111522 0.300871
110948 0.273678
112056 0.269953
111985 0.279859
112101 0.27366
111429 0.278592
111925 0.305689
112054 0.279732
111144 0.268548
111921 0.246602
111122 0.270085
110933 0.275281
111718 0.319372
111614 0.265971
112054 0.267143
110971 0.271048
111603 0.273805
111158 0.285086
111790 0.283567
110947 0.286737
111942 0.282967
111519 0.283322
111969 0.269648
111424 0.285424
111575 0.2642
110945 0.283186
111791 0.291667
110976 0.268558
111120 0.270994
111605 0.276819
111523 0.286008
110981 0.293886
110985 0.291486
111383 0.284236
111122 0.287212
110926 0.295206
111121 0.283043
112050 0.282147
111123 0.288391
111629 0.271521
111667 0.281755
110957 0.301435
111319 0.266735
112010 0.271921
111913 0.26422
111998 0.272353
111842 0.266259
112061 0.289104
111826 0.256757
111083 0.292248
111888 0.282367
110909 0.291761
111864 0.280255
111653 0.289192
110928 0.271
112121 0.282036
111172 0.27957
111596 0.267442
111984 0.284752
111921 0.260618
111197 0.30303
111514 0.272632
111957 0.287162
111681 0.279574
111422 0.277589
111350 0.292683
111369 0.284487
111994 0.270368
111836 0.289023
111336 0.295892
111657 0.27278
111381 0.276883
112235 0.283023
111522 0.319512
111313 0.260997
111983 0.284182
111942 0.237113
111190 0.272403
112121 0.27763
111582 0.261563
111510 0.302762
111969 0.301567
110954 0.275402
111659 0.290182
111671 0.302857
111897 0.288274
111584 0.303327
111201 0.264143
111200 0.292956
111375 0.290196
111957 0.293912
111531 0.277687
111910 0.256623
111887 0.27078
111967 0.289157
111123 0.268669
112238 0.280496
110942 0.279267
111659 0.287591
111303 0.282609
111116 0.288
111391 0.290172
112105 0.276396
111774 0.304709
111643 0.284913
110967 0.268313
111190 0.28987
111560 0.280903
111998 0.278846
111518 0.266667
111970 0.271375
112256 0.271171
112093 0.270215
112009 0.259582
111531 0.275662
111431 0.274566
111783 0.28062
111398 0.277929
111328 0.299502
110992 0.274405
111591 0.259549
111313 0.298507
111414 0.287589
111835 0.31848
111817 0.276248
111162 0.291745
110990 0.27598
112246 0.276543
111349 0.295693
111886 0.298969
111172 0.289397
111955 0.264254
111315 0.276934
111632 0.286885
110951 0.296966
110970 0.268293
111662 0.285477
110942 0.292495
111357 0.272539
110948 0.296528
111422 0.259404
111647 0.29226
111681 0.292437
111813 0.298454
111433 0.287007
111660 0.269682
111523 0.301587
112256 0.272102
111144 0.285603
111315 0.266868
111081 0.269173
111837 0.282286
111510 0.318519
111091 0.296921
111836 0.273749
111194 0.286158
111386 0.280959
111156 0.277752
110955 0.290555
111657 0.278869
111348 0.291971
111381 0.281611
111611 0.294962
111530 0.273523
111575 0.271475
111511 0.30093
111776 0.303152
111678 0.296421
111582 0.309524
111790 0.260138
111632 0.284199
110954 0.284646
111554 0.278371
111785 0.274159
111990 0.28169
111821 0.283097
112237 0.279659
111335 0.27095
112091 0.271218
111947 0.288988
111629 0.271002
111091 0.274611
111418 0.282182
111641 0.278704
111967 0.284047
111907 0.272093
110926 0.284059
111584 0.288355
112245 0.280669
111119 0.27266
111941 0.314433
111000 0.28055
111985 0.261406
111619 0.278967
111605 0.294029
112099 0.284514
111664 0.279752
111536 0.262522
111604 0.272154
110947 0.276514
111532 0.301441
111897 0.279773
111142 0.281793
111412 0.287427
111898 0.277008
111929 0.26729
111527 0.320273
111393 0.278441
111201 0.287825
111143 0.274054
111518 0.265823
111671 0.282955
111589 0.275826
111168 0.292233
112091 0.286517
111630 0.276791
110985 0.261128
111382 0.301847
112067 0.276442
112088 0.30426
111572 0.291667
111517 0.294395
111073 0.294302
111813 0.286232
112107 0.263514
110985 0.273826
111586 0.283323
112078 0.278293
111922 0.270866
111579 0.264901
112107 0.30426
111158 0.280132
112236 0.278967
110921 0.26799
111967 0.225
112077 0.286523
112126 0.280635
111622 0.282252
112105 0.284907
111886 0.242975
110968 0.262585
111947 0.276904
110954 0.29605
112067 0.304196
111611 0.27991
111995 0.267143
111559 0.282331
111984 0.294669
110927 0.278863
112056 0.280392
112093 0.285597
112143 0.280136
111000 0.288
110973 0.2921
111003 0.266771
111649 0.300035
111991 0.285106
112249 0.267442
111080 0.268595
111140 0.284133
111155 0.285714
111418 0.273747
111391 0.302932
112090 0.285714
111511 0.27087
111388 0.289464
112091 0.277247
111604 0.280601
111624 0.282479
111607 0.255208
110970 0.29883
112164 0.270437
111520 0.276029
111578 0.236111
111516 0.257801
111581 0.245798
111799 0.309524
111965 0.271354
111681 0.273761
111996 0.299113
111995 0.300399
111562 0.272076
112104 0.292541
111988 0.280521
111897 0.291353
111155 0.322946
111875 0.276564
111198 0.26219
111590 0.283042
110979 0.26145
112075 0.27175
111972 0.273697
111168 0.283003
111614 0.30033
111628 0.284281
111527 0.280079
112163 0.273252
111796 0.303473
111850 0.273733
111095 0.282051
111532 0.301462
111167 0.291381
111159 0.297108
111663 0.272785
111199 0.301325
112238 0.290888
111587 0.280138
111623 0.285758
110957 0.2267
111992 0.280726
111618 0.290243
111965 0.291646
111564 0.300066
111168 0.281304
111785 0.261414
111553 0.267153
112093 0.290763
110952 0.262281
111774 0.27193
111786 0.296516
112164 0.274247
111138 0.278651
111375 0.26789
111334 0.290789
110905 0.277445
110969 0.274496
110921 0.320197
111424 0.275744
111603 0.275216
112258 0.276803
111950 0.256693
111350 0.288939
111872 0.290661
111361 0.28
111350 0.267722
112136 0.288288
111996 0.291513
112249 0.242718
112101 0.275778
112168 0.290063
111551 0.297285
112115 0.280142
111961 0.291563
111998 0.273433
111588 0.285585
111126 0.302387
110908 0.280645
111329 0.269896
112104 0.28041
111392 0.318919
111782 0.284866
112069 0.280819
111626 0.284714
111929 0.277674
111159 0.287671
112074 0.270147
111202 0.271429
111170 0.287732
111517 0.299432
111391 0.286319
111616 0.298262
110978 0.278761
112117 0.275804
111156 0.284318
111946 0.320635
110996 0.270199
111511 0.277828
111137 0.266201
111601 0.27652
111336 0.279823
111950 0.271074
111972 0.256395
111649 0.287491
111369 0.307272
111718 0.261029
110978 0.28277
111575 0.296796
111518 0.285509
112080 0.279696
111826 0.306886
111864 0.28356
111566 0.277018
112235 0.283716
110972 0.27047
111946 0.273292
111350 0.279613
111842 0.28026
111203 0.283358
112136 0.255814
112053 0.266939
111521 0.28866
111171 0.274841
111727 0.271429
111303 0.262069
111988 0.273253
111650 0.284186
112123 0.268566
111116 0.301968
111403 0.29383
111142 0.287029
111116 0.277671
111376 0.27676
111629 0.282702
111547 0.283186
111672 0.278853
111607 0.296954
111583 0.279027
111091 0.277457
111823 0.271725
111126 0.265857
111434 0.290331
110951 0.281141
110982 0.26491
111084 0.299507
112143 0.292818
111997 0.315686
111628 0.277193
110978 0.285263
111650 0.271226
112167 0.271352
111563 0.272052
111942 0.273743
110928 0.279834
111569 0.285012
111972 0.267946
111590 0.291913
111363 0.278343
111659 0.281185
111128 0.273148
110905 0.288618
111994 0.284933
111194 0.296838
112056 0.251055
111548 0.266977
111777 0.298196
111587 0.283846
112248 0.282957
111990 0.307692
111386 0.277261
111785 0.269258
111329 0.288182
111819 0.302469
110979 0.28446
112085 0.294028
112104 0.293728
111529 0.250877
111783 0.328696
111334 0.283401
111329 0.269755
110999 0.288676
110925 0.29878
111424 0.272037
111656 0.281979
111393 0.263122
112102 0.284934
111873 0.334029
111886 0.28795
111575 0.299567
112246 0.277374
112074 0.272983
111660 0.303819
111668 0.266501
111162 0.270046
111873 0.273743
111417 0.292483
111194 0.285714
111635 0.322738
111641 0.272973
111357 0.291932
111589 0.275699
111623 0.27582
111591 0.269124
110955 0.277103
111872 0.293803
112099 0.278661
110955 0.275162
111898 0.251781
111200 0.265101
111429 0.286056
111643 0.276214
111320 0.285618
112161 0.27956
111615 0.284217
111796 0.292773
111831 0.271614
111956 0.270251
111531 0.333897
111078 0.267296
111834 0.290058
111167 0.287059
111594 0.281037
111983 0.302795
110929 0.305181
111620 0.28481
111423 0.286643
112136 0.311512
111994 0.280421
111140 0.267881
111417 0.286734
111662 0.281573
112254 0.294194
111155 0.30179
111423 0.275886
111586 0.281495
112078 0.2684
111381 0.286466
110944 0.279696
111809 0.252427
111872 0.270855
110989 0.291149
112123 0.273546
111571 0.271176
111624 0.285231
111898 0.259887
111328 0.281791
110969 0.298162
111514 0.296566
111596 0.266667
111662 0.284124
111080 0.273973
111614 0.272113
111566 0.274011
110969 0.286267
111315 0.275156
111581 0.306818
111367 0.270951
111886 0.253846
111348 0.271595
111612 0.290118
111364 0.276622
111920 0.293834
111140 0.293617
111171 0.264463
111727 0.267692
110984 0.290611
112169 0.281113
111653 0.275294
111672 0.284083
111671 0.305579
110967 0.288157
111548 0.262676
111320 0.277868
110957 0.296875
111850 0.271671
111837 0.287383
110967 0.296218
111948 0.27249
111417 0.275875
111973 0.272569
111129 0.291528
111524 0.316716
111578 0.317536
111583 0.278533
111355 0.279315
112248 0.289673
112114 0.293698
111586 0.272292
110954 0.29
111132 0.305282
111422 0.291465
110945 0.284781
112090 0.29951
111516 0.277832
112118 0.291915
112105 0.293984
111668 0.276834
111786 0.274159
110979 0.286359
111962 0.290339
111791 0.300578
112093 0.276
111864 0.292007
111423 0.283053
110956 0.261426
111813 0.306072
111948 0.280928
111780 0.294329
111202 0.279669
111433 0.296266
111585 0.285164
111969 0.302905
111572 0.297721
112115 0.306773
111554 0.27931
111643 0.29009
111850 0.291705
111364 0.284096
110933 0.272031
111529 0.307692
111584 0.258065
111412 0.274439
111950 0.260664
111962 0.279335
111984 0.293702
111928 0.280125
111351 0.302613
111942 0.292754
111585 0.293981
111785 0.284015
111626 0.287713
111097 0.287561
111854 0.280835
111600 0.291903
111632 0.28252
111777 0.263952
111946 0.250765
111579 0.222222
111388 0.296427
111123 0.290123
111826 0.294815
111641 0.279892
112117 0.284674
112056 0.242545
111355 0.286239
111171 0.303769
111418 0.309353
111593 0.24955
110951 0.260481
111667 0.238979
112236 0.278251
112088 0.276553
111095 0.279391
111914 0.285088
111199 0.272822
111362 0.271098
111131 0.26799
110993 0.281751
111144 0.285261
111348 0.27372
111083 0.285119
111946 0.251515
110983 0.272551
111080 0.266935
111616 0.277295
110968 0.302445
111156 0.29008
110972 0.289723
110921 0.303944
111548 0.284964
111834 0.313415
112168 0.287869
111809 0.25
111412 0.284572
111618 0.290791
111163 0.284805
