113155 0.00466451
112655 0.00493218
113068 0.00339463
112444 0.00517331
113099 0.00333056
112662 0.00921659
112448 0.00524194
113060 0.00475624
112774 0.00592066
113055 0.00778761
113134 0.00512821
112520 0.0049416
112433 0.00666667
112669 0.00459982
112647 0.0057957
112517 0.00278035
112486 0.00515759
113165 0.00810373
112633 0.00493097
112353 0.00581959
113104 0.00455789
112987 0.00137363
113099 0.0039968
112329 0.00461437
112362 0.00645161
112840 0.00725953
112845 0.00605327
112871 0.0060241
112487 0.00575374
113126 0
112919 0.00648649
112338 0.00542005
112859 0.00421053
