121651 0.231861
121428 0.260116
121889 0.230537
121649 0.23622
121973 0.241983
121391 0.268116
121678 0.257206
121819 0.248588
121906 0.215686
121418 0.273632
121803 0.257203
121349 0.255144
121794 0.238719
121842 0.254228
121752 0.221519
122076 0.260488
121846 0.232254
121963 0.245648
121441 0.202479
121434 0.243953
121897 0.234982
121765 0.226519
121557 0.231052
121637 0.271969
122142 0.245356
121784 0.242383
121400 0.2247
121946 0.248077
122071 0.240325
121523 0.249115
121429 0.254335
121556 0.249345
121437 0.235781
121884 0.269165
121400 0.243161
121710 0.240892
122117 0.241663
121424 0.282209
122142 0.250671
121903 0.24557
121365 0.232789
121569 0.249342
121592 0.244391
121814 0.24674
121347 0.230964
121772 0.244726
121932 0.234216
122069 0.251921
121715 0.268428
122173 0.246205
121442 0.235294
122123 0.257143
121552 0.266509
121890 0.235223
121525 0.214724
122178 0.238333
121362 0.264706
121819 0.26383
121624 0.25247
121939 0.253752
121874 0.221782
122079 0.252947
121365 0.248853
121750 0.242614
121346 0.228782
121705 0.209581
121826 0.248252
121422 0.240125
121912 0.226519
122134 0.254083
121387 0.227472
121563 0.250973
121474 0.204878
122156 0.25
122074 0.249233
122092 0.267658
121822 0.239796
121844 0.24351
121823 0.243264
122134 0.235189
122083 0.234709
121846 0.238532
122129 0.24589
121628 0.240372
121409 0.250247
121783 0.244565
122102 0.239049
121401 0.228148
121916 0.215734
122097 0.22379
121525 0.275168
121948 0.220154
121683 0.23298
121925 0.246456
121641 0.251834
121869 0.243187
121899 0.237092
121653 0.241214
121750 0.240412
122098 0.240071
121950 0.239711
121760 0.248244
121637 0.255005
121435 0.244073
121884 0.276596
122160 0.22467
121340 0.224215
121948 0.266527
121711 0.218919
122114 0.251809
121633 0.248067
121523 0.273141
121529 0.244224
121713 0.23098
121905 0.246356
121768 0.226492
121954 0.233738
122118 0.237601
121966 0.222957
121815 0.245509
122073 0.235154
121820 0.253568
121458 0.227586
121639 0.285714
121999 0.238368
121588 0.208841
121824 0.24017
121416 0.252316
121949 0.229947
121551 0.22751
121771 0.244395
121911 0.261328
121595 0.250598
121361 0.278796
122070 0.238398
121429 0.234626
121437 0.241795
122139 0.221975
122176 0.237624
121784 0.229899
122077 0.235247
121523 0.242471
122129 0.237933
121609 0.240664
121756 0.235049
122173 0.249518
121638 0.24815
122159 0.26257
122147 0.259698
121824 0.250285
121754 0.237977
121800 0.226113
121474 0.29249
121418 0.228013
121593 0.224429
121800 0.23597
121718 0.264315
121885 0.268035
121639 0.21988
121799 0.250178
121939 0.243968
122089 0.225038
121480 0.256894
121381 0.255319
121349 0.244966
121407 0.241192
121476 0.247447
121936 0.263522
121397 0.240527
122154 0.258294
121595 0.267535
121872 0.267606
121544 0.246767
121802 0.234839
121422 0.260021
121398 0.24335
121582 0.222222
121426 0.271218
121427 0.249395
122001 0.24208
121711 0.241563
121826 0.214912
121375 0.214797
121609 0.240988
121549 0.230685
121940 0.244727
121972 0.265331
121779 0.264179
122138 0.248389
121728 0.241549
121870 0.252446
121459 0.254613
121841 0.252735
121553 0.247958
121951 0.246266
121974 0.247532
122085 0.246078
121924 0.208511
121534 0.250569
121681 0.242701
121402 0.244139
121559 0.241092
121535 0.257404
122089 0.240291
121780 0.25784
121531 0.265092
122076 0.255702
121781 0.252302
121847 0.254386
122105 0.250698
121928 0.246262
121827 0.245283
121346 0.247357
121576 0.241358
121769 0.242401
121479 0.265363
122118 0.241282
121715 0.235672
121732 0.296748
121387 0.250946
121547 0.224969
121649 0.22549
122160 0.253433
121397 0.247644
121347 0.28436
121973 0.262887
121764 0.2345
121378 0.245819
121560 0.254545
121783 0.254398
121710 0.265896
122176 0.232964
121434 0.23594
122126 0.235869
121542 0.230997
121420 0.248146
121419 0.2443
121877 0.224558
121384 0.246575
121890 0.237121
121559 0.231447
121454 0.23744
121370 0.255991
121768 0.237832
121814 0.257583
121767 0.250646
121678 0.256374
121721 0.235784
121928 0.239806
121904 0.249839
121536 0.243989
122127 0.259505
121885 0.242682
121688 0.249538
121361 0.24032
121914 0.267062
121974 0.243308
122098 0.235105
121650 0.254767
121519 0.237679
122099 0.248396
121385 0.242407
121653 0.236607
121585 0.219473
122164 0.239208
122176 0.260832
121992 0.248135
122168 0.242637
121976 0.242219
121985 0.248634
122168 0.252391
121531 0.251443
121875 0.237288
121441 0.192593
121999 0.240232
121548 0.248654
122167 0.242638
121868 0.27758
121724 0.250193
121790 0.218527
122109 0.238411
121915 0.247191
121391 0.251005
122166 0.250669
121556 0.252841
121480 0.226075
121550 0.261993
121897 0.240921
122116 0.216917
121722 0.225955
122138 0.255077
121441 0.221402
121395 0.252
121362 0.242574
122081 0.240946
121721 0.260436
121704 0.202632
121527 0.252193
122132 0.251561
121723 0.272189
121681 0.257143
121528 0.236826
121425 0.243685
122160 0.245922
121927 0.251197
122137 0.241461
121944 0.248548
121778 0.233592
121529 0.239264
121361 0.277083
122093 0.242188
121400 0.265411
121563 0.237424
121965 0.231356
121476 0.250239
121758 0.252953
121708 0.225334
121787 0.241499
121995 0.235726
121553 0.259312
122137 0.254726
122158 0.245714
121766 0.246129
121426 0.249697
121549 0.258989
121390 0.245637
122076 0.252226
121962 0.249579
121399 0.225694
121968 0.242459
121561 0.252516
121651 0.25049
121780 0.260155
121753 0.224185
122164 0.262474
121953 0.223952
121434 0.261155
121579 0.270804
121716 0.251221
121994 0.276316
121904 0.253968
121569 0.240426
121822 0.238835
121727 0.23823
121344 0.221719
121585 0.263759
121966 0.249315
121381 0.242533
121933 0.248523
121973 0.216066
122172 0.240223
121722 0.243772
121547 0.238358
121626 0.241242
121402 0.238854
121459 0.251126
121718 0.245004
121812 0.257143
121555 0.231934
121901 0.233333
122124 0.233889
122148 0.236812
121766 0.262643
121543 0.249221
122126 0.250647
121967 0.221519
121729 0.237323
121734 0.269767
121568 0.219298
121561 0.25018
121609 0.252207
122006 0.237356
122138 0.249481
121378 0.247295
121432 0.234375
122169 0.227918
121874 0.246512
121892 0.238646
121552 0.257367
121966 0.231601
121827 0.256659
121800 0.265973
121689 0.248488
121409 0.243243
122133 0.251206
121925 0.248501
121407 0.244099
121474 0.231678
121729 0.224979
121792 0.250291
121944 0.234797
122174 0.243694
121751 0.248512
121951 0.261621
121454 0.252577
121716 0.2382
121656 0.26784
122164 0.231861
121554 0.248298
121477 0.250566
121953 0.256039
122116 0.24613
121576 0.239921
121789 0.236813
121552 0.240903
121926 0.231144
121987 0.249552
121375 0.234
122123 0.230876
121456 0.244821
121631 0.248315
121949 0.253339
121430 0.228029
121817 0.275815
121940 0.246575
121560 0.235897
121593 0.262539
121771 0.242869
121477 0.246101
121803 0.255563
121811 0.249162
121952 0.251813
121416 0.243031
121449 0.238504
122098 0.248451
121346 0.298947
122137 0.245902
122152 0.275618
122168 0.241963
121972 0.243461
121995 0.256808
121936 0.250909
121754 0.220472
121887 0.231359
121930 0.241778
121926 0.244324
122108 0.275862
122133 0.237359
121748 0.251748
121550 0.238899
121925 0.245672
122073 0.22946
121427 0.248923
121753 0.2485
122125 0.257069
122141 0.253428
122159 0.248998
121535 0.25
121433 0.247392
121652 0.24241
121808 0.261087
121898 0.24457
121708 0.237385
121548 0.244806
121963 0.239151
121369 0.258496
121752 0.2688
122101 0.252793
121698 0.244772
121638 0.242563
121653 0.248042
121543 0.265625
121536 0.254526
121715 0.241394
121479 0.241935
122007 0.267677
121339 0.274194
121448 0.237223
122114 0.238579
121844 0.253821
121823 0.229625
121943 0.226125
122169 0.237308
121608 0.237269
121967 0.244813
122077 0.238619
121892 0.24036
121384 0.282787
121385 0.23913
121545 0.243943
121779 0.254808
121952 0.230916
121816 0.228708
121780 0.246985
121593 0.25496
121381 0.277922
122099 0.258746
122083 0.238342
121996 0.241261
122077 0.245259
121769 0.249158
121395 0.25205
121906 0.25906
121768 0.241846
121369 0.239152
122146 0.238135
121416 0.241729
121567 0.248347
121889 0.257876
121529 0.237255
121920 0.258645
121623 0.230769
121970 0.233366
121889 0.230882
121926 0.225848
122134 0.221902
121965 0.267163
121989 0.242365
121530 0.239895
122111 0.259208
121446 0.264793
121868 0.185
121927 0.246262
122102 0.249618
121608 0.224745
121379 0.263521
121585 0.247818
121448 0.235935
121873 0.290179
121387 0.262599
121790 0.219321
121688 0.219971
121590 0.237668
121748 0.283871
122091 0.235519
121808 0.235184
121544 0.239677
121875 0.229752
121987 0.235562
121933 0.239715
121432 0.234637
121724 0.244032
121543 0.255
121539 0.231902
121969 0.178378
121448 0.221083
122070 0.260373
121824 0.251847
122001 0.24475
121545 0.280464
121914 0.234862
122156 0.261745
121811 0.258472
121424 0.248252
122170 0.249168
122139 0.229896
121588 0.234811
121915 0.228947
121898 0.261919
121713 0.253682
121396 0.234554
121940 0.252391
121785 0.255642
121408 0.241277
121827 0.212156
121592 0.253938
122092 0.237681
121399 0.222222
121565 0.255561
122111 0.25558
122064 0.244701
121561 0.24
122174 0.239198
121689 0.245125
122083 0.242075
121884 0.240741
121785 0.25017
121557 0.237465
121399 0.245487
121628 0.238293
121822 0.241778
121569 0.244344
122146 0.248493
121986 0.238712
122125 0.239653
121580 0.251064
121636 0.221374
121527 0.229623
121946 0.249042
121734 0.237898
121723 0.225169
121803 0.229386
121748 0.254902
121760 0.261364
122143 0.239271
121939 0.20354
121714 0.24569
121844 0.24173
122093 0.245876
122146 0.245189
121437 0.23225
122136 0.237106
121774 0.292876
121905 0.241972
121706 0.235403
121779 0.249597
121927 0.231908
121918 0.227595
121727 0.232513
121953 0.2571
121789 0.258419
121396 0.236007
122132 0.24961
121574 0.261905
121920 0.234281
121994 0.20339
121420 0.252974
121788 0.240445
121631 0.232038
121929 0.237753
122085 0.256845
121826 0.247401
121781 0.252288
122094 0.259388
122166 0.275762
121409 0.23406
121795 0.230979
121710 0.266234
121456 0.247909
121965 0.241423
122091 0.238494
121370 0.235756
121972 0.244275
121929 0.245434
121535 0.253756
121581 0.241983
122178 0.244854
121936 0.264905
121557 0.249173
122080 0.266895
121408 0.255172
121967 0.240903
121769 0.225881
121943 0.233122
121527 0.247947
121950 0.240707
121758 0.237233
121802 0.23803
121804 0.244231
121426 0.224396
121374 0.247236
122152 0.249741
121841 0.202186
121987 0.255328
121687 0.246359
121801 0.250351
121640 0.265842
121928 0.250959
121624 0.247322
121774 0.255814
121369 0.273752
122069 0.24308
121588 0.272494
122094 0.230608
121774 0.235808
121758 0.2593
122003 0.240783
121347 0.242588
122167 0.250943
122174 0.241321
121651 0.239685
121728 0.246612
122092 0.23815
121974 0.227824
122114 0.25964
121454 0.237694
121418 0.224684
121929 0.241185
121526 0.264583
122007 0.260116
122112 0.24726
121694 0.23775
122170 0.244796
121528 0.241021
121374 0.249505
121728 0.255677
121911 0.245798
121962 0.230769
121930 0.226483
122071 0.240379
121843 0.239201
121817 0.261885
121539 0.213469
122109 0.246619
121548 0.23431
121820 0.260982
121574 0.238312
121531 0.244035
121847 0.238051
121975 0.239934
122132 0.234109
122074 0.253177
121915 0.242285
122147 0.254593
122066 0.188119
121765 0.290909
121407 0.246716
122108 0.264026
121765 0.207612
121582 0.261029
121398 0.252062
122154 0.189427
122109 0.235534
121756 0.244835
121436 0.260214
121590 0.269755
121997 0.254355
121877 0.246935
121684 0.24854
121608 0.225403
122124 0.24363
121992 0.259288
121640 0.245527
121540 0.242083
121714 0.262319
122108 0.255474
122178 0.242441
121449 0.242263
122007 0.237691
121539 0.220114
122158 0.240909
122072 0.236328
121432 0.217391
121752 0.248967
121425 0.250225
121917 0.265599
121640 0.254319
121723 0.243902
121756 0.242817
121772 0.25041
121721 0.245992
121530 0.254006
122072 0.252823
121905 0.224928
121592 0.218038
121688 0.244303
122091 0.261944
121706 0.230558
122064 0.222034
121425 0.243772
121727 0.266582
121902 0.229209
121551 0.248163
121933 0.223061
121815 0.237654
121547 0.247809
122093 0.256491
121430 0.245573
121968 0.225096
121641 0.249448
121996 0.25756
121999 0.231707
121816 0.238068
121391 0.245247
121650 0.252513
122066 0.219149
121968 0.230115
122006 0.24765
121897 0.236343
122003 0.24525
121781 0.240499
121433 0.249788
121784 0.24969
121421 0.239617
121406 0.243876
122142 0.244039
121801 0.25859
121787 0.243092
121732 0.2375
121636 0.239869
122080 0.259977
121916 0.2345
122079 0.255973
121707 0.246236
122102 0.228025
121932 0.242143
121887 0.260917
122152 0.253119
122153 0.229476
121847 0.268116
121874 0.286634
121339 0.27027
121788 0.235825
121534 0.260068
121555 0.243736
121433 0.246689
121623 0.226852
122125 0.241702
121348 0.239496
121414 0.252174
122097 0.22
121373 0.227348
121528 0.242823
121398 0.2448
121436 0.253623
121639 0.188679
122066 0.271047
121729 0.251421
121554 0.227252
121932 0.246516
121846 0.259838
121579 0.252322
121568 0.247219
122158 0.277143
121820 0.228324
121384 0.227064
121550 0.250869
121344 0.25
121525 0.223048
121869 0.256649
121819 0.229885
121948 0.241685
121385 0.230697
121683 0.256154
122172 0.24328
121996 0.246444
121394 0.241607
121732 0.247449
121903 0.256143
121559 0.220029
121707 0.25
121951 0.249843
121394 0.235903
121397 0.228526
121751 0.24872
121870 0.241935
121901 0.239028
122072 0.252153
121414 0.251946
121811 0.244176
122123 0.24473
121580 0.225
121812 0.248244
121362 0.250585
121549 0.260907
121954 0.227723
121340 0.250667
121581 0.249762
121402 0.241026
121718 0.261249
121421 0.221393
122136 0.241667
121370 0.245648
121419 0.22833
122101 0.240189
121725 0.237661
121868 0.240664
121790 0.29771
121799 0.241299
122148 0.236724
121917 0.242012
121636 0.238386
121813 0.245246
121970 0.262295
121458 0.247916
121428 0.282297
121892 0.232522
122117 0.250221
121976 0.240294
121750 0.216887
121687 0.222836
121985 0.262271
122070 0.23601
121813 0.24158
122101 0.233168
121401 0.237609
121767 0.246475
121903 0.228925
121843 0.249196
121641 0.243839
122081 0.25326
121626 0.254879
121540 0.223929
122116 0.249357
121872 0.219124
121401 0.235751
121792 0.268793
121911 0.261425
121374 0.230539
121802 0.232932
122136 0.262534
121969 0.261236
122153 0.244278
121652 0.254801
121580 0.264325
121815 0.245033
121565 0.226415
122099 0.237007
121924 0.244957
121989 0.220679
121429 0.243737
121408 0.242352
121544 0.226895
121476 0.235464
121917 0.249173
121638 0.238363
121554 0.238998
121705 0.220859
121534 0.236582
121656 0.237519
121713 0.231822
122064 0.231013
121545 0.230428
121914 0.258176
122143 0.247398
121536 0.244728
121581 0.233256
122124 0.240754
121563 0.240486
122147 0.238022
122069 0.23716
121556 0.241056
121574 0.253536
121716 0.220478
121582 0.244318
121365 0.2441
121628 0.240987
121873 0.251142
121419 0.243025
121422 0.247423
121576 0.241257
121753 0.244165
121343 0.208333
121783 0.248702
121446 0.238305
121970 0.252119
121652 0.251407
121976 0.255398
121785 0.242515
121542 0.234727
122172 0.253463
121442 0.233628
121902 0.237805
121624 0.250196
121801 0.243127
121724 0.24103
121890 0.225151
121435 0.240788
121714 0.254777
121816 0.232877
121842 0.244898
122003 0.243243
121950 0.261517
121949 0.227654
121985 0.245512
121382 0.255708
121751 0.251977
122167 0.268029
121590 0.22865
121459 0.227652
122071 0.262136
121424 0.232258
122073 0.227317
121390 0.234151
121567 0.231909
121633 0.245215
121637 0.245981
121565 0.24365
122166 0.249774
121764 0.253125
121479 0.258981
122001 0.21375
121458 0.236524
122085 0.262087
121542 0.274566
121843 0.248154
122105 0.238987
121975 0.247981
121650 0.241484
121378 0.261538
121394 0.236504
121901 0.259852
121689 0.23189
121656 0.261
122141 0.242997
121952 0.250518
121349 0.242661
121555 0.243807
122094 0.222958
122118 0.237954
121918 0.240546
122111 0.248625
122129 0.23888
121684 0.237342
122153 0.255354
121767 0.244983
121817 0.235587
121902 0.272131
122080 0.226361
121804 0.241758
121962 0.219042
122170 0.224118
121558 0.244085
121340 0.268734
121792 0.262537
121943 0.271242
121456 0.23995
121343 0.255319
121698 0.236511
121540 0.243154
121708 0.254331
121954 0.243966
121382 0.206897
121877 0.254802
121382 0.25908
121986 0.236284
121420 0.242982
121813 0.242727
121899 0.236842
122089 0.261923
121989 0.246696
122006 0.231062
121841 0.235088
121694 0.257816
121435 0.224057
121421 0.227799
121704 0.297619
121406 0.252815
121963 0.233524
122127 0.239983
121876 0.242972
121595 0.252071
121918 0.254339
121698 0.234201
121887 0.285017
121678 0.221277
121975 0.245242
122154 0.274809
121912 0.246628
121428 0.212575
121414 0.244937
121526 0.233719
121519 0.230435
121734 0.253968
121519 0.246566
122143 0.246532
121390 0.252069
121725 0.233943
121694 0.229672
121795 0.252122
121373 0.243968
121649 0.239095
122173 0.241009
121760 0.209524
121558 0.235779
121396 0.260951
121778 0.238132
121771 0.231937
121379 0.270166
121430 0.229541
121711 0.243421
121633 0.244858
121427 0.260078
121916 0.228758
121375 0.243119
122127 0.241706
121722 0.243087
122141 0.246853
121772 0.242551
121706 0.232788
121766 0.247449
121920 0.258248
122159 0.245731
121558 0.257596
121442 0.241147
121804 0.262905
121794 0.248966
121553 0.259991
121406 0.240108
121924 0.266169
121997 0.238674
121373 0.25777
122079 0.227313
121812 0.233766
121560 0.250554
121814 0.235753
121946 0.219373
121449 0.248992
122117 0.245876
121994 0.254545
121704 0.271053
121778 0.245098
121477 0.221432
121912 0.253447
121873 0.260759
121969 0.228261
121348 0.236111
121764 0.233301
121568 0.223971
121898 0.246583
121343 0.258865
122169 0.251228
121395 0.24396
121480 0.230769
121869 0.25133
121579 0.250614
121623 0.238671
121904 0.273726
121986 0.240079
121526 0.238824
122097 0.253182
122105 0.231552
121885 0.250877
122074 0.220065
121870 0.239108
121379 0.248649
121339 0.274336
121930 0.217165
121799 0.226897
121684 0.238821
121687 0.23093
121997 0.261053
122148 0.243025
121872 0.236735
121436 0.249759
121567 0.251555
121551 0.245515
122139 0.24524
121446 0.220755
121944 0.255481
121808 0.254269
121344 0.304545
121876 0.240506
122156 0.265723
121348 0.226444
121899 0.250257
121754 0.257359
121530 0.251297
121876 0.247654
121906 0.251001
