116233 0.263378
116929 0.25852
116334 0.261421
117020 0.25267
116292 0.272815
116468 0.269607
116721 0.258594
117000 0.246892
116816 0.261249
116168 0.265372
116706 0.272169
116667 0.260652
116730 0.251501
116216 0.261821
116270 0.261029
117053 0.245778
116885 0.265004
116421 0.261571
116385 0.260453
116237 0.263103
116281 0.264717
116977 0.267673
116624 0.260498
116280 0.262382
116189 0.260394
116902 0.256831
116399 0.262607
116670 0.267597
116259 0.262331
117096 0.271008
116178 0.268004
116949 0.261044
116671 0.26941
116982 0.271012
116979 0.257208
116443 0.257023
116518 0.27144
116804 0.257192
116181 0.263778
116749 0.265257
116197 0.257576
116960 0.264657
116594 0.258234
117092 0.265143
116194 0.267748
116629 0.255925
116158 0.261845
117004 0.268444
116787 0.266454
117055 0.253616
116596 0.259977
116208 0.252667
116510 0.272077
116383 0.258912
116252 0.260385
117012 0.261754
116888 0.262405
116480 0.239848
116153 0.256879
116976 0.258121
117045 0.257832
116196 0.261591
116505 0.261469
116773 0.282567
116920 0.242162
116814 0.266233
116594 0.258492
116933 0.265442
116477 0.260799
117095 0.272928
116518 0.257097
116206 0.258154
116387 0.257542
116291 0.281063
116699 0.269132
117004 0.261362
116857 0.25273
117013 0.290909
116636 0.260288
116925 0.266155
116504 0.265968
116698 0.263991
116993 0.260409
116231 0.260742
116180 0.27146
116289 0.261517
116362 0.254499
116942 0.262455
116185 0.26244
116762 0.268247
116716 0.245411
116581 0.26429
116891 0.266237
116208 0.266688
116942 0.251083
117006 0.264885
116879 0.272238
116811 0.259374
116330 0.259459
116991 0.260044
116672 0.256369
116381 0.264948
116683 0.265834
116680 0.256057
116894 0.249274
117054 0.252221
116884 0.258292
116238 0.26817
116624 0.286214
116763 0.253531
116204 0.266801
116360 0.264061
116901 0.257257
116776 0.267309
116976 0.261724
116946 0.269313
116421 0.259517
116883 0.263063
116361 0.257877
116766 0.269608
116701 0.255077
116742 0.269621
116971 0.272322
116148 0.257435
116982 0.258303
116193 0.257009
117062 0.266078
117105 0.25752
116277 0.257596
116340 0.256769
117075 0.265816
116901 0.274576
116973 0.279563
116815 0.260152
116864 0.264794
116590 0.265674
116913 0.25511
116246 0.254438
117009 0.256879
116271 0.256566
116398 0.259506
116762 0.26505
116291 0.267122
116289 0.274682
116860 0.258105
116212 0.252668
116931 0.258351
116200 0.244944
117029 0.262989
116190 0.243363
116505 0.26733
116628 0.263992
117041 0.255604
117015 0.255796
116923 0.271804
116131 0.265473
116453 0.262888
116197 0.260852
116769 0.274448
116185 0.257628
116358 0.263079
116477 0.261187
116787 0.256906
116970 0.251433
116339 0.267855
116569 0.272294
116495 0.276637
116892 0.255329
116810 0.25485
116262 0.261338
116614 0.27034
117063 0.245223
116357 0.250253
116398 0.249187
116579 0.250803
116601 0.262977
116509 0.27277
116658 0.257241
116893 0.257385
116593 0.279111
116720 0.260923
116742 0.259294
117066 0.262568
117000 0.264547
116574 0.277285
116877 0.256079
117031 0.253048
116256 0.26717
116880 0.252997
116510 0.254015
116272 0.263736
116738 0.261384
116458 0.258925
116696 0.254987
116574 0.261026
116375 0.254947
116786 0.257576
116443 0.267779
116748 0.267414
116659 0.255746
117041 0.261886
116504 0.262401
116242 0.249596
116394 0.2607
116940 0.271756
116924 0.262787
117068 0.257348
117105 0.265377
116949 0.26631
116284 0.252374
116498 0.26563
116744 0.27424
116685 0.252427
116860 0.262291
116167 0.264351
116573 0.257848
116409 0.250813
116375 0.254564
116889 0.247748
116283 0.255305
116501 0.266055
116815 0.271398
116671 0.267996
116282 0.254067
116422 0.260457
116747 0.265708
116932 0.280983
116697 0.257468
116814 0.261912
116369 0.261845
116422 0.254521
116707 0.266267
116129 0.274648
116653 0.256061
116977 0.25131
116410 0.260347
116271 0.264977
116933 0.259608
116932 0.261445
116465 0.254308
116335 0.246154
116603 0.253428
116979 0.269307
116881 0.267013
116380 0.262449
116879 0.272769
116903 0.260038
116812 0.265769
116577 0.243251
117105 0.269719
116332 0.277619
117096 0.252997
116516 0.27803
116428 0.290378
116875 0.265923
116266 0.265407
116727 0.263228
116626 0.261941
116568 0.264738
116258 0.268641
116930 0.260177
117061 0.261337
116798 0.259053
116173 0.252736
117039 0.27356
116964 0.265375
116385 0.262808
116863 0.266069
116368 0.266916
116920 0.265612
116914 0.250907
117102 0.261798
116810 0.255927
117002 0.25336
116992 0.260211
116240 0.257628
116280 0.254348
117066 0.265928
116186 0.268895
116254 0.271413
116333 0.252577
116717 0.263792
116750 0.265646
116629 0.262241
116223 0.256174
116740 0.259722
116986 0.270401
116696 0.258777
116717 0.25446
116641 0.264352
116232 0.261978
116258 0.259644
116261 0.263773
116600 0.265013
116604 0.254006
116211 0.267424
117017 0.260827
116153 0.263738
116381 0.261871
116974 0.257807
116711 0.247487
116991 0.264026
116231 0.264166
116498 0.27009
116205 0.267374
116647 0.260452
117040 0.265982
116221 0.271143
116131 0.261304
116600 0.261117
117003 0.26785
116376 0.261187
116652 0.262911
116715 0.267261
116947 0.270496
116413 0.258788
116194 0.261301
116914 0.28429
116635 0.258463
116387 0.262132
117071 0.271589
116929 0.268825
116478 0.260299
116749 0.266246
116475 0.260644
116496 0.255382
116340 0.258256
117043 0.267799
116290 0.268477
117085 0.266301
116626 0.270549
116630 0.261261
116365 0.267192
117039 0.270396
116744 0.261585
116766 0.261181
116639 0.277674
117028 0.271894
116932 0.282
116863 0.269196
116422 0.25678
116857 0.283206
116946 0.249692
116815 0.268084
116568 0.258038
116869 0.267369
116167 0.255663
116712 0.245837
116602 0.267677
116712 0.256344
116413 0.259941
116942 0.256272
116182 0.262343
116650 0.263499
116902 0.276047
116340 0.284768
116172 0.255545
116520 0.273999
116603 0.255963
116754 0.274809
116745 0.263886
116353 0.268284
116517 0.263925
117009 0.262453
116666 0.272052
116374 0.253453
117043 0.244556
116761 0.26279
116393 0.266086
116991 0.267513
116259 0.250235
117015 0.267196
116732 0.261428
116660 0.273979
116811 0.2679
116416 0.253064
116211 0.260302
116289 0.253355
116808 0.259111
117043 0.288399
116186 0.254593
116208 0.264337
116754 0.257998
116872 0.25031
117063 0.248044
116624 0.27106
116573 0.26491
116172 0.268264
116440 0.262484
117098 0.259239
116680 0.265852
116857 0.242742
116269 0.256853
116421 0.26457
116292 0.268051
117045 0.277378
116904 0.255575
117023 0.252259
116974 0.261405
116758 0.258792
116433 0.257361
116971 0.261915
116809 0.264565
116903 0.256805
116753 0.253104
116863 0.261518
116225 0.267081
116277 0.266339
116949 0.261126
116371 0.258155
116221 0.261769
116573 0.267602
116441 0.254417
116262 0.266037
116786 0.249714
116816 0.275519
116502 0.273826
116771 0.248411
116164 0.255182
116148 0.265128
116451 0.265352
116660 0.254719
116453 0.254345
117101 0.258741
117052 0.258721
116945 0.252543
116234 0.257959
117035 0.253242
116234 0.258345
116698 0.255194
117094 0.266295
116673 0.254682
116800 0.268513
117093 0.259074
116424 0.258516
116860 0.262206
116521 0.25
116694 0.272929
116728 0.300797
116579 0.248019
116158 0.252902
116596 0.254655
117068 0.25501
116808 0.259649
116257 0.252791
116359 0.263375
116970 0.271217
117018 0.260338
116677 0.261243
116870 0.261304
116395 0.264665
116872 0.257398
116574 0.281514
116496 0.266747
116218 0.262613
116927 0.260855
116206 0.257059
116615 0.268314
116292 0.273873
116904 0.263461
116500 0.257663
116865 0.266813
116791 0.247335
116705 0.259406
116520 0.259211
117047 0.258253
116869 0.254704
116186 0.25206
116712 0.276031
116333 0.259653
116246 0.2637
116768 0.261293
116189 0.276685
116257 0.267973
116987 0.251807
116703 0.255545
116256 0.256345
117062 0.255
116179 0.25384
116148 0.264026
117046 0.267051
116659 0.269362
116814 0.255438
116761 0.255271
117069 0.256559
116154 0.265418
116593 0.259109
117019 0.260021
116785 0.25933
116709 0.259727
116588 0.258709
116339 0.25598
116429 0.259165
116960 0.273575
116919 0.252311
116151 0.263481
116184 0.26002
116181 0.26819
116464 0.266104
116907 0.263451
116656 0.251676
116591 0.257829
116907 0.251003
116881 0.256736
116745 0.255528
116365 0.267388
116927 0.26572
116383 0.263638
116771 0.257445
116168 0.261252
116913 0.260933
116940 0.258187
116670 0.253769
116888 0.265964
116222 0.265623
116595 0.26082
116990 0.263415
116185 0.260262
116166 0.263862
117001 0.273812
116503 0.263703
116258 0.268563
116412 0.258683
116965 0.252695
117049 0.260316
116200 0.243988
116282 0.260729
116677 0.25887
116502 0.259243
116360 0.251431
117103 0.267159
116182 0.258463
116129 0.266811
116516 0.268106
116211 0.268257
116330 0.28271
117052 0.261336
116366 0.266196
116992 0.264126
116224 0.26845
116699 0.259792
117018 0.26442
116190 0.253743
116709 0.262779
116395 0.255426
116995 0.264654
117093 0.262812
116484 0.262241
116424 0.269134
116580 0.266436
116986 0.256845
117011 0.259312
116593 0.265589
116429 0.269342
116876 0.269806
116353 0.273471
117090 0.256428
116877 0.267036
116969 0.261597
116705 0.263147
116463 0.26654
116141 0.253359
116924 0.260584
116499 0.262188
116874 0.262364
117020 0.254291
116338 0.252031
116477 0.259275
116396 0.260156
116983 0.259972
116637 0.267692
116159 0.258892
116870 0.253378
116430 0.269291
116451 0.257338
116889 0.253436
116484 0.265965
116740 0.261617
116519 0.261046
116694 0.268559
116800 0.259212
117083 0.264885
116195 0.274859
116450 0.255246
117095 0.249885
116568 0.268346
116443 0.266045
117012 0.26317
116630 0.259904
116414 0.253656
116514 0.249755
116207 0.257242
116993 0.258996
117000 0.24386
116999 0.265671
116950 0.256812
117098 0.267785
116453 0.263621
116219 0.254343
116589 0.255498
117017 0.263514
116362 0.262798
117055 0.252999
116480 0.251351
116250 0.265709
116501 0.258333
116204 0.248449
116971 0.26526
116371 0.263048
116239 0.263838
116166 0.268899
116890 0.251734
116720 0.262903
116811 0.266596
116195 0.283416
116504 0.251479
116247 0.266337
116482 0.263256
116255 0.266637
116721 0.267873
116939 0.25549
116893 0.268371
117015 0.262385
116597 0.256223
116424 0.256633
116616 0.256099
116716 0.238318
117092 0.301513
116742 0.263546
116462 0.269903
116355 0.270202
116154 0.2643
116475 0.26299
116992 0.259936
116170 0.258008
116330 0.240894
116229 0.256935
116412 0.268072
116768 0.264054
116441 0.265834
116409 0.276575
116601 0.270861
116714 0.260055
116978 0.259673
116664 0.260856
116802 0.259904
116934 0.255768
116591 0.2595
116159 0.278906
116748 0.258497
116413 0.257495
116715 0.261438
116744 0.277908
117070 0.259488
116715 0.255307
116365 0.264384
117029 0.257102
116150 0.270445
116361 0.26001
116246 0.26001
116247 0.269652
116272 0.256555
116858 0.245265
116465 0.261599
117068 0.242962
116994 0.268858
116281 0.266333
117096 0.253591
116634 0.266337
116617 0.268823
116153 0.261623
116585 0.266489
116946 0.261464
116440 0.266081
117074 0.255346
116335 0.267101
117085 0.257828
116282 0.240903
116204 0.25852
116369 0.250297
116691 0.263345
117030 0.265954
116669 0.260023
116267 0.257032
116903 0.264448
116229 0.263319
116689 0.259676
116927 0.265356
116410 0.25815
116931 0.2607
117004 0.261863
116460 0.262267
116767 0.259034
116368 0.266731
116873 0.261453
116939 0.259182
116900 0.253267
117101 0.255889
116589 0.251411
116164 0.258995
116184 0.258569
116733 0.257835
116432 0.257339
116902 0.254245
116651 0.262932
116357 0.275532
116367 0.254677
116164 0.269205
116670 0.261561
116509 0.267052
116483 0.264932
116205 0.267286
116685 0.263415
116141 0.258398
116496 0.251844
116892 0.260302
117098 0.262921
116462 0.251762
117003 0.258424
116711 0.260946
116816 0.257302
116763 0.248932
116582 0.26126
116595 0.261036
116732 0.250133
116142 0.274037
116641 0.255334
116809 0.26338
116251 0.269884
117090 0.257013
116639 0.266241
116500 0.267806
116721 0.265848
116750 0.26147
116743 0.276498
116764 0.257678
116385 0.262666
116798 0.254504
116430 0.257803
116703 0.255525
117001 0.263877
117010 0.264274
116914 0.258019
116267 0.262118
116964 0.258773
117070 0.262133
116227 0.261884
117039 0.256403
116201 0.268025
116883 0.271149
117018 0.262369
116935 0.249894
116500 0.260534
117053 0.255708
116366 0.256202
116947 0.249168
116596 0.261834
116948 0.268014
116664 0.259168
116509 0.260971
116251 0.253351
116151 0.258646
116920 0.263339
117095 0.256198
116374 0.264501
116651 0.265951
116869 0.260758
117013 0.276762
116689 0.283519
116183 0.258484
116697 0.258168
116398 0.259239
116210 0.250713
116338 0.25577
116238 0.268548
116614 0.262457
116804 0.272066
116569 0.25888
116425 0.259424
116269 0.265948
116683 0.264702
116190 0.268449
116694 0.265359
116278 0.259567
116931 0.263158
116238 0.264435
116772 0.264843
116728 0.251356
116374 0.269318
116503 0.24116
116252 0.254958
116738 0.276376
116763 0.262363
117008 0.24895
117074 0.257112
116804 0.258469
116878 0.248391
117005 0.267255
116744 0.288525
116334 0.240109
116236 0.266682
116414 0.257712
116904 0.267116
116217 0.258687
116747 0.262852
116278 0.273977
117049 0.271115
116965 0.263475
116194 0.258824
116133 0.276042
116225 0.257854
116637 0.262796
117092 0.247696
117069 0.262783
116263 0.262931
116214 0.261537
116335 0.257353
116612 0.262236
116478 0.26469
117047 0.251263
116128 0.265128
117062 0.271539
116199 0.25942
116634 0.250134
116614 0.272687
116380 0.259211
116677 0.252902
116858 0.270328
116602 0.263812
117053 0.252475
116230 0.265693
117051 0.261603
116865 0.265084
116166 0.268977
116257 0.265798
116933 0.256047
116425 0.259774
116758 0.266094
117061 0.269859
116387 0.265999
117061 0.261826
116277 0.268901
116761 0.25387
116570 0.265358
116767 0.269175
116730 0.258263
116652 0.25419
116338 0.263382
116207 0.25679
116603 0.25524
116595 0.254633
117083 0.263982
116173 0.268672
116872 0.261494
116663 0.270234
116667 0.261174
116735 0.265765
116666 0.26296
116428 0.260434
116219 0.260915
116730 0.246373
116716 0.264052
116254 0.263502
117055 0.278534
116791 0.26107
116766 0.266328
116597 0.246099
117035 0.258201
116701 0.256982
116432 0.251539
116201 0.26593
116758 0.270973
116510 0.260889
116767 0.276259
117094 0.264477
116263 0.269218
116451 0.261158
116900 0.269401
116809 0.269529
116984 0.254484
116436 0.260547
116432 0.257009
116439 0.264758
116609 0.262752
116514 0.255018
116516 0.272177
116212 0.268297
116359 0.261404
116410 0.26189
116420 0.255741
116749 0.257031
116242 0.25124
116616 0.269372
116218 0.263532
116879 0.259072
116590 0.269886
116416 0.258903
116436 0.265209
116579 0.255202
116753 0.273189
116439 0.262001
116609 0.26061
116420 0.261642
116368 0.264706
116207 0.262185
116976 0.263488
116521 0.263804
116409 0.274592
116224 0.264426
116747 0.267209
116216 0.262128
116706 0.254498
116515 0.267216
116184 0.26922
116945 0.257912
116440 0.256733
116280 0.265204
116996 0.259988
116233 0.263855
117047 0.269691
116894 0.255853
116630 0.262578
116999 0.258227
116167 0.25116
117074 0.257968
117006 0.26211
116374 0.261691
116987 0.254965
116580 0.258082
116969 0.261551
116416 0.262511
116365 0.25157
116215 0.254686
116129 0.24973
116519 0.253333
116376 0.261164
116923 0.260309
116460 0.26788
116771 0.26637
116231 0.262302
116521 0.267901
116380 0.254862
116986 0.264682
116990 0.271568
116181 0.265867
116436 0.264695
116802 0.25666
116651 0.265981
116423 0.257565
116696 0.25943
116199 0.269923
116874 0.259276
116770 0.255738
116996 0.253638
116671 0.255164
116420 0.270424
116706 0.256896
116755 0.260202
116154 0.265677
116458 0.256534
116515 0.253946
116503 0.244598
116720 0.268508
116656 0.288824
117040 0.265037
116666 0.2587
116234 0.259292
116362 0.269439
117101 0.28286
116355 0.265312
116333 0.251495
117075 0.256853
116271 0.267054
116615 0.259073
116268 0.259919
116182 0.255606
116646 0.257886
116178 0.266104
116356 0.25133
116948 0.269166
116735 0.256077
116890 0.263048
116229 0.264257
116284 0.247306
116980 0.263127
116128 0.256581
117041 0.259599
116812 0.260245
116239 0.260671
116483 0.255613
116240 0.263215
116183 0.262505
116739 0.256462
116974 0.264477
116227 0.259091
117052 0.262382
117020 0.263278
116178 0.261411
116230 0.260317
116762 0.27274
116160 0.253362
116663 0.251629
116199 0.259407
116880 0.264358
116393 0.265881
116727 0.255073
116186 0.255881
116160 0.269208
116874 0.259466
116982 0.257975
116131 0.265716
116230 0.255983
116214 0.261965
116219 0.259217
116658 0.268112
116636 0.262421
116978 0.266967
116889 0.280639
117019 0.256977
116672 0.270713
116740 0.257103
116570 0.271325
116875 0.272488
116786 0.257231
116580 0.266779
116979 0.263196
117087 0.264791
116939 0.263292
117029 0.254776
116222 0.264459
116278 0.268872
116196 0.271709
116243 0.258608
116637 0.256664
116705 0.252425
116159 0.254266
116234 0.264023
116873 0.253653
116485 0.26249
116652 0.265927
117069 0.260398
116743 0.272222
116270 0.249794
116179 0.25898
116270 0.262708
116703 0.272288
117066 0.266996
116429 0.254159
116980 0.263668
116755 0.260725
116254 0.265375
116394 0.259316
116283 0.249255
116514 0.275033
116150 0.262655
116520 0.24541
116945 0.255671
116284 0.249867
117022 0.260053
116412 0.255777
117045 0.253552
116738 0.258044
116170 0.27154
117001 0.269811
116500 0.266849
116739 0.251858
116458 0.266382
117003 0.265875
116498 0.270584
116399 0.256602
116628 0.264724
116499 0.278744
116709 0.262687
116505 0.274144
116755 0.262109
116197 0.267896
116485 0.275019
116858 0.264197
116247 0.261736
116332 0.261124
116519 0.253031
116885 0.263765
116969 0.252213
117046 0.261284
116361 0.259613
116433 0.25
116602 0.256616
116663 0.264024
116888 0.262215
116223 0.267606
116360 0.265907
117054 0.267871
116965 0.257891
117051 0.258503
116659 0.263868
116707 0.263082
117012 0.262021
116149 0.257407
116212 0.259059
116977 0.254047
116626 0.267127
116615 0.272294
116480 0.297055
116656 0.235152
117099 0.266765
116683 0.257261
116635 0.273523
116193 0.259297
116878 0.257122
116478 0.260936
116639 0.260626
116901 0.242051
117005 0.282165
116423 0.259365
116243 0.251675
116770 0.254711
116463 0.250736
116754 0.2552
117103 0.260021
117002 0.263225
116691 0.273106
116200 0.252115
116214 0.266168
116707 0.259314
116735 0.257933
116364 0.2735
117005 0.264655
116875 0.260144
117010 0.26358
116237 0.257567
117050 0.263475
116232 0.26462
116664 0.260398
116660 0.254142
116460 0.267373
116585 0.262247
116179 0.257109
116680 0.265687
116750 0.268929
116464 0.255713
116156 0.263923
116236 0.262676
117050 0.259891
116876 0.265392
117051 0.261804
116973 0.248783
116685 0.256039
116482 0.257985
116727 0.264083
116582 0.262914
116693 0.266159
116617 0.262072
116971 0.267035
116171 0.288745
116776 0.270645
116646 0.286521
116647 0.269848
116577 0.261696
116609 0.26321
116502 0.255062
116964 0.257302
117019 0.254978
116629 0.254759
117009 0.251666
116332 0.256036
117090 0.266937
116237 0.265884
116929 0.257094
117070 0.25992
116925 0.281454
116180 0.265155
116617 0.260118
116714 0.26534
117040 0.271308
116235 0.260584
116215 0.267096
116785 0.266981
116672 0.264857
116393 0.270579
116433 0.267085
116383 0.263463
116900 0.270892
116358 0.265044
116802 0.260982
116924 0.267855
116689 0.2523
116640 0.262867
116878 0.267189
116414 0.258123
116133 0.267564
116423 0.267005
116950 0.260993
116577 0.25603
116673 0.263453
116748 0.264343
116252 0.266183
116485 0.272
116366 0.258175
116376 0.263978
116590 0.257983
116515 0.26317
116873 0.259885
116773 0.262607
116604 0.258638
116517 0.254709
116865 0.255701
116223 0.269727
116994 0.26031
117011 0.261987
116635 0.261898
116764 0.261511
116190 0.257293
117030 0.263125
116935 0.265957
116884 0.245402
116883 0.269846
116233 0.263922
116913 0.269464
116364 0.263353
116995 0.24843
116581 0.25227
116156 0.255712
116133 0.284539
116463 0.262923
116222 0.267566
116266 0.259485
116646 0.239437
116987 0.259153
116170 0.25788
116149 0.264543
117006 0.263771
116251 0.254057
116669 0.262156
117099 0.267926
116876 0.264217
116206 0.258069
116621 0.25346
116810 0.265418
116994 0.257534
116235 0.253204
116940 0.258069
116711 0.252559
116891 0.255752
116785 0.268341
116339 0.26621
116158 0.263869
116221 0.258433
116880 0.258337
116881 0.256583
116396 0.259482
116634 0.257329
117031 0.265757
116225 0.256999
116262 0.261183
116698 0.257168
116980 0.257068
116441 0.255113
117028 0.260407
116787 0.257472
116581 0.263647
116193 0.263496
116201 0.260105
116183 0.260545
116570 0.256109
116773 0.263543
117071 0.246988
116808 0.267134
116243 0.273479
116996 0.264287
116250 0.275221
116217 0.262236
117102 0.2711
117063 0.270773
116800 0.260073
116993 0.258633
116930 0.266235
116356 0.268025
116242 0.259259
116588 0.267733
116636 0.269242
116367 0.262934
116864 0.288511
117050 0.256664
117102 0.268874
116769 0.257539
116240 0.256646
116650 0.257139
116919 0.263747
116691 0.260392
117008 0.239514
116877 0.267593
116733 0.264101
116699 0.253486
116465 0.259263
116667 0.261615
116884 0.262056
116263 0.264891
116291 0.257205
116870 0.261885
116591 0.26677
116733 0.262021
116421 0.261696
116693 0.258147
117087 0.260882
117028 0.260077
116934 0.257335
116475 0.274356
116334 0.252049
116517 0.281967
116290 0.269044
116210 0.254294
116701 0.247675
116428 0.266544
116621 0.266067
116935 0.260242
116158 0.276316
117010 0.258237
116628 0.262022
116864 0.249465
116995 0.261382
116259 0.263468
116227 0.256689
116978 0.255284
116925 0.258656
116919 0.265925
116268 0.258348
116255 0.264618
116358 0.268567
116693 0.260277
116250 0.268503
116776 0.255358
117054 0.269559
116885 0.270677
116171 0.268293
117031 0.261577
116647 0.256718
116268 0.26308
116950 0.267139
116399 0.26248
116151 0.261738
116261 0.278387
116464 0.266058
116450 0.260723
116600 0.258504
116621 0.267352
116983 0.26381
116569 0.279891
116462 0.268029
116375 0.254817
117046 0.270747
116612 0.262584
117023 0.264615
117099 0.255849
116172 0.263929
116430 0.264324
116732 0.267221
116612 0.251992
116518 0.268077
116395 0.258379
116255 0.26272
116640 0.250045
116582 0.264684
116149 0.262113
116601 0.260293
116641 0.270789
117011 0.246839
116960 0.275304
116893 0.26464
116798 0.25731
116673 0.257803
116236 0.258545
117017 0.253162
116355 0.251455
116396 0.248837
116439 0.259535
116142 0.254559
116697 0.256173
116128 0.253124
116990 0.249176
116764 0.266949
116892 0.263833
116923 0.268421
116501 0.24961
116160 0.265109
116745 0.257435
116281 0.262353
116717 0.261532
116218 0.266298
116217 0.269957
116934 0.256532
116714 0.272537
116791 0.271981
116195 0.273074
117023 0.264603
117103 0.264025
116369 0.271729
116999 0.26301
117022 0.25792
117002 0.262634
117035 0.261186
116482 0.259938
116947 0.251882
116589 0.260635
116267 0.255184
116891 0.262876
117075 0.267459
116450 0.263623
116205 0.262215
116948 0.263747
116224 0.26427
116495 0.262626
116894 0.252241
116142 0.269978
116180 0.263275
116984 0.272938
116283 0.265381
116232 0.260379
116495 0.26207
116261 0.281372
116150 0.257083
117049 0.264629
116215 0.262999
117093 0.266576
116984 0.286164
116669 0.263062
116468 0.269555
116640 0.250046
116272 0.253083
116356 0.259379
116770 0.261449
116616 0.260031
116357 0.253465
117083 0.244523
116753 0.247657
116983 0.256005
116604 0.257684
116597 0.273377
116429 0.256196
117071 0.276433
116484 0.258842
116239 0.26173
117094 0.273504
116812 0.274685
116196 0.264867
116353 0.266006
116930 0.271672
116468 0.255719
116290 0.264767
116739 0.255645
116658 0.256797
116359 0.260261
116728 0.271339
116173 0.256262
116381 0.264899
116266 0.26657
117022 0.267148
116585 0.258841
116256 0.27171
117085 0.258041
116890 0.251167
116483 0.266192
117030 0.268091
117013 0.269799
116367 0.252334
116141 0.273052
116168 0.258146
116594 0.261429
116907 0.269449
116973 0.255786
116210 0.262576
116235 0.265111
