116735 0.24935
116589 0.258537
116769 0.263736
116758 0.271482
116776 0.267477
116582 0.256189
116233 0.252505
116634 0.251969
116272 0.265022
116573 0.253551
116362 0.24569
116612 0.264012
116475 0.27099
116739 0.247027
116615 0.253349
116283 0.272
116422 0.271206
116160 0.26902
116238 0.268293
116242 0.239531
116683 0.265011
116233 0.259259
116666 0.261562
116335 0.231579
116659 0.262893
116383 0.260855
116475 0.268809
116588 0.258156
116441 0.269243
116450 0.248331
116422 0.261323
116519 0.263003
116810 0.265204
116428 0.228571
116360 0.246865
116365 0.264599
116715 0.257658
116429 0.276965
116262 0.263433
116207 0.260769
116365 0.260104
116626 0.281363
116196 0.274399
116816 0.27728
116462 0.247892
116810 0.259984
116582 0.254489
116252 0.256515
116580 0.25198
116185 0.256515
116433 0.260788
116604 0.258271
116159 0.272727
116804 0.24971
116651 0.254835
116365 0.253307
116356 0.271679
116277 0.261474
116206 0.266464
116340 0.248276
116495 0.256211
116229 0.271858
116380 0.278992
116180 0.246995
116716 0.261448
116359 0.262387
116660 0.238272
116361 0.257215
116148 0.262438
116369 0.258862
116291 0.247256
116190 0.269151
116151 0.254445
116236 0.252244
116189 0.239332
116462 0.2704
116412 0.283612
116502 0.261094
116518 0.254054
116339 0.267958
116671 0.262841
116433 0.25738
116396 0.265906
116498 0.256897
116641 0.279197
116636 0.259063
116154 0.262642
116183 0.257394
116238 0.262693
116747 0.253178
116709 0.262986
116256 0.275539
116739 0.274805
116227 0.259534
116197 0.254922
116770 0.26107
116451 0.261288
116755 0.248565
116353 0.24777
116410 0.261508
116634 0.274172
116701 0.271642
116460 0.26178
116753 0.264
116742 0.263254
116421 0.243688
116732 0.265855
116738 0.271565
116218 0.270762
116711 0.264209
116785 0.270992
116814 0.273864
116278 0.235822
116761 0.257728
116398 0.270787
116428 0.231939
116673 0.24743
116416 0.276852
116205 0.265638
116593 0.297414
116368 0.251676
116745 0.263674
116696 0.246234
116683 0.263235
116732 0.266736
116628 0.263245
116421 0.280559
116413 0.262485
116815 0.266277
116214 0.260742
116773 0.264479
116802 0.248535
116254 0.242207
116639 0.256936
116624 0.267442
116814 0.266357
116131 0.254135
116186 0.260676
116748 0.265467
116685 0.253962
116246 0.24409
116233 0.271993
116243 0.275377
116495 0.245098
116290 0.297335
116791 0.25973
116409 0.248062
116396 0.26151
116521 0.270816
116786 0.254673
116142 0.264502
116769 0.25256
116617 0.265652
116802 0.247481
116646 0.288288
116353 0.244136
116166 0.265345
116338 0.28798
116416 0.276812
116624 0.227599
116482 0.270621
116443 0.259021
116173 0.302158
116496 0.279854
116573 0.267529
116717 0.259452
116485 0.284995
116500 0.288557
116652 0.274175
116728 0.258581
116656 0.285938
116216 0.268095
116255 0.278361
116151 0.2506
116441 0.270167
116282 0.259977
116278 0.242038
116269 0.258912
116190 0.25405
116755 0.247591
116141 0.248853
116808 0.266106
116357 0.230769
