111000 0.292168
111132 0.301566
111654 0.290511
111383 0.289377
111664 0.285529
112074 0.283835
111635 0.322156
111581 0.315315
110978 0.287421
111521 0.290804
111731 0.273459
111571 0.286689
111997 0.290856
111434 0.287396
111663 0.281663
111929 0.286618
112088 0.27027
111320 0.283111
111819 0.287679
111303 0.292967
110984 0.286486
111785 0.294826
111199 0.277699
111583 0.293821
110972 0.286211
111386 0.286012
111616 0.287619
110955 0.292837
112143 0.286972
111988 0.286967
111390 0.289542
111524 0.292465
111959 0.299903
111172 0.285579
111575 0.271013
111623 0.285409
112249 0.27955
110919 0.292715
111667 0.269187
111190 0.289421
111811 0.283438
111121 0.28988
111137 0.283976
111144 0.283247
110959 0.280089
111398 0.273466
111394 0.29997
111510 0.27234
111991 0.275248
111156 0.273723
111624 0.288109
111984 0.284246
111672 0.275163
111431 0.287918
111369 0.280293
112053 0.286242
110982 0.289028
111144 0.276501
111872 0.308947
111661 0.282924
111524 0.28769
111355 0.285987
110979 0.288199
111126 0.287169
111611 0.273529
111817 0.284761
110989 0.293801
111897 0.284314
111528 0.28721
112257 0.286446
110919 0.310469
111362 0.289149
112245 0.280131
110945 0.272333
112248 0.282542
111663 0.293473
111629 0.279943
111653 0.283558
111202 0.293939
110997 0.288103
111200 0.278618
111518 0.284593
111578 0.254032
111914 0.295168
111579 0.279365
111923 0.283933
111962 0.275417
112169 0.296676
111128 0.283647
111618 0.28092
111123 0.283626
110959 0.28496
112077 0.295506
111382 0.285909
111572 0.287399
112136 0.28599
111376 0.279799
111644 0.284079
111581 0.283473
111548 0.288716
111607 0.28275
111582 0.269939
112054 0.248423
110989 0.283728
111320 0.279453
111388 0.278626
111589 0.298969
111983 0.262465
111559 0.292259
111155 0.291074
111569 0.280562
111873 0.284165
112080 0.278729
111872 0.293122
112136 0.265809
110951 0.298049
111780 0.284843
111588 0.286583
112121 0.285799
111673 0.294966
112107 0.294355
110905 0.283212
111396 0.298505
111615 0.281153
111585 0.280514
111386 0.276367
111510 0.279631
110948 0.285677
111928 0.265391
112091 0.301431
110954 0.287292
112244 0.294109
111612 0.298306
111619 0.282077
111817 0.288716
111614 0.279372
111390 0.297005
110905 0.280543
111887 0.285842
110943 0.280584
111946 0.281346
111984 0.272562
112126 0.281651
111601 0.288591
112101 0.293
111972 0.28777
112123 0.294367
110952 0.299267
111156 0.292007
111590 0.298433
110954 0.2906
111928 0.291453
110970 0.279744
111158 0.274455
110920 0.28722
112115 0.306974
110909 0.288584
111965 0.290169
111886 0.29512
111375 0.298124
111162 0.286126
111818 0.310683
112105 0.267505
111955 0.275882
111790 0.279612
111956 0.292453
111777 0.291581
112236 0.280964
111606 0.286572
111091 0.30194
111958 0.284645
111328 0.284509
111782 0.28682
111992 0.292708
111955 0.303571
111434 0.293936
110929 0.290944
111388 0.281412
110920 0.28597
111659 0.275514
111531 0.29721
111528 0.276365
111609 0.294406
111368 0.288076
111834 0.277446
111718 0.307026
111823 0.275883
112161 0.30192
111836 0.272637
111376 0.280713
111579 0.256757
111519 0.284221
111335 0.2846
111158 0.291465
112245 0.281001
111656 0.276112
111942 0.26738
112107 0.292276
111673 0.290268
111615 0.280143
110933 0.290109
110912 0.284215
111422 0.281775
111078 0.255814
110999 0.279866
110968 0.311002
111995 0.283492
112009 0.32549
111774 0.281429
111662 0.270688
111084 0.293567
111157 0.28193
111910 0.282627
111922 0.284657
112247 0.280438
111348 0.288136
111170 0.292165
111203 0.28103
111392 0.272836
111994 0.276959
110957 0.257322
112090 0.283481
110976 0.289327
112115 0.284332
111329 0.284899
112164 0.282544
112061 0.287234
111837 0.26674
110967 0.297972
111533 0.287661
112163 0.293431
112077 0.27278
111826 0.286436
112048 0.287158
111957 0.286432
111680 0.285714
110908 0.304585
111628 0.281992
111096 0.293445
110999 0.290595
111362 0.305138
110925 0.280567
111349 0.298511
111194 0.288082
111619 0.278543
111628 0.285714
111167 0.283876
111313 0.299281
111674 0.277702
111418 0.290555
112054 0.304382
112101 0.284631
111523 0.285853
111121 0.29082
111201 0.288017
111203 0.282256
111553 0.291386
111782 0.286456
110991 0.277349
110904 0.284897
111967 0.295585
111970 0.274352
111783 0.301382
111393 0.292871
112258 0.282192
111126 0.288718
111718 0.287619
111594 0.281631
111336 0.278397
110956 0.27438
111985 0.275336
111653 0.289312
111632 0.282724
111727 0.310296
111351 0.293367
111573 0.272337
112075 0.269507
111624 0.285094
111632 0.287289
111623 0.292672
111662 0.275816
112168 0.280322
111593 0.293874
110971 0.275574
111418 0.268779
112237 0.280923
111958 0.280201
111643 0.275934
111635 0.295673
111361 0.297283
111137 0.291626
111593 0.283371
111080 0.283148
111826 0.292467
112056 0.267647
110963 0.283344
112164 0.276886
111972 0.297231
112050 0.280139
111168 0.281154
112061 0.286425
111643 0.277236
111357 0.306133
112246 0.276378
111681 0.27489
111116 0.280221
110926 0.288799
111591 0.296096
111641 0.280781
111973 0.277403
