116589 0.23229
116218 0.249495
116464 0.232252
116369 0.257251
116745 0.23025
116816 0.225464
117085 0.211099
116903 0.237435
116585 0.216898
116193 0.226869
117045 0.239888
116717 0.227683
116361 0.225977
116500 0.230769
116786 0.203931
116357 0.2
116480 0.173333
116660 0.223176
117055 0.224299
116269 0.217784
116667 0.207792
116946 0.252241
116463 0.229885
116691 0.239003
116219 0.246171
116978 0.227865
116413 0.244386
116773 0.210031
116153 0.218121
116189 0.230303
116211 0.239654
117050 0.206897
116233 0.229124
116602 0.236679
116229 0.2182
116878 0.238832
116229 0.241412
116919 0.213483
116923 0.268966
116804 0.297578
116930 0.196989
116791 0.285714
116281 0.243902
116262 0.227552
116802 0.228498
116628 0.238764
116468 0.256637
116925 0.222571
116597 0.253012
117061 0.27
116509 0.204159
116705 0.220183
116647 0.255659
116495 0.214876
116224 0.241379
116885 0.236686
116189 0.257862
116986 0.202192
116904 0.252023
116211 0.241249
116890 0.272727
116879 0.226365
116465 0.215228
117004 0.221294
116432 0.222065
116933 0.231667
117101 0.216981
117011 0.225314
116184 0.260563
116804 0.246324
116237 0.246445
116172 0.251603
116893 0.247604
116809 0.213178
116636 0.234848
116204 0.22963
116362 0.233862
116590 0.236546
116412 0.245847
116763 0.237858
116333 0.26045
116246 0.252747
116766 0.195652
116150 0.216182
116256 0.254839
116629 0.239078
116412 0.243197
116671 0.194012
116166 0.259657
116409 0.251908
117083 0.288591
116874 0.231801
116602 0.21358
116433 0.228374
116195 0.273764
116210 0.236953
116979 0.21734
116252 0.238896
116380 0.244367
116764 0.230932
116931 0.210714
116894 0.230769
116290 0.191781
116864 0.231618
116879 0.223611
116156 0.22449
116865 0.235169
116283 0.266667
116216 0.218127
116748 0.222954
116980 0.226296
116195 0.225914
116258 0.223032
116860 0.226695
116365 0.219512
117035 0.209419
117087 0.254476
117022 0.223
116131 0.230947
117041 0.242525
116393 0.231034
116755 0.224784
116154 0.226776
116432 0.219479
116416 0.203922
116167 0.252577
117070 0.236515
116768 0.240102
116215 0.232678
116597 0.223529
116991 0.23995
116164 0.225352
116569 0.204969
116996 0.223496
117092 0.218487
116579 0.222494
116282 0.255814
116414 0.226415
116361 0.202202
117090 0.229614
116766 0.242637
116744 0.19457
116860 0.254348
116210 0.244838
116340 0.222222
116677 0.250432
116359 0.217256
116594 0.226681
116504 0.241038
116615 0.231884
116706 0.223226
116266 0.249647
116728 0.212963
116640 0.235915
117051 0.223496
116362 0.238342
117006 0.221644
116334 0.315152
116462 0.263959
116358 0.258242
116433 0.23588
116875 0.2331
116984 0.244186
116639 0.237113
116371 0.241486
116585 0.238462
116647 0.242894
116616 0.2301
116875 0.212766
116857 0.266667
116773 0.277603
116247 0.249749
116742 0.197034
116277 0.254386
116924 0.2343
116240 0.236897
116579 0.24142
116380 0.211268
116680 0.307692
116520 0.22067
116616 0.236573
117018 0.215888
116634 0.26943
116769 0.222222
117019 0.224122
116768 0.250653
116858 0.221294
116159 0.3
116762 0.209816
116873 0.184615
116577 0.248148
116945 0.270588
116890 0.296296
116289 0.206235
116247 0.228104
116453 0.234472
116516 0.244792
116617 0.256647
116934 0.218868
116268 0.240933
117062 0.204545
117015 0.232481
116501 0.258883
116462 0.252747
116919 0.234257
116278 0.232558
116860 0.205339
116414 0.221093
116218 0.229209
116332 0.2
116423 0.235714
116259 0.199219
116364 0.214674
116705 0.227586
116214 0.246106
116478 0.232126
116812 0.217786
116716 0.14
116151 0.226415
116395 0.233179
116589 0.239389
116485 0.275986
116637 0.248082
116980 0.222363
116747 0.225446
116219 0.225501
116596 0.226978
116257 0.260192
116739 0.266314
117005 0.213115
116262 0.237971
116651 0.202614
116261 0.252632
116360 0.232877
116874 0.220217
116982 0.239078
116278 0.241071
116410 0.241713
117012 0.23301
116573 0.207317
116129 0.208
116738 0.216374
116808 0.204396
117008 0.241935
117015 0.21303
116425 0.223553
116235 0.214361
116179 0.229086
116436 0.242647
116255 0.208333
116647 0.250333
117031 0.237879
116947 0.213636
116637 0.240202
116338 0.228512
116395 0.240783
116385 0.236181
116787 0.24937
116814 0.236544
116885 0.238908
116166 0.239224
116238 0.22695
116651 0.230233
116913 0.24424
116659 0.230769
117023 0.257991
116733 0.237452
116367 0.239474
116167 0.221374
116890 0.272727
116893 0.236842
116874 0.230924
116424 0.232737
117094 0.273973
116776 0.222857
116439 0.238153
116358 0.189542
116663 0.248705
116594 0.236842
116501 0.229075
116428 0.181818
117074 0.230857
116717 0.226433
116387 0.235219
116429 0.244275
116158 0.248971
116412 0.198895
116812 0.233083
116280 0.228448
116460 0.216792
117074 0.243373
116656 0.185567
116515 0.223529
116948 0.23623
116877 0.244477
117040 0.196429
116694 0.263014
116621 0.264605
116673 0.224619
116894 0.211864
116216 0.22895
117093 0.308642
116208 0.20765
116425 0.234568
116810 0.238889
116394 0.235792
116697 0.230679
116464 0.204893
116809 0.246173
116242 0.239782
116520 0.245763
116502 0.242308
116199 0.25125
117075 0.235023
116764 0.260486
116432 0.216524
116242 0.211864
116236 0.222967
116573 0.214634
116691 0.234104
116771 0.215881
116239 0.238854
116291 0.24295
116376 0.209861
117075 0.247778
116635 0.242158
116171 0.307087
116762 0.246769
116409 0.258333
116360 0.209836
116902 0.245961
116254 0.251541
116517 0.232
117019 0.199803
116339 0.20339
117029 0.236185
116811 0.216837
116197 0.237269
116189 0.203822
117061 0.236559
116450 0.230435
116880 0.244485
116251 0.207254
116206 0.230672
116283 0.23676
116172 0.22973
116755 0.215166
116666 0.239837
116451 0.208738
116950 0.212121
117051 0.208571
116971 0.242731
116950 0.196687
116151 0.203956
116888 0.223464
116141 0.215347
116802 0.224518
116929 0.209135
116280 0.242953
116617 0.210843
116357 0.182609
116339 0.258105
117066 0.244755
117083 0.272727
116334 0.184211
116979 0.242236
117013 0.158537
116183 0.244172
117071 0.235849
116396 0.20339
116970 0.228125
116568 0.267735
116207 0.226978
116600 0.228275
116973 0.252809
116383 0.266749
116423 0.238733
116993 0.254808
117098 0.225728
116206 0.236873
116798 0.222947
116712 0.236386
116978 0.224777
116870 0.23348
116190 0.251455
116893 0.227488
116420 0.220721
116992 0.243529
116652 0.203797
117068 0.221557
116763 0.217884
116385 0.235222
116266 0.222374
116750 0.21619
116876 0.21608
116903 0.227124
116463 0.187204
116703 0.235446
117092 0.168224
116129 0.214286
116356 0.240559
116889 0.25
116182 0.228916
116338 0.223158
116410 0.246459
116206 0.225725
116289 0.207763
116728 0.23741
116626 0.210402
116225 0.243714
116569 0.324503
116894 0.202365
116626 0.255656
116290 0.214612
116259 0.241966
116927 0.221774
116170 0.218415
116246 0.200431
116641 0.253333
116581 0.252185
116999 0.203704
116808 0.21542
116787 0.252888
116670 0.224678
116889 0.258621
116237 0.228155
116227 0.226291
116361 0.253261
116129 0.235849
117063 0.23511
116355 0.259452
116639 0.230303
116451 0.201058
116208 0.228571
116394 0.249423
116257 0.248357
116727 0.232534
116770 0.233962
116330 0.25
116699 0.21608
116739 0.239933
116907 0.247629
116475 0.234719
116635 0.2267
116942 0.268627
116194 0.227397
116786 0.244389
116601 0.220513
116518 0.234114
116204 0.211735
116646 0.267516
116732 0.232609
117029 0.199643
116204 0.237745
116495 0.273535
116458 0.234539
116965 0.230303
116992 0.217149
116170 0.206316
117020 0.239258
116614 0.211618
116876 0.21875
116582 0.242967
116574 0.27027
116900 0.224417
116179 0.221239
116787 0.253846
117095 0.26506
116570 0.268012
116660 0.237288
117003 0.241964
117035 0.217617
116440 0.254065
116594 0.22691
116369 0.257294
116440 0.249255
116230 0.212462
116205 0.213605
117096 0.20438
116416 0.225434
116585 0.228723
116153 0.213523
117105 0.259101
116477 0.227048
117001 0.217391
116573 0.238876
116925 0.227414
116421 0.226438
116659 0.165899
117055 0.30131
117069 0.220472
116167 0.265985
116577 0.231939
116656 0.201031
116696 0.245902
116865 0.220588
116701 0.232143
116800 0.213389
116753 0.199531
116516 0.20398
116267 0.238926
116268 0.240099
116810 0.211779
116439 0.222819
116621 0.218868
116282 0.26383
116272 0.199541
116971 0.217335
116205 0.216146
116182 0.240423
116178 0.231144
116212 0.230876
116231 0.230844
116502 0.236041
116902 0.203523
116879 0.22085
116196 0.222884
116977 0.235219
116994 0.218535
116870 0.212521
116224 0.232314
116630 0.255937
116694 0.243386
116496 0.210145
116650 0.249042
116744 0.273973
116677 0.240271
116785 0.271698
116978 0.22236
116758 0.201333
116289 0.211268
116475 0.239946
116715 0.22028
117011 0.231707
116510 0.232472
116196 0.220379
116776 0.196891
116761 0.255965
116743 0.233645
116266 0.28453
116568 0.246787
116770 0.222015
116458 0.211538
116646 0.209459
116767 0.240051
116468 0.2713
116815 0.222081
116706 0.206943
116770 0.234545
116247 0.227783
116814 0.213423
116745 0.23027
116380 0.215873
117052 0.236239
116739 0.241905
116360 0.228448
116499 0.228261
116940 0.227494
116219 0.209513
116263 0.244382
117055 0.191235
116732 0.232987
116277 0.235012
116883 0.218016
116484 0.216019
116425 0.286004
116614 0.196154
117046 0.242206
116624 0.21519
116581 0.220748
116186 0.208232
116891 0.217848
116982 0.249143
116628 0.227642
116168 0.219274
116207 0.233418
117008 0.205742
116924 0.223767
116612 0.246269
116128 0.239521
116983 0.24291
116677 0.216266
116173 0.225564
116398 0.252252
116671 0.223392
116223 0.238739
116257 0.219128
116965 0.203744
116367 0.19496
116227 0.219802
116600 0.226804
116987 0.228766
116663 0.255846
116395 0.236407
116689 0.259259
116239 0.234286
116500 0.220588
116396 0.217759
116263 0.210769
116776 0.265625
116939 0.234536
116201 0.23185
116357 0.282051
116652 0.221805
116353 0.231746
116730 0.250608
116666 0.223594
116225 0.239476
116374 0.25
116651 0.198336
116950 0.240234
116923 0.226027
117062 0.222581
117017 0.231499
116671 0.231228
116362 0.209677
116381 0.219512
116816 0.252632
116990 0.261838
116614 0.245968
117030 0.228339
116256 0.19242
116590 0.257143
116881 0.223464
116740 0.223684
116194 0.214286
116595 0.224335
117018 0.217735
116604 0.220809
116181 0.224439
116699 0.205379
116707 0.211718
116211 0.227788
116672 0.248219
116271 0.261745
116735 0.225806
116857 0.212766
117087 0.192352
116568 0.228833
116650 0.206675
116635 0.239848
116900 0.247706
116332 0.231183
116914 0.251969
116641 0.203947
116482 0.229142
116514 0.22905
116238 0.232
116421 0.241848
116935 0.182371
116660 0.229814
116812 0.231041
116880 0.246824
116872 0.289116
116246 0.247265
116615 0.273642
116255 0.223785
116579 0.219094
116332 0.239234
116612 0.2457
116942 0.208791
116659 0.246696
116201 0.226891
116371 0.250751
116160 0.213115
116468 0.245322
116872 0.246429
116366 0.240437
116935 0.225926
116178 0.269129
116907 0.241273
116381 0.220379
116615 0.236994
116359 0.259259
116158 0.224453
116994 0.225888
116716 0.240437
116422 0.231275
116367 0.242938
116234 0.230926
116738 0.283721
116484 0.225386
116970 0.234249
116498 0.223881
116282 0.281385
116153 0.213483
117010 0.221231
116221 0.212121
116932 0.184783
116720 0.243399
116901 0.22335
116884 0.205966
116190 0.216028
116993 0.22449
116577 0.215591
116976 0.2417
116366 0.232804
116574 0.235294
116750 0.25442
116222 0.221167
116521 0.246753
117010 0.227642
116711 0.223206
116501 0.284133
116903 0.203152
116740 0.171429
116387 0.235217
116518 0.226786
116480 0.22093
116940 0.215496
116250 0.213235
116149 0.22865
116689 0.260606
117003 0.219072
116873 0.268519
116150 0.214455
116269 0.245186
116224 0.24282
116960 0.244382
116280 0.229255
116393 0.203922
116235 0.222111
117040 0.226866
116603 0.246114
116755 0.220853
116184 0.229299
116270 0.23588
116628 0.252688
116504 0.238034
116292 0.251407
116733 0.206157
116590 0.224905
116464 0.22508
116199 0.216792
116766 0.277865
116773 0.180982
116712 0.226506
116514 0.224432
116197 0.229399
116128 0.248466
116612 0.226667
116588 0.205047
116371 0.222749
116870 0.226174
116727 0.25594
116711 0.226434
116258 0.215405
117005 0.243697
116154 0.21787
116398 0.197397
116624 0.284768
116131 0.215909
116570 0.250681
116164 0.203593
116742 0.240481
117054 0.223602
116995 0.203369
116221 0.220096
116685 0.219251
116629 0.23407
116591 0.228235
116387 0.224664
116173 0.223214
116858 0.260504
116616 0.221344
116232 0.243158
116811 0.256374
116629 0.239951
116878 0.222222
116235 0.229249
116375 0.243796
116410 0.245161
116422 0.260979
116808 0.198565
116484 0.238095
116809 0.230964
116630 0.216216
116743 0.229167
116166 0.234339
116291 0.207317
117049 0.203725
116439 0.244558
117017 0.228412
117043 0.243056
116394 0.224299
116667 0.225376
116232 0.241918
116769 0.252809
116236 0.215443
116634 0.208333
116398 0.252451
116181 0.227913
116335 0.255814
117099 0.249443
116883 0.220741
116184 0.226204
116185 0.23013
116929 0.232311
116927 0.23319
116749 0.242512
116892 0.214774
116375 0.232525
116920 0.230203
116383 0.212121
116335 0.207317
116747 0.24158
116891 0.241199
116753 0.231121
116133 0.252525
116440 0.229312
116767 0.228327
116458 0.225728
116460 0.237374
116889 0.227642
116254 0.230386
117047 0.212903
116149 0.218362
116510 0.229426
116902 0.236559
116604 0.239362
116148 0.219645
116186 0.245122
116281 0.201729
116683 0.22
116261 0.22695
116365 0.221485
116869 0.232381
116609 0.243807
116730 0.245524
116974 0.237952
116338 0.233129
116251 0.213483
116355 0.220627
116142 0.248563
116593 0.239362
116261 0.201493
116603 0.238651
116518 0.244444
116754 0.229885
116252 0.24911
116283 0.224719
116420 0.247238
116504 0.215711
116374 0.193825
116582 0.236876
116465 0.210317
116621 0.234615
117068 0.235795
116340 0.292208
116148 0.250888
116159 0.24812
116221 0.156522
116223 0.221374
116262 0.220663
116422 0.204288
116229 0.218145
116693 0.255278
116995 0.243775
116574 0.236948
116462 0.209302
116939 0.226337
116197 0.211213
117054 0.237374
116499 0.255102
116237 0.208738
116483 0.231623
116430 0.206522
116640 0.225589
116969 0.213763
116703 0.263868
116505 0.263614
116639 0.230019
116811 0.213406
116205 0.24698
116272 0.230248
116930 0.235984
116650 0.218987
117023 0.231707
116214 0.230989
116931 0.223862
117017 0.232177
116217 0.202335
116180 0.21455
116753 0.244499
116160 0.233618
116901 0.192488
116423 0.23338
116193 0.233333
116589 0.232759
116634 0.25
116863 0.205882
116374 0.237691
116430 0.205761
116233 0.207269
116178 0.248042
116291 0.254274
116478 0.240862
116670 0.235409
116428 0.189873
116270 0.254967
116230 0.211973
116133 0.229592
116358 0.266272
116664 0.21875
116636 0.22924
116947 0.269767
116656 0.248677
116701 0.197995
116485 0.244526
116987 0.206683
116901 0.2
116227 0.245098
116666 0.237685
116267 0.226343
116588 0.213816
116200 0.233677
116180 0.205357
116215 0.219349
116269 0.225313
117102 0.204545
116271 0.225092
116222 0.220974
116195 0.233463
116715 0.231561
116208 0.236315
116990 0.247283
116142 0.242003
116714 0.220994
116223 0.174721
116924 0.223582
116267 0.221239
116885 0.233974
116785 0.234375
116596 0.207742
116630 0.229282
116477 0.228332
116888 0.2275
116913 0.227169
116743 0.206186
116179 0.238938
116884 0.212912
116519 0.23366
117103 0.248092
116768 0.232529
116451 0.221902
116600 0.222076
116669 0.229412
116689 0.232493
116368 0.253566
116503 0.277344
116156 0.243017
116330 0.195804
116749 0.224044
116798 0.243675
116339 0.224
116735 0.245614
116190 0.239819
116421 0.212366
116133 0.184466
116640 0.21189
116672 0.221187
116914 0.262931
116156 0.215962
116680 0.251142
116210 0.218487
116141 0.242891
116284 0.229167
116863 0.247672
116949 0.223837
116800 0.234261
116767 0.210728
116947 0.224599
116698 0.242804
116904 0.227924
116920 0.239171
116747 0.231796
116142 0.216643
116250 0.309859
116996 0.228104
116355 0.229018
116745 0.23667
116396 0.197701
116791 0.243017
116482 0.224464
116258 0.226858
116815 0.22696
116945 0.225681
116482 0.221527
116604 0.215236
116368 0.220211
116876 0.266017
116673 0.236911
116359 0.245342
116750 0.256459
116762 0.213058
116881 0.223315
117041 0.261905
117045 0.243939
116201 0.2325
116580 0.212121
116200 0.256364
116798 0.263835
116970 0.22807
116673 0.236601
116503 0.242678
116721 0.246485
116252 0.221669
116637 0.213315
116376 0.226553
116771 0.264442
116744 0.271429
116255 0.243697
116999 0.236735
116424 0.245232
116453 0.22973
116904 0.236501
116443 0.230425
116597 0.245161
116263 0.231884
116672 0.222087
116232 0.218522
116769 0.227488
116149 0.228275
116483 0.227211
116810 0.238606
116714 0.278095
116785 0.210084
116292 0.219608
116877 0.226207
117028 0.263158
116881 0.21393
117095 0.209486
116243 0.217391
116754 0.246499
116791 0.240741
116436 0.243802
116181 0.224204
116707 0.234536
116268 0.240642
116771 0.195312
116160 0.231308
117002 0.232409
116519 0.21
116200 0.218966
116872 0.249027
116409 0.245968
116334 0.166667
116290 0.238683
116230 0.231731
116278 0.214506
116168 0.206461
116194 0.245729
117093 0.204545
116596 0.232323
117053 0.247642
116369 0.216321
116240 0.236897
116495 0.193043
116509 0.246729
116923 0.261538
116353 0.265781
116742 0.263158
116460 0.225968
116233 0.228891
116182 0.228978
117043 0.213235
116864 0.248148
116517 0.264706
116591 0.244921
116869 0.211577
116588 0.220497
116892 0.231724
116595 0.223849
116591 0.226779
116356 0.259155
116652 0.230077
116441 0.225836
117062 0.250936
116977 0.216418
116948 0.243405
116593 0.251397
116892 0.24234
116857 0.22
116761 0.209932
116284 0.285068
116154 0.226533
116934 0.229058
116498 0.221264
116510 0.231176
116663 0.195918
116193 0.244085
116735 0.204489
116683 0.251928
116863 0.235178
117003 0.242918
116212 0.215297
116733 0.225172
116433 0.232919
116231 0.233266
116873 0.245791
116413 0.238162
117050 0.186186
116159 0.233871
116453 0.235736
116499 0.242718
116698 0.252788
116602 0.222222
116128 0.225309
116706 0.226054
116207 0.225765
116601 0.220112
116231 0.227316
116514 0.218391
116505 0.233333
116475 0.223058
116800 0.215529
116477 0.218215
117071 0.241379
116880 0.246753
117000 0.242325
116932 0.206897
116693 0.208417
116429 0.214013
116667 0.251582
116463 0.21564
117020 0.240116
116151 0.211286
116515 0.204409
116199 0.213415
116443 0.20354
117098 0.202899
117009 0.21328
116441 0.243689
116500 0.218487
116516 0.246753
116709 0.219535
116399 0.202035
116381 0.193548
116761 0.208092
116786 0.197468
116250 0.196078
116254 0.218638
116234 0.228986
116580 0.234597
116441 0.245665
116496 0.198047
116272 0.263736
116694 0.244792
116748 0.207028
116914 0.166667
116353 0.274576
116595 0.239437
116185 0.208122
116141 0.24763
116593 0.193396
116816 0.227166
116243 0.228324
116986 0.232484
116748 0.245033
116150 0.245192
116900 0.229039
116383 0.239649
116251 0.216049
116582 0.194293
116443 0.214602
116478 0.233686
117031 0.217718
116570 0.251969
117009 0.223443
116609 0.215809
116883 0.215463
116217 0.226721
116696 0.226766
116738 0.261364
116399 0.231608
116424 0.229947
116485 0.226415
116669 0.222892
116498 0.219219
117022 0.229476
116697 0.224561
116259 0.226506
116609 0.232234
116368 0.207439
116234 0.209797
116864 0.241107
116333 0.232919
117066 0.195251
116186 0.222352
116764 0.221258
116971 0.202703
117103 0.253546
116521 0.238845
116172 0.227758
116356 0.23842
116399 0.238827
116131 0.230068
116170 0.226378
116664 0.23385
116624 0.203593
116696 0.226644
116496 0.229075
116521 0.255376
116670 0.237452
116601 0.221176
117039 0.197468
116949 0.224163
116515 0.218391
116884 0.232143
117022 0.237354
116366 0.236842
116964 0.232824
116973 0.284946
116517 0.222222
116340 0.210884
116292 0.228866
116658 0.204604
116171 0.25
116519 0.233807
116148 0.250678
116626 0.220217
116183 0.223278
116580 0.231591
117039 0.180247
116976 0.230769
116569 0.230769
116215 0.246988
116814 0.224313
116933 0.200318
116709 0.243542
116217 0.268
116243 0.259494
116335 0.224638
116480 0.274725
116641 0.252688
116375 0.223565
116393 0.201413
116281 0.238411
116617 0.220715
116256 0.215873
116758 0.225371
116974 0.233516
116240 0.244681
116691 0.235669
117047 0.227273
116483 0.222672
116701 0.226244
117006 0.217
116236 0.223493
116754 0.271429
116946 0.232589
116185 0.249061
116212 0.247059
116685 0.228654
116636 0.221687
116333 0.195584
116664 0.247525
116271 0.223022
116983 0.209246
116158 0.224576
116740 0.241379
116804 0.210145
116991 0.233577
116646 0.238372
116365 0.224227
116436 0.225677
116763 0.241379
116239 0.210383
117085 0.205819
116503 0.168627
116196 0.227525
116364 0.198221
117028 0.245455
116238 0.217391
116758 0.242678
116465 0.234809
116414 0.224543
116450 0.201681
116658 0.214109
116520 0.242353
116509 0.241779
116171 0.212963
116732 0.22805
116218 0.230444
116214 0.224876
116277 0.23341
116270 0.217993
116984 0.234234
116330 0.205298
116420 0.226075
116680 0.206186
116875 0.212581
117030 0.221416
116428 0.269841
116865 0.25167
116869 0.233068
116430 0.202817
117001 0.21875
116749 0.234703
116669 0.220833
116173 0.295455
116183 0.262745
116603 0.225088
116960 0.227811
116450 0.211454
117013 0.190476
116164 0.256494
116242 0.215385
116413 0.247561
116858 0.226782
116180 0.224277
116717 0.238971
117008 0.239796
116216 0.252758
116284 0.211055
116721 0.230263
116658 0.206146
116888 0.219895
116429 0.239281
116385 0.23942
116987 0.234393
116168 0.272981
116416 0.249513
116502 0.223499
116815 0.220994
116581 0.249417
116376 0.225554
116364 0.226761
116225 0.224951
116964 0.240458
