122354 0.223789
122264 0.221654
122538 0.240281
123223 0.257921
122779 0.234331
122652 0.221626
122821 0.263294
122675 0.235581
122610 0.236298
123300 0.247289
123060 0.245283
122640 0.244658
122468 0.244939
122508 0.249605
123218 0.243118
122856 0.232911
123063 0.228687
122363 0.247471
122676 0.244041
122714 0.241602
122330 0.245865
122292 0.248684
122654 0.245143
122603 0.238754
122570 0.224857
122820 0.236948
123211 0.253573
123012 0.24031
122323 0.246267
122733 0.256537
122428 0.244541
122990 0.203822
122805 0.242184
122824 0.24204
122679 0.256894
122341 0.246518
122770 0.250416
122847 0.238608
122300 0.241558
123209 0.232197
123035 0.225806
123169 0.235719
122689 0.254717
123285 0.232883
123023 0.236497
123169 0.235259
122425 0.223679
122880 0.235871
122812 0.241237
122569 0.235828
122429 0.258734
123252 0.234996
122520 0.232877
122296 0.241036
123295 0.236323
122353 0.25
122599 0.236697
123038 0.263983
122809 0.247025
122507 0.239717
123048 0.235055
122437 0.239186
123055 0.236462
122816 0.228453
123262 0.246584
122596 0.21875
122799 0.241053
122293 0.228056
122576 0.225
122692 0.252417
123101 0.246265
123237 0.247191
122853 0.246554
123219 0.246402
123087 0.241738
123067 0.240054
122426 0.229588
122825 0.234536
122769 0.238813
122484 0.238294
122245 0.228433
122428 0.23017
122464 0.241139
122542 0.234568
122296 0.233831
122752 0.242667
122773 0.232386
122747 0.239377
122841 0.233477
122860 0.23978
122679 0.241958
122642 0.231291
122432 0.235752
122527 0.245614
123065 0.23487
123049 0.24226
123175 0.229294
122246 0.232292
122249 0.231169
122700 0.228087
122276 0.213527
122296 0.229877
122606 0.254879
122998 0.22975
122690 0.250529
122687 0.240664
122708 0.226181
122628 0.260388
122681 0.245714
122801 0.244889
122995 0.245926
123165 0.19337
123044 0.252094
123093 0.223796
122730 0.237176
122661 0.229066
122447 0.244805
122509 0.237243
122590 0.219385
122696 0.246625
122728 0.25034
122432 0.242437
122699 0.239423
122420 0.2507
122469 0.244742
122414 0.254016
122322 0.237093
122594 0.216777
122409 0.231489
123219 0.247328
122608 0.216495
122539 0.233702
122574 0.264784
122988 0.24805
122734 0.248955
122507 0.233114
123167 0.23309
123229 0.256003
123278 0.227469
122739 0.237432
122357 0.247582
122869 0.221838
122569 0.246377
122880 0.223422
122498 0.237885
123304 0.26079
123066 0.243121
122852 0.234072
122525 0.235798
123043 0.241863
122841 0.236746
122273 0.228155
122825 0.247243
122443 0.23694
122572 0.228831
122858 0.254519
122562 0.244172
122433 0.214832
122360 0.23867
122730 0.236353
122339 0.222222
123036 0.236084
122286 0.248104
122699 0.240898
122632 0.22563
123277 0.237663
123253 0.249644
122731 0.238554
123066 0.232242
123253 0.234787
123303 0.224256
122988 0.235821
123012 0.249462
122341 0.238621
122496 0.254451
122570 0.225199
123223 0.245381
122467 0.244344
123285 0.229402
122409 0.227414
122447 0.229932
122605 0.242906
122555 0.219366
122350 0.25125
123021 0.238876
122620 0.249778
123278 0.240144
122545 0.247507
123277 0.247059
122264 0.269965
122833 0.240608
123200 0.212838
122690 0.235114
122803 0.233155
123211 0.222283
123172 0.23743
122751 0.254447
122653 0.225423
122845 0.235324
123274 0.246877
122859 0.244326
122503 0.231419
122294 0.241233
122537 0.242843
122352 0.217391
122570 0.240949
122307 0.244292
122439 0.239203
122844 0.251766
123224 0.226264
123059 0.250355
122859 0.236359
123213 0.238011
123081 0.228807
122336 0.225092
123256 0.243036
123164 0.242836
123256 0.240606
122521 0.237423
123267 0.231419
122738 0.244826
122434 0.235294
123043 0.254586
122683 0.242823
122727 0.240729
122427 0.250336
123087 0.241153
122693 0.226274
123027 0.23069
122797 0.24063
122447 0.238722
122986 0.24337
122844 0.247468
122618 0.236639
122802 0.250185
122560 0.243437
122535 0.251537
123021 0.23405
122440 0.237084
123237 0.252009
122710 0.257358
122813 0.233371
122604 0.232702
123237 0.232155
122749 0.244929
122830 0.235852
122246 0.241414
122705 0.244635
122297 0.242749
122559 0.238007
122873 0.242499
123172 0.225711
123013 0.152778
123049 0.238015
123252 0.236327
123240 0.234432
122524 0.240373
122473 0.240443
122594 0.239631
122803 0.244593
122472 0.23722
122809 0.240437
122700 0.227073
122819 0.265662
122279 0.238038
122654 0.234963
122569 0.237098
122572 0.237728
122275 0.253901
122628 0.261214
122514 0.242963
122510 0.239516
122450 0.237866
122317 0.230216
123167 0.250637
122713 0.239083
122667 0.242301
122594 0.259857
123207 0.234136
122336 0.244652
123091 0.233761
122472 0.250195
123172 0.224265
123014 0.193878
123081 0.23795
123258 0.23958
122634 0.25729
122702 0.254963
122835 0.234237
122805 0.231812
123024 0.243561
122881 0.243015
123202 0.230473
123209 0.252149
123034 0.235481
122855 0.233683
122572 0.248163
122686 0.235876
123034 0.241434
123267 0.242871
122418 0.242385
122630 0.234764
122307 0.25033
122606 0.227545
122630 0.255246
123196 0.235694
122507 0.255653
122736 0.244029
122672 0.242821
122860 0.248146
122754 0.239703
122511 0.2344
123275 0.239975
122614 0.237936
122821 0.255952
122537 0.229483
122301 0.23453
122319 0.243382
123268 0.234169
122996 0.235
122330 0.23727
122541 0.246583
122292 0.219444
122285 0.237951
123019 0.249332
122425 0.241256
122683 0.231068
122369 0.212121
123029 0.246481
122269 0.248916
122521 0.248771
122501 0.242519
122465 0.245522
122557 0.249797
122363 0.253589
122413 0.233457
122672 0.248101
122726 0.252893
123167 0.241529
122294 0.238812
122467 0.229457
122561 0.227586
122278 0.24036
122619 0.231467
122995 0.232877
123035 0.222567
122713 0.232787
122667 0.25394
122502 0.230403
122315 0.233975
123264 0.23434
122852 0.246262
122502 0.231565
122773 0.236257
122447 0.22176
122786 0.243157
122347 0.264414
122616 0.249204
122602 0.234216
123229 0.225633
122812 0.236896
122713 0.244477
123266 0.223338
122564 0.23844
122796 0.25372
122705 0.237584
122690 0.233449
122286 0.239678
122279 0.234767
122753 0.239615
122710 0.247793
122423 0.253637
122821 0.252171
122505 0.226943
122628 0.261872
123039 0.239376
122679 0.277778
122357 0.236648
123059 0.241885
123176 0.243816
123223 0.244559
122646 0.230954
123018 0.247206
122448 0.24547
122323 0.243284
122576 0.280255
122829 0.238442
123011 0.232688
123285 0.250467
123014 0.173228
122461 0.246866
122556 0.23717
122465 0.243023
122736 0.251827
122798 0.258657
122743 0.245956
122603 0.241966
123258 0.238459
122527 0.256584
123170 0.234884
123059 0.246806
122263 0.182692
122326 0.239004
122486 0.238428
122704 0.246104
122351 0.227124
122497 0.238885
122503 0.236348
122737 0.240137
122606 0.244025
122416 0.227824
122349 0.248792
123274 0.242758
122467 0.221661
122641 0.237375
122439 0.238987
122695 0.237225
123054 0.243077
122844 0.254927
123056 0.221281
122737 0.236269
122465 0.236468
123197 0.257944
122264 0.2267
122755 0.233028
122283 0.240142
122292 0.249664
123070 0.232457
122986 0.255743
123250 0.243569
122605 0.243233
122685 0.230729
122753 0.23203
122667 0.24597
122366 0.235119
122354 0.231729
122462 0.234155
122846 0.242773
122993 0.23993
122527 0.239736
122722 0.230915
122738 0.245452
122447 0.236842
122480 0.248414
122616 0.251777
122288 0.227165
122987 0.27833
122871 0.230769
122349 0.213568
123253 0.255144
122280 0.24139
122467 0.241088
123294 0.251119
122998 0.221252
122722 0.225471
122590 0.240532
122682 0.253215
122465 0.2352
122249 0.244249
123050 0.24562
122428 0.254022
123202 0.221526
122363 0.229454
122281 0.212914
122804 0.240267
122640 0.258373
123089 0.233446
123052 0.237224
122596 0.228294
122465 0.235937
122314 0.237332
122751 0.227829
122873 0.228911
122768 0.249639
123178 0.219969
122524 0.249156
122789 0.221062
122349 0.268657
122693 0.234848
122339 0.229787
122587 0.244388
122585 0.249896
122674 0.236047
123023 0.239187
122560 0.227552
122310 0.240689
122519 0.221239
122492 0.222584
122995 0.222545
123034 0.235063
122687 0.239475
122618 0.245343
123261 0.242923
122789 0.239708
122420 0.24526
122614 0.252342
122268 0.236246
122349 0.222222
122555 0.261345
123301 0.241683
123040 0.234936
123172 0.215223
122412 0.232593
123252 0.231558
122665 0.228849
122453 0.241712
122357 0.239075
122614 0.243097
122309 0.249351
122502 0.23913
122416 0.282197
122785 0.224201
122869 0.244124
123225 0.25
122313 0.246383
123084 0.242744
122256 0.226911
123278 0.233648
122256 0.249585
123090 0.236432
123300 0.245497
122312 0.244755
122744 0.249552
123233 0.248418
122548 0.242629
123166 0.245614
122296 0.228706
122808 0.248227
122819 0.236239
122998 0.222944
122445 0.264624
122838 0.242942
123267 0.230668
123233 0.236264
122279 0.222989
122781 0.245117
123083 0.227533
122344 0.27381
122689 0.22716
122524 0.243293
122245 0.239726
123253 0.245599
122835 0.244516
123085 0.238095
122269 0.229086
122874 0.242465
122778 0.24866
122880 0.241644
122514 0.254607
122786 0.251625
123209 0.225266
122743 0.23811
122769 0.252932
122344 0.205479
122842 0.228247
122745 0.238425
122305 0.249509
123277 0.254327
122310 0.231699
123266 0.237576
122276 0.220096
122285 0.227836
123197 0.240639
122288 0.226107
122998 0.235921
122352 0.209581
122354 0.248428
122625 0.243612
123178 0.224793
122766 0.241918
123170 0.227545
122819 0.25755
122856 0.246973
122646 0.23127
122537 0.235168
122279 0.231147
122754 0.24067
122563 0.259502
123014 0.203252
122445 0.246705
122365 0.238603
122650 0.233428
122559 0.225635
122356 0.229395
123272 0.229103
122560 0.231297
122413 0.259798
122767 0.249729
123268 0.247445
123026 0.219095
122287 0.22769
122620 0.246242
122450 0.226871
123091 0.238981
122603 0.237509
122542 0.259002
123213 0.24456
122294 0.255042
122454 0.240924
122501 0.237571
123270 0.2067
123049 0.233988
122420 0.235756
122425 0.227966
123243 0.223436
122823 0.237897
122859 0.251735
122268 0.234563
122677 0.235056
122509 0.242234
122283 0.230108
122487 0.232347
122629 0.255102
123253 0.230727
122498 0.249582
122789 0.23972
122509 0.243947
122770 0.233438
123245 0.242099
123277 0.237035
122352 0.258065
122433 0.270512
122752 0.23564
122653 0.230593
122863 0.242572
123207 0.243803
122559 0.248223
122589 0.238964
123067 0.230408
123025 0.245553
122326 0.250525
122445 0.243658
122341 0.257426
122485 0.236131
123081 0.21551
122520 0.259512
122747 0.243149
122493 0.24069
122489 0.240193
122855 0.240518
122312 0.230586
123295 0.242128
123016 0.234425
122703 0.226277
123245 0.246271
122292 0.240816
122832 0.24037
123097 0.252194
122993 0.243772
122432 0.226013
122505 0.235421
122625 0.231816
122540 0.238648
122654 0.240065
122993 0.242565
122409 0.243478
122549 0.244639
122297 0.231218
123038 0.24913
123090 0.238465
122648 0.223692
123062 0.232254
123040 0.243848
122357 0.245837
122677 0.240338
122692 0.236911
122619 0.237887
122734 0.235701
122548 0.248485
122842 0.239017
122557 0.220034
122321 0.237605
123097 0.240356
122253 0.2455
122754 0.232405
123262 0.247582
122712 0.238452
123269 0.239319
122766 0.253731
123024 0.229352
122564 0.227077
122550 0.240426
122805 0.237118
123295 0.238317
122681 0.254946
122469 0.238975
122799 0.236461
122753 0.231986
123022 0.246022
122722 0.237391
123211 0.257682
123004 0.260455
122690 0.251253
122454 0.234732
123281 0.230326
123200 0.221658
122291 0.235556
122842 0.239757
122429 0.241803
123260 0.246877
123056 0.231707
122681 0.257282
122744 0.238728
122731 0.229771
123209 0.234697
122464 0.244789
122805 0.237179
122539 0.242265
122708 0.23065
123303 0.224691
122539 0.242781
122689 0.263514
122800 0.211564
122772 0.242131
122545 0.226124
122298 0.230362
122305 0.2158
122871 0.230703
122507 0.237235
122281 0.245955
123060 0.240852
123200 0.252252
122571 0.232315
123060 0.254183
122661 0.259143
122699 0.241984
122469 0.241082
122734 0.240217
122430 0.247699
122426 0.252045
123196 0.24441
122610 0.262017
122802 0.230597
122424 0.237056
122646 0.229339
122568 0.232167
123266 0.234156
123290 0.229358
122439 0.24127
122542 0.247602
122648 0.243483
122853 0.232234
122778 0.250957
123018 0.235132
122331 0.23166
123034 0.249188
122838 0.251267
123200 0.222222
122472 0.231058
122862 0.248547
122704 0.234853
123026 0.241976
122646 0.251256
122826 0.247029
122485 0.23099
122777 0.237957
122488 0.235641
122747 0.233496
122437 0.231263
122484 0.242215
122832 0.241502
123248 0.254949
123295 0.237827
123019 0.259241
122967 0.226138
123290 0.254258
122698 0.241107
122744 0.228736
122289 0.229314
122721 0.272727
122453 0.248236
123290 0.249715
122280 0.23968
123043 0.250241
122570 0.245268
123259 0.239208
122432 0.242722
123290 0.253695
122410 0.236389
122344 0.151515
123223 0.226901
122497 0.231816
122545 0.24847
122418 0.223372
122871 0.240946
123278 0.238042
123056 0.225422
122369 0.232279
122569 0.235339
122342 0.211957
122439 0.257506
122353 0.125
123042 0.222801
122293 0.233603
123248 0.240177
122681 0.233996
123050 0.248586
123243 0.229885
122845 0.240011
123261 0.238661
122726 0.243679
123209 0.251012
122330 0.247784
123245 0.241015
123078 0.214765
123250 0.239755
122726 0.241477
122855 0.231364
122450 0.236691
123062 0.243419
123198 0.245878
122749 0.248606
122586 0.236628
122448 0.242005
122350 0.25323
123050 0.248045
122430 0.235223
123068 0.237848
122489 0.232591
122838 0.239972
122321 0.246544
123168 0.238295
123016 0.2453
122729 0.247846
122423 0.241026
122623 0.228134
122561 0.230678
122413 0.222611
123003 0.252095
122604 0.244082
123301 0.243353
122733 0.259275
122628 0.228232
123097 0.252174
123251 0.227171
122342 0.254054
123023 0.233172
122415 0.245237
122251 0.244989
123176 0.232784
123197 0.254323
122779 0.254952
122274 0.238062
122674 0.242766
122648 0.243859
122711 0.239736
122422 0.229416
122613 0.211364
122695 0.233251
123207 0.243629
122256 0.243493
122268 0.251693
122440 0.225202
122587 0.24065
122449 0.256371
122683 0.230047
122783 0.250128
122667 0.247217
122740 0.249391
122767 0.238579
122321 0.252646
122810 0.253012
122800 0.224401
123002 0.223781
122509 0.231824
122772 0.245921
122540 0.242922
122679 0.254286
122585 0.213936
122858 0.247141
122541 0.246479
122315 0.232304
122350 0.23036
122307 0.245944
123272 0.239897
122827 0.229307
122496 0.249564
122487 0.236184
122672 0.238081
123279 0.245029
122684 0.231792
122353 0.230769
122249 0.242692
122445 0.240721
123097 0.240073
122623 0.238877
123055 0.238567
122323 0.242895
122585 0.23116
122768 0.242439
122727 0.234036
122855 0.234722
122268 0.233195
122586 0.242933
122590 0.243977
122283 0.249776
123210 0.252918
123101 0.238117
122708 0.264049
122535 0.233098
122557 0.246564
123077 0.20274
122710 0.250714
122275 0.224113
122427 0.241305
122428 0.240775
122463 0.231998
122698 0.225681
123233 0.251212
122696 0.241127
122779 0.232105
122487 0.228154
122428 0.242446
122496 0.24488
122741 0.233264
122561 0.233929
122519 0.236052
123067 0.235118
122658 0.238474
122613 0.225027
122525 0.236037
123293 0.237551
122602 0.2392
122605 0.235271
123207 0.238277
122776 0.236695
122658 0.241242
123068 0.22205
123065 0.243198
122484 0.241101
123169 0.239744
122871 0.245411
122620 0.235312
123090 0.250287
122450 0.235644
122524 0.24645
122616 0.230472
123051 0.248566
122306 0.226337
122363 0.23212
122520 0.223185
122781 0.255593
122549 0.240346
122246 0.236883
123198 0.246985
122649 0.235914
122721 0.24
122293 0.230024
123210 0.261596
122687 0.243349
123087 0.253652
122833 0.242124
123024 0.242715
122704 0.259883
122550 0.242162
123060 0.239219
122347 0.222603
122820 0.245142
123070 0.231051
122568 0.22296
123067 0.236637
122277 0.246465
123226 0.239578
122251 0.233853
122867 0.233943
122689 0.234994
122829 0.242312
122649 0.229333
122589 0.241663
123066 0.245609
122422 0.250365
123290 0.25031
122752 0.243305
122357 0.240861
122704 0.232899
123215 0.252682
123164 0.250733
123279 0.249494
123028 0.245019
122272 0.238793
122831 0.251199
122577 0.235542
122687 0.231544
122510 0.242092
122714 0.23353
122816 0.23453
123175 0.260546
122285 0.233443
122514 0.242013
122805 0.254462
123050 0.245068
123206 0.246154
122667 0.245272
122245 0.227907
122469 0.246876
122526 0.247264
122755 0.250117
122524 0.238261
122540 0.225071
122741 0.243677
122463 0.230331
122713 0.236759
123039 0.240844
123176 0.244697
122827 0.245092
122740 0.2422
122568 0.243317
122786 0.260958
122280 0.245773
122778 0.24545
123240 0.238158
123165 0.25656
122726 0.250208
122767 0.244432
123178 0.251656
122685 0.23672
122342 0.212914
123074 0.233658
123303 0.243373
123215 0.241159
122486 0.240529
122726 0.245524
122698 0.251963
122278 0.257576
122550 0.252169
123083 0.250925
123087 0.234687
123240 0.238487
122412 0.238685
123078 0.188437
123028 0.233265
122852 0.245774
122331 0.266667
122714 0.231557
122341 0.24422
123084 0.23981
122411 0.241824
122443 0.249744
122440 0.250619
123056 0.246964
122787 0.223864
123223 0.238864
123165 0.256906
123065 0.247076
122510 0.251814
122452 0.259331
122741 0.245553
122510 0.247497
123259 0.241389
122823 0.243478
122799 0.247812
122489 0.258999
122606 0.238566
122657 0.239234
123169 0.26788
122493 0.246853
123201 0.228786
122488 0.238242
122462 0.250432
123052 0.238625
122652 0.250676
123281 0.235294
122868 0.228305
122844 0.249402
123038 0.242643
122676 0.235809
123049 0.241617
122281 0.216749
123280 0.225663
122695 0.224344
122874 0.228403
123223 0.243075
122488 0.23302
122860 0.23934
122870 0.233819
123058 0.23607
123085 0.237675
122505 0.244939
122618 0.241962
122559 0.235976
122689 0.23641
122273 0.246647
122711 0.229609
122721 0.239362
122356 0.234401
122770 0.23876
122292 0.250329
122493 0.25539
122871 0.254714
122625 0.22752
122880 0.242389
122739 0.23922
122452 0.238935
122277 0.246358
122824 0.250535
123088 0.242644
122307 0.237516
122466 0.249254
122365 0.244722
122747 0.240542
122440 0.238062
122869 0.237417
122410 0.240792
122556 0.228261
122783 0.230035
122641 0.232438
122754 0.240794
122696 0.241442
122623 0.236662
123084 0.238636
123302 0.262222
123262 0.244938
122728 0.249652
122519 0.215385
122988 0.242284
122841 0.256799
122480 0.241363
122608 0.243064
122603 0.240564
122593 0.252308
123013 0.320988
123036 0.237667
122641 0.242011
123238 0.231688
122605 0.2264
123251 0.23088
122675 0.234049
122772 0.244444
122804 0.252358
122803 0.246355
123269 0.254524
123085 0.244642
122690 0.226269
122767 0.232733
123277 0.250373
123025 0.237794
122473 0.233376
122579 0.267829
122608 0.237407
123068 0.246395
122424 0.254845
122701 0.235061
123026 0.238427
122289 0.219785
123065 0.235987
122264 0.258212
122579 0.234528
122540 0.239421
122369 0.22367
122712 0.237698
123211 0.235662
122298 0.224229
122562 0.242167
122596 0.253607
122315 0.248282
122727 0.237526
122492 0.223642
122274 0.240042
123164 0.233945
122449 0.251321
122846 0.236441
122511 0.253616
122561 0.254268
123300 0.237929
122632 0.222348
122366 0.237429
123264 0.248551
122705 0.242644
123261 0.237783
122535 0.24282
123041 0.241312
122487 0.246218
122449 0.223857
123300 0.233949
123083 0.252393
122511 0.231082
123018 0.243673
123202 0.220251
122496 0.234177
123011 0.24029
122548 0.25345
123260 0.250385
122500 0.239704
122810 0.245742
122746 0.236123
123248 0.238558
122520 0.245473
122571 0.252833
122603 0.238332
122433 0.244632
122291 0.25464
122246 0.24075
123213 0.230689
123027 0.23109
122740 0.254394
122654 0.244595
122356 0.242514
122832 0.240095
122366 0.233245
122754 0.235259
123243 0.225216
123090 0.245224
122796 0.230825
122713 0.25137
122829 0.264921
123083 0.233398
122641 0.237496
122360 0.243683
123167 0.232071
123267 0.249916
122485 0.248538
122345 0.312
122294 0.242376
122345 0.252252
122739 0.23775
122640 0.223913
122799 0.253632
123052 0.238771
122863 0.232905
123164 0.246291
122642 0.241224
122783 0.238427
122321 0.229314
122993 0.238137
123281 0.245213
123049 0.238503
122589 0.233258
122734 0.229689
122545 0.222154
122749 0.249173
122602 0.245546
122473 0.243676
123175 0.24329
123261 0.23799
122313 0.239766
122833 0.230654
123025 0.234978
122827 0.243541
122708 0.228505
122838 0.236883
123083 0.241
122672 0.251008
123200 0.232198
122616 0.246144
122642 0.234018
123097 0.249412
123274 0.244738
122769 0.221936
122434 0.256667
122551 0.235859
122630 0.251274
123258 0.233264
122455 0.249482
122253 0.23912
123264 0.234895
123026 0.241482
123063 0.246401
122730 0.238019
122657 0.225861
122712 0.229811
122620 0.226751
122521 0.251852
122833 0.223167
122786 0.224619
123036 0.239513
122701 0.24504
122766 0.235739
122251 0.244898
123269 0.242891
122415 0.236178
123294 0.227556
122468 0.234186
123093 0.217707
123039 0.248876
122628 0.247934
122473 0.238613
122712 0.241702
123210 0.220307
122439 0.226974
122433 0.228155
123268 0.229574
122480 0.244722
122593 0.243564
123259 0.235242
122287 0.243841
122809 0.248231
122871 0.25222
122779 0.24936
122427 0.261834
123048 0.238641
122602 0.222496
122410 0.254946
122673 0.239833
122751 0.239935
122538 0.240996
122526 0.248087
122823 0.239237
122711 0.243767
122769 0.234561
122249 0.246848
122557 0.258145
122314 0.245367
122874 0.255059
123295 0.240516
122699 0.242099
123035 0.22
122815 0.24313
123206 0.228934
122443 0.24504
122722 0.24092
122273 0.23074
122677 0.237074
122824 0.235955
122306 0.252042
123164 0.261563
122281 0.249117
122800 0.228806
123250 0.228015
122801 0.242035
122575 0.248948
123055 0.252916
122276 0.235821
122538 0.23736
122813 0.229787
122766 0.233277
122797 0.257094
122501 0.243733
122602 0.234644
122486 0.2304
123260 0.225923
122812 0.225839
122657 0.237908
122323 0.234255
122564 0.236645
122575 0.23843
122571 0.231976
123084 0.231611
123304 0.233161
122674 0.236145
122768 0.261035
122698 0.239645
123233 0.22462
123164 0.222052
122685 0.240021
122563 0.252551
122640 0.232584
123089 0.24402
122350 0.254705
122306 0.24247
122434 0.240741
123175 0.233949
122842 0.234818
122740 0.256915
122500 0.250372
122829 0.229368
123055 0.227378
123062 0.232551
122354 0.22747
123252 0.237387
122990 0.273504
122734 0.244701
122699 0.229386
123166 0.268587
123224 0.246321
123022 0.235855
122326 0.24437
122556 0.226248
123168 0.23557
122873 0.240056
122743 0.23779
122429 0.25
122369 0.253363
122310 0.234916
123275 0.24199
122360 0.233601
122652 0.241583
123248 0.237911
123229 0.227589
123264 0.238953
122827 0.240986
122263 0.244131
122679 0.24162
122705 0.236635
123224 0.238853
122995 0.231572
122815 0.234902
122626 0.249519
122536 0.222461
122634 0.228128
122749 0.243629
122841 0.229632
123063 0.23855
122247 0.234635
123039 0.239651
122468 0.233177
122275 0.214973
122574 0.224355
122550 0.237521
123227 0.257134
122873 0.231018
122710 0.265227
123041 0.231447
122586 0.226007
122990 0.220779
122626 0.242295
122619 0.236516
122838 0.223881
123060 0.22576
123101 0.231898
122674 0.238347
122990 0.191336
122613 0.231735
123240 0.242857
122462 0.221269
122585 0.247563
122277 0.232394
122525 0.238015
122665 0.236128
122278 0.231087
122357 0.230428
122735 0.244064
123020 0.252881
122800 0.25412
122809 0.23859
122998 0.240849
122710 0.224242
122729 0.246325
122339 0.229592
122508 0.243406
123202 0.259809
123043 0.2304
122618 0.24252
122676 0.232529
123300 0.22461
122336 0.20739
122485 0.250364
122252 0.222222
122263 0.211401
122783 0.229873
122858 0.23116
122468 0.240717
122321 0.240313
122967 0.238364
122796 0.242356
122536 0.243432
123013 0.244186
123014 0.32
122831 0.240556
123021 0.223565
122986 0.231429
122799 0.246148
122845 0.244315
123256 0.238339
122996 0.236948
122642 0.239761
122833 0.235962
122648 0.255732
123084 0.22445
122803 0.231383
123293 0.247276
122613 0.234595
122251 0.223336
122569 0.246038
122743 0.22976
122573 0.242424
123027 0.253593
122496 0.232811
122294 0.240446
122802 0.250905
123201 0.229305
122735 0.249383
122575 0.250892
123207 0.237415
122692 0.240594
122629 0.24039
123250 0.239497
123240 0.236417
122319 0.238251
123044 0.239936
123238 0.235795
123074 0.249663
122777 0.244965
122603 0.242448
122432 0.24936
122298 0.243523
123304 0.231047
122351 0.239165
122801 0.224666
122604 0.234899
122414 0.251468
122289 0.238621
122551 0.238822
122713 0.230989
122449 0.222045
122288 0.245161
122245 0.228571
122356 0.254116
122658 0.266721
122466 0.233208
123251 0.242174
122634 0.240625
122618 0.257924
122576 0.259921
122342 0.278656
122321 0.232565
122562 0.235221
122352 0.240642
122366 0.238743
122246 0.249224
123067 0.236536
122309 0.236318
123229 0.24254
122778 0.235135
122291 0.254613
122480 0.246291
122721 0.245431
123237 0.234027
123056 0.242395
122797 0.240216
122830 0.238759
122649 0.243053
123215 0.247458
123097 0.233192
122677 0.227301
122654 0.240443
122741 0.234043
122684 0.244152
122310 0.234929
122880 0.244288
122426 0.236624
123012 0.264672
122291 0.238944
122319 0.239303
122570 0.244676
122676 0.237241
122461 0.241735
123088 0.24408
122990 0.271903
122443 0.252317
122538 0.234877
122770 0.22848
123084 0.242325
122366 0.230846
122776 0.241655
122614 0.250456
123168 0.226272
123264 0.241118
122606 0.246753
122577 0.254368
123251 0.234682
123302 0.24307
122698 0.240506
122773 0.225043
122488 0.249524
122733 0.240741
122263 0.276543
122560 0.256129
122741 0.258566
122274 0.23913
122557 0.241379
123197 0.228629
122686 0.269972
122967 0.243386
122831 0.246588
122418 0.255385
122443 0.244528
122677 0.237741
123274 0.237402
122619 0.237323
122317 0.235465
122336 0.236211
122549 0.237604
122273 0.249908
122450 0.232247
122525 0.236318
123238 0.234815
122366 0.230274
123272 0.245625
123091 0.249282
122342 0.217131
122245 0.220718
122365 0.224652
123027 0.24666
122593 0.249428
122856 0.229426
122555 0.242952
123093 0.24129
123176 0.211176
123018 0.249367
122253 0.255539
122542 0.264648
122510 0.241308
122537 0.246347
123035 0.225501
122296 0.237042
123303 0.239506
122563 0.249665
122319 0.238994
122630 0.240906
122736 0.246761
122312 0.24124
122294 0.226131
123025 0.234731
122297 0.224143
122746 0.223492
122866 0.238231
122815 0.242757
123295 0.23654
123078 0.26383
122453 0.227258
122508 0.239407
122563 0.243314
122297 0.241328
122802 0.252168
123237 0.21804
122455 0.230103
122661 0.245755
122641 0.2465
123250 0.230597
122816 0.250369
122312 0.24109
122288 0.247599
123056 0.21527
122826 0.232601
122599 0.244592
122647 0.241793
122416 0.234674
123025 0.23614
123058 0.251512
122285 0.232474
122439 0.279096
122610 0.241341
123218 0.239379
122539 0.230613
122781 0.236651
122843 0.242832
123269 0.252287
122300 0.249611
122432 0.24483
122804 0.25525
122772 0.225767
122683 0.226
123205 0.248067
123218 0.25717
122345 0.285714
123225 0.229154
123219 0.236913
123088 0.228475
123204 0.240324
122616 0.237519
122845 0.24573
123251 0.242813
122545 0.239348
122766 0.23935
123101 0.235858
122272 0.234059
122462 0.260035
122541 0.25072
122423 0.230659
122292 0.237705
122846 0.228865
122594 0.24186
122414 0.242487
123210 0.183406
122693 0.244671
122287 0.233813
122852 0.241379
122682 0.233097
123090 0.240621
122291 0.239969
122999 0.233992
122587 0.251839
123233 0.240803
122856 0.254902
123256 0.247962
123093 0.239416
122484 0.240911
122285 0.239493
122501 0.244251
123001 0.252796
122322 0.247972
122640 0.230895
122519 0.242489
122539 0.223725
122736 0.225381
122874 0.241681
122852 0.243478
122845 0.247358
122415 0.213951
122409 0.251208
122809 0.225029
122833 0.232047
123024 0.241379
122863 0.244989
123078 0.234568
122297 0.234687
123201 0.249417
123093 0.220484
122632 0.253086
122610 0.244723
122341 0.230878
122344 0.2375
122796 0.233829
122415 0.245562
122268 0.220693
122502 0.233132
122353 0.5
123256 0.250079
123281 0.25135
122733 0.255697
122772 0.23143
122808 0.261111
122559 0.225882
123041 0.246111
122448 0.232016
122613 0.249158
122557 0.23346
123038 0.244315
122249 0.227397
122823 0.23156
123219 0.243064
122665 0.23583
122751 0.233333
123268 0.249767
122347 0.239411
122433 0.239425
122835 0.248549
122685 0.241944
122365 0.267276
123225 0.244097
123202 0.271335
122301 0.242846
123178 0.263069
122731 0.22552
122422 0.226429
122721 0.248677
123038 0.233044
123043 0.23666
122647 0.229687
122615 0.245916
122684 0.234322
122620 0.235689
122699 0.256025
122710 0.232343
123293 0.238566
122549 0.233569
123243 0.248746
122339 0.25266
122247 0.238003
122846 0.238338
122285 0.226613
122590 0.233053
122289 0.255636
122796 0.251852
123170 0.24938
122263 0.244332
123019 0.24359
123206 0.241672
123275 0.239891
122416 0.237403
122574 0.242357
123077 0.239766
122812 0.242763
123226 0.244077
122503 0.233058
122728 0.232526
123245 0.248596
123067 0.242792
122820 0.238487
122577 0.227875
122769 0.242597
122307 0.241144
122508 0.240444
122363 0.240335
122272 0.241554
122322 0.23518
122452 0.23859
122879 0.245466
122562 0.237321
122251 0.220674
122351 0.265802
122874 0.249785
122746 0.248904
122689 0.216149
123193 0.232254
122463 0.234888
122797 0.264031
122317 0.227618
122820 0.232523
123201 0.245833
122786 0.257597
122753 0.239117
122686 0.241713
123245 0.245652
122631 0.233143
123091 0.234428
122272 0.21811
122351 0.195893
123020 0.252914
122626 0.236186
123052 0.219061
122743 0.21943
123293 0.237921
123204 0.24878
123226 0.232923
122287 0.236195
122347 0.246575
122574 0.238462
122498 0.244824
122331 0.188356
122827 0.235077
122870 0.229698
122301 0.239187
123070 0.230222
122634 0.21157
122667 0.248048
123196 0.227787
122350 0.239529
122870 0.252336
122647 0.239274
122615 0.226137
123267 0.242312
122247 0.229307
122538 0.25
122429 0.228019
122520 0.252363
122561 0.254534
122700 0.240687
122525 0.234884
122452 0.228643
122411 0.252374
122455 0.242283
122326 0.241004
123085 0.238462
123258 0.237585
123290 0.272956
122428 0.23273
122306 0.239653
122430 0.232621
122996 0.238592
122535 0.229091
122808 0.256367
122846 0.233973
122841 0.235667
122430 0.247402
122739 0.247863
123019 0.246601
122812 0.254968
123219 0.235208
122312 0.246476
122789 0.251387
122427 0.235569
122737 0.243243
122278 0.23058
122824 0.22868
122280 0.238559
122798 0.24682
122700 0.233435
122587 0.240034
122829 0.230201
123054 0.247228
123270 0.247687
122596 0.224479
123304 0.227612
122776 0.231001
122863 0.243286
122728 0.224658
123224 0.237946
122986 0.228228
122752 0.23883
122280 0.249841
122293 0.246592
123205 0.235469
123285 0.239849
122420 0.235664
122673 0.235677
122313 0.241087
122810 0.250546
123091 0.245784
122676 0.234703
122803 0.229521
122493 0.237902
122489 0.253806
122468 0.232793
122676 0.240064
123013 0.225
122562 0.244308
122317 0.247922
123281 0.2546
123304 0.24186
122298 0.24347
123204 0.226348
122455 0.235887
122879 0.246793
122473 0.236856
122293 0.247856
122503 0.237796
122672 0.231707
122738 0.240964
122331 0.223077
122454 0.23255
122551 0.236621
123068 0.242015
123225 0.247496
123077 0.251337
122823 0.234421
122835 0.240685
123294 0.241056
122729 0.235197
122804 0.249527
122830 0.221951
122507 0.246532
122449 0.233333
123089 0.23488
122845 0.240627
123193 0.241999
122319 0.24175
122540 0.248272
122703 0.243832
122800 0.223575
122573 0.234977
122631 0.220253
123011 0.236166
122879 0.246903
123014 0.218182
122576 0.250883
122269 0.241365
122424 0.244662
122579 0.246246
123051 0.238379
122643 0.251339
122471 0.236578
122789 0.236477
122572 0.249182
122842 0.235607
122650 0.234928
122731 0.239529
123226 0.236886
122418 0.235391
122437 0.235849
122773 0.222351
123041 0.23905
122527 0.229575
122307 0.241639
122737 0.231435
122746 0.235261
122342 0.22069
123197 0.237624
122301 0.252884
123262 0.243417
122463 0.241935
122855 0.236072
122642 0.237427
123196 0.247385
123278 0.24174
122650 0.248252
122505 0.230692
123052 0.246664
122485 0.256484
122502 0.23137
122615 0.240529
123281 0.235266
123206 0.233374
122693 0.247529
123036 0.239123
123012 0.23093
122571 0.239046
122345 0.25
122625 0.227575
122463 0.23122
122579 0.236131
122773 0.252978
123227 0.242349
122653 0.23885
123262 0.246386
122569 0.237301
123205 0.23049
122500 0.238692
122860 0.239265
122500 0.247885
122824 0.236358
123058 0.23542
122769 0.252981
122589 0.234331
123226 0.246111
123021 0.249249
122803 0.24981
122744 0.239467
122673 0.248479
122821 0.245141
122245 0.224832
122987 0.280973
122453 0.234944
122745 0.236458
123211 0.264556
122277 0.229864
122830 0.240673
122681 0.240686
122628 0.249659
123301 0.235278
122492 0.21978
122309 0.241563
123198 0.236138
122825 0.239976
123050 0.231944
122453 0.24566
122752 0.244053
122536 0.239437
122594 0.239476
123087 0.221374
122614 0.243586
123039 0.240456
122696 0.239812
122626 0.256769
123201 0.228856
122264 0.233723
122842 0.234306
122727 0.234575
123215 0.242274
122721 0.218935
122505 0.236346
122273 0.231945
122579 0.252492
122599 0.247458
122608 0.240705
122418 0.23067
123077 0.222841
123213 0.240786
122454 0.253777
122461 0.252655
122740 0.242145
122486 0.242225
122847 0.237841
122652 0.239946
122410 0.241608
122587 0.244872
122576 0.225681
122422 0.232926
122687 0.236669
122493 0.242844
122369 0.259494
123029 0.239825
123042 0.239551
123012 0.250282
123081 0.27116
122735 0.227342
122415 0.236248
123252 0.243974
123029 0.246484
123303 0.241667
122480 0.24783
123068 0.247738
122449 0.202853
122473 0.245057
122599 0.25124
122283 0.245348
122575 0.238186
122525 0.217691
123274 0.240424
123042 0.246042
122429 0.235849
122414 0.246589
122536 0.234209
122846 0.241944
123020 0.24665
122514 0.23349
123054 0.236452
122751 0.243074
122702 0.254484
122418 0.241893
122272 0.248204
122253 0.242636
122323 0.249859
122353 0.266667
123165 0.261708
122330 0.233659
123062 0.236993
122704 0.246326
123040 0.242826
123259 0.244589
122286 0.233475
123074 0.251381
122264 0.239077
122819 0.243134
122537 0.238679
122484 0.24206
122487 0.240054
122752 0.244805
123261 0.240246
122437 0.230366
122573 0.239233
123169 0.25
122279 0.25
123078 0.251641
122555 0.230252
122870 0.240232
122819 0.231975
123259 0.241429
123166 0.24527
122577 0.225772
123213 0.233968
123193 0.235844
122682 0.241349
122695 0.239214
122246 0.228041
122990 0.278846
122626 0.241455
122409 0.237774
122777 0.23051
122691 0.248889
123087 0.238394
122277 0.25985
123034 0.262918
122469 0.244531
122691 0.243964
122783 0.241844
122425 0.255046
122704 0.237342
123028 0.24786
122711 0.240028
122577 0.249609
122998 0.238872
122673 0.23305
123168 0.222853
122570 0.257312
123062 0.240762
122631 0.253399
123279 0.227823
122351 0.243506
122497 0.235371
122353 0.4375
122701 0.24896
122640 0.219957
122526 0.233622
123196 0.233859
122273 0.239083
122524 0.249532
122585 0.241235
122804 0.249808
122727 0.234448
123011 0.247334
122309 0.23261
122521 0.227024
122691 0.236683
122652 0.241379
122471 0.245828
122776 0.249118
123044 0.236689
122702 0.238724
122634 0.234959
122730 0.232726
122808 0.253704
122461 0.251131
122831 0.238859
123048 0.238566
122728 0.263422
122789 0.24471
122426 0.25195
122586 0.233526
122650 0.245492
122365 0.248289
122315 0.237601
122464 0.233598
122810 0.24424
122696 0.236158
122492 0.235355
122862 0.236035
122746 0.251569
122527 0.222429
122548 0.248301
122275 0.234222
123197 0.257327
122440 0.25176
122509 0.223085
122730 0.233019
122737 0.23638
122838 0.223088
123270 0.236682
123272 0.243666
123035 0.239748
122541 0.228809
122673 0.254684
123011 0.229903
122753 0.235649
123280 0.234295
122736 0.246335
122879 0.240538
122519 0.251509
122596 0.241636
122472 0.236006
122657 0.228311
122623 0.240343
122247 0.229836
122679 0.25
122463 0.249454
122703 0.234807
122675 0.247942
122649 0.239117
123270 0.258357
122661 0.237255
122339 0.237354
122801 0.245973
122858 0.242612
123206 0.249922
123065 0.242986
122420 0.245321
122313 0.253405
122785 0.246518
122497 0.230328
122832 0.230747
123260 0.250079
122447 0.25
122412 0.255379
122625 0.231323
122508 0.237073
123193 0.238095
122722 0.259
122352 0.241379
122604 0.233813
122779 0.227987
123267 0.248336
122599 0.229299
122589 0.247926
122573 0.246514
122808 0.271186
122411 0.237793
122813 0.24657
123238 0.248062
122703 0.221739
122437 0.226221
122423 0.258468
122434 0.237952
122827 0.24937
122869 0.234069
122514 0.24479
122852 0.235654
122684 0.235381
122249 0.214678
122440 0.22512
122492 0.246531
123293 0.240429
122501 0.233756
122561 0.25599
123022 0.241791
122780 0.250627
122310 0.23554
122489 0.236095
122615 0.237313
122770 0.232152
122536 0.25655
123024 0.2409
122650 0.243322
122298 0.235721
122988 0.25723
122527 0.232403
122780 0.244444
123172 0.225599
123016 0.251976
122445 0.238017
122559 0.236811
122305 0.231306
122288 0.234592
122830 0.234808
122754 0.247768
122859 0.242096
122539 0.233654
122568 0.2375
123066 0.235039
122647 0.236088
122658 0.246002
123278 0.247437
122445 0.23081
122812 0.233739
122648 0.227623
122526 0.225868
123279 0.246579
122455 0.238372
122648 0.228538
122331 0.264706
123207 0.253033
123205 0.241422
122489 0.23568
122700 0.243201
122768 0.239046
122589 0.246097
123168 0.259767
123170 0.232829
122751 0.227624
123227 0.24962
122269 0.227761
122466 0.242243
122574 0.232161
122510 0.243349
122300 0.231139
122537 0.24859
122455 0.230053
123063 0.239119
122693 0.23947
122540 0.215113
122798 0.241219
122425 0.231327
122767 0.254489
122674 0.234004
122363 0.253883
122467 0.239363
122643 0.2395
122853 0.244657
123048 0.250281
122647 0.2723
122519 0.24821
122631 0.25875
122283 0.239469
122593 0.232653
122556 0.248792
122630 0.237609
122729 0.2596
123198 0.226318
122247 0.24
122675 0.237828
122300 0.25
122551 0.261073
122995 0.245112
122722 0.218188
122695 0.255513
122820 0.232889
122787 0.255814
122735 0.234804
122461 0.24213
122452 0.241987
123204 0.24141
122995 0.228283
122816 0.227993
122360 0.229933
122252 0.244406
123227 0.242388
122753 0.237786
123048 0.250095
122256 0.229407
122541 0.23665
122823 0.25332
122548 0.243462
122493 0.247506
122632 0.238854
122649 0.246542
122281 0.267677
122256 0.255353
122729 0.246758
122331 0.175781
122813 0.244286
122967 0.255144
122650 0.228007
122787 0.24055
122564 0.251779
122619 0.242667
122684 0.251882
122714 0.250527
123210 0.248521
122673 0.2437
123272 0.223379
122832 0.247622
123293 0.241317
123066 0.235766
123059 0.221622
123285 0.247844
122354 0.241333
122572 0.242536
123065 0.23466
122423 0.239726
122568 0.231324
123211 0.247508
122263 0.222222
122785 0.23185
123218 0.255115
122755 0.252848
122297 0.23789
122653 0.236743
123279 0.241153
123275 0.23915
122702 0.230233
122643 0.242403
122843 0.241431
123270 0.226454
122733 0.245763
122858 0.229027
122275 0.258847
122996 0.252577
122856 0.203747
122287 0.240506
123089 0.23992
122276 0.242982
122778 0.23714
123042 0.23872
123202 0.228195
122410 0.253946
122369 0.232923
123029 0.236869
122500 0.241354
122484 0.243359
123175 0.242087
122804 0.254257
123050 0.229404
122743 0.232071
122816 0.235894
122349 0.235294
122434 0.231029
122314 0.248206
122711 0.237782
122629 0.243149
122247 0.246178
123227 0.240941
122879 0.245963
123013 0.230769
123070 0.251244
123040 0.232775
123213 0.242113
122500 0.25261
122993 0.261353
123041 0.22879
123051 0.233055
123166 0.261429
122454 0.250174
122443 0.247987
123055 0.241506
122731 0.235193
122767 0.217935
122593 0.256539
122424 0.237331
122593 0.253093
122726 0.237615
122520 0.243009
122996 0.253433
123051 0.242728
123036 0.222443
122590 0.240201
123258 0.248557
122563 0.252632
123044 0.229251
123063 0.242177
122280 0.238593
122450 0.245751
123054 0.251751
122549 0.236272
122986 0.25
122252 0.251237
123024 0.231854
122770 0.234316
122691 0.225271
122825 0.24246
122511 0.232543
123205 0.241462
123253 0.235844
123020 0.248655
122853 0.230999
122745 0.238487
122815 0.243041
123245 0.221257
122468 0.234769
122542 0.246067
122632 0.267576
122536 0.232787
122276 0.237288
122511 0.240949
122291 0.244561
123167 0.250862
123266 0.242092
122777 0.25567
122714 0.260444
122684 0.232914
122685 0.257017
122843 0.23788
122448 0.240796
123224 0.251317
122272 0.24062
122309 0.252383
122511 0.237458
122873 0.24375
122986 0.247734
122781 0.235777
122256 0.220588
122768 0.246988
122535 0.251872
122745 0.243089
122574 0.239687
123085 0.232099
123178 0.220211
123170 0.235294
122826 0.234659
123022 0.23745
122632 0.242105
122278 0.227034
122296 0.246458
122480 0.236649
122454 0.247038
122993 0.238961
122826 0.239319
122360 0.238703
122503 0.248519
123238 0.232137
122808 0.224528
122785 0.23466
123224 0.239965
122800 0.236038
122735 0.237582
122661 0.238356
122643 0.246029
122551 0.221439
122462 0.253731
122879 0.237843
122313 0.244332
122448 0.245964
123059 0.24519
123077 0.243323
123035 0.213065
123169 0.247826
122314 0.243216
122469 0.25437
122422 0.247887
123251 0.240354
122412 0.23688
123302 0.222222
123261 0.23858
122661 0.247535
122306 0.24356
122629 0.233125
122599 0.25124
123269 0.243961
123301 0.249188
122413 0.228525
122416 0.252197
122702 0.262038
122741 0.23469
122687 0.239458
123019 0.253535
122287 0.236415
123266 0.235492
122853 0.229544
122414 0.229059
122712 0.222316
122472 0.238911
122657 0.240418
123215 0.240718
122579 0.229199
122708 0.24359
122538 0.235919
122745 0.23712
122686 0.245455
123277 0.255653
122701 0.24115
122778 0.221439
122780 0.257541
122631 0.221228
122568 0.226537
123089 0.246801
123018 0.239279
122821 0.25042
122755 0.227378
122773 0.227483
122594 0.236138
123200 0.253333
123248 0.236967
123218 0.230341
122560 0.223529
122310 0.243603
122252 0.251111
122702 0.227223
122555 0.22187
122409 0.273167
122785 0.240826
122805 0.240303
122422 0.244429
122672 0.233385
122683 0.236322
122433 0.25098
122705 0.237209
122485 0.243319
123012 0.236186
122799 0.219753
122472 0.25268
122786 0.233397
122416 0.221381
122323 0.234553
123193 0.214366
123039 0.238896
123077 0.272727
123078 0.231884
122675 0.244215
122505 0.236735
122696 0.254532
122801 0.245874
122692 0.225764
122665 0.234754
123036 0.228675
122497 0.245116
122690 0.23877
122411 0.249874
122602 0.233645
122798 0.247903
122269 0.243174
122298 0.236019
122880 0.223333
123074 0.221751
122305 0.272894
122573 0.238842
122643 0.238163
122614 0.249113
122564 0.260054
122780 0.220844
122300 0.253827
122682 0.24214
123018 0.241915
122278 0.230352
123034 0.260241
123091 0.249001
123020 0.239759
122646 0.256074
122556 0.241935
122268 0.239952
122691 0.231989
122410 0.235029
123166 0.232622
122747 0.236364
122616 0.242544
122426 0.245392
122575 0.249854
122551 0.249082
122813 0.259029
122509 0.239894
122605 0.233346
122737 0.24761
122652 0.253124
122642 0.244385
122681 0.242326
122847 0.249447
122497 0.238987
122787 0.218599
122289 0.233286
122843 0.245433
123243 0.241237
122853 0.251721
122414 0.221884
123229 0.223342
122604 0.247295
123198 0.247571
122967 0.240664
122293 0.234834
122351 0.235679
122467 0.244144
122787 0.246456
123226 0.236885
122856 0.245495
122746 0.234594
123041 0.242652
122317 0.238298
122330 0.24269
122526 0.25199
122749 0.22856
122344 0.210526
123285 0.232341
122781 0.224609
123025 0.250852
122686 0.242344
122626 0.248211
123275 0.234094
122526 0.239491
123054 0.239689
122703 0.247059
123167 0.246473
122252 0.247763
122819 0.243287
122766 0.243002
122615 0.236318
122755 0.240559
122424 0.25271
123165 0.219251
122967 0.252441
122658 0.22576
122286 0.247396
122683 0.229714
123274 0.235542
123026 0.232789
123011 0.248058
123302 0.210638
122825 0.240364
122698 0.247315
122430 0.253205
123205 0.245931
122596 0.247295
122339 0.249659
123081 0.224138
123023 0.228571
122471 0.229407
122623 0.237443
122615 0.236913
122613 0.24052
123074 0.237705
122562 0.241758
122714 0.263093
122711 0.242589
122623 0.252401
122798 0.240899
123066 0.237166
123268 0.252603
122705 0.227859
122345 0.230769
123081 0.244057
122462 0.256604
122577 0.249335
122629 0.243105
123301 0.239161
123218 0.242899
123019 0.234612
122563 0.241139
122869 0.246999
122647 0.247479
122832 0.233333
122863 0.246182
122739 0.231281
122427 0.230942
123302 0.223077
122341 0.236111
123225 0.242996
122590 0.241031
122425 0.235359
123175 0.243704
122352 0.290503
122729 0.243084
122413 0.23575
122587 0.241291
122498 0.241777
122252 0.26104
122466 0.234992
122289 0.236829
122492 0.248619
122657 0.236565
122634 0.250604
122437 0.239506
122693 0.230769
123225 0.247597
122330 0.236765
122860 0.244186
122781 0.240578
122736 0.249709
122847 0.237554
122787 0.23388
122996 0.211765
122349 0.214286
122646 0.256766
122426 0.241893
122471 0.240676
123248 0.234665
122631 0.235075
122412 0.237805
122797 0.242074
122336 0.245399
122365 0.223672
122870 0.229525
122847 0.23227
122734 0.245889
122322 0.229582
122703 0.253444
123029 0.249012
123040 0.238633
123204 0.232538
122550 0.245604
122988 0.271341
123013 0.224138
122572 0.23534
122498 0.243266
123280 0.228418
122586 0.24957
122508 0.232595
122502 0.240436
122300 0.23961
122269 0.252093
122862 0.252446
122347 0.233028
122521 0.238038
122835 0.244614
122691 0.244971
122429 0.256461
122780 0.22335
122776 0.234918
123166 0.24622
122695 0.237984
122487 0.247726
122618 0.234126
123040 0.239332
122354 0.238402
123088 0.246971
122606 0.256313
122274 0.255386
122498 0.245252
123262 0.239733
122815 0.239239
123268 0.24321
122564 0.240401
122412 0.244244
123028 0.240804
122610 0.23102
122486 0.23398
123176 0.257271
122356 0.24375
122275 0.230458
122550 0.243112
122779 0.217143
122816 0.231823
123168 0.212593
122279 0.215609
123029 0.246855
123243 0.241758
122347 0.266547
122453 0.232918
122733 0.247191
122322 0.248255
122813 0.2461
122728 0.231707
122317 0.197425
122305 0.247082
122665 0.241364
122434 0.228525
122465 0.247241
122556 0.235341
123259 0.237995
122286 0.234241
123280 0.232506
122542 0.247506
122798 0.245861
122712 0.245874
122740 0.247163
123058 0.243667
122360 0.242268
122815 0.240997
122701 0.240636
122336 0.253892
122749 0.247135
122471 0.233096
123209 0.246414
122831 0.247215
122313 0.240903
122730 0.237084
122708 0.223083
122276 0.242633
122452 0.23764
122326 0.257249
122739 0.234335
123016 0.237
122747 0.237545
122283 0.244832
122783 0.229187
122801 0.232499
123275 0.244967
122322 0.232699
122345 0.215517
122326 0.254531
122810 0.242044
122545 0.230251
122253 0.248128
122685 0.228296
122488 0.236935
122809 0.231667
122277 0.232178
123233 0.222313
123215 0.25127
123058 0.227507
122731 0.24562
122776 0.228863
122874 0.24867
122860 0.241507
122619 0.23734
122629 0.243726
122745 0.243492
123028 0.238095
122251 0.248899
123044 0.248802
123014 0.247706
122873 0.23191
122844 0.240561
122356 0.232548
122288 0.228649
122576 0.201195
122496 0.221778
122630 0.236867
122755 0.24637
122701 0.240166
122411 0.240456
123051 0.232434
122427 0.242083
122501 0.252632
123237 0.252959
122768 0.246283
122315 0.240049
122312 0.240159
123304 0.252507
122415 0.251022
122286 0.254421
123022 0.229263
122541 0.231451
122665 0.243087
122777 0.244703
123074 0.228647
122810 0.227981
122253 0.240526
122548 0.230006
122301 0.223966
122507 0.230625
123264 0.248305
123023 0.241699
122826 0.245052
122862 0.234043
122424 0.246288
122314 0.229712
122777 0.243916
123016 0.217294
123266 0.252463
122841 0.247876
122692 0.239288
122535 0.242981
122682 0.238311
122461 0.240708
122844 0.24032
122988 0.256223
122780 0.25
123083 0.243667
122686 0.208934
122658 0.241515
122674 0.235612
122869 0.226807
122772 0.263889
123048 0.231125
123049 0.237321
122649 0.239078
122608 0.242294
122350 0.223767
122521 0.234848
122344 0.26087
122830 0.246193
122735 0.237969
123016 0.230093
122314 0.227823
122309 0.250271
123038 0.23912
122802 0.236531
123021 0.240378
123028 0.229371
122555 0.251419
123085 0.238989
122586 0.251757
122274 0.232965
122608 0.237288
122281 0.248299
123021 0.240502
