112808 0.0041958
112534 0.00287191
112846 0.00405405
112359 0.00197368
113212 0.00167785
113127 0.00394477
112682 0.00506329
112878 0.00255319
112439 0.00362319
112500 0.004561
112914 0.00390244
113138 0.00381316
112849 0.00180099
112438 0.00733138
112998 0.00411805
112338 0
113171 0.00171821
112700 0.00484262
113038 0.000404531
112986 0.00486224
112857 0.00412139
112897 0.00472367
112622 0.00199402
113014 0.00444444
112831 0.0042508
112862 0.00268456
112863 0.00362976
113209 0.00106496
112924 0.00425203
112377 0.00251572
112840 0.00134228
112836 0.00179641
113051 0.00218103
112991 0.00517647
112875 0.00216606
112475 0.00545331
113042 0
112279 0.00633413
113097 0.00500911
112673 0.00329567
112922 0.00388916
112463 0.0036448
113161 0.00406321
113048 0
113009 0.00408905
112535 0.0019861
113010 0.00496454
113018 0.00328947
112988 0.00339271
112425 0.00340861
112851 0.00127796
112408 0.00925926
113197 0.00247437
113130 0.00765697
112861 0.00459851
112469 0.00132714
112427 0.0033381
112789 0
112866 0.00458069
112903 0.00391389
112996 0.00531444
112325 0.00359971
112531 0.0084666
113159 0.00364118
112997 0
113202 0
112642 0.00294659
113006 0.00228311
112640 0.00314837
113213 0.00607375
112920 0.00595238
112859 0.00302572
112281 0.0045977
112409 0.00509626
112668 0.00270514
112937 0.00528402
112835 0.00738397
112815 0.00395257
112763 0.00613497
112856 0.00143266
112802 0.00677507
112493 0.00312283
112662 0.00375657
112299 0.00134409
113036 0.00145349
112987 0.00378072
112510 0.000738007
112265 0.00339806
112542 0.000892061
112498 0.00892857
112366 0.00546448
112383 0.0021777
112666 0
112648 0.0026616
112799 0.00461184
112372 0.004
112686 0.00332779
112633 0.00890208
112466 0.00609261
112269 0.00504414
112883 0
112811 0.00222222
112681 0.00249169
112827 0.0028169
112348 0.00849858
112618 0.00149031
112369 0.00350631
112601 0.00291687
112415 0.00424929
112398 0.00229358
112496 0.0016225
112645 0.00220751
112805 0.00268097
113144 0.00416983
112538 0.00123305
112416 0.00544794
113172 0.00491159
112512 0.00501952
112781 0.002331
113178 0
112768 0.00255754
112373 0.00209205
113011 0.00387898
112483 0.00205339
112911 0.0113636
112445 0.00412088
112617 0.00410076
112803 0.00319744
112464 0.00342349
113109 0.00329354
112420 0.00305011
112775 0
113098 0.00353669
112830 0.00322971
112511 0.0045683
113086 0.00299401
112424 0.00343643
113137 0.00457746
112422 0.00307963
112655 0.00451671
112495 0.00465658
112982 0.00308914
113037 0.00589102
112838 0.00189215
112329 0.00491159
113069 0.00458716
112391 0.00242131
112321 0
112343 0.00340136
112544 0
113204 0
112444 0.00206469
112354 0.00237192
112295 0
113135 0.00279623
112615 0.00347625
112806 0.00442478
112525 0.00512821
113046 0
112764 0.00584795
113134 0.00350877
112669 0.00401427
112523 0.00543232
113065 0.00375536
112672 0.0017452
112399 0.00291886
113129 0.00461894
112381 0.00257566
112334 0.00328731
113056 0.00191388
113139 0
113045 0.00653595
112276 0.00473934
113088 0.00347222
112595 0.00815217
113070 0.00286123
112405 0.0041301
112351 0.0049403
112855 0.00367647
112702 0.005
112636 0.000762777
112432 0.00135379
112335 0.00235183
113148 0.00257898
112699 0.00364964
112910 0.00502092
112435 0.00796813
112687 0.00530973
112795 0
112393 0.00228833
112664 0.00201288
113155 0.00441989
112680 0.00428725
112543 0.00328407
112871 0.00460829
112916 0.00374707
112675 0.00520156
112646 0.00523169
112624 0.00170261
112791 0.00420168
112506 0.00341686
113035 0.0153257
112400 0.00382166
113145 0.00412655
112598 0.0041511
112688 0.00192555
112925 0.00240096
113211 0
112652 0.0032113
112656 0.00470367
112661 0.00377358
