121422 0.204225
121718 0.195385
121794 0.193574
121374 0.212121
122166 0.228986
121911 0.198851
121343 0.209945
121349 0.19708
121698 0.220681
121784 0.205924
121448 0.210091
121641 0.206009
121816 0.208127
121706 0.210815
121547 0.213245
121649 0.218362
121631 0.200943
121678 0.217391
121750 0.201642
121760 0.193676
121784 0.20678
121994 0.194313
121710 0.215422
121557 0.205314
121965 0.201094
121476 0.209877
121721 0.204494
121936 0.207871
121381 0.220441
122139 0.217666
122006 0.197139
121640 0.203139
121395 0.217085
122142 0.208857
121716 0.203271
122097 0.203222
121899 0.220418
122079 0.223647
121585 0.204282
121394 0.205626
121779 0.187013
121608 0.204753
121419 0.208431
121387 0.207361
122146 0.19369
121361 0.201699
121766 0.202886
121728 0.195289
121965 0.229255
121916 0.198842
121525 0.20122
121346 0.204947
121924 0.197248
121347 0.257732
121633 0.209826
121539 0.209256
121684 0.200573
121901 0.20229
121824 0.214519
121653 0.205104
121436 0.16649
122111 0.231395
121705 0.229032
122129 0.201761
121813 0.216257
121536 0.211255
121885 0.183585
121999 0.227637
122079 0.201999
121869 0.2
121936 0.214718
122138 0.196335
121843 0.207493
121623 0.2
122166 0.215227
121994 0.196319
122085 0.216783
121967 0.228571
121542 0.197411
122133 0.206037
121932 0.214504
121876 0.19521
121398 0.207685
121892 0.201158
121846 0.224532
121448 0.212887
121593 0.2107
122089 0.201691
121580 0.225806
122006 0.208255
121713 0.207547
121553 0.198227
121992 0.201822
121877 0.212291
121595 0.215863
121420 0.211785
121803 0.207299
121722 0.203493
121912 0.213615
122003 0.2145
121428 0.125683
121939 0.213457
121420 0.206255
121951 0.223819
121819 0.205
122071 0.201081
121454 0.218573
121897 0.196343
121792 0.21618
121399 0.220859
121527 0.206016
121944 0.19764
121722 0.207031
121362 0.188596
121527 0.202578
121568 0.201509
122124 0.211936
121752 0.19403
121590 0.16
121954 0.197619
121530 0.200939
121479 0.208647
121904 0.210234
121758 0.195829
121869 0.21692
121876 0.216402
121973 0.160976
121771 0.203598
121704 0.282787
121822 0.215385
121409 0.212305
121402 0.222527
121590 0.222798
121734 0.171355
121987 0.20462
122158 0.20614
121551 0.191383
122164 0.196828
121842 0.203971
121698 0.200524
121406 0.19752
122069 0.220211
121683 0.210793
121406 0.20318
121758 0.20241
121436 0.204265
121768 0.195559
121397 0.179236
121772 0.209707
122064 0.223333
121689 0.204259
121640 0.203259
121361 0.201357
121764 0.185969
121576 0.20332
122102 0.216299
122072 0.210056
122070 0.224401
121724 0.243572
121795 0.229055
121543 0.201102
121939 0.207254
121544 0.21582
122124 0.214797
121783 0.198964
121843 0.209979
121556 0.208826
121401 0.200993
121399 0.152866
121729 0.199568
122118 0.216186
121421 0.216645
121877 0.202247
121826 0.177007
121579 0.232804
121437 0.183163
121535 0.212848
121819 0.193717
121962 0.210473
121732 0.239819
121827 0.166667
121986 0.203343
121803 0.198661
121815 0.224719
122112 0.186267
121554 0.225144
121774 0.204444
121873 0.212121
121384 0.190476
121638 0.246512
121430 0.205298
121780 0.182243
121788 0.228856
121815 0.206897
121911 0.181716
121789 0.233818
121930 0.207562
121723 0.193226
121407 0.197544
122001 0.181319
122173 0.221284
121390 0.207373
121558 0.17928
122167 0.208835
121362 0.241935
121766 0.20922
121687 0.225806
122102 0.234424
121595 0.207469
122098 0.206215
121446 0.208138
122168 0.203312
121769 0.190981
121799 0.208333
121633 0.204995
121811 0.202381
121414 0.228571
121946 0.161616
121340 0.184466
122127 0.216981
122176 0.204464
121711 0.211221
121628 0.218029
121714 0.200969
122101 0.193422
121725 0.196957
121872 0.205426
122132 0.221818
121788 0.187925
122094 0.24968
121808 0.205514
121710 0.239659
122141 0.197122
122116 0.275064
121801 0.224736
121954 0.210526
121530 0.177403
121397 0.207565
121940 0.210822
121694 0.225781
121418 0.245989
122093 0.225543
122076 0.224401
122136 0.213364
122169 0.209467
121574 0.207661
122108 0.2
121751 0.207792
121707 0.201023
121868 0.241379
122172 0.211758
121458 0.212766
121582 0.233918
121624 0.189974
121379 0.206522
121548 0.193485
121626 0.202847
121950 0.200755
121391 0.187839
121375 0.202811
122093 0.220183
121989 0.19544
121875 0.208991
121339 0.162393
121972 0.207334
122158 0.273973
121785 0.218845
121748 0.211268
121906 0.23356
122101 0.224364
121753 0.204783
122092 0.198093
121553 0.205008
121949 0.198257
122134 0.158065
121914 0.246418
121339 0.212766
122154 0.172996
121400 0.21147
121902 0.198697
121924 0.225225
121799 0.175127
121656 0.221667
121544 0.209
121477 0.217742
121435 0.192146
121433 0.202605
122174 0.19475
121816 0.186667
121433 0.195862
121683 0.201695
121781 0.222649
121875 0.206024
121435 0.188406
121801 0.204633
121549 0.215631
121914 0.16
121748 0.188235
122139 0.217604
121552 0.184444
121442 0.184848
121952 0.17889
121534 0.19555
121649 0.197995
121932 0.207486
121579 0.208955
121767 0.187716
121684 0.230769
121716 0.201493
121402 0.218571
121398 0.229187
121432 0.216301
121928 0.195455
121975 0.208009
121559 0.210078
122080 0.183816
121975 0.211928
121480 0.21219
122168 0.214876
121714 0.244118
121706 0.204513
121754 0.207353
121969 0.186813
122176 0.19964
121429 0.190639
121474 0.205128
121713 0.203774
121416 0.232932
121902 0.239286
121771 0.216165
122094 0.209032
121636 0.18866
121753 0.223421
121943 0.223614
121944 0.207143
121953 0.215206
121890 0.211488
121844 0.20765
121754 0.186969
121812 0.222506
121973 0.188889
121872 0.173285
121764 0.197558
121916 0.197572
121905 0.202999
122174 0.227111
121409 0.173949
121718 0.205308
122156 0.18209
121456 0.215385
121434 0.21261
121534 0.21696
121540 0.206481
121396 0.209414
121585 0.213953
121847 0.204198
122132 0.214416
122133 0.211288
121554 0.196375
121459 0.206823
121539 0.217391
121567 0.217177
121449 0.222776
122152 0.186567
121588 0.226913
121727 0.22816
121874 0.178694
121593 0.210064
121989 0.215638
121426 0.195652
122143 0.205499
121414 0.209898
122172 0.206736
121814 0.2112
122170 0.212412
121608 0.233663
121918 0.258065
121432 0.197324
121727 0.19379
121992 0.192173
122159 0.198592
121995 0.208675
122129 0.1875
121715 0.227505
121842 0.199812
121966 0.191864
121424 0.148352
121844 0.208561
121626 0.234084
121708 0.202683
121943 0.219081
121421 0.19726
121426 0.18
121765 0.22449
121997 0.201887
121400 0.216463
122125 0.205621
122148 0.195918
122178 0.20233
121427 0.19943
121561 0.220887
121623 0.28
122142 0.186934
121967 0.185897
121551 0.193548
121687 0.190141
121387 0.208812
121970 0.207266
121948 0.210123
121348 0.206813
121903 0.209016
121370 0.222717
122118 0.200218
121969 0.189024
121963 0.232014
121581 0.207366
121523 0.201521
121563 0.213223
122178 0.22116
121379 0.202247
121545 0.2054
121636 0.198041
121639 0.227979
122148 0.208553
121545 0.224157
122091 0.222727
121638 0.19191
121650 0.194332
121811 0.2
121822 0.203378
122111 0.190998
121707 0.209715
122003 0.22898
121476 0.198795
121794 0.212418
121519 0.214839
121688 0.238474
121523 0.190773
121651 0.189613
121567 0.218303
122167 0.225263
121769 0.190418
121787 0.228907
121688 0.195008
121814 0.196784
122109 0.206897
121826 0.187956
121576 0.228355
121970 0.206102
121783 0.207726
122141 0.186246
122105 0.196293
121927 0.192029
122137 0.185338
122077 0.223288
121528 0.167539
121903 0.186755
121446 0.208398
122170 0.226573
121384 0.2019
121898 0.188137
121559 0.187395
121898 0.206084
121948 0.221138
121751 0.229299
121385 0.188588
121548 0.202857
122069 0.196486
121560 0.216
121887 0.19335
121391 0.203191
121401 0.208333
121901 0.216456
121528 0.205653
121592 0.211251
122089 0.216901
121951 0.216935
121917 0.202639
121427 0.191176
122160 0.21087
122064 0.222603
121531 0.207416
121540 0.204524
121592 0.19661
121905 0.22722
121543 0.235127
122112 0.181692
121442 0.164804
121531 0.210946
121624 0.196813
121725 0.21633
121841 0.173432
121390 0.220232
121565 0.201022
121767 0.205989
121344 0.21875
121940 0.214339
121651 0.203908
121870 0.20155
121375 0.197895
121800 0.204391
121884 0.169492
121974 0.224053
121408 0.219887
121556 0.195483
121628 0.200422
121474 0.208494
121574 0.185185
122116 0.201058
122066 0.219124
121382 0.166667
121708 0.206118
122083 0.223363
121968 0.195178
121774 0.221649
121915 0.223714
122153 0.201285
121459 0.23956
121378 0.182336
121756 0.219305
121395 0.213193
121884 0.238938
122173 0.213183
121999 0.213535
121347 0.183486
122143 0.203804
121370 0.202673
121609 0.205157
121581 0.179267
121723 0.203338
122071 0.216553
121588 0.225
122127 0.22792
121408 0.195911
121823 0.195286
122153 0.208181
121419 0.186147
121609 0.197572
121756 0.223881
121565 0.200743
121950 0.204318
121752 0.176471
121346 0.163265
122156 0.207483
121639 0.195122
122076 0.197383
121734 0.193103
121870 0.198971
121817 0.207078
121976 0.21764
121449 0.230769
122160 0.19378
121953 0.214031
121529 0.188406
122073 0.196447
121681 0.208054
121456 0.206499
121933 0.221324
121381 0.212029
122085 0.191074
121529 0.194286
121568 0.201597
122125 0.209724
121728 0.194401
121926 0.187432
121715 0.191323
121962 0.210526
121526 0.217287
121550 0.190476
121920 0.209781
121750 0.205939
121804 0.209393
121889 0.185142
121779 0.230137
121479 0.217791
121689 0.183153
121760 0.202479
122146 0.192825
121789 0.191271
121802 0.218818
121373 0.201102
121652 0.215974
121385 0.197507
121925 0.208854
121790 0.219917
121678 0.260563
121926 0.207701
121641 0.194805
121868 0.178808
121343 0.163636
121416 0.205545
122169 0.202002
121768 0.214646
121555 0.193548
121946 0.194539
122099 0.17619
121915 0.213379
121785 0.21902
122099 0.19582
121454 0.194511
121650 0.225313
122114 0.1983
121800 0.201487
121681 0.212462
121985 0.210487
122077 0.208392
121996 0.210068
121704 0.210526
122083 0.198675
121549 0.17521
121827 0.189394
122136 0.211146
121808 0.20362
121560 0.18595
121631 0.210138
121374 0.19823
122137 0.1841
121653 0.181391
122081 0.221525
121787 0.198142
121841 0.232472
121558 0.18963
121986 0.208361
121340 0.285
121874 0.229133
122105 0.211951
121873 0.260143
121846 0.19714
121705 0.214286
121890 0.193464
122114 0.162393
122092 0.201573
121974 0.190204
121899 0.207852
121437 0.211752
121418 0.176829
121652 0.216388
121425 0.210604
121976 0.208457
121968 0.20141
121441 0.230769
122123 0.219345
121887 0.229064
122072 0.196487
121933 0.222137
121929 0.209617
121525 0.217687
121373 0.207283
121348 0.18984
121966 0.198031
121365 0.218016
121563 0.223717
121920 0.168011
121963 0.232598
121428 0.215686
122164 0.190409
121477 0.190959
121378 0.200521
121344 0.191111
121429 0.228902
122152 0.217235
121422 0.20075
121997 0.180812
121637 0.210398
122073 0.19397
121369 0.229097
121555 0.202866
122138 0.202459
121847 0.196023
121889 0.235223
122109 0.2149
121724 0.204286
121480 0.219277
121820 0.195416
121952 0.204562
121569 0.197086
121637 0.20856
121721 0.205015
121778 0.207199
121694 0.205768
121985 0.209354
121536 0.208253
121526 0.21673
121802 0.197309
122117 0.215539
121732 0.215768
121519 0.188742
121582 0.245614
121561 0.212766
121817 0.18763
121557 0.187908
122001 0.21067
121795 0.216
121365 0.19878
121550 0.193517
122147 0.231608
121369 0.19244
122097 0.207022
121823 0.196066
121424 0.224719
121772 0.20057
121729 0.196772
122126 0.200442
121535 0.200387
121996 0.211446
122117 0.19237
121349 0.185142
121441 0.186047
121547 0.191406
121430 0.207373
121382 0.198276
121906 0.168122
121885 0.188698
121892 0.197644
121972 0.221688
121928 0.222382
121580 0.206299
121781 0.218182
121813 0.207273
121458 0.221101
122081 0.203556
122108 0.287582
122007 0.251497
121987 0.221841
121765 0.156069
122070 0.196617
121425 0.210606
121434 0.195352
121552 0.186858
122091 0.219447
122066 0.211538
121812 0.244851
121804 0.206
121407 0.216718
121711 0.218659
121396 0.191089
121394 0.208619
121790 0.238494
121792 0.227097
122074 0.230193
121656 0.195513
122007 0.281457
122134 0.162088
121912 0.19788
121930 0.207267
122154 0.179245
121778 0.197053
