111970 0.29372
111392 0.284872
111649 0.283833
111818 0.29196
111898 0.290634
111314 0.284945
111519 0.279906
111835 0.289855
111117 0.276558
111162 0.280321
111126 0.281019
111674 0.287404
112254 0.273369
112107 0.284335
111663 0.291954
111823 0.272519
111200 0.291566
111198 0.274891
111640 0.284986
110909 0.291869
110905 0.287968
111605 0.287754
110904 0.288404
111398 0.28786
111520 0.273885
111169 0.276458
111582 0.27027
111601 0.283147
112164 0.289683
110997 0.289216
111084 0.280994
110981 0.290906
111873 0.298851
111518 0.288331
112162 0.28613
111585 0.28074
111122 0.293639
111923 0.284184
111619 0.279676
112169 0.281903
111390 0.2852
110957 0.269896
111393 0.291889
111662 0.290279
111129 0.295802
111569 0.283506
111382 0.286861
111946 0.266154
112256 0.287208
110991 0.286311
111774 0.273801
111590 0.276842
111203 0.274605
111361 0.302289
112258 0.281245
111527 0.285343
111532 0.285172
111887 0.28678
112117 0.284503
111415 0.295024
112247 0.273555
111821 0.29547
111609 0.289794
111348 0.276692
112163 0.275643
111988 0.299522
111831 0.302524
111991 0.261917
110993 0.285192
110921 0.306101
111395 0.280206
111573 0.290323
111171 0.297325
110990 0.283571
111434 0.286329
111083 0.291925
112048 0.279273
112088 0.300777
112078 0.290725
111994 0.281591
111413 0.280377
111418 0.283453
111611 0.295779
111388 0.286374
110973 0.28865
111536 0.291878
112101 0.274786
111386 0.29066
111591 0.286979
111603 0.285714
111350 0.280739
111137 0.287037
111381 0.290652
111628 0.282438
111811 0.286108
111511 0.277431
111530 0.282003
111650 0.282369
111078 0.257373
111594 0.281621
111941 0.324121
110969 0.285498
111776 0.283951
111962 0.276701
112121 0.294646
111777 0.284412
112054 0.296662
111003 0.293275
111985 0.296319
110983 0.295298
112235 0.27879
110967 0.280845
112244 0.273062
111190 0.288889
111568 0.292145
111168 0.295428
111659 0.292862
111516 0.291167
111922 0.299125
110926 0.291563
111583 0.282445
111669 0.281013
111142 0.28948
111657 0.278913
111528 0.294749
111834 0.284297
111615 0.293121
111718 0.287345
112168 0.291113
111194 0.280691
112246 0.283563
110909 0.288142
110948 0.290985
111783 0.307882
111854 0.284259
112245 0.283814
111984 0.287852
111313 0.310744
112077 0.299395
110968 0.285624
111671 0.280291
111632 0.289023
110972 0.289483
112105 0.281459
111678 0.284489
111791 0.283432
111514 0.275951
112056 0.30031
111335 0.280466
110959 0.298273
110919 0.292066
111429 0.313866
111602 0.276438
111914 0.265265
112161 0.304851
111131 0.301619
111992 0.287234
111997 0.285851
112104 0.282557
111355 0.289746
111517 0.278515
111652 0.284219
111955 0.290161
111813 0.294413
111826 0.254931
112102 0.286272
111000 0.278164
111080 0.297628
111156 0.28896
111523 0.241811
110984 0.29798
112075 0.290293
111647 0.280535
112067 0.274635
111422 0.304398
112053 0.278202
110952 0.284553
110945 0.287202
111140 0.284632
112091 0.301395
111947 0.287132
112238 0.284698
111097 0.275901
111786 0.297807
111785 0.281838
110942 0.277271
111998 0.282436
110933 0.285895
111417 0.292212
111668 0.280353
112136 0.271694
111579 0.270701
111414 0.291848
110996 0.296296
111586 0.279301
110989 0.280952
111626 0.297449
111961 0.287708
111319 0.282723
110947 0.283092
111521 0.27915
111336 0.291023
111431 0.296422
111510 0.27106
110955 0.289928
111349 0.295569
111593 0.27665
111673 0.277422
111375 0.305
110927 0.292988
111629 0.289554
111872 0.273279
112236 0.288987
111727 0.297218
111850 0.269322
111950 0.285403
111910 0.281072
112126 0.289103
110985 0.278304
111566 0.284245
111983 0.283849
111120 0.279898
111607 0.297531
111920 0.283024
112061 0.28334
111320 0.284235
111170 0.274496
111790 0.277091
112255 0.281282
111334 0.292994
111091 0.295805
111837 0.28862
111524 0.296395
111942 0.272849
111351 0.287015
111362 0.286901
111082 0.284953
111357 0.276462
111624 0.283147
112167 0.278072
110960 0.281354
111614 0.292659
110992 0.283031
112080 0.283938
111660 0.3086
111672 0.283897
111581 0.277904
110954 0.278166
111119 0.286263
111303 0.289421
111972 0.291348
110986 0.272936
110943 0.284234
111195 0.277223
111578 0.2881
111643 0.282047
111424 0.281294
111138 0.286429
112099 0.2826
111529 0.308313
111584 0.275187
111589 0.280899
111782 0.290301
111157 0.287742
110912 0.301395
111116 0.289666
111315 0.281037
111123 0.291904
111681 0.282961
111202 0.270671
111664 0.279697
112050 0.29732
111973 0.283522
111085 0.299552
110920 0.285591
111144 0.283003
111957 0.291163
111159 0.292672
111383 0.282157
111396 0.28141
111913 0.292339
111731 0.295951
111400 0.276316
111199 0.266275
111433 0.291445
111193 0.288555
111596 0.291902
111967 0.291747
111921 0.297371
111163 0.264786
111132 0.294171
111604 0.287869
111376 0.288951
111391 0.271845
111612 0.277794
112114 0.265963
111412 0.280577
111817 0.283903
111897 0.261181
111886 0.282011
111081 0.294683
110929 0.281135
111929 0.297629
111799 0.312746
112115 0.288955
112074 0.289775
111560 0.275815
111667 0.284615
111959 0.286975
111158 0.284879
112085 0.285827
111616 0.276179
111531 0.278146
111522 0.29583
112093 0.278201
111121 0.285531
110940 0.278744
111548 0.279226
111073 0.287462
111329 0.294248
110927 0.294118
111606 0.280801
110999 0.283714
111563 0.286163
111167 0.287609
111128 0.298514
111622 0.284753
111197 0.299495
111164 0.288802
111369 0.28281
112069 0.286231
111570 0.288577
111654 0.274602
111995 0.292863
110978 0.292785
111888 0.280926
111875 0.292635
111554 0.276334
110979 0.281378
110951 0.279805
111551 0.284213
110956 0.293927
111333 0.295718
111572 0.284605
111095 0.278792
111842 0.280742
112257 0.282966
111587 0.283585
111836 0.300098
112123 0.292429
111809 0.262102
110982 0.296272
111562 0.289562
111559 0.281233
111367 0.286491
111630 0.286562
111394 0.282695
111996 0.291192
111600 0.294097
111201 0.290342
111588 0.289412
111882 0.262857
112237 0.280486
111403 0.274771
111661 0.276858
111553 0.279592
110944 0.284272
111907 0.277778
112249 0.282946
111965 0.292517
111956 0.292674
111571 0.300613
110963 0.292992
111575 0.304534
111969 0.2714
111564 0.286471
111547 0.289787
111143 0.279479
111864 0.295567
111618 0.286876
112118 0.283787
110914 0.29247
112248 0.293897
111653 0.293906
111948 0.277419
111533 0.27882
111155 0.282493
110971 0.289195
111780 0.283108
111644 0.287187
111363 0.280775
111635 0.265212
110928 0.28457
111958 0.277309
112090 0.285213
111641 0.279352
111172 0.282767
112143 0.294737
111620 0.282202
111096 0.285329
111364 0.282021
110970 0.273581
111680 0.277663
111925 0.278859
111928 0.291809
111423 0.28101
112009 0.299824
111368 0.279028
111819 0.289116
111990 0.267956
110976 0.280939
