121544 0.256069
121556 0.239883
121819 0.227139
121769 0.169492
121343 0.220657
121430 0.241322
121652 0.245077
122112 0.244579
121339 0.19186
122105 0.244867
121349 0.22087
121918 0.248627
121766 0.245997
122154 0.248629
121480 0.254046
121944 0.245409
121385 0.245387
121640 0.245977
121752 0.245696
121530 0.251393
121987 0.250677
122099 0.247693
121636 0.252834
121340 0.218241
121748 0.246795
122138 0.25266
121536 0.243943
121872 0.230808
122167 0.252237
121778 0.295775
121706 0.246653
121681 0.244941
121954 0.259404
121785 0.246485
121997 0.242276
121813 0.250469
121704 0.261905
122111 0.243653
122127 0.248434
121750 0.246819
121656 0.245103
122168 0.252168
121400 0.250836
121547 0.245802
122132 0.251701
121781 0.146667
121992 0.255764
121407 0.243351
121902 0.125
121446 0.242926
121557 0.262737
121421 0.251881
121711 0.240137
121721 0.253622
121441 0.213582
121802 0.260239
122173 0.251212
121688 0.250615
121920 0.247321
121555 0.242879
121817 0.257202
121873 0.246339
121780 0.28
122089 0.419355
121932 0.240438
122073 0.254956
122076 0.252055
122117 0.24818
122098 0.25082
122083 0.217391
121531 0.245617
121916 0.257434
121765 0.248927
121426 0.243635
122123 0.254875
121374 0.263039
121580 0.145833
121714 0.265591
121595 0.333333
121906 0.2
121476 0.258286
121569 0.238493
121969 0.227235
121362 0.268657
121649 0.242283
121925 0.25217
121970 0.250941
121477 0.249453
121631 0.256678
121843 0.248567
121713 0.25319
121951 0.247345
121972 0.248046
121458 0.248552
121927 0.250101
121394 0.24189
122152 0.254094
121375 0.239071
122108 0.235437
122001 0.251441
121420 0.244803
121698 0.254877
121474 0.249695
121760 0.246303
121637 0.247279
121929 0.253155
121753 0.246526
121904 0.211268
121722 0.252842
122125 0.254953
121608 0.277778
122070 0.226316
121419 0.255878
121568 0.237706
121549 0.242404
121915 0.272727
121801 0.259634
121436 0.244959
121687 0.245472
121940 0.249951
122174 0.243588
121965 0.252231
121408 0.255181
121808 0.252972
121976 0.250541
121592 0.236111
121390 0.246026
122129 0.242021
121816 0.246387
122141 0.250781
121898 0.252216
121373 0.272212
121689 0.247055
121732 0.253832
121804 0.244617
121728 0.24751
121899 0.245614
121774 0.263158
121567 0.246061
121795 0.245857
121962 0.253306
121402 0.251194
121950 0.252246
121558 0.247724
122158 0.255952
121535 0.252067
121365 0.263566
121826 0.251107
121823 0.254811
121650 0.253987
122159 0.249087
121877 0.247068
121911 0.333333
121948 0.247923
122136 0.247466
122102 0.248119
121399 0.25969
121523 0.247857
121876 0.245028
122170 0.255871
122116 0.247015
121378 0.24
121943 0.247949
121561 0.25068
121449 0.245677
122164 0.246257
121638 0.255146
121448 0.249224
121729 0.251258
121967 0.243243
121841 0.25156
121346 0.26158
122109 0.248781
121716 0.250106
121963 0.259205
121633 0.246586
122077 0.235809
122092 0.250833
121565 0.252199
121768 0.249912
122072 0.26278
121715 0.257915
121425 0.253272
121779 0.2
121946 0.26097
122093 0.239631
121887 0.258929
121391 0.231207
121409 0.254284
121526 0.255068
122156 0.250695
121579 0.166667
121553 0.255018
121554 0.252398
121540 0.247759
122169 0.255743
121824 0.25
121892 0.238614
121783 0.255317
122006 0.251547
121428 0.265873
121803 0.255731
121708 0.247635
121397 0.25325
121653 0.25555
121542 0.246601
121734 0.249664
121442 0.254355
122124 0.25287
121914 0.206897
121885 0.246365
122118 0.241554
121789 0.255373
121581 0.15
121588 0.333333
121758 0.241031
121559 0.248582
121414 0.234654
121901 0.355556
121543 0.229488
122137 0.257004
121874 0.255676
121624 0.318182
122114 0.256576
121585 0.21519
121842 0.252636
122142 0.249254
121764 0.254316
121725 0.248636
121552 0.24553
121456 0.254647
122126 0.247587
122091 0.284211
121792 0.249407
121788 0.251954
121684 0.250096
122160 0.244691
121710 0.257187
122097 0.246664
121551 0.245902
122134 0.259135
121401 0.242876
121593 0.25
121875 0.25244
121347 0.268041
122071 0.230882
121527 0.253973
121784 0.241086
121814 0.248459
121772 0.308642
121933 0.250677
121949 0.255448
121936 0.249488
121787 0.251978
121705 0.254682
122148 0.245984
122081 0.2125
121651 0.248102
121800 0.24984
121432 0.252888
121422 0.246182
121395 0.225713
121968 0.253607
121525 0.255744
122080 0.285714
121582 0.272727
121926 0.254433
121751 0.251992
121815 0.239937
122178 0.246076
121539 0.261876
122003 0.252845
121398 0.236547
121361 0.251404
121985 0.250323
121912 0.293103
121623 0.307692
121924 0.250804
122176 0.257626
121437 0.244695
122172 0.247222
121718 0.259494
122085 0.27027
121771 0.2
122069 0.22508
121424 0.242764
121767 0.244041
121903 0.22449
121678 0.251385
121905 0.257576
121626 0.251107
121973 0.256351
121846 0.243764
122007 0.240522
122133 0.247944
121387 0.258721
121999 0.249179
121884 0.245819
122146 0.245868
121344 0.218354
121694 0.249066
121966 0.245854
121576 0.301587
121418 0.285714
121434 0.255972
121641 0.244383
121869 0.250887
121917 0.25045
121827 0.259483
121534 0.244257
121995 0.253553
121574 0.237382
122074 0.258524
122066 0.5
121416 0.254496
121996 0.254173
122166 0.259131
121897 0.241587
121986 0.249044
121890 0.245875
121820 0.247133
122147 0.250032
121939 0.249835
121812 0.255186
121683 0.241593
121974 0.246802
121348 0.261343
121928 0.247072
121822 0.254412
121519 0.249046
122139 0.251937
121528 0.248732
121563 0.26088
121975 0.248726
121794 0.249662
121870 0.248622
121811 0.242956
121799 0.254646
121479 0.253206
121727 0.25297
121406 0.246588
121560 0.227818
121952 0.248081
121707 0.240668
121545 0.252626
121396 0.239362
121994 0.253256
121435 0.253174
122094 0.258852
121381 0.249217
121754 0.237179
121433 0.254455
121844 0.245844
122101 0.253777
122079 0.251394
122153 0.243541
121429 0.253549
121723 0.260589
121930 0.252682
121548 0.254721
121590 0.235294
121756 0.255481
121953 0.260779
121459 0.235828
121454 0.248524
121790 0.236242
121427 0.256315
121529 0.243195
121889 0.252149
121989 0.25493
121369 0.259338
121628 0.258059
121724 0.249726
121868 0.257664
121609 0.175439
121370 0.253662
