113310 0.00258264
113489 0.00207654
113626 0.00286351
113509 0.00677966
113346 0.00631199
113863 0.00619195
113251 0.00506928
113370 0.00395257
113605 0.00373832
113721 0.00570853
113723 0.00675241
113535 0.0045208
113802 0.00481638
114128 0.00501505
113931 0.00665336
113253 0.00740056
113320 0.00387597
113910 0.00453515
113550 0.0070059
113661 0.00540673
113903 0.00488334
113279 0.00379363
113545 0.00522345
113656 0.00412822
113773 0.00641437
113849 0.00551302
113759 0.00524934
113264 0.0075846
113832 0.00369296
113397 0.00642398
113784 0.00488827
113974 0.00505051
113272 0.00315358
113801 0.00491228
113702 0.00603622
113270 0.00455789
113702 0.0102389
113896 0.0042796
113657 0.00647075
113361 0.0062336
113469 0.00551948
113799 0.00470958
113356 0.00486914
113901 0.00415225
113401 0.00689655
113614 0.00591348
114018 0.00477555
113367 0.0029274
113317 0.00510493
113246 0.0037037
113667 0.00510204
113481 0.0046495
113840 0.0265487
113846 0.00424128
113290 0.00601504
113337 0.00287724
113665 0.00516674
113348 0.00525827
113795 0.00525394
113927 0.00397966
113573 0.00463965
114137 0.00357143
113952 0.00527983
113671 0.00589391
113696 0
113884 0.00379895
113289 0.00557103
113938 0.00696409
113493 0.00407907
113445 0.00444141
113656 0.00623441
113611 0.00574365
113860 0.00779221
113909 0.00510204
113383 0.00899471
114021 0.00561798
113720 0.00661853
113503 0
114127 0.00119904
113283 0.00181653
113788 0.00635324
114124 0.00701016
114023 0.00465297
113789 0.00455298
113580 0.00393106
113641 0.00465371
113770 0.00517647
113624 0.00641026
113962 0.00524559
113845 0.0044501
113618 0.00485879
113690 0.00539265
113614 0.00587326
113759 0.00236967
113869 0.00488787
113842 0.00277008
113691 0.00400246
114122 0.00422833
113459 0.00387251
113871 0.00379404
113828 0.00420757
113995 0.0105263
114100 0.00563645
113790 0.00644884
113309 0.00466563
113668 0.00546272
113625 0.00525015
113368 0.00424757
113789 0.00368701
113700 0.00383387
113645 0.00660401
113762 0.00222717
113431 0.0168067
113790 0.00640478
113463 0.00328947
113845 0.00497203
113956 0.00348432
113883 0.0067402
113672 0.00724113
113321 0.00598265
114098 0
113878 0.00917431
113910 0.00726533
113484 0.00493908
113356 0.00485879
114098 0.0123457
113495 0.00583942
113792 0.00524476
113623 0.00774234
113911 0.00461894
113688 0.00270108
113501 0.00438596
113303 0.00523349
113534 0.00586601
113876 0.00353357
113912 0.00342906
113962 0.00408372
114132 0.00482393
113980 0.00686813
113353 0.00441745
113697 0.00735864
113840 0.00956938
113472 0.00746269
113715 0.0138504
113767 0
113818 0.00377953
114129 0.00419207
113625 0.00468457
113260 0.00592454
113722 0.00596546
113546 0.00469925
113562 0.00551724
113508 0.00381679
113482 0.00590406
113879 0.00615574
114099 0.0102564
113851 0.0044915
113875 0.00466881
113953 0.00509647
113361 0.00662252
113793 0.00224719
114022 0.00330813
113401 0.00656045
113987 0.0055914
113394 0.00431034
113455 0.00383142
113302 0.00664894
113884 0.00566995
113269 0.00555556
113448 0.00625434
113335 0.00470588
113467 0.00424371
113317 0.00377562
113765 0.00551724
113829 0.00306044
113619 0.00570342
113954 0.00596164
113841 0.00619323
113514 0.00510783
113261 0.00350877
113384 0.00441176
113937 0.00173611
113670 0.00540806
113698 0.00426439
113494 0.00665256
113486 0.00461133
113900 0.00666667
113827 0.00534125
113966 0.00443038
113602 0.00680904
113368 0.00722674
113782 0
113644 0.00290909
113854 0.0039132
113499 0.0081448
113576 0.00524853
113469 0.00449583
113457 0.00429185
113513 0.00397878
113869 0.00481058
113456 0.00226317
113715 0.00755668
113431 0
113289 0.00185357
113393 0.00522689
113383 0.00450902
113830 0.00770416
113603 0.00464109
114133 0.0064358
113368 0.00473233
113622 0.00381073
113388 0.0054099
113828 0.00471063
113508 0
113385 0.00675676
113622 0.00438871
113452 0.00485732
113571 0.00780031
113302 0.00466978
113777 0.00623441
113379 0.00263678
113354 0.0120482
113717 0.00184957
113946 0.00409207
113650 0.00460251
113272 0.0045676
113474 0.00437911
113492 0.00412294
113852 0.00742804
113771 0.00583745
113616 0.0049674
113921 0.00493827
113939 0.00651832
113985 0.00401952
113335 0.00723589
113946 0.00409207
113259 0.00426829
113727 0.00522069
113497 0.00522876
113280 0.00707071
113445 0.00521558
113275 0.00706822
113653 0.00403633
113613 0.00508421
113387 0.00792528
113822 0.00455398
114135 0.00379075
113507 0.00495786
113885 0.0110497
113850 0.00325636
113251 0.00525452
113359 0.00814111
113303 0.00409165
113422 0.00763359
113851 0.00544523
113842 0.00406229
113471 0.00775425
113482 0.00674476
113544 0.00238284
113365 0.00567423
113766 0.00582936
113830 0.0030888
113671 0.00727273
113630 0.00645161
113503 0.00625
113860 0.00630517
113422 0.00389105
113925 0.00579581
113456 0.00312305
113318 0.0075543
113625 0.00487171
113704 0.00524853
113692 0.00556793
114111 0.00526624
113658 0.0039604
113931 0.00606586
113260 0.00613101
113496 0.00338253
113766 0.00683371
113721 0.00529801
113793 0.00404676
113785 0.00590372
113718 0.00412159
113377 0.0056926
113507 0.00552764
113666 0.00624688
113877 0.00448934
113782 0
113937 0.00714286
113769 0.00161551
113320 0.00749186
113719 0.00351391
113763 0.00569801
113479 0.00203114
113266 0.0149254
113874 0.000841043
113614 0.00615953
114022 0.00412655
113365 0.00430892
113562 0.00432277
113487 0.00721075
113518 0.00385019
113796 0.00577521
113588 0.0051956
113856 0.00254972
113510 0.00522345
113284 0.00422386
113940 0.00570125
113831 0.00518903
114108 0.00411783
113283 0.0027881
113682 0.00495751
113618 0.003861
114118 0.00481928
113513 0.00426369
113684 0
113856 0.005923
113415 0.00412128
113367 0.00540054
113392 0.0059609
113823 0.00432526
113819 0.00578035
113602 0.00572979
113852 0.00357143
113932 0.00561919
113655 0.00528084
113880 0.00409165
113763 0.00374532
113978 0.00511124
113879 0.00538657
113691 0.00335366
113930 0.00533476
114019 0.00809498
113380 0.00675676
113927 0.00397614
113645 0.00453172
114129 0.00724361
113956 0.00492326
113686 0.00764951
113926 0.00474809
113986 0.00689655
113414 0.00732601
113869 0.00474918
113987 0.00333472
113843 0.00128866
113960 0.00414365
113957 0.00374251
113544 0.00311526
113724 0.00661001
113394 0.00892211
113630 0.00587084
113583 0.00601456
113864 0.00595238
113270 0.00493218
113623 0.00499844
113956 0.00503256
113315 0.00562852
113996 0.0041116
113925 0.00382969
114108 0.00469631
113441 0.00725295
113880 0.00697865
113414 0.00366972
113764 0.00343938
113911 0.00542083
113363 0.00447427
113491 0.00643708
113381 0.0047804
113438 0.00638468
113461 0.00621118
113318 0.00382897
113327 0.00781893
113773 0.00266312
114023 0.00437376
113504 0.00898588
113244 0.00253936
113609 0.00557491
113607 0.00442198
113462 0.00478326
113843 0.00501253
113459 0.00320326
113538 0.00245776
113986 0.00434028
113320 0.00129116
113794 0.00513259
113276 0.00574018
113575 0.00400616
113441 0.00275482
113401 0.00555556
113588 0.00362538
113289 0.00547945
113489 0.00504002
113453 0.00410678
113362 0.00443881
113772 0.00740741
113874 0.00331126
114024 0.0051304
113661 0.00608828
113280 0.00609756
114112 0.0028169
113964 0.0091659
113936 0.00566251
113824 0.00420168
113575 0.00521632
113959 0.00572172
113912 0.00539258
113657 0.00297861
113572 0.00767578
113628 0.00494071
113442 0.00411523
113605 0.00622027
113619 0.00610314
113982 0
113930 0.0047531
113683 0.00363636
113255 0.00590164
113784 0.00424028
114111 0.00419287
113827 0.004597
113383 0.00552209
114122 0.00912409
113486 0.00402955
113270 0.00473653
113662 0.00420376
113575 0.00398773
113457 0.00515152
113601 0.00572634
113600 0.00525665
113448 0.00344116
113888 0.00432232
113922 0.00631199
113688 0.00476758
113890 0.00288277
113635 0.00766479
113291 0.00220426
113886 0.0048855
113963 0.00478469
114134 0.00228311
113825 0.00501672
113994 0.00607399
113332 0
113251 0.00586128
113590 0.00306373
113791 0.00408163
114129 0.00337584
113717 0.00257732
113639 0.0075188
113332 0
113456 0.00715447
113790 0.00613228
113850 0.00618011
113933 0.00457728
113831 0.00808824
113933 0.00548095
113377 0.00948767
113946 0.00615385
113469 0.00589777
113870 0.00321371
114020 0.0042735
113616 0.00696423
113306 0.00349528
113541 0.00338409
113514 0.00649351
113431 0
113833 0.00474083
114106 0.00738552
113365 0.00482759
113885 0.00959233
113982 0
113821 0.00426853
113360 0.00492438
113986 0.00511945
113436 0
113318 0.00771605
113696 0.0102041
113863 0.00461066
113888 0.00578035
113597 0.00968914
114021 0.000894454
113337 0.00558659
113395 0.00496571
113630 0.00369004
113664 0.00618397
113268 0.00376712
113352 0.0111732
113491 0.00594865
113832 0.0035769
114135 0.00150038
114017 0
113367 0.00544959
113562 0.00545703
113605 0.00441176
113395 0.00385821
113541 0.00494001
113718 0.00301508
113694 0.00406268
113535 0.00311042
113791 0.0078264
113650 0.0074989
114124 0.00319829
114025 0.0051474
113571 0.00538462
113290 0.00782473
114126 0.00672805
113357 0.00849858
113983 0.00481155
113440 0.00483871
113997 0.00596421
113690 0.00619621
113782 0
113347 0.00315173
113623 0.00532081
113602 0.00438185
113369 0.00457247
113909 0
114127 0.00362757
113725 0.00524853
113487 0.00425114
113634 0.00376294
113758 0.00689655
113984 0.00588062
113725 0.00491046
113683 0.00512821
113980 0.0056953
113536 0.00393106
113497 0.00423177
113892 0.00564972
113394 0.00574988
113509 0.00383877
113695 0.0048353
113477 0.00310024
113875 0.00416435
113276 0.00340452
113265 0.00406886
113930 0.00567414
113351 0.00748363
113617 0.00583359
113914 0.00364786
113680 0.00719424
113896 0.00552868
113407 0.00272817
113248 0.00596057
113504 0.00413793
113266 0.016129
113351 0.00304507
113772 0.00183486
113900 0.00547046
114126 0.00557686
113457 0.00604047
113370 0.00649351
113849 0.00388292
113761 0.00622877
114106 0.00561347
113801 0.00769769
113777 0.00246002
113384 0.00429953
113784 0.00628931
113963 0.0115607
113985 0.00399202
113760 0.00462963
113903 0.00330033
113950 0.00451467
114017 0
113540 0.00691742
113271 0.00467144
113471 0.00529595
113256 0.00321027
113994 0.00440165
113788 0.00445344
113470 0.00429843
113406 0.00587034
113686 0.00590406
113550 0.00343119
113272 0.00431566
113936 0.0057947
113715 0.00787402
113800 0.00652263
113285 0.00656814
113540 0.00684346
114136 0
113597 0.00370066
113344 0.00377358
114022 0.00512104
113319 0.00455512
113537 0.00415677
113381 0.00591891
113405 0.00579777
113890 0.00365186
113765 0.00430108
113315 0.00530973
113260 0.0049597
113244 0.00373533
113642 0
114024 0.00396651
113984 0.00585652
113985 0.0028393
114020 0.00414365
113472 0.00475737
113404 0.00580322
113925 0.00603578
113719 0.00389805
113662 0.00668482
113627 0.00420757
113777 0.00451467
113795 0.00746269
113661 0.00657063
113655 0.00672981
113348 0.00511432
113665 0.00347383
113890 0.00475888
113871 0.00456751
113347 0.00431406
113613 0.00405996
113423 0.00545094
113250 0
113359 0.00546075
114115 0.00457666
113569 0.00396825
113641 0.00408497
113345 0.00451904
113941 0.00607287
113700 0.00480154
113310 0.004
113722 0.00523399
113702 0.00363636
113485 0.00261097
113652 0.00432692
113352 0
113328 0.0232558
113772 0.00184162
113645 0.00621736
113926 0.00393185
113718 0.00712928
113266 0.0289855
114136 0.00473934
113258 0.0051656
113414 0.0103986
113518 0.00548045
113993 0.00338219
113541 0.00714772
113442 0.00921659
113406 0.00463918
113423 0.00485319
113514 0.0039886
113265 0.00635786
113250 0
113513 0.00510204
113629 0.00590763
113379 0.00412371
113396 0.00510856
113885 0.0097561
113444 0.00460993
113796 0.00313901
113492 0.00331492
113954 0.00470097
113685 0.00669269
113622 0.00690955
113574 0.00334347
113964 0.00536513
114020 0.00555556
113846 0.00641026
113353 0.00334448
113495 0.00701549
113392 0.00483676
113877 0.01082
113584 0.00536673
113977 0.00524109
113477 0.00583791
113641 0.00483221
113628 0.00554358
113601 0.00658485
113952 0.00218579
113835 0.00445705
113959 0.00331126
113659 0.00485269
113590 0.004245
113921 0.0111111
113870 0.0063571
113976 0.00689655
113588 0.00561973
113436 0.0165746
113672 0.0026445
113767 0.00793651
114123 0.00346861
113584 0.00360144
113408 0.00472255
113879 0.00241911
113848 0.00380518
113537 0.00590612
113824 0.00724638
113803 0.00273349
113515 0.00425254
113496 0.00851323
113849 0.00452489
113876 0.00651769
114133 0.00405237
113903 0.00607287
113462 0.00558659
113617 0.00488251
113880 0.00581395
113723 0.00259656
113864 0.00185874
113796 0.00589837
113344 0.00204499
113931 0.00421193
113773 0.00952381
113599 0.00410872
113472 0.00533752
113603 0.00244574
114018 0.0062435
113387 0.00555864
113511 0.00561798
114098 0.0206186
113989 0.00454804
113697 0.00457491
113960 0.00512224
114100 0.00471921
113351 0.00652579
113255 0.00468384
113321 0.00579445
113899 0.00407925
113386 0.00454358
113510 0.00418527
113268 0.00522876
113319 0.00268256
113682 0.00800188
113883 0.0060042
113937 0.003663
113634 0.00251731
113842 0.00540176
113819 0.00468541
113335 0.0056391
113835 0.00502302
113621 0.00566929
113321 0.0045018
113954 0.00345286
113408 0.00318345
113662 0.00690335
113494 0.00660462
113966 0.00872002
113960 0.00546189
114025 0.00634345
114099 0.00687285
113269 0.00307422
113471 0.00568352
113821 0.00518755
113405 0.00398406
113500 0.00690156
113794 0.00502513
113949 0.010355
113485 0.0026178
113306 0.00404449
113583 0.00383019
113581 0.00461681
113627 0.00593878
113892 0.00489772
113690 0.0047138
113656 0.00666154
113952 0.00313808
113933 0.00479744
113393 0.00405148
113443 0.0017301
113639 0.00649702
113621 0.00522755
113693 0.00954033
113508 0.00714286
113579 0.0020202
113379 0.00603824
113658 0
113346 0.00523256
113996 0.00460564
113764 0.00183655
114132 0.00353714
113569 0.00398406
113515 0.00451176
113923 0.00483092
113720 0.00380451
113466 0.00194932
113243 0.00495356
113432 0.00449438
113268 0.00390371
113980 0.00465983
113615 0.00527459
113803 0.00390964
113825 0.00403342
113474 0.00613685
113848 0.00640512
113615 0.00408291
113583 0.00377834
113302 0.00575816
113871 0.00656814
113816 0.00364964
113590 0.00893921
113545 0.0035524
113792 0.00561798
113482 0.00536289
113246 0
113761 0.00332042
114137 0.00544774
113576 0.00532748
113371 0.00526624
113347 0.00463353
113274 0.00379027
113763 0.00394477
113816 0.00510856
113845 0.00433705
113503 0.0106952
113634 0.00377358
113546 0.00462321
113395 0.00511945
113515 0.00565536
113680 0
113493 0.00570885
113324 0.00445344
113476 0.0045598
113620 0.00368664
113582 0.006875
113603 0.00371747
113440 0.00378174
113832 0.00570033
113442 0.00381679
113835 0.00373134
113612 0.0044843
114115 0.0044843
113923 0.00522534
113504 0
113362 0.00673401
113938 0.00373955
113840 0.00483092
113993 0.00337838
113410 0.00454287
113396 0.00539291
113545 0.00594884
113963 0.00149701
113761 0.00807848
113875 0.00407332
113384 0.00553301
113397 0.00605694
113624 0.00567644
114106 0.00467602
113694 0.00526162
114019 0.00578339
113902 0.00711744
113274 0.00472888
113977 0.00623053
113546 0.00993848
113620 0.00450586
113696 0.00518135
113957 0.00456402
114024 0.00335008
113408 0.00284437
113896 0.00962199
113698 0.00556586
113600 0.00438185
113256 0.008478
114133 0.00549451
113642 0.0253165
114103 0.00854701
113932 0.00597345
113479 0.00393701
113579 0.00618557
114123 0.004995
113902 0.00589102
113724 0.00528278
113385 0.00922722
113510 0.00662061
113776 0.00774103
113410 0.00683761
113609 0.00578035
113567 0.00395257
113720 0.00401979
113467 0.00541191
113343 0.00476342
113652 0.00381953
113620 0.00667476
113275 0.00453035
113322 0.00544465
113659 0.00344709
113932 0.00470852
113660 0.00455526
114112 0.00697306
113726 0.00466273
113467 0.00310463
113668 0.00514139
113308 0.00645161
113582 0.00549115
113353 0.00545852
113393 0.0027972
113924 0.00445482
113448 0.00320399
113644 0.00585366
113818 0.00341297
113668 0.00572884
113996 0.00396152
113771 0.00371058
113800 0.00498466
113982 0.00662252
113828 0.00546448
113488 0.00651769
113610 0.00541028
113455 0.00510856
113833 0.00672372
113802 0.00702988
113770 0.00423729
113857 0.00514528
113969 0.00361011
113461 0.00358938
113344 0.00204918
113969 0.00340909
113246 0.00490196
113517 0.00428195
113502 0.00254453
113725 0.00484262
113633 0.00603809
113883 0.00384729
113484 0.006
113862 0.00474355
113804 0.004914
113760 0.00235294
113599 0.00384369
113987 0.00500417
113787 0.00742682
113633 0.00804924
113597 0.00514241
113723 0.00513809
113697 0.00680272
113978 0.00678266
113500 0.0052356
113769 0.00581395
113909 0.0104439
113477 0.00399069
113432 0.00748596
113486 0.004947
113423 0.00444664
113253 0.00671756
113856 0.00604839
113261 0.00572701
113983 0.00632411
113841 0.00588483
114018 0.00406091
113684 0.00687285
113259 0
113659 0.00514756
113536 0.0036452
113332 0.00826446
113722 0.006875
113357 0.00576738
113396 0.00416992
113800 0.00509205
113452 0.00453172
113613 0.00543478
113285 0.00322321
113463 0.00619067
113760 0.0071599
113999 0.0098401
113370 0.00683928
113511 0.0063081
113507 0.00390054
113665 0.00600601
113788 0.00609491
113704 0.00485751
113406 0.00626881
113574 0.00680876
113824 0.004329
113609 0.00218978
113567 0.00746269
113776 0.00289645
114021 0.00548446
113323 0.00472888
113949 0.0046225
113327 0.00510806
113769 0.00852273
113938 0.00615791
113776 0.006
113670 0.00458494
113624 0.00531416
113308 0
113993 0.00326797
113726 0.00581217
113611 0.0033043
113480 0.00309981
113633 0.00869565
113878 0.0062534
113669 0.00789889
113619 0.00575758
113959 0.00661578
113500 0.00488315
113610 0.00598982
113997 0.0055034
113911 0.00642899
113692 0.00347625
113841 0.00587988
113700 0.00526642
113650 0.00381518
113618 0.00556242
113582 0.00643382
113537 0.00527704
113247 0.0049456
113488 0.00475888
113579 0.00213447
113765 0.00547945
113695 0.0033033
113385 0.00576701
113348 0.00402601
113948 0.0036452
113976 0.00725389
113571 0.00580973
113949 0.00150376
113535 0.00406758
113319 0.00843882
113862 0.00601323
113310 0.00571726
113443 0.00554017
113470 0.00737554
113628 0.00373948
113474 0.00393701
113377 0.00556586
113611 0.00477469
113924 0.00430254
113881 0.0085592
113657 0.00422052
113864 0.00551471
113891 0.00775194
113491 0.00451467
113580 0.00557448
113719 0.00646154
113360 0.00665266
113727 0.00461681
113391 0.00310238
113666 0.00501756
113948 0.00550661
113441 0.00331675
113804 0.00473653
113981 0.00211864
113356 0.00458435
113354 0
113284 0.0061287
113977 0.00328587
113642 0
113802 0.00419162
114100 0.00381497
113485 0.00244499
113247 0.00813835
113517 0.00467134
113276 0.00392987
113823 0.00400962
114103 0.00283286
114111 0.00437637
113822 0.00798458
113635 0.00496278
113897 0.00371622
113243 0.00577508
113279 0.00630666
113259 0.00310752
113612 0.0048647
113610 0.00490346
113892 0.0065108
113573 0.00514684
113369 0.00423729
113854 0.00423878
113574 0.00682695
113726 0.00363967
113621 0.00471698
113850 0.00484408
113327 0.00399521
113830 0.00422238
113857 0.00469484
113666 0.005
113264 0.00722222
113981 0.00333778
113440 0.00338983
113387 0.00341491
114112 0.00806712
113306 0.00503525
113912 0.00695803
113468 0.0025047
113265 0.00426829
113617 0.00731261
113969 0.00589623
113922 0.00415664
113499 0.00558659
113606 0.00534442
113804 0.00562149
113371 0.00356295
113534 0.0051562
113953 0.0042471
113999 0.00508259
113991 0.00527786
113255 0.00205903
113899 0.00408163
113724 0.00464828
113517 0.00309385
113669 0.00666667
113914 0.00778968
113350 0.00476889
113684 0.0122449
113415 0.00423729
113518 0.00345066
113502 0.00664452
113685 0.00621486
113283 0.00450857
113462 0.00645351
113897 0.00701637
114126 0.00668308
113897 0.00388475
114118 0.0058873
113444 0.00642857
113346 0.00550459
113902 0.00410317
113936 0.00590763
114108 0.00574529
114105 0.00569801
113670 0.00634456
113693 0.00470085
113652 0.00388632
114128 0.00612053
113343 0.00771208
113966 0.00478316
113309 0.00474233
113616 0.00734394
114105 0.00658762
113463 0.00359138
113248 0.00286533
113886 0.00492156
113825 0.00459584
113962 0.00606061
113766 0.00334635
113369 0.00493274
113291 0.0057929
113502 0.00490196
113785 0.0027137
113248 0.00681818
113762 0.00973236
113688 0.00633484
113453 0.00248756
113770 0.00867888
113359 0.00389794
113317 0.00849377
113639 0.00625
113964 0.00549115
113771 0.00563645
113354 0.00431034
113692 0.00967742
113438 0.003861
113337 0.00386723
113701 0.00538145
113345 0.00743494
113667 0.00809717
113540 0.0065703
114137 0.00402145
113671 0.005386
113664 0.00612245
113764 0.00569801
113891 0.00554745
113291 0.00706714
113511 0.00444749
113831 0.00506512
113984 0.00409836
113914 0.00469948
113274 0.00646412
113350 0.00435414
113488 0.00398406
113829 0.00567261
113695 0.00311429
113787 0.00503145
113501 0.00531601
114118 0.00646204
113322 0.00669915
113759 0
113256 0.00371471
113391 0.00709579
113275 0.00485123
113843 0.00636943
113323 0.00576281
113438 0.0054902
113934 0.00523789
113997 0.00398406
113660 0.00288948
113823 0.00296359
113405 0.00468966
114109 0.0108225
113878 0.005118
113343 0.00317058
113280 0.0060241
113445 0.0055325
113381 0.00325444
113407 0.0041423
114025 0.0049239
113536 0.00524368
113934 0.00238923
113701 0.00349873
113380 0.00336803
113501 0.0034823
113991 0.00498909
113572 0.00398773
113787 0.00517688
113607 0.00409707
113487 0
113480 0.00573066
113888 0.00688623
113923 0.00370451
113323 0.00460264
113303 0.00557547
113606 0.00729262
114103 0.00308642
113391 0.00355872
113881 0.00277778
113794 0.00375469
113940 0.00647033
113607 0.00546097
113941 0.00416667
113654 0.00499762
113924 0.00665951
113328 0
113653 0.00791855
113999 0.00487211
113899 0.00425015
113974 0.00414079
114128 0.00566572
113584 0.00292569
113271 0.00492763
113253 0.00249532
113717 0.00387097
113644 0.00537109
114136 0
113691 0.00484115
113388 0.00299401
113361 0.00598048
113612 0.00665317
113910 0.004329
113801 0.00567175
113672 0.00692672
113792 0.00409117
113834 0.0035137
113939 0.00390625
113698 0.00528355
113816 0.0104507
114109 0.00473934
113468 0.00364631
113309 0.00623247
113363 0.00507463
113538 0.0046282
113328 0.0178571
113247 0.00360082
113900 0.00409417
113432 0.00478164
113279 0.00524194
113606 0.00614251
113799 0.00471451
113567 0.00622665
114109 0.0046729
114123 0.00338983
113363 0.00555718
113496 0.00278035
114135 0.00542215
113635 0.00597015
113667 0.00390209
113876 0.00472144
113404 0.00385406
113926 0.00569878
113654 0.00468165
114017 0
113994 0.0036384
113443 0.00551978
113819 0.00482625
113386 0.00328812
114122 0
113818 0.00617856
113901 0.00277008
113581 0.005
113495 0.00683867
113386 0.00403063
113981 0.00419874
113848 0.00482315
113664 0.00459826
113870 0.00442356
113380 0.00558313
113829 0.00314465
113950 0.00302572
113489 0.00424886
113569 0.00507328
113927 0.00492189
113991 0.00282397
113799 0.00577731
113243 0.00450045
114115 0.00591304
114105 0
113686 0.00858369
113704 0.00687071
113284 0.00352113
113803 0.00626679
113658 0.00530035
113767 0
113789 0.00301464
113494 0.00644567
113322 0.00416295
113362 0.00788146
113479 0.0041958
113452 0.00601142
113758 0.00468384
113352 0
113995 0
113538 0.00435594
113324 0.00353635
113509 0.00338655
113308 0
113580 0.00424114
113860 0.00365854
113261 0.0028472
113436 0
113345 0.00840336
113822 0.00489631
113974 0.00473037
113669 0.00654664
113989 0.00393038
113600 0.00469337
113493 0.00346239
113285 0.0059676
113827 0.00523408
113957 0.00252525
113863 0.00481283
113476 0.00903405
113852 0.00483559
113680 0.00406504
113476 0.00701016
113480 0.00504732
113461 0.0052356
113244 0.00526593
113874 0.00417014
113468 0.00610501
114127 0.00902935
113901 0.00697837
113693 0.00515907
113258 0.0056908
113934 0.00486618
113576 0.00381558
113392 0.00678459
113404 0.00427781
113422 0.00719424
113626 0.0045565
113793 0.00636943
113629 0.00931195
113891 0.00462161
113371 0.00243013
113466 0.00177305
113721 0.00863787
113785 0.00597152
113573 0.00753693
113995 0.00497512
113948 0.00437637
113481 0.00537634
113683 0.00533491
113922 0.00552608
113499 0.00539084
113939 0.00405223
113357 0.00450741
113269 0.00475867
114023 0.00385951
113941 0
113694 0.00375235
113360 0.00351494
113886 0.005386
113821 0.0026975
113654 0.00641817
113983 0.00413068
113701 0.00472888
113795 0.00383142
114132 0.00252016
113685 0.00484745
113877 0.00630583
113407 0.00696517
113615 0.00569801
113846 0.00294118
113315 0.00566038
113455 0.00352941
113834 0.00776627
113762 0.00447427
113862 0.00853919
113497 0.00589198
114134 0.00518711
114124 0.00711382
113834 0.00397255
113492 0.00720721
113484 0.00407056
113727 0.0077343
113599 0.00890501
113601 0.0049795
113950 0.00305344
113290 0.00484653
113544 0.00158983
113881 0.00719424
113978 0.00470173
113851 0.00556242
113470 0.00573325
114134 0.00414157
113415 0.00270189
113626 0.00410095
113653 0.00365675
113857 0.00650759
113388 0.005352
113397 0.00581573
113572 0.00679012
113466 0.00528169
113854 0.00604122
113350 0.0039469
113976 0.00207469
113581 0.00578211
113453 0.00477016
113534 0.00733496
113250 0
113324 0.00431542
113481 0.00237449
113629 0.00780843
114099 0.00494438
113921 0
113459 0.00652238
113953 0.00194401
113682 0.00613642
113989 0.00407095
113271 0.0034965
113940 0.00616197
113550 0.00702663
113655 0.00690148
113833 0.00400987
114019 0.00593632
113884 0.0047619
113264 0.00511654
113627 0.00330657
113444 0.00541516
113791 0.00527108
113258 0.00298112
