122153 0.241739
121939 0.219577
121435 0.254383
121758 0.24734
121843 0.235897
121968 0.252489
121458 0.249281
121788 0.244959
121374 0.249707
121780 0.25074
121842 0.245554
121804 0.247458
121653 0.251098
122125 0.251142
121414 0.249622
121528 0.245325
122176 0.242461
122093 0.232397
121808 0.241719
121414 0.243386
121479 0.244803
121804 0.225672
122109 0.243988
121549 0.235801
121592 0.256881
121794 0.239228
121950 0.242276
122141 0.24763
121551 0.241217
122158 0.236486
121638 0.244956
121687 0.244405
121951 0.242312
121698 0.247239
121764 0.247646
121433 0.25855
121681 0.239443
121966 0.237659
121375 0.249029
121824 0.245994
121704 0.247104
121531 0.253868
121721 0.252157
121370 0.248391
121842 0.231164
122117 0.25014
121534 0.233838
121526 0.240548
121569 0.248567
121401 0.244726
121899 0.231102
121343 0.262654
121437 0.232091
121593 0.233885
122154 0.237729
122138 0.245925
121801 0.248743
121962 0.233263
121407 0.233413
121772 0.23713
122166 0.257682
121727 0.240329
121428 0.230676
121724 0.265489
121725 0.239397
121944 0.244035
121943 0.240948
121545 0.233264
121640 0.247425
121929 0.253189
121422 0.22449
121530 0.241513
121408 0.244914
121529 0.236987
122173 0.239349
121779 0.252549
121751 0.2485
122003 0.247551
121868 0.216058
121365 0.239684
122124 0.244138
121944 0.230011
121729 0.246009
121399 0.243722
121449 0.235932
122129 0.250959
121626 0.246874
121924 0.248128
121539 0.229716
121458 0.244871
121912 0.2405
121406 0.238871
121924 0.229146
122064 0.265861
121416 0.247147
122174 0.245078
122006 0.252968
121549 0.242573
121547 0.25742
121933 0.23862
121790 0.26513
122112 0.247857
121407 0.244001
121556 0.235326
121711 0.255878
121917 0.240487
122074 0.241441
122152 0.247975
121792 0.248116
121903 0.235189
121943 0.238256
121952 0.243642
122156 0.242404
121946 0.244722
122142 0.239465
121718 0.244944
121754 0.253621
121869 0.222403
121778 0.23853
121623 0.241997
121348 0.237783
121768 0.246906
121901 0.259337
121824 0.246469
121430 0.233602
122168 0.241292
121760 0.25815
121539 0.239512
121710 0.237075
121653 0.246534
121994 0.2529
122125 0.239548
121970 0.239498
121792 0.239273
121379 0.22494
122101 0.258856
121765 0.240896
121416 0.251839
122098 0.24183
122158 0.235639
121557 0.240423
121526 0.237739
121734 0.250147
121872 0.247863
121560 0.239726
122098 0.245839
121820 0.25083
121811 0.238687
121987 0.244749
121769 0.255446
121750 0.2457
121580 0.241758
121545 0.235669
121946 0.246097
121592 0.246586
121779 0.219432
121987 0.252392
122127 0.244317
121378 0.240052
122101 0.239593
121395 0.230622
121641 0.233512
121409 0.24338
122160 0.228338
122076 0.245477
121422 0.238442
121683 0.246846
121565 0.24916
121816 0.243856
121889 0.245306
121553 0.24251
121751 0.248855
121920 0.242928
121874 0.23876
121557 0.248794
121912 0.253171
121531 0.249019
121790 0.238051
122006 0.242717
121812 0.249594
122148 0.243739
122089 0.242075
121641 0.22994
121721 0.248754
121539 0.238427
121558 0.24509
122099 0.23913
121390 0.251423
121535 0.24934
121769 0.25024
121544 0.249663
121416 0.244375
121716 0.244738
121870 0.244249
122174 0.240006
122118 0.252341
122080 0.246
122169 0.242369
121756 0.250855
121936 0.258889
122076 0.242029
121892 0.232756
121804 0.255203
121530 0.235119
121917 0.249629
122153 0.233355
121932 0.234708
122001 0.246307
121966 0.247012
121752 0.255814
121420 0.249169
121588 0.230466
121915 0.246044
121816 0.238294
121547 0.237157
122072 0.243396
121771 0.251005
121563 0.247132
121784 0.248942
121637 0.234596
121446 0.23699
122111 0.232918
121808 0.231778
121544 0.245765
121707 0.247648
121713 0.249463
121420 0.246184
121539 0.236969
121448 0.241712
121953 0.255709
121567 0.236313
121378 0.245033
121841 0.241561
121814 0.243793
121555 0.259462
121711 0.256263
121996 0.241638
121783 0.239417
121721 0.253668
121340 0.227924
121557 0.241386
121436 0.24194
121795 0.235663
121582 0.216321
121996 0.243969
121637 0.236286
121887 0.245341
122134 0.266088
121340 0.24142
121526 0.234974
121905 0.241206
122127 0.239453
121927 0.244146
121774 0.245789
121688 0.242268
122080 0.243516
122079 0.246661
121347 0.24177
122064 0.251515
121638 0.235994
121814 0.2417
121429 0.24653
121395 0.246302
121732 0.237859
121434 0.242166
121799 0.247371
121540 0.240794
121915 0.251508
121885 0.239934
122073 0.248491
121639 0.24735
122098 0.25082
121711 0.252357
121872 0.241232
121823 0.248403
121689 0.241798
121999 0.234734
121425 0.239279
122074 0.238407
121361 0.226056
121628 0.246877
122007 0.238866
121822 0.250078
121802 0.242976
121887 0.234783
121381 0.243769
121631 0.248286
121847 0.251212
121725 0.247288
121540 0.241083
122097 0.245465
122105 0.246978
121875 0.244913
121543 0.251023
121970 0.245502
121914 0.254202
121552 0.246101
122105 0.2455
121595 0.243089
121382 0.229211
121628 0.246138
121397 0.246037
121694 0.243228
121339 0.217593
121968 0.241331
122154 0.256034
122099 0.246558
121652 0.241902
121826 0.246186
121558 0.242404
121585 0.242253
121705 0.278134
121844 0.244663
122132 0.260274
121884 0.262338
121580 0.249722
121624 0.237764
121996 0.25238
121442 0.248318
121708 0.247265
121580 0.246484
121426 0.214924
121968 0.241955
121554 0.249302
121715 0.242537
121424 0.234222
122066 0.248328
121399 0.235988
121429 0.237811
121872 0.254453
122093 0.234986
121766 0.247285
121398 0.244879
121814 0.247964
121687 0.238328
121758 0.249721
121560 0.21243
121528 0.248785
121585 0.235206
122118 0.245215
121349 0.236776
121441 0.226821
122114 0.230112
122073 0.244076
121650 0.243128
122160 0.220441
121804 0.240474
122134 0.249636
121448 0.254095
121459 0.235687
121401 0.243068
121474 0.235592
121874 0.237829
121689 0.247347
121951 0.239471
121553 0.249858
121343 0.255116
122007 0.244516
121890 0.237526
121918 0.230475
121535 0.240492
121344 0.235176
122092 0.238265
121992 0.235047
122116 0.26537
122172 0.257753
121952 0.254226
121873 0.240356
122156 0.24483
122089 0.247081
121929 0.244147
121785 0.249916
121876 0.235136
122133 0.24893
121384 0.250678
121943 0.261197
122139 0.237766
121529 0.245352
121722 0.247677
121347 0.257541
121397 0.243176
122143 0.24
121441 0.231003
121728 0.236753
122092 0.241168
121569 0.233762
121568 0.254514
121996 0.242721
121531 0.242596
121962 0.255901
121375 0.260535
121932 0.246539
121527 0.234378
121593 0.240094
121748 0.244872
121953 0.247785
121768 0.250603
121476 0.242093
121373 0.24253
121710 0.23501
122073 0.240821
121917 0.241742
121936 0.253433
121576 0.240377
121892 0.233344
121756 0.24624
121454 0.239392
121767 0.251265
122160 0.250256
121974 0.239189
121362 0.248428
121729 0.241735
121387 0.232991
121790 0.244762
121986 0.238325
122102 0.251589
121633 0.246293
122102 0.246405
121929 0.254697
121565 0.250696
121944 0.246925
121477 0.235425
121653 0.238458
121723 0.240547
121968 0.245921
121550 0.244131
121728 0.242989
121812 0.243094
121898 0.255314
122111 0.233966
122085 0.25033
121579 0.250768
121519 0.249085
121965 0.25514
121519 0.251538
122003 0.244583
122178 0.250872
121903 0.259945
121385 0.252587
122167 0.242754
121965 0.244642
121788 0.240837
121623 0.241338
121847 0.249943
121340 0.223464
122169 0.232571
121592 0.242239
121940 0.249053
121920 0.243525
121528 0.240288
122064 0.22314
122118 0.246943
121766 0.248515
121963 0.2632
121399 0.231332
121994 0.221976
121799 0.225562
122089 0.246757
121446 0.249086
121772 0.241753
121479 0.236472
121424 0.242836
122003 0.246725
121989 0.238169
122148 0.243489
121889 0.249694
121378 0.239793
121582 0.25182
121344 0.228831
121904 0.244131
121590 0.233491
122072 0.242121
121684 0.250888
121402 0.246386
121892 0.253512
121416 0.242839
121819 0.243757
122072 0.233163
121899 0.245865
121373 0.234228
121989 0.24608
121527 0.235702
121561 0.241038
121927 0.239789
121556 0.237856
122085 0.239123
121414 0.23788
122071 0.245147
121526 0.250717
121365 0.240204
121787 0.238845
121433 0.234899
121916 0.247065
121637 0.238289
122143 0.246409
121529 0.233454
121590 0.240991
122129 0.246288
121801 0.238894
121844 0.240078
121681 0.239769
121999 0.235997
121925 0.257015
121704 0.225673
121435 0.225916
121704 0.253717
121995 0.244077
121588 0.230323
121346 0.253545
121721 0.247486
121967 0.243018
121421 0.252927
121394 0.240724
121815 0.248227
122081 0.254341
121561 0.243347
121436 0.242529
121434 0.23736
121370 0.235326
122142 0.23719
121997 0.260191
121553 0.237206
121568 0.244745
121651 0.243784
121992 0.254967
121723 0.253355
121525 0.226124
121877 0.249418
121822 0.244991
121436 0.231746
121716 0.246359
121373 0.232951
122159 0.244212
121421 0.229301
122169 0.239404
121728 0.252145
121843 0.249748
122178 0.242859
121427 0.250245
121348 0.260547
121754 0.237208
121873 0.245403
122136 0.251379
121767 0.238193
122139 0.240007
121708 0.240778
121877 0.26192
121391 0.249082
121426 0.242678
121827 0.244255
121774 0.252119
121528 0.242387
121802 0.244582
121689 0.248713
122069 0.236949
122148 0.251175
122102 0.233298
122141 0.255683
121454 0.237632
121783 0.238429
121939 0.253428
121409 0.241303
122076 0.246344
121815 0.248968
121887 0.249525
122146 0.248978
121446 0.248195
122125 0.249408
121476 0.245869
121795 0.244717
121449 0.247385
121873 0.245718
121422 0.244435
121954 0.242316
121901 0.23184
121678 0.242077
121426 0.260706
121708 0.246818
121407 0.239515
121347 0.245919
121920 0.255751
121874 0.231152
121558 0.243136
121815 0.258645
121556 0.237424
122179 0.248485
122124 0.24904
121394 0.236795
121527 0.244916
122173 0.246904
121550 0.245262
122077 0.236129
121943 0.242681
121868 0.247552
121803 0.248413
122074 0.249369
121448 0.240383
121362 0.259298
121640 0.24429
121711 0.250505
121545 0.246509
122105 0.25699
121395 0.232039
121459 0.247839
122129 0.25545
122112 0.247039
121841 0.248086
121362 0.23444
121373 0.231949
121574 0.237666
121568 0.232373
121535 0.243559
121973 0.25
122091 0.241566
122147 0.240737
121385 0.243643
121714 0.246686
121408 0.226422
121823 0.247609
121803 0.254205
121519 0.248903
121727 0.255738
121374 0.237866
121561 0.241907
122105 0.249787
121997 0.241067
122152 0.245891
121536 0.252483
121906 0.247768
121808 0.24125
121374 0.237631
121551 0.227842
121581 0.238316
121652 0.236316
121811 0.24402
121400 0.241404
122108 0.248021
121477 0.248576
122137 0.236984
121985 0.248062
121712 0.246196
121912 0.236008
121870 0.237458
121752 0.256696
121551 0.250239
121385 0.243141
121636 0.22874
121771 0.23395
121787 0.251291
121349 0.247293
121800 0.227281
121554 0.240469
121753 0.235294
121819 0.255102
121394 0.239087
122138 0.246753
121986 0.245225
121406 0.241183
122136 0.247235
121710 0.235926
121915 0.248507
121593 0.246493
121706 0.240285
121989 0.240388
121951 0.249273
121694 0.23917
121753 0.239011
121624 0.252458
121419 0.241243
121905 0.256688
121454 0.252116
121402 0.23805
121887 0.238108
122093 0.234063
121714 0.247642
122153 0.252054
121916 0.247686
122109 0.238562
121822 0.241616
121718 0.236446
122117 0.238546
122097 0.24675
121967 0.260698
121706 0.247559
121785 0.252085
121892 0.245163
121379 0.247805
121563 0.250787
121529 0.248253
122109 0.252992
121418 0.255814
121437 0.243959
121427 0.239247
121608 0.243403
121407 0.238467
121569 0.23514
122166 0.229577
121344 0.228315
121963 0.242975
121817 0.240081
121408 0.236174
122124 0.25187
121820 0.246743
122077 0.244058
121723 0.239258
121930 0.239879
121724 0.244668
121715 0.244073
121706 0.243392
121565 0.239173
121456 0.236608
122076 0.24505
121994 0.245327
121698 0.242658
121582 0.220745
121552 0.247135
121789 0.233841
121684 0.251101
121962 0.236118
121920 0.268085
122164 0.242845
121624 0.241199
121901 0.246757
122126 0.246024
121626 0.244564
122112 0.24553
122178 0.239405
121813 0.242515
121442 0.226267
121639 0.233971
121779 0.263345
121944 0.245598
121609 0.255348
121992 0.234033
121789 0.24181
121563 0.248525
121437 0.231873
122070 0.246611
121595 0.23768
122079 0.244647
122073 0.240416
121559 0.248203
121802 0.269477
121822 0.241869
121550 0.235572
121706 0.241053
121387 0.252854
121420 0.23674
122081 0.22643
121559 0.24078
121678 0.250281
121381 0.234921
121940 0.237948
122166 0.238676
121997 0.240087
122166 0.242589
121995 0.252951
121542 0.232687
121767 0.247299
121339 0.244792
121973 0.280294
121681 0.241842
122083 0.22743
121729 0.244172
121396 0.246136
121476 0.231915
122159 0.239813
121547 0.24049
121827 0.241441
121409 0.242778
121813 0.248395
121842 0.250216
121792 0.235366
121540 0.245153
121390 0.238269
121973 0.2275
121408 0.250612
121384 0.252217
121897 0.240889
121633 0.248476
121868 0.241473
122112 0.243852
121687 0.24415
121985 0.243407
121816 0.247324
121812 0.248686
121954 0.239142
121536 0.243261
121912 0.254827
121760 0.246167
122137 0.234083
121820 0.237288
121534 0.246732
121582 0.233038
122081 0.246066
121458 0.247628
121525 0.219403
121567 0.242383
122132 0.253391
121688 0.267349
121841 0.240406
122147 0.253851
122102 0.243605
121800 0.252722
121764 0.244056
121876 0.240591
121530 0.240333
121585 0.236786
121714 0.270942
122173 0.240728
122111 0.243488
121953 0.237695
121716 0.243779
121926 0.244024
121650 0.257657
121870 0.24683
122164 0.246141
121609 0.255004
121595 0.244214
121694 0.253859
121705 0.229342
121927 0.24597
121430 0.244129
121402 0.249686
121534 0.227753
121933 0.245702
121652 0.250675
121732 0.249516
121972 0.235058
121633 0.242552
121442 0.230619
121780 0.244346
121949 0.23768
121970 0.24308
121785 0.243951
121972 0.24885
121421 0.239289
121916 0.238636
121400 0.24913
122092 0.241674
122101 0.253338
121555 0.232108
121906 0.248312
121421 0.259628
122079 0.246957
121764 0.227819
121384 0.232063
121890 0.249771
121827 0.239416
121932 0.234874
121967 0.256281
121974 0.252358
122134 0.225541
121718 0.249306
121590 0.227891
121705 0.262324
121869 0.250894
121753 0.225608
122083 0.24772
121819 0.257303
121523 0.249625
121899 0.244438
121346 0.236213
121641 0.24565
121794 0.238502
121933 0.245639
121928 0.246247
121418 0.236979
121574 0.245802
121548 0.244152
121760 0.232734
121902 0.251472
121846 0.235309
121799 0.244904
122094 0.24606
121549 0.244679
121890 0.233242
121967 0.240445
121903 0.244291
121727 0.241601
121458 0.238766
122164 0.246023
121817 0.245647
121778 0.252228
121480 0.240521
121704 0.235462
121992 0.242634
121842 0.249737
122083 0.247219
121846 0.236823
121915 0.242455
122139 0.245494
121361 0.239807
121748 0.277139
121428 0.24
121525 0.245562
121432 0.237374
121576 0.235138
121430 0.249203
121401 0.237228
121715 0.249202
121534 0.230194
121361 0.230084
121398 0.248976
122178 0.250105
121419 0.241451
121683 0.245924
122109 0.245591
121683 0.23817
121917 0.241364
121966 0.248589
121432 0.241732
121933 0.24526
121846 0.25662
122124 0.242672
122092 0.254461
121901 0.252943
121885 0.236836
121559 0.24774
122006 0.245415
121811 0.244659
122156 0.255968
121953 0.238164
121813 0.237268
122176 0.237196
121803 0.246837
121656 0.242018
122077 0.238235
121847 0.229605
121609 0.24369
121734 0.244813
121987 0.24696
121713 0.253076
121649 0.227799
121768 0.257633
121689 0.241842
121348 0.240351
121365 0.234945
121631 0.248566
121976 0.243097
122176 0.249894
121419 0.253605
121803 0.245927
122001 0.240432
122098 0.243095
121373 0.239355
121918 0.242213
121547 0.250404
121650 0.252467
121434 0.24
121999 0.241674
121969 0.213514
121899 0.253533
122167 0.242254
121752 0.242669
121425 0.242555
121678 0.239191
121948 0.241829
122138 0.2564
121722 0.24749
121639 0.258307
121989 0.25415
121817 0.24484
122126 0.245503
121432 0.243832
121843 0.244868
121479 0.243717
121918 0.245445
122094 0.236353
122170 0.250669
122074 0.241248
121414 0.23395
122139 0.252405
122071 0.242424
121525 0.252351
121406 0.230252
121889 0.240763
121781 0.241215
121708 0.240266
122126 0.242377
121543 0.242361
121456 0.241581
121885 0.231226
121930 0.249083
121914 0.242279
122158 0.246154
122137 0.247939
121580 0.243828
121565 0.246005
121585 0.248077
121442 0.228475
121631 0.235416
121555 0.247591
121454 0.245415
121456 0.24466
122132 0.24184
121823 0.240345
122146 0.259904
121800 0.241537
122089 0.255197
121784 0.263896
121713 0.252525
121812 0.243537
121952 0.237583
121623 0.230207
121766 0.259946
122116 0.237152
121926 0.255214
122111 0.246038
121542 0.248927
121569 0.236386
121725 0.24359
121433 0.249827
122174 0.245736
121768 0.238499
121925 0.253661
122108 0.244382
121649 0.239617
121780 0.244548
121688 0.243144
121381 0.23865
121750 0.236913
122159 0.237378
122001 0.235544
122124 0.235924
122159 0.243308
121523 0.239552
122064 0.250194
122158 0.24228
121965 0.24832
121432 0.223022
121713 0.241229
121847 0.23591
121640 0.244832
121707 0.249911
121396 0.240083
122143 0.234138
121898 0.24983
121753 0.251059
121459 0.245414
121752 0.249249
122072 0.251808
121361 0.242842
121914 0.225071
121633 0.243361
121536 0.235439
122077 0.234938
121406 0.251294
121474 0.246094
121925 0.249934
121344 0.23673
121378 0.245283
121826 0.252026
121792 0.253345
121688 0.233394
121876 0.257827
121651 0.244628
121787 0.24773
121418 0.242542
121550 0.250452
121877 0.234623
122123 0.233377
121846 0.252814
121427 0.249498
121875 0.243236
122001 0.247649
122070 0.249019
122126 0.245123
122133 0.247
122154 0.251534
121951 0.258416
121772 0.240733
121729 0.248174
121433 0.236806
121788 0.249832
121787 0.237524
121651 0.260161
121906 0.250264
121639 0.238889
121574 0.251356
121560 0.248893
121545 0.248836
121441 0.234109
122142 0.244885
121557 0.246617
122070 0.252231
121425 0.249545
122156 0.251938
121760 0.234557
122117 0.2539
121641 0.237456
121916 0.233911
121626 0.250742
121946 0.241145
122066 0.276274
121930 0.239123
121748 0.24147
122138 0.252785
121555 0.233333
121778 0.248133
121758 0.235888
121884 0.260732
121714 0.235955
121869 0.232161
121789 0.244393
122003 0.242688
121994 0.246898
121560 0.258065
121369 0.230074
121339 0.245645
122118 0.230656
122066 0.238894
121902 0.267717
121544 0.232579
121732 0.246392
121707 0.252151
121949 0.24778
121995 0.2375
122093 0.251
121873 0.238644
122136 0.240386
121705 0.254701
121698 0.240996
121963 0.23
121795 0.243277
122071 0.246201
121884 0.242308
122123 0.23963
121428 0.228473
121765 0.225634
122108 0.262794
122007 0.227151
121781 0.251237
121725 0.24393
121476 0.247645
121972 0.245737
122141 0.239095
122114 0.243902
121449 0.234283
122091 0.255408
121939 0.277551
121608 0.237259
121609 0.236877
121930 0.244182
121656 0.241553
122080 0.239877
122170 0.24039
121369 0.240681
121399 0.254386
121653 0.244016
121456 0.239728
122127 0.239871
121949 0.250257
121543 0.23248
121715 0.25107
121911 0.248739
121579 0.252061
121962 0.244907
121429 0.257943
121588 0.23732
121375 0.250869
121750 0.237857
121924 0.251331
121925 0.239232
121636 0.246276
121595 0.241371
121985 0.238239
121397 0.243779
122134 0.240458
121640 0.241786
121898 0.258621
121948 0.252953
121813 0.242283
121766 0.242066
121844 0.246578
121554 0.249587
122164 0.250865
121631 0.248775
121397 0.247317
121904 0.252218
121681 0.247347
122069 0.243859
121628 0.251336
122148 0.236508
121780 0.237596
122174 0.252285
121764 0.243525
121396 0.232686
122101 0.246398
121348 0.226359
121722 0.243063
121523 0.236913
121778 0.258293
121390 0.251587
121914 0.237738
121788 0.24943
121948 0.242281
121698 0.249404
121889 0.252484
121362 0.222581
121794 0.240497
121985 0.240801
121347 0.248889
122091 0.243475
121434 0.244876
121902 0.250627
122172 0.242078
121579 0.25237
121868 0.260403
121918 0.254094
122070 0.244936
121969 0.247416
121781 0.249772
121652 0.238707
122152 0.242263
121795 0.252302
122114 0.245153
121800 0.234521
121574 0.232952
121441 0.240924
121751 0.240851
121349 0.23874
122099 0.237844
121926 0.247197
121362 0.234251
121385 0.249251
122172 0.248872
122081 0.248863
122176 0.240198
121343 0.230321
121974 0.243364
121400 0.242445
121567 0.246714
121435 0.228088
121940 0.235082
121395 0.23417
121716 0.244059
121911 0.231512
121906 0.234716
121448 0.241451
121969 0.229404
121928 0.241608
121815 0.216288
122136 0.243553
121976 0.24352
121477 0.23679
122085 0.243863
122132 0.227146
121973 0.212198
121542 0.260971
121987 0.250483
121724 0.237135
121995 0.244348
121527 0.247128
121401 0.255345
121588 0.242388
121638 0.247083
121419 0.239426
122094 0.257774
122123 0.249251
121387 0.242438
121940 0.24282
121579 0.243111
121425 0.240274
121771 0.240167
121649 0.22126
121902 0.235779
121949 0.249741
121548 0.236824
121424 0.251682
121728 0.239594
121636 0.241555
122007 0.244912
121928 0.245572
121905 0.257862
121954 0.258991
121904 0.242791
121727 0.240377
121801 0.25084
122069 0.241505
121480 0.236453
121551 0.241789
121975 0.245986
121748 0.244926
121382 0.242781
121623 0.293827
121608 0.243771
121346 0.240071
121911 0.242667
121567 0.2375
121552 0.238427
121824 0.239079
121841 0.260603
121794 0.244016
121343 0.267442
122083 0.246521
121637 0.244802
122066 0.216867
122116 0.242857
121365 0.228638
122129 0.237405
121904 0.234626
121827 0.229257
121950 0.240152
121409 0.239277
121767 0.24727
121817 0.245191
121911 0.230565
121381 0.247775
121765 0.212766
121628 0.24026
121568 0.237979
121779 0.235183
121986 0.246458
121576 0.245652
121965 0.252281
121897 0.238041
121374 0.247341
121543 0.221869
121723 0.248764
121561 0.248047
121946 0.247591
121435 0.236723
122127 0.244632
121428 0.266816
121609 0.242598
121656 0.252154
122167 0.247592
121722 0.241287
121707 0.241173
121519 0.247543
121769 0.235762
121718 0.240985
121758 0.231523
121391 0.237478
121898 0.243382
121427 0.236074
121558 0.241686
121799 0.24195
121651 0.237517
122097 0.234513
121869 0.238889
121390 0.242138
121549 0.239506
122147 0.240136
121426 0.26167
121687 0.233349
121750 0.240493
121530 0.242047
121803 0.25138
121420 0.227017
121785 0.24498
121819 0.242906
121398 0.237562
121975 0.245283
121974 0.248969
121678 0.252735
122133 0.238612
121783 0.246933
121387 0.248715
122141 0.240616
121872 0.241056
121784 0.243632
121369 0.223767
121843 0.239113
121929 0.248482
121734 0.223872
121394 0.238095
121638 0.236718
121844 0.243961
122094 0.243402
121874 0.24261
121814 0.243741
121884 0.243709
121999 0.233298
122170 0.249776
121771 0.243633
121474 0.267241
121391 0.235482
121559 0.244932
121774 0.263158
121384 0.253151
121446 0.244241
121581 0.233592
121656 0.244479
121927 0.24228
122170 0.245353
121480 0.258248
121756 0.260484
121544 0.239017
121340 0.255367
121424 0.223214
122097 0.242094
121924 0.244283
122152 0.242493
121811 0.244986
122146 0.249869
121581 0.247036
121683 0.242006
121553 0.247894
122108 0.261164
121402 0.240012
121391 0.240952
122142 0.241416
122099 0.24195
121989 0.24711
122114 0.244871
122169 0.242206
122147 0.243069
122079 0.239295
122117 0.234252
121339 0.221683
121905 0.228085
121820 0.234844
121379 0.257801
121754 0.235544
121536 0.242879
121756 0.233423
121975 0.246844
121932 0.245672
121734 0.251348
121459 0.235206
121552 0.249353
121976 0.246962
121436 0.254309
121418 0.21767
121928 0.24132
121556 0.241708
121398 0.252528
121523 0.250774
121972 0.246129
121948 0.253983
122168 0.240722
121816 0.24512
121650 0.254447
121593 0.256601
121754 0.257881
121875 0.244344
121369 0.242536
121954 0.233015
121824 0.242853
121375 0.246036
121732 0.232809
121535 0.244803
121897 0.255359
122160 0.250245
122085 0.240703
121789 0.246749
121370 0.234901
122080 0.228726
121997 0.249444
121890 0.246347
122091 0.24362
121765 0.248641
121346 0.264169
121724 0.241302
121626 0.234521
122168 0.24487
121772 0.247946
121827 0.235818
121430 0.251928
121593 0.252158
121936 0.247258
121449 0.239924
121790 0.248682
122154 0.240234
122143 0.244881
121429 0.252849
121637 0.243122
121422 0.244764
122153 0.245031
121952 0.24419
121875 0.251653
121936 0.25148
121877 0.245208
122133 0.240388
121563 0.250441
121437 0.241234
121684 0.259283
121694 0.240974
121823 0.244353
121531 0.240075
121382 0.249743
121684 0.248481
121474 0.258221
121576 0.238011
122116 0.231221
122069 0.258772
121784 0.238565
121449 0.244413
121783 0.244341
121950 0.247296
121769 0.249318
121939 0.25
121970 0.244851
122071 0.24114
121876 0.236698
121477 0.251477
121870 0.247215
121548 0.234246
121479 0.242652
121801 0.240469
121986 0.243657
122173 0.242555
121649 0.240624
121540 0.237561
121548 0.238988
121950 0.234943
121826 0.241522
122125 0.253418
121624 0.246388
121897 0.243919
121885 0.227358
121926 0.252762
122167 0.237752
121808 0.24814
122168 0.246924
121554 0.245325
121379 0.248245
121965 0.235313
122174 0.238824
121903 0.241926
121608 0.241457
121751 0.26563
121966 0.253523
