113444 0.00431344
113910 0.00648585
113386 0.00499688
113864 0.02
113787 0.00277778
113261 0.00642928
113485 0
113923 0.00424028
113291 0.00712758
113630 0.00922509
113361 0.00299401
113963 0.00585652
113940 0.00378527
113982 0.00769231
113387 0.00476332
113385 0.00536673
113485 0
114137 0.00401405
113978 0.00294811
113265 0.00614251
113345 0.00717213
113270 0.00316156
113546 0.00412655
113574 0.00348259
113824 0
113470 0.00441362
113414 0.00711744
113719 0.00661626
113453 0.00531208
113405 0.00606709
113614 0.00355527
113911 0.00684619
113665 0.004869
113618 0.0068089
113576 0.00461042
113871 0.00496838
114019 0.00322234
113534 0.0069541
113685 0.00694444
113954 0.00615961
113308 0.00704225
113922 0.00474255
113501 0.00419664
113356 0.00460829
113261 0.0070355
113474 0.0030525
113996 0.00225327
113669 0
113690 0.00659722
113874 0.00417827
113394 0.00332396
113327 0.00281577
113335 0.00284091
113363 0.00573888
113623 0.00305499
113725 0.00583221
113927 0.00492832
113392 0.00712946
113635 0.00604915
113901 0.00622407
113497 0.00789293
113290 0
113897 0.00561798
113401 0.00576369
113899 0.00494743
113902 0.00465694
113344 0.00395257
113684 0
113459 0.00685786
113503 0.020202
113615 0.00440744
113890 0.00249252
113357 0.00404654
113244 0.00608211
113264 0.00732154
113471 0.00465116
114137 0.00329598
113571 0.00374532
113269 0.00600384
113436 0
113659 0.0053286
113381 0.00814957
113315 0.00550459
113764 0.00686813
113701 0.00575314
113769 0.0015873
113611 0.00286807
113609 0.00492341
113857 0.00644841
113963 0.0102564
113721 0.00267917
113999 0.00591716
113852 0.00484027
113383 0.00662983
113509 0.00252781
113727 0.00574988
113481 0.00488315
114126 0.00545058
113957 0.00452148
113984 0.00549769
113626 0.00466356
113880 0.00458333
113886 0.00613208
113274 0.00492611
113368 0.00446429
114108 0.00444006
113605 0.00526316
113619 0.00553205
113897 0.00506842
113765 0.00688231
113284 0.00574241
113776 0.00406504
113902 0.00424114
113822 0.00599572
113380 0.00745301
113900 0.00447928
113890 0.00585366
113608 0.00260146
113442 0.0130719
114136 0.00729927
113625 0.00550275
113623 0.00388475
113253 0.00652174
113422 0.013245
113504 0.00299401
113661 0.00434006
113484 0.00465839
114118 0.0145808
114134 0.00526932
113457 0.00418629
113363 0.0057398
114132 0.00879604
113883 0.00478755
113969 0.00374532
113788 0.00203666
113794 0.00345304
113927 0.0043771
113599 0.00400267
113850 0.00371632
113769 0.00248139
113385 0.00361011
113959 0.00427807
113630 0.0094518
114118 0.00492207
113610 0.00229674
113650 0.004
113628 0.00474608
113317 0.00401606
113270 0.00384123
113833 0.00444162
113976 0.00204082
113886 0.00890937
113280 0.00311042
113562 0.0107066
113474 0.00442898
113619 0.00616683
113819 0.00573937
113985 0.00628404
113717 0.00529451
113701 0.00603015
113698 0.0042061
113900 0.00665188
113615 0.00327869
113697 0.00591497
113381 0.0064288
113302 0.00606061
113881 0.0060423
113264 0.00521135
113423 0.00445986
113896 0.00517866
113642 0
113443 0.00394477
113766 0.00657354
113960 0.00428776
113927 0.00322506
113956 0.00458926
113829 0.00704777
113383 0.00327332
113982 0.01
113445 0.00286944
113627 0.00450113
113630 0.00547945
113912 0.00634815
113486 0.004329
113896 0.00347464
114112 0.00451128
113603 0.00421804
113579 0.00328947
113377 0.00645161
113772 0.00432277
113629 0.00264971
113613 0.00559701
113883 0.00306091
113765 0.0052592
113791 0.00379404
113492 0.00395257
113247 0.00550747
113365 0.00268276
113724 0.00695762
113463 0.00564972
113856 0.00589102
113641 0.00425894
113361 0.00667939
113405 0.00649976
113671 0.00402414
113614 0.00567913
113574 0.00589275
113612 0.00489542
113767 0
113310 0.00540249
113909 0.00569801
113251 0.00342231
113346 0.00468897
113993 0.0047619
113627 0.00822846
113644 0.00297619
113800 0.00500313
113507 0.00509832
114022 0.006241
113954 0.00551833
113761 0.00472255
113391 0.00708661
113609 0.00353357
113456 0.00455466
113571 0.00601685
113575 0.00378788
113939 0.00578822
113480 0.0019084
113501 0.00280636
113939 0.00527241
113891 0.00645459
113914 0.00444335
113667 0.00433839
113986 0.00472394
113823 0.00517911
113463 0.00404531
113461 0.0021978
113258 0.00538315
113410 0.00563991
113371 0.00438982
113497 0.00581395
113877 0.00701344
113698 0.00604728
113324 0.00494132
113941 0.0021322
113723 0.00521105
113320 0.00627716
113828 0.00358166
113572 0.00329567
113870 0.00445186
113995 0
113272 0.00279677
113266 0.0263158
113796 0.00268276
113957 0.00461361
114136 0.00913242
113777 0.0037037
113950 0.00337838
113537 0.00612903
113644 0.003547
113662 0.00541656
113654 0.00415251
113724 0.00467047
113617 0.00554017
114099 0.00508259
113393 0.00391485
113600 0.00619048
113772 0
113602 0.005
113634 0.00587851
113536 0.00474608
113997 0.00566038
113318 0.00418275
113657 0.00542345
113466 0
113276 0.00247601
113685 0.00268456
113332 0
113841 0.00462379
113455 0.00145138
113369 0.00680581
113476 0.00205867
114137 0.00467047
113622 0.00531032
113832 0.00411184
113791 0.00462606
113835 0.00497925
113444 0.00265252
113457 0.00590842
113404 0.00329761
113857 0.0062954
113666 0.00747737
113986 0.0033293
113829 0.00352941
113456 0.00534938
113854 0.00333333
113610 0.00354381
113719 0.00628627
113981 0.00372024
113829 0.00251889
113764 0.00288184
113285 0.00269542
113661 0.00533672
113953 0.00321285
113576 0.00289715
113453 0.00222618
113588 0.00320073
113869 0.00579092
114111 0.00235571
113606 0.00286533
113761 0.00612423
113626 0.00289762
113691 0.00433944
113860 0.00500626
114127 0.00359712
113492 0.00515759
113641 0.00510204
113388 0.00324254
113620 0.00368834
113388 0.00383632
113280 0.00503356
113922 0.00469012
113265 0.00285578
114129 0.00425532
113997 0.00320924
113601 0.00457317
113513 0.00529101
113715 0.0052356
113790 0.00439174
113367 0.00323415
113691 0.00551133
113289 0.0108992
113771 0.00492611
113588 0.00590796
113846 0.00506146
114098 0.0181818
113800 0.00223339
113365 0.00322234
113264 0.00186916
113344 0.00217865
113350 0.00186706
113926 0.00442478
114025 0.00353107
113653 0.00451807
113510 0.00878004
113695 0.00464468
113885 0
113997 0.0056338
113720 0.00327103
113862 0.00458716
113888 0.00615764
113661 0.00524541
113253 0.00566929
114133 0.00295712
113423 0.00589536
113984 0.00652579
113496 0.00506971
113440 0.00332594
113502 0.00251678
113688 0.00571429
113351 0.00471698
113849 0.00447539
114136 0
113777 0.00184502
114108 0.00575632
113353 0.00341588
113834 0.00434075
113695 0.00381316
113871 0.00476324
113612 0.00558399
113509 0.00726216
113785 0.00492958
113639 0.0031746
113283 0.00189215
113759 0
113491 0.00463269
113518 0.00501393
113391 0.00262467
113502 0.00372208
113499 0.00643501
113900 0.00517241
113470 0.0035461
113320 0.00421719
113984 0.00601295
113725 0.00253004
113946 0.00243704
113682 0.00434573
114127 0.0037037
113879 0.00581114
113538 0.00430828
113380 0.00411002
113680 0.0113636
113500 0.00545455
113665 0.00452148
113511 0.00778816
113353 0.00270514
113921 0.00854701
114111 0.00497512
113246 0
113256 0.00475059
114106 0.0133495
113383 0.00478851
113588 0.00293255
114021 0.00619469
113793 0.00665716
113696 0.00746269
114127 0.00360577
113515 0.00477454
113368 0.00560748
113899 0.00782014
113800 0.00481155
114098 0.0208333
113504 0.00556328
113854 0.00587293
113825 0.00522496
113782 0
113639 0.0039019
113976 0.00544662
113996 0.00362647
113404 0.00690226
114111 0.00492207
113391 0.00259605
113974 0.00328407
113823 0.00266667
113936 0.00379427
113983 0.00570497
113408 0.00487805
113803 0.0027416
113833 0.00387222
113933 0.00380331
113332 0
113534 0.00565682
113571 0.00350058
113544 0
113664 0.00375657
113991 0.00338983
113377 0.000957854
113444 0.00395115
114019 0.00175439
114108 0.00480307
113634 0.00532946
113964 0.00515706
113384 0.00444444
113359 0.00442641
113517 0.0058698
113897 0.00600919
113949 0.00228833
113891 0.00549451
113832 0.00528365
113956 0.00574018
113891 0.00577859
113414 0.00516796
113436 0.0078125
113686 0.00222058
113831 0.00459418
113415 0.00594001
113319 0.00374532
113773 0.00604839
113415 0.00501139
113614 0.00704887
114122 0.0113208
113605 0.00507218
113628 0.00726073
113964 0.0052943
113488 0.00532172
113550 0.00363372
113407 0.00420058
113862 0.00404984
113626 0.00284765
113901 0.00759669
113876 0
113654 0.00486697
113932 0.00522015
113963 0.002331
113796 0.00453721
113606 0.00281294
113877 0.00400458
113584 0.00357782
113442 0.0151515
113994 0.00846024
113987 0.00339674
113619 0.0014742
113599 0.00369624
113256 0.00475907
113275 0.00193798
113335 0.00151057
113666 0.00488683
113401 0.00645624
113251 0.00405268
113926 0.00543706
113291 0.00226244
113940 0.00506213
113407 0.00461894
113835 0.00326371
113583 0.00793651
113854 0.00737463
114020 0.00142248
113912 0.00730412
113846 0.00692384
113612 0.00563204
113260 0.00417738
113727 0.0037296
113540 0.00594943
113410 0.00573671
113902 0.00447628
113275 0.00137237
113804 0.00473709
113284 0.00444198
113717 0.00207684
113583 0.00609343
113350 0.00398633
113702 0
113386 0.00431406
113365 0.00587947
113627 0.00365497
113952 0.0047619
113535 0.00372093
114133 0.00700191
113827 0.004662
113283 0.0112676
113864 0.00609756
113660 0.00355601
113279 0.00369231
113758 0.00191939
113603 0.00290276
113357 0.00554995
113612 0.00313676
113396 0.00403388
113818 0.0051619
113819 0.00715381
113486 0.00533049
113308 0
113369 0.00217707
113354 0
113933 0.00372208
113431 0.00763359
113370 0.00550314
113845 0.00543109
113283 0.0056926
113927 0.00450919
113715 0.00374532
113492 0.00234055
113562 0.00407609
113829 0.00492611
113657 0.00551398
113777 0.00365854
113379 0.00467532
113501 0.0066778
113476 0.00473244
113999 0.00534045
113244 0.00251889
113723 0.00491228
113881 0.00992556
113621 0.00434153
113468 0.00288878
113722 0.00470588
113394 0.00589753
113348 0.00680934
113683 0.0039886
113864 0
113354 0
114098 0
113275 0.0035784
113766 0.00531287
113423 0.00489237
113910 0.00666667
113850 0.003663
113644 0.00283432
113852 0.00440529
113261 0.00644202
113785 0.00603528
113761 0.0075406
114108 0.00325733
114134 0.00313603
113569 0.00511364
113274 0.00364721
113256 0.00736498
113999 0.00749064
113840 0
113550 0.00527241
114137 0.00591304
113463 0.00474777
113952 0.00175131
113655 0.00458015
113415 0.00268697
113540 0.00449236
113669 0.00497512
114109 0.00315457
113462 0.00768861
113924 0.003854
113980 0.00213675
113938 0.00610445
114021 0.00540054
113654 0.00481622
113964 0.00521512
114118 0.00780234
113659 0.00208551
113545 0.0062333
113864 0.0128755
113247 0.00549451
113883 0.00367309
113379 0.00540358
113933 0.00601915
113544 0.00628931
114135 0.00719424
113276 0.00374532
113590 0.0036036
113824 0
113702 0
113371 0.00464253
113610 0.00618459
114126 0.00512528
113914 0.00551471
113618 0.00566488
113455 0.003861
113843 0.00613497
113936 0.00431593
113318 0.00591133
113387 0.00644864
113875 0.00468247
113601 0.00279416
113991 0.00496032
113391 0.00398724
113462 0.00578211
113686 0.0045489
113360 0.00428266
113479 0.00215517
113892 0.00704441
113515 0.0034705
113601 0.00359874
113758 0.00518135
113684 0.0078125
113496 0.00462677
113930 0.00457666
113796 0.00497512
113993 0.00184162
113845 0.00658514
113776 0.00216294
113459 0.00614439
113667 0.00382555
113720 0.00182565
113502 0.00438596
113396 0.00390829
113600 0.00706215
113650 0.00517911
113931 0.00376583
113315 0.00657895
113432 0.00425935
113380 0.00332542
113726 0.00670712
113517 0.0070373
113495 0.00597907
113760 0.00384615
113922 0.00370745
113823 0.00393185
113500 0.00599475
113802 0.00286807
113489 0.00667854
113348 0.00288277
113688 0.00637233
113496 0.00530888
113501 0.00604961
113415 0.00423985
113686 0.00217391
113941 0.0045977
113290 0.00717703
113514 0.00438982
113590 0.00621891
113641 0.00364964
113977 0.00494234
113881 0.00291121
113480 0.00311139
113963 0.00482315
113284 0.00157895
113253 0.00698254
113541 0.00617496
113315 0.00564175
113690 0.00274574
113688 0.00585586
113258 0.00539447
113682 0.00263389
113583 0.00555011
113487 0.00544824
113457 0.00508582
113468 0.00255265
113784 0.0036049
113892 0.00348129
113317 0.00283126
113959 0.00206186
113852 0.00391773
113842 0.00355619
113477 0.00221239
113397 0.00275989
114021 0.00544959
113949 0.00444444
113442 0.00679348
113494 0.00565238
113408 0.00378549
113829 0.0020284
113481 0.00540541
113900 0.00352113
113830 0.00297177
113269 0.0047619
113487 0.00440667
113659 0.00481928
113471 0.0033732
113931 0.003985
113959 0.00634417
113909 0.00816327
113629 0.00278242
113659 0.00473684
113686 0.00535332
113510 0.00381008
113954 0.00553141
113453 0.00395431
113324 0.00415628
114127 0.00850547
113319 0.00464253
113910 0.00412466
113939 0.00276753
113467 0.00464253
114100 0.00353714
113789 0.00616469
113765 0.00619835
113803 0.00804829
113789 0.0044757
113976 0.0030581
113606 0.00604412
113392 0.00642451
113980 0.00512582
113255 0.00457317
113830 0.00426439
113508 0.00561798
113322 0.00602219
114132 0.00656814
114100 0.00573066
113652 0.00546022
113985 0.00513285
113856 0.00679561
113572 0.00508744
114017 0
113600 0.00542611
113579 0.00501672
113763 0.00581395
113825 0.0061674
113800 0.00443213
113948 0
113670 0.00360732
113969 0.00531915
114134 0.00377121
113408 0.00567108
113445 0.00474183
113407 0.00377786
113343 0.00596125
113597 0.00649351
113816 0.00461681
113832 0.00453421
113726 0.00332858
113352 0.00666667
113443 0.00416089
113693 0.00576497
113869 0.0052356
113694 0.00409277
113923 0.00560287
113360 0.00624783
113545 0.00313087
113804 0.00653595
113622 0.00387597
114017 0.0344828
113318 0.00441393
113362 0.00620712
113616 0.00479157
113310 0.00321285
113801 0.00652884
113320 0.00518471
113260 0.00681699
113452 0.00480923
113432 0.00379327
113833 0.00194081
113682 0.00498398
113515 0.0041958
113912 0.00409184
114019 0.00380435
113495 0.0042333
113243 0.00482625
113625 0.00556101
113985 0.00740056
113370 0.00478469
113934 0.00557377
113959 0.00542005
113696 0.0058651
113362 0.00405542
113270 0.00238322
114128 0.00643317
113983 0.00557991
113948 0.00647668
113345 0.00588813
113995 0.00574713
113337 0.00347222
113285 0.00985829
113303 0.00185529
113248 0.0043753
113347 0.00469799
113956 0.00412277
113609 0.00425532
113269 0.00283889
113352 0.00884956
113441 0.00827206
113983 0.00349447
114112 0.00511073
113580 0.00393895
113463 0.0037594
113974 0.00321543
113580 0.0049776
113827 0.00604651
113272 0.00334448
113306 0.00531161
113380 0.00527578
113792 0.00599315
113996 0.00673195
113987 0.00264026
113994 0.00615114
113949 0.0124688
113884 0.0042735
113620 0.00245776
114115 0.00561404
113479 0.00537634
113517 0.00426136
113493 0.00615086
113406 0.00413068
114112 0.00411946
113503 0.01
114021 0.00148368
113440 0.00327511
113909 0
113261 0.00664347
113650 0.00439975
113597 0.00517688
113463 0.00583745
113635 0.00402921
114103 0.00607903
113927 0.00405223
113469 0.00552209
113923 0.0067757
113605 0.00496689
113661 0.00392157
113540 0.00421348
113903 0.00586667
113869 0.00494604
113639 0.00404858
113488 0.00259235
113573 0.00751127
113477 0.00508302
113842 0.00746269
113394 0.00367557
113718 0.00374251
113467 0.00407013
113621 0.00441919
113849 0.00610902
114025 0.00575954
113534 0.00244499
113876 0.000994036
113579 0.00980392
113628 0.00576092
113347 0.0039491
113482 0.00378788
113607 0.00329489
113792 0.00239091
113388 0.00428449
113321 0.00357491
114023 0.00283057
113684 0.00803213
113462 0.00610501
113688 0.00509287
113351 0.00467144
113461 0.00883002
113482 0.00256881
113852 0.00296296
113633 0.00650759
113322 0.00405885
113518 0.00438116
113982 0
113704 0
113633 0.00231125
113978 0.00435866
113423 0
113620 0.0051306
113785 0.00485774
113635 0.00372162
113670 0.00462606
114124 0.00523364
113625 0.00400534
113760 0.0081367
114106 0.00578453
113346 0.0057161
113386 0.00307692
113393 0.00275916
113367 0.00541872
113283 0.00440529
113544 0.00651466
113926 0.00390734
113762 0.00242131
113469 0.00435219
113309 0.00310945
113395 0.00564417
113874 0.00356189
114018 0.00431965
113518 0.00736842
113303 0.00378788
113622 0.00346566
113290 0.00318979
113405 0.00636792
113850 0.00740741
113881 0.00858369
113379 0.00559441
113624 0.00545094
114018 0.00437637
113758 0.0100251
113244 0.00716332
113332 0.0153846
113799 0.00518583
113385 0.00606061
113480 0.00796569
113381 0.00633837
113888 0.00282619
113343 0.00486539
113771 0.00447761
113441 0.00261097
113960 0.00504202
113495 0.00494896
113938 0.00721649
113248 0.00604433
113574 0.00415512
113821 0.00503145
113609 0.00443951
113977 0.00351288
113627 0.00489237
113541 0.00357654
113268 0.00404858
113977 0.00464396
114022 0.00581818
113658 0.00596421
113485 0.0103448
114020 0.00213675
113966 0.0040201
113680 0.011976
113946 0.0043273
113704 0.00581677
113996 0.00392749
113479 0.005
113941 0.0109091
113508 0.0136054
113662 0.00488069
113925 0.00549262
113953 0.00522345
113248 0.00816131
113611 0.00567108
113672 0.00509804
113683 0.00180995
113863 0.00430571
113668 0.00247647
113875 0.00708038
113440 0.00424448
113537 0.0077821
113414 0.00401606
113272 0.00396432
113946 0.00540833
113790 0.00344234
113324 0.00610501
114124 0.0044428
113769 0.00947867
113653 0.00356415
113613 0.00436817
113841 0.0058102
114118 0.00246103
113717 0.0013369
113725 0.00604651
113878 0.00401146
113489 0.00536193
113877 0.00246508
113890 0.00551232
113391 0.00560652
113306 0.00488599
113692 0.00500626
113840 0.00724638
113327 0.00124121
114126 0.00399772
113790 0.00205058
113323 0.00371058
113474 0.00145773
113642 0
113892 0.00626679
113974 0.00598802
113700 0.00321337
113327 0.00438871
113956 0.00409707
113891 0.00415512
113834 0.00578704
113534 0.00543131
114020 0.00733138
113489 0.00795672
113763 0.00404449
113384 0.00537634
113345 0.00195567
113348 0.00422902
113722 0.00479693
114132 0.00206505
114103 0
113876 0.00296296
113377 0.00780488
113323 0.00383693
113885 0.00387597
113469 0.00452944
113387 0.00427899
113471 0.00775901
113966 0.00395844
113562 0.00578871
113878 0.00332088
113617 0.00544174
113782 0.0230769
113804 0.00538998
113319 0.00380469
113401 0.00496278
113484 0.004914
113773 0.00215517
113514 0.00627496
113641 0.00483481
113633 0.00460405
113690 0.00679916
113683 0.00639269
113332 0
113453 0.00331785
113930 0.00422119
113680 0
113843 0.00410397
113885 0.00506329
113276 0.00619048
113995 0.0176991
113759 0.00263158
113794 0.00626959
113701 0.00302521
113324 0.00720367
113695 0.0042042
113934 0.00591447
113494 0.00402851
113795 0.00649652
113888 0.00475888
114103 0.0108401
113960 0.00586725
113670 0.0042885
113353 0.00337648
113966 0.0039312
113840 0
114136 0
113762 0
113455 0.00564175
113335 0.00489716
113431 0.00763359
113914 0.00638978
113507 0.00683928
113567 0
113830 0.00771775
113590 0.00559701
113386 0.00510856
113546 0.00565771
113821 0.00323363
113384 0.00446927
113432 0.00369375
113954 0.00572738
113693 0.00463883
114025 0.00443568
114123 0.00604027
113795 0.0057294
113670 0.00601956
113848 0.00410846
113535 0.0061862
113584 0.00422195
113443 0.00557103
113502 0.0105263
113655 0.00769527
113258 0.00378967
114115 0.00863382
113940 0.00450985
113671 0.0060241
113317 0.0034904
113436 0
114105 0.00414938
113870 0.0077837
113567 0.00142248
113616 0.00192678
113379 0.00212427
113302 0.00318878
113642 0
113442 0.00732601
113272 0.00712295
113656 0.00514517
113259 0.00270677
113346 0.00724638
113246 0.00787402
113476 0.00587921
113535 0.00572519
113888 0.0041841
113414 0.00378788
113613 0.00651466
113658 0.0058651
113318 0.00331126
114135 0.00152207
114099 0.00743494
113981 0.00326442
113770 0.00359712
113513 0.00303337
113317 0.00338983
113930 0.0029191
113762 0
113860 0.0122449
113611 0.00363196
114122 0.00626959
113767 0
113467 0.0051619
113625 0.00648379
113694 0.00575758
113614 0.00194426
113985 0.00788782
113997 0.00580084
113573 0.00556931
113491 0.00597907
113821 0.00481734
113932 0.00487578
113827 0.00330927
113849 0.00376176
113700 0.00423591
113652 0.0033557
113763 0.00802568
113248 0.00285714
113581 0.00385171
113962 0.00304723
113266 0
113794 0.00471063
113285 0.00749559
113892 0.00549199
113322 0.0050521
113921 0
113824 0.00568182
113486 0.00424929
113672 0.00336449
113787 0.00601604
113766 0.0032538
113697 0.00364078
113879 0.0050141
114128 0.00449326
113660 0.0026455
113347 0.00334225
113618 0.00375704
113899 0.003125
114023 0.003125
113328 0
113279 0.0062819
113255 0.00652921
113691 0.00537975
113764 0.00413793
113328 0
113422 0
113721 0.00323625
113322 0.00465983
113536 0.00225879
113897 0.00689417
113486 0.00391389
113270 0.00234852
114105 0.00417537
113344 0.00890208
113705 0.00439239
113987 0.00650477
113321 0.0066285
113772 0.00100908
114112 0.00602107
113723 0.00446582
113818 0.00514469
113842 0.00406229
113576 0.00519866
113932 0.00531738
113623 0.00332858
113718 0.00908403
113796 0.00570071
113253 0.00277521
113784 0.0081716
113722 0.00292398
113615 0.00485437
113368 0.00484848
113816 0.00189394
113883 0.00481
113621 0.00602983
113846 0.00433526
113567 0.00680272
113896 0.0021978
113308 0.00775194
113771 0.0051306
113903 0.00653061
113406 0.00488202
113274 0.00303337
113368 0.00364133
113633 0.00816915
113581 0.00453583
113886 0.0054001
113620 0.00278293
113444 0.00392377
113667 0.00575705
113310 0.00762195
113875 0.00727096
114122 0.00299401
113991 0.00900047
113266 0
113845 0.0066313
113580 0.00441084
113365 0.0029703
114019 0.00401284
113321 0.00574988
114018 0.00662252
113369 0.00348675
113899 0.00460829
113507 0.00421941
113356 0.00423131
113830 0.00365764
113986 0.0041841
113931 0.00484541
113877 0.00835422
113978 0.00379867
113303 0.00500626
113404 0.00604108
113356 0.00240891
113767 0
113515 0.00401204
113544 0.00330033
113499 0.0027248
113685 0.00357675
113767 0
113770 0.00498753
114123 0.00516885
114106 0.00373972
113476 0.00460177
113724 0.00506329
113247 0.00263992
113347 0.00323326
113932 0.00383676
113869 0.00350263
113576 0.00483715
113611 0.00528936
113393 0.0038625
113354 0
113343 0.00349317
113871 0.00571755
113857 0.00264288
113246 0.00507614
113719 0.00619195
113370 0.00515464
113924 0.00539084
113602 0.00489716
113250 0
113491 0.00264725
113653 0.00763942
113776 0.00370645
113693 0.0034965
113936 0.00367959
113624 0.00453074
113664 0.00516396
113540 0.00195567
113337 0.00371496
113976 0.00637959
113371 0.00421941
114123 0.00470465
113645 0.00410448
113799 0.00245298
113491 0.00255493
113396 0.00322841
113510 0.00515685
113472 0.00247036
113843 0.00636943
114134 0.00406174
113923 0.00520494
113485 0.00502513
113251 0.00211491
114024 0.00500227
113494 0.00473653
113862 0.00664137
113685 0.00489446
113351 0.00710227
113397 0.00379747
113250 0.0188679
113407 0.00536125
113793 0.00501433
113514 0.005
113469 0.00599002
113500 0.00445434
113265 0.00469337
113256 0.00529532
113884 0.00452625
113690 0.00667838
113357 0.00494382
113726 0.00441223
113762 0.00230415
114129 0.00723182
113247 0.00598205
113700 0.00154719
113801 0.00292719
113369 0.00139991
113848 0.0090566
113903 0.00804721
113848 0.00351288
113343 0.00680934
113950 0.00317209
113280 0.00829876
113862 0.00420168
113758 0.00543478
113925 0.00435657
113470 0.00763359
113667 0.00352665
113787 0.00704535
113835 0.00250209
113357 0.0038835
113863 0.00442478
113362 0.00587084
113396 0.00560224
113701 0.00433912
113580 0.00552486
113513 0.00486618
113946 0.00314589
113878 0.00492468
113788 0.00433088
113550 0.00763359
113357 0.00696056
113764 0.00682261
113309 0.00476417
114123 0.00519481
113571 0.00568182
113289 0.00921659
113777 0.00249688
113617 0.00981767
113763 0.00746269
113698 0.00427655
113588 0.00468019
113536 0.00570613
113500 0.00226501
113495 0.00531401
113948 0.00733945
113319 0.00491703
113760 0.00688073
113584 0.00651769
113384 0.00310318
113719 0.00469704
113459 0.0041919
113789 0.00260078
113693 0.00585556
113497 0.0040228
113652 0.00383583
113367 0.003367
113856 0.00618876
113933 0.00826105
113541 0.00406504
113291 0.00213068
113876 0.00385728
113387 0.00691313
113581 0.00397919
113503 0
113244 0.00430339
113694 0.00451875
113474 0.00750469
113540 0.00409836
113488 0.00374787
113466 0.00369686
114133 0.00625903
113404 0.00529381
113931 0.00479124
113406 0.00362694
113408 0.00447336
113443 0.00570342
113937 0
113828 0.00633276
114106 0.00647948
113981 0.00521221
113423 0.00221893
114128 0.00747384
113436 0
113962 0.00290698
113884 0.00325279
113550 0.00290698
113536 0.00299581
113271 0.00144092
113489 0.00316156
113575 0.00364631
113359 0.0031679
113645 0.00695518
113759 0.00740741
113607 0.00305914
113624 0.00529355
113576 0.00481
113910 0.00449843
113922 0.00369324
113303 0.00809889
113924 0.00606673
113457 0.00469043
113290 0.00482315
113461 0.0027416
113393 0.00436469
113431 0
113616 0.00338819
113879 0.0041949
113289 0.00383877
113260 0.00479386
113635 0.00479072
113274 0.00570885
113851 0.00425393
113438 0.0025413
113279 0.00549451
113934 0.00477056
113669 0.00350877
113562 0.0041841
113285 0.00592969
113255 0.00437477
113284 0.00617284
113621 0.0042654
113659 0.00788955
113401 0.00330969
113623 0.00436242
113642 0
114105 0.0066313
113816 0.00681115
113692 0.00173913
113397 0.00363471
113335 0.00382226
113352 0.0181818
113601 0.003861
113880 0.00503145
113851 0.00501002
113726 0.00277778
113785 0.00395062
113939 0.00548321
113773 0.00343407
113772 0.0028777
113582 0.0027946
113925 0.00464253
113717 0.00289855
113440 0.00540958
114135 0
113472 0.00793651
113914 0.00267176
113497 0.00414293
113318 0.00411184
113937 0.00376648
113700 0.00442696
113822 0.00444198
113995 0.00564972
113487 0.00502765
113986 0.00420168
113851 0.00470746
113511 0.00624783
113953 0.00574053
114124 0.00717835
113655 0.00521092
113671 0.00862069
114135 0.0090978
113911 0.00499412
113901 0.0101215
114017 0
113545 0.00478011
113794 0.00276116
113513 0.00503778
113468 0.00779459
113337 0.00571045
113770 0.00233281
113819 0.00147856
113863 0.00598291
113511 0.00452017
113582 0.00415734
113360 0.00725765
113456 0.00491481
113833 0.00380228
113885 0.0025
113575 0.0061862
113834 0.00463142
114129 0.00650936
113352 0.0140845
113359 0.00382077
113822 0.00397727
113365 0.00545571
113603 0.0070086
113704 0.00357956
113818 0.00328407
113860 0.00202429
113466 0.0058309
113323 0.00483247
113950 0.00359712
113582 0.00866218
113954 0.00492072
113405 0.00565971
113482 0.00681004
113321 0.00140384
113715 0.00252525
113581 0.00492611
113870 0.00422416
113482 0.00549149
113827 0.00503256
113718 0.00259336
113599 0.00511509
113831 0.00881057
113660 0.00375188
113367 0.00499688
113302 0.00252685
113634 0.00675024
113575 0.00886263
113863 0.00322061
113960 0.00432744
113280 0.00928074
