114122 0
113890 0.00242131
113442 0.025
113914 0.00322878
113405 0.0052356
113367 0
113266 0
113803 0.00344828
113682 0.00360198
113938 0.0043122
113607 0
113981 0.00405954
113767 0
113623 0.00239952
113684 0.00787402
113487 0.00526932
113930 0.00266099
113766 0.00615385
113862 0
113717 0.00714286
113991 0.00169205
113612 0.00115875
113684 0.0217391
113946 0.00153139
113265 0
113546 0.00175285
113320 0
113275 0
113842 0.00414938
113850 0.00267237
113606 0.00584112
113423 0.00404858
113884 0.00393038
113978 0.00114416
113891 0.00511945
113384 0.003663
113452 0.00652432
113470 0.00171821
113348 0.00375235
113265 0.00470865
113256 0.00364964
113984 0.00276091
113996 0.00518135
113574 0.00570125
113953 0.00311526
113324 0.00472813
113276 0.00286369
114017 0
113680 0
113695 0.0057241
113540 0
113545 0.00435256
113845 0.00117371
113584 0.00361011
113788 0.00401929
113666 0.00290839
113984 0.00117233
113489 0.00528169
113672 0.00272665
113785 0.00177305
113761 0.00538793
113842 0.00440529
113897 0.00369686
113870 0.00106838
113857 0.00428922
113503 0
113996 0.00175747
113571 0.00282885
113283 0
113431 0
113259 0.00306937
113480 0.00119332
113666 0.00336862
113545 0.00928793
113964 0.00229358
113884 0.00403691
113851 0.00406504
113348 0.00300481
113482 0.0041841
113384 0.00144404
113489 0.00531915
113902 0.00498339
113722 0.004662
113969 0.00729927
113770 0.00271003
113860 0
114100 0.00275482
113921 0
113275 0.00338028
113903 0.00319489
113869 0.00328947
113515 0.00313087
113881 0
113960 0.00133156
113821 0.00220264
113701 0.00358423
113932 0.00641026
113884 0.00357143
113843 0
113666 0.00152672
113835 0.00380807
113481 0.00595238
113345 0.00463499
113502 0.00510204
114024 0.0055336
113953 0.00221729
113926 0.00289436
113854 0.00207469
113995 0
113900 0.00209205
113615 0.0066778
113354 0.00763359
113948 0.00472813
113791 0.00193424
113624 0
113937 0
113601 0.0044843
113603 0.00241255
113280 0.00631579
113980 0.00461681
114124 0.00266489
113246 0
113601 0.00495868
113472 0.0034384
113785 0.00269542
113496 0.00780781
113954 0.00465116
113272 0.00171527
113823 0.00599315
113900 0.0184049
113335 0.00282486
113463 0.0021645
113852 0.017341
113466 0
113615 0.0061237
113851 0.00481638
113715 0
113321 0
113792 0
113469 0.002936
113622 0.00343446
113949 0
113319 0.00461361
113799 0.0151515
114022 0.00277521
113881 0
113397 0.00642055
113874 0.00164745
113727 0.00990099
113794 0.00255319
113830 0.00423131
113476 0.00422833
113800 0.00458015
113397 0.00231616
113318 0
113850 0.00164204
113633 0.00345423
113379 0.00387097
113999 0.00717703
113803 0.00186916
113925 0.00514801
113344 0
113667 0.00345543
113843 0.00531915
113315 0
113452 0.0036036
113386 0.00433839
113834 0.00288184
113660 0.00337675
114108 0.00375235
113788 0.0033557
113290 0
113405 0.00350109
113936 0.00262467
113802 0.00680272
114115 0.00253968
113407 0.00340964
113874 0.00465839
113625 0.00232558
113841 0.00230947
113309 0.00117578
113664 0.00292683
113800 0
113693 0.00402576
113510 0.00341297
113892 0.00283607
113404 0.00338983
113379 0.00565682
113941 0
113722 0.00512821
113721 0.00392927
113363 0.0053286
113626 0.00238806
113575 0.00544465
113261 0.0016835
113892 0.00391718
114023 0.00477327
113981 0.00367647
113414 0
113939 0.00407
113878 0.0032
113272 0.00120048
113981 0.00420168
113641 0
114025 0.00499584
113724 0.00250784
113371 0.00367647
113665 0.00443656
113308 0
113597 0.00397456
113821 0.00527903
113350 0.000690131
113535 0.00229489
113431 0
113574 0.00458716
113671 0
113332 0.0384615
113977 0.002079
113765 0
113480 0.00657895
113383 0.00375235
113474 0.00350877
113986 0.00346021
113484 0.00443319
113405 0.00309051
113535 0.0052356
113931 0.00471698
113896 0.00376884
113825 0.0026469
113599 0.00247066
113346 0.00335946
113562 0.00240964
113477 0.00373134
113258 0
113927 0.00177226
113932 0.00263852
113385 0
113758 0
113771 0.00278552
113518 0.000670241
113667 0.0019685
113718 0.00903614
114134 0.00306513
113488 0.00303214
113978 0.00567108
113984 0.00498339
113759 0.00520833
113794 0.0034965
113324 0.00228137
113503 0.0135135
113495 0.0040674
113401 0
113455 0.00257732
113588 0.00668896
113443 0.00177936
113514 0.0035461
113923 0.00479425
113715 0
113611 0.00341297
113455 0
113863 0.00379867
113369 0.00262697
113455 0
113466 0.00337838
113863 0.00481696
113377 0
113639 0.00292113
113923 0.00210349
113654 0.0013369
113857 0
113630 0.010989
113841 0.00248756
113396 0.00512582
113623 0
113253 0.0041841
113597 0.0021978
113268 0.0043956
113255 0.00373134
113864 0.00696864
113700 0.00556586
113436 0.00952381
113724 0.00373832
114122 0.00757576
113270 0.00481058
113828 0.00277393
113461 0.00465116
113832 0.00543478
113440 0
113393 0.00270027
113842 0.0013587
113963 0
113773 0
113540 0.00498339
113658 0
113386 0.00461538
113269 0.003861
113404 0.00292113
114123 0.00311915
113924 0.00129199
113633 0.00177778
113822 0.00259336
113502 0
113960 0.00220751
113769 0.00290698
113763 0.010582
113773 0.0012837
113878 0.00369588
113385 0.00218818
113921 0
113550 0.00226244
114022 0.0026362
113724 0.00361446
114127 0.00231481
113624 0.00418911
113870 0.00437318
114106 0.00403226
114100 0.00189036
113574 0.00399315
113266 0
113828 0.00247525
113642 0
113493 0.00235433
113963 0.0058651
113796 0.00512383
114118 0.00282087
113910 0.00304414
113346 0.0045403
113959 0.00201816
113386 0.00445434
113323 0.00352941
113270 0.00351083
113760 0.00154083
113702 0.00677966
113777 0.00647948
113761 0
113344 0.00380228
113848 0.00316456
113953 0.00455581
113650 0.00246103
113394 0.00451875
113274 0.00232423
113952 0.00584795
113924 0.00287121
113472 0.00177305
113725 0.00167785
113764 0.00797448
113356 0.00721154
113513 0.00362757
113494 0.00171429
113661 0.00646766
113264 0.00328947
113993 0.0043956
113763 0.00177936
114136 0
113726 0.00332226
113253 0.00614628
113567 0
113534 0.00162602
113795 0.0052356
113661 0.00151515
113989 0.00270124
113669 0
113600 0.0042245
113580 0.00535396
113634 0.00464846
113536 0.00439078
113656 0.00293686
113269 0.00330579
114017 0
113353 0.00218341
113394 0.00134228
113393 0.00277649
113583 0.00292056
113831 0.004
113702 0
113370 0.00377358
113356 0.00531915
113471 0.00282646
113656 0.00729927
113688 0.00378788
113474 0.00111919
114098 0
113719 0.00173913
113258 0.00242424
113652 0.00377003
113441 0
113406 0.00327256
113440 0.00407747
113888 0.00181818
113962 0.00278552
113319 0.0034463
113486 0.0036855
114018 0
113351 0.0049505
113938 0.00883838
113310 0.00527983
113825 0
113969 0.00222717
113790 0.00395257
113627 0.000928505
113384 0.00219298
113302 0.00352941
113642 0
113501 0.00427807
113926 0.00424403
113323 0.00365631
113440 0.00835073
113279 0.00420168
113613 0.0035693
113442 0
113379 0
113877 0
113789 0.00343053
113667 0.00206469
113487 0.0018315
113841 0
113692 0
113616 0.00117233
113303 0.00225564
113395 0.00138953
114022 0.0106101
113645 0.00263158
113946 0.00296589
113657 0.00440529
113875 0.00163132
113350 0.00437637
113698 0.00069541
113912 0.00600962
113244 0
113653 0.00375059
113485 0.00526316
113499 0.00665004
113926 0.00254582
113508 0
113702 0.003861
113582 0.0053066
113410 0.00215866
113445 0.00331565
113370 0.00180668
113854 0.00416667
113258 0.00178042
113422 0
113272 0.00175336
113271 0.0043024
113248 0.00265722
113793 0.00172265
113668 0.00421179
114115 0.0018797
113343 0.00601202
113614 0.0030175
113888 0.00170164
113546 0.00603969
113590 0.00346021
113534 0.00346821
113799 0.00487805
113720 0.003544
113969 0.00460829
113567 0.00265252
113504 0
113317 0.00205973
113511 0.00996016
113576 0.00598444
113456 0.00381679
113260 0
113607 0.00364742
113356 0.00221729
113562 0
113897 0.00709677
113995 0
113794 0.0025641
113576 0.00372671
114127 0
113541 0.00459016
113250 0
114111 0.00431965
113479 0.00501882
113686 0.00519481
113387 0.000533618
113819 0
113501 0.00344828
113275 0.000584112
113986 0.0031463
113306 0.00602007
113459 0.00271003
113489 0.00341686
113515 0.00316056
113284 0.00291545
113688 0.00325733
113285 0.00472813
113494 0.00348432
113909 0.00444444
113782 0
113695 0.00535714
114135 0.00408163
113802 0.00566893
113492 0
113769 0.00581395
113468 0.002849
113576 0.00582524
113441 0.00319489
113260 0.00475342
113583 0
113493 0.00340136
113322 0.00282805
114023 0.00147929
113795 0.00250627
113310 0.00573066
113776 0.00249066
113444 0.00204082
113268 0.000629327
113541 0.00567465
113484 0.00411523
113504 0
113448 0.00321543
113432 0.00249688
113436 0.0111111
113415 0.00105876
113653 0.0051716
113623 0.00236686
113690 0.00131406
113407 0.00144718
114133 0.00304692
113388 0.00243309
113448 0.00478469
113597 0.00461184
113899 0.00121359
114020 0
113693 0.004329
113801 0.00408163
113785 0
113280 0.0052356
113467 0.00457928
113243 0.00118694
113620 0
113670 0.00431241
113550 0.00222058
113360 0.00579151
113332 0
113513 0.00376648
113697 0.00289436
114106 0.0071736
113978 0.0011274
113580 0.00176263
113933 0.00652529
113271 0.00237671
114123 0.00604839
113280 0.003663
114099 0.00226757
113957 0.00239923
113862 0.00281849
113445 0.00194932
113957 0.0013587
114124 0.0038835
113408 0.00461894
113621 0.00304692
113787 0.00428449
113715 0.00462963
113801 0.00268456
113670 0.0028777
113491 0.00378072
113671 0
113759 0.00487805
113415 0.00637312
113619 0.0041791
113985 0.00505902
113804 0.00115207
113877 0.00496032
113642 0.02
113354 0
113933 0.00203046
113327 0.0040032
114132 0.00315457
113789 0.0074813
113495 0.00854701
113627 0.0047081
113470 0.00245851
113387 0.00372539
113790 0
113816 0.00645161
113621 0.00362976
113792 0
113260 0.000594884
113567 0.00735294
113877 0.00213675
113725 0.00410317
114103 0
113725 0
113351 0.0011236
114112 0.00184729
113438 0.00152672
113665 0.00269421
113255 0.00194049
113869 0.00682982
113769 0
113654 0.00324525
113612 0.00278242
113822 0.003367
113878 0.00425532
113909 0
113767 0
113302 0
113499 0.00254453
113790 0.00411862
113962 0.00271248
113486 0.00409836
113927 0
113569 0.00302115
113588 0.00294638
113605 0.00204221
113819 0.00187383
113771 0.00534283
113279 0.00368732
113385 0.00420168
113788 0.0025641
113909 0
113994 0.00362882
113620 0.00288517
113977 0.00671141
113654 0.00535236
114129 0.00680272
113590 0.00556174
113392 0.00292398
113871 0.00161031
113845 0.00346021
114099 0.00464037
113462 0.00157233
113846 0.0056872
113285 0.00304878
113250 0
113922 0.00426257
113603 0.0046811
113308 0
113571 0.00436047
113359 0.00255754
113510 0.0015983
113469 0.00555213
114098 0
113982 0.011236
113957 0.00325885
113843 0
113691 0.00410317
113821 0.00293255
114021 0.00336134
113422 0
113765 0.00404858
113377 0.00571429
113701 0.00609756
113723 0.00363416
113493 0.00493827
113284 0
113704 0.00562852
113910 0.00274424
113361 0.00247219
113880 0.00540123
113347 0.00691244
114024 0.00301205
113380 0.0030581
113954 0.00148148
113804 0.0047142
113720 0.000570776
113320 0.0029976
113985 0.00154799
113885 0
113639 0.00477099
113669 0.00593472
114098 0.03125
114118 0
113700 0.00480192
113247 0.000977517
113655 0.00363802
113776 0.00380711
113327 0.00233645
113514 0.00218341
113950 0.00148368
113655 0.00417246
114020 0.00536193
113471 0
113562 0.00235849
113317 0.0128205
113691 0.00359712
113536 0.00531915
113544 0.00149254
113883 0.00277316
113856 0.00289017
113572 0.00636943
113469 0.00373134
113657 0.00144858
113888 0.00468658
113291 0.001321
113717 0.00383632
113622 0.00364964
113940 0.0030581
113499 0.00321543
114103 0
113840 0
113572 0.00365186
113383 0.004158
113698 0.00440529
113879 0.00480769
113816 0.00537634
113359 0.000629723
113246 0
113879 0.0017762
113650 0.00275482
113479 0.00507614
113510 0.00320513
113635 0.00386473
113610 0.00427873
114128 0.00369004
113723 0.00126263
113448 0.00550459
113840 0.00934579
113611 0.00294118
113317 0.0031679
113582 0.00297796
113550 0.0015015
113931 0.00210261
113482 0.00384615
113762 0
113248 0.00249377
113606 0.0040674
113518 0.00270819
113966 0.00559701
113511 0.0031407
113901 0
113575 0.00224845
113795 0.00319744
113982 0
113856 0.00669856
114134 0.00217865
113457 0.00345423
113617 0.00572082
113264 0.004329
113659 0
113321 0.00109111
113466 0
113362 0
113264 0.00428266
113406 0.00306748
113796 0.00429553
113854 0.00138026
113614 0.00189394
113474 0.00164474
113672 0
113934 0.00256739
113963 0.0117302
113686 0.00440529
113846 0.0056338
113857 0.00297089
113590 0.00345224
113369 0.00286533
113619 0.00406977
113365 0.00591716
113620 0.00217037
113645 0.00399002
113892 0.00165289
113283 0.00162075
113343 0.00236686
113350 0.00144404
113886 0.00351494
113656 0.00237417
113290 0
113579 0.00212314
113290 0.00578035
113265 0.00350877
113824 0
113948 0
113787 0
113613 0.00169779
113494 0.00121286
113442 0.0232558
114111 0.00611621
113500 0.00141143
113581 0.00533808
113960 0.00300817
113488 0.00440806
113680 0
113653 0
113722 0.00502513
113641 0.00308483
114100 0.00273973
113452 0.00394366
113672 0.00139958
113989 0.0031348
113927 0.00297746
113626 0.00184957
113401 0.00356506
113392 0.00365464
113438 0
113959 0.00149477
113952 0.00434783
113885 0
113879 0.00415184
113652 0.00144928
113279 0.00223048
113829 0.00149925
113983 0.00542636
113669 0.01
113784 0.00373134
114128 0
113335 0.00438982
113486 0.00271739
113827 0.0040674
113697 0.00362582
113690 0.00251099
113997 0.00566038
113937 0
113463 0.00154202
113721 0.00191693
113328 0
113502 0.00658979
113377 0.0139442
113999 0.00705882
113423 0.00721501
113719 0.00454287
113871 0.00517866
113459 0
113352 0
113501 0.00338983
113368 0.00412007
113584 0
113388 0.00236967
113605 0.00348675
113351 0.00177096
113621 0.0034188
113461 0.00405405
113871 0.00422833
113832 0.00421348
113869 0.00170358
113932 0.00251889
113618 0.00451807
113573 0.00461627
113357 0.00189394
113771 0.00578512
113285 0.00469851
113635 0.00590842
113991 0.00288351
113850 0.00404391
113545 0.00441014
113682 0.00222025
113776 0
113544 0.00632911
113760 0
113253 0.00183824
113685 0.00329852
113537 0.00224467
113461 0.00416667
113410 0.00471204
113721 0.00206612
113692 0.00235849
113789 0.00405515
113381 0.000598086
113770 0.00283822
113283 0
113976 0.00838574
113609 0.00346981
114018 0.00389105
113537 0.0053286
114105 0
113256 0.00422833
113650 0.00693374
113822 0.00222222
113864 0
113538 0.00174317
113936 0.00158228
113784 0.00129032
113966 0.00660661
113337 0.00181159
113691 0.00505334
113976 0
113863 0.00294985
113396 0
113457 0.00480769
114106 0.00272851
113407 0.00188147
114021 0
113823 0
113875 0.00386313
113846 0.00455373
113291 0.00641026
113941 0.00414938
113344 0
113303 0
113698 0.00414079
113625 0.00188679
113983 0.00452489
113856 0.00550459
113368 0.00493151
113573 0.00361446
113704 0.00305998
113346 0.00338983
113271 0.00364299
113410 0.00322061
113885 0
114023 0.00216606
113670 0.00327869
113284 0.00575264
113758 0
113614 0.00409596
113380 0.00547445
113897 0.0026738
113544 0
113764 0
113509 0.00175747
113773 0.00358423
113468 0.00356718
113380 0.00303951
113966 0.00359281
113823 0.00157109
113925 0.00414594
113658 0.0107914
113718 0.00463822
113431 0
113443 0.00163934
113956 0.00414938
113569 0.00561167
113496 0.00185529
113946 0.00254065
113959 0.0019861
113922 0.00378788
113980 0.0044603
113404 0.0030303
113270 0.00164204
113671 0.00380228
113602 0.00178253
113758 0.00228311
114132 0.00195503
113921 0
113832 0.00547264
113445 0
113507 0.00280636
113289 0.00163934
113619 0.0070922
113315 0.00170358
113818 0.0042605
113891 0.00431267
113324 0.00158353
113581 0.00181708
113930 0.00154799
113835 0
113948 0
113250 0
113629 0.00573066
113802 0.00332226
113269 0.00292276
113414 0
113259 0.00295334
113639 0.00304878
113644 0.0057554
114109 0
113395 0
113694 0.00540541
113477 0.0031211
113491 0.00402414
113335 0.00534759
113791 0.00337154
113396 0.00342466
113782 0
113700 0.00749064
113415 0.0015625
113922 0.00162206
113536 0.00112867
113467 0.00171723
113685 0
113910 0.00419068
113503 0
113825 0.00328947
113880 0.00234192
113388 0.00242131
113251 0.00127877
113934 0.00412088
113546 0
113495 0.00447177
113912 0.00248242
113974 0
113627 0.00282486
113997 0.0067402
113508 0
113911 0.00555864
113504 0.00271739
113686 0.0078637
113467 0.00498339
113645 0.00317316
113443 0.0116959
113660 0.00233645
113456 0.00251256
113423 0.00377537
113337 0.00553506
113980 0.00997506
113347 0.00332779
113777 0.0148148
113718 0.00190295
113537 0.00242277
113834 0.00378072
113362 0.00179211
113251 0.00589391
113818 0.000618429
113259 0
113848 0
113896 0.00406504
113371 0
113268 0.00301023
113986 0.00431267
113685 0.00281532
113941 0
113629 0.00213904
113661 0.00236518
113328 0
113993 0
113996 0.00334635
113727 0.00415628
113772 0.0019802
113453 0.00241741
113583 0.00374065
113727 0.00258176
113974 0.00587084
113391 0.00196078
113695 0.00415924
113599 0.0018797
113394 0.00178731
113720 0.00380228
113289 0.00502513
113763 0.00380228
113829 0.0015083
113610 0.00347222
113360 0.00328731
113668 0.0017762
113515 0.00179533
113845 0.00456621
113824 0
113804 0.00371747
113630 0.00920245
113408 0.00392773
113659 0.00397351
113939 0.00166044
113772 0
113274 0.004375
113354 0
113827 0.0017452
113328 0
113772 0.00995025
113762 0.0134529
113977 0.00409836
114105 0.00488998
113309 0.003517
113849 0.0034227
113309 0.00551471
113303 0.00768049
113500 0.00217865
113462 0.00448682
113759 0
113862 0.00444691
113291 0
113622 0.00345423
113580 0.0060241
113770 0.00179533
113538 0.00573614
113318 0.00425273
113600 0.00540541
113391 0.00673725
113348 0.00352526
113381 0.0017094
113954 0.00503271
114103 0
113683 0.0021164
113463 0
113582 0
114135 0.00262467
113987 0.0022779
113696 0
114133 0.00169205
113472 0.00119261
113345 0.00677966
113964 0.00235018
113609 0.00223547
113289 0.00175747
113444 0.00655022
113682 0.0014245
113481 0.00449871
113361 0.00374766
113468 0.0017331
113492 0.00485774
113244 0.00475285
113332 0
113496 0.00297442
113833 0.0018315
113511 0.00576553
113603 0.00498339
113652 0.00333016
113306 0.00431034
114024 0.00174672
113612 0.00362319
113365 0.00437774
113793 0.00595745
113616 0.00185874
113453 0.0044843
113613 0.00415184
113923 0.00754717
113665 0.00142045
113251 0.00310174
113485 0
113830 0.004
113852 0.00189753
114018 0.013245
113840 0
113803 0.00483092
113497 0.0025641
113997 0.00242718
113584 0.00112994
113848 0
113369 0.00361337
113956 0.00517241
113392 0.00228624
113784 0.00260756
113517 0.00388853
113860 0
113476 0.00591327
113644 0.00239349
113611 0.0017341
113327 0.00472441
113491 0.00541191
113276 0.00412007
113860 0
113322 0.00844595
114019 0.00879765
114109 0
113717 0.004914
113767 0
113761 0.00512821
113315 0.00902527
113476 0.00606061
113829 0
113993 0.0136986
113513 0.00255591
113726 0.00230282
113949 0
113609 0.00210084
113243 0.00535714
113819 0.00681959
113792 0.00458716
113357 0.00307125
113683 0.00892857
113796 0.00485437
113395 0.00227066
113276 0.00344828
113629 0.00205973
113880 0.00311769
113899 0.0104167
113664 0.0057334
113319 0.00522648
114019 0.002079
113660 0.00140056
113870 0
113323 0.00239664
113518 0.00206186
113668 0.00408163
114025 0.0078329
113302 0.00738007
114136 0
113881 0.00277008
113831 0.00379267
113662 0.00429799
113787 0.00265252
113801 0.00334001
113694 0.00421179
113353 0.00445434
113625 0.00589391
113766 0.0052521
113962 0.00552486
113900 0
113441 0.00340716
113535 0
113835 0.00150263
113655 0.00413034
114127 0
113602 0.00397953
113538 0.00247219
113488 0.00503356
113985 0.00282805
113901 0.00260756
113492 0.00144404
113782 0
113883 0.00347826
113849 0.00337838
113370 0
113397 0.00409596
113851 0.00235294
113901 0.00370828
113453 0.00231481
113999 0
113579 0.00412371
113406 0.00333016
113934 0.00449346
113818 0
113470 0.00118483
113569 0.00323276
114126 0.0027027
113618 0.00415677
113925 0.00235849
113936 0.00840336
113683 0.00547046
113828 0
113534 0.00119332
113617 0.00504202
113368 0.00167224
113924 0.00284553
113634 0.00545785
113896 0.00271739
113633 0.00280112
113800 0.00458716
113635 0.00480769
113432 0.00380952
113359 0
113799 0.00417973
113883 0.00630011
113247 0.00278293
113890 0.00245399
113479 0
113628 0.0016
114108 0.00120846
113616 0.00359066
113791 0.00209205
113849 0.00239952
113541 0.00377358
113764 0.00995025
113255 0.00191571
113579 0
113381 0.0029656
113956 0.00207147
113949 0
113371 0
113391 0.00542005
113436 0
113876 0
113982 0.0123457
113497 0.00492914
113891 0.00288018
114129 0.00298285
113247 0
113540 0.000798722
113827 0.00834725
113367 0.0023015
113793 0
113422 0.0070922
113573 0.0018315
113414 0
113308 0.0333333
113572 0.00182149
113484 0.00770713
113353 0.015873
113659 0.00325098
113322 0.00173511
113831 0.00400534
113243 0.00240385
113624 0.00302847
113931 0.00256739
113456 0.00938086
113610 0.00461361
113903 0.00303951
113991 0.00178359
113261 0.00510204
113662 0.00435414
113914 0.00426945
113876 0.00350263
113899 0
113723 0.00558659
113363 0.00291206
114025 0.00432526
113658 0.00378788
113662 0.00334129
113911 0.00162602
113833 0.00469208
113393 0.00410959
113321 0.00625
114122 0.00722022
113697 0
113347 0
113509 0.00271985
113367 0.0017192
113765 0.00899743
113601 0.00400229
113306 0.00383387
113983 0.00366032
113902 0.0043024
113830 0.00145138
113692 0
113337 0.00357782
113462 0.00281532
113644 0.00190295
113684 0
113606 0.00566038
114017 0.0333333
113507 0.0028626
113485 0
113628 0.00188798
113487 0.0030581
114109 0.00446429
113514 0.00310881
113471 0.00605327
113903 0.00203252
113930 0.00521648
114019 0.00182983
113588 0.0023108
113497 0.00180832
113974 0.0060241
113911 0.00161812
113383 0
113387 0.0015674
113352 0.0104167
113777 0.00215983
113581 0.00332779
113607 0.00369004
113517 0.00545703
113600 0.0041543
113875 0.00284091
113760 0.0015748
113605 0.00619835
113987 0.00503778
113480 0.002457
113500 0.00402685
113626 0.00504202
113824 0.00813008
113345 0.00350467
113360 0.00253165
113664 0.00566572
113641 0.00416884
113575 0.00402762
113834 0.0028169
113719 0.00172018
113816 0.00224972
113876 0.0104712
113352 0
113362 0.00358423
113726 0.00640279
113618 0.00401146
113602 0.00290698
113933 0.00244141
113630 0
113343 0.00186916
114020 0.00254453
113318 0.00256246
113444 0.00545703
113940 0.00383632
113864 0
113690 0.00188324
113914 0.00550964
113995 0.00952381
113361 0.00377358
113599 0.00326584
113890 0.00547445
113657 0.00249626
113408 0.00231481
113939 0.00236128
113766 0.00322581
113964 0.00345423
113852 0.00324149
113320 0.00480192
113432 0.00191939
113274 0.00178571
114105 0.00268097
114021 0
113762 0
113517 0.00198413
113482 0.0042343
113617 0.00240674
113950 0.0119048
113952 0.0101215
113507 0
113477 0.00391134
113244 0.00290698
113680 0.017094
113634 0.00344234
113937 0.00330033
113571 0
113976 0.00369686
114099 0
113509 0.00278552
113459 0.00809249
113628 0.00414201
113310 0.00421941
113508 0
113401 0.00440917
113261 0.00231348
113615 0.00358852
113357 0.00444444
113266 0
113950 0.00400534
113874 0
113256 0.00585223
113457 0.00125392
113246 0
113481 0.00468855
113365 0.00494743
