113461 0.00167504
113070 0.00431691
112290 0.00164204
113255 0.00472222
113432 0.00616292
113724 0.00558659
113777 0.00962464
113701 0.00375839
113829 0.00322789
112426 0.00483092
113952 0.00371402
113510 0.0034255
113110 0.0041006
113803 0.00701366
113544 0.00632511
113468 0.00478108
112980 0.00471281
113346 0.00524083
113014 0
113633 0.00609013
113463 0.00364842
112925 0.00406137
113253 0.00418082
113615 0.00585987
114123 0.00276702
113606 0.00532319
112397 0.00597943
112510 0.00414174
112525 0.00428507
113345 0.00366109
112764 0.00336247
113332 0.00694444
113259 0.00468506
113148 0.00512821
113993 0.00461255
112492 0.00471989
112479 0.00299914
112373 0.00461156
113569 0.00291545
113761 0.00654818
113644 0.00351095
112845 0.00617742
113362 0.00314465
113172 0.0026296
113090 0.00572139
112672 0.005
113456 0.00475687
112534 0.00675458
113890 0.00282776
113308 0
113408 0.00243648
113123 0.0084317
113491 0.00477707
113782 0
113212 0.00487373
113819 0.00691489
112432 0.00278707
113891 0.0045045
113771 0.00234742
114099 0.00502008
113204 0.00558659
112919 0.00393479
112615 0.00203114
112883 0.00556439
112866 0.00386754
114111 0.00358744
113093 0.00427579
113901 0.00693642
113627 0.00473934
113880 0.00447504
112657 0.00274348
113009 0.00426326
112287 0.00664894
113434 0.0833333
113870 0.00474255
112994 0.00505051
112345 0.00220994
112808 0.00235294
113463 0.0068591
112420 0.00409207
112846 0.00389769
112688 0.00417682
113042 0.00826446
112269 0.0057929
114124 0.00375723
113630 0.00706215
112844 0.00459603
113726 0.00353625
112659 0.00320899
112781 0.00445434
113601 0.00552885
114018 0.00353669
112836 0.00365206
113999 0.00843882
112988 0.00568769
113959 0.00371829
113602 0.00421719
113351 0.00458599
113849 0.00466601
113126 0
113395 0.00383606
112281 0.00446229
113715 0.00653595
112321 0.00701403
112259 0.00453401
112895 0.0075188
113367 0.0044398
113769 0.00390625
113393 0.00454545
113759 0.00656455
113662 0.00338839
113455 0.00825593
112682 0.00689655
113575 0.00380325
112794 0.00670691
112515 0.0043592
112392 0.00889878
113098 0.00528302
113191 0.00310078
112351 0.0023488
113125 0.00545455
113386 0.00596619
113680 0.00296736
113550 0.00477707
112683 0.00516605
113876 0.000781861
112810 0.00232558
113903 0.00526316
112830 0.00408348
113517 0.00540848
113600 0.00365535
113485 0.0021645
112789 0.00280112
112483 0.0063358
114118 0.00525279
113799 0.00622776
113572 0.00717029
113377 0.00412882
112383 0.0058838
113545 0.00504796
113007 0.00408052
113096 0.00267023
112299 0.00158353
112861 0.0054336
112501 0.00442133
112633 0.00573301
112357 0.00480648
113489 0.00590697
113886 0.00274931
113442 0
113690 0.00530282
113802 0.00343643
113718 0.00440176
113137 0.00461755
112352 0.00290698
113384 0.0034204
112991 0.00362788
113878 0.00458505
113107 0.00542808
113060 0.00640205
113963 0.00381194
113576 0.00492356
112343 0.00220751
113538 0.00314383
113368 0.00193845
112774 0.00664305
112909 0.0020552
113914 0.00541408
113324 0.00498043
113611 0.00497265
112910 0.00535019
112378 0.0078534
113723 0.00478851
112872 0.0077486
112431 0.00569064
113452 0.00451287
113669 0.00256739
113104 0.00513071
112699 0.00254323
113515 0.00500974
112645 0.00479967
112911 0.0077821
113932 0.00445269
113846 0.00588466
113825 0.00577367
113534 0.00421822
113616 0.00414186
113099 0.00640114
113280 0.00656276
113036 0.00564972
113130 0.00432152
112613 0.00641466
114122 0
112668 0.00669413
113347 0.00417246
112992 0.00339751
113380 0.00406607
112408 0.00294985
112494 0.00505051
113896 0.00567859
113776 0.00409357
112873 0.0058508
112540 0.00409207
113869 0.004001
112775 0.00452331
112998 0.00687146
113874 0.00747283
112605 0.00562701
112863 0.00578035
113323 0.00428449
113037 0.00322321
112912 0.00378788
113704 0.00348432
112930 0.00851703
113275 0.00538738
113480 0.00257467
112903 0.00447486
113981 0.00367647
113625 0.00490829
114021 0.00153139
112789 0.00286944
113635 0.00421852
112617 0.00537125
113790 0.00504868
113619 0.00408719
113285 0.00621931
112264 0.00257353
113976 0.00487409
113486 0.00230681
113818 0.00493891
112905 0.0071599
113392 0.00477897
113165 0.00443131
112656 0.00505817
112837 0.00298211
113383 0.00349956
113197 0.00448168
112354 0.00610772
112878 0.00434153
112928 0.00263158
113159 0.00397201
113830 0.00309598
113923 0.00403226
113801 0.005228
113573 0.00579491
113138 0.00492326
112792 0.00454545
112381 0.00538406
112996 0.00456389
113535 0.00305888
112631 0.00498753
113851 0.00240706
113406 0.00537412
113946 0.0056534
113246 0.00696864
113509 0.00711744
113994 0.00317965
113481 0.00254813
113250 0
112929 0.00545396
113877 0.00421546
113656 0.00454921
112827 0.00586435
112868 0.00353107
112811 0.00522421
113883 0.00411205
112283 0.00459946
112984 0.00538721
112670 0.00563976
113484 0.00431779
113605 0.00390508
112813 0.00652742
113202 0.00294118
113086 0.00474684
112511 0.00382096
113415 0.00430108
113590 0.00542406
113614 0.00527426
113927 0.00374532
112415 0.00687981
113823 0.00648022
112622 0.00481928
113410 0.00327946
113791 0.00399018
113381 0.0064834
114098 0.00943396
112601 0.00414324
113269 0.00435967
113588 0.00437018
113974 0.00323102
113727 0.00417774
113441 0.0038432
113405 0.00412979
113129 0.00202566
113697 0.0060241
113007 0.00628931
114022 0.00540541
113683 0.00298954
112528 0.00483871
113900 0.00272232
112655 0.00291262
114019 0.00307963
113010 0.00414938
112437 0.00398406
113198 0.00306631
112393 0.00678426
112352 0.00685255
114135 0.00694883
112669 0.0026062
113766 0.00509968
112517 0.00424328
113401 0.00455235
113178 0.00415958
112543 0.0048216
113337 0.00398618
113328 0.0169492
113831 0.00592066
113151 0.00815217
113580 0.00346297
113700 0.00318302
112491 0.00415512
112684 0.00508906
113209 0.00400458
113989 0.00499875
113980 0.0071997
113360 0.0063639
113166 0.00586797
113497 0.00433135
113694 0.00575576
113725 0.00463559
113860 0.00328587
113352 0
113459 0.00459418
112498 0.00451807
113303 0.00612613
113407 0.00496073
112625 0.00419611
113804 0.00564417
112917 0.00384771
113142 0.00877785
113562 0.00920598
113686 0.00657109
113671 0.00321027
113660 0.00587997
112486 0.00308506
113835 0.00477816
113848 0.00515464
112414 0.00952381
112817 0.00179695
112457 0.00454103
113607 0.00629964
113388 0.00442968
113969 0.000982318
113884 0.00491884
113579 0.00880282
113343 0.00353645
112340 0.00445236
113912 0.00580025
112857 0.00567346
112643 0.00430293
113721 0.00280741
112496 0.0041922
113365 0.00469095
112647 0.00496381
113264 0.0053243
112475 0.00391083
113939 0.00600655
112812 0.00692384
112805 0.00289855
112680 0.00434243
113175 0.00426569
113793 0.00234101
112920 0.0044898
112636 0.00411899
112650 0.00684647
113319 0.00433342
113613 0.00447604
113763 0.00245098
112260 0.0036157
113085 0.0024667
113854 0.00399386
113336 0.00534351
112829 0.00365675
113208 0.00334308
113902 0.00492228
112904 0.00192308
112265 0.00496689
113466 0.00324675
113079 0.00155844
112361 0.00247525
113500 0.00366412
113139 0.00408998
114100 0.004693
112662 0.002826
113302 0.00379816
113397 0.00570244
112495 0.00444444
113784 0.00451213
113513 0.00498753
113794 0.00697134
112897 0.00453454
112433 0.00482759
113499 0.00435888
112428 0.000805802
113046 0
112348 0.00473186
113507 0.00413907
113864 0.00633914
113603 0.00553651
113626 0.00395778
112931 0.00650618
112803 0.00651163
113457 0.00296336
112598 0.00507246
112512 0.00436409
112833 0.00624527
113171 0.00365344
112435 0.00266667
113482 0.00438084
112979 0.00334821
113414 0.00436047
113840 0.00440529
113279 0.00419355
113653 0.00447064
114017 0
113249 0.00276923
112804 0.00278396
112828 0.00411323
112915 0.00384047
112913 0.0046729
113404 0.00667672
113063 0.00311915
113503 0.00442478
113657 0.00404949
112862 0.00438947
113948 0.000986193
113335 0.0055205
113642 0
113850 0.00615915
113323 0.00306905
113800 0.00366422
113203 0.0035524
112353 0.00149551
112448 0.00595238
112835 0.00293945
112531 0.00516351
112342 0.00100604
112701 0.00437956
113995 0
112840 0.00657414
112923 0.00541311
113685 0.00388255
112427 0.00341476
113796 0.00536193
112922 0.00488506
113665 0.00512922
112502 0.00447302
113357 0.00479616
113127 0.00557414
112335 0.00406725
113597 0.00214056
112522 0.00658307
113652 0.00581516
113983 0.00333333
113949 0.00110742
112697 0.00373134
112616 0.00358423
113385 0.00377715
112365 0.00274314
113361 0.00662603
113658 0.00312012
113719 0.00555977
113495 0.00502765
112639 0.00459364
112481 0.00348129
112875 0.00512273
113623 0.00387797
113247 0.00574713
113702 0.00878735
113962 0.00459866
112334 0.00452489
113863 0.00441112
112541 0.00172315
113038 0.0055435
113363 0.00479616
114136 0.00383142
113443 0.00698758
113881 0.00897868
113005 0.00307535
112924 0.00474255
113772 0.00694981
112489 0.00395853
113984 0.00372393
114025 0.00720789
113272 0.00468019
113960 0.00558436
112851 0.00241463
112469 0.00329011
113266 0
113052 0.00310633
112396 0.00408497
112700 0.00413508
113792 0.00184587
113645 0.00516529
113717 0.00370959
113582 0.00444212
112887 0.00353607
113504 0.0113766
113926 0.00513737
113842 0.00680272
114023 0.00308008
112866 0.00452675
113668 0.00596368
113910 0.00529993
112322 0.00255973
113982 0.00558659
114132 0.0054783
112506 0.00277008
114105 0.00312826
113161 0.00554382
113824 0.00363636
112535 0.0041841
113924 0.0056652
112815 0.00542299
113258 0.00321027
112871 0.00764331
112337 0.00217786
112442 0.00413972
113583 0.00642343
113664 0.00311203
113765 0.00393258
113185 0.00657414
113581 0.00534623
113089 0.00293568
112852 0.00448833
112520 0.00275862
113871 0.00390356
113243 0.00632911
113320 0.00380642
113698 0.00744934
113670 0.00573888
113131 0.00419727
113518 0.00580383
112796 0.00303951
113693 0.00325969
112642 0.00427611
112667 0.00608071
112982 0.00376041
113654 0.00397772
113852 0.00534351
112438 0.0034828
113284 0.00629496
112399 0.00604433
113309 0.00474308
113354 0
113391 0.00548061
112398 0.00486726
113353 0.00285578
113508 0.00316456
113145 0.00616016
113937 0.00675676
112439 0.00189036
113359 0.00358423
114103 0.00911162
113834 0.00503461
113584 0.00556399
113291 0.00459506
113453 0.00352113
113655 0.00516078
113387 0.0053816
112369 0.0060906
112673 0.00598314
112995 0.00501319
113350 0.00346878
114112 0.00330943
113436 0.00526316
113610 0.00311203
114108 0.00389813
112826 0.00392349
112359 0.00369822
112637 0.00594732
112493 0.00447907
113070 0.00576606
112463 0.00274402
113444 0.00483969
113271 0.00509944
113097 0.00491464
112264 0.0034118
113261 0.00504514
113469 0.00462459
112441 0.00468019
113476 0.00444313
113135 0.00439736
112646 0.00434594
112917 0.00397351
113617 0.00408998
113767 0.00719424
113788 0.00623269
113474 0.00604839
113316 0.00410509
113892 0.00412421
113155 0.00480336
113857 0.00454424
113966 0.0032345
113006 0.00390829
112282 0.00628536
112646 0.00436137
112644 0.00535236
112838 0.00526039
113696 0
112367 0.00610376
112664 0.00515464
113496 0.0048457
113843 0.00219539
113061 0.00585093
112686 0.00450902
113283 0.00220103
113612 0.00301735
114129 0.00555556
113822 0.00375059
112362 0.00261584
112454 0.00422035
113991 0.00380518
113536 0.00505306
113214 0.00533998
113356 0.0055332
113492 0.00596921
113909 0.00512821
112487 0.00402607
113344 0.00330033
113422 0.00384615
113488 0.00318725
113306 0.00524323
113682 0.00477517
113997 0.00440871
113144 0.0043985
112652 0.00283186
112477 0.00710833
