111527 0.25
111333 0.286174
111601 0.258621
111609 0.30303
111821 0.248447
111653 0.282396
111826 0.3
111678 0.242165
112118 0.238771
111199 0.280952
111657 0.257862
110969 0.232804
111119 0.257511
111680 0.270175
111368 0.257497
111562 0.262654
112237 0.284483
112054 0.288462
111842 0.256579
111579 0.261905
111375 0.233333
110908 0.23622
110983 0.248521
110933 0.228723
111548 0.260218
111523 0.252174
111413 0.260434
111886 0.296552
112056 0.189189
111663 0.219274
111080 0.319489
111623 0.260526
111643 0.264557
111681 0.261404
111984 0.264484
111774 0.22973
111957 0.247788
111142 0.261603
110993 0.270199
112091 0.262136
111123 0.267257
111388 0.253165
112101 0.269841
111433 0.248227
111080 0.236246
112085 0.217391
111623 0.259758
111629 0.257104
111334 0.22561
110982 0.263966
112056 0.330189
110927 0.277992
111391 0.178295
111913 0.207921
112085 0.274648
111581 0.268817
111393 0.257576
111811 0.217647
111351 0.265896
111640 0.223507
111532 0.2825
111607 0.247191
111572 0.246835
111511 0.254902
111615 0.259705
111168 0.284615
111922 0.258503
111588 0.274194
110963 0.27027
111875 0.264671
110972 0.231222
111990 0.195804
111193 0.265517
111660 0.257862
111433 0.27381
111630 0.267974
111776 0.278846
111649 0.271405
111619 0.234072
112010 0.230559
111671 0.223485
110990 0.225806
111524 0.258824
110933 0.285714
112168 0.244055
111967 0.321429
112090 0.3
111579 0.27027
112257 0.253333
111547 0.282272
111575 0.243902
111823 0.241554
111612 0.238566
110969 0.234375
112169 0.238667
111198 0.291391
112126 0.20712
111837 0.276498
111888 0.267327
112102 0.238349
110959 0.284314
111836 0.214592
111563 0.262613
111200 0.253086
111823 0.227969
111920 0.253191
110928 0.273312
110971 0.237201
111167 0.208333
111674 0.275943
112061 0.208955
110944 0.266033
111583 0.232274
111992 0.274143
110945 0.251969
111129 0.237542
110925 0.245658
111972 0.2493
111672 0.254844
111510 0.274882
111083 0.216783
111907 0.215686
111333 0.243243
111563 0.266854
111654 0.176991
110940 0.256055
111400 0.271277
112009 0.283465
111120 0.258117
111959 0.273632
111579 0.196078
111536 0.270073
111424 0.212575
111529 0.280576
111984 0.246512
111947 0.26158
111382 0.247788
111003 0.304878
111641 0.230869
111996 0.247573
111167 0.252874
111835 0.293269
111369 0.252155
111398 0.268382
112069 0.238655
111375 0.233083
111516 0.247917
111842 0.254967
112114 0.272727
111958 0.274232
111559 0.247143
111578 0.238095
112048 0.232816
111363 0.242175
111958 0.248485
112010 0.251768
111084 0.234801
111600 0.264151
112143 0.302632
111647 0.263523
111790 0.234848
111920 0.271368
111349 0.233333
110970 0.244681
110905 0.277778
110945 0.291667
110956 0.251852
111158 0.246637
111606 0.282667
111364 0.284483
111391 0.267016
111854 0.236052
111921 0.311475
112117 0.265647
110912 0.284698
111928 0.215278
111624 0.251979
112163 0.268421
110955 0.257903
111560 0.269968
111898 0.271605
111659 0.24735
111562 0.269126
111652 0.256579
111122 0.236059
111973 0.273438
111355 0.246073
111834 0.300926
111988 0.251969
111418 0.251634
111382 0.252441
111988 0.261596
111783 0.256757
111392 0.222222
112061 0.262172
111123 0.24207
111956 0.243333
111569 0.279102
112074 0.302491
111718 0.260163
111531 0.287197
110968 0.284848
111571 0.277929
111796 0.274074
111096 0.267589
111611 0.225806
111887 0.274809
111336 0.244382
110942 0.264
111190 0.252232
110942 0.263006
110967 0.266041
112088 0.233871
111547 0.269682
111813 0.260465
111961 0.2875
111587 0.225166
112067 0.24714
112163 0.245205
111791 0.306011
111095 0.267525
111925 0.19403
111530 0.280172
111348 0.22973
111382 0.213355
111618 0.254729
111669 0.249516
111799 0.234177
112118 0.26652
112161 0.227941
111559 0.241888
111521 0.239748
112245 0.251716
110991 0.273859
111959 0.249169
110993 0.267054
111091 0.285246
111162 0.225352
111415 0.251265
111907 0.247788
111650 0.285036
111596 0.280374
111990 0.226744
111514 0.247899
111000 0.255144
111335 0.260184
111809 0.233333
111850 0.224806
111413 0.277154
111198 0.258389
111155 0.2
110951 0.267735
111131 0.229412
111564 0.252874
112114 0.290179
110986 0.245322
110955 0.290941
111955 0.212766
111662 0.268405
111923 0.265857
111355 0.237383
111193 0.238095
110981 0.246082
110979 0.266858
112075 0.283465
110940 0.265683
111527 0.285714
112247 0.265327
111155 0.235955
111376 0.260671
110970 0.264331
111809 0.231481
112235 0.277612
111116 0.292627
111129 0.215986
110971 0.257699
111394 0.277929
112074 0.231707
111994 0.313929
111393 0.274238
111602 0.24252
111948 0.229885
112244 0.241935
110967 0.263415
110960 0.267409
110928 0.244482
111835 0.206186
111671 0.237342
112078 0.256927
111727 0.282353
111783 0.243243
110943 0.228571
111202 0.245421
112162 0.280537
111817 0.274428
111164 0.268156
111386 0.277473
111584 0.216216
111875 0.274131
111369 0.258772
112255 0.261905
111423 0.239227
111950 0.305556
111603 0.284281
111947 0.276712
111973 0.253623
110973 0.27918
112102 0.237333
111850 0.233813
111836 0.2
112161 0.244275
111826 0.303797
110990 0.263804
111614 0.243094
111548 0.248869
111831 0.242902
111198 0.259516
111941 0.236842
111582 0.284722
111965 0.227872
111914 0.290909
111116 0.297645
111559 0.264664
110945 0.27881
111653 0.253949
111096 0.244921
111569 0.284404
110957 0.283582
110948 0.264977
111348 0.238532
111320 0.285315
111367 0.269303
110979 0.246154
110990 0.209877
111573 0.298611
111523 0.224806
111386 0.215736
111362 0.240918
111350 0.219373
112107 0.330275
111831 0.253521
111593 0.244898
110999 0.268945
111511 0.30303
111660 0.25
111983 0.288136
112115 0.19598
111923 0.266913
110914 0.261728
111143 0.269231
111985 0.245098
110992 0.237099
111588 0.277311
110984 0.216049
111842 0.297945
111591 0.243902
111897 0.225564
111394 0.233333
110929 0.270903
111774 0.252874
111350 0.287709
111591 0.270042
111780 0.217557
111578 0.202899
110920 0.268657
111997 0.239316
111962 0.26484
111635 0.264368
111994 0.259259
111572 0.247191
111786 0.310651
111529 0.280822
111081 0.276527
112102 0.269476
111081 0.256329
111357 0.251208
111657 0.259355
111941 0.125
112093 0.271044
112237 0.24429
111607 0.261364
111511 0.299213
112104 0.273408
111929 0.190476
111129 0.256272
111612 0.23225
111606 0.269036
111085 0.25
111965 0.255278
111718 0.263566
111137 0.232456
112074 0.232759
111612 0.25375
111164 0.250464
110933 0.22807
111946 0.355263
111673 0.238956
112249 0.313725
111081 0.299674
111516 0.286573
111611 0.297129
111888 0.246377
110969 0.277778
110996 0.266332
112090 0.213836
111080 0.273006
111607 0.216867
111117 0.273764
111547 0.279857
111392 0.212435
111668 0.272036
111367 0.261194
111818 0.260726
111383 0.24821
111656 0.259574
110997 0.264498
112107 0.219048
111929 0.294574
111390 0.242898
111957 0.252149
111928 0.262411
111519 0.246418
111357 0.281746
111536 0.212766
111817 0.271429
111996 0.260638
111588 0.268717
111873 0.283019
111872 0.311224
111601 0.258457
111898 0.314286
110926 0.218115
111965 0.255238
111818 0.252492
111796 0.28607
111657 0.246134
111520 0.306818
111551 0.274336
112090 0.240113
110959 0.285246
111143 0.276342
111568 0.235784
110919 0.218391
110989 0.272727
110948 0.205251
111774 0.307692
111376 0.268589
111799 0.296089
111644 0.234652
111886 0.272152
111590 0.236264
111156 0.275934
110982 0.28264
111596 0.26087
111783 0.237705
111336 0.291156
112238 0.247363
112050 0.25
112088 0.165049
111395 0.230228
111950 0.245283
111667 0.126214
111554 0.248237
111962 0.257282
111948 0.25
111517 0.243011
111969 0.269461
112123 0.291367
111383 0.280182
110973 0.265896
112077 0.320652
111349 0.239915
111913 0.267717
111661 0.277383
111554 0.289683
110955 0.26979
111393 0.229462
111431 0.243816
112104 0.215953
111429 0.237785
111519 0.255132
111616 0.280057
112244 0.255844
111731 0.235988
111643 0.2554
111518 0.286667
110992 0.244565
111864 0.233129
111991 0.21645
111126 0.247059
111514 0.310345
111969 0.233333
112162 0.237237
111785 0.227119
111336 0.248237
111395 0.223183
111602 0.259912
111996 0.289617
111671 0.27972
111589 0.259777
111604 0.241379
111620 0.259109
110983 0.282927
111319 0.243671
112169 0.279503
111078 0.21875
111197 0.277778
110992 0.296572
110926 0.263525
111575 0.190476
111958 0.258065
111195 0.288256
111531 0.245968
111629 0.25
111962 0.25431
111085 0.275434
112235 0.239796
112009 0.230769
112121 0.314763
111623 0.232
111203 0.257692
111398 0.265152
112236 0.276356
111201 0.260647
111587 0.24127
111091 0.276056
112069 0.250426
111434 0.261622
112088 0.23301
112248 0.257022
112258 0.223404
111809 0.267857
110921 0.284483
111518 0.204301
112104 0.257752
111197 0.233449
111972 0.283544
111649 0.270479
110967 0.270186
111194 0.259587
111961 0.232704
111955 0.185185
111171 0.254386
111946 0.283582
111622 0.203085
111335 0.27795
111681 0.255121
111355 0.208255
111622 0.279141
111078 0.268817
111361 0.306667
111629 0.261598
111424 0.267705
111522 0.24026
110984 0.253521
112101 0.254209
111985 0.288557
111718 0.325
111662 0.287879
111973 0.301205
111390 0.241329
111941 0.212766
111200 0.293478
110909 0.265823
111131 0.269231
111663 0.269799
111390 0.257778
111315 0.268392
111132 0.26975
111158 0.238197
111553 0.287651
111137 0.258333
111313 0.25
111391 0.227642
112164 0.249104
111969 0.228395
112164 0.234004
112136 0.201754
112162 0.265193
111514 0.235023
112258 0.267751
111381 0.263636
111650 0.23407
112105 0.257991
111333 0.256637
111678 0.254019
111731 0.286517
110919 0.2
111628 0.24424
111831 0.312715
110927 0.265734
111328 0.261097
111777 0.282306
112121 0.240933
110947 0.248164
111363 0.270998
112248 0.228951
111570 0.255456
112247 0.290291
110973 0.255507
111116 0.279121
111813 0.286585
111854 0.275093
111609 0.245665
112080 0.283465
111947 0.230769
111313 0.164706
111995 0.251052
111128 0.283224
111972 0.243836
111132 0.226824
110942 0.235142
110981 0.256489
110978 0.25636
112078 0.243413
112053 0.281646
111510 0.247899
111422 0.258389
110972 0.238474
110944 0.278049
111922 0.275986
111578 0.15942
111983 0.248447
111551 0.308664
111614 0.275362
110981 0.237885
111659 0.242236
112077 0.308824
111137 0.19802
111194 0.256267
110991 0.242678
111656 0.22449
111907 0.19685
111995 0.252732
111957 0.294444
112256 0.282158
111138 0.247331
112080 0.263979
111873 0.245614
111835 0.240741
112078 0.280105
111946 0.282353
111620 0.220532
112168 0.291933
111836 0.317597
111673 0.27551
111776 0.191781
110971 0.279534
110951 0.304158
111921 0.269841
111530 0.247826
111614 0.237785
111159 0.271084
111403 0.219626
111674 0.242494
111350 0.258824
111433 0.268707
111156 0.293307
111837 0.311881
111566 0.258953
111887 0.25
110985 0.274627
111131 0.26484
111121 0.239837
112143 0.20438
111195 0.287356
111368 0.252792
110904 0.245283
111144 0.253846
111169 0.259557
111854 0.308333
111813 0.234973
112236 0.260997
111522 0.290566
111197 0.200803
110978 0.289412
110919 0.238095
111782 0.238372
110976 0.275862
111529 0.251799
111117 0.259328
112105 0.263982
111524 0.295238
111586 0.272857
111998 0.245658
110956 0.2
111199 0.219512
111329 0.243827
110957 0.284483
110996 0.248521
111423 0.248855
111320 0.280585
112167 0.247382
112054 0.170068
110912 0.278846
110920 0.264151
110989 0.226048
111190 0.247788
110904 0.270833
110943 0.25
111873 0.254237
111942 0.242718
111394 0.23743
110956 0.233129
111635 0.304348
111994 0.245174
112126 0.282548
111660 0.278195
111594 0.264535
111618 0.254398
111641 0.21931
111167 0.268551
111303 0.239344
111396 0.256739
111417 0.261329
111386 0.240209
111522 0.29
110954 0.242671
111158 0.265217
111811 0.240891
110952 0.24237
111914 0.330769
111782 0.268468
111594 0.266254
111663 0.247956
111530 0.287449
110983 0.231156
111864 0.241135
112247 0.253906
111819 0.248705
111582 0.226994
110954 0.261755
112169 0.26148
111319 0.271429
111521 0.241379
111602 0.269113
111417 0.235808
111083 0.222494
111528 0.257962
111128 0.308489
110929 0.239933
111619 0.267974
112099 0.24552
111644 0.252688
111887 0.255973
111888 0.304598
112093 0.275862
111652 0.256944
111003 0.255245
111328 0.28777
111581 0.235294
111995 0.27977
111194 0.26615
111117 0.256075
112010 0.219971
110976 0.27163
111431 0.260323
111157 0.262846
111632 0.230032
111096 0.282782
111571 0.25641
111532 0.268617
111942 0.273684
111654 0.191489
112161 0.269231
111819 0.296117
111520 0.164384
111985 0.31016
112101 0.28268
112123 0.276667
111991 0.24424
111776 0.272727
111834 0.231183
110925 0.267956
111073 0.231102
111170 0.244939
111591 0.269784
110905 0.293651
111593 0.24498
111570 0.246626
111635 0.25
112246 0.215805
111616 0.259654
111950 0.299363
111369 0.269406
111169 0.274286
111929 0.256757
111970 0.256
111593 0.231884
111560 0.269231
110928 0.230519
111520 0.256098
110914 0.227468
111600 0.236769
111654 0.288973
111328 0.23913
111586 0.272727
110951 0.24187
111144 0.271845
111073 0.265748
111524 0.36
111662 0.243045
111202 0.27881
111819 0.291667
111415 0.248311
111584 0.284483
111412 0.242472
111640 0.275449
111162 0.264069
111664 0.228767
111668 0.252226
111582 0.212121
111388 0.233387
111564 0.284574
111826 0.234483
111533 0.264516
111361 0.1875
111777 0.260952
111897 0.282895
111518 0.209581
111172 0.269685
111531 0.254019
112075 0.309322
111381 0.240122
111120 0.278135
111335 0.270423
111527 0.240602
110959 0.243333
112114 0.221622
110940 0.265233
111970 0.282443
112238 0.249495
111961 0.254777
110999 0.276527
111731 0.217391
111984 0.280112
112256 0.249661
112117 0.278219
111605 0.245924
111553 0.260677
111641 0.256113
111414 0.248882
112136 0.34
111780 0.289474
111837 0.25
112115 0.22488
111834 0.285714
112254 0.261808
111560 0.241963
111569 0.265945
111203 0.273394
111850 0.226923
111603 0.236593
111566 0.248603
111796 0.272
111084 0.274468
110952 0.251736
111418 0.207237
111785 0.31746
111168 0.248485
110952 0.248687
111922 0.20712
111392 0.165644
111790 0.283262
111618 0.257853
111363 0.28821
110985 0.234568
112054 0.276596
111910 0.215278
112121 0.244792
111564 0.240398
112246 0.2372
111632 0.240132
110909 0.246795
111674 0.231121
111799 0.243523
111998 0.244792
111604 0.25641
111669 0.254448
111171 0.310924
111585 0.21
112053 0.243165
112091 0.223214
111624 0.252475
111170 0.275665
112143 0.267123
112258 0.286378
111568 0.247776
111672 0.247278
111681 0.253142
111361 0.25
111626 0.248175
112085 0.296774
111914 0.258824
111626 0.234637
111780 0.263862
112050 0.244936
111786 0.245223
111667 0.303279
112246 0.248515
111882 0.280543
111609 0.225904
111003 0.291096
111791 0.283105
111992 0.237179
111928 0.28125
111669 0.245033
111396 0.25876
111606 0.192214
112163 0.294197
112245 0.234393
111678 0.21118
111199 0.25641
111396 0.265823
112053 0.253353
111786 0.268698
111656 0.280769
112123 0.265957
111644 0.233696
112255 0.248101
112164 0.215054
112254 0.248656
111647 0.257853
111983 0.252809
112255 0.266667
111967 0.319149
111988 0.245283
111157 0.277778
111190 0.253933
111533 0.250564
111554 0.25
112115 0.216667
111528 0.264085
111573 0.301724
112248 0.260504
111400 0.248756
111375 0.264957
111864 0.25
111872 0.254902
111615 0.243276
111414 0.272871
111913 0.20155
111532 0.274869
110925 0.232143
111418 0.223565
111548 0.267544
111664 0.264368
110927 0.297189
110999 0.278761
111138 0.276673
111998 0.263959
111128 0.270876
111536 0.208633
111126 0.185897
112167 0.214464
111202 0.258503
111630 0.242894
110984 0.279221
111586 0.270306
110909 0.237342
111585 0.317647
111584 0.217054
112136 0.244444
111413 0.246445
110912 0.286853
111790 0.202586
111673 0.268145
111667 0.18018
111403 0.233945
111351 0.256039
111429 0.25228
111573 0.267606
111201 0.282794
111956 0.257143
111412 0.30662
111921 0.264
111159 0.228628
111581 0.28866
111517 0.279736
112237 0.262
112117 0.289157
111138 0.25394
110921 0.294643
112099 0.26789
111348 0.219269
111349 0.270042
112048 0.229167
111200 0.252149
110926 0.235501
111653 0.223587
111519 0.269592
111084 0.257485
111422 0.273649
111594 0.265861
112056 0.25
111412 0.257699
111626 0.272611
111925 0.295082
111817 0.246835
112249 0.25
111991 0.243478
111659 0.263456
110991 0.293173
111415 0.219076
111616 0.270481
111882 0.267544
111572 0.27044
111320 0.276623
112257 0.259829
111000 0.242105
111590 0.247191
110908 0.28172
111942 0.267606
111955 0.260465
111589 0.255474
111334 0.283237
111170 0.269871
110985 0.227528
111661 0.275862
111821 0.269006
111811 0.223762
111517 0.275064
110976 0.254167
111429 0.255172
111095 0.28635
112256 0.252401
112244 0.231738
111329 0.285714
111095 0.260337
112050 0.273381
111668 0.261429
111315 0.24031
112118 0.252654
111362 0.250493
110996 0.207865
110914 0.296703
111121 0.265774
111948 0.219388
111967 0.260274
111628 0.233735
111923 0.261446
111083 0.265
111997 0.25
111872 0.243802
112009 0.232
111583 0.274151
111622 0.268786
111073 0.254818
110921 0.1875
111640 0.269962
111821 0.284836
111601 0.268027
111647 0.283765
111123 0.249123
111367 0.275362
111782 0.268603
111510 0.252252
111997 0.306452
111142 0.252988
111920 0.280992
110929 0.26773
111126 0.230216
110968 0.246753
112126 0.270833
110920 0.224719
111632 0.291667
110989 0.287714
111195 0.306569
111587 0.240506
112236 0.234531
111643 0.252732
110947 0.275081
112091 0.281818
110979 0.308397
112168 0.284514
111000 0.266854
111122 0.250958
111553 0.260188
111119 0.243697
110972 0.233129
111157 0.288235
110954 0.288136
111193 0.235988
111604 0.233672
110948 0.236453
111162 0.298387
111589 0.239695
111400 0.268293
111585 0.257732
111163 0.294235
111381 0.255663
111596 0.345455
111120 0.27529
111970 0.231884
111562 0.255814
111424 0.273973
111605 0.280702
111990 0.267516
111121 0.241779
111357 0.215686
111785 0.268987
110904 0.234875
111528 0.266667
111171 0.254386
111624 0.240057
111533 0.224033
112093 0.274725
111313 0.276316
110982 0.273011
111423 0.260125
111615 0.281333
111364 0.287879
111664 0.235207
111172 0.245203
112075 0.204348
111434 0.269651
111818 0.267327
111144 0.209738
112099 0.20708
112257 0.26422
110993 0.251488
111603 0.226389
111388 0.243333
111886 0.259494
111334 0.270588
112080 0.258235
111630 0.27973
111329 0.279188
111163 0.273973
111649 0.248074
111727 0.260274
111398 0.287449
112048 0.228395
111163 0.229947
111875 0.263636
111563 0.275103
111672 0.274809
111315 0.233766
110997 0.27672
111791 0.335079
111910 0.280992
111431 0.251761
112077 0.281553
111575 0.250923
111925 0.26087
112107 0.164948
111364 0.256684
111156 0.259494
111628 0.289277
111611 0.256501
111523 0.286957
111159 0.255682
111422 0.240741
111521 0.212928
112167 0.252845
111882 0.262712
111172 0.311024
111164 0.258383
111319 0.274194
111417 0.266975
111142 0.262821
111403 0.3
111132 0.247525
111620 0.248974
110944 0.290993
111600 0.226994
110908 0.233173
111652 0.271242
111091 0.260563
111570 0.234818
111661 0.235537
111434 0.284404
110957 0.272727
111303 0.271777
112069 0.258544
111619 0.234652
110970 0.253968
112061 0.239316
111959 0.245723
110960 0.251163
111516 0.273101
111362 0.221766
111777 0.242126
111897 0.23913
111078 0.287356
112249 0.208955
111143 0.241164
111583 0.235732
111119 0.224771
111566 0.312169
110968 0.223404
111727 0.115942
110997 0.241234
110986 0.210643
111956 0.320475
110986 0.23741
111414 0.248876
111201 0.270506
111376 0.221397
110947 0.289037
111303 0.241259
110905 0.273973
110960 0.289586
111155 0.292453
112105 0.2457
111568 0.254351
110978 0.253112
112245 0.264172
111395 0.247273
111383 0.253968
112235 0.224242
112067 0.259446
111898 0.341772
111823 0.261663
111910 0.208054
112067 0.248691
111605 0.253652
112254 0.251729
111368 0.253361
111168 0.245509
111551 0.256993
111590 0.279452
111169 0.268924
111992 0.25816
111122 0.259459
112238 0.263158
111650 0.235876
111085 0.291457
111351 0.248649
110943 0.26506
111571 0.247922
