This is TeX, Version 3.14159 (Web2C 7.3.1) (format=latex 2003.2.18)  23 NOV 2005 23:51
**addendum.tex
(addendum.tex
LaTeX2e <2001/06/01>
Babel <v3.7h> and hyphenation patterns for american, french, german, ngerman, i
talian, nohyphenation, loaded.
(/usr/share/texmf/tex/latex/base/article.cls
Document Class: article 2001/04/21 v1.4e Standard LaTeX document class
(/usr/share/texmf/tex/latex/base/size12.clo
File: size12.clo 2001/04/21 v1.4e Standard LaTeX file (size option)
)
\c@part=\count79
\c@section=\count80
\c@subsection=\count81
\c@subsubsection=\count82
\c@paragraph=\count83
\c@subparagraph=\count84
\c@figure=\count85
\c@table=\count86
\abovecaptionskip=\skip41
\belowcaptionskip=\skip42
\bibindent=\dimen102
)
(/usr/share/texmf/tex/latex/graphics/graphicx.sty
Package: graphicx 1999/02/16 v1.0f Enhanced LaTeX Graphics (DPC,SPQR)

(/usr/share/texmf/tex/latex/graphics/keyval.sty
Package: keyval 1999/03/16 v1.13 key=value parser (DPC)
\KV@toks@=\toks14
)
(/usr/share/texmf/tex/latex/graphics/graphics.sty
Package: graphics 2001/07/07 v1.0n Standard LaTeX Graphics (DPC,SPQR)

(/usr/share/texmf/tex/latex/graphics/trig.sty
Package: trig 1999/03/16 v1.09 sin cos tan (DPC)
)
(/usr/share/texmf/tex/latex/config/graphics.cfg)
Package graphics Info: Driver file: dvips.def on input line 80.

(/usr/share/texmf/tex/latex/graphics/dvips.def
File: dvips.def 1999/02/16 v3.0i Driver-dependant file (DPC,SPQR)
))
\Gin@req@height=\dimen103
\Gin@req@width=\dimen104
) (addendum.aux)
\openout1 = `addendum.aux'.

LaTeX Font Info:    Checking defaults for OML/cmm/m/it on input line 14.
LaTeX Font Info:    ... okay on input line 14.
LaTeX Font Info:    Checking defaults for T1/cmr/m/n on input line 14.
LaTeX Font Info:    ... okay on input line 14.
LaTeX Font Info:    Checking defaults for OT1/cmr/m/n on input line 14.
LaTeX Font Info:    ... okay on input line 14.
LaTeX Font Info:    Checking defaults for OMS/cmsy/m/n on input line 14.
LaTeX Font Info:    ... okay on input line 14.
LaTeX Font Info:    Checking defaults for OMX/cmex/m/n on input line 14.
LaTeX Font Info:    ... okay on input line 14.
LaTeX Font Info:    Checking defaults for U/cmr/m/n on input line 14.
LaTeX Font Info:    ... okay on input line 14.
LaTeX Font Info:    External font `cmex10' loaded for size
(Font)              <20.74> on input line 16.
LaTeX Font Info:    External font `cmex10' loaded for size
(Font)              <14.4> on input line 16.
LaTeX Font Info:    External font `cmex10' loaded for size
(Font)              <12> on input line 16.
LaTeX Font Info:    External font `cmex10' loaded for size
(Font)              <7> on input line 16.
LaTeX Font Info:    External font `cmex10' loaded for size
(Font)              <8> on input line 22.
LaTeX Font Info:    External font `cmex10' loaded for size
(Font)              <6> on input line 22.
File: /home/mccann/monster_talk/beautiful_bcasll_2.eps Graphic file (type eps)

</home/mccann/monster_talk/beautiful_bcasll_2.eps> [1

] [2]
File: /home/mccann/antithesis/interferencescan.eps Graphic file (type eps)

</home/mccann/antithesis/interferencescan.eps>
File: /home/mccann/antithesis/fit_results/novemberfits_noapr03_3_10_final_allfi
t_comb3.eps Graphic file (type eps)

</home/mccann/antithesis/fit_results/novemberfits_noapr03_3_10_final_allfit_com
b3.eps>
File: /home/mccann/antithesis/fit_results/novemberfits_noapr03_3_10_pulls1again
.eps Graphic file (type eps)

</home/mccann/antithesis/fit_results/novemberfits_noapr03_3_10_pulls1again.eps>
File: /home/mccann/antithesis/fit_results/novemberfits_noapr03_3_10_pulls2again
.eps Graphic file (type eps)

</home/mccann/antithesis/fit_results/novemberfits_noapr03_3_10_pulls2again.eps>
File: /home/mccann/antithesis/fit_results/novemberfits_noapr03_3_10_pulls3again
.eps Graphic file (type eps)

</home/mccann/antithesis/fit_results/novemberfits_noapr03_3_10_pulls3again.eps>
[3] [4] [5] [6] [7] [8] (addendum.aux) ) 
Here is how much of TeX's memory you used:
 556 strings out of 20880
 6601 string characters out of 196184
 55844 words of memory out of 350001
 3544 multiletter control sequences out of 10000+15000
 9463 words of font info for 33 fonts, out of 400000 for 1000
 14 hyphenation exceptions out of 10000
 25i,6n,19p,630b,342s stack positions out of 3000i,100n,1500p,50000b,4000s

Output written on addendum.dvi (8 pages, 13688 bytes).
