ABS:   itr |       deltaX       deltaY       deltaZ         phiX         phiY         phiZ |        chisq |    rphi mean     rphi rms,       z mean        z rms
ABS:   =========================================================================================================================================================
DIFF:  itr |       deltaX       deltaY       deltaZ         phiX         phiY         phiZ |        chisq |    rphi mean     rphi rms,       z mean        z rms
DIFF:  =========================================================================================================================================================
MOVE:  itr |       deltaX       deltaY       deltaZ         phiX         phiY         phiZ |        chisq |    rphi mean     rphi rms,       z mean        z rms
MOVE:  =========================================================================================================================================================
ABS:   001 |  0.000012000 -0.000060000  0.000051000 -0.000080000 -0.000320000  0.000000000 |         23.1 |  0.000002101  0.000050736, -0.000134451  0.000566283
CONST: 001 | 43 1.2e-05 -6e-05 5.1e-05 -8e-05 -0.00032 0

ABS:   001 |  0.000012000 -0.000060000  0.000051000 -0.000080000 -0.000320000  0.000000000 |         23.1 |  0.000002101  0.000050736, -0.000134451  0.000566283
CONST: 001 | 43 1.2e-05 -6e-05 5.1e-05 -8e-05 -0.00032 0

ABS:   002 |  0.000012100 -0.000060000  0.000051000 -0.000080000 -0.000320000  0.000000000 |         23.1 |  0.000002147  0.000050790, -0.000134451  0.000566283
DIFF:  002 |  0.000000100  0.000000000  0.000000000  0.000000000 -0.000000000  0.000000000 |          0.0 |  0.000000046  0.000000054,  0.000000000  0.000000000
MOVE:  002 |  0.000000100  0.000000000  0.000000000  0.000000000 -0.000000000  0.000000000 |          0.0 |  0.000000046  0.000000054,  0.000000000  0.000000000
CONST: 002 | 43 1.21e-05 -6e-05 5.1e-05 -8e-05 -0.00032 0

ABS:   003 |  0.000011900 -0.000060000  0.000051000 -0.000080000 -0.000320000  0.000000000 |         23.1 |  0.000002001  0.000050736, -0.000134451  0.000566283
DIFF:  003 | -0.000000200  0.000000000  0.000000000  0.000000000  0.000000000  0.000000000 |         -0.0 | -0.000000146 -0.000000054, -0.000000000  0.000000000
MOVE:  003 | -0.000000100  0.000000000  0.000000000  0.000000000 -0.000000000  0.000000000 |         -0.0 | -0.000000100  0.000000000, -0.000000000  0.000000000
CONST: 003 | 43 1.19e-05 -6e-05 5.1e-05 -8e-05 -0.00032 0

ABS:   004 |  0.000012010 -0.000060000  0.000051000 -0.000080000 -0.000320000  0.000000000 |         23.1 |  0.000002111  0.000050736, -0.000134451  0.000566283
DIFF:  004 |  0.000000110  0.000000000  0.000000000  0.000000000  0.000000000  0.000000000 |          0.0 |  0.000000110  0.000000000,  0.000000000 -0.000000000
MOVE:  004 |  0.000000010  0.000000000  0.000000000  0.000000000 -0.000000000  0.000000000 |          0.0 |  0.000000010  0.000000000,  0.000000000 -0.000000000
CONST: 004 | 43 1.201e-05 -6e-05 5.1e-05 -8e-05 -0.00032 0

ABS:   005 |  0.000011990 -0.000060000  0.000051000 -0.000080000 -0.000320000  0.000000000 |         23.1 |  0.000002091  0.000050736, -0.000134451  0.000566283
DIFF:  005 | -0.000000020  0.000000000  0.000000000  0.000000000  0.000000000  0.000000000 |         -0.0 | -0.000000020 -0.000000000, -0.000000000  0.000000000
MOVE:  005 | -0.000000010  0.000000000  0.000000000  0.000000000 -0.000000000  0.000000000 |         -0.0 | -0.000000010  0.000000000, -0.000000000 -0.000000000
CONST: 005 | 43 1.199e-05 -6e-05 5.1e-05 -8e-05 -0.00032 0

ABS:   006 |  0.000012066 -0.000060000  0.000051000 -0.000080000 -0.000320000  0.000000000 |         23.1 |  0.000002166  0.000050736, -0.000134451  0.000566283
DIFF:  006 |  0.000000076  0.000000000  0.000000000  0.000000000  0.000000000  0.000000000 |          0.0 |  0.000000076  0.000000000,  0.000000000  0.000000000
MOVE:  006 |  0.000000066  0.000000000  0.000000000  0.000000000 -0.000000000  0.000000000 |          0.0 |  0.000000066  0.000000000,  0.000000000  0.000000000
CONST: 006 | 43 1.20656e-05 -6e-05 5.1e-05 -8e-05 -0.00032 0

ABS:   007 |  0.000011934 -0.000060000  0.000051000 -0.000080000 -0.000320000  0.000000000 |         23.1 |  0.000002035  0.000050736, -0.000134451  0.000566283
DIFF:  007 | -0.000000131  0.000000000  0.000000000  0.000000000  0.000000000  0.000000000 |         -0.0 | -0.000000131  0.000000000, -0.000000000 -0.000000000
MOVE:  007 | -0.000000066  0.000000000  0.000000000  0.000000000 -0.000000000  0.000000000 |         -0.0 | -0.000000066  0.000000000, -0.000000000 -0.000000000
CONST: 007 | 43 1.19344e-05 -6e-05 5.1e-05 -8e-05 -0.00032 0

ABS:   008 |  0.000012000 -0.000059900  0.000051000 -0.000080000 -0.000320000  0.000000000 |         23.1 |  0.000002101  0.000050736, -0.000134528  0.000566288
DIFF:  008 |  0.000000066  0.000000100  0.000000000  0.000000000  0.000000000  0.000000000 |          0.0 |  0.000000066  0.000000000, -0.000000076  0.000000005
MOVE:  008 |  0.000000000  0.000000100  0.000000000  0.000000000 -0.000000000  0.000000000 |          0.0 |  0.000000001  0.000000000, -0.000000076  0.000000005
CONST: 008 | 43 1.2e-05 -5.99e-05 5.1e-05 -8e-05 -0.00032 0

ABS:   009 |  0.000012000 -0.000060100  0.000051000 -0.000080000 -0.000320000  0.000000000 |         23.1 |  0.000002100  0.000050736, -0.000134375  0.000566278
DIFF:  009 |  0.000000000 -0.000000200  0.000000000  0.000000000  0.000000000  0.000000000 |         -0.0 | -0.000000001 -0.000000000,  0.000000153 -0.000000011
MOVE:  009 |  0.000000000 -0.000000100  0.000000000  0.000000000 -0.000000000  0.000000000 |         -0.0 | -0.000000001 -0.000000000,  0.000000076 -0.000000005
CONST: 009 | 43 1.2e-05 -6.01e-05 5.1e-05 -8e-05 -0.00032 0

ABS:   010 |  0.000012000 -0.000059689  0.000051000 -0.000080000 -0.000320000  0.000000000 |         23.1 |  0.000002102  0.000050736, -0.000134689  0.000566300
DIFF:  010 |  0.000000000  0.000000411  0.000000000  0.000000000  0.000000000  0.000000000 |          0.0 |  0.000000002  0.000000001, -0.000000315  0.000000022
MOVE:  010 |  0.000000000  0.000000311  0.000000000  0.000000000 -0.000000000  0.000000000 |          0.0 |  0.000000002  0.000000001, -0.000000238  0.000000016
CONST: 010 | 43 1.2e-05 -5.96887e-05 5.1e-05 -8e-05 -0.00032 0

ABS:   011 |  0.000012000 -0.000060311  0.000051000 -0.000080000 -0.000320000  0.000000000 |         23.1 |  0.000002099  0.000050735, -0.000134213  0.000566267
DIFF:  011 |  0.000000000 -0.000000623  0.000000000  0.000000000  0.000000000  0.000000000 |         -0.0 | -0.000000003 -0.000000001,  0.000000476 -0.000000033
MOVE:  011 |  0.000000000 -0.000000311  0.000000000  0.000000000 -0.000000000  0.000000000 |         -0.0 | -0.000000002 -0.000000001,  0.000000238 -0.000000016
CONST: 011 | 43 1.2e-05 -6.03113e-05 5.1e-05 -8e-05 -0.00032 0

ABS:   012 |  0.000012000 -0.000060000  0.000056002 -0.000080000 -0.000320000  0.000000000 |         23.2 |  0.000002102  0.000050736, -0.000138863  0.000565956
DIFF:  012 |  0.000000000  0.000000311  0.000005002  0.000000000  0.000000000  0.000000000 |          0.0 |  0.000000003  0.000000001, -0.000004650 -0.000000311
MOVE:  012 |  0.000000000  0.000000000  0.000005002  0.000000000 -0.000000000  0.000000000 |          0.0 |  0.000000002 -0.000000000, -0.000004412 -0.000000328
CONST: 012 | 43 1.2e-05 -6e-05 5.60021e-05 -8e-05 -0.00032 0

ABS:   013 |  0.000012000 -0.000060000  0.000045998 -0.000080000 -0.000320000  0.000000000 |         23.2 |  0.000002099  0.000050736, -0.000133162  0.000567285
DIFF:  013 |  0.000000000  0.000000000 -0.000010004  0.000000000  0.000000000  0.000000000 |          0.1 | -0.000000003  0.000000000,  0.000005701  0.000001329
MOVE:  013 |  0.000000000  0.000000000 -0.000005002  0.000000000 -0.000000000  0.000000000 |          0.1 | -0.000000002  0.000000000,  0.000001289  0.000001002
CONST: 013 | 43 1.2e-05 -6e-05 4.59979e-05 -8e-05 -0.00032 0

ABS:   014 |  0.000012000 -0.000060000  0.000051500 -0.000080000 -0.000320000  0.000000000 |         23.1 |  0.000002101  0.000050736, -0.000134951  0.000566283
DIFF:  014 |  0.000000000  0.000000000  0.000005502  0.000000000  0.000000000  0.000000000 |         -0.1 |  0.000000002 -0.000000000, -0.000001789 -0.000001002
MOVE:  014 |  0.000000000  0.000000000  0.000000500  0.000000000 -0.000000000  0.000000000 |          0.0 |  0.000000000 -0.000000000, -0.000000500 -0.000000000
CONST: 014 | 43 1.2e-05 -6e-05 5.15002e-05 -8e-05 -0.00032 0

ABS:   015 |  0.000012000 -0.000060000  0.000050500 -0.000080000 -0.000320000  0.000000000 |         23.2 |  0.000002101  0.000050736, -0.000134543  0.000566614
DIFF:  015 |  0.000000000  0.000000000 -0.000001000  0.000000000  0.000000000  0.000000000 |          0.0 | -0.000000000  0.000000000,  0.000000409  0.000000331
MOVE:  015 |  0.000000000  0.000000000 -0.000000500  0.000000000 -0.000000000  0.000000000 |          0.0 | -0.000000000  0.000000000, -0.000000091  0.000000331
CONST: 015 | 43 1.2e-05 -6e-05 5.04998e-05 -8e-05 -0.00032 0

ABS:   016 |  0.000012000 -0.000060000  0.000051050 -0.000080000 -0.000320000  0.000000000 |         23.1 |  0.000002101  0.000050736, -0.000134501  0.000566283
DIFF:  016 |  0.000000000  0.000000000  0.000000550  0.000000000  0.000000000  0.000000000 |         -0.0 |  0.000000000 -0.000000000,  0.000000041 -0.000000331
MOVE:  016 |  0.000000000  0.000000000  0.000000050  0.000000000 -0.000000000  0.000000000 |          0.0 |  0.000000000 -0.000000000, -0.000000050 -0.000000000
CONST: 016 | 43 1.2e-05 -6e-05 5.105e-05 -8e-05 -0.00032 0

ABS:   017 |  0.000012000 -0.000060000  0.000050950 -0.000080000 -0.000320000  0.000000000 |         23.1 |  0.000002101  0.000050736, -0.000134401  0.000566283
DIFF:  017 |  0.000000000  0.000000000 -0.000000100  0.000000000  0.000000000  0.000000000 |         -0.0 | -0.000000000  0.000000000,  0.000000100  0.000000000
MOVE:  017 |  0.000000000  0.000000000 -0.000000050  0.000000000 -0.000000000  0.000000000 |         -0.0 | -0.000000000  0.000000000,  0.000000050  0.000000000
CONST: 017 | 43 1.2e-05 -6e-05 5.095e-05 -8e-05 -0.00032 0

ABS:   018 |  0.000012000 -0.000060000  0.000051000 -0.000076000 -0.000320000  0.000000000 |         23.1 |  0.000002105  0.000050735, -0.000134841  0.000566286
DIFF:  018 |  0.000000000  0.000000000  0.000000050  0.000004000  0.000000000  0.000000000 |          0.0 |  0.000000005 -0.000000000, -0.000000440  0.000000003
MOVE:  018 |  0.000000000  0.000000000  0.000000000  0.000004000 -0.000000000  0.000000000 |          0.0 |  0.000000004 -0.000000000, -0.000000390  0.000000003
CONST: 018 | 43 1.2e-05 -6e-05 5.1e-05 -7.6e-05 -0.00032 0

ABS:   019 |  0.000012000 -0.000060000  0.000051000 -0.000084000 -0.000320000  0.000000000 |         23.1 |  0.000002096  0.000050736, -0.000134061  0.000566280
DIFF:  019 |  0.000000000  0.000000000  0.000000000 -0.000008000  0.000000000  0.000000000 |         -0.0 | -0.000000009  0.000000001,  0.000000780 -0.000000007
MOVE:  019 |  0.000000000  0.000000000  0.000000000 -0.000004000 -0.000000000  0.000000000 |         -0.0 | -0.000000004  0.000000000,  0.000000390 -0.000000003
CONST: 019 | 43 1.2e-05 -6e-05 5.1e-05 -8.4e-05 -0.00032 0

ABS:   020 |  0.000012000 -0.000060000  0.000051000 -0.000077141 -0.000320000  0.000000000 |         23.1 |  0.000002104  0.000050736, -0.000134730  0.000566286
DIFF:  020 |  0.000000000  0.000000000  0.000000000  0.000006859  0.000000000  0.000000000 |          0.0 |  0.000000008 -0.000000001, -0.000000668  0.000000006
MOVE:  020 |  0.000000000  0.000000000  0.000000000  0.000002859 -0.000000000  0.000000000 |          0.0 |  0.000000003 -0.000000000, -0.000000279  0.000000002
CONST: 020 | 43 1.2e-05 -6e-05 5.1e-05 -7.71412e-05 -0.00032 0

ABS:   021 |  0.000012000 -0.000060000  0.000051000 -0.000082859 -0.000320000  0.000000000 |         23.1 |  0.000002098  0.000050736, -0.000134173  0.000566281
DIFF:  021 |  0.000000000  0.000000000  0.000000000 -0.000005718  0.000000000  0.000000000 |         -0.0 | -0.000000006  0.000000001,  0.000000557 -0.000000005
MOVE:  021 |  0.000000000  0.000000000  0.000000000 -0.000002859 -0.000000000  0.000000000 |         -0.0 | -0.000000003  0.000000000,  0.000000279 -0.000000002
CONST: 021 | 43 1.2e-05 -6e-05 5.1e-05 -8.28588e-05 -0.00032 0

ABS:   022 |  0.000012000 -0.000060000  0.000051000 -0.000080000 -0.000309999  0.000000000 |         23.1 |  0.000001252  0.000050646, -0.000134460  0.000566287
DIFF:  022 |  0.000000000  0.000000000  0.000000000  0.000002859  0.000010001  0.000000000 |         -0.0 | -0.000000846 -0.000000090, -0.000000288  0.000000006
MOVE:  022 |  0.000000000  0.000000000  0.000000000  0.000000000  0.000010001  0.000000000 |         -0.0 | -0.000000849 -0.000000090, -0.000000009  0.000000004
CONST: 022 | 43 1.2e-05 -6e-05 5.1e-05 -8e-05 -0.000309999 0

ABS:   023 |  0.000012000 -0.000060000  0.000051000 -0.000080000 -0.000330001  0.000000000 |         23.1 |  0.000002632  0.000050845, -0.000134442  0.000566279
DIFF:  023 |  0.000000000  0.000000000  0.000000000  0.000000000 -0.000020001  0.000000000 |          0.0 |  0.000001381  0.000000199,  0.000000018 -0.000000008
MOVE:  023 |  0.000000000  0.000000000  0.000000000  0.000000000 -0.000010001  0.000000000 |          0.0 |  0.000000531  0.000000110,  0.000000009 -0.000000004
CONST: 023 | 43 1.2e-05 -6e-05 5.1e-05 -8e-05 -0.000330001 0

ABS:   024 |  0.000012000 -0.000060000  0.000051000 -0.000080000 -0.000319000  0.000000000 |         23.1 |  0.000001967  0.000050775, -0.000134452  0.000566284
DIFF:  024 |  0.000000000  0.000000000  0.000000000  0.000000000  0.000011001  0.000000000 |         -0.0 | -0.000000665 -0.000000070, -0.000000010  0.000000004
MOVE:  024 |  0.000000000  0.000000000  0.000000000  0.000000000  0.000001000  0.000000000 |          0.0 | -0.000000134  0.000000039, -0.000000001  0.000000000
CONST: 024 | 43 1.2e-05 -6e-05 5.1e-05 -8e-05 -0.000319 0

ABS:   025 |  0.000012000 -0.000060000  0.000051000 -0.000080000 -0.000321000  0.000000000 |         23.1 |  0.000002180  0.000050750, -0.000134450  0.000566283
DIFF:  025 |  0.000000000  0.000000000  0.000000000  0.000000000 -0.000002000  0.000000000 |         -0.0 |  0.000000213 -0.000000025,  0.000000002 -0.000000001
MOVE:  025 |  0.000000000  0.000000000  0.000000000  0.000000000 -0.000001000  0.000000000 |          0.0 |  0.000000080  0.000000015,  0.000000001 -0.000000000
CONST: 025 | 43 1.2e-05 -6e-05 5.1e-05 -8e-05 -0.000321 0

ABS:   026 |  0.000012000 -0.000060000  0.000051000 -0.000080000 -0.000319900  0.000000000 |         23.1 |  0.000002093  0.000050734, -0.000134451  0.000566283
DIFF:  026 |  0.000000000  0.000000000  0.000000000  0.000000000  0.000001100  0.000000000 |         -0.0 | -0.000000088 -0.000000016, -0.000000001  0.000000000
MOVE:  026 |  0.000000000  0.000000000  0.000000000  0.000000000  0.000000100  0.000000000 |         -0.0 | -0.000000008 -0.000000001, -0.000000000  0.000000000
CONST: 026 | 43 1.2e-05 -6e-05 5.1e-05 -8e-05 -0.0003199 0

ABS:   027 |  0.000012000 -0.000060000  0.000051000 -0.000080000 -0.000320100  0.000000000 |         23.1 |  0.000002109  0.000050737, -0.000134451  0.000566283
DIFF:  027 |  0.000000000  0.000000000  0.000000000  0.000000000 -0.000000200  0.000000000 |          0.0 |  0.000000016  0.000000003,  0.000000000 -0.000000000
MOVE:  027 |  0.000000000  0.000000000  0.000000000  0.000000000 -0.000000100  0.000000000 |          0.0 |  0.000000008  0.000000001,  0.000000000 -0.000000000
CONST: 027 | 43 1.2e-05 -6e-05 5.1e-05 -8e-05 -0.0003201 0

ABS:   028 |  0.000012000 -0.000060000  0.000051000 -0.000080000 -0.000320000  0.000002000 |         23.1 |  0.000002100  0.000050736, -0.000134448  0.000566283
DIFF:  028 |  0.000000000  0.000000000  0.000000000  0.000000000  0.000000100  0.000002000 |         -0.0 | -0.000000009 -0.000000001,  0.000000003  0.000000000
MOVE:  028 |  0.000000000  0.000000000  0.000000000  0.000000000 -0.000000000  0.000002000 |         -0.0 | -0.000000001  0.000000000,  0.000000003  0.000000000
CONST: 028 | 43 1.2e-05 -6e-05 5.1e-05 -8e-05 -0.00032 2.00001e-06

ABS:   029 |  0.000012000 -0.000060000  0.000051000 -0.000080000 -0.000320000 -0.000002000 |         23.1 |  0.000002102  0.000050736, -0.000134455  0.000566283
DIFF:  029 |  0.000000000  0.000000000  0.000000000  0.000000000  0.000000000 -0.000004000 |          0.0 |  0.000000002 -0.000000000, -0.000000007 -0.000000000
MOVE:  029 |  0.000000000  0.000000000  0.000000000  0.000000000 -0.000000000 -0.000002000 |          0.0 |  0.000000001 -0.000000000, -0.000000003 -0.000000000
CONST: 029 | 43 1.2e-05 -6e-05 5.1e-05 -8e-05 -0.00032 -2.00001e-06

ABS:   030 |  0.000012000 -0.000060000  0.000051000 -0.000080000 -0.000320000  0.000020000 |         23.1 |  0.000002092  0.000050736, -0.000134417  0.000566285
DIFF:  030 |  0.000000000  0.000000000  0.000000000  0.000000000  0.000000000  0.000022000 |         -0.0 | -0.000000009  0.000000000,  0.000000038  0.000000002
MOVE:  030 |  0.000000000  0.000000000  0.000000000  0.000000000 -0.000000000  0.000020000 |         -0.0 | -0.000000009  0.000000000,  0.000000034  0.000000002
CONST: 030 | 43 1.2e-05 -6e-05 5.1e-05 -8e-05 -0.00032 2.00001e-05

ABS:   031 |  0.000012000 -0.000060000  0.000051000 -0.000080000 -0.000320000 -0.000020000 |         23.1 |  0.000002109  0.000050736, -0.000134485  0.000566281
DIFF:  031 |  0.000000000  0.000000000  0.000000000  0.000000000  0.000000000 -0.000040000 |          0.0 |  0.000000017 -0.000000000, -0.000000068 -0.000000004
MOVE:  031 |  0.000000000  0.000000000  0.000000000  0.000000000 -0.000000000 -0.000020000 |          0.0 |  0.000000009 -0.000000000, -0.000000034 -0.000000002
CONST: 031 | 43 1.2e-05 -6e-05 5.1e-05 -8e-05 -0.00032 -2.00001e-05

ABS:   032 |  0.000009901 -0.000192194 -0.000083467 -0.001194301 -0.000237993  0.003575602 |         24.4 | -0.000007613  0.000051719, -0.000003362  0.000579757
DIFF:  032 | -0.000002099 -0.000132194 -0.000134467 -0.001114301  0.000082007  0.003595602 |          1.3 | -0.000009722  0.000000984,  0.000131123  0.000013475
MOVE:  032 | -0.000002099 -0.000132194 -0.000134467 -0.001114301  0.000082007  0.003575602 |          1.3 | -0.000009713  0.000000984,  0.000131089  0.000013474
CONST: 032 | 43 9.90115e-06 -0.000192194 -8.3467e-05 -0.0011943 -0.000237993 0.0035756

ABS:   033 |  0.000011128 -0.000115085 -0.000004898 -0.000543239 -0.000285910  0.001487403 |         23.3 | -0.000002318  0.000050932, -0.000081187  0.000569559
DIFF:  033 |  0.000001226  0.000077108  0.000078569  0.000651062 -0.000047917 -0.002088198 |         -1.1 |  0.000005294 -0.000000788, -0.000077825 -0.000010198
MOVE:  033 | -0.000000872 -0.000055085 -0.000055898 -0.000463239  0.000034090  0.001487403 |          0.2 | -0.000004419  0.000000196,  0.000053264  0.000003276
CONST: 033 | 43 1.11275e-05 -0.000115085 -4.89841e-06 -0.000543239 -0.00028591 0.0014874

ABS:   034 |  0.000011594 -0.000085668  0.000024964 -0.000295768 -0.000304122  0.000692878 |         23.5 |  0.000000006  0.000051114, -0.000112996  0.000569405
DIFF:  034 |  0.000000466  0.000029418  0.000029862  0.000247471 -0.000018211 -0.000794525 |          0.1 |  0.000002324  0.000000182, -0.000031809 -0.000000154
MOVE:  034 | -0.000000406 -0.000025668 -0.000026036 -0.000215768  0.000015878  0.000692878 |          0.3 | -0.000002095  0.000000378,  0.000021455  0.000003122
CONST: 034 | 43 1.15936e-05 -8.56677e-05 2.49637e-05 -0.000295768 -0.000304122 0.000692878

ABS:   035 |  0.000011841 -0.000070062  0.000040795 -0.000164573 -0.000313776  0.000271590 |         23.2 |  0.000001335  0.000050693, -0.000128966  0.000567025
DIFF:  035 |  0.000000247  0.000015606  0.000015831  0.000131195 -0.000009655 -0.000421288 |         -0.2 |  0.000001329 -0.000000421, -0.000015970 -0.000002380
MOVE:  035 | -0.000000159 -0.000010062 -0.000010205 -0.000084573  0.000006224  0.000271590 |          0.1 | -0.000000766 -0.000000043,  0.000005486  0.000000742
CONST: 035 | 43 1.18407e-05 -7.00617e-05 4.07947e-05 -0.000164573 -0.000313776 0.00027159

ABS:   036 |  0.000011936 -0.000064055  0.000046887 -0.000114087 -0.000317492  0.000109464 |         23.2 |  0.000001728  0.000050697, -0.000129970  0.000567423
DIFF:  036 |  0.000000095  0.000006006  0.000006092  0.000050486 -0.000003715 -0.000162126 |         -0.0 |  0.000000393  0.000000004, -0.000001004  0.000000399
MOVE:  036 | -0.000000064 -0.000004055 -0.000004113 -0.000034087  0.000002508  0.000109464 |          0.1 | -0.000000373 -0.000000039,  0.000004481  0.000001140
CONST: 036 | 43 1.19358e-05 -6.40554e-05 4.68868e-05 -0.000114087 -0.000317492 0.000109464

ABS:   037 |  0.000011977 -0.000061474  0.000049505 -0.000092390 -0.000319088  0.000039788 |         23.1 |  0.000001965  0.000050721, -0.000133085  0.000566544
DIFF:  037 |  0.000000041  0.000002581  0.000002618  0.000021697 -0.000001597 -0.000069675 |         -0.1 |  0.000000237  0.000000024, -0.000003115 -0.000000880
MOVE:  037 | -0.000000023 -0.000001474 -0.000001495 -0.000012390  0.000000912  0.000039788 |          0.0 | -0.000000135 -0.000000015,  0.000001366  0.000000260
CONST: 037 | 43 1.19767e-05 -6.14741e-05 4.95049e-05 -9.239e-05 -0.000319088 3.97882e-05

ABS:   038 |  0.000011991 -0.000060590  0.000050402 -0.000084955 -0.000319635  0.000015913 |         23.1 |  0.000002047  0.000050730, -0.000134832  0.000566261
DIFF:  038 |  0.000000014  0.000000885  0.000000897  0.000007435 -0.000000547 -0.000023876 |         -0.0 |  0.000000081  0.000000009, -0.000001747 -0.000000283
MOVE:  038 | -0.000000009 -0.000000590 -0.000000598 -0.000004955  0.000000365  0.000015913 |          0.0 | -0.000000054 -0.000000006, -0.000000381 -0.000000022
CONST: 038 | 43 1.19907e-05 -6.05895e-05 5.04021e-05 -8.49552e-05 -0.000319635 1.59126e-05

ABS:   039 |  0.000011997 -0.000060189  0.000050808 -0.000081590 -0.000319883  0.000005107 |         23.1 |  0.000002083  0.000050734, -0.000133951  0.000566272
DIFF:  039 |  0.000000006  0.000000400  0.000000406  0.000003365 -0.000000248 -0.000010806 |         -0.0 |  0.000000037  0.000000004,  0.000000881  0.000000012
MOVE:  039 | -0.000000003 -0.000000189 -0.000000192 -0.000001590  0.000000117  0.000005107 |         -0.0 | -0.000000017 -0.000000002,  0.000000500 -0.000000011
CONST: 039 | 43 1.1997e-05 -6.01892e-05 5.08081e-05 -8.15902e-05 -0.000319883 5.10666e-06

ABS:   040 |  0.000011996 -0.000060223  0.000050774 -0.000081874 -0.000319862  0.000006019 |         23.1 |  0.000002080  0.000050734, -0.000133862  0.000566271
DIFF:  040 | -0.000000001 -0.000000034 -0.000000034 -0.000000284  0.000000021  0.000000912 |         -0.0 | -0.000000003 -0.000000000,  0.000000089 -0.000000002
MOVE:  040 | -0.000000004 -0.000000223 -0.000000226 -0.000001874  0.000000138  0.000006019 |         -0.0 | -0.000000020 -0.000000002,  0.000000590 -0.000000013
CONST: 040 | 43 1.19965e-05 -6.0223e-05 5.07738e-05 -8.18743e-05 -0.000319862 6.01881e-06

ABS:   041 |  0.000011991 -0.000060560  0.000050432 -0.000084707 -0.000319654  0.000015117 |         23.1 |  0.000002049  0.000050730, -0.000134910  0.000566262
DIFF:  041 | -0.000000005 -0.000000337 -0.000000342 -0.000002833  0.000000208  0.000009098 |          0.0 | -0.000000031 -0.000000003, -0.000001048 -0.000000008
MOVE:  041 | -0.000000009 -0.000000560 -0.000000568 -0.000004707  0.000000346  0.000015117 |          0.0 | -0.000000051 -0.000000006, -0.000000459 -0.000000021
CONST: 041 | 43 1.19911e-05 -6.05601e-05 5.0432e-05 -8.47074e-05 -0.000319654 1.5117e-05

ABS:   042 |  0.000011994 -0.000060392  0.000050603 -0.000083291 -0.000319758  0.000010568 |         23.2 |  0.000002065  0.000050732, -0.000135355  0.000566271
DIFF:  042 |  0.000000003  0.000000169  0.000000171  0.000001417 -0.000000104 -0.000004549 |          0.0 |  0.000000015  0.000000002, -0.000000445  0.000000009
MOVE:  042 | -0.000000006 -0.000000392 -0.000000397 -0.000003291  0.000000242  0.000010568 |          0.0 | -0.000000036 -0.000000004, -0.000000904 -0.000000012
CONST: 042 | 43 1.19938e-05 -6.03915e-05 5.06029e-05 -8.32908e-05 -0.000319758 1.05679e-05

ABS:   043 |  0.000012062 -0.000060223  0.000050774 -0.000081874 -0.000319862  0.000006019 |         23.1 |  0.000002146  0.000050734, -0.000133862  0.000566271
DIFF:  043 |  0.000000068  0.000000169  0.000000171  0.000001417 -0.000000104 -0.000004549 |         -0.0 |  0.000000081  0.000000002,  0.000001494 -0.000000001
MOVE:  043 |  0.000000062 -0.000000223 -0.000000226 -0.000001874  0.000000138  0.000006019 |         -0.0 |  0.000000045 -0.000000002,  0.000000590 -0.000000013
CONST: 043 | 43 1.2062e-05 -6.0223e-05 5.07738e-05 -8.18743e-05 -0.000319862 6.01881e-06

ABS:   044 |  0.000011931 -0.000060223  0.000050774 -0.000081874 -0.000319862  0.000006019 |         23.1 |  0.000002015  0.000050734, -0.000133862  0.000566271
DIFF:  044 | -0.000000131  0.000000000  0.000000000  0.000000000  0.000000000  0.000000000 |         -0.0 | -0.000000131  0.000000000, -0.000000000  0.000000000
MOVE:  044 | -0.000000069 -0.000000223 -0.000000226 -0.000001874  0.000000138  0.000006019 |         -0.0 | -0.000000086 -0.000000002,  0.000000589 -0.000000013
CONST: 044 | 43 1.19309e-05 -6.0223e-05 5.07738e-05 -8.18743e-05 -0.000319862 6.01881e-06

ABS:   045 |  0.000011996 -0.000059912  0.000050774 -0.000081874 -0.000319862  0.000006019 |         23.2 |  0.000002082  0.000050734, -0.000134691  0.000566618
DIFF:  045 |  0.000000066  0.000000311  0.000000000  0.000000000  0.000000000  0.000000000 |          0.0 |  0.000000067  0.000000001, -0.000000829  0.000000347
MOVE:  045 | -0.000000004  0.000000088 -0.000000226 -0.000001874  0.000000138  0.000006019 |          0.0 | -0.000000019 -0.000000002, -0.000000240  0.000000334
CONST: 045 | 43 1.19965e-05 -5.99118e-05 5.07738e-05 -8.18743e-05 -0.000319862 6.01881e-06

ABS:   046 |  0.000011996 -0.000060534  0.000050774 -0.000081874 -0.000319862  0.000006019 |         23.1 |  0.000002079  0.000050733, -0.000134380  0.000565603
DIFF:  046 |  0.000000000 -0.000000622  0.000000000  0.000000000  0.000000000  0.000000000 |         -0.1 | -0.000000003 -0.000000001,  0.000000311 -0.000001015
MOVE:  046 | -0.000000004 -0.000000534 -0.000000226 -0.000001874  0.000000138  0.000006019 |         -0.1 | -0.000000022 -0.000000003,  0.000000071 -0.000000680
CONST: 046 | 43 1.19965e-05 -6.05342e-05 5.07738e-05 -8.18743e-05 -0.000319862 6.01881e-06

ABS:   047 |  0.000011996 -0.000059753  0.000050774 -0.000081874 -0.000319862  0.000006019 |         23.2 |  0.000002083  0.000050735, -0.000134812  0.000566626
DIFF:  047 |  0.000000000  0.000000781  0.000000000  0.000000000  0.000000000  0.000000000 |          0.1 |  0.000000004  0.000000002, -0.000000432  0.000001023
MOVE:  047 | -0.000000004  0.000000247 -0.000000226 -0.000001874  0.000000138  0.000006019 |          0.0 | -0.000000018 -0.000000001, -0.000000361  0.000000343
CONST: 047 | 43 1.19965e-05 -5.97532e-05 5.07738e-05 -8.18743e-05 -0.000319862 6.01881e-06

ABS:   048 |  0.000011996 -0.000060693  0.000050774 -0.000081874 -0.000319862  0.000006019 |         23.1 |  0.000002078  0.000050733, -0.000134851  0.000565926
DIFF:  048 |  0.000000000 -0.000000940  0.000000000  0.000000000  0.000000000  0.000000000 |         -0.1 | -0.000000005 -0.000000002, -0.000000038 -0.000000700
MOVE:  048 | -0.000000004 -0.000000693 -0.000000226 -0.000001874  0.000000138  0.000006019 |         -0.0 | -0.000000023 -0.000000003, -0.000000399 -0.000000357
CONST: 048 | 43 1.19965e-05 -6.06927e-05 5.07738e-05 -8.18743e-05 -0.000319862 6.01881e-06

ABS:   049 |  0.000011996 -0.000060176  0.000050774 -0.000081874 -0.000319862  0.000006019 |         23.1 |  0.000002080  0.000050734, -0.000133898  0.000566273
DIFF:  049 |  0.000000000  0.000000517  0.000000000  0.000000000  0.000000000  0.000000000 |          0.0 |  0.000000003  0.000000001,  0.000000953  0.000000347
MOVE:  049 | -0.000000004 -0.000000176 -0.000000226 -0.000001874  0.000000138  0.000006019 |         -0.0 | -0.000000020 -0.000000002,  0.000000554 -0.000000010
CONST: 049 | 43 1.19965e-05 -6.0176e-05 5.07738e-05 -8.18743e-05 -0.000319862 6.01881e-06

ABS:   050 |  0.000011996 -0.000060270  0.000050774 -0.000081874 -0.000319862  0.000006019 |         23.1 |  0.000002080  0.000050733, -0.000134582  0.000565617
DIFF:  050 |  0.000000000 -0.000000094  0.000000000  0.000000000  0.000000000  0.000000000 |         -0.0 | -0.000000001 -0.000000000, -0.000000685 -0.000000656
MOVE:  050 | -0.000000004 -0.000000270 -0.000000226 -0.000001874  0.000000138  0.000006019 |         -0.1 | -0.000000021 -0.000000002, -0.000000131 -0.000000667
CONST: 050 | 43 1.19965e-05 -6.027e-05 5.07738e-05 -8.18743e-05 -0.000319862 6.01881e-06

ABS:   051 |  0.000011996 -0.000060223  0.000051088 -0.000081874 -0.000319862  0.000006019 |         23.1 |  0.000002080  0.000050734, -0.000134176  0.000566271
DIFF:  051 |  0.000000000  0.000000047  0.000000315  0.000000000  0.000000000  0.000000000 |          0.0 |  0.000000000  0.000000000,  0.000000406  0.000000654
MOVE:  051 | -0.000000004 -0.000000223  0.000000088 -0.000001874  0.000000138  0.000006019 |         -0.0 | -0.000000020 -0.000000002,  0.000000275 -0.000000013
CONST: 051 | 43 1.19965e-05 -6.0223e-05 5.10885e-05 -8.18743e-05 -0.000319862 6.01881e-06

ABS:   052 |  0.000011996 -0.000060223  0.000050459 -0.000081874 -0.000319862  0.000006019 |         23.1 |  0.000002080  0.000050734, -0.000134895  0.000565950
DIFF:  052 |  0.000000000  0.000000000 -0.000000629  0.000000000  0.000000000  0.000000000 |         -0.0 | -0.000000000  0.000000000, -0.000000719 -0.000000320
MOVE:  052 | -0.000000004 -0.000000223 -0.000000541 -0.000001874  0.000000138  0.000006019 |         -0.0 | -0.000000021 -0.000000002, -0.000000444 -0.000000333
CONST: 052 | 43 1.19965e-05 -6.0223e-05 5.04592e-05 -8.18743e-05 -0.000319862 6.01881e-06

ABS:   053 |  0.000011996 -0.000060223  0.000050774 -0.000079016 -0.000319862  0.000006019 |         23.1 |  0.000002083  0.000050733, -0.000134140  0.000566273
DIFF:  053 |  0.000000000  0.000000000  0.000000315  0.000002858  0.000000000  0.000000000 |          0.0 |  0.000000003 -0.000000000,  0.000000755  0.000000323
MOVE:  053 | -0.000000004 -0.000000223 -0.000000226  0.000000984  0.000000138  0.000006019 |         -0.0 | -0.000000017 -0.000000003,  0.000000311 -0.000000010
CONST: 053 | 43 1.19965e-05 -6.0223e-05 5.07738e-05 -7.90161e-05 -0.000319862 6.01881e-06

ABS:   054 |  0.000011996 -0.000060223  0.000050774 -0.000084732 -0.000319862  0.000006019 |         23.1 |  0.000002077  0.000050734, -0.000134340  0.000565617
DIFF:  054 |  0.000000000  0.000000000  0.000000000 -0.000005716  0.000000000  0.000000000 |         -0.1 | -0.000000006  0.000000001, -0.000000199 -0.000000656
MOVE:  054 | -0.000000004 -0.000000223 -0.000000226 -0.000004732  0.000000138  0.000006019 |         -0.1 | -0.000000024 -0.000000002,  0.000000112 -0.000000666
CONST: 054 | 43 1.19965e-05 -6.0223e-05 5.07738e-05 -8.47324e-05 -0.000319862 6.01881e-06

ABS:   055 |  0.000011996 -0.000060223  0.000050774 -0.000081588 -0.000319862  0.000006019 |         23.1 |  0.000002081  0.000050734, -0.000133890  0.000566271
DIFF:  055 |  0.000000000  0.000000000  0.000000000  0.000003144  0.000000000  0.000000000 |          0.0 |  0.000000004 -0.000000000,  0.000000450  0.000000654
MOVE:  055 | -0.000000004 -0.000000223 -0.000000226 -0.000001588  0.000000138  0.000006019 |         -0.0 | -0.000000020 -0.000000002,  0.000000562 -0.000000012
CONST: 055 | 43 1.19965e-05 -6.0223e-05 5.07738e-05 -8.15884e-05 -0.000319862 6.01881e-06

ABS:   056 |  0.000011996 -0.000060223  0.000050774 -0.000082160 -0.000319862  0.000006019 |         23.1 |  0.000002080  0.000050734, -0.000133834  0.000566270
DIFF:  056 |  0.000000000  0.000000000  0.000000000 -0.000000572  0.000000000  0.000000000 |         -0.0 | -0.000000001  0.000000000,  0.000000056 -0.000000000
MOVE:  056 | -0.000000004 -0.000000223 -0.000000226 -0.000002160  0.000000138  0.000006019 |         -0.0 | -0.000000021 -0.000000002,  0.000000617 -0.000000013
CONST: 056 | 43 1.19965e-05 -6.0223e-05 5.07738e-05 -8.21601e-05 -0.000319862 6.01881e-06

ABS:   057 |  0.000011996 -0.000060223  0.000050774 -0.000079016 -0.000319862  0.000006019 |         23.1 |  0.000002083  0.000050733, -0.000134140  0.000566273
DIFF:  057 |  0.000000000  0.000000000  0.000000000  0.000003144  0.000000000  0.000000000 |          0.0 |  0.000000004 -0.000000000, -0.000000306  0.000000003
MOVE:  057 | -0.000000004 -0.000000223 -0.000000226  0.000000984  0.000000138  0.000006019 |         -0.0 | -0.000000017 -0.000000003,  0.000000311 -0.000000010
CONST: 057 | 43 1.19965e-05 -6.0223e-05 5.07738e-05 -7.90161e-05 -0.000319862 6.01881e-06

ABS:   058 |  0.000011996 -0.000060223  0.000050774 -0.000084732 -0.000319862  0.000006019 |         23.1 |  0.000002077  0.000050734, -0.000134340  0.000565617
DIFF:  058 |  0.000000000  0.000000000  0.000000000 -0.000005716  0.000000000  0.000000000 |         -0.1 | -0.000000006  0.000000001, -0.000000199 -0.000000656
MOVE:  058 | -0.000000004 -0.000000223 -0.000000226 -0.000004732  0.000000138  0.000006019 |         -0.1 | -0.000000024 -0.000000002,  0.000000112 -0.000000666
CONST: 058 | 43 1.19965e-05 -6.0223e-05 5.07738e-05 -8.47324e-05 -0.000319862 6.01881e-06

ABS:   059 |  0.000011996 -0.000060223  0.000050774 -0.000081874 -0.000319232  0.000006019 |         23.1 |  0.000002030  0.000050724, -0.000133862  0.000566271
DIFF:  059 |  0.000000000  0.000000000  0.000000000  0.000002858  0.000000630  0.000000000 |          0.0 | -0.000000047 -0.000000009,  0.000000477  0.000000654
MOVE:  059 | -0.000000004 -0.000000223 -0.000000226 -0.000001874  0.000000768  0.000006019 |         -0.0 | -0.000000071 -0.000000011,  0.000000589 -0.000000012
CONST: 059 | 43 1.19965e-05 -6.0223e-05 5.07738e-05 -8.18743e-05 -0.000319232 6.01881e-06

ABS:   060 |  0.000011996 -0.000060223  0.000050774 -0.000081874 -0.000320492  0.000006019 |         23.1 |  0.000002130  0.000050743, -0.000133861  0.000566270
DIFF:  060 |  0.000000000  0.000000000  0.000000000  0.000000000 -0.000001260  0.000000000 |          0.0 |  0.000000100  0.000000018,  0.000000001 -0.000000000
MOVE:  060 | -0.000000004 -0.000000223 -0.000000226 -0.000001874 -0.000000492  0.000006019 |         -0.0 |  0.000000030  0.000000007,  0.000000590 -0.000000013
CONST: 060 | 43 1.19965e-05 -6.0223e-05 5.07738e-05 -8.18743e-05 -0.000320492 6.01881e-06

ABS:   061 |  0.000011996 -0.000060223  0.000050774 -0.000081874 -0.000319862  0.000049224 |         23.1 |  0.000002062  0.000050734, -0.000135136  0.000565954
DIFF:  061 |  0.000000000  0.000000000  0.000000000  0.000000000  0.000000630  0.000043206 |         -0.0 | -0.000000069 -0.000000009, -0.000001275 -0.000000316
MOVE:  061 | -0.000000004 -0.000000223 -0.000000226 -0.000001874  0.000000138  0.000049224 |         -0.0 | -0.000000039 -0.000000002, -0.000000685 -0.000000329
CONST: 061 | 43 1.19965e-05 -6.0223e-05 5.07738e-05 -8.18743e-05 -0.000319862 4.92244e-05

ABS:   062 |  0.000011996 -0.000060223  0.000050774 -0.000081874 -0.000319862 -0.000037187 |         23.1 |  0.000002099  0.000050733, -0.000133936  0.000566267
DIFF:  062 |  0.000000000  0.000000000  0.000000000  0.000000000  0.000000000 -0.000086411 |          0.0 |  0.000000037 -0.000000001,  0.000001200  0.000000313
MOVE:  062 | -0.000000004 -0.000000223 -0.000000226 -0.000001874  0.000000138 -0.000037187 |         -0.0 | -0.000000002 -0.000000003,  0.000000516 -0.000000017
CONST: 062 | 43 1.19965e-05 -6.0223e-05 5.07738e-05 -8.18743e-05 -0.000319862 -3.71868e-05

ABS:   063 |  0.000009901 -0.000045036 -0.000083448 -0.000989810 -0.000237998  0.003574406 |         23.9 | -0.000006954  0.000051071, -0.000051115  0.000577120
DIFF:  063 | -0.000002096  0.000015187 -0.000134222 -0.000907935  0.000081864  0.003611593 |          0.8 | -0.000009053  0.000000338,  0.000082821  0.000010853
MOVE:  063 | -0.000002099  0.000014964 -0.000134448 -0.000909810  0.000082002  0.003574406 |          0.8 | -0.000009054  0.000000335,  0.000083337  0.000010836
CONST: 063 | 43 9.90068e-06 -4.50355e-05 -8.34485e-05 -0.00098981 -0.000237998 0.00357441

ABS:   064 |  0.000011146 -0.000054063 -0.000003665 -0.000450128 -0.000286660  0.001454303 |         23.5 | -0.000001941  0.000051021, -0.000101868  0.000571608
DIFF:  064 |  0.000001246 -0.000009028  0.000079784  0.000539682 -0.000048662 -0.002120103 |         -0.4 |  0.000005013 -0.000000050, -0.000050754 -0.000005511
MOVE:  064 | -0.000000854  0.000005937 -0.000054665 -0.000370128  0.000033340  0.001454303 |          0.4 | -0.000004041  0.000000286,  0.000032583  0.000005325
CONST: 064 | 43 1.11465e-05 -5.40631e-05 -3.66486e-06 -0.000450128 -0.00028666 0.0014543

ABS:   065 |  0.000011667 -0.000057836  0.000029680 -0.000224568 -0.000306997  0.000567274 |         23.3 |  0.000000544  0.000050982, -0.000124721  0.000567754
DIFF:  065 |  0.000000521 -0.000003773  0.000033344  0.000225560 -0.000020337 -0.000887029 |         -0.2 |  0.000002485 -0.000000040, -0.000022852 -0.000003854
MOVE:  065 | -0.000000333  0.000002164 -0.000021320 -0.000144568  0.000013003  0.000567274 |          0.2 | -0.000001557  0.000000246,  0.000009731  0.000001471
CONST: 065 | 43 1.16671e-05 -5.78361e-05 2.96796e-05 -0.000224568 -0.000306997 0.000567274

ABS:   066 |  0.000011873 -0.000059329  0.000042877 -0.000135290 -0.000315046  0.000216121 |         23.3 |  0.000001372  0.000050727, -0.000128512  0.000568326
DIFF:  066 |  0.000000206 -0.000001493  0.000013198  0.000089278 -0.000008049 -0.000351154 |         -0.0 |  0.000000828 -0.000000255, -0.000003792  0.000000571
MOVE:  066 | -0.000000127  0.000000671 -0.000008123 -0.000055290  0.000004954  0.000216121 |          0.1 | -0.000000728 -0.000000009,  0.000005939  0.000002042
CONST: 066 | 43 1.18732e-05 -5.93295e-05 4.28775e-05 -0.00013529 -0.000315046 0.000216121

ABS:   067 |  0.000011961 -0.000059965  0.000048493 -0.000097304 -0.000318471  0.000066711 |         23.2 |  0.000001837  0.000050770, -0.000133294  0.000566952
DIFF:  067 |  0.000000088 -0.000000635  0.000005615  0.000037985 -0.000003425 -0.000149410 |         -0.1 |  0.000000465  0.000000043, -0.000004782 -0.000001374
MOVE:  067 | -0.000000039  0.000000035 -0.000002507 -0.000017304  0.000001529  0.000066711 |          0.1 | -0.000000263  0.000000034,  0.000001157  0.000000668
CONST: 067 | 43 1.19609e-05 -5.99649e-05 4.84928e-05 -9.73043e-05 -0.000318471 6.67107e-05

ABS:   068 |  0.000011989 -0.000060167  0.000050283 -0.000085194 -0.000319563  0.000019078 |         23.2 |  0.000002040  0.000050730, -0.000135007  0.000566283
DIFF:  068 |  0.000000028 -0.000000203  0.000001790  0.000012110 -0.000001092 -0.000047632 |         -0.0 |  0.000000202 -0.000000040, -0.000001713 -0.000000669
MOVE:  068 | -0.000000011 -0.000000167 -0.000000717 -0.000005194  0.000000437  0.000019078 |          0.0 | -0.000000061 -0.000000006, -0.000000556 -0.000000001
CONST: 068 | 43 1.19888e-05 -6.01674e-05 5.0283e-05 -8.51945e-05 -0.000319563 1.90785e-05

ABS:   069 |  0.000011995 -0.000060215  0.000050701 -0.000082365 -0.000319818  0.000007948 |         23.1 |  0.000002074  0.000050733, -0.000134501  0.000565619
DIFF:  069 |  0.000000007 -0.000000047  0.000000418  0.000002830 -0.000000255 -0.000011131 |         -0.1 |  0.000000035  0.000000003,  0.000000506 -0.000000663
MOVE:  069 | -0.000000005 -0.000000215 -0.000000299 -0.000002365  0.000000182  0.000007948 |         -0.1 | -0.000000027 -0.000000003, -0.000000050 -0.000000664
CONST: 069 | 43 1.19953e-05 -6.02148e-05 5.07013e-05 -8.23647e-05 -0.000319818 7.9478e-06

ABS:   070 |  0.000011993 -0.000060197  0.000050547 -0.000083407 -0.000319724  0.000012050 |         23.1 |  0.000002061  0.000050732, -0.000134843  0.000565951
DIFF:  070 | -0.000000002  0.000000017 -0.000000154 -0.000001043  0.000000094  0.000004102 |          0.0 | -0.000000013 -0.000000001, -0.000000342  0.000000332
MOVE:  070 | -0.000000007 -0.000000197 -0.000000453 -0.000003407  0.000000276  0.000012050 |         -0.0 | -0.000000039 -0.000000004, -0.000000392 -0.000000332
CONST: 070 | 43 1.19929e-05 -6.01973e-05 5.05472e-05 -8.34075e-05 -0.000319724 1.20496e-05

ABS:   071 |  0.000011995 -0.000060210  0.000050657 -0.000082664 -0.000319791  0.000009126 |         23.1 |  0.000002071  0.000050733, -0.000135021  0.000565951
DIFF:  071 |  0.000000002 -0.000000012  0.000000110  0.000000743 -0.000000067 -0.000002924 |          0.0 |  0.000000009  0.000000001, -0.000000178 -0.000000000
MOVE:  071 | -0.000000005 -0.000000210 -0.000000343 -0.000002664  0.000000209  0.000009126 |         -0.0 | -0.000000030 -0.000000003, -0.000000570 -0.000000332
CONST: 071 | 43 1.19946e-05 -6.02098e-05 5.06571e-05 -8.26642e-05 -0.000319791 9.12597e-06

ABS:   072 |  0.000012003 -0.000060268  0.000051168 -0.000079210 -0.000320102 -0.000004459 |         23.1 |  0.000002113  0.000050737, -0.000134499  0.000566269
DIFF:  072 |  0.000000008 -0.000000058  0.000000511  0.000003454 -0.000000311 -0.000013585 |          0.0 |  0.000000042  0.000000004,  0.000000522  0.000000319
MOVE:  072 |  0.000000003 -0.000000268  0.000000168  0.000000790 -0.000000102 -0.000004459 |          0.0 |  0.000000012  0.000000001, -0.000000047 -0.000000014
CONST: 072 | 43 1.20026e-05 -6.02675e-05 5.11676e-05 -7.92105e-05 -0.000320102 -4.45886e-06

ABS:   073 |  0.000011999 -0.000060241  0.000050934 -0.000080788 -0.000319960  0.000001744 |         23.1 |  0.000002094  0.000050735, -0.000134122  0.000566270
DIFF:  073 | -0.000000004  0.000000026 -0.000000233 -0.000001577  0.000000142  0.000006203 |         -0.0 | -0.000000019 -0.000000002,  0.000000377  0.000000001
MOVE:  073 | -0.000000001 -0.000000241 -0.000000066 -0.000000788  0.000000040  0.000001744 |         -0.0 | -0.000000007 -0.000000001,  0.000000330 -0.000000013
CONST: 073 | 43 1.1999e-05 -6.02412e-05 5.09345e-05 -8.07876e-05 -0.00031996 1.74447e-06

ABS:   074 |  0.000012061 -0.000060215  0.000050701 -0.000082365 -0.000319818  0.000007948 |         23.1 |  0.000002086  0.000050787, -0.000134501  0.000565619
DIFF:  074 |  0.000000062  0.000000026 -0.000000233 -0.000001577  0.000000142  0.000006203 |         -0.0 | -0.000000008  0.000000052, -0.000000379 -0.000000651
MOVE:  074 |  0.000000061 -0.000000215 -0.000000299 -0.000002365  0.000000182  0.000007948 |         -0.0 | -0.000000015  0.000000051, -0.000000050 -0.000000664
CONST: 074 | 43 1.20608e-05 -6.02148e-05 5.07013e-05 -8.23647e-05 -0.000319818 7.9478e-06

ABS:   075 |  0.000011930 -0.000060215  0.000050701 -0.000082365 -0.000319818  0.000007948 |         23.1 |  0.000002009  0.000050733, -0.000134501  0.000565619
DIFF:  075 | -0.000000131  0.000000000  0.000000000  0.000000000  0.000000000  0.000000000 |         -0.0 | -0.000000077 -0.000000054, -0.000000000  0.000000000
MOVE:  075 | -0.000000070 -0.000000215 -0.000000299 -0.000002365  0.000000182  0.000007948 |         -0.1 | -0.000000092 -0.000000003, -0.000000050 -0.000000664
CONST: 075 | 43 1.19298e-05 -6.02148e-05 5.07013e-05 -8.23647e-05 -0.000319818 7.9478e-06

ABS:   076 |  0.000012002 -0.000060215  0.000050701 -0.000082365 -0.000319818  0.000007948 |         23.1 |  0.000002081  0.000050733, -0.000134501  0.000565619
DIFF:  076 |  0.000000072  0.000000000  0.000000000  0.000000000  0.000000000  0.000000000 |          0.0 |  0.000000072 -0.000000000,  0.000000000 -0.000000000
MOVE:  076 |  0.000000002 -0.000000215 -0.000000299 -0.000002365  0.000000182  0.000007948 |         -0.1 | -0.000000020 -0.000000003, -0.000000050 -0.000000664
CONST: 076 | 43 1.20019e-05 -6.02148e-05 5.07013e-05 -8.23647e-05 -0.000319818 7.9478e-06

ABS:   077 |  0.000011989 -0.000060215  0.000050701 -0.000082365 -0.000319818  0.000007948 |         23.1 |  0.000002068  0.000050733, -0.000134501  0.000565619
DIFF:  077 | -0.000000013  0.000000000  0.000000000  0.000000000  0.000000000  0.000000000 |         -0.0 | -0.000000013  0.000000000, -0.000000000  0.000000000
MOVE:  077 | -0.000000011 -0.000000215 -0.000000299 -0.000002365  0.000000182  0.000007948 |         -0.1 | -0.000000033 -0.000000003, -0.000000050 -0.000000664
CONST: 077 | 43 1.19888e-05 -6.02148e-05 5.07013e-05 -8.23647e-05 -0.000319818 7.9478e-06

ABS:   078 |  0.000012061 -0.000060215  0.000050701 -0.000082365 -0.000319818  0.000007948 |         23.1 |  0.000002086  0.000050787, -0.000134501  0.000565619
DIFF:  078 |  0.000000072  0.000000000  0.000000000  0.000000000  0.000000000  0.000000000 |          0.0 |  0.000000018  0.000000054,  0.000000000 -0.000000000
MOVE:  078 |  0.000000061 -0.000000215 -0.000000299 -0.000002365  0.000000182  0.000007948 |         -0.0 | -0.000000015  0.000000051, -0.000000050 -0.000000664
CONST: 078 | 43 1.20608e-05 -6.02148e-05 5.07013e-05 -8.23647e-05 -0.000319818 7.9478e-06

ABS:   079 |  0.000011930 -0.000060215  0.000050701 -0.000082365 -0.000319818  0.000007948 |         23.1 |  0.000002009  0.000050733, -0.000134501  0.000565619
DIFF:  079 | -0.000000131  0.000000000  0.000000000  0.000000000  0.000000000  0.000000000 |         -0.0 | -0.000000077 -0.000000054, -0.000000000  0.000000000
MOVE:  079 | -0.000000070 -0.000000215 -0.000000299 -0.000002365  0.000000182  0.000007948 |         -0.1 | -0.000000092 -0.000000003, -0.000000050 -0.000000664
CONST: 079 | 43 1.19298e-05 -6.02148e-05 5.07013e-05 -8.23647e-05 -0.000319818 7.9478e-06

ABS:   080 |  0.000011995 -0.000060210  0.000050701 -0.000082365 -0.000319818  0.000007948 |         23.1 |  0.000002074  0.000050733, -0.000134505  0.000565620
DIFF:  080 |  0.000000065  0.000000005  0.000000000  0.000000000  0.000000000  0.000000000 |          0.0 |  0.000000066  0.000000000, -0.000000004  0.000000000
MOVE:  080 | -0.000000005 -0.000000210 -0.000000299 -0.000002365  0.000000182  0.000007948 |         -0.1 | -0.000000026 -0.000000003, -0.000000053 -0.000000664
CONST: 080 | 43 1.19953e-05 -6.02101e-05 5.07013e-05 -8.23647e-05 -0.000319818 7.9478e-06

ABS:   081 |  0.000011995 -0.000060219  0.000050701 -0.000082365 -0.000319818  0.000007948 |         23.1 |  0.000002074  0.000050733, -0.000134497  0.000565619
DIFF:  081 |  0.000000000 -0.000000009  0.000000000  0.000000000  0.000000000  0.000000000 |         -0.0 | -0.000000000 -0.000000000,  0.000000007 -0.000000000
MOVE:  081 | -0.000000005 -0.000000219 -0.000000299 -0.000002365  0.000000182  0.000007948 |         -0.1 | -0.000000027 -0.000000003, -0.000000046 -0.000000664
CONST: 081 | 43 1.19953e-05 -6.02195e-05 5.07013e-05 -8.23647e-05 -0.000319818 7.9478e-06

ABS:   082 |  0.000011995 -0.000060168  0.000050701 -0.000082365 -0.000319818  0.000007948 |         23.1 |  0.000002074  0.000050733, -0.000135128  0.000565953
DIFF:  082 |  0.000000000  0.000000052  0.000000000  0.000000000  0.000000000  0.000000000 |          0.0 |  0.000000000  0.000000000, -0.000000631  0.000000334
MOVE:  082 | -0.000000005 -0.000000168 -0.000000299 -0.000002365  0.000000182  0.000007948 |         -0.0 | -0.000000026 -0.000000003, -0.000000677 -0.000000330
CONST: 082 | 43 1.19953e-05 -6.01678e-05 5.07013e-05 -8.23647e-05 -0.000319818 7.9478e-06

ABS:   083 |  0.000011995 -0.000060262  0.000050701 -0.000082365 -0.000319818  0.000007948 |         23.1 |  0.000002074  0.000050733, -0.000134465  0.000565617
DIFF:  083 |  0.000000000 -0.000000094  0.000000000  0.000000000  0.000000000  0.000000000 |         -0.0 | -0.000000001 -0.000000000,  0.000000663 -0.000000336
MOVE:  083 | -0.000000005 -0.000000262 -0.000000299 -0.000002365  0.000000182  0.000007948 |         -0.1 | -0.000000027 -0.000000003, -0.000000014 -0.000000666
CONST: 083 | 43 1.19953e-05 -6.02618e-05 5.07013e-05 -8.23647e-05 -0.000319818 7.9478e-06

ABS:   084 |  0.000011995 -0.000060210  0.000050701 -0.000082365 -0.000319818  0.000007948 |         23.1 |  0.000002074  0.000050733, -0.000134505  0.000565620
DIFF:  084 |  0.000000000  0.000000052  0.000000000  0.000000000  0.000000000  0.000000000 |          0.0 |  0.000000000  0.000000000, -0.000000040  0.000000003
MOVE:  084 | -0.000000005 -0.000000210 -0.000000299 -0.000002365  0.000000182  0.000007948 |         -0.1 | -0.000000026 -0.000000003, -0.000000053 -0.000000664
CONST: 084 | 43 1.19953e-05 -6.02101e-05 5.07013e-05 -8.23647e-05 -0.000319818 7.9478e-06

ABS:   085 |  0.000011995 -0.000060219  0.000050701 -0.000082365 -0.000319818  0.000007948 |         23.1 |  0.000002074  0.000050733, -0.000134497  0.000565619
DIFF:  085 |  0.000000000 -0.000000009  0.000000000  0.000000000  0.000000000  0.000000000 |         -0.0 | -0.000000000 -0.000000000,  0.000000007 -0.000000000
MOVE:  085 | -0.000000005 -0.000000219 -0.000000299 -0.000002365  0.000000182  0.000007948 |         -0.1 | -0.000000027 -0.000000003, -0.000000046 -0.000000664
CONST: 085 | 43 1.19953e-05 -6.02195e-05 5.07013e-05 -8.23647e-05 -0.000319818 7.9478e-06

ABS:   086 |  0.000011995 -0.000060215  0.000050902 -0.000082365 -0.000319818  0.000007948 |         23.1 |  0.000002074  0.000050733, -0.000133945  0.000566271
DIFF:  086 |  0.000000000  0.000000005  0.000000201  0.000000000  0.000000000  0.000000000 |          0.0 |  0.000000000  0.000000000,  0.000000552  0.000000652
MOVE:  086 | -0.000000005 -0.000000215 -0.000000098 -0.000002365  0.000000182  0.000007948 |         -0.0 | -0.000000026 -0.000000003,  0.000000506 -0.000000012
CONST: 086 | 43 1.19953e-05 -6.02148e-05 5.0902e-05 -8.23647e-05 -0.000319818 7.9478e-06

ABS:   087 |  0.000011995 -0.000060215  0.000050501 -0.000082365 -0.000319818  0.000007948 |         23.1 |  0.000002074  0.000050733, -0.000134892  0.000565951
DIFF:  087 |  0.000000000  0.000000000 -0.000000401  0.000000000  0.000000000  0.000000000 |         -0.0 | -0.000000000  0.000000000, -0.000000947 -0.000000320
MOVE:  087 | -0.000000005 -0.000000215 -0.000000499 -0.000002365  0.000000182  0.000007948 |         -0.0 | -0.000000027 -0.000000003, -0.000000441 -0.000000333
CONST: 087 | 43 1.19953e-05 -6.02148e-05 5.05007e-05 -8.23647e-05 -0.000319818 7.9478e-06

ABS:   088 |  0.000011995 -0.000060215  0.000050701 -0.000082079 -0.000319818  0.000007948 |         23.1 |  0.000002075  0.000050733, -0.000134529  0.000565620
DIFF:  088 |  0.000000000  0.000000000  0.000000201  0.000000286  0.000000000  0.000000000 |         -0.0 |  0.000000000 -0.000000000,  0.000000363 -0.000000331
MOVE:  088 | -0.000000005 -0.000000215 -0.000000299 -0.000002079  0.000000182  0.000007948 |         -0.1 | -0.000000026 -0.000000003, -0.000000078 -0.000000664
CONST: 088 | 43 1.19953e-05 -6.02148e-05 5.07013e-05 -8.20789e-05 -0.000319818 7.9478e-06

ABS:   089 |  0.000011995 -0.000060215  0.000050701 -0.000082650 -0.000319818  0.000007948 |         23.1 |  0.000002074  0.000050733, -0.000134473  0.000565619
DIFF:  089 |  0.000000000  0.000000000  0.000000000 -0.000000572  0.000000000  0.000000000 |         -0.0 | -0.000000001  0.000000000,  0.000000056 -0.000000000
MOVE:  089 | -0.000000005 -0.000000215 -0.000000299 -0.000002650  0.000000182  0.000007948 |         -0.1 | -0.000000027 -0.000000003, -0.000000022 -0.000000664
CONST: 089 | 43 1.19953e-05 -6.02148e-05 5.07013e-05 -8.26505e-05 -0.000319818 7.9478e-06

ABS:   090 |  0.000011995 -0.000060215  0.000050701 -0.000079509 -0.000319818  0.000007948 |         23.1 |  0.000002077  0.000050733, -0.000134023  0.000566273
DIFF:  090 |  0.000000000  0.000000000  0.000000000  0.000003142  0.000000000  0.000000000 |          0.0 |  0.000000004 -0.000000000,  0.000000450  0.000000654
MOVE:  090 | -0.000000005 -0.000000215 -0.000000299  0.000000491  0.000000182  0.000007948 |         -0.0 | -0.000000023 -0.000000003,  0.000000428 -0.000000010
CONST: 090 | 43 1.19953e-05 -6.02148e-05 5.07013e-05 -7.95089e-05 -0.000319818 7.9478e-06

ABS:   091 |  0.000011995 -0.000060215  0.000050701 -0.000085220 -0.000319818  0.000007948 |         23.2 |  0.000002071  0.000050733, -0.000135405  0.000566279
DIFF:  091 |  0.000000000  0.000000000  0.000000000 -0.000005712  0.000000000  0.000000000 |          0.0 | -0.000000006  0.000000001, -0.000001383  0.000000006
MOVE:  091 | -0.000000005 -0.000000215 -0.000000299 -0.000005220  0.000000182  0.000007948 |          0.0 | -0.000000030 -0.000000003, -0.000000954 -0.000000004
CONST: 091 | 43 1.19953e-05 -6.02148e-05 5.07013e-05 -8.52204e-05 -0.000319818 7.9478e-06

