ABS:   itr |       deltaX       deltaY       deltaZ         phiX         phiY         phiZ |        chisq |    rphi mean     rphi rms,       z mean        z rms
ABS:   =========================================================================================================================================================
DIFF:  itr |       deltaX       deltaY       deltaZ         phiX         phiY         phiZ |        chisq |    rphi mean     rphi rms,       z mean        z rms
DIFF:  =========================================================================================================================================================
MOVE:  itr |       deltaX       deltaY       deltaZ         phiX         phiY         phiZ |        chisq |    rphi mean     rphi rms,       z mean        z rms
MOVE:  =========================================================================================================================================================
ABS:   001 | -0.000080000  0.000043000 -0.000023000  0.003700000  0.000183000  0.000000000 |         63.4 | -0.000001866  0.000062262, -0.000032521  0.000559747
CONST: 001 | 11 -8e-05 4.3e-05 -2.3e-05 0.0037 0.000183 0

ABS:   001 | -0.000080000  0.000043000 -0.000023000  0.003700000  0.000183000  0.000000000 |         63.4 | -0.000001866  0.000062262, -0.000032521  0.000559747
CONST: 001 | 11 -8e-05 4.3e-05 -2.3e-05 0.0037 0.000183 0

ABS:   002 | -0.000079900  0.000043000 -0.000023000  0.003700000  0.000183000  0.000000000 |         63.4 | -0.000001766  0.000062262, -0.000032521  0.000559747
DIFF:  002 |  0.000000100 -0.000000000 -0.000000000  0.000000000  0.000000000  0.000000000 |         -0.0 |  0.000000100 -0.000000000, -0.000000000  0.000000000
MOVE:  002 |  0.000000100 -0.000000000 -0.000000000  0.000000000  0.000000000  0.000000000 |         -0.0 |  0.000000100 -0.000000000, -0.000000000  0.000000000
CONST: 002 | 11 -7.99e-05 4.3e-05 -2.3e-05 0.0037 0.000183 0

ABS:   003 | -0.000080100  0.000043000 -0.000023000  0.003700000  0.000183000  0.000000000 |         63.4 | -0.000001966  0.000062262, -0.000032521  0.000559747
DIFF:  003 | -0.000000200  0.000000000  0.000000000  0.000000000  0.000000000  0.000000000 |          0.0 | -0.000000200 -0.000000000,  0.000000000 -0.000000000
MOVE:  003 | -0.000000100 -0.000000000 -0.000000000  0.000000000  0.000000000  0.000000000 |          0.0 | -0.000000100 -0.000000000,  0.000000000  0.000000000
CONST: 003 | 11 -8.01e-05 4.3e-05 -2.3e-05 0.0037 0.000183 0

ABS:   004 | -0.000079474  0.000043000 -0.000023000  0.003700000  0.000183000  0.000000000 |         63.4 | -0.000001341  0.000062262, -0.000032521  0.000559747
DIFF:  004 |  0.000000626  0.000000000  0.000000000  0.000000000  0.000000000  0.000000000 |         -0.0 |  0.000000626  0.000000000, -0.000000000 -0.000000000
MOVE:  004 |  0.000000526 -0.000000000 -0.000000000  0.000000000  0.000000000  0.000000000 |         -0.0 |  0.000000526 -0.000000000, -0.000000000 -0.000000000
CONST: 004 | 11 -7.94745e-05 4.3e-05 -2.3e-05 0.0037 0.000183 0

ABS:   005 | -0.000080526  0.000043000 -0.000023000  0.003700000  0.000183000  0.000000000 |         63.4 | -0.000002392  0.000062262, -0.000032521  0.000559747
DIFF:  005 | -0.000001051  0.000000000  0.000000000  0.000000000  0.000000000  0.000000000 |          0.0 | -0.000001051 -0.000000000,  0.000000000  0.000000000
MOVE:  005 | -0.000000526 -0.000000000 -0.000000000  0.000000000  0.000000000  0.000000000 |          0.0 | -0.000000526 -0.000000000,  0.000000000 -0.000000000
CONST: 005 | 11 -8.05255e-05 4.3e-05 -2.3e-05 0.0037 0.000183 0

ABS:   006 | -0.000080000  0.000043100 -0.000023000  0.003700000  0.000183000  0.000000000 |         63.4 | -0.000001827  0.000062261, -0.000032531  0.000559750
DIFF:  006 |  0.000000526  0.000000100  0.000000000  0.000000000  0.000000000  0.000000000 |          0.0 |  0.000000564 -0.000000001, -0.000000010  0.000000003
MOVE:  006 |  0.000000000  0.000000100 -0.000000000  0.000000000  0.000000000  0.000000000 |          0.0 |  0.000000039 -0.000000001, -0.000000010  0.000000003
CONST: 006 | 11 -8e-05 4.31e-05 -2.3e-05 0.0037 0.000183 0

ABS:   007 | -0.000080000  0.000042900 -0.000023000  0.003700000  0.000183000  0.000000000 |         63.5 | -0.000001905  0.000062262, -0.000032699  0.000559874
DIFF:  007 |  0.000000000 -0.000000200  0.000000000  0.000000000  0.000000000  0.000000000 |          0.0 | -0.000000077  0.000000001, -0.000000168  0.000000125
MOVE:  007 |  0.000000000 -0.000000100 -0.000000000  0.000000000  0.000000000  0.000000000 |          0.0 | -0.000000039  0.000000001, -0.000000179  0.000000128
CONST: 007 | 11 -8e-05 4.29e-05 -2.3e-05 0.0037 0.000183 0

ABS:   008 | -0.000080000  0.000043010 -0.000023000  0.003700000  0.000183000  0.000000000 |         63.4 | -0.000001862  0.000062262, -0.000032522  0.000559747
DIFF:  008 |  0.000000000  0.000000110  0.000000000  0.000000000  0.000000000  0.000000000 |         -0.0 |  0.000000043 -0.000000001,  0.000000178 -0.000000127
MOVE:  008 |  0.000000000  0.000000010 -0.000000000  0.000000000  0.000000000  0.000000000 |          0.0 |  0.000000004 -0.000000000, -0.000000001  0.000000000
CONST: 008 | 11 -8e-05 4.301e-05 -2.3e-05 0.0037 0.000183 0

ABS:   009 | -0.000080000  0.000042990 -0.000023000  0.003700000  0.000183000  0.000000000 |         63.4 | -0.000001870  0.000062262, -0.000032520  0.000559746
DIFF:  009 |  0.000000000 -0.000000020  0.000000000  0.000000000  0.000000000  0.000000000 |         -0.0 | -0.000000008  0.000000000,  0.000000002 -0.000000001
MOVE:  009 |  0.000000000 -0.000000010 -0.000000000  0.000000000  0.000000000  0.000000000 |         -0.0 | -0.000000004  0.000000000,  0.000000001 -0.000000000
CONST: 009 | 11 -8e-05 4.299e-05 -2.3e-05 0.0037 0.000183 0

ABS:   010 | -0.000080000  0.000043100 -0.000023000  0.003700000  0.000183000  0.000000000 |         63.4 | -0.000001827  0.000062261, -0.000032531  0.000559750
DIFF:  010 |  0.000000000  0.000000110  0.000000000  0.000000000  0.000000000  0.000000000 |          0.0 |  0.000000043 -0.000000001, -0.000000011  0.000000003
MOVE:  010 |  0.000000000  0.000000100 -0.000000000  0.000000000  0.000000000  0.000000000 |          0.0 |  0.000000039 -0.000000001, -0.000000010  0.000000003
CONST: 010 | 11 -8e-05 4.31e-05 -2.3e-05 0.0037 0.000183 0

ABS:   011 | -0.000080000  0.000042900 -0.000023000  0.003700000  0.000183000  0.000000000 |         63.5 | -0.000001905  0.000062262, -0.000032699  0.000559874
DIFF:  011 |  0.000000000 -0.000000200  0.000000000  0.000000000  0.000000000  0.000000000 |          0.0 | -0.000000077  0.000000001, -0.000000168  0.000000125
MOVE:  011 |  0.000000000 -0.000000100 -0.000000000  0.000000000  0.000000000  0.000000000 |          0.0 | -0.000000039  0.000000001, -0.000000179  0.000000128
CONST: 011 | 11 -8e-05 4.29e-05 -2.3e-05 0.0037 0.000183 0

ABS:   012 | -0.000080000  0.000043000 -0.000017998  0.003700000  0.000183000  0.000000000 |         63.8 | -0.000001860  0.000062262, -0.000034762  0.000560761
DIFF:  012 |  0.000000000  0.000000100  0.000005002  0.000000000  0.000000000  0.000000000 |          0.3 |  0.000000045 -0.000000001, -0.000002063  0.000000887
MOVE:  012 |  0.000000000 -0.000000000  0.000005002  0.000000000  0.000000000  0.000000000 |          0.3 |  0.000000006 -0.000000000, -0.000002242  0.000001015
CONST: 012 | 11 -8e-05 4.3e-05 -1.79979e-05 0.0037 0.000183 0

ABS:   013 | -0.000080000  0.000043000 -0.000028002  0.003700000  0.000183000  0.000000000 |         63.2 | -0.000001872  0.000062262, -0.000030267  0.000559018
DIFF:  013 |  0.000000000  0.000000000 -0.000010004  0.000000000  0.000000000  0.000000000 |         -0.6 | -0.000000012  0.000000000,  0.000004496 -0.000001743
MOVE:  013 |  0.000000000 -0.000000000 -0.000005002  0.000000000  0.000000000  0.000000000 |         -0.2 | -0.000000006  0.000000000,  0.000002254 -0.000000728
CONST: 013 | 11 -8e-05 4.3e-05 -2.80021e-05 0.0037 0.000183 0

ABS:   014 | -0.000080000  0.000043000 -0.000022500  0.003700000  0.000183000  0.000000000 |         63.6 | -0.000001865  0.000062262, -0.000032420  0.000560206
DIFF:  014 |  0.000000000  0.000000000  0.000005502  0.000000000  0.000000000  0.000000000 |          0.4 |  0.000000007 -0.000000000, -0.000002153  0.000001188
MOVE:  014 |  0.000000000 -0.000000000  0.000000500  0.000000000  0.000000000  0.000000000 |          0.1 |  0.000000001 -0.000000000,  0.000000101  0.000000459
CONST: 014 | 11 -8e-05 4.3e-05 -2.24998e-05 0.0037 0.000183 0

ABS:   015 | -0.000080000  0.000043000 -0.000023500  0.003700000  0.000183000  0.000000000 |         63.4 | -0.000001867  0.000062262, -0.000032799  0.000559701
DIFF:  015 |  0.000000000  0.000000000 -0.000001000  0.000000000  0.000000000  0.000000000 |         -0.1 | -0.000000001  0.000000000, -0.000000380 -0.000000505
MOVE:  015 |  0.000000000 -0.000000000 -0.000000500  0.000000000  0.000000000  0.000000000 |         -0.0 | -0.000000001  0.000000000, -0.000000279 -0.000000045
CONST: 015 | 11 -8e-05 4.3e-05 -2.35002e-05 0.0037 0.000183 0

ABS:   016 | -0.000080000  0.000043000 -0.000022950  0.003700000  0.000183000  0.000000000 |         63.4 | -0.000001866  0.000062262, -0.000032571  0.000559747
DIFF:  016 |  0.000000000  0.000000000  0.000000550  0.000000000  0.000000000  0.000000000 |          0.0 |  0.000000001 -0.000000000,  0.000000229  0.000000045
MOVE:  016 |  0.000000000 -0.000000000  0.000000050  0.000000000  0.000000000  0.000000000 |          0.0 |  0.000000000 -0.000000000, -0.000000050  0.000000000
CONST: 016 | 11 -8e-05 4.3e-05 -2.295e-05 0.0037 0.000183 0

ABS:   017 | -0.000080000  0.000043000 -0.000023050  0.003700000  0.000183000  0.000000000 |         63.5 | -0.000001866  0.000062262, -0.000032660  0.000559877
DIFF:  017 |  0.000000000  0.000000000 -0.000000100  0.000000000  0.000000000  0.000000000 |          0.0 | -0.000000000  0.000000000, -0.000000089  0.000000131
MOVE:  017 |  0.000000000 -0.000000000 -0.000000050  0.000000000  0.000000000  0.000000000 |          0.0 | -0.000000000  0.000000000, -0.000000139  0.000000131
CONST: 017 | 11 -8e-05 4.3e-05 -2.305e-05 0.0037 0.000183 0

ABS:   018 | -0.000080000  0.000043000 -0.000023000  0.003704000  0.000183000  0.000000000 |         63.5 | -0.000001840  0.000062270, -0.000032443  0.000559901
DIFF:  018 |  0.000000000  0.000000000  0.000000050  0.000004000  0.000000000  0.000000000 |          0.0 |  0.000000026  0.000000008,  0.000000217  0.000000024
MOVE:  018 |  0.000000000 -0.000000000 -0.000000000  0.000004000  0.000000000  0.000000000 |          0.0 |  0.000000026  0.000000008,  0.000000078  0.000000154
CONST: 018 | 11 -8e-05 4.3e-05 -2.3e-05 0.003704 0.000183 0

ABS:   019 | -0.000080000  0.000043000 -0.000023000  0.003696000  0.000183000  0.000000000 |         63.5 | -0.000001892  0.000062253, -0.000032587  0.000559876
DIFF:  019 |  0.000000000  0.000000000  0.000000000 -0.000008000  0.000000000  0.000000000 |         -0.0 | -0.000000052 -0.000000017, -0.000000145 -0.000000025
MOVE:  019 |  0.000000000 -0.000000000 -0.000000000 -0.000004000  0.000000000  0.000000000 |          0.0 | -0.000000026 -0.000000008, -0.000000067  0.000000129
CONST: 019 | 11 -8e-05 4.3e-05 -2.3e-05 0.003696 0.000183 0

ABS:   020 | -0.000080000  0.000043000 -0.000023000  0.003700400  0.000183000  0.000000000 |         63.4 | -0.000001864  0.000062262, -0.000032533  0.000559747
DIFF:  020 |  0.000000000  0.000000000  0.000000000  0.000004400  0.000000000  0.000000000 |         -0.0 |  0.000000029  0.000000009,  0.000000054 -0.000000129
MOVE:  020 |  0.000000000 -0.000000000 -0.000000000  0.000000400  0.000000000  0.000000000 |          0.0 |  0.000000003  0.000000001, -0.000000012  0.000000000
CONST: 020 | 11 -8e-05 4.3e-05 -2.3e-05 0.0037004 0.000183 0

ABS:   021 | -0.000080000  0.000043000 -0.000023000  0.003699600  0.000183000  0.000000000 |         63.5 | -0.000001869  0.000062261, -0.000032697  0.000559877
DIFF:  021 |  0.000000000  0.000000000  0.000000000 -0.000000800  0.000000000  0.000000000 |          0.0 | -0.000000005 -0.000000002, -0.000000165  0.000000130
MOVE:  021 |  0.000000000 -0.000000000 -0.000000000 -0.000000400  0.000000000  0.000000000 |          0.0 | -0.000000003 -0.000000001, -0.000000177  0.000000130
CONST: 021 | 11 -8e-05 4.3e-05 -2.3e-05 0.0036996 0.000183 0

ABS:   022 | -0.000080000  0.000043000 -0.000023000  0.003700040  0.000183000  0.000000000 |         63.4 | -0.000001866  0.000062262, -0.000032522  0.000559747
DIFF:  022 |  0.000000000  0.000000000  0.000000000  0.000000440  0.000000000  0.000000000 |         -0.0 |  0.000000003  0.000000001,  0.000000176 -0.000000130
MOVE:  022 |  0.000000000 -0.000000000 -0.000000000  0.000000040  0.000000000  0.000000000 |          0.0 |  0.000000000  0.000000000, -0.000000001  0.000000000
CONST: 022 | 11 -8e-05 4.3e-05 -2.3e-05 0.00370004 0.000183 0

ABS:   023 | -0.000080000  0.000043000 -0.000023000  0.003699960  0.000183000  0.000000000 |         63.4 | -0.000001866  0.000062262, -0.000032519  0.000559747
DIFF:  023 |  0.000000000  0.000000000  0.000000000 -0.000000080  0.000000000  0.000000000 |         -0.0 | -0.000000001 -0.000000000,  0.000000002 -0.000000000
MOVE:  023 |  0.000000000 -0.000000000 -0.000000000 -0.000000040  0.000000000  0.000000000 |         -0.0 | -0.000000000 -0.000000000,  0.000000001 -0.000000000
CONST: 023 | 11 -8e-05 4.3e-05 -2.3e-05 0.00369996 0.000183 0

ABS:   024 | -0.000080000  0.000043000 -0.000023000  0.003700000  0.000193001  0.000000000 |         63.4 | -0.000002041  0.000062202, -0.000032540  0.000559744
DIFF:  024 |  0.000000000  0.000000000  0.000000000  0.000000040  0.000010001  0.000000000 |         -0.0 | -0.000000175 -0.000000060, -0.000000021 -0.000000003
MOVE:  024 |  0.000000000 -0.000000000 -0.000000000  0.000000000  0.000010001  0.000000000 |         -0.0 | -0.000000175 -0.000000060, -0.000000020 -0.000000003
CONST: 024 | 11 -8e-05 4.3e-05 -2.3e-05 0.0037 0.000193001 0

ABS:   025 | -0.000080000  0.000043000 -0.000023000  0.003700000  0.000172999  0.000000000 |         63.5 | -0.000001691  0.000062322, -0.000032690  0.000559880
DIFF:  025 |  0.000000000  0.000000000  0.000000000  0.000000000 -0.000020001  0.000000000 |          0.0 |  0.000000350  0.000000120, -0.000000150  0.000000136
MOVE:  025 |  0.000000000 -0.000000000 -0.000000000  0.000000000 -0.000010001  0.000000000 |          0.0 |  0.000000175  0.000000060, -0.000000169  0.000000134
CONST: 025 | 11 -8e-05 4.3e-05 -2.3e-05 0.0037 0.000172999 0

ABS:   026 | -0.000080000  0.000043000 -0.000023000  0.003700000  0.000184000  0.000000000 |         63.4 | -0.000001884  0.000062256, -0.000032523  0.000559746
DIFF:  026 |  0.000000000  0.000000000  0.000000000  0.000000000  0.000011001  0.000000000 |         -0.0 | -0.000000192 -0.000000066,  0.000000168 -0.000000134
MOVE:  026 |  0.000000000 -0.000000000 -0.000000000  0.000000000  0.000001000  0.000000000 |         -0.0 | -0.000000017 -0.000000006, -0.000000002 -0.000000000
CONST: 026 | 11 -8e-05 4.3e-05 -2.3e-05 0.0037 0.000184 0

ABS:   027 | -0.000080000  0.000043000 -0.000023000  0.003700000  0.000182000  0.000000000 |         63.4 | -0.000001849  0.000062268, -0.000032519  0.000559747
DIFF:  027 |  0.000000000  0.000000000  0.000000000  0.000000000 -0.000002000  0.000000000 |          0.0 |  0.000000035  0.000000012,  0.000000004  0.000000001
MOVE:  027 |  0.000000000 -0.000000000 -0.000000000  0.000000000 -0.000001000  0.000000000 |          0.0 |  0.000000017  0.000000006,  0.000000002  0.000000000
CONST: 027 | 11 -8e-05 4.3e-05 -2.3e-05 0.0037 0.000182 0

ABS:   028 | -0.000080000  0.000043000 -0.000023000  0.003700000  0.000193001  0.000000000 |         63.4 | -0.000002041  0.000062202, -0.000032540  0.000559744
DIFF:  028 |  0.000000000  0.000000000  0.000000000  0.000000000  0.000011001  0.000000000 |         -0.0 | -0.000000192 -0.000000066, -0.000000021 -0.000000003
MOVE:  028 |  0.000000000 -0.000000000 -0.000000000  0.000000000  0.000010001  0.000000000 |         -0.0 | -0.000000175 -0.000000060, -0.000000020 -0.000000003
CONST: 028 | 11 -8e-05 4.3e-05 -2.3e-05 0.0037 0.000193001 0

ABS:   029 | -0.000080000  0.000043000 -0.000023000  0.003700000  0.000172999  0.000000000 |         63.5 | -0.000001691  0.000062322, -0.000032690  0.000559880
DIFF:  029 |  0.000000000  0.000000000  0.000000000  0.000000000 -0.000020001  0.000000000 |          0.0 |  0.000000350  0.000000120, -0.000000150  0.000000136
MOVE:  029 |  0.000000000 -0.000000000 -0.000000000  0.000000000 -0.000010001  0.000000000 |          0.0 |  0.000000175  0.000000060, -0.000000169  0.000000134
CONST: 029 | 11 -8e-05 4.3e-05 -2.3e-05 0.0037 0.000172999 0

ABS:   030 | -0.000080000  0.000043000 -0.000023000  0.003700000  0.000183000  0.000002000 |         63.4 | -0.000001873  0.000062262, -0.000032526  0.000559747
DIFF:  030 |  0.000000000  0.000000000  0.000000000  0.000000000  0.000010001  0.000002000 |         -0.0 | -0.000000181 -0.000000060,  0.000000164 -0.000000133
MOVE:  030 |  0.000000000 -0.000000000 -0.000000000  0.000000000  0.000000000  0.000002000 |          0.0 | -0.000000007  0.000000000, -0.000000005  0.000000000
CONST: 030 | 11 -8e-05 4.3e-05 -2.3e-05 0.0037 0.000183 2.00001e-06

ABS:   031 | -0.000080000  0.000043000 -0.000023000  0.003700000  0.000183000 -0.000002000 |         63.4 | -0.000001860  0.000062261, -0.000032515  0.000559746
DIFF:  031 |  0.000000000  0.000000000  0.000000000  0.000000000  0.000000000 -0.000004000 |         -0.0 |  0.000000013 -0.000000001,  0.000000011 -0.000000001
MOVE:  031 |  0.000000000 -0.000000000 -0.000000000  0.000000000  0.000000000 -0.000002000 |         -0.0 |  0.000000007 -0.000000000,  0.000000005 -0.000000000
CONST: 031 | 11 -8e-05 4.3e-05 -2.3e-05 0.0037 0.000183 -2.00001e-06

ABS:   032 | -0.000080000  0.000043000 -0.000023000  0.003700000  0.000183000  0.000020000 |         63.5 | -0.000001932  0.000062264, -0.000032763  0.000559880
DIFF:  032 |  0.000000000  0.000000000  0.000000000  0.000000000  0.000000000  0.000022000 |          0.0 | -0.000000072  0.000000003, -0.000000248  0.000000133
MOVE:  032 |  0.000000000 -0.000000000 -0.000000000  0.000000000  0.000000000  0.000020000 |          0.0 | -0.000000065  0.000000003, -0.000000243  0.000000133
CONST: 032 | 11 -8e-05 4.3e-05 -2.3e-05 0.0037 0.000183 2.00001e-05

ABS:   033 | -0.000080000  0.000043000 -0.000023000  0.003700000  0.000183000 -0.000020000 |         63.4 | -0.000001801  0.000062259, -0.000032467  0.000559744
DIFF:  033 |  0.000000000  0.000000000  0.000000000  0.000000000  0.000000000 -0.000040000 |         -0.0 |  0.000000131 -0.000000005,  0.000000296 -0.000000136
MOVE:  033 |  0.000000000 -0.000000000 -0.000000000  0.000000000  0.000000000 -0.000020000 |         -0.0 |  0.000000065 -0.000000003,  0.000000054 -0.000000003
CONST: 033 | 11 -8e-05 4.3e-05 -2.3e-05 0.0037 0.000183 -2.00001e-05

ABS:   034 | -0.000080000  0.000043000 -0.000023000  0.003700000  0.000183000  0.000002000 |         63.4 | -0.000001873  0.000062262, -0.000032526  0.000559747
DIFF:  034 |  0.000000000  0.000000000  0.000000000  0.000000000  0.000000000  0.000022000 |          0.0 | -0.000000072  0.000000003, -0.000000059  0.000000003
MOVE:  034 |  0.000000000 -0.000000000 -0.000000000  0.000000000  0.000000000  0.000002000 |          0.0 | -0.000000007  0.000000000, -0.000000005  0.000000000
CONST: 034 | 11 -8e-05 4.3e-05 -2.3e-05 0.0037 0.000183 2.00001e-06

ABS:   035 | -0.000080000  0.000043000 -0.000023000  0.003700000  0.000183000 -0.000002000 |         63.4 | -0.000001860  0.000062261, -0.000032515  0.000559746
DIFF:  035 |  0.000000000  0.000000000  0.000000000  0.000000000  0.000000000 -0.000004000 |         -0.0 |  0.000000013 -0.000000001,  0.000000011 -0.000000001
MOVE:  035 |  0.000000000 -0.000000000 -0.000000000  0.000000000  0.000000000 -0.000002000 |         -0.0 |  0.000000007 -0.000000000,  0.000000005 -0.000000000
CONST: 035 | 11 -8e-05 4.3e-05 -2.3e-05 0.0037 0.000183 -2.00001e-06

ABS:   036 | -0.000078155  0.000043048 -0.000022976  0.002758024  0.000188180 -0.004047955 |         65.3 |  0.000003122  0.000060816, -0.000018798  0.000565764
DIFF:  036 |  0.000001845  0.000000048  0.000000024 -0.000941976  0.000005180 -0.004045955 |          1.9 |  0.000004982 -0.000001445,  0.000013717  0.000006017
MOVE:  036 |  0.000001845  0.000000048  0.000000024 -0.000941976  0.000005180 -0.004047955 |          1.9 |  0.000004988 -0.000001445,  0.000013722  0.000006017
CONST: 036 | 11 -7.81554e-05 4.30482e-05 -2.29758e-05 0.00275802 0.00018818 -0.00404795

ABS:   037 | -0.000079733  0.000043007 -0.000022996  0.003563516  0.000183751 -0.000587109 |         63.5 | -0.000001886  0.000060932, -0.000030449  0.000560133
DIFF:  037 | -0.000001577 -0.000000041 -0.000000021  0.000805492 -0.000004430  0.003460846 |         -1.7 | -0.000005008  0.000000115, -0.000011651 -0.000005631
MOVE:  037 |  0.000000267  0.000000007  0.000000004 -0.000136484  0.000000751 -0.000587109 |          0.1 | -0.000000020 -0.000001330,  0.000002071  0.000000386
CONST: 037 | 11 -7.97327e-05 4.3007e-05 -2.29965e-05 0.00356352 0.000183751 -0.000587109

ABS:   038 | -0.000079932  0.000043002 -0.000022999  0.003665248  0.000183191 -0.000149493 |         63.4 | -0.000001538  0.000062169, -0.000032427  0.000559495
DIFF:  038 | -0.000000199 -0.000000005 -0.000000003  0.000101733 -0.000000559  0.000437616 |         -0.2 |  0.000000348  0.000001238, -0.000001978 -0.000000638
MOVE:  038 |  0.000000068  0.000000002  0.000000001 -0.000034752  0.000000191 -0.000149493 |         -0.1 |  0.000000329 -0.000000092,  0.000000093 -0.000000251
CONST: 038 | 11 -7.9932e-05 4.30018e-05 -2.29991e-05 0.00366525 0.000183191 -0.000149493

ABS:   039 | -0.000079894  0.000043003 -0.000022999  0.003645915  0.000183297 -0.000232661 |         63.4 | -0.000001355  0.000062119, -0.000032193  0.000559588
DIFF:  039 |  0.000000038  0.000000001  0.000000000 -0.000019334  0.000000106 -0.000083168 |          0.0 |  0.000000183 -0.000000050,  0.000000235  0.000000092
MOVE:  039 |  0.000000106  0.000000003  0.000000001 -0.000054085  0.000000297 -0.000232661 |         -0.0 |  0.000000511 -0.000000143,  0.000000328 -0.000000159
CONST: 039 | 11 -7.98941e-05 4.30028e-05 -2.29986e-05 0.00364591 0.000183297 -0.000232661

ABS:   040 | -0.000079407  0.000043002 -0.000022999  0.003665248  0.000183191 -0.000149493 |         63.4 | -0.000001012  0.000062169, -0.000032428  0.000559495
DIFF:  040 |  0.000000487 -0.000000001 -0.000000000  0.000019334 -0.000000106  0.000083168 |         -0.0 |  0.000000342  0.000000050, -0.000000235 -0.000000092
MOVE:  040 |  0.000000593  0.000000002  0.000000001 -0.000034752  0.000000191 -0.000149493 |         -0.1 |  0.000000854 -0.000000092,  0.000000093 -0.000000251
CONST: 040 | 11 -7.94067e-05 4.30018e-05 -2.29991e-05 0.00366525 0.000183191 -0.000149493

ABS:   041 | -0.000080457  0.000043002 -0.000022999  0.003665248  0.000183191 -0.000149493 |         63.4 | -0.000002063  0.000062169, -0.000032427  0.000559495
DIFF:  041 | -0.000001050  0.000000000  0.000000000  0.000000000  0.000000000  0.000000000 |          0.0 | -0.000001051  0.000000000,  0.000000000 -0.000000000
MOVE:  041 | -0.000000457  0.000000002  0.000000001 -0.000034752  0.000000191 -0.000149493 |         -0.1 | -0.000000197 -0.000000092,  0.000000093 -0.000000251
CONST: 041 | 11 -8.04572e-05 4.30018e-05 -2.29991e-05 0.00366525 0.000183191 -0.000149493

ABS:   042 | -0.000079932  0.000043012 -0.000022999  0.003665248  0.000183191 -0.000149493 |         63.4 | -0.000001534  0.000062169, -0.000032429  0.000559496
DIFF:  042 |  0.000000525  0.000000010  0.000000000  0.000000000  0.000000000  0.000000000 |         -0.0 |  0.000000529 -0.000000000, -0.000000001  0.000000000
MOVE:  042 |  0.000000068  0.000000012  0.000000001 -0.000034752  0.000000191 -0.000149493 |         -0.1 |  0.000000332 -0.000000092,  0.000000092 -0.000000251
CONST: 042 | 11 -7.9932e-05 4.30118e-05 -2.29991e-05 0.00366525 0.000183191 -0.000149493

ABS:   043 | -0.000079932  0.000042992 -0.000022999  0.003665248  0.000183191 -0.000149493 |         63.4 | -0.000001541  0.000062169, -0.000032426  0.000559495
DIFF:  043 |  0.000000000 -0.000000020  0.000000000  0.000000000  0.000000000  0.000000000 |         -0.0 | -0.000000008  0.000000000,  0.000000002 -0.000000001
MOVE:  043 |  0.000000068 -0.000000008  0.000000001 -0.000034752  0.000000191 -0.000149493 |         -0.1 |  0.000000325 -0.000000092,  0.000000094 -0.000000252
CONST: 043 | 11 -7.9932e-05 4.29918e-05 -2.29991e-05 0.00366525 0.000183191 -0.000149493

ABS:   044 | -0.000079932  0.000043102 -0.000022999  0.003665248  0.000183191 -0.000149493 |         63.4 | -0.000001499  0.000062169, -0.000032438  0.000559498
DIFF:  044 |  0.000000000  0.000000110  0.000000000  0.000000000  0.000000000  0.000000000 |          0.0 |  0.000000043 -0.000000001, -0.000000011  0.000000003
MOVE:  044 |  0.000000068  0.000000102  0.000000001 -0.000034752  0.000000191 -0.000149493 |         -0.1 |  0.000000367 -0.000000093,  0.000000083 -0.000000248
CONST: 044 | 11 -7.9932e-05 4.31018e-05 -2.29991e-05 0.00366525 0.000183191 -0.000149493

ABS:   045 | -0.000079932  0.000042902 -0.000022999  0.003665248  0.000183191 -0.000149493 |         63.4 | -0.000001576  0.000062170, -0.000032417  0.000559493
DIFF:  045 |  0.000000000 -0.000000200  0.000000000  0.000000000  0.000000000  0.000000000 |         -0.0 | -0.000000077  0.000000001,  0.000000021 -0.000000006
MOVE:  045 |  0.000000068 -0.000000098  0.000000001 -0.000034752  0.000000191 -0.000149493 |         -0.1 |  0.000000290 -0.000000092,  0.000000104 -0.000000254
CONST: 045 | 11 -7.9932e-05 4.29018e-05 -2.29991e-05 0.00366525 0.000183191 -0.000149493

ABS:   046 | -0.000079932  0.000043002 -0.000022994  0.003665248  0.000183191 -0.000149493 |         63.4 | -0.000001538  0.000062169, -0.000032432  0.000559495
DIFF:  046 |  0.000000000  0.000000100  0.000000005  0.000000000  0.000000000  0.000000000 |          0.0 |  0.000000039 -0.000000001, -0.000000015  0.000000003
MOVE:  046 |  0.000000068  0.000000002  0.000000006 -0.000034752  0.000000191 -0.000149493 |         -0.1 |  0.000000329 -0.000000092,  0.000000088 -0.000000251
CONST: 046 | 11 -7.9932e-05 4.30018e-05 -2.29941e-05 0.00366525 0.000183191 -0.000149493

ABS:   047 | -0.000079932  0.000043002 -0.000023004  0.003665248  0.000183191 -0.000149493 |         63.4 | -0.000001538  0.000062169, -0.000032422  0.000559495
DIFF:  047 |  0.000000000  0.000000000 -0.000000010  0.000000000  0.000000000  0.000000000 |         -0.0 | -0.000000000  0.000000000,  0.000000010 -0.000000000
MOVE:  047 |  0.000000068  0.000000002 -0.000000004 -0.000034752  0.000000191 -0.000149493 |         -0.1 |  0.000000329 -0.000000092,  0.000000098 -0.000000251
CONST: 047 | 11 -7.9932e-05 4.30018e-05 -2.30041e-05 0.00366525 0.000183191 -0.000149493

ABS:   048 | -0.000079932  0.000043002 -0.000022949  0.003665248  0.000183191 -0.000149493 |         63.4 | -0.000001538  0.000062169, -0.000032478  0.000559495
DIFF:  048 |  0.000000000  0.000000000  0.000000055  0.000000000  0.000000000  0.000000000 |          0.0 |  0.000000000 -0.000000000, -0.000000055  0.000000000
MOVE:  048 |  0.000000068  0.000000002  0.000000051 -0.000034752  0.000000191 -0.000149493 |         -0.1 |  0.000000329 -0.000000092,  0.000000043 -0.000000251
CONST: 048 | 11 -7.9932e-05 4.30018e-05 -2.29491e-05 0.00366525 0.000183191 -0.000149493

ABS:   049 | -0.000079932  0.000043002 -0.000023049  0.003665248  0.000183191 -0.000149493 |         63.4 | -0.000001538  0.000062169, -0.000032377  0.000559495
DIFF:  049 |  0.000000000  0.000000000 -0.000000100  0.000000000  0.000000000  0.000000000 |         -0.0 | -0.000000000  0.000000000,  0.000000100 -0.000000000
MOVE:  049 |  0.000000068  0.000000002 -0.000000049 -0.000034752  0.000000191 -0.000149493 |         -0.1 |  0.000000328 -0.000000092,  0.000000143 -0.000000251
CONST: 049 | 11 -7.9932e-05 4.30018e-05 -2.30491e-05 0.00366525 0.000183191 -0.000149493

ABS:   050 | -0.000079932  0.000043002 -0.000022999  0.003665648  0.000183191 -0.000149493 |         63.4 | -0.000001535  0.000062170, -0.000032440  0.000559496
DIFF:  050 |  0.000000000  0.000000000  0.000000050  0.000000400  0.000000000  0.000000000 |          0.0 |  0.000000003  0.000000001, -0.000000062  0.000000000
MOVE:  050 |  0.000000068  0.000000002  0.000000001 -0.000034352  0.000000191 -0.000149493 |         -0.1 |  0.000000331 -0.000000091,  0.000000081 -0.000000251
CONST: 050 | 11 -7.9932e-05 4.30018e-05 -2.29991e-05 0.00366565 0.000183191 -0.000149493

ABS:   051 | -0.000079932  0.000043002 -0.000022999  0.003664848  0.000183191 -0.000149493 |         63.4 | -0.000001540  0.000062169, -0.000032415  0.000559495
DIFF:  051 |  0.000000000  0.000000000  0.000000000 -0.000000800  0.000000000  0.000000000 |         -0.0 | -0.000000005 -0.000000002,  0.000000024 -0.000000000
MOVE:  051 |  0.000000068  0.000000002  0.000000001 -0.000035152  0.000000191 -0.000149493 |         -0.1 |  0.000000326 -0.000000093,  0.000000105 -0.000000251
CONST: 051 | 11 -7.9932e-05 4.30018e-05 -2.29991e-05 0.00366485 0.000183191 -0.000149493

ABS:   052 | -0.000079932  0.000043002 -0.000022999  0.003665248  0.000184191 -0.000149493 |         63.4 | -0.000001555  0.000062164, -0.000032429  0.000559495
DIFF:  052 |  0.000000000  0.000000000  0.000000000  0.000000400  0.000001000  0.000000000 |          0.0 | -0.000000015 -0.000000005, -0.000000014 -0.000000000
MOVE:  052 |  0.000000068  0.000000002  0.000000001 -0.000034752  0.000001191 -0.000149493 |         -0.1 |  0.000000311 -0.000000098,  0.000000091 -0.000000252
CONST: 052 | 11 -7.9932e-05 4.30018e-05 -2.29991e-05 0.00366525 0.000184191 -0.000149493

ABS:   053 | -0.000079932  0.000043002 -0.000022999  0.003665248  0.000182191 -0.000149493 |         63.4 | -0.000001520  0.000062175, -0.000032426  0.000559496
DIFF:  053 |  0.000000000  0.000000000  0.000000000  0.000000000 -0.000002000  0.000000000 |          0.0 |  0.000000035  0.000000012,  0.000000004  0.000000001
MOVE:  053 |  0.000000068  0.000000002  0.000000001 -0.000034752 -0.000000809 -0.000149493 |         -0.1 |  0.000000346 -0.000000086,  0.000000095 -0.000000251
CONST: 053 | 11 -7.9932e-05 4.30018e-05 -2.29991e-05 0.00366525 0.000182191 -0.000149493

ABS:   054 | -0.000079932  0.000043002 -0.000022999  0.003665248  0.000193192 -0.000149493 |         63.4 | -0.000001713  0.000062111, -0.000032447  0.000559493
DIFF:  054 |  0.000000000  0.000000000  0.000000000  0.000000000  0.000011001  0.000000000 |         -0.0 | -0.000000192 -0.000000064, -0.000000021 -0.000000003
MOVE:  054 |  0.000000068  0.000000002  0.000000001 -0.000034752  0.000010192 -0.000149493 |         -0.1 |  0.000000154 -0.000000151,  0.000000074 -0.000000254
CONST: 054 | 11 -7.9932e-05 4.30018e-05 -2.29991e-05 0.00366525 0.000193192 -0.000149493

ABS:   055 | -0.000079932  0.000043002 -0.000022999  0.003665248  0.000173190 -0.000149493 |         63.4 | -0.000001363  0.000062229, -0.000032408  0.000559498
DIFF:  055 |  0.000000000  0.000000000  0.000000000  0.000000000 -0.000020001  0.000000000 |          0.0 |  0.000000350  0.000000118,  0.000000039  0.000000006
MOVE:  055 |  0.000000068  0.000000002  0.000000001 -0.000034752 -0.000009810 -0.000149493 |         -0.1 |  0.000000504 -0.000000033,  0.000000113 -0.000000248
CONST: 055 | 11 -7.9932e-05 4.30018e-05 -2.29991e-05 0.00366525 0.00017319 -0.000149493

ABS:   056 | -0.000079932  0.000043002 -0.000022999  0.003665248  0.000183191 -0.000129493 |         63.4 | -0.000001603  0.000062172, -0.000032481  0.000559498
DIFF:  056 |  0.000000000  0.000000000  0.000000000  0.000000000  0.000010001  0.000020000 |          0.0 | -0.000000240 -0.000000057, -0.000000073 -0.000000000
MOVE:  056 |  0.000000068  0.000000002  0.000000001 -0.000034752  0.000000191 -0.000129493 |         -0.1 |  0.000000263 -0.000000090,  0.000000040 -0.000000249
CONST: 056 | 11 -7.9932e-05 4.30018e-05 -2.29991e-05 0.00366525 0.000183191 -0.000129493

ABS:   057 | -0.000079932  0.000043002 -0.000022999  0.003665248  0.000183191 -0.000169493 |         63.4 | -0.000001472  0.000062167, -0.000032374  0.000559493
DIFF:  057 |  0.000000000  0.000000000  0.000000000  0.000000000  0.000000000 -0.000040000 |         -0.0 |  0.000000131 -0.000000005,  0.000000107 -0.000000005
MOVE:  057 |  0.000000068  0.000000002  0.000000001 -0.000034752  0.000000191 -0.000169493 |         -0.1 |  0.000000394 -0.000000095,  0.000000147 -0.000000254
CONST: 057 | 11 -7.9932e-05 4.30018e-05 -2.29991e-05 0.00366525 0.000183191 -0.000169493

ABS:   058 | -0.000077354  0.000043016 -0.000022992  0.002134846  0.000185249 -0.006617458 |         65.3 |  0.000008477  0.000059640, -0.000009169  0.000566002
DIFF:  058 |  0.000002578  0.000000015  0.000000008 -0.001530403  0.000002058 -0.006447965 |          2.0 |  0.000009949 -0.000002527,  0.000023205  0.000006509
MOVE:  058 |  0.000002646  0.000000016  0.000000008 -0.001565154  0.000002249 -0.006617458 |          1.9 |  0.000010343 -0.000002622,  0.000023352  0.000006255
CONST: 058 | 11 -7.7354e-05 4.30165e-05 -2.29915e-05 0.00213485 0.000185249 -0.00661746

ABS:   059 | -0.000079458  0.000043004 -0.000022998  0.003383938  0.000183569 -0.001341627 |         64.2 | -0.000000318  0.000060484, -0.000028261  0.000562257
DIFF:  059 | -0.000002104 -0.000000012 -0.000000006  0.001249092 -0.000001680  0.005275830 |         -1.2 | -0.000008795  0.000000845, -0.000019092 -0.000003745
MOVE:  059 |  0.000000542  0.000000004  0.000000002 -0.000316062  0.000000569 -0.001341627 |          0.8 |  0.000001548 -0.000001777,  0.000004260  0.000002510
CONST: 059 | 11 -7.94582e-05 4.30045e-05 -2.29977e-05 0.00338394 0.000183569 -0.00134163

ABS:   060 | -0.000079884  0.000043002 -0.000022999  0.003636595  0.000183230 -0.000270935 |         63.3 | -0.000001279  0.000062096, -0.000032005  0.000559427
DIFF:  060 | -0.000000426 -0.000000002 -0.000000001  0.000252657 -0.000000340  0.001070693 |         -0.9 | -0.000000961  0.000001612, -0.000003744 -0.000002830
MOVE:  060 |  0.000000116  0.000000002  0.000000001 -0.000063405  0.000000230 -0.000270935 |         -0.1 |  0.000000587 -0.000000166,  0.000000516 -0.000000320
CONST: 060 | 11 -7.98837e-05 4.30021e-05 -2.2999e-05 0.00363659 0.00018323 -0.000270935

ABS:   061 | -0.000079359  0.000043002 -0.000022999  0.003636595  0.000183230 -0.000270935 |         63.3 | -0.000002057  0.000061135, -0.000032005  0.000559427
DIFF:  061 |  0.000000525  0.000000000  0.000000000  0.000000000  0.000000000  0.000000000 |         -0.0 | -0.000000779 -0.000000961, -0.000000000  0.000000000
MOVE:  061 |  0.000000641  0.000000002  0.000000001 -0.000063405  0.000000230 -0.000270935 |         -0.1 | -0.000000191 -0.000001126,  0.000000516 -0.000000320
CONST: 061 | 11 -7.93586e-05 4.30021e-05 -2.2999e-05 0.00363659 0.00018323 -0.000270935

ABS:   062 | -0.000080409  0.000043002 -0.000022999  0.003636595  0.000183230 -0.000270935 |         63.3 | -0.000001804  0.000062096, -0.000032005  0.000559427
DIFF:  062 | -0.000001050  0.000000000  0.000000000  0.000000000  0.000000000  0.000000000 |          0.0 |  0.000000254  0.000000961,  0.000000000 -0.000000000
MOVE:  062 | -0.000000409  0.000000002  0.000000001 -0.000063405  0.000000230 -0.000270935 |         -0.1 |  0.000000062 -0.000000166,  0.000000516 -0.000000320
CONST: 062 | 11 -8.04088e-05 4.30021e-05 -2.2999e-05 0.00363659 0.00018323 -0.000270935

ABS:   063 | -0.000079831  0.000043002 -0.000022999  0.003636595  0.000183230 -0.000270935 |         63.3 | -0.000002530  0.000061135, -0.000032005  0.000559427
DIFF:  063 |  0.000000578  0.000000000  0.000000000  0.000000000  0.000000000  0.000000000 |         -0.0 | -0.000000726 -0.000000961, -0.000000000  0.000000000
MOVE:  063 |  0.000000169  0.000000002  0.000000001 -0.000063405  0.000000230 -0.000270935 |         -0.1 | -0.000000664 -0.000001126,  0.000000516 -0.000000320
CONST: 063 | 11 -7.98312e-05 4.30021e-05 -2.2999e-05 0.00363659 0.00018323 -0.000270935

ABS:   064 | -0.000079936  0.000043002 -0.000022999  0.003636595  0.000183230 -0.000270935 |         63.3 | -0.000001331  0.000062096, -0.000032005  0.000559427
DIFF:  064 | -0.000000105  0.000000000  0.000000000  0.000000000  0.000000000  0.000000000 |          0.0 |  0.000001199  0.000000961,  0.000000000 -0.000000000
MOVE:  064 |  0.000000064  0.000000002  0.000000001 -0.000063405  0.000000230 -0.000270935 |         -0.1 |  0.000000535 -0.000000166,  0.000000516 -0.000000320
CONST: 064 | 11 -7.99362e-05 4.30021e-05 -2.2999e-05 0.00363659 0.00018323 -0.000270935

ABS:   065 | -0.000079878  0.000043002 -0.000022999  0.003636595  0.000183230 -0.000270935 |         63.3 | -0.000001273  0.000062096, -0.000032005  0.000559427
DIFF:  065 |  0.000000058  0.000000000  0.000000000  0.000000000  0.000000000  0.000000000 |         -0.0 |  0.000000058 -0.000000000, -0.000000000  0.000000000
MOVE:  065 |  0.000000122  0.000000002  0.000000001 -0.000063405  0.000000230 -0.000270935 |         -0.1 |  0.000000593 -0.000000166,  0.000000516 -0.000000320
CONST: 065 | 11 -7.98784e-05 4.30021e-05 -2.2999e-05 0.00363659 0.00018323 -0.000270935

ABS:   066 | -0.000079889  0.000043002 -0.000022999  0.003636595  0.000183230 -0.000270935 |         63.3 | -0.000001284  0.000062096, -0.000032005  0.000559427
DIFF:  066 | -0.000000011  0.000000000  0.000000000  0.000000000  0.000000000  0.000000000 |          0.0 | -0.000000011  0.000000000,  0.000000000 -0.000000000
MOVE:  066 |  0.000000111  0.000000002  0.000000001 -0.000063405  0.000000230 -0.000270935 |         -0.1 |  0.000000582 -0.000000166,  0.000000516 -0.000000320
CONST: 066 | 11 -7.98889e-05 4.30021e-05 -2.2999e-05 0.00363659 0.00018323 -0.000270935

ABS:   067 | -0.000079884  0.000043297 -0.000022999  0.003636595  0.000183230 -0.000270935 |         63.3 | -0.000002469  0.000061133, -0.000032036  0.000559436
DIFF:  067 |  0.000000005  0.000000295  0.000000000  0.000000000  0.000000000  0.000000000 |         -0.0 | -0.000001185 -0.000000963, -0.000000031  0.000000009
MOVE:  067 |  0.000000116  0.000000297  0.000000001 -0.000063405  0.000000230 -0.000270935 |         -0.1 | -0.000000603 -0.000001129,  0.000000485 -0.000000311
CONST: 067 | 11 -7.98837e-05 4.32971e-05 -2.2999e-05 0.00363659 0.00018323 -0.000270935

ABS:   068 | -0.000079884  0.000042707 -0.000022999  0.003636595  0.000183230 -0.000270935 |         63.3 | -0.000001393  0.000062098, -0.000031975  0.000559419
DIFF:  068 |  0.000000000 -0.000000590  0.000000000  0.000000000  0.000000000  0.000000000 |          0.0 |  0.000001076  0.000000965,  0.000000061 -0.000000017
MOVE:  068 |  0.000000116 -0.000000293  0.000000001 -0.000063405  0.000000230 -0.000270935 |         -0.1 |  0.000000473 -0.000000164,  0.000000546 -0.000000328
CONST: 068 | 11 -7.98837e-05 4.2707e-05 -2.2999e-05 0.00363659 0.00018323 -0.000270935

ABS:   069 | -0.000079884  0.000043032 -0.000022999  0.003636595  0.000183230 -0.000270935 |         63.3 | -0.000002571  0.000061135, -0.000032008  0.000559428
DIFF:  069 |  0.000000000  0.000000325  0.000000000  0.000000000  0.000000000  0.000000000 |         -0.0 | -0.000001179 -0.000000963, -0.000000034  0.000000009
MOVE:  069 |  0.000000116  0.000000032  0.000000001 -0.000063405  0.000000230 -0.000270935 |         -0.1 | -0.000000705 -0.000001126,  0.000000513 -0.000000319
CONST: 069 | 11 -7.98837e-05 4.30316e-05 -2.2999e-05 0.00363659 0.00018323 -0.000270935

ABS:   070 | -0.000079884  0.000042973 -0.000022999  0.003636595  0.000183230 -0.000270935 |         63.3 | -0.000001290  0.000062096, -0.000032002  0.000559426
DIFF:  070 |  0.000000000 -0.000000059  0.000000000  0.000000000  0.000000000  0.000000000 |          0.0 |  0.000001281  0.000000961,  0.000000006 -0.000000002
MOVE:  070 |  0.000000116 -0.000000027  0.000000001 -0.000063405  0.000000230 -0.000270935 |         -0.1 |  0.000000576 -0.000000166,  0.000000519 -0.000000320
CONST: 070 | 11 -7.98837e-05 4.29726e-05 -2.2999e-05 0.00363659 0.00018323 -0.000270935

ABS:   071 | -0.000079884  0.000043005 -0.000022999  0.003636595  0.000183230 -0.000270935 |         63.3 | -0.000001278  0.000062096, -0.000032005  0.000559427
DIFF:  071 |  0.000000000  0.000000032  0.000000000  0.000000000  0.000000000  0.000000000 |          0.0 |  0.000000013 -0.000000000, -0.000000003  0.000000001
MOVE:  071 |  0.000000116  0.000000005  0.000000001 -0.000063405  0.000000230 -0.000270935 |         -0.1 |  0.000000589 -0.000000166,  0.000000515 -0.000000319
CONST: 071 | 11 -7.98837e-05 4.3005e-05 -2.2999e-05 0.00363659 0.00018323 -0.000270935

ABS:   072 | -0.000079884  0.000042999 -0.000022999  0.003636595  0.000183230 -0.000270935 |         63.3 | -0.000001280  0.000062096, -0.000032005  0.000559427
DIFF:  072 |  0.000000000 -0.000000006  0.000000000  0.000000000  0.000000000  0.000000000 |         -0.0 | -0.000000002  0.000000000,  0.000000001 -0.000000000
MOVE:  072 |  0.000000116 -0.000000001  0.000000001 -0.000063405  0.000000230 -0.000270935 |         -0.1 |  0.000000586 -0.000000166,  0.000000516 -0.000000320
CONST: 072 | 11 -7.98837e-05 4.29991e-05 -2.2999e-05 0.00363659 0.00018323 -0.000270935

ABS:   073 | -0.000079884  0.000043002 -0.000022723  0.003636595  0.000183230 -0.000270935 |         63.3 | -0.000001278  0.000062096, -0.000032281  0.000559427
DIFF:  073 |  0.000000000  0.000000003  0.000000276  0.000000000  0.000000000  0.000000000 |          0.0 |  0.000000001 -0.000000000, -0.000000277  0.000000000
MOVE:  073 |  0.000000116  0.000000002  0.000000277 -0.000063405  0.000000230 -0.000270935 |         -0.1 |  0.000000588 -0.000000166,  0.000000239 -0.000000320
CONST: 073 | 11 -7.98837e-05 4.30021e-05 -2.27228e-05 0.00363659 0.00018323 -0.000270935

ABS:   074 | -0.000079884  0.000043002 -0.000023275  0.003636595  0.000183230 -0.000270935 |         63.3 | -0.000001279  0.000062096, -0.000031729  0.000559427
DIFF:  074 |  0.000000000  0.000000000 -0.000000552  0.000000000  0.000000000  0.000000000 |         -0.0 | -0.000000001  0.000000000,  0.000000552 -0.000000000
MOVE:  074 |  0.000000116  0.000000002 -0.000000275 -0.000063405  0.000000230 -0.000270935 |         -0.1 |  0.000000587 -0.000000166,  0.000000792 -0.000000320
CONST: 074 | 11 -7.98837e-05 4.30021e-05 -2.32751e-05 0.00363659 0.00018323 -0.000270935

ABS:   075 | -0.000079884  0.000043002 -0.000022999  0.003640595  0.000183230 -0.000270935 |         63.3 | -0.000001253  0.000062104, -0.000032127  0.000559428
DIFF:  075 |  0.000000000  0.000000000  0.000000276  0.000004000  0.000000000  0.000000000 |          0.0 |  0.000000026  0.000000008, -0.000000399  0.000000001
MOVE:  075 |  0.000000116  0.000000002  0.000000001 -0.000059405  0.000000230 -0.000270935 |         -0.1 |  0.000000613 -0.000000158,  0.000000393 -0.000000318
CONST: 075 | 11 -7.98837e-05 4.30021e-05 -2.2999e-05 0.00364059 0.00018323 -0.000270935

ABS:   076 | -0.000079884  0.000043002 -0.000022999  0.003632595  0.000183230 -0.000270935 |         63.3 | -0.000001305  0.000062088, -0.000031883  0.000559426
DIFF:  076 |  0.000000000  0.000000000  0.000000000 -0.000008000  0.000000000  0.000000000 |         -0.0 | -0.000000052 -0.000000016,  0.000000245 -0.000000002
MOVE:  076 |  0.000000116  0.000000002  0.000000001 -0.000067405  0.000000230 -0.000270935 |         -0.1 |  0.000000561 -0.000000174,  0.000000638 -0.000000321
CONST: 076 | 11 -7.98837e-05 4.30021e-05 -2.2999e-05 0.00363259 0.00018323 -0.000270935

ABS:   077 | -0.000079884  0.000043002 -0.000022999  0.003636595  0.000199673 -0.000270935 |         63.3 | -0.000001566  0.000062002, -0.000032037  0.000559422
DIFF:  077 |  0.000000000  0.000000000  0.000000000  0.000004000  0.000016443  0.000000000 |          0.0 | -0.000000262 -0.000000086, -0.000000154 -0.000000004
MOVE:  077 |  0.000000116  0.000000002  0.000000001 -0.000063405  0.000016673 -0.000270935 |         -0.1 |  0.000000300 -0.000000260,  0.000000484 -0.000000324
CONST: 077 | 11 -7.98837e-05 4.30021e-05 -2.2999e-05 0.00363659 0.000199673 -0.000270935

ABS:   078 | -0.000079884  0.000043002 -0.000022999  0.003636595  0.000166786 -0.000270935 |         63.3 | -0.000002293  0.000061239, -0.000031973  0.000559432
DIFF:  078 |  0.000000000  0.000000000  0.000000000  0.000000000 -0.000032887  0.000000000 |         -0.0 | -0.000000726 -0.000000763,  0.000000064  0.000000009
MOVE:  078 |  0.000000116  0.000000002  0.000000001 -0.000063405 -0.000016214 -0.000270935 |         -0.1 | -0.000000427 -0.000001023,  0.000000548 -0.000000315
CONST: 078 | 11 -7.98837e-05 4.30021e-05 -2.2999e-05 0.00363659 0.000166786 -0.000270935

ABS:   079 | -0.000079884  0.000043002 -0.000022999  0.003636595  0.000184874 -0.000270935 |         63.3 | -0.000001307  0.000062086, -0.000032008  0.000559427
DIFF:  079 |  0.000000000  0.000000000  0.000000000  0.000000000  0.000018088  0.000000000 |          0.0 |  0.000000985  0.000000848, -0.000000035 -0.000000005
MOVE:  079 |  0.000000116  0.000000002  0.000000001 -0.000063405  0.000001874 -0.000270935 |         -0.1 |  0.000000559 -0.000000175,  0.000000512 -0.000000320
CONST: 079 | 11 -7.98837e-05 4.30021e-05 -2.2999e-05 0.00363659 0.000184874 -0.000270935

ABS:   080 | -0.000079884  0.000043002 -0.000022999  0.003636595  0.000181585 -0.000270935 |         63.3 | -0.000001250  0.000062105, -0.000032002  0.000559428
DIFF:  080 |  0.000000000  0.000000000  0.000000000  0.000000000 -0.000003289  0.000000000 |          0.0 |  0.000000058  0.000000019,  0.000000006  0.000000001
MOVE:  080 |  0.000000116  0.000000002  0.000000001 -0.000063405 -0.000001415 -0.000270935 |         -0.1 |  0.000000616 -0.000000156,  0.000000519 -0.000000319
CONST: 080 | 11 -7.98837e-05 4.30021e-05 -2.2999e-05 0.00363659 0.000181585 -0.000270935

ABS:   081 | -0.000079884  0.000043002 -0.000022999  0.003636595  0.000199673 -0.000270935 |         63.3 | -0.000001566  0.000062002, -0.000032037  0.000559422
DIFF:  081 |  0.000000000  0.000000000  0.000000000  0.000000000  0.000018088  0.000000000 |         -0.0 | -0.000000316 -0.000000104, -0.000000035 -0.000000005
MOVE:  081 |  0.000000116  0.000000002  0.000000001 -0.000063405  0.000016673 -0.000270935 |         -0.1 |  0.000000300 -0.000000260,  0.000000484 -0.000000324
CONST: 081 | 11 -7.98837e-05 4.30021e-05 -2.2999e-05 0.00363659 0.000199673 -0.000270935

ABS:   082 | -0.000079884  0.000043002 -0.000022999  0.003636595  0.000166786 -0.000270935 |         63.3 | -0.000002293  0.000061239, -0.000031973  0.000559432
DIFF:  082 |  0.000000000  0.000000000  0.000000000  0.000000000 -0.000032887  0.000000000 |         -0.0 | -0.000000726 -0.000000763,  0.000000064  0.000000009
MOVE:  082 |  0.000000116  0.000000002  0.000000001 -0.000063405 -0.000016214 -0.000270935 |         -0.1 | -0.000000427 -0.000001023,  0.000000548 -0.000000315
CONST: 082 | 11 -7.98837e-05 4.30021e-05 -2.2999e-05 0.00363659 0.000166786 -0.000270935

ABS:   083 | -0.000079884  0.000043002 -0.000022999  0.003636595  0.000183230 -0.000227785 |         63.3 | -0.000001420  0.000062101, -0.000032121  0.000559432
DIFF:  083 |  0.000000000  0.000000000  0.000000000  0.000000000  0.000016443  0.000043150 |          0.0 |  0.000000873  0.000000863, -0.000000148  0.000000001
MOVE:  083 |  0.000000116  0.000000002  0.000000001 -0.000063405  0.000000230 -0.000227785 |         -0.1 |  0.000000446 -0.000000160,  0.000000400 -0.000000314
CONST: 083 | 11 -7.98837e-05 4.30021e-05 -2.2999e-05 0.00363659 0.00018323 -0.000227785

ABS:   084 | -0.000079884  0.000043002 -0.000022999  0.003636595  0.000183230 -0.000314084 |         63.3 | -0.000002442  0.000061129, -0.000031890  0.000559422
DIFF:  084 |  0.000000000  0.000000000  0.000000000  0.000000000  0.000000000 -0.000086299 |         -0.0 | -0.000001022 -0.000000972,  0.000000231 -0.000000010
MOVE:  084 |  0.000000116  0.000000002  0.000000001 -0.000063405  0.000000230 -0.000314084 |         -0.1 | -0.000000576 -0.000001133,  0.000000631 -0.000000325
CONST: 084 | 11 -7.98837e-05 4.30021e-05 -2.2999e-05 0.00363659 0.00018323 -0.000314084

ABS:   085 | -0.000079884  0.000043002 -0.000022999  0.003636595  0.000183230 -0.000266620 |         63.3 | -0.000001293  0.000062096, -0.000032017  0.000559428
DIFF:  085 |  0.000000000  0.000000000  0.000000000  0.000000000  0.000000000  0.000047465 |          0.0 |  0.000001149  0.000000967, -0.000000127  0.000000006
MOVE:  085 |  0.000000116  0.000000002  0.000000001 -0.000063405  0.000000230 -0.000266620 |         -0.1 |  0.000000573 -0.000000165,  0.000000504 -0.000000319
CONST: 085 | 11 -7.98837e-05 4.30021e-05 -2.2999e-05 0.00363659 0.00018323 -0.00026662

ABS:   086 | -0.000079884  0.000043002 -0.000022999  0.003636595  0.000183230 -0.000275250 |         63.3 | -0.000002569  0.000061135, -0.000031994  0.000559427
DIFF:  086 |  0.000000000  0.000000000  0.000000000  0.000000000  0.000000000 -0.000008630 |         -0.0 | -0.000001276 -0.000000962,  0.000000023 -0.000000001
MOVE:  086 |  0.000000116  0.000000002  0.000000001 -0.000063405  0.000000230 -0.000275250 |         -0.1 | -0.000000702 -0.000001127,  0.000000527 -0.000000320
CONST: 086 | 11 -7.98837e-05 4.30021e-05 -2.2999e-05 0.00363659 0.00018323 -0.00027525

ABS:   087 | -0.000079884  0.000043002 -0.000022999  0.003636595  0.000183230 -0.000270503 |         63.3 | -0.000001280  0.000062096, -0.000032006  0.000559427
DIFF:  087 |  0.000000000  0.000000000  0.000000000  0.000000000  0.000000000  0.000004746 |          0.0 |  0.000001288  0.000000961, -0.000000013  0.000000001
MOVE:  087 |  0.000000116  0.000000002  0.000000001 -0.000063405  0.000000230 -0.000270503 |         -0.1 |  0.000000586 -0.000000166,  0.000000515 -0.000000319
CONST: 087 | 11 -7.98837e-05 4.30021e-05 -2.2999e-05 0.00363659 0.00018323 -0.000270503

ABS:   088 | -0.000079884  0.000043002 -0.000022999  0.003636595  0.000183230 -0.000271366 |         63.3 | -0.000001277  0.000062096, -0.000032004  0.000559427
DIFF:  088 |  0.000000000  0.000000000  0.000000000  0.000000000  0.000000000 -0.000000863 |         -0.0 |  0.000000003 -0.000000000,  0.000000002 -0.000000000
MOVE:  088 |  0.000000116  0.000000002  0.000000001 -0.000063405  0.000000230 -0.000271366 |         -0.1 |  0.000000589 -0.000000166,  0.000000517 -0.000000320
CONST: 088 | 11 -7.98837e-05 4.30021e-05 -2.2999e-05 0.00363659 0.00018323 -0.000271366

ABS:   089 | -0.000085135  0.000043095 -0.000022951  0.001533312  0.000171023 -0.006448232 |         65.6 | -0.000000885  0.000057203, -0.000007084  0.000566752
DIFF:  089 | -0.000005251  0.000000093  0.000000047 -0.002103283 -0.000012206 -0.006176865 |          2.2 |  0.000000393 -0.000004893,  0.000024920  0.000007325
MOVE:  089 | -0.000005135  0.000000095  0.000000049 -0.002166688 -0.000011977 -0.006448232 |          2.1 |  0.000000982 -0.000005059,  0.000025437  0.000007005
CONST: 089 | 11 -8.51349e-05 4.30951e-05 -2.29515e-05 0.00153331 0.000171023 -0.00644823

ABS:   090 | -0.000080890  0.000043020 -0.000022990  0.003233579  0.000180891 -0.001457466 |         64.6 | -0.000001027  0.000061151, -0.000026580  0.000563585
DIFF:  090 |  0.000004245 -0.000000075 -0.000000038  0.001700267  0.000009868  0.004990766 |         -1.0 | -0.000000142  0.000003948, -0.000019496 -0.000003167
MOVE:  090 | -0.000000890  0.000000020  0.000000010 -0.000466421 -0.000002109 -0.001457466 |          1.2 |  0.000000839 -0.000001111,  0.000005941  0.000003838
CONST: 090 | 11 -8.08896e-05 4.30199e-05 -2.29899e-05 0.00323358 0.000180891 -0.00145747

ABS:   091 | -0.000079971  0.000043004 -0.000022998  0.003601677  0.000183027 -0.000373752 |         63.4 | -0.000002559  0.000061047, -0.000031040  0.000559667
DIFF:  091 |  0.000000919 -0.000000016 -0.000000008  0.000368098  0.000002136  0.001083714 |         -1.2 | -0.000001532 -0.000000104, -0.000004460 -0.000003918
MOVE:  091 |  0.000000029  0.000000004  0.000000002 -0.000098323  0.000000027 -0.000373752 |         -0.0 | -0.000000693 -0.000001215,  0.000001480 -0.000000080
CONST: 091 | 11 -7.99708e-05 4.30036e-05 -2.29982e-05 0.00360168 0.000183027 -0.000373752

ABS:   092 | -0.000079897  0.000043002 -0.000022999  0.003631449  0.000183200 -0.000286086 |         63.3 | -0.000002579  0.000061122, -0.000031807  0.000559424
DIFF:  092 |  0.000000074 -0.000000001 -0.000000001  0.000029773  0.000000173  0.000087666 |         -0.1 | -0.000000020  0.000000075, -0.000000767 -0.000000243
MOVE:  092 |  0.000000103  0.000000002  0.000000001 -0.000068551  0.000000200 -0.000286086 |         -0.1 | -0.000000713 -0.000001139,  0.000000714 -0.000000323
CONST: 092 | 11 -7.98965e-05 4.30023e-05 -2.29988e-05 0.00363145 0.0001832 -0.000286086

ABS:   093 | -0.000079912  0.000043003 -0.000022999  0.003625168  0.000183163 -0.000304583 |         63.3 | -0.000002575  0.000061106, -0.000031566  0.000559420
DIFF:  093 | -0.000000016  0.000000000  0.000000000 -0.000006282 -0.000000036 -0.000018497 |         -0.0 |  0.000000004 -0.000000016,  0.000000242 -0.000000004
MOVE:  093 |  0.000000088  0.000000003  0.000000001 -0.000074832  0.000000163 -0.000304583 |         -0.1 | -0.000000709 -0.000001155,  0.000000955 -0.000000327
CONST: 093 | 11 -7.99122e-05 4.30026e-05 -2.29987e-05 0.00362517 0.000183163 -0.000304583

ABS:   094 | -0.000079860  0.000043003 -0.000022999  0.003625168  0.000183163 -0.000304583 |         63.3 | -0.000002522  0.000061106, -0.000031566  0.000559420
DIFF:  094 |  0.000000053  0.000000000  0.000000000  0.000000000  0.000000000  0.000000000 |         -0.0 |  0.000000053 -0.000000000, -0.000000000  0.000000000
MOVE:  094 |  0.000000140  0.000000003  0.000000001 -0.000074832  0.000000163 -0.000304583 |         -0.1 | -0.000000656 -0.000001155,  0.000000955 -0.000000327
CONST: 094 | 11 -7.98597e-05 4.30026e-05 -2.29987e-05 0.00362517 0.000183163 -0.000304583

ABS:   095 | -0.000079965  0.000043003 -0.000022999  0.003625168  0.000183163 -0.000304583 |         63.3 | -0.000002627  0.000061106, -0.000031566  0.000559420
DIFF:  095 | -0.000000105  0.000000000  0.000000000  0.000000000  0.000000000  0.000000000 |          0.0 | -0.000000105  0.000000000,  0.000000000 -0.000000000
MOVE:  095 |  0.000000035  0.000000003  0.000000001 -0.000074832  0.000000163 -0.000304583 |         -0.1 | -0.000000761 -0.000001155,  0.000000955 -0.000000327
CONST: 095 | 11 -7.99647e-05 4.30026e-05 -2.29987e-05 0.00362517 0.000183163 -0.000304583

ABS:   096 | -0.000079387  0.000043003 -0.000022999  0.003625168  0.000183163 -0.000304583 |         63.3 | -0.000002050  0.000061106, -0.000031566  0.000559420
DIFF:  096 |  0.000000578  0.000000000  0.000000000  0.000000000  0.000000000  0.000000000 |         -0.0 |  0.000000578 -0.000000000, -0.000000000  0.000000000
MOVE:  096 |  0.000000613  0.000000003  0.000000001 -0.000074832  0.000000163 -0.000304583 |         -0.1 | -0.000000184 -0.000001155,  0.000000955 -0.000000327
CONST: 096 | 11 -7.93871e-05 4.30026e-05 -2.29987e-05 0.00362517 0.000183163 -0.000304583

ABS:   097 | -0.000080437  0.000043003 -0.000022999  0.003625168  0.000183163 -0.000304583 |         63.3 | -0.000001795  0.000062069, -0.000031566  0.000559420
DIFF:  097 | -0.000001050  0.000000000  0.000000000  0.000000000  0.000000000  0.000000000 |          0.0 |  0.000000255  0.000000963,  0.000000000 -0.000000000
MOVE:  097 | -0.000000437  0.000000003  0.000000001 -0.000074832  0.000000163 -0.000304583 |         -0.1 |  0.000000071 -0.000000192,  0.000000955 -0.000000327
CONST: 097 | 11 -8.04373e-05 4.30026e-05 -2.29987e-05 0.00362517 0.000183163 -0.000304583

ABS:   098 | -0.000079860  0.000043003 -0.000022999  0.003625168  0.000183163 -0.000304583 |         63.3 | -0.000002522  0.000061106, -0.000031566  0.000559420
DIFF:  098 |  0.000000578  0.000000000  0.000000000  0.000000000  0.000000000  0.000000000 |         -0.0 | -0.000000727 -0.000000963, -0.000000000  0.000000000
MOVE:  098 |  0.000000140  0.000000003  0.000000001 -0.000074832  0.000000163 -0.000304583 |         -0.1 | -0.000000656 -0.000001155,  0.000000955 -0.000000327
CONST: 098 | 11 -7.98597e-05 4.30026e-05 -2.29987e-05 0.00362517 0.000183163 -0.000304583

ABS:   099 | -0.000079965  0.000043003 -0.000022999  0.003625168  0.000183163 -0.000304583 |         63.3 | -0.000002627  0.000061106, -0.000031566  0.000559420
DIFF:  099 | -0.000000105  0.000000000  0.000000000  0.000000000  0.000000000  0.000000000 |          0.0 | -0.000000105  0.000000000,  0.000000000 -0.000000000
MOVE:  099 |  0.000000035  0.000000003  0.000000001 -0.000074832  0.000000163 -0.000304583 |         -0.1 | -0.000000761 -0.000001155,  0.000000955 -0.000000327
CONST: 099 | 11 -7.99647e-05 4.30026e-05 -2.29987e-05 0.00362517 0.000183163 -0.000304583

ABS:   100 | -0.000079912  0.000043032 -0.000022999  0.003625168  0.000183163 -0.000304583 |         63.3 | -0.000002563  0.000061106, -0.000031569  0.000559421
DIFF:  100 |  0.000000053  0.000000030  0.000000000  0.000000000  0.000000000  0.000000000 |          0.0 |  0.000000064 -0.000000000, -0.000000003  0.000000001
MOVE:  100 |  0.000000088  0.000000032  0.000000001 -0.000074832  0.000000163 -0.000304583 |         -0.1 | -0.000000697 -0.000001156,  0.000000952 -0.000000326
CONST: 100 | 11 -7.99122e-05 4.30321e-05 -2.29987e-05 0.00362517 0.000183163 -0.000304583

ABS:   101 | -0.000079912  0.000042973 -0.000022999  0.003625168  0.000183163 -0.000304583 |         63.3 | -0.000002586  0.000061106, -0.000031563  0.000559419
DIFF:  101 |  0.000000000 -0.000000059  0.000000000  0.000000000  0.000000000  0.000000000 |         -0.0 | -0.000000023  0.000000000,  0.000000006 -0.000000002
MOVE:  101 |  0.000000088 -0.000000027  0.000000001 -0.000074832  0.000000163 -0.000304583 |         -0.1 | -0.000000720 -0.000001155,  0.000000958 -0.000000328
CONST: 101 | 11 -7.99122e-05 4.29731e-05 -2.29987e-05 0.00362517 0.000183163 -0.000304583

ABS:   102 | -0.000079912  0.000043003 -0.000022723  0.003625168  0.000183163 -0.000304583 |         63.3 | -0.000002575  0.000061106, -0.000031842  0.000559420
DIFF:  102 |  0.000000000  0.000000030  0.000000276  0.000000000  0.000000000  0.000000000 |          0.0 |  0.000000012 -0.000000000, -0.000000279  0.000000001
MOVE:  102 |  0.000000088  0.000000003  0.000000277 -0.000074832  0.000000163 -0.000304583 |         -0.1 | -0.000000708 -0.000001155,  0.000000679 -0.000000327
CONST: 102 | 11 -7.99122e-05 4.30026e-05 -2.27226e-05 0.00362517 0.000183163 -0.000304583

ABS:   103 | -0.000079912  0.000043003 -0.000023275  0.003625168  0.000183163 -0.000304583 |         63.3 | -0.000002575  0.000061106, -0.000031289  0.000559420
DIFF:  103 |  0.000000000  0.000000000 -0.000000552  0.000000000  0.000000000  0.000000000 |         -0.0 | -0.000000001  0.000000000,  0.000000552 -0.000000000
MOVE:  103 |  0.000000088  0.000000003 -0.000000275 -0.000074832  0.000000163 -0.000304583 |         -0.1 | -0.000000709 -0.000001155,  0.000001231 -0.000000327
CONST: 103 | 11 -7.99122e-05 4.30026e-05 -2.32748e-05 0.00362517 0.000183163 -0.000304583

ABS:   104 | -0.000079912  0.000043003 -0.000022999  0.003632913  0.000183163 -0.000304583 |         63.3 | -0.000002524  0.000061123, -0.000031803  0.000559422
DIFF:  104 |  0.000000000  0.000000000  0.000000276  0.000007745  0.000000000  0.000000000 |          0.0 |  0.000000051  0.000000017, -0.000000513  0.000000002
MOVE:  104 |  0.000000088  0.000000003  0.000000001 -0.000067087  0.000000163 -0.000304583 |         -0.1 | -0.000000658 -0.000001139,  0.000000718 -0.000000325
CONST: 104 | 11 -7.99122e-05 4.30026e-05 -2.29987e-05 0.00363291 0.000183163 -0.000304583

ABS:   105 | -0.000079912  0.000043003 -0.000022999  0.003617422  0.000183163 -0.000304583 |         63.4 | -0.000002626  0.000061090, -0.000031518  0.000559549
DIFF:  105 |  0.000000000  0.000000000  0.000000000 -0.000015491  0.000000000  0.000000000 |          0.0 | -0.000000101 -0.000000033,  0.000000285  0.000000127
MOVE:  105 |  0.000000088  0.000000003  0.000000001 -0.000082578  0.000000163 -0.000304583 |         -0.1 | -0.000000759 -0.000001172,  0.000001003 -0.000000198
CONST: 105 | 11 -7.99122e-05 4.30026e-05 -2.29987e-05 0.00361742 0.000183163 -0.000304583

ABS:   106 | -0.000079912  0.000043003 -0.000022999  0.003625942  0.000183163 -0.000304583 |         63.3 | -0.000002570  0.000061108, -0.000031589  0.000559420
DIFF:  106 |  0.000000000  0.000000000  0.000000000  0.000008520  0.000000000  0.000000000 |         -0.0 |  0.000000056  0.000000018, -0.000000071 -0.000000129
MOVE:  106 |  0.000000088  0.000000003  0.000000001 -0.000074058  0.000000163 -0.000304583 |         -0.1 | -0.000000704 -0.000001154,  0.000000931 -0.000000327
CONST: 106 | 11 -7.99122e-05 4.30026e-05 -2.29987e-05 0.00362594 0.000183163 -0.000304583

ABS:   107 | -0.000079912  0.000043003 -0.000022999  0.003624393  0.000183163 -0.000304583 |         63.3 | -0.000002580  0.000061105, -0.000031542  0.000559420
DIFF:  107 |  0.000000000  0.000000000  0.000000000 -0.000001549  0.000000000  0.000000000 |         -0.0 | -0.000000010 -0.000000003,  0.000000047 -0.000000000
MOVE:  107 |  0.000000088  0.000000003  0.000000001 -0.000075607  0.000000163 -0.000304583 |         -0.1 | -0.000000714 -0.000001157,  0.000000979 -0.000000327
CONST: 107 | 11 -7.99122e-05 4.30026e-05 -2.29987e-05 0.00362439 0.000183163 -0.000304583

ABS:   108 | -0.000079912  0.000043003 -0.000022999  0.003632913  0.000183163 -0.000304583 |         63.3 | -0.000002524  0.000061123, -0.000031803  0.000559422
DIFF:  108 |  0.000000000  0.000000000  0.000000000  0.000008520  0.000000000  0.000000000 |          0.0 |  0.000000056  0.000000018, -0.000000261  0.000000002
MOVE:  108 |  0.000000088  0.000000003  0.000000001 -0.000067087  0.000000163 -0.000304583 |         -0.1 | -0.000000658 -0.000001139,  0.000000718 -0.000000325
CONST: 108 | 11 -7.99122e-05 4.30026e-05 -2.29987e-05 0.00363291 0.000183163 -0.000304583

ABS:   109 | -0.000079912  0.000043003 -0.000022999  0.003617422  0.000183163 -0.000304583 |         63.4 | -0.000002626  0.000061090, -0.000031518  0.000559549
DIFF:  109 |  0.000000000  0.000000000  0.000000000 -0.000015491  0.000000000  0.000000000 |          0.0 | -0.000000101 -0.000000033,  0.000000285  0.000000127
MOVE:  109 |  0.000000088  0.000000003  0.000000001 -0.000082578  0.000000163 -0.000304583 |         -0.1 | -0.000000759 -0.000001172,  0.000001003 -0.000000198
CONST: 109 | 11 -7.99122e-05 4.30026e-05 -2.29987e-05 0.00361742 0.000183163 -0.000304583

