ABS:   itr |       deltaX       deltaY       deltaZ         phiX         phiY         phiZ |        chisq |    rphi mean     rphi rms,       z mean        z rms
ABS:   =========================================================================================================================================================
DIFF:  itr |       deltaX       deltaY       deltaZ         phiX         phiY         phiZ |        chisq |    rphi mean     rphi rms,       z mean        z rms
DIFF:  =========================================================================================================================================================
MOVE:  itr |       deltaX       deltaY       deltaZ         phiX         phiY         phiZ |        chisq |    rphi mean     rphi rms,       z mean        z rms
MOVE:  =========================================================================================================================================================
ABS:   001 |  0.000184000 -0.000150000 -0.000105000  0.000700000  0.000125000  0.000000000 |          8.8 |  0.000013460  0.000063738, -0.000004045  0.000587721
CONST: 001 | 15 0.000184 -0.00015 -0.000105 0.0007 0.000125 0

ABS:   001 |  0.000184000 -0.000150000 -0.000105000  0.000700000  0.000125000  0.000000000 |          8.8 |  0.000013460  0.000063738, -0.000004045  0.000587721
CONST: 001 | 15 0.000184 -0.00015 -0.000105 0.0007 0.000125 0

ABS:   002 |  0.000184100 -0.000150000 -0.000105000  0.000700000  0.000125000  0.000000000 |          8.8 |  0.000013560  0.000063738, -0.000004045  0.000587721
DIFF:  002 |  0.000000100  0.000000000  0.000000000 -0.000000000  0.000000000  0.000000000 |          0.0 |  0.000000100 -0.000000000, -0.000000000  0.000000000
MOVE:  002 |  0.000000100  0.000000000  0.000000000 -0.000000000  0.000000000  0.000000000 |          0.0 |  0.000000100 -0.000000000, -0.000000000  0.000000000
CONST: 002 | 15 0.0001841 -0.00015 -0.000105 0.0007 0.000125 0

ABS:   003 |  0.000183900 -0.000150000 -0.000105000  0.000700000  0.000125000  0.000000000 |          8.8 |  0.000013360  0.000063738, -0.000004045  0.000587721
DIFF:  003 | -0.000000200  0.000000000  0.000000000  0.000000000  0.000000000  0.000000000 |         -0.0 | -0.000000200  0.000000000,  0.000000000 -0.000000000
MOVE:  003 | -0.000000100  0.000000000  0.000000000 -0.000000000  0.000000000  0.000000000 |         -0.0 | -0.000000100  0.000000000,  0.000000000  0.000000000
CONST: 003 | 15 0.0001839 -0.00015 -0.000105 0.0007 0.000125 0

ABS:   004 |  0.000184182 -0.000150000 -0.000105000  0.000700000  0.000125000  0.000000000 |          8.8 |  0.000013642  0.000063738, -0.000004045  0.000587721
DIFF:  004 |  0.000000282  0.000000000  0.000000000  0.000000000  0.000000000  0.000000000 |          0.0 |  0.000000282 -0.000000000, -0.000000000  0.000000000
MOVE:  004 |  0.000000182  0.000000000  0.000000000 -0.000000000  0.000000000  0.000000000 |          0.0 |  0.000000182 -0.000000000, -0.000000000  0.000000000
CONST: 004 | 15 0.000184182 -0.00015 -0.000105 0.0007 0.000125 0

ABS:   005 |  0.000183818 -0.000150000 -0.000105000  0.000700000  0.000125000  0.000000000 |          8.8 |  0.000013278  0.000063738, -0.000004045  0.000587721
DIFF:  005 | -0.000000364  0.000000000  0.000000000  0.000000000  0.000000000  0.000000000 |         -0.0 | -0.000000364  0.000000000,  0.000000000 -0.000000000
MOVE:  005 | -0.000000182  0.000000000  0.000000000 -0.000000000  0.000000000  0.000000000 |         -0.0 | -0.000000182  0.000000000,  0.000000000  0.000000000
CONST: 005 | 15 0.000183818 -0.00015 -0.000105 0.0007 0.000125 0

ABS:   006 |  0.000184000 -0.000149900 -0.000105000  0.000700000  0.000125000  0.000000000 |          8.8 |  0.000013498  0.000063739, -0.000004045  0.000587713
DIFF:  006 |  0.000000182  0.000000100  0.000000000  0.000000000  0.000000000  0.000000000 |          0.0 |  0.000000220  0.000000000,  0.000000000 -0.000000008
MOVE:  006 |  0.000000000  0.000000100  0.000000000 -0.000000000  0.000000000  0.000000000 |         -0.0 |  0.000000038  0.000000000,  0.000000000 -0.000000008
CONST: 006 | 15 0.000184 -0.0001499 -0.000105 0.0007 0.000125 0

ABS:   007 |  0.000184000 -0.000150100 -0.000105000  0.000700000  0.000125000  0.000000000 |          8.8 |  0.000013422  0.000063738, -0.000004045  0.000587730
DIFF:  007 |  0.000000000 -0.000000200  0.000000000  0.000000000  0.000000000  0.000000000 |          0.0 | -0.000000075 -0.000000001, -0.000000001  0.000000017
MOVE:  007 |  0.000000000 -0.000000100  0.000000000 -0.000000000  0.000000000  0.000000000 |          0.0 | -0.000000038 -0.000000000, -0.000000000  0.000000009
CONST: 007 | 15 0.000184 -0.0001501 -0.000105 0.0007 0.000125 0

ABS:   008 |  0.000184000 -0.000149742 -0.000105000  0.000700000  0.000125000  0.000000000 |          8.8 |  0.000013557  0.000063739, -0.000004044  0.000587699
DIFF:  008 |  0.000000000  0.000000358  0.000000000  0.000000000  0.000000000  0.000000000 |         -0.0 |  0.000000135  0.000000001,  0.000000002 -0.000000030
MOVE:  008 |  0.000000000  0.000000258  0.000000000 -0.000000000  0.000000000  0.000000000 |         -0.0 |  0.000000097  0.000000001,  0.000000001 -0.000000022
CONST: 008 | 15 0.000184 -0.000149742 -0.000105 0.0007 0.000125 0

ABS:   009 |  0.000184000 -0.000150258 -0.000105000  0.000700000  0.000125000  0.000000000 |          8.8 |  0.000013363  0.000063738, -0.000004046  0.000587743
DIFF:  009 |  0.000000000 -0.000000517  0.000000000  0.000000000  0.000000000  0.000000000 |          0.0 | -0.000000194 -0.000000002, -0.000000002  0.000000044
MOVE:  009 |  0.000000000 -0.000000258  0.000000000 -0.000000000  0.000000000  0.000000000 |          0.0 | -0.000000097 -0.000000001, -0.000000001  0.000000022
CONST: 009 | 15 0.000184 -0.000150258 -0.000105 0.0007 0.000125 0

ABS:   010 |  0.000184000 -0.000150000 -0.000099998  0.000700000  0.000125000  0.000000000 |          8.7 |  0.000013461  0.000063738, -0.000004280  0.000584541
DIFF:  010 |  0.000000000  0.000000258  0.000005002  0.000000000  0.000000000  0.000000000 |         -0.1 |  0.000000098  0.000000001, -0.000000234 -0.000003202
MOVE:  010 |  0.000000000  0.000000000  0.000005002 -0.000000000  0.000000000  0.000000000 |         -0.1 |  0.000000001  0.000000000, -0.000000235 -0.000003180
CONST: 010 | 15 0.000184 -0.00015 -9.99979e-05 0.0007 0.000125 0

ABS:   011 |  0.000184000 -0.000150000 -0.000110002  0.000700000  0.000125000  0.000000000 |          8.8 |  0.000013459  0.000063738, -0.000000637  0.000586653
DIFF:  011 |  0.000000000  0.000000000 -0.000010004  0.000000000  0.000000000  0.000000000 |          0.1 | -0.000000001 -0.000000000,  0.000003643  0.000002112
MOVE:  011 |  0.000000000  0.000000000 -0.000005002 -0.000000000  0.000000000  0.000000000 |         -0.0 | -0.000000001 -0.000000000,  0.000003408 -0.000001068
CONST: 011 | 15 0.000184 -0.00015 -0.000110002 0.0007 0.000125 0

ABS:   012 |  0.000184000 -0.000150000 -0.000104500  0.000700000  0.000125000  0.000000000 |          8.8 |  0.000013460  0.000063738, -0.000004545  0.000587721
DIFF:  012 |  0.000000000  0.000000000  0.000005502  0.000000000  0.000000000  0.000000000 |          0.0 |  0.000000001  0.000000000, -0.000003908  0.000001068
MOVE:  012 |  0.000000000  0.000000000  0.000000500 -0.000000000  0.000000000  0.000000000 |          0.0 |  0.000000000  0.000000000, -0.000000500 -0.000000000
CONST: 012 | 15 0.000184 -0.00015 -0.0001045 0.0007 0.000125 0

ABS:   013 |  0.000184000 -0.000150000 -0.000105500  0.000700000  0.000125000  0.000000000 |          8.8 |  0.000013460  0.000063738, -0.000003545  0.000587721
DIFF:  013 |  0.000000000  0.000000000 -0.000001000  0.000000000  0.000000000  0.000000000 |         -0.0 | -0.000000000 -0.000000000,  0.000001000  0.000000000
MOVE:  013 |  0.000000000  0.000000000 -0.000000500 -0.000000000  0.000000000  0.000000000 |         -0.0 | -0.000000000 -0.000000000,  0.000000500  0.000000000
CONST: 013 | 15 0.000184 -0.00015 -0.0001055 0.0007 0.000125 0

ABS:   014 |  0.000184000 -0.000150000 -0.000104692  0.000700000  0.000125000  0.000000000 |          8.8 |  0.000013460  0.000063738, -0.000004353  0.000587721
DIFF:  014 |  0.000000000  0.000000000  0.000000808  0.000000000  0.000000000  0.000000000 |          0.0 |  0.000000000  0.000000000, -0.000000808 -0.000000000
MOVE:  014 |  0.000000000  0.000000000  0.000000308 -0.000000000  0.000000000  0.000000000 |          0.0 |  0.000000000  0.000000000, -0.000000308 -0.000000000
CONST: 014 | 15 0.000184 -0.00015 -0.000104692 0.0007 0.000125 0

ABS:   015 |  0.000184000 -0.000150000 -0.000105308  0.000700000  0.000125000  0.000000000 |          8.8 |  0.000013460  0.000063738, -0.000003737  0.000587721
DIFF:  015 |  0.000000000  0.000000000 -0.000000616  0.000000000  0.000000000  0.000000000 |         -0.0 | -0.000000000 -0.000000000,  0.000000616  0.000000000
MOVE:  015 |  0.000000000  0.000000000 -0.000000308 -0.000000000  0.000000000  0.000000000 |         -0.0 | -0.000000000 -0.000000000,  0.000000308  0.000000000
CONST: 015 | 15 0.000184 -0.00015 -0.000105308 0.0007 0.000125 0

ABS:   016 |  0.000184000 -0.000150000 -0.000105000  0.000704000  0.000125000  0.000000000 |          8.8 |  0.000013513  0.000063744, -0.000004194  0.000587726
DIFF:  016 |  0.000000000  0.000000000  0.000000308  0.000004000  0.000000000  0.000000000 |          0.0 |  0.000000053  0.000000005, -0.000000457  0.000000005
MOVE:  016 |  0.000000000  0.000000000  0.000000000  0.000004000  0.000000000  0.000000000 |          0.0 |  0.000000053  0.000000005, -0.000000149  0.000000005
CONST: 016 | 15 0.000184 -0.00015 -0.000105 0.000704 0.000125 0

ABS:   017 |  0.000184000 -0.000150000 -0.000105000  0.000696000  0.000125000  0.000000000 |          8.8 |  0.000013407  0.000063733, -0.000003896  0.000587716
DIFF:  017 |  0.000000000  0.000000000  0.000000000 -0.000008000  0.000000000  0.000000000 |         -0.0 | -0.000000106 -0.000000010,  0.000000297 -0.000000010
MOVE:  017 |  0.000000000  0.000000000  0.000000000 -0.000004000  0.000000000  0.000000000 |         -0.0 | -0.000000053 -0.000000005,  0.000000149 -0.000000005
CONST: 017 | 15 0.000184 -0.00015 -0.000105 0.000696 0.000125 0

ABS:   018 |  0.000184000 -0.000150000 -0.000105000  0.000706101  0.000125000  0.000000000 |          8.8 |  0.000013541  0.000063746, -0.000004272  0.000587729
DIFF:  018 |  0.000000000  0.000000000  0.000000000  0.000010101  0.000000000  0.000000000 |          0.0 |  0.000000133  0.000000013, -0.000000375  0.000000012
MOVE:  018 |  0.000000000  0.000000000  0.000000000  0.000006101  0.000000000  0.000000000 |          0.0 |  0.000000081  0.000000008, -0.000000227  0.000000008
CONST: 018 | 15 0.000184 -0.00015 -0.000105 0.000706101 0.000125 0

ABS:   019 |  0.000184000 -0.000150000 -0.000105000  0.000693899  0.000125000  0.000000000 |          8.8 |  0.000013379  0.000063731, -0.000003818  0.000587714
DIFF:  019 |  0.000000000  0.000000000  0.000000000 -0.000012201  0.000000000  0.000000000 |         -0.0 | -0.000000161 -0.000000016,  0.000000453 -0.000000015
MOVE:  019 |  0.000000000  0.000000000  0.000000000 -0.000006101  0.000000000  0.000000000 |         -0.0 | -0.000000081 -0.000000008,  0.000000227 -0.000000007
CONST: 019 | 15 0.000184 -0.00015 -0.000105 0.000693899 0.000125 0

ABS:   020 |  0.000184000 -0.000150000 -0.000105000  0.000700000  0.000135001  0.000000000 |          8.8 |  0.000013116  0.000063704, -0.000004106  0.000587724
DIFF:  020 |  0.000000000  0.000000000  0.000000000  0.000006101  0.000010001  0.000000000 |         -0.0 | -0.000000264 -0.000000027, -0.000000288  0.000000010
MOVE:  020 |  0.000000000  0.000000000  0.000000000 -0.000000000  0.000010001  0.000000000 |         -0.0 | -0.000000344 -0.000000035, -0.000000061  0.000000002
CONST: 020 | 15 0.000184 -0.00015 -0.000105 0.0007 0.000135001 0

ABS:   021 |  0.000184000 -0.000150000 -0.000105000  0.000700000  0.000114999  0.000000000 |          8.8 |  0.000013804  0.000063774, -0.000003984  0.000587719
DIFF:  021 |  0.000000000  0.000000000  0.000000000  0.000000000 -0.000020001  0.000000000 |          0.0 |  0.000000689  0.000000071,  0.000000122 -0.000000004
MOVE:  021 |  0.000000000  0.000000000  0.000000000 -0.000000000 -0.000010001  0.000000000 |          0.0 |  0.000000344  0.000000036,  0.000000061 -0.000000002
CONST: 021 | 15 0.000184 -0.00015 -0.000105 0.0007 0.000114999 0

ABS:   022 |  0.000184000 -0.000150000 -0.000105000  0.000700000  0.000129343  0.000000000 |          8.8 |  0.000013311  0.000063723, -0.000004072  0.000587722
DIFF:  022 |  0.000000000  0.000000000  0.000000000  0.000000000  0.000014343  0.000000000 |         -0.0 | -0.000000494 -0.000000051, -0.000000088  0.000000003
MOVE:  022 |  0.000000000  0.000000000  0.000000000 -0.000000000  0.000004343  0.000000000 |         -0.0 | -0.000000150 -0.000000015, -0.000000027  0.000000001
CONST: 022 | 15 0.000184 -0.00015 -0.000105 0.0007 0.000129343 0

ABS:   023 |  0.000184000 -0.000150000 -0.000105000  0.000700000  0.000120657  0.000000000 |          8.8 |  0.000013610  0.000063754, -0.000004018  0.000587720
DIFF:  023 |  0.000000000  0.000000000  0.000000000  0.000000000 -0.000008686  0.000000000 |          0.0 |  0.000000299  0.000000031,  0.000000053 -0.000000002
MOVE:  023 |  0.000000000  0.000000000  0.000000000 -0.000000000 -0.000004343  0.000000000 |          0.0 |  0.000000150  0.000000015,  0.000000027 -0.000000001
CONST: 023 | 15 0.000184 -0.00015 -0.000105 0.0007 0.000120657 0

ABS:   024 |  0.000184000 -0.000150000 -0.000105000  0.000700000  0.000125000  0.000002000 |          8.8 |  0.000013452  0.000063738, -0.000004048  0.000587723
DIFF:  024 |  0.000000000  0.000000000  0.000000000  0.000000000  0.000004343  0.000002000 |         -0.0 | -0.000000157 -0.000000016, -0.000000030  0.000000002
MOVE:  024 |  0.000000000  0.000000000  0.000000000 -0.000000000  0.000000000  0.000002000 |          0.0 | -0.000000008 -0.000000000, -0.000000003  0.000000001
CONST: 024 | 15 0.000184 -0.00015 -0.000105 0.0007 0.000125 2.00001e-06

ABS:   025 |  0.000184000 -0.000150000 -0.000105000  0.000700000  0.000125000 -0.000002000 |          8.8 |  0.000013468  0.000063739, -0.000004042  0.000587720
DIFF:  025 |  0.000000000  0.000000000  0.000000000  0.000000000  0.000000000 -0.000004000 |         -0.0 |  0.000000016  0.000000000,  0.000000006 -0.000000003
MOVE:  025 |  0.000000000  0.000000000  0.000000000 -0.000000000  0.000000000 -0.000002000 |         -0.0 |  0.000000008  0.000000000,  0.000000003 -0.000000001
CONST: 025 | 15 0.000184 -0.00015 -0.000105 0.0007 0.000125 -2.00001e-06

ABS:   026 |  0.000184000 -0.000150000 -0.000105000  0.000700000  0.000125000  0.000020000 |          8.8 |  0.000013382  0.000063737, -0.000004077  0.000587735
DIFF:  026 |  0.000000000  0.000000000  0.000000000  0.000000000  0.000000000  0.000022000 |          0.0 | -0.000000086 -0.000000001, -0.000000035  0.000000015
MOVE:  026 |  0.000000000  0.000000000  0.000000000 -0.000000000  0.000000000  0.000020000 |          0.0 | -0.000000078 -0.000000001, -0.000000032  0.000000013
CONST: 026 | 15 0.000184 -0.00015 -0.000105 0.0007 0.000125 2.00001e-05

ABS:   027 |  0.000184000 -0.000150000 -0.000105000  0.000700000  0.000125000 -0.000020000 |          8.8 |  0.000013538  0.000063740, -0.000004013  0.000587708
DIFF:  027 |  0.000000000  0.000000000  0.000000000  0.000000000  0.000000000 -0.000040000 |         -0.0 |  0.000000156  0.000000002,  0.000000063 -0.000000027
MOVE:  027 |  0.000000000  0.000000000  0.000000000 -0.000000000  0.000000000 -0.000020000 |         -0.0 |  0.000000078  0.000000001,  0.000000032 -0.000000013
CONST: 027 | 15 0.000184 -0.00015 -0.000105 0.0007 0.000125 -2.00001e-05

ABS:   028 |  0.000170540 -0.000125522 -0.000109016  0.000066070  0.000485312 -0.002015244 |          8.6 |  0.000006720  0.000064347,  0.000002397  0.000581398
DIFF:  028 | -0.000013460  0.000024478 -0.000004016 -0.000633930  0.000360312 -0.001995244 |         -0.2 | -0.000006818  0.000000607,  0.000006410 -0.000006310
MOVE:  028 | -0.000013460  0.000024478 -0.000004016 -0.000633930  0.000360312 -0.002015244 |         -0.2 | -0.000006740  0.000000608,  0.000006442 -0.000006323
CONST: 028 | 15 0.00017054 -0.000125522 -0.000109016 6.60702e-05 0.000485312 -0.00201524

ABS:   029 |  0.000116750 -0.000027904 -0.000125079 -0.002467611  0.001926186 -0.010010831 |          8.3 | -0.000012157  0.000063349,  0.000031249  0.000573350
DIFF:  029 | -0.000053790  0.000097618 -0.000016063 -0.002533682  0.001440874 -0.007995587 |         -0.3 | -0.000018877 -0.000000997,  0.000028852 -0.000008049
MOVE:  029 | -0.000067250  0.000122096 -0.000020079 -0.003167611  0.001801186 -0.010010831 |         -0.5 | -0.000025617 -0.000000389,  0.000035294 -0.000014372
CONST: 029 | 15 0.00011675 -2.79041e-05 -0.000125079 -0.00246761 0.00192619 -0.0100108

ABS:   030 |  0.000122114 -0.000037613 -0.000123475 -0.002214912  0.001782379 -0.009220857 |          8.4 | -0.000011482  0.000065112,  0.000027273  0.000576120
DIFF:  030 |  0.000005364 -0.000009709  0.000001604  0.000252699 -0.000143807  0.000789974 |          0.1 |  0.000000675  0.000001763, -0.000003976  0.000002770
MOVE:  030 | -0.000061886  0.000112387 -0.000018475 -0.002914912  0.001657379 -0.009220857 |         -0.4 | -0.000024942  0.000001374,  0.000031318 -0.000011601
CONST: 030 | 15 0.000122114 -3.76128e-05 -0.000123475 -0.00221491 0.00178238 -0.00922086

ABS:   031 | -0.000016534  0.000209007 -0.000165236 -0.008751981  0.005519207 -0.028427288 |          7.4 |  0.000006668  0.000067983,  0.000083522  0.000571551
DIFF:  031 | -0.000138648  0.000246620 -0.000041761 -0.006537069  0.003736828 -0.019206431 |         -1.0 |  0.000018150  0.000002871,  0.000056249 -0.000004569
MOVE:  031 | -0.000200534  0.000359007 -0.000060236 -0.009451981  0.005394207 -0.028427288 |         -1.4 | -0.000006792  0.000004245,  0.000087567 -0.000016171
CONST: 031 | 15 -1.65341e-05 0.000209007 -0.000165236 -0.00875198 0.00551921 -0.0284273

ABS:   032 |  0.000027016  0.000132784 -0.000152030 -0.006697074  0.004339742 -0.022740082 |          7.5 | -0.000005953  0.000062947,  0.000078559  0.000563801
DIFF:  032 |  0.000043550 -0.000076223  0.000013207  0.002054907 -0.001179465  0.005687206 |          0.1 | -0.000012621 -0.000005037, -0.000004963 -0.000007749
MOVE:  032 | -0.000156984  0.000282784 -0.000047030 -0.007397074  0.004214742 -0.022740082 |         -1.3 | -0.000019413 -0.000000792,  0.000082604 -0.000023920
CONST: 032 | 15 2.70159e-05 0.000132784 -0.00015203 -0.00669707 0.00433974 -0.0227401

ABS:   033 | -0.000016368  0.000209007 -0.000165236 -0.008751981  0.005519207 -0.028427288 |          7.5 |  0.000003584  0.000070035,  0.000083521  0.000571552
DIFF:  033 | -0.000043384  0.000076223 -0.000013207 -0.002054907  0.001179465 -0.005687206 |         -0.1 |  0.000009537  0.000007089,  0.000004962  0.000007750
MOVE:  033 | -0.000200368  0.000359007 -0.000060236 -0.009451981  0.005394207 -0.028427288 |         -1.3 | -0.000009876  0.000006297,  0.000087566 -0.000016170
CONST: 033 | 15 -1.63684e-05 0.000209007 -0.000165236 -0.00875198 0.00551921 -0.0284273

ABS:   034 | -0.000016700  0.000209007 -0.000165236 -0.008751981  0.005519207 -0.028427288 |          7.4 |  0.000006500  0.000067983,  0.000083523  0.000571550
DIFF:  034 | -0.000000331  0.000000000  0.000000000  0.000000000  0.000000000  0.000000000 |         -0.0 |  0.000002916 -0.000002052,  0.000000003 -0.000000002
MOVE:  034 | -0.000200700  0.000359007 -0.000060236 -0.009451981  0.005394207 -0.028427288 |         -1.4 | -0.000006960  0.000004245,  0.000087568 -0.000016172
CONST: 034 | 15 -1.66997e-05 0.000209007 -0.000165236 -0.00875198 0.00551921 -0.0284273

ABS:   035 | -0.000016517  0.000209007 -0.000165236 -0.008751981  0.005519207 -0.028427288 |          7.4 |  0.000006685  0.000067983,  0.000083522  0.000571551
DIFF:  035 |  0.000000182  0.000000000  0.000000000  0.000000000  0.000000000  0.000000000 |          0.0 |  0.000000184  0.000000000, -0.000000001  0.000000001
MOVE:  035 | -0.000200517  0.000359007 -0.000060236 -0.009451981  0.005394207 -0.028427288 |         -1.4 | -0.000006775  0.000004245,  0.000087567 -0.000016170
CONST: 035 | 15 -1.65175e-05 0.000209007 -0.000165236 -0.00875198 0.00551921 -0.0284273

ABS:   036 | -0.000016551  0.000209007 -0.000165236 -0.008751981  0.005519207 -0.028427288 |          7.4 |  0.000006651  0.000067983,  0.000083522  0.000571551
DIFF:  036 | -0.000000033  0.000000000  0.000000000  0.000000000  0.000000000  0.000000000 |         -0.0 | -0.000000034 -0.000000000,  0.000000000 -0.000000000
MOVE:  036 | -0.000200551  0.000359007 -0.000060236 -0.009451981  0.005394207 -0.028427288 |         -1.4 | -0.000006809  0.000004245,  0.000087567 -0.000016171
CONST: 036 | 15 -1.65506e-05 0.000209007 -0.000165236 -0.00875198 0.00551921 -0.0284273

ABS:   037 | -0.000016368  0.000209007 -0.000165236 -0.008751981  0.005519207 -0.028427288 |          7.5 |  0.000003584  0.000070035,  0.000083521  0.000571552
DIFF:  037 |  0.000000182  0.000000000  0.000000000  0.000000000  0.000000000  0.000000000 |          0.0 | -0.000003067  0.000002052, -0.000000001  0.000000001
MOVE:  037 | -0.000200368  0.000359007 -0.000060236 -0.009451981  0.005394207 -0.028427288 |         -1.3 | -0.000009876  0.000006297,  0.000087566 -0.000016170
CONST: 037 | 15 -1.63684e-05 0.000209007 -0.000165236 -0.00875198 0.00551921 -0.0284273

ABS:   038 | -0.000016700  0.000209007 -0.000165236 -0.008751981  0.005519207 -0.028427288 |          7.4 |  0.000006500  0.000067983,  0.000083523  0.000571550
DIFF:  038 | -0.000000331  0.000000000  0.000000000  0.000000000  0.000000000  0.000000000 |         -0.0 |  0.000002916 -0.000002052,  0.000000003 -0.000000002
MOVE:  038 | -0.000200700  0.000359007 -0.000060236 -0.009451981  0.005394207 -0.028427288 |         -1.4 | -0.000006960  0.000004245,  0.000087568 -0.000016172
CONST: 038 | 15 -1.66997e-05 0.000209007 -0.000165236 -0.00875198 0.00551921 -0.0284273

ABS:   039 | -0.000016534  0.000209231 -0.000165236 -0.008751981  0.005519207 -0.028427288 |          7.4 |  0.000006755  0.000067986,  0.000083502  0.000571598
DIFF:  039 |  0.000000166  0.000000224  0.000000000  0.000000000  0.000000000  0.000000000 |          0.0 |  0.000000254  0.000000003, -0.000000021  0.000000048
MOVE:  039 | -0.000200534  0.000359231 -0.000060236 -0.009451981  0.005394207 -0.028427288 |         -1.3 | -0.000006705  0.000004248,  0.000087547 -0.000016124
CONST: 039 | 15 -1.65341e-05 0.000209231 -0.000165236 -0.00875198 0.00551921 -0.0284273

ABS:   040 | -0.000016534  0.000208783 -0.000165236 -0.008751981  0.005519207 -0.028427288 |          7.4 |  0.000006581  0.000067980,  0.000083541  0.000571504
DIFF:  040 |  0.000000000 -0.000000448  0.000000000  0.000000000  0.000000000  0.000000000 |         -0.0 | -0.000000174 -0.000000006,  0.000000039 -0.000000094
MOVE:  040 | -0.000200534  0.000358783 -0.000060236 -0.009451981  0.005394207 -0.028427288 |         -1.4 | -0.000006879  0.000004242,  0.000087586 -0.000016217
CONST: 040 | 15 -1.65341e-05 0.000208783 -0.000165236 -0.00875198 0.00551921 -0.0284273

ABS:   041 | -0.000016534  0.000209007 -0.000164950 -0.008751981  0.005519207 -0.028427288 |          7.4 |  0.000006665  0.000067983,  0.000083236  0.000571550
DIFF:  041 |  0.000000000  0.000000224  0.000000286  0.000000000  0.000000000  0.000000000 |          0.0 |  0.000000084  0.000000003, -0.000000305  0.000000046
MOVE:  041 | -0.000200534  0.000359007 -0.000059950 -0.009451981  0.005394207 -0.028427288 |         -1.4 | -0.000006795  0.000004245,  0.000087281 -0.000016171
CONST: 041 | 15 -1.65341e-05 0.000209007 -0.00016495 -0.00875198 0.00551921 -0.0284273

ABS:   042 | -0.000016534  0.000209007 -0.000165522 -0.008751981  0.005519207 -0.028427288 |          7.4 |  0.000006671  0.000067983,  0.000083808  0.000571551
DIFF:  042 |  0.000000000  0.000000000 -0.000000572  0.000000000  0.000000000  0.000000000 |          0.0 |  0.000000005  0.000000000,  0.000000572  0.000000001
MOVE:  042 | -0.000200534  0.000359007 -0.000060522 -0.009451981  0.005394207 -0.028427288 |         -1.3 | -0.000006789  0.000004245,  0.000087853 -0.000016170
CONST: 042 | 15 -1.65341e-05 0.000209007 -0.000165522 -0.00875198 0.00551921 -0.0284273

ABS:   043 | -0.000016534  0.000209007 -0.000165236 -0.008746419  0.005519207 -0.028427288 |          7.4 |  0.000006721  0.000067981,  0.000083324  0.000571541
DIFF:  043 |  0.000000000  0.000000000  0.000000286  0.000005562  0.000000000  0.000000000 |         -0.0 |  0.000000050 -0.000000003, -0.000000484 -0.000000010
MOVE:  043 | -0.000200534  0.000359007 -0.000060236 -0.009446419  0.005394207 -0.028427288 |         -1.4 | -0.000006739  0.000004242,  0.000087369 -0.000016180
CONST: 043 | 15 -1.65341e-05 0.000209007 -0.000165236 -0.00874642 0.00551921 -0.0284273

ABS:   044 | -0.000016534  0.000209007 -0.000165236 -0.008757543  0.005519207 -0.028427288 |          7.4 |  0.000006615  0.000067986,  0.000083720  0.000571560
DIFF:  044 |  0.000000000  0.000000000  0.000000000 -0.000011125  0.000000000  0.000000000 |          0.0 | -0.000000106  0.000000005,  0.000000396  0.000000019
MOVE:  044 | -0.000200534  0.000359007 -0.000060236 -0.009457543  0.005394207 -0.028427288 |         -1.3 | -0.000006845  0.000004248,  0.000087765 -0.000016161
CONST: 044 | 15 -1.65341e-05 0.000209007 -0.000165236 -0.00875754 0.00551921 -0.0284273

ABS:   045 | -0.000016534  0.000209007 -0.000165236 -0.008751981  0.005523216 -0.028427288 |          7.4 |  0.000006580  0.000067987,  0.000083502  0.000571551
DIFF:  045 |  0.000000000  0.000000000  0.000000000  0.000005562  0.000004009  0.000000000 |         -0.0 | -0.000000035  0.000000001, -0.000000218 -0.000000009
MOVE:  045 | -0.000200534  0.000359007 -0.000060236 -0.009451981  0.005398216 -0.028427288 |         -1.4 | -0.000006880  0.000004249,  0.000087547 -0.000016170
CONST: 045 | 15 -1.65341e-05 0.000209007 -0.000165236 -0.00875198 0.00552322 -0.0284273

ABS:   046 | -0.000016534  0.000209007 -0.000165236 -0.008751981  0.005515199 -0.028427288 |          7.4 |  0.000006756  0.000067980,  0.000083542  0.000571551
DIFF:  046 |  0.000000000  0.000000000  0.000000000  0.000000000 -0.000008017  0.000000000 |          0.0 |  0.000000175 -0.000000007,  0.000000040 -0.000000000
MOVE:  046 | -0.000200534  0.000359007 -0.000060236 -0.009451981  0.005390199 -0.028427288 |         -1.4 | -0.000006704  0.000004241,  0.000087587 -0.000016171
CONST: 046 | 15 -1.65341e-05 0.000209007 -0.000165236 -0.00875198 0.0055152 -0.0284273

ABS:   047 | -0.000016534  0.000209007 -0.000165236 -0.008751981  0.005528999 -0.028427288 |          7.4 |  0.000006454  0.000067992,  0.000083474  0.000571551
DIFF:  047 |  0.000000000  0.000000000  0.000000000  0.000000000  0.000013800  0.000000000 |         -0.0 | -0.000000301  0.000000013, -0.000000068  0.000000000
MOVE:  047 | -0.000200534  0.000359007 -0.000060236 -0.009451981  0.005403999 -0.028427288 |         -1.4 | -0.000007006  0.000004254,  0.000087518 -0.000016170
CONST: 047 | 15 -1.65341e-05 0.000209007 -0.000165236 -0.00875198 0.005529 -0.0284273

ABS:   048 | -0.000016534  0.000209007 -0.000165236 -0.008751981  0.005509416 -0.028427288 |          7.4 |  0.000003824  0.000066258,  0.000083570  0.000571551
DIFF:  048 |  0.000000000  0.000000000  0.000000000  0.000000000 -0.000019583  0.000000000 |         -0.0 | -0.000002630 -0.000001735,  0.000000097 -0.000000000
MOVE:  048 | -0.000200534  0.000359007 -0.000060236 -0.009451981  0.005384416 -0.028427288 |         -1.4 | -0.000009636  0.000002519,  0.000087615 -0.000016171
CONST: 048 | 15 -1.65341e-05 0.000209007 -0.000165236 -0.00875198 0.00550942 -0.0284273

ABS:   049 | -0.000016534  0.000209007 -0.000165236 -0.008751981  0.005520187 -0.028427288 |          7.4 |  0.000006647  0.000067984,  0.000083517  0.000571551
DIFF:  049 |  0.000000000  0.000000000  0.000000000  0.000000000  0.000010771  0.000000000 |          0.0 |  0.000002823  0.000001727, -0.000000053  0.000000000
MOVE:  049 | -0.000200534  0.000359007 -0.000060236 -0.009451981  0.005395187 -0.028427288 |         -1.4 | -0.000006813  0.000004246,  0.000087562 -0.000016171
CONST: 049 | 15 -1.65341e-05 0.000209007 -0.000165236 -0.00875198 0.00552019 -0.0284273

ABS:   050 | -0.000016534  0.000209007 -0.000165236 -0.008751981  0.005518228 -0.028427288 |          7.4 |  0.000006689  0.000067983,  0.000083527  0.000571551
DIFF:  050 |  0.000000000  0.000000000  0.000000000  0.000000000 -0.000001958  0.000000000 |          0.0 |  0.000000043 -0.000000002,  0.000000010 -0.000000000
MOVE:  050 | -0.000200534  0.000359007 -0.000060236 -0.009451981  0.005393228 -0.028427288 |         -1.4 | -0.000006771  0.000004244,  0.000087572 -0.000016171
CONST: 050 | 15 -1.65341e-05 0.000209007 -0.000165236 -0.00875198 0.00551823 -0.0284273

ABS:   051 | -0.000016534  0.000209007 -0.000165236 -0.008751981  0.005519207 -0.028405638 |          7.4 |  0.000006568  0.000067978,  0.000083493  0.000571518
DIFF:  051 |  0.000000000  0.000000000  0.000000000  0.000000000  0.000000979  0.000021651 |         -0.0 | -0.000000121 -0.000000005, -0.000000034 -0.000000033
MOVE:  051 | -0.000200534  0.000359007 -0.000060236 -0.009451981  0.005394207 -0.028405638 |         -1.4 | -0.000006892  0.000004240,  0.000087538 -0.000016204
CONST: 051 | 15 -1.65341e-05 0.000209007 -0.000165236 -0.00875198 0.00551921 -0.0284056

ABS:   052 | -0.000016534  0.000209007 -0.000165236 -0.008751981  0.005519207 -0.028448931 |          7.4 |  0.000006768  0.000067989,  0.000083551  0.000571584
DIFF:  052 |  0.000000000  0.000000000  0.000000000  0.000000000  0.000000000 -0.000043293 |          0.0 |  0.000000200  0.000000011,  0.000000058  0.000000066
MOVE:  052 | -0.000200534  0.000359007 -0.000060236 -0.009451981  0.005394207 -0.028448931 |         -1.3 | -0.000006692  0.000004250,  0.000087596 -0.000016137
CONST: 052 | 15 -1.65341e-05 0.000209007 -0.000165236 -0.00875198 0.00551921 -0.0284489

ABS:   053 | -0.000016534  0.000209007 -0.000165236 -0.008751981  0.005519207 -0.028393094 |          7.4 |  0.000006510  0.000067975,  0.000083477  0.000571498
DIFF:  053 |  0.000000000  0.000000000  0.000000000  0.000000000  0.000000000  0.000055837 |         -0.0 | -0.000000258 -0.000000014, -0.000000074 -0.000000086
MOVE:  053 | -0.000200534  0.000359007 -0.000060236 -0.009451981  0.005394207 -0.028393094 |         -1.4 | -0.000006950  0.000004236,  0.000087521 -0.000016223
CONST: 053 | 15 -1.65341e-05 0.000209007 -0.000165236 -0.00875198 0.00551921 -0.0283931

ABS:   054 | -0.000016534  0.000209007 -0.000165236 -0.008751981  0.005519207 -0.028461463 |          7.5 |  0.000003575  0.000070042,  0.000083567  0.000571603
DIFF:  054 |  0.000000000  0.000000000  0.000000000  0.000000000  0.000000000 -0.000068369 |          0.0 | -0.000002935  0.000002067,  0.000000091  0.000000105
MOVE:  054 | -0.000200534  0.000359007 -0.000060236 -0.009451981  0.005394207 -0.028461463 |         -1.3 | -0.000009885  0.000006304,  0.000087612 -0.000016118
CONST: 054 | 15 -1.65341e-05 0.000209007 -0.000165236 -0.00875198 0.00551921 -0.0284615

ABS:   055 | -0.000016534  0.000209007 -0.000165236 -0.008751981  0.005519207 -0.028423870 |          7.4 |  0.000006652  0.000067983,  0.000083517  0.000571546
DIFF:  055 |  0.000000000  0.000000000  0.000000000  0.000000000  0.000000000  0.000037594 |         -0.0 |  0.000003077 -0.000002059, -0.000000050 -0.000000058
MOVE:  055 | -0.000200534  0.000359007 -0.000060236 -0.009451981  0.005394207 -0.028423870 |         -1.4 | -0.000006808  0.000004244,  0.000087562 -0.000016176
CONST: 055 | 15 -1.65341e-05 0.000209007 -0.000165236 -0.00875198 0.00551921 -0.0284239

ABS:   056 | -0.000016534  0.000209007 -0.000165236 -0.008751981  0.005519207 -0.028430707 |          7.4 |  0.000006684  0.000067984,  0.000083526  0.000571556
DIFF:  056 |  0.000000000  0.000000000  0.000000000  0.000000000  0.000000000 -0.000006837 |          0.0 |  0.000000032  0.000000002,  0.000000009  0.000000010
MOVE:  056 | -0.000200534  0.000359007 -0.000060236 -0.009451981  0.005394207 -0.028430707 |         -1.4 | -0.000006776  0.000004246,  0.000087571 -0.000016165
CONST: 056 | 15 -1.65341e-05 0.000209007 -0.000165236 -0.00875198 0.00551921 -0.0284307

ABS:   057 | -0.000088347  0.000322684 -0.000184252 -0.011921218  0.007371271 -0.036228425 |          7.7 | -0.000005331  0.000062507,  0.000106466  0.000595541
DIFF:  057 | -0.000071813  0.000113677 -0.000019016 -0.003169237  0.001852064 -0.007797718 |          0.3 | -0.000012015 -0.000005477,  0.000022940  0.000023985
MOVE:  057 | -0.000272347  0.000472684 -0.000079252 -0.012621218  0.007246271 -0.036228425 |         -1.1 | -0.000018791 -0.000001231,  0.000110511  0.000007820
CONST: 057 | 15 -8.83471e-05 0.000322684 -0.000184252 -0.0119212 0.00737127 -0.0362284

ABS:   058 | -0.000035581  0.000239582 -0.000170247 -0.009591558  0.006008096 -0.030613764 |          7.6 |  0.000005103  0.000066691,  0.000093760  0.000579761
DIFF:  058 |  0.000052767 -0.000083102  0.000014005  0.002329660 -0.001363175  0.005614661 |         -0.1 |  0.000010434  0.000004184, -0.000012706 -0.000015781
MOVE:  058 | -0.000219581  0.000389582 -0.000065247 -0.010291558  0.005883096 -0.030613764 |         -1.2 | -0.000008357  0.000002953,  0.000097805 -0.000007961
CONST: 058 | 15 -3.55806e-05 0.000239582 -0.000170247 -0.00959156 0.0060081 -0.0306138

ABS:   059 | -0.000019627  0.000213991 -0.000166048 -0.008888269  0.005598491 -0.028787550 |          7.5 |  0.000004180  0.000068198,  0.000083649  0.000572877
DIFF:  059 |  0.000015954 -0.000025592  0.000004199  0.000703289 -0.000409605  0.001826214 |         -0.2 | -0.000000924  0.000001507, -0.000010112 -0.000006884
MOVE:  059 | -0.000203627  0.000363991 -0.000061048 -0.009588269  0.005473491 -0.028787550 |         -1.3 | -0.000009280  0.000004460,  0.000087694 -0.000014844
CONST: 059 | 15 -1.96268e-05 0.000213991 -0.000166048 -0.00888827 0.00559849 -0.0287876

ABS:   060 | -0.000017140  0.000209985 -0.000165395 -0.008778694  0.005534745 -0.028498058 |          7.5 |  0.000006170  0.000068041,  0.000084568  0.000571908
DIFF:  060 |  0.000002487 -0.000004006  0.000000653  0.000109575 -0.000063747  0.000289492 |         -0.0 |  0.000001990 -0.000000157,  0.000000920 -0.000000969
MOVE:  060 | -0.000201140  0.000359985 -0.000060395 -0.009478694  0.005409745 -0.028498058 |         -1.3 | -0.000007290  0.000004303,  0.000088613 -0.000015813
CONST: 060 | 15 -1.71403e-05 0.000209985 -0.000165395 -0.00877869 0.00553474 -0.0284981

ABS:   061 | -0.000016588  0.000209094 -0.000165250 -0.008754348  0.005520584 -0.028433561 |          7.4 |  0.000006624  0.000067988,  0.000083615  0.000571582
DIFF:  061 |  0.000000552 -0.000000891  0.000000145  0.000024346 -0.000014161  0.000064497 |         -0.0 |  0.000000454 -0.000000053, -0.000000954 -0.000000326
MOVE:  061 | -0.000200588  0.000359094 -0.000060250 -0.009454348  0.005395584 -0.028433561 |         -1.3 | -0.000006836  0.000004250,  0.000087660 -0.000016139
CONST: 061 | 15 -1.65878e-05 0.000209094 -0.00016525 -0.00875435 0.00552058 -0.0284336

ABS:   062 | -0.000016539  0.000209015 -0.000165237 -0.008752192  0.005519330 -0.028427847 |          7.4 |  0.000006664  0.000067984,  0.000083530  0.000571554
DIFF:  062 |  0.000000049 -0.000000079  0.000000013  0.000002156 -0.000001254  0.000005714 |         -0.0 |  0.000000040 -0.000000005, -0.000000084 -0.000000029
MOVE:  062 | -0.000200539  0.000359015 -0.000060237 -0.009452192  0.005394330 -0.028427847 |         -1.4 | -0.000006796  0.000004245,  0.000087575 -0.000016168
CONST: 062 | 15 -1.65388e-05 0.000209015 -0.000165237 -0.00875219 0.00551933 -0.0284278

ABS:   063 | -0.000016534  0.000209008 -0.000165236 -0.008752000  0.005519218 -0.028427338 |          7.4 |  0.000006668  0.000067983,  0.000083523  0.000571551
DIFF:  063 |  0.000000004 -0.000000007  0.000000001  0.000000192 -0.000000112  0.000000509 |         -0.0 |  0.000000004 -0.000000000, -0.000000008 -0.000000003
MOVE:  063 | -0.000200534  0.000359008 -0.000060236 -0.009452000  0.005394218 -0.028427338 |         -1.4 | -0.000006792  0.000004245,  0.000087568 -0.000016170
CONST: 063 | 15 -1.65345e-05 0.000209008 -0.000165236 -0.008752 0.00551922 -0.0284273

ABS:   064 | -0.000016534  0.000209007 -0.000165236 -0.008751983  0.005519208 -0.028427293 |          7.4 |  0.000006668  0.000067983,  0.000083522  0.000571551
DIFF:  064 |  0.000000000 -0.000000001  0.000000000  0.000000017 -0.000000010  0.000000045 |         -0.0 |  0.000000000 -0.000000000, -0.000000001 -0.000000000
MOVE:  064 | -0.000200534  0.000359007 -0.000060236 -0.009451983  0.005394208 -0.028427293 |         -1.4 | -0.000006792  0.000004245,  0.000087567 -0.000016171
CONST: 064 | 15 -1.65341e-05 0.000209007 -0.000165236 -0.00875198 0.00551921 -0.0284273

ABS:   065 | -0.000016534  0.000209007 -0.000165236 -0.008751981  0.005519207 -0.028427288 |          7.4 |  0.000006668  0.000067983,  0.000083522  0.000571551
DIFF:  065 |  0.000000000 -0.000000000  0.000000000  0.000000002 -0.000000001  0.000000004 |         -0.0 |  0.000000000 -0.000000000, -0.000000000 -0.000000000
MOVE:  065 | -0.000200534  0.000359007 -0.000060236 -0.009451981  0.005394207 -0.028427288 |         -1.4 | -0.000006792  0.000004245,  0.000087567 -0.000016171
CONST: 065 | 15 -1.65341e-05 0.000209007 -0.000165236 -0.00875198 0.00551921 -0.0284273

