ABS:   itr |       deltaX       deltaY       deltaZ         phiX         phiY         phiZ |        chisq |    rphi mean     rphi rms,       z mean        z rms
ABS:   =========================================================================================================================================================
DIFF:  itr |       deltaX       deltaY       deltaZ         phiX         phiY         phiZ |        chisq |    rphi mean     rphi rms,       z mean        z rms
DIFF:  =========================================================================================================================================================
MOVE:  itr |       deltaX       deltaY       deltaZ         phiX         phiY         phiZ |        chisq |    rphi mean     rphi rms,       z mean        z rms
MOVE:  =========================================================================================================================================================
ABS:   001 | -0.000019000  0.000085000 -0.000141000  0.000000000 -0.000567000  0.000000000 |         27.1 |  0.000026265  0.000068658,  0.000018544  0.000563402
CONST: 001 | 12 -1.9e-05 8.5e-05 -0.000141 0 -0.000567 0

ABS:   001 | -0.000019000  0.000085000 -0.000141000  0.000000000 -0.000567000  0.000000000 |         27.1 |  0.000026265  0.000068658,  0.000018544  0.000563402
CONST: 001 | 12 -1.9e-05 8.5e-05 -0.000141 0 -0.000567 0

ABS:   002 | -0.000018900  0.000085000 -0.000141000  0.000000000 -0.000567000  0.000000000 |         27.1 |  0.000026365  0.000068658,  0.000018544  0.000563402
DIFF:  002 |  0.000000100  0.000000000 -0.000000000  0.000000000  0.000000000  0.000000000 |          0.0 |  0.000000100 -0.000000000,  0.000000000 -0.000000000
MOVE:  002 |  0.000000100  0.000000000 -0.000000000  0.000000000  0.000000000  0.000000000 |          0.0 |  0.000000100 -0.000000000,  0.000000000 -0.000000000
CONST: 002 | 12 -1.89e-05 8.5e-05 -0.000141 0 -0.000567 0

ABS:   003 | -0.000019100  0.000085000 -0.000141000  0.000000000 -0.000567000  0.000000000 |         27.1 |  0.000026165  0.000068658,  0.000018543  0.000563402
DIFF:  003 | -0.000000200  0.000000000  0.000000000  0.000000000  0.000000000  0.000000000 |         -0.0 | -0.000000200 -0.000000000, -0.000000000  0.000000000
MOVE:  003 | -0.000000100  0.000000000 -0.000000000  0.000000000  0.000000000  0.000000000 |         -0.0 | -0.000000100 -0.000000000, -0.000000000  0.000000000
CONST: 003 | 12 -1.91e-05 8.5e-05 -0.000141 0 -0.000567 0

ABS:   004 | -0.000018158  0.000085000 -0.000141000  0.000000000 -0.000567000  0.000000000 |         27.1 |  0.000027106  0.000068658,  0.000018544  0.000563402
DIFF:  004 |  0.000000942  0.000000000  0.000000000  0.000000000  0.000000000  0.000000000 |          0.0 |  0.000000942  0.000000000,  0.000000001 -0.000000000
MOVE:  004 |  0.000000842  0.000000000 -0.000000000  0.000000000  0.000000000  0.000000000 |          0.0 |  0.000000842  0.000000000,  0.000000000 -0.000000000
CONST: 004 | 12 -1.81585e-05 8.5e-05 -0.000141 0 -0.000567 0

ABS:   005 | -0.000019842  0.000085000 -0.000141000  0.000000000 -0.000567000  0.000000000 |         27.1 |  0.000025423  0.000068658,  0.000018543  0.000563402
DIFF:  005 | -0.000001683  0.000000000  0.000000000  0.000000000  0.000000000  0.000000000 |         -0.0 | -0.000001683 -0.000000000, -0.000000001  0.000000000
MOVE:  005 | -0.000000842  0.000000000 -0.000000000  0.000000000  0.000000000  0.000000000 |         -0.0 | -0.000000842 -0.000000000, -0.000000000  0.000000000
CONST: 005 | 12 -1.98415e-05 8.5e-05 -0.000141 0 -0.000567 0

ABS:   006 | -0.000019000  0.000085100 -0.000141000  0.000000000 -0.000567000  0.000000000 |         27.1 |  0.000026312  0.000068658,  0.000018108  0.000563079
DIFF:  006 |  0.000000842  0.000000100  0.000000000  0.000000000  0.000000000  0.000000000 |         -0.0 |  0.000000889  0.000000000, -0.000000435 -0.000000323
MOVE:  006 |  0.000000000  0.000000100 -0.000000000  0.000000000  0.000000000  0.000000000 |         -0.0 |  0.000000048  0.000000000, -0.000000436 -0.000000323
CONST: 006 | 12 -1.9e-05 8.51e-05 -0.000141 0 -0.000567 0

ABS:   007 | -0.000019000  0.000084900 -0.000141000  0.000000000 -0.000567000  0.000000000 |         27.1 |  0.000026217  0.000068657,  0.000018527  0.000563409
DIFF:  007 |  0.000000000 -0.000000200  0.000000000  0.000000000  0.000000000  0.000000000 |          0.0 | -0.000000096 -0.000000001,  0.000000419  0.000000331
MOVE:  007 |  0.000000000 -0.000000100 -0.000000000  0.000000000  0.000000000  0.000000000 |          0.0 | -0.000000048 -0.000000000, -0.000000017  0.000000007
CONST: 007 | 12 -1.9e-05 8.49e-05 -0.000141 0 -0.000567 0

ABS:   008 | -0.000019000  0.000085010 -0.000141000  0.000000000 -0.000567000  0.000000000 |         27.1 |  0.000026269  0.000068658,  0.000018093  0.000563085
DIFF:  008 |  0.000000000  0.000000110  0.000000000  0.000000000  0.000000000  0.000000000 |         -0.0 |  0.000000053  0.000000001, -0.000000434 -0.000000324
MOVE:  008 |  0.000000000  0.000000010 -0.000000000  0.000000000  0.000000000  0.000000000 |         -0.0 |  0.000000005  0.000000000, -0.000000450 -0.000000317
CONST: 008 | 12 -1.9e-05 8.501e-05 -0.000141 0 -0.000567 0

ABS:   009 | -0.000019000  0.000084990 -0.000141000  0.000000000 -0.000567000  0.000000000 |         27.1 |  0.000026260  0.000068658,  0.000018542  0.000563403
DIFF:  009 |  0.000000000 -0.000000020  0.000000000  0.000000000  0.000000000  0.000000000 |          0.0 | -0.000000010 -0.000000000,  0.000000449  0.000000318
MOVE:  009 |  0.000000000 -0.000000010 -0.000000000  0.000000000  0.000000000  0.000000000 |          0.0 | -0.000000005 -0.000000000, -0.000000002  0.000000001
CONST: 009 | 12 -1.9e-05 8.499e-05 -0.000141 0 -0.000567 0

ABS:   010 | -0.000019000  0.000085001 -0.000141000  0.000000000 -0.000567000  0.000000000 |         27.1 |  0.000026265  0.000068658,  0.000018544  0.000563402
DIFF:  010 |  0.000000000  0.000000011  0.000000000  0.000000000  0.000000000  0.000000000 |         -0.0 |  0.000000005  0.000000000,  0.000000002 -0.000000001
MOVE:  010 |  0.000000000  0.000000001 -0.000000000  0.000000000  0.000000000  0.000000000 |         -0.0 |  0.000000000  0.000000000,  0.000000000 -0.000000000
CONST: 010 | 12 -1.9e-05 8.5001e-05 -0.000141 0 -0.000567 0

ABS:   011 | -0.000019000  0.000084999 -0.000141000  0.000000000 -0.000567000  0.000000000 |         27.1 |  0.000026264  0.000068658,  0.000018543  0.000563402
DIFF:  011 |  0.000000000 -0.000000002  0.000000000  0.000000000  0.000000000  0.000000000 |          0.0 | -0.000000001 -0.000000000, -0.000000000  0.000000000
MOVE:  011 |  0.000000000 -0.000000001 -0.000000000  0.000000000  0.000000000  0.000000000 |          0.0 | -0.000000000 -0.000000000, -0.000000000  0.000000000
CONST: 011 | 12 -1.9e-05 8.4999e-05 -0.000141 0 -0.000567 0

ABS:   012 | -0.000019000  0.000085000 -0.000135998  0.000000000 -0.000567000  0.000000000 |         27.1 |  0.000026267  0.000068658,  0.000016301  0.000563314
DIFF:  012 |  0.000000000  0.000000001  0.000005002  0.000000000  0.000000000  0.000000000 |         -0.0 |  0.000000003  0.000000000, -0.000002242 -0.000000088
MOVE:  012 |  0.000000000  0.000000000  0.000005002  0.000000000  0.000000000  0.000000000 |         -0.0 |  0.000000003 -0.000000000, -0.000002242 -0.000000088
CONST: 012 | 12 -1.9e-05 8.5e-05 -0.000135998 0 -0.000567 0

ABS:   013 | -0.000019000  0.000085000 -0.000146002  0.000000000 -0.000567000  0.000000000 |         27.1 |  0.000026262  0.000068658,  0.000021705  0.000563466
DIFF:  013 |  0.000000000  0.000000000 -0.000010004  0.000000000  0.000000000  0.000000000 |          0.0 | -0.000000006  0.000000000,  0.000005404  0.000000152
MOVE:  013 |  0.000000000  0.000000000 -0.000005002  0.000000000  0.000000000  0.000000000 |          0.0 | -0.000000003  0.000000000,  0.000003161  0.000000063
CONST: 013 | 12 -1.9e-05 8.5e-05 -0.000146002 0 -0.000567 0

ABS:   014 | -0.000019000  0.000085000 -0.000140500  0.000000000 -0.000567000  0.000000000 |         27.1 |  0.000026265  0.000068658,  0.000018963  0.000563372
DIFF:  014 |  0.000000000  0.000000000  0.000005502  0.000000000  0.000000000  0.000000000 |         -0.0 |  0.000000003 -0.000000000, -0.000002742 -0.000000094
MOVE:  014 |  0.000000000  0.000000000  0.000000500  0.000000000  0.000000000  0.000000000 |         -0.0 |  0.000000000 -0.000000000,  0.000000419 -0.000000030
CONST: 014 | 12 -1.9e-05 8.5e-05 -0.0001405 0 -0.000567 0

ABS:   015 | -0.000019000  0.000085000 -0.000141500  0.000000000 -0.000567000  0.000000000 |         27.1 |  0.000026264  0.000068658,  0.000018592  0.000563086
DIFF:  015 |  0.000000000  0.000000000 -0.000001000  0.000000000  0.000000000  0.000000000 |         -0.0 | -0.000000001  0.000000000, -0.000000371 -0.000000286
MOVE:  015 |  0.000000000  0.000000000 -0.000000500  0.000000000  0.000000000  0.000000000 |         -0.0 | -0.000000000  0.000000000,  0.000000048 -0.000000316
CONST: 015 | 12 -1.9e-05 8.5e-05 -0.0001415 0 -0.000567 0

ABS:   016 | -0.000019000  0.000085000 -0.000140950  0.000000000 -0.000567000  0.000000000 |         27.1 |  0.000026265  0.000068658,  0.000018494  0.000563402
DIFF:  016 |  0.000000000  0.000000000  0.000000550  0.000000000  0.000000000  0.000000000 |          0.0 |  0.000000000 -0.000000000, -0.000000098  0.000000316
MOVE:  016 |  0.000000000  0.000000000  0.000000050  0.000000000  0.000000000  0.000000000 |         -0.0 |  0.000000000 -0.000000000, -0.000000050  0.000000000
CONST: 016 | 12 -1.9e-05 8.5e-05 -0.00014095 0 -0.000567 0

ABS:   017 | -0.000019000  0.000085000 -0.000141050  0.000000000 -0.000567000  0.000000000 |         27.1 |  0.000026265  0.000068658,  0.000018141  0.000563086
DIFF:  017 |  0.000000000  0.000000000 -0.000000100  0.000000000  0.000000000  0.000000000 |         -0.0 | -0.000000000  0.000000000, -0.000000352 -0.000000316
MOVE:  017 |  0.000000000  0.000000000 -0.000000050  0.000000000  0.000000000  0.000000000 |         -0.0 | -0.000000000 -0.000000000, -0.000000402 -0.000000316
CONST: 017 | 12 -1.9e-05 8.5e-05 -0.00014105 0 -0.000567 0

ABS:   018 | -0.000019000  0.000085000 -0.000141000  0.000004000 -0.000567000  0.000000000 |         27.1 |  0.000026306  0.000068641,  0.000018417  0.000563401
DIFF:  018 |  0.000000000  0.000000000  0.000000050  0.000004000  0.000000000  0.000000000 |          0.0 |  0.000000042 -0.000000016,  0.000000275  0.000000315
MOVE:  018 |  0.000000000  0.000000000 -0.000000000  0.000004000  0.000000000  0.000000000 |         -0.0 |  0.000000042 -0.000000016, -0.000000127 -0.000000002
CONST: 018 | 12 -1.9e-05 8.5e-05 -0.000141 4.00004e-06 -0.000567 0

ABS:   019 | -0.000019000  0.000085000 -0.000141000 -0.000004000 -0.000567000  0.000000000 |         27.1 |  0.000026223  0.000068674,  0.000018218  0.000563088
DIFF:  019 |  0.000000000  0.000000000  0.000000000 -0.000008000  0.000000000  0.000000000 |         -0.0 | -0.000000084  0.000000033, -0.000000198 -0.000000313
MOVE:  019 |  0.000000000  0.000000000 -0.000000000 -0.000004000  0.000000000  0.000000000 |         -0.0 | -0.000000042  0.000000016, -0.000000325 -0.000000314
CONST: 019 | 12 -1.9e-05 8.5e-05 -0.000141 -4.00004e-06 -0.000567 0

ABS:   020 | -0.000019000  0.000085000 -0.000141000  0.000000000 -0.000556999  0.000000000 |         27.1 |  0.000026038  0.000068743,  0.000018136  0.000563081
DIFF:  020 |  0.000000000  0.000000000  0.000000000  0.000004000  0.000010001  0.000000000 |         -0.0 | -0.000000185  0.000000069, -0.000000083 -0.000000007
MOVE:  020 |  0.000000000  0.000000000 -0.000000000  0.000000000  0.000010001  0.000000000 |         -0.0 | -0.000000227  0.000000085, -0.000000408 -0.000000321
CONST: 020 | 12 -1.9e-05 8.5e-05 -0.000141 0 -0.000556999 0

ABS:   021 | -0.000019000  0.000085000 -0.000141000  0.000000000 -0.000577001  0.000000000 |         27.1 |  0.000026491  0.000068574,  0.000018499  0.000563407
DIFF:  021 |  0.000000000  0.000000000  0.000000000  0.000000000 -0.000020001  0.000000000 |          0.0 |  0.000000454 -0.000000169,  0.000000364  0.000000326
MOVE:  021 |  0.000000000  0.000000000 -0.000000000  0.000000000 -0.000010001  0.000000000 |          0.0 |  0.000000227 -0.000000084, -0.000000044  0.000000005
CONST: 021 | 12 -1.9e-05 8.5e-05 -0.000141 0 -0.000577001 0

ABS:   022 | -0.000019000  0.000085000 -0.000141000  0.000000000 -0.000566000  0.000000000 |         27.1 |  0.000026242  0.000068666,  0.000018096  0.000563086
DIFF:  022 |  0.000000000  0.000000000  0.000000000  0.000000000  0.000011001  0.000000000 |         -0.0 | -0.000000250  0.000000092, -0.000000404 -0.000000322
MOVE:  022 |  0.000000000  0.000000000 -0.000000000  0.000000000  0.000001000  0.000000000 |         -0.0 | -0.000000023  0.000000008, -0.000000448 -0.000000317
CONST: 022 | 12 -1.9e-05 8.5e-05 -0.000141 0 -0.000566 0

ABS:   023 | -0.000019000  0.000085000 -0.000141000  0.000000000 -0.000568000  0.000000000 |         27.1 |  0.000026287  0.000068649,  0.000018539  0.000563403
DIFF:  023 |  0.000000000  0.000000000  0.000000000  0.000000000 -0.000002000  0.000000000 |          0.0 |  0.000000045 -0.000000017,  0.000000443  0.000000317
MOVE:  023 |  0.000000000  0.000000000 -0.000000000  0.000000000 -0.000001000  0.000000000 |          0.0 |  0.000000023 -0.000000008, -0.000000004  0.000000000
CONST: 023 | 12 -1.9e-05 8.5e-05 -0.000141 0 -0.000568 0

ABS:   024 | -0.000019000  0.000085000 -0.000141000  0.000000000 -0.000566900  0.000000000 |         27.1 |  0.000026262  0.000068658,  0.000018544  0.000563402
DIFF:  024 |  0.000000000  0.000000000  0.000000000  0.000000000  0.000001100  0.000000000 |         -0.0 | -0.000000025  0.000000009,  0.000000005 -0.000000001
MOVE:  024 |  0.000000000  0.000000000 -0.000000000  0.000000000  0.000000100  0.000000000 |         -0.0 | -0.000000002  0.000000001,  0.000000000 -0.000000000
CONST: 024 | 12 -1.9e-05 8.5e-05 -0.000141 0 -0.0005669 0

ABS:   025 | -0.000019000  0.000085000 -0.000141000  0.000000000 -0.000567100  0.000000000 |         27.1 |  0.000026267  0.000068657,  0.000018543  0.000563402
DIFF:  025 |  0.000000000  0.000000000  0.000000000  0.000000000 -0.000000200  0.000000000 |          0.0 |  0.000000005 -0.000000002, -0.000000001  0.000000000
MOVE:  025 |  0.000000000  0.000000000 -0.000000000  0.000000000 -0.000000100  0.000000000 |          0.0 |  0.000000002 -0.000000001, -0.000000000  0.000000000
CONST: 025 | 12 -1.9e-05 8.5e-05 -0.000141 0 -0.0005671 0

ABS:   026 | -0.000019000  0.000085000 -0.000141000  0.000000000 -0.000567000  0.000002000 |         27.1 |  0.000026253  0.000068657,  0.000018092  0.000563085
DIFF:  026 |  0.000000000  0.000000000  0.000000000  0.000000000  0.000000100  0.000002000 |         -0.0 | -0.000000013  0.000000001, -0.000000451 -0.000000318
MOVE:  026 |  0.000000000  0.000000000 -0.000000000  0.000000000  0.000000000  0.000002000 |         -0.0 | -0.000000011 -0.000000000, -0.000000451 -0.000000318
CONST: 026 | 12 -1.9e-05 8.5e-05 -0.000141 0 -0.000567 2.00001e-06

ABS:   027 | -0.000019000  0.000085000 -0.000141000  0.000000000 -0.000567000 -0.000002000 |         27.1 |  0.000026276  0.000068658,  0.000018543  0.000563404
DIFF:  027 |  0.000000000  0.000000000  0.000000000  0.000000000  0.000000000 -0.000004000 |          0.0 |  0.000000022  0.000000001,  0.000000451  0.000000319
MOVE:  027 |  0.000000000  0.000000000 -0.000000000  0.000000000  0.000000000 -0.000002000 |          0.0 |  0.000000011  0.000000000, -0.000000001  0.000000001
CONST: 027 | 12 -1.9e-05 8.5e-05 -0.000141 0 -0.000567 -2.00001e-06

ABS:   028 | -0.000019000  0.000085000 -0.000141000  0.000000000 -0.000567000  0.000000200 |         27.1 |  0.000026263  0.000068658,  0.000018544  0.000563402
DIFF:  028 |  0.000000000  0.000000000  0.000000000  0.000000000  0.000000000  0.000002200 |         -0.0 | -0.000000012 -0.000000000,  0.000000001 -0.000000002
MOVE:  028 |  0.000000000  0.000000000 -0.000000000  0.000000000  0.000000000  0.000000200 |         -0.0 | -0.000000001 -0.000000000,  0.000000000 -0.000000000
CONST: 028 | 12 -1.9e-05 8.5e-05 -0.000141 0 -0.000567 2.00001e-07

ABS:   029 | -0.000019000  0.000085000 -0.000141000  0.000000000 -0.000567000 -0.000000200 |         27.1 |  0.000026266  0.000068658,  0.000018543  0.000563403
DIFF:  029 |  0.000000000  0.000000000  0.000000000  0.000000000  0.000000000 -0.000000400 |          0.0 |  0.000000002  0.000000000, -0.000000000  0.000000000
MOVE:  029 |  0.000000000  0.000000000 -0.000000000  0.000000000  0.000000000 -0.000000200 |          0.0 |  0.000000001  0.000000000, -0.000000000  0.000000000
CONST: 029 | 12 -1.9e-05 8.5e-05 -0.000141 0 -0.000567 -2.00001e-07

ABS:   030 | -0.000019000  0.000085000 -0.000141000  0.000000000 -0.000567000  0.000002000 |         27.1 |  0.000026253  0.000068657,  0.000018092  0.000563085
DIFF:  030 |  0.000000000  0.000000000  0.000000000  0.000000000  0.000000000  0.000002200 |         -0.0 | -0.000000012 -0.000000000, -0.000000451 -0.000000318
MOVE:  030 |  0.000000000  0.000000000 -0.000000000  0.000000000  0.000000000  0.000002000 |         -0.0 | -0.000000011 -0.000000000, -0.000000451 -0.000000318
CONST: 030 | 12 -1.9e-05 8.5e-05 -0.000141 0 -0.000567 2.00001e-06

ABS:   031 | -0.000019000  0.000085000 -0.000141000  0.000000000 -0.000567000 -0.000002000 |         27.1 |  0.000026276  0.000068658,  0.000018543  0.000563404
DIFF:  031 |  0.000000000  0.000000000  0.000000000  0.000000000  0.000000000 -0.000004000 |          0.0 |  0.000000022  0.000000001,  0.000000451  0.000000319
MOVE:  031 |  0.000000000  0.000000000 -0.000000000  0.000000000  0.000000000 -0.000002000 |          0.0 |  0.000000011  0.000000000, -0.000000001  0.000000001
CONST: 031 | 12 -1.9e-05 8.5e-05 -0.000141 0 -0.000567 -2.00001e-06

ABS:   032 | -0.000019000  0.000085000 -0.000141050  0.000000000 -0.000567000  0.000000000 |         27.1 |  0.000026265  0.000068658,  0.000018141  0.000563086
DIFF:  032 |  0.000000000  0.000000000 -0.000000050  0.000000000  0.000000000  0.000002000 |         -0.0 | -0.000000011 -0.000000000, -0.000000401 -0.000000318
MOVE:  032 |  0.000000000  0.000000000 -0.000000050  0.000000000  0.000000000  0.000000000 |         -0.0 | -0.000000000 -0.000000000, -0.000000402 -0.000000316
CONST: 032 | 12 -1.9e-05 8.5e-05 -0.00014105 0 -0.000567 0

ABS:   033 | -0.000019000  0.000085000 -0.000141250  0.000000000 -0.000567000  0.000000000 |         27.1 |  0.000026264  0.000068658,  0.000018342  0.000563086
DIFF:  033 |  0.000000000  0.000000000 -0.000000200  0.000000000  0.000000000  0.000000000 |          0.0 | -0.000000000 -0.000000000,  0.000000200  0.000000000
MOVE:  033 |  0.000000000  0.000000000 -0.000000250  0.000000000  0.000000000  0.000000000 |         -0.0 | -0.000000000 -0.000000000, -0.000000202 -0.000000316
CONST: 033 | 12 -1.9e-05 8.5e-05 -0.00014125 0 -0.000567 0

ABS:   034 | -0.000019000  0.000085000 -0.000141150  0.000000000 -0.000567000  0.000000000 |         27.1 |  0.000026264  0.000068658,  0.000018241  0.000563086
DIFF:  034 |  0.000000000  0.000000000  0.000000100  0.000000000  0.000000000  0.000000000 |         -0.0 |  0.000000000  0.000000000, -0.000000100 -0.000000000
MOVE:  034 |  0.000000000  0.000000000 -0.000000150  0.000000000  0.000000000  0.000000000 |         -0.0 | -0.000000000  0.000000000, -0.000000303 -0.000000316
CONST: 034 | 12 -1.9e-05 8.5e-05 -0.00014115 0 -0.000567 0

ABS:   035 | -0.000019000  0.000085000 -0.000140800  0.000000000 -0.000567000  0.000000000 |         27.1 |  0.000026265  0.000068658,  0.000018343  0.000563402
DIFF:  035 |  0.000000000  0.000000000  0.000000350  0.000000000  0.000000000  0.000000000 |          0.0 |  0.000000000 -0.000000000,  0.000000102  0.000000316
MOVE:  035 |  0.000000000  0.000000000  0.000000200  0.000000000  0.000000000  0.000000000 |         -0.0 |  0.000000000  0.000000000, -0.000000200  0.000000000
CONST: 035 | 12 -1.9e-05 8.5e-05 -0.0001408 0 -0.000567 0

ABS:   036 | -0.000019000  0.000085000 -0.000140925  0.000000000 -0.000567000  0.000000000 |         27.1 |  0.000026265  0.000068658,  0.000018469  0.000563402
DIFF:  036 |  0.000000000  0.000000000 -0.000000125  0.000000000  0.000000000  0.000000000 |          0.0 | -0.000000000 -0.000000000,  0.000000125 -0.000000000
MOVE:  036 |  0.000000000  0.000000000  0.000000075  0.000000000  0.000000000  0.000000000 |         -0.0 |  0.000000000 -0.000000000, -0.000000075 -0.000000000
CONST: 036 | 12 -1.9e-05 8.5e-05 -0.000140925 0 -0.000567 0

ABS:   037 | -0.000019000  0.000085000 -0.000140987  0.000000000 -0.000567000  0.000000000 |         27.1 |  0.000026265  0.000068658,  0.000018531  0.000563402
DIFF:  037 |  0.000000000  0.000000000 -0.000000063  0.000000000  0.000000000  0.000000000 |          0.0 | -0.000000000  0.000000000,  0.000000063 -0.000000000
MOVE:  037 |  0.000000000  0.000000000  0.000000013  0.000000000  0.000000000  0.000000000 |         -0.0 |  0.000000000  0.000000000, -0.000000013 -0.000000000
CONST: 037 | 12 -1.9e-05 8.5e-05 -0.000140987 0 -0.000567 0

ABS:   038 | -0.000019000  0.000085000 -0.000141019  0.000000000 -0.000567000  0.000000000 |         27.1 |  0.000026265  0.000068658,  0.000018110  0.000563086
DIFF:  038 |  0.000000000  0.000000000 -0.000000031  0.000000000  0.000000000  0.000000000 |         -0.0 | -0.000000000  0.000000000, -0.000000421 -0.000000316
MOVE:  038 |  0.000000000  0.000000000 -0.000000019  0.000000000  0.000000000  0.000000000 |         -0.0 | -0.000000000  0.000000000, -0.000000433 -0.000000316
CONST: 038 | 12 -1.9e-05 8.5e-05 -0.000141019 0 -0.000567 0

ABS:   039 | -0.000019000  0.000085000 -0.000140990  0.000000000 -0.000567000  0.000000000 |         27.1 |  0.000026265  0.000068658,  0.000018534  0.000563402
DIFF:  039 |  0.000000000  0.000000000  0.000000029  0.000000000  0.000000000  0.000000000 |          0.0 |  0.000000000 -0.000000000,  0.000000423  0.000000316
MOVE:  039 |  0.000000000  0.000000000  0.000000010  0.000000000  0.000000000  0.000000000 |         -0.0 |  0.000000000 -0.000000000, -0.000000010  0.000000000
CONST: 039 | 12 -1.9e-05 8.5e-05 -0.00014099 0 -0.000567 0

ABS:   040 | -0.000019000  0.000085000 -0.000141004  0.000000000 -0.000567000  0.000000000 |         27.1 |  0.000026265  0.000068658,  0.000018096  0.000563086
DIFF:  040 |  0.000000000  0.000000000 -0.000000014  0.000000000  0.000000000  0.000000000 |         -0.0 | -0.000000000  0.000000000, -0.000000438 -0.000000316
MOVE:  040 |  0.000000000  0.000000000 -0.000000004  0.000000000  0.000000000  0.000000000 |         -0.0 | -0.000000000 -0.000000000, -0.000000448 -0.000000316
CONST: 040 | 12 -1.9e-05 8.5e-05 -0.000141004 0 -0.000567 0

ABS:   041 | -0.000019000  0.000085000 -0.000140992  0.000000000 -0.000567000  0.000000000 |         27.1 |  0.000026265  0.000068658,  0.000018536  0.000563402
DIFF:  041 |  0.000000000  0.000000000  0.000000012  0.000000000  0.000000000  0.000000000 |          0.0 |  0.000000000  0.000000000,  0.000000440  0.000000316
MOVE:  041 |  0.000000000  0.000000000  0.000000008  0.000000000  0.000000000  0.000000000 |         -0.0 |  0.000000000 -0.000000000, -0.000000008 -0.000000000
CONST: 041 | 12 -1.9e-05 8.5e-05 -0.000140992 0 -0.000567 0

ABS:   042 | -0.000019000  0.000085000 -0.000140998  0.000000000 -0.000567000  0.000000000 |         27.1 |  0.000026265  0.000068658,  0.000018542  0.000563402
DIFF:  042 |  0.000000000  0.000000000 -0.000000006  0.000000000  0.000000000  0.000000000 |          0.0 | -0.000000000  0.000000000,  0.000000006  0.000000000
MOVE:  042 |  0.000000000  0.000000000  0.000000002  0.000000000  0.000000000  0.000000000 |         -0.0 |  0.000000000 -0.000000000, -0.000000002  0.000000000
CONST: 042 | 12 -1.9e-05 8.5e-05 -0.000140998 0 -0.000567 0

ABS:   043 | -0.000018159  0.000085000 -0.000141004  0.000000000 -0.000567000  0.000000000 |         27.1 |  0.000027105  0.000068658,  0.000018096  0.000563086
DIFF:  043 |  0.000000841  0.000000000 -0.000000006  0.000000000  0.000000000  0.000000000 |         -0.0 |  0.000000841  0.000000000, -0.000000446 -0.000000316
MOVE:  043 |  0.000000841  0.000000000 -0.000000004  0.000000000  0.000000000  0.000000000 |         -0.0 |  0.000000841 -0.000000000, -0.000000447 -0.000000316
CONST: 043 | 12 -1.81591e-05 8.5e-05 -0.000141004 0 -0.000567 0

ABS:   044 | -0.000019841  0.000085000 -0.000141004  0.000000000 -0.000567000  0.000000000 |         27.1 |  0.000025424  0.000068658,  0.000018095  0.000563086
DIFF:  044 | -0.000001682  0.000000000  0.000000000  0.000000000  0.000000000  0.000000000 |         -0.0 | -0.000001682 -0.000000000, -0.000000001 -0.000000000
MOVE:  044 | -0.000000841  0.000000000 -0.000000004  0.000000000  0.000000000  0.000000000 |         -0.0 | -0.000000841 -0.000000000, -0.000000448 -0.000000316
CONST: 044 | 12 -1.98409e-05 8.5e-05 -0.000141004 0 -0.000567 0

ABS:   045 | -0.000019000  0.000085010 -0.000141004  0.000000000 -0.000567000  0.000000000 |         27.1 |  0.000026269  0.000068658,  0.000018097  0.000563085
DIFF:  045 |  0.000000841  0.000000010  0.000000000  0.000000000  0.000000000  0.000000000 |          0.0 |  0.000000846  0.000000000,  0.000000002 -0.000000001
MOVE:  045 |  0.000000000  0.000000010 -0.000000004  0.000000000  0.000000000  0.000000000 |         -0.0 |  0.000000005  0.000000000, -0.000000446 -0.000000317
CONST: 045 | 12 -1.9e-05 8.501e-05 -0.000141004 0 -0.000567 0

ABS:   046 | -0.000019000  0.000084990 -0.000141004  0.000000000 -0.000567000  0.000000000 |         27.1 |  0.000026260  0.000068658,  0.000018546  0.000563403
DIFF:  046 |  0.000000000 -0.000000020  0.000000000  0.000000000  0.000000000  0.000000000 |          0.0 | -0.000000010 -0.000000000,  0.000000449  0.000000318
MOVE:  046 |  0.000000000 -0.000000010 -0.000000004  0.000000000  0.000000000  0.000000000 |          0.0 | -0.000000005 -0.000000000,  0.000000003  0.000000001
CONST: 046 | 12 -1.9e-05 8.499e-05 -0.000141004 0 -0.000567 0

ABS:   047 | -0.000019000  0.000085001 -0.000141004  0.000000000 -0.000567000  0.000000000 |         27.1 |  0.000026265  0.000068658,  0.000018096  0.000563086
DIFF:  047 |  0.000000000  0.000000011  0.000000000  0.000000000  0.000000000  0.000000000 |         -0.0 |  0.000000005  0.000000000, -0.000000450 -0.000000317
MOVE:  047 |  0.000000000  0.000000001 -0.000000004  0.000000000  0.000000000  0.000000000 |         -0.0 |  0.000000000  0.000000000, -0.000000448 -0.000000316
CONST: 047 | 12 -1.9e-05 8.5001e-05 -0.000141004 0 -0.000567 0

ABS:   048 | -0.000019000  0.000084999 -0.000141004  0.000000000 -0.000567000  0.000000000 |         27.1 |  0.000026264  0.000068658,  0.000018096  0.000563086
DIFF:  048 |  0.000000000 -0.000000002  0.000000000  0.000000000  0.000000000  0.000000000 |          0.0 | -0.000000001 -0.000000000, -0.000000000  0.000000000
MOVE:  048 |  0.000000000 -0.000000001 -0.000000004  0.000000000  0.000000000  0.000000000 |         -0.0 | -0.000000000 -0.000000000, -0.000000448 -0.000000316
CONST: 048 | 12 -1.9e-05 8.4999e-05 -0.000141004 0 -0.000567 0

ABS:   049 | -0.000019000  0.000085010 -0.000141004  0.000000000 -0.000567000  0.000000000 |         27.1 |  0.000026269  0.000068658,  0.000018097  0.000563085
DIFF:  049 |  0.000000000  0.000000011  0.000000000  0.000000000  0.000000000  0.000000000 |         -0.0 |  0.000000005  0.000000000,  0.000000002 -0.000000001
MOVE:  049 |  0.000000000  0.000000010 -0.000000004  0.000000000  0.000000000  0.000000000 |         -0.0 |  0.000000005  0.000000000, -0.000000446 -0.000000317
CONST: 049 | 12 -1.9e-05 8.501e-05 -0.000141004 0 -0.000567 0

ABS:   050 | -0.000019000  0.000084990 -0.000141004  0.000000000 -0.000567000  0.000000000 |         27.1 |  0.000026260  0.000068658,  0.000018546  0.000563403
DIFF:  050 |  0.000000000 -0.000000020  0.000000000  0.000000000  0.000000000  0.000000000 |          0.0 | -0.000000010 -0.000000000,  0.000000449  0.000000318
MOVE:  050 |  0.000000000 -0.000000010 -0.000000004  0.000000000  0.000000000  0.000000000 |          0.0 | -0.000000005 -0.000000000,  0.000000003  0.000000001
CONST: 050 | 12 -1.9e-05 8.499e-05 -0.000141004 0 -0.000567 0

ABS:   051 | -0.000019000  0.000085000 -0.000140999  0.000000000 -0.000567000  0.000000000 |         27.1 |  0.000026265  0.000068658,  0.000018543  0.000563402
DIFF:  051 |  0.000000000  0.000000010  0.000000005  0.000000000  0.000000000  0.000000000 |         -0.0 |  0.000000005  0.000000000, -0.000000003 -0.000000001
MOVE:  051 |  0.000000000  0.000000000  0.000000001  0.000000000  0.000000000  0.000000000 |         -0.0 |  0.000000000 -0.000000000, -0.000000001  0.000000000
CONST: 051 | 12 -1.9e-05 8.5e-05 -0.000140999 0 -0.000567 0

ABS:   052 | -0.000019000  0.000085000 -0.000141009  0.000000000 -0.000567000  0.000000000 |         27.1 |  0.000026265  0.000068658,  0.000018101  0.000563086
DIFF:  052 |  0.000000000  0.000000000 -0.000000010  0.000000000  0.000000000  0.000000000 |         -0.0 | -0.000000000  0.000000000, -0.000000442 -0.000000316
MOVE:  052 |  0.000000000  0.000000000 -0.000000009  0.000000000  0.000000000  0.000000000 |         -0.0 | -0.000000000 -0.000000000, -0.000000443 -0.000000316
CONST: 052 | 12 -1.9e-05 8.5e-05 -0.000141009 0 -0.000567 0

ABS:   053 | -0.000019000  0.000085000 -0.000141004  0.000000000 -0.000567000  0.000000000 |         27.1 |  0.000026265  0.000068658,  0.000018095  0.000563086
DIFF:  053 |  0.000000000  0.000000000  0.000000006  0.000000000  0.000000000  0.000000000 |         -0.0 |  0.000000000 -0.000000000, -0.000000006 -0.000000000
MOVE:  053 |  0.000000000  0.000000000 -0.000000004  0.000000000  0.000000000  0.000000000 |         -0.0 | -0.000000000 -0.000000000, -0.000000448 -0.000000316
CONST: 053 | 12 -1.9e-05 8.5e-05 -0.000141004 0 -0.000567 0

ABS:   054 | -0.000019000  0.000085000 -0.000141005  0.000000000 -0.000567000  0.000000000 |         27.1 |  0.000026265  0.000068658,  0.000018096  0.000563086
DIFF:  054 |  0.000000000  0.000000000 -0.000000001  0.000000000  0.000000000  0.000000000 |          0.0 | -0.000000000  0.000000000,  0.000000001  0.000000000
MOVE:  054 |  0.000000000  0.000000000 -0.000000005  0.000000000  0.000000000  0.000000000 |         -0.0 | -0.000000000 -0.000000000, -0.000000447 -0.000000316
CONST: 054 | 12 -1.9e-05 8.5e-05 -0.000141005 0 -0.000567 0

ABS:   055 | -0.000019000  0.000085000 -0.000140999  0.000000000 -0.000567000  0.000000000 |         27.1 |  0.000026265  0.000068658,  0.000018543  0.000563402
DIFF:  055 |  0.000000000  0.000000000  0.000000006  0.000000000  0.000000000  0.000000000 |          0.0 |  0.000000000 -0.000000000,  0.000000447  0.000000316
MOVE:  055 |  0.000000000  0.000000000  0.000000001  0.000000000  0.000000000  0.000000000 |         -0.0 |  0.000000000 -0.000000000, -0.000000001  0.000000000
CONST: 055 | 12 -1.9e-05 8.5e-05 -0.000140999 0 -0.000567 0

ABS:   056 | -0.000019000  0.000085000 -0.000141009  0.000000000 -0.000567000  0.000000000 |         27.1 |  0.000026265  0.000068658,  0.000018101  0.000563086
DIFF:  056 |  0.000000000  0.000000000 -0.000000010  0.000000000  0.000000000  0.000000000 |         -0.0 | -0.000000000  0.000000000, -0.000000442 -0.000000316
MOVE:  056 |  0.000000000  0.000000000 -0.000000009  0.000000000  0.000000000  0.000000000 |         -0.0 | -0.000000000 -0.000000000, -0.000000443 -0.000000316
CONST: 056 | 12 -1.9e-05 8.5e-05 -0.000141009 0 -0.000567 0

ABS:   057 | -0.000019000  0.000085000 -0.000141004  0.000000400 -0.000567000  0.000000000 |         27.1 |  0.000026269  0.000068656,  0.000018535  0.000563402
DIFF:  057 |  0.000000000  0.000000000  0.000000005  0.000000400  0.000000000  0.000000000 |          0.0 |  0.000000004 -0.000000002,  0.000000434  0.000000316
MOVE:  057 |  0.000000000  0.000000000 -0.000000004  0.000000400  0.000000000  0.000000000 |         -0.0 |  0.000000004 -0.000000002, -0.000000008 -0.000000000
CONST: 057 | 12 -1.9e-05 8.5e-05 -0.000141004 4.00004e-07 -0.000567 0

ABS:   058 | -0.000019000  0.000085000 -0.000141004 -0.000000400 -0.000567000  0.000000000 |         27.1 |  0.000026260  0.000068659,  0.000018109  0.000563086
DIFF:  058 |  0.000000000  0.000000000  0.000000000 -0.000000800  0.000000000  0.000000000 |         -0.0 | -0.000000008  0.000000003, -0.000000427 -0.000000316
MOVE:  058 |  0.000000000  0.000000000 -0.000000004 -0.000000400  0.000000000  0.000000000 |         -0.0 | -0.000000004  0.000000002, -0.000000435 -0.000000316
CONST: 058 | 12 -1.9e-05 8.5e-05 -0.000141004 -4.00004e-07 -0.000567 0

ABS:   059 | -0.000019000  0.000085000 -0.000141004  0.000000040 -0.000567000  0.000000000 |         27.1 |  0.000026265  0.000068657,  0.000018095  0.000563086
DIFF:  059 |  0.000000000  0.000000000  0.000000000  0.000000440  0.000000000  0.000000000 |         -0.0 |  0.000000005 -0.000000002, -0.000000014 -0.000000000
MOVE:  059 |  0.000000000  0.000000000 -0.000000004  0.000000040  0.000000000  0.000000000 |         -0.0 |  0.000000000 -0.000000000, -0.000000449 -0.000000316
CONST: 059 | 12 -1.9e-05 8.5e-05 -0.000141004 4.00004e-08 -0.000567 0

ABS:   060 | -0.000019000  0.000085000 -0.000141004 -0.000000040 -0.000567000  0.000000000 |         27.1 |  0.000026264  0.000068658,  0.000018097  0.000563086
DIFF:  060 |  0.000000000  0.000000000  0.000000000 -0.000000080  0.000000000  0.000000000 |          0.0 | -0.000000001  0.000000000,  0.000000003  0.000000000
MOVE:  060 |  0.000000000  0.000000000 -0.000000004 -0.000000040  0.000000000  0.000000000 |         -0.0 | -0.000000000  0.000000000, -0.000000446 -0.000000316
CONST: 060 | 12 -1.9e-05 8.5e-05 -0.000141004 -4.00004e-08 -0.000567 0

ABS:   061 | -0.000019000  0.000085000 -0.000141004  0.000000400 -0.000567000  0.000000000 |         27.1 |  0.000026269  0.000068656,  0.000018535  0.000563402
DIFF:  061 |  0.000000000  0.000000000  0.000000000  0.000000440  0.000000000  0.000000000 |          0.0 |  0.000000005 -0.000000002,  0.000000438  0.000000316
MOVE:  061 |  0.000000000  0.000000000 -0.000000004  0.000000400  0.000000000  0.000000000 |         -0.0 |  0.000000004 -0.000000002, -0.000000008 -0.000000000
CONST: 061 | 12 -1.9e-05 8.5e-05 -0.000141004 4.00004e-07 -0.000567 0

ABS:   062 | -0.000019000  0.000085000 -0.000141004 -0.000000400 -0.000567000  0.000000000 |         27.1 |  0.000026260  0.000068659,  0.000018109  0.000563086
DIFF:  062 |  0.000000000  0.000000000  0.000000000 -0.000000800  0.000000000  0.000000000 |         -0.0 | -0.000000008  0.000000003, -0.000000427 -0.000000316
MOVE:  062 |  0.000000000  0.000000000 -0.000000004 -0.000000400  0.000000000  0.000000000 |         -0.0 | -0.000000004  0.000000002, -0.000000435 -0.000000316
CONST: 062 | 12 -1.9e-05 8.5e-05 -0.000141004 -4.00004e-07 -0.000567 0

ABS:   063 | -0.000019000  0.000085000 -0.000141004  0.000000000 -0.000566000  0.000000000 |         27.1 |  0.000026242  0.000068666,  0.000018100  0.000563086
DIFF:  063 |  0.000000000  0.000000000  0.000000000  0.000000400  0.000001000  0.000000000 |         -0.0 | -0.000000019  0.000000007, -0.000000008 -0.000000001
MOVE:  063 |  0.000000000  0.000000000 -0.000000004  0.000000000  0.000001000  0.000000000 |         -0.0 | -0.000000023  0.000000008, -0.000000443 -0.000000317
CONST: 063 | 12 -1.9e-05 8.5e-05 -0.000141004 0 -0.000566 0

ABS:   064 | -0.000019000  0.000085000 -0.000141004  0.000000000 -0.000568000  0.000000000 |         27.1 |  0.000026287  0.000068649,  0.000018544  0.000563403
DIFF:  064 |  0.000000000  0.000000000  0.000000000  0.000000000 -0.000002000  0.000000000 |          0.0 |  0.000000045 -0.000000017,  0.000000443  0.000000317
MOVE:  064 |  0.000000000  0.000000000 -0.000000004  0.000000000 -0.000001000  0.000000000 |          0.0 |  0.000000023 -0.000000008, -0.000000000  0.000000000
CONST: 064 | 12 -1.9e-05 8.5e-05 -0.000141004 0 -0.000568 0

ABS:   065 | -0.000019000  0.000085000 -0.000141004  0.000000000 -0.000566900  0.000000000 |         27.1 |  0.000026262  0.000068658,  0.000018096  0.000563086
DIFF:  065 |  0.000000000  0.000000000  0.000000000  0.000000000  0.000001100  0.000000000 |         -0.0 | -0.000000025  0.000000009, -0.000000447 -0.000000317
MOVE:  065 |  0.000000000  0.000000000 -0.000000004  0.000000000  0.000000100  0.000000000 |         -0.0 | -0.000000002  0.000000001, -0.000000447 -0.000000316
CONST: 065 | 12 -1.9e-05 8.5e-05 -0.000141004 0 -0.0005669 0

ABS:   066 | -0.000019000  0.000085000 -0.000141004  0.000000000 -0.000567100  0.000000000 |         27.1 |  0.000026267  0.000068657,  0.000018095  0.000563086
DIFF:  066 |  0.000000000  0.000000000  0.000000000  0.000000000 -0.000000200  0.000000000 |          0.0 |  0.000000005 -0.000000002, -0.000000001  0.000000000
MOVE:  066 |  0.000000000  0.000000000 -0.000000004  0.000000000 -0.000000100  0.000000000 |         -0.0 |  0.000000002 -0.000000001, -0.000000448 -0.000000316
CONST: 066 | 12 -1.9e-05 8.5e-05 -0.000141004 0 -0.0005671 0

ABS:   067 | -0.000019000  0.000085000 -0.000141004  0.000000000 -0.000566000  0.000000000 |         27.1 |  0.000026242  0.000068666,  0.000018100  0.000563086
DIFF:  067 |  0.000000000  0.000000000  0.000000000  0.000000000  0.000001100  0.000000000 |         -0.0 | -0.000000025  0.000000009,  0.000000005 -0.000000001
MOVE:  067 |  0.000000000  0.000000000 -0.000000004  0.000000000  0.000001000  0.000000000 |         -0.0 | -0.000000023  0.000000008, -0.000000443 -0.000000317
CONST: 067 | 12 -1.9e-05 8.5e-05 -0.000141004 0 -0.000566 0

ABS:   068 | -0.000019000  0.000085000 -0.000141004  0.000000000 -0.000568000  0.000000000 |         27.1 |  0.000026287  0.000068649,  0.000018544  0.000563403
DIFF:  068 |  0.000000000  0.000000000  0.000000000  0.000000000 -0.000002000  0.000000000 |          0.0 |  0.000000045 -0.000000017,  0.000000443  0.000000317
MOVE:  068 |  0.000000000  0.000000000 -0.000000004  0.000000000 -0.000001000  0.000000000 |          0.0 |  0.000000023 -0.000000008, -0.000000000  0.000000000
CONST: 068 | 12 -1.9e-05 8.5e-05 -0.000141004 0 -0.000568 0

ABS:   069 | -0.000019000  0.000085000 -0.000141004  0.000000000 -0.000567000  0.000000200 |         27.1 |  0.000026263  0.000068658,  0.000018096  0.000563086
DIFF:  069 |  0.000000000  0.000000000  0.000000000  0.000000000  0.000001000  0.000000200 |         -0.0 | -0.000000024  0.000000008, -0.000000448 -0.000000317
MOVE:  069 |  0.000000000  0.000000000 -0.000000004  0.000000000  0.000000000  0.000000200 |         -0.0 | -0.000000001 -0.000000000, -0.000000448 -0.000000317
CONST: 069 | 12 -1.9e-05 8.5e-05 -0.000141004 0 -0.000567 2.00001e-07

ABS:   070 | -0.000019000  0.000085000 -0.000141004  0.000000000 -0.000567000 -0.000000200 |         27.1 |  0.000026266  0.000068658,  0.000018096  0.000563086
DIFF:  070 |  0.000000000  0.000000000  0.000000000  0.000000000  0.000000000 -0.000000400 |          0.0 |  0.000000002  0.000000000, -0.000000000  0.000000000
MOVE:  070 |  0.000000000  0.000000000 -0.000000004  0.000000000  0.000000000 -0.000000200 |         -0.0 |  0.000000001  0.000000000, -0.000000448 -0.000000316
CONST: 070 | 12 -1.9e-05 8.5e-05 -0.000141004 0 -0.000567 -2.00001e-07

ABS:   071 | -0.000019000  0.000085000 -0.000141004  0.000000000 -0.000567000  0.000002000 |         27.1 |  0.000026253  0.000068657,  0.000018097  0.000563085
DIFF:  071 |  0.000000000  0.000000000  0.000000000  0.000000000  0.000000000  0.000002200 |         -0.0 | -0.000000012 -0.000000000,  0.000000001 -0.000000002
MOVE:  071 |  0.000000000  0.000000000 -0.000000004  0.000000000  0.000000000  0.000002000 |         -0.0 | -0.000000011 -0.000000000, -0.000000447 -0.000000318
CONST: 071 | 12 -1.9e-05 8.5e-05 -0.000141004 0 -0.000567 2.00001e-06

ABS:   072 | -0.000019000  0.000085000 -0.000141004  0.000000000 -0.000567000 -0.000002000 |         27.1 |  0.000026276  0.000068658,  0.000018547  0.000563404
DIFF:  072 |  0.000000000  0.000000000  0.000000000  0.000000000  0.000000000 -0.000004000 |          0.0 |  0.000000022  0.000000001,  0.000000451  0.000000319
MOVE:  072 |  0.000000000  0.000000000 -0.000000004  0.000000000  0.000000000 -0.000002000 |          0.0 |  0.000000011  0.000000000,  0.000000004  0.000000001
CONST: 072 | 12 -1.9e-05 8.5e-05 -0.000141004 0 -0.000567 -2.00001e-06

ABS:   073 | -0.000019000  0.000085000 -0.000141004  0.000000000 -0.000567000  0.000000200 |         27.1 |  0.000026263  0.000068658,  0.000018096  0.000563086
DIFF:  073 |  0.000000000  0.000000000  0.000000000  0.000000000  0.000000000  0.000002200 |         -0.0 | -0.000000012 -0.000000000, -0.000000451 -0.000000318
MOVE:  073 |  0.000000000  0.000000000 -0.000000004  0.000000000  0.000000000  0.000000200 |         -0.0 | -0.000000001 -0.000000000, -0.000000448 -0.000000317
CONST: 073 | 12 -1.9e-05 8.5e-05 -0.000141004 0 -0.000567 2.00001e-07

ABS:   074 | -0.000019000  0.000085000 -0.000141004  0.000000000 -0.000567000 -0.000000200 |         27.1 |  0.000026266  0.000068658,  0.000018096  0.000563086
DIFF:  074 |  0.000000000  0.000000000  0.000000000  0.000000000  0.000000000 -0.000000400 |          0.0 |  0.000000002  0.000000000, -0.000000000  0.000000000
MOVE:  074 |  0.000000000  0.000000000 -0.000000004  0.000000000  0.000000000 -0.000000200 |         -0.0 |  0.000000001  0.000000000, -0.000000448 -0.000000316
CONST: 074 | 12 -1.9e-05 8.5e-05 -0.000141004 0 -0.000567 -2.00001e-07

ABS:   075 | -0.000045354  0.000085005 -0.000141007 -0.000000199 -0.000566499  0.008819192 |         27.1 | -0.000005023  0.000053598,  0.000025430  0.000562097
DIFF:  075 | -0.000026354  0.000000005 -0.000000002 -0.000000199  0.000000501  0.008819392 |          0.1 | -0.000031288 -0.000015060,  0.000007334 -0.000000989
MOVE:  075 | -0.000026354  0.000000005 -0.000000007 -0.000000199  0.000000501  0.008819192 |          0.0 | -0.000031287 -0.000015060,  0.000006886 -0.000001305
CONST: 075 | 12 -4.53537e-05 8.5005e-05 -0.000141007 -1.99466e-07 -0.000566499 0.00881919

ABS:   076 | -0.000031216  0.000085002 -0.000141006 -0.000000092 -0.000566768  0.004104536 |         26.8 |  0.000009695  0.000050298,  0.000021511  0.000560312
DIFF:  076 |  0.000014138 -0.000000003  0.000000001  0.000000107 -0.000000269 -0.004714656 |         -0.3 |  0.000014717 -0.000003300, -0.000003919 -0.000001785
MOVE:  076 | -0.000012216  0.000000002 -0.000000006 -0.000000092  0.000000232  0.004104536 |         -0.3 | -0.000016570 -0.000018359,  0.000002967 -0.000003090
CONST: 076 | 12 -3.1216e-05 8.50023e-05 -0.000141006 -9.24516e-08 -0.000566768 0.00410454

ABS:   077 | -0.000030379  0.000085002 -0.000141006 -0.000000092 -0.000566768  0.004104536 |         26.8 |  0.000010530  0.000050298,  0.000021511  0.000560312
DIFF:  077 |  0.000000837  0.000000000  0.000000000  0.000000000  0.000000000  0.000000000 |          0.0 |  0.000000835 -0.000000000, -0.000000000  0.000000000
MOVE:  077 | -0.000011379  0.000000002 -0.000000006 -0.000000092  0.000000232  0.004104536 |         -0.3 | -0.000015735 -0.000018359,  0.000002967 -0.000003090
CONST: 077 | 12 -3.03794e-05 8.50023e-05 -0.000141006 -9.24516e-08 -0.000566768 0.00410454

ABS:   078 | -0.000032053  0.000085002 -0.000141006 -0.000000092 -0.000566768  0.004104536 |         26.8 |  0.000008860  0.000050298,  0.000021511  0.000560312
DIFF:  078 | -0.000001673  0.000000000  0.000000000  0.000000000  0.000000000  0.000000000 |         -0.0 | -0.000001670  0.000000000,  0.000000000 -0.000000000
MOVE:  078 | -0.000013053  0.000000002 -0.000000006 -0.000000092  0.000000232  0.004104536 |         -0.3 | -0.000017405 -0.000018359,  0.000002968 -0.000003090
CONST: 078 | 12 -3.20525e-05 8.50023e-05 -0.000141006 -9.24516e-08 -0.000566768 0.00410454

ABS:   079 | -0.000031216  0.000085003 -0.000141006 -0.000000092 -0.000566768  0.004104536 |         26.8 |  0.000009695  0.000050298,  0.000021511  0.000560312
DIFF:  079 |  0.000000837  0.000000001  0.000000000  0.000000000  0.000000000  0.000000000 |          0.0 |  0.000000835 -0.000000000,  0.000000000  0.000000000
MOVE:  079 | -0.000012216  0.000000003 -0.000000006 -0.000000092  0.000000232  0.004104536 |         -0.3 | -0.000016569 -0.000018359,  0.000002968 -0.000003090
CONST: 079 | 12 -3.1216e-05 8.50033e-05 -0.000141006 -9.24516e-08 -0.000566768 0.00410454

ABS:   080 | -0.000031216  0.000085001 -0.000141006 -0.000000092 -0.000566768  0.004104536 |         26.8 |  0.000009694  0.000050298,  0.000021511  0.000560312
DIFF:  080 |  0.000000000 -0.000000002  0.000000000  0.000000000  0.000000000  0.000000000 |          0.0 | -0.000000001 -0.000000000, -0.000000000  0.000000000
MOVE:  080 | -0.000012216  0.000000001 -0.000000006 -0.000000092  0.000000232  0.004104536 |         -0.3 | -0.000016570 -0.000018359,  0.000002967 -0.000003090
CONST: 080 | 12 -3.1216e-05 8.50013e-05 -0.000141006 -9.24516e-08 -0.000566768 0.00410454

ABS:   081 | -0.000031216  0.000085012 -0.000141006 -0.000000092 -0.000566768  0.004104536 |         26.8 |  0.000009699  0.000050298,  0.000021513  0.000560312
DIFF:  081 |  0.000000000  0.000000011  0.000000000  0.000000000  0.000000000  0.000000000 |         -0.0 |  0.000000005  0.000000000,  0.000000002 -0.000000001
MOVE:  081 | -0.000012216  0.000000012 -0.000000006 -0.000000092  0.000000232  0.004104536 |         -0.3 | -0.000016565 -0.000018359,  0.000002969 -0.000003091
CONST: 081 | 12 -3.1216e-05 8.50123e-05 -0.000141006 -9.24516e-08 -0.000566768 0.00410454

ABS:   082 | -0.000031216  0.000084992 -0.000141006 -0.000000092 -0.000566768  0.004104536 |         26.8 |  0.000009690  0.000050298,  0.000021509  0.000560313
DIFF:  082 |  0.000000000 -0.000000020  0.000000000  0.000000000  0.000000000  0.000000000 |          0.0 | -0.000000009 -0.000000000, -0.000000003  0.000000001
MOVE:  082 | -0.000012216 -0.000000008 -0.000000006 -0.000000092  0.000000232  0.004104536 |         -0.3 | -0.000016575 -0.000018359,  0.000002966 -0.000003090
CONST: 082 | 12 -3.1216e-05 8.49923e-05 -0.000141006 -9.24516e-08 -0.000566768 0.00410454

ABS:   083 | -0.000031216  0.000085002 -0.000141005 -0.000000092 -0.000566768  0.004104536 |         26.8 |  0.000009695  0.000050298,  0.000021510  0.000560312
DIFF:  083 |  0.000000000  0.000000010  0.000000001  0.000000000  0.000000000  0.000000000 |         -0.0 |  0.000000005  0.000000000,  0.000000001 -0.000000001
MOVE:  083 | -0.000012216  0.000000002 -0.000000005 -0.000000092  0.000000232  0.004104536 |         -0.3 | -0.000016570 -0.000018359,  0.000002967 -0.000003090
CONST: 083 | 12 -3.1216e-05 8.50023e-05 -0.000141005 -9.24516e-08 -0.000566768 0.00410454

ABS:   084 | -0.000031216  0.000085002 -0.000141006 -0.000000092 -0.000566768  0.004104536 |         26.8 |  0.000009695  0.000050298,  0.000021511  0.000560312
DIFF:  084 |  0.000000000  0.000000000 -0.000000001  0.000000000  0.000000000  0.000000000 |          0.0 | -0.000000000  0.000000000,  0.000000001 -0.000000000
MOVE:  084 | -0.000012216  0.000000002 -0.000000006 -0.000000092  0.000000232  0.004104536 |         -0.3 | -0.000016570 -0.000018359,  0.000002968 -0.000003090
CONST: 084 | 12 -3.1216e-05 8.50023e-05 -0.000141006 -9.24516e-08 -0.000566768 0.00410454

ABS:   085 | -0.000031216  0.000085002 -0.000141001 -0.000000092 -0.000566768  0.004104536 |         26.8 |  0.000009695  0.000050298,  0.000021506  0.000560312
DIFF:  085 |  0.000000000  0.000000000  0.000000006  0.000000000  0.000000000  0.000000000 |         -0.0 |  0.000000000 -0.000000000, -0.000000006  0.000000000
MOVE:  085 | -0.000012216  0.000000002 -0.000000001 -0.000000092  0.000000232  0.004104536 |         -0.3 | -0.000016570 -0.000018359,  0.000002962 -0.000003090
CONST: 085 | 12 -3.1216e-05 8.50023e-05 -0.000141001 -9.24516e-08 -0.000566768 0.00410454

ABS:   086 | -0.000031216  0.000085002 -0.000141011 -0.000000092 -0.000566768  0.004104536 |         26.8 |  0.000009695  0.000050298,  0.000021516  0.000560312
DIFF:  086 |  0.000000000  0.000000000 -0.000000010  0.000000000  0.000000000  0.000000000 |          0.0 | -0.000000000  0.000000000,  0.000000010 -0.000000000
MOVE:  086 | -0.000012216  0.000000002 -0.000000011 -0.000000092  0.000000232  0.004104536 |         -0.3 | -0.000016570 -0.000018359,  0.000002972 -0.000003090
CONST: 086 | 12 -3.1216e-05 8.50023e-05 -0.000141011 -9.24516e-08 -0.000566768 0.00410454

ABS:   087 | -0.000031216  0.000085002 -0.000141006 -0.000000052 -0.000566768  0.004104536 |         26.8 |  0.000009695  0.000050298,  0.000021510  0.000560312
DIFF:  087 |  0.000000000  0.000000000  0.000000005  0.000000040  0.000000000  0.000000000 |         -0.0 |  0.000000000 -0.000000000, -0.000000006 -0.000000000
MOVE:  087 | -0.000012216  0.000000002 -0.000000006 -0.000000052  0.000000232  0.004104536 |         -0.3 | -0.000016570 -0.000018359,  0.000002966 -0.000003090
CONST: 087 | 12 -3.1216e-05 8.50023e-05 -0.000141006 -5.24512e-08 -0.000566768 0.00410454

ABS:   088 | -0.000031216  0.000085002 -0.000141006 -0.000000132 -0.000566768  0.004104536 |         26.8 |  0.000009694  0.000050298,  0.000021512  0.000560312
DIFF:  088 |  0.000000000  0.000000000  0.000000000 -0.000000080  0.000000000  0.000000000 |          0.0 | -0.000000001  0.000000000,  0.000000003  0.000000000
MOVE:  088 | -0.000012216  0.000000002 -0.000000006 -0.000000132  0.000000232  0.004104536 |         -0.3 | -0.000016570 -0.000018359,  0.000002969 -0.000003090
CONST: 088 | 12 -3.1216e-05 8.50023e-05 -0.000141006 -1.32452e-07 -0.000566768 0.00410454

ABS:   089 | -0.000031216  0.000085002 -0.000141006  0.000000308 -0.000566768  0.004104536 |         26.8 |  0.000009699  0.000050297,  0.000021498  0.000560312
DIFF:  089 |  0.000000000  0.000000000  0.000000000  0.000000440  0.000000000  0.000000000 |         -0.0 |  0.000000004 -0.000000002, -0.000000014 -0.000000000
MOVE:  089 | -0.000012216  0.000000002 -0.000000006  0.000000308  0.000000232  0.004104536 |         -0.3 | -0.000016566 -0.000018361,  0.000002955 -0.000003090
CONST: 089 | 12 -3.1216e-05 8.50023e-05 -0.000141006 3.07553e-07 -0.000566768 0.00410454

ABS:   090 | -0.000031216  0.000085002 -0.000141006 -0.000000492 -0.000566768  0.004104536 |         26.8 |  0.000009691  0.000050300,  0.000021524  0.000560312
DIFF:  090 |  0.000000000  0.000000000  0.000000000 -0.000000800  0.000000000  0.000000000 |          0.0 | -0.000000008  0.000000003,  0.000000025  0.000000000
MOVE:  090 | -0.000012216  0.000000002 -0.000000006 -0.000000492  0.000000232  0.004104536 |         -0.3 | -0.000016574 -0.000018358,  0.000002980 -0.000003090
CONST: 090 | 12 -3.1216e-05 8.50023e-05 -0.000141006 -4.92456e-07 -0.000566768 0.00410454

ABS:   091 | -0.000031216  0.000085002 -0.000141006 -0.000000092 -0.000566668  0.004104536 |         26.8 |  0.000009692  0.000050299,  0.000021511  0.000560312
DIFF:  091 |  0.000000000  0.000000000  0.000000000  0.000000400  0.000000100  0.000000000 |         -0.0 |  0.000000002 -0.000000001, -0.000000012 -0.000000000
MOVE:  091 | -0.000012216  0.000000002 -0.000000006 -0.000000092  0.000000332  0.004104536 |         -0.3 | -0.000016572 -0.000018358,  0.000002968 -0.000003090
CONST: 091 | 12 -3.1216e-05 8.50023e-05 -0.000141006 -9.24516e-08 -0.000566668 0.00410454

ABS:   092 | -0.000031216  0.000085002 -0.000141006 -0.000000092 -0.000566868  0.004104536 |         26.8 |  0.000009697  0.000050297,  0.000021511  0.000560312
DIFF:  092 |  0.000000000  0.000000000  0.000000000  0.000000000 -0.000000200  0.000000000 |          0.0 |  0.000000004 -0.000000002, -0.000000001  0.000000000
MOVE:  092 | -0.000012216  0.000000002 -0.000000006 -0.000000092  0.000000132  0.004104536 |         -0.3 | -0.000016568 -0.000018360,  0.000002967 -0.000003090
CONST: 092 | 12 -3.1216e-05 8.50023e-05 -0.000141006 -9.24516e-08 -0.000566868 0.00410454

ABS:   093 | -0.000031216  0.000085002 -0.000141006 -0.000000092 -0.000565768  0.004104536 |         26.8 |  0.000009673  0.000050307,  0.000021515  0.000560312
DIFF:  093 |  0.000000000  0.000000000  0.000000000  0.000000000  0.000001100  0.000000000 |         -0.0 | -0.000000024  0.000000010,  0.000000005 -0.000000000
MOVE:  093 | -0.000012216  0.000000002 -0.000000006 -0.000000092  0.000001232  0.004104536 |         -0.3 | -0.000016591 -0.000018351,  0.000002972 -0.000003091
CONST: 093 | 12 -3.1216e-05 8.50023e-05 -0.000141006 -9.24516e-08 -0.000565768 0.00410454

ABS:   094 | -0.000031216  0.000085002 -0.000141006 -0.000000092 -0.000567768  0.004104536 |         26.8 |  0.000009716  0.000050290,  0.000021507  0.000560313
DIFF:  094 |  0.000000000  0.000000000  0.000000000  0.000000000 -0.000002000  0.000000000 |          0.0 |  0.000000043 -0.000000017, -0.000000009  0.000000001
MOVE:  094 | -0.000012216  0.000000002 -0.000000006 -0.000000092 -0.000000768  0.004104536 |         -0.3 | -0.000016548 -0.000018368,  0.000002963 -0.000003090
CONST: 094 | 12 -3.1216e-05 8.50023e-05 -0.000141006 -9.24516e-08 -0.000567768 0.00410454

ABS:   095 | -0.000031216  0.000085002 -0.000141006 -0.000000092 -0.000566768  0.004106529 |         26.8 |  0.000009684  0.000050298,  0.000021512  0.000560311
DIFF:  095 |  0.000000000  0.000000000  0.000000000  0.000000000  0.000001000  0.000001993 |         -0.0 | -0.000000032  0.000000008,  0.000000005 -0.000000002
MOVE:  095 | -0.000012216  0.000000002 -0.000000006 -0.000000092  0.000000232  0.004106529 |         -0.3 | -0.000016581 -0.000018360,  0.000002968 -0.000003091
CONST: 095 | 12 -3.1216e-05 8.50023e-05 -0.000141006 -9.24516e-08 -0.000566768 0.00410653

ABS:   096 | -0.000031216  0.000085002 -0.000141006 -0.000000092 -0.000566768  0.004102543 |         26.8 |  0.000009705  0.000050299,  0.000021510  0.000560313
DIFF:  096 |  0.000000000  0.000000000  0.000000000  0.000000000  0.000000000 -0.000003987 |          0.0 |  0.000000022  0.000000002, -0.000000001  0.000000002
MOVE:  096 | -0.000012216  0.000000002 -0.000000006 -0.000000092  0.000000232  0.004102543 |         -0.3 | -0.000016559 -0.000018358,  0.000002967 -0.000003089
CONST: 096 | 12 -3.1216e-05 8.50023e-05 -0.000141006 -9.24516e-08 -0.000566768 0.00410254

ABS:   097 | -0.000031216  0.000085002 -0.000141006 -0.000000092 -0.000566768  0.004124468 |         26.8 |  0.000009586  0.000050290,  0.000021518  0.000560300
DIFF:  097 |  0.000000000  0.000000000  0.000000000  0.000000000  0.000000000  0.000021925 |         -0.0 | -0.000000120 -0.000000009,  0.000000008 -0.000000013
MOVE:  097 | -0.000012216  0.000000002 -0.000000006 -0.000000092  0.000000232  0.004124468 |         -0.3 | -0.000016679 -0.000018368,  0.000002975 -0.000003102
CONST: 097 | 12 -3.1216e-05 8.50023e-05 -0.000141006 -9.24516e-08 -0.000566768 0.00412447

ABS:   098 | -0.000031216  0.000085002 -0.000141006 -0.000000092 -0.000566768  0.004084603 |         26.8 |  0.000009803  0.000050307,  0.000021504  0.000560324
DIFF:  098 |  0.000000000  0.000000000  0.000000000  0.000000000  0.000000000 -0.000039865 |          0.0 |  0.000000217  0.000000017, -0.000000015  0.000000024
MOVE:  098 | -0.000012216  0.000000002 -0.000000006 -0.000000092  0.000000232  0.004084603 |         -0.3 | -0.000016461 -0.000018351,  0.000002960 -0.000003078
CONST: 098 | 12 -3.1216e-05 8.50023e-05 -0.000141006 -9.24516e-08 -0.000566768 0.0040846

ABS:   099 | -0.000045231  0.000084998 -0.000141003  0.000000097 -0.000567236  0.023257942 |         27.2 | -0.000047393  0.000057663,  0.000030093  0.000561630
DIFF:  099 | -0.000014015 -0.000000005  0.000000002  0.000000190 -0.000000468  0.019173338 |          0.4 | -0.000057196  0.000007356,  0.000008590  0.000001306
MOVE:  099 | -0.000026231 -0.000000002 -0.000000003  0.000000097 -0.000000236  0.023257942 |          0.1 | -0.000073658 -0.000010995,  0.000011550 -0.000001772
CONST: 099 | 12 -4.5231e-05 8.49977e-05 -0.000141003 9.72604e-08 -0.000567236 0.0232579

ABS:   100 | -0.000036423  0.000085001 -0.000141005 -0.000000022 -0.000566942  0.011467214 |         27.2 | -0.000010699  0.000052761,  0.000024125  0.000562143
DIFF:  100 |  0.000008807  0.000000003 -0.000000001 -0.000000119  0.000000294 -0.011790728 |         -0.0 |  0.000036694 -0.000004902, -0.000005968  0.000000513
MOVE:  100 | -0.000017423  0.000000001 -0.000000005 -0.000000022  0.000000058  0.011467214 |          0.0 | -0.000036963 -0.000015896,  0.000005582 -0.000001259
CONST: 100 | 12 -3.64235e-05 8.50006e-05 -0.000141005 -2.19666e-08 -0.000566942 0.0114672

ABS:   101 | -0.000032609  0.000085002 -0.000141005 -0.000000074 -0.000566814  0.006089345 |         26.9 |  0.000014660  0.000046668,  0.000021285  0.000560551
DIFF:  101 |  0.000003815  0.000000001 -0.000000001 -0.000000052  0.000000128 -0.005377868 |         -0.3 |  0.000025358 -0.000006093, -0.000002841 -0.000001592
MOVE:  101 | -0.000013609  0.000000002 -0.000000005 -0.000000074  0.000000186  0.006089345 |         -0.3 | -0.000011605 -0.000021990,  0.000002741 -0.000002851
CONST: 101 | 12 -3.26087e-05 8.50019e-05 -0.000141005 -7.36015e-08 -0.000566814 0.00608935

ABS:   102 | -0.000031659  0.000085002 -0.000141005 -0.000000086 -0.000566783  0.004737074 |         26.8 |  0.000005808  0.000050034,  0.000020356  0.000560320
DIFF:  102 |  0.000000949  0.000000000 -0.000000000 -0.000000013  0.000000032 -0.001352271 |         -0.1 | -0.000008852  0.000003367, -0.000000929 -0.000000231
MOVE:  102 | -0.000012659  0.000000002 -0.000000005 -0.000000086  0.000000217  0.004737074 |         -0.3 | -0.000020457 -0.000018623,  0.000001812 -0.000003083
CONST: 102 | 12 -3.16592e-05 8.50022e-05 -0.000141005 -8.64525e-08 -0.000566783 0.00473707

ABS:   103 | -0.000031401  0.000085002 -0.000141006 -0.000000090 -0.000566774  0.004369081 |         26.7 |  0.000008068  0.000050188,  0.000020238  0.000559870
DIFF:  103 |  0.000000258  0.000000000 -0.000000000 -0.000000003  0.000000009 -0.000367993 |         -0.1 |  0.000002260  0.000000153, -0.000000118 -0.000000450
MOVE:  103 | -0.000012401  0.000000002 -0.000000006 -0.000000090  0.000000226  0.004369081 |         -0.4 | -0.000018196 -0.000018470,  0.000001694 -0.000003532
CONST: 103 | 12 -3.14013e-05 8.50023e-05 -0.000141006 -8.99434e-08 -0.000566774 0.00436908

ABS:   104 | -0.000031431  0.000085002 -0.000141005 -0.000000090 -0.000566775  0.004411981 |         26.8 |  0.000007805  0.000050170,  0.000019785  0.000560196
DIFF:  104 | -0.000000030 -0.000000000  0.000000000  0.000000000 -0.000000001  0.000042899 |          0.0 | -0.000000264 -0.000000018, -0.000000453  0.000000325
MOVE:  104 | -0.000012431  0.000000002 -0.000000005 -0.000000090  0.000000225  0.004411981 |         -0.3 | -0.000018460 -0.000018488,  0.000001241 -0.000003207
CONST: 104 | 12 -3.14313e-05 8.50023e-05 -0.000141005 -8.95366e-08 -0.000566775 0.00441198

ABS:   105 | -0.000031329  0.000085002 -0.000141006 -0.000000091 -0.000566772  0.004265812 |         26.8 |  0.000008703  0.000050231,  0.000020651  0.000560250
DIFF:  105 |  0.000000102  0.000000000 -0.000000000 -0.000000001  0.000000003 -0.000146168 |          0.0 |  0.000000898  0.000000061,  0.000000866  0.000000054
MOVE:  105 | -0.000012329  0.000000002 -0.000000006 -0.000000091  0.000000228  0.004265812 |         -0.3 | -0.000017562 -0.000018427,  0.000002107 -0.000003153
CONST: 105 | 12 -3.13289e-05 8.50023e-05 -0.000141006 -9.09227e-08 -0.000566772 0.00426581

ABS:   106 | -0.000030506  0.000085002 -0.000141006 -0.000000090 -0.000566774  0.004369081 |         26.7 |  0.000008962  0.000050188,  0.000020238  0.000559870
DIFF:  106 |  0.000000823 -0.000000000  0.000000000  0.000000001 -0.000000002  0.000103269 |         -0.0 |  0.000000259 -0.000000043, -0.000000413 -0.000000379
MOVE:  106 | -0.000011506  0.000000002 -0.000000006 -0.000000090  0.000000226  0.004369081 |         -0.4 | -0.000017303 -0.000018470,  0.000001694 -0.000003532
CONST: 106 | 12 -3.05062e-05 8.50023e-05 -0.000141006 -8.99434e-08 -0.000566774 0.00436908

ABS:   107 | -0.000032296  0.000085002 -0.000141006 -0.000000090 -0.000566774  0.004369081 |         26.7 |  0.000007175  0.000050188,  0.000020238  0.000559870
DIFF:  107 | -0.000001790  0.000000000  0.000000000  0.000000000  0.000000000  0.000000000 |         -0.0 | -0.000001786  0.000000000,  0.000000000 -0.000000000
MOVE:  107 | -0.000013296  0.000000002 -0.000000006 -0.000000090  0.000000226  0.004369081 |         -0.4 | -0.000019090 -0.000018470,  0.000001694 -0.000003533
CONST: 107 | 12 -3.22964e-05 8.50023e-05 -0.000141006 -8.99434e-08 -0.000566774 0.00436908

ABS:   108 | -0.000031401  0.000085102 -0.000141006 -0.000000090 -0.000566774  0.004369081 |         26.8 |  0.000008116  0.000050189,  0.000020706  0.000560182
DIFF:  108 |  0.000000895  0.000000100  0.000000000  0.000000000  0.000000000  0.000000000 |          0.0 |  0.000000941  0.000000001,  0.000000468  0.000000312
MOVE:  108 | -0.000012401  0.000000102 -0.000000006 -0.000000090  0.000000226  0.004369081 |         -0.3 | -0.000018149 -0.000018468,  0.000002162 -0.000003221
CONST: 108 | 12 -3.14013e-05 8.51023e-05 -0.000141006 -8.99434e-08 -0.000566774 0.00436908

ABS:   109 | -0.000031401  0.000084902 -0.000141006 -0.000000090 -0.000566774  0.004369081 |         26.7 |  0.000008021  0.000050186,  0.000020221  0.000559876
DIFF:  109 |  0.000000000 -0.000000200  0.000000000  0.000000000  0.000000000  0.000000000 |         -0.0 | -0.000000095 -0.000000003, -0.000000484 -0.000000305
MOVE:  109 | -0.000012401 -0.000000098 -0.000000006 -0.000000090  0.000000226  0.004369081 |         -0.4 | -0.000018244 -0.000018471,  0.000001678 -0.000003526
CONST: 109 | 12 -3.14013e-05 8.49023e-05 -0.000141006 -8.99434e-08 -0.000566774 0.00436908

