ABS:   itr |       deltaX       deltaY       deltaZ         phiX         phiY         phiZ |        chisq |    rphi mean     rphi rms,       z mean        z rms
ABS:   =========================================================================================================================================================
DIFF:  itr |       deltaX       deltaY       deltaZ         phiX         phiY         phiZ |        chisq |    rphi mean     rphi rms,       z mean        z rms
DIFF:  =========================================================================================================================================================
MOVE:  itr |       deltaX       deltaY       deltaZ         phiX         phiY         phiZ |        chisq |    rphi mean     rphi rms,       z mean        z rms
MOVE:  =========================================================================================================================================================
ABS:   001 |  0.000085000  0.000058000  0.000112000  0.000035000  0.000167000  0.000000000 |         61.7 | -0.000027285  0.000056341, -0.000067350  0.000553447
CONST: 001 | 13 8.5e-05 5.8e-05 0.000112 3.5e-05 0.000167 0

ABS:   001 |  0.000085000  0.000058000  0.000112000  0.000035000  0.000167000  0.000000000 |         61.7 | -0.000027285  0.000056341, -0.000067350  0.000553447
CONST: 001 | 13 8.5e-05 5.8e-05 0.000112 3.5e-05 0.000167 0

ABS:   002 |  0.000085100  0.000058000  0.000112000  0.000035000  0.000167000  0.000000000 |         61.7 | -0.000027185  0.000056341, -0.000067350  0.000553447
DIFF:  002 |  0.000000100  0.000000000 -0.000000000  0.000000000  0.000000000  0.000000000 |         -0.0 |  0.000000100 -0.000000000, -0.000000000 -0.000000000
MOVE:  002 |  0.000000100  0.000000000 -0.000000000  0.000000000  0.000000000  0.000000000 |         -0.0 |  0.000000100 -0.000000000, -0.000000000 -0.000000000
CONST: 002 | 13 8.51e-05 5.8e-05 0.000112 3.5e-05 0.000167 0

ABS:   003 |  0.000084900  0.000058000  0.000112000  0.000035000  0.000167000  0.000000000 |         61.7 | -0.000027385  0.000056341, -0.000067350  0.000553447
DIFF:  003 | -0.000000200  0.000000000  0.000000000  0.000000000  0.000000000  0.000000000 |          0.0 | -0.000000200  0.000000000,  0.000000000  0.000000000
MOVE:  003 | -0.000000100  0.000000000 -0.000000000  0.000000000  0.000000000  0.000000000 |          0.0 | -0.000000100  0.000000000,  0.000000000  0.000000000
CONST: 003 | 13 8.49e-05 5.8e-05 0.000112 3.5e-05 0.000167 0

ABS:   004 |  0.000086000  0.000058000  0.000112000  0.000035000  0.000167000  0.000000000 |         61.7 | -0.000026285  0.000056341, -0.000067351  0.000553447
DIFF:  004 |  0.000001100  0.000000000  0.000000000  0.000000000  0.000000000  0.000000000 |         -0.0 |  0.000001100 -0.000000000, -0.000000000 -0.000000000
MOVE:  004 |  0.000001000  0.000000000 -0.000000000  0.000000000  0.000000000  0.000000000 |         -0.0 |  0.000001000 -0.000000000, -0.000000000 -0.000000000
CONST: 004 | 13 8.6e-05 5.8e-05 0.000112 3.5e-05 0.000167 0

ABS:   005 |  0.000084000  0.000058000  0.000112000  0.000035000  0.000167000  0.000000000 |         61.7 | -0.000028285  0.000056341, -0.000067350  0.000553447
DIFF:  005 | -0.000002000  0.000000000  0.000000000  0.000000000  0.000000000  0.000000000 |          0.0 | -0.000002000  0.000000000,  0.000000000  0.000000000
MOVE:  005 | -0.000001000  0.000000000 -0.000000000  0.000000000  0.000000000  0.000000000 |          0.0 | -0.000001000  0.000000000,  0.000000000 -0.000000000
CONST: 005 | 13 8.4e-05 5.8e-05 0.000112 3.5e-05 0.000167 0

ABS:   006 |  0.000085000  0.000058100  0.000112000  0.000035000  0.000167000  0.000000000 |         61.7 | -0.000027254  0.000056344, -0.000067483  0.000553565
DIFF:  006 |  0.000001000  0.000000100  0.000000000  0.000000000  0.000000000  0.000000000 |          0.0 |  0.000001032  0.000000003, -0.000000132  0.000000118
MOVE:  006 |  0.000000000  0.000000100 -0.000000000  0.000000000  0.000000000  0.000000000 |          0.0 |  0.000000032  0.000000003, -0.000000132  0.000000118
CONST: 006 | 13 8.5e-05 5.81e-05 0.000112 3.5e-05 0.000167 0

ABS:   007 |  0.000085000  0.000057900  0.000112000  0.000035000  0.000167000  0.000000000 |         61.7 | -0.000027317  0.000056338, -0.000067404  0.000553452
DIFF:  007 |  0.000000000 -0.000000200  0.000000000  0.000000000  0.000000000  0.000000000 |         -0.0 | -0.000000064 -0.000000006,  0.000000079 -0.000000113
MOVE:  007 |  0.000000000 -0.000000100 -0.000000000  0.000000000  0.000000000  0.000000000 |          0.0 | -0.000000032 -0.000000003, -0.000000053  0.000000005
CONST: 007 | 13 8.5e-05 5.79e-05 0.000112 3.5e-05 0.000167 0

ABS:   008 |  0.000085000  0.000058010  0.000112000  0.000035000  0.000167000  0.000000000 |         61.7 | -0.000027282  0.000056342, -0.000067530  0.000553570
DIFF:  008 |  0.000000000  0.000000110  0.000000000  0.000000000  0.000000000  0.000000000 |          0.0 |  0.000000035  0.000000003, -0.000000127  0.000000118
MOVE:  008 |  0.000000000  0.000000010 -0.000000000  0.000000000  0.000000000  0.000000000 |          0.0 |  0.000000003  0.000000000, -0.000000180  0.000000123
CONST: 008 | 13 8.5e-05 5.801e-05 0.000112 3.5e-05 0.000167 0

ABS:   009 |  0.000085000  0.000057990  0.000112000  0.000035000  0.000167000  0.000000000 |         61.7 | -0.000027289  0.000056341, -0.000067356  0.000553447
DIFF:  009 |  0.000000000 -0.000000020  0.000000000  0.000000000  0.000000000  0.000000000 |         -0.0 | -0.000000006 -0.000000001,  0.000000175 -0.000000122
MOVE:  009 |  0.000000000 -0.000000010 -0.000000000  0.000000000  0.000000000  0.000000000 |          0.0 | -0.000000003 -0.000000000, -0.000000005  0.000000001
CONST: 009 | 13 8.5e-05 5.799e-05 0.000112 3.5e-05 0.000167 0

ABS:   010 |  0.000085000  0.000058001  0.000112000  0.000035000  0.000167000  0.000000000 |         61.7 | -0.000027285  0.000056341, -0.000067535  0.000553570
DIFF:  010 |  0.000000000  0.000000011  0.000000000  0.000000000  0.000000000  0.000000000 |          0.0 |  0.000000004  0.000000000, -0.000000180  0.000000123
MOVE:  010 |  0.000000000  0.000000001 -0.000000000  0.000000000  0.000000000  0.000000000 |          0.0 |  0.000000000  0.000000000, -0.000000185  0.000000123
CONST: 010 | 13 8.5e-05 5.8001e-05 0.000112 3.5e-05 0.000167 0

ABS:   011 |  0.000085000  0.000057999  0.000112000  0.000035000  0.000167000  0.000000000 |         61.7 | -0.000027286  0.000056341, -0.000067351  0.000553447
DIFF:  011 |  0.000000000 -0.000000002  0.000000000  0.000000000  0.000000000  0.000000000 |         -0.0 | -0.000000001 -0.000000000,  0.000000184 -0.000000123
MOVE:  011 |  0.000000000 -0.000000001 -0.000000000  0.000000000  0.000000000  0.000000000 |          0.0 | -0.000000000 -0.000000000, -0.000000001  0.000000000
CONST: 011 | 13 8.5e-05 5.7999e-05 0.000112 3.5e-05 0.000167 0

ABS:   012 |  0.000085000  0.000058000  0.000117002  0.000035000  0.000167000  0.000000000 |         61.5 | -0.000027286  0.000056341, -0.000069266  0.000552952
DIFF:  012 |  0.000000000  0.000000001  0.000005002  0.000000000  0.000000000  0.000000000 |         -0.1 | -0.000000000  0.000000000, -0.000001915 -0.000000495
MOVE:  012 |  0.000000000  0.000000000  0.000005002  0.000000000  0.000000000  0.000000000 |         -0.1 | -0.000000001  0.000000000, -0.000001915 -0.000000495
CONST: 012 | 13 8.5e-05 5.8e-05 0.000117002 3.5e-05 0.000167 0

ABS:   013 |  0.000085000  0.000058000  0.000106998  0.000035000  0.000167000  0.000000000 |         62.0 | -0.000027285  0.000056341, -0.000065781  0.000554490
DIFF:  013 |  0.000000000  0.000000000 -0.000010004  0.000000000  0.000000000  0.000000000 |          0.4 |  0.000000002 -0.000000000,  0.000003485  0.000001538
MOVE:  013 |  0.000000000  0.000000000 -0.000005002  0.000000000  0.000000000  0.000000000 |          0.3 |  0.000000001 -0.000000000,  0.000001569  0.000001044
CONST: 013 | 13 8.5e-05 5.8e-05 0.000106998 3.5e-05 0.000167 0

ABS:   014 |  0.000085000  0.000058000  0.000112500  0.000035000  0.000167000  0.000000000 |         61.6 | -0.000027286  0.000056341, -0.000067665  0.000553324
DIFF:  014 |  0.000000000  0.000000000  0.000005502  0.000000000  0.000000000  0.000000000 |         -0.3 | -0.000000001  0.000000000, -0.000001884 -0.000001167
MOVE:  014 |  0.000000000  0.000000000  0.000000500  0.000000000  0.000000000  0.000000000 |         -0.0 | -0.000000000  0.000000000, -0.000000315 -0.000000123
CONST: 014 | 13 8.5e-05 5.8e-05 0.0001125 3.5e-05 0.000167 0

ABS:   015 |  0.000085000  0.000058000  0.000111500  0.000035000  0.000167000  0.000000000 |         61.7 | -0.000027285  0.000056341, -0.000067036  0.000553570
DIFF:  015 |  0.000000000  0.000000000 -0.000001000  0.000000000  0.000000000  0.000000000 |          0.1 |  0.000000000 -0.000000000,  0.000000630  0.000000246
MOVE:  015 |  0.000000000  0.000000000 -0.000000500  0.000000000  0.000000000  0.000000000 |          0.0 |  0.000000000 -0.000000000,  0.000000315  0.000000123
CONST: 015 | 13 8.5e-05 5.8e-05 0.0001115 3.5e-05 0.000167 0

ABS:   016 |  0.000085000  0.000058000  0.000112370  0.000035000  0.000167000  0.000000000 |         61.7 | -0.000027286  0.000056341, -0.000067720  0.000553447
DIFF:  016 |  0.000000000  0.000000000  0.000000870  0.000000000  0.000000000  0.000000000 |         -0.0 | -0.000000000  0.000000000, -0.000000685 -0.000000123
MOVE:  016 |  0.000000000  0.000000000  0.000000370  0.000000000  0.000000000  0.000000000 |          0.0 | -0.000000000  0.000000000, -0.000000370 -0.000000000
CONST: 016 | 13 8.5e-05 5.8e-05 0.00011237 3.5e-05 0.000167 0

ABS:   017 |  0.000085000  0.000058000  0.000111630  0.000035000  0.000167000  0.000000000 |         61.7 | -0.000027285  0.000056341, -0.000067166  0.000553570
DIFF:  017 |  0.000000000  0.000000000 -0.000000740  0.000000000  0.000000000  0.000000000 |          0.0 |  0.000000000 -0.000000000,  0.000000555  0.000000123
MOVE:  017 |  0.000000000  0.000000000 -0.000000370  0.000000000  0.000000000  0.000000000 |          0.0 |  0.000000000 -0.000000000,  0.000000185  0.000000123
CONST: 017 | 13 8.5e-05 5.8e-05 0.00011163 3.5e-05 0.000167 0

ABS:   018 |  0.000085000  0.000058000  0.000112000  0.000039000  0.000167000  0.000000000 |         61.7 | -0.000027262  0.000056345, -0.000067489  0.000553445
DIFF:  018 |  0.000000000  0.000000000  0.000000370  0.000004000  0.000000000  0.000000000 |         -0.0 |  0.000000023  0.000000003, -0.000000323 -0.000000125
MOVE:  018 |  0.000000000  0.000000000 -0.000000000  0.000004000  0.000000000  0.000000000 |          0.0 |  0.000000023  0.000000003, -0.000000139 -0.000000002
CONST: 018 | 13 8.5e-05 5.8e-05 0.000112 3.9e-05 0.000167 0

ABS:   019 |  0.000085000  0.000058000  0.000112000  0.000031000  0.000167000  0.000000000 |         61.7 | -0.000027309  0.000056338, -0.000067397  0.000553572
DIFF:  019 |  0.000000000  0.000000000  0.000000000 -0.000008000  0.000000000  0.000000000 |          0.0 | -0.000000046 -0.000000007,  0.000000092  0.000000127
MOVE:  019 |  0.000000000  0.000000000 -0.000000000 -0.000004000  0.000000000  0.000000000 |          0.0 | -0.000000023 -0.000000003, -0.000000047  0.000000125
CONST: 019 | 13 8.5e-05 5.8e-05 0.000112 3.1e-05 0.000167 0

ABS:   020 |  0.000085000  0.000058000  0.000112000  0.000035400  0.000167000  0.000000000 |         61.7 | -0.000027283  0.000056342, -0.000067364  0.000553447
DIFF:  020 |  0.000000000  0.000000000  0.000000000  0.000004400  0.000000000  0.000000000 |         -0.0 |  0.000000026  0.000000004,  0.000000033 -0.000000125
MOVE:  020 |  0.000000000  0.000000000 -0.000000000  0.000000400  0.000000000  0.000000000 |          0.0 |  0.000000002  0.000000000, -0.000000014 -0.000000000
CONST: 020 | 13 8.5e-05 5.8e-05 0.000112 3.54e-05 0.000167 0

ABS:   021 |  0.000085000  0.000058000  0.000112000  0.000034600  0.000167000  0.000000000 |         61.7 | -0.000027288  0.000056341, -0.000067522  0.000553570
DIFF:  021 |  0.000000000  0.000000000  0.000000000 -0.000000800  0.000000000  0.000000000 |          0.0 | -0.000000005 -0.000000001, -0.000000158  0.000000124
MOVE:  021 |  0.000000000  0.000000000 -0.000000000 -0.000000400  0.000000000  0.000000000 |          0.0 | -0.000000002 -0.000000000, -0.000000172  0.000000123
CONST: 021 | 13 8.5e-05 5.8e-05 0.000112 3.46e-05 0.000167 0

ABS:   022 |  0.000085000  0.000058000  0.000112000  0.000035040  0.000167000  0.000000000 |         61.7 | -0.000027285  0.000056341, -0.000067352  0.000553447
DIFF:  022 |  0.000000000  0.000000000  0.000000000  0.000000440  0.000000000  0.000000000 |         -0.0 |  0.000000003  0.000000000,  0.000000170 -0.000000123
MOVE:  022 |  0.000000000  0.000000000 -0.000000000  0.000000040  0.000000000  0.000000000 |          0.0 |  0.000000000  0.000000000, -0.000000001 -0.000000000
CONST: 022 | 13 8.5e-05 5.8e-05 0.000112 3.504e-05 0.000167 0

ABS:   023 |  0.000085000  0.000058000  0.000112000  0.000034960  0.000167000  0.000000000 |         61.7 | -0.000027286  0.000056341, -0.000067349  0.000553447
DIFF:  023 |  0.000000000  0.000000000  0.000000000 -0.000000080  0.000000000  0.000000000 |         -0.0 | -0.000000000 -0.000000000,  0.000000003  0.000000000
MOVE:  023 |  0.000000000  0.000000000 -0.000000000 -0.000000040  0.000000000  0.000000000 |         -0.0 | -0.000000000 -0.000000000,  0.000000001  0.000000000
CONST: 023 | 13 8.5e-05 5.8e-05 0.000112 3.496e-05 0.000167 0

ABS:   024 |  0.000085000  0.000058000  0.000112000  0.000035000  0.000177001  0.000000000 |         61.7 | -0.000027437  0.000056387, -0.000067345  0.000553451
DIFF:  024 |  0.000000000  0.000000000  0.000000000  0.000000040  0.000010001  0.000000000 |          0.0 | -0.000000151  0.000000046,  0.000000004  0.000000004
MOVE:  024 |  0.000000000  0.000000000 -0.000000000  0.000000000  0.000010001  0.000000000 |          0.0 | -0.000000151  0.000000046,  0.000000005  0.000000004
CONST: 024 | 13 8.5e-05 5.8e-05 0.000112 3.5e-05 0.000177001 0

ABS:   025 |  0.000085000  0.000058000  0.000112000  0.000035000  0.000156999  0.000000000 |         61.7 | -0.000027134  0.000056299, -0.000067541  0.000553566
DIFF:  025 |  0.000000000  0.000000000  0.000000000  0.000000000 -0.000020001  0.000000000 |          0.0 |  0.000000303 -0.000000089, -0.000000196  0.000000115
MOVE:  025 |  0.000000000  0.000000000 -0.000000000  0.000000000 -0.000010001  0.000000000 |          0.0 |  0.000000151 -0.000000043, -0.000000191  0.000000119
CONST: 025 | 13 8.5e-05 5.8e-05 0.000112 3.5e-05 0.000156999 0

ABS:   026 |  0.000085000  0.000058000  0.000112000  0.000035000  0.000168000  0.000000000 |         61.7 | -0.000027301  0.000056346, -0.000067350  0.000553447
DIFF:  026 |  0.000000000  0.000000000  0.000000000  0.000000000  0.000011001  0.000000000 |         -0.0 | -0.000000167  0.000000047,  0.000000191 -0.000000119
MOVE:  026 |  0.000000000  0.000000000 -0.000000000  0.000000000  0.000001000  0.000000000 |          0.0 | -0.000000015  0.000000004,  0.000000001  0.000000000
CONST: 026 | 13 8.5e-05 5.8e-05 0.000112 3.5e-05 0.000168 0

ABS:   027 |  0.000085000  0.000058000  0.000112000  0.000035000  0.000166000  0.000000000 |         61.7 | -0.000027270  0.000056337, -0.000067536  0.000553570
DIFF:  027 |  0.000000000  0.000000000  0.000000000  0.000000000 -0.000002000  0.000000000 |          0.0 |  0.000000030 -0.000000009, -0.000000186  0.000000122
MOVE:  027 |  0.000000000  0.000000000 -0.000000000  0.000000000 -0.000001000  0.000000000 |          0.0 |  0.000000015 -0.000000004, -0.000000186  0.000000123
CONST: 027 | 13 8.5e-05 5.8e-05 0.000112 3.5e-05 0.000166 0

ABS:   028 |  0.000085000  0.000058000  0.000112000  0.000035000  0.000167100  0.000000000 |         61.7 | -0.000027287  0.000056342, -0.000067350  0.000553447
DIFF:  028 |  0.000000000  0.000000000  0.000000000  0.000000000  0.000001100  0.000000000 |         -0.0 | -0.000000017  0.000000005,  0.000000186 -0.000000123
MOVE:  028 |  0.000000000  0.000000000 -0.000000000  0.000000000  0.000000100  0.000000000 |          0.0 | -0.000000002  0.000000000,  0.000000000  0.000000000
CONST: 028 | 13 8.5e-05 5.8e-05 0.000112 3.5e-05 0.0001671 0

ABS:   029 |  0.000085000  0.000058000  0.000112000  0.000035000  0.000166900  0.000000000 |         61.7 | -0.000027284  0.000056341, -0.000067350  0.000553447
DIFF:  029 |  0.000000000  0.000000000  0.000000000  0.000000000 -0.000000200  0.000000000 |         -0.0 |  0.000000003 -0.000000001, -0.000000000 -0.000000000
MOVE:  029 |  0.000000000  0.000000000 -0.000000000  0.000000000 -0.000000100  0.000000000 |         -0.0 |  0.000000002 -0.000000000, -0.000000000 -0.000000000
CONST: 029 | 13 8.5e-05 5.8e-05 0.000112 3.5e-05 0.0001669 0

ABS:   030 |  0.000085000  0.000058000  0.000112000  0.000035000  0.000167000  0.000002000 |         61.7 | -0.000027292  0.000056341, -0.000067354  0.000553447
DIFF:  030 |  0.000000000  0.000000000  0.000000000  0.000000000  0.000000100  0.000002000 |          0.0 | -0.000000008  0.000000000, -0.000000003  0.000000000
MOVE:  030 |  0.000000000  0.000000000 -0.000000000  0.000000000  0.000000000  0.000002000 |          0.0 | -0.000000006 -0.000000000, -0.000000003  0.000000000
CONST: 030 | 13 8.5e-05 5.8e-05 0.000112 3.5e-05 0.000167 2.00001e-06

ABS:   031 |  0.000085000  0.000058000  0.000112000  0.000035000  0.000167000 -0.000002000 |         61.7 | -0.000027279  0.000056342, -0.000067533  0.000553570
DIFF:  031 |  0.000000000  0.000000000  0.000000000  0.000000000  0.000000000 -0.000004000 |          0.0 |  0.000000013  0.000000001, -0.000000179  0.000000123
MOVE:  031 |  0.000000000  0.000000000 -0.000000000  0.000000000  0.000000000 -0.000002000 |          0.0 |  0.000000006  0.000000000, -0.000000182  0.000000123
CONST: 031 | 13 8.5e-05 5.8e-05 0.000112 3.5e-05 0.000167 -2.00001e-06

ABS:   032 |  0.000085000  0.000058000  0.000112000  0.000035000  0.000167000  0.000000200 |         61.7 | -0.000027286  0.000056341, -0.000067351  0.000553447
DIFF:  032 |  0.000000000  0.000000000  0.000000000  0.000000000  0.000000000  0.000002200 |         -0.0 | -0.000000007 -0.000000000,  0.000000182 -0.000000123
MOVE:  032 |  0.000000000  0.000000000 -0.000000000  0.000000000  0.000000000  0.000000200 |          0.0 | -0.000000001 -0.000000000, -0.000000000  0.000000000
CONST: 032 | 13 8.5e-05 5.8e-05 0.000112 3.5e-05 0.000167 2.00001e-07

ABS:   033 |  0.000085000  0.000058000  0.000112000  0.000035000  0.000167000 -0.000000200 |         61.7 | -0.000027285  0.000056341, -0.000067350  0.000553447
DIFF:  033 |  0.000000000  0.000000000  0.000000000  0.000000000  0.000000000 -0.000000400 |         -0.0 |  0.000000001  0.000000000,  0.000000001 -0.000000000
MOVE:  033 |  0.000000000  0.000000000 -0.000000000  0.000000000  0.000000000 -0.000000200 |         -0.0 |  0.000000001  0.000000000,  0.000000000 -0.000000000
CONST: 033 | 13 8.5e-05 5.8e-05 0.000112 3.5e-05 0.000167 -2.00001e-07

ABS:   034 |  0.000085000  0.000058000  0.000112000  0.000035000  0.000167000  0.000002000 |         61.7 | -0.000027292  0.000056341, -0.000067354  0.000553447
DIFF:  034 |  0.000000000  0.000000000  0.000000000  0.000000000  0.000000000  0.000002200 |          0.0 | -0.000000007 -0.000000000, -0.000000004  0.000000000
MOVE:  034 |  0.000000000  0.000000000 -0.000000000  0.000000000  0.000000000  0.000002000 |          0.0 | -0.000000006 -0.000000000, -0.000000003  0.000000000
CONST: 034 | 13 8.5e-05 5.8e-05 0.000112 3.5e-05 0.000167 2.00001e-06

ABS:   035 |  0.000085000  0.000058000  0.000112000  0.000035000  0.000167000 -0.000002000 |         61.7 | -0.000027279  0.000056342, -0.000067533  0.000553570
DIFF:  035 |  0.000000000  0.000000000  0.000000000  0.000000000  0.000000000 -0.000004000 |          0.0 |  0.000000013  0.000000001, -0.000000179  0.000000123
MOVE:  035 |  0.000000000  0.000000000 -0.000000000  0.000000000  0.000000000 -0.000002000 |          0.0 |  0.000000006  0.000000000, -0.000000182  0.000000123
CONST: 035 | 13 8.5e-05 5.8e-05 0.000112 3.5e-05 0.000167 -2.00001e-06

ABS:   036 |  0.000111968  0.000058000  0.000112100 -0.001261580 -0.001687561  0.000000994 |         61.1 | -0.000008108  0.000067868, -0.000047338  0.000552466
DIFF:  036 |  0.000026968 -0.000000000  0.000000100 -0.001296580 -0.001854561  0.000002994 |         -0.6 |  0.000019171  0.000011526,  0.000020194 -0.000001103
MOVE:  036 |  0.000026968 -0.000000000  0.000000100 -0.001296580 -0.001854561  0.000000994 |         -0.6 |  0.000019177  0.000011527,  0.000020012 -0.000000980
CONST: 036 | 13 0.000111968 5.79995e-05 0.0001121 -0.00126158 -0.00168756 9.93558e-07

ABS:   037 |  0.000109066  0.000058000  0.000112089 -0.001122047 -0.001488019  0.000000887 |         61.1 | -0.000013672  0.000065080, -0.000049544  0.000552197
DIFF:  037 | -0.000002902  0.000000000 -0.000000011  0.000139533  0.000199542 -0.000000107 |         -0.1 | -0.000005564 -0.000002788, -0.000002206 -0.000000269
MOVE:  037 |  0.000024066 -0.000000000  0.000000089 -0.001157047 -0.001655019  0.000000887 |         -0.6 |  0.000013614  0.000008739,  0.000017806 -0.000001250
CONST: 037 | 13 0.000109066 5.79996e-05 0.000112089 -0.00112205 -0.00148802 8.86614e-07

ABS:   038 |  0.000104943  0.000058000  0.000112074 -0.000923818 -0.001204516  0.000000735 |         61.2 | -0.000013092  0.000056960, -0.000053120  0.000552439
DIFF:  038 | -0.000004123  0.000000000 -0.000000015  0.000198229  0.000283503 -0.000000152 |          0.1 |  0.000000580 -0.000008120, -0.000003576  0.000000241
MOVE:  038 |  0.000019943 -0.000000000  0.000000074 -0.000958818 -0.001371516  0.000000735 |         -0.5 |  0.000014193  0.000000619,  0.000014230 -0.000001008
CONST: 038 | 13 0.000104943 5.79996e-05 0.000112074 -0.000923818 -0.00120452 7.34696e-07

ABS:   039 |  0.000110509  0.000058000  0.000112089 -0.001122047 -0.001488019  0.000000887 |         61.1 | -0.000012229  0.000065080, -0.000049542  0.000552197
DIFF:  039 |  0.000005566 -0.000000000  0.000000015 -0.000198229 -0.000283503  0.000000152 |         -0.1 |  0.000000863  0.000008120,  0.000003578 -0.000000241
MOVE:  039 |  0.000025509 -0.000000000  0.000000089 -0.001157047 -0.001655019  0.000000887 |         -0.6 |  0.000015057  0.000008739,  0.000017808 -0.000001250
CONST: 039 | 13 0.000110509 5.79996e-05 0.000112089 -0.00112205 -0.00148802 8.86614e-07

ABS:   040 |  0.000107623  0.000058000  0.000112089 -0.001122047 -0.001488019  0.000000887 |         61.1 | -0.000015115  0.000065080, -0.000049547  0.000552197
DIFF:  040 | -0.000002886  0.000000000  0.000000000  0.000000000  0.000000000  0.000000000 |          0.0 | -0.000002886  0.000000000, -0.000000004 -0.000000000
MOVE:  040 |  0.000022623 -0.000000000  0.000000089 -0.001157047 -0.001655019  0.000000887 |         -0.6 |  0.000012171  0.000008739,  0.000017804 -0.000001250
CONST: 040 | 13 0.000107623 5.79996e-05 0.000112089 -0.00112205 -0.00148802 8.86614e-07

ABS:   041 |  0.000109066  0.000058000  0.000112089 -0.001122047 -0.001488019  0.000000887 |         61.1 | -0.000013672  0.000065080, -0.000049544  0.000552197
DIFF:  041 |  0.000001443  0.000000000  0.000000000  0.000000000  0.000000000  0.000000000 |         -0.0 |  0.000001443  0.000000000,  0.000000002 -0.000000000
MOVE:  041 |  0.000024066 -0.000000000  0.000000089 -0.001157047 -0.001655019  0.000000887 |         -0.6 |  0.000013614  0.000008739,  0.000017806 -0.000001250
CONST: 041 | 13 0.000109066 5.79997e-05 0.000112089 -0.00112205 -0.00148802 8.86614e-07

ABS:   042 |  0.000109066  0.000057999  0.000112089 -0.001122047 -0.001488019  0.000000887 |         61.1 | -0.000013672  0.000065080, -0.000049544  0.000552197
DIFF:  042 |  0.000000000 -0.000000000  0.000000000  0.000000000  0.000000000  0.000000000 |          0.0 | -0.000000000 -0.000000000, -0.000000000  0.000000000
MOVE:  042 |  0.000024066 -0.000000001  0.000000089 -0.001157047 -0.001655019  0.000000887 |         -0.6 |  0.000013614  0.000008739,  0.000017806 -0.000001250
CONST: 042 | 13 0.000109066 5.79995e-05 0.000112089 -0.00112205 -0.00148802 8.86614e-07

ABS:   043 |  0.000109066  0.000058001  0.000112089 -0.001122047 -0.001488019  0.000000887 |         61.1 | -0.000013671  0.000065080, -0.000049544  0.000552197
DIFF:  043 |  0.000000000  0.000000001  0.000000000  0.000000000  0.000000000  0.000000000 |         -0.0 |  0.000000000  0.000000000,  0.000000001 -0.000000000
MOVE:  043 |  0.000024066  0.000000001  0.000000089 -0.001157047 -0.001655019  0.000000887 |         -0.6 |  0.000013614  0.000008739,  0.000017807 -0.000001250
CONST: 043 | 13 0.000109066 5.80006e-05 0.000112089 -0.00112205 -0.00148802 8.86614e-07

ABS:   044 |  0.000109066  0.000057999  0.000112089 -0.001122047 -0.001488019  0.000000887 |         61.1 | -0.000013672  0.000065080, -0.000049545  0.000552197
DIFF:  044 |  0.000000000 -0.000000002  0.000000000  0.000000000  0.000000000  0.000000000 |          0.0 | -0.000000001 -0.000000000, -0.000000001  0.000000000
MOVE:  044 |  0.000024066 -0.000000001  0.000000089 -0.001157047 -0.001655019  0.000000887 |         -0.6 |  0.000013613  0.000008739,  0.000017805 -0.000001250
CONST: 044 | 13 0.000109066 5.79986e-05 0.000112089 -0.00112205 -0.00148802 8.86614e-07

ABS:   045 |  0.000109066  0.000058000  0.000112126 -0.001122047 -0.001488019  0.000000887 |         61.1 | -0.000013672  0.000065080, -0.000049581  0.000552197
DIFF:  045 |  0.000000000  0.000000001  0.000000037  0.000000000  0.000000000  0.000000000 |          0.0 |  0.000000000  0.000000000, -0.000000036 -0.000000000
MOVE:  045 |  0.000024066 -0.000000000  0.000000126 -0.001157047 -0.001655019  0.000000887 |         -0.6 |  0.000013614  0.000008739,  0.000017769 -0.000001250
CONST: 045 | 13 0.000109066 5.79996e-05 0.000112126 -0.00112205 -0.00148802 8.86614e-07

ABS:   046 |  0.000109066  0.000058000  0.000112052 -0.001122047 -0.001488019  0.000000887 |         61.1 | -0.000013672  0.000065080, -0.000049507  0.000552197
DIFF:  046 |  0.000000000  0.000000000 -0.000000074  0.000000000  0.000000000  0.000000000 |         -0.0 | -0.000000000  0.000000000,  0.000000074 -0.000000000
MOVE:  046 |  0.000024066 -0.000000000  0.000000052 -0.001157047 -0.001655019  0.000000887 |         -0.6 |  0.000013614  0.000008739,  0.000017843 -0.000001250
CONST: 046 | 13 0.000109066 5.79996e-05 0.000112052 -0.00112205 -0.00148802 8.86614e-07

ABS:   047 |  0.000109066  0.000058000  0.000112362 -0.001122047 -0.001488019  0.000000887 |         61.1 | -0.000013671  0.000065080, -0.000049817  0.000552197
DIFF:  047 |  0.000000000  0.000000000  0.000000310  0.000000000  0.000000000  0.000000000 |          0.0 |  0.000000000 -0.000000000, -0.000000310  0.000000000
MOVE:  047 |  0.000024066 -0.000000000  0.000000362 -0.001157047 -0.001655019  0.000000887 |         -0.6 |  0.000013614  0.000008739,  0.000017533 -0.000001250
CONST: 047 | 13 0.000109066 5.79996e-05 0.000112362 -0.00112205 -0.00148802 8.86614e-07

ABS:   048 |  0.000109066  0.000058000  0.000111816 -0.001122047 -0.001488019  0.000000887 |         61.0 | -0.000013672  0.000065080, -0.000049478  0.000552032
DIFF:  048 |  0.000000000  0.000000000 -0.000000546  0.000000000  0.000000000  0.000000000 |         -0.1 | -0.000000001  0.000000000,  0.000000340 -0.000000165
MOVE:  048 |  0.000024066 -0.000000000 -0.000000184 -0.001157047 -0.001655019  0.000000887 |         -0.7 |  0.000013613  0.000008739,  0.000017873 -0.000001415
CONST: 048 | 13 0.000109066 5.79996e-05 0.000111816 -0.00112205 -0.00148802 8.86614e-07

ABS:   049 |  0.000109066  0.000058000  0.000112116 -0.001122047 -0.001488019  0.000000887 |         61.1 | -0.000013672  0.000065080, -0.000049572  0.000552197
DIFF:  049 |  0.000000000  0.000000000  0.000000300  0.000000000  0.000000000  0.000000000 |          0.0 |  0.000000000 -0.000000000, -0.000000094  0.000000165
MOVE:  049 |  0.000024066 -0.000000000  0.000000116 -0.001157047 -0.001655019  0.000000887 |         -0.6 |  0.000013614  0.000008739,  0.000017779 -0.000001250
CONST: 049 | 13 0.000109066 5.79996e-05 0.000112116 -0.00112205 -0.00148802 8.86614e-07

ABS:   050 |  0.000109066  0.000058000  0.000112062 -0.001122047 -0.001488019  0.000000887 |         61.1 | -0.000013672  0.000065080, -0.000049517  0.000552197
DIFF:  050 |  0.000000000  0.000000000 -0.000000055  0.000000000  0.000000000  0.000000000 |         -0.0 | -0.000000000  0.000000000,  0.000000055 -0.000000000
MOVE:  050 |  0.000024066 -0.000000000  0.000000062 -0.001157047 -0.001655019  0.000000887 |         -0.6 |  0.000013614  0.000008739,  0.000017833 -0.000001250
CONST: 050 | 13 0.000109066 5.79996e-05 0.000112062 -0.00112205 -0.00148802 8.86614e-07

ABS:   051 |  0.000109066  0.000058000  0.000112089 -0.001121647 -0.001488019  0.000000887 |         61.1 | -0.000013670  0.000065083, -0.000049558  0.000552197
DIFF:  051 |  0.000000000  0.000000000  0.000000027  0.000000400  0.000000000  0.000000000 |          0.0 |  0.000000002  0.000000002, -0.000000041 -0.000000000
MOVE:  051 |  0.000024066 -0.000000000  0.000000089 -0.001156647 -0.001655019  0.000000887 |         -0.6 |  0.000013616  0.000008741,  0.000017792 -0.000001250
CONST: 051 | 13 0.000109066 5.79996e-05 0.000112089 -0.00112165 -0.00148802 8.86614e-07

ABS:   052 |  0.000109066  0.000058000  0.000112089 -0.001122447 -0.001488019  0.000000887 |         61.1 | -0.000013674  0.000065078, -0.000049531  0.000552198
DIFF:  052 |  0.000000000  0.000000000  0.000000000 -0.000000800  0.000000000  0.000000000 |         -0.0 | -0.000000004 -0.000000005,  0.000000028  0.000000001
MOVE:  052 |  0.000024066 -0.000000000  0.000000089 -0.001157447 -0.001655019  0.000000887 |         -0.6 |  0.000013612  0.000008736,  0.000017820 -0.000001249
CONST: 052 | 13 0.000109066 5.79996e-05 0.000112089 -0.00112245 -0.00148802 8.86614e-07

ABS:   053 |  0.000109066  0.000058000  0.000112089 -0.001118048 -0.001488019  0.000000887 |         61.1 | -0.000013652  0.000065105, -0.000049683  0.000552194
DIFF:  053 |  0.000000000  0.000000000  0.000000000  0.000004399  0.000000000  0.000000000 |          0.0 |  0.000000021  0.000000027, -0.000000153 -0.000000003
MOVE:  053 |  0.000024066 -0.000000000  0.000000089 -0.001153048 -0.001655019  0.000000887 |         -0.6 |  0.000013633  0.000008763,  0.000017667 -0.000001253
CONST: 053 | 13 0.000109066 5.79996e-05 0.000112089 -0.00111805 -0.00148802 8.86614e-07

ABS:   054 |  0.000109066  0.000058000  0.000112089 -0.001126046 -0.001488019  0.000000887 |         61.0 | -0.000013691  0.000065056, -0.000049611  0.000552035
DIFF:  054 |  0.000000000  0.000000000  0.000000000 -0.000007998  0.000000000  0.000000000 |         -0.0 | -0.000000039 -0.000000049,  0.000000072 -0.000000159
MOVE:  054 |  0.000024066 -0.000000000  0.000000089 -0.001161046 -0.001655019  0.000000887 |         -0.6 |  0.000013594  0.000008715,  0.000017739 -0.000001412
CONST: 054 | 13 0.000109066 5.79996e-05 0.000112089 -0.00112605 -0.00148802 8.86614e-07

ABS:   055 |  0.000109066  0.000058000  0.000112089 -0.001121647 -0.001488019  0.000000887 |         61.1 | -0.000013670  0.000065083, -0.000049558  0.000552197
DIFF:  055 |  0.000000000  0.000000000  0.000000000  0.000004399  0.000000000  0.000000000 |          0.0 |  0.000000021  0.000000027,  0.000000053  0.000000162
MOVE:  055 |  0.000024066 -0.000000000  0.000000089 -0.001156647 -0.001655019  0.000000887 |         -0.6 |  0.000013616  0.000008741,  0.000017792 -0.000001250
CONST: 055 | 13 0.000109066 5.79996e-05 0.000112089 -0.00112165 -0.00148802 8.86614e-07

ABS:   056 |  0.000109066  0.000058000  0.000112089 -0.001122447 -0.001488019  0.000000887 |         61.1 | -0.000013674  0.000065078, -0.000049531  0.000552198
DIFF:  056 |  0.000000000  0.000000000  0.000000000 -0.000000800  0.000000000  0.000000000 |         -0.0 | -0.000000004 -0.000000005,  0.000000028  0.000000001
MOVE:  056 |  0.000024066 -0.000000000  0.000000089 -0.001157447 -0.001655019  0.000000887 |         -0.6 |  0.000013612  0.000008736,  0.000017820 -0.000001249
CONST: 056 | 13 0.000109066 5.79996e-05 0.000112089 -0.00112245 -0.00148802 8.86614e-07

ABS:   057 |  0.000109066  0.000058000  0.000112089 -0.001122047 -0.001487019  0.000000887 |         61.1 | -0.000013689  0.000065063, -0.000049544  0.000552198
DIFF:  057 |  0.000000000  0.000000000  0.000000000  0.000000400  0.000001000  0.000000000 |          0.0 | -0.000000015 -0.000000014, -0.000000013  0.000000000
MOVE:  057 |  0.000024066 -0.000000000  0.000000089 -0.001157047 -0.001654019  0.000000887 |         -0.6 |  0.000013597  0.000008722,  0.000017807 -0.000001249
CONST: 057 | 13 0.000109066 5.79996e-05 0.000112089 -0.00112205 -0.00148702 8.86614e-07

ABS:   058 |  0.000109066  0.000058000  0.000112089 -0.001122047 -0.001489018  0.000000887 |         61.1 | -0.000013655  0.000065097, -0.000049545  0.000552197
DIFF:  058 |  0.000000000  0.000000000  0.000000000  0.000000000 -0.000001999  0.000000000 |         -0.0 |  0.000000033  0.000000034, -0.000000001 -0.000000001
MOVE:  058 |  0.000024066 -0.000000000  0.000000089 -0.001157047 -0.001656018  0.000000887 |         -0.6 |  0.000013630  0.000008756,  0.000017805 -0.000001250
CONST: 058 | 13 0.000109066 5.79996e-05 0.000112089 -0.00112205 -0.00148902 8.86614e-07

ABS:   059 |  0.000109066  0.000058000  0.000112089 -0.001122047 -0.001478024  0.000000887 |         61.1 | -0.000013839  0.000064913, -0.000049539  0.000552201
DIFF:  059 |  0.000000000  0.000000000  0.000000000  0.000000000  0.000010995  0.000000000 |          0.0 | -0.000000184 -0.000000184,  0.000000006  0.000000004
MOVE:  059 |  0.000024066 -0.000000000  0.000000089 -0.001157047 -0.001645024  0.000000887 |         -0.6 |  0.000013446  0.000008572,  0.000017811 -0.000001246
CONST: 059 | 13 0.000109066 5.79996e-05 0.000112089 -0.00112205 -0.00147802 8.86614e-07

ABS:   060 |  0.000109066  0.000058000  0.000112089 -0.001122047 -0.001498014  0.000000887 |         61.1 | -0.000013504  0.000065250, -0.000049550  0.000552194
DIFF:  060 |  0.000000000  0.000000000  0.000000000  0.000000000 -0.000019990  0.000000000 |         -0.0 |  0.000000335  0.000000337, -0.000000010 -0.000000007
MOVE:  060 |  0.000024066 -0.000000000  0.000000089 -0.001157047 -0.001665014  0.000000887 |         -0.6 |  0.000013781  0.000008908,  0.000017801 -0.000001253
CONST: 060 | 13 0.000109066 5.79996e-05 0.000112089 -0.00112205 -0.00149801 8.86614e-07

ABS:   061 |  0.000109066  0.000058000  0.000112089 -0.001122047 -0.001488019  0.000001087 |         61.1 | -0.000013672  0.000065080, -0.000049545  0.000552197
DIFF:  061 |  0.000000000  0.000000000  0.000000000  0.000000000  0.000009995  0.000000200 |          0.0 | -0.000000168 -0.000000169,  0.000000005  0.000000003
MOVE:  061 |  0.000024066 -0.000000000  0.000000089 -0.001157047 -0.001655019  0.000001087 |         -0.6 |  0.000013613  0.000008739,  0.000017806 -0.000001250
CONST: 061 | 13 0.000109066 5.79996e-05 0.000112089 -0.00112205 -0.00148802 1.08661e-06

ABS:   062 |  0.000109066  0.000058000  0.000112089 -0.001122047 -0.001488019  0.000000687 |         61.1 | -0.000013671  0.000065080, -0.000049544  0.000552197
DIFF:  062 |  0.000000000  0.000000000  0.000000000  0.000000000  0.000000000 -0.000000400 |         -0.0 |  0.000000001  0.000000000,  0.000000001 -0.000000000
MOVE:  062 |  0.000024066 -0.000000000  0.000000089 -0.001157047 -0.001655019  0.000000687 |         -0.6 |  0.000013614  0.000008739,  0.000017806 -0.000001250
CONST: 062 | 13 0.000109066 5.79996e-05 0.000112089 -0.00112205 -0.00148802 6.86614e-07

ABS:   063 |  0.000109066  0.000058000  0.000112089 -0.001122047 -0.001488019  0.000002887 |         61.1 | -0.000013678  0.000065079, -0.000049548  0.000552197
DIFF:  063 |  0.000000000  0.000000000  0.000000000  0.000000000  0.000000000  0.000002200 |          0.0 | -0.000000007 -0.000000001, -0.000000003  0.000000000
MOVE:  063 |  0.000024066 -0.000000000  0.000000089 -0.001157047 -0.001655019  0.000002887 |         -0.6 |  0.000013607  0.000008738,  0.000017803 -0.000001249
CONST: 063 | 13 0.000109066 5.79996e-05 0.000112089 -0.00112205 -0.00148802 2.88662e-06

ABS:   064 |  0.000109066  0.000058000  0.000112089 -0.001122047 -0.001488019 -0.000001113 |         61.1 | -0.000013666  0.000065081, -0.000049541  0.000552197
DIFF:  064 |  0.000000000  0.000000000  0.000000000  0.000000000  0.000000000 -0.000004000 |         -0.0 |  0.000000012  0.000000002,  0.000000006 -0.000000000
MOVE:  064 |  0.000024066 -0.000000000  0.000000089 -0.001157047 -0.001655019 -0.000001113 |         -0.6 |  0.000013620  0.000008740,  0.000017809 -0.000001250
CONST: 064 | 13 0.000109066 5.79996e-05 0.000112089 -0.00112205 -0.00148802 -1.11339e-06

ABS:   065 |  0.000149611  0.000058000  0.000111919 -0.003089993 -0.004026074  0.000000778 |         62.3 | -0.000009179  0.000069498, -0.000017633  0.000557586
DIFF:  065 |  0.000040545  0.000000000 -0.000000170 -0.001967946 -0.002538055  0.000001891 |          1.2 |  0.000004486  0.000004416,  0.000031908  0.000005389
MOVE:  065 |  0.000064611 -0.000000000 -0.000000081 -0.003124993 -0.004193074  0.000000778 |          0.6 |  0.000018106  0.000013156,  0.000049717  0.000004139
CONST: 065 | 13 0.000149611 5.79996e-05 0.000111919 -0.00308999 -0.00402607 7.77774e-07

ABS:   066 |  0.000119014  0.000058000  0.000112047 -0.001604881 -0.002111011  0.000000860 |         61.2 | -0.000014987  0.000071011, -0.000041992  0.000553140
DIFF:  066 | -0.000030597 -0.000000000  0.000000128  0.001485112  0.001915063  0.000000082 |         -1.0 | -0.000005807  0.000001513, -0.000024359 -0.000004446
MOVE:  066 |  0.000034014 -0.000000000  0.000000047 -0.001639881 -0.002278011  0.000000860 |         -0.4 |  0.000012299  0.000014669,  0.000025359 -0.000000307
CONST: 066 | 13 0.000119014 5.79996e-05 0.000112047 -0.00160488 -0.00211101 8.59926e-07

ABS:   067 |  0.000112072  0.000058000  0.000112077 -0.001267965 -0.001676309  0.000000879 |         61.1 | -0.000008223  0.000067603, -0.000047087  0.000552475
DIFF:  067 | -0.000006942 -0.000000000  0.000000029  0.000336915  0.000434702  0.000000019 |         -0.1 |  0.000006764 -0.000003408, -0.000005095 -0.000000665
MOVE:  067 |  0.000027072 -0.000000000  0.000000077 -0.001302965 -0.001843309  0.000000879 |         -0.6 |  0.000019063  0.000011261,  0.000020264 -0.000000972
CONST: 067 | 13 0.000112072 5.79996e-05 0.000112077 -0.00126797 -0.00167631 8.7855e-07

ABS:   068 |  0.000110027  0.000058000  0.000112085 -0.001168709 -0.001548232  0.000000884 |         61.1 | -0.000011929  0.000065835, -0.000049113  0.000552404
DIFF:  068 | -0.000002045 -0.000000000  0.000000009  0.000099256  0.000128077  0.000000005 |          0.0 | -0.000003706 -0.000001767, -0.000002027 -0.000000071
MOVE:  068 |  0.000025027 -0.000000000  0.000000085 -0.001203709 -0.001715232  0.000000884 |         -0.5 |  0.000015356  0.000009494,  0.000018237 -0.000001043
CONST: 068 | 13 0.000110027 5.79996e-05 0.000112085 -0.00116871 -0.00154823 8.84035e-07

ABS:   069 |  0.000109218  0.000058000  0.000112089 -0.001129427 -0.001497542  0.000000886 |         61.0 | -0.000013396  0.000065196, -0.000049498  0.000552035
DIFF:  069 | -0.000000809 -0.000000000  0.000000003  0.000039283  0.000050690  0.000000002 |         -0.1 | -0.000001467 -0.000000639, -0.000000385 -0.000000369
MOVE:  069 |  0.000024218 -0.000000000  0.000000089 -0.001164427 -0.001664542  0.000000886 |         -0.7 |  0.000013889  0.000008855,  0.000017852 -0.000001412
CONST: 069 | 13 0.000109218 5.79996e-05 0.000112089 -0.00112943 -0.00149754 8.86207e-07

ABS:   070 |  0.000109480  0.000058000  0.000112087 -0.001142136 -0.001513942  0.000000886 |         61.0 | -0.000012921  0.000065399, -0.000049063  0.000552040
DIFF:  070 |  0.000000262  0.000000000 -0.000000001 -0.000012709 -0.000016400 -0.000000001 |         -0.0 |  0.000000475  0.000000203,  0.000000435  0.000000005
MOVE:  070 |  0.000024480 -0.000000000  0.000000087 -0.001177136 -0.001680942  0.000000886 |         -0.7 |  0.000014364  0.000009058,  0.000018287 -0.000001407
CONST: 070 | 13 0.00010948 5.79996e-05 0.000112087 -0.00114214 -0.00151394 8.85504e-07

ABS:   071 |  0.000109369  0.000058000  0.000112088 -0.001136779 -0.001507029  0.000000886 |         61.0 | -0.000013122  0.000065313, -0.000049246  0.000552038
DIFF:  071 | -0.000000110 -0.000000000  0.000000000  0.000005357  0.000006912  0.000000000 |          0.0 | -0.000000200 -0.000000086, -0.000000183 -0.000000002
MOVE:  071 |  0.000024369 -0.000000000  0.000000088 -0.001171779 -0.001674029  0.000000886 |         -0.7 |  0.000014164  0.000008972,  0.000018104 -0.000001409
CONST: 071 | 13 0.000109369 5.79996e-05 0.000112088 -0.00113678 -0.00150703 8.858e-07

ABS:   072 |  0.000109979  0.000058000  0.000112085 -0.001166376 -0.001545222  0.000000884 |         61.1 | -0.000012016  0.000065796, -0.000049193  0.000552403
DIFF:  072 |  0.000000610  0.000000000 -0.000000003 -0.000029597 -0.000038192 -0.000000002 |          0.1 |  0.000001105  0.000000483,  0.000000053  0.000000366
MOVE:  072 |  0.000024979 -0.000000000  0.000000085 -0.001201376 -0.001712222  0.000000884 |         -0.5 |  0.000015269  0.000009455,  0.000018157 -0.000001044
CONST: 072 | 13 0.000109979 5.79996e-05 0.000112085 -0.00116638 -0.00154522 8.84164e-07

ABS:   073 |  0.000109730  0.000058000  0.000112086 -0.001154256 -0.001529582  0.000000885 |         61.0 | -0.000012469  0.000065596, -0.000048648  0.000552044
DIFF:  073 | -0.000000250 -0.000000000  0.000000001  0.000012120  0.000015640  0.000000001 |         -0.1 | -0.000000453 -0.000000200,  0.000000545 -0.000000359
MOVE:  073 |  0.000024730 -0.000000000  0.000000086 -0.001189256 -0.001696582  0.000000885 |         -0.7 |  0.000014817  0.000009255,  0.000018702 -0.000001403
CONST: 073 | 13 0.00010973 5.79996e-05 0.000112086 -0.00115426 -0.00152958 8.84834e-07

ABS:   074 |  0.000109931  0.000058000  0.000112086 -0.001164043 -0.001542211  0.000000884 |         61.1 | -0.000012103  0.000065758, -0.000049085  0.000552273
DIFF:  074 |  0.000000202  0.000000000 -0.000000001 -0.000009787 -0.000012629 -0.000000001 |          0.1 |  0.000000366  0.000000161, -0.000000436  0.000000229
MOVE:  074 |  0.000024931 -0.000000000  0.000000086 -0.001199043 -0.001709211  0.000000884 |         -0.6 |  0.000015182  0.000009416,  0.000018266 -0.000001174
CONST: 074 | 13 0.000109931 5.79996e-05 0.000112086 -0.00116404 -0.00154221 8.84293e-07

ABS:   075 |  0.000109830  0.000058000  0.000112086 -0.001159150 -0.001535896  0.000000885 |         61.0 | -0.000012286  0.000065677, -0.000049064  0.000552141
DIFF:  075 | -0.000000101 -0.000000000  0.000000000  0.000004894  0.000006315  0.000000000 |         -0.0 | -0.000000183 -0.000000081,  0.000000021 -0.000000132
MOVE:  075 |  0.000024830 -0.000000000  0.000000086 -0.001194150 -0.001702896  0.000000885 |         -0.6 |  0.000014999  0.000009335,  0.000018287 -0.000001306
CONST: 075 | 13 0.00010983 5.79996e-05 0.000112086 -0.00115915 -0.0015359 8.84564e-07

ABS:   076 |  0.000111115  0.000058000  0.000112086 -0.001154256 -0.001529582  0.000000885 |         61.0 | -0.000011083  0.000065596, -0.000048646  0.000552044
DIFF:  076 |  0.000001285 -0.000000000  0.000000000  0.000004894  0.000006315  0.000000000 |         -0.0 |  0.000001203 -0.000000080,  0.000000418 -0.000000097
MOVE:  076 |  0.000026115 -0.000000000  0.000000086 -0.001189256 -0.001696582  0.000000885 |         -0.7 |  0.000016203  0.000009255,  0.000018704 -0.000001403
CONST: 076 | 13 0.000111115 5.79996e-05 0.000112086 -0.00115426 -0.00152958 8.84834e-07

ABS:   077 |  0.000108344  0.000058000  0.000112086 -0.001154256 -0.001529582  0.000000885 |         61.0 | -0.000013855  0.000065596, -0.000048650  0.000552044
DIFF:  077 | -0.000002772  0.000000000  0.000000000  0.000000000  0.000000000  0.000000000 |          0.0 | -0.000002772  0.000000000, -0.000000004 -0.000000000
MOVE:  077 |  0.000023344 -0.000000000  0.000000086 -0.001189256 -0.001696582  0.000000885 |         -0.7 |  0.000013431  0.000009255,  0.000018700 -0.000001403
CONST: 077 | 13 0.000108344 5.79996e-05 0.000112086 -0.00115426 -0.00152958 8.84834e-07

ABS:   078 |  0.000109730  0.000058010  0.000112086 -0.001154256 -0.001529582  0.000000885 |         61.0 | -0.000012466  0.000065596, -0.000048643  0.000552044
DIFF:  078 |  0.000001386  0.000000010  0.000000000  0.000000000  0.000000000  0.000000000 |         -0.0 |  0.000001389  0.000000000,  0.000000007 -0.000000000
MOVE:  078 |  0.000024730  0.000000010  0.000000086 -0.001189256 -0.001696582  0.000000885 |         -0.7 |  0.000014820  0.000009255,  0.000018708 -0.000001403
CONST: 078 | 13 0.00010973 5.80096e-05 0.000112086 -0.00115426 -0.00152958 8.84834e-07

ABS:   079 |  0.000109730  0.000057990  0.000112086 -0.001154256 -0.001529582  0.000000885 |         61.0 | -0.000012472  0.000065596, -0.000048653  0.000552045
DIFF:  079 |  0.000000000 -0.000000020  0.000000000  0.000000000  0.000000000  0.000000000 |          0.0 | -0.000000006 -0.000000001, -0.000000011  0.000000001
MOVE:  079 |  0.000024730 -0.000000010  0.000000086 -0.001189256 -0.001696582  0.000000885 |         -0.7 |  0.000014814  0.000009254,  0.000018697 -0.000001402
CONST: 079 | 13 0.00010973 5.79896e-05 0.000112086 -0.00115426 -0.00152958 8.84834e-07

ABS:   080 |  0.000109730  0.000058000  0.000112359 -0.001154256 -0.001529582  0.000000885 |         61.0 | -0.000012469  0.000065596, -0.000048921  0.000552044
DIFF:  080 |  0.000000000  0.000000010  0.000000273  0.000000000  0.000000000  0.000000000 |          0.0 |  0.000000003  0.000000000, -0.000000268 -0.000000000
MOVE:  080 |  0.000024730 -0.000000000  0.000000359 -0.001189256 -0.001696582  0.000000885 |         -0.7 |  0.000014817  0.000009255,  0.000018429 -0.000001403
CONST: 080 | 13 0.00010973 5.79996e-05 0.000112359 -0.00115426 -0.00152958 8.84834e-07

ABS:   081 |  0.000109730  0.000058000  0.000111814 -0.001154256 -0.001529582  0.000000885 |         61.1 | -0.000012469  0.000065596, -0.000049147  0.000552269
DIFF:  081 |  0.000000000  0.000000000 -0.000000545  0.000000000  0.000000000  0.000000000 |          0.1 | -0.000000001  0.000000000, -0.000000226  0.000000225
MOVE:  081 |  0.000024730 -0.000000000 -0.000000186 -0.001189256 -0.001696582  0.000000885 |         -0.6 |  0.000014816  0.000009255,  0.000018204 -0.000001178
CONST: 081 | 13 0.00010973 5.79996e-05 0.000111814 -0.00115426 -0.00152958 8.84834e-07

ABS:   082 |  0.000109730  0.000058000  0.000112114 -0.001154256 -0.001529582  0.000000885 |         61.0 | -0.000012469  0.000065596, -0.000048675  0.000552044
DIFF:  082 |  0.000000000  0.000000000  0.000000300  0.000000000  0.000000000  0.000000000 |         -0.1 |  0.000000000 -0.000000000,  0.000000471 -0.000000225
MOVE:  082 |  0.000024730 -0.000000000  0.000000114 -0.001189256 -0.001696582  0.000000885 |         -0.7 |  0.000014817  0.000009255,  0.000018675 -0.000001403
CONST: 082 | 13 0.00010973 5.79996e-05 0.000112114 -0.00115426 -0.00152958 8.84834e-07

ABS:   083 |  0.000109730  0.000058000  0.000112059 -0.001154256 -0.001529582  0.000000885 |         61.0 | -0.000012469  0.000065596, -0.000048621  0.000552044
DIFF:  083 |  0.000000000  0.000000000 -0.000000055  0.000000000  0.000000000  0.000000000 |         -0.0 | -0.000000000  0.000000000,  0.000000055 -0.000000000
MOVE:  083 |  0.000024730 -0.000000000  0.000000059 -0.001189256 -0.001696582  0.000000885 |         -0.7 |  0.000014817  0.000009255,  0.000018730 -0.000001403
CONST: 083 | 13 0.00010973 5.79996e-05 0.000112059 -0.00115426 -0.00152958 8.84834e-07

ABS:   084 |  0.000109730  0.000058000  0.000112359 -0.001154256 -0.001529582  0.000000885 |         61.0 | -0.000012469  0.000065596, -0.000048921  0.000552044
DIFF:  084 |  0.000000000  0.000000000  0.000000300  0.000000000  0.000000000  0.000000000 |          0.0 |  0.000000000 -0.000000000, -0.000000300  0.000000000
MOVE:  084 |  0.000024730 -0.000000000  0.000000359 -0.001189256 -0.001696582  0.000000885 |         -0.7 |  0.000014817  0.000009255,  0.000018429 -0.000001403
CONST: 084 | 13 0.00010973 5.79996e-05 0.000112359 -0.00115426 -0.00152958 8.84834e-07

ABS:   085 |  0.000109730  0.000058000  0.000111814 -0.001154256 -0.001529582  0.000000885 |         61.1 | -0.000012469  0.000065596, -0.000049147  0.000552269
DIFF:  085 |  0.000000000  0.000000000 -0.000000545  0.000000000  0.000000000  0.000000000 |          0.1 | -0.000000001  0.000000000, -0.000000226  0.000000225
MOVE:  085 |  0.000024730 -0.000000000 -0.000000186 -0.001189256 -0.001696582  0.000000885 |         -0.6 |  0.000014816  0.000009255,  0.000018204 -0.000001178
CONST: 085 | 13 0.00010973 5.79996e-05 0.000111814 -0.00115426 -0.00152958 8.84834e-07

ABS:   086 |  0.000109730  0.000058000  0.000112086 -0.001150257 -0.001529582  0.000000885 |         61.0 | -0.000012449  0.000065621, -0.000048787  0.000552041
DIFF:  086 |  0.000000000  0.000000000  0.000000273  0.000003999  0.000000000  0.000000000 |         -0.1 |  0.000000020  0.000000025,  0.000000359 -0.000000228
MOVE:  086 |  0.000024730 -0.000000000  0.000000086 -0.001185257 -0.001696582  0.000000885 |         -0.7 |  0.000014836  0.000009280,  0.000018563 -0.000001406
CONST: 086 | 13 0.00010973 5.79996e-05 0.000112086 -0.00115026 -0.00152958 8.84834e-07

ABS:   087 |  0.000109730  0.000058000  0.000112086 -0.001158255 -0.001529582  0.000000885 |         61.0 | -0.000012488  0.000065571, -0.000048904  0.000552013
DIFF:  087 |  0.000000000  0.000000000  0.000000000 -0.000007998  0.000000000  0.000000000 |         -0.0 | -0.000000039 -0.000000050, -0.000000116 -0.000000028
MOVE:  087 |  0.000024730 -0.000000000  0.000000086 -0.001193255 -0.001696582  0.000000885 |         -0.7 |  0.000014797  0.000009230,  0.000018447 -0.000001434
CONST: 087 | 13 0.00010973 5.79996e-05 0.000112086 -0.00115825 -0.00152958 8.84834e-07

ABS:   088 |  0.000109730  0.000058000  0.000112086 -0.001154256 -0.001504462  0.000000885 |         61.0 | -0.000012890  0.000065162, -0.000048824  0.000552182
DIFF:  088 |  0.000000000  0.000000000  0.000000000  0.000003999  0.000025120  0.000000000 |          0.0 | -0.000000401 -0.000000409,  0.000000080  0.000000170
MOVE:  088 |  0.000024730 -0.000000000  0.000000086 -0.001189256 -0.001671462  0.000000885 |         -0.6 |  0.000014396  0.000008821,  0.000018527 -0.000001265
CONST: 088 | 13 0.00010973 5.79996e-05 0.000112086 -0.00115426 -0.00150446 8.84834e-07

ABS:   089 |  0.000109730  0.000058000  0.000112086 -0.001154256 -0.001554701  0.000000885 |         61.1 | -0.000012048  0.000066042, -0.000049038  0.000552296
DIFF:  089 |  0.000000000  0.000000000  0.000000000  0.000000000 -0.000050240  0.000000000 |          0.0 |  0.000000841  0.000000879, -0.000000215  0.000000113
MOVE:  089 |  0.000024730 -0.000000000  0.000000086 -0.001189256 -0.001721701  0.000000885 |         -0.6 |  0.000015237  0.000009701,  0.000018312 -0.000001151
CONST: 089 | 13 0.00010973 5.79996e-05 0.000112086 -0.00115426 -0.0015547 8.84834e-07

ABS:   090 |  0.000109730  0.000058000  0.000112086 -0.001154256 -0.001527070  0.000000885 |         61.0 | -0.000012511  0.000065552, -0.000048647  0.000552045
DIFF:  090 |  0.000000000  0.000000000  0.000000000  0.000000000  0.000027632  0.000000000 |         -0.1 | -0.000000463 -0.000000490,  0.000000391 -0.000000251
MOVE:  090 |  0.000024730 -0.000000000  0.000000086 -0.001189256 -0.001694070  0.000000885 |         -0.7 |  0.000014775  0.000009211,  0.000018704 -0.000001402
CONST: 090 | 13 0.00010973 5.79996e-05 0.000112086 -0.00115426 -0.00152707 8.84834e-07

ABS:   091 |  0.000109730  0.000058000  0.000112086 -0.001154256 -0.001532094  0.000000885 |         61.0 | -0.000012427  0.000065640, -0.000048649  0.000552043
DIFF:  091 |  0.000000000  0.000000000  0.000000000  0.000000000 -0.000005024  0.000000000 |         -0.0 |  0.000000084  0.000000088, -0.000000003 -0.000000002
MOVE:  091 |  0.000024730 -0.000000000  0.000000086 -0.001189256 -0.001699094  0.000000885 |         -0.7 |  0.000014859  0.000009299,  0.000018701 -0.000001404
CONST: 091 | 13 0.00010973 5.79996e-05 0.000112086 -0.00115426 -0.00153209 8.84834e-07

ABS:   092 |  0.000109730  0.000058000  0.000112086 -0.001154256 -0.001504462  0.000000885 |         61.0 | -0.000012890  0.000065162, -0.000048824  0.000552182
DIFF:  092 |  0.000000000  0.000000000  0.000000000  0.000000000  0.000027632  0.000000000 |          0.0 | -0.000000463 -0.000000478, -0.000000174  0.000000139
MOVE:  092 |  0.000024730 -0.000000000  0.000000086 -0.001189256 -0.001671462  0.000000885 |         -0.6 |  0.000014396  0.000008821,  0.000018527 -0.000001265
CONST: 092 | 13 0.00010973 5.79996e-05 0.000112086 -0.00115426 -0.00150446 8.84834e-07

ABS:   093 |  0.000109730  0.000058000  0.000112086 -0.001154256 -0.001554701  0.000000885 |         61.1 | -0.000012048  0.000066042, -0.000049038  0.000552296
DIFF:  093 |  0.000000000  0.000000000  0.000000000  0.000000000 -0.000050240  0.000000000 |          0.0 |  0.000000841  0.000000879, -0.000000215  0.000000113
MOVE:  093 |  0.000024730 -0.000000000  0.000000086 -0.001189256 -0.001721701  0.000000885 |         -0.6 |  0.000015237  0.000009701,  0.000018312 -0.000001151
CONST: 093 | 13 0.00010973 5.79996e-05 0.000112086 -0.00115426 -0.0015547 8.84834e-07

ABS:   094 |  0.000109730  0.000058000  0.000112086 -0.001154256 -0.001529582  0.000020885 |         61.0 | -0.000012531  0.000065585, -0.000048680  0.000552046
DIFF:  094 |  0.000000000  0.000000000  0.000000000  0.000000000  0.000025120  0.000020000 |         -0.1 | -0.000000483 -0.000000457,  0.000000359 -0.000000250
MOVE:  094 |  0.000024730 -0.000000000  0.000000086 -0.001189256 -0.001696582  0.000020885 |         -0.7 |  0.000014755  0.000009244,  0.000018671 -0.000001401
CONST: 094 | 13 0.00010973 5.79996e-05 0.000112086 -0.00115426 -0.00152958 2.08849e-05

ABS:   095 |  0.000109730  0.000058000  0.000112086 -0.001154256 -0.001529582 -0.000019115 |         61.1 | -0.000012407  0.000065607, -0.000048994  0.000552302
DIFF:  095 |  0.000000000  0.000000000  0.000000000  0.000000000  0.000000000 -0.000040000 |          0.1 |  0.000000124  0.000000022, -0.000000314  0.000000256
MOVE:  095 |  0.000024730 -0.000000000  0.000000086 -0.001189256 -0.001696582 -0.000019115 |         -0.6 |  0.000014879  0.000009266,  0.000018357 -0.000001145
CONST: 095 | 13 0.00010973 5.79996e-05 0.000112086 -0.00115426 -0.00152958 -1.91152e-05

ABS:   096 |  0.000109730  0.000058000  0.000112086 -0.001154256 -0.001529582  0.000002885 |         61.0 | -0.000012475  0.000065595, -0.000048651  0.000552044
DIFF:  096 |  0.000000000  0.000000000  0.000000000  0.000000000  0.000000000  0.000022000 |         -0.1 | -0.000000068 -0.000000012,  0.000000342 -0.000000258
MOVE:  096 |  0.000024730 -0.000000000  0.000000086 -0.001189256 -0.001696582  0.000002885 |         -0.7 |  0.000014810  0.000009254,  0.000018699 -0.000001403
CONST: 096 | 13 0.00010973 5.79996e-05 0.000112086 -0.00115426 -0.00152958 2.88484e-06

ABS:   097 |  0.000109730  0.000058000  0.000112086 -0.001154256 -0.001529582 -0.000001115 |         61.0 | -0.000012463  0.000065597, -0.000048645  0.000552044
DIFF:  097 |  0.000000000  0.000000000  0.000000000  0.000000000  0.000000000 -0.000004000 |         -0.0 |  0.000000012  0.000000002,  0.000000006 -0.000000000
MOVE:  097 |  0.000024730 -0.000000000  0.000000086 -0.001189256 -0.001696582 -0.000001115 |         -0.7 |  0.000014823  0.000009256,  0.000018705 -0.000001403
CONST: 097 | 13 0.00010973 5.79996e-05 0.000112086 -0.00115426 -0.00152958 -1.11517e-06

ABS:   098 |  0.000109730  0.000058000  0.000112086 -0.001154256 -0.001529582  0.000020885 |         61.0 | -0.000012531  0.000065585, -0.000048680  0.000552046
DIFF:  098 |  0.000000000  0.000000000  0.000000000  0.000000000  0.000000000  0.000022000 |          0.0 | -0.000000068 -0.000000012, -0.000000035  0.000000002
MOVE:  098 |  0.000024730 -0.000000000  0.000000086 -0.001189256 -0.001696582  0.000020885 |         -0.7 |  0.000014755  0.000009244,  0.000018671 -0.000001401
CONST: 098 | 13 0.00010973 5.79996e-05 0.000112086 -0.00115426 -0.00152958 2.08849e-05

ABS:   099 |  0.000109730  0.000058000  0.000112086 -0.001154256 -0.001529582 -0.000019115 |         61.1 | -0.000012407  0.000065607, -0.000048994  0.000552302
DIFF:  099 |  0.000000000  0.000000000  0.000000000  0.000000000  0.000000000 -0.000040000 |          0.1 |  0.000000124  0.000000022, -0.000000314  0.000000256
MOVE:  099 |  0.000024730 -0.000000000  0.000000086 -0.001189256 -0.001696582 -0.000019115 |         -0.6 |  0.000014879  0.000009266,  0.000018357 -0.000001145
CONST: 099 | 13 0.00010973 5.79996e-05 0.000112086 -0.00115426 -0.00152958 -1.91152e-05

ABS:   100 |  0.000144351  0.000058000  0.000112006 -0.002838753 -0.001461606  0.000000842 |         62.4 |  0.000012847  0.000057940, -0.000020352  0.000558210
DIFF:  100 |  0.000034621  0.000000000 -0.000000081 -0.001684497  0.000067976  0.000019958 |          1.4 |  0.000025253 -0.000007667,  0.000028642  0.000005908
MOVE:  100 |  0.000059351 -0.000000000  0.000000006 -0.002873753 -0.001628606  0.000000842 |          0.8 |  0.000040132  0.000001599,  0.000046999  0.000004763
CONST: 100 | 13 0.000144351 5.79996e-05 0.000112006 -0.00283875 -0.00146161 8.42342e-07

ABS:   101 |  0.000116379  0.000058000  0.000112071 -0.001477765 -0.001516534  0.000000877 |         61.0 | -0.000007612  0.000063491, -0.000044424  0.000552312
DIFF:  101 | -0.000027972 -0.000000000  0.000000065  0.001360987 -0.000054928  0.000000034 |         -1.4 | -0.000020459  0.000005550, -0.000024072 -0.000005898
MOVE:  101 |  0.000031379 -0.000000000  0.000000071 -0.001512765 -0.001683534  0.000000877 |         -0.6 |  0.000019673  0.000007149,  0.000022927 -0.000001134
CONST: 101 | 13 0.000116379 5.79996e-05 0.000112071 -0.00147777 -0.00151653 8.76678e-07

ABS:   102 |  0.000112684  0.000058000  0.000112080 -0.001297979 -0.001523785  0.000000881 |         61.1 | -0.000010312  0.000064628, -0.000046943  0.000552612
DIFF:  102 | -0.000003695 -0.000000000  0.000000009  0.000179786 -0.000007252  0.000000005 |          0.1 | -0.000002699  0.000001138, -0.000002519  0.000000300
MOVE:  102 |  0.000027684 -0.000000000  0.000000080 -0.001332979 -0.001690785  0.000000881 |         -0.5 |  0.000016974  0.000008287,  0.000020408 -0.000000835
CONST: 102 | 13 0.000112684 5.79996e-05 0.00011208 -0.00129798 -0.00152379 8.81211e-07

ABS:   103 |  0.000110239  0.000058000  0.000112085 -0.001179031 -0.001528583  0.000000884 |         61.1 | -0.000012097  0.000065426, -0.000048744  0.000552419
DIFF:  103 | -0.000002445 -0.000000000  0.000000006  0.000118949 -0.000004797  0.000000003 |         -0.0 | -0.000001785  0.000000797, -0.000001801 -0.000000193
MOVE:  103 |  0.000025239 -0.000000000  0.000000085 -0.001214031 -0.001695583  0.000000884 |         -0.5 |  0.000015188  0.000009084,  0.000018607 -0.000001028
CONST: 103 | 13 0.000110239 5.79996e-05 0.000112085 -0.00117903 -0.00152858 8.8421e-07

ABS:   104 |  0.000109755  0.000058000  0.000112086 -0.001155516 -0.001529531  0.000000885 |         61.0 | -0.000012450  0.000065587, -0.000048604  0.000552045
DIFF:  104 | -0.000000483 -0.000000000  0.000000001  0.000023515 -0.000000948  0.000000001 |         -0.1 | -0.000000353  0.000000162,  0.000000140 -0.000000374
MOVE:  104 |  0.000024755 -0.000000000  0.000000086 -0.001190516 -0.001696531  0.000000885 |         -0.7 |  0.000014836  0.000009246,  0.000018746 -0.000001402
CONST: 104 | 13 0.000109755 5.79996e-05 0.000112086 -0.00115552 -0.00152953 8.84802e-07

ABS:   105 |  0.000111141  0.000058000  0.000112086 -0.001155516 -0.001529531  0.000000885 |         61.0 | -0.000011064  0.000065587, -0.000048602  0.000552045
DIFF:  105 |  0.000001386  0.000000000  0.000000000  0.000000000  0.000000000  0.000000000 |         -0.0 |  0.000001386 -0.000000000,  0.000000002  0.000000000
MOVE:  105 |  0.000026141 -0.000000000  0.000000086 -0.001190516 -0.001696531  0.000000885 |         -0.7 |  0.000016221  0.000009246,  0.000018748 -0.000001402
CONST: 105 | 13 0.000111141 5.79996e-05 0.000112086 -0.00115552 -0.00152953 8.84802e-07

ABS:   106 |  0.000108369  0.000058000  0.000112086 -0.001155516 -0.001529531  0.000000885 |         61.0 | -0.000013836  0.000065587, -0.000048606  0.000552045
DIFF:  106 | -0.000002772  0.000000000  0.000000000  0.000000000  0.000000000  0.000000000 |          0.0 | -0.000002772  0.000000000, -0.000000004 -0.000000000
MOVE:  106 |  0.000023369 -0.000000000  0.000000086 -0.001190516 -0.001696531  0.000000885 |         -0.7 |  0.000013450  0.000009246,  0.000018744 -0.000001402
CONST: 106 | 13 0.000108369 5.79996e-05 0.000112086 -0.00115552 -0.00152953 8.84802e-07

ABS:   107 |  0.000109755  0.000058100  0.000112086 -0.001155516 -0.001529531  0.000000885 |         61.1 | -0.000012421  0.000065590, -0.000048928  0.000552301
DIFF:  107 |  0.000001386  0.000000100  0.000000000  0.000000000  0.000000000  0.000000000 |          0.1 |  0.000001415  0.000000003, -0.000000321  0.000000255
MOVE:  107 |  0.000024755  0.000000100  0.000000086 -0.001190516 -0.001696531  0.000000885 |         -0.6 |  0.000014865  0.000009249,  0.000018423 -0.000001146
CONST: 107 | 13 0.000109755 5.80996e-05 0.000112086 -0.00115552 -0.00152953 8.84802e-07

ABS:   108 |  0.000109755  0.000057900  0.000112086 -0.001155516 -0.001529531  0.000000885 |         61.0 | -0.000012479  0.000065585, -0.000048864  0.000551885
DIFF:  108 |  0.000000000 -0.000000200  0.000000000  0.000000000  0.000000000  0.000000000 |         -0.1 | -0.000000058 -0.000000006,  0.000000064 -0.000000416
MOVE:  108 |  0.000024755 -0.000000100  0.000000086 -0.001190516 -0.001696531  0.000000885 |         -0.7 |  0.000014806  0.000009243,  0.000018487 -0.000001562
CONST: 108 | 13 0.000109755 5.78996e-05 0.000112086 -0.00115552 -0.00152953 8.84802e-07

ABS:   109 |  0.000109755  0.000058010  0.000112086 -0.001155516 -0.001529531  0.000000885 |         61.0 | -0.000012447  0.000065588, -0.000048599  0.000552045
DIFF:  109 |  0.000000000  0.000000110  0.000000000  0.000000000  0.000000000  0.000000000 |          0.0 |  0.000000032  0.000000003,  0.000000265  0.000000160
MOVE:  109 |  0.000024755  0.000000010  0.000000086 -0.001190516 -0.001696531  0.000000885 |         -0.7 |  0.000014838  0.000009246,  0.000018752 -0.000001402
CONST: 109 | 13 0.000109755 5.80096e-05 0.000112086 -0.00115552 -0.00152953 8.84802e-07

