ABS:   itr |       deltaX       deltaY       deltaZ         phiX         phiY         phiZ |        chisq |    rphi mean     rphi rms,       z mean        z rms
ABS:   =========================================================================================================================================================
DIFF:  itr |       deltaX       deltaY       deltaZ         phiX         phiY         phiZ |        chisq |    rphi mean     rphi rms,       z mean        z rms
DIFF:  =========================================================================================================================================================
MOVE:  itr |       deltaX       deltaY       deltaZ         phiX         phiY         phiZ |        chisq |    rphi mean     rphi rms,       z mean        z rms
MOVE:  =========================================================================================================================================================
ABS:   001 |  0.000096000 -0.000201000  0.000413000 -0.000730000  0.004051000  0.000000000 |         44.4 | -0.000006313  0.000055818, -0.000059127  0.000554354
CONST: 001 | 27 9.6e-05 -0.000201 0.000413 -0.00073 0.004051 0

ABS:   001 |  0.000096000 -0.000201000  0.000413000 -0.000730000  0.004051000  0.000000000 |         44.4 | -0.000006313  0.000055818, -0.000059127  0.000554354
CONST: 001 | 27 9.6e-05 -0.000201 0.000413 -0.00073 0.004051 0

ABS:   002 |  0.000096100 -0.000201000  0.000413000 -0.000730000  0.004051000  0.000000000 |         44.4 | -0.000006246  0.000055789, -0.000059127  0.000554354
DIFF:  002 |  0.000000100  0.000000000  0.000000000 -0.000000000 -0.000000000  0.000000000 |         -0.0 |  0.000000068 -0.000000030, -0.000000000 -0.000000000
MOVE:  002 |  0.000000100  0.000000000  0.000000000 -0.000000000 -0.000000000  0.000000000 |         -0.0 |  0.000000068 -0.000000030, -0.000000000 -0.000000000
CONST: 002 | 27 9.61e-05 -0.000201 0.000413 -0.00073 0.004051 0

ABS:   003 |  0.000095900 -0.000201000  0.000413000 -0.000730000  0.004051000  0.000000000 |         44.4 | -0.000006384  0.000055796, -0.000059126  0.000554354
DIFF:  003 | -0.000000200  0.000000000  0.000000000  0.000000000  0.000000000  0.000000000 |          0.0 | -0.000000138  0.000000007,  0.000000001  0.000000000
MOVE:  003 | -0.000000100  0.000000000  0.000000000 -0.000000000 -0.000000000  0.000000000 |         -0.0 | -0.000000071 -0.000000023,  0.000000000  0.000000000
CONST: 003 | 27 9.59e-05 -0.000201 0.000413 -0.00073 0.004051 0

ABS:   004 |  0.000096010 -0.000201000  0.000413000 -0.000730000  0.004051000  0.000000000 |         44.4 | -0.000006303  0.000055818, -0.000059127  0.000554354
DIFF:  004 |  0.000000110  0.000000000  0.000000000  0.000000000  0.000000000  0.000000000 |          0.0 |  0.000000081  0.000000023, -0.000000000 -0.000000000
MOVE:  004 |  0.000000010  0.000000000  0.000000000 -0.000000000 -0.000000000  0.000000000 |         -0.0 |  0.000000010  0.000000000, -0.000000000 -0.000000000
CONST: 004 | 27 9.601e-05 -0.000201 0.000413 -0.00073 0.004051 0

ABS:   005 |  0.000095990 -0.000201000  0.000413000 -0.000730000  0.004051000  0.000000000 |         44.4 | -0.000006323  0.000055818, -0.000059127  0.000554354
DIFF:  005 | -0.000000020  0.000000000  0.000000000  0.000000000  0.000000000  0.000000000 |          0.0 | -0.000000020 -0.000000000,  0.000000000  0.000000000
MOVE:  005 | -0.000000010  0.000000000  0.000000000 -0.000000000 -0.000000000  0.000000000 |          0.0 | -0.000000010 -0.000000000,  0.000000000 -0.000000000
CONST: 005 | 27 9.599e-05 -0.000201 0.000413 -0.00073 0.004051 0

ABS:   006 |  0.000096000 -0.000200900  0.000413000 -0.000730000  0.004051000  0.000000000 |         44.4 | -0.000006311  0.000055817, -0.000059103  0.000554348
DIFF:  006 |  0.000000010  0.000000100  0.000000000  0.000000000  0.000000000  0.000000000 |         -0.0 |  0.000000012 -0.000000001,  0.000000023 -0.000000006
MOVE:  006 | -0.000000000  0.000000100  0.000000000 -0.000000000 -0.000000000  0.000000000 |         -0.0 |  0.000000002 -0.000000001,  0.000000023 -0.000000006
CONST: 006 | 27 9.6e-05 -0.0002009 0.000413 -0.00073 0.004051 0

ABS:   007 |  0.000096000 -0.000201100  0.000413000 -0.000730000  0.004051000  0.000000000 |         44.4 | -0.000006315  0.000055820, -0.000059150  0.000554360
DIFF:  007 |  0.000000000 -0.000000200  0.000000000  0.000000000  0.000000000  0.000000000 |          0.0 | -0.000000004  0.000000003, -0.000000046  0.000000012
MOVE:  007 | -0.000000000 -0.000000100  0.000000000 -0.000000000 -0.000000000  0.000000000 |          0.0 | -0.000000002  0.000000001, -0.000000023  0.000000006
CONST: 007 | 27 9.6e-05 -0.0002011 0.000413 -0.00073 0.004051 0

ABS:   008 |  0.000096000 -0.000200723  0.000413000 -0.000730000  0.004051000  0.000000000 |         44.4 | -0.000006308  0.000055815, -0.000059062  0.000554337
DIFF:  008 |  0.000000000  0.000000377  0.000000000  0.000000000  0.000000000  0.000000000 |         -0.0 |  0.000000008 -0.000000005,  0.000000088 -0.000000023
MOVE:  008 | -0.000000000  0.000000277  0.000000000 -0.000000000 -0.000000000  0.000000000 |         -0.0 |  0.000000006 -0.000000004,  0.000000064 -0.000000017
CONST: 008 | 27 9.6e-05 -0.000200723 0.000413 -0.00073 0.004051 0

ABS:   009 |  0.000096000 -0.000201277  0.000413000 -0.000730000  0.004051000  0.000000000 |         44.4 | -0.000006290  0.000055799, -0.000059501  0.000554580
DIFF:  009 |  0.000000000 -0.000000555  0.000000000  0.000000000  0.000000000  0.000000000 |          0.0 |  0.000000018 -0.000000015, -0.000000439  0.000000243
MOVE:  009 | -0.000000000 -0.000000277  0.000000000 -0.000000000 -0.000000000  0.000000000 |          0.0 |  0.000000024 -0.000000019, -0.000000375  0.000000226
CONST: 009 | 27 9.6e-05 -0.000201277 0.000413 -0.00073 0.004051 0

ABS:   010 |  0.000096000 -0.000200972  0.000413000 -0.000730000  0.004051000  0.000000000 |         44.4 | -0.000006313  0.000055818, -0.000059120  0.000554352
DIFF:  010 |  0.000000000  0.000000305  0.000000000  0.000000000  0.000000000  0.000000000 |         -0.0 | -0.000000023  0.000000019,  0.000000381 -0.000000227
MOVE:  010 | -0.000000000  0.000000028  0.000000000 -0.000000000 -0.000000000  0.000000000 |         -0.0 |  0.000000001 -0.000000000,  0.000000006 -0.000000002
CONST: 010 | 27 9.6e-05 -0.000200972 0.000413 -0.00073 0.004051 0

ABS:   011 |  0.000096000 -0.000201028  0.000413000 -0.000730000  0.004051000  0.000000000 |         44.4 | -0.000006314  0.000055819, -0.000059133  0.000554356
DIFF:  011 |  0.000000000 -0.000000055  0.000000000  0.000000000  0.000000000  0.000000000 |          0.0 | -0.000000001  0.000000001, -0.000000013  0.000000003
MOVE:  011 | -0.000000000 -0.000000028  0.000000000 -0.000000000 -0.000000000  0.000000000 |          0.0 | -0.000000001  0.000000000, -0.000000006  0.000000002
CONST: 011 | 27 9.6e-05 -0.000201028 0.000413 -0.00073 0.004051 0

ABS:   012 |  0.000096000 -0.000201000  0.000418002 -0.000730000  0.004051000  0.000000000 |         44.3 | -0.000006334  0.000055818, -0.000062543  0.000553799
DIFF:  012 |  0.000000000  0.000000028  0.000005002  0.000000000  0.000000000  0.000000000 |         -0.1 | -0.000000020 -0.000000000, -0.000003410 -0.000000557
MOVE:  012 | -0.000000000  0.000000000  0.000005002 -0.000000000 -0.000000000  0.000000000 |         -0.1 | -0.000000020  0.000000000, -0.000003416 -0.000000556
CONST: 012 | 27 9.6e-05 -0.000201 0.000418002 -0.00073 0.004051 0

ABS:   013 |  0.000096000 -0.000201000  0.000407998 -0.000730000  0.004051000  0.000000000 |         44.4 | -0.000006293  0.000055818, -0.000057056  0.000554290
DIFF:  013 |  0.000000000  0.000000000 -0.000010004  0.000000000  0.000000000  0.000000000 |          0.0 |  0.000000041 -0.000000000,  0.000005487  0.000000491
MOVE:  013 | -0.000000000  0.000000000 -0.000005002 -0.000000000 -0.000000000  0.000000000 |         -0.0 |  0.000000020 -0.000000000,  0.000002071 -0.000000064
CONST: 013 | 27 9.6e-05 -0.000201 0.000407998 -0.00073 0.004051 0

ABS:   014 |  0.000096000 -0.000201000  0.000413500 -0.000730000  0.004051000  0.000000000 |         44.3 | -0.000006315  0.000055818, -0.000058661  0.000554215
DIFF:  014 |  0.000000000  0.000000000  0.000005502  0.000000000  0.000000000  0.000000000 |         -0.0 | -0.000000022  0.000000000, -0.000001605 -0.000000075
MOVE:  014 | -0.000000000  0.000000000  0.000000500 -0.000000000 -0.000000000  0.000000000 |         -0.0 | -0.000000002  0.000000000,  0.000000466 -0.000000139
CONST: 014 | 27 9.6e-05 -0.000201 0.0004135 -0.00073 0.004051 0

ABS:   015 |  0.000096000 -0.000201000  0.000412500 -0.000730000  0.004051000  0.000000000 |         44.4 | -0.000006311  0.000055818, -0.000058937  0.000554563
DIFF:  015 |  0.000000000  0.000000000 -0.000001000  0.000000000  0.000000000  0.000000000 |          0.1 |  0.000000004 -0.000000000, -0.000000276  0.000000347
MOVE:  015 | -0.000000000  0.000000000 -0.000000500 -0.000000000 -0.000000000  0.000000000 |          0.0 |  0.000000002 -0.000000000,  0.000000190  0.000000209
CONST: 015 | 27 9.6e-05 -0.000201 0.0004125 -0.00073 0.004051 0

ABS:   016 |  0.000096000 -0.000201000  0.000413000 -0.000726000  0.004051000  0.000000000 |         44.4 | -0.000006291  0.000055800, -0.000059382  0.000554356
DIFF:  016 |  0.000000000  0.000000000  0.000000500  0.000004000  0.000000000  0.000000000 |         -0.0 |  0.000000020 -0.000000019, -0.000000445 -0.000000207
MOVE:  016 | -0.000000000  0.000000000  0.000000000  0.000004000 -0.000000000  0.000000000 |         -0.0 |  0.000000022 -0.000000019, -0.000000255  0.000000002
CONST: 016 | 27 9.6e-05 -0.000201 0.000413 -0.000726 0.004051 0

ABS:   017 |  0.000096000 -0.000201000  0.000413000 -0.000734000  0.004051000  0.000000000 |         44.4 | -0.000006306  0.000055814, -0.000059182  0.000554561
DIFF:  017 |  0.000000000  0.000000000  0.000000000 -0.000008000  0.000000000  0.000000000 |          0.0 | -0.000000015  0.000000015,  0.000000200  0.000000205
MOVE:  017 | -0.000000000  0.000000000  0.000000000 -0.000004000 -0.000000000  0.000000000 |          0.0 |  0.000000007 -0.000000004, -0.000000055  0.000000207
CONST: 017 | 27 9.6e-05 -0.000201 0.000413 -0.000734 0.004051 0

ABS:   018 |  0.000096000 -0.000201000  0.000413000 -0.000729600  0.004051000  0.000000000 |         44.4 | -0.000006314  0.000055819, -0.000059152  0.000554354
DIFF:  018 |  0.000000000  0.000000000  0.000000000  0.000004400  0.000000000  0.000000000 |         -0.0 | -0.000000008  0.000000004,  0.000000030 -0.000000207
MOVE:  018 | -0.000000000  0.000000000  0.000000000  0.000000400 -0.000000000  0.000000000 |          0.0 | -0.000000001  0.000000000, -0.000000025  0.000000000
CONST: 018 | 27 9.6e-05 -0.000201 0.000413 -0.0007296 0.004051 0

ABS:   019 |  0.000096000 -0.000201000  0.000413000 -0.000730400  0.004051000  0.000000000 |         44.4 | -0.000006313  0.000055818, -0.000059101  0.000554354
DIFF:  019 |  0.000000000  0.000000000  0.000000000 -0.000000800  0.000000000  0.000000000 |         -0.0 |  0.000000001 -0.000000001,  0.000000051 -0.000000000
MOVE:  019 | -0.000000000  0.000000000  0.000000000 -0.000000400 -0.000000000  0.000000000 |         -0.0 |  0.000000001 -0.000000000,  0.000000025 -0.000000000
CONST: 019 | 27 9.6e-05 -0.000201 0.000413 -0.0007304 0.004051 0

ABS:   020 |  0.000096000 -0.000201000  0.000413000 -0.000726310  0.004051000  0.000000000 |         44.4 | -0.000006291  0.000055799, -0.000059362  0.000554356
DIFF:  020 |  0.000000000  0.000000000  0.000000000  0.000004090  0.000000000  0.000000000 |         -0.0 |  0.000000022 -0.000000018, -0.000000261  0.000000002
MOVE:  020 | -0.000000000  0.000000000  0.000000000  0.000003690 -0.000000000  0.000000000 |         -0.0 |  0.000000023 -0.000000019, -0.000000235  0.000000002
CONST: 020 | 27 9.6e-05 -0.000201 0.000413 -0.00072631 0.004051 0

ABS:   021 |  0.000096000 -0.000201000  0.000413000 -0.000733690  0.004051000  0.000000000 |         44.4 | -0.000006307  0.000055815, -0.000059202  0.000554561
DIFF:  021 |  0.000000000  0.000000000  0.000000000 -0.000007380  0.000000000  0.000000000 |          0.0 | -0.000000016  0.000000015,  0.000000160  0.000000205
MOVE:  021 | -0.000000000  0.000000000  0.000000000 -0.000003690 -0.000000000  0.000000000 |          0.0 |  0.000000007 -0.000000004, -0.000000075  0.000000207
CONST: 021 | 27 9.6e-05 -0.000201 0.000413 -0.00073369 0.004051 0

ABS:   022 |  0.000096000 -0.000201000  0.000413000 -0.000730000  0.004061001  0.000000000 |         44.4 | -0.000006175  0.000055800, -0.000059128  0.000554358
DIFF:  022 |  0.000000000  0.000000000  0.000000000  0.000003690  0.000010001  0.000000000 |         -0.0 |  0.000000131 -0.000000014,  0.000000074 -0.000000203
MOVE:  022 | -0.000000000  0.000000000  0.000000000 -0.000000000  0.000010001  0.000000000 |          0.0 |  0.000000138 -0.000000018, -0.000000001  0.000000004
CONST: 022 | 27 9.6e-05 -0.000201 0.000413 -0.00073 0.004061 0

ABS:   023 |  0.000096000 -0.000201000  0.000413000 -0.000730000  0.004040999  0.000000000 |         44.4 | -0.000006449  0.000055894, -0.000059125  0.000554350
DIFF:  023 |  0.000000000  0.000000000  0.000000000  0.000000000 -0.000020001  0.000000000 |          0.0 | -0.000000273  0.000000093,  0.000000002 -0.000000008
MOVE:  023 | -0.000000000  0.000000000  0.000000000 -0.000000000 -0.000010001  0.000000000 |          0.0 | -0.000000135  0.000000075,  0.000000001 -0.000000004
CONST: 023 | 27 9.6e-05 -0.000201 0.000413 -0.00073 0.004041 0

ABS:   024 |  0.000096000 -0.000201000  0.000413000 -0.000730000  0.004052000  0.000000000 |         44.4 | -0.000006298  0.000055793, -0.000059127  0.000554355
DIFF:  024 |  0.000000000  0.000000000  0.000000000  0.000000000  0.000011001  0.000000000 |         -0.0 |  0.000000151 -0.000000100, -0.000000001  0.000000005
MOVE:  024 | -0.000000000  0.000000000  0.000000000 -0.000000000  0.000001000  0.000000000 |         -0.0 |  0.000000015 -0.000000025, -0.000000000  0.000000000
CONST: 024 | 27 9.6e-05 -0.000201 0.000413 -0.00073 0.004052 0

ABS:   025 |  0.000096000 -0.000201000  0.000413000 -0.000730000  0.004050000  0.000000000 |         44.4 | -0.000006332  0.000055791, -0.000059127  0.000554354
DIFF:  025 |  0.000000000  0.000000000  0.000000000  0.000000000 -0.000002000  0.000000000 |         -0.0 | -0.000000034 -0.000000002,  0.000000000 -0.000000001
MOVE:  025 | -0.000000000  0.000000000  0.000000000 -0.000000000 -0.000001000  0.000000000 |         -0.0 | -0.000000019 -0.000000027,  0.000000000 -0.000000000
CONST: 025 | 27 9.6e-05 -0.000201 0.000413 -0.00073 0.00405 0

ABS:   026 |  0.000096000 -0.000201000  0.000413000 -0.000730000  0.004051100  0.000000000 |         44.4 | -0.000006312  0.000055816, -0.000059127  0.000554354
DIFF:  026 |  0.000000000  0.000000000  0.000000000  0.000000000  0.000001100  0.000000000 |          0.0 |  0.000000020  0.000000024, -0.000000000  0.000000000
MOVE:  026 | -0.000000000  0.000000000  0.000000000 -0.000000000  0.000000100  0.000000000 |         -0.0 |  0.000000002 -0.000000003, -0.000000000  0.000000000
CONST: 026 | 27 9.6e-05 -0.000201 0.000413 -0.00073 0.0040511 0

ABS:   027 |  0.000096000 -0.000201000  0.000413000 -0.000730000  0.004050900  0.000000000 |         44.4 | -0.000006315  0.000055821, -0.000059127  0.000554354
DIFF:  027 |  0.000000000  0.000000000  0.000000000  0.000000000 -0.000000200  0.000000000 |          0.0 | -0.000000003  0.000000005,  0.000000000 -0.000000000
MOVE:  027 | -0.000000000  0.000000000  0.000000000 -0.000000000 -0.000000100  0.000000000 |          0.0 | -0.000000002  0.000000003,  0.000000000 -0.000000000
CONST: 027 | 27 9.6e-05 -0.000201 0.000413 -0.00073 0.0040509 0

ABS:   028 |  0.000096000 -0.000201000  0.000413000 -0.000730000  0.004051000  0.000002000 |         44.4 | -0.000006316  0.000055818, -0.000059129  0.000554356
DIFF:  028 |  0.000000000  0.000000000  0.000000000  0.000000000  0.000000100  0.000002000 |         -0.0 | -0.000000001 -0.000000003, -0.000000002  0.000000001
MOVE:  028 | -0.000000000  0.000000000  0.000000000 -0.000000000 -0.000000000  0.000002000 |          0.0 | -0.000000002 -0.000000000, -0.000000002  0.000000001
CONST: 028 | 27 9.6e-05 -0.000201 0.000413 -0.00073 0.004051 2.00001e-06

ABS:   029 |  0.000096000 -0.000201000  0.000413000 -0.000730000  0.004051000 -0.000002000 |         44.4 | -0.000006311  0.000055818, -0.000059125  0.000554353
DIFF:  029 |  0.000000000  0.000000000  0.000000000  0.000000000  0.000000000 -0.000004000 |         -0.0 |  0.000000004  0.000000000,  0.000000004 -0.000000003
MOVE:  029 | -0.000000000  0.000000000  0.000000000 -0.000000000 -0.000000000 -0.000002000 |         -0.0 |  0.000000002  0.000000000,  0.000000002 -0.000000001
CONST: 029 | 27 9.6e-05 -0.000201 0.000413 -0.00073 0.004051 -2.00001e-06

ABS:   030 |  0.000096000 -0.000201000  0.000413000 -0.000730000  0.004051000  0.000020000 |         44.4 | -0.000006305  0.000055796, -0.000059146  0.000554367
DIFF:  030 |  0.000000000  0.000000000  0.000000000  0.000000000  0.000000000  0.000022000 |         -0.0 |  0.000000006 -0.000000023, -0.000000022  0.000000015
MOVE:  030 | -0.000000000  0.000000000  0.000000000 -0.000000000 -0.000000000  0.000020000 |         -0.0 |  0.000000008 -0.000000023, -0.000000020  0.000000013
CONST: 030 | 27 9.6e-05 -0.000201 0.000413 -0.00073 0.004051 2.00001e-05

ABS:   031 |  0.000096000 -0.000201000  0.000413000 -0.000730000  0.004051000 -0.000020000 |         44.4 | -0.000006292  0.000055819, -0.000059417  0.000554549
DIFF:  031 |  0.000000000  0.000000000  0.000000000  0.000000000  0.000000000 -0.000040000 |          0.0 |  0.000000013  0.000000023, -0.000000271  0.000000182
MOVE:  031 | -0.000000000  0.000000000  0.000000000 -0.000000000 -0.000000000 -0.000020000 |          0.0 |  0.000000021  0.000000000, -0.000000290  0.000000195
CONST: 031 | 27 9.6e-05 -0.000201 0.000413 -0.00073 0.004051 -2.00001e-05

ABS:   032 |  0.000096000 -0.000201000  0.000413000 -0.000730000  0.004051000  0.000002000 |         44.4 | -0.000006316  0.000055818, -0.000059129  0.000554356
DIFF:  032 |  0.000000000  0.000000000  0.000000000  0.000000000  0.000000000  0.000022000 |         -0.0 | -0.000000023 -0.000000000,  0.000000288 -0.000000194
MOVE:  032 | -0.000000000  0.000000000  0.000000000 -0.000000000 -0.000000000  0.000002000 |          0.0 | -0.000000002 -0.000000000, -0.000000002  0.000000001
CONST: 032 | 27 9.6e-05 -0.000201 0.000413 -0.00073 0.004051 2.00001e-06

ABS:   033 |  0.000096000 -0.000201000  0.000413000 -0.000730000  0.004051000 -0.000002000 |         44.4 | -0.000006311  0.000055818, -0.000059125  0.000554353
DIFF:  033 |  0.000000000  0.000000000  0.000000000  0.000000000  0.000000000 -0.000004000 |         -0.0 |  0.000000004  0.000000000,  0.000000004 -0.000000003
MOVE:  033 | -0.000000000  0.000000000  0.000000000 -0.000000000 -0.000000000 -0.000002000 |         -0.0 |  0.000000002  0.000000000,  0.000000002 -0.000000001
CONST: 033 | 27 9.6e-05 -0.000201 0.000413 -0.00073 0.004051 -2.00001e-06

ABS:   034 |  0.000102301 -0.000145943  0.001783952 -0.000727746  0.004360553 -0.005789279 |         31.4 |  0.000003029  0.000053248, -0.000558400  0.000460860
DIFF:  034 |  0.000006301  0.000055057  0.001370952  0.000002254  0.000309553 -0.005787279 |        -13.0 |  0.000009340 -0.000002570, -0.000499275 -0.000093492
MOVE:  034 |  0.000006301  0.000055057  0.001370952  0.000002254  0.000309553 -0.005789279 |        -13.0 |  0.000009342 -0.000002570, -0.000499273 -0.000093494
CONST: 034 | 27 0.000102301 -0.000145943 0.00178395 -0.000727746 0.00436055 -0.00578928

ABS:   035 |  0.000099607 -0.000169474  0.001199432 -0.000728710  0.004228196 -0.003318926 |         42.1 | -0.000001182  0.000053882, -0.000403397  0.000498131
DIFF:  035 | -0.000002694 -0.000023530 -0.000584521 -0.000000964 -0.000132357  0.002470353 |         10.7 | -0.000004211  0.000000634,  0.000155002  0.000037270
MOVE:  035 |  0.000003607  0.000031526  0.000786432  0.000001290  0.000177196 -0.003318926 |         -2.3 |  0.000005132 -0.000001937, -0.000344271 -0.000056223
CONST: 035 | 27 9.96069e-05 -0.000169474 0.00119943 -0.00072871 0.0042282 -0.00331893
