ABS:   itr |       deltaX       deltaY       deltaZ         phiX         phiY         phiZ |        chisq |    rphi mean     rphi rms,       z mean        z rms
ABS:   =========================================================================================================================================================
DIFF:  itr |       deltaX       deltaY       deltaZ         phiX         phiY         phiZ |        chisq |    rphi mean     rphi rms,       z mean        z rms
DIFF:  =========================================================================================================================================================
MOVE:  itr |       deltaX       deltaY       deltaZ         phiX         phiY         phiZ |        chisq |    rphi mean     rphi rms,       z mean        z rms
MOVE:  =========================================================================================================================================================
ABS:   001 | -0.000034000  0.000085000  0.000147000  0.000000000 -0.000620000  0.000000000 |         18.2 |  0.000019315  0.000051952, -0.000097446  0.000544549
CONST: 001 | 44 -3.4e-05 8.5e-05 0.000147 0 -0.00062 0

ABS:   001 | -0.000034000  0.000085000  0.000147000  0.000000000 -0.000620000  0.000000000 |         18.2 |  0.000019315  0.000051952, -0.000097446  0.000544549
CONST: 001 | 44 -3.4e-05 8.5e-05 0.000147 0 -0.00062 0

ABS:   002 | -0.000033900  0.000085000  0.000147000  0.000000000 -0.000620000  0.000000000 |         18.2 |  0.000019415  0.000051952, -0.000097446  0.000544549
DIFF:  002 |  0.000000100  0.000000000 -0.000000000  0.000000000 -0.000000000  0.000000000 |          0.0 |  0.000000100 -0.000000000,  0.000000000 -0.000000000
MOVE:  002 |  0.000000100  0.000000000 -0.000000000  0.000000000 -0.000000000  0.000000000 |          0.0 |  0.000000100 -0.000000000,  0.000000000 -0.000000000
CONST: 002 | 44 -3.39e-05 8.5e-05 0.000147 0 -0.00062 0

ABS:   003 | -0.000034100  0.000085000  0.000147000  0.000000000 -0.000620000  0.000000000 |         18.3 |  0.000019278  0.000051996, -0.000097446  0.000544549
DIFF:  003 | -0.000000200  0.000000000  0.000000000  0.000000000  0.000000000  0.000000000 |          0.0 | -0.000000138  0.000000044, -0.000000000 -0.000000000
MOVE:  003 | -0.000000100  0.000000000 -0.000000000  0.000000000 -0.000000000  0.000000000 |          0.0 | -0.000000038  0.000000044, -0.000000000 -0.000000000
CONST: 003 | 44 -3.41e-05 8.5e-05 0.000147 0 -0.00062 0

ABS:   004 | -0.000033990  0.000085000  0.000147000  0.000000000 -0.000620000  0.000000000 |         18.2 |  0.000019325  0.000051952, -0.000097446  0.000544549
DIFF:  004 |  0.000000110  0.000000000  0.000000000  0.000000000  0.000000000  0.000000000 |         -0.0 |  0.000000048 -0.000000044,  0.000000000  0.000000000
MOVE:  004 |  0.000000010  0.000000000 -0.000000000  0.000000000 -0.000000000  0.000000000 |          0.0 |  0.000000010 -0.000000000,  0.000000000 -0.000000000
CONST: 004 | 44 -3.399e-05 8.5e-05 0.000147 0 -0.00062 0

ABS:   005 | -0.000034010  0.000085000  0.000147000  0.000000000 -0.000620000  0.000000000 |         18.2 |  0.000019305  0.000051952, -0.000097446  0.000544549
DIFF:  005 | -0.000000020  0.000000000  0.000000000  0.000000000  0.000000000  0.000000000 |         -0.0 | -0.000000020  0.000000000, -0.000000000 -0.000000000
MOVE:  005 | -0.000000010  0.000000000 -0.000000000  0.000000000 -0.000000000  0.000000000 |         -0.0 | -0.000000010  0.000000000, -0.000000000 -0.000000000
CONST: 005 | 44 -3.401e-05 8.5e-05 0.000147 0 -0.00062 0

ABS:   006 | -0.000033931  0.000085000  0.000147000  0.000000000 -0.000620000  0.000000000 |         18.2 |  0.000019385  0.000051952, -0.000097446  0.000544549
DIFF:  006 |  0.000000079  0.000000000  0.000000000  0.000000000  0.000000000  0.000000000 |          0.0 |  0.000000079 -0.000000000,  0.000000000  0.000000000
MOVE:  006 |  0.000000069  0.000000000 -0.000000000  0.000000000 -0.000000000  0.000000000 |          0.0 |  0.000000069 -0.000000000,  0.000000000 -0.000000000
CONST: 006 | 44 -3.39306e-05 8.5e-05 0.000147 0 -0.00062 0

ABS:   007 | -0.000034069  0.000085000  0.000147000  0.000000000 -0.000620000  0.000000000 |         18.3 |  0.000019308  0.000051996, -0.000097446  0.000544549
DIFF:  007 | -0.000000139  0.000000000  0.000000000  0.000000000  0.000000000  0.000000000 |          0.0 | -0.000000076  0.000000044, -0.000000000  0.000000000
MOVE:  007 | -0.000000069  0.000000000 -0.000000000  0.000000000 -0.000000000  0.000000000 |          0.0 | -0.000000007  0.000000044, -0.000000000 -0.000000000
CONST: 007 | 44 -3.40694e-05 8.5e-05 0.000147 0 -0.00062 0

ABS:   008 | -0.000034000  0.000085100  0.000147000  0.000000000 -0.000620000  0.000000000 |         18.2 |  0.000019316  0.000051951, -0.000097522  0.000544548
DIFF:  008 |  0.000000069  0.000000100  0.000000000  0.000000000  0.000000000  0.000000000 |         -0.0 |  0.000000008 -0.000000044, -0.000000076 -0.000000001
MOVE:  008 |  0.000000000  0.000000100 -0.000000000  0.000000000 -0.000000000  0.000000000 |          0.0 |  0.000000001 -0.000000000, -0.000000076 -0.000000001
CONST: 008 | 44 -3.4e-05 8.51e-05 0.000147 0 -0.00062 0

ABS:   009 | -0.000034000  0.000084900  0.000147000  0.000000000 -0.000620000  0.000000000 |         18.2 |  0.000019315  0.000051952, -0.000097369  0.000544549
DIFF:  009 |  0.000000000 -0.000000200  0.000000000  0.000000000  0.000000000  0.000000000 |         -0.0 | -0.000000002  0.000000000,  0.000000153  0.000000001
MOVE:  009 |  0.000000000 -0.000000100 -0.000000000  0.000000000 -0.000000000  0.000000000 |         -0.0 | -0.000000001  0.000000000,  0.000000076  0.000000001
CONST: 009 | 44 -3.4e-05 8.49e-05 0.000147 0 -0.00062 0

ABS:   010 | -0.000034000  0.000085314  0.000147000  0.000000000 -0.000620000  0.000000000 |         18.2 |  0.000019318  0.000051951, -0.000097686  0.000544547
DIFF:  010 |  0.000000000  0.000000414  0.000000000  0.000000000  0.000000000  0.000000000 |          0.0 |  0.000000003 -0.000000000, -0.000000316 -0.000000002
MOVE:  010 |  0.000000000  0.000000314 -0.000000000  0.000000000 -0.000000000  0.000000000 |          0.0 |  0.000000003 -0.000000000, -0.000000240 -0.000000002
CONST: 010 | 44 -3.4e-05 8.5314e-05 0.000147 0 -0.00062 0

ABS:   011 | -0.000034000  0.000084686  0.000147000  0.000000000 -0.000620000  0.000000000 |         18.3 |  0.000019375  0.000051996, -0.000097918  0.000545012
DIFF:  011 |  0.000000000 -0.000000628  0.000000000  0.000000000  0.000000000  0.000000000 |          0.0 |  0.000000057  0.000000045, -0.000000233  0.000000465
MOVE:  011 |  0.000000000 -0.000000314 -0.000000000  0.000000000 -0.000000000  0.000000000 |          0.0 |  0.000000060  0.000000045, -0.000000473  0.000000464
CONST: 011 | 44 -3.4e-05 8.4686e-05 0.000147 0 -0.00062 0

ABS:   012 | -0.000034000  0.000085031  0.000147000  0.000000000 -0.000620000  0.000000000 |         18.2 |  0.000019316  0.000051951, -0.000097470  0.000544549
DIFF:  012 |  0.000000000  0.000000345  0.000000000  0.000000000  0.000000000  0.000000000 |         -0.0 | -0.000000060 -0.000000045,  0.000000449 -0.000000464
MOVE:  012 |  0.000000000  0.000000031 -0.000000000  0.000000000 -0.000000000  0.000000000 |          0.0 |  0.000000000 -0.000000000, -0.000000024 -0.000000000
CONST: 012 | 44 -3.4e-05 8.50314e-05 0.000147 0 -0.00062 0

ABS:   013 | -0.000034000  0.000084969  0.000147000  0.000000000 -0.000620000  0.000000000 |         18.2 |  0.000019315  0.000051952, -0.000097422  0.000544549
DIFF:  013 |  0.000000000 -0.000000063  0.000000000  0.000000000  0.000000000  0.000000000 |         -0.0 | -0.000000001  0.000000000,  0.000000048  0.000000000
MOVE:  013 |  0.000000000 -0.000000031 -0.000000000  0.000000000 -0.000000000  0.000000000 |         -0.0 | -0.000000000  0.000000000,  0.000000024  0.000000000
CONST: 013 | 44 -3.4e-05 8.49686e-05 0.000147 0 -0.00062 0

ABS:   014 | -0.000034000  0.000085000  0.000152002  0.000000000 -0.000620000  0.000000000 |         18.3 |  0.000019318  0.000051952, -0.000096902  0.000546136
DIFF:  014 |  0.000000000  0.000000031  0.000005002  0.000000000  0.000000000  0.000000000 |          0.1 |  0.000000003 -0.000000000,  0.000000520  0.000001587
MOVE:  014 |  0.000000000  0.000000000  0.000005002  0.000000000 -0.000000000  0.000000000 |          0.1 |  0.000000003 -0.000000000,  0.000000544  0.000001587
CONST: 014 | 44 -3.4e-05 8.5e-05 0.000152002 0 -0.00062 0

ABS:   015 | -0.000034000  0.000085000  0.000141998  0.000000000 -0.000620000  0.000000000 |         18.3 |  0.000019312  0.000051952, -0.000094582  0.000545935
DIFF:  015 |  0.000000000  0.000000000 -0.000010004  0.000000000  0.000000000  0.000000000 |         -0.0 | -0.000000006  0.000000000,  0.000002320 -0.000000201
MOVE:  015 |  0.000000000  0.000000000 -0.000005002  0.000000000 -0.000000000  0.000000000 |          0.1 | -0.000000003 -0.000000000,  0.000002864  0.000001386
CONST: 015 | 44 -3.4e-05 8.5e-05 0.000141998 0 -0.00062 0

ABS:   016 | -0.000034000  0.000085000  0.000147500  0.000000000 -0.000620000  0.000000000 |         18.3 |  0.000019316  0.000051952, -0.000097946  0.000544549
DIFF:  016 |  0.000000000  0.000000000  0.000005502  0.000000000  0.000000000  0.000000000 |         -0.1 |  0.000000003  0.000000000, -0.000003364 -0.000001386
MOVE:  016 |  0.000000000  0.000000000  0.000000500  0.000000000 -0.000000000  0.000000000 |          0.0 |  0.000000000 -0.000000000, -0.000000500 -0.000000000
CONST: 016 | 44 -3.4e-05 8.5e-05 0.0001475 0 -0.00062 0

ABS:   017 | -0.000034000  0.000085000  0.000146500  0.000000000 -0.000620000  0.000000000 |         18.3 |  0.000019315  0.000051952, -0.000097658  0.000545011
DIFF:  017 |  0.000000000  0.000000000 -0.000001000  0.000000000  0.000000000  0.000000000 |          0.0 | -0.000000001 -0.000000000,  0.000000288  0.000000462
MOVE:  017 |  0.000000000  0.000000000 -0.000000500  0.000000000 -0.000000000  0.000000000 |          0.0 | -0.000000000 -0.000000000, -0.000000213  0.000000462
CONST: 017 | 44 -3.4e-05 8.5e-05 0.0001465 0 -0.00062 0

ABS:   018 | -0.000034000  0.000085000  0.000147050  0.000000000 -0.000620000  0.000000000 |         18.2 |  0.000019315  0.000051952, -0.000097496  0.000544549
DIFF:  018 |  0.000000000  0.000000000  0.000000550  0.000000000  0.000000000  0.000000000 |         -0.0 |  0.000000000 -0.000000000,  0.000000162 -0.000000462
MOVE:  018 |  0.000000000  0.000000000  0.000000050  0.000000000 -0.000000000  0.000000000 |          0.0 |  0.000000000 -0.000000000, -0.000000050 -0.000000000
CONST: 018 | 44 -3.4e-05 8.5e-05 0.00014705 0 -0.00062 0

ABS:   019 | -0.000034000  0.000085000  0.000146950  0.000000000 -0.000620000  0.000000000 |         18.2 |  0.000019315  0.000051952, -0.000097396  0.000544549
DIFF:  019 |  0.000000000  0.000000000 -0.000000100  0.000000000  0.000000000  0.000000000 |         -0.0 | -0.000000000  0.000000000,  0.000000100  0.000000000
MOVE:  019 |  0.000000000  0.000000000 -0.000000050  0.000000000 -0.000000000  0.000000000 |         -0.0 | -0.000000000  0.000000000,  0.000000050  0.000000000
CONST: 019 | 44 -3.4e-05 8.5e-05 0.00014695 0 -0.00062 0

ABS:   020 | -0.000034000  0.000085000  0.000147000  0.000004000 -0.000620000  0.000000000 |         18.2 |  0.000019312  0.000051954, -0.000097775  0.000544550
DIFF:  020 |  0.000000000  0.000000000  0.000000050  0.000004000  0.000000000  0.000000000 |          0.0 | -0.000000003  0.000000002, -0.000000380  0.000000002
MOVE:  020 |  0.000000000  0.000000000 -0.000000000  0.000004000 -0.000000000  0.000000000 |          0.0 | -0.000000003  0.000000002, -0.000000330  0.000000002
CONST: 020 | 44 -3.4e-05 8.5e-05 0.000147 4.00004e-06 -0.00062 0

ABS:   021 | -0.000034000  0.000085000  0.000147000 -0.000004000 -0.000620000  0.000000000 |         18.3 |  0.000019318  0.000051949, -0.000097829  0.000545009
DIFF:  021 |  0.000000000  0.000000000  0.000000000 -0.000008000  0.000000000  0.000000000 |          0.0 |  0.000000006 -0.000000005, -0.000000054  0.000000459
MOVE:  021 |  0.000000000  0.000000000 -0.000000000 -0.000004000 -0.000000000  0.000000000 |          0.0 |  0.000000003 -0.000000002, -0.000000383  0.000000460
CONST: 021 | 44 -3.4e-05 8.5e-05 0.000147 -4.00004e-06 -0.00062 0

ABS:   022 | -0.000034000  0.000085000  0.000147000  0.000000400 -0.000620000  0.000000000 |         18.2 |  0.000019315  0.000051952, -0.000097479  0.000544549
DIFF:  022 |  0.000000000  0.000000000  0.000000000  0.000004400  0.000000000  0.000000000 |         -0.0 | -0.000000003  0.000000003,  0.000000350 -0.000000460
MOVE:  022 |  0.000000000  0.000000000 -0.000000000  0.000000400 -0.000000000  0.000000000 |          0.0 | -0.000000000  0.000000000, -0.000000033  0.000000000
CONST: 022 | 44 -3.4e-05 8.5e-05 0.000147 4.00004e-07 -0.00062 0

ABS:   023 | -0.000034000  0.000085000  0.000147000 -0.000000400 -0.000620000  0.000000000 |         18.2 |  0.000019316  0.000051951, -0.000097413  0.000544549
DIFF:  023 |  0.000000000  0.000000000  0.000000000 -0.000000800  0.000000000  0.000000000 |         -0.0 |  0.000000001 -0.000000000,  0.000000066 -0.000000000
MOVE:  023 |  0.000000000  0.000000000 -0.000000000 -0.000000400 -0.000000000  0.000000000 |         -0.0 |  0.000000000 -0.000000000,  0.000000033 -0.000000000
CONST: 023 | 44 -3.4e-05 8.5e-05 0.000147 -4.00004e-07 -0.00062 0

ABS:   024 | -0.000034000  0.000085000  0.000147000  0.000002978 -0.000620000  0.000000000 |         18.2 |  0.000019313  0.000051953, -0.000097691  0.000544550
DIFF:  024 |  0.000000000  0.000000000  0.000000000  0.000003378  0.000000000  0.000000000 |          0.0 | -0.000000003  0.000000002, -0.000000278  0.000000001
MOVE:  024 |  0.000000000  0.000000000 -0.000000000  0.000002978 -0.000000000  0.000000000 |          0.0 | -0.000000002  0.000000002, -0.000000245  0.000000001
CONST: 024 | 44 -3.4e-05 8.5e-05 0.000147 2.97845e-06 -0.00062 0

ABS:   025 | -0.000034000  0.000085000  0.000147000 -0.000002978 -0.000620000  0.000000000 |         18.3 |  0.000019318  0.000051950, -0.000097913  0.000545009
DIFF:  025 |  0.000000000  0.000000000  0.000000000 -0.000005957  0.000000000  0.000000000 |          0.0 |  0.000000005 -0.000000004, -0.000000222  0.000000459
MOVE:  025 |  0.000000000  0.000000000 -0.000000000 -0.000002978 -0.000000000  0.000000000 |          0.0 |  0.000000002 -0.000000002, -0.000000467  0.000000461
CONST: 025 | 44 -3.4e-05 8.5e-05 0.000147 -2.97845e-06 -0.00062 0

ABS:   026 | -0.000034000  0.000085000  0.000147000  0.000000000 -0.000609999  0.000000000 |         18.2 |  0.000018774  0.000052016, -0.000097449  0.000544558
DIFF:  026 |  0.000000000  0.000000000  0.000000000  0.000002978  0.000010001  0.000000000 |         -0.0 | -0.000000543  0.000000066,  0.000000464 -0.000000452
MOVE:  026 |  0.000000000  0.000000000 -0.000000000  0.000000000  0.000010001  0.000000000 |         -0.0 | -0.000000541  0.000000064, -0.000000003  0.000000009
CONST: 026 | 44 -3.4e-05 8.5e-05 0.000147 0 -0.000609999 0

ABS:   027 | -0.000034000  0.000085000  0.000147000  0.000000000 -0.000630001  0.000000000 |         18.3 |  0.000020045  0.000052028, -0.000097443  0.000544540
DIFF:  027 |  0.000000000  0.000000000  0.000000000  0.000000000 -0.000020001  0.000000000 |          0.0 |  0.000001271  0.000000012,  0.000000006 -0.000000018
MOVE:  027 |  0.000000000  0.000000000 -0.000000000  0.000000000 -0.000010001  0.000000000 |          0.0 |  0.000000730  0.000000077,  0.000000003 -0.000000009
CONST: 027 | 44 -3.4e-05 8.5e-05 0.000147 0 -0.000630001 0

ABS:   028 | -0.000034000  0.000085000  0.000147000  0.000000000 -0.000619000  0.000000000 |         18.3 |  0.000019299  0.000051984, -0.000097446  0.000544550
DIFF:  028 |  0.000000000  0.000000000  0.000000000  0.000000000  0.000011001  0.000000000 |         -0.0 | -0.000000746 -0.000000044, -0.000000003  0.000000010
MOVE:  028 |  0.000000000  0.000000000 -0.000000000  0.000000000  0.000001000  0.000000000 |          0.0 | -0.000000017  0.000000033, -0.000000000  0.000000001
CONST: 028 | 44 -3.4e-05 8.5e-05 0.000147 0 -0.000619 0

ABS:   029 | -0.000034000  0.000085000  0.000147000  0.000000000 -0.000621000  0.000000000 |         18.3 |  0.000019394  0.000051963, -0.000097446  0.000544548
DIFF:  029 |  0.000000000  0.000000000  0.000000000  0.000000000 -0.000002000  0.000000000 |         -0.0 |  0.000000096 -0.000000021,  0.000000001 -0.000000002
MOVE:  029 |  0.000000000  0.000000000 -0.000000000  0.000000000 -0.000001000  0.000000000 |          0.0 |  0.000000079  0.000000012,  0.000000000 -0.000000001
CONST: 029 | 44 -3.4e-05 8.5e-05 0.000147 0 -0.000621 0

ABS:   030 | -0.000034000  0.000085000  0.000147000  0.000000000 -0.000619900  0.000000000 |         18.2 |  0.000019307  0.000051950, -0.000097446  0.000544549
DIFF:  030 |  0.000000000  0.000000000  0.000000000  0.000000000  0.000001100  0.000000000 |         -0.0 | -0.000000087 -0.000000013, -0.000000000  0.000000001
MOVE:  030 |  0.000000000  0.000000000 -0.000000000  0.000000000  0.000000100  0.000000000 |         -0.0 | -0.000000008 -0.000000001, -0.000000000  0.000000000
CONST: 030 | 44 -3.4e-05 8.5e-05 0.000147 0 -0.0006199 0

ABS:   031 | -0.000034000  0.000085000  0.000147000  0.000000000 -0.000620100  0.000000000 |         18.2 |  0.000019323  0.000051953, -0.000097446  0.000544549
DIFF:  031 |  0.000000000  0.000000000  0.000000000  0.000000000 -0.000000200  0.000000000 |          0.0 |  0.000000016  0.000000002,  0.000000000 -0.000000000
MOVE:  031 |  0.000000000  0.000000000 -0.000000000  0.000000000 -0.000000100  0.000000000 |          0.0 |  0.000000008  0.000000001,  0.000000000 -0.000000000
CONST: 031 | 44 -3.4e-05 8.5e-05 0.000147 0 -0.0006201 0

ABS:   032 | -0.000034000  0.000085000  0.000147000  0.000000000 -0.000620000  0.000002000 |         18.2 |  0.000019314  0.000051951, -0.000097448  0.000544547
DIFF:  032 |  0.000000000  0.000000000  0.000000000  0.000000000  0.000000100  0.000002000 |         -0.0 | -0.000000009 -0.000000001, -0.000000002 -0.000000001
MOVE:  032 |  0.000000000  0.000000000 -0.000000000  0.000000000 -0.000000000  0.000002000 |         -0.0 | -0.000000001 -0.000000000, -0.000000002 -0.000000002
CONST: 032 | 44 -3.4e-05 8.5e-05 0.000147 0 -0.00062 2.00001e-06

ABS:   033 | -0.000034000  0.000085000  0.000147000  0.000000000 -0.000620000 -0.000002000 |         18.2 |  0.000019317  0.000051952, -0.000097444  0.000544550
DIFF:  033 |  0.000000000  0.000000000  0.000000000  0.000000000  0.000000000 -0.000004000 |          0.0 |  0.000000002  0.000000000,  0.000000004  0.000000003
MOVE:  033 |  0.000000000  0.000000000 -0.000000000  0.000000000 -0.000000000 -0.000002000 |          0.0 |  0.000000001  0.000000000,  0.000000002  0.000000002
CONST: 033 | 44 -3.4e-05 8.5e-05 0.000147 0 -0.00062 -2.00001e-06

ABS:   034 | -0.000034000  0.000085000  0.000147000  0.000000000 -0.000620000  0.000020000 |         18.3 |  0.000019366  0.000051996, -0.000097465  0.000544533
DIFF:  034 |  0.000000000  0.000000000  0.000000000  0.000000000  0.000000000  0.000022000 |          0.0 |  0.000000049  0.000000044, -0.000000021 -0.000000017
MOVE:  034 |  0.000000000  0.000000000 -0.000000000  0.000000000 -0.000000000  0.000020000 |          0.0 |  0.000000050  0.000000044, -0.000000019 -0.000000016
CONST: 034 | 44 -3.4e-05 8.5e-05 0.000147 0 -0.00062 2.00001e-05

ABS:   035 | -0.000034000  0.000085000  0.000147000  0.000000000 -0.000620000 -0.000020000 |         18.2 |  0.000019327  0.000051952, -0.000097427  0.000544564
DIFF:  035 |  0.000000000  0.000000000  0.000000000  0.000000000  0.000000000 -0.000040000 |         -0.0 | -0.000000038 -0.000000044,  0.000000038  0.000000031
MOVE:  035 |  0.000000000  0.000000000 -0.000000000  0.000000000 -0.000000000 -0.000020000 |          0.0 |  0.000000012  0.000000000,  0.000000019  0.000000016
CONST: 035 | 44 -3.4e-05 8.5e-05 0.000147 0 -0.00062 -2.00001e-05

ABS:   036 | -0.000034000  0.000085000  0.000147000  0.000000000 -0.000620000  0.000002000 |         18.2 |  0.000019314  0.000051951, -0.000097448  0.000544547
DIFF:  036 |  0.000000000  0.000000000  0.000000000  0.000000000  0.000000000  0.000022000 |         -0.0 | -0.000000013 -0.000000000, -0.000000021 -0.000000017
MOVE:  036 |  0.000000000  0.000000000 -0.000000000  0.000000000 -0.000000000  0.000002000 |         -0.0 | -0.000000001 -0.000000000, -0.000000002 -0.000000002
CONST: 036 | 44 -3.4e-05 8.5e-05 0.000147 0 -0.00062 2.00001e-06

ABS:   037 | -0.000034000  0.000085000  0.000147000  0.000000000 -0.000620000 -0.000002000 |         18.2 |  0.000019317  0.000051952, -0.000097444  0.000544550
DIFF:  037 |  0.000000000  0.000000000  0.000000000  0.000000000  0.000000000 -0.000004000 |          0.0 |  0.000000002  0.000000000,  0.000000004  0.000000003
MOVE:  037 |  0.000000000  0.000000000 -0.000000000  0.000000000 -0.000000000 -0.000002000 |          0.0 |  0.000000001  0.000000000,  0.000000002  0.000000002
CONST: 037 | 44 -3.4e-05 8.5e-05 0.000147 0 -0.00062 -2.00001e-06

ABS:   038 | -0.000033986  0.000005390  0.000049328  0.000001312 -0.000380815  0.009001349 |         17.9 | -0.000000527  0.000050893, -0.000018117  0.000548342
DIFF:  038 |  0.000000014 -0.000079610 -0.000097672  0.000001312  0.000239185  0.009003349 |         -0.4 | -0.000019844 -0.000001058,  0.000079327  0.000003791
MOVE:  038 |  0.000000014 -0.000079610 -0.000097672  0.000001312  0.000239185  0.009001349 |         -0.4 | -0.000019843 -0.000001058,  0.000079329  0.000003793
CONST: 038 | 44 -3.39861e-05 5.3895e-06 4.93283e-05 1.31227e-06 -0.000380815 0.00900135

ABS:   039 | -0.000033992  0.000039296  0.000090966  0.000000753 -0.000482781  0.005182994 |         18.2 |  0.000007914  0.000051212, -0.000053738  0.000550141
DIFF:  039 | -0.000000006  0.000033906  0.000041638 -0.000000559 -0.000101966 -0.003818355 |          0.3 |  0.000008442  0.000000318, -0.000035621  0.000001799
MOVE:  039 |  0.000000008 -0.000045704 -0.000056034  0.000000753  0.000137219  0.005182994 |         -0.1 | -0.000011401 -0.000000740,  0.000043708  0.000005592
CONST: 039 | 44 -3.39921e-05 3.92955e-05 9.09658e-05 7.52838e-07 -0.000482781 0.00518299

ABS:   040 | -0.000033917 -0.000375154 -0.000438704  0.000007874  0.000814919  0.044240433 |         17.4 | -0.000052647  0.000052725,  0.000332557  0.000514044
DIFF:  040 |  0.000000075 -0.000414450 -0.000529670  0.000007121  0.001297699  0.039057439 |         -0.7 | -0.000060561  0.000001513,  0.000386295 -0.000036097
MOVE:  040 |  0.000000083 -0.000460154 -0.000585704  0.000007874  0.001434919  0.044240433 |         -0.8 | -0.000071962  0.000000773,  0.000430003 -0.000030505
CONST: 040 | 44 -3.39169e-05 -0.000375154 -0.000438704 7.8736e-06 0.000814919 0.0442404

ABS:   041 | -0.000033946 -0.000219200 -0.000231738  0.000005090  0.000307637  0.032289887 |         18.2 | -0.000046405  0.000049532,  0.000207413  0.000523155
DIFF:  041 | -0.000000029  0.000155954  0.000206966 -0.000002784 -0.000507282 -0.011950546 |          0.8 |  0.000006243 -0.000003193, -0.000125144  0.000009111
MOVE:  041 |  0.000000054 -0.000304200 -0.000378738  0.000005090  0.000927637  0.032289887 |         -0.0 | -0.000065720 -0.000002420,  0.000304859 -0.000021394
CONST: 041 | 44 -3.39463e-05 -0.0002192 -0.000231738 5.08967e-06 0.000307637 0.0322899

ABS:   042 | -0.000033932 -0.000298547 -0.000335247  0.000006482  0.000561293  0.038981521 |         18.8 | -0.000053184  0.000051247,  0.000274950  0.000526275
DIFF:  042 |  0.000000015 -0.000079347 -0.000103509  0.000001392  0.000253656  0.006691634 |          0.6 | -0.000006779  0.000001716,  0.000067537  0.000003121
MOVE:  042 |  0.000000068 -0.000383547 -0.000482247  0.000006482  0.001181293  0.038981521 |          0.6 | -0.000072499 -0.000000704,  0.000372396 -0.000018273
CONST: 042 | 44 -3.39316e-05 -0.000298547 -0.000335247 6.48163e-06 0.000561293 0.0389815

ABS:   043 | -0.000033924 -0.000337228 -0.000386983  0.000007178  0.000688110  0.041803475 |         18.5 | -0.000052926  0.000051885,  0.000305997  0.000524995
DIFF:  043 |  0.000000007 -0.000038681 -0.000051736  0.000000696  0.000126817  0.002821954 |         -0.4 |  0.000000258  0.000000637,  0.000031047 -0.000001280
MOVE:  043 |  0.000000076 -0.000422228 -0.000533983  0.000007178  0.001308110  0.041803475 |          0.2 | -0.000072241 -0.000000067,  0.000403443 -0.000019554
CONST: 043 | 44 -3.39242e-05 -0.000337228 -0.000386983 7.17762e-06 0.00068811 0.0418035

ABS:   044 | -0.000033910 -0.000375154 -0.000438704  0.000007874  0.000814919  0.044240433 |         17.4 | -0.000052640  0.000052725,  0.000332557  0.000514044
DIFF:  044 |  0.000000014 -0.000037927 -0.000051721  0.000000696  0.000126809  0.002436958 |         -1.0 |  0.000000285  0.000000840,  0.000026560 -0.000010951
MOVE:  044 |  0.000000090 -0.000460154 -0.000585704  0.000007874  0.001434919  0.044240433 |         -0.8 | -0.000071955  0.000000773,  0.000430003 -0.000030505
CONST: 044 | 44 -3.39099e-05 -0.000375154 -0.000438704 7.8736e-06 0.000814919 0.0442404

ABS:   045 | -0.000033924 -0.000375154 -0.000438704  0.000007874  0.000814919  0.044240433 |         17.4 | -0.000052654  0.000052725,  0.000332557  0.000514044
DIFF:  045 | -0.000000014  0.000000000  0.000000000  0.000000000  0.000000000  0.000000000 |          0.0 | -0.000000014  0.000000000, -0.000000000 -0.000000000
MOVE:  045 |  0.000000076 -0.000460154 -0.000585704  0.000007874  0.001434919  0.044240433 |         -0.8 | -0.000071969  0.000000773,  0.000430003 -0.000030505
CONST: 045 | 44 -3.39238e-05 -0.000375154 -0.000438704 7.8736e-06 0.000814919 0.0442404

ABS:   046 | -0.000033847 -0.000375154 -0.000438704  0.000007874  0.000814919  0.044240433 |         17.5 | -0.000052825  0.000052785,  0.000332559  0.000514044
DIFF:  046 |  0.000000076  0.000000000  0.000000000  0.000000000  0.000000000  0.000000000 |          0.0 | -0.000000171  0.000000061,  0.000000002  0.000000000
MOVE:  046 |  0.000000153 -0.000460154 -0.000585704  0.000007874  0.001434919  0.044240433 |         -0.8 | -0.000072141  0.000000834,  0.000430005 -0.000030505
CONST: 046 | 44 -3.38475e-05 -0.000375154 -0.000438704 7.8736e-06 0.000814919 0.0442404

