ABS:   itr |       deltaX       deltaY       deltaZ         phiX         phiY         phiZ |        chisq |    rphi mean     rphi rms,       z mean        z rms
ABS:   =========================================================================================================================================================
DIFF:  itr |       deltaX       deltaY       deltaZ         phiX         phiY         phiZ |        chisq |    rphi mean     rphi rms,       z mean        z rms
DIFF:  =========================================================================================================================================================
MOVE:  itr |       deltaX       deltaY       deltaZ         phiX         phiY         phiZ |        chisq |    rphi mean     rphi rms,       z mean        z rms
MOVE:  =========================================================================================================================================================
ABS:   001 |  0.000021000 -0.000008000  0.000185000  0.001150000  0.000009000  0.000000000 |         53.1 | -0.000008406  0.000049533, -0.000057207  0.000547562
CONST: 001 | 38 2.1e-05 -8e-06 0.000185 0.00115 9e-06 0

ABS:   001 |  0.000021000 -0.000008000  0.000185000  0.001150000  0.000009000  0.000000000 |         53.1 | -0.000008406  0.000049533, -0.000057207  0.000547562
CONST: 001 | 38 2.1e-05 -8e-06 0.000185 0.00115 9e-06 0

ABS:   002 |  0.000021100 -0.000008000  0.000185000  0.001150000  0.000009000  0.000000000 |         53.1 | -0.000008306  0.000049533, -0.000057207  0.000547562
DIFF:  002 |  0.000000100  0.000000000 -0.000000000 -0.000000000  0.000000000  0.000000000 |         -0.0 |  0.000000100 -0.000000000, -0.000000000  0.000000000
MOVE:  002 |  0.000000100  0.000000000 -0.000000000 -0.000000000  0.000000000  0.000000000 |         -0.0 |  0.000000100 -0.000000000, -0.000000000  0.000000000
CONST: 002 | 38 2.11e-05 -8e-06 0.000185 0.00115 9e-06 0

ABS:   003 |  0.000020900 -0.000008000  0.000185000  0.001150000  0.000009000  0.000000000 |         53.1 | -0.000008506  0.000049533, -0.000057207  0.000547562
DIFF:  003 | -0.000000200  0.000000000  0.000000000  0.000000000  0.000000000  0.000000000 |          0.0 | -0.000000200  0.000000000,  0.000000000 -0.000000000
MOVE:  003 | -0.000000100  0.000000000 -0.000000000 -0.000000000  0.000000000  0.000000000 |          0.0 | -0.000000100 -0.000000000,  0.000000000  0.000000000
CONST: 003 | 38 2.09e-05 -8e-06 0.000185 0.00115 9e-06 0

ABS:   004 |  0.000021063 -0.000008000  0.000185000  0.001150000  0.000009000  0.000000000 |         53.1 | -0.000008343  0.000049533, -0.000057207  0.000547562
DIFF:  004 |  0.000000163  0.000000000  0.000000000  0.000000000  0.000000000  0.000000000 |         -0.0 |  0.000000163  0.000000000, -0.000000000  0.000000000
MOVE:  004 |  0.000000063  0.000000000 -0.000000000 -0.000000000  0.000000000  0.000000000 |         -0.0 |  0.000000063 -0.000000000, -0.000000000  0.000000000
CONST: 004 | 38 2.10633e-05 -8e-06 0.000185 0.00115 9e-06 0

ABS:   005 |  0.000020937 -0.000008000  0.000185000  0.001150000  0.000009000  0.000000000 |         53.1 | -0.000008470  0.000049533, -0.000057207  0.000547562
DIFF:  005 | -0.000000127  0.000000000  0.000000000  0.000000000  0.000000000  0.000000000 |          0.0 | -0.000000127  0.000000000,  0.000000000 -0.000000000
MOVE:  005 | -0.000000063  0.000000000 -0.000000000 -0.000000000  0.000000000  0.000000000 |          0.0 | -0.000000063  0.000000000,  0.000000000  0.000000000
CONST: 005 | 38 2.09367e-05 -8e-06 0.000185 0.00115 9e-06 0

ABS:   006 |  0.000021000 -0.000007900  0.000185000  0.001150000  0.000009000  0.000000000 |         53.1 | -0.000008406  0.000049532, -0.000057019  0.000547397
DIFF:  006 |  0.000000063  0.000000100  0.000000000  0.000000000  0.000000000  0.000000000 |         -0.0 |  0.000000064 -0.000000000,  0.000000188 -0.000000165
MOVE:  006 | -0.000000000  0.000000100 -0.000000000 -0.000000000  0.000000000  0.000000000 |         -0.0 |  0.000000000 -0.000000000,  0.000000188 -0.000000165
CONST: 006 | 38 2.1e-05 -7.9e-06 0.000185 0.00115 9e-06 0

ABS:   007 |  0.000021000 -0.000008100  0.000185000  0.001150000  0.000009000  0.000000000 |         53.1 | -0.000008407  0.000049533, -0.000057145  0.000547555
DIFF:  007 |  0.000000000 -0.000000200  0.000000000  0.000000000  0.000000000  0.000000000 |          0.0 | -0.000000001  0.000000001, -0.000000126  0.000000158
MOVE:  007 | -0.000000000 -0.000000100 -0.000000000 -0.000000000  0.000000000  0.000000000 |         -0.0 | -0.000000000  0.000000000,  0.000000062 -0.000000007
CONST: 007 | 38 2.1e-05 -8.1e-06 0.000185 0.00115 9e-06 0

ABS:   008 |  0.000021000 -0.000007990  0.000185000  0.001150000  0.000009000  0.000000000 |         53.1 | -0.000008406  0.000049533, -0.000056963  0.000547390
DIFF:  008 |  0.000000000  0.000000110  0.000000000  0.000000000  0.000000000  0.000000000 |         -0.0 |  0.000000000 -0.000000000,  0.000000182 -0.000000165
MOVE:  008 | -0.000000000  0.000000010 -0.000000000 -0.000000000  0.000000000  0.000000000 |         -0.0 |  0.000000000 -0.000000000,  0.000000244 -0.000000172
CONST: 008 | 38 2.1e-05 -7.99e-06 0.000185 0.00115 9e-06 0

ABS:   009 |  0.000021000 -0.000008010  0.000185000  0.001150000  0.000009000  0.000000000 |         53.1 | -0.000008406  0.000049533, -0.000057201  0.000547561
DIFF:  009 |  0.000000000 -0.000000020  0.000000000  0.000000000  0.000000000  0.000000000 |          0.0 | -0.000000000  0.000000000, -0.000000238  0.000000171
MOVE:  009 | -0.000000000 -0.000000010 -0.000000000 -0.000000000  0.000000000  0.000000000 |         -0.0 | -0.000000000  0.000000000,  0.000000006 -0.000000001
CONST: 009 | 38 2.1e-05 -8.01e-06 0.000185 0.00115 9e-06 0

ABS:   010 |  0.000021000 -0.000007999  0.000185000  0.001150000  0.000009000  0.000000000 |         53.1 | -0.000008406  0.000049533, -0.000057208  0.000547562
DIFF:  010 |  0.000000000  0.000000011  0.000000000  0.000000000  0.000000000  0.000000000 |          0.0 |  0.000000000 -0.000000000, -0.000000007  0.000000001
MOVE:  010 | -0.000000000  0.000000001 -0.000000000 -0.000000000  0.000000000  0.000000000 |          0.0 |  0.000000000 -0.000000000, -0.000000001  0.000000000
CONST: 010 | 38 2.1e-05 -7.999e-06 0.000185 0.00115 9e-06 0

ABS:   011 |  0.000021000 -0.000008001  0.000185000  0.001150000  0.000009000  0.000000000 |         53.1 | -0.000008406  0.000049533, -0.000057207  0.000547562
DIFF:  011 |  0.000000000 -0.000000002  0.000000000  0.000000000  0.000000000  0.000000000 |         -0.0 | -0.000000000  0.000000000,  0.000000001 -0.000000000
MOVE:  011 | -0.000000000 -0.000000001 -0.000000000 -0.000000000  0.000000000  0.000000000 |         -0.0 | -0.000000000  0.000000000,  0.000000001 -0.000000000
CONST: 011 | 38 2.1e-05 -8.001e-06 0.000185 0.00115 9e-06 0

ABS:   012 |  0.000021000 -0.000008000  0.000190002  0.001150000  0.000009000  0.000000000 |         53.1 | -0.000008406  0.000049533, -0.000059352  0.000547274
DIFF:  012 |  0.000000000  0.000000001  0.000005002  0.000000000  0.000000000  0.000000000 |         -0.0 | -0.000000000 -0.000000000, -0.000002146 -0.000000289
MOVE:  012 | -0.000000000  0.000000000  0.000005002 -0.000000000  0.000000000  0.000000000 |         -0.0 | -0.000000000 -0.000000000, -0.000002145 -0.000000289
CONST: 012 | 38 2.1e-05 -8e-06 0.000190002 0.00115 9e-06 0

ABS:   013 |  0.000021000 -0.000008000  0.000179998  0.001150000  0.000009000  0.000000000 |         53.0 | -0.000008406  0.000049533, -0.000054840  0.000547292
DIFF:  013 |  0.000000000  0.000000000 -0.000010004  0.000000000  0.000000000  0.000000000 |         -0.0 |  0.000000000  0.000000000,  0.000004513  0.000000018
MOVE:  013 | -0.000000000  0.000000000 -0.000005002 -0.000000000  0.000000000  0.000000000 |         -0.1 |  0.000000000  0.000000000,  0.000002368 -0.000000270
CONST: 013 | 38 2.1e-05 -8e-06 0.000179998 0.00115 9e-06 0

ABS:   014 |  0.000021000 -0.000008000  0.000185000  0.001154000  0.000009000  0.000000000 |         53.1 | -0.000008415  0.000049536, -0.000057295  0.000547386
DIFF:  014 |  0.000000000  0.000000000  0.000005002  0.000004000  0.000000000  0.000000000 |          0.0 | -0.000000009  0.000000004, -0.000002455  0.000000094
MOVE:  014 | -0.000000000  0.000000000 -0.000000000  0.000004000  0.000000000  0.000000000 |         -0.0 | -0.000000009  0.000000004, -0.000000087 -0.000000176
CONST: 014 | 38 2.1e-05 -8e-06 0.000185 0.001154 9e-06 0

ABS:   015 |  0.000021000 -0.000008000  0.000185000  0.001146000  0.000009000  0.000000000 |         53.2 | -0.000008398  0.000049529, -0.000057120  0.000547739
DIFF:  015 |  0.000000000  0.000000000  0.000000000 -0.000008000  0.000000000  0.000000000 |          0.1 |  0.000000017 -0.000000008,  0.000000175  0.000000353
MOVE:  015 | -0.000000000  0.000000000 -0.000000000 -0.000004000  0.000000000  0.000000000 |          0.0 |  0.000000009 -0.000000004,  0.000000087  0.000000176
CONST: 015 | 38 2.1e-05 -8e-06 0.000185 0.001146 9e-06 0

ABS:   016 |  0.000021000 -0.000008000  0.000185000  0.001150000  0.000019001  0.000000000 |         53.1 | -0.000008987  0.000049382, -0.000056971  0.000547383
DIFF:  016 |  0.000000000  0.000000000  0.000000000  0.000004000  0.000010001  0.000000000 |         -0.1 | -0.000000589 -0.000000146,  0.000000149 -0.000000355
MOVE:  016 | -0.000000000  0.000000000 -0.000000000 -0.000000000  0.000010001  0.000000000 |         -0.1 | -0.000000580 -0.000000150,  0.000000237 -0.000000179
CONST: 016 | 38 2.1e-05 -8e-06 0.000185 0.00115 1.90007e-05 0

ABS:   017 |  0.000021000 -0.000008000  0.000185000  0.001150000 -0.000001001  0.000000000 |         53.2 | -0.000007822  0.000049733, -0.000057194  0.000547568
DIFF:  017 |  0.000000000  0.000000000  0.000000000  0.000000000 -0.000020001  0.000000000 |          0.1 |  0.000001164  0.000000351, -0.000000223  0.000000185
MOVE:  017 | -0.000000000  0.000000000 -0.000000000 -0.000000000 -0.000010001  0.000000000 |          0.0 |  0.000000584  0.000000201,  0.000000013  0.000000006
CONST: 017 | 38 2.1e-05 -8e-06 0.000185 0.00115 -1.00067e-06 0

ABS:   018 |  0.000021000 -0.000008000  0.000185000  0.001150000  0.000010000  0.000000000 |         53.1 | -0.000008465  0.000049517, -0.000056959  0.000547389
DIFF:  018 |  0.000000000  0.000000000  0.000000000  0.000000000  0.000011001  0.000000000 |         -0.1 | -0.000000642 -0.000000216,  0.000000235 -0.000000179
MOVE:  018 | -0.000000000  0.000000000 -0.000000000 -0.000000000  0.000001000  0.000000000 |         -0.0 | -0.000000058 -0.000000015,  0.000000249 -0.000000173
CONST: 018 | 38 2.1e-05 -8e-06 0.000185 0.00115 1.00001e-05 0

ABS:   019 |  0.000021000 -0.000008000  0.000185000  0.001150000  0.000008000  0.000000000 |         53.1 | -0.000008348  0.000049548, -0.000057206  0.000547563
DIFF:  019 |  0.000000000  0.000000000  0.000000000  0.000000000 -0.000002000  0.000000000 |          0.0 |  0.000000116  0.000000031, -0.000000247  0.000000174
MOVE:  019 | -0.000000000  0.000000000 -0.000000000 -0.000000000 -0.000001000  0.000000000 |          0.0 |  0.000000058  0.000000015,  0.000000001  0.000000001
CONST: 019 | 38 2.1e-05 -8e-06 0.000185 0.00115 7.99993e-06 0

ABS:   020 |  0.000021000 -0.000008000  0.000185000  0.001150000  0.000009100  0.000000000 |         53.1 | -0.000008412  0.000049531, -0.000056957  0.000547390
DIFF:  020 |  0.000000000  0.000000000  0.000000000  0.000000000  0.000001100  0.000000000 |         -0.0 | -0.000000064 -0.000000017,  0.000000249 -0.000000173
MOVE:  020 | -0.000000000  0.000000000 -0.000000000 -0.000000000  0.000000100  0.000000000 |         -0.0 | -0.000000006 -0.000000002,  0.000000250 -0.000000173
CONST: 020 | 38 2.1e-05 -8e-06 0.000185 0.00115 9.10001e-06 0

ABS:   021 |  0.000021000 -0.000008000  0.000185000  0.001150000  0.000008900  0.000000000 |         53.1 | -0.000008401  0.000049534, -0.000057207  0.000547562
DIFF:  021 |  0.000000000  0.000000000  0.000000000  0.000000000 -0.000000200  0.000000000 |          0.0 |  0.000000012  0.000000003, -0.000000250  0.000000173
MOVE:  021 | -0.000000000  0.000000000 -0.000000000 -0.000000000 -0.000000100  0.000000000 |          0.0 |  0.000000006  0.000000002,  0.000000000  0.000000000
CONST: 021 | 38 2.1e-05 -8e-06 0.000185 0.00115 8.89999e-06 0

ABS:   022 |  0.000021000 -0.000008000  0.000185000  0.001150000  0.000009000  0.000002000 |         53.1 | -0.000008408  0.000049533, -0.000057209  0.000547562
DIFF:  022 |  0.000000000  0.000000000  0.000000000  0.000000000  0.000000100  0.000002000 |         -0.0 | -0.000000007 -0.000000002, -0.000000002 -0.000000000
MOVE:  022 | -0.000000000  0.000000000 -0.000000000 -0.000000000  0.000000000  0.000002000 |          0.0 | -0.000000001  0.000000000, -0.000000002 -0.000000000
CONST: 022 | 38 2.1e-05 -8e-06 0.000185 0.00115 9e-06 2.00001e-06

ABS:   023 |  0.000021000 -0.000008000  0.000185000  0.001150000  0.000009000 -0.000002000 |         53.1 | -0.000008405  0.000049533, -0.000056955  0.000547390
DIFF:  023 |  0.000000000  0.000000000  0.000000000  0.000000000  0.000000000 -0.000004000 |         -0.0 |  0.000000002 -0.000000000,  0.000000254 -0.000000172
MOVE:  023 | -0.000000000  0.000000000 -0.000000000 -0.000000000  0.000000000 -0.000002000 |         -0.0 |  0.000000001 -0.000000000,  0.000000252 -0.000000172
CONST: 023 | 38 2.1e-05 -8e-06 0.000185 0.00115 9e-06 -2.00001e-06

ABS:   024 |  0.000021000 -0.000008000  0.000185000  0.001150000  0.000009000  0.000000200 |         53.1 | -0.000008407  0.000049533, -0.000057207  0.000547562
DIFF:  024 |  0.000000000  0.000000000  0.000000000  0.000000000  0.000000000  0.000002200 |          0.0 | -0.000000001  0.000000000, -0.000000252  0.000000172
MOVE:  024 | -0.000000000  0.000000000 -0.000000000 -0.000000000  0.000000000  0.000000200 |          0.0 | -0.000000000  0.000000000, -0.000000000 -0.000000000
CONST: 024 | 38 2.1e-05 -8e-06 0.000185 0.00115 9e-06 2.00001e-07

ABS:   025 |  0.000021000 -0.000008000  0.000185000  0.001150000  0.000009000 -0.000000200 |         53.1 | -0.000008406  0.000049533, -0.000056957  0.000547390
DIFF:  025 |  0.000000000  0.000000000  0.000000000  0.000000000  0.000000000 -0.000000400 |         -0.0 |  0.000000000 -0.000000000,  0.000000251 -0.000000173
MOVE:  025 | -0.000000000  0.000000000 -0.000000000 -0.000000000  0.000000000 -0.000000200 |         -0.0 |  0.000000000 -0.000000000,  0.000000250 -0.000000173
CONST: 025 | 38 2.1e-05 -8e-06 0.000185 0.00115 9e-06 -2.00001e-07

ABS:   026 |  0.000021000 -0.000008000  0.000185000  0.001150000  0.000009000  0.000000020 |         53.1 | -0.000008406  0.000049533, -0.000057207  0.000547562
DIFF:  026 |  0.000000000  0.000000000  0.000000000  0.000000000  0.000000000  0.000000220 |          0.0 | -0.000000000  0.000000000, -0.000000250  0.000000173
MOVE:  026 | -0.000000000  0.000000000 -0.000000000 -0.000000000  0.000000000  0.000000020 |          0.0 | -0.000000000  0.000000000, -0.000000000 -0.000000000
CONST: 026 | 38 2.1e-05 -8e-06 0.000185 0.00115 9e-06 2.00001e-08

ABS:   027 |  0.000021000 -0.000008000  0.000185000  0.001150000  0.000009000 -0.000000020 |         53.1 | -0.000008406  0.000049533, -0.000057207  0.000547562
DIFF:  027 |  0.000000000  0.000000000  0.000000000  0.000000000  0.000000000 -0.000000040 |         -0.0 |  0.000000000 -0.000000000,  0.000000000  0.000000000
MOVE:  027 | -0.000000000  0.000000000 -0.000000000 -0.000000000  0.000000000 -0.000000020 |         -0.0 |  0.000000000 -0.000000000,  0.000000000  0.000000000
CONST: 027 | 38 2.1e-05 -8e-06 0.000185 0.00115 9e-06 -2.00001e-08

ABS:   028 |  0.000021000 -0.000008000  0.000179998  0.001150000  0.000009000  0.000000000 |         53.0 | -0.000008406  0.000049533, -0.000054840  0.000547292
DIFF:  028 |  0.000000000  0.000000000 -0.000005002  0.000000000  0.000000000  0.000000020 |         -0.1 |  0.000000000  0.000000000,  0.000002368 -0.000000270
MOVE:  028 | -0.000000000  0.000000000 -0.000005002 -0.000000000  0.000000000  0.000000000 |         -0.1 |  0.000000000  0.000000000,  0.000002368 -0.000000270
CONST: 028 | 38 2.1e-05 -8e-06 0.000179998 0.00115 9e-06 0

ABS:   029 |  0.000021000 -0.000008000  0.000159990  0.001150000  0.000009000  0.000000000 |         53.1 | -0.000008406  0.000049533, -0.000043943  0.000548280
DIFF:  029 |  0.000000000  0.000000000 -0.000020008  0.000000000  0.000000000  0.000000000 |          0.1 |  0.000000000  0.000000000,  0.000010897  0.000000989
MOVE:  029 | -0.000000000  0.000000000 -0.000025010 -0.000000000  0.000000000  0.000000000 |          0.0 |  0.000000000  0.000000000,  0.000013265  0.000000718
CONST: 029 | 38 2.1e-05 -8e-06 0.00015999 0.00115 9e-06 0

ABS:   030 |  0.000021000 -0.000008000  0.000172834  0.001150000  0.000009000  0.000000000 |         53.0 | -0.000008406  0.000049533, -0.000049228  0.000547543
DIFF:  030 |  0.000000000  0.000000000  0.000012844  0.000000000  0.000000000  0.000000000 |         -0.1 | -0.000000000 -0.000000000, -0.000005285 -0.000000737
MOVE:  030 | -0.000000000  0.000000000 -0.000012166 -0.000000000  0.000000000  0.000000000 |         -0.1 |  0.000000000  0.000000000,  0.000007979 -0.000000019
CONST: 030 | 38 2.1e-05 -8e-06 0.000172834 0.00115 9e-06 0

ABS:   031 |  0.000021000 -0.000008000  0.000174858  0.001150000  0.000009000  0.000000000 |         53.0 | -0.000008406  0.000049533, -0.000050474  0.000547415
DIFF:  031 |  0.000000000  0.000000000  0.000002024  0.000000000  0.000000000  0.000000000 |         -0.0 | -0.000000000 -0.000000000, -0.000001246 -0.000000128
MOVE:  031 | -0.000000000  0.000000000 -0.000010142 -0.000000000  0.000000000  0.000000000 |         -0.1 |  0.000000000  0.000000000,  0.000006734 -0.000000147
CONST: 031 | 38 2.1e-05 -8e-06 0.000174858 0.00115 9e-06 0

ABS:   032 |  0.000021000 -0.000008000  0.000175535  0.001150000  0.000009000  0.000000000 |         53.0 | -0.000008406  0.000049533, -0.000051151  0.000547415
DIFF:  032 |  0.000000000  0.000000000  0.000000677  0.000000000  0.000000000  0.000000000 |          0.0 | -0.000000000 -0.000000000, -0.000000677  0.000000000
MOVE:  032 | -0.000000000  0.000000000 -0.000009465 -0.000000000  0.000000000  0.000000000 |         -0.1 |  0.000000000  0.000000000,  0.000006056 -0.000000147
CONST: 032 | 38 2.1e-05 -8e-06 0.000175535 0.00115 9e-06 0

ABS:   033 |  0.000021000 -0.000008000  0.000174252  0.001150000  0.000009000  0.000000000 |         53.0 | -0.000008406  0.000049533, -0.000049868  0.000547415
DIFF:  033 |  0.000000000  0.000000000 -0.000001282  0.000000000  0.000000000  0.000000000 |         -0.0 |  0.000000000  0.000000000,  0.000001283 -0.000000000
MOVE:  033 | -0.000000000  0.000000000 -0.000010748 -0.000000000  0.000000000  0.000000000 |         -0.1 |  0.000000000  0.000000000,  0.000007339 -0.000000148
CONST: 033 | 38 2.1e-05 -8e-06 0.000174252 0.00115 9e-06 0

ABS:   034 |  0.000021000 -0.000008000  0.000149242  0.001150000  0.000009000  0.000000000 |         53.5 | -0.000008406  0.000049533, -0.000039643  0.000549953
DIFF:  034 |  0.000000000  0.000000000 -0.000025010  0.000000000  0.000000000  0.000000000 |          0.5 |  0.000000000  0.000000000,  0.000010225  0.000002538
MOVE:  034 | -0.000000000  0.000000000 -0.000035758 -0.000000000  0.000000000  0.000000000 |          0.4 |  0.000000000  0.000000000,  0.000017564  0.000002390
CONST: 034 | 38 2.1e-05 -8e-06 0.000149242 0.00115 9e-06 0

ABS:   035 |  0.000021000 -0.000008000  0.000161747  0.001150000  0.000009000  0.000000000 |         53.1 | -0.000008406  0.000049533, -0.000044670  0.000547967
DIFF:  035 |  0.000000000  0.000000000  0.000012505  0.000000000  0.000000000  0.000000000 |         -0.4 | -0.000000000 -0.000000000, -0.000005027 -0.000001985
MOVE:  035 | -0.000000000  0.000000000 -0.000023253 -0.000000000  0.000000000  0.000000000 |         -0.0 |  0.000000000  0.000000000,  0.000012538  0.000000405
CONST: 035 | 38 2.1e-05 -8e-06 0.000161747 0.00115 9e-06 0

ABS:   036 |  0.000021000 -0.000008000  0.000168000  0.001150000  0.000009000  0.000000000 |         52.8 | -0.000008406  0.000049533, -0.000047074  0.000546508
DIFF:  036 |  0.000000000  0.000000000  0.000006253  0.000000000  0.000000000  0.000000000 |         -0.3 | -0.000000000 -0.000000000, -0.000002404 -0.000001459
MOVE:  036 | -0.000000000  0.000000000 -0.000017000 -0.000000000  0.000000000  0.000000000 |         -0.3 |  0.000000000  0.000000000,  0.000010133 -0.000001054
CONST: 036 | 38 2.1e-05 -8e-06 0.000168 0.00115 9e-06 0

ABS:   037 |  0.000021000 -0.000008000  0.000161997  0.001150000  0.000009000  0.000000000 |         53.1 | -0.000008406  0.000049533, -0.000044920  0.000547967
DIFF:  037 |  0.000000000  0.000000000 -0.000006002  0.000000000  0.000000000  0.000000000 |          0.3 |  0.000000000  0.000000000,  0.000002154  0.000001459
MOVE:  037 | -0.000000000  0.000000000 -0.000023003 -0.000000000  0.000000000  0.000000000 |         -0.0 |  0.000000000  0.000000000,  0.000012287  0.000000405
CONST: 037 | 38 2.1e-05 -8e-06 0.000161997 0.00115 9e-06 0

ABS:   038 |  0.000021000 -0.000008000  0.000164999  0.001150000  0.000009000  0.000000000 |         53.0 | -0.000008406  0.000049533, -0.000046892  0.000547656
DIFF:  038 |  0.000000000  0.000000000  0.000003001  0.000000000  0.000000000  0.000000000 |         -0.0 | -0.000000000 -0.000000000, -0.000001972 -0.000000311
MOVE:  038 | -0.000000000  0.000000000 -0.000020001 -0.000000000  0.000000000  0.000000000 |         -0.1 |  0.000000000  0.000000000,  0.000010316  0.000000094
CONST: 038 | 38 2.1e-05 -8e-06 0.000164999 0.00115 9e-06 0

ABS:   039 |  0.000021063 -0.000008000  0.000168000  0.001150000  0.000009000  0.000000000 |         52.8 | -0.000008343  0.000049533, -0.000047074  0.000546508
DIFF:  039 |  0.000000063  0.000000000  0.000003001  0.000000000  0.000000000  0.000000000 |         -0.3 |  0.000000063 -0.000000000, -0.000000182 -0.000001148
MOVE:  039 |  0.000000063  0.000000000 -0.000017000 -0.000000000  0.000000000  0.000000000 |         -0.4 |  0.000000063  0.000000000,  0.000010133 -0.000001054
CONST: 039 | 38 2.10631e-05 -8e-06 0.000168 0.00115 9e-06 0

ABS:   040 |  0.000020937 -0.000008000  0.000168000  0.001150000  0.000009000  0.000000000 |         52.8 | -0.000008469  0.000049533, -0.000047074  0.000546508
DIFF:  040 | -0.000000126  0.000000000  0.000000000  0.000000000  0.000000000  0.000000000 |          0.0 | -0.000000126 -0.000000000,  0.000000000  0.000000000
MOVE:  040 | -0.000000063  0.000000000 -0.000017000 -0.000000000  0.000000000  0.000000000 |         -0.3 | -0.000000063  0.000000000,  0.000010133 -0.000001054
CONST: 040 | 38 2.09369e-05 -8e-06 0.000168 0.00115 9e-06 0

ABS:   041 |  0.000021000 -0.000007990  0.000168000  0.001150000  0.000009000  0.000000000 |         52.8 | -0.000008406  0.000049533, -0.000047080  0.000546509
DIFF:  041 |  0.000000063  0.000000010  0.000000000  0.000000000  0.000000000  0.000000000 |         -0.0 |  0.000000063 -0.000000000, -0.000000006  0.000000001
MOVE:  041 | -0.000000000  0.000000010 -0.000017000 -0.000000000  0.000000000  0.000000000 |         -0.3 |  0.000000000  0.000000000,  0.000010127 -0.000001054
CONST: 041 | 38 2.1e-05 -7.99e-06 0.000168 0.00115 9e-06 0

ABS:   042 |  0.000021000 -0.000008010  0.000168000  0.001150000  0.000009000  0.000000000 |         52.8 | -0.000008406  0.000049533, -0.000047068  0.000546507
DIFF:  042 |  0.000000000 -0.000000020  0.000000000  0.000000000  0.000000000  0.000000000 |         -0.0 | -0.000000000  0.000000000,  0.000000012 -0.000000001
MOVE:  042 | -0.000000000 -0.000000010 -0.000017000 -0.000000000  0.000000000  0.000000000 |         -0.3 |  0.000000000  0.000000000,  0.000010140 -0.000001055
CONST: 042 | 38 2.1e-05 -8.01e-06 0.000168 0.00115 9e-06 0

ABS:   043 |  0.000021000 -0.000007900  0.000168000  0.001150000  0.000009000  0.000000000 |         52.8 | -0.000008406  0.000049532, -0.000047136  0.000546515
DIFF:  043 |  0.000000000  0.000000110  0.000000000  0.000000000  0.000000000  0.000000000 |          0.0 |  0.000000000 -0.000000000, -0.000000068  0.000000008
MOVE:  043 | -0.000000000  0.000000100 -0.000017000 -0.000000000  0.000000000  0.000000000 |         -0.3 |  0.000000000 -0.000000000,  0.000010072 -0.000001047
CONST: 043 | 38 2.1e-05 -7.9e-06 0.000168 0.00115 9e-06 0

ABS:   044 |  0.000021000 -0.000008100  0.000168000  0.001150000  0.000009000  0.000000000 |         52.8 | -0.000008407  0.000049533, -0.000047012  0.000546501
DIFF:  044 |  0.000000000 -0.000000200  0.000000000  0.000000000  0.000000000  0.000000000 |         -0.0 | -0.000000001  0.000000001,  0.000000124 -0.000000015
MOVE:  044 | -0.000000000 -0.000000100 -0.000017000 -0.000000000  0.000000000  0.000000000 |         -0.4 | -0.000000000  0.000000000,  0.000010195 -0.000001062
CONST: 044 | 38 2.1e-05 -8.1e-06 0.000168 0.00115 9e-06 0

ABS:   045 |  0.000021000 -0.000008000  0.000168500  0.001150000  0.000009000  0.000000000 |         52.8 | -0.000008406  0.000049533, -0.000047299  0.000546731
DIFF:  045 |  0.000000000  0.000000100  0.000000500  0.000000000  0.000000000  0.000000000 |          0.1 |  0.000000000 -0.000000000, -0.000000287  0.000000231
MOVE:  045 | -0.000000000  0.000000000 -0.000016500 -0.000000000  0.000000000  0.000000000 |         -0.3 |  0.000000000  0.000000000,  0.000009908 -0.000000831
CONST: 045 | 38 2.1e-05 -8e-06 0.0001685 0.00115 9e-06 0

ABS:   046 |  0.000021000 -0.000008000  0.000167500  0.001150000  0.000009000  0.000000000 |         52.9 | -0.000008406  0.000049533, -0.000047078  0.000546863
DIFF:  046 |  0.000000000  0.000000000 -0.000001000  0.000000000  0.000000000  0.000000000 |          0.0 |  0.000000000  0.000000000,  0.000000221  0.000000132
MOVE:  046 | -0.000000000  0.000000000 -0.000017500 -0.000000000  0.000000000  0.000000000 |         -0.3 |  0.000000000  0.000000000,  0.000010129 -0.000000699
CONST: 046 | 38 2.1e-05 -8e-06 0.0001675 0.00115 9e-06 0

ABS:   047 |  0.000021000 -0.000008000  0.000168050  0.001150000  0.000009000  0.000000000 |         52.8 | -0.000008406  0.000049533, -0.000047124  0.000546508
DIFF:  047 |  0.000000000  0.000000000  0.000000550  0.000000000  0.000000000  0.000000000 |         -0.1 | -0.000000000 -0.000000000, -0.000000045 -0.000000355
MOVE:  047 | -0.000000000  0.000000000 -0.000016950 -0.000000000  0.000000000  0.000000000 |         -0.3 |  0.000000000  0.000000000,  0.000010083 -0.000001054
CONST: 047 | 38 2.1e-05 -8e-06 0.00016805 0.00115 9e-06 0

ABS:   048 |  0.000021000 -0.000008000  0.000167950  0.001150000  0.000009000  0.000000000 |         52.8 | -0.000008406  0.000049533, -0.000047024  0.000546508
DIFF:  048 |  0.000000000  0.000000000 -0.000000100  0.000000000  0.000000000  0.000000000 |         -0.0 |  0.000000000  0.000000000,  0.000000100 -0.000000000
MOVE:  048 | -0.000000000  0.000000000 -0.000017050 -0.000000000  0.000000000  0.000000000 |         -0.4 |  0.000000000  0.000000000,  0.000010184 -0.000001054
CONST: 048 | 38 2.1e-05 -8e-06 0.00016795 0.00115 9e-06 0

ABS:   049 |  0.000021000 -0.000008000  0.000168294  0.001150000  0.000009000  0.000000000 |         52.8 | -0.000008406  0.000049533, -0.000047368  0.000546508
DIFF:  049 |  0.000000000  0.000000000  0.000000344  0.000000000  0.000000000  0.000000000 |          0.0 | -0.000000000 -0.000000000, -0.000000344  0.000000000
MOVE:  049 | -0.000000000  0.000000000 -0.000016706 -0.000000000  0.000000000  0.000000000 |         -0.3 |  0.000000000  0.000000000,  0.000009839 -0.000001054
CONST: 049 | 38 2.1e-05 -8e-06 0.000168294 0.00115 9e-06 0

ABS:   050 |  0.000021000 -0.000008000  0.000167706  0.001150000  0.000009000  0.000000000 |         52.8 | -0.000008406  0.000049533, -0.000047032  0.000546686
DIFF:  050 |  0.000000000  0.000000000 -0.000000588  0.000000000  0.000000000  0.000000000 |          0.0 |  0.000000000  0.000000000,  0.000000335  0.000000178
MOVE:  050 | -0.000000000  0.000000000 -0.000017294 -0.000000000  0.000000000  0.000000000 |         -0.3 |  0.000000000  0.000000000,  0.000010175 -0.000000877
CONST: 050 | 38 2.1e-05 -8e-06 0.000167706 0.00115 9e-06 0

ABS:   051 |  0.000021000 -0.000008000  0.000168000  0.001155612  0.000009000  0.000000000 |         52.8 | -0.000008418  0.000049538, -0.000047271  0.000546726
DIFF:  051 |  0.000000000  0.000000000  0.000000294  0.000005612  0.000000000  0.000000000 |          0.0 | -0.000000012  0.000000005, -0.000000239  0.000000040
MOVE:  051 | -0.000000000  0.000000000 -0.000017000  0.000005612  0.000000000  0.000000000 |         -0.3 | -0.000000012  0.000000006,  0.000009936 -0.000000837
CONST: 051 | 38 2.1e-05 -8e-06 0.000168 0.00115561 9e-06 0

ABS:   052 |  0.000021000 -0.000008000  0.000168000  0.001144388  0.000009000  0.000000000 |         52.9 | -0.000008394  0.000049527, -0.000047106  0.000546869
DIFF:  052 |  0.000000000  0.000000000  0.000000000 -0.000011223  0.000000000  0.000000000 |          0.0 |  0.000000024 -0.000000011,  0.000000165  0.000000143
MOVE:  052 | -0.000000000  0.000000000 -0.000017000 -0.000005612  0.000000000  0.000000000 |         -0.3 |  0.000000012 -0.000000005,  0.000010101 -0.000000693
CONST: 052 | 38 2.1e-05 -8e-06 0.000168 0.00114439 9e-06 0

ABS:   053 |  0.000021000 -0.000008000  0.000168000  0.001150561  0.000009000  0.000000000 |         52.8 | -0.000008408  0.000049533, -0.000047121  0.000546507
DIFF:  053 |  0.000000000  0.000000000  0.000000000  0.000006173  0.000000000  0.000000000 |         -0.1 | -0.000000013  0.000000006, -0.000000015 -0.000000362
MOVE:  053 | -0.000000000  0.000000000 -0.000017000  0.000000561  0.000000000  0.000000000 |         -0.3 | -0.000000001  0.000000001,  0.000010086 -0.000001055
CONST: 053 | 38 2.1e-05 -8e-06 0.000168 0.00115056 9e-06 0

ABS:   054 |  0.000021000 -0.000008000  0.000168000  0.001149439  0.000009000  0.000000000 |         52.8 | -0.000008405  0.000049532, -0.000047027  0.000546508
DIFF:  054 |  0.000000000  0.000000000  0.000000000 -0.000001122  0.000000000  0.000000000 |         -0.0 |  0.000000002 -0.000000001,  0.000000095  0.000000001
MOVE:  054 | -0.000000000  0.000000000 -0.000017000 -0.000000561  0.000000000  0.000000000 |         -0.4 |  0.000000001 -0.000000000,  0.000010181 -0.000001054
CONST: 054 | 38 2.1e-05 -8e-06 0.000168 0.00114944 9e-06 0

ABS:   055 |  0.000021000 -0.000008000  0.000168000  0.001152896  0.000009000  0.000000000 |         52.8 | -0.000008413  0.000049535, -0.000047318  0.000546505
DIFF:  055 |  0.000000000  0.000000000  0.000000000  0.000003457  0.000000000  0.000000000 |          0.0 | -0.000000007  0.000000003, -0.000000291 -0.000000003
MOVE:  055 | -0.000000000  0.000000000 -0.000017000  0.000002896  0.000000000  0.000000000 |         -0.3 | -0.000000006  0.000000003,  0.000009889 -0.000001057
CONST: 055 | 38 2.1e-05 -8e-06 0.000168 0.0011529 9e-06 0

ABS:   056 |  0.000021000 -0.000008000  0.000168000  0.001147104  0.000009000  0.000000000 |         52.8 | -0.000008400  0.000049530, -0.000047082  0.000546689
DIFF:  056 |  0.000000000  0.000000000  0.000000000 -0.000005792  0.000000000  0.000000000 |          0.0 |  0.000000012 -0.000000006,  0.000000235  0.000000184
MOVE:  056 | -0.000000000  0.000000000 -0.000017000 -0.000002896  0.000000000  0.000000000 |         -0.3 |  0.000000006 -0.000000003,  0.000010125 -0.000000874
CONST: 056 | 38 2.1e-05 -8e-06 0.000168 0.0011471 9e-06 0

ABS:   057 |  0.000021000 -0.000008000  0.000168000  0.001150000  0.000009010  0.000000000 |         52.8 | -0.000008407  0.000049532, -0.000047074  0.000546508
DIFF:  057 |  0.000000000  0.000000000  0.000000000  0.000002896  0.000000010  0.000000000 |         -0.0 | -0.000000007  0.000000003,  0.000000009 -0.000000181
MOVE:  057 | -0.000000000  0.000000000 -0.000017000 -0.000000000  0.000000010  0.000000000 |         -0.3 | -0.000000000 -0.000000000,  0.000010133 -0.000001054
CONST: 057 | 38 2.1e-05 -8e-06 0.000168 0.00115 9.01e-06 0

ABS:   058 |  0.000021000 -0.000008000  0.000168000  0.001150000  0.000008990  0.000000000 |         52.8 | -0.000008406  0.000049533, -0.000047074  0.000546508
DIFF:  058 |  0.000000000  0.000000000  0.000000000  0.000000000 -0.000000020  0.000000000 |          0.0 |  0.000000001  0.000000000,  0.000000000  0.000000000
MOVE:  058 | -0.000000000  0.000000000 -0.000017000 -0.000000000 -0.000000010  0.000000000 |         -0.3 |  0.000000001  0.000000000,  0.000010133 -0.000001054
CONST: 058 | 38 2.1e-05 -8e-06 0.000168 0.00115 8.99e-06 0

ABS:   059 |  0.000021000 -0.000008000  0.000168000  0.001150000  0.000009100  0.000000000 |         52.8 | -0.000008412  0.000049531, -0.000047074  0.000546508
DIFF:  059 |  0.000000000  0.000000000  0.000000000  0.000000000  0.000000110  0.000000000 |         -0.0 | -0.000000006 -0.000000002, -0.000000000 -0.000000000
MOVE:  059 | -0.000000000  0.000000000 -0.000017000 -0.000000000  0.000000100  0.000000000 |         -0.3 | -0.000000006 -0.000000001,  0.000010133 -0.000001054
CONST: 059 | 38 2.1e-05 -8e-06 0.000168 0.00115 9.10001e-06 0

ABS:   060 |  0.000021000 -0.000008000  0.000168000  0.001150000  0.000008900  0.000000000 |         52.8 | -0.000008401  0.000049534, -0.000047074  0.000546508
DIFF:  060 |  0.000000000  0.000000000  0.000000000  0.000000000 -0.000000200  0.000000000 |          0.0 |  0.000000012  0.000000003,  0.000000000  0.000000000
MOVE:  060 | -0.000000000  0.000000000 -0.000017000 -0.000000000 -0.000000100  0.000000000 |         -0.3 |  0.000000006  0.000000002,  0.000010134 -0.000001054
CONST: 060 | 38 2.1e-05 -8e-06 0.000168 0.00115 8.89999e-06 0

ABS:   061 |  0.000021000 -0.000008000  0.000168000  0.001150000  0.000009000  0.000000200 |         52.8 | -0.000008406  0.000049533, -0.000047074  0.000546508
DIFF:  061 |  0.000000000  0.000000000  0.000000000  0.000000000  0.000000100  0.000000200 |         -0.0 | -0.000000006 -0.000000002, -0.000000000 -0.000000000
MOVE:  061 | -0.000000000  0.000000000 -0.000017000 -0.000000000  0.000000000  0.000000200 |         -0.3 | -0.000000000  0.000000000,  0.000010133 -0.000001054
CONST: 061 | 38 2.1e-05 -8e-06 0.000168 0.00115 9e-06 2.00001e-07

ABS:   062 |  0.000021000 -0.000008000  0.000168000  0.001150000  0.000009000 -0.000000200 |         52.8 | -0.000008406  0.000049533, -0.000047074  0.000546508
DIFF:  062 |  0.000000000  0.000000000  0.000000000  0.000000000  0.000000000 -0.000000400 |         -0.0 |  0.000000000 -0.000000000,  0.000000000  0.000000000
MOVE:  062 | -0.000000000  0.000000000 -0.000017000 -0.000000000  0.000000000 -0.000000200 |         -0.3 |  0.000000000  0.000000000,  0.000010134 -0.000001054
CONST: 062 | 38 2.1e-05 -8e-06 0.000168 0.00115 9e-06 -2.00001e-07

ABS:   063 |  0.000029406 -0.000075956  0.000168119  0.001151167  0.000041448 -0.002006559 |         53.5 | -0.000002104  0.000049820, -0.000035185  0.000549035
DIFF:  063 |  0.000008406 -0.000067956  0.000000119  0.000001167  0.000032448 -0.002006359 |          0.7 |  0.000006302  0.000000287,  0.000011889  0.000002527
MOVE:  063 |  0.000008406 -0.000067956 -0.000016881  0.000001167  0.000032448 -0.002006559 |          0.3 |  0.000006302  0.000000287,  0.000022023  0.000001473
CONST: 063 | 38 2.94063e-05 -7.59562e-05 0.000168119 0.00115117 4.14481e-05 -0.00200656

ABS:   064 |  0.000024110 -0.000033157  0.000168044  0.001150432  0.000021004 -0.000742500 |         53.3 | -0.000006098  0.000049559, -0.000043466  0.000548725
DIFF:  064 | -0.000005296  0.000042799 -0.000000075 -0.000000735 -0.000020444  0.001264060 |         -0.2 | -0.000003995 -0.000000260, -0.000008281 -0.000000310
MOVE:  064 |  0.000003110 -0.000025157 -0.000016956  0.000000432  0.000012004 -0.000742500 |          0.1 |  0.000002308  0.000000027,  0.000013741  0.000001163
CONST: 064 | 38 2.41099e-05 -3.31572e-05 0.000168044 0.00115043 2.10042e-05 -0.0007425

ABS:   065 |  0.000021916 -0.000015414  0.000168013  0.001150127  0.000012537 -0.000218802 |         53.2 | -0.000007726  0.000049569, -0.000046632  0.000548201
DIFF:  065 | -0.000002194  0.000017743 -0.000000031 -0.000000304 -0.000008467  0.000523697 |         -0.1 | -0.000001628  0.000000010, -0.000003166 -0.000000524
MOVE:  065 |  0.000000916 -0.000007414 -0.000016987  0.000000127  0.000003537 -0.000218802 |          0.0 |  0.000000680  0.000000037,  0.000010575  0.000000639
CONST: 065 | 38 2.19164e-05 -1.54139e-05 0.000168013 0.00115013 1.25373e-05 -0.000218802

ABS:   066 |  0.000021159 -0.000009290  0.000168002  0.001150022  0.000009616 -0.000038082 |         52.9 | -0.000008287  0.000049546, -0.000047780  0.000547080
DIFF:  066 | -0.000000757  0.000006124 -0.000000011 -0.000000105 -0.000002922  0.000180721 |         -0.2 | -0.000000560 -0.000000024, -0.000001148 -0.000001121
MOVE:  066 |  0.000000159 -0.000001290 -0.000016998  0.000000022  0.000000616 -0.000038082 |         -0.2 |  0.000000120  0.000000013,  0.000009427 -0.000000482
CONST: 066 | 38 2.11595e-05 -9.29037e-06 0.000168002 0.00115002 9.61566e-06 -3.80818e-05

ABS:   067 |  0.000021016 -0.000008129  0.000168000  0.001150002  0.000009062 -0.000003820 |         52.8 | -0.000008392  0.000049532, -0.000046991  0.000546499
DIFF:  067 | -0.000000144  0.000001161 -0.000000002 -0.000000020 -0.000000554  0.000034262 |         -0.1 | -0.000000106 -0.000000013,  0.000000790 -0.000000581
MOVE:  067 |  0.000000016 -0.000000129 -0.000017000  0.000000002  0.000000062 -0.000003820 |         -0.4 |  0.000000014 -0.000000001,  0.000010217 -0.000001064
CONST: 067 | 38 2.1016e-05 -8.12942e-06 0.000168 0.00115 9.06175e-06 -3.81959e-06

ABS:   068 |  0.000021079 -0.000008129  0.000168000  0.001150002  0.000009062 -0.000003820 |         52.8 | -0.000008329  0.000049532, -0.000046991  0.000546499
DIFF:  068 |  0.000000063  0.000000000  0.000000000  0.000000000  0.000000000  0.000000000 |         -0.0 |  0.000000063 -0.000000000, -0.000000000  0.000000000
MOVE:  068 |  0.000000079 -0.000000129 -0.000017000  0.000000002  0.000000062 -0.000003820 |         -0.4 |  0.000000077 -0.000000001,  0.000010217 -0.000001064
CONST: 068 | 38 2.10791e-05 -8.12942e-06 0.000168 0.00115 9.06175e-06 -3.81959e-06

ABS:   069 |  0.000020953 -0.000008129  0.000168000  0.001150002  0.000009062 -0.000003820 |         52.8 | -0.000008455  0.000049532, -0.000046991  0.000546499
DIFF:  069 | -0.000000126  0.000000000  0.000000000  0.000000000  0.000000000  0.000000000 |          0.0 | -0.000000126  0.000000000,  0.000000000 -0.000000000
MOVE:  069 | -0.000000047 -0.000000129 -0.000017000  0.000000002  0.000000062 -0.000003820 |         -0.3 | -0.000000049 -0.000000001,  0.000010217 -0.000001064
CONST: 069 | 38 2.09529e-05 -8.12942e-06 0.000168 0.00115 9.06175e-06 -3.81959e-06

ABS:   070 |  0.000021016 -0.000007830  0.000168000  0.001150002  0.000009062 -0.000003820 |         52.8 | -0.000008391  0.000049531, -0.000047176  0.000546521
DIFF:  070 |  0.000000063  0.000000300  0.000000000  0.000000000  0.000000000  0.000000000 |          0.0 |  0.000000064 -0.000000001, -0.000000185  0.000000022
MOVE:  070 |  0.000000016  0.000000170 -0.000017000  0.000000002  0.000000062 -0.000003820 |         -0.3 |  0.000000015 -0.000000001,  0.000010031 -0.000001041
CONST: 070 | 38 2.1016e-05 -7.82965e-06 0.000168 0.00115 9.06175e-06 -3.81959e-06

ABS:   071 |  0.000021016 -0.000008429  0.000168000  0.001150002  0.000009062 -0.000003820 |         52.8 | -0.000008393  0.000049533, -0.000046805  0.000546477
DIFF:  071 |  0.000000000 -0.000000600  0.000000000  0.000000000  0.000000000  0.000000000 |         -0.0 | -0.000000002  0.000000002,  0.000000371 -0.000000044
MOVE:  071 |  0.000000016 -0.000000429 -0.000017000  0.000000002  0.000000062 -0.000003820 |         -0.4 |  0.000000013  0.000000000,  0.000010402 -0.000001086
CONST: 071 | 38 2.1016e-05 -8.4292e-06 0.000168 0.00115 9.06175e-06 -3.81959e-06

ABS:   072 |  0.000021016 -0.000008129  0.000168029  0.001150002  0.000009062 -0.000003820 |         52.8 | -0.000008392  0.000049532, -0.000047020  0.000546499
DIFF:  072 |  0.000000000  0.000000300  0.000000029  0.000000000  0.000000000  0.000000000 |          0.0 |  0.000000001 -0.000000001, -0.000000215  0.000000022
MOVE:  072 |  0.000000016 -0.000000129 -0.000016971  0.000000002  0.000000062 -0.000003820 |         -0.4 |  0.000000014 -0.000000001,  0.000010187 -0.000001064
CONST: 072 | 38 2.1016e-05 -8.12942e-06 0.000168029 0.00115 9.06175e-06 -3.81959e-06

ABS:   073 |  0.000021016 -0.000008129  0.000167971  0.001150002  0.000009062 -0.000003820 |         52.8 | -0.000008392  0.000049532, -0.000046961  0.000546499
DIFF:  073 |  0.000000000  0.000000000 -0.000000059  0.000000000  0.000000000  0.000000000 |         -0.0 |  0.000000000  0.000000000,  0.000000059 -0.000000000
MOVE:  073 |  0.000000016 -0.000000129 -0.000017029  0.000000002  0.000000062 -0.000003820 |         -0.4 |  0.000000014 -0.000000001,  0.000010246 -0.000001064
CONST: 073 | 38 2.1016e-05 -8.12942e-06 0.000167971 0.00115 9.06175e-06 -3.81959e-06

ABS:   074 |  0.000021016 -0.000008129  0.000168294  0.001150002  0.000009062 -0.000003820 |         52.8 | -0.000008392  0.000049532, -0.000047284  0.000546499
DIFF:  074 |  0.000000000  0.000000000  0.000000323  0.000000000  0.000000000  0.000000000 |          0.0 | -0.000000000 -0.000000000, -0.000000323  0.000000000
MOVE:  074 |  0.000000016 -0.000000129 -0.000016706  0.000000002  0.000000062 -0.000003820 |         -0.3 |  0.000000014 -0.000000001,  0.000009923 -0.000001063
CONST: 074 | 38 2.1016e-05 -8.12942e-06 0.000168294 0.00115 9.06175e-06 -3.81959e-06

ABS:   075 |  0.000021016 -0.000008129  0.000167706  0.001150002  0.000009062 -0.000003820 |         52.8 | -0.000008392  0.000049532, -0.000046949  0.000546676
DIFF:  075 |  0.000000000  0.000000000 -0.000000587  0.000000000  0.000000000  0.000000000 |          0.0 |  0.000000000  0.000000000,  0.000000335  0.000000178
MOVE:  075 |  0.000000016 -0.000000129 -0.000017294  0.000000002  0.000000062 -0.000003820 |         -0.3 |  0.000000014 -0.000000001,  0.000010258 -0.000000886
CONST: 075 | 38 2.1016e-05 -8.12942e-06 0.000167706 0.00115 9.06175e-06 -3.81959e-06

ABS:   076 |  0.000021016 -0.000008129  0.000168029  0.001150002  0.000009062 -0.000003820 |         52.8 | -0.000008392  0.000049532, -0.000047020  0.000546499
DIFF:  076 |  0.000000000  0.000000000  0.000000323  0.000000000  0.000000000  0.000000000 |         -0.0 | -0.000000000 -0.000000000, -0.000000071 -0.000000178
MOVE:  076 |  0.000000016 -0.000000129 -0.000016971  0.000000002  0.000000062 -0.000003820 |         -0.4 |  0.000000014 -0.000000001,  0.000010187 -0.000001064
CONST: 076 | 38 2.1016e-05 -8.12942e-06 0.000168029 0.00115 9.06175e-06 -3.81959e-06

ABS:   077 |  0.000021016 -0.000008129  0.000167971  0.001150002  0.000009062 -0.000003820 |         52.8 | -0.000008392  0.000049532, -0.000046961  0.000546499
DIFF:  077 |  0.000000000  0.000000000 -0.000000059  0.000000000  0.000000000  0.000000000 |         -0.0 |  0.000000000  0.000000000,  0.000000059 -0.000000000
MOVE:  077 |  0.000000016 -0.000000129 -0.000017029  0.000000002  0.000000062 -0.000003820 |         -0.4 |  0.000000014 -0.000000001,  0.000010246 -0.000001064
CONST: 077 | 38 2.1016e-05 -8.12942e-06 0.000167971 0.00115 9.06175e-06 -3.81959e-06

ABS:   078 |  0.000021016 -0.000008129  0.000168000  0.001150292  0.000009062 -0.000003820 |         52.8 | -0.000008393  0.000049532, -0.000047015  0.000546498
DIFF:  078 |  0.000000000  0.000000000  0.000000029  0.000000290  0.000000000  0.000000000 |          0.0 | -0.000000001  0.000000000, -0.000000054 -0.000000000
MOVE:  078 |  0.000000016 -0.000000129 -0.000017000  0.000000292  0.000000062 -0.000003820 |         -0.4 |  0.000000014 -0.000000000,  0.000010192 -0.000001064
CONST: 078 | 38 2.1016e-05 -8.12942e-06 0.000168 0.00115029 9.06175e-06 -3.81959e-06

ABS:   079 |  0.000021016 -0.000008129  0.000168000  0.001149713  0.000009062 -0.000003820 |         52.8 | -0.000008392  0.000049532, -0.000046966  0.000546499
DIFF:  079 |  0.000000000  0.000000000  0.000000000 -0.000000579  0.000000000  0.000000000 |         -0.0 |  0.000000001 -0.000000001,  0.000000049  0.000000001
MOVE:  079 |  0.000000016 -0.000000129 -0.000017000 -0.000000287  0.000000062 -0.000003820 |         -0.4 |  0.000000015 -0.000000001,  0.000010241 -0.000001063
CONST: 079 | 38 2.1016e-05 -8.12942e-06 0.000168 0.00114971 9.06175e-06 -3.81959e-06

ABS:   080 |  0.000021016 -0.000008129  0.000168000  0.001152898  0.000009062 -0.000003820 |         52.8 | -0.000008398  0.000049535, -0.000047235  0.000546496
DIFF:  080 |  0.000000000  0.000000000  0.000000000  0.000003186  0.000000000  0.000000000 |          0.0 | -0.000000007  0.000000003, -0.000000268 -0.000000003
MOVE:  080 |  0.000000016 -0.000000129 -0.000017000  0.000002898  0.000000062 -0.000003820 |         -0.3 |  0.000000008  0.000000002,  0.000009973 -0.000001066
CONST: 080 | 38 2.1016e-05 -8.12942e-06 0.000168 0.0011529 9.06175e-06 -3.81959e-06

ABS:   081 |  0.000021016 -0.000008129  0.000168000  0.001147106  0.000009062 -0.000003820 |         52.8 | -0.000008386  0.000049529, -0.000046746  0.000546502
DIFF:  081 |  0.000000000  0.000000000  0.000000000 -0.000005792  0.000000000  0.000000000 |         -0.0 |  0.000000012 -0.000000006,  0.000000488  0.000000006
MOVE:  081 |  0.000000016 -0.000000129 -0.000017000 -0.000002894  0.000000062 -0.000003820 |         -0.4 |  0.000000020 -0.000000003,  0.000010461 -0.000001061
CONST: 081 | 38 2.1016e-05 -8.12942e-06 0.000168 0.00114711 9.06175e-06 -3.81959e-06

ABS:   082 |  0.000021016 -0.000008129  0.000168000  0.001150002  0.000009736 -0.000003820 |         52.8 | -0.000008431  0.000049522, -0.000046991  0.000546498
DIFF:  082 |  0.000000000  0.000000000  0.000000000  0.000002896  0.000000674  0.000000000 |          0.0 | -0.000000045 -0.000000008, -0.000000245 -0.000000003
MOVE:  082 |  0.000000016 -0.000000129 -0.000017000  0.000000002  0.000000736 -0.000003820 |         -0.4 | -0.000000025 -0.000000011,  0.000010216 -0.000001064
CONST: 082 | 38 2.1016e-05 -8.12942e-06 0.000168 0.00115 9.73568e-06 -3.81959e-06

ABS:   083 |  0.000021016 -0.000008129  0.000168000  0.001150002  0.000008388 -0.000003820 |         52.8 | -0.000008353  0.000049542, -0.000046990  0.000546499
DIFF:  083 |  0.000000000  0.000000000  0.000000000  0.000000000 -0.000001348  0.000000000 |          0.0 |  0.000000078  0.000000021,  0.000000002  0.000000001
MOVE:  083 |  0.000000016 -0.000000129 -0.000017000  0.000000002 -0.000000612 -0.000003820 |         -0.4 |  0.000000053  0.000000010,  0.000010218 -0.000001063
CONST: 083 | 38 2.1016e-05 -8.12942e-06 0.000168 0.00115 8.38782e-06 -3.81959e-06

ABS:   084 |  0.000021016 -0.000008129  0.000168000  0.001150002  0.000009062 -0.000001820 |         52.8 | -0.000008393  0.000049532, -0.000046992  0.000546498
DIFF:  084 |  0.000000000  0.000000000  0.000000000  0.000000000  0.000000674  0.000002000 |         -0.0 | -0.000000040 -0.000000010, -0.000000003 -0.000000001
MOVE:  084 |  0.000000016 -0.000000129 -0.000017000  0.000000002  0.000000062 -0.000001820 |         -0.4 |  0.000000013 -0.000000000,  0.000010215 -0.000001064
CONST: 084 | 38 2.1016e-05 -8.12942e-06 0.000168 0.00115 9.06175e-06 -1.81958e-06

ABS:   085 |  0.000021016 -0.000008129  0.000168000  0.001150002  0.000009062 -0.000005820 |         52.8 | -0.000008391  0.000049532, -0.000046989  0.000546499
DIFF:  085 |  0.000000000  0.000000000  0.000000000  0.000000000  0.000000000 -0.000004000 |         -0.0 |  0.000000002 -0.000000000,  0.000000004  0.000000000
MOVE:  085 |  0.000000016 -0.000000129 -0.000017000  0.000000002  0.000000062 -0.000005820 |         -0.4 |  0.000000015 -0.000000001,  0.000010219 -0.000001063
CONST: 085 | 38 2.1016e-05 -8.12942e-06 0.000168 0.00115 9.06175e-06 -5.8196e-06

ABS:   086 |  0.000030890 -0.000087919  0.000168000  0.001149997  0.000047308 -0.002359499 |         53.5 | -0.000000999  0.000049856, -0.000029231  0.000549139
DIFF:  086 |  0.000009874 -0.000079789  0.000000000 -0.000000005  0.000038246 -0.002353679 |          0.7 |  0.000007392  0.000000324,  0.000017758  0.000002640
MOVE:  086 |  0.000009890 -0.000079919 -0.000017000 -0.000000003  0.000038308 -0.002359499 |          0.3 |  0.000007408  0.000000323,  0.000027976  0.000001577
CONST: 086 | 38 3.08897e-05 -8.79187e-05 0.000168 0.00115 4.73077e-05 -0.0023595

ABS:   087 |  0.000024797 -0.000038711  0.000168000  0.001150000  0.000023707 -0.000906154 |         53.2 | -0.000005560  0.000049561, -0.000042137  0.000548394
DIFF:  087 | -0.000006093  0.000049208 -0.000000000  0.000000003 -0.000023601  0.001453345 |         -0.3 | -0.000004562 -0.000000295, -0.000012906 -0.000000745
MOVE:  087 |  0.000003797 -0.000030711 -0.000017000  0.000000000  0.000014707 -0.000906154 |          0.1 |  0.000002846  0.000000029,  0.000015071  0.000000832
CONST: 087 | 38 2.4797e-05 -3.87106e-05 0.000168 0.00115 2.37071e-05 -0.000906154

ABS:   088 |  0.000022284 -0.000018390  0.000168000  0.001150002  0.000013975 -0.000306539 |         53.1 | -0.000007491  0.000049544, -0.000045208  0.000547952
DIFF:  088 | -0.000002513  0.000020321 -0.000000000  0.000000001 -0.000009732  0.000599615 |         -0.1 | -0.000001931 -0.000000017, -0.000003071 -0.000000442
MOVE:  088 |  0.000001284 -0.000010390 -0.000017000  0.000000002  0.000004975 -0.000306539 |         -0.0 |  0.000000915  0.000000012,  0.000011999  0.000000390
CONST: 088 | 38 2.22844e-05 -1.83899e-05 0.000168 0.00115 1.39748e-05 -0.000306539

ABS:   089 |  0.000021318 -0.000010572  0.000168000  0.001150002  0.000010231 -0.000075886 |         52.9 | -0.000008168  0.000049558, -0.000047474  0.000546943
DIFF:  089 | -0.000000966  0.000007818 -0.000000000  0.000000000 -0.000003743  0.000230653 |         -0.2 | -0.000000677  0.000000014, -0.000002266 -0.000001009
MOVE:  089 |  0.000000318 -0.000002572 -0.000017000  0.000000002  0.000001231 -0.000075886 |         -0.2 |  0.000000239  0.000000026,  0.000009733 -0.000000619
CONST: 089 | 38 2.1318e-05 -1.05721e-05 0.000168 0.00115 1.02314e-05 -7.58859e-05

ABS:   090 |  0.000021070 -0.000008569  0.000168000  0.001150002  0.000009272 -0.000016789 |         52.8 | -0.000008345  0.000049530, -0.000046959  0.000546645
DIFF:  090 | -0.000000248  0.000002003 -0.000000000  0.000000000 -0.000000959  0.000059097 |         -0.1 | -0.000000177 -0.000000028,  0.000000515 -0.000000298
MOVE:  090 |  0.000000070 -0.000000569 -0.000017000  0.000000002  0.000000272 -0.000016789 |         -0.3 |  0.000000062 -0.000000002,  0.000010249 -0.000000917
CONST: 090 | 38 2.10703e-05 -8.56903e-06 0.000168 0.00115 9.27224e-06 -1.67894e-05

ABS:   091 |  0.000021024 -0.000008192  0.000168000  0.001150002  0.000009092 -0.000005666 |         52.8 | -0.000008385  0.000049532, -0.000046950  0.000546494
DIFF:  091 | -0.000000047  0.000000377 -0.000000000  0.000000000 -0.000000181  0.000011123 |         -0.0 | -0.000000041  0.000000002,  0.000000009 -0.000000151
MOVE:  091 |  0.000000024 -0.000000192 -0.000017000  0.000000002  0.000000092 -0.000005666 |         -0.4 |  0.000000021 -0.000000001,  0.000010257 -0.000001068
CONST: 091 | 38 2.10237e-05 -8.19202e-06 0.000168 0.00115 9.09172e-06 -5.66648e-06

