ABS:   itr |       deltaX       deltaY       deltaZ         phiX         phiY         phiZ |        chisq |    rphi mean     rphi rms,       z mean        z rms
ABS:   =========================================================================================================================================================
DIFF:  itr |       deltaX       deltaY       deltaZ         phiX         phiY         phiZ |        chisq |    rphi mean     rphi rms,       z mean        z rms
DIFF:  =========================================================================================================================================================
MOVE:  itr |       deltaX       deltaY       deltaZ         phiX         phiY         phiZ |        chisq |    rphi mean     rphi rms,       z mean        z rms
MOVE:  =========================================================================================================================================================
ABS:   001 | -0.000188000 -0.000410000  0.000394000 -0.000800000  0.003846000  0.000000000 |         59.5 |  0.000010033  0.000054044, -0.000040057  0.000554617
CONST: 001 | 33 -0.000188 -0.00041 0.000394 -0.0008 0.003846 0

ABS:   001 | -0.000188000 -0.000410000  0.000394000 -0.000800000  0.003846000  0.000000000 |         59.5 |  0.000010033  0.000054044, -0.000040057  0.000554617
CONST: 001 | 33 -0.000188 -0.00041 0.000394 -0.0008 0.003846 0

ABS:   002 | -0.000187900 -0.000410000  0.000394000 -0.000800000  0.003846000  0.000000000 |         59.5 |  0.000010042  0.000054019, -0.000040057  0.000554617
DIFF:  002 |  0.000000100  0.000000000  0.000000000 -0.000000000  0.000000000  0.000000000 |         -0.0 |  0.000000009 -0.000000025, -0.000000000  0.000000000
MOVE:  002 |  0.000000100  0.000000000  0.000000000 -0.000000000  0.000000000  0.000000000 |         -0.0 |  0.000000009 -0.000000025, -0.000000000  0.000000000
CONST: 002 | 33 -0.0001879 -0.00041 0.000394 -0.0008 0.003846 0

ABS:   003 | -0.000188100 -0.000410000  0.000394000 -0.000800000  0.003846000  0.000000000 |         59.5 |  0.000009933  0.000054044, -0.000040057  0.000554617
DIFF:  003 | -0.000000200  0.000000000  0.000000000  0.000000000  0.000000000  0.000000000 |          0.0 | -0.000000109  0.000000025,  0.000000001 -0.000000000
MOVE:  003 | -0.000000100  0.000000000  0.000000000 -0.000000000  0.000000000  0.000000000 |         -0.0 | -0.000000100  0.000000000,  0.000000000 -0.000000000
CONST: 003 | 33 -0.0001881 -0.00041 0.000394 -0.0008 0.003846 0

ABS:   004 | -0.000187990 -0.000410000  0.000394000 -0.000800000  0.003846000  0.000000000 |         59.5 |  0.000010022  0.000054027, -0.000040057  0.000554617
DIFF:  004 |  0.000000110  0.000000000  0.000000000  0.000000000  0.000000000  0.000000000 |         -0.0 |  0.000000088 -0.000000017, -0.000000000 -0.000000000
MOVE:  004 |  0.000000010  0.000000000  0.000000000 -0.000000000  0.000000000  0.000000000 |         -0.0 | -0.000000012 -0.000000017, -0.000000000 -0.000000000
CONST: 004 | 33 -0.00018799 -0.00041 0.000394 -0.0008 0.003846 0

ABS:   005 | -0.000188010 -0.000410000  0.000394000 -0.000800000  0.003846000  0.000000000 |         59.5 |  0.000010023  0.000054044, -0.000040057  0.000554617
DIFF:  005 | -0.000000020  0.000000000  0.000000000  0.000000000  0.000000000  0.000000000 |          0.0 |  0.000000002  0.000000017,  0.000000000  0.000000000
MOVE:  005 | -0.000000010  0.000000000  0.000000000 -0.000000000  0.000000000  0.000000000 |         -0.0 | -0.000000010  0.000000000,  0.000000000 -0.000000000
CONST: 005 | 33 -0.00018801 -0.00041 0.000394 -0.0008 0.003846 0

ABS:   006 | -0.000187999 -0.000410000  0.000394000 -0.000800000  0.003846000  0.000000000 |         59.5 |  0.000010013  0.000054027, -0.000040057  0.000554617
DIFF:  006 |  0.000000011  0.000000000  0.000000000  0.000000000  0.000000000  0.000000000 |         -0.0 | -0.000000011 -0.000000017, -0.000000000  0.000000000
MOVE:  006 |  0.000000001  0.000000000  0.000000000 -0.000000000  0.000000000  0.000000000 |         -0.0 | -0.000000021 -0.000000017, -0.000000000  0.000000000
CONST: 006 | 33 -0.000187999 -0.00041 0.000394 -0.0008 0.003846 0

ABS:   007 | -0.000188001 -0.000410000  0.000394000 -0.000800000  0.003846000  0.000000000 |         59.5 |  0.000010032  0.000054044, -0.000040057  0.000554617
DIFF:  007 | -0.000000002  0.000000000  0.000000000  0.000000000  0.000000000  0.000000000 |          0.0 |  0.000000020  0.000000017,  0.000000000 -0.000000000
MOVE:  007 | -0.000000001  0.000000000  0.000000000 -0.000000000  0.000000000  0.000000000 |         -0.0 | -0.000000001  0.000000000,  0.000000000 -0.000000000
CONST: 007 | 33 -0.000188001 -0.00041 0.000394 -0.0008 0.003846 0

ABS:   008 | -0.000188000 -0.000409900  0.000394000 -0.000800000  0.003846000  0.000000000 |         59.5 |  0.000009995  0.000054011, -0.000040051  0.000554618
DIFF:  008 |  0.000000001  0.000000100  0.000000000  0.000000000  0.000000000  0.000000000 |         -0.0 | -0.000000037 -0.000000033,  0.000000006  0.000000001
MOVE:  008 | -0.000000000  0.000000100  0.000000000 -0.000000000  0.000000000  0.000000000 |         -0.0 | -0.000000038 -0.000000033,  0.000000006  0.000000001
CONST: 008 | 33 -0.000188 -0.0004099 0.000394 -0.0008 0.003846 0

ABS:   009 | -0.000188000 -0.000410100  0.000394000 -0.000800000  0.003846000  0.000000000 |         59.5 |  0.000010028  0.000054043, -0.000040312  0.000554420
DIFF:  009 |  0.000000000 -0.000000200  0.000000000  0.000000000  0.000000000  0.000000000 |         -0.0 |  0.000000033  0.000000032, -0.000000261 -0.000000198
MOVE:  009 | -0.000000000 -0.000000100  0.000000000 -0.000000000  0.000000000  0.000000000 |         -0.0 | -0.000000005 -0.000000001, -0.000000255 -0.000000197
CONST: 009 | 33 -0.000188 -0.0004101 0.000394 -0.0008 0.003846 0

ABS:   010 | -0.000188000 -0.000409990  0.000394000 -0.000800000  0.003846000  0.000000000 |         59.5 |  0.000010012  0.000054027, -0.000040056  0.000554617
DIFF:  010 |  0.000000000  0.000000110  0.000000000  0.000000000  0.000000000  0.000000000 |          0.0 | -0.000000016 -0.000000016,  0.000000255  0.000000197
MOVE:  010 | -0.000000000  0.000000010  0.000000000 -0.000000000  0.000000000  0.000000000 |         -0.0 | -0.000000021 -0.000000017,  0.000000001  0.000000000
CONST: 010 | 33 -0.000188 -0.00040999 0.000394 -0.0008 0.003846 0

ABS:   011 | -0.000188000 -0.000410010  0.000394000 -0.000800000  0.003846000  0.000000000 |         59.5 |  0.000010033  0.000054044, -0.000040058  0.000554617
DIFF:  011 |  0.000000000 -0.000000020  0.000000000  0.000000000  0.000000000  0.000000000 |          0.0 |  0.000000021  0.000000017, -0.000000001 -0.000000000
MOVE:  011 | -0.000000000 -0.000000010  0.000000000 -0.000000000  0.000000000  0.000000000 |         -0.0 | -0.000000001 -0.000000000, -0.000000001 -0.000000000
CONST: 011 | 33 -0.000188 -0.00041001 0.000394 -0.0008 0.003846 0

ABS:   012 | -0.000188000 -0.000409999  0.000394000 -0.000800000  0.003846000  0.000000000 |         59.5 |  0.000010034  0.000054044, -0.000040057  0.000554617
DIFF:  012 |  0.000000000  0.000000011  0.000000000  0.000000000  0.000000000  0.000000000 |          0.0 |  0.000000001  0.000000000,  0.000000001  0.000000000
MOVE:  012 | -0.000000000  0.000000001  0.000000000 -0.000000000  0.000000000  0.000000000 |          0.0 |  0.000000000  0.000000000,  0.000000000  0.000000000
CONST: 012 | 33 -0.000188 -0.000409999 0.000394 -0.0008 0.003846 0

ABS:   013 | -0.000188000 -0.000410001  0.000394000 -0.000800000  0.003846000  0.000000000 |         59.5 |  0.000010033  0.000054044, -0.000040057  0.000554617
DIFF:  013 |  0.000000000 -0.000000002  0.000000000  0.000000000  0.000000000  0.000000000 |         -0.0 | -0.000000000 -0.000000000, -0.000000000 -0.000000000
MOVE:  013 | -0.000000000 -0.000000001  0.000000000 -0.000000000  0.000000000  0.000000000 |         -0.0 | -0.000000000 -0.000000000, -0.000000000 -0.000000000
CONST: 013 | 33 -0.000188 -0.000410001 0.000394 -0.0008 0.003846 0

ABS:   014 | -0.000188000 -0.000410000  0.000399002 -0.000800000  0.003846000  0.000000000 |         59.5 |  0.000010014  0.000054044, -0.000042428  0.000554632
DIFF:  014 |  0.000000000  0.000000001  0.000005002  0.000000000  0.000000000  0.000000000 |          0.0 | -0.000000019 -0.000000000, -0.000002371  0.000000015
MOVE:  014 | -0.000000000  0.000000000  0.000005002 -0.000000000  0.000000000  0.000000000 |          0.0 | -0.000000019 -0.000000000, -0.000002371  0.000000015
CONST: 014 | 33 -0.000188 -0.00041 0.000399002 -0.0008 0.003846 0

ABS:   015 | -0.000188000 -0.000410000  0.000388998 -0.000800000  0.003846000  0.000000000 |         59.4 |  0.000010009  0.000054010, -0.000038432  0.000554022
DIFF:  015 |  0.000000000  0.000000000 -0.000010004  0.000000000  0.000000000  0.000000000 |         -0.2 | -0.000000005 -0.000000034,  0.000003996 -0.000000610
MOVE:  015 | -0.000000000  0.000000000 -0.000005002 -0.000000000  0.000000000  0.000000000 |         -0.2 | -0.000000024 -0.000000034,  0.000001625 -0.000000595
CONST: 015 | 33 -0.000188 -0.00041 0.000388998 -0.0008 0.003846 0

ABS:   016 | -0.000188000 -0.000410000  0.000394500 -0.000800000  0.003846000  0.000000000 |         59.5 |  0.000010032  0.000054044, -0.000040077  0.000554652
DIFF:  016 |  0.000000000  0.000000000  0.000005502  0.000000000  0.000000000  0.000000000 |          0.2 |  0.000000022  0.000000034, -0.000001646  0.000000629
MOVE:  016 | -0.000000000  0.000000000  0.000000500 -0.000000000  0.000000000  0.000000000 |          0.0 | -0.000000002 -0.000000000, -0.000000021  0.000000035
CONST: 016 | 33 -0.000188 -0.00041 0.0003945 -0.0008 0.003846 0

ABS:   017 | -0.000188000 -0.000410000  0.000393500 -0.000800000  0.003846000  0.000000000 |         59.5 |  0.000010014  0.000054027, -0.000040037  0.000554582
DIFF:  017 |  0.000000000  0.000000000 -0.000001000  0.000000000  0.000000000  0.000000000 |         -0.0 | -0.000000018 -0.000000017,  0.000000041 -0.000000069
MOVE:  017 | -0.000000000  0.000000000 -0.000000500 -0.000000000  0.000000000  0.000000000 |         -0.0 | -0.000000020 -0.000000017,  0.000000020 -0.000000035
CONST: 017 | 33 -0.000188 -0.00041 0.0003935 -0.0008 0.003846 0

ABS:   018 | -0.000188000 -0.000410000  0.000394050 -0.000800000  0.003846000  0.000000000 |         59.5 |  0.000010033  0.000054044, -0.000040107  0.000554617
DIFF:  018 |  0.000000000  0.000000000  0.000000550  0.000000000  0.000000000  0.000000000 |          0.0 |  0.000000020  0.000000017, -0.000000070  0.000000035
MOVE:  018 | -0.000000000  0.000000000  0.000000050 -0.000000000  0.000000000  0.000000000 |          0.0 | -0.000000000 -0.000000000, -0.000000050 -0.000000000
CONST: 018 | 33 -0.000188 -0.00041 0.00039405 -0.0008 0.003846 0

ABS:   019 | -0.000188000 -0.000410000  0.000393950 -0.000800000  0.003846000  0.000000000 |         59.5 |  0.000010034  0.000054044, -0.000040007  0.000554617
DIFF:  019 |  0.000000000  0.000000000 -0.000000100  0.000000000  0.000000000  0.000000000 |         -0.0 |  0.000000000  0.000000000,  0.000000100  0.000000000
MOVE:  019 | -0.000000000  0.000000000 -0.000000050 -0.000000000  0.000000000  0.000000000 |         -0.0 |  0.000000000  0.000000000,  0.000000050  0.000000000
CONST: 019 | 33 -0.000188 -0.00041 0.00039395 -0.0008 0.003846 0

ABS:   020 | -0.000188000 -0.000410000  0.000394000 -0.000796000  0.003846000  0.000000000 |         59.5 |  0.000010012  0.000054028, -0.000040050  0.000554457
DIFF:  020 |  0.000000000  0.000000000  0.000000050  0.000004000  0.000000000  0.000000000 |         -0.0 | -0.000000021 -0.000000016, -0.000000043 -0.000000160
MOVE:  020 | -0.000000000  0.000000000  0.000000000  0.000004000  0.000000000  0.000000000 |         -0.0 | -0.000000021 -0.000000016,  0.000000007 -0.000000160
CONST: 020 | 33 -0.000188 -0.00041 0.000394 -0.000796 0.003846 0

ABS:   021 | -0.000188000 -0.000410000  0.000394000 -0.000804000  0.003846000  0.000000000 |         59.5 |  0.000010011  0.000054026, -0.000040081  0.000554421
DIFF:  021 |  0.000000000  0.000000000  0.000000000 -0.000008000  0.000000000  0.000000000 |         -0.0 | -0.000000001 -0.000000002, -0.000000031 -0.000000036
MOVE:  021 | -0.000000000  0.000000000  0.000000000 -0.000004000  0.000000000  0.000000000 |         -0.1 | -0.000000022 -0.000000018, -0.000000024 -0.000000196
CONST: 021 | 33 -0.000188 -0.00041 0.000394 -0.000804 0.003846 0

ABS:   022 | -0.000188000 -0.000410000  0.000394000 -0.000799600  0.003846000  0.000000000 |         59.5 |  0.000010012  0.000054027, -0.000040079  0.000554617
DIFF:  022 |  0.000000000  0.000000000  0.000000000  0.000004400  0.000000000  0.000000000 |          0.0 |  0.000000001  0.000000001,  0.000000002  0.000000196
MOVE:  022 | -0.000000000  0.000000000  0.000000000  0.000000400  0.000000000  0.000000000 |         -0.0 | -0.000000022 -0.000000017, -0.000000022  0.000000000
CONST: 022 | 33 -0.000188 -0.00041 0.000394 -0.0007996 0.003846 0

ABS:   023 | -0.000188000 -0.000410000  0.000394000 -0.000800400  0.003846000  0.000000000 |         59.5 |  0.000010033  0.000054044, -0.000040035  0.000554617
DIFF:  023 |  0.000000000  0.000000000  0.000000000 -0.000000800  0.000000000  0.000000000 |          0.0 |  0.000000022  0.000000017,  0.000000045 -0.000000000
MOVE:  023 | -0.000000000  0.000000000  0.000000000 -0.000000400  0.000000000  0.000000000 |         -0.0 | -0.000000000 -0.000000000,  0.000000022 -0.000000000
CONST: 023 | 33 -0.000188 -0.00041 0.000394 -0.0008004 0.003846 0

ABS:   024 | -0.000188000 -0.000410000  0.000394000 -0.000799960  0.003846000  0.000000000 |         59.5 |  0.000010033  0.000054044, -0.000040059  0.000554617
DIFF:  024 |  0.000000000  0.000000000  0.000000000  0.000000440  0.000000000  0.000000000 |          0.0 |  0.000000000  0.000000000, -0.000000025  0.000000000
MOVE:  024 | -0.000000000  0.000000000  0.000000000  0.000000040  0.000000000  0.000000000 |          0.0 |  0.000000000  0.000000000, -0.000000002  0.000000000
CONST: 024 | 33 -0.000188 -0.00041 0.000394 -0.00079996 0.003846 0

ABS:   025 | -0.000188000 -0.000410000  0.000394000 -0.000800040  0.003846000  0.000000000 |         59.5 |  0.000010033  0.000054044, -0.000040055  0.000554617
DIFF:  025 |  0.000000000  0.000000000  0.000000000 -0.000000080  0.000000000  0.000000000 |         -0.0 | -0.000000000 -0.000000000,  0.000000004 -0.000000000
MOVE:  025 | -0.000000000  0.000000000  0.000000000 -0.000000040  0.000000000  0.000000000 |         -0.0 | -0.000000000 -0.000000000,  0.000000002 -0.000000000
CONST: 025 | 33 -0.000188 -0.00041 0.000394 -0.00080004 0.003846 0

ABS:   026 | -0.000188000 -0.000410000  0.000394000 -0.000800000  0.003856001  0.000000000 |         59.5 |  0.000010071  0.000054012, -0.000040104  0.000554615
DIFF:  026 |  0.000000000  0.000000000  0.000000000  0.000000040  0.000010001  0.000000000 |         -0.0 |  0.000000038 -0.000000032, -0.000000050 -0.000000002
MOVE:  026 | -0.000000000  0.000000000  0.000000000 -0.000000000  0.000010001  0.000000000 |         -0.0 |  0.000000038 -0.000000032, -0.000000047 -0.000000002
CONST: 026 | 33 -0.000188 -0.00041 0.000394 -0.0008 0.003856 0

ABS:   027 | -0.000188000 -0.000410000  0.000394000 -0.000800000  0.003835999  0.000000000 |         59.5 |  0.000009944  0.000054133, -0.000040258  0.000554424
DIFF:  027 |  0.000000000  0.000000000  0.000000000  0.000000000 -0.000020001  0.000000000 |         -0.0 | -0.000000127  0.000000122, -0.000000154 -0.000000191
MOVE:  027 | -0.000000000  0.000000000  0.000000000 -0.000000000 -0.000010001  0.000000000 |         -0.0 | -0.000000090  0.000000090, -0.000000201 -0.000000193
CONST: 027 | 33 -0.000188 -0.00041 0.000394 -0.0008 0.003836 0

ABS:   028 | -0.000188000 -0.000410000  0.000394000 -0.000800000  0.003847000  0.000000000 |         59.5 |  0.000010018  0.000054017, -0.000040062  0.000554617
DIFF:  028 |  0.000000000  0.000000000  0.000000000  0.000000000  0.000011001  0.000000000 |          0.0 |  0.000000074 -0.000000117,  0.000000197  0.000000193
MOVE:  028 | -0.000000000  0.000000000  0.000000000 -0.000000000  0.000001000  0.000000000 |         -0.0 | -0.000000015 -0.000000027, -0.000000005 -0.000000000
CONST: 028 | 33 -0.000188 -0.00041 0.000394 -0.0008 0.003847 0

ABS:   029 | -0.000188000 -0.000410000  0.000394000 -0.000800000  0.003845000  0.000000000 |         59.5 |  0.000010005  0.000054037, -0.000040052  0.000554617
DIFF:  029 |  0.000000000  0.000000000  0.000000000  0.000000000 -0.000002000  0.000000000 |          0.0 | -0.000000013  0.000000021,  0.000000009  0.000000000
MOVE:  029 | -0.000000000  0.000000000  0.000000000 -0.000000000 -0.000001000  0.000000000 |         -0.0 | -0.000000029 -0.000000006,  0.000000005  0.000000000
CONST: 029 | 33 -0.000188 -0.00041 0.000394 -0.0008 0.003845 0

ABS:   030 | -0.000188000 -0.000410000  0.000394000 -0.000800000  0.003846100  0.000000000 |         59.5 |  0.000010034  0.000054043, -0.000040057  0.000554617
DIFF:  030 |  0.000000000  0.000000000  0.000000000  0.000000000  0.000001100  0.000000000 |          0.0 |  0.000000029  0.000000005, -0.000000005 -0.000000000
MOVE:  030 | -0.000000000  0.000000000  0.000000000 -0.000000000  0.000000100  0.000000000 |         -0.0 |  0.000000001 -0.000000001, -0.000000000 -0.000000000
CONST: 030 | 33 -0.000188 -0.00041 0.000394 -0.0008 0.0038461 0

ABS:   031 | -0.000188000 -0.000410000  0.000394000 -0.000800000  0.003845900  0.000000000 |         59.5 |  0.000010011  0.000054028, -0.000040056  0.000554617
DIFF:  031 |  0.000000000  0.000000000  0.000000000  0.000000000 -0.000000200  0.000000000 |         -0.0 | -0.000000023 -0.000000015,  0.000000001  0.000000000
MOVE:  031 | -0.000000000  0.000000000  0.000000000 -0.000000000 -0.000000100  0.000000000 |         -0.0 | -0.000000022 -0.000000016,  0.000000000  0.000000000
CONST: 031 | 33 -0.000188 -0.00041 0.000394 -0.0008 0.0038459 0

ABS:   032 | -0.000188000 -0.000410000  0.000394000 -0.000800000  0.003846000  0.000002000 |         59.5 |  0.000010032  0.000054044, -0.000040056  0.000554617
DIFF:  032 |  0.000000000  0.000000000  0.000000000  0.000000000  0.000000100  0.000002000 |          0.0 |  0.000000021  0.000000016,  0.000000000 -0.000000000
MOVE:  032 | -0.000000000  0.000000000  0.000000000 -0.000000000  0.000000000  0.000002000 |         -0.0 | -0.000000002 -0.000000000,  0.000000001 -0.000000000
CONST: 032 | 33 -0.000188 -0.00041 0.000394 -0.0008 0.003846 2.00001e-06

ABS:   033 | -0.000188000 -0.000410000  0.000394000 -0.000800000  0.003846000 -0.000002000 |         59.5 |  0.000010013  0.000054027, -0.000040058  0.000554617
DIFF:  033 |  0.000000000  0.000000000  0.000000000  0.000000000  0.000000000 -0.000004000 |         -0.0 | -0.000000019 -0.000000017, -0.000000002  0.000000001
MOVE:  033 | -0.000000000  0.000000000  0.000000000 -0.000000000  0.000000000 -0.000002000 |         -0.0 | -0.000000020 -0.000000017, -0.000000001  0.000000000
CONST: 033 | 33 -0.000188 -0.00041 0.000394 -0.0008 0.003846 -2.00001e-06

ABS:   034 | -0.000188000 -0.000410000  0.000394000 -0.000800000  0.003846000  0.000000200 |         59.5 |  0.000010033  0.000054044, -0.000040057  0.000554617
DIFF:  034 |  0.000000000  0.000000000  0.000000000  0.000000000  0.000000000  0.000002200 |          0.0 |  0.000000020  0.000000017,  0.000000001 -0.000000000
MOVE:  034 | -0.000000000  0.000000000  0.000000000 -0.000000000  0.000000000  0.000000200 |         -0.0 | -0.000000000 -0.000000000,  0.000000000 -0.000000000
CONST: 034 | 33 -0.000188 -0.00041 0.000394 -0.0008 0.003846 2.00001e-07

ABS:   035 | -0.000188000 -0.000410000  0.000394000 -0.000800000  0.003846000 -0.000000200 |         59.5 |  0.000010034  0.000054044, -0.000040057  0.000554617
DIFF:  035 |  0.000000000  0.000000000  0.000000000  0.000000000  0.000000000 -0.000000400 |          0.0 |  0.000000000  0.000000000, -0.000000000  0.000000000
MOVE:  035 | -0.000000000  0.000000000  0.000000000 -0.000000000  0.000000000 -0.000000200 |          0.0 |  0.000000000  0.000000000, -0.000000000  0.000000000
CONST: 035 | 33 -0.000188 -0.00041 0.000394 -0.0008 0.003846 -2.00001e-07

ABS:   036 | -0.000188000 -0.000410000  0.000394000 -0.000800000  0.003846000  0.000002000 |         59.5 |  0.000010032  0.000054044, -0.000040056  0.000554617
DIFF:  036 |  0.000000000  0.000000000  0.000000000  0.000000000  0.000000000  0.000002200 |         -0.0 | -0.000000002 -0.000000000,  0.000000001 -0.000000000
MOVE:  036 | -0.000000000  0.000000000  0.000000000 -0.000000000  0.000000000  0.000002000 |         -0.0 | -0.000000002 -0.000000000,  0.000000001 -0.000000000
CONST: 036 | 33 -0.000188 -0.00041 0.000394 -0.0008 0.003846 2.00001e-06

ABS:   037 | -0.000188000 -0.000410000  0.000394000 -0.000800000  0.003846000 -0.000002000 |         59.5 |  0.000010013  0.000054027, -0.000040058  0.000554617
DIFF:  037 |  0.000000000  0.000000000  0.000000000  0.000000000  0.000000000 -0.000004000 |         -0.0 | -0.000000019 -0.000000017, -0.000000002  0.000000001
MOVE:  037 | -0.000000000  0.000000000  0.000000000 -0.000000000  0.000000000 -0.000002000 |         -0.0 | -0.000000020 -0.000000017, -0.000000001  0.000000000
CONST: 037 | 33 -0.000188 -0.00041 0.000394 -0.0008 0.003846 -2.00001e-06

ABS:   038 | -0.000187999 -0.000410000  0.000394000 -0.000800000  0.003846000  0.000000000 |         59.5 |  0.000010013  0.000054027, -0.000040057  0.000554617
DIFF:  038 |  0.000000001  0.000000000  0.000000000  0.000000000  0.000000000  0.000002000 |         -0.0 | -0.000000001 -0.000000000,  0.000000001 -0.000000000
MOVE:  038 |  0.000000001  0.000000000  0.000000000 -0.000000000  0.000000000  0.000000000 |         -0.0 | -0.000000021 -0.000000017, -0.000000000  0.000000000
CONST: 038 | 33 -0.000187999 -0.00041 0.000394 -0.0008 0.003846 0

ABS:   039 | -0.000187995 -0.000410000  0.000394000 -0.000800000  0.003846000  0.000000000 |         59.5 |  0.000010017  0.000054027, -0.000040057  0.000554617
DIFF:  039 |  0.000000004  0.000000000  0.000000000  0.000000000  0.000000000  0.000000000 |          0.0 |  0.000000004 -0.000000000, -0.000000000 -0.000000000
MOVE:  039 |  0.000000005  0.000000000  0.000000000 -0.000000000  0.000000000  0.000000000 |         -0.0 | -0.000000017 -0.000000017, -0.000000000 -0.000000000
CONST: 039 | 33 -0.000187995 -0.00041 0.000394 -0.0008 0.003846 0

ABS:   040 | -0.000187997 -0.000410000  0.000394000 -0.000800000  0.003846000  0.000000000 |         59.5 |  0.000010015  0.000054027, -0.000040057  0.000554617
DIFF:  040 | -0.000000002  0.000000000  0.000000000  0.000000000  0.000000000  0.000000000 |         -0.0 | -0.000000002  0.000000000,  0.000000000  0.000000000
MOVE:  040 |  0.000000003  0.000000000  0.000000000 -0.000000000  0.000000000  0.000000000 |         -0.0 | -0.000000019 -0.000000017, -0.000000000  0.000000000
CONST: 040 | 33 -0.000187997 -0.00041 0.000394 -0.0008 0.003846 0

ABS:   041 | -0.000188004 -0.000410000  0.000394000 -0.000800000  0.003846000  0.000000000 |         59.5 |  0.000010029  0.000054044, -0.000040057  0.000554617
DIFF:  041 | -0.000000007  0.000000000  0.000000000  0.000000000  0.000000000  0.000000000 |          0.0 |  0.000000015  0.000000017,  0.000000000 -0.000000000
MOVE:  041 | -0.000000004  0.000000000  0.000000000 -0.000000000  0.000000000  0.000000000 |         -0.0 | -0.000000004  0.000000000,  0.000000000 -0.000000000
CONST: 041 | 33 -0.000188004 -0.00041 0.000394 -0.0008 0.003846 0

ABS:   042 | -0.000188002 -0.000410000  0.000394000 -0.000800000  0.003846000  0.000000000 |         59.5 |  0.000010032  0.000054044, -0.000040057  0.000554617
DIFF:  042 |  0.000000003  0.000000000  0.000000000  0.000000000  0.000000000  0.000000000 |          0.0 |  0.000000003 -0.000000000, -0.000000000  0.000000000
MOVE:  042 | -0.000000002  0.000000000  0.000000000 -0.000000000  0.000000000  0.000000000 |         -0.0 | -0.000000002  0.000000000,  0.000000000 -0.000000000
CONST: 042 | 33 -0.000188002 -0.00041 0.000394 -0.0008 0.003846 0

ABS:   043 | -0.000188000 -0.000410000  0.000394000 -0.000800000  0.003846000  0.000000000 |         59.5 |  0.000010033  0.000054044, -0.000040057  0.000554617
DIFF:  043 |  0.000000001  0.000000000  0.000000000  0.000000000  0.000000000  0.000000000 |          0.0 |  0.000000001 -0.000000000, -0.000000000  0.000000000
MOVE:  043 | -0.000000000  0.000000000  0.000000000 -0.000000000  0.000000000  0.000000000 |         -0.0 | -0.000000000 -0.000000000,  0.000000000  0.000000000
CONST: 043 | 33 -0.000188 -0.00041 0.000394 -0.0008 0.003846 0

ABS:   044 | -0.000188000 -0.000410000  0.000394000 -0.000800000  0.003846000  0.000000000 |         59.5 |  0.000010012  0.000054027, -0.000040057  0.000554617
DIFF:  044 |  0.000000001  0.000000000  0.000000000  0.000000000  0.000000000  0.000000000 |         -0.0 | -0.000000021 -0.000000017, -0.000000000 -0.000000000
MOVE:  044 |  0.000000000  0.000000000  0.000000000 -0.000000000  0.000000000  0.000000000 |         -0.0 | -0.000000021 -0.000000017, -0.000000000 -0.000000000
CONST: 044 | 33 -0.000188 -0.00041 0.000394 -0.0008 0.003846 0

ABS:   045 | -0.000188000 -0.000410000  0.000394000 -0.000800000  0.003846000  0.000000000 |         59.5 |  0.000010033  0.000054044, -0.000040057  0.000554617
DIFF:  045 | -0.000000001  0.000000000  0.000000000  0.000000000  0.000000000  0.000000000 |          0.0 |  0.000000021  0.000000017,  0.000000000  0.000000000
MOVE:  045 | -0.000000000  0.000000000  0.000000000 -0.000000000  0.000000000  0.000000000 |         -0.0 | -0.000000000  0.000000000,  0.000000000  0.000000000
CONST: 045 | 33 -0.000188 -0.00041 0.000394 -0.0008 0.003846 0

ABS:   046 | -0.000188000 -0.000410000  0.000394000 -0.000800000  0.003846000  0.000000000 |         59.5 |  0.000010034  0.000054044, -0.000040057  0.000554617
DIFF:  046 |  0.000000000  0.000000000  0.000000000  0.000000000  0.000000000  0.000000000 |          0.0 |  0.000000000  0.000000000, -0.000000000  0.000000000
MOVE:  046 |  0.000000000  0.000000000  0.000000000 -0.000000000  0.000000000  0.000000000 |          0.0 |  0.000000000  0.000000000, -0.000000000  0.000000000
CONST: 046 | 33 -0.000188 -0.00041 0.000394 -0.0008 0.003846 0

ABS:   047 | -0.000188000 -0.000410000  0.000394000 -0.000800000  0.003846000  0.000000000 |         59.5 |  0.000010034  0.000054044, -0.000040057  0.000554617
DIFF:  047 |  0.000000000  0.000000000  0.000000000  0.000000000  0.000000000  0.000000000 |          0.0 |  0.000000000 -0.000000000, -0.000000000 -0.000000000
MOVE:  047 |  0.000000000  0.000000000  0.000000000 -0.000000000  0.000000000  0.000000000 |          0.0 |  0.000000000 -0.000000000, -0.000000000 -0.000000000
CONST: 047 | 33 -0.000188 -0.00041 0.000394 -0.0008 0.003846 0

ABS:   048 | -0.000188000 -0.000410000  0.000394000 -0.000800000  0.003846000  0.000000000 |         59.5 |  0.000010012  0.000054027, -0.000040057  0.000554617
DIFF:  048 |  0.000000000  0.000000000  0.000000000  0.000000000  0.000000000  0.000000000 |         -0.0 | -0.000000022 -0.000000017, -0.000000000  0.000000000
MOVE:  048 |  0.000000000  0.000000000  0.000000000 -0.000000000  0.000000000  0.000000000 |         -0.0 | -0.000000021 -0.000000017, -0.000000000 -0.000000000
CONST: 048 | 33 -0.000188 -0.00041 0.000394 -0.0008 0.003846 0

ABS:   049 | -0.000188000 -0.000410000  0.000394000 -0.000800000  0.003846000  0.000000000 |         59.5 |  0.000010012  0.000054027, -0.000040057  0.000554617
DIFF:  049 |  0.000000000  0.000000000  0.000000000  0.000000000  0.000000000  0.000000000 |          0.0 |  0.000000000 -0.000000000, -0.000000000  0.000000000
MOVE:  049 |  0.000000000  0.000000000  0.000000000 -0.000000000  0.000000000  0.000000000 |         -0.0 | -0.000000021 -0.000000017, -0.000000000  0.000000000
CONST: 049 | 33 -0.000188 -0.00041 0.000394 -0.0008 0.003846 0

ABS:   050 | -0.000188000 -0.000410000  0.000394000 -0.000800000  0.003846000  0.000000000 |         59.5 |  0.000010034  0.000054044, -0.000040057  0.000554617
DIFF:  050 | -0.000000000  0.000000000  0.000000000  0.000000000  0.000000000  0.000000000 |          0.0 |  0.000000022  0.000000017,  0.000000000 -0.000000000
MOVE:  050 |  0.000000000  0.000000000  0.000000000 -0.000000000  0.000000000  0.000000000 |          0.0 |  0.000000000 -0.000000000, -0.000000000 -0.000000000
CONST: 050 | 33 -0.000188 -0.00041 0.000394 -0.0008 0.003846 0

ABS:   051 | -0.000188000 -0.000410000  0.000394000 -0.000800000  0.003846000  0.000000000 |         59.5 |  0.000010012  0.000054027, -0.000040057  0.000554617
DIFF:  051 |  0.000000000  0.000000000  0.000000000  0.000000000  0.000000000  0.000000000 |         -0.0 | -0.000000022 -0.000000017, -0.000000000 -0.000000000
MOVE:  051 |  0.000000000  0.000000000  0.000000000 -0.000000000  0.000000000  0.000000000 |         -0.0 | -0.000000021 -0.000000017, -0.000000000 -0.000000000
CONST: 051 | 33 -0.000188 -0.00041 0.000394 -0.0008 0.003846 0

ABS:   052 | -0.000188000 -0.000410000  0.000394000 -0.000800000  0.003846000  0.000000000 |         59.5 |  0.000010034  0.000054044, -0.000040057  0.000554617
DIFF:  052 | -0.000000000  0.000000000  0.000000000  0.000000000  0.000000000  0.000000000 |          0.0 |  0.000000022  0.000000017,  0.000000000  0.000000000
MOVE:  052 |  0.000000000  0.000000000  0.000000000 -0.000000000  0.000000000  0.000000000 |          0.0 |  0.000000000 -0.000000000, -0.000000000 -0.000000000
CONST: 052 | 33 -0.000188 -0.00041 0.000394 -0.0008 0.003846 0

ABS:   053 | -0.000188000 -0.000410000  0.000394000 -0.000800000  0.003846000  0.000000000 |         59.5 |  0.000010012  0.000054027, -0.000040057  0.000554617
DIFF:  053 |  0.000000000  0.000000000  0.000000000  0.000000000  0.000000000  0.000000000 |         -0.0 | -0.000000022 -0.000000017, -0.000000000  0.000000000
MOVE:  053 |  0.000000000  0.000000000  0.000000000 -0.000000000  0.000000000  0.000000000 |         -0.0 | -0.000000021 -0.000000017, -0.000000000  0.000000000
CONST: 053 | 33 -0.000188 -0.00041 0.000394 -0.0008 0.003846 0

ABS:   054 | -0.000188000 -0.000410000  0.000394000 -0.000800000  0.003846000  0.000000000 |         59.5 |  0.000010012  0.000054027, -0.000040057  0.000554617
DIFF:  054 | -0.000000000  0.000000000  0.000000000  0.000000000  0.000000000  0.000000000 |         -0.0 | -0.000000000 -0.000000000,  0.000000000 -0.000000000
MOVE:  054 |  0.000000000  0.000000000  0.000000000 -0.000000000  0.000000000  0.000000000 |         -0.0 | -0.000000021 -0.000000017, -0.000000000 -0.000000000
CONST: 054 | 33 -0.000188 -0.00041 0.000394 -0.0008 0.003846 0

ABS:   055 | -0.000188000 -0.000409990  0.000394000 -0.000800000  0.003846000  0.000000000 |         59.5 |  0.000010013  0.000054027, -0.000040056  0.000554617
DIFF:  055 |  0.000000000  0.000000010  0.000000000  0.000000000  0.000000000  0.000000000 |          0.0 |  0.000000001  0.000000000,  0.000000001  0.000000000
MOVE:  055 |  0.000000000  0.000000010  0.000000000 -0.000000000  0.000000000  0.000000000 |         -0.0 | -0.000000021 -0.000000017,  0.000000001  0.000000000
CONST: 055 | 33 -0.000188 -0.00040999 0.000394 -0.0008 0.003846 0

ABS:   056 | -0.000188000 -0.000410010  0.000394000 -0.000800000  0.003846000  0.000000000 |         59.5 |  0.000010033  0.000054044, -0.000040058  0.000554617
DIFF:  056 |  0.000000000 -0.000000020  0.000000000  0.000000000  0.000000000  0.000000000 |          0.0 |  0.000000021  0.000000017, -0.000000001 -0.000000000
MOVE:  056 |  0.000000000 -0.000000010  0.000000000 -0.000000000  0.000000000  0.000000000 |         -0.0 | -0.000000000 -0.000000000, -0.000000001 -0.000000000
CONST: 056 | 33 -0.000188 -0.00041001 0.000394 -0.0008 0.003846 0

ABS:   057 | -0.000188000 -0.000409999  0.000394000 -0.000800000  0.003846000  0.000000000 |         59.5 |  0.000010012  0.000054027, -0.000040057  0.000554617
DIFF:  057 |  0.000000000  0.000000011  0.000000000  0.000000000  0.000000000  0.000000000 |         -0.0 | -0.000000021 -0.000000017,  0.000000001  0.000000000
MOVE:  057 |  0.000000000  0.000000001  0.000000000 -0.000000000  0.000000000  0.000000000 |         -0.0 | -0.000000021 -0.000000017,  0.000000000  0.000000000
CONST: 057 | 33 -0.000188 -0.000409999 0.000394 -0.0008 0.003846 0

ABS:   058 | -0.000188000 -0.000410001  0.000394000 -0.000800000  0.003846000  0.000000000 |         59.5 |  0.000010034  0.000054044, -0.000040057  0.000554617
DIFF:  058 |  0.000000000 -0.000000002  0.000000000  0.000000000  0.000000000  0.000000000 |          0.0 |  0.000000022  0.000000017, -0.000000000 -0.000000000
MOVE:  058 |  0.000000000 -0.000000001  0.000000000 -0.000000000  0.000000000  0.000000000 |          0.0 |  0.000000000 -0.000000000, -0.000000000 -0.000000000
CONST: 058 | 33 -0.000188 -0.000410001 0.000394 -0.0008 0.003846 0

ABS:   059 | -0.000188000 -0.000410000  0.000394000 -0.000800000  0.003846000  0.000000000 |         59.5 |  0.000010012  0.000054027, -0.000040057  0.000554617
DIFF:  059 |  0.000000000  0.000000001  0.000000000  0.000000000  0.000000000  0.000000000 |         -0.0 | -0.000000022 -0.000000017,  0.000000000  0.000000000
MOVE:  059 |  0.000000000  0.000000000  0.000000000 -0.000000000  0.000000000  0.000000000 |         -0.0 | -0.000000021 -0.000000017,  0.000000000  0.000000000
CONST: 059 | 33 -0.000188 -0.00041 0.000394 -0.0008 0.003846 0

ABS:   060 | -0.000188000 -0.000410000  0.000394000 -0.000800000  0.003846000  0.000000000 |         59.5 |  0.000010034  0.000054044, -0.000040057  0.000554617
DIFF:  060 |  0.000000000 -0.000000000  0.000000000  0.000000000  0.000000000  0.000000000 |          0.0 |  0.000000022  0.000000017, -0.000000000 -0.000000000
MOVE:  060 |  0.000000000 -0.000000000  0.000000000 -0.000000000  0.000000000  0.000000000 |          0.0 |  0.000000000 -0.000000000, -0.000000000 -0.000000000
CONST: 060 | 33 -0.000188 -0.00041 0.000394 -0.0008 0.003846 0

ABS:   061 | -0.000188000 -0.000410000  0.000394297 -0.000800000  0.003846000  0.000000000 |         59.6 |  0.000010033  0.000054044, -0.000040106  0.000554812
DIFF:  061 |  0.000000000  0.000000000  0.000000297  0.000000000  0.000000000  0.000000000 |          0.0 | -0.000000001 -0.000000000, -0.000000049  0.000000195
MOVE:  061 |  0.000000000  0.000000000  0.000000297 -0.000000000  0.000000000  0.000000000 |          0.0 | -0.000000001 -0.000000000, -0.000000049  0.000000195
CONST: 061 | 33 -0.000188 -0.00041 0.000394297 -0.0008 0.003846 0

ABS:   062 | -0.000188000 -0.000410000  0.000393703 -0.000800000  0.003846000  0.000000000 |         59.5 |  0.000010013  0.000054027, -0.000040008  0.000554422
DIFF:  062 |  0.000000000  0.000000000 -0.000000594  0.000000000  0.000000000  0.000000000 |         -0.1 | -0.000000019 -0.000000017,  0.000000097 -0.000000390
MOVE:  062 |  0.000000000  0.000000000 -0.000000297 -0.000000000  0.000000000  0.000000000 |         -0.1 | -0.000000020 -0.000000017,  0.000000049 -0.000000195
CONST: 062 | 33 -0.000188 -0.00041 0.000393703 -0.0008 0.003846 0

ABS:   063 | -0.000188000 -0.000410000  0.000394030 -0.000800000  0.003846000  0.000000000 |         59.5 |  0.000010034  0.000054044, -0.000040087  0.000554617
DIFF:  063 |  0.000000000  0.000000000  0.000000327  0.000000000  0.000000000  0.000000000 |          0.1 |  0.000000020  0.000000017, -0.000000078  0.000000195
MOVE:  063 |  0.000000000  0.000000000  0.000000030 -0.000000000  0.000000000  0.000000000 |          0.0 |  0.000000000 -0.000000000, -0.000000030 -0.000000000
CONST: 063 | 33 -0.000188 -0.00041 0.00039403 -0.0008 0.003846 0

ABS:   064 | -0.000188000 -0.000410000  0.000393970 -0.000800000  0.003846000  0.000000000 |         59.5 |  0.000010012  0.000054027, -0.000040027  0.000554617
DIFF:  064 |  0.000000000  0.000000000 -0.000000059  0.000000000  0.000000000  0.000000000 |         -0.0 | -0.000000022 -0.000000017,  0.000000059  0.000000000
MOVE:  064 |  0.000000000  0.000000000 -0.000000030 -0.000000000  0.000000000  0.000000000 |         -0.0 | -0.000000021 -0.000000017,  0.000000030  0.000000000
CONST: 064 | 33 -0.000188 -0.00041 0.00039397 -0.0008 0.003846 0

ABS:   065 | -0.000188000 -0.000410000  0.000394003 -0.000800000  0.003846000  0.000000000 |         59.5 |  0.000010034  0.000054044, -0.000040060  0.000554617
DIFF:  065 |  0.000000000  0.000000000  0.000000033  0.000000000  0.000000000  0.000000000 |          0.0 |  0.000000022  0.000000017, -0.000000033 -0.000000000
MOVE:  065 |  0.000000000  0.000000000  0.000000003 -0.000000000  0.000000000  0.000000000 |          0.0 |  0.000000000 -0.000000000, -0.000000003 -0.000000000
CONST: 065 | 33 -0.000188 -0.00041 0.000394003 -0.0008 0.003846 0

ABS:   066 | -0.000188000 -0.000410000  0.000393997 -0.000800000  0.003846000  0.000000000 |         59.5 |  0.000010012  0.000054027, -0.000040054  0.000554617
DIFF:  066 |  0.000000000  0.000000000 -0.000000006  0.000000000  0.000000000  0.000000000 |         -0.0 | -0.000000022 -0.000000017,  0.000000006  0.000000000
MOVE:  066 |  0.000000000  0.000000000 -0.000000003 -0.000000000  0.000000000  0.000000000 |         -0.0 | -0.000000021 -0.000000017,  0.000000003  0.000000000
CONST: 066 | 33 -0.000188 -0.00041 0.000393997 -0.0008 0.003846 0

ABS:   067 | -0.000188000 -0.000410000  0.000394000 -0.000799600  0.003846000  0.000000000 |         59.5 |  0.000010012  0.000054027, -0.000040079  0.000554617
DIFF:  067 |  0.000000000  0.000000000  0.000000003  0.000000400  0.000000000  0.000000000 |          0.0 |  0.000000000  0.000000000, -0.000000025  0.000000000
MOVE:  067 |  0.000000000  0.000000000  0.000000000  0.000000400  0.000000000  0.000000000 |         -0.0 | -0.000000021 -0.000000017, -0.000000022  0.000000000
CONST: 067 | 33 -0.000188 -0.00041 0.000394 -0.0007996 0.003846 0

ABS:   068 | -0.000188000 -0.000410000  0.000394000 -0.000800400  0.003846000  0.000000000 |         59.5 |  0.000010034  0.000054044, -0.000040035  0.000554617
DIFF:  068 |  0.000000000  0.000000000  0.000000000 -0.000000800  0.000000000  0.000000000 |          0.0 |  0.000000022  0.000000017,  0.000000045 -0.000000000
MOVE:  068 |  0.000000000  0.000000000  0.000000000 -0.000000400  0.000000000  0.000000000 |         -0.0 |  0.000000000 -0.000000000,  0.000000022 -0.000000000
CONST: 068 | 33 -0.000188 -0.00041 0.000394 -0.0008004 0.003846 0

ABS:   069 | -0.000188000 -0.000410000  0.000394000 -0.000799960  0.003846000  0.000000000 |         59.5 |  0.000010012  0.000054027, -0.000040059  0.000554617
DIFF:  069 |  0.000000000  0.000000000  0.000000000  0.000000440  0.000000000  0.000000000 |         -0.0 | -0.000000022 -0.000000017, -0.000000025  0.000000000
MOVE:  069 |  0.000000000  0.000000000  0.000000000  0.000000040  0.000000000  0.000000000 |         -0.0 | -0.000000021 -0.000000017, -0.000000002  0.000000000
CONST: 069 | 33 -0.000188 -0.00041 0.000394 -0.00079996 0.003846 0

ABS:   070 | -0.000188000 -0.000410000  0.000394000 -0.000800040  0.003846000  0.000000000 |         59.5 |  0.000010034  0.000054044, -0.000040055  0.000554617
DIFF:  070 |  0.000000000  0.000000000  0.000000000 -0.000000080  0.000000000  0.000000000 |          0.0 |  0.000000022  0.000000017,  0.000000004 -0.000000000
MOVE:  070 |  0.000000000  0.000000000  0.000000000 -0.000000040  0.000000000  0.000000000 |         -0.0 |  0.000000000 -0.000000000,  0.000000002 -0.000000000
CONST: 070 | 33 -0.000188 -0.00041 0.000394 -0.00080004 0.003846 0

ABS:   071 | -0.000188000 -0.000410000  0.000394000 -0.000799996  0.003846000  0.000000000 |         59.5 |  0.000010012  0.000054027, -0.000040057  0.000554617
DIFF:  071 |  0.000000000  0.000000000  0.000000000  0.000000044  0.000000000  0.000000000 |         -0.0 | -0.000000022 -0.000000017, -0.000000002  0.000000000
MOVE:  071 |  0.000000000  0.000000000  0.000000000  0.000000004  0.000000000  0.000000000 |         -0.0 | -0.000000021 -0.000000017, -0.000000000  0.000000000
CONST: 071 | 33 -0.000188 -0.00041 0.000394 -0.000799996 0.003846 0

ABS:   072 | -0.000188000 -0.000410000  0.000394000 -0.000800004  0.003846000  0.000000000 |         59.5 |  0.000010034  0.000054044, -0.000040057  0.000554617
DIFF:  072 |  0.000000000  0.000000000  0.000000000 -0.000000008  0.000000000  0.000000000 |          0.0 |  0.000000022  0.000000017,  0.000000000 -0.000000000
MOVE:  072 |  0.000000000  0.000000000  0.000000000 -0.000000004  0.000000000  0.000000000 |          0.0 |  0.000000000 -0.000000000,  0.000000000 -0.000000000
CONST: 072 | 33 -0.000188 -0.00041 0.000394 -0.000800004 0.003846 0

ABS:   073 | -0.000188000 -0.000410000  0.000394000 -0.000800000  0.003846010  0.000000000 |         59.5 |  0.000010034  0.000054044, -0.000040057  0.000554617
DIFF:  073 |  0.000000000  0.000000000  0.000000000  0.000000004  0.000000010  0.000000000 |         -0.0 |  0.000000000 -0.000000000, -0.000000000 -0.000000000
MOVE:  073 |  0.000000000  0.000000000  0.000000000 -0.000000000  0.000000010  0.000000000 |         -0.0 |  0.000000000 -0.000000000, -0.000000000 -0.000000000
CONST: 073 | 33 -0.000188 -0.00041 0.000394 -0.0008 0.00384601 0

ABS:   074 | -0.000188000 -0.000410000  0.000394000 -0.000800000  0.003845990  0.000000000 |         59.5 |  0.000010012  0.000054027, -0.000040057  0.000554617
DIFF:  074 |  0.000000000  0.000000000  0.000000000  0.000000000 -0.000000020  0.000000000 |         -0.0 | -0.000000022 -0.000000017,  0.000000000  0.000000000
MOVE:  074 |  0.000000000  0.000000000  0.000000000 -0.000000000 -0.000000010  0.000000000 |         -0.0 | -0.000000022 -0.000000017,  0.000000000  0.000000000
CONST: 074 | 33 -0.000188 -0.00041 0.000394 -0.0008 0.00384599 0

ABS:   075 | -0.000188000 -0.000410000  0.000394000 -0.000800000  0.003846001  0.000000000 |         59.5 |  0.000010034  0.000054044, -0.000040057  0.000554617
DIFF:  075 |  0.000000000  0.000000000  0.000000000  0.000000000  0.000000011  0.000000000 |          0.0 |  0.000000022  0.000000017, -0.000000000 -0.000000000
MOVE:  075 |  0.000000000  0.000000000  0.000000000 -0.000000000  0.000000001  0.000000000 |          0.0 |  0.000000000 -0.000000000, -0.000000000 -0.000000000
CONST: 075 | 33 -0.000188 -0.00041 0.000394 -0.0008 0.003846 0

ABS:   076 | -0.000188000 -0.000410000  0.000394000 -0.000800000  0.003845999  0.000000000 |         59.5 |  0.000010012  0.000054027, -0.000040057  0.000554617
DIFF:  076 |  0.000000000  0.000000000  0.000000000  0.000000000 -0.000000002  0.000000000 |         -0.0 | -0.000000022 -0.000000017,  0.000000000  0.000000000
MOVE:  076 |  0.000000000  0.000000000  0.000000000 -0.000000000 -0.000000001  0.000000000 |         -0.0 | -0.000000021 -0.000000017,  0.000000000  0.000000000
CONST: 076 | 33 -0.000188 -0.00041 0.000394 -0.0008 0.003846 0

ABS:   077 | -0.000188000 -0.000410000  0.000394000 -0.000800000  0.003846000  0.000000000 |         59.5 |  0.000010012  0.000054027, -0.000040057  0.000554617
DIFF:  077 |  0.000000000  0.000000000  0.000000000  0.000000000  0.000000001  0.000000000 |         -0.0 |  0.000000000 -0.000000000, -0.000000000 -0.000000000
MOVE:  077 |  0.000000000  0.000000000  0.000000000 -0.000000000  0.000000000  0.000000000 |         -0.0 | -0.000000021 -0.000000017, -0.000000000 -0.000000000
CONST: 077 | 33 -0.000188 -0.00041 0.000394 -0.0008 0.003846 0

ABS:   078 | -0.000188000 -0.000410000  0.000394000 -0.000800000  0.003846000  0.000000000 |         59.5 |  0.000010012  0.000054027, -0.000040057  0.000554617
DIFF:  078 |  0.000000000  0.000000000  0.000000000  0.000000000 -0.000000000  0.000000000 |          0.0 | -0.000000000  0.000000000,  0.000000000  0.000000000
MOVE:  078 |  0.000000000  0.000000000  0.000000000 -0.000000000 -0.000000000  0.000000000 |         -0.0 | -0.000000021 -0.000000017, -0.000000000  0.000000000
CONST: 078 | 33 -0.000188 -0.00041 0.000394 -0.0008 0.003846 0

ABS:   079 | -0.000188000 -0.000410000  0.000394000 -0.000800000  0.003846000  0.000000200 |         59.5 |  0.000010034  0.000054044, -0.000040057  0.000554617
DIFF:  079 |  0.000000000  0.000000000  0.000000000  0.000000000  0.000000000  0.000000200 |          0.0 |  0.000000022  0.000000017,  0.000000000 -0.000000000
MOVE:  079 |  0.000000000  0.000000000  0.000000000 -0.000000000  0.000000000  0.000000200 |          0.0 |  0.000000000 -0.000000000,  0.000000000 -0.000000000
CONST: 079 | 33 -0.000188 -0.00041 0.000394 -0.0008 0.003846 2.00001e-07

ABS:   080 | -0.000188000 -0.000410000  0.000394000 -0.000800000  0.003846000 -0.000000200 |         59.5 |  0.000010012  0.000054027, -0.000040057  0.000554617
DIFF:  080 |  0.000000000  0.000000000  0.000000000  0.000000000  0.000000000 -0.000000400 |         -0.0 | -0.000000021 -0.000000017, -0.000000000  0.000000000
MOVE:  080 |  0.000000000  0.000000000  0.000000000 -0.000000000  0.000000000 -0.000000200 |         -0.0 | -0.000000021 -0.000000017, -0.000000000  0.000000000
CONST: 080 | 33 -0.000188 -0.00041 0.000394 -0.0008 0.003846 -2.00001e-07

ABS:   081 | -0.000188000 -0.000410000  0.000394000 -0.000800000  0.003846000  0.000000020 |         59.5 |  0.000010034  0.000054044, -0.000040057  0.000554617
DIFF:  081 |  0.000000000  0.000000000  0.000000000  0.000000000  0.000000000  0.000000220 |          0.0 |  0.000000022  0.000000017,  0.000000000 -0.000000000
MOVE:  081 |  0.000000000  0.000000000  0.000000000 -0.000000000  0.000000000  0.000000020 |          0.0 |  0.000000000 -0.000000000,  0.000000000 -0.000000000
CONST: 081 | 33 -0.000188 -0.00041 0.000394 -0.0008 0.003846 2.00001e-08

ABS:   082 | -0.000188000 -0.000410000  0.000394000 -0.000800000  0.003846000 -0.000000020 |         59.5 |  0.000010012  0.000054027, -0.000040057  0.000554617
DIFF:  082 |  0.000000000  0.000000000  0.000000000  0.000000000  0.000000000 -0.000000040 |         -0.0 | -0.000000022 -0.000000017, -0.000000000  0.000000000
MOVE:  082 |  0.000000000  0.000000000  0.000000000 -0.000000000  0.000000000 -0.000000020 |         -0.0 | -0.000000021 -0.000000017, -0.000000000  0.000000000
CONST: 082 | 33 -0.000188 -0.00041 0.000394 -0.0008 0.003846 -2.00001e-08

ABS:   083 | -0.000188000 -0.000410000  0.000394000 -0.000800000  0.003846000  0.000000002 |         59.5 |  0.000010012  0.000054027, -0.000040057  0.000554617
DIFF:  083 |  0.000000000  0.000000000  0.000000000  0.000000000  0.000000000  0.000000022 |         -0.0 | -0.000000000 -0.000000000,  0.000000000 -0.000000000
MOVE:  083 |  0.000000000  0.000000000  0.000000000 -0.000000000  0.000000000  0.000000002 |         -0.0 | -0.000000021 -0.000000017, -0.000000000 -0.000000000
CONST: 083 | 33 -0.000188 -0.00041 0.000394 -0.0008 0.003846 2.00001e-09

ABS:   084 | -0.000188000 -0.000410000  0.000394000 -0.000800000  0.003846000 -0.000000002 |         59.5 |  0.000010012  0.000054027, -0.000040057  0.000554617
DIFF:  084 |  0.000000000  0.000000000  0.000000000  0.000000000  0.000000000 -0.000000004 |          0.0 |  0.000000000  0.000000000, -0.000000000  0.000000000
MOVE:  084 |  0.000000000  0.000000000  0.000000000 -0.000000000  0.000000000 -0.000000002 |         -0.0 | -0.000000021 -0.000000017, -0.000000000  0.000000000
CONST: 084 | 33 -0.000188 -0.00041 0.000394 -0.0008 0.003846 -2.00001e-09

ABS:   085 | -0.000188051 -0.000410000  0.000393999 -0.000799998  0.004357845  0.003256729 |         59.8 |  0.000009296  0.000055454, -0.000039653  0.000554414
DIFF:  085 | -0.000000051  0.000000000 -0.000000001  0.000000002  0.000511845  0.003256731 |          0.3 | -0.000000716  0.000001427,  0.000000404 -0.000000203
MOVE:  085 | -0.000000051  0.000000000 -0.000000001  0.000000002  0.000511845  0.003256729 |          0.3 | -0.000000737  0.000001411,  0.000000404 -0.000000203
CONST: 085 | 33 -0.000188051 -0.00041 0.000393999 -0.000799998 0.00435785 0.00325673

ABS:   086 | -0.000188022 -0.000410000  0.000393999 -0.000799999  0.004067978  0.001413179 |         59.4 |  0.000009961  0.000053723, -0.000040825  0.000554512
DIFF:  086 |  0.000000029 -0.000000000  0.000000001 -0.000000001 -0.000289867 -0.001843550 |         -0.3 |  0.000000665 -0.000001731, -0.000001173  0.000000098
MOVE:  086 | -0.000000022  0.000000000 -0.000000001  0.000000001  0.000221978  0.001413179 |         -0.1 | -0.000000073 -0.000000321, -0.000000768 -0.000000105
CONST: 086 | 33 -0.000188022 -0.00041 0.000393999 -0.000799999 0.00406798 0.00141318

ABS:   087 | -0.000188016 -0.000410000  0.000394000 -0.000799999  0.004007981  0.001031279 |         59.3 |  0.000009901  0.000053697, -0.000040941  0.000554031
DIFF:  087 |  0.000000006 -0.000000000  0.000000000 -0.000000000 -0.000059998 -0.000381900 |         -0.1 | -0.000000060 -0.000000026, -0.000000116 -0.000000482
MOVE:  087 | -0.000000016  0.000000000 -0.000000000  0.000000001  0.000161981  0.001031279 |         -0.2 | -0.000000133 -0.000000346, -0.000000885 -0.000000586
CONST: 087 | 33 -0.000188016 -0.00041 0.000394 -0.000799999 0.00400798 0.00103128

ABS:   088 | -0.000188012 -0.000410000  0.000394000 -0.000800000  0.003966750  0.000768798 |         59.4 |  0.000009785  0.000053672, -0.000040095  0.000554666
DIFF:  088 |  0.000000004 -0.000000000  0.000000000 -0.000000000 -0.000041231 -0.000262481 |          0.1 | -0.000000116 -0.000000025,  0.000000846  0.000000635
MOVE:  088 | -0.000000012  0.000000000 -0.000000000  0.000000000  0.000120750  0.000768798 |         -0.1 | -0.000000249 -0.000000372, -0.000000038  0.000000049
CONST: 088 | 33 -0.000188012 -0.00041 0.000394 -0.0008 0.00396675 0.000768798

ABS:   089 | -0.000188016 -0.000410000  0.000394000 -0.000799999  0.004007981  0.001031279 |         59.3 |  0.000009901  0.000053697, -0.000040941  0.000554031
DIFF:  089 | -0.000000004  0.000000000 -0.000000000  0.000000000  0.000041231  0.000262481 |         -0.1 |  0.000000116  0.000000025, -0.000000846 -0.000000635
MOVE:  089 | -0.000000016  0.000000000 -0.000000000  0.000000001  0.000161981  0.001031279 |         -0.2 | -0.000000133 -0.000000346, -0.000000885 -0.000000586
CONST: 089 | 33 -0.000188016 -0.00041 0.000394 -0.000799999 0.00400798 0.00103128

ABS:   090 | -0.000188016 -0.000410000  0.000394000 -0.000799999  0.004007981  0.001031279 |         59.3 |  0.000009901  0.000053697, -0.000040941  0.000554031
DIFF:  090 | -0.000000000  0.000000000  0.000000000  0.000000000  0.000000000  0.000000000 |         -0.0 | -0.000000000  0.000000000,  0.000000000  0.000000000
MOVE:  090 | -0.000000016  0.000000000 -0.000000000  0.000000001  0.000161981  0.001031279 |         -0.2 | -0.000000133 -0.000000346, -0.000000885 -0.000000586
CONST: 090 | 33 -0.000188016 -0.00041 0.000394 -0.000799999 0.00400798 0.00103128

ABS:   091 | -0.000188016 -0.000410000  0.000394000 -0.000799999  0.004007981  0.001031279 |         59.3 |  0.000009901  0.000053697, -0.000040941  0.000554031
DIFF:  091 |  0.000000000  0.000000000  0.000000000  0.000000000  0.000000000  0.000000000 |          0.0 |  0.000000000  0.000000000,  0.000000000  0.000000000
MOVE:  091 | -0.000000016  0.000000000 -0.000000000  0.000000001  0.000161981  0.001031279 |         -0.2 | -0.000000133 -0.000000346, -0.000000885 -0.000000586
CONST: 091 | 33 -0.000188016 -0.00041 0.000394 -0.000799999 0.00400798 0.00103128

