ABS:   itr |       deltaX       deltaY       deltaZ         phiX         phiY         phiZ |        chisq |    rphi mean     rphi rms,       z mean        z rms
ABS:   =========================================================================================================================================================
DIFF:  itr |       deltaX       deltaY       deltaZ         phiX         phiY         phiZ |        chisq |    rphi mean     rphi rms,       z mean        z rms
DIFF:  =========================================================================================================================================================
MOVE:  itr |       deltaX       deltaY       deltaZ         phiX         phiY         phiZ |        chisq |    rphi mean     rphi rms,       z mean        z rms
MOVE:  =========================================================================================================================================================
ABS:   001 | -0.000024000 -0.000045000  0.000182000  0.000500000 -0.000051000  0.000000000 |         47.1 | -0.000000842  0.000047717, -0.000098667  0.000536822
CONST: 001 | 37 -2.4e-05 -4.5e-05 0.000182 0.0005 -5.1e-05 0

ABS:   001 | -0.000024000 -0.000045000  0.000182000  0.000500000 -0.000051000  0.000000000 |         47.1 | -0.000000842  0.000047717, -0.000098667  0.000536822
CONST: 001 | 37 -2.4e-05 -4.5e-05 0.000182 0.0005 -5.1e-05 0

ABS:   002 | -0.000023900 -0.000045000  0.000182000  0.000500000 -0.000051000  0.000000000 |         47.1 | -0.000000742  0.000047717, -0.000098667  0.000536822
DIFF:  002 |  0.000000100  0.000000000 -0.000000000  0.000000000 -0.000000000  0.000000000 |         -0.0 |  0.000000100  0.000000000,  0.000000000 -0.000000000
MOVE:  002 |  0.000000100  0.000000000 -0.000000000  0.000000000 -0.000000000  0.000000000 |         -0.0 |  0.000000100  0.000000000,  0.000000000 -0.000000000
CONST: 002 | 37 -2.39e-05 -4.5e-05 0.000182 0.0005 -5.1e-05 0

ABS:   003 | -0.000024100 -0.000045000  0.000182000  0.000500000 -0.000051000  0.000000000 |         47.1 | -0.000000890  0.000047773, -0.000098667  0.000536822
DIFF:  003 | -0.000000200  0.000000000  0.000000000  0.000000000  0.000000000  0.000000000 |          0.0 | -0.000000148  0.000000056, -0.000000000  0.000000000
MOVE:  003 | -0.000000100  0.000000000 -0.000000000  0.000000000 -0.000000000  0.000000000 |          0.0 | -0.000000048  0.000000056, -0.000000000 -0.000000000
CONST: 003 | 37 -2.41e-05 -4.5e-05 0.000182 0.0005 -5.1e-05 0

ABS:   004 | -0.000023990 -0.000045000  0.000182000  0.000500000 -0.000051000  0.000000000 |         47.1 | -0.000000832  0.000047717, -0.000098667  0.000536822
DIFF:  004 |  0.000000110  0.000000000  0.000000000  0.000000000  0.000000000  0.000000000 |         -0.0 |  0.000000058 -0.000000056,  0.000000000 -0.000000000
MOVE:  004 |  0.000000010  0.000000000 -0.000000000  0.000000000 -0.000000000  0.000000000 |         -0.0 |  0.000000010  0.000000000,  0.000000000 -0.000000000
CONST: 004 | 37 -2.399e-05 -4.5e-05 0.000182 0.0005 -5.1e-05 0

ABS:   005 | -0.000024010 -0.000045000  0.000182000  0.000500000 -0.000051000  0.000000000 |         47.1 | -0.000000852  0.000047717, -0.000098667  0.000536822
DIFF:  005 | -0.000000020  0.000000000  0.000000000  0.000000000  0.000000000  0.000000000 |          0.0 | -0.000000020 -0.000000000, -0.000000000  0.000000000
MOVE:  005 | -0.000000010  0.000000000 -0.000000000  0.000000000 -0.000000000  0.000000000 |          0.0 | -0.000000010  0.000000000, -0.000000000 -0.000000000
CONST: 005 | 37 -2.401e-05 -4.5e-05 0.000182 0.0005 -5.1e-05 0

ABS:   006 | -0.000023935 -0.000045000  0.000182000  0.000500000 -0.000051000  0.000000000 |         47.1 | -0.000000777  0.000047717, -0.000098667  0.000536822
DIFF:  006 |  0.000000075  0.000000000  0.000000000  0.000000000  0.000000000  0.000000000 |         -0.0 |  0.000000075  0.000000000,  0.000000000 -0.000000000
MOVE:  006 |  0.000000065  0.000000000 -0.000000000  0.000000000 -0.000000000  0.000000000 |         -0.0 |  0.000000065  0.000000000,  0.000000000 -0.000000000
CONST: 006 | 37 -2.39351e-05 -4.5e-05 0.000182 0.0005 -5.1e-05 0

ABS:   007 | -0.000024065 -0.000045000  0.000182000  0.000500000 -0.000051000  0.000000000 |         47.1 | -0.000000855  0.000047773, -0.000098667  0.000536822
DIFF:  007 | -0.000000130  0.000000000  0.000000000  0.000000000  0.000000000  0.000000000 |          0.0 | -0.000000077  0.000000056, -0.000000000  0.000000000
MOVE:  007 | -0.000000065  0.000000000 -0.000000000  0.000000000 -0.000000000  0.000000000 |          0.0 | -0.000000012  0.000000056, -0.000000000  0.000000000
CONST: 007 | 37 -2.40649e-05 -4.5e-05 0.000182 0.0005 -5.1e-05 0

ABS:   008 | -0.000024000 -0.000044900  0.000182000  0.000500000 -0.000051000  0.000000000 |         47.1 | -0.000000844  0.000047717, -0.000098731  0.000536829
DIFF:  008 |  0.000000065  0.000000100  0.000000000  0.000000000  0.000000000  0.000000000 |         -0.0 |  0.000000011 -0.000000056, -0.000000064  0.000000007
MOVE:  008 |  0.000000000  0.000000100 -0.000000000  0.000000000 -0.000000000  0.000000000 |          0.0 | -0.000000002 -0.000000000, -0.000000064  0.000000007
CONST: 008 | 37 -2.4e-05 -4.49e-05 0.000182 0.0005 -5.1e-05 0

ABS:   009 | -0.000024000 -0.000045100  0.000182000  0.000500000 -0.000051000  0.000000000 |         47.1 | -0.000000840  0.000047717, -0.000098603  0.000536815
DIFF:  009 |  0.000000000 -0.000000200  0.000000000  0.000000000  0.000000000  0.000000000 |         -0.0 |  0.000000004  0.000000000,  0.000000128 -0.000000015
MOVE:  009 |  0.000000000 -0.000000100 -0.000000000  0.000000000 -0.000000000  0.000000000 |         -0.0 |  0.000000002  0.000000000,  0.000000064 -0.000000007
CONST: 009 | 37 -2.4e-05 -4.51e-05 0.000182 0.0005 -5.1e-05 0

ABS:   010 | -0.000024000 -0.000044708  0.000182000  0.000500000 -0.000051000  0.000000000 |         47.1 | -0.000000821  0.000047745, -0.000098594  0.000536671
DIFF:  010 |  0.000000000  0.000000392  0.000000000  0.000000000  0.000000000  0.000000000 |         -0.0 |  0.000000019  0.000000027,  0.000000009 -0.000000144
MOVE:  010 |  0.000000000  0.000000292 -0.000000000  0.000000000 -0.000000000  0.000000000 |         -0.0 |  0.000000021  0.000000027,  0.000000073 -0.000000151
CONST: 010 | 37 -2.4e-05 -4.47082e-05 0.000182 0.0005 -5.1e-05 0

ABS:   011 | -0.000024000 -0.000045292  0.000182000  0.000500000 -0.000051000  0.000000000 |         47.1 | -0.000000837  0.000047718, -0.000098481  0.000536801
DIFF:  011 |  0.000000000 -0.000000584  0.000000000  0.000000000  0.000000000  0.000000000 |          0.0 | -0.000000016 -0.000000027,  0.000000113  0.000000130
MOVE:  011 |  0.000000000 -0.000000292 -0.000000000  0.000000000 -0.000000000  0.000000000 |         -0.0 |  0.000000005  0.000000001,  0.000000186 -0.000000021
CONST: 011 | 37 -2.4e-05 -4.52918e-05 0.000182 0.0005 -5.1e-05 0

ABS:   012 | -0.000024000 -0.000044971  0.000182000  0.000500000 -0.000051000  0.000000000 |         47.1 | -0.000000843  0.000047717, -0.000098686  0.000536824
DIFF:  012 |  0.000000000  0.000000321  0.000000000  0.000000000  0.000000000  0.000000000 |          0.0 | -0.000000006 -0.000000001, -0.000000205  0.000000023
MOVE:  012 |  0.000000000  0.000000029 -0.000000000  0.000000000 -0.000000000  0.000000000 |          0.0 | -0.000000001 -0.000000000, -0.000000019  0.000000002
CONST: 012 | 37 -2.4e-05 -4.49708e-05 0.000182 0.0005 -5.1e-05 0

ABS:   013 | -0.000024000 -0.000045029  0.000182000  0.000500000 -0.000051000  0.000000000 |         47.1 | -0.000000842  0.000047717, -0.000098648  0.000536820
DIFF:  013 |  0.000000000 -0.000000058  0.000000000  0.000000000  0.000000000  0.000000000 |         -0.0 |  0.000000001  0.000000000,  0.000000037 -0.000000004
MOVE:  013 |  0.000000000 -0.000000029 -0.000000000  0.000000000 -0.000000000  0.000000000 |         -0.0 |  0.000000001  0.000000000,  0.000000019 -0.000000002
CONST: 013 | 37 -2.4e-05 -4.50292e-05 0.000182 0.0005 -5.1e-05 0

ABS:   014 | -0.000024000 -0.000045000  0.000187002  0.000500000 -0.000051000  0.000000000 |         47.3 | -0.000000842  0.000047717, -0.000101959  0.000537140
DIFF:  014 |  0.000000000  0.000000029  0.000005002  0.000000000  0.000000000  0.000000000 |          0.1 | -0.000000000 -0.000000000, -0.000003311  0.000000320
MOVE:  014 |  0.000000000  0.000000000  0.000005002  0.000000000 -0.000000000  0.000000000 |          0.1 |  0.000000000 -0.000000000, -0.000003292  0.000000318
CONST: 014 | 37 -2.4e-05 -4.5e-05 0.000187002 0.0005 -5.1e-05 0

ABS:   015 | -0.000024000 -0.000045000  0.000176998  0.000500000 -0.000051000  0.000000000 |         47.2 | -0.000000842  0.000047717, -0.000096101  0.000537478
DIFF:  015 |  0.000000000  0.000000000 -0.000010004  0.000000000  0.000000000  0.000000000 |         -0.1 | -0.000000000  0.000000000,  0.000005859  0.000000338
MOVE:  015 |  0.000000000  0.000000000 -0.000005002  0.000000000 -0.000000000  0.000000000 |          0.1 | -0.000000000  0.000000000,  0.000002566  0.000000656
CONST: 015 | 37 -2.4e-05 -4.5e-05 0.000176998 0.0005 -5.1e-05 0

ABS:   016 | -0.000024000 -0.000045000  0.000182500  0.000500000 -0.000051000  0.000000000 |         47.1 | -0.000000842  0.000047717, -0.000098908  0.000536650
DIFF:  016 |  0.000000000  0.000000000  0.000005502  0.000000000  0.000000000  0.000000000 |         -0.1 |  0.000000000 -0.000000000, -0.000002807 -0.000000828
MOVE:  016 |  0.000000000  0.000000000  0.000000500  0.000000000 -0.000000000  0.000000000 |         -0.0 |  0.000000000 -0.000000000, -0.000000241 -0.000000172
CONST: 016 | 37 -2.4e-05 -4.5e-05 0.0001825 0.0005 -5.1e-05 0

ABS:   017 | -0.000024000 -0.000045000  0.000181500  0.000500000 -0.000051000  0.000000000 |         47.1 | -0.000000842  0.000047717, -0.000098167  0.000536822
DIFF:  017 |  0.000000000  0.000000000 -0.000001000  0.000000000  0.000000000  0.000000000 |          0.0 | -0.000000000  0.000000000,  0.000000741  0.000000172
MOVE:  017 |  0.000000000  0.000000000 -0.000000500  0.000000000 -0.000000000  0.000000000 |         -0.0 | -0.000000000  0.000000000,  0.000000500 -0.000000000
CONST: 017 | 37 -2.4e-05 -4.5e-05 0.0001815 0.0005 -5.1e-05 0

ABS:   018 | -0.000024000 -0.000045000  0.000182050  0.000500000 -0.000051000  0.000000000 |         47.1 | -0.000000842  0.000047717, -0.000098717  0.000536822
DIFF:  018 |  0.000000000  0.000000000  0.000000550  0.000000000  0.000000000  0.000000000 |          0.0 |  0.000000000 -0.000000000, -0.000000550  0.000000000
MOVE:  018 |  0.000000000  0.000000000  0.000000050  0.000000000 -0.000000000  0.000000000 |          0.0 |  0.000000000 -0.000000000, -0.000000050  0.000000000
CONST: 018 | 37 -2.4e-05 -4.5e-05 0.00018205 0.0005 -5.1e-05 0

ABS:   019 | -0.000024000 -0.000045000  0.000181950  0.000500000 -0.000051000  0.000000000 |         47.1 | -0.000000842  0.000047717, -0.000098617  0.000536822
DIFF:  019 |  0.000000000  0.000000000 -0.000000100  0.000000000  0.000000000  0.000000000 |         -0.0 | -0.000000000  0.000000000,  0.000000100 -0.000000000
MOVE:  019 |  0.000000000  0.000000000 -0.000000050  0.000000000 -0.000000000  0.000000000 |         -0.0 | -0.000000000  0.000000000,  0.000000050 -0.000000000
CONST: 019 | 37 -2.4e-05 -4.5e-05 0.00018195 0.0005 -5.1e-05 0

ABS:   020 | -0.000024000 -0.000045000  0.000182000  0.000504000 -0.000051000  0.000000000 |         47.1 | -0.000000840  0.000047714, -0.000098763  0.000536653
DIFF:  020 |  0.000000000  0.000000000  0.000000050  0.000004000  0.000000000  0.000000000 |         -0.0 |  0.000000002 -0.000000003, -0.000000146 -0.000000169
MOVE:  020 |  0.000000000  0.000000000 -0.000000000  0.000004000 -0.000000000  0.000000000 |         -0.0 |  0.000000002 -0.000000003, -0.000000096 -0.000000169
CONST: 020 | 37 -2.4e-05 -4.5e-05 0.000182 0.000504 -5.1e-05 0

ABS:   021 | -0.000024000 -0.000045000  0.000182000  0.000496000 -0.000051000  0.000000000 |         47.1 | -0.000000844  0.000047721, -0.000098312  0.000536819
DIFF:  021 |  0.000000000  0.000000000  0.000000000 -0.000008000  0.000000000  0.000000000 |          0.0 | -0.000000004  0.000000007,  0.000000451  0.000000166
MOVE:  021 |  0.000000000  0.000000000 -0.000000000 -0.000004000 -0.000000000  0.000000000 |         -0.0 | -0.000000002  0.000000003,  0.000000355 -0.000000003
CONST: 021 | 37 -2.4e-05 -4.5e-05 0.000182 0.000496 -5.1e-05 0

ABS:   022 | -0.000024000 -0.000045000  0.000182000  0.000500400 -0.000051000  0.000000000 |         47.1 | -0.000000842  0.000047717, -0.000098703  0.000536822
DIFF:  022 |  0.000000000  0.000000000  0.000000000  0.000004400  0.000000000  0.000000000 |          0.0 |  0.000000002 -0.000000004, -0.000000391  0.000000004
MOVE:  022 |  0.000000000  0.000000000 -0.000000000  0.000000400 -0.000000000  0.000000000 |          0.0 |  0.000000000 -0.000000000, -0.000000036  0.000000000
CONST: 022 | 37 -2.4e-05 -4.5e-05 0.000182 0.0005004 -5.1e-05 0

ABS:   023 | -0.000024000 -0.000045000  0.000182000  0.000499600 -0.000051000  0.000000000 |         47.1 | -0.000000842  0.000047718, -0.000098632  0.000536822
DIFF:  023 |  0.000000000  0.000000000  0.000000000 -0.000000800  0.000000000  0.000000000 |         -0.0 | -0.000000000  0.000000001,  0.000000071 -0.000000001
MOVE:  023 |  0.000000000  0.000000000 -0.000000000 -0.000000400 -0.000000000  0.000000000 |         -0.0 | -0.000000000  0.000000000,  0.000000036 -0.000000000
CONST: 023 | 37 -2.4e-05 -4.5e-05 0.000182 0.0004996 -5.1e-05 0

ABS:   024 | -0.000024000 -0.000045000  0.000182000  0.000502756 -0.000051000  0.000000000 |         47.1 | -0.000000841  0.000047715, -0.000098653  0.000536652
DIFF:  024 |  0.000000000  0.000000000  0.000000000  0.000003156  0.000000000  0.000000000 |         -0.0 |  0.000000002 -0.000000003, -0.000000021 -0.000000170
MOVE:  024 |  0.000000000  0.000000000 -0.000000000  0.000002756 -0.000000000  0.000000000 |         -0.0 |  0.000000002 -0.000000002,  0.000000015 -0.000000170
CONST: 024 | 37 -2.4e-05 -4.5e-05 0.000182 0.000502756 -5.1e-05 0

ABS:   025 | -0.000024000 -0.000045000  0.000182000  0.000497244 -0.000051000  0.000000000 |         47.1 | -0.000000844  0.000047719, -0.000098422  0.000536820
DIFF:  025 |  0.000000000  0.000000000  0.000000000 -0.000005513  0.000000000  0.000000000 |          0.0 | -0.000000003  0.000000005,  0.000000230  0.000000168
MOVE:  025 |  0.000000000  0.000000000 -0.000000000 -0.000002756 -0.000000000  0.000000000 |         -0.0 | -0.000000002  0.000000002,  0.000000245 -0.000000002
CONST: 025 | 37 -2.4e-05 -4.5e-05 0.000182 0.000497244 -5.1e-05 0

ABS:   026 | -0.000024000 -0.000045000  0.000182000  0.000500000 -0.000040999  0.000000000 |         47.1 | -0.000001349  0.000047717, -0.000098661  0.000536824
DIFF:  026 |  0.000000000  0.000000000  0.000000000  0.000002756  0.000010001  0.000000000 |          0.0 | -0.000000505 -0.000000003, -0.000000238  0.000000004
MOVE:  026 |  0.000000000  0.000000000 -0.000000000  0.000000000  0.000010001  0.000000000 |          0.0 | -0.000000507 -0.000000001,  0.000000007  0.000000001
CONST: 026 | 37 -2.4e-05 -4.5e-05 0.000182 0.0005 -4.09993e-05 0

ABS:   027 | -0.000024000 -0.000045000  0.000182000  0.000500000 -0.000061001  0.000000000 |         47.2 | -0.000000231  0.000047842, -0.000098674  0.000536821
DIFF:  027 |  0.000000000  0.000000000  0.000000000  0.000000000 -0.000020001  0.000000000 |          0.0 |  0.000001118  0.000000125, -0.000000013 -0.000000003
MOVE:  027 |  0.000000000  0.000000000 -0.000000000  0.000000000 -0.000010001  0.000000000 |          0.0 |  0.000000612  0.000000124, -0.000000007 -0.000000001
CONST: 027 | 37 -2.4e-05 -4.5e-05 0.000182 0.0005 -6.10007e-05 0

ABS:   028 | -0.000024000 -0.000045000  0.000182000  0.000500000 -0.000050000  0.000000000 |         47.1 | -0.000000880  0.000047736, -0.000098666  0.000536822
DIFF:  028 |  0.000000000  0.000000000  0.000000000  0.000000000  0.000011001  0.000000000 |         -0.0 | -0.000000649 -0.000000105,  0.000000007  0.000000002
MOVE:  028 |  0.000000000  0.000000000 -0.000000000  0.000000000  0.000001000  0.000000000 |          0.0 | -0.000000038  0.000000019,  0.000000001  0.000000000
CONST: 028 | 37 -2.4e-05 -4.5e-05 0.000182 0.0005 -4.99999e-05 0

ABS:   029 | -0.000024000 -0.000045000  0.000182000  0.000500000 -0.000052000  0.000000000 |         47.1 | -0.000000778  0.000047726, -0.000098668  0.000536822
DIFF:  029 |  0.000000000  0.000000000  0.000000000  0.000000000 -0.000002000  0.000000000 |         -0.0 |  0.000000101 -0.000000010, -0.000000001 -0.000000000
MOVE:  029 |  0.000000000  0.000000000 -0.000000000  0.000000000 -0.000001000  0.000000000 |          0.0 |  0.000000064  0.000000009, -0.000000001 -0.000000000
CONST: 029 | 37 -2.4e-05 -4.5e-05 0.000182 0.0005 -5.20001e-05 0

ABS:   030 | -0.000024000 -0.000045000  0.000182000  0.000500000 -0.000050900  0.000000000 |         47.1 | -0.000000849  0.000047716, -0.000098667  0.000536822
DIFF:  030 |  0.000000000  0.000000000  0.000000000  0.000000000  0.000001100  0.000000000 |         -0.0 | -0.000000070 -0.000000010,  0.000000001  0.000000000
MOVE:  030 |  0.000000000  0.000000000 -0.000000000  0.000000000  0.000000100  0.000000000 |         -0.0 | -0.000000006 -0.000000001,  0.000000000  0.000000000
CONST: 030 | 37 -2.4e-05 -4.5e-05 0.000182 0.0005 -5.09e-05 0

ABS:   031 | -0.000024000 -0.000045000  0.000182000  0.000500000 -0.000051100  0.000000000 |         47.1 | -0.000000836  0.000047718, -0.000098667  0.000536822
DIFF:  031 |  0.000000000  0.000000000  0.000000000  0.000000000 -0.000000200  0.000000000 |          0.0 |  0.000000013  0.000000002, -0.000000000 -0.000000000
MOVE:  031 |  0.000000000  0.000000000 -0.000000000  0.000000000 -0.000000100  0.000000000 |          0.0 |  0.000000006  0.000000001, -0.000000000 -0.000000000
CONST: 031 | 37 -2.4e-05 -4.5e-05 0.000182 0.0005 -5.11e-05 0

ABS:   032 | -0.000024000 -0.000045000  0.000182000  0.000500000 -0.000051000  0.000002000 |         47.1 | -0.000000843  0.000047717, -0.000098664  0.000536823
DIFF:  032 |  0.000000000  0.000000000  0.000000000  0.000000000  0.000000100  0.000002000 |         -0.0 | -0.000000007 -0.000000001,  0.000000003  0.000000001
MOVE:  032 |  0.000000000  0.000000000 -0.000000000  0.000000000 -0.000000000  0.000002000 |          0.0 | -0.000000001  0.000000000,  0.000000003  0.000000001
CONST: 032 | 37 -2.4e-05 -4.5e-05 0.000182 0.0005 -5.1e-05 2.00001e-06

ABS:   033 | -0.000024000 -0.000045000  0.000182000  0.000500000 -0.000051000 -0.000002000 |         47.1 | -0.000000841  0.000047717, -0.000098670  0.000536821
DIFF:  033 |  0.000000000  0.000000000  0.000000000  0.000000000  0.000000000 -0.000004000 |         -0.0 |  0.000000002 -0.000000000, -0.000000006 -0.000000002
MOVE:  033 |  0.000000000  0.000000000 -0.000000000  0.000000000 -0.000000000 -0.000002000 |         -0.0 |  0.000000001 -0.000000000, -0.000000003 -0.000000001
CONST: 033 | 37 -2.4e-05 -4.5e-05 0.000182 0.0005 -5.1e-05 -2.00001e-06

ABS:   034 | -0.000024000 -0.000045000  0.000182000  0.000500000 -0.000051000  0.000020000 |         47.1 | -0.000000853  0.000047717, -0.000098637  0.000536831
DIFF:  034 |  0.000000000  0.000000000  0.000000000  0.000000000  0.000000000  0.000022000 |          0.0 | -0.000000012  0.000000000,  0.000000033  0.000000010
MOVE:  034 |  0.000000000  0.000000000 -0.000000000  0.000000000 -0.000000000  0.000020000 |          0.0 | -0.000000011  0.000000000,  0.000000030  0.000000009
CONST: 034 | 37 -2.4e-05 -4.5e-05 0.000182 0.0005 -5.1e-05 2.00001e-05

ABS:   035 | -0.000024000 -0.000045000  0.000182000  0.000500000 -0.000051000 -0.000020000 |         47.1 | -0.000000831  0.000047717, -0.000098697  0.000536813
DIFF:  035 |  0.000000000  0.000000000  0.000000000  0.000000000  0.000000000 -0.000040000 |         -0.0 |  0.000000022 -0.000000000, -0.000000060 -0.000000018
MOVE:  035 |  0.000000000  0.000000000 -0.000000000  0.000000000 -0.000000000 -0.000020000 |         -0.0 |  0.000000011 -0.000000000, -0.000000030 -0.000000009
CONST: 035 | 37 -2.4e-05 -4.5e-05 0.000182 0.0005 -5.1e-05 -2.00001e-05

ABS:   036 | -0.000024000 -0.000045000  0.000182000  0.000502756 -0.000051000  0.000000000 |         47.1 | -0.000000841  0.000047715, -0.000098653  0.000536652
DIFF:  036 |  0.000000000  0.000000000  0.000000000  0.000002756  0.000000000  0.000020000 |         -0.0 | -0.000000010 -0.000000002,  0.000000045 -0.000000161
MOVE:  036 |  0.000000000  0.000000000 -0.000000000  0.000002756 -0.000000000  0.000000000 |         -0.0 |  0.000000002 -0.000000002,  0.000000015 -0.000000170
CONST: 036 | 37 -2.4e-05 -4.5e-05 0.000182 0.000502756 -5.1e-05 0

ABS:   037 | -0.000024000 -0.000045000  0.000182000  0.000513782 -0.000051000  0.000000000 |         47.1 | -0.000000808  0.000047734, -0.000099062  0.000536766
DIFF:  037 |  0.000000000  0.000000000  0.000000000  0.000011026  0.000000000  0.000000000 |          0.0 |  0.000000032  0.000000019, -0.000000409  0.000000114
MOVE:  037 |  0.000000000  0.000000000 -0.000000000  0.000013782 -0.000000000  0.000000000 |         -0.0 |  0.000000034  0.000000017, -0.000000395 -0.000000056
CONST: 037 | 37 -2.4e-05 -4.5e-05 0.000182 0.000513782 -5.1e-05 0

ABS:   038 | -0.000024000 -0.000045000  0.000182000  0.000506970 -0.000051000  0.000000000 |         47.2 | -0.000000812  0.000047739, -0.000098716  0.000536933
DIFF:  038 |  0.000000000  0.000000000  0.000000000 -0.000006812  0.000000000  0.000000000 |          0.0 | -0.000000004  0.000000006,  0.000000346  0.000000167
MOVE:  038 |  0.000000000  0.000000000 -0.000000000  0.000006970 -0.000000000  0.000000000 |          0.0 |  0.000000030  0.000000022, -0.000000049  0.000000111
CONST: 038 | 37 -2.4e-05 -4.5e-05 0.000182 0.00050697 -5.1e-05 0

ABS:   039 | -0.000024000 -0.000045000  0.000182000  0.000504863 -0.000051000  0.000000000 |         47.1 | -0.000000813  0.000047741, -0.000098529  0.000536931
DIFF:  039 |  0.000000000  0.000000000  0.000000000 -0.000002107  0.000000000  0.000000000 |         -0.0 | -0.000000001  0.000000002,  0.000000187 -0.000000002
MOVE:  039 |  0.000000000  0.000000000 -0.000000000  0.000004863 -0.000000000  0.000000000 |          0.0 |  0.000000029  0.000000024,  0.000000138  0.000000109
CONST: 039 | 37 -2.4e-05 -4.5e-05 0.000182 0.000504863 -5.1e-05 0

ABS:   040 | -0.000024000 -0.000045000  0.000182000  0.000503810 -0.000051000  0.000000000 |         47.1 | -0.000000840  0.000047714, -0.000098746  0.000536653
DIFF:  040 |  0.000000000  0.000000000  0.000000000 -0.000001053  0.000000000  0.000000000 |         -0.1 | -0.000000027 -0.000000027, -0.000000217 -0.000000278
MOVE:  040 |  0.000000000  0.000000000 -0.000000000  0.000003810 -0.000000000  0.000000000 |         -0.0 |  0.000000002 -0.000000003, -0.000000079 -0.000000169
CONST: 040 | 37 -2.4e-05 -4.5e-05 0.000182 0.00050381 -5.1e-05 0

ABS:   041 | -0.000024000 -0.000045000  0.000182000  0.000488974 -0.000051000  0.000000000 |         47.1 | -0.000000848  0.000047726, -0.000097947  0.000536985
DIFF:  041 |  0.000000000  0.000000000  0.000000000 -0.000014836  0.000000000  0.000000000 |          0.1 | -0.000000008  0.000000012,  0.000000799  0.000000333
MOVE:  041 |  0.000000000  0.000000000 -0.000000000 -0.000011026 -0.000000000  0.000000000 |          0.0 | -0.000000006  0.000000009,  0.000000720  0.000000163
CONST: 041 | 37 -2.4e-05 -4.5e-05 0.000182 0.000488974 -5.1e-05 0

ABS:   042 | -0.000024000 -0.000045000  0.000182000  0.000495865 -0.000051000  0.000000000 |         47.1 | -0.000000844  0.000047721, -0.000098300  0.000536819
DIFF:  042 |  0.000000000  0.000000000  0.000000000  0.000006891  0.000000000  0.000000000 |         -0.0 |  0.000000004 -0.000000006, -0.000000353 -0.000000167
MOVE:  042 |  0.000000000  0.000000000 -0.000000000 -0.000004135 -0.000000000  0.000000000 |         -0.0 | -0.000000002  0.000000003,  0.000000367 -0.000000004
CONST: 042 | 37 -2.4e-05 -4.5e-05 0.000182 0.000495865 -5.1e-05 0

ABS:   043 | -0.000024000 -0.000045000  0.000182000  0.000501811 -0.000051000  0.000000000 |         47.1 | -0.000000841  0.000047716, -0.000098828  0.000536824
DIFF:  043 |  0.000000000  0.000000000  0.000000000  0.000005946  0.000000000  0.000000000 |          0.0 |  0.000000003 -0.000000005, -0.000000528  0.000000005
MOVE:  043 |  0.000000000  0.000000000 -0.000000000  0.000001811 -0.000000000  0.000000000 |          0.0 |  0.000000001 -0.000000001, -0.000000161  0.000000002
CONST: 043 | 37 -2.4e-05 -4.5e-05 0.000182 0.000501811 -5.1e-05 0

ABS:   044 | -0.000024000 -0.000045000  0.000182000  0.000502284 -0.000051000  0.000000000 |         47.1 | -0.000000841  0.000047715, -0.000098611  0.000536651
DIFF:  044 |  0.000000000  0.000000000  0.000000000  0.000000473  0.000000000  0.000000000 |         -0.0 |  0.000000000 -0.000000000,  0.000000218 -0.000000172
MOVE:  044 |  0.000000000  0.000000000 -0.000000000  0.000002284 -0.000000000  0.000000000 |         -0.0 |  0.000000001 -0.000000002,  0.000000057 -0.000000171
CONST: 044 | 37 -2.4e-05 -4.5e-05 0.000182 0.000502284 -5.1e-05 0

ABS:   045 | -0.000024000 -0.000045000  0.000182000  0.000501949 -0.000051000  0.000000000 |         47.1 | -0.000000841  0.000047716, -0.000098581  0.000536651
DIFF:  045 |  0.000000000  0.000000000  0.000000000 -0.000000335  0.000000000  0.000000000 |         -0.0 | -0.000000000  0.000000000,  0.000000030 -0.000000000
MOVE:  045 |  0.000000000  0.000000000 -0.000000000  0.000001949 -0.000000000  0.000000000 |         -0.0 |  0.000000001 -0.000000002,  0.000000086 -0.000000171
CONST: 045 | 37 -2.4e-05 -4.5e-05 0.000182 0.000501949 -5.1e-05 0

ABS:   046 | -0.000023994 -0.000045000  0.000182000  0.000501949 -0.000051000  0.000000000 |         47.1 | -0.000000835  0.000047716, -0.000098581  0.000536651
DIFF:  046 |  0.000000006  0.000000000  0.000000000  0.000000000  0.000000000  0.000000000 |         -0.0 |  0.000000006  0.000000000,  0.000000000 -0.000000000
MOVE:  046 |  0.000000006  0.000000000 -0.000000000  0.000001949 -0.000000000  0.000000000 |         -0.0 |  0.000000008 -0.000000002,  0.000000086 -0.000000171
CONST: 046 | 37 -2.39935e-05 -4.5e-05 0.000182 0.000501949 -5.1e-05 0

ABS:   047 | -0.000024006 -0.000045000  0.000182000  0.000501949 -0.000051000  0.000000000 |         47.1 | -0.000000848  0.000047716, -0.000098581  0.000536651
DIFF:  047 | -0.000000013  0.000000000  0.000000000  0.000000000  0.000000000  0.000000000 |          0.0 | -0.000000013  0.000000000, -0.000000000 -0.000000000
MOVE:  047 | -0.000000006  0.000000000 -0.000000000  0.000001949 -0.000000000  0.000000000 |         -0.0 | -0.000000005 -0.000000002,  0.000000086 -0.000000171
CONST: 047 | 37 -2.40065e-05 -4.5e-05 0.000182 0.000501949 -5.1e-05 0

ABS:   048 | -0.000023935 -0.000045000  0.000182000  0.000501949 -0.000051000  0.000000000 |         47.1 | -0.000000776  0.000047716, -0.000098581  0.000536651
DIFF:  048 |  0.000000071  0.000000000  0.000000000  0.000000000  0.000000000  0.000000000 |         -0.0 |  0.000000071 -0.000000000,  0.000000000  0.000000000
MOVE:  048 |  0.000000065  0.000000000 -0.000000000  0.000001949 -0.000000000  0.000000000 |         -0.0 |  0.000000066 -0.000000002,  0.000000086 -0.000000171
CONST: 048 | 37 -2.39351e-05 -4.5e-05 0.000182 0.000501949 -5.1e-05 0

ABS:   049 | -0.000024065 -0.000045000  0.000182000  0.000501949 -0.000051000  0.000000000 |         47.1 | -0.000000853  0.000047772, -0.000098581  0.000536651
DIFF:  049 | -0.000000130  0.000000000  0.000000000  0.000000000  0.000000000  0.000000000 |          0.0 | -0.000000077  0.000000056, -0.000000000  0.000000000
MOVE:  049 | -0.000000065  0.000000000 -0.000000000  0.000001949 -0.000000000  0.000000000 |         -0.0 | -0.000000011  0.000000054,  0.000000086 -0.000000171
CONST: 049 | 37 -2.40649e-05 -4.5e-05 0.000182 0.000501949 -5.1e-05 0

ABS:   050 | -0.000023994 -0.000045000  0.000182000  0.000501949 -0.000051000  0.000000000 |         47.1 | -0.000000835  0.000047716, -0.000098581  0.000536651
DIFF:  050 |  0.000000071  0.000000000  0.000000000  0.000000000  0.000000000  0.000000000 |         -0.0 |  0.000000019 -0.000000056,  0.000000000 -0.000000000
MOVE:  050 |  0.000000006  0.000000000 -0.000000000  0.000001949 -0.000000000  0.000000000 |         -0.0 |  0.000000008 -0.000000002,  0.000000086 -0.000000171
CONST: 050 | 37 -2.39935e-05 -4.5e-05 0.000182 0.000501949 -5.1e-05 0

ABS:   051 | -0.000024006 -0.000045000  0.000182000  0.000501949 -0.000051000  0.000000000 |         47.1 | -0.000000848  0.000047716, -0.000098581  0.000536651
DIFF:  051 | -0.000000013  0.000000000  0.000000000  0.000000000  0.000000000  0.000000000 |          0.0 | -0.000000013  0.000000000, -0.000000000  0.000000000
MOVE:  051 | -0.000000006  0.000000000 -0.000000000  0.000001949 -0.000000000  0.000000000 |         -0.0 | -0.000000005 -0.000000002,  0.000000086 -0.000000171
CONST: 051 | 37 -2.40065e-05 -4.5e-05 0.000182 0.000501949 -5.1e-05 0

ABS:   052 | -0.000024000 -0.000044708  0.000182000  0.000501949 -0.000051000  0.000000000 |         47.1 | -0.000000820  0.000047743, -0.000098767  0.000536672
DIFF:  052 |  0.000000006  0.000000292  0.000000000  0.000000000  0.000000000  0.000000000 |          0.0 |  0.000000027  0.000000027, -0.000000186  0.000000021
MOVE:  052 |  0.000000000  0.000000292 -0.000000000  0.000001949 -0.000000000  0.000000000 |         -0.0 |  0.000000022  0.000000026, -0.000000100 -0.000000150
CONST: 052 | 37 -2.4e-05 -4.47083e-05 0.000182 0.000501949 -5.1e-05 0

ABS:   053 | -0.000024000 -0.000045292  0.000182000  0.000501949 -0.000051000  0.000000000 |         47.1 | -0.000000836  0.000047716, -0.000098654  0.000536803
DIFF:  053 |  0.000000000 -0.000000583  0.000000000  0.000000000  0.000000000  0.000000000 |          0.0 | -0.000000016 -0.000000027,  0.000000113  0.000000130
MOVE:  053 |  0.000000000 -0.000000292 -0.000000000  0.000001949 -0.000000000  0.000000000 |         -0.0 |  0.000000006 -0.000000001,  0.000000013 -0.000000020
CONST: 053 | 37 -2.4e-05 -4.52917e-05 0.000182 0.000501949 -5.1e-05 0

ABS:   054 | -0.000024000 -0.000044971  0.000182000  0.000501949 -0.000051000  0.000000000 |         47.1 | -0.000000842  0.000047716, -0.000098599  0.000536653
DIFF:  054 |  0.000000000  0.000000321  0.000000000  0.000000000  0.000000000  0.000000000 |         -0.0 | -0.000000006 -0.000000001,  0.000000055 -0.000000149
MOVE:  054 |  0.000000000  0.000000029 -0.000000000  0.000001949 -0.000000000  0.000000000 |         -0.0 |  0.000000001 -0.000000002,  0.000000068 -0.000000169
CONST: 054 | 37 -2.4e-05 -4.49708e-05 0.000182 0.000501949 -5.1e-05 0

ABS:   055 | -0.000024000 -0.000045029  0.000182000  0.000501949 -0.000051000  0.000000000 |         47.1 | -0.000000841  0.000047716, -0.000098822  0.000536822
DIFF:  055 |  0.000000000 -0.000000058  0.000000000  0.000000000  0.000000000  0.000000000 |          0.0 |  0.000000001  0.000000000, -0.000000222  0.000000168
MOVE:  055 |  0.000000000 -0.000000029 -0.000000000  0.000001949 -0.000000000  0.000000000 |          0.0 |  0.000000002 -0.000000002, -0.000000155 -0.000000000
CONST: 055 | 37 -2.4e-05 -4.50292e-05 0.000182 0.000501949 -5.1e-05 0

ABS:   056 | -0.000024000 -0.000044997  0.000182000  0.000501949 -0.000051000  0.000000000 |         47.1 | -0.000000841  0.000047716, -0.000098583  0.000536651
DIFF:  056 |  0.000000000  0.000000032  0.000000000  0.000000000  0.000000000  0.000000000 |         -0.0 | -0.000000001 -0.000000000,  0.000000239 -0.000000170
MOVE:  056 |  0.000000000  0.000000003 -0.000000000  0.000001949 -0.000000000  0.000000000 |         -0.0 |  0.000000001 -0.000000002,  0.000000084 -0.000000171
CONST: 056 | 37 -2.4e-05 -4.49971e-05 0.000182 0.000501949 -5.1e-05 0

ABS:   057 | -0.000024000 -0.000045003  0.000182000  0.000501949 -0.000051000  0.000000000 |         47.1 | -0.000000841  0.000047716, -0.000098838  0.000536824
DIFF:  057 |  0.000000000 -0.000000006  0.000000000  0.000000000  0.000000000  0.000000000 |          0.0 |  0.000000000  0.000000000, -0.000000256  0.000000172
MOVE:  057 |  0.000000000 -0.000000003 -0.000000000  0.000001949 -0.000000000  0.000000000 |          0.0 |  0.000000001 -0.000000002, -0.000000171  0.000000001
CONST: 057 | 37 -2.4e-05 -4.50029e-05 0.000182 0.000501949 -5.1e-05 0

ABS:   058 | -0.000024000 -0.000045000  0.000182289  0.000501949 -0.000051000  0.000000000 |         47.1 | -0.000000841  0.000047716, -0.000098870  0.000536651
DIFF:  058 |  0.000000000  0.000000003  0.000000289  0.000000000  0.000000000  0.000000000 |         -0.0 | -0.000000000 -0.000000000, -0.000000031 -0.000000172
MOVE:  058 |  0.000000000  0.000000000  0.000000289  0.000001949 -0.000000000  0.000000000 |         -0.0 |  0.000000001 -0.000000002, -0.000000203 -0.000000171
CONST: 058 | 37 -2.4e-05 -4.5e-05 0.000182289 0.000501949 -5.1e-05 0

ABS:   059 | -0.000024000 -0.000045000  0.000181711  0.000501949 -0.000051000  0.000000000 |         47.1 | -0.000000841  0.000047716, -0.000098551  0.000536824
DIFF:  059 |  0.000000000  0.000000000 -0.000000578  0.000000000  0.000000000  0.000000000 |          0.0 | -0.000000000  0.000000000,  0.000000318  0.000000173
MOVE:  059 |  0.000000000  0.000000000 -0.000000289  0.000001949 -0.000000000  0.000000000 |         -0.0 |  0.000000001 -0.000000002,  0.000000116  0.000000002
CONST: 059 | 37 -2.4e-05 -4.5e-05 0.000181711 0.000501949 -5.1e-05 0

ABS:   060 | -0.000024000 -0.000045000  0.000182029  0.000501949 -0.000051000  0.000000000 |         47.1 | -0.000000841  0.000047716, -0.000098610  0.000536651
DIFF:  060 |  0.000000000  0.000000000  0.000000318  0.000000000  0.000000000  0.000000000 |         -0.0 |  0.000000000 -0.000000000, -0.000000058 -0.000000173
MOVE:  060 |  0.000000000  0.000000000  0.000000029  0.000001949 -0.000000000  0.000000000 |         -0.0 |  0.000000001 -0.000000002,  0.000000057 -0.000000171
CONST: 060 | 37 -2.4e-05 -4.5e-05 0.000182029 0.000501949 -5.1e-05 0

ABS:   061 | -0.000024000 -0.000045000  0.000181971  0.000501949 -0.000051000  0.000000000 |         47.1 | -0.000000841  0.000047716, -0.000098811  0.000536824
DIFF:  061 |  0.000000000  0.000000000 -0.000000058  0.000000000  0.000000000  0.000000000 |          0.0 | -0.000000000  0.000000000, -0.000000202  0.000000173
MOVE:  061 |  0.000000000  0.000000000 -0.000000029  0.000001949 -0.000000000  0.000000000 |          0.0 |  0.000000001 -0.000000002, -0.000000144  0.000000002
CONST: 061 | 37 -2.4e-05 -4.5e-05 0.000181971 0.000501949 -5.1e-05 0

ABS:   062 | -0.000024000 -0.000045000  0.000182003  0.000501949 -0.000051000  0.000000000 |         47.1 | -0.000000841  0.000047716, -0.000098584  0.000536651
DIFF:  062 |  0.000000000  0.000000000  0.000000032  0.000000000  0.000000000  0.000000000 |         -0.0 |  0.000000000 -0.000000000,  0.000000228 -0.000000173
MOVE:  062 |  0.000000000  0.000000000  0.000000003  0.000001949 -0.000000000  0.000000000 |         -0.0 |  0.000000001 -0.000000002,  0.000000083 -0.000000171
CONST: 062 | 37 -2.4e-05 -4.5e-05 0.000182003 0.000501949 -5.1e-05 0

ABS:   063 | -0.000024000 -0.000045000  0.000181997  0.000501949 -0.000051000  0.000000000 |         47.1 | -0.000000841  0.000047716, -0.000098837  0.000536824
DIFF:  063 |  0.000000000  0.000000000 -0.000000006  0.000000000  0.000000000  0.000000000 |          0.0 | -0.000000000  0.000000000, -0.000000254  0.000000173
MOVE:  063 |  0.000000000  0.000000000 -0.000000003  0.000001949 -0.000000000  0.000000000 |          0.0 |  0.000000001 -0.000000002, -0.000000170  0.000000002
CONST: 063 | 37 -2.4e-05 -4.5e-05 0.000181997 0.000501949 -5.1e-05 0

ABS:   064 | -0.000024000 -0.000045000  0.000182000  0.000502225 -0.000051000  0.000000000 |         47.1 | -0.000000841  0.000047715, -0.000098605  0.000536651
DIFF:  064 |  0.000000000  0.000000000  0.000000003  0.000000276  0.000000000  0.000000000 |         -0.0 |  0.000000000 -0.000000000,  0.000000232 -0.000000172
MOVE:  064 |  0.000000000  0.000000000 -0.000000000  0.000002225 -0.000000000  0.000000000 |         -0.0 |  0.000000001 -0.000000002,  0.000000062 -0.000000171
CONST: 064 | 37 -2.4e-05 -4.5e-05 0.000182 0.000502225 -5.1e-05 0

ABS:   065 | -0.000024000 -0.000045000  0.000182000  0.000501674 -0.000051000  0.000000000 |         47.1 | -0.000000841  0.000047716, -0.000098816  0.000536824
DIFF:  065 |  0.000000000  0.000000000  0.000000000 -0.000000551  0.000000000  0.000000000 |          0.0 | -0.000000000  0.000000000, -0.000000211  0.000000172
MOVE:  065 |  0.000000000  0.000000000 -0.000000000  0.000001674 -0.000000000  0.000000000 |          0.0 |  0.000000001 -0.000000001, -0.000000149  0.000000001
CONST: 065 | 37 -2.4e-05 -4.5e-05 0.000182 0.000501674 -5.1e-05 0

ABS:   066 | -0.000024000 -0.000045000  0.000182000  0.000501977 -0.000051000  0.000000000 |         47.1 | -0.000000841  0.000047716, -0.000098583  0.000536651
DIFF:  066 |  0.000000000  0.000000000  0.000000000  0.000000303  0.000000000  0.000000000 |         -0.0 |  0.000000000 -0.000000000,  0.000000233 -0.000000172
MOVE:  066 |  0.000000000  0.000000000 -0.000000000  0.000001977 -0.000000000  0.000000000 |         -0.0 |  0.000000001 -0.000000002,  0.000000084 -0.000000171
CONST: 066 | 37 -2.4e-05 -4.5e-05 0.000182 0.000501977 -5.1e-05 0

ABS:   067 | -0.000024000 -0.000045000  0.000182000  0.000501922 -0.000051000  0.000000000 |         47.1 | -0.000000841  0.000047716, -0.000098838  0.000536824
DIFF:  067 |  0.000000000  0.000000000  0.000000000 -0.000000055  0.000000000  0.000000000 |          0.0 | -0.000000000  0.000000000, -0.000000255  0.000000172
MOVE:  067 |  0.000000000  0.000000000 -0.000000000  0.000001922 -0.000000000  0.000000000 |          0.0 |  0.000000001 -0.000000002, -0.000000171  0.000000002
CONST: 067 | 37 -2.4e-05 -4.5e-05 0.000182 0.000501922 -5.1e-05 0

ABS:   068 | -0.000024000 -0.000045000  0.000182000  0.000501952 -0.000051000  0.000000000 |         47.1 | -0.000000841  0.000047716, -0.000098581  0.000536651
DIFF:  068 |  0.000000000  0.000000000  0.000000000  0.000000030  0.000000000  0.000000000 |         -0.0 |  0.000000000 -0.000000000,  0.000000257 -0.000000173
MOVE:  068 |  0.000000000  0.000000000 -0.000000000  0.000001952 -0.000000000  0.000000000 |         -0.0 |  0.000000001 -0.000000002,  0.000000086 -0.000000171
CONST: 068 | 37 -2.4e-05 -4.5e-05 0.000182 0.000501952 -5.1e-05 0

ABS:   069 | -0.000024000 -0.000045000  0.000182000  0.000501946 -0.000051000  0.000000000 |         47.1 | -0.000000841  0.000047716, -0.000098840  0.000536824
DIFF:  069 |  0.000000000  0.000000000  0.000000000 -0.000000006  0.000000000  0.000000000 |          0.0 | -0.000000000  0.000000000, -0.000000259  0.000000173
MOVE:  069 |  0.000000000  0.000000000 -0.000000000  0.000001946 -0.000000000  0.000000000 |          0.0 |  0.000000001 -0.000000002, -0.000000173  0.000000002
CONST: 069 | 37 -2.4e-05 -4.5e-05 0.000182 0.000501946 -5.1e-05 0

ABS:   070 | -0.000024000 -0.000045000  0.000182000  0.000501949 -0.000050332  0.000000000 |         47.1 | -0.000000857  0.000047738, -0.000098580  0.000536651
DIFF:  070 |  0.000000000  0.000000000  0.000000000  0.000000003  0.000000668  0.000000000 |         -0.0 | -0.000000016  0.000000022,  0.000000260 -0.000000172
MOVE:  070 |  0.000000000  0.000000000 -0.000000000  0.000001949  0.000000668  0.000000000 |         -0.0 | -0.000000015  0.000000020,  0.000000087 -0.000000171
CONST: 070 | 37 -2.4e-05 -4.5e-05 0.000182 0.000501949 -5.03321e-05 0

ABS:   071 | -0.000024000 -0.000045000  0.000182000  0.000501949 -0.000051668  0.000000000 |         47.1 | -0.000000799  0.000047722, -0.000098841  0.000536824
DIFF:  071 |  0.000000000  0.000000000  0.000000000  0.000000000 -0.000001336  0.000000000 |          0.0 |  0.000000059 -0.000000016, -0.000000260  0.000000172
MOVE:  071 |  0.000000000  0.000000000 -0.000000000  0.000001949 -0.000000668  0.000000000 |          0.0 |  0.000000044  0.000000005, -0.000000174  0.000000002
CONST: 071 | 37 -2.4e-05 -4.5e-05 0.000182 0.000501949 -5.16679e-05 0

ABS:   072 | -0.000024000 -0.000045000  0.000182000  0.000501949 -0.000050933  0.000000000 |         47.1 | -0.000000845  0.000047715, -0.000098581  0.000536651
DIFF:  072 |  0.000000000  0.000000000  0.000000000  0.000000000  0.000000735  0.000000000 |         -0.0 | -0.000000047 -0.000000007,  0.000000260 -0.000000172
MOVE:  072 |  0.000000000  0.000000000 -0.000000000  0.000001949  0.000000067  0.000000000 |         -0.0 | -0.000000003 -0.000000002,  0.000000086 -0.000000171
CONST: 072 | 37 -2.4e-05 -4.5e-05 0.000182 0.000501949 -5.09332e-05 0

ABS:   073 | -0.000024000 -0.000045000  0.000182000  0.000501949 -0.000051067  0.000000000 |         47.1 | -0.000000837  0.000047716, -0.000098840  0.000536824
DIFF:  073 |  0.000000000  0.000000000  0.000000000  0.000000000 -0.000000134  0.000000000 |          0.0 |  0.000000009  0.000000001, -0.000000260  0.000000173
MOVE:  073 |  0.000000000  0.000000000 -0.000000000  0.000001949 -0.000000067  0.000000000 |          0.0 |  0.000000005 -0.000000001, -0.000000173  0.000000002
CONST: 073 | 37 -2.4e-05 -4.5e-05 0.000182 0.000501949 -5.10668e-05 0

ABS:   074 | -0.000024000 -0.000045000  0.000182000  0.000501949 -0.000050993  0.000000000 |         47.1 | -0.000000842  0.000047716, -0.000098581  0.000536651
DIFF:  074 |  0.000000000  0.000000000  0.000000000  0.000000000  0.000000073  0.000000000 |         -0.0 | -0.000000005 -0.000000001,  0.000000260 -0.000000173
MOVE:  074 |  0.000000000  0.000000000 -0.000000000  0.000001949  0.000000007  0.000000000 |         -0.0 |  0.000000001 -0.000000002,  0.000000086 -0.000000171
CONST: 074 | 37 -2.4e-05 -4.5e-05 0.000182 0.000501949 -5.09933e-05 0

ABS:   075 | -0.000024000 -0.000045000  0.000182000  0.000501949 -0.000051007  0.000000000 |         47.1 | -0.000000841  0.000047716, -0.000098581  0.000536651
DIFF:  075 |  0.000000000  0.000000000  0.000000000  0.000000000 -0.000000013  0.000000000 |          0.0 |  0.000000001  0.000000000, -0.000000000 -0.000000000
MOVE:  075 |  0.000000000  0.000000000 -0.000000000  0.000001949 -0.000000007  0.000000000 |         -0.0 |  0.000000001 -0.000000002,  0.000000086 -0.000000171
CONST: 075 | 37 -2.4e-05 -4.5e-05 0.000182 0.000501949 -5.10067e-05 0

ABS:   076 | -0.000024000 -0.000045000  0.000182000  0.000501949 -0.000051000  0.000037100 |         47.1 | -0.000000835  0.000047744, -0.000098785  0.000536841
DIFF:  076 |  0.000000000  0.000000000  0.000000000  0.000000000  0.000000007  0.000037100 |          0.1 |  0.000000005  0.000000028, -0.000000204  0.000000190
MOVE:  076 |  0.000000000  0.000000000 -0.000000000  0.000001949 -0.000000000  0.000037100 |          0.0 |  0.000000007  0.000000027, -0.000000118  0.000000019
CONST: 076 | 37 -2.4e-05 -4.5e-05 0.000182 0.000501949 -5.1e-05 3.71e-05

ABS:   077 | -0.000024000 -0.000045000  0.000182000  0.000501949 -0.000051000 -0.000037100 |         47.1 | -0.000000820  0.000047715, -0.000098636  0.000536634
DIFF:  077 |  0.000000000  0.000000000  0.000000000  0.000000000  0.000000000 -0.000074200 |         -0.1 |  0.000000015 -0.000000029,  0.000000148 -0.000000206
MOVE:  077 |  0.000000000  0.000000000 -0.000000000  0.000001949 -0.000000000 -0.000037100 |         -0.0 |  0.000000022 -0.000000002,  0.000000031 -0.000000188
CONST: 077 | 37 -2.4e-05 -4.5e-05 0.000182 0.000501949 -5.1e-05 -3.71e-05

ABS:   078 | -0.000024000 -0.000045000  0.000182000  0.000501949 -0.000051000  0.000003710 |         47.1 | -0.000000843  0.000047716, -0.000098835  0.000536825
DIFF:  078 |  0.000000000  0.000000000  0.000000000  0.000000000  0.000000000  0.000040810 |          0.0 | -0.000000023  0.000000000, -0.000000198  0.000000191
MOVE:  078 |  0.000000000  0.000000000 -0.000000000  0.000001949 -0.000000000  0.000003710 |          0.0 | -0.000000001 -0.000000002, -0.000000168  0.000000003
CONST: 078 | 37 -2.4e-05 -4.5e-05 0.000182 0.000501949 -5.1e-05 3.71e-06

ABS:   079 | -0.000024000 -0.000045000  0.000182000  0.000501949 -0.000051000 -0.000003710 |         47.1 | -0.000000839  0.000047716, -0.000098586  0.000536650
DIFF:  079 |  0.000000000  0.000000000  0.000000000  0.000000000  0.000000000 -0.000007420 |         -0.0 |  0.000000004 -0.000000000,  0.000000248 -0.000000176
MOVE:  079 |  0.000000000  0.000000000 -0.000000000  0.000001949 -0.000000000 -0.000003710 |         -0.0 |  0.000000003 -0.000000002,  0.000000081 -0.000000173
CONST: 079 | 37 -2.4e-05 -4.5e-05 0.000182 0.000501949 -5.1e-05 -3.71e-06

ABS:   080 | -0.000024000 -0.000045000  0.000182000  0.000501949 -0.000051000  0.000000371 |         47.1 | -0.000000841  0.000047716, -0.000098840  0.000536824
DIFF:  080 |  0.000000000  0.000000000  0.000000000  0.000000000  0.000000000  0.000004081 |          0.0 | -0.000000002  0.000000000, -0.000000253  0.000000174
MOVE:  080 |  0.000000000  0.000000000 -0.000000000  0.000001949 -0.000000000  0.000000371 |          0.0 |  0.000000001 -0.000000002, -0.000000173  0.000000002
CONST: 080 | 37 -2.4e-05 -4.5e-05 0.000182 0.000501949 -5.1e-05 3.71e-07

ABS:   081 | -0.000024000 -0.000045000  0.000182000  0.000501949 -0.000051000 -0.000000371 |         47.1 | -0.000000841  0.000047716, -0.000098581  0.000536651
DIFF:  081 |  0.000000000  0.000000000  0.000000000  0.000000000  0.000000000 -0.000000742 |         -0.0 |  0.000000000 -0.000000000,  0.000000258 -0.000000173
MOVE:  081 |  0.000000000  0.000000000 -0.000000000  0.000001949 -0.000000000 -0.000000371 |         -0.0 |  0.000000001 -0.000000002,  0.000000086 -0.000000171
CONST: 081 | 37 -2.4e-05 -4.5e-05 0.000182 0.000501949 -5.1e-05 -3.71e-07

ABS:   082 | -0.000023159 -0.000044999  0.000182001  0.000501951 -0.000010406 -0.000000186 |         47.0 | -0.000002223  0.000047495, -0.000098557  0.000536657
DIFF:  082 |  0.000000841  0.000000001  0.000000001  0.000000001  0.000040594  0.000000185 |         -0.0 | -0.000001382 -0.000000221,  0.000000024  0.000000006
MOVE:  082 |  0.000000841  0.000000001  0.000000001  0.000001951  0.000040594 -0.000000186 |         -0.1 | -0.000001381 -0.000000222,  0.000000110 -0.000000165
CONST: 082 | 37 -2.31587e-05 -4.49985e-05 0.000182001 0.000501951 -1.04058e-05 -1.85601e-07

ABS:   083 | -0.000023376 -0.000044999  0.000182001  0.000501950 -0.000020900 -0.000000138 |         47.1 | -0.000001875  0.000047549, -0.000098563  0.000536656
DIFF:  083 | -0.000000218 -0.000000000 -0.000000000 -0.000000000 -0.000010495  0.000000048 |          0.0 |  0.000000347  0.000000054, -0.000000006 -0.000000002
MOVE:  083 |  0.000000624  0.000000001  0.000000001  0.000001950  0.000030100 -0.000000138 |         -0.1 | -0.000001033 -0.000000168,  0.000000104 -0.000000166
CONST: 083 | 37 -2.33762e-05 -4.49989e-05 0.000182001 0.00050195 -2.09003e-05 -1.37619e-07

ABS:   084 | -0.000019909 -0.000044993  0.000182007  0.000501956  0.000146411 -0.000000903 |         47.2 | -0.000007833  0.000047412, -0.000098154  0.000536958
DIFF:  084 |  0.000003468  0.000000006  0.000000006  0.000000006  0.000167311 -0.000000765 |          0.1 | -0.000005958 -0.000000138,  0.000000409  0.000000303
MOVE:  084 |  0.000004091  0.000000007  0.000000007  0.000001956  0.000197411 -0.000000903 |          0.1 | -0.000006991 -0.000000306,  0.000000513  0.000000136
CONST: 084 | 37 -1.99085e-05 -4.49929e-05 0.000182007 0.000501956 0.000146411 -9.02584e-07

ABS:   085 | -0.000021534 -0.000044996  0.000182004  0.000501953  0.000068003 -0.000000544 |         47.1 | -0.000005103  0.000047433, -0.000098511  0.000536669
DIFF:  085 | -0.000001625 -0.000000003 -0.000000003 -0.000000003 -0.000078408  0.000000358 |         -0.1 |  0.000002730  0.000000021, -0.000000357 -0.000000289
MOVE:  085 |  0.000002466  0.000000004  0.000000004  0.000001953  0.000119003 -0.000000544 |         -0.0 | -0.000004261 -0.000000284,  0.000000156 -0.000000153
CONST: 085 | 37 -2.15336e-05 -4.49957e-05 0.000182004 0.000501953 6.80026e-05 -5.44093e-07

ABS:   086 | -0.000022668 -0.000044998  0.000182002  0.000501951  0.000013281 -0.000000294 |         47.0 | -0.000003009  0.000047392, -0.000098543  0.000536661
DIFF:  086 | -0.000001134 -0.000000002 -0.000000002 -0.000000002 -0.000054722  0.000000250 |         -0.1 |  0.000002095 -0.000000041, -0.000000032 -0.000000008
MOVE:  086 |  0.000001332  0.000000002  0.000000002  0.000001951  0.000064281 -0.000000294 |         -0.1 | -0.000002166 -0.000000326,  0.000000124 -0.000000161
CONST: 086 | 37 -2.26677e-05 -4.49977e-05 0.000182002 0.000501951 1.32806e-05 -2.93898e-07

ABS:   087 | -0.000021947 -0.000044996  0.000182004  0.000501953  0.000048062 -0.000000453 |         47.1 | -0.000004422  0.000047514, -0.000098522  0.000536666
DIFF:  087 |  0.000000721  0.000000001  0.000000001  0.000000001  0.000034782 -0.000000159 |          0.1 | -0.000001413  0.000000122,  0.000000021  0.000000005
MOVE:  087 |  0.000002053  0.000000004  0.000000004  0.000001953  0.000099062 -0.000000453 |         -0.0 | -0.000003580 -0.000000203,  0.000000145 -0.000000156
CONST: 087 | 37 -2.19469e-05 -4.49965e-05 0.000182004 0.000501953 4.80624e-05 -4.52923e-07

ABS:   088 | -0.000022307 -0.000044997  0.000182003  0.000501952  0.000030671 -0.000000373 |         47.1 | -0.000003755  0.000047420, -0.000098533  0.000536663
DIFF:  088 | -0.000000360 -0.000000001 -0.000000001 -0.000000001 -0.000017391  0.000000080 |         -0.0 |  0.000000667 -0.000000094, -0.000000010 -0.000000003
MOVE:  088 |  0.000001693  0.000000003  0.000000003  0.000001952  0.000081671 -0.000000373 |         -0.1 | -0.000002913 -0.000000298,  0.000000134 -0.000000159
CONST: 088 | 37 -2.23073e-05 -4.49971e-05 0.000182003 0.000501952 3.06715e-05 -3.7341e-07

ABS:   089 | -0.000022768 -0.000044998  0.000182002  0.000501951  0.000008427 -0.000000272 |         47.0 | -0.000002904  0.000047399, -0.000098546  0.000536660
DIFF:  089 | -0.000000461 -0.000000001 -0.000000001 -0.000000001 -0.000022245  0.000000102 |         -0.0 |  0.000000851 -0.000000021, -0.000000013 -0.000000003
MOVE:  089 |  0.000001232  0.000000002  0.000000002  0.000001951  0.000059427 -0.000000272 |         -0.1 | -0.000002062 -0.000000319,  0.000000121 -0.000000162
CONST: 089 | 37 -2.27683e-05 -4.49979e-05 0.000182002 0.000501951 8.42676e-06 -2.71705e-07

ABS:   090 | -0.000022603 -0.000044998  0.000182002  0.000501951  0.000013281 -0.000000294 |         47.0 | -0.000002944  0.000047392, -0.000098543  0.000536661
DIFF:  090 |  0.000000165  0.000000000  0.000000000  0.000000000  0.000004854 -0.000000022 |         -0.0 | -0.000000040 -0.000000007,  0.000000003  0.000000001
MOVE:  090 |  0.000001397  0.000000002  0.000000002  0.000001951  0.000064281 -0.000000294 |         -0.1 | -0.000002102 -0.000000326,  0.000000124 -0.000000161
CONST: 090 | 37 -2.26029e-05 -4.49977e-05 0.000182002 0.000501951 1.32806e-05 -2.93898e-07

