ABS:   itr |       deltaX       deltaY       deltaZ         phiX         phiY         phiZ |        chisq |    rphi mean     rphi rms,       z mean        z rms
ABS:   =========================================================================================================================================================
DIFF:  itr |       deltaX       deltaY       deltaZ         phiX         phiY         phiZ |        chisq |    rphi mean     rphi rms,       z mean        z rms
DIFF:  =========================================================================================================================================================
MOVE:  itr |       deltaX       deltaY       deltaZ         phiX         phiY         phiZ |        chisq |    rphi mean     rphi rms,       z mean        z rms
MOVE:  =========================================================================================================================================================
ABS:   001 | -0.000054000  0.000070000  0.000088000  0.000000000 -0.000543000  0.000000000 |          0.4 |  0.000012938  0.000052308, -0.000112669  0.000459120
CONST: 001 | 41 -5.4e-05 7e-05 8.8e-05 0 -0.000543 0

ABS:   001 | -0.000054000  0.000070000  0.000088000  0.000000000 -0.000543000  0.000000000 |          0.4 |  0.000012938  0.000052308, -0.000112669  0.000459120
CONST: 001 | 41 -5.4e-05 7e-05 8.8e-05 0 -0.000543 0

ABS:   002 | -0.000044000  0.000070000  0.000088000  0.000000000 -0.000543000  0.000000000 |          0.4 |  0.000018625  0.000048837, -0.000112664  0.000459120
DIFF:  002 |  0.000010000 -0.000000000 -0.000000000  0.000000000 -0.000000000  0.000000000 |         -0.0 |  0.000005687 -0.000003471,  0.000000005 -0.000000000
MOVE:  002 |  0.000010000 -0.000000000 -0.000000000  0.000000000 -0.000000000  0.000000000 |         -0.0 |  0.000005687 -0.000003471,  0.000000005 -0.000000000
CONST: 002 | 41 -4.4e-05 7e-05 8.8e-05 0 -0.000543 0

ABS:   003 | -0.000064000  0.000070000  0.000088000  0.000000000 -0.000543000  0.000000000 |          0.4 |  0.000005073  0.000053947, -0.000112675  0.000459120
DIFF:  003 | -0.000020000  0.000000000  0.000000000  0.000000000  0.000000000  0.000000000 |          0.0 | -0.000013552  0.000005111, -0.000000011 -0.000000000
MOVE:  003 | -0.000010000 -0.000000000 -0.000000000  0.000000000 -0.000000000  0.000000000 |          0.0 | -0.000007865  0.000001639, -0.000000005 -0.000000000
CONST: 003 | 41 -6.4e-05 7e-05 8.8e-05 0 -0.000543 0

ABS:   004 |  0.000045835  0.000070000  0.000088000  0.000000000 -0.000543000  0.000000000 |          0.4 |  0.000065994  0.000036905, -0.000112615  0.000459120
DIFF:  004 |  0.000109835  0.000000000  0.000000000  0.000000000  0.000000000  0.000000000 |          0.0 |  0.000060921 -0.000017043,  0.000000060  0.000000000
MOVE:  004 |  0.000099835 -0.000000000 -0.000000000  0.000000000 -0.000000000  0.000000000 |          0.0 |  0.000053056 -0.000015404,  0.000000054  0.000000000
CONST: 004 | 41 4.58351e-05 7e-05 8.8e-05 0 -0.000543 0

ABS:   005 | -0.000153835  0.000070000  0.000088000  0.000000000 -0.000543000  0.000000000 |          0.5 | -0.000061839  0.000040695, -0.000112724  0.000459120
DIFF:  005 | -0.000199670  0.000000000  0.000000000  0.000000000  0.000000000  0.000000000 |          0.0 | -0.000127833  0.000003790, -0.000000108 -0.000000000
MOVE:  005 | -0.000099835 -0.000000000 -0.000000000  0.000000000 -0.000000000  0.000000000 |          0.0 | -0.000074777 -0.000011613, -0.000000054  0.000000000
CONST: 005 | 41 -0.000153835 7e-05 8.8e-05 0 -0.000543 0

ABS:   006 | -0.000054000  0.000080000  0.000088000  0.000000000 -0.000543000  0.000000000 |          0.4 |  0.000013693  0.000052247, -0.000120502  0.000459637
DIFF:  006 |  0.000099835  0.000010000  0.000000000  0.000000000  0.000000000  0.000000000 |         -0.0 |  0.000075532  0.000011552, -0.000007778  0.000000517
MOVE:  006 | -0.000000000  0.000010000 -0.000000000  0.000000000 -0.000000000  0.000000000 |          0.0 |  0.000000754 -0.000000061, -0.000007832  0.000000517
CONST: 006 | 41 -5.4e-05 8e-05 8.8e-05 0 -0.000543 0

ABS:   007 | -0.000054000  0.000060000  0.000088000  0.000000000 -0.000543000  0.000000000 |          0.4 |  0.000012184  0.000052378, -0.000104837  0.000458669
DIFF:  007 |  0.000000000 -0.000020000  0.000000000  0.000000000  0.000000000  0.000000000 |         -0.0 | -0.000001509  0.000000131,  0.000015664 -0.000000968
MOVE:  007 | -0.000000000 -0.000010000 -0.000000000  0.000000000 -0.000000000  0.000000000 |         -0.0 | -0.000000754  0.000000070,  0.000007832 -0.000000451
CONST: 007 | 41 -5.4e-05 6e-05 8.8e-05 0 -0.000543 0

ABS:   008 | -0.000054000  0.000169835  0.000088000  0.000000000 -0.000543000  0.000000000 |          0.5 |  0.000016046  0.000048329, -0.000190862  0.000467201
DIFF:  008 |  0.000000000  0.000109835  0.000000000  0.000000000  0.000000000  0.000000000 |          0.0 |  0.000003862 -0.000004048, -0.000086025  0.000008533
MOVE:  008 | -0.000000000  0.000099835 -0.000000000  0.000000000 -0.000000000  0.000000000 |          0.0 |  0.000003107 -0.000003979, -0.000078193  0.000008082
CONST: 008 | 41 -5.4e-05 0.000169835 8.8e-05 0 -0.000543 0

ABS:   009 | -0.000054000 -0.000029835  0.000088000  0.000000000 -0.000543000  0.000000000 |          0.4 |  0.000007494  0.000054872, -0.000037017  0.000451010
DIFF:  009 |  0.000000000 -0.000199670  0.000000000  0.000000000  0.000000000  0.000000000 |         -0.1 | -0.000008552  0.000006542,  0.000153846 -0.000016191
MOVE:  009 | -0.000000000 -0.000099835 -0.000000000  0.000000000 -0.000000000  0.000000000 |         -0.0 | -0.000005445  0.000002564,  0.000075653 -0.000008110
CONST: 009 | 41 -5.4e-05 -2.98351e-05 8.8e-05 0 -0.000543 0

ABS:   010 | -0.000054000  0.000070000  0.000588000  0.000000000 -0.000543000  0.000000000 |          0.7 |  0.000013210  0.000052308, -0.000311929  0.000554810
DIFF:  010 |  0.000000000  0.000099835  0.000500000  0.000000000  0.000000000  0.000000000 |          0.3 |  0.000005716 -0.000002564, -0.000274912  0.000103800
MOVE:  010 | -0.000000000 -0.000000000  0.000500000  0.000000000 -0.000000000  0.000000000 |          0.2 |  0.000000271 -0.000000000, -0.000199260  0.000095691
CONST: 010 | 41 -5.4e-05 7e-05 0.000588 0 -0.000543 0

ABS:   011 | -0.000054000  0.000070000 -0.000412000  0.000000000 -0.000543000  0.000000000 |          0.5 |  0.000012667  0.000052308,  0.000260200  0.000471791
DIFF:  011 |  0.000000000  0.000000000 -0.001000000  0.000000000  0.000000000  0.000000000 |         -0.2 | -0.000000543 -0.000000000,  0.000572129 -0.000083019
MOVE:  011 | -0.000000000 -0.000000000 -0.000500000  0.000000000 -0.000000000  0.000000000 |          0.1 | -0.000000271 -0.000000000,  0.000372870  0.000012672
CONST: 011 | 41 -5.4e-05 7e-05 -0.000412 0 -0.000543 0

ABS:   012 | -0.000054000  0.000070000  0.004882255  0.000000000 -0.000543000  0.000000000 |          0.1 |  0.000015542  0.000052308,          NaN          NaN
DIFF:  012 |  0.000000000  0.000000000  0.005294255  0.000000000  0.000000000  0.000000000 |         -0.4 |  0.000002875  0.000000000,          NaN          NaN
MOVE:  012 | -0.000000000 -0.000000000  0.004794255  0.000000000 -0.000000000  0.000000000 |         -0.3 |  0.000002603  0.000000000,          NaN          NaN
CONST: 012 | 41 -5.4e-05 7e-05 0.00488226 0 -0.000543 0

ABS:   013 | -0.000054000  0.000070000 -0.004706255  0.000000000 -0.000543000  0.000000000 |          0.1 |  0.000012470  0.000053947,          NaN          NaN
DIFF:  013 |  0.000000000  0.000000000 -0.009588511  0.000000000  0.000000000  0.000000000 |          0.0 | -0.000003072  0.000001639,          NaN          NaN
MOVE:  013 | -0.000000000 -0.000000000 -0.004794255  0.000000000 -0.000000000  0.000000000 |         -0.3 | -0.000000469  0.000001639,          NaN          NaN
CONST: 013 | 41 -5.4e-05 7e-05 -0.00470626 0 -0.000543 0

ABS:   014 | -0.000054000  0.000070000  0.000088000  0.000400000 -0.000543000  0.000000000 |          0.4 |  0.000013538  0.000050452, -0.000149620  0.000459833
DIFF:  014 |  0.000000000  0.000000000  0.004794255  0.000400000  0.000000000  0.000000000 |          0.3 |  0.000001068 -0.000003495,          NaN          NaN
MOVE:  014 | -0.000000000 -0.000000000 -0.000000000  0.000400000 -0.000000000  0.000000000 |          0.0 |  0.000000600 -0.000001856, -0.000036951  0.000000714
CONST: 014 | 41 -5.4e-05 7e-05 8.8e-05 0.0004 -0.000543 0

ABS:   015 | -0.000054000  0.000070000  0.000088000 -0.000400000 -0.000543000  0.000000000 |          0.4 |  0.000012286  0.000054167, -0.000104473  0.000424884
DIFF:  015 |  0.000000000  0.000000000  0.000000000 -0.000800000  0.000000000  0.000000000 |         -0.1 | -0.000001252  0.000003714,  0.000045147 -0.000034949
MOVE:  015 | -0.000000000 -0.000000000 -0.000000000 -0.000400000 -0.000000000  0.000000000 |         -0.0 | -0.000000652  0.000001858,  0.000008196 -0.000034236
CONST: 015 | 41 -5.4e-05 7e-05 8.8e-05 -0.0004 -0.000543 0

ABS:   016 | -0.000054000  0.000070000  0.000088000  0.003995777 -0.000543000  0.000000000 |          0.7 |  0.000024208  0.000044727, -0.000255519  0.000572647
DIFF:  016 |  0.000000000  0.000000000  0.000000000  0.004395777  0.000000000  0.000000000 |          0.3 |  0.000011922 -0.000009439, -0.000151046  0.000147763
MOVE:  016 | -0.000000000 -0.000000000 -0.000000000  0.003995777 -0.000000000  0.000000000 |          0.2 |  0.000011270 -0.000007581, -0.000142850  0.000113528
CONST: 016 | 41 -5.4e-05 7e-05 8.8e-05 0.00399578 -0.000543 0

ABS:   017 | -0.000054000  0.000070000  0.000088000 -0.003995777 -0.000543000  0.000000000 |          0.5 | -0.000007291  0.000057677,  0.000148792  0.000488875
DIFF:  017 |  0.000000000  0.000000000  0.000000000 -0.007991554  0.000000000  0.000000000 |         -0.2 | -0.000031499  0.000012950,  0.000404311 -0.000083772
MOVE:  017 | -0.000000000 -0.000000000 -0.000000000 -0.003995777 -0.000000000  0.000000000 |          0.1 | -0.000020229  0.000005369,  0.000261462  0.000029755
CONST: 017 | 41 -5.4e-05 7e-05 8.8e-05 -0.00399578 -0.000543 0

ABS:   018 | -0.000054000  0.000070000  0.000088000  0.000000000  0.000457000  0.000000000 |          0.4 | -0.000046993  0.000040562, -0.000120691  0.000460624
DIFF:  018 |  0.000000000  0.000000000  0.000000000  0.003995777  0.001000000  0.000000000 |         -0.1 | -0.000039702 -0.000017115, -0.000269483 -0.000028251
MOVE:  018 | -0.000000000 -0.000000000 -0.000000000  0.000000000  0.001000000  0.000000000 |         -0.0 | -0.000059931 -0.000011746, -0.000008021  0.000001505
CONST: 018 | 41 -5.4e-05 7e-05 8.8e-05 0 0.000457 0

ABS:   019 | -0.000054000  0.000070000  0.000088000  0.000000000 -0.001543000  0.000000000 |          0.4 |  0.000067632  0.000032444, -0.000104568  0.000457706
DIFF:  019 |  0.000000000  0.000000000  0.000000000  0.000000000 -0.002000000  0.000000000 |          0.0 |  0.000114625 -0.000008118,  0.000016123 -0.000002919
MOVE:  019 | -0.000000000 -0.000000000 -0.000000000  0.000000000 -0.001000000  0.000000000 |          0.0 |  0.000054693 -0.000019864,  0.000008101 -0.000001414
CONST: 019 | 41 -5.4e-05 7e-05 8.8e-05 0 -0.001543 0

ABS:   020 | -0.000054000  0.000070000  0.000088000  0.000000000  0.009391120  0.000000000 |          0.4 | -0.000013922  0.000000000, -0.000167894  0.000459728
DIFF:  020 |  0.000000000  0.000000000  0.000000000  0.000000000  0.010934120  0.000000000 |         -0.1 | -0.000081554 -0.000032444, -0.000063326  0.000002023
MOVE:  020 | -0.000000000 -0.000000000 -0.000000000  0.000000000  0.009934120  0.000000000 |         -0.1 | -0.000026861 -0.000052308, -0.000055224  0.000000609
CONST: 020 | 41 -5.4e-05 7e-05 8.8e-05 0 0.00939112 0

ABS:   021 | -0.000054000  0.000070000  0.000088000  0.000000000 -0.010477120  0.000000000 |          0.3 |  0.000067056  0.000000000, -0.000028633  0.000449152
DIFF:  021 |  0.000000000  0.000000000  0.000000000  0.000000000 -0.019868240  0.000000000 |         -0.0 |  0.000080978  0.000000000,  0.000139261 -0.000010576
MOVE:  021 | -0.000000000 -0.000000000 -0.000000000  0.000000000 -0.009934120  0.000000000 |         -0.1 |  0.000054118 -0.000052308,  0.000084037 -0.000009967
CONST: 021 | 41 -5.4e-05 7e-05 8.8e-05 0 -0.0104771 0

ABS:   022 | -0.000054000  0.000070000  0.000088000  0.000000000 -0.000543000  0.000200000 |          0.4 |  0.000012727  0.000052331, -0.000111546  0.000458681
DIFF:  022 |  0.000000000  0.000000000  0.000000000  0.000000000  0.009934120  0.000200000 |          0.1 | -0.000054329  0.000052331, -0.000082913  0.000009529
MOVE:  022 | -0.000000000 -0.000000000 -0.000000000  0.000000000 -0.000000000  0.000200000 |         -0.0 | -0.000000211  0.000000023,  0.000001124 -0.000000439
CONST: 022 | 41 -5.4e-05 7e-05 8.8e-05 0 -0.000543 0.0002

ABS:   023 | -0.000054000  0.000070000  0.000088000  0.000000000 -0.000543000 -0.000200000 |          0.4 |  0.000013150  0.000052286, -0.000113793  0.000459564
DIFF:  023 |  0.000000000  0.000000000  0.000000000  0.000000000  0.000000000 -0.000400000 |          0.0 |  0.000000422 -0.000000045, -0.000002248  0.000000883
MOVE:  023 | -0.000000000 -0.000000000 -0.000000000  0.000000000 -0.000000000 -0.000200000 |          0.0 |  0.000000211 -0.000000022, -0.000001124  0.000000444
CONST: 023 | 41 -5.4e-05 7e-05 8.8e-05 0 -0.000543 -0.0002

ABS:   024 | -0.000054000  0.000070000  0.000088000  0.000000000 -0.000543000  0.001999472 |          0.4 |  0.000012979  0.000054168, -0.000101436  0.000454979
DIFF:  024 |  0.000000000  0.000000000  0.000000000  0.000000000  0.000000000  0.002199472 |         -0.0 | -0.000000171  0.000001882,  0.000012357 -0.000004585
MOVE:  024 | -0.000000000 -0.000000000 -0.000000000  0.000000000 -0.000000000  0.001999472 |         -0.0 |  0.000000040  0.000001859,  0.000011233 -0.000004140
CONST: 024 | 41 -5.4e-05 7e-05 8.8e-05 0 -0.000543 0.00199947

ABS:   025 | -0.000054000  0.000070000  0.000088000  0.000000000 -0.000543000 -0.001999472 |          0.4 |  0.000015066  0.000052088, -0.000123909  0.000463801
DIFF:  025 |  0.000000000  0.000000000  0.000000000  0.000000000  0.000000000 -0.003998944 |          0.0 |  0.000002087 -0.000002080, -0.000022473  0.000008822
MOVE:  025 | -0.000000000 -0.000000000 -0.000000000  0.000000000 -0.000000000 -0.001999472 |          0.0 |  0.000002128 -0.000000220, -0.000011240  0.000004681
CONST: 025 | 41 -5.4e-05 7e-05 8.8e-05 0 -0.000543 -0.00199947

ABS:   026 |  0.000005965 -0.000009916 -0.000003773  0.000000000  0.000003626  0.000000000 |          0.4 |  0.000012112  0.000053144,  0.000007969  0.000421892
DIFF:  026 |  0.000059965 -0.000079916 -0.000091773  0.000000000  0.000546626  0.001999472 |         -0.1 | -0.000002954  0.000001056,  0.000131879 -0.000041909
MOVE:  026 |  0.000059965 -0.000079916 -0.000091773  0.000000000  0.000546626  0.000000000 |         -0.1 | -0.000000826  0.000000836,  0.000120639 -0.000037228
CONST: 026 | 41 5.965e-06 -9.91602e-06 -3.77343e-06 0 3.62629e-06 0

ABS:   027 |  0.000477187 -0.000009916 -0.000003773  0.000000000  0.000003626  0.000000000 |          0.3 |          NaN          NaN,  0.000007968  0.000421892
DIFF:  027 |  0.000471222  0.000000000  0.000000000  0.000000000  0.000000000  0.000000000 |         -0.1 |          NaN          NaN, -0.000000002  0.000000000
MOVE:  027 |  0.000531187 -0.000079916 -0.000091773  0.000000000  0.000546626  0.000000000 |         -0.2 |          NaN          NaN,  0.000120637 -0.000037228
CONST: 027 | 41 0.000477187 -9.91602e-06 -3.77343e-06 0 3.62629e-06 0

ABS:   028 | -0.000479939 -0.000009916 -0.000003773  0.000000000  0.000003626  0.000000000 |          0.3 |          NaN          NaN,  0.000007971  0.000421892
DIFF:  028 | -0.000957126  0.000000000  0.000000000  0.000000000  0.000000000  0.000000000 |          0.0 |          NaN          NaN,  0.000000003 -0.000000000
MOVE:  028 | -0.000425939 -0.000079916 -0.000091773  0.000000000  0.000546626  0.000000000 |         -0.2 |          NaN          NaN,  0.000120641 -0.000037228
CONST: 028 | 41 -0.000479939 -9.91602e-06 -3.77343e-06 0 3.62629e-06 0

ABS:   029 |  0.000005965  0.000477759 -0.000003773  0.000000000  0.000003626  0.000000000 |          0.6 |  0.000034225  0.000053402, -0.000191228  0.000547386
DIFF:  029 |  0.000485904  0.000487675  0.000000000  0.000000000  0.000000000  0.000000000 |          0.3 |          NaN          NaN, -0.000199200  0.000125494
MOVE:  029 |  0.000059965  0.000407759 -0.000091773  0.000000000  0.000546626  0.000000000 |          0.2 |  0.000021287  0.000001094, -0.000078559  0.000088266
CONST: 029 | 41 5.965e-06 0.000477759 -3.77343e-06 0 3.62629e-06 0

ABS:   030 |  0.000005965 -0.000478025 -0.000003773  0.000000000  0.000003626  0.000000000 |          0.6 | -0.000013271  0.000062594,  0.000286186  0.000489519
DIFF:  030 |  0.000000000 -0.000955784  0.000000000  0.000000000  0.000000000  0.000000000 |          0.0 | -0.000047496  0.000009192,  0.000477414 -0.000057867
MOVE:  030 |  0.000059965 -0.000548025 -0.000091773  0.000000000  0.000546626  0.000000000 |          0.2 | -0.000026209  0.000010286,  0.000398855  0.000030399
CONST: 030 | 41 5.965e-06 -0.000478025 -3.77343e-06 0 3.62629e-06 0

ABS:   031 |  0.000005965 -0.000009916  0.004801515  0.000000000  0.000003626  0.000000000 |          0.1 |  0.000012095  0.000053144,          NaN          NaN
DIFF:  031 |  0.000000000  0.000468109  0.004805288  0.000000000  0.000000000  0.000000000 |         -0.5 |  0.000025366 -0.000009450,          NaN          NaN
MOVE:  031 |  0.000059965 -0.000079916  0.004713515  0.000000000  0.000546626  0.000000000 |         -0.3 | -0.000000843  0.000000836,          NaN          NaN
CONST: 031 | 41 5.965e-06 -9.91602e-06 0.00480151 0 3.62629e-06 0

ABS:   032 |  0.000005965 -0.000009916 -0.004786592  0.000000000  0.000003626  0.000000000 |          0.1 |  0.000012130  0.000053144,          NaN          NaN
DIFF:  032 |  0.000000000  0.000000000 -0.009588107  0.000000000  0.000000000  0.000000000 |          0.0 |  0.000000035  0.000000000,          NaN          NaN
MOVE:  032 |  0.000059965 -0.000079916 -0.004874592  0.000000000  0.000546626  0.000000000 |         -0.3 | -0.000000809  0.000000836,          NaN          NaN
CONST: 032 | 41 5.965e-06 -9.91602e-06 -0.00478659 0 3.62629e-06 0

ABS:   033 |  0.000005965 -0.000009916 -0.000003773  0.023971277  0.000003626  0.000000000 |          0.2 | -0.000008178  0.000073867, -0.000287290  0.000467647
DIFF:  033 |  0.000000000  0.000000000  0.004782819  0.023971277  0.000000000  0.000000000 |          0.1 | -0.000020308  0.000020723,          NaN          NaN
MOVE:  033 |  0.000059965 -0.000079916 -0.000091773  0.023971277  0.000546626  0.000000000 |         -0.3 | -0.000021117  0.000021559, -0.000174620  0.000008527
CONST: 033 | 41 5.965e-06 -9.91602e-06 -3.77343e-06 0.0239713 3.62629e-06 0

ABS:   034 |  0.000005965 -0.000009916 -0.000003773 -0.023971277  0.000003626  0.000000000 |          0.2 | -0.000024502  0.000080201,  0.000009155  0.000582784
DIFF:  034 |  0.000000000  0.000000000  0.000000000 -0.047942554  0.000000000  0.000000000 |          0.0 | -0.000016324  0.000006334,  0.000296445  0.000115137
MOVE:  034 |  0.000059965 -0.000079916 -0.000091773 -0.023971277  0.000546626  0.000000000 |         -0.2 | -0.000037441  0.000027893,  0.000121825  0.000123664
CONST: 034 | 41 5.965e-06 -9.91602e-06 -3.77343e-06 -0.0239713 3.62629e-06 0

ABS:   035 |  0.000005965 -0.000009916 -0.000003773  0.000000000  0.023906554  0.000000000 |          0.4 | -0.000022756  0.000000000, -0.000119972  0.000476371
DIFF:  035 |  0.000000000  0.000000000  0.000000000  0.023971277  0.023902928  0.000000000 |          0.2 |  0.000001747 -0.000080201, -0.000129127 -0.000106413
MOVE:  035 |  0.000059965 -0.000079916 -0.000091773  0.000000000  0.024449554  0.000000000 |         -0.1 | -0.000035694 -0.000052308, -0.000007302  0.000017251
CONST: 035 | 41 5.965e-06 -9.91602e-06 -3.77343e-06 0 0.0239066 0

ABS:   036 |  0.000005965 -0.000009916 -0.000003773  0.000000000 -0.024033135  0.000000000 |          0.3 |          NaN          NaN,  0.000182564  0.000440621
DIFF:  036 |  0.000000000  0.000000000  0.000000000  0.000000000 -0.047939689  0.000000000 |         -0.0 |          NaN          NaN,  0.000302535 -0.000035750
MOVE:  036 |  0.000059965 -0.000079916 -0.000091773  0.000000000 -0.023490135  0.000000000 |         -0.1 |          NaN          NaN,  0.000295233 -0.000018499
CONST: 036 | 41 5.965e-06 -9.91602e-06 -3.77343e-06 0 -0.0240331 0

ABS:   037 |  0.000005965 -0.000009916 -0.000003773  0.000000000  0.000003626  0.019470966 |          0.4 |  0.000002630  0.000054050,  0.000115839  0.000464751
DIFF:  037 |  0.000000000  0.000000000  0.000000000  0.000000000  0.024036761  0.019470966 |          0.1 |          NaN          NaN, -0.000066725  0.000024129
MOVE:  037 |  0.000059965 -0.000079916 -0.000091773  0.000000000  0.000546626  0.019470966 |          0.0 | -0.000010308  0.000001742,  0.000228508  0.000005631
CONST: 037 | 41 5.965e-06 -9.91602e-06 -3.77343e-06 0 3.62629e-06 0.019471

ABS:   038 |  0.000005965 -0.000009916 -0.000003773  0.000000000  0.000003626 -0.019470966 |          0.5 |  0.000029658  0.000052697, -0.000106115  0.000475772
DIFF:  038 |  0.000000000  0.000000000  0.000000000  0.000000000  0.000000000 -0.038941932 |          0.0 |  0.000027028 -0.000001353, -0.000221953  0.000011021
MOVE:  038 |  0.000059965 -0.000079916 -0.000091773  0.000000000  0.000546626 -0.019470966 |          0.0 |  0.000016720  0.000000389,  0.000006555  0.000016652
CONST: 038 | 41 5.965e-06 -9.91602e-06 -3.77343e-06 0 3.62629e-06 -0.019471

ABS:   039 |  0.000005965 -0.000009916 -0.000003773  0.000000000  0.000003626  0.000000000 |          0.4 |  0.000012112  0.000053144,  0.000007969  0.000421892
DIFF:  039 |  0.000000000  0.000000000  0.000000000  0.000000000  0.000000000  0.019470966 |         -0.1 | -0.000017546  0.000000447,  0.000114084 -0.000053880
MOVE:  039 |  0.000059965 -0.000079916 -0.000091773  0.000000000  0.000546626  0.000000000 |         -0.1 | -0.000000826  0.000000836,  0.000120639 -0.000037228
CONST: 039 | 41 5.965e-06 -9.91602e-06 -3.77343e-06 0 3.62629e-06 0

ABS:   040 |  0.000477187 -0.000009916 -0.000003773  0.000000000  0.000003626  0.000000000 |          0.3 |          NaN          NaN,  0.000007968  0.000421892
DIFF:  040 |  0.000471222  0.000000000  0.000000000  0.000000000  0.000000000  0.000000000 |         -0.1 |          NaN          NaN, -0.000000002  0.000000000
MOVE:  040 |  0.000531187 -0.000079916 -0.000091773  0.000000000  0.000546626  0.000000000 |         -0.2 |          NaN          NaN,  0.000120637 -0.000037228
CONST: 040 | 41 0.000477187 -9.91602e-06 -3.77343e-06 0 3.62629e-06 0

ABS:   041 | -0.000479939 -0.000009916 -0.000003773  0.000000000  0.000003626  0.000000000 |          0.3 |          NaN          NaN,  0.000007971  0.000421892
DIFF:  041 | -0.000957126  0.000000000  0.000000000  0.000000000  0.000000000  0.000000000 |          0.0 |          NaN          NaN,  0.000000003 -0.000000000
MOVE:  041 | -0.000425939 -0.000079916 -0.000091773  0.000000000  0.000546626  0.000000000 |         -0.2 |          NaN          NaN,  0.000120641 -0.000037228
CONST: 041 | 41 -0.000479939 -9.91602e-06 -3.77343e-06 0 3.62629e-06 0

ABS:   042 |  0.000005965  0.000477759 -0.000003773  0.000000000  0.000003626  0.000000000 |          0.6 |  0.000034225  0.000053402, -0.000191228  0.000547386
DIFF:  042 |  0.000485904  0.000487675  0.000000000  0.000000000  0.000000000  0.000000000 |          0.3 |          NaN          NaN, -0.000199200  0.000125494
MOVE:  042 |  0.000059965  0.000407759 -0.000091773  0.000000000  0.000546626  0.000000000 |          0.2 |  0.000021287  0.000001094, -0.000078559  0.000088266
CONST: 042 | 41 5.965e-06 0.000477759 -3.77343e-06 0 3.62629e-06 0

ABS:   043 |  0.000005965 -0.000478025 -0.000003773  0.000000000  0.000003626  0.000000000 |          0.6 | -0.000013271  0.000062594,  0.000286186  0.000489519
DIFF:  043 |  0.000000000 -0.000955784  0.000000000  0.000000000  0.000000000  0.000000000 |          0.0 | -0.000047496  0.000009192,  0.000477414 -0.000057867
MOVE:  043 |  0.000059965 -0.000548025 -0.000091773  0.000000000  0.000546626  0.000000000 |          0.2 | -0.000026209  0.000010286,  0.000398855  0.000030399
CONST: 043 | 41 5.965e-06 -0.000478025 -3.77343e-06 0 3.62629e-06 0

ABS:   044 |  0.000005965 -0.000009916  0.004801515  0.000000000  0.000003626  0.000000000 |          0.1 |  0.000012095  0.000053144,          NaN          NaN
DIFF:  044 |  0.000000000  0.000468109  0.004805288  0.000000000  0.000000000  0.000000000 |         -0.5 |  0.000025366 -0.000009450,          NaN          NaN
MOVE:  044 |  0.000059965 -0.000079916  0.004713515  0.000000000  0.000546626  0.000000000 |         -0.3 | -0.000000843  0.000000836,          NaN          NaN
CONST: 044 | 41 5.965e-06 -9.91602e-06 0.00480151 0 3.62629e-06 0

ABS:   045 |  0.000005965 -0.000009916 -0.004786592  0.000000000  0.000003626  0.000000000 |          0.1 |  0.000012130  0.000053144,          NaN          NaN
DIFF:  045 |  0.000000000  0.000000000 -0.009588107  0.000000000  0.000000000  0.000000000 |          0.0 |  0.000000035  0.000000000,          NaN          NaN
MOVE:  045 |  0.000059965 -0.000079916 -0.004874592  0.000000000  0.000546626  0.000000000 |         -0.3 | -0.000000809  0.000000836,          NaN          NaN
CONST: 045 | 41 5.965e-06 -9.91602e-06 -0.00478659 0 3.62629e-06 0

