ABS:   itr |       deltaX       deltaY       deltaZ         phiX         phiY         phiZ |        chisq |    rphi mean     rphi rms,       z mean        z rms
ABS:   =========================================================================================================================================================
DIFF:  itr |       deltaX       deltaY       deltaZ         phiX         phiY         phiZ |        chisq |    rphi mean     rphi rms,       z mean        z rms
DIFF:  =========================================================================================================================================================
MOVE:  itr |       deltaX       deltaY       deltaZ         phiX         phiY         phiZ |        chisq |    rphi mean     rphi rms,       z mean        z rms
MOVE:  =========================================================================================================================================================
ABS:   001 |  0.000110000 -0.000200000 -0.000072000  0.000000000  0.000679000  0.000000000 |          6.7 |  0.000026309  0.000051304,  0.000005055  0.000580085
CONST: 001 | 6 0.00011 -0.0002 -7.2e-05 0 0.000679 0

ABS:   001 |  0.000110000 -0.000200000 -0.000072000  0.000000000  0.000679000  0.000000000 |          6.7 |  0.000026309  0.000051304,  0.000005055  0.000580085
CONST: 001 | 6 0.00011 -0.0002 -7.2e-05 0 0.000679 0

ABS:   002 |  0.000110100 -0.000200000 -0.000072000  0.000000000  0.000679000  0.000000000 |          6.7 |  0.000026409  0.000051304,  0.000005055  0.000580085
DIFF:  002 |  0.000000100 -0.000000000  0.000000000  0.000000000 -0.000000000  0.000000000 |          0.0 |  0.000000100  0.000000000, -0.000000000  0.000000000
MOVE:  002 |  0.000000100 -0.000000000  0.000000000  0.000000000 -0.000000000  0.000000000 |          0.0 |  0.000000100  0.000000000, -0.000000000  0.000000000
CONST: 002 | 6 0.0001101 -0.0002 -7.2e-05 0 0.000679 0

ABS:   003 |  0.000109900 -0.000200000 -0.000072000  0.000000000  0.000679000  0.000000000 |          6.7 |  0.000026209  0.000051304,  0.000005055  0.000580085
DIFF:  003 | -0.000000200  0.000000000  0.000000000  0.000000000  0.000000000  0.000000000 |         -0.0 | -0.000000200 -0.000000000,  0.000000000  0.000000000
MOVE:  003 | -0.000000100 -0.000000000  0.000000000  0.000000000 -0.000000000  0.000000000 |         -0.0 | -0.000000100 -0.000000000,  0.000000000  0.000000000
CONST: 003 | 6 0.0001099 -0.0002 -7.2e-05 0 0.000679 0

ABS:   004 |  0.000111000 -0.000200000 -0.000072000  0.000000000  0.000679000  0.000000000 |          6.7 |  0.000027309  0.000051304,  0.000005054  0.000580085
DIFF:  004 |  0.000001100  0.000000000  0.000000000  0.000000000  0.000000000  0.000000000 |          0.0 |  0.000001100  0.000000000, -0.000000001  0.000000000
MOVE:  004 |  0.000001000 -0.000000000  0.000000000  0.000000000 -0.000000000  0.000000000 |          0.0 |  0.000001000  0.000000000, -0.000000001  0.000000000
CONST: 004 | 6 0.000111 -0.0002 -7.2e-05 0 0.000679 0

ABS:   005 |  0.000109000 -0.000200000 -0.000072000  0.000000000  0.000679000  0.000000000 |          6.7 |  0.000025309  0.000051304,  0.000005055  0.000580085
DIFF:  005 | -0.000002000  0.000000000  0.000000000  0.000000000  0.000000000  0.000000000 |         -0.0 | -0.000002000 -0.000000000,  0.000000001 -0.000000000
MOVE:  005 | -0.000001000 -0.000000000  0.000000000  0.000000000 -0.000000000  0.000000000 |         -0.0 | -0.000001000 -0.000000000,  0.000000001 -0.000000000
CONST: 005 | 6 0.000109 -0.0002 -7.2e-05 0 0.000679 0

ABS:   006 |  0.000110000 -0.000199900 -0.000072000  0.000000000  0.000679000  0.000000000 |          6.7 |  0.000026360  0.000051305,  0.000005052  0.000580079
DIFF:  006 |  0.000001000  0.000000100  0.000000000  0.000000000  0.000000000  0.000000000 |         -0.0 |  0.000001051  0.000000000, -0.000000003 -0.000000007
MOVE:  006 | -0.000000000  0.000000100  0.000000000  0.000000000 -0.000000000  0.000000000 |         -0.0 |  0.000000051  0.000000000, -0.000000003 -0.000000007
CONST: 006 | 6 0.00011 -0.0001999 -7.2e-05 0 0.000679 0

ABS:   007 |  0.000110000 -0.000200100 -0.000072000  0.000000000  0.000679000  0.000000000 |          6.7 |  0.000026258  0.000051304,  0.000005057  0.000580092
DIFF:  007 |  0.000000000 -0.000000200  0.000000000  0.000000000  0.000000000  0.000000000 |          0.0 | -0.000000102 -0.000000001,  0.000000005  0.000000013
MOVE:  007 | -0.000000000 -0.000000100  0.000000000  0.000000000 -0.000000000  0.000000000 |          0.0 | -0.000000051 -0.000000000,  0.000000003  0.000000007
CONST: 007 | 6 0.00011 -0.0002001 -7.2e-05 0 0.000679 0

ABS:   008 |  0.000110000 -0.000199660 -0.000072000  0.000000000  0.000679000  0.000000000 |          6.7 |  0.000026482  0.000051306,  0.000005046  0.000580063
DIFF:  008 |  0.000000000  0.000000440  0.000000000  0.000000000  0.000000000  0.000000000 |         -0.0 |  0.000000225  0.000000002, -0.000000012 -0.000000029
MOVE:  008 | -0.000000000  0.000000340  0.000000000  0.000000000 -0.000000000  0.000000000 |         -0.0 |  0.000000174  0.000000001, -0.000000009 -0.000000022
CONST: 008 | 6 0.00011 -0.00019966 -7.2e-05 0 0.000679 0

ABS:   009 |  0.000110000 -0.000200340 -0.000072000  0.000000000  0.000679000  0.000000000 |          6.7 |  0.000026135  0.000051303,  0.000005064  0.000580108
DIFF:  009 |  0.000000000 -0.000000680  0.000000000  0.000000000  0.000000000  0.000000000 |          0.0 | -0.000000347 -0.000000003,  0.000000018  0.000000045
MOVE:  009 | -0.000000000 -0.000000340  0.000000000  0.000000000 -0.000000000  0.000000000 |          0.0 | -0.000000174 -0.000000001,  0.000000009  0.000000023
CONST: 009 | 6 0.00011 -0.00020034 -7.2e-05 0 0.000679 0

ABS:   010 |  0.000110000 -0.000200000 -0.000066998  0.000000000  0.000679000  0.000000000 |          6.7 |  0.000026305  0.000051304,  0.000002011  0.000578739
DIFF:  010 |  0.000000000  0.000000340  0.000005002  0.000000000  0.000000000  0.000000000 |         -0.0 |  0.000000170  0.000000001, -0.000003053 -0.000001368
MOVE:  010 | -0.000000000 -0.000000000  0.000005002  0.000000000 -0.000000000  0.000000000 |         -0.0 | -0.000000003  0.000000000, -0.000003044 -0.000001346
CONST: 010 | 6 0.00011 -0.0002 -6.69979e-05 0 0.000679 0

ABS:   011 |  0.000110000 -0.000200000 -0.000077002  0.000000000  0.000679000  0.000000000 |          6.8 |  0.000026312  0.000051304,  0.000004185  0.000581475
DIFF:  011 |  0.000000000  0.000000000 -0.000010004  0.000000000  0.000000000  0.000000000 |          0.1 |  0.000000007 -0.000000000,  0.000002175  0.000002736
MOVE:  011 | -0.000000000 -0.000000000 -0.000005002  0.000000000 -0.000000000  0.000000000 |          0.0 |  0.000000003 -0.000000000, -0.000000870  0.000001390
CONST: 011 | 6 0.00011 -0.0002 -7.70021e-05 0 0.000679 0

ABS:   012 |  0.000110000 -0.000200000 -0.000071500  0.000000000  0.000679000  0.000000000 |          6.7 |  0.000026308  0.000051304,  0.000004555  0.000580085
DIFF:  012 |  0.000000000  0.000000000  0.000005502  0.000000000  0.000000000  0.000000000 |         -0.0 | -0.000000004  0.000000000,  0.000000369 -0.000001390
MOVE:  012 | -0.000000000 -0.000000000  0.000000500  0.000000000 -0.000000000  0.000000000 |         -0.0 | -0.000000000 -0.000000000, -0.000000500 -0.000000000
CONST: 012 | 6 0.00011 -0.0002 -7.14998e-05 0 0.000679 0

ABS:   013 |  0.000110000 -0.000200000 -0.000072500  0.000000000  0.000679000  0.000000000 |          6.7 |  0.000026309  0.000051304,  0.000005555  0.000580085
DIFF:  013 |  0.000000000  0.000000000 -0.000001000  0.000000000  0.000000000  0.000000000 |          0.0 |  0.000000001  0.000000000,  0.000001000  0.000000000
MOVE:  013 | -0.000000000 -0.000000000 -0.000000500  0.000000000 -0.000000000  0.000000000 |          0.0 |  0.000000000  0.000000000,  0.000000500  0.000000000
CONST: 013 | 6 0.00011 -0.0002 -7.25002e-05 0 0.000679 0

ABS:   014 |  0.000110000 -0.000200000 -0.000071696  0.000000000  0.000679000  0.000000000 |          6.7 |  0.000026309  0.000051304,  0.000004751  0.000580085
DIFF:  014 |  0.000000000  0.000000000  0.000000804  0.000000000  0.000000000  0.000000000 |         -0.0 | -0.000000001 -0.000000000, -0.000000804 -0.000000000
MOVE:  014 | -0.000000000 -0.000000000  0.000000304  0.000000000 -0.000000000  0.000000000 |         -0.0 | -0.000000000 -0.000000000, -0.000000304  0.000000000
CONST: 014 | 6 0.00011 -0.0002 -7.16964e-05 0 0.000679 0

ABS:   015 |  0.000110000 -0.000200000 -0.000072304  0.000000000  0.000679000  0.000000000 |          6.7 |  0.000026309  0.000051304,  0.000005358  0.000580085
DIFF:  015 |  0.000000000  0.000000000 -0.000000607  0.000000000  0.000000000  0.000000000 |          0.0 |  0.000000000  0.000000000,  0.000000607  0.000000000
MOVE:  015 | -0.000000000 -0.000000000 -0.000000304  0.000000000 -0.000000000  0.000000000 |          0.0 |  0.000000000 -0.000000000,  0.000000304  0.000000000
CONST: 015 | 6 0.00011 -0.0002 -7.23036e-05 0 0.000679 0

ABS:   016 |  0.000110000 -0.000200000 -0.000072000  0.000004000  0.000679000  0.000000000 |          6.7 |  0.000026234  0.000051291,  0.000005008  0.000580084
DIFF:  016 |  0.000000000  0.000000000  0.000000304  0.000004000  0.000000000  0.000000000 |         -0.0 | -0.000000075 -0.000000013, -0.000000350 -0.000000002
MOVE:  016 | -0.000000000 -0.000000000  0.000000000  0.000004000 -0.000000000  0.000000000 |         -0.0 | -0.000000075 -0.000000013, -0.000000047 -0.000000002
CONST: 016 | 6 0.00011 -0.0002 -7.2e-05 4.00004e-06 0.000679 0

ABS:   017 |  0.000110000 -0.000200000 -0.000072000 -0.000004000  0.000679000  0.000000000 |          6.7 |  0.000026384  0.000051317,  0.000005102  0.000580087
DIFF:  017 |  0.000000000  0.000000000  0.000000000 -0.000008000  0.000000000  0.000000000 |          0.0 |  0.000000150  0.000000027,  0.000000094  0.000000004
MOVE:  017 | -0.000000000 -0.000000000  0.000000000 -0.000004000 -0.000000000  0.000000000 |          0.0 |  0.000000075  0.000000013,  0.000000047  0.000000002
CONST: 017 | 6 0.00011 -0.0002 -7.2e-05 -4.00004e-06 0.000679 0

ABS:   018 |  0.000110000 -0.000200000 -0.000072000  0.000016706  0.000679000  0.000000000 |          6.7 |  0.000025996  0.000051248,  0.000004859  0.000580078
DIFF:  018 |  0.000000000  0.000000000  0.000000000  0.000020706  0.000000000  0.000000000 |         -0.0 | -0.000000387 -0.000000069, -0.000000242 -0.000000009
MOVE:  018 | -0.000000000 -0.000000000  0.000000000  0.000016706 -0.000000000  0.000000000 |         -0.0 | -0.000000312 -0.000000056, -0.000000196 -0.000000007
CONST: 018 | 6 0.00011 -0.0002 -7.2e-05 1.67057e-05 0.000679 0

ABS:   019 |  0.000110000 -0.000200000 -0.000072000 -0.000016706  0.000679000  0.000000000 |          6.7 |  0.000026621  0.000051360,  0.000005250  0.000580093
DIFF:  019 |  0.000000000  0.000000000  0.000000000 -0.000033411  0.000000000  0.000000000 |          0.0 |  0.000000625  0.000000111,  0.000000391  0.000000015
MOVE:  019 | -0.000000000 -0.000000000  0.000000000 -0.000016706 -0.000000000  0.000000000 |          0.0 |  0.000000312  0.000000056,  0.000000196  0.000000008
CONST: 019 | 6 0.00011 -0.0002 -7.2e-05 -1.67057e-05 0.000679 0

ABS:   020 |  0.000110000 -0.000200000 -0.000072000  0.000000000  0.000689001  0.000000000 |          6.7 |  0.000026674  0.000051366,  0.000005026  0.000580091
DIFF:  020 |  0.000000000  0.000000000  0.000000000  0.000016706  0.000010001  0.000000000 |         -0.0 |  0.000000053  0.000000007, -0.000000224 -0.000000002
MOVE:  020 | -0.000000000 -0.000000000  0.000000000  0.000000000  0.000010001  0.000000000 |          0.0 |  0.000000366  0.000000062, -0.000000029  0.000000006
CONST: 020 | 6 0.00011 -0.0002 -7.2e-05 0 0.000689001 0

ABS:   021 |  0.000110000 -0.000200000 -0.000072000  0.000000000  0.000668999  0.000000000 |          6.7 |  0.000025943  0.000051242,  0.000005084  0.000580080
DIFF:  021 |  0.000000000  0.000000000  0.000000000  0.000000000 -0.000020001  0.000000000 |         -0.0 | -0.000000731 -0.000000124,  0.000000058 -0.000000012
MOVE:  021 | -0.000000000 -0.000000000  0.000000000  0.000000000 -0.000010001  0.000000000 |         -0.0 | -0.000000366 -0.000000062,  0.000000029 -0.000000006
CONST: 021 | 6 0.00011 -0.0002 -7.2e-05 0 0.000668999 0

ABS:   022 |  0.000110000 -0.000200000 -0.000072000  0.000000000  0.000707948  0.000000000 |          6.7 |  0.000027367  0.000051484,  0.000004971  0.000580102
DIFF:  022 |  0.000000000  0.000000000  0.000000000  0.000000000  0.000038948  0.000000000 |          0.0 |  0.000001424  0.000000242, -0.000000112  0.000000023
MOVE:  022 | -0.000000000 -0.000000000  0.000000000  0.000000000  0.000028948  0.000000000 |          0.0 |  0.000001058  0.000000180, -0.000000083  0.000000017
CONST: 022 | 6 0.00011 -0.0002 -7.2e-05 0 0.000707948 0

ABS:   023 |  0.000110000 -0.000200000 -0.000072000  0.000000000  0.000650052  0.000000000 |          6.7 |  0.000025251  0.000051124,  0.000005138  0.000580069
DIFF:  023 |  0.000000000  0.000000000  0.000000000  0.000000000 -0.000057895  0.000000000 |         -0.0 | -0.000002116 -0.000000360,  0.000000167 -0.000000033
MOVE:  023 | -0.000000000 -0.000000000  0.000000000  0.000000000 -0.000028948  0.000000000 |         -0.0 | -0.000001058 -0.000000180,  0.000000083 -0.000000017
CONST: 023 | 6 0.00011 -0.0002 -7.2e-05 0 0.000650052 0

ABS:   024 |  0.000110000 -0.000200000 -0.000072000  0.000000000  0.000679000  0.000002000 |          6.7 |  0.000026299  0.000051304,  0.000005050  0.000580086
DIFF:  024 |  0.000000000  0.000000000  0.000000000  0.000000000  0.000028948  0.000002000 |          0.0 |  0.000001048  0.000000180, -0.000000088  0.000000017
MOVE:  024 | -0.000000000 -0.000000000  0.000000000  0.000000000 -0.000000000  0.000002000 |          0.0 | -0.000000010 -0.000000000, -0.000000005  0.000000001
CONST: 024 | 6 0.00011 -0.0002 -7.2e-05 0 0.000679 2.00001e-06

ABS:   025 |  0.000110000 -0.000200000 -0.000072000  0.000000000  0.000679000 -0.000002000 |          6.7 |  0.000026318  0.000051304,  0.000005059  0.000580085
DIFF:  025 |  0.000000000  0.000000000  0.000000000  0.000000000  0.000000000 -0.000004000 |         -0.0 |  0.000000019  0.000000000,  0.000000009 -0.000000001
MOVE:  025 | -0.000000000 -0.000000000  0.000000000  0.000000000 -0.000000000 -0.000002000 |         -0.0 |  0.000000010  0.000000000,  0.000000005 -0.000000001
CONST: 025 | 6 0.00011 -0.0002 -7.2e-05 0 0.000679 -2.00001e-06

ABS:   026 |  0.000110000 -0.000200000 -0.000072000  0.000000000  0.000679000  0.000020000 |          6.7 |  0.000026212  0.000051303,  0.000005009  0.000580092
DIFF:  026 |  0.000000000  0.000000000  0.000000000  0.000000000  0.000000000  0.000022000 |          0.0 | -0.000000107 -0.000000001, -0.000000051  0.000000007
MOVE:  026 | -0.000000000 -0.000000000  0.000000000  0.000000000 -0.000000000  0.000020000 |          0.0 | -0.000000097 -0.000000001, -0.000000046  0.000000006
CONST: 026 | 6 0.00011 -0.0002 -7.2e-05 0 0.000679 2.00001e-05

ABS:   027 |  0.000110000 -0.000200000 -0.000072000  0.000000000  0.000679000 -0.000020000 |          6.7 |  0.000026406  0.000051305,  0.000005101  0.000580079
DIFF:  027 |  0.000000000  0.000000000  0.000000000  0.000000000  0.000000000 -0.000040000 |         -0.0 |  0.000000194  0.000000003,  0.000000093 -0.000000013
MOVE:  027 | -0.000000000 -0.000000000  0.000000000  0.000000000 -0.000000000 -0.000020000 |         -0.0 |  0.000000097  0.000000001,  0.000000046 -0.000000006
CONST: 027 | 6 0.00011 -0.0002 -7.2e-05 0 0.000679 -2.00001e-05

ABS:   028 |  0.000083753 -0.000152840 -0.000066944  0.001083435 -0.002921668 -0.006599189 |          6.8 | -0.000002288  0.000051435, -0.000001574  0.000580075
DIFF:  028 | -0.000026247  0.000047160  0.000005056  0.001083435 -0.003600668 -0.006579189 |          0.1 | -0.000028694  0.000000129, -0.000006675 -0.000000004
MOVE:  028 | -0.000026247  0.000047160  0.000005056  0.001083435 -0.003600668 -0.006599189 |          0.1 | -0.000028597  0.000000131, -0.000006629 -0.000000010
CONST: 028 | 6 8.37526e-05 -0.00015284 -6.69442e-05 0.00108344 -0.00292167 -0.00659919

ABS:   029 |  0.000100014 -0.000182053 -0.000070077  0.000412205 -0.000691836 -0.002516847 |          6.7 |  0.000037943  0.000065235,  0.000013546  0.000578216
DIFF:  029 |  0.000016261 -0.000029213 -0.000003132 -0.000671231  0.002229832  0.004082342 |         -0.1 |  0.000040231  0.000013800,  0.000015120 -0.000001859
MOVE:  029 | -0.000009986  0.000017947  0.000001923  0.000412205 -0.001370836 -0.002516847 |         -0.0 |  0.000011634  0.000013931,  0.000008491 -0.000001870
CONST: 029 | 6 0.000100014 -0.000182053 -7.00766e-05 0.000412205 -0.000691836 -0.00251685

ABS:   030 |  0.000101334 -0.000184426 -0.000070331  0.000357701 -0.000510610 -0.002184277 |          6.8 |  0.000043632  0.000065196,  0.000013143  0.000581302
DIFF:  030 |  0.000001320 -0.000002373 -0.000000254 -0.000054504  0.000181226  0.000332570 |          0.1 |  0.000005689 -0.000000039, -0.000000402  0.000003087
MOVE:  030 | -0.000008666  0.000015574  0.000001669  0.000357701 -0.001189610 -0.002184277 |          0.1 |  0.000017323  0.000013892,  0.000008088  0.000001217
CONST: 030 | 6 0.000101334 -0.000184426 -7.03309e-05 0.000357701 -0.00051061 -0.00218428

ABS:   031 |  0.000101261 -0.000182053 -0.000070077  0.000412205 -0.000691836 -0.002516847 |          6.7 |  0.000039192  0.000065234,  0.000013546  0.000578215
DIFF:  031 | -0.000000073  0.000002373  0.000000254  0.000054504 -0.000181226 -0.000332570 |         -0.1 | -0.000004440  0.000000039,  0.000000403 -0.000003087
MOVE:  031 | -0.000008739  0.000017947  0.000001923  0.000412205 -0.001370836 -0.002516847 |         -0.0 |  0.000012883  0.000013930,  0.000008492 -0.000001870
CONST: 031 | 6 0.000101261 -0.000182053 -7.00766e-05 0.000412205 -0.000691836 -0.00251685

ABS:   032 |  0.000098766 -0.000182053 -0.000070077  0.000412205 -0.000691836 -0.002516847 |          6.7 |  0.000036694  0.000065235,  0.000013545  0.000578216
DIFF:  032 | -0.000002496  0.000000000  0.000000000  0.000000000  0.000000000  0.000000000 |         -0.0 | -0.000002498  0.000000001, -0.000000002  0.000000000
MOVE:  032 | -0.000011234  0.000017947  0.000001923  0.000412205 -0.001370836 -0.002516847 |         -0.0 |  0.000010385  0.000013931,  0.000008490 -0.000001870
CONST: 032 | 6 9.87657e-05 -0.000182053 -7.00766e-05 0.000412205 -0.000691836 -0.00251685

ABS:   033 |  0.000100895 -0.000182053 -0.000070077  0.000412205 -0.000691836 -0.002516847 |          6.7 |  0.000038825  0.000065235,  0.000013546  0.000578215
DIFF:  033 |  0.000002129  0.000000000  0.000000000  0.000000000  0.000000000  0.000000000 |          0.0 |  0.000002131 -0.000000001,  0.000000001 -0.000000000
MOVE:  033 | -0.000009105  0.000017947  0.000001923  0.000412205 -0.001370836 -0.002516847 |         -0.0 |  0.000012517  0.000013930,  0.000008491 -0.000001870
CONST: 033 | 6 0.000100895 -0.000182053 -7.00766e-05 0.000412205 -0.000691836 -0.00251685

ABS:   034 |  0.000099132 -0.000182053 -0.000070077  0.000412205 -0.000691836 -0.002516847 |          6.7 |  0.000037061  0.000065235,  0.000013545  0.000578216
DIFF:  034 | -0.000001763  0.000000000  0.000000000  0.000000000  0.000000000  0.000000000 |         -0.0 | -0.000001764  0.000000001, -0.000000001  0.000000000
MOVE:  034 | -0.000010868  0.000017947  0.000001923  0.000412205 -0.001370836 -0.002516847 |         -0.0 |  0.000010752  0.000013931,  0.000008490 -0.000001870
CONST: 034 | 6 9.91321e-05 -0.000182053 -7.00766e-05 0.000412205 -0.000691836 -0.00251685

ABS:   035 |  0.000100014 -0.000181714 -0.000070077  0.000412205 -0.000691836 -0.002516847 |          6.7 |  0.000038052  0.000065182,  0.000013538  0.000578191
DIFF:  035 |  0.000000882  0.000000339  0.000000000  0.000000000  0.000000000  0.000000000 |         -0.0 |  0.000000991 -0.000000053, -0.000000007 -0.000000024
MOVE:  035 | -0.000009986  0.000018286  0.000001923  0.000412205 -0.001370836 -0.002516847 |         -0.0 |  0.000011743  0.000013878,  0.000008483 -0.000001894
CONST: 035 | 6 0.000100014 -0.000181714 -7.00766e-05 0.000412205 -0.000691836 -0.00251685

ABS:   036 |  0.000100014 -0.000182392 -0.000070077  0.000412205 -0.000691836 -0.002516847 |          6.7 |  0.000037834  0.000065288,  0.000013553  0.000578240
DIFF:  036 |  0.000000000 -0.000000679  0.000000000  0.000000000  0.000000000  0.000000000 |          0.0 | -0.000000218  0.000000105,  0.000000015  0.000000049
MOVE:  036 | -0.000009986  0.000017608  0.000001923  0.000412205 -0.001370836 -0.002516847 |         -0.0 |  0.000011525  0.000013983,  0.000008498 -0.000001845
CONST: 036 | 6 0.000100014 -0.000182392 -7.00766e-05 0.000412205 -0.000691836 -0.00251685

ABS:   037 |  0.000100014 -0.000182053 -0.000069773  0.000412205 -0.000691836 -0.002516847 |          6.7 |  0.000037943  0.000065235,  0.000013242  0.000578216
DIFF:  037 |  0.000000000  0.000000339  0.000000303  0.000000000  0.000000000  0.000000000 |         -0.0 |  0.000000109 -0.000000053, -0.000000311 -0.000000024
MOVE:  037 | -0.000009986  0.000017947  0.000002227  0.000412205 -0.001370836 -0.002516847 |         -0.0 |  0.000011635  0.000013931,  0.000008188 -0.000001870
CONST: 037 | 6 0.000100014 -0.000182053 -6.97733e-05 0.000412205 -0.000691836 -0.00251685

ABS:   038 |  0.000100014 -0.000182053 -0.000070380  0.000412205 -0.000691836 -0.002516847 |          6.7 |  0.000037943  0.000065235,  0.000013849  0.000578216
DIFF:  038 |  0.000000000  0.000000000 -0.000000606  0.000000000  0.000000000  0.000000000 |          0.0 | -0.000000001  0.000000000,  0.000000606  0.000000000
MOVE:  038 | -0.000009986  0.000017947  0.000001620  0.000412205 -0.001370836 -0.002516847 |         -0.0 |  0.000011634  0.000013931,  0.000008794 -0.000001870
CONST: 038 | 6 0.000100014 -0.000182053 -7.03798e-05 0.000412205 -0.000691836 -0.00251685

ABS:   039 |  0.000100014 -0.000182053 -0.000070077  0.000428890 -0.000691836 -0.002516847 |          6.7 |  0.000037768  0.000065334,  0.000013351  0.000578205
DIFF:  039 |  0.000000000  0.000000000  0.000000303  0.000016685  0.000000000  0.000000000 |         -0.0 | -0.000000175  0.000000099, -0.000000498 -0.000000010
MOVE:  039 | -0.000009986  0.000017947  0.000001923  0.000428890 -0.001370836 -0.002516847 |         -0.0 |  0.000011459  0.000014030,  0.000008296 -0.000001880
CONST: 039 | 6 0.000100014 -0.000182053 -7.00766e-05 0.00042889 -0.000691836 -0.00251685

ABS:   040 |  0.000100014 -0.000182053 -0.000070077  0.000395520 -0.000691836 -0.002516847 |          6.7 |  0.000038118  0.000065137,  0.000013740  0.000578226
DIFF:  040 |  0.000000000  0.000000000  0.000000000 -0.000033370  0.000000000  0.000000000 |          0.0 |  0.000000351 -0.000000197,  0.000000389  0.000000021
MOVE:  040 | -0.000009986  0.000017947  0.000001923  0.000395520 -0.001370836 -0.002516847 |         -0.0 |  0.000011810  0.000013832,  0.000008685 -0.000001859
CONST: 040 | 6 0.000100014 -0.000182053 -7.00766e-05 0.00039552 -0.000691836 -0.00251685

ABS:   041 |  0.000100014 -0.000182053 -0.000070077  0.000412205 -0.000662934 -0.002516847 |          6.7 |  0.000038895  0.000065194,  0.000013463  0.000578231
DIFF:  041 |  0.000000000  0.000000000  0.000000000  0.000016685  0.000028902  0.000000000 |          0.0 |  0.000000776  0.000000057, -0.000000277  0.000000005
MOVE:  041 | -0.000009986  0.000017947  0.000001923  0.000412205 -0.001341934 -0.002516847 |         -0.0 |  0.000012586  0.000013889,  0.000008408 -0.000001854
CONST: 041 | 6 0.000100014 -0.000182053 -7.00766e-05 0.000412205 -0.000662934 -0.00251685

ABS:   042 |  0.000100014 -0.000182053 -0.000070077  0.000412205 -0.000720737 -0.002516847 |          6.7 |  0.000036991  0.000065277,  0.000013628  0.000578200
DIFF:  042 |  0.000000000  0.000000000  0.000000000  0.000000000 -0.000057803  0.000000000 |         -0.0 | -0.000001904  0.000000083,  0.000000165 -0.000000031
MOVE:  042 | -0.000009986  0.000017947  0.000001923  0.000412205 -0.001399737 -0.002516847 |         -0.0 |  0.000010682  0.000013973,  0.000008573 -0.000001886
CONST: 042 | 6 0.000100014 -0.000182053 -7.00766e-05 0.000412205 -0.000720737 -0.00251685

ABS:   043 |  0.000100014 -0.000182053 -0.000070077  0.000412205 -0.000691836 -0.002456397 |          6.7 |  0.000037687  0.000065264,  0.000013404  0.000578236
DIFF:  043 |  0.000000000  0.000000000  0.000000000  0.000000000  0.000028901  0.000060450 |          0.0 |  0.000000696 -0.000000013, -0.000000224  0.000000036
MOVE:  043 | -0.000009986  0.000017947  0.000001923  0.000412205 -0.001370836 -0.002456397 |         -0.0 |  0.000011378  0.000013960,  0.000008349 -0.000001849
CONST: 043 | 6 0.000100014 -0.000182053 -7.00766e-05 0.000412205 -0.000691836 -0.0024564

ABS:   044 |  0.000100014 -0.000182053 -0.000070077  0.000412205 -0.000691836 -0.002577293 |          6.7 |  0.000038199  0.000065206,  0.000013687  0.000578195
DIFF:  044 |  0.000000000  0.000000000  0.000000000  0.000000000  0.000000000 -0.000120897 |         -0.0 |  0.000000512 -0.000000058,  0.000000283 -0.000000041
MOVE:  044 | -0.000009986  0.000017947  0.000001923  0.000412205 -0.001370836 -0.002577293 |         -0.0 |  0.000011890  0.000013902,  0.000008632 -0.000001890
CONST: 044 | 6 0.000100014 -0.000182053 -7.00766e-05 0.000412205 -0.000691836 -0.00257729
