ABS:   itr |       deltaX       deltaY       deltaZ         phiX         phiY         phiZ |        chisq |    rphi mean     rphi rms,       z mean        z rms
ABS:   =========================================================================================================================================================
DIFF:  itr |       deltaX       deltaY       deltaZ         phiX         phiY         phiZ |        chisq |    rphi mean     rphi rms,       z mean        z rms
DIFF:  =========================================================================================================================================================
MOVE:  itr |       deltaX       deltaY       deltaZ         phiX         phiY         phiZ |        chisq |    rphi mean     rphi rms,       z mean        z rms
MOVE:  =========================================================================================================================================================
ABS:   001 | -0.000470000 -0.000510000  0.000329000  0.000060000  0.003303000  0.000000000 |         38.7 | -0.000004154  0.000056051, -0.000051485  0.000545850
CONST: 001 | 18 -0.00047 -0.00051 0.000329 6e-05 0.003303 0

ABS:   001 | -0.000470000 -0.000510000  0.000329000  0.000060000  0.003303000  0.000000000 |         38.7 | -0.000004154  0.000056051, -0.000051485  0.000545850
CONST: 001 | 18 -0.00047 -0.00051 0.000329 6e-05 0.003303 0

ABS:   002 | -0.000469900 -0.000510000  0.000329000  0.000060000  0.003303000  0.000000000 |         38.7 | -0.000004115  0.000056047, -0.000051485  0.000545850
DIFF:  002 |  0.000000100  0.000000000 -0.000000000 -0.000000000  0.000000000  0.000000000 |         -0.0 |  0.000000038 -0.000000005, -0.000000000 -0.000000000
MOVE:  002 |  0.000000100  0.000000000 -0.000000000 -0.000000000  0.000000000  0.000000000 |         -0.0 |  0.000000038 -0.000000005, -0.000000000 -0.000000000
CONST: 002 | 18 -0.0004699 -0.00051 0.000329 6e-05 0.003303 0

ABS:   003 | -0.000470100 -0.000510000  0.000329000  0.000060000  0.003303000  0.000000000 |         38.7 | -0.000004222  0.000056079, -0.000051484  0.000545850
DIFF:  003 | -0.000000200  0.000000000  0.000000000  0.000000000  0.000000000  0.000000000 |          0.0 | -0.000000106  0.000000033,  0.000000001  0.000000000
MOVE:  003 | -0.000000100  0.000000000 -0.000000000 -0.000000000  0.000000000  0.000000000 |          0.0 | -0.000000068  0.000000028,  0.000000000  0.000000000
CONST: 003 | 18 -0.0004701 -0.00051 0.000329 6e-05 0.003303 0

ABS:   004 | -0.000469990 -0.000510000  0.000329000  0.000060000  0.003303000  0.000000000 |         38.7 | -0.000004144  0.000056051, -0.000051485  0.000545850
DIFF:  004 |  0.000000110  0.000000000  0.000000000  0.000000000  0.000000000  0.000000000 |         -0.0 |  0.000000078 -0.000000028, -0.000000000 -0.000000000
MOVE:  004 |  0.000000010  0.000000000 -0.000000000 -0.000000000  0.000000000  0.000000000 |         -0.0 |  0.000000010 -0.000000000, -0.000000000 -0.000000000
CONST: 004 | 18 -0.00046999 -0.00051 0.000329 6e-05 0.003303 0

ABS:   005 | -0.000470010 -0.000510000  0.000329000  0.000060000  0.003303000  0.000000000 |         38.7 | -0.000004164  0.000056051, -0.000051485  0.000545850
DIFF:  005 | -0.000000020  0.000000000  0.000000000  0.000000000  0.000000000  0.000000000 |          0.0 | -0.000000020  0.000000000,  0.000000000  0.000000000
MOVE:  005 | -0.000000010  0.000000000 -0.000000000 -0.000000000  0.000000000  0.000000000 |          0.0 | -0.000000010 -0.000000000,  0.000000000 -0.000000000
CONST: 005 | 18 -0.00047001 -0.00051 0.000329 6e-05 0.003303 0

ABS:   006 | -0.000469936 -0.000510000  0.000329000  0.000060000  0.003303000  0.000000000 |         38.7 | -0.000004122  0.000056023, -0.000051485  0.000545850
DIFF:  006 |  0.000000074  0.000000000  0.000000000  0.000000000  0.000000000  0.000000000 |         -0.0 |  0.000000042 -0.000000028, -0.000000000 -0.000000000
MOVE:  006 |  0.000000064  0.000000000 -0.000000000 -0.000000000  0.000000000  0.000000000 |         -0.0 |  0.000000032 -0.000000028, -0.000000000 -0.000000000
CONST: 006 | 18 -0.000469936 -0.00051 0.000329 6e-05 0.003303 0

ABS:   007 | -0.000470064 -0.000510000  0.000329000  0.000060000  0.003303000  0.000000000 |         38.7 | -0.000004218  0.000056051, -0.000051485  0.000545850
DIFF:  007 | -0.000000128  0.000000000  0.000000000  0.000000000  0.000000000  0.000000000 |          0.0 | -0.000000096  0.000000028,  0.000000000  0.000000000
MOVE:  007 | -0.000000064  0.000000000 -0.000000000 -0.000000000  0.000000000  0.000000000 |          0.0 | -0.000000064 -0.000000000,  0.000000000  0.000000000
CONST: 007 | 18 -0.000470064 -0.00051 0.000329 6e-05 0.003303 0

ABS:   008 | -0.000470000 -0.000509900  0.000329000  0.000060000  0.003303000  0.000000000 |         38.7 | -0.000004154  0.000056051, -0.000051512  0.000545853
DIFF:  008 |  0.000000064  0.000000100  0.000000000  0.000000000  0.000000000  0.000000000 |         -0.0 |  0.000000064 -0.000000001, -0.000000028  0.000000003
MOVE:  008 |  0.000000000  0.000000100 -0.000000000 -0.000000000  0.000000000  0.000000000 |          0.0 | -0.000000001 -0.000000001, -0.000000027  0.000000003
CONST: 008 | 18 -0.00047 -0.0005099 0.000329 6e-05 0.003303 0

ABS:   009 | -0.000470000 -0.000510100  0.000329000  0.000060000  0.003303000  0.000000000 |         38.7 | -0.000004153  0.000056052, -0.000051457  0.000545847
DIFF:  009 |  0.000000000 -0.000000200  0.000000000  0.000000000  0.000000000  0.000000000 |         -0.0 |  0.000000001  0.000000001,  0.000000055 -0.000000006
MOVE:  009 |  0.000000000 -0.000000100 -0.000000000 -0.000000000  0.000000000  0.000000000 |         -0.0 |  0.000000001  0.000000001,  0.000000027 -0.000000003
CONST: 009 | 18 -0.00047 -0.0005101 0.000329 6e-05 0.003303 0

ABS:   010 | -0.000470000 -0.000509723  0.000329000  0.000060000  0.003303000  0.000000000 |         38.7 | -0.000004187  0.000056021, -0.000051561  0.000545858
DIFF:  010 |  0.000000000  0.000000377  0.000000000  0.000000000  0.000000000  0.000000000 |         -0.0 | -0.000000034 -0.000000031, -0.000000103  0.000000012
MOVE:  010 |  0.000000000  0.000000277 -0.000000000 -0.000000000  0.000000000  0.000000000 |         -0.0 | -0.000000033 -0.000000030, -0.000000076  0.000000009
CONST: 010 | 18 -0.00047 -0.000509723 0.000329 6e-05 0.003303 0

ABS:   011 | -0.000470000 -0.000510277  0.000329000  0.000060000  0.003303000  0.000000000 |         38.7 | -0.000004152  0.000056053, -0.000050660  0.000545911
DIFF:  011 |  0.000000000 -0.000000553  0.000000000  0.000000000  0.000000000  0.000000000 |          0.0 |  0.000000035  0.000000032,  0.000000901  0.000000053
MOVE:  011 |  0.000000000 -0.000000277 -0.000000000 -0.000000000  0.000000000  0.000000000 |         -0.0 |  0.000000002  0.000000002,  0.000000825  0.000000061
CONST: 011 | 18 -0.00047 -0.000510277 0.000329 6e-05 0.003303 0

ABS:   012 | -0.000470000 -0.000509972  0.000329000  0.000060000  0.003303000  0.000000000 |         38.7 | -0.000004154  0.000056051, -0.000051492  0.000545851
DIFF:  012 |  0.000000000  0.000000304  0.000000000  0.000000000  0.000000000  0.000000000 |          0.0 | -0.000000002 -0.000000002, -0.000000833 -0.000000060
MOVE:  012 |  0.000000000  0.000000028 -0.000000000 -0.000000000  0.000000000  0.000000000 |          0.0 | -0.000000000 -0.000000000, -0.000000008  0.000000001
CONST: 012 | 18 -0.00047 -0.000509972 0.000329 6e-05 0.003303 0

ABS:   013 | -0.000470000 -0.000510028  0.000329000  0.000060000  0.003303000  0.000000000 |         38.7 | -0.000004154  0.000056052, -0.000051477  0.000545849
DIFF:  013 |  0.000000000 -0.000000055  0.000000000  0.000000000  0.000000000  0.000000000 |         -0.0 |  0.000000000  0.000000000,  0.000000015 -0.000000002
MOVE:  013 |  0.000000000 -0.000000028 -0.000000000 -0.000000000  0.000000000  0.000000000 |         -0.0 |  0.000000000  0.000000000,  0.000000008 -0.000000001
CONST: 013 | 18 -0.00047 -0.000510028 0.000329 6e-05 0.003303 0

ABS:   014 | -0.000470000 -0.000510000  0.000334002  0.000060000  0.003303000  0.000000000 |         38.8 | -0.000004170  0.000056051, -0.000054202  0.000546638
DIFF:  014 |  0.000000000  0.000000028  0.000005002  0.000000000  0.000000000  0.000000000 |          0.1 | -0.000000017 -0.000000000, -0.000002725  0.000000789
MOVE:  014 |  0.000000000  0.000000000  0.000005002 -0.000000000  0.000000000  0.000000000 |          0.1 | -0.000000017 -0.000000000, -0.000002717  0.000000788
CONST: 014 | 18 -0.00047 -0.00051 0.000334002 6e-05 0.003303 0

ABS:   015 | -0.000470000 -0.000510000  0.000323998  0.000060000  0.003303000  0.000000000 |         38.7 | -0.000004137  0.000056051, -0.000048338  0.000545964
DIFF:  015 |  0.000000000  0.000000000 -0.000010004  0.000000000  0.000000000  0.000000000 |         -0.2 |  0.000000033  0.000000000,  0.000005864 -0.000000674
MOVE:  015 |  0.000000000  0.000000000 -0.000005002 -0.000000000  0.000000000  0.000000000 |         -0.0 |  0.000000017  0.000000000,  0.000003147  0.000000114
CONST: 015 | 18 -0.00047 -0.00051 0.000323998 6e-05 0.003303 0

ABS:   016 | -0.000470000 -0.000510000  0.000329500  0.000060000  0.003303000  0.000000000 |         38.7 | -0.000004155  0.000056051, -0.000051236  0.000545920
DIFF:  016 |  0.000000000  0.000000000  0.000005502  0.000000000  0.000000000  0.000000000 |          0.0 | -0.000000018 -0.000000000, -0.000002898 -0.000000043
MOVE:  016 |  0.000000000  0.000000000  0.000000500 -0.000000000  0.000000000  0.000000000 |          0.0 | -0.000000002 -0.000000000,  0.000000249  0.000000071
CONST: 016 | 18 -0.00047 -0.00051 0.0003295 6e-05 0.003303 0

ABS:   017 | -0.000470000 -0.000510000  0.000328500  0.000060000  0.003303000  0.000000000 |         38.7 | -0.000004152  0.000056051, -0.000050985  0.000545850
DIFF:  017 |  0.000000000  0.000000000 -0.000001000  0.000000000  0.000000000  0.000000000 |         -0.0 |  0.000000003  0.000000000,  0.000000251 -0.000000071
MOVE:  017 |  0.000000000  0.000000000 -0.000000500 -0.000000000  0.000000000  0.000000000 |         -0.0 |  0.000000002  0.000000000,  0.000000500 -0.000000000
CONST: 017 | 18 -0.00047 -0.00051 0.0003285 6e-05 0.003303 0

ABS:   018 | -0.000470000 -0.000510000  0.000329000  0.000064000  0.003303000  0.000000000 |         38.7 | -0.000004152  0.000056052, -0.000050980  0.000545922
DIFF:  018 |  0.000000000  0.000000000  0.000000500  0.000004000  0.000000000  0.000000000 |          0.0 |  0.000000000  0.000000001,  0.000000004  0.000000073
MOVE:  018 |  0.000000000  0.000000000 -0.000000000  0.000004000  0.000000000  0.000000000 |          0.0 |  0.000000002  0.000000001,  0.000000504  0.000000073
CONST: 018 | 18 -0.00047 -0.00051 0.000329 6.4e-05 0.003303 0

ABS:   019 | -0.000470000 -0.000510000  0.000329000  0.000056000  0.003303000  0.000000000 |         38.7 | -0.000004156  0.000056051, -0.000051240  0.000545847
DIFF:  019 |  0.000000000  0.000000000  0.000000000 -0.000008000  0.000000000  0.000000000 |         -0.0 | -0.000000004 -0.000000001, -0.000000259 -0.000000075
MOVE:  019 |  0.000000000  0.000000000 -0.000000000 -0.000004000  0.000000000  0.000000000 |         -0.0 | -0.000000002 -0.000000001,  0.000000245 -0.000000002
CONST: 019 | 18 -0.00047 -0.00051 0.000329 5.6e-05 0.003303 0

ABS:   020 | -0.000470000 -0.000510000  0.000329000  0.000069755  0.003303000  0.000000000 |         38.7 | -0.000004117  0.000056081, -0.000051333  0.000545926
DIFF:  020 |  0.000000000  0.000000000  0.000000000  0.000013755  0.000000000  0.000000000 |          0.0 |  0.000000039  0.000000030, -0.000000093  0.000000079
MOVE:  020 |  0.000000000  0.000000000 -0.000000000  0.000009755  0.000000000  0.000000000 |          0.0 |  0.000000037  0.000000030,  0.000000152  0.000000076
CONST: 020 | 18 -0.00047 -0.00051 0.000329 6.97549e-05 0.003303 0

ABS:   021 | -0.000470000 -0.000510000  0.000329000  0.000050245  0.003303000  0.000000000 |         38.7 | -0.000004190  0.000056022, -0.000050888  0.000545844
DIFF:  021 |  0.000000000  0.000000000  0.000000000 -0.000019510  0.000000000  0.000000000 |         -0.0 | -0.000000073 -0.000000059,  0.000000445 -0.000000082
MOVE:  021 |  0.000000000  0.000000000 -0.000000000 -0.000009755  0.000000000  0.000000000 |         -0.0 | -0.000000037 -0.000000029,  0.000000597 -0.000000006
CONST: 021 | 18 -0.00047 -0.00051 0.000329 5.02451e-05 0.003303 0

ABS:   022 | -0.000470000 -0.000510000  0.000329000  0.000060000  0.003313001  0.000000000 |         38.7 | -0.000004142  0.000055989, -0.000051489  0.000545853
DIFF:  022 |  0.000000000  0.000000000  0.000000000  0.000009755  0.000010001  0.000000000 |          0.0 |  0.000000048 -0.000000033, -0.000000601  0.000000009
MOVE:  022 |  0.000000000  0.000000000 -0.000000000 -0.000000000  0.000010001  0.000000000 |         -0.0 |  0.000000012 -0.000000063, -0.000000004  0.000000003
CONST: 022 | 18 -0.00047 -0.00051 0.000329 6e-05 0.003313 0

ABS:   023 | -0.000470000 -0.000510000  0.000329000  0.000060000  0.003292999  0.000000000 |         38.7 | -0.000004069  0.000056204, -0.000051481  0.000545847
DIFF:  023 |  0.000000000  0.000000000  0.000000000  0.000000000 -0.000020001  0.000000000 |          0.0 |  0.000000073  0.000000215,  0.000000008 -0.000000006
MOVE:  023 |  0.000000000  0.000000000 -0.000000000 -0.000000000 -0.000010001  0.000000000 |          0.0 |  0.000000084  0.000000153,  0.000000004 -0.000000003
CONST: 023 | 18 -0.00047 -0.00051 0.000329 6e-05 0.003293 0

ABS:   024 | -0.000470000 -0.000510000  0.000329000  0.000060000  0.003304000  0.000000000 |         38.7 | -0.000004133  0.000056062, -0.000051485  0.000545850
DIFF:  024 |  0.000000000  0.000000000  0.000000000  0.000000000  0.000011001  0.000000000 |         -0.0 | -0.000000064 -0.000000142, -0.000000004  0.000000003
MOVE:  024 |  0.000000000  0.000000000 -0.000000000 -0.000000000  0.000001000  0.000000000 |          0.0 |  0.000000020  0.000000010, -0.000000000  0.000000000
CONST: 024 | 18 -0.00047 -0.00051 0.000329 6e-05 0.003304 0

ABS:   025 | -0.000470000 -0.000510000  0.000329000  0.000060000  0.003302000  0.000000000 |         38.7 | -0.000004142  0.000056069, -0.000051484  0.000545849
DIFF:  025 |  0.000000000  0.000000000  0.000000000  0.000000000 -0.000002000  0.000000000 |          0.0 | -0.000000009  0.000000007,  0.000000001 -0.000000001
MOVE:  025 |  0.000000000  0.000000000 -0.000000000 -0.000000000 -0.000001000  0.000000000 |          0.0 |  0.000000012  0.000000018,  0.000000000 -0.000000000
CONST: 025 | 18 -0.00047 -0.00051 0.000329 6e-05 0.003302 0

ABS:   026 | -0.000470000 -0.000510000  0.000329000  0.000060000  0.003303100  0.000000000 |         38.7 | -0.000004155  0.000056050, -0.000051485  0.000545850
DIFF:  026 |  0.000000000  0.000000000  0.000000000  0.000000000  0.000001100  0.000000000 |         -0.0 | -0.000000013 -0.000000020, -0.000000000  0.000000000
MOVE:  026 |  0.000000000  0.000000000 -0.000000000 -0.000000000  0.000000100  0.000000000 |         -0.0 | -0.000000001 -0.000000002, -0.000000000  0.000000000
CONST: 026 | 18 -0.00047 -0.00051 0.000329 6e-05 0.0033031 0

ABS:   027 | -0.000470000 -0.000510000  0.000329000  0.000060000  0.003302900  0.000000000 |         38.7 | -0.000004153  0.000056053, -0.000051485  0.000545850
DIFF:  027 |  0.000000000  0.000000000  0.000000000  0.000000000 -0.000000200  0.000000000 |          0.0 |  0.000000002  0.000000004,  0.000000000 -0.000000000
MOVE:  027 |  0.000000000  0.000000000 -0.000000000 -0.000000000 -0.000000100  0.000000000 |          0.0 |  0.000000001  0.000000002,  0.000000000 -0.000000000
CONST: 027 | 18 -0.00047 -0.00051 0.000329 6e-05 0.0033029 0

ABS:   028 | -0.000470000 -0.000510000  0.000329000  0.000060000  0.003303000  0.000002000 |         38.7 | -0.000004156  0.000056051, -0.000051484  0.000545849
DIFF:  028 |  0.000000000  0.000000000  0.000000000  0.000000000  0.000000100  0.000002000 |         -0.0 | -0.000000003 -0.000000002,  0.000000001 -0.000000000
MOVE:  028 |  0.000000000  0.000000000 -0.000000000 -0.000000000  0.000000000  0.000002000 |          0.0 | -0.000000002  0.000000000,  0.000000001 -0.000000000
CONST: 028 | 18 -0.00047 -0.00051 0.000329 6e-05 0.003303 2.00001e-06

ABS:   029 | -0.000470000 -0.000510000  0.000329000  0.000060000  0.003303000 -0.000002000 |         38.7 | -0.000004152  0.000056051, -0.000051486  0.000545850
DIFF:  029 |  0.000000000  0.000000000  0.000000000  0.000000000  0.000000000 -0.000004000 |         -0.0 |  0.000000004 -0.000000000, -0.000000002  0.000000001
MOVE:  029 |  0.000000000  0.000000000 -0.000000000 -0.000000000  0.000000000 -0.000002000 |         -0.0 |  0.000000002 -0.000000000, -0.000000001  0.000000000
CONST: 029 | 18 -0.00047 -0.00051 0.000329 6e-05 0.003303 -2.00001e-06

ABS:   030 | -0.000470000 -0.000510000  0.000329000  0.000060000  0.003303000  0.000020000 |         38.7 | -0.000004173  0.000056053, -0.000051473  0.000545846
DIFF:  030 |  0.000000000  0.000000000  0.000000000  0.000000000  0.000000000  0.000022000 |          0.0 | -0.000000022  0.000000001,  0.000000013 -0.000000004
MOVE:  030 |  0.000000000  0.000000000 -0.000000000 -0.000000000  0.000000000  0.000020000 |          0.0 | -0.000000020  0.000000001,  0.000000011 -0.000000004
CONST: 030 | 18 -0.00047 -0.00051 0.000329 6e-05 0.003303 2.00001e-05

ABS:   031 | -0.000470000 -0.000510000  0.000329000  0.000060000  0.003303000 -0.000020000 |         38.7 | -0.000004166  0.000056022, -0.000051496  0.000545854
DIFF:  031 |  0.000000000  0.000000000  0.000000000  0.000000000  0.000000000 -0.000040000 |         -0.0 |  0.000000008 -0.000000031, -0.000000023  0.000000008
MOVE:  031 |  0.000000000  0.000000000 -0.000000000 -0.000000000  0.000000000 -0.000020000 |         -0.0 | -0.000000012 -0.000000029, -0.000000011  0.000000004
CONST: 031 | 18 -0.00047 -0.00051 0.000329 6e-05 0.003303 -2.00001e-05

ABS:   032 | -0.000470000 -0.000510000  0.000329000  0.000060000  0.003303000  0.000002000 |         38.7 | -0.000004156  0.000056051, -0.000051484  0.000545849
DIFF:  032 |  0.000000000  0.000000000  0.000000000  0.000000000  0.000000000  0.000022000 |          0.0 |  0.000000010  0.000000030,  0.000000013 -0.000000004
MOVE:  032 |  0.000000000  0.000000000 -0.000000000 -0.000000000  0.000000000  0.000002000 |          0.0 | -0.000000002  0.000000000,  0.000000001 -0.000000000
CONST: 032 | 18 -0.00047 -0.00051 0.000329 6e-05 0.003303 2.00001e-06

ABS:   033 | -0.000470000 -0.000510000  0.000329000  0.000060000  0.003303000 -0.000002000 |         38.7 | -0.000004152  0.000056051, -0.000051486  0.000545850
DIFF:  033 |  0.000000000  0.000000000  0.000000000  0.000000000  0.000000000 -0.000004000 |         -0.0 |  0.000000004 -0.000000000, -0.000000002  0.000000001
MOVE:  033 |  0.000000000  0.000000000 -0.000000000 -0.000000000  0.000000000 -0.000002000 |         -0.0 |  0.000000002 -0.000000000, -0.000000001  0.000000000
CONST: 033 | 18 -0.00047 -0.00051 0.000329 6e-05 0.003303 -2.00001e-06

ABS:   034 | -0.000469936 -0.000510000  0.000329000  0.000060000  0.003303000  0.000000000 |         38.7 | -0.000004122  0.000056023, -0.000051485  0.000545850
DIFF:  034 |  0.000000064  0.000000000  0.000000000  0.000000000  0.000000000  0.000002000 |         -0.0 |  0.000000030 -0.000000028,  0.000000001 -0.000000000
MOVE:  034 |  0.000000064  0.000000000 -0.000000000 -0.000000000  0.000000000  0.000000000 |         -0.0 |  0.000000032 -0.000000028, -0.000000000 -0.000000000
CONST: 034 | 18 -0.000469936 -0.00051 0.000329 6e-05 0.003303 0

ABS:   035 | -0.000469680 -0.000510000  0.000329000  0.000060000  0.003303000  0.000000000 |         38.7 | -0.000003954  0.000056094, -0.000051486  0.000545850
DIFF:  035 |  0.000000256  0.000000000  0.000000000  0.000000000  0.000000000  0.000000000 |          0.0 |  0.000000167  0.000000071, -0.000000001  0.000000000
MOVE:  035 |  0.000000320  0.000000000 -0.000000000 -0.000000000  0.000000000  0.000000000 |          0.0 |  0.000000199  0.000000043, -0.000000001 -0.000000000
CONST: 035 | 18 -0.00046968 -0.00051 0.000329 6e-05 0.003303 0

ABS:   036 | -0.000469863 -0.000510000  0.000329000  0.000060000  0.003303000  0.000000000 |         38.7 | -0.000004079  0.000056047, -0.000051485  0.000545850
DIFF:  036 | -0.000000184  0.000000000  0.000000000  0.000000000  0.000000000  0.000000000 |         -0.0 | -0.000000124 -0.000000047,  0.000000001  0.000000000
MOVE:  036 |  0.000000137  0.000000000 -0.000000000 -0.000000000  0.000000000  0.000000000 |         -0.0 |  0.000000075 -0.000000005, -0.000000000 -0.000000000
CONST: 036 | 18 -0.000469863 -0.00051 0.000329 6e-05 0.003303 0

ABS:   037 | -0.000469927 -0.000510000  0.000329000  0.000060000  0.003303000  0.000000000 |         38.7 | -0.000004112  0.000056023, -0.000051485  0.000545850
DIFF:  037 | -0.000000063  0.000000000  0.000000000  0.000000000  0.000000000  0.000000000 |         -0.0 | -0.000000033 -0.000000024,  0.000000000  0.000000000
MOVE:  037 |  0.000000073  0.000000000 -0.000000000 -0.000000000  0.000000000  0.000000000 |         -0.0 |  0.000000042 -0.000000028, -0.000000000 -0.000000000
CONST: 037 | 18 -0.000469927 -0.00051 0.000329 6e-05 0.003303 0

ABS:   038 | -0.000469920 -0.000510000  0.000329000  0.000060000  0.003303000  0.000000000 |         38.7 | -0.000004106  0.000056023, -0.000051485  0.000545850
DIFF:  038 |  0.000000006  0.000000000  0.000000000  0.000000000  0.000000000  0.000000000 |         -0.0 |  0.000000006  0.000000000, -0.000000000  0.000000000
MOVE:  038 |  0.000000080  0.000000000 -0.000000000 -0.000000000  0.000000000  0.000000000 |         -0.0 |  0.000000048 -0.000000028, -0.000000000 -0.000000000
CONST: 038 | 18 -0.00046992 -0.00051 0.000329 6e-05 0.003303 0

ABS:   039 | -0.000469933 -0.000510000  0.000329000  0.000060000  0.003303000  0.000000000 |         38.7 | -0.000004119  0.000056023, -0.000051485  0.000545850
DIFF:  039 | -0.000000013  0.000000000  0.000000000  0.000000000  0.000000000  0.000000000 |          0.0 | -0.000000013 -0.000000000,  0.000000000  0.000000000
MOVE:  039 |  0.000000067  0.000000000 -0.000000000 -0.000000000  0.000000000  0.000000000 |         -0.0 |  0.000000035 -0.000000028, -0.000000000  0.000000000
CONST: 039 | 18 -0.000469933 -0.00051 0.000329 6e-05 0.003303 0

ABS:   040 | -0.000469863 -0.000510000  0.000329000  0.000060000  0.003303000  0.000000000 |         38.7 | -0.000004078  0.000056047, -0.000051485  0.000545850
DIFF:  040 |  0.000000070  0.000000000  0.000000000  0.000000000  0.000000000  0.000000000 |          0.0 |  0.000000041  0.000000024, -0.000000000  0.000000000
MOVE:  040 |  0.000000137  0.000000000 -0.000000000 -0.000000000  0.000000000  0.000000000 |         -0.0 |  0.000000076 -0.000000005, -0.000000000  0.000000000
CONST: 040 | 18 -0.000469863 -0.00051 0.000329 6e-05 0.003303 0

ABS:   041 | -0.000469991 -0.000510000  0.000329000  0.000060000  0.003303000  0.000000000 |         38.7 | -0.000004144  0.000056051, -0.000051485  0.000545850
DIFF:  041 | -0.000000128  0.000000000  0.000000000  0.000000000  0.000000000  0.000000000 |          0.0 | -0.000000067  0.000000005,  0.000000000 -0.000000000
MOVE:  041 |  0.000000009  0.000000000 -0.000000000 -0.000000000  0.000000000  0.000000000 |         -0.0 |  0.000000009 -0.000000000, -0.000000000 -0.000000000
CONST: 041 | 18 -0.000469991 -0.00051 0.000329 6e-05 0.003303 0

ABS:   042 | -0.000469927 -0.000509724  0.000329000  0.000060000  0.003303000  0.000000000 |         38.7 | -0.000004143  0.000056045, -0.000051561  0.000545858
DIFF:  042 |  0.000000064  0.000000276  0.000000000  0.000000000  0.000000000  0.000000000 |          0.0 |  0.000000001 -0.000000007, -0.000000076  0.000000009
MOVE:  042 |  0.000000073  0.000000276 -0.000000000 -0.000000000  0.000000000  0.000000000 |         -0.0 |  0.000000010 -0.000000007, -0.000000076  0.000000009
CONST: 042 | 18 -0.000469927 -0.000509724 0.000329 6e-05 0.003303 0

ABS:   043 | -0.000469927 -0.000510276  0.000329000  0.000060000  0.003303000  0.000000000 |         38.7 | -0.000004079  0.000056053, -0.000050660  0.000545911
DIFF:  043 |  0.000000000 -0.000000553  0.000000000  0.000000000  0.000000000  0.000000000 |         -0.0 |  0.000000065  0.000000009,  0.000000901  0.000000053
MOVE:  043 |  0.000000073 -0.000000276 -0.000000000 -0.000000000  0.000000000  0.000000000 |         -0.0 |  0.000000075  0.000000002,  0.000000825  0.000000061
CONST: 043 | 18 -0.000469927 -0.000510276 0.000329 6e-05 0.003303 0

ABS:   044 | -0.000469927 -0.000510000  0.000329490  0.000060000  0.003303000  0.000000000 |         38.7 | -0.000004114  0.000056023, -0.000051226  0.000545920
DIFF:  044 |  0.000000000  0.000000276  0.000000490  0.000000000  0.000000000  0.000000000 |         -0.0 | -0.000000035 -0.000000030, -0.000000566  0.000000009
MOVE:  044 |  0.000000073  0.000000000  0.000000490 -0.000000000  0.000000000  0.000000000 |         -0.0 |  0.000000040 -0.000000028,  0.000000259  0.000000071
CONST: 044 | 18 -0.000469927 -0.00051 0.00032949 6e-05 0.003303 0

ABS:   045 | -0.000469927 -0.000510000  0.000328510  0.000060000  0.003303000  0.000000000 |         38.7 | -0.000004111  0.000056023, -0.000050995  0.000545850
DIFF:  045 |  0.000000000  0.000000000 -0.000000980  0.000000000  0.000000000  0.000000000 |         -0.0 |  0.000000003  0.000000000,  0.000000231 -0.000000071
MOVE:  045 |  0.000000073  0.000000000 -0.000000490 -0.000000000  0.000000000  0.000000000 |         -0.0 |  0.000000043 -0.000000028,  0.000000490 -0.000000000
CONST: 045 | 18 -0.000469927 -0.00051 0.00032851 6e-05 0.003303 0

ABS:   046 | -0.000469927 -0.000510000  0.000329000  0.000071097  0.003303000  0.000000000 |         38.7 | -0.000004107  0.000056025, -0.000051415  0.000545927
DIFF:  046 |  0.000000000  0.000000000  0.000000490  0.000011097  0.000000000  0.000000000 |          0.0 |  0.000000004  0.000000002, -0.000000420  0.000000077
MOVE:  046 |  0.000000073  0.000000000 -0.000000000  0.000011097  0.000000000  0.000000000 |         -0.0 |  0.000000047 -0.000000026,  0.000000070  0.000000077
CONST: 046 | 18 -0.000469927 -0.00051 0.000329 7.10974e-05 0.003303 0

ABS:   047 | -0.000469927 -0.000510000  0.000329000  0.000048903  0.003303000  0.000000000 |         38.7 | -0.000004147  0.000056045, -0.000050806  0.000545843
DIFF:  047 |  0.000000000  0.000000000  0.000000000 -0.000022195  0.000000000  0.000000000 |         -0.0 | -0.000000041  0.000000020,  0.000000610 -0.000000084
MOVE:  047 |  0.000000073  0.000000000 -0.000000000 -0.000011097  0.000000000  0.000000000 |         -0.0 |  0.000000006 -0.000000006,  0.000000679 -0.000000007
CONST: 047 | 18 -0.000469927 -0.00051 0.000329 4.89026e-05 0.003303 0

ABS:   048 | -0.000469927 -0.000510000  0.000329000  0.000061110  0.003303000  0.000000000 |         38.7 | -0.000004112  0.000056023, -0.000051553  0.000545850
DIFF:  048 |  0.000000000  0.000000000  0.000000000  0.000012207  0.000000000  0.000000000 |          0.0 |  0.000000036 -0.000000022, -0.000000747  0.000000007
MOVE:  048 |  0.000000073  0.000000000 -0.000000000  0.000001110  0.000000000  0.000000000 |         -0.0 |  0.000000042 -0.000000028, -0.000000068  0.000000001
CONST: 048 | 18 -0.000469927 -0.00051 0.000329 6.11097e-05 0.003303 0

ABS:   049 | -0.000469927 -0.000510000  0.000329000  0.000058890  0.003303000  0.000000000 |         38.7 | -0.000004113  0.000056023, -0.000051417  0.000545849
DIFF:  049 |  0.000000000  0.000000000  0.000000000 -0.000002219  0.000000000  0.000000000 |         -0.0 | -0.000000001 -0.000000000,  0.000000136 -0.000000001
MOVE:  049 |  0.000000073  0.000000000 -0.000000000 -0.000001110  0.000000000  0.000000000 |         -0.0 |  0.000000041 -0.000000028,  0.000000068 -0.000000001
CONST: 049 | 18 -0.000469927 -0.00051 0.000329 5.88903e-05 0.003303 0

ABS:   050 | -0.000469927 -0.000510000  0.000329000  0.000063765  0.003303000  0.000000000 |         38.7 | -0.000004110  0.000056024, -0.000050966  0.000545922
DIFF:  050 |  0.000000000  0.000000000  0.000000000  0.000004875  0.000000000  0.000000000 |          0.0 |  0.000000002  0.000000001,  0.000000451  0.000000073
MOVE:  050 |  0.000000073  0.000000000 -0.000000000  0.000003765  0.000000000  0.000000000 |         -0.0 |  0.000000043 -0.000000028,  0.000000519  0.000000073
CONST: 050 | 18 -0.000469927 -0.00051 0.000329 6.37652e-05 0.003303 0

ABS:   051 | -0.000469927 -0.000510000  0.000329000  0.000056235  0.003303000  0.000000000 |         38.7 | -0.000004144  0.000056046, -0.000051254  0.000545847
DIFF:  051 |  0.000000000  0.000000000  0.000000000 -0.000007530  0.000000000  0.000000000 |          0.0 | -0.000000033  0.000000022, -0.000000288 -0.000000075
MOVE:  051 |  0.000000073  0.000000000 -0.000000000 -0.000003765  0.000000000  0.000000000 |         -0.0 |  0.000000010 -0.000000005,  0.000000230 -0.000000002
CONST: 051 | 18 -0.000469927 -0.00051 0.000329 5.62348e-05 0.003303 0

ABS:   052 | -0.000469927 -0.000510000  0.000329000  0.000060000  0.003303935  0.000000000 |         38.7 | -0.000004153  0.000056030, -0.000051485  0.000545850
DIFF:  052 |  0.000000000  0.000000000  0.000000000  0.000003765  0.000000935  0.000000000 |         -0.0 | -0.000000009 -0.000000016, -0.000000231  0.000000003
MOVE:  052 |  0.000000073  0.000000000 -0.000000000 -0.000000000  0.000000935  0.000000000 |         -0.0 |  0.000000001 -0.000000021, -0.000000001  0.000000000
CONST: 052 | 18 -0.000469927 -0.00051 0.000329 6e-05 0.00330393 0

ABS:   053 | -0.000469927 -0.000510000  0.000329000  0.000060000  0.003302065  0.000000000 |         38.7 | -0.000004101  0.000056040, -0.000051485  0.000545849
DIFF:  053 |  0.000000000  0.000000000  0.000000000  0.000000000 -0.000001870  0.000000000 |         -0.0 |  0.000000051  0.000000010,  0.000000001 -0.000000001
MOVE:  053 |  0.000000073  0.000000000 -0.000000000 -0.000000000 -0.000000935  0.000000000 |         -0.0 |  0.000000052 -0.000000011,  0.000000000 -0.000000000
CONST: 053 | 18 -0.000469927 -0.00051 0.000329 6e-05 0.00330207 0

ABS:   054 | -0.000469927 -0.000510000  0.000329000  0.000060000  0.003303093  0.000000000 |         38.7 | -0.000004113  0.000056022, -0.000051485  0.000545850
DIFF:  054 |  0.000000000  0.000000000  0.000000000  0.000000000  0.000001028  0.000000000 |         -0.0 | -0.000000012 -0.000000018, -0.000000000  0.000000000
MOVE:  054 |  0.000000073  0.000000000 -0.000000000 -0.000000000  0.000000093  0.000000000 |         -0.0 |  0.000000040 -0.000000030, -0.000000000  0.000000000
CONST: 054 | 18 -0.000469927 -0.00051 0.000329 6e-05 0.00330309 0

ABS:   055 | -0.000469927 -0.000510000  0.000329000  0.000060000  0.003302907  0.000000000 |         38.7 | -0.000004111  0.000056025, -0.000051485  0.000545850
DIFF:  055 |  0.000000000  0.000000000  0.000000000  0.000000000 -0.000000187  0.000000000 |          0.0 |  0.000000002  0.000000003,  0.000000000 -0.000000000
MOVE:  055 |  0.000000073  0.000000000 -0.000000000 -0.000000000 -0.000000093  0.000000000 |         -0.0 |  0.000000043 -0.000000026, -0.000000000 -0.000000000
CONST: 055 | 18 -0.000469927 -0.00051 0.000329 6e-05 0.00330291 0

ABS:   056 | -0.000469927 -0.000510000  0.000329000  0.000060000  0.003303935  0.000000000 |         38.7 | -0.000004153  0.000056030, -0.000051485  0.000545850
DIFF:  056 |  0.000000000  0.000000000  0.000000000  0.000000000  0.000001028  0.000000000 |          0.0 | -0.000000042  0.000000005, -0.000000000  0.000000000
MOVE:  056 |  0.000000073  0.000000000 -0.000000000 -0.000000000  0.000000935  0.000000000 |         -0.0 |  0.000000001 -0.000000021, -0.000000001  0.000000000
CONST: 056 | 18 -0.000469927 -0.00051 0.000329 6e-05 0.00330393 0

ABS:   057 | -0.000469927 -0.000510000  0.000329000  0.000060000  0.003302065  0.000000000 |         38.7 | -0.000004101  0.000056040, -0.000051485  0.000545849
DIFF:  057 |  0.000000000  0.000000000  0.000000000  0.000000000 -0.000001870  0.000000000 |         -0.0 |  0.000000051  0.000000010,  0.000000001 -0.000000001
MOVE:  057 |  0.000000073  0.000000000 -0.000000000 -0.000000000 -0.000000935  0.000000000 |         -0.0 |  0.000000052 -0.000000011,  0.000000000 -0.000000000
CONST: 057 | 18 -0.000469927 -0.00051 0.000329 6e-05 0.00330207 0

ABS:   058 | -0.000469927 -0.000510000  0.000329000  0.000060000  0.003303000  0.000020000 |         38.7 | -0.000004100  0.000056053, -0.000051474  0.000545846
DIFF:  058 |  0.000000000  0.000000000  0.000000000  0.000000000  0.000000935  0.000020000 |          0.0 |  0.000000001  0.000000013,  0.000000011 -0.000000004
MOVE:  058 |  0.000000073  0.000000000 -0.000000000 -0.000000000  0.000000000  0.000020000 |         -0.0 |  0.000000054  0.000000001,  0.000000011 -0.000000004
CONST: 058 | 18 -0.000469927 -0.00051 0.000329 6e-05 0.003303 2.00001e-05

ABS:   059 | -0.000469927 -0.000510000  0.000329000  0.000060000  0.003303000 -0.000020000 |         38.7 | -0.000004122  0.000056045, -0.000051497  0.000545854
DIFF:  059 |  0.000000000  0.000000000  0.000000000  0.000000000  0.000000000 -0.000040000 |         -0.0 | -0.000000022 -0.000000007, -0.000000023  0.000000008
MOVE:  059 |  0.000000073  0.000000000 -0.000000000 -0.000000000  0.000000000 -0.000020000 |         -0.0 |  0.000000032 -0.000000006, -0.000000012  0.000000004
CONST: 059 | 18 -0.000469927 -0.00051 0.000329 6e-05 0.003303 -2.00001e-05

ABS:   060 | -0.000469922 -0.000510021  0.000193824  0.000060624  0.003302977 -0.000000163 |         39.1 | -0.000003809  0.000056142,  0.000022476  0.000549580
DIFF:  060 |  0.000000005 -0.000000021 -0.000135176  0.000000624 -0.000000023  0.000019837 |          0.4 |  0.000000313  0.000000096,  0.000073972  0.000003727
MOVE:  060 |  0.000000078 -0.000000021 -0.000135176  0.000000624 -0.000000023 -0.000000163 |          0.4 |  0.000000345  0.000000091,  0.000073961  0.000003731
CONST: 060 | 18 -0.000469922 -0.000510021 0.000193824 6.06242e-05 0.00330298 -1.62792e-07

ABS:   061 | -0.000469925 -0.000510008  0.000276827  0.000060241  0.003302991 -0.000000063 |         38.6 | -0.000003997  0.000056071, -0.000023170  0.000546510
DIFF:  061 | -0.000000003  0.000000013  0.000083003 -0.000000383  0.000000014  0.000000100 |         -0.5 | -0.000000188 -0.000000071, -0.000045646 -0.000003071
MOVE:  061 |  0.000000075 -0.000000008 -0.000052173  0.000000241 -0.000000009 -0.000000063 |         -0.1 |  0.000000156  0.000000019,  0.000028315  0.000000660
CONST: 061 | 18 -0.000469925 -0.000510008 0.000276827 6.02409e-05 0.00330299 -6.28303e-08

ABS:   062 | -0.000469925 -0.000510006  0.000293849  0.000060162  0.003302994 -0.000000042 |         38.6 | -0.000004054  0.000056071, -0.000033118  0.000546019
DIFF:  062 | -0.000000001  0.000000003  0.000017022 -0.000000079  0.000000003  0.000000020 |         -0.0 | -0.000000057 -0.000000000, -0.000009948 -0.000000490
MOVE:  062 |  0.000000075 -0.000000006 -0.000035151  0.000000162 -0.000000006 -0.000000042 |         -0.1 |  0.000000100  0.000000019,  0.000018366  0.000000170
CONST: 062 | 18 -0.000469925 -0.000510006 0.000293849 6.01623e-05 0.00330299 -4.23308e-08

ABS:   063 | -0.000469919 -0.000510006  0.000293849  0.000060162  0.003302994 -0.000000042 |         38.6 | -0.000004048  0.000056071, -0.000033118  0.000546019
DIFF:  063 |  0.000000006  0.000000000  0.000000000  0.000000000  0.000000000  0.000000000 |         -0.0 |  0.000000006 -0.000000000, -0.000000000  0.000000000
MOVE:  063 |  0.000000081 -0.000000006 -0.000035151  0.000000162 -0.000000006 -0.000000042 |         -0.1 |  0.000000106  0.000000019,  0.000018366  0.000000170
CONST: 063 | 18 -0.000469919 -0.000510006 0.000293849 6.01623e-05 0.00330299 -4.23308e-08

ABS:   064 | -0.000469932 -0.000510006  0.000293849  0.000060162  0.003302994 -0.000000042 |         38.6 | -0.000004061  0.000056071, -0.000033118  0.000546019
DIFF:  064 | -0.000000013  0.000000000  0.000000000  0.000000000  0.000000000  0.000000000 |          0.0 | -0.000000013  0.000000000,  0.000000000 -0.000000000
MOVE:  064 |  0.000000068 -0.000000006 -0.000035151  0.000000162 -0.000000006 -0.000000042 |         -0.1 |  0.000000093  0.000000019,  0.000018367  0.000000170
CONST: 064 | 18 -0.000469932 -0.000510006 0.000293849 6.01623e-05 0.00330299 -4.23308e-08

ABS:   065 | -0.000469925 -0.000509978  0.000293849  0.000060162  0.003302994 -0.000000042 |         38.6 | -0.000004054  0.000056070, -0.000033126  0.000546020
DIFF:  065 |  0.000000006  0.000000028  0.000000000  0.000000000  0.000000000  0.000000000 |         -0.0 |  0.000000006 -0.000000000, -0.000000008  0.000000001
MOVE:  065 |  0.000000075  0.000000022 -0.000035151  0.000000162 -0.000000006 -0.000000042 |         -0.1 |  0.000000099  0.000000019,  0.000018359  0.000000171
CONST: 065 | 18 -0.000469925 -0.000509978 0.000293849 6.01623e-05 0.00330299 -4.23308e-08

ABS:   066 | -0.000469925 -0.000510033  0.000293849  0.000060162  0.003302994 -0.000000042 |         38.6 | -0.000004054  0.000056071, -0.000033111  0.000546019
DIFF:  066 |  0.000000000 -0.000000055  0.000000000  0.000000000  0.000000000  0.000000000 |         -0.0 |  0.000000000  0.000000000,  0.000000015 -0.000000002
MOVE:  066 |  0.000000075 -0.000000033 -0.000035151  0.000000162 -0.000000006 -0.000000042 |         -0.1 |  0.000000100  0.000000019,  0.000018374  0.000000169
CONST: 066 | 18 -0.000469925 -0.000510033 0.000293849 6.01623e-05 0.00330299 -4.23308e-08

ABS:   067 | -0.000469925 -0.000509730  0.000293849  0.000060162  0.003302994 -0.000000042 |         38.6 | -0.000004026  0.000056045, -0.000033194  0.000546028
DIFF:  067 |  0.000000000  0.000000304  0.000000000  0.000000000  0.000000000  0.000000000 |         -0.0 |  0.000000028 -0.000000026, -0.000000083  0.000000010
MOVE:  067 |  0.000000075  0.000000270 -0.000035151  0.000000162 -0.000000006 -0.000000042 |         -0.1 |  0.000000128 -0.000000006,  0.000018291  0.000000178
CONST: 067 | 18 -0.000469925 -0.00050973 0.000293849 6.01623e-05 0.00330299 -4.23308e-08

ABS:   068 | -0.000469925 -0.000510281  0.000293849  0.000060162  0.003302994 -0.000000042 |         38.6 | -0.000004053  0.000056073, -0.000033042  0.000546011
DIFF:  068 |  0.000000000 -0.000000552  0.000000000  0.000000000  0.000000000  0.000000000 |          0.0 | -0.000000027  0.000000028,  0.000000152 -0.000000017
MOVE:  068 |  0.000000075 -0.000000281 -0.000035151  0.000000162 -0.000000006 -0.000000042 |         -0.1 |  0.000000101  0.000000021,  0.000018442  0.000000161
CONST: 068 | 18 -0.000469925 -0.000510281 0.000293849 6.01623e-05 0.00330299 -4.23308e-08

ABS:   069 | -0.000469925 -0.000509978  0.000293849  0.000060162  0.003302994 -0.000000042 |         38.6 | -0.000004054  0.000056070, -0.000033126  0.000546020
DIFF:  069 |  0.000000000  0.000000304  0.000000000  0.000000000  0.000000000  0.000000000 |          0.0 | -0.000000002 -0.000000002, -0.000000083  0.000000009
MOVE:  069 |  0.000000075  0.000000022 -0.000035151  0.000000162 -0.000000006 -0.000000042 |         -0.1 |  0.000000099  0.000000019,  0.000018359  0.000000171
CONST: 069 | 18 -0.000469925 -0.000509978 0.000293849 6.01623e-05 0.00330299 -4.23308e-08

ABS:   070 | -0.000469925 -0.000510033  0.000293849  0.000060162  0.003302994 -0.000000042 |         38.6 | -0.000004054  0.000056071, -0.000033111  0.000546019
DIFF:  070 |  0.000000000 -0.000000055  0.000000000  0.000000000  0.000000000  0.000000000 |         -0.0 |  0.000000000  0.000000000,  0.000000015 -0.000000002
MOVE:  070 |  0.000000075 -0.000000033 -0.000035151  0.000000162 -0.000000006 -0.000000042 |         -0.1 |  0.000000100  0.000000019,  0.000018374  0.000000169
CONST: 070 | 18 -0.000469925 -0.000510033 0.000293849 6.01623e-05 0.00330299 -4.23308e-08

ABS:   071 | -0.000469925 -0.000510006  0.000294336  0.000060162  0.003302994 -0.000000042 |         38.6 | -0.000004056  0.000056071, -0.000033242  0.000545758
DIFF:  071 |  0.000000000  0.000000028  0.000000486  0.000000000  0.000000000  0.000000000 |         -0.0 | -0.000000002 -0.000000000, -0.000000131 -0.000000261
MOVE:  071 |  0.000000075 -0.000000006 -0.000034664  0.000000162 -0.000000006 -0.000000042 |         -0.1 |  0.000000098  0.000000019,  0.000018243 -0.000000092
CONST: 071 | 18 -0.000469925 -0.000510006 0.000294336 6.01623e-05 0.00330299 -4.23308e-08

ABS:   072 | -0.000469925 -0.000510006  0.000293363  0.000060162  0.003302994 -0.000000042 |         38.6 | -0.000004053  0.000056071, -0.000032632  0.000546019
DIFF:  072 |  0.000000000  0.000000000 -0.000000973  0.000000000  0.000000000  0.000000000 |          0.0 |  0.000000003  0.000000000,  0.000000610  0.000000262
MOVE:  072 |  0.000000075 -0.000000006 -0.000035637  0.000000162 -0.000000006 -0.000000042 |         -0.1 |  0.000000101  0.000000019,  0.000018853  0.000000170
CONST: 072 | 18 -0.000469925 -0.000510006 0.000293363 6.01623e-05 0.00330299 -4.23308e-08

ABS:   073 | -0.000469925 -0.000510006  0.000293898  0.000060162  0.003302994 -0.000000042 |         38.6 | -0.000004054  0.000056071, -0.000033167  0.000546019
DIFF:  073 |  0.000000000  0.000000000  0.000000535  0.000000000  0.000000000  0.000000000 |          0.0 | -0.000000002 -0.000000000, -0.000000535  0.000000000
MOVE:  073 |  0.000000075 -0.000000006 -0.000035102  0.000000162 -0.000000006 -0.000000042 |         -0.1 |  0.000000099  0.000000019,  0.000018318  0.000000170
CONST: 073 | 18 -0.000469925 -0.000510006 0.000293898 6.01623e-05 0.00330299 -4.23308e-08

ABS:   074 | -0.000469925 -0.000510006  0.000293801  0.000060162  0.003302994 -0.000000042 |         38.6 | -0.000004054  0.000056071, -0.000033070  0.000546019
DIFF:  074 |  0.000000000  0.000000000 -0.000000097  0.000000000  0.000000000  0.000000000 |         -0.0 |  0.000000000  0.000000000,  0.000000097 -0.000000000
MOVE:  074 |  0.000000075 -0.000000006 -0.000035199  0.000000162 -0.000000006 -0.000000042 |         -0.1 |  0.000000100  0.000000019,  0.000018415  0.000000170
CONST: 074 | 18 -0.000469925 -0.000510006 0.000293801 6.01623e-05 0.00330299 -4.23308e-08

ABS:   075 | -0.000469925 -0.000510006  0.000294150  0.000060162  0.003302994 -0.000000042 |         38.6 | -0.000004055  0.000056071, -0.000033419  0.000546019
DIFF:  075 |  0.000000000  0.000000000  0.000000349  0.000000000  0.000000000  0.000000000 |          0.0 | -0.000000001 -0.000000000, -0.000000349  0.000000000
MOVE:  075 |  0.000000075 -0.000000006 -0.000034850  0.000000162 -0.000000006 -0.000000042 |         -0.1 |  0.000000099  0.000000019,  0.000018066  0.000000170
CONST: 075 | 18 -0.000469925 -0.000510006 0.00029415 6.01623e-05 0.00330299 -4.23308e-08

ABS:   076 | -0.000469925 -0.000510006  0.000293549  0.000060162  0.003302994 -0.000000042 |         38.6 | -0.000004053  0.000056071, -0.000032818  0.000546019
DIFF:  076 |  0.000000000  0.000000000 -0.000000601  0.000000000  0.000000000  0.000000000 |         -0.0 |  0.000000002  0.000000000,  0.000000601 -0.000000000
MOVE:  076 |  0.000000075 -0.000000006 -0.000035451  0.000000162 -0.000000006 -0.000000042 |         -0.1 |  0.000000101  0.000000019,  0.000018667  0.000000170
CONST: 076 | 18 -0.000469925 -0.000510006 0.000293549 6.01623e-05 0.00330299 -4.23308e-08

ABS:   077 | -0.000469925 -0.000510006  0.000293849  0.000060539  0.003302994 -0.000000042 |         38.6 | -0.000004054  0.000056071, -0.000033141  0.000546020
DIFF:  077 |  0.000000000  0.000000000  0.000000300  0.000000377  0.000000000  0.000000000 |          0.0 | -0.000000001  0.000000000, -0.000000323  0.000000000
MOVE:  077 |  0.000000075 -0.000000006 -0.000035151  0.000000539 -0.000000006 -0.000000042 |         -0.1 |  0.000000100  0.000000019,  0.000018343  0.000000170
CONST: 077 | 18 -0.000469925 -0.000510006 0.000293849 6.05388e-05 0.00330299 -4.23308e-08

ABS:   078 | -0.000469925 -0.000510006  0.000293849  0.000059786  0.003302994 -0.000000042 |         38.6 | -0.000004054  0.000056071, -0.000033095  0.000546019
DIFF:  078 |  0.000000000  0.000000000  0.000000000 -0.000000753  0.000000000  0.000000000 |         -0.0 | -0.000000000 -0.000000000,  0.000000046 -0.000000001
MOVE:  078 |  0.000000075 -0.000000006 -0.000035151 -0.000000214 -0.000000006 -0.000000042 |         -0.1 |  0.000000099  0.000000019,  0.000018390  0.000000170
CONST: 078 | 18 -0.000469925 -0.000510006 0.000293849 5.97858e-05 0.00330299 -4.23308e-08

ABS:   079 | -0.000469925 -0.000510006  0.000293849  0.000063921  0.003302994 -0.000000042 |         38.6 | -0.000004052  0.000056071, -0.000033349  0.000546023
DIFF:  079 |  0.000000000  0.000000000  0.000000000  0.000004135  0.000000000  0.000000000 |          0.0 |  0.000000002  0.000000001, -0.000000254  0.000000003
MOVE:  079 |  0.000000075 -0.000000006 -0.000035151  0.000003921 -0.000000006 -0.000000042 |         -0.1 |  0.000000101  0.000000020,  0.000018136  0.000000173
CONST: 079 | 18 -0.000469925 -0.000510006 0.000293849 6.39208e-05 0.00330299 -4.23308e-08

ABS:   080 | -0.000469925 -0.000510006  0.000293849  0.000056404  0.003302994 -0.000000042 |         38.6 | -0.000004026  0.000056046, -0.000032888  0.000546016
DIFF:  080 |  0.000000000  0.000000000  0.000000000 -0.000007517  0.000000000  0.000000000 |         -0.0 |  0.000000026 -0.000000025,  0.000000461 -0.000000006
MOVE:  080 |  0.000000075 -0.000000006 -0.000035151 -0.000003596 -0.000000006 -0.000000042 |         -0.1 |  0.000000127 -0.000000005,  0.000018597  0.000000167
CONST: 080 | 18 -0.000469925 -0.000510006 0.000293849 5.64038e-05 0.00330299 -4.23308e-08

ABS:   081 | -0.000469925 -0.000510006  0.000293849  0.000060538  0.003302994 -0.000000042 |         38.6 | -0.000004054  0.000056071, -0.000033141  0.000546020
DIFF:  081 |  0.000000000  0.000000000  0.000000000  0.000004134  0.000000000  0.000000000 |          0.0 | -0.000000028  0.000000024, -0.000000254  0.000000003
MOVE:  081 |  0.000000075 -0.000000006 -0.000035151  0.000000538 -0.000000006 -0.000000042 |         -0.1 |  0.000000100  0.000000019,  0.000018343  0.000000170
CONST: 081 | 18 -0.000469925 -0.000510006 0.000293849 6.05382e-05 0.00330299 -4.23308e-08

ABS:   082 | -0.000469925 -0.000510006  0.000293849  0.000059786  0.003302994 -0.000000042 |         38.6 | -0.000004054  0.000056071, -0.000033095  0.000546019
DIFF:  082 |  0.000000000  0.000000000  0.000000000 -0.000000752  0.000000000  0.000000000 |         -0.0 | -0.000000000 -0.000000000,  0.000000046 -0.000000001
MOVE:  082 |  0.000000075 -0.000000006 -0.000035151 -0.000000214 -0.000000006 -0.000000042 |         -0.1 |  0.000000099  0.000000019,  0.000018390  0.000000170
CONST: 082 | 18 -0.000469925 -0.000510006 0.000293849 5.97865e-05 0.00330299 -4.23308e-08

ABS:   083 | -0.000469925 -0.000510006  0.000293849  0.000060162  0.003303088 -0.000000042 |         38.6 | -0.000004055  0.000056069, -0.000033118  0.000546020
DIFF:  083 |  0.000000000  0.000000000  0.000000000  0.000000376  0.000000093  0.000000000 |         -0.0 | -0.000000001 -0.000000002, -0.000000023  0.000000000
MOVE:  083 |  0.000000075 -0.000000006 -0.000035151  0.000000162  0.000000088 -0.000000042 |         -0.1 |  0.000000098  0.000000018,  0.000018366  0.000000170
CONST: 083 | 18 -0.000469925 -0.000510006 0.000293849 6.01623e-05 0.00330309 -4.23308e-08

ABS:   084 | -0.000469925 -0.000510006  0.000293849  0.000060162  0.003302901 -0.000000042 |         38.6 | -0.000004053  0.000056072, -0.000033118  0.000546019
DIFF:  084 |  0.000000000  0.000000000  0.000000000  0.000000000 -0.000000187  0.000000000 |          0.0 |  0.000000002  0.000000003,  0.000000000 -0.000000000
MOVE:  084 |  0.000000075 -0.000000006 -0.000035151  0.000000162 -0.000000099 -0.000000042 |         -0.1 |  0.000000101  0.000000021,  0.000018367  0.000000170
CONST: 084 | 18 -0.000469925 -0.000510006 0.000293849 6.01623e-05 0.0033029 -4.23308e-08

ABS:   085 | -0.000469925 -0.000510006  0.000293849  0.000060162  0.003303928 -0.000000042 |         38.6 | -0.000004065  0.000056054, -0.000033119  0.000546020
DIFF:  085 |  0.000000000  0.000000000  0.000000000  0.000000000  0.000001027  0.000000000 |         -0.0 | -0.000000012 -0.000000018, -0.000000000  0.000000000
MOVE:  085 |  0.000000075 -0.000000006 -0.000035151  0.000000162  0.000000928 -0.000000042 |         -0.1 |  0.000000089  0.000000003,  0.000018366  0.000000170
CONST: 085 | 18 -0.000469925 -0.000510006 0.000293849 6.01623e-05 0.00330393 -4.23308e-08

ABS:   086 | -0.000469925 -0.000510006  0.000293849  0.000060162  0.003302060 -0.000000042 |         38.6 | -0.000004014  0.000056064, -0.000033118  0.000546019
DIFF:  086 |  0.000000000  0.000000000  0.000000000  0.000000000 -0.000001868  0.000000000 |         -0.0 |  0.000000051  0.000000010,  0.000000001 -0.000000001
MOVE:  086 |  0.000000075 -0.000000006 -0.000035151  0.000000162 -0.000000940 -0.000000042 |         -0.1 |  0.000000140  0.000000012,  0.000018367  0.000000170
CONST: 086 | 18 -0.000469925 -0.000510006 0.000293849 6.01623e-05 0.00330206 -4.23308e-08

ABS:   087 | -0.000469925 -0.000510006  0.000293849  0.000060162  0.003303087 -0.000000042 |         38.6 | -0.000004055  0.000056069, -0.000033118  0.000546020
DIFF:  087 |  0.000000000  0.000000000  0.000000000  0.000000000  0.000001027  0.000000000 |          0.0 | -0.000000042  0.000000005, -0.000000000  0.000000000
MOVE:  087 |  0.000000075 -0.000000006 -0.000035151  0.000000162  0.000000087 -0.000000042 |         -0.1 |  0.000000098  0.000000018,  0.000018366  0.000000170
CONST: 087 | 18 -0.000469925 -0.000510006 0.000293849 6.01623e-05 0.00330309 -4.23308e-08

ABS:   088 | -0.000469925 -0.000510006  0.000293849  0.000060162  0.003302901 -0.000000042 |         38.6 | -0.000004053  0.000056072, -0.000033118  0.000546019
DIFF:  088 |  0.000000000  0.000000000  0.000000000  0.000000000 -0.000000187  0.000000000 |          0.0 |  0.000000002  0.000000003,  0.000000000 -0.000000000
MOVE:  088 |  0.000000075 -0.000000006 -0.000035151  0.000000162 -0.000000099 -0.000000042 |         -0.1 |  0.000000101  0.000000021,  0.000018367  0.000000170
CONST: 088 | 18 -0.000469925 -0.000510006 0.000293849 6.01623e-05 0.0033029 -4.23308e-08

ABS:   089 | -0.000469925 -0.000510006  0.000293849  0.000060162  0.003302994  0.000001958 |         38.6 | -0.000004056  0.000056071, -0.000033117  0.000546019
DIFF:  089 |  0.000000000  0.000000000  0.000000000  0.000000000  0.000000093  0.000002000 |         -0.0 | -0.000000003 -0.000000002,  0.000000001 -0.000000000
MOVE:  089 |  0.000000075 -0.000000006 -0.000035151  0.000000162 -0.000000006  0.000001958 |         -0.1 |  0.000000098  0.000000019,  0.000018368  0.000000170
CONST: 089 | 18 -0.000469925 -0.000510006 0.000293849 6.01623e-05 0.00330299 1.95767e-06

ABS:   090 | -0.000469925 -0.000510006  0.000293849  0.000060162  0.003302994 -0.000002042 |         38.6 | -0.000004052  0.000056070, -0.000033119  0.000546020
DIFF:  090 |  0.000000000  0.000000000  0.000000000  0.000000000  0.000000000 -0.000004000 |         -0.0 |  0.000000004 -0.000000000, -0.000000002  0.000000001
MOVE:  090 |  0.000000075 -0.000000006 -0.000035151  0.000000162 -0.000000006 -0.000002042 |         -0.1 |  0.000000102  0.000000019,  0.000018365  0.000000170
CONST: 090 | 18 -0.000469925 -0.000510006 0.000293849 6.01623e-05 0.00330299 -2.04234e-06

ABS:   091 | -0.000469925 -0.000510006  0.000293849  0.000060162  0.003302994  0.000019958 |         38.6 | -0.000004074  0.000056072, -0.000033107  0.000546016
DIFF:  091 |  0.000000000  0.000000000  0.000000000  0.000000000  0.000000000  0.000022000 |          0.0 | -0.000000022  0.000000001,  0.000000013 -0.000000004
MOVE:  091 |  0.000000075 -0.000000006 -0.000035151  0.000000162 -0.000000006  0.000019958 |         -0.1 |  0.000000080  0.000000021,  0.000018378  0.000000167
CONST: 091 | 18 -0.000469925 -0.000510006 0.000293849 6.01623e-05 0.00330299 1.99577e-05

ABS:   092 | -0.000469925 -0.000510006  0.000293849  0.000060162  0.003302994 -0.000020042 |         38.6 | -0.000004034  0.000056069, -0.000033130  0.000546023
DIFF:  092 |  0.000000000  0.000000000  0.000000000  0.000000000  0.000000000 -0.000040000 |         -0.0 |  0.000000039 -0.000000003, -0.000000023  0.000000006
MOVE:  092 |  0.000000075 -0.000000006 -0.000035151  0.000000162 -0.000000006 -0.000020042 |         -0.1 |  0.000000119  0.000000018,  0.000018355  0.000000173
CONST: 092 | 18 -0.000469925 -0.000510006 0.000293849 6.01623e-05 0.00330299 -2.00424e-05

ABS:   093 | -0.000469919 -0.000510023  0.000226737  0.000056790  0.003304271 -0.000000702 |         38.8 | -0.000003901  0.000056095,  0.000006969  0.000547960
DIFF:  093 |  0.000000007 -0.000000017 -0.000067113 -0.000003373  0.000001277  0.000019340 |          0.2 |  0.000000133  0.000000026,  0.000040098  0.000001937
MOVE:  093 |  0.000000081 -0.000000023 -0.000102263 -0.000003210  0.000001271 -0.000000702 |          0.1 |  0.000000253  0.000000043,  0.000058453  0.000002110
CONST: 093 | 18 -0.000469919 -0.000510023 0.000226737 5.67896e-05 0.00330427 -7.02033e-07

ABS:   094 | -0.000469923 -0.000510012  0.000270744  0.000059001  0.003303434 -0.000000269 |         38.7 | -0.000003981  0.000056063, -0.000018871  0.000546718
DIFF:  094 | -0.000000004  0.000000011  0.000044008  0.000002212 -0.000000837  0.000000433 |         -0.2 | -0.000000080 -0.000000032, -0.000025839 -0.000001241
MOVE:  094 |  0.000000077 -0.000000012 -0.000058256 -0.000000999  0.000000434 -0.000000269 |         -0.0 |  0.000000173  0.000000011,  0.000032614  0.000000869
CONST: 094 | 18 -0.000469923 -0.000510012 0.000270744 5.90012e-05 0.00330343 -2.69444e-07

ABS:   095 | -0.000469925 -0.000510008  0.000284632  0.000059699  0.003303169 -0.000000133 |         38.7 | -0.000004025  0.000056067, -0.000027207  0.000546684
DIFF:  095 | -0.000000001  0.000000004  0.000013887  0.000000698 -0.000000264  0.000000137 |          0.0 | -0.000000044  0.000000005, -0.000008336 -0.000000035
MOVE:  095 |  0.000000075 -0.000000008 -0.000044368 -0.000000301  0.000000169 -0.000000133 |         -0.0 |  0.000000129  0.000000016,  0.000024278  0.000000834
CONST: 095 | 18 -0.000469925 -0.000510008 0.000284632 5.96991e-05 0.00330317 -1.32934e-07

ABS:   096 | -0.000469925 -0.000510006  0.000291609  0.000060050  0.003303037 -0.000000064 |         38.6 | -0.000004047  0.000056070, -0.000031619  0.000545976
DIFF:  096 | -0.000000001  0.000000002  0.000006977  0.000000351 -0.000000133  0.000000069 |         -0.1 | -0.000000022  0.000000002, -0.000004412 -0.000000708
MOVE:  096 |  0.000000075 -0.000000006 -0.000037391  0.000000050  0.000000037 -0.000000064 |         -0.1 |  0.000000107  0.000000018,  0.000019866  0.000000126
CONST: 096 | 18 -0.000469925 -0.000510006 0.000291609 6.00497e-05 0.00330304 -6.43538e-08

ABS:   097 | -0.000469925 -0.000510006  0.000291058  0.000060022  0.003303047 -0.000000070 |         38.6 | -0.000004045  0.000056070, -0.000031450  0.000545670
DIFF:  097 |  0.000000000 -0.000000000 -0.000000551 -0.000000028  0.000000010 -0.000000005 |         -0.0 |  0.000000002 -0.000000000,  0.000000168 -0.000000306
MOVE:  097 |  0.000000075 -0.000000006 -0.000037942  0.000000022  0.000000047 -0.000000070 |         -0.1 |  0.000000108  0.000000018,  0.000020034 -0.000000180
CONST: 097 | 18 -0.000469925 -0.000510006 0.000291058 6.0022e-05 0.00330305 -6.97726e-08

ABS:   098 | -0.000469925 -0.000510008  0.000285093  0.000059722  0.003303161 -0.000000128 |         38.7 | -0.000004026  0.000056068, -0.000027669  0.000546684
DIFF:  098 |  0.000000001 -0.000000002 -0.000005965 -0.000000300  0.000000113 -0.000000059 |          0.1 |  0.000000019 -0.000000002,  0.000003781  0.000001014
MOVE:  098 |  0.000000075 -0.000000008 -0.000043907 -0.000000278  0.000000161 -0.000000128 |         -0.0 |  0.000000127  0.000000016,  0.000023816  0.000000834
CONST: 098 | 18 -0.000469925 -0.000510008 0.000285093 5.97223e-05 0.00330316 -1.28404e-07

ABS:   099 | -0.000469925 -0.000510007  0.000288075  0.000059872  0.003303104 -0.000000099 |         38.6 | -0.000004036  0.000056069, -0.000029186  0.000546196
DIFF:  099 | -0.000000000  0.000000001  0.000002982  0.000000150 -0.000000057  0.000000029 |         -0.1 | -0.000000009  0.000000001, -0.000001517 -0.000000487
MOVE:  099 |  0.000000075 -0.000000007 -0.000040925 -0.000000128  0.000000104 -0.000000099 |         -0.1 |  0.000000118  0.000000017,  0.000022299  0.000000347
CONST: 099 | 18 -0.000469925 -0.000510007 0.000288075 5.98721e-05 0.0033031 -9.90884e-08

ABS:   100 | -0.000469925 -0.000510007  0.000289566  0.000059947  0.003303076 -0.000000084 |         38.6 | -0.000004041  0.000056069, -0.000030682  0.000546196
DIFF:  100 | -0.000000000  0.000000000  0.000001491  0.000000075 -0.000000028  0.000000015 |          0.0 | -0.000000005  0.000000001, -0.000001496  0.000000000
MOVE:  100 |  0.000000075 -0.000000007 -0.000039434 -0.000000053  0.000000076 -0.000000084 |         -0.1 |  0.000000113  0.000000018,  0.000020803  0.000000347
CONST: 100 | 18 -0.000469925 -0.000510007 0.000289566 5.99471e-05 0.00330308 -8.44305e-08

ABS:   101 | -0.000469925 -0.000510006  0.000290312  0.000059985  0.003303061 -0.000000077 |         38.5 | -0.000004043  0.000056069, -0.000030702  0.000545670
DIFF:  101 | -0.000000000  0.000000000  0.000000746  0.000000037 -0.000000014  0.000000007 |         -0.1 | -0.000000002  0.000000000, -0.000000021 -0.000000527
MOVE:  101 |  0.000000075 -0.000000006 -0.000038688 -0.000000015  0.000000061 -0.000000077 |         -0.2 |  0.000000111  0.000000018,  0.000020782 -0.000000180
CONST: 101 | 18 -0.000469925 -0.000510006 0.000290312 5.99845e-05 0.00330306 -7.71015e-08

ABS:   102 | -0.000469861 -0.000510006  0.000290312  0.000059985  0.003303061 -0.000000077 |         38.5 | -0.000003979  0.000056069, -0.000030703  0.000545670
DIFF:  102 |  0.000000064  0.000000000  0.000000000  0.000000000  0.000000000  0.000000000 |         -0.0 |  0.000000064 -0.000000000, -0.000000000  0.000000000
MOVE:  102 |  0.000000139 -0.000000006 -0.000038688 -0.000000015  0.000000061 -0.000000077 |         -0.2 |  0.000000175  0.000000018,  0.000020782 -0.000000180
CONST: 102 | 18 -0.000469861 -0.000510006 0.000290312 5.99845e-05 0.00330306 -7.71015e-08

ABS:   103 | -0.000469989 -0.000510006  0.000290312  0.000059985  0.003303061 -0.000000077 |         38.5 | -0.000004077  0.000056046, -0.000030702  0.000545670
DIFF:  103 | -0.000000128  0.000000000  0.000000000  0.000000000  0.000000000  0.000000000 |         -0.0 | -0.000000098 -0.000000024,  0.000000000 -0.000000000
MOVE:  103 |  0.000000011 -0.000000006 -0.000038688 -0.000000015  0.000000061 -0.000000077 |         -0.2 |  0.000000077 -0.000000006,  0.000020783 -0.000000180
CONST: 103 | 18 -0.000469989 -0.000510006 0.000290312 5.99845e-05 0.00330306 -7.71015e-08

ABS:   104 | -0.000469919 -0.000510006  0.000290312  0.000059985  0.003303061 -0.000000077 |         38.5 | -0.000004037  0.000056069, -0.000030702  0.000545670
DIFF:  104 |  0.000000070  0.000000000  0.000000000  0.000000000  0.000000000  0.000000000 |          0.0 |  0.000000041  0.000000024, -0.000000000  0.000000000
MOVE:  104 |  0.000000081 -0.000000006 -0.000038688 -0.000000015  0.000000061 -0.000000077 |         -0.2 |  0.000000117  0.000000018,  0.000020782 -0.000000180
CONST: 104 | 18 -0.000469919 -0.000510006 0.000290312 5.99845e-05 0.00330306 -7.71015e-08

ABS:   105 | -0.000469931 -0.000510006  0.000290312  0.000059985  0.003303061 -0.000000077 |         38.5 | -0.000004049  0.000056069, -0.000030702  0.000545670
DIFF:  105 | -0.000000013  0.000000000  0.000000000  0.000000000  0.000000000  0.000000000 |          0.0 | -0.000000013  0.000000000,  0.000000000 -0.000000000
MOVE:  105 |  0.000000069 -0.000000006 -0.000038688 -0.000000015  0.000000061 -0.000000077 |         -0.2 |  0.000000104  0.000000018,  0.000020782 -0.000000180
CONST: 105 | 18 -0.000469931 -0.000510006 0.000290312 5.99845e-05 0.00330306 -7.71015e-08

ABS:   106 | -0.000469861 -0.000510006  0.000290312  0.000059985  0.003303061 -0.000000077 |         38.5 | -0.000003979  0.000056069, -0.000030703  0.000545670
DIFF:  106 |  0.000000070  0.000000000  0.000000000  0.000000000  0.000000000  0.000000000 |         -0.0 |  0.000000070 -0.000000000, -0.000000000  0.000000000
MOVE:  106 |  0.000000139 -0.000000006 -0.000038688 -0.000000015  0.000000061 -0.000000077 |         -0.2 |  0.000000175  0.000000018,  0.000020782 -0.000000180
CONST: 106 | 18 -0.000469861 -0.000510006 0.000290312 5.99845e-05 0.00330306 -7.71015e-08

ABS:   107 | -0.000469989 -0.000510006  0.000290312  0.000059985  0.003303061 -0.000000077 |         38.5 | -0.000004077  0.000056046, -0.000030702  0.000545670
DIFF:  107 | -0.000000128  0.000000000  0.000000000  0.000000000  0.000000000  0.000000000 |         -0.0 | -0.000000098 -0.000000024,  0.000000000 -0.000000000
MOVE:  107 |  0.000000011 -0.000000006 -0.000038688 -0.000000015  0.000000061 -0.000000077 |         -0.2 |  0.000000077 -0.000000006,  0.000020783 -0.000000180
CONST: 107 | 18 -0.000469989 -0.000510006 0.000290312 5.99845e-05 0.00330306 -7.71015e-08

ABS:   108 | -0.000469925 -0.000509731  0.000290312  0.000059985  0.003303061 -0.000000077 |         38.5 | -0.000004045  0.000056067, -0.000030778  0.000545678
DIFF:  108 |  0.000000064  0.000000276  0.000000000  0.000000000  0.000000000  0.000000000 |          0.0 |  0.000000033  0.000000022, -0.000000076  0.000000009
MOVE:  108 |  0.000000075  0.000000269 -0.000038688 -0.000000015  0.000000061 -0.000000077 |         -0.2 |  0.000000109  0.000000016,  0.000020707 -0.000000172
CONST: 108 | 18 -0.000469925 -0.000509731 0.000290312 5.99845e-05 0.00330306 -7.71015e-08

ABS:   109 | -0.000469925 -0.000510282  0.000290312  0.000059985  0.003303061 -0.000000077 |         38.5 | -0.000004041  0.000056071, -0.000030627  0.000545661
DIFF:  109 |  0.000000000 -0.000000551  0.000000000  0.000000000  0.000000000  0.000000000 |         -0.0 |  0.000000003  0.000000004,  0.000000152 -0.000000017
MOVE:  109 |  0.000000075 -0.000000282 -0.000038688 -0.000000015  0.000000061 -0.000000077 |         -0.2 |  0.000000112  0.000000020,  0.000020858 -0.000000188
CONST: 109 | 18 -0.000469925 -0.000510282 0.000290312 5.99845e-05 0.00330306 -7.71015e-08

