ABS:   itr |       deltaX       deltaY       deltaZ         phiX         phiY         phiZ |        chisq |    rphi mean     rphi rms,       z mean        z rms
ABS:   =========================================================================================================================================================
DIFF:  itr |       deltaX       deltaY       deltaZ         phiX         phiY         phiZ |        chisq |    rphi mean     rphi rms,       z mean        z rms
DIFF:  =========================================================================================================================================================
MOVE:  itr |       deltaX       deltaY       deltaZ         phiX         phiY         phiZ |        chisq |    rphi mean     rphi rms,       z mean        z rms
MOVE:  =========================================================================================================================================================
ABS:   001 |  0.000052000  0.000030000  0.000245000 -0.000730000 -0.000423000  0.000000000 |         54.1 | -0.000009134  0.000054188, -0.000018010  0.000552872
CONST: 001 | 45 5.2e-05 3e-05 0.000245 -0.00073 -0.000423 0

ABS:   001 |  0.000052000  0.000030000  0.000245000 -0.000730000 -0.000423000  0.000000000 |         54.1 | -0.000009134  0.000054188, -0.000018010  0.000552872
CONST: 001 | 45 5.2e-05 3e-05 0.000245 -0.00073 -0.000423 0

ABS:   002 |  0.000052100  0.000030000  0.000245000 -0.000730000 -0.000423000  0.000000000 |         54.1 | -0.000009056  0.000054205, -0.000018010  0.000552872
DIFF:  002 |  0.000000100 -0.000000000  0.000000000 -0.000000000  0.000000000  0.000000000 |          0.0 |  0.000000077  0.000000018,  0.000000000 -0.000000000
MOVE:  002 |  0.000000100 -0.000000000  0.000000000 -0.000000000  0.000000000  0.000000000 |          0.0 |  0.000000077  0.000000018,  0.000000000 -0.000000000
CONST: 002 | 45 5.21e-05 3e-05 0.000245 -0.00073 -0.000423 0

ABS:   003 |  0.000051900  0.000030000  0.000245000 -0.000730000 -0.000423000  0.000000000 |         54.2 | -0.000009208  0.000054214, -0.000018010  0.000552872
DIFF:  003 | -0.000000200  0.000000000  0.000000000  0.000000000  0.000000000  0.000000000 |          0.0 | -0.000000151  0.000000008, -0.000000000  0.000000000
MOVE:  003 | -0.000000100 -0.000000000  0.000000000 -0.000000000  0.000000000  0.000000000 |          0.0 | -0.000000074  0.000000026, -0.000000000  0.000000000
CONST: 003 | 45 5.19e-05 3e-05 0.000245 -0.00073 -0.000423 0

ABS:   004 |  0.000052010  0.000030000  0.000245000 -0.000730000 -0.000423000  0.000000000 |         54.1 | -0.000009124  0.000054188, -0.000018010  0.000552872
DIFF:  004 |  0.000000110  0.000000000  0.000000000  0.000000000  0.000000000  0.000000000 |         -0.0 |  0.000000084 -0.000000026,  0.000000000 -0.000000000
MOVE:  004 |  0.000000010 -0.000000000  0.000000000 -0.000000000  0.000000000  0.000000000 |         -0.0 |  0.000000010 -0.000000000,  0.000000000  0.000000000
CONST: 004 | 45 5.201e-05 3e-05 0.000245 -0.00073 -0.000423 0

ABS:   005 |  0.000051990  0.000030000  0.000245000 -0.000730000 -0.000423000  0.000000000 |         54.1 | -0.000009144  0.000054188, -0.000018010  0.000552872
DIFF:  005 | -0.000000020  0.000000000  0.000000000  0.000000000  0.000000000  0.000000000 |          0.0 | -0.000000020 -0.000000000, -0.000000000 -0.000000000
MOVE:  005 | -0.000000010 -0.000000000  0.000000000 -0.000000000  0.000000000  0.000000000 |          0.0 | -0.000000010 -0.000000000, -0.000000000  0.000000000
CONST: 005 | 45 5.199e-05 3e-05 0.000245 -0.00073 -0.000423 0

ABS:   006 |  0.000052000  0.000030100  0.000245000 -0.000730000 -0.000423000  0.000000000 |         54.1 | -0.000009131  0.000054187, -0.000017996  0.000552876
DIFF:  006 |  0.000000010  0.000000100  0.000000000  0.000000000  0.000000000  0.000000000 |         -0.0 |  0.000000013 -0.000000001,  0.000000014  0.000000004
MOVE:  006 | -0.000000000  0.000000100  0.000000000 -0.000000000  0.000000000  0.000000000 |          0.0 |  0.000000003 -0.000000001,  0.000000014  0.000000004
CONST: 006 | 45 5.2e-05 3.01e-05 0.000245 -0.00073 -0.000423 0

ABS:   007 |  0.000052000  0.000029900  0.000245000 -0.000730000 -0.000423000  0.000000000 |         54.1 | -0.000009136  0.000054188, -0.000018025  0.000552867
DIFF:  007 |  0.000000000 -0.000000200  0.000000000  0.000000000  0.000000000  0.000000000 |         -0.0 | -0.000000005  0.000000001, -0.000000029 -0.000000009
MOVE:  007 | -0.000000000 -0.000000100  0.000000000 -0.000000000  0.000000000  0.000000000 |         -0.0 | -0.000000003  0.000000001, -0.000000014 -0.000000004
CONST: 007 | 45 5.2e-05 2.99e-05 0.000245 -0.00073 -0.000423 0

ABS:   008 |  0.000052000  0.000030333  0.000245000 -0.000730000 -0.000423000  0.000000000 |         54.1 | -0.000009125  0.000054185, -0.000017962  0.000552887
DIFF:  008 |  0.000000000  0.000000433  0.000000000  0.000000000  0.000000000  0.000000000 |          0.0 |  0.000000011 -0.000000003,  0.000000063  0.000000020
MOVE:  008 | -0.000000000  0.000000333  0.000000000 -0.000000000  0.000000000  0.000000000 |          0.0 |  0.000000009 -0.000000002,  0.000000048  0.000000015
CONST: 008 | 45 5.2e-05 3.03329e-05 0.000245 -0.00073 -0.000423 0

ABS:   009 |  0.000052000  0.000029667  0.000245000 -0.000730000 -0.000423000  0.000000000 |         54.1 | -0.000009142  0.000054190, -0.000018059  0.000552857
DIFF:  009 |  0.000000000 -0.000000666  0.000000000  0.000000000  0.000000000  0.000000000 |         -0.0 | -0.000000017  0.000000005, -0.000000096 -0.000000030
MOVE:  009 | -0.000000000 -0.000000333  0.000000000 -0.000000000  0.000000000  0.000000000 |         -0.0 | -0.000000009  0.000000002, -0.000000048 -0.000000015
CONST: 009 | 45 5.2e-05 2.96671e-05 0.000245 -0.00073 -0.000423 0

ABS:   010 |  0.000052000  0.000030000  0.000250002 -0.000730000 -0.000423000  0.000000000 |         54.3 | -0.000009132  0.000054188, -0.000019565  0.000553579
DIFF:  010 |  0.000000000  0.000000333  0.000005002  0.000000000  0.000000000  0.000000000 |          0.2 |  0.000000011 -0.000000002, -0.000001507  0.000000722
MOVE:  010 | -0.000000000 -0.000000000  0.000005002 -0.000000000  0.000000000  0.000000000 |          0.2 |  0.000000002  0.000000000, -0.000001555  0.000000707
CONST: 010 | 45 5.2e-05 3e-05 0.000250002 -0.00073 -0.000423 0

ABS:   011 |  0.000052000  0.000030000  0.000239998 -0.000730000 -0.000423000  0.000000000 |         54.2 | -0.000009136  0.000054188, -0.000014586  0.000553218
DIFF:  011 |  0.000000000  0.000000000 -0.000010004  0.000000000  0.000000000  0.000000000 |         -0.1 | -0.000000004 -0.000000000,  0.000004980 -0.000000361
MOVE:  011 | -0.000000000 -0.000000000 -0.000005002 -0.000000000  0.000000000  0.000000000 |          0.1 | -0.000000002 -0.000000000,  0.000003425  0.000000346
CONST: 011 | 45 5.2e-05 3e-05 0.000239998 -0.00073 -0.000423 0

ABS:   012 |  0.000052000  0.000030000  0.000245500 -0.000730000 -0.000423000  0.000000000 |         54.1 | -0.000009134  0.000054188, -0.000018511  0.000552872
DIFF:  012 |  0.000000000  0.000000000  0.000005502  0.000000000  0.000000000  0.000000000 |         -0.1 |  0.000000002  0.000000000, -0.000003925 -0.000000346
MOVE:  012 | -0.000000000 -0.000000000  0.000000500 -0.000000000  0.000000000  0.000000000 |          0.0 |  0.000000000  0.000000000, -0.000000500 -0.000000000
CONST: 012 | 45 5.2e-05 3e-05 0.0002455 -0.00073 -0.000423 0

ABS:   013 |  0.000052000  0.000030000  0.000244500 -0.000730000 -0.000423000  0.000000000 |         54.1 | -0.000009134  0.000054188, -0.000017510  0.000552872
DIFF:  013 |  0.000000000  0.000000000 -0.000001000  0.000000000  0.000000000  0.000000000 |         -0.0 | -0.000000000 -0.000000000,  0.000001001  0.000000000
MOVE:  013 | -0.000000000 -0.000000000 -0.000000500 -0.000000000  0.000000000  0.000000000 |         -0.0 | -0.000000000 -0.000000000,  0.000000500  0.000000000
CONST: 013 | 45 5.2e-05 3e-05 0.0002445 -0.00073 -0.000423 0

ABS:   014 |  0.000052000  0.000030000  0.000245298 -0.000730000 -0.000423000  0.000000000 |         54.1 | -0.000009134  0.000054188, -0.000018308  0.000552872
DIFF:  014 |  0.000000000  0.000000000  0.000000798  0.000000000  0.000000000  0.000000000 |          0.0 |  0.000000000  0.000000000, -0.000000798 -0.000000000
MOVE:  014 | -0.000000000 -0.000000000  0.000000298 -0.000000000  0.000000000  0.000000000 |          0.0 |  0.000000000  0.000000000, -0.000000298 -0.000000000
CONST: 014 | 45 5.2e-05 3e-05 0.000245298 -0.00073 -0.000423 0

ABS:   015 |  0.000052000  0.000030000  0.000244702 -0.000730000 -0.000423000  0.000000000 |         54.1 | -0.000009134  0.000054188, -0.000017713  0.000552872
DIFF:  015 |  0.000000000  0.000000000 -0.000000596  0.000000000  0.000000000  0.000000000 |         -0.0 | -0.000000000 -0.000000000,  0.000000596  0.000000000
MOVE:  015 | -0.000000000 -0.000000000 -0.000000298 -0.000000000  0.000000000  0.000000000 |         -0.0 | -0.000000000 -0.000000000,  0.000000298  0.000000000
CONST: 015 | 45 5.2e-05 3e-05 0.000244702 -0.00073 -0.000423 0

ABS:   016 |  0.000052000  0.000030000  0.000245000 -0.000726000 -0.000423000  0.000000000 |         54.1 | -0.000009139  0.000054191, -0.000018313  0.000552871
DIFF:  016 |  0.000000000  0.000000000  0.000000298  0.000004000  0.000000000  0.000000000 |          0.0 | -0.000000005  0.000000003, -0.000000600 -0.000000000
MOVE:  016 | -0.000000000 -0.000000000  0.000000000  0.000004000  0.000000000  0.000000000 |          0.0 | -0.000000005  0.000000003, -0.000000302 -0.000000000
CONST: 016 | 45 5.2e-05 3e-05 0.000245 -0.000726 -0.000423 0

ABS:   017 |  0.000052000  0.000030000  0.000245000 -0.000734000 -0.000423000  0.000000000 |         54.1 | -0.000009129  0.000054185, -0.000017708  0.000552872
DIFF:  017 |  0.000000000  0.000000000  0.000000000 -0.000008000  0.000000000  0.000000000 |         -0.0 |  0.000000010 -0.000000006,  0.000000604  0.000000001
MOVE:  017 | -0.000000000 -0.000000000  0.000000000 -0.000004000  0.000000000  0.000000000 |         -0.0 |  0.000000005 -0.000000003,  0.000000302  0.000000000
CONST: 017 | 45 5.2e-05 3e-05 0.000245 -0.000734 -0.000423 0

ABS:   018 |  0.000052000  0.000030000  0.000245000 -0.000730000 -0.000412999  0.000000000 |         54.0 | -0.000008967  0.000053895, -0.000018021  0.000552871
DIFF:  018 |  0.000000000  0.000000000  0.000000000  0.000004000  0.000010001  0.000000000 |         -0.1 |  0.000000162 -0.000000289, -0.000000313 -0.000000001
MOVE:  018 | -0.000000000 -0.000000000  0.000000000 -0.000000000  0.000010001  0.000000000 |         -0.1 |  0.000000167 -0.000000292, -0.000000011 -0.000000000
CONST: 018 | 45 5.2e-05 3e-05 0.000245 -0.00073 -0.000412999 0

ABS:   019 |  0.000052000  0.000030000  0.000245000 -0.000730000 -0.000433001  0.000000000 |         54.3 | -0.000009245  0.000054585, -0.000018000  0.000552872
DIFF:  019 |  0.000000000  0.000000000  0.000000000  0.000000000 -0.000020001  0.000000000 |          0.2 | -0.000000278  0.000000690,  0.000000022  0.000000001
MOVE:  019 | -0.000000000 -0.000000000  0.000000000 -0.000000000 -0.000010001  0.000000000 |          0.1 | -0.000000111  0.000000397,  0.000000011  0.000000000
CONST: 019 | 45 5.2e-05 3e-05 0.000245 -0.00073 -0.000433001 0

ABS:   020 |  0.000052000  0.000030000  0.000245000 -0.000730000 -0.000422000  0.000000000 |         54.1 | -0.000009118  0.000054145, -0.000018012  0.000552872
DIFF:  020 |  0.000000000  0.000000000  0.000000000  0.000000000  0.000011001  0.000000000 |         -0.1 |  0.000000127 -0.000000440, -0.000000012 -0.000000000
MOVE:  020 | -0.000000000 -0.000000000  0.000000000 -0.000000000  0.000001000  0.000000000 |         -0.0 |  0.000000016 -0.000000043, -0.000000001 -0.000000000
CONST: 020 | 45 5.2e-05 3e-05 0.000245 -0.00073 -0.000422 0

ABS:   021 |  0.000052000  0.000030000  0.000245000 -0.000730000 -0.000424000  0.000000000 |         54.2 | -0.000009149  0.000054231, -0.000018009  0.000552872
DIFF:  021 |  0.000000000  0.000000000  0.000000000  0.000000000 -0.000002000  0.000000000 |          0.0 | -0.000000031  0.000000086,  0.000000002  0.000000000
MOVE:  021 | -0.000000000 -0.000000000  0.000000000 -0.000000000 -0.000001000  0.000000000 |          0.0 | -0.000000016  0.000000043,  0.000000001  0.000000000
CONST: 021 | 45 5.2e-05 3e-05 0.000245 -0.00073 -0.000424 0

ABS:   022 |  0.000052000  0.000030000  0.000245000 -0.000730000 -0.000422260  0.000000000 |         54.1 | -0.000009122  0.000054156, -0.000018011  0.000552872
DIFF:  022 |  0.000000000  0.000000000  0.000000000  0.000000000  0.000001741  0.000000000 |         -0.0 |  0.000000027 -0.000000075, -0.000000002 -0.000000000
MOVE:  022 | -0.000000000 -0.000000000  0.000000000 -0.000000000  0.000000740  0.000000000 |         -0.0 |  0.000000012 -0.000000032, -0.000000001 -0.000000000
CONST: 022 | 45 5.2e-05 3e-05 0.000245 -0.00073 -0.00042226 0

ABS:   023 |  0.000052000  0.000030000  0.000245000 -0.000730000 -0.000423740  0.000000000 |         54.1 | -0.000009145  0.000054219, -0.000018010  0.000552872
DIFF:  023 |  0.000000000  0.000000000  0.000000000  0.000000000 -0.000001481  0.000000000 |          0.0 | -0.000000023  0.000000063,  0.000000002  0.000000000
MOVE:  023 | -0.000000000 -0.000000000  0.000000000 -0.000000000 -0.000000740  0.000000000 |          0.0 | -0.000000012  0.000000032,  0.000000001  0.000000000
CONST: 023 | 45 5.2e-05 3e-05 0.000245 -0.00073 -0.00042374 0

ABS:   024 |  0.000052000  0.000030000  0.000245000 -0.000730000 -0.000423000  0.000002000 |         54.1 | -0.000009134  0.000054188, -0.000018011  0.000552872
DIFF:  024 |  0.000000000  0.000000000  0.000000000  0.000000000  0.000000740  0.000002000 |         -0.0 |  0.000000011 -0.000000032, -0.000000002  0.000000000
MOVE:  024 | -0.000000000 -0.000000000  0.000000000 -0.000000000  0.000000000  0.000002000 |          0.0 | -0.000000001  0.000000000, -0.000000001  0.000000000
CONST: 024 | 45 5.2e-05 3e-05 0.000245 -0.00073 -0.000423 2.00001e-06

ABS:   025 |  0.000052000  0.000030000  0.000245000 -0.000730000 -0.000423000 -0.000002000 |         54.1 | -0.000009133  0.000054188, -0.000018010  0.000552872
DIFF:  025 |  0.000000000  0.000000000  0.000000000  0.000000000  0.000000000 -0.000004000 |         -0.0 |  0.000000001 -0.000000000,  0.000000002 -0.000000000
MOVE:  025 | -0.000000000 -0.000000000  0.000000000 -0.000000000  0.000000000 -0.000002000 |         -0.0 |  0.000000001 -0.000000000,  0.000000001 -0.000000000
CONST: 025 | 45 5.2e-05 3e-05 0.000245 -0.00073 -0.000423 -2.00001e-06

ABS:   026 |  0.000052000  0.000030000  0.000245000 -0.000730000 -0.000423000  0.000020000 |         54.1 | -0.000009141  0.000054189, -0.000018019  0.000552872
DIFF:  026 |  0.000000000  0.000000000  0.000000000  0.000000000  0.000000000  0.000022000 |          0.0 | -0.000000008  0.000000002, -0.000000009  0.000000001
MOVE:  026 | -0.000000000 -0.000000000  0.000000000 -0.000000000  0.000000000  0.000020000 |          0.0 | -0.000000007  0.000000002, -0.000000008  0.000000001
CONST: 026 | 45 5.2e-05 3e-05 0.000245 -0.00073 -0.000423 2.00001e-05

ABS:   027 |  0.000052000  0.000030000  0.000245000 -0.000730000 -0.000423000 -0.000020000 |         54.1 | -0.000009127  0.000054186, -0.000018002  0.000552871
DIFF:  027 |  0.000000000  0.000000000  0.000000000  0.000000000  0.000000000 -0.000040000 |         -0.0 |  0.000000014 -0.000000003,  0.000000017 -0.000000001
MOVE:  027 | -0.000000000 -0.000000000  0.000000000 -0.000000000  0.000000000 -0.000020000 |         -0.0 |  0.000000007 -0.000000002,  0.000000008 -0.000000001
CONST: 027 | 45 5.2e-05 3e-05 0.000245 -0.00073 -0.000423 -2.00001e-05

ABS:   028 |  0.000061134  0.000017057  0.000227077 -0.001013843 -0.000123991 -0.006172930 |         52.3 |  0.000003588  0.000048536,  0.000000010  0.000552411
DIFF:  028 |  0.000009134 -0.000012943 -0.000017923 -0.000283843  0.000299009 -0.006152930 |         -1.9 |  0.000012714 -0.000005650,  0.000018012 -0.000000460
MOVE:  028 |  0.000009134 -0.000012943 -0.000017923 -0.000283843  0.000299009 -0.006172930 |         -1.9 |  0.000012721 -0.000005652,  0.000018021 -0.000000460
CONST: 028 | 45 6.1134e-05 1.70574e-05 0.000227077 -0.00101384 -0.000123991 -0.00617293

ABS:   029 |  0.000058952  0.000020150  0.000231359 -0.000946025 -0.000195432 -0.004703094 |         52.4 |  0.000000475  0.000049071, -0.000004540  0.000552642
DIFF:  029 | -0.000002182  0.000003092  0.000004282  0.000067818 -0.000071441  0.001469837 |          0.2 | -0.000003112  0.000000536, -0.000004551  0.000000230
MOVE:  029 |  0.000006952 -0.000009850 -0.000013641 -0.000216025  0.000227568 -0.004703094 |         -1.7 |  0.000009609 -0.000005116,  0.000013470 -0.000000230
CONST: 029 | 45 5.89517e-05 2.01496e-05 0.000231359 -0.000946025 -0.000195432 -0.00470309

ABS:   030 |  0.000061961  0.000015886  0.000225455 -0.001039528 -0.000096933 -0.006728283 |         52.3 |  0.000004861  0.000048615, -0.000000061  0.000552425
DIFF:  030 |  0.000003009 -0.000004263 -0.000005904 -0.000093503  0.000098499 -0.002025190 |         -0.1 |  0.000004386 -0.000000456,  0.000004479 -0.000000216
MOVE:  030 |  0.000009961 -0.000014114 -0.000019545 -0.000309528  0.000326067 -0.006728283 |         -1.8 |  0.000013995 -0.000005572,  0.000017949 -0.000000446
CONST: 030 | 45 6.19606e-05 1.58862e-05 0.000225455 -0.00103953 -9.69327e-05 -0.00672828

ABS:   031 |  0.000061200  0.000017057  0.000227077 -0.001013843 -0.000123991 -0.006172930 |         52.3 |  0.000003654  0.000048536,  0.000000010  0.000552411
DIFF:  031 | -0.000000760  0.000001171  0.000001622  0.000025685 -0.000027058  0.000555353 |         -0.1 | -0.000001208 -0.000000079,  0.000000072 -0.000000014
MOVE:  031 |  0.000009200 -0.000012943 -0.000017923 -0.000283843  0.000299009 -0.006172930 |         -1.9 |  0.000012787 -0.000005652,  0.000018021 -0.000000460
CONST: 031 | 45 6.12001e-05 1.70574e-05 0.000227077 -0.00101384 -0.000123991 -0.00617293

ABS:   032 |  0.000061068  0.000017057  0.000227077 -0.001013843 -0.000123991 -0.006172930 |         52.3 |  0.000003521  0.000048536,  0.000000010  0.000552411
DIFF:  032 | -0.000000132  0.000000000  0.000000000  0.000000000  0.000000000  0.000000000 |         -0.0 | -0.000000132  0.000000000, -0.000000000 -0.000000000
MOVE:  032 |  0.000009068 -0.000012943 -0.000017923 -0.000283843  0.000299009 -0.006172930 |         -1.9 |  0.000012655 -0.000005652,  0.000018021 -0.000000460
CONST: 032 | 45 6.1068e-05 1.70574e-05 0.000227077 -0.00101384 -0.000123991 -0.00617293

ABS:   033 |  0.000061134  0.000017385  0.000227077 -0.001013843 -0.000123991 -0.006172930 |         52.3 |  0.000003596  0.000048536,  0.000000056  0.000552424
DIFF:  033 |  0.000000066  0.000000327  0.000000000  0.000000000  0.000000000  0.000000000 |          0.0 |  0.000000074 -0.000000000,  0.000000046  0.000000012
MOVE:  033 |  0.000009134 -0.000012615 -0.000017923 -0.000283843  0.000299009 -0.006172930 |         -1.9 |  0.000012730 -0.000005652,  0.000018067 -0.000000448
CONST: 033 | 45 6.1134e-05 1.73846e-05 0.000227077 -0.00101384 -0.000123991 -0.00617293

ABS:   034 |  0.000061134  0.000016730  0.000227077 -0.001013843 -0.000123991 -0.006172930 |         52.2 |  0.000003579  0.000048536, -0.000000036  0.000552005
DIFF:  034 |  0.000000000 -0.000000654  0.000000000  0.000000000  0.000000000  0.000000000 |         -0.1 | -0.000000017  0.000000001, -0.000000092 -0.000000418
MOVE:  034 |  0.000009134 -0.000013270 -0.000017923 -0.000283843  0.000299009 -0.006172930 |         -1.9 |  0.000012713 -0.000005651,  0.000017975 -0.000000866
CONST: 034 | 45 6.1134e-05 1.67302e-05 0.000227077 -0.00101384 -0.000123991 -0.00617293

ABS:   035 |  0.000061134  0.000017090  0.000227077 -0.001013843 -0.000123991 -0.006172930 |         52.3 |  0.000003588  0.000048536,  0.000000015  0.000552413
DIFF:  035 |  0.000000000  0.000000360  0.000000000  0.000000000  0.000000000  0.000000000 |          0.1 |  0.000000009 -0.000000000,  0.000000051  0.000000407
MOVE:  035 |  0.000009134 -0.000012910 -0.000017923 -0.000283843  0.000299009 -0.006172930 |         -1.9 |  0.000012722 -0.000005652,  0.000018025 -0.000000459
CONST: 035 | 45 6.1134e-05 1.70901e-05 0.000227077 -0.00101384 -0.000123991 -0.00617293

ABS:   036 |  0.000061134  0.000017025  0.000227077 -0.001013843 -0.000123991 -0.006172930 |         52.3 |  0.000003587  0.000048536,  0.000000006  0.000552410
DIFF:  036 |  0.000000000 -0.000000065  0.000000000  0.000000000  0.000000000  0.000000000 |         -0.0 | -0.000000002  0.000000000, -0.000000009 -0.000000002
MOVE:  036 |  0.000009134 -0.000012975 -0.000017923 -0.000283843  0.000299009 -0.006172930 |         -1.9 |  0.000012721 -0.000005652,  0.000018016 -0.000000462
CONST: 036 | 45 6.1134e-05 1.70246e-05 0.000227077 -0.00101384 -0.000123991 -0.00617293

ABS:   037 |  0.000061134  0.000017384  0.000227077 -0.001013843 -0.000123991 -0.006172930 |         52.3 |  0.000003596  0.000048536,  0.000000056  0.000552424
DIFF:  037 |  0.000000000  0.000000359  0.000000000  0.000000000  0.000000000  0.000000000 |          0.0 |  0.000000009 -0.000000000,  0.000000051  0.000000013
MOVE:  037 |  0.000009134 -0.000012616 -0.000017923 -0.000283843  0.000299009 -0.006172930 |         -1.9 |  0.000012730 -0.000005652,  0.000018067 -0.000000448
CONST: 037 | 45 6.1134e-05 1.73838e-05 0.000227077 -0.00101384 -0.000123991 -0.00617293

ABS:   038 |  0.000061134  0.000016731  0.000227077 -0.001013843 -0.000123991 -0.006172930 |         52.2 |  0.000003579  0.000048536, -0.000000036  0.000552005
DIFF:  038 |  0.000000000 -0.000000653  0.000000000  0.000000000  0.000000000  0.000000000 |         -0.1 | -0.000000017  0.000000001, -0.000000092 -0.000000418
MOVE:  038 |  0.000009134 -0.000013269 -0.000017923 -0.000283843  0.000299009 -0.006172930 |         -1.9 |  0.000012713 -0.000005651,  0.000017975 -0.000000866
CONST: 038 | 45 6.1134e-05 1.6731e-05 0.000227077 -0.00101384 -0.000123991 -0.00617293

ABS:   039 |  0.000061134  0.000017057  0.000227370 -0.001013843 -0.000123991 -0.006172930 |         52.2 |  0.000003588  0.000048536, -0.000000018  0.000552215
DIFF:  039 |  0.000000000  0.000000326  0.000000293  0.000000000  0.000000000  0.000000000 |          0.0 |  0.000000008 -0.000000000,  0.000000017  0.000000209
MOVE:  039 |  0.000009134 -0.000012943 -0.000017630 -0.000283843  0.000299009 -0.006172930 |         -1.9 |  0.000012721 -0.000005652,  0.000017992 -0.000000657
CONST: 039 | 45 6.1134e-05 1.70574e-05 0.00022737 -0.00101384 -0.000123991 -0.00617293

ABS:   040 |  0.000061134  0.000017057  0.000226784 -0.001013843 -0.000123991 -0.006172930 |         52.2 |  0.000003588  0.000048536,  0.000000039  0.000552215
DIFF:  040 |  0.000000000  0.000000000 -0.000000585  0.000000000  0.000000000  0.000000000 |          0.0 | -0.000000000 -0.000000000,  0.000000057  0.000000000
MOVE:  040 |  0.000009134 -0.000012943 -0.000018216 -0.000283843  0.000299009 -0.006172930 |         -1.9 |  0.000012721 -0.000005652,  0.000018049 -0.000000657
CONST: 040 | 45 6.1134e-05 1.70574e-05 0.000226784 -0.00101384 -0.000123991 -0.00617293

ABS:   041 |  0.000061134  0.000017057  0.000227106 -0.001013843 -0.000123991 -0.006172930 |         52.3 |  0.000003588  0.000048536, -0.000000019  0.000552411
DIFF:  041 |  0.000000000  0.000000000  0.000000322  0.000000000  0.000000000  0.000000000 |          0.0 |  0.000000000  0.000000000, -0.000000058  0.000000197
MOVE:  041 |  0.000009134 -0.000012943 -0.000017894 -0.000283843  0.000299009 -0.006172930 |         -1.9 |  0.000012721 -0.000005652,  0.000017991 -0.000000460
CONST: 041 | 45 6.1134e-05 1.70574e-05 0.000227106 -0.00101384 -0.000123991 -0.00617293

ABS:   042 |  0.000061134  0.000017057  0.000227048 -0.001013843 -0.000123991 -0.006172930 |         52.3 |  0.000003588  0.000048536,  0.000000040  0.000552411
DIFF:  042 |  0.000000000  0.000000000 -0.000000059  0.000000000  0.000000000  0.000000000 |          0.0 | -0.000000000 -0.000000000,  0.000000059  0.000000000
MOVE:  042 |  0.000009134 -0.000012943 -0.000017952 -0.000283843  0.000299009 -0.006172930 |         -1.9 |  0.000012721 -0.000005652,  0.000018050 -0.000000460
CONST: 042 | 45 6.1134e-05 1.70574e-05 0.000227048 -0.00101384 -0.000123991 -0.00617293

ABS:   043 |  0.000061134  0.000017057  0.000227077 -0.001010640 -0.000123991 -0.006172930 |         52.2 |  0.000003583  0.000048535,  0.000000032  0.000552214
DIFF:  043 |  0.000000000  0.000000000  0.000000029  0.000003203  0.000000000  0.000000000 |         -0.0 | -0.000000004 -0.000000001, -0.000000008 -0.000000198
MOVE:  043 |  0.000009134 -0.000012943 -0.000017923 -0.000280640  0.000299009 -0.006172930 |         -1.9 |  0.000012717 -0.000005653,  0.000018043 -0.000000658
CONST: 043 | 45 6.1134e-05 1.70574e-05 0.000227077 -0.00101064 -0.000123991 -0.00617293

ABS:   044 |  0.000061134  0.000017057  0.000227077 -0.001017046 -0.000123991 -0.006172930 |         52.2 |  0.000003592  0.000048537, -0.000000011  0.000552215
DIFF:  044 |  0.000000000  0.000000000  0.000000000 -0.000006406  0.000000000  0.000000000 |          0.0 |  0.000000008  0.000000002, -0.000000044  0.000000001
MOVE:  044 |  0.000009134 -0.000012943 -0.000017923 -0.000287046  0.000299009 -0.006172930 |         -1.9 |  0.000012725 -0.000005651,  0.000017999 -0.000000656
CONST: 044 | 45 6.1134e-05 1.70574e-05 0.000227077 -0.00101705 -0.000123991 -0.00617293

ABS:   045 |  0.000061134  0.000017057  0.000227077 -0.001013522 -0.000123991 -0.006172930 |         52.3 |  0.000003587  0.000048536, -0.000000014  0.000552411
DIFF:  045 |  0.000000000  0.000000000  0.000000000  0.000003523  0.000000000  0.000000000 |          0.0 | -0.000000005 -0.000000001, -0.000000002  0.000000196
MOVE:  045 |  0.000009134 -0.000012943 -0.000017923 -0.000283522  0.000299009 -0.006172930 |         -1.9 |  0.000012721 -0.000005652,  0.000017997 -0.000000460
CONST: 045 | 45 6.1134e-05 1.70574e-05 0.000227077 -0.00101352 -0.000123991 -0.00617293

ABS:   046 |  0.000061134  0.000017057  0.000227077 -0.001014163 -0.000123991 -0.006172930 |         52.3 |  0.000003588  0.000048536,  0.000000035  0.000552411
DIFF:  046 |  0.000000000  0.000000000  0.000000000 -0.000000641  0.000000000  0.000000000 |          0.0 |  0.000000001  0.000000000,  0.000000048  0.000000000
MOVE:  046 |  0.000009134 -0.000012943 -0.000017923 -0.000284163  0.000299009 -0.006172930 |         -1.9 |  0.000012722 -0.000005652,  0.000018045 -0.000000460
CONST: 046 | 45 6.1134e-05 1.70574e-05 0.000227077 -0.00101416 -0.000123991 -0.00617293

ABS:   047 |  0.000061134  0.000017057  0.000227077 -0.001013843 -0.000123263 -0.006172930 |         52.3 |  0.000003599  0.000048532,  0.000000010  0.000552411
DIFF:  047 |  0.000000000  0.000000000  0.000000000  0.000000320  0.000000728  0.000000000 |         -0.0 |  0.000000011 -0.000000004, -0.000000025 -0.000000000
MOVE:  047 |  0.000009134 -0.000012943 -0.000017923 -0.000283843  0.000299737 -0.006172930 |         -1.9 |  0.000012733 -0.000005656,  0.000018020 -0.000000460
CONST: 047 | 45 6.1134e-05 1.70574e-05 0.000227077 -0.00101384 -0.000123263 -0.00617293

ABS:   048 |  0.000061134  0.000017057  0.000227077 -0.001013843 -0.000124719 -0.006172930 |         52.3 |  0.000003576  0.000048540,  0.000000011  0.000552411
DIFF:  048 |  0.000000000  0.000000000  0.000000000  0.000000000 -0.000001456  0.000000000 |          0.0 | -0.000000024  0.000000008,  0.000000001  0.000000000
MOVE:  048 |  0.000009134 -0.000012943 -0.000017923 -0.000283843  0.000298281 -0.006172930 |         -1.9 |  0.000012709 -0.000005648,  0.000018021 -0.000000460
CONST: 048 | 45 6.1134e-05 1.70574e-05 0.000227077 -0.00101384 -0.000124719 -0.00617293

ABS:   049 |  0.000061134  0.000017057  0.000227077 -0.001013843 -0.000123991 -0.006117875 |         52.2 |  0.000003568  0.000048536, -0.000000278  0.000552209
DIFF:  049 |  0.000000000  0.000000000  0.000000000  0.000000000  0.000000728  0.000055055 |         -0.0 | -0.000000008 -0.000000004, -0.000000288 -0.000000202
MOVE:  049 |  0.000009134 -0.000012943 -0.000017923 -0.000283843  0.000299009 -0.006117875 |         -1.9 |  0.000012702 -0.000005652,  0.000017733 -0.000000662
CONST: 049 | 45 6.1134e-05 1.70574e-05 0.000227077 -0.00101384 -0.000123991 -0.00611788

ABS:   050 |  0.000061134  0.000017057  0.000227077 -0.001013843 -0.000123991 -0.006227977 |         52.2 |  0.000003607  0.000048536,  0.000000298  0.000552220
DIFF:  050 |  0.000000000  0.000000000  0.000000000  0.000000000  0.000000000 -0.000110102 |          0.0 |  0.000000039 -0.000000000,  0.000000576  0.000000010
MOVE:  050 |  0.000009134 -0.000012943 -0.000017923 -0.000283843  0.000299009 -0.006227977 |         -1.9 |  0.000012741 -0.000005652,  0.000018309 -0.000000652
CONST: 050 | 45 6.1134e-05 1.70574e-05 0.000227077 -0.00101384 -0.000123991 -0.00622798

ABS:   051 |  0.000061134  0.000017057  0.000227077 -0.001013843 -0.000123991 -0.006167425 |         52.3 |  0.000003586  0.000048536,  0.000000008  0.000552411
DIFF:  051 |  0.000000000  0.000000000  0.000000000  0.000000000  0.000000000  0.000060552 |          0.0 | -0.000000022  0.000000000, -0.000000290  0.000000191
MOVE:  051 |  0.000009134 -0.000012943 -0.000017923 -0.000283843  0.000299009 -0.006167425 |         -1.9 |  0.000012719 -0.000005652,  0.000018018 -0.000000461
CONST: 051 | 45 6.1134e-05 1.70574e-05 0.000227077 -0.00101384 -0.000123991 -0.00616743

ABS:   052 |  0.000061134  0.000017057  0.000227077 -0.001013843 -0.000123991 -0.006178435 |         52.3 |  0.000003590  0.000048536,  0.000000013  0.000552412
DIFF:  052 |  0.000000000  0.000000000  0.000000000  0.000000000  0.000000000 -0.000011010 |          0.0 |  0.000000004 -0.000000000,  0.000000005  0.000000001
MOVE:  052 |  0.000009134 -0.000012943 -0.000017923 -0.000283843  0.000299009 -0.006178435 |         -1.9 |  0.000012723 -0.000005652,  0.000018023 -0.000000460
CONST: 052 | 45 6.1134e-05 1.70574e-05 0.000227077 -0.00101384 -0.000123991 -0.00617844

ABS:   053 |  0.000074229 -0.000027274  0.000201063 -0.001423213  0.000311156 -0.014827365 |         54.8 |  0.000019855  0.000055746,  0.000025423  0.000550572
DIFF:  053 |  0.000013095 -0.000044331 -0.000026014 -0.000409370  0.000435147 -0.008648930 |          2.5 |  0.000016266  0.000007210,  0.000025410 -0.000001840
MOVE:  053 |  0.000022229 -0.000057274 -0.000043937 -0.000693213  0.000734156 -0.014827365 |          0.7 |  0.000028989  0.000001558,  0.000043433 -0.000002300
CONST: 053 | 45 7.42294e-05 -2.72737e-05 0.000201063 -0.00142321 0.000311156 -0.0148274

ABS:   054 |  0.000065783  0.000001314  0.000217843 -0.001159155  0.000030472 -0.009281291 |         52.6 |  0.000010371  0.000049414,  0.000007160  0.000551541
DIFF:  054 | -0.000008447  0.000028588  0.000016780  0.000264057 -0.000280684  0.005546074 |         -2.2 | -0.000009484 -0.000006332, -0.000018263  0.000000969
MOVE:  054 |  0.000013783 -0.000028686 -0.000027157 -0.000429155  0.000453472 -0.009281291 |         -1.5 |  0.000019505 -0.000004774,  0.000025170 -0.000001331
CONST: 054 | 45 6.57826e-05 1.31429e-06 0.000217843 -0.00115916 3.04723e-05 -0.00928129

ABS:   055 |  0.000063147  0.000010239  0.000223078 -0.001076773 -0.000057098 -0.007522770 |         52.2 |  0.000006507  0.000048697,  0.000003078  0.000551521
DIFF:  055 | -0.000002635  0.000008925  0.000005235  0.000082383 -0.000087570  0.001758521 |         -0.4 | -0.000003864 -0.000000717, -0.000004082 -0.000000020
MOVE:  055 |  0.000011147 -0.000019761 -0.000021922 -0.000346773  0.000365902 -0.007522770 |         -1.9 |  0.000015640 -0.000005491,  0.000021089 -0.000001351
CONST: 055 | 45 6.31472e-05 1.0239e-05 0.000223078 -0.00107677 -5.70981e-05 -0.00752277

ABS:   056 |  0.000062466  0.000012546  0.000224431 -0.001055476 -0.000079736 -0.007066535 |         52.2 |  0.000005536  0.000048665,  0.000000778  0.000551546
DIFF:  056 | -0.000000681  0.000002307  0.000001353  0.000021297 -0.000022638  0.000456235 |         -0.0 | -0.000000971 -0.000000031, -0.000002300  0.000000025
MOVE:  056 |  0.000010466 -0.000017454 -0.000020569 -0.000325476  0.000343264 -0.007066535 |         -1.9 |  0.000014669 -0.000005522,  0.000018789 -0.000001326
CONST: 056 | 45 6.24659e-05 1.25464e-05 0.000224431 -0.00105548 -7.97357e-05 -0.00706654

ABS:   057 |  0.000062531  0.000012546  0.000224431 -0.001055476 -0.000079736 -0.007066535 |         52.2 |  0.000005601  0.000048665,  0.000000778  0.000551546
DIFF:  057 |  0.000000065  0.000000000  0.000000000  0.000000000  0.000000000  0.000000000 |          0.0 |  0.000000065 -0.000000000,  0.000000000  0.000000000
MOVE:  057 |  0.000010531 -0.000017454 -0.000020569 -0.000325476  0.000343264 -0.007066535 |         -1.9 |  0.000014735 -0.000005522,  0.000018789 -0.000001326
CONST: 057 | 45 6.25312e-05 1.25464e-05 0.000224431 -0.00105548 -7.97357e-05 -0.00706654

ABS:   058 |  0.000062401  0.000012546  0.000224431 -0.001055476 -0.000079736 -0.007066535 |         52.2 |  0.000005470  0.000048665,  0.000000778  0.000551546
DIFF:  058 | -0.000000131  0.000000000  0.000000000  0.000000000  0.000000000  0.000000000 |         -0.0 | -0.000000131  0.000000000, -0.000000000 -0.000000000
MOVE:  058 |  0.000010401 -0.000017454 -0.000020569 -0.000325476  0.000343264 -0.007066535 |         -1.9 |  0.000014604 -0.000005522,  0.000018789 -0.000001326
CONST: 058 | 45 6.24006e-05 1.25464e-05 0.000224431 -0.00105548 -7.97357e-05 -0.00706654

ABS:   059 |  0.000062466  0.000012579  0.000224431 -0.001055476 -0.000079736 -0.007066535 |         52.2 |  0.000005536  0.000048665,  0.000000783  0.000551547
DIFF:  059 |  0.000000065  0.000000033  0.000000000  0.000000000  0.000000000  0.000000000 |          0.0 |  0.000000066 -0.000000000,  0.000000005  0.000000001
MOVE:  059 |  0.000010466 -0.000017421 -0.000020569 -0.000325476  0.000343264 -0.007066535 |         -1.9 |  0.000014670 -0.000005522,  0.000018793 -0.000001324
CONST: 059 | 45 6.24659e-05 1.2579e-05 0.000224431 -0.00105548 -7.97357e-05 -0.00706654

ABS:   060 |  0.000062466  0.000012514  0.000224431 -0.001055476 -0.000079736 -0.007066535 |         52.2 |  0.000005535  0.000048665,  0.000000774  0.000551545
DIFF:  060 |  0.000000000 -0.000000065  0.000000000  0.000000000  0.000000000  0.000000000 |         -0.0 | -0.000000002  0.000000000, -0.000000009 -0.000000003
MOVE:  060 |  0.000010466 -0.000017486 -0.000020569 -0.000325476  0.000343264 -0.007066535 |         -1.9 |  0.000014669 -0.000005522,  0.000018784 -0.000001327
CONST: 060 | 45 6.24659e-05 1.25137e-05 0.000224431 -0.00105548 -7.97357e-05 -0.00706654

ABS:   061 |  0.000062466  0.000012873  0.000224431 -0.001055476 -0.000079736 -0.007066535 |         52.2 |  0.000005544  0.000048665,  0.000000825  0.000551559
DIFF:  061 |  0.000000000  0.000000359  0.000000000  0.000000000  0.000000000  0.000000000 |          0.0 |  0.000000009 -0.000000000,  0.000000051  0.000000014
MOVE:  061 |  0.000010466 -0.000017127 -0.000020569 -0.000325476  0.000343264 -0.007066535 |         -1.9 |  0.000014678 -0.000005523,  0.000018835 -0.000001313
CONST: 061 | 45 6.24659e-05 1.28725e-05 0.000224431 -0.00105548 -7.97357e-05 -0.00706654

ABS:   062 |  0.000062466  0.000012220  0.000224431 -0.001055476 -0.000079736 -0.007066535 |         52.1 |  0.000005527  0.000048665,  0.000000996  0.000551335
DIFF:  062 |  0.000000000 -0.000000652  0.000000000  0.000000000  0.000000000  0.000000000 |         -0.0 | -0.000000017  0.000000000,  0.000000172 -0.000000224
MOVE:  062 |  0.000010466 -0.000017780 -0.000020569 -0.000325476  0.000343264 -0.007066535 |         -2.0 |  0.000014661 -0.000005522,  0.000019007 -0.000001536
CONST: 062 | 45 6.24659e-05 1.22202e-05 0.000224431 -0.00105548 -7.97357e-05 -0.00706654

ABS:   063 |  0.000062466  0.000012579  0.000224431 -0.001055476 -0.000079736 -0.007066535 |         52.2 |  0.000005536  0.000048665,  0.000000783  0.000551547
DIFF:  063 |  0.000000000  0.000000359  0.000000000  0.000000000  0.000000000  0.000000000 |          0.0 |  0.000000009 -0.000000000, -0.000000214  0.000000212
MOVE:  063 |  0.000010466 -0.000017421 -0.000020569 -0.000325476  0.000343264 -0.007066535 |         -1.9 |  0.000014670 -0.000005522,  0.000018793 -0.000001324
CONST: 063 | 45 6.24659e-05 1.2579e-05 0.000224431 -0.00105548 -7.97357e-05 -0.00706654

ABS:   064 |  0.000062466  0.000012514  0.000224431 -0.001055476 -0.000079736 -0.007066535 |         52.2 |  0.000005535  0.000048665,  0.000000774  0.000551545
DIFF:  064 |  0.000000000 -0.000000065  0.000000000  0.000000000  0.000000000  0.000000000 |         -0.0 | -0.000000002  0.000000000, -0.000000009 -0.000000003
MOVE:  064 |  0.000010466 -0.000017486 -0.000020569 -0.000325476  0.000343264 -0.007066535 |         -1.9 |  0.000014669 -0.000005522,  0.000018784 -0.000001327
CONST: 064 | 45 6.24659e-05 1.25138e-05 0.000224431 -0.00105548 -7.97357e-05 -0.00706654

ABS:   065 |  0.000062466  0.000012546  0.000224724 -0.001055476 -0.000079736 -0.007066535 |         52.2 |  0.000005536  0.000048665,  0.000000486  0.000551546
DIFF:  065 |  0.000000000  0.000000033  0.000000292  0.000000000  0.000000000  0.000000000 |          0.0 |  0.000000001 -0.000000000, -0.000000288  0.000000001
MOVE:  065 |  0.000010466 -0.000017454 -0.000020276 -0.000325476  0.000343264 -0.007066535 |         -1.9 |  0.000014669 -0.000005522,  0.000018496 -0.000001326
CONST: 065 | 45 6.24659e-05 1.25464e-05 0.000224724 -0.00105548 -7.97357e-05 -0.00706654

ABS:   066 |  0.000062466  0.000012546  0.000224139 -0.001055476 -0.000079736 -0.007066535 |         52.2 |  0.000005536  0.000048665,  0.000001071  0.000551546
DIFF:  066 |  0.000000000  0.000000000 -0.000000585  0.000000000  0.000000000  0.000000000 |          0.0 | -0.000000000 -0.000000000,  0.000000585  0.000000000
MOVE:  066 |  0.000010466 -0.000017454 -0.000020861 -0.000325476  0.000343264 -0.007066535 |         -1.9 |  0.000014669 -0.000005522,  0.000019081 -0.000001326
CONST: 066 | 45 6.24659e-05 1.25464e-05 0.000224139 -0.00105548 -7.97357e-05 -0.00706654

ABS:   067 |  0.000062466  0.000012546  0.000224431 -0.001052286 -0.000079736 -0.007066535 |         52.1 |  0.000005532  0.000048664,  0.000000801  0.000551348
DIFF:  067 |  0.000000000  0.000000000  0.000000292  0.000003190  0.000000000  0.000000000 |         -0.0 | -0.000000004 -0.000000001, -0.000000269 -0.000000198
MOVE:  067 |  0.000010466 -0.000017454 -0.000020569 -0.000322286  0.000343264 -0.007066535 |         -2.0 |  0.000014665 -0.000005524,  0.000018812 -0.000001524
CONST: 067 | 45 6.24659e-05 1.25464e-05 0.000224431 -0.00105229 -7.97357e-05 -0.00706654

ABS:   068 |  0.000062466  0.000012546  0.000224431 -0.001058666 -0.000079736 -0.007066535 |         52.2 |  0.000005540  0.000048667,  0.000001020  0.000551546
DIFF:  068 |  0.000000000  0.000000000  0.000000000 -0.000006381  0.000000000  0.000000000 |          0.0 |  0.000000008  0.000000003,  0.000000219  0.000000198
MOVE:  068 |  0.000010466 -0.000017454 -0.000020569 -0.000328666  0.000343264 -0.007066535 |         -1.9 |  0.000014674 -0.000005521,  0.000019030 -0.000001325
CONST: 068 | 45 6.24659e-05 1.25464e-05 0.000224431 -0.00105867 -7.97357e-05 -0.00706654

ABS:   069 |  0.000062466  0.000012546  0.000224431 -0.001055157 -0.000079736 -0.007066535 |         52.2 |  0.000005535  0.000048665,  0.000000754  0.000551546
DIFF:  069 |  0.000000000  0.000000000  0.000000000  0.000003509  0.000000000  0.000000000 |         -0.0 | -0.000000005 -0.000000002, -0.000000266 -0.000000000
MOVE:  069 |  0.000010466 -0.000017454 -0.000020569 -0.000325157  0.000343264 -0.007066535 |         -1.9 |  0.000014669 -0.000005523,  0.000018765 -0.000001326
CONST: 069 | 45 6.24659e-05 1.25464e-05 0.000224431 -0.00105516 -7.97357e-05 -0.00706654

ABS:   070 |  0.000062466  0.000012546  0.000224431 -0.001055795 -0.000079736 -0.007066535 |         52.2 |  0.000005536  0.000048665,  0.000000802  0.000551546
DIFF:  070 |  0.000000000  0.000000000  0.000000000 -0.000000638  0.000000000  0.000000000 |          0.0 |  0.000000001  0.000000000,  0.000000048  0.000000000
MOVE:  070 |  0.000010466 -0.000017454 -0.000020569 -0.000325795  0.000343264 -0.007066535 |         -1.9 |  0.000014670 -0.000005522,  0.000018813 -0.000001326
CONST: 070 | 45 6.24659e-05 1.25464e-05 0.000224431 -0.0010558 -7.97357e-05 -0.00706654

ABS:   071 |  0.000062466  0.000012546  0.000224431 -0.001052286 -0.000079736 -0.007066535 |         52.1 |  0.000005532  0.000048664,  0.000000801  0.000551348
DIFF:  071 |  0.000000000  0.000000000  0.000000000  0.000003509  0.000000000  0.000000000 |         -0.0 | -0.000000005 -0.000000002, -0.000000001 -0.000000198
MOVE:  071 |  0.000010466 -0.000017454 -0.000020569 -0.000322286  0.000343264 -0.007066535 |         -2.0 |  0.000014665 -0.000005524,  0.000018812 -0.000001524
CONST: 071 | 45 6.24659e-05 1.25464e-05 0.000224431 -0.00105229 -7.97357e-05 -0.00706654

ABS:   072 |  0.000062466  0.000012546  0.000224431 -0.001058666 -0.000079736 -0.007066535 |         52.2 |  0.000005540  0.000048667,  0.000001020  0.000551546
DIFF:  072 |  0.000000000  0.000000000  0.000000000 -0.000006380  0.000000000  0.000000000 |          0.0 |  0.000000008  0.000000003,  0.000000218  0.000000198
MOVE:  072 |  0.000010466 -0.000017454 -0.000020569 -0.000328666  0.000343264 -0.007066535 |         -1.9 |  0.000014674 -0.000005521,  0.000019030 -0.000001325
CONST: 072 | 45 6.24659e-05 1.25464e-05 0.000224431 -0.00105867 -7.97357e-05 -0.00706654

ABS:   073 |  0.000062466  0.000012546  0.000224431 -0.001055476 -0.000079019 -0.007066535 |         52.2 |  0.000005547  0.000048666,  0.000000778  0.000551546
DIFF:  073 |  0.000000000  0.000000000  0.000000000  0.000003190  0.000000717  0.000000000 |         -0.0 |  0.000000008 -0.000000001, -0.000000242 -0.000000000
MOVE:  073 |  0.000010466 -0.000017454 -0.000020569 -0.000325476  0.000343981 -0.007066535 |         -1.9 |  0.000014681 -0.000005522,  0.000018788 -0.000001326
CONST: 073 | 45 6.24659e-05 1.25464e-05 0.000224431 -0.00105548 -7.90188e-05 -0.00706654

ABS:   074 |  0.000062466  0.000012546  0.000224431 -0.001055476 -0.000080452 -0.007066535 |         52.2 |  0.000005524  0.000048665,  0.000000779  0.000551546
DIFF:  074 |  0.000000000  0.000000000  0.000000000  0.000000000 -0.000001434  0.000000000 |         -0.0 | -0.000000023 -0.000000002,  0.000000001  0.000000000
MOVE:  074 |  0.000010466 -0.000017454 -0.000020569 -0.000325476  0.000342548 -0.007066535 |         -1.9 |  0.000014658 -0.000005523,  0.000018789 -0.000001326
CONST: 074 | 45 6.24659e-05 1.25464e-05 0.000224431 -0.00105548 -8.04525e-05 -0.00706654

ABS:   075 |  0.000062466  0.000012546  0.000224431 -0.001055476 -0.000079736 -0.007012410 |         52.2 |  0.000005516  0.000048665,  0.000000754  0.000551539
DIFF:  075 |  0.000000000  0.000000000  0.000000000  0.000000000  0.000000717  0.000054126 |         -0.0 | -0.000000008  0.000000000, -0.000000024 -0.000000007
MOVE:  075 |  0.000010466 -0.000017454 -0.000020569 -0.000325476  0.000343264 -0.007012410 |         -1.9 |  0.000014650 -0.000005523,  0.000018765 -0.000001333
CONST: 075 | 45 6.24659e-05 1.25464e-05 0.000224431 -0.00105548 -7.97357e-05 -0.00701241

ABS:   076 |  0.000062466  0.000012546  0.000224431 -0.001055476 -0.000079736 -0.007120653 |         52.2 |  0.000005555  0.000048666,  0.000000802  0.000551553
DIFF:  076 |  0.000000000  0.000000000  0.000000000  0.000000000  0.000000000 -0.000108243 |          0.0 |  0.000000039  0.000000001,  0.000000048  0.000000014
MOVE:  076 |  0.000010466 -0.000017454 -0.000020569 -0.000325476  0.000343264 -0.007120653 |         -1.9 |  0.000014689 -0.000005522,  0.000018813 -0.000001319
CONST: 076 | 45 6.24659e-05 1.25464e-05 0.000224431 -0.00105548 -7.97357e-05 -0.00712065

ABS:   077 |  0.000068228 -0.000009037  0.000210185 -0.000493933  0.000156792 -0.010792532 |         53.3 |  0.000013408  0.000051023, -0.000011707  0.000551930
DIFF:  077 |  0.000005762 -0.000021583 -0.000014246  0.000561543  0.000236528 -0.003671879 |          1.1 |  0.000007853  0.000002357, -0.000012509  0.000000377
MOVE:  077 |  0.000016228 -0.000039037 -0.000034815  0.000236067  0.000579792 -0.010792532 |         -0.8 |  0.000022542 -0.000003165,  0.000006303 -0.000000942
CONST: 077 | 45 6.82279e-05 -9.037e-06 0.000210185 -0.000493933 0.000156792 -0.0107925

ABS:   078 |  0.000064650  0.000004362  0.000219030 -0.000842581  0.000009939 -0.008485091 |         52.3 |  0.000008617  0.000048990, -0.000001512  0.000551032
DIFF:  078 | -0.000003577  0.000013399  0.000008845 -0.000348649 -0.000146853  0.002307441 |         -1.0 | -0.000004791 -0.000002032,  0.000010195 -0.000000898
MOVE:  078 |  0.000012650 -0.000025638 -0.000025970 -0.000112581  0.000432939 -0.008485091 |         -1.8 |  0.000017751 -0.000005198,  0.000016498 -0.000001840
CONST: 078 | 45 6.46505e-05 4.36205e-06 0.00021903 -0.000842581 9.93939e-06 -0.00848509

ABS:   079 |  0.000063482  0.000008738  0.000221918 -0.000956416 -0.000038009 -0.007727392 |         52.2 |  0.000006989  0.000048652,  0.000000811  0.000551475
DIFF:  079 | -0.000001168  0.000004376  0.000002888 -0.000113834 -0.000047949  0.000757699 |         -0.1 | -0.000001628 -0.000000338,  0.000002323  0.000000443
MOVE:  079 |  0.000011482 -0.000021262 -0.000023082 -0.000226416  0.000384991 -0.007727392 |         -1.9 |  0.000016123 -0.000005536,  0.000018821 -0.000001397
CONST: 079 | 45 6.34824e-05 8.738e-06 0.000221918 -0.000956416 -3.80093e-05 -0.00772739

ABS:   080 |  0.000062952  0.000010726  0.000223230 -0.001008131 -0.000059793 -0.007382553 |         52.2 |  0.000006211  0.000048665,  0.000000117  0.000551707
DIFF:  080 | -0.000000531  0.000001988  0.000001312 -0.000051715 -0.000021783  0.000344839 |          0.0 | -0.000000777  0.000000012, -0.000000694  0.000000232
MOVE:  080 |  0.000010952 -0.000019274 -0.000021770 -0.000278131  0.000363207 -0.007382553 |         -1.9 |  0.000015345 -0.000005523,  0.000018127 -0.000001165
CONST: 080 | 45 6.29517e-05 1.07261e-05 0.00022323 -0.00100813 -5.97928e-05 -0.00738255

ABS:   081 |  0.000062669  0.000011784  0.000223928 -0.001035639 -0.000071380 -0.007198978 |         52.2 |  0.000005876  0.000048721,  0.000000254  0.000551530
DIFF:  081 | -0.000000282  0.000001058  0.000000698 -0.000027508 -0.000011587  0.000183574 |         -0.0 | -0.000000336  0.000000057,  0.000000138 -0.000000177
MOVE:  081 |  0.000010669 -0.000018216 -0.000021072 -0.000305639  0.000351620 -0.007198978 |         -1.9 |  0.000015009 -0.000005467,  0.000018265 -0.000001342
CONST: 081 | 45 6.26695e-05 1.17837e-05 0.000223928 -0.00103564 -7.13798e-05 -0.00719898

ABS:   082 |  0.000062549  0.000012235  0.000224226 -0.001047370 -0.000076321 -0.007120661 |         52.2 |  0.000005673  0.000048716,  0.000000613  0.000551342
DIFF:  082 | -0.000000120  0.000000451  0.000000298 -0.000011731 -0.000004941  0.000078317 |         -0.0 | -0.000000202 -0.000000005,  0.000000358 -0.000000188
MOVE:  082 |  0.000010549 -0.000017765 -0.000020774 -0.000317370  0.000346679 -0.007120661 |         -2.0 |  0.000014807 -0.000005472,  0.000018623 -0.000001530
CONST: 082 | 45 6.25491e-05 1.22347e-05 0.000224226 -0.00104737 -7.63213e-05 -0.00712066

ABS:   083 |  0.000062614  0.000012235  0.000224226 -0.001047370 -0.000076321 -0.007120661 |         52.2 |  0.000005739  0.000048716,  0.000000613  0.000551342
DIFF:  083 |  0.000000065  0.000000000  0.000000000  0.000000000  0.000000000  0.000000000 |          0.0 |  0.000000065 -0.000000000,  0.000000000  0.000000000
MOVE:  083 |  0.000010614 -0.000017765 -0.000020774 -0.000317370  0.000346679 -0.007120661 |         -2.0 |  0.000014872 -0.000005472,  0.000018623 -0.000001530
CONST: 083 | 45 6.26143e-05 1.22347e-05 0.000224226 -0.00104737 -7.63213e-05 -0.00712066

ABS:   084 |  0.000062484  0.000012235  0.000224226 -0.001047370 -0.000076321 -0.007120661 |         52.2 |  0.000005608  0.000048716,  0.000000613  0.000551342
DIFF:  084 | -0.000000131  0.000000000  0.000000000  0.000000000  0.000000000  0.000000000 |         -0.0 | -0.000000131  0.000000000, -0.000000000 -0.000000000
MOVE:  084 |  0.000010484 -0.000017765 -0.000020774 -0.000317370  0.000346679 -0.007120661 |         -2.0 |  0.000014742 -0.000005472,  0.000018623 -0.000001530
CONST: 084 | 45 6.24838e-05 1.22347e-05 0.000224226 -0.00104737 -7.63213e-05 -0.00712066

ABS:   085 |  0.000062549  0.000012561  0.000224226 -0.001047370 -0.000076321 -0.007120661 |         52.2 |  0.000005682  0.000048716,  0.000000659  0.000551355
DIFF:  085 |  0.000000065  0.000000326  0.000000000  0.000000000  0.000000000  0.000000000 |          0.0 |  0.000000074 -0.000000000,  0.000000046  0.000000013
MOVE:  085 |  0.000010549 -0.000017439 -0.000020774 -0.000317370  0.000346679 -0.007120661 |         -2.0 |  0.000014815 -0.000005472,  0.000018670 -0.000001517
CONST: 085 | 45 6.25491e-05 1.25608e-05 0.000224226 -0.00104737 -7.63213e-05 -0.00712066

ABS:   086 |  0.000062549  0.000011909  0.000224226 -0.001047370 -0.000076321 -0.007120661 |         52.2 |  0.000005665  0.000048716,  0.000000566  0.000551329
DIFF:  086 |  0.000000000 -0.000000652  0.000000000  0.000000000  0.000000000  0.000000000 |         -0.0 | -0.000000017  0.000000000, -0.000000093 -0.000000026
MOVE:  086 |  0.000010549 -0.000018091 -0.000020774 -0.000317370  0.000346679 -0.007120661 |         -2.0 |  0.000014799 -0.000005472,  0.000018577 -0.000001543
CONST: 086 | 45 6.25491e-05 1.19086e-05 0.000224226 -0.00104737 -7.63213e-05 -0.00712066

ABS:   087 |  0.000062549  0.000012235  0.000224518 -0.001047370 -0.000076321 -0.007120661 |         52.2 |  0.000005673  0.000048716,  0.000000320  0.000551342
DIFF:  087 |  0.000000000  0.000000326  0.000000293  0.000000000  0.000000000  0.000000000 |          0.0 |  0.000000008 -0.000000000, -0.000000246  0.000000013
MOVE:  087 |  0.000010549 -0.000017765 -0.000020482 -0.000317370  0.000346679 -0.007120661 |         -2.0 |  0.000014807 -0.000005472,  0.000018331 -0.000001530
CONST: 087 | 45 6.25491e-05 1.22347e-05 0.000224518 -0.00104737 -7.63213e-05 -0.00712066

ABS:   088 |  0.000062549  0.000012235  0.000223933 -0.001047370 -0.000076321 -0.007120661 |         52.2 |  0.000005673  0.000048716,  0.000000905  0.000551342
DIFF:  088 |  0.000000000  0.000000000 -0.000000585  0.000000000  0.000000000  0.000000000 |          0.0 | -0.000000000 -0.000000000,  0.000000585  0.000000000
MOVE:  088 |  0.000010549 -0.000017765 -0.000021067 -0.000317370  0.000346679 -0.007120661 |         -2.0 |  0.000014807 -0.000005472,  0.000018916 -0.000001530
CONST: 088 | 45 6.25491e-05 1.22347e-05 0.000223933 -0.00104737 -7.63213e-05 -0.00712066

ABS:   089 |  0.000062549  0.000012235  0.000224226 -0.001047051 -0.000076321 -0.007120661 |         52.2 |  0.000005673  0.000048716,  0.000000589  0.000551342
DIFF:  089 |  0.000000000  0.000000000  0.000000293  0.000000319  0.000000000  0.000000000 |         -0.0 | -0.000000000 -0.000000000, -0.000000317 -0.000000000
MOVE:  089 |  0.000010549 -0.000017765 -0.000020774 -0.000317051  0.000346679 -0.007120661 |         -2.0 |  0.000014807 -0.000005472,  0.000018599 -0.000001530
CONST: 089 | 45 6.25491e-05 1.22347e-05 0.000224226 -0.00104705 -7.63213e-05 -0.00712066

ABS:   090 |  0.000062549  0.000012235  0.000224226 -0.001047689 -0.000076321 -0.007120661 |         52.2 |  0.000005674  0.000048716,  0.000000637  0.000551342
DIFF:  090 |  0.000000000  0.000000000  0.000000000 -0.000000638  0.000000000  0.000000000 |          0.0 |  0.000000001  0.000000000,  0.000000048  0.000000000
MOVE:  090 |  0.000010549 -0.000017765 -0.000020774 -0.000317689  0.000346679 -0.007120661 |         -2.0 |  0.000014807 -0.000005472,  0.000018647 -0.000001530
CONST: 090 | 45 6.25491e-05 1.22347e-05 0.000224226 -0.00104769 -7.63213e-05 -0.00712066

ABS:   091 |  0.000062549  0.000012235  0.000224226 -0.001044180 -0.000076321 -0.007120661 |         52.2 |  0.000005669  0.000048715,  0.000000371  0.000551342
DIFF:  091 |  0.000000000  0.000000000  0.000000000  0.000003509  0.000000000  0.000000000 |         -0.0 | -0.000000005 -0.000000002, -0.000000266 -0.000000000
MOVE:  091 |  0.000010549 -0.000017765 -0.000020774 -0.000314180  0.000346679 -0.007120661 |         -2.0 |  0.000014803 -0.000005473,  0.000018382 -0.000001530
CONST: 091 | 45 6.25491e-05 1.22347e-05 0.000224226 -0.00104418 -7.63213e-05 -0.00712066

ABS:   092 |  0.000062549  0.000012235  0.000224226 -0.001050560 -0.000076321 -0.007120661 |         52.2 |  0.000005677  0.000048717,  0.000000854  0.000551342
DIFF:  092 |  0.000000000  0.000000000  0.000000000 -0.000006380  0.000000000  0.000000000 |          0.0 |  0.000000008  0.000000003,  0.000000483  0.000000000
MOVE:  092 |  0.000010549 -0.000017765 -0.000020774 -0.000320560  0.000346679 -0.007120661 |         -2.0 |  0.000014811 -0.000005470,  0.000018865 -0.000001530
CONST: 092 | 45 6.25491e-05 1.22347e-05 0.000224226 -0.00105056 -7.63213e-05 -0.00712066

ABS:   093 |  0.000062549  0.000012235  0.000224226 -0.001047370 -0.000075605 -0.007120661 |         52.2 |  0.000005685  0.000048717,  0.000000612  0.000551342
DIFF:  093 |  0.000000000  0.000000000  0.000000000  0.000003190  0.000000716  0.000000000 |          0.0 |  0.000000008 -0.000000000, -0.000000242 -0.000000000
MOVE:  093 |  0.000010549 -0.000017765 -0.000020774 -0.000317370  0.000347395 -0.007120661 |         -2.0 |  0.000014819 -0.000005471,  0.000018623 -0.000001530
CONST: 093 | 45 6.25491e-05 1.22347e-05 0.000224226 -0.00104737 -7.56052e-05 -0.00712066

ABS:   094 |  0.000062549  0.000012235  0.000224226 -0.001047370 -0.000077037 -0.007120661 |         52.2 |  0.000005662  0.000048715,  0.000000613  0.000551342
DIFF:  094 |  0.000000000  0.000000000  0.000000000  0.000000000 -0.000001432  0.000000000 |         -0.0 | -0.000000023 -0.000000002,  0.000000001  0.000000000
MOVE:  094 |  0.000010549 -0.000017765 -0.000020774 -0.000317370  0.000345963 -0.007120661 |         -2.0 |  0.000014795 -0.000005473,  0.000018624 -0.000001530
CONST: 094 | 45 6.25491e-05 1.22347e-05 0.000224226 -0.00104737 -7.70374e-05 -0.00712066

ABS:   095 |  0.000062549  0.000012235  0.000224226 -0.001047370 -0.000076321 -0.007066442 |         52.2 |  0.000005654  0.000048715,  0.000000589  0.000551335
DIFF:  095 |  0.000000000  0.000000000  0.000000000  0.000000000  0.000000716  0.000054219 |         -0.0 | -0.000000008  0.000000001, -0.000000024 -0.000000007
MOVE:  095 |  0.000010549 -0.000017765 -0.000020774 -0.000317370  0.000346679 -0.007066442 |         -2.0 |  0.000014788 -0.000005472,  0.000018599 -0.000001537
CONST: 095 | 45 6.25491e-05 1.22347e-05 0.000224226 -0.00104737 -7.63213e-05 -0.00706644

ABS:   096 |  0.000062549  0.000012235  0.000224226 -0.001047370 -0.000076321 -0.007174871 |         52.2 |  0.000005693  0.000048717,  0.000000637  0.000551349
DIFF:  096 |  0.000000000  0.000000000  0.000000000  0.000000000  0.000000000 -0.000108429 |          0.0 |  0.000000039  0.000000001,  0.000000048  0.000000014
MOVE:  096 |  0.000010549 -0.000017765 -0.000020774 -0.000317370  0.000346679 -0.007174871 |         -2.0 |  0.000014827 -0.000005471,  0.000018647 -0.000001523
CONST: 096 | 45 6.25491e-05 1.22347e-05 0.000224226 -0.00104737 -7.63213e-05 -0.00717487

ABS:   097 |  0.000058529  0.000012695  0.000223332 -0.001047496 -0.000071444 -0.004134323 |         52.3 |  0.000001562  0.000048615, -0.000000266  0.000552636
DIFF:  097 | -0.000004021  0.000000461 -0.000000893 -0.000000125  0.000004878  0.003040548 |          0.2 | -0.000004131 -0.000000102, -0.000000903  0.000001288
MOVE:  097 |  0.000006529 -0.000017305 -0.000021668 -0.000317496  0.000351556 -0.004134323 |         -1.8 |  0.000010696 -0.000005573,  0.000017745 -0.000000235
CONST: 097 | 45 5.85285e-05 1.26953e-05 0.000223332 -0.0010475 -7.14438e-05 -0.00413432

ABS:   098 |  0.000061411  0.000012365  0.000223973 -0.001047406 -0.000074940 -0.006277233 |         52.2 |  0.000004520  0.000048708, -0.000000016  0.000551643
DIFF:  098 |  0.000002882 -0.000000330  0.000000640  0.000000090 -0.000003496 -0.002142910 |         -0.1 |  0.000002958  0.000000093,  0.000000250 -0.000000994
MOVE:  098 |  0.000009411 -0.000017635 -0.000021027 -0.000317406  0.000348060 -0.006277233 |         -1.9 |  0.000013654 -0.000005480,  0.000017995 -0.000001229
CONST: 098 | 45 6.14107e-05 1.23651e-05 0.000223973 -0.00104741 -7.49402e-05 -0.00627723

ABS:   099 |  0.000062176  0.000012277  0.000224143 -0.001047382 -0.000075869 -0.006844385 |         52.2 |  0.000005328  0.000048725,  0.000000315  0.000551508
DIFF:  099 |  0.000000765 -0.000000088  0.000000170  0.000000024 -0.000000928 -0.000567152 |         -0.0 |  0.000000808  0.000000017,  0.000000331 -0.000000135
MOVE:  099 |  0.000010176 -0.000017723 -0.000020857 -0.000317382  0.000347131 -0.006844385 |         -1.9 |  0.000014461 -0.000005462,  0.000018325 -0.000001364
CONST: 099 | 45 6.21759e-05 1.22775e-05 0.000224143 -0.00104738 -7.58685e-05 -0.00684438

ABS:   100 |  0.000062472  0.000012244  0.000224208 -0.001047373 -0.000076227 -0.007063377 |         52.2 |  0.000005577  0.000048716,  0.000000606  0.000551335
DIFF:  100 |  0.000000296 -0.000000034  0.000000066  0.000000009 -0.000000359 -0.000218992 |         -0.0 |  0.000000249 -0.000000010,  0.000000291 -0.000000173
MOVE:  100 |  0.000010472 -0.000017756 -0.000020792 -0.000317373  0.000346773 -0.007063377 |         -2.0 |  0.000014711 -0.000005472,  0.000018616 -0.000001537
CONST: 100 | 45 6.24717e-05 1.22436e-05 0.000224208 -0.00104737 -7.62274e-05 -0.00706338

ABS:   101 |  0.000062449  0.000012246  0.000224203 -0.001047373 -0.000076200 -0.007046851 |         52.2 |  0.000005549  0.000048715,  0.000000604  0.000551333
DIFF:  101 | -0.000000022  0.000000003 -0.000000005 -0.000000001  0.000000027  0.000016525 |         -0.0 | -0.000000028 -0.000000000, -0.000000002 -0.000000002
MOVE:  101 |  0.000010449 -0.000017754 -0.000020797 -0.000317373  0.000346800 -0.007046851 |         -2.0 |  0.000014683 -0.000005472,  0.000018614 -0.000001539
CONST: 101 | 45 6.24494e-05 1.22462e-05 0.000224203 -0.00104737 -7.62003e-05 -0.00704685

ABS:   102 |  0.000062195  0.000012275  0.000224147 -0.001047381 -0.000075891 -0.006858204 |         52.2 |  0.000005351  0.000048725,  0.000000317  0.000551509
DIFF:  102 | -0.000000255  0.000000029 -0.000000057 -0.000000008  0.000000309  0.000188647 |          0.0 | -0.000000198  0.000000010, -0.000000287  0.000000176
MOVE:  102 |  0.000010195 -0.000017725 -0.000020853 -0.000317381  0.000347109 -0.006858204 |         -1.9 |  0.000014485 -0.000005462,  0.000018327 -0.000001363
CONST: 102 | 45 6.21946e-05 1.22753e-05 0.000224147 -0.00104738 -7.58912e-05 -0.0068582

ABS:   103 |  0.000062322  0.000012261  0.000224175 -0.001047377 -0.000076046 -0.006952540 |         52.2 |  0.000005461  0.000048731,  0.000000592  0.000551322
DIFF:  103 |  0.000000127 -0.000000015  0.000000028  0.000000004 -0.000000155 -0.000094336 |         -0.0 |  0.000000111  0.000000006,  0.000000276 -0.000000187
MOVE:  103 |  0.000010322 -0.000017739 -0.000020825 -0.000317377  0.000346954 -0.006952540 |         -2.0 |  0.000014595 -0.000005456,  0.000018603 -0.000001550
CONST: 103 | 45 6.2322e-05 1.22608e-05 0.000224175 -0.00104738 -7.60457e-05 -0.00695254

ABS:   104 |  0.000062397  0.000012252  0.000224192 -0.001047375 -0.000076137 -0.007008418 |         52.2 |  0.000005510  0.000048688,  0.000000599  0.000551328
DIFF:  104 |  0.000000075 -0.000000009  0.000000017  0.000000002 -0.000000092 -0.000055878 |         -0.0 |  0.000000048 -0.000000043,  0.000000007  0.000000006
MOVE:  104 |  0.000010397 -0.000017748 -0.000020808 -0.000317375  0.000346863 -0.007008418 |         -2.0 |  0.000014644 -0.000005500,  0.000018610 -0.000001543
CONST: 104 | 45 6.23974e-05 1.22521e-05 0.000224192 -0.00104737 -7.61373e-05 -0.00700842

ABS:   105 |  0.000062341  0.000012259  0.000224179 -0.001047377 -0.000076068 -0.006966355 |         52.2 |  0.000005462  0.000048709,  0.000000594  0.000551324
DIFF:  105 | -0.000000057  0.000000007 -0.000000013 -0.000000002  0.000000069  0.000042063 |          0.0 | -0.000000048  0.000000022, -0.000000005 -0.000000005
MOVE:  105 |  0.000010341 -0.000017741 -0.000020821 -0.000317377  0.000346932 -0.006966355 |         -2.0 |  0.000014596 -0.000005478,  0.000018605 -0.000001548
CONST: 105 | 45 6.23406e-05 1.22586e-05 0.000224179 -0.00104738 -7.60684e-05 -0.00696635

ABS:   106 |  0.000062463  0.000012252  0.000224192 -0.001047375 -0.000076137 -0.007008418 |         52.2 |  0.000005550  0.000048715,  0.000000599  0.000551328
DIFF:  106 |  0.000000122 -0.000000007  0.000000013  0.000000002 -0.000000069 -0.000042063 |          0.0 |  0.000000088  0.000000006,  0.000000005  0.000000005
MOVE:  106 |  0.000010463 -0.000017748 -0.000020808 -0.000317375  0.000346863 -0.007008418 |         -2.0 |  0.000014684 -0.000005473,  0.000018610 -0.000001543
CONST: 106 | 45 6.24627e-05 1.22521e-05 0.000224192 -0.00104737 -7.61373e-05 -0.00700842

ABS:   107 |  0.000062332  0.000012252  0.000224192 -0.001047375 -0.000076137 -0.007008418 |         52.2 |  0.000005467  0.000048710,  0.000000599  0.000551328
DIFF:  107 | -0.000000130  0.000000000  0.000000000  0.000000000  0.000000000  0.000000000 |         -0.0 | -0.000000083 -0.000000005, -0.000000000 -0.000000000
MOVE:  107 |  0.000010332 -0.000017748 -0.000020808 -0.000317375  0.000346863 -0.007008418 |         -2.0 |  0.000014601 -0.000005478,  0.000018610 -0.000001543
CONST: 107 | 45 6.23322e-05 1.22521e-05 0.000224192 -0.00104737 -7.61373e-05 -0.00700842

ABS:   108 |  0.000062397  0.000012578  0.000224192 -0.001047375 -0.000076137 -0.007008418 |         52.2 |  0.000005493  0.000048715,  0.000000646  0.000551341
DIFF:  108 |  0.000000065  0.000000326  0.000000000  0.000000000  0.000000000  0.000000000 |          0.0 |  0.000000026  0.000000005,  0.000000046  0.000000013
MOVE:  108 |  0.000010397 -0.000017422 -0.000020808 -0.000317375  0.000346863 -0.007008418 |         -2.0 |  0.000014627 -0.000005473,  0.000018656 -0.000001530
CONST: 108 | 45 6.23974e-05 1.25782e-05 0.000224192 -0.00104737 -7.61373e-05 -0.00700842

ABS:   109 |  0.000062397  0.000011926  0.000224192 -0.001047375 -0.000076137 -0.007008418 |         52.1 |  0.000005501  0.000048688,  0.000000553  0.000551316
DIFF:  109 |  0.000000000 -0.000000652  0.000000000  0.000000000  0.000000000  0.000000000 |         -0.0 |  0.000000008 -0.000000027, -0.000000093 -0.000000026
MOVE:  109 |  0.000010397 -0.000018074 -0.000020808 -0.000317375  0.000346863 -0.007008418 |         -2.0 |  0.000014635 -0.000005500,  0.000018563 -0.000001556
CONST: 109 | 45 6.23974e-05 1.1926e-05 0.000224192 -0.00104737 -7.61373e-05 -0.00700842

ABS:   110 |  0.000062397  0.000012285  0.000224192 -0.001047375 -0.000076137 -0.007008418 |         52.2 |  0.000005511  0.000048688,  0.000000604  0.000551330
DIFF:  110 |  0.000000000  0.000000359  0.000000000  0.000000000  0.000000000  0.000000000 |          0.0 |  0.000000009 -0.000000000,  0.000000051  0.000000014
MOVE:  110 |  0.000010397 -0.000017715 -0.000020808 -0.000317375  0.000346863 -0.007008418 |         -2.0 |  0.000014644 -0.000005500,  0.000018614 -0.000001542
CONST: 110 | 45 6.23974e-05 1.22847e-05 0.000224192 -0.00104737 -7.61373e-05 -0.00700842

ABS:   111 |  0.000062397  0.000012219  0.000224192 -0.001047375 -0.000076137 -0.007008418 |         52.2 |  0.000005509  0.000048688,  0.000000595  0.000551327
DIFF:  111 |  0.000000000 -0.000000065  0.000000000  0.000000000  0.000000000  0.000000000 |         -0.0 | -0.000000002  0.000000000, -0.000000009 -0.000000003
MOVE:  111 |  0.000010397 -0.000017781 -0.000020808 -0.000317375  0.000346863 -0.007008418 |         -2.0 |  0.000014643 -0.000005500,  0.000018605 -0.000001544
CONST: 111 | 45 6.23974e-05 1.22195e-05 0.000224192 -0.00104737 -7.61373e-05 -0.00700842

ABS:   112 |  0.000062397  0.000012578  0.000224192 -0.001047375 -0.000076137 -0.007008418 |         52.2 |  0.000005493  0.000048715,  0.000000646  0.000551341
DIFF:  112 |  0.000000000  0.000000359  0.000000000  0.000000000  0.000000000  0.000000000 |          0.0 | -0.000000016  0.000000027,  0.000000051  0.000000014
MOVE:  112 |  0.000010397 -0.000017422 -0.000020808 -0.000317375  0.000346863 -0.007008418 |         -2.0 |  0.000014627 -0.000005473,  0.000018656 -0.000001530
CONST: 112 | 45 6.23974e-05 1.25782e-05 0.000224192 -0.00104737 -7.61373e-05 -0.00700842

ABS:   113 |  0.000062397  0.000011926  0.000224192 -0.001047375 -0.000076137 -0.007008418 |         52.1 |  0.000005501  0.000048688,  0.000000553  0.000551316
DIFF:  113 |  0.000000000 -0.000000652  0.000000000  0.000000000  0.000000000  0.000000000 |         -0.0 |  0.000000008 -0.000000027, -0.000000093 -0.000000026
MOVE:  113 |  0.000010397 -0.000018074 -0.000020808 -0.000317375  0.000346863 -0.007008418 |         -2.0 |  0.000014635 -0.000005500,  0.000018563 -0.000001556
CONST: 113 | 45 6.23974e-05 1.1926e-05 0.000224192 -0.00104737 -7.61373e-05 -0.00700842

ABS:   114 |  0.000062397  0.000012252  0.000224484 -0.001047375 -0.000076137 -0.007008418 |         52.2 |  0.000005510  0.000048688,  0.000000307  0.000551328
DIFF:  114 |  0.000000000  0.000000326  0.000000293  0.000000000  0.000000000  0.000000000 |          0.0 |  0.000000008 -0.000000000, -0.000000246  0.000000013
MOVE:  114 |  0.000010397 -0.000017748 -0.000020516 -0.000317375  0.000346863 -0.007008418 |         -2.0 |  0.000014644 -0.000005500,  0.000018317 -0.000001543
CONST: 114 | 45 6.23974e-05 1.22521e-05 0.000224484 -0.00104737 -7.61373e-05 -0.00700842

ABS:   115 |  0.000062397  0.000012252  0.000223899 -0.001047375 -0.000076137 -0.007008418 |         52.2 |  0.000005510  0.000048688,  0.000000892  0.000551328
DIFF:  115 |  0.000000000  0.000000000 -0.000000585  0.000000000  0.000000000  0.000000000 |          0.0 | -0.000000000 -0.000000000,  0.000000585  0.000000000
MOVE:  115 |  0.000010397 -0.000017748 -0.000021101 -0.000317375  0.000346863 -0.007008418 |         -2.0 |  0.000014644 -0.000005500,  0.000018902 -0.000001543
CONST: 115 | 45 6.23974e-05 1.22521e-05 0.000223899 -0.00104737 -7.61373e-05 -0.00700842

ABS:   116 |  0.000062397  0.000012252  0.000224192 -0.001044185 -0.000076137 -0.007008418 |         52.2 |  0.000005506  0.000048686,  0.000000358  0.000551328
DIFF:  116 |  0.000000000  0.000000000  0.000000293  0.000003190  0.000000000  0.000000000 |         -0.0 | -0.000000004 -0.000000001, -0.000000534 -0.000000000
MOVE:  116 |  0.000010397 -0.000017748 -0.000020808 -0.000314185  0.000346863 -0.007008418 |         -2.0 |  0.000014639 -0.000005501,  0.000018368 -0.000001543
CONST: 116 | 45 6.23974e-05 1.22521e-05 0.000224192 -0.00104419 -7.61373e-05 -0.00700842

ABS:   117 |  0.000062397  0.000012252  0.000224192 -0.001050564 -0.000076137 -0.007008418 |         52.2 |  0.000005489  0.000048717,  0.000000841  0.000551329
DIFF:  117 |  0.000000000  0.000000000  0.000000000 -0.000006379  0.000000000  0.000000000 |          0.0 | -0.000000017  0.000000030,  0.000000483  0.000000000
MOVE:  117 |  0.000010397 -0.000017748 -0.000020808 -0.000320564  0.000346863 -0.007008418 |         -2.0 |  0.000014623 -0.000005471,  0.000018851 -0.000001543
CONST: 117 | 45 6.23974e-05 1.22521e-05 0.000224192 -0.00105056 -7.61373e-05 -0.00700842

ABS:   118 |  0.000062397  0.000012252  0.000224192 -0.001047056 -0.000076137 -0.007008418 |         52.2 |  0.000005509  0.000048688,  0.000000575  0.000551328
DIFF:  118 |  0.000000000  0.000000000  0.000000000  0.000003509  0.000000000  0.000000000 |         -0.0 |  0.000000020 -0.000000029, -0.000000266 -0.000000000
MOVE:  118 |  0.000010397 -0.000017748 -0.000020808 -0.000317056  0.000346863 -0.007008418 |         -2.0 |  0.000014643 -0.000005500,  0.000018585 -0.000001543
CONST: 118 | 45 6.23974e-05 1.22521e-05 0.000224192 -0.00104706 -7.61373e-05 -0.00700842

ABS:   119 |  0.000062397  0.000012252  0.000224192 -0.001047694 -0.000076137 -0.007008418 |         52.2 |  0.000005510  0.000048688,  0.000000623  0.000551329
DIFF:  119 |  0.000000000  0.000000000  0.000000000 -0.000000638  0.000000000  0.000000000 |          0.0 |  0.000000001  0.000000000,  0.000000048  0.000000000
MOVE:  119 |  0.000010397 -0.000017748 -0.000020808 -0.000317694  0.000346863 -0.007008418 |         -2.0 |  0.000014644 -0.000005500,  0.000018634 -0.000001543
CONST: 119 | 45 6.23974e-05 1.22521e-05 0.000224192 -0.00104769 -7.61373e-05 -0.00700842

ABS:   120 |  0.000062397  0.000012252  0.000224192 -0.001044185 -0.000076137 -0.007008418 |         52.2 |  0.000005506  0.000048686,  0.000000358  0.000551328
DIFF:  120 |  0.000000000  0.000000000  0.000000000  0.000003509  0.000000000  0.000000000 |         -0.0 | -0.000000005 -0.000000002, -0.000000266 -0.000000000
MOVE:  120 |  0.000010397 -0.000017748 -0.000020808 -0.000314185  0.000346863 -0.007008418 |         -2.0 |  0.000014639 -0.000005501,  0.000018368 -0.000001543
CONST: 120 | 45 6.23974e-05 1.22521e-05 0.000224192 -0.00104419 -7.61373e-05 -0.00700842

ABS:   121 |  0.000062397  0.000012252  0.000224192 -0.001050564 -0.000076137 -0.007008418 |         52.2 |  0.000005489  0.000048717,  0.000000841  0.000551329
DIFF:  121 |  0.000000000  0.000000000  0.000000000 -0.000006379  0.000000000  0.000000000 |          0.0 | -0.000000017  0.000000030,  0.000000483  0.000000000
MOVE:  121 |  0.000010397 -0.000017748 -0.000020808 -0.000320564  0.000346863 -0.007008418 |         -2.0 |  0.000014623 -0.000005471,  0.000018851 -0.000001543
CONST: 121 | 45 6.23974e-05 1.22521e-05 0.000224192 -0.00105056 -7.61373e-05 -0.00700842

ABS:   122 |  0.000062397  0.000012252  0.000224192 -0.001047375 -0.000075421 -0.007008418 |         52.2 |  0.000005519  0.000048738,  0.000000599  0.000551328
DIFF:  122 |  0.000000000  0.000000000  0.000000000  0.000003190  0.000000716  0.000000000 |          0.0 |  0.000000030  0.000000022, -0.000000242 -0.000000000
MOVE:  122 |  0.000010397 -0.000017748 -0.000020808 -0.000317375  0.000347579 -0.007008418 |         -2.0 |  0.000014653 -0.000005450,  0.000018609 -0.000001543
CONST: 122 | 45 6.23974e-05 1.22521e-05 0.000224192 -0.00104737 -7.54214e-05 -0.00700842

ABS:   123 |  0.000062397  0.000012252  0.000224192 -0.001047375 -0.000076853 -0.007008418 |         52.2 |  0.000005498  0.000048687,  0.000000600  0.000551329
DIFF:  123 |  0.000000000  0.000000000  0.000000000  0.000000000 -0.000001432  0.000000000 |         -0.0 | -0.000000021 -0.000000051,  0.000000001  0.000000000
MOVE:  123 |  0.000010397 -0.000017748 -0.000020808 -0.000317375  0.000346147 -0.007008418 |         -2.0 |  0.000014632 -0.000005501,  0.000018610 -0.000001543
CONST: 123 | 45 6.23974e-05 1.22521e-05 0.000224192 -0.00104737 -7.68532e-05 -0.00700842

ABS:   124 |  0.000062397  0.000012252  0.000224192 -0.001047375 -0.000076066 -0.007008418 |         52.2 |  0.000005511  0.000048688,  0.000000599  0.000551328
DIFF:  124 |  0.000000000  0.000000000  0.000000000  0.000000000  0.000000787  0.000000000 |          0.0 |  0.000000013  0.000000001, -0.000000000 -0.000000000
MOVE:  124 |  0.000010397 -0.000017748 -0.000020808 -0.000317375  0.000346934 -0.007008418 |         -2.0 |  0.000014645 -0.000005500,  0.000018610 -0.000001543
CONST: 124 | 45 6.23974e-05 1.22521e-05 0.000224192 -0.00104737 -7.60657e-05 -0.00700842

