ABS:   itr |       deltaX       deltaY       deltaZ         phiX         phiY         phiZ |        chisq |    rphi mean     rphi rms,       z mean        z rms
ABS:   =========================================================================================================================================================
DIFF:  itr |       deltaX       deltaY       deltaZ         phiX         phiY         phiZ |        chisq |    rphi mean     rphi rms,       z mean        z rms
DIFF:  =========================================================================================================================================================
MOVE:  itr |       deltaX       deltaY       deltaZ         phiX         phiY         phiZ |        chisq |    rphi mean     rphi rms,       z mean        z rms
MOVE:  =========================================================================================================================================================
ABS:   001 |  0.000027000 -0.000287000  0.000434000 -0.000800000  0.004311000  0.000000000 |         65.7 | -0.000005192  0.000051302, -0.000056642  0.000552162
CONST: 001 | 28 2.7e-05 -0.000287 0.000434 -0.0008 0.004311 0

ABS:   001 |  0.000027000 -0.000287000  0.000434000 -0.000800000  0.004311000  0.000000000 |         65.7 | -0.000005192  0.000051302, -0.000056642  0.000552162
CONST: 001 | 28 2.7e-05 -0.000287 0.000434 -0.0008 0.004311 0

ABS:   002 |  0.000027100 -0.000287000  0.000434000 -0.000800000  0.004311000  0.000000000 |         65.7 | -0.000005092  0.000051302, -0.000056642  0.000552162
DIFF:  002 |  0.000000100  0.000000000  0.000000000 -0.000000000  0.000000000  0.000000000 |         -0.0 |  0.000000100 -0.000000000, -0.000000000 -0.000000000
MOVE:  002 |  0.000000100  0.000000000  0.000000000 -0.000000000  0.000000000  0.000000000 |         -0.0 |  0.000000100 -0.000000000, -0.000000000 -0.000000000
CONST: 002 | 28 2.71e-05 -0.000287 0.000434 -0.0008 0.004311 0

ABS:   003 |  0.000026900 -0.000287000  0.000434000 -0.000800000  0.004311000  0.000000000 |         65.7 | -0.000005272  0.000051323, -0.000056641  0.000552162
DIFF:  003 | -0.000000200  0.000000000  0.000000000  0.000000000  0.000000000  0.000000000 |          0.0 | -0.000000180  0.000000021,  0.000000001  0.000000000
MOVE:  003 | -0.000000100  0.000000000  0.000000000 -0.000000000  0.000000000  0.000000000 |          0.0 | -0.000000080  0.000000021,  0.000000000 -0.000000000
CONST: 003 | 28 2.69e-05 -0.000287 0.000434 -0.0008 0.004311 0

ABS:   004 |  0.000027010 -0.000287000  0.000434000 -0.000800000  0.004311000  0.000000000 |         65.7 | -0.000005182  0.000051302, -0.000056642  0.000552162
DIFF:  004 |  0.000000110  0.000000000  0.000000000  0.000000000  0.000000000  0.000000000 |         -0.0 |  0.000000090 -0.000000021, -0.000000000  0.000000000
MOVE:  004 |  0.000000010  0.000000000  0.000000000 -0.000000000  0.000000000  0.000000000 |         -0.0 |  0.000000010  0.000000000, -0.000000000 -0.000000000
CONST: 004 | 28 2.701e-05 -0.000287 0.000434 -0.0008 0.004311 0

ABS:   005 |  0.000026990 -0.000287000  0.000434000 -0.000800000  0.004311000  0.000000000 |         65.7 | -0.000005202  0.000051302, -0.000056642  0.000552162
DIFF:  005 | -0.000000020  0.000000000  0.000000000  0.000000000  0.000000000  0.000000000 |          0.0 | -0.000000020 -0.000000000,  0.000000000 -0.000000000
MOVE:  005 | -0.000000010  0.000000000  0.000000000 -0.000000000  0.000000000  0.000000000 |          0.0 | -0.000000010  0.000000000,  0.000000000 -0.000000000
CONST: 005 | 28 2.699e-05 -0.000287 0.000434 -0.0008 0.004311 0

ABS:   006 |  0.000027066 -0.000287000  0.000434000 -0.000800000  0.004311000  0.000000000 |         65.7 | -0.000005126  0.000051302, -0.000056642  0.000552162
DIFF:  006 |  0.000000076  0.000000000  0.000000000  0.000000000  0.000000000  0.000000000 |         -0.0 |  0.000000076 -0.000000000, -0.000000000  0.000000000
MOVE:  006 |  0.000000066  0.000000000  0.000000000 -0.000000000  0.000000000  0.000000000 |         -0.0 |  0.000000066  0.000000000, -0.000000000 -0.000000000
CONST: 006 | 28 2.70661e-05 -0.000287 0.000434 -0.0008 0.004311 0

ABS:   007 |  0.000026934 -0.000287000  0.000434000 -0.000800000  0.004311000  0.000000000 |         65.7 | -0.000005258  0.000051302, -0.000056641  0.000552162
DIFF:  007 | -0.000000132  0.000000000  0.000000000  0.000000000  0.000000000  0.000000000 |          0.0 | -0.000000132  0.000000000,  0.000000001  0.000000000
MOVE:  007 | -0.000000066  0.000000000  0.000000000 -0.000000000  0.000000000  0.000000000 |          0.0 | -0.000000066  0.000000000,  0.000000000  0.000000000
CONST: 007 | 28 2.69339e-05 -0.000287 0.000434 -0.0008 0.004311 0

ABS:   008 |  0.000027000 -0.000286900  0.000434000 -0.000800000  0.004311000  0.000000000 |         65.7 | -0.000005189  0.000051303, -0.000056560  0.000552161
DIFF:  008 |  0.000000066  0.000000100  0.000000000  0.000000000  0.000000000  0.000000000 |         -0.0 |  0.000000069  0.000000001,  0.000000081 -0.000000001
MOVE:  008 |  0.000000000  0.000000100  0.000000000 -0.000000000  0.000000000  0.000000000 |         -0.0 |  0.000000003  0.000000001,  0.000000081 -0.000000001
CONST: 008 | 28 2.7e-05 -0.0002869 0.000434 -0.0008 0.004311 0

ABS:   009 |  0.000027000 -0.000287100  0.000434000 -0.000800000  0.004311000  0.000000000 |         65.8 | -0.000005195  0.000051301, -0.000056497  0.000552346
DIFF:  009 |  0.000000000 -0.000000200  0.000000000  0.000000000  0.000000000  0.000000000 |          0.0 | -0.000000006 -0.000000003,  0.000000063  0.000000185
MOVE:  009 |  0.000000000 -0.000000100  0.000000000 -0.000000000  0.000000000  0.000000000 |          0.0 | -0.000000003 -0.000000001,  0.000000145  0.000000184
CONST: 009 | 28 2.7e-05 -0.0002871 0.000434 -0.0008 0.004311 0

ABS:   010 |  0.000027000 -0.000286990  0.000434000 -0.000800000  0.004311000  0.000000000 |         65.7 | -0.000005192  0.000051302, -0.000056634  0.000552162
DIFF:  010 |  0.000000000  0.000000110  0.000000000  0.000000000  0.000000000  0.000000000 |         -0.0 |  0.000000003  0.000000001, -0.000000137 -0.000000184
MOVE:  010 |  0.000000000  0.000000010  0.000000000 -0.000000000  0.000000000  0.000000000 |         -0.0 |  0.000000000  0.000000000,  0.000000008 -0.000000000
CONST: 010 | 28 2.7e-05 -0.00028699 0.000434 -0.0008 0.004311 0

ABS:   011 |  0.000027000 -0.000287010  0.000434000 -0.000800000  0.004311000  0.000000000 |         65.7 | -0.000005192  0.000051302, -0.000056650  0.000552162
DIFF:  011 |  0.000000000 -0.000000020  0.000000000  0.000000000  0.000000000  0.000000000 |          0.0 | -0.000000001 -0.000000000, -0.000000016  0.000000000
MOVE:  011 |  0.000000000 -0.000000010  0.000000000 -0.000000000  0.000000000  0.000000000 |          0.0 | -0.000000000 -0.000000000, -0.000000008  0.000000000
CONST: 011 | 28 2.7e-05 -0.00028701 0.000434 -0.0008 0.004311 0

ABS:   012 |  0.000027000 -0.000286900  0.000434000 -0.000800000  0.004311000  0.000000000 |         65.7 | -0.000005189  0.000051303, -0.000056560  0.000552161
DIFF:  012 |  0.000000000  0.000000110  0.000000000  0.000000000  0.000000000  0.000000000 |         -0.0 |  0.000000003  0.000000001,  0.000000090 -0.000000001
MOVE:  012 |  0.000000000  0.000000100  0.000000000 -0.000000000  0.000000000  0.000000000 |         -0.0 |  0.000000003  0.000000001,  0.000000081 -0.000000001
CONST: 012 | 28 2.7e-05 -0.0002869 0.000434 -0.0008 0.004311 0

ABS:   013 |  0.000027000 -0.000287100  0.000434000 -0.000800000  0.004311000  0.000000000 |         65.8 | -0.000005195  0.000051301, -0.000056497  0.000552346
DIFF:  013 |  0.000000000 -0.000000200  0.000000000  0.000000000  0.000000000  0.000000000 |          0.0 | -0.000000006 -0.000000003,  0.000000063  0.000000185
MOVE:  013 |  0.000000000 -0.000000100  0.000000000 -0.000000000  0.000000000  0.000000000 |          0.0 | -0.000000003 -0.000000001,  0.000000145  0.000000184
CONST: 013 | 28 2.7e-05 -0.0002871 0.000434 -0.0008 0.004311 0

ABS:   014 |  0.000027000 -0.000287000  0.000439002 -0.000800000  0.004311000  0.000000000 |         65.8 | -0.000005214  0.000051302, -0.000059289  0.000552246
DIFF:  014 |  0.000000000  0.000000100  0.000005002  0.000000000  0.000000000  0.000000000 |          0.0 | -0.000000019  0.000000001, -0.000002793 -0.000000099
MOVE:  014 |  0.000000000  0.000000000  0.000005002 -0.000000000  0.000000000  0.000000000 |          0.1 | -0.000000022 -0.000000000, -0.000002648  0.000000084
CONST: 014 | 28 2.7e-05 -0.000287 0.000439002 -0.0008 0.004311 0

ABS:   015 |  0.000027000 -0.000287000  0.000428998 -0.000800000  0.004311000  0.000000000 |         65.8 | -0.000005171  0.000051302, -0.000053517  0.000552770
DIFF:  015 |  0.000000000  0.000000000 -0.000010004  0.000000000  0.000000000  0.000000000 |          0.1 |  0.000000043  0.000000000,  0.000005772  0.000000524
MOVE:  015 |  0.000000000  0.000000000 -0.000005002 -0.000000000  0.000000000  0.000000000 |          0.1 |  0.000000022  0.000000000,  0.000003124  0.000000609
CONST: 015 | 28 2.7e-05 -0.000287 0.000428998 -0.0008 0.004311 0

ABS:   016 |  0.000027000 -0.000287000  0.000434500 -0.000800000  0.004311000  0.000000000 |         65.8 | -0.000005194  0.000051302, -0.000056485  0.000552389
DIFF:  016 |  0.000000000  0.000000000  0.000005502  0.000000000  0.000000000  0.000000000 |         -0.1 | -0.000000024 -0.000000000, -0.000002968 -0.000000382
MOVE:  016 |  0.000000000  0.000000000  0.000000500 -0.000000000  0.000000000  0.000000000 |          0.1 | -0.000000002 -0.000000000,  0.000000156  0.000000227
CONST: 016 | 28 2.7e-05 -0.000287 0.0004345 -0.0008 0.004311 0

ABS:   017 |  0.000027000 -0.000287000  0.000433500 -0.000800000  0.004311000  0.000000000 |         65.8 | -0.000005190  0.000051302, -0.000056549  0.000552439
DIFF:  017 |  0.000000000  0.000000000 -0.000001000  0.000000000  0.000000000  0.000000000 |          0.0 |  0.000000004  0.000000000, -0.000000064  0.000000051
MOVE:  017 |  0.000000000  0.000000000 -0.000000500 -0.000000000  0.000000000  0.000000000 |          0.1 |  0.000000002  0.000000000,  0.000000092  0.000000278
CONST: 017 | 28 2.7e-05 -0.000287 0.0004335 -0.0008 0.004311 0

ABS:   018 |  0.000027000 -0.000287000  0.000434050 -0.000800000  0.004311000  0.000000000 |         65.8 | -0.000005192  0.000051302, -0.000056465  0.000552345
DIFF:  018 |  0.000000000  0.000000000  0.000000550  0.000000000  0.000000000  0.000000000 |         -0.0 | -0.000000002 -0.000000000,  0.000000084 -0.000000095
MOVE:  018 |  0.000000000  0.000000000  0.000000050 -0.000000000  0.000000000  0.000000000 |          0.0 | -0.000000000 -0.000000000,  0.000000176  0.000000183
CONST: 018 | 28 2.7e-05 -0.000287 0.00043405 -0.0008 0.004311 0

ABS:   019 |  0.000027000 -0.000287000  0.000433950 -0.000800000  0.004311000  0.000000000 |         65.7 | -0.000005192  0.000051302, -0.000056592  0.000552162
DIFF:  019 |  0.000000000  0.000000000 -0.000000100  0.000000000  0.000000000  0.000000000 |         -0.0 |  0.000000000  0.000000000, -0.000000126 -0.000000183
MOVE:  019 |  0.000000000  0.000000000 -0.000000050 -0.000000000  0.000000000  0.000000000 |         -0.0 |  0.000000000  0.000000000,  0.000000050 -0.000000000
CONST: 019 | 28 2.7e-05 -0.000287 0.00043395 -0.0008 0.004311 0

ABS:   020 |  0.000027000 -0.000287000  0.000434000 -0.000796000  0.004311000  0.000000000 |         65.8 | -0.000005196  0.000051301, -0.000056669  0.000552339
DIFF:  020 |  0.000000000  0.000000000  0.000000050  0.000004000  0.000000000  0.000000000 |          0.0 | -0.000000004 -0.000000001, -0.000000078  0.000000177
MOVE:  020 |  0.000000000  0.000000000  0.000000000  0.000004000  0.000000000  0.000000000 |          0.0 | -0.000000004 -0.000000001, -0.000000028  0.000000177
CONST: 020 | 28 2.7e-05 -0.000287 0.000434 -0.000796 0.004311 0

ABS:   021 |  0.000027000 -0.000287000  0.000434000 -0.000804000  0.004311000  0.000000000 |         65.8 | -0.000005189  0.000051303, -0.000056796  0.000552445
DIFF:  021 |  0.000000000  0.000000000  0.000000000 -0.000008000  0.000000000  0.000000000 |          0.0 |  0.000000007  0.000000002, -0.000000127  0.000000107
MOVE:  021 |  0.000000000  0.000000000  0.000000000 -0.000004000  0.000000000  0.000000000 |          0.1 |  0.000000004  0.000000001, -0.000000154  0.000000284
CONST: 021 | 28 2.7e-05 -0.000287 0.000434 -0.000804 0.004311 0

ABS:   022 |  0.000027000 -0.000287000  0.000434000 -0.000799600  0.004311000  0.000000000 |         65.7 | -0.000005193  0.000051302, -0.000056667  0.000552161
DIFF:  022 |  0.000000000  0.000000000  0.000000000  0.000004400  0.000000000  0.000000000 |         -0.1 | -0.000000004 -0.000000001,  0.000000129 -0.000000284
MOVE:  022 |  0.000000000  0.000000000  0.000000000  0.000000400  0.000000000  0.000000000 |          0.0 | -0.000000000 -0.000000000, -0.000000025 -0.000000001
CONST: 022 | 28 2.7e-05 -0.000287 0.000434 -0.0007996 0.004311 0

ABS:   023 |  0.000027000 -0.000287000  0.000434000 -0.000800400  0.004311000  0.000000000 |         65.7 | -0.000005192  0.000051302, -0.000056616  0.000552162
DIFF:  023 |  0.000000000  0.000000000  0.000000000 -0.000000800  0.000000000  0.000000000 |         -0.0 |  0.000000001  0.000000000,  0.000000051  0.000000001
MOVE:  023 |  0.000000000  0.000000000  0.000000000 -0.000000400  0.000000000  0.000000000 |         -0.0 |  0.000000000  0.000000000,  0.000000025  0.000000001
CONST: 023 | 28 2.7e-05 -0.000287 0.000434 -0.0008004 0.004311 0

ABS:   024 |  0.000027000 -0.000287000  0.000434000 -0.000796221  0.004311000  0.000000000 |         65.8 | -0.000005196  0.000051301, -0.000056655  0.000552339
DIFF:  024 |  0.000000000  0.000000000  0.000000000  0.000004179  0.000000000  0.000000000 |          0.0 | -0.000000004 -0.000000001, -0.000000039  0.000000177
MOVE:  024 |  0.000000000  0.000000000  0.000000000  0.000003779  0.000000000  0.000000000 |          0.0 | -0.000000003 -0.000000001, -0.000000014  0.000000177
CONST: 024 | 28 2.7e-05 -0.000287 0.000434 -0.000796221 0.004311 0

ABS:   025 |  0.000027000 -0.000287000  0.000434000 -0.000803779  0.004311000  0.000000000 |         65.8 | -0.000005189  0.000051303, -0.000056810  0.000552445
DIFF:  025 |  0.000000000  0.000000000  0.000000000 -0.000007559  0.000000000  0.000000000 |          0.0 |  0.000000007  0.000000002, -0.000000155  0.000000106
MOVE:  025 |  0.000000000  0.000000000  0.000000000 -0.000003779  0.000000000  0.000000000 |          0.1 |  0.000000003  0.000000001, -0.000000168  0.000000283
CONST: 025 | 28 2.7e-05 -0.000287 0.000434 -0.000803779 0.004311 0

ABS:   026 |  0.000027000 -0.000287000  0.000434000 -0.000800000  0.004321001  0.000000000 |         65.7 | -0.000004719  0.000051306, -0.000056649  0.000552157
DIFF:  026 |  0.000000000  0.000000000  0.000000000  0.000003779  0.000010001  0.000000000 |         -0.1 |  0.000000470  0.000000003,  0.000000161 -0.000000288
MOVE:  026 |  0.000000000  0.000000000  0.000000000 -0.000000000  0.000010001  0.000000000 |         -0.0 |  0.000000473  0.000000004, -0.000000007 -0.000000004
CONST: 026 | 28 2.7e-05 -0.000287 0.000434 -0.0008 0.004321 0

ABS:   027 |  0.000027000 -0.000287000  0.000434000 -0.000800000  0.004300999  0.000000000 |         65.9 | -0.000005716  0.000051463, -0.000056408  0.000552349
DIFF:  027 |  0.000000000  0.000000000  0.000000000  0.000000000 -0.000020001  0.000000000 |          0.1 | -0.000000998  0.000000158,  0.000000241  0.000000192
MOVE:  027 |  0.000000000  0.000000000  0.000000000 -0.000000000 -0.000010001  0.000000000 |          0.1 | -0.000000524  0.000000161,  0.000000234  0.000000187
CONST: 027 | 28 2.7e-05 -0.000287 0.000434 -0.0008 0.004301 0

ABS:   028 |  0.000027000 -0.000287000  0.000434000 -0.000800000  0.004312000  0.000000000 |         65.7 | -0.000005133  0.000051296, -0.000056642  0.000552161
DIFF:  028 |  0.000000000  0.000000000  0.000000000  0.000000000  0.000011001  0.000000000 |         -0.1 |  0.000000583 -0.000000167, -0.000000234 -0.000000188
MOVE:  028 |  0.000000000  0.000000000  0.000000000 -0.000000000  0.000001000  0.000000000 |         -0.0 |  0.000000059 -0.000000006, -0.000000001 -0.000000000
CONST: 028 | 28 2.7e-05 -0.000287 0.000434 -0.0008 0.004312 0

ABS:   029 |  0.000027000 -0.000287000  0.000434000 -0.000800000  0.004310000  0.000000000 |         65.7 | -0.000005231  0.000051329, -0.000056641  0.000552162
DIFF:  029 |  0.000000000  0.000000000  0.000000000  0.000000000 -0.000002000  0.000000000 |          0.0 | -0.000000097  0.000000033,  0.000000001  0.000000001
MOVE:  029 |  0.000000000  0.000000000  0.000000000 -0.000000000 -0.000001000  0.000000000 |          0.0 | -0.000000038  0.000000027,  0.000000001  0.000000000
CONST: 029 | 28 2.7e-05 -0.000287 0.000434 -0.0008 0.00431 0

ABS:   030 |  0.000027000 -0.000287000  0.000434000 -0.000800000  0.004311100  0.000000000 |         65.7 | -0.000005186  0.000051301, -0.000056642  0.000552162
DIFF:  030 |  0.000000000  0.000000000  0.000000000  0.000000000  0.000001100  0.000000000 |         -0.0 |  0.000000044 -0.000000027, -0.000000001 -0.000000000
MOVE:  030 |  0.000000000  0.000000000  0.000000000 -0.000000000  0.000000100  0.000000000 |         -0.0 |  0.000000006 -0.000000001, -0.000000000 -0.000000000
CONST: 030 | 28 2.7e-05 -0.000287 0.000434 -0.0008 0.0043111 0

ABS:   031 |  0.000027000 -0.000287000  0.000434000 -0.000800000  0.004310900  0.000000000 |         65.7 | -0.000005198  0.000051303, -0.000056642  0.000552162
DIFF:  031 |  0.000000000  0.000000000  0.000000000  0.000000000 -0.000000200  0.000000000 |          0.0 | -0.000000012  0.000000001,  0.000000000  0.000000000
MOVE:  031 |  0.000000000  0.000000000  0.000000000 -0.000000000 -0.000000100  0.000000000 |          0.0 | -0.000000006  0.000000001,  0.000000000  0.000000000
CONST: 031 | 28 2.7e-05 -0.000287 0.000434 -0.0008 0.0043109 0

ABS:   032 |  0.000027000 -0.000287000  0.000434000 -0.000800000  0.004311000  0.000002000 |         65.7 | -0.000005194  0.000051302, -0.000056641  0.000552161
DIFF:  032 |  0.000000000  0.000000000  0.000000000  0.000000000  0.000000100  0.000002000 |         -0.0 |  0.000000004 -0.000000001,  0.000000000 -0.000000000
MOVE:  032 |  0.000000000  0.000000000  0.000000000 -0.000000000  0.000000000  0.000002000 |         -0.0 | -0.000000001 -0.000000000,  0.000000000 -0.000000000
CONST: 032 | 28 2.7e-05 -0.000287 0.000434 -0.0008 0.004311 2.00001e-06

ABS:   033 |  0.000027000 -0.000287000  0.000434000 -0.000800000  0.004311000 -0.000002000 |         65.7 | -0.000005191  0.000051302, -0.000056642  0.000552162
DIFF:  033 |  0.000000000  0.000000000  0.000000000  0.000000000  0.000000000 -0.000004000 |          0.0 |  0.000000003  0.000000000, -0.000000000  0.000000001
MOVE:  033 |  0.000000000  0.000000000  0.000000000 -0.000000000  0.000000000 -0.000002000 |          0.0 |  0.000000001  0.000000000, -0.000000000  0.000000000
CONST: 033 | 28 2.7e-05 -0.000287 0.000434 -0.0008 0.004311 -2.00001e-06

ABS:   034 |  0.000027000 -0.000287000  0.000434000 -0.000800000  0.004311000  0.000020000 |         65.7 | -0.000005207  0.000051302, -0.000056640  0.000552158
DIFF:  034 |  0.000000000  0.000000000  0.000000000  0.000000000  0.000000000  0.000022000 |         -0.0 | -0.000000016 -0.000000001,  0.000000002 -0.000000004
MOVE:  034 |  0.000000000  0.000000000  0.000000000 -0.000000000  0.000000000  0.000020000 |         -0.0 | -0.000000015 -0.000000000,  0.000000002 -0.000000003
CONST: 034 | 28 2.7e-05 -0.000287 0.000434 -0.0008 0.004311 2.00001e-05

ABS:   035 |  0.000027000 -0.000287000  0.000434000 -0.000800000  0.004311000 -0.000020000 |         65.8 | -0.000005178  0.000051303, -0.000056417  0.000552348
DIFF:  035 |  0.000000000  0.000000000  0.000000000  0.000000000  0.000000000 -0.000040000 |          0.0 |  0.000000029  0.000000001,  0.000000223  0.000000190
MOVE:  035 |  0.000000000  0.000000000  0.000000000 -0.000000000  0.000000000 -0.000020000 |          0.0 |  0.000000015  0.000000000,  0.000000224  0.000000186
CONST: 035 | 28 2.7e-05 -0.000287 0.000434 -0.0008 0.004311 -2.00001e-05

ABS:   036 |  0.000027000 -0.000287000  0.000434000 -0.000800000  0.004311000  0.000002000 |         65.7 | -0.000005194  0.000051302, -0.000056641  0.000552161
DIFF:  036 |  0.000000000  0.000000000  0.000000000  0.000000000  0.000000000  0.000022000 |         -0.0 | -0.000000016 -0.000000001, -0.000000224 -0.000000187
MOVE:  036 |  0.000000000  0.000000000  0.000000000 -0.000000000  0.000000000  0.000002000 |         -0.0 | -0.000000001 -0.000000000,  0.000000000 -0.000000000
CONST: 036 | 28 2.7e-05 -0.000287 0.000434 -0.0008 0.004311 2.00001e-06

ABS:   037 |  0.000027000 -0.000287000  0.000434000 -0.000800000  0.004311000 -0.000002000 |         65.7 | -0.000005191  0.000051302, -0.000056642  0.000552162
DIFF:  037 |  0.000000000  0.000000000  0.000000000  0.000000000  0.000000000 -0.000004000 |          0.0 |  0.000000003  0.000000000, -0.000000000  0.000000001
MOVE:  037 |  0.000000000  0.000000000  0.000000000 -0.000000000  0.000000000 -0.000002000 |          0.0 |  0.000000001  0.000000000, -0.000000000  0.000000000
CONST: 037 | 28 2.7e-05 -0.000287 0.000434 -0.0008 0.004311 -2.00001e-06

ABS:   038 |  0.000032180 -0.000286947  0.000433974 -0.000799474  0.004439680  0.000773678 |         65.6 |  0.000004429  0.000051023, -0.000055800  0.000552078
DIFF:  038 |  0.000005180  0.000000053 -0.000000026  0.000000526  0.000128680  0.000775678 |         -0.1 |  0.000009620 -0.000000279,  0.000000841 -0.000000084
MOVE:  038 |  0.000005180  0.000000053 -0.000000026  0.000000526  0.000128680  0.000773678 |         -0.1 |  0.000009622 -0.000000279,  0.000000841 -0.000000083
CONST: 038 | 28 3.218e-05 -0.000286947 0.000433974 -0.000799474 0.00443968 0.000773678

ABS:   039 |  0.000030097 -0.000286968  0.000433984 -0.000799686  0.004387942  0.000462621 |         65.4 |  0.000000551  0.000050990, -0.000056242  0.000551777
DIFF:  039 | -0.000002083 -0.000000022  0.000000011 -0.000000211 -0.000051737 -0.000311057 |         -0.2 | -0.000003879 -0.000000034, -0.000000442 -0.000000302
MOVE:  039 |  0.000003097  0.000000032 -0.000000016  0.000000314  0.000076942  0.000462621 |         -0.3 |  0.000005743 -0.000000312,  0.000000399 -0.000000385
CONST: 039 | 28 3.00973e-05 -0.000286968 0.000433984 -0.000799686 0.00438794 0.000462621

ABS:   040 |  0.000030163 -0.000286968  0.000433984 -0.000799686  0.004387942  0.000462621 |         65.4 |  0.000000617  0.000050990, -0.000056242  0.000551777
DIFF:  040 |  0.000000066  0.000000000  0.000000000  0.000000000  0.000000000  0.000000000 |          0.0 |  0.000000066 -0.000000000, -0.000000000  0.000000000
MOVE:  040 |  0.000003163  0.000000032 -0.000000016  0.000000314  0.000076942  0.000462621 |         -0.3 |  0.000005809 -0.000000312,  0.000000399 -0.000000385
CONST: 040 | 28 3.01633e-05 -0.000286968 0.000433984 -0.000799686 0.00438794 0.000462621

ABS:   041 |  0.000030031 -0.000286968  0.000433984 -0.000799686  0.004387942  0.000462621 |         65.4 |  0.000000504  0.000050971, -0.000056242  0.000551777
DIFF:  041 | -0.000000132  0.000000000  0.000000000  0.000000000  0.000000000  0.000000000 |         -0.0 | -0.000000112 -0.000000019,  0.000000001 -0.000000000
MOVE:  041 |  0.000003031  0.000000032 -0.000000016  0.000000314  0.000076942  0.000462621 |         -0.3 |  0.000005696 -0.000000331,  0.000000400 -0.000000385
CONST: 041 | 28 3.00314e-05 -0.000286968 0.000433984 -0.000799686 0.00438794 0.000462621

ABS:   042 |  0.000030104 -0.000286968  0.000433984 -0.000799686  0.004387942  0.000462621 |         65.4 |  0.000000557  0.000050990, -0.000056242  0.000551777
DIFF:  042 |  0.000000073  0.000000000  0.000000000  0.000000000  0.000000000  0.000000000 |          0.0 |  0.000000053  0.000000019, -0.000000000  0.000000000
MOVE:  042 |  0.000003104  0.000000032 -0.000000016  0.000000314  0.000076942  0.000462621 |         -0.3 |  0.000005749 -0.000000312,  0.000000399 -0.000000385
CONST: 042 | 28 3.01039e-05 -0.000286968 0.000433984 -0.000799686 0.00438794 0.000462621

ABS:   043 |  0.000030091 -0.000286968  0.000433984 -0.000799686  0.004387942  0.000462621 |         65.4 |  0.000000544  0.000050990, -0.000056242  0.000551777
DIFF:  043 | -0.000000013  0.000000000  0.000000000  0.000000000  0.000000000  0.000000000 |         -0.0 | -0.000000013  0.000000000,  0.000000000 -0.000000000
MOVE:  043 |  0.000003091  0.000000032 -0.000000016  0.000000314  0.000076942  0.000462621 |         -0.3 |  0.000005736 -0.000000312,  0.000000400 -0.000000385
CONST: 043 | 28 3.00907e-05 -0.000286968 0.000433984 -0.000799686 0.00438794 0.000462621

ABS:   044 |  0.000030163 -0.000286968  0.000433984 -0.000799686  0.004387942  0.000462621 |         65.4 |  0.000000617  0.000050990, -0.000056242  0.000551777
DIFF:  044 |  0.000000072  0.000000000  0.000000000  0.000000000  0.000000000  0.000000000 |          0.0 |  0.000000072 -0.000000000, -0.000000000  0.000000000
MOVE:  044 |  0.000003163  0.000000032 -0.000000016  0.000000314  0.000076942  0.000462621 |         -0.3 |  0.000005809 -0.000000312,  0.000000399 -0.000000385
CONST: 044 | 28 3.01632e-05 -0.000286968 0.000433984 -0.000799686 0.00438794 0.000462621

ABS:   045 |  0.000030031 -0.000286968  0.000433984 -0.000799686  0.004387942  0.000462621 |         65.4 |  0.000000504  0.000050971, -0.000056242  0.000551777
DIFF:  045 | -0.000000132  0.000000000  0.000000000  0.000000000  0.000000000  0.000000000 |         -0.0 | -0.000000112 -0.000000019,  0.000000001 -0.000000000
MOVE:  045 |  0.000003031  0.000000032 -0.000000016  0.000000314  0.000076942  0.000462621 |         -0.3 |  0.000005697 -0.000000331,  0.000000400 -0.000000385
CONST: 045 | 28 3.00314e-05 -0.000286968 0.000433984 -0.000799686 0.00438794 0.000462621

ABS:   046 |  0.000030097 -0.000286958  0.000433984 -0.000799686  0.004387942  0.000462621 |         65.4 |  0.000000551  0.000050990, -0.000056234  0.000551777
DIFF:  046 |  0.000000066  0.000000010  0.000000000  0.000000000  0.000000000  0.000000000 |          0.0 |  0.000000047  0.000000019,  0.000000008 -0.000000000
MOVE:  046 |  0.000003097  0.000000042 -0.000000016  0.000000314  0.000076942  0.000462621 |         -0.3 |  0.000005743 -0.000000312,  0.000000408 -0.000000385
CONST: 046 | 28 3.00973e-05 -0.000286958 0.000433984 -0.000799686 0.00438794 0.000462621

ABS:   047 |  0.000030097 -0.000286978  0.000433984 -0.000799686  0.004387942  0.000462621 |         65.4 |  0.000000550  0.000050990, -0.000056250  0.000551777
DIFF:  047 |  0.000000000 -0.000000020  0.000000000  0.000000000  0.000000000  0.000000000 |          0.0 | -0.000000001 -0.000000000, -0.000000016  0.000000000
MOVE:  047 |  0.000003097  0.000000022 -0.000000016  0.000000314  0.000076942  0.000462621 |         -0.3 |  0.000005743 -0.000000312,  0.000000391 -0.000000385
CONST: 047 | 28 3.00973e-05 -0.000286978 0.000433984 -0.000799686 0.00438794 0.000462621

ABS:   048 |  0.000030097 -0.000286868  0.000433984 -0.000799686  0.004387942  0.000462621 |         65.4 |  0.000000554  0.000050991, -0.000056161  0.000551776
DIFF:  048 |  0.000000000  0.000000110  0.000000000  0.000000000  0.000000000  0.000000000 |         -0.0 |  0.000000003  0.000000001,  0.000000090 -0.000000001
MOVE:  048 |  0.000003097  0.000000132 -0.000000016  0.000000314  0.000076942  0.000462621 |         -0.3 |  0.000005746 -0.000000311,  0.000000481 -0.000000386
CONST: 048 | 28 3.00973e-05 -0.000286868 0.000433984 -0.000799686 0.00438794 0.000462621

ABS:   049 |  0.000030097 -0.000287068  0.000433984 -0.000799686  0.004387942  0.000462621 |         65.4 |  0.000000548  0.000050989, -0.000056324  0.000551778
DIFF:  049 |  0.000000000 -0.000000200  0.000000000  0.000000000  0.000000000  0.000000000 |          0.0 | -0.000000006 -0.000000002, -0.000000163  0.000000002
MOVE:  049 |  0.000003097 -0.000000068 -0.000000016  0.000000314  0.000076942  0.000462621 |         -0.3 |  0.000005740 -0.000000314,  0.000000318 -0.000000384
CONST: 049 | 28 3.00973e-05 -0.000287068 0.000433984 -0.000799686 0.00438794 0.000462621

ABS:   050 |  0.000030097 -0.000286968  0.000433989 -0.000799686  0.004387942  0.000462621 |         65.4 |  0.000000551  0.000050990, -0.000056247  0.000551777
DIFF:  050 |  0.000000000  0.000000100  0.000000005  0.000000000  0.000000000  0.000000000 |         -0.0 |  0.000000003  0.000000001,  0.000000076 -0.000000001
MOVE:  050 |  0.000003097  0.000000032 -0.000000011  0.000000314  0.000076942  0.000462621 |         -0.3 |  0.000005743 -0.000000312,  0.000000394 -0.000000385
CONST: 050 | 28 3.00973e-05 -0.000286968 0.000433989 -0.000799686 0.00438794 0.000462621

ABS:   051 |  0.000030097 -0.000286968  0.000433979 -0.000799686  0.004387942  0.000462621 |         65.4 |  0.000000551  0.000050990, -0.000056237  0.000551777
DIFF:  051 |  0.000000000  0.000000000 -0.000000010  0.000000000  0.000000000  0.000000000 |         -0.0 |  0.000000000  0.000000000,  0.000000010 -0.000000000
MOVE:  051 |  0.000003097  0.000000032 -0.000000021  0.000000314  0.000076942  0.000462621 |         -0.3 |  0.000005743 -0.000000312,  0.000000404 -0.000000385
CONST: 051 | 28 3.00973e-05 -0.000286968 0.000433979 -0.000799686 0.00438794 0.000462621

ABS:   052 |  0.000030097 -0.000286968  0.000434034 -0.000799686  0.004387942  0.000462621 |         65.4 |  0.000000550  0.000050990, -0.000056292  0.000551777
DIFF:  052 |  0.000000000  0.000000000  0.000000055  0.000000000  0.000000000  0.000000000 |          0.0 | -0.000000000 -0.000000000, -0.000000055  0.000000000
MOVE:  052 |  0.000003097  0.000000032  0.000000034  0.000000314  0.000076942  0.000462621 |         -0.3 |  0.000005743 -0.000000312,  0.000000349 -0.000000385
CONST: 052 | 28 3.00973e-05 -0.000286968 0.000434034 -0.000799686 0.00438794 0.000462621

ABS:   053 |  0.000030097 -0.000286968  0.000433934 -0.000799686  0.004387942  0.000462621 |         65.4 |  0.000000551  0.000050990, -0.000056192  0.000551777
DIFF:  053 |  0.000000000  0.000000000 -0.000000100  0.000000000  0.000000000  0.000000000 |         -0.0 |  0.000000000  0.000000000,  0.000000100 -0.000000000
MOVE:  053 |  0.000003097  0.000000032 -0.000000066  0.000000314  0.000076942  0.000462621 |         -0.3 |  0.000005743 -0.000000312,  0.000000450 -0.000000385
CONST: 053 | 28 3.00973e-05 -0.000286968 0.000433934 -0.000799686 0.00438794 0.000462621

ABS:   054 |  0.000030097 -0.000286968  0.000433984 -0.000799308  0.004387942  0.000462621 |         65.4 |  0.000000550  0.000050990, -0.000056266  0.000551776
DIFF:  054 |  0.000000000  0.000000000  0.000000050  0.000000378  0.000000000  0.000000000 |          0.0 | -0.000000001 -0.000000000, -0.000000074 -0.000000001
MOVE:  054 |  0.000003097  0.000000032 -0.000000016  0.000000692  0.000076942  0.000462621 |         -0.3 |  0.000005743 -0.000000312,  0.000000375 -0.000000386
CONST: 054 | 28 3.00973e-05 -0.000286968 0.000433984 -0.000799308 0.00438794 0.000462621

ABS:   055 |  0.000030097 -0.000286968  0.000433984 -0.000800064  0.004387942  0.000462621 |         65.4 |  0.000000551  0.000050990, -0.000056218  0.000551777
DIFF:  055 |  0.000000000  0.000000000  0.000000000 -0.000000756  0.000000000  0.000000000 |         -0.0 |  0.000000001  0.000000000,  0.000000048  0.000000001
MOVE:  055 |  0.000003097  0.000000032 -0.000000016 -0.000000064  0.000076942  0.000462621 |         -0.3 |  0.000005743 -0.000000312,  0.000000423 -0.000000384
CONST: 055 | 28 3.00973e-05 -0.000286968 0.000433984 -0.000800064 0.00438794 0.000462621

ABS:   056 |  0.000030097 -0.000286968  0.000433984 -0.000795916  0.004387942  0.000462621 |         65.4 |  0.000000567  0.000050969, -0.000056481  0.000551771
DIFF:  056 |  0.000000000  0.000000000  0.000000000  0.000004147  0.000000000  0.000000000 |         -0.0 |  0.000000016 -0.000000020, -0.000000263 -0.000000006
MOVE:  056 |  0.000003097  0.000000032 -0.000000016  0.000004084  0.000076942  0.000462621 |         -0.3 |  0.000005759 -0.000000333,  0.000000160 -0.000000391
CONST: 056 | 28 3.00973e-05 -0.000286968 0.000433984 -0.000795916 0.00438794 0.000462621

ABS:   057 |  0.000030097 -0.000286968  0.000433984 -0.000803455  0.004387942  0.000462621 |         65.5 |  0.000000554  0.000050991, -0.000056207  0.000551922
DIFF:  057 |  0.000000000  0.000000000  0.000000000 -0.000007539  0.000000000  0.000000000 |          0.0 | -0.000000013  0.000000022,  0.000000274  0.000000151
MOVE:  057 |  0.000003097  0.000000032 -0.000000016 -0.000003455  0.000076942  0.000462621 |         -0.3 |  0.000005746 -0.000000311,  0.000000434 -0.000000240
CONST: 057 | 28 3.00973e-05 -0.000286968 0.000433984 -0.000803455 0.00438794 0.000462621

ABS:   058 |  0.000030097 -0.000286968  0.000433984 -0.000799309  0.004387942  0.000462621 |         65.4 |  0.000000550  0.000050990, -0.000056266  0.000551776
DIFF:  058 |  0.000000000  0.000000000  0.000000000  0.000004147  0.000000000  0.000000000 |         -0.0 | -0.000000004 -0.000000001, -0.000000059 -0.000000146
MOVE:  058 |  0.000003097  0.000000032 -0.000000016  0.000000691  0.000076942  0.000462621 |         -0.3 |  0.000005743 -0.000000312,  0.000000376 -0.000000386
CONST: 058 | 28 3.00973e-05 -0.000286968 0.000433984 -0.000799309 0.00438794 0.000462621

ABS:   059 |  0.000030097 -0.000286968  0.000433984 -0.000800063  0.004387942  0.000462621 |         65.4 |  0.000000551  0.000050990, -0.000056218  0.000551777
DIFF:  059 |  0.000000000  0.000000000  0.000000000 -0.000000754  0.000000000  0.000000000 |         -0.0 |  0.000000001  0.000000000,  0.000000048  0.000000001
MOVE:  059 |  0.000003097  0.000000032 -0.000000016 -0.000000063  0.000076942  0.000462621 |         -0.3 |  0.000005743 -0.000000312,  0.000000423 -0.000000384
CONST: 059 | 28 3.00973e-05 -0.000286968 0.000433984 -0.000800063 0.00438794 0.000462621

ABS:   060 |  0.000030097 -0.000286968  0.000433984 -0.000799686  0.004388886  0.000462621 |         65.4 |  0.000000586  0.000051005, -0.000056243  0.000551776
DIFF:  060 |  0.000000000  0.000000000  0.000000000  0.000000377  0.000000944  0.000000000 |          0.0 |  0.000000035  0.000000015, -0.000000025 -0.000000001
MOVE:  060 |  0.000003097  0.000000032 -0.000000016  0.000000314  0.000077886  0.000462621 |         -0.3 |  0.000005779 -0.000000297,  0.000000399 -0.000000385
CONST: 060 | 28 3.00973e-05 -0.000286968 0.000433984 -0.000799686 0.00438889 0.000462621

ABS:   061 |  0.000030097 -0.000286968  0.000433984 -0.000799686  0.004386998  0.000462621 |         65.4 |  0.000000515  0.000050975, -0.000056241  0.000551777
DIFF:  061 |  0.000000000  0.000000000  0.000000000  0.000000000 -0.000001888  0.000000000 |         -0.0 | -0.000000072 -0.000000030,  0.000000001  0.000000001
MOVE:  061 |  0.000003097  0.000000032 -0.000000016  0.000000314  0.000075998  0.000462621 |         -0.3 |  0.000005707 -0.000000327,  0.000000400 -0.000000385
CONST: 061 | 28 3.00973e-05 -0.000286968 0.000433984 -0.000799686 0.004387 0.000462621

ABS:   062 |  0.000030097 -0.000286968  0.000433984 -0.000799686  0.004387942  0.000482620 |         65.5 |  0.000000536  0.000050989, -0.000056014  0.000551957
DIFF:  062 |  0.000000000  0.000000000  0.000000000  0.000000000  0.000000944  0.000019999 |          0.0 |  0.000000021  0.000000014,  0.000000227  0.000000180
MOVE:  062 |  0.000003097  0.000000032 -0.000000016  0.000000314  0.000076942  0.000482620 |         -0.3 |  0.000005728 -0.000000313,  0.000000628 -0.000000205
CONST: 062 | 28 3.00973e-05 -0.000286968 0.000433984 -0.000799686 0.00438794 0.00048262

ABS:   063 |  0.000030097 -0.000286968  0.000433984 -0.000799686  0.004387942  0.000442622 |         65.4 |  0.000000565  0.000050990, -0.000056244  0.000551780
DIFF:  063 |  0.000000000  0.000000000  0.000000000  0.000000000  0.000000000 -0.000039998 |         -0.0 |  0.000000029  0.000000001, -0.000000230 -0.000000178
MOVE:  063 |  0.000003097  0.000000032 -0.000000016  0.000000314  0.000076942  0.000442622 |         -0.3 |  0.000005757 -0.000000312,  0.000000398 -0.000000382
CONST: 063 | 28 3.00973e-05 -0.000286968 0.000433984 -0.000799686 0.00438794 0.000442622

ABS:   064 |  0.000030097 -0.000286968  0.000433984 -0.000799686  0.004387942  0.000464621 |         65.4 |  0.000000549  0.000050990, -0.000056242  0.000551776
DIFF:  064 |  0.000000000  0.000000000  0.000000000  0.000000000  0.000000000  0.000021999 |         -0.0 | -0.000000016 -0.000000000,  0.000000002 -0.000000003
MOVE:  064 |  0.000003097  0.000000032 -0.000000016  0.000000314  0.000076942  0.000464621 |         -0.3 |  0.000005741 -0.000000312,  0.000000400 -0.000000385
CONST: 064 | 28 3.00973e-05 -0.000286968 0.000433984 -0.000799686 0.00438794 0.000464621

ABS:   065 |  0.000030097 -0.000286968  0.000433984 -0.000799686  0.004387942  0.000460621 |         65.4 |  0.000000552  0.000050990, -0.000056242  0.000551777
DIFF:  065 |  0.000000000  0.000000000  0.000000000  0.000000000  0.000000000 -0.000004000 |          0.0 |  0.000000003  0.000000000, -0.000000000  0.000000001
MOVE:  065 |  0.000003097  0.000000032 -0.000000016  0.000000314  0.000076942  0.000460621 |         -0.3 |  0.000005744 -0.000000312,  0.000000399 -0.000000385
CONST: 065 | 28 3.00973e-05 -0.000286968 0.000433984 -0.000799686 0.00438794 0.000460621

ABS:   066 |  0.000030097 -0.000286968  0.000433984 -0.000799686  0.004387942  0.000482620 |         65.5 |  0.000000536  0.000050989, -0.000056014  0.000551957
DIFF:  066 |  0.000000000  0.000000000  0.000000000  0.000000000  0.000000000  0.000021999 |          0.0 | -0.000000016 -0.000000000,  0.000000228  0.000000180
MOVE:  066 |  0.000003097  0.000000032 -0.000000016  0.000000314  0.000076942  0.000482620 |         -0.3 |  0.000005728 -0.000000313,  0.000000628 -0.000000205
CONST: 066 | 28 3.00973e-05 -0.000286968 0.000433984 -0.000799686 0.00438794 0.00048262

ABS:   067 |  0.000030097 -0.000286968  0.000433984 -0.000799686  0.004387942  0.000442622 |         65.4 |  0.000000565  0.000050990, -0.000056244  0.000551780
DIFF:  067 |  0.000000000  0.000000000  0.000000000  0.000000000  0.000000000 -0.000039998 |         -0.0 |  0.000000029  0.000000001, -0.000000230 -0.000000178
MOVE:  067 |  0.000003097  0.000000032 -0.000000016  0.000000314  0.000076942  0.000442622 |         -0.3 |  0.000005757 -0.000000312,  0.000000398 -0.000000382
CONST: 067 | 28 3.00973e-05 -0.000286968 0.000433984 -0.000799686 0.00438794 0.000442622

ABS:   068 |  0.000032231 -0.000286940  0.000433971 -0.000799421  0.004442197 -0.001591504 |         65.6 |  0.000005915  0.000051012, -0.000055570  0.000552226
DIFF:  068 |  0.000002134  0.000000028 -0.000000014  0.000000265  0.000054255 -0.002034125 |          0.2 |  0.000005350  0.000000022,  0.000000674  0.000000447
MOVE:  068 |  0.000005231  0.000000060 -0.000000029  0.000000579  0.000131197 -0.001591504 |         -0.1 |  0.000011108 -0.000000290,  0.000001072  0.000000064
CONST: 068 | 28 3.22312e-05 -0.00028694 0.000433971 -0.000799421 0.0044422 -0.0015915

ABS:   069 |  0.000031034 -0.000286956  0.000433978 -0.000799569  0.004411763 -0.000439361 |         65.7 |  0.000002884  0.000051077, -0.000055858  0.000552599
DIFF:  069 | -0.000001197 -0.000000016  0.000000008 -0.000000148 -0.000030434  0.001152142 |          0.1 | -0.000003032  0.000000065, -0.000000288  0.000000373
MOVE:  069 |  0.000004034  0.000000044 -0.000000022  0.000000431  0.000100763 -0.000439361 |         -0.0 |  0.000008076 -0.000000225,  0.000000784  0.000000437
CONST: 069 | 28 3.10342e-05 -0.000286956 0.000433978 -0.000799569 0.00441176 -0.000439361

ABS:   070 |  0.000030433 -0.000286964  0.000433982 -0.000799644  0.004396467  0.000139822 |         65.6 |  0.000001329  0.000051131, -0.000056479  0.000551960
DIFF:  070 | -0.000000602 -0.000000008  0.000000004 -0.000000075 -0.000015296  0.000579183 |         -0.2 | -0.000001555  0.000000054, -0.000000621 -0.000000639
MOVE:  070 |  0.000003433  0.000000036 -0.000000018  0.000000356  0.000085467  0.000139822 |         -0.2 |  0.000006521 -0.000000171,  0.000000162 -0.000000201
CONST: 070 | 28 3.04326e-05 -0.000286964 0.000433982 -0.000799644 0.00439647 0.000139822

ABS:   071 |  0.000030209 -0.000286967  0.000433984 -0.000799672  0.004390780  0.000355182 |         65.5 |  0.000000751  0.000051056, -0.000056253  0.000551791
DIFF:  071 | -0.000000224 -0.000000003  0.000000001 -0.000000028 -0.000005688  0.000215360 |         -0.1 | -0.000000578 -0.000000075,  0.000000226 -0.000000169
MOVE:  071 |  0.000003209  0.000000033 -0.000000016  0.000000328  0.000079780  0.000355182 |         -0.3 |  0.000005943 -0.000000246,  0.000000388 -0.000000371
CONST: 071 | 28 3.02089e-05 -0.000286967 0.000433984 -0.000799672 0.00439078 0.000355182

ABS:   072 |  0.000030137 -0.000286968  0.000433984 -0.000799681  0.004388941  0.000424806 |         65.5 |  0.000000617  0.000051043, -0.000056246  0.000551782
DIFF:  072 | -0.000000072 -0.000000001  0.000000000 -0.000000009 -0.000001839  0.000069624 |         -0.0 | -0.000000134 -0.000000013,  0.000000007 -0.000000009
MOVE:  072 |  0.000003137  0.000000032 -0.000000016  0.000000319  0.000077941  0.000424806 |         -0.3 |  0.000005810 -0.000000259,  0.000000396 -0.000000380
CONST: 072 | 28 3.01366e-05 -0.000286968 0.000433984 -0.000799681 0.00438894 0.000424806

ABS:   073 |  0.000030108 -0.000286968  0.000433984 -0.000799684  0.004388207  0.000452592 |         65.4 |  0.000000584  0.000050989, -0.000056243  0.000551778
DIFF:  073 | -0.000000029 -0.000000000  0.000000000 -0.000000004 -0.000000734  0.000027786 |         -0.0 | -0.000000034 -0.000000054,  0.000000003 -0.000000004
MOVE:  073 |  0.000003108  0.000000032 -0.000000016  0.000000316  0.000077207  0.000452592 |         -0.3 |  0.000005776 -0.000000313,  0.000000398 -0.000000384
CONST: 073 | 28 3.01077e-05 -0.000286968 0.000433984 -0.000799684 0.00438821 0.000452592

ABS:   074 |  0.000030103 -0.000286968  0.000433984 -0.000799685  0.004388074  0.000457629 |         65.4 |  0.000000567  0.000050989, -0.000056243  0.000551777
DIFF:  074 | -0.000000005 -0.000000000  0.000000000 -0.000000001 -0.000000133  0.000005037 |         -0.0 | -0.000000017  0.000000001,  0.000000001 -0.000000001
MOVE:  074 |  0.000003103  0.000000032 -0.000000016  0.000000315  0.000077074  0.000457629 |         -0.3 |  0.000005759 -0.000000313,  0.000000399 -0.000000384
CONST: 074 | 28 3.01025e-05 -0.000286968 0.000433984 -0.000799685 0.00438807 0.000457629

ABS:   075 |  0.000030100 -0.000286968  0.000433984 -0.000799685  0.004388008  0.000460135 |         65.4 |  0.000000559  0.000050990, -0.000056242  0.000551777
DIFF:  075 | -0.000000003 -0.000000000  0.000000000 -0.000000000 -0.000000066  0.000002506 |         -0.0 | -0.000000008  0.000000000,  0.000000000 -0.000000000
MOVE:  075 |  0.000003100  0.000000032 -0.000000016  0.000000315  0.000077008  0.000460135 |         -0.3 |  0.000005751 -0.000000313,  0.000000399 -0.000000385
CONST: 075 | 28 3.00999e-05 -0.000286968 0.000433984 -0.000799685 0.00438801 0.000460135

ABS:   076 |  0.000030099 -0.000286968  0.000433984 -0.000799685  0.004387975  0.000461383 |         65.4 |  0.000000555  0.000050990, -0.000056242  0.000551777
DIFF:  076 | -0.000000001 -0.000000000  0.000000000 -0.000000000 -0.000000033  0.000001248 |         -0.0 | -0.000000004  0.000000000,  0.000000000 -0.000000000
MOVE:  076 |  0.000003099  0.000000032 -0.000000016  0.000000315  0.000076975  0.000461383 |         -0.3 |  0.000005747 -0.000000312,  0.000000399 -0.000000385
CONST: 076 | 28 3.00986e-05 -0.000286968 0.000433984 -0.000799685 0.00438797 0.000461383

ABS:   077 |  0.000030098 -0.000286968  0.000433984 -0.000799686  0.004387958  0.000462004 |         65.4 |  0.000000553  0.000050990, -0.000056242  0.000551777
DIFF:  077 | -0.000000001 -0.000000000  0.000000000 -0.000000000 -0.000000016  0.000000621 |         -0.0 | -0.000000002  0.000000000,  0.000000000 -0.000000000
MOVE:  077 |  0.000003098  0.000000032 -0.000000016  0.000000314  0.000076958  0.000462004 |         -0.3 |  0.000005745 -0.000000312,  0.000000399 -0.000000385
CONST: 077 | 28 3.0098e-05 -0.000286968 0.000433984 -0.000799686 0.00438796 0.000462004

ABS:   078 |  0.000030098 -0.000286968  0.000433984 -0.000799686  0.004387950  0.000462314 |         65.4 |  0.000000552  0.000050990, -0.000056242  0.000551777
DIFF:  078 | -0.000000000 -0.000000000  0.000000000 -0.000000000 -0.000000008  0.000000309 |         -0.0 | -0.000000001  0.000000000,  0.000000000 -0.000000000
MOVE:  078 |  0.000003098  0.000000032 -0.000000016  0.000000314  0.000076950  0.000462314 |         -0.3 |  0.000005744 -0.000000312,  0.000000399 -0.000000385
CONST: 078 | 28 3.00976e-05 -0.000286968 0.000433984 -0.000799686 0.00438795 0.000462314

ABS:   079 |  0.000030097 -0.000286968  0.000433984 -0.000799686  0.004387942  0.000462621 |         65.4 |  0.000000551  0.000050990, -0.000056242  0.000551777
DIFF:  079 | -0.000000000 -0.000000000  0.000000000 -0.000000000 -0.000000008  0.000000307 |         -0.0 | -0.000000001  0.000000000,  0.000000000 -0.000000000
MOVE:  079 |  0.000003097  0.000000032 -0.000000016  0.000000314  0.000076942  0.000462621 |         -0.3 |  0.000005743 -0.000000312,  0.000000399 -0.000000385
CONST: 079 | 28 3.00973e-05 -0.000286968 0.000433984 -0.000799686 0.00438794 0.000462621

ABS:   080 |  0.000030163 -0.000286968  0.000433984 -0.000799686  0.004387942  0.000462621 |         65.4 |  0.000000617  0.000050990, -0.000056242  0.000551777
DIFF:  080 |  0.000000066  0.000000000  0.000000000  0.000000000  0.000000000  0.000000000 |          0.0 |  0.000000066 -0.000000000, -0.000000000  0.000000000
MOVE:  080 |  0.000003163  0.000000032 -0.000000016  0.000000314  0.000076942  0.000462621 |         -0.3 |  0.000005809 -0.000000312,  0.000000399 -0.000000385
CONST: 080 | 28 3.01632e-05 -0.000286968 0.000433984 -0.000799686 0.00438794 0.000462621

ABS:   081 |  0.000030031 -0.000286968  0.000433984 -0.000799686  0.004387942  0.000462621 |         65.4 |  0.000000504  0.000050971, -0.000056242  0.000551777
DIFF:  081 | -0.000000132  0.000000000  0.000000000  0.000000000  0.000000000  0.000000000 |         -0.0 | -0.000000112 -0.000000019,  0.000000001 -0.000000000
MOVE:  081 |  0.000003031  0.000000032 -0.000000016  0.000000314  0.000076942  0.000462621 |         -0.3 |  0.000005697 -0.000000331,  0.000000400 -0.000000385
CONST: 081 | 28 3.00314e-05 -0.000286968 0.000433984 -0.000799686 0.00438794 0.000462621

ABS:   082 |  0.000030097 -0.000286868  0.000433984 -0.000799686  0.004387942  0.000462621 |         65.4 |  0.000000554  0.000050991, -0.000056161  0.000551776
DIFF:  082 |  0.000000066  0.000000100  0.000000000  0.000000000  0.000000000  0.000000000 |          0.0 |  0.000000049  0.000000020,  0.000000081 -0.000000001
MOVE:  082 |  0.000003097  0.000000132 -0.000000016  0.000000314  0.000076942  0.000462621 |         -0.3 |  0.000005746 -0.000000311,  0.000000481 -0.000000386
CONST: 082 | 28 3.00973e-05 -0.000286868 0.000433984 -0.000799686 0.00438794 0.000462621

ABS:   083 |  0.000030097 -0.000287068  0.000433984 -0.000799686  0.004387942  0.000462621 |         65.4 |  0.000000548  0.000050989, -0.000056324  0.000551778
DIFF:  083 |  0.000000000 -0.000000200  0.000000000  0.000000000  0.000000000  0.000000000 |          0.0 | -0.000000006 -0.000000002, -0.000000163  0.000000002
MOVE:  083 |  0.000003097 -0.000000068 -0.000000016  0.000000314  0.000076942  0.000462621 |         -0.3 |  0.000005740 -0.000000314,  0.000000318 -0.000000384
CONST: 083 | 28 3.00973e-05 -0.000287068 0.000433984 -0.000799686 0.00438794 0.000462621

ABS:   084 |  0.000030097 -0.000286968  0.000434034 -0.000799686  0.004387942  0.000462621 |         65.4 |  0.000000550  0.000050990, -0.000056292  0.000551777
DIFF:  084 |  0.000000000  0.000000100  0.000000050  0.000000000  0.000000000  0.000000000 |         -0.0 |  0.000000003  0.000000001,  0.000000031 -0.000000001
MOVE:  084 |  0.000003097  0.000000032  0.000000034  0.000000314  0.000076942  0.000462621 |         -0.3 |  0.000005743 -0.000000312,  0.000000349 -0.000000385
CONST: 084 | 28 3.00973e-05 -0.000286968 0.000434034 -0.000799686 0.00438794 0.000462621

ABS:   085 |  0.000030097 -0.000286968  0.000433934 -0.000799686  0.004387942  0.000462621 |         65.4 |  0.000000551  0.000050990, -0.000056192  0.000551777
DIFF:  085 |  0.000000000  0.000000000 -0.000000100  0.000000000  0.000000000  0.000000000 |         -0.0 |  0.000000000  0.000000000,  0.000000100 -0.000000000
MOVE:  085 |  0.000003097  0.000000032 -0.000000066  0.000000314  0.000076942  0.000462621 |         -0.3 |  0.000005743 -0.000000312,  0.000000450 -0.000000385
CONST: 085 | 28 3.00973e-05 -0.000286968 0.000433934 -0.000799686 0.00438794 0.000462621

ABS:   086 |  0.000030097 -0.000286968  0.000433984 -0.000799309  0.004387942  0.000462621 |         65.4 |  0.000000550  0.000050990, -0.000056266  0.000551776
DIFF:  086 |  0.000000000  0.000000000  0.000000050  0.000000377  0.000000000  0.000000000 |          0.0 | -0.000000001 -0.000000000, -0.000000074 -0.000000001
MOVE:  086 |  0.000003097  0.000000032 -0.000000016  0.000000691  0.000076942  0.000462621 |         -0.3 |  0.000005743 -0.000000312,  0.000000376 -0.000000386
CONST: 086 | 28 3.00973e-05 -0.000286968 0.000433984 -0.000799309 0.00438794 0.000462621

ABS:   087 |  0.000030097 -0.000286968  0.000433984 -0.000800063  0.004387942  0.000462621 |         65.4 |  0.000000551  0.000050990, -0.000056218  0.000551777
DIFF:  087 |  0.000000000  0.000000000  0.000000000 -0.000000754  0.000000000  0.000000000 |         -0.0 |  0.000000001  0.000000000,  0.000000048  0.000000001
MOVE:  087 |  0.000003097  0.000000032 -0.000000016 -0.000000063  0.000076942  0.000462621 |         -0.3 |  0.000005743 -0.000000312,  0.000000423 -0.000000384
CONST: 087 | 28 3.00973e-05 -0.000286968 0.000433984 -0.000800063 0.00438794 0.000462621

ABS:   088 |  0.000030097 -0.000286968  0.000433984 -0.000799686  0.004388886  0.000462621 |         65.4 |  0.000000586  0.000051005, -0.000056243  0.000551776
DIFF:  088 |  0.000000000  0.000000000  0.000000000  0.000000377  0.000000944  0.000000000 |          0.0 |  0.000000035  0.000000015, -0.000000025 -0.000000001
MOVE:  088 |  0.000003097  0.000000032 -0.000000016  0.000000314  0.000077886  0.000462621 |         -0.3 |  0.000005779 -0.000000297,  0.000000399 -0.000000385
CONST: 088 | 28 3.00973e-05 -0.000286968 0.000433984 -0.000799686 0.00438889 0.000462621

ABS:   089 |  0.000030097 -0.000286968  0.000433984 -0.000799686  0.004386998  0.000462621 |         65.4 |  0.000000515  0.000050975, -0.000056241  0.000551777
DIFF:  089 |  0.000000000  0.000000000  0.000000000  0.000000000 -0.000001888  0.000000000 |         -0.0 | -0.000000072 -0.000000030,  0.000000001  0.000000001
MOVE:  089 |  0.000003097  0.000000032 -0.000000016  0.000000314  0.000075998  0.000462621 |         -0.3 |  0.000005707 -0.000000327,  0.000000400 -0.000000385
CONST: 089 | 28 3.00973e-05 -0.000286968 0.000433984 -0.000799686 0.004387 0.000462621

ABS:   090 |  0.000030097 -0.000286968  0.000433984 -0.000799686  0.004387942  0.000482620 |         65.5 |  0.000000536  0.000050989, -0.000056014  0.000551957
DIFF:  090 |  0.000000000  0.000000000  0.000000000  0.000000000  0.000000944  0.000019999 |          0.0 |  0.000000021  0.000000014,  0.000000227  0.000000180
MOVE:  090 |  0.000003097  0.000000032 -0.000000016  0.000000314  0.000076942  0.000482620 |         -0.3 |  0.000005728 -0.000000313,  0.000000628 -0.000000205
CONST: 090 | 28 3.00973e-05 -0.000286968 0.000433984 -0.000799686 0.00438794 0.00048262

ABS:   091 |  0.000030097 -0.000286968  0.000433984 -0.000799686  0.004387942  0.000442622 |         65.4 |  0.000000565  0.000050990, -0.000056244  0.000551780
DIFF:  091 |  0.000000000  0.000000000  0.000000000  0.000000000  0.000000000 -0.000039998 |         -0.0 |  0.000000029  0.000000001, -0.000000230 -0.000000178
MOVE:  091 |  0.000003097  0.000000032 -0.000000016  0.000000314  0.000076942  0.000442622 |         -0.3 |  0.000005757 -0.000000312,  0.000000398 -0.000000382
CONST: 091 | 28 3.00973e-05 -0.000286968 0.000433984 -0.000799686 0.00438794 0.000442622

ABS:   092 |  0.000030100 -0.000286968  0.000433984 -0.000799686  0.004387942  0.000462621 |         65.4 |  0.000000553  0.000050990, -0.000056242  0.000551777
DIFF:  092 |  0.000000003  0.000000000  0.000000000  0.000000000  0.000000000  0.000019999 |         -0.0 | -0.000000012 -0.000000000,  0.000000002 -0.000000003
MOVE:  092 |  0.000003100  0.000000032 -0.000000016  0.000000314  0.000076942  0.000462621 |         -0.3 |  0.000005746 -0.000000312,  0.000000399 -0.000000385
CONST: 092 | 28 3.01002e-05 -0.000286968 0.000433984 -0.000799686 0.00438794 0.000462621

ABS:   093 |  0.000030094 -0.000286968  0.000433984 -0.000799686  0.004387942  0.000462621 |         65.4 |  0.000000548  0.000050990, -0.000056242  0.000551777
DIFF:  093 | -0.000000006  0.000000000  0.000000000  0.000000000  0.000000000  0.000000000 |         -0.0 | -0.000000006  0.000000000,  0.000000000 -0.000000000
MOVE:  093 |  0.000003094  0.000000032 -0.000000016  0.000000314  0.000076942  0.000462621 |         -0.3 |  0.000005740 -0.000000312,  0.000000400 -0.000000385
CONST: 093 | 28 3.00945e-05 -0.000286968 0.000433984 -0.000799686 0.00438794 0.000462621

ABS:   094 |  0.000030098 -0.000286968  0.000433984 -0.000799686  0.004387942  0.000462621 |         65.4 |  0.000000551  0.000050990, -0.000056242  0.000551777
DIFF:  094 |  0.000000003  0.000000000  0.000000000  0.000000000  0.000000000  0.000000000 |          0.0 |  0.000000003 -0.000000000, -0.000000000  0.000000000
MOVE:  094 |  0.000003098  0.000000032 -0.000000016  0.000000314  0.000076942  0.000462621 |         -0.3 |  0.000005743 -0.000000312,  0.000000399 -0.000000385
CONST: 094 | 28 3.00979e-05 -0.000286968 0.000433984 -0.000799686 0.00438794 0.000462621

ABS:   095 |  0.000030097 -0.000286968  0.000433984 -0.000799686  0.004387942  0.000462621 |         65.4 |  0.000000550  0.000050990, -0.000056242  0.000551777
DIFF:  095 | -0.000000001  0.000000000  0.000000000  0.000000000  0.000000000  0.000000000 |         -0.0 | -0.000000001  0.000000000,  0.000000000 -0.000000000
MOVE:  095 |  0.000003097  0.000000032 -0.000000016  0.000000314  0.000076942  0.000462621 |         -0.3 |  0.000005742 -0.000000312,  0.000000399 -0.000000385
CONST: 095 | 28 3.00968e-05 -0.000286968 0.000433984 -0.000799686 0.00438794 0.000462621

ABS:   096 |  0.000030097 -0.000286948  0.000433984 -0.000799686  0.004387942  0.000462621 |         65.4 |  0.000000551  0.000050990, -0.000056226  0.000551777
DIFF:  096 |  0.000000001  0.000000020  0.000000000  0.000000000  0.000000000  0.000000000 |         -0.0 |  0.000000001  0.000000000,  0.000000016 -0.000000000
MOVE:  096 |  0.000003097  0.000000052 -0.000000016  0.000000314  0.000076942  0.000462621 |         -0.3 |  0.000005743 -0.000000312,  0.000000416 -0.000000385
CONST: 096 | 28 3.00973e-05 -0.000286948 0.000433984 -0.000799686 0.00438794 0.000462621

ABS:   097 |  0.000030097 -0.000286988  0.000433984 -0.000799686  0.004387942  0.000462621 |         65.4 |  0.000000550  0.000050990, -0.000056258  0.000551777
DIFF:  097 |  0.000000000 -0.000000040  0.000000000  0.000000000  0.000000000  0.000000000 |          0.0 | -0.000000001 -0.000000000, -0.000000033  0.000000000
MOVE:  097 |  0.000003097  0.000000012 -0.000000016  0.000000314  0.000076942  0.000462621 |         -0.3 |  0.000005742 -0.000000313,  0.000000383 -0.000000385
CONST: 097 | 28 3.00973e-05 -0.000286988 0.000433984 -0.000799686 0.00438794 0.000462621

ABS:   098 |  0.000030097 -0.000286968  0.000433994 -0.000799686  0.004387942  0.000462621 |         65.4 |  0.000000551  0.000050990, -0.000056252  0.000551777
DIFF:  098 |  0.000000000  0.000000020  0.000000010  0.000000000  0.000000000  0.000000000 |         -0.0 |  0.000000001  0.000000000,  0.000000006 -0.000000000
MOVE:  098 |  0.000003097  0.000000032 -0.000000006  0.000000314  0.000076942  0.000462621 |         -0.3 |  0.000005743 -0.000000312,  0.000000389 -0.000000385
CONST: 098 | 28 3.00973e-05 -0.000286968 0.000433994 -0.000799686 0.00438794 0.000462621

ABS:   099 |  0.000030097 -0.000286968  0.000433974 -0.000799686  0.004387942  0.000462621 |         65.4 |  0.000000551  0.000050990, -0.000056232  0.000551777
DIFF:  099 |  0.000000000  0.000000000 -0.000000020  0.000000000  0.000000000  0.000000000 |         -0.0 |  0.000000000  0.000000000,  0.000000020 -0.000000000
MOVE:  099 |  0.000003097  0.000000032 -0.000000026  0.000000314  0.000076942  0.000462621 |         -0.3 |  0.000005743 -0.000000312,  0.000000409 -0.000000385
CONST: 099 | 28 3.00973e-05 -0.000286968 0.000433974 -0.000799686 0.00438794 0.000462621

ABS:   100 |  0.000030097 -0.000286968  0.000433984 -0.000799610  0.004387942  0.000462621 |         65.4 |  0.000000551  0.000050990, -0.000056247  0.000551777
DIFF:  100 |  0.000000000  0.000000000  0.000000010  0.000000075  0.000000000  0.000000000 |          0.0 | -0.000000000 -0.000000000, -0.000000015 -0.000000000
MOVE:  100 |  0.000003097  0.000000032 -0.000000016  0.000000390  0.000076942  0.000462621 |         -0.3 |  0.000005743 -0.000000312,  0.000000395 -0.000000385
CONST: 100 | 28 3.00973e-05 -0.000286968 0.000433984 -0.00079961 0.00438794 0.000462621

ABS:   101 |  0.000030097 -0.000286968  0.000433984 -0.000799761  0.004387942  0.000462621 |         65.4 |  0.000000551  0.000050990, -0.000056237  0.000551777
DIFF:  101 |  0.000000000  0.000000000  0.000000000 -0.000000151  0.000000000  0.000000000 |         -0.0 |  0.000000000  0.000000000,  0.000000010  0.000000000
MOVE:  101 |  0.000003097  0.000000032 -0.000000016  0.000000239  0.000076942  0.000462621 |         -0.3 |  0.000005743 -0.000000312,  0.000000404 -0.000000385
CONST: 101 | 28 3.00973e-05 -0.000286968 0.000433984 -0.000799761 0.00438794 0.000462621

ABS:   102 |  0.000030097 -0.000286968  0.000433984 -0.000799686  0.004388131  0.000462621 |         65.4 |  0.000000562  0.000050989, -0.000056242  0.000551777
DIFF:  102 |  0.000000000  0.000000000  0.000000000  0.000000075  0.000000189  0.000000000 |         -0.0 |  0.000000011 -0.000000001, -0.000000005 -0.000000000
MOVE:  102 |  0.000003097  0.000000032 -0.000000016  0.000000314  0.000077131  0.000462621 |         -0.3 |  0.000005754 -0.000000313,  0.000000399 -0.000000385
CONST: 102 | 28 3.00973e-05 -0.000286968 0.000433984 -0.000799686 0.00438813 0.000462621

ABS:   103 |  0.000030097 -0.000286968  0.000433984 -0.000799686  0.004387753  0.000462621 |         65.4 |  0.000000540  0.000050991, -0.000056242  0.000551777
DIFF:  103 |  0.000000000  0.000000000  0.000000000  0.000000000 -0.000000378  0.000000000 |          0.0 | -0.000000022  0.000000002,  0.000000000  0.000000000
MOVE:  103 |  0.000003097  0.000000032 -0.000000016  0.000000314  0.000076753  0.000462621 |         -0.3 |  0.000005732 -0.000000311,  0.000000400 -0.000000385
CONST: 103 | 28 3.00973e-05 -0.000286968 0.000433984 -0.000799686 0.00438775 0.000462621

ABS:   104 |  0.000030097 -0.000286968  0.000433984 -0.000799686  0.004387980  0.000462621 |         65.4 |  0.000000553  0.000050990, -0.000056242  0.000551777
DIFF:  104 |  0.000000000  0.000000000  0.000000000  0.000000000  0.000000227  0.000000000 |         -0.0 |  0.000000013 -0.000000001, -0.000000000 -0.000000000
MOVE:  104 |  0.000003097  0.000000032 -0.000000016  0.000000314  0.000076980  0.000462621 |         -0.3 |  0.000005745 -0.000000312,  0.000000399 -0.000000385
CONST: 104 | 28 3.00973e-05 -0.000286968 0.000433984 -0.000799686 0.00438798 0.000462621

ABS:   105 |  0.000030097 -0.000286968  0.000433984 -0.000799686  0.004387904  0.000462621 |         65.4 |  0.000000548  0.000050990, -0.000056242  0.000551777
DIFF:  105 |  0.000000000  0.000000000  0.000000000  0.000000000 -0.000000076  0.000000000 |          0.0 | -0.000000004  0.000000000,  0.000000000  0.000000000
MOVE:  105 |  0.000003097  0.000000032 -0.000000016  0.000000314  0.000076904  0.000462621 |         -0.3 |  0.000005741 -0.000000312,  0.000000400 -0.000000385
CONST: 105 | 28 3.00973e-05 -0.000286968 0.000433984 -0.000799686 0.0043879 0.000462621

ABS:   106 |  0.000030097 -0.000286968  0.000433984 -0.000799686  0.004387942  0.000463004 |         65.4 |  0.000000550  0.000050990, -0.000056242  0.000551777
DIFF:  106 |  0.000000000  0.000000000  0.000000000  0.000000000  0.000000038  0.000000383 |         -0.0 |  0.000000002 -0.000000000,  0.000000000 -0.000000000
MOVE:  106 |  0.000003097  0.000000032 -0.000000016  0.000000314  0.000076942  0.000463004 |         -0.3 |  0.000005743 -0.000000312,  0.000000400 -0.000000385
CONST: 106 | 28 3.00973e-05 -0.000286968 0.000433984 -0.000799686 0.00438794 0.000463004

ABS:   107 |  0.000030097 -0.000286968  0.000433984 -0.000799686  0.004387942  0.000462238 |         65.4 |  0.000000551  0.000050990, -0.000056242  0.000551777
DIFF:  107 |  0.000000000  0.000000000  0.000000000  0.000000000  0.000000000 -0.000000767 |          0.0 |  0.000000001  0.000000000, -0.000000000  0.000000000
MOVE:  107 |  0.000003097  0.000000032 -0.000000016  0.000000314  0.000076942  0.000462238 |         -0.3 |  0.000005743 -0.000000312,  0.000000399 -0.000000385
CONST: 107 | 28 3.00973e-05 -0.000286968 0.000433984 -0.000799686 0.00438794 0.000462238

ABS:   108 |  0.000030097 -0.000286968  0.000433984 -0.000799686  0.004387942  0.000462698 |         65.4 |  0.000000551  0.000050990, -0.000056242  0.000551777
DIFF:  108 |  0.000000000  0.000000000  0.000000000  0.000000000  0.000000000  0.000000460 |         -0.0 | -0.000000000 -0.000000000,  0.000000000 -0.000000000
MOVE:  108 |  0.000003097  0.000000032 -0.000000016  0.000000314  0.000076942  0.000462698 |         -0.3 |  0.000005743 -0.000000312,  0.000000399 -0.000000385
CONST: 108 | 28 3.00973e-05 -0.000286968 0.000433984 -0.000799686 0.00438794 0.000462698

