ABS:   itr |       deltaX       deltaY       deltaZ         phiX         phiY         phiZ |        chisq |    rphi mean     rphi rms,       z mean        z rms
ABS:   =========================================================================================================================================================
DIFF:  itr |       deltaX       deltaY       deltaZ         phiX         phiY         phiZ |        chisq |    rphi mean     rphi rms,       z mean        z rms
DIFF:  =========================================================================================================================================================
MOVE:  itr |       deltaX       deltaY       deltaZ         phiX         phiY         phiZ |        chisq |    rphi mean     rphi rms,       z mean        z rms
MOVE:  =========================================================================================================================================================
ABS:   001 |  0.000107000  0.000040000  0.000074000 -0.000420000 -0.000335000  0.000000000 |          5.6 |  0.000012299  0.000047396, -0.000057771  0.000544866
CONST: 001 | 47 0.000107 4e-05 7.4e-05 -0.00042 -0.000335 0

ABS:   001 |  0.000107000  0.000040000  0.000074000 -0.000420000 -0.000335000  0.000000000 |          5.6 |  0.000012299  0.000047396, -0.000057771  0.000544866
CONST: 001 | 47 0.000107 4e-05 7.4e-05 -0.00042 -0.000335 0

ABS:   002 |  0.000107100  0.000040000  0.000074000 -0.000420000 -0.000335000  0.000000000 |          5.6 |  0.000012399  0.000047396, -0.000057771  0.000544866
DIFF:  002 |  0.000000100 -0.000000000 -0.000000000  0.000000000 -0.000000000  0.000000000 |          0.0 |  0.000000100 -0.000000000,  0.000000000 -0.000000000
MOVE:  002 |  0.000000100 -0.000000000 -0.000000000  0.000000000 -0.000000000  0.000000000 |          0.0 |  0.000000100 -0.000000000,  0.000000000 -0.000000000
CONST: 002 | 47 0.0001071 4e-05 7.4e-05 -0.00042 -0.000335 0

ABS:   003 |  0.000106900  0.000040000  0.000074000 -0.000420000 -0.000335000  0.000000000 |          5.6 |  0.000012199  0.000047396, -0.000057771  0.000544866
DIFF:  003 | -0.000000200  0.000000000  0.000000000  0.000000000  0.000000000  0.000000000 |         -0.0 | -0.000000200  0.000000000, -0.000000000  0.000000000
MOVE:  003 | -0.000000100 -0.000000000 -0.000000000  0.000000000 -0.000000000  0.000000000 |         -0.0 | -0.000000100 -0.000000000, -0.000000000 -0.000000000
CONST: 003 | 47 0.0001069 4e-05 7.4e-05 -0.00042 -0.000335 0

ABS:   004 |  0.000107064  0.000040000  0.000074000 -0.000420000 -0.000335000  0.000000000 |          5.6 |  0.000012363  0.000047396, -0.000057771  0.000544866
DIFF:  004 |  0.000000164  0.000000000  0.000000000  0.000000000  0.000000000  0.000000000 |          0.0 |  0.000000164 -0.000000000,  0.000000000 -0.000000000
MOVE:  004 |  0.000000064 -0.000000000 -0.000000000  0.000000000 -0.000000000  0.000000000 |          0.0 |  0.000000064 -0.000000000,  0.000000000 -0.000000000
CONST: 004 | 47 0.000107064 4e-05 7.4e-05 -0.00042 -0.000335 0

ABS:   005 |  0.000106936  0.000040000  0.000074000 -0.000420000 -0.000335000  0.000000000 |          5.6 |  0.000012234  0.000047396, -0.000057771  0.000544866
DIFF:  005 | -0.000000129  0.000000000  0.000000000  0.000000000  0.000000000  0.000000000 |         -0.0 | -0.000000129  0.000000000, -0.000000000  0.000000000
MOVE:  005 | -0.000000064 -0.000000000 -0.000000000  0.000000000 -0.000000000  0.000000000 |         -0.0 | -0.000000064  0.000000000, -0.000000000  0.000000000
CONST: 005 | 47 0.000106936 4e-05 7.4e-05 -0.00042 -0.000335 0

ABS:   006 |  0.000107000  0.000040100  0.000074000 -0.000420000 -0.000335000  0.000000000 |          5.6 |  0.000012294  0.000047395, -0.000057785  0.000544862
DIFF:  006 |  0.000000064  0.000000100  0.000000000  0.000000000  0.000000000  0.000000000 |          0.0 |  0.000000060 -0.000000002, -0.000000014 -0.000000004
MOVE:  006 |  0.000000000  0.000000100 -0.000000000  0.000000000 -0.000000000  0.000000000 |         -0.0 | -0.000000005 -0.000000002, -0.000000014 -0.000000004
CONST: 006 | 47 0.000107 4.01e-05 7.4e-05 -0.00042 -0.000335 0

ABS:   007 |  0.000107000  0.000039900  0.000074000 -0.000420000 -0.000335000  0.000000000 |          5.6 |  0.000012303  0.000047398, -0.000057756  0.000544870
DIFF:  007 |  0.000000000 -0.000000200  0.000000000  0.000000000  0.000000000  0.000000000 |          0.0 |  0.000000009  0.000000003,  0.000000029  0.000000009
MOVE:  007 |  0.000000000 -0.000000100 -0.000000000  0.000000000 -0.000000000  0.000000000 |          0.0 |  0.000000005  0.000000002,  0.000000014  0.000000004
CONST: 007 | 47 0.000107 3.99e-05 7.4e-05 -0.00042 -0.000335 0

ABS:   008 |  0.000107000  0.000040307  0.000074000 -0.000420000 -0.000335000  0.000000000 |          5.6 |  0.000012284  0.000047391, -0.000057815  0.000544853
DIFF:  008 |  0.000000000  0.000000407  0.000000000  0.000000000  0.000000000  0.000000000 |         -0.0 | -0.000000019 -0.000000007, -0.000000059 -0.000000018
MOVE:  008 |  0.000000000  0.000000307 -0.000000000  0.000000000 -0.000000000  0.000000000 |         -0.0 | -0.000000014 -0.000000005, -0.000000044 -0.000000013
CONST: 008 | 47 0.000107 4.03068e-05 7.4e-05 -0.00042 -0.000335 0

ABS:   009 |  0.000107000  0.000039693  0.000074000 -0.000420000 -0.000335000  0.000000000 |          5.6 |  0.000012313  0.000047402, -0.000057727  0.000544880
DIFF:  009 |  0.000000000 -0.000000614  0.000000000  0.000000000  0.000000000  0.000000000 |          0.0 |  0.000000029  0.000000010,  0.000000088  0.000000027
MOVE:  009 |  0.000000000 -0.000000307 -0.000000000  0.000000000 -0.000000000  0.000000000 |          0.0 |  0.000000014  0.000000005,  0.000000044  0.000000014
CONST: 009 | 47 0.000107 3.96932e-05 7.4e-05 -0.00042 -0.000335 0

ABS:   010 |  0.000107000  0.000040000  0.000079002 -0.000420000 -0.000335000  0.000000000 |          5.6 |  0.000012300  0.000047396, -0.000062773  0.000544866
DIFF:  010 |  0.000000000  0.000000307  0.000005002  0.000000000  0.000000000  0.000000000 |          0.0 | -0.000000013 -0.000000005, -0.000005046 -0.000000013
MOVE:  010 |  0.000000000 -0.000000000  0.000005002  0.000000000 -0.000000000  0.000000000 |          0.0 |  0.000000002  0.000000000, -0.000005002  0.000000000
CONST: 010 | 47 0.000107 4e-05 7.90021e-05 -0.00042 -0.000335 0

ABS:   011 |  0.000107000  0.000040000  0.000068998 -0.000420000 -0.000335000  0.000000000 |          5.6 |  0.000012297  0.000047396, -0.000060179  0.000545994
DIFF:  011 |  0.000000000  0.000000000 -0.000010004  0.000000000  0.000000000  0.000000000 |          0.0 | -0.000000004 -0.000000000,  0.000002594  0.000001128
MOVE:  011 |  0.000000000 -0.000000000 -0.000005002  0.000000000 -0.000000000  0.000000000 |          0.0 | -0.000000002 -0.000000000, -0.000002408  0.000001128
CONST: 011 | 47 0.000107 4e-05 6.89979e-05 -0.00042 -0.000335 0

ABS:   012 |  0.000107000  0.000040000  0.000074500 -0.000420000 -0.000335000  0.000000000 |          5.6 |  0.000012299  0.000047396, -0.000058271  0.000544866
DIFF:  012 |  0.000000000  0.000000000  0.000005502  0.000000000  0.000000000  0.000000000 |         -0.0 |  0.000000002  0.000000000,  0.000001908 -0.000001128
MOVE:  012 |  0.000000000 -0.000000000  0.000000500  0.000000000 -0.000000000  0.000000000 |          0.0 |  0.000000000  0.000000000, -0.000000500  0.000000000
CONST: 012 | 47 0.000107 4e-05 7.45002e-05 -0.00042 -0.000335 0

ABS:   013 |  0.000107000  0.000040000  0.000073500 -0.000420000 -0.000335000  0.000000000 |          5.6 |  0.000012298  0.000047396, -0.000057271  0.000544866
DIFF:  013 |  0.000000000  0.000000000 -0.000001000  0.000000000  0.000000000  0.000000000 |         -0.0 | -0.000000000 -0.000000000,  0.000001000 -0.000000000
MOVE:  013 |  0.000000000 -0.000000000 -0.000000500  0.000000000 -0.000000000  0.000000000 |         -0.0 | -0.000000000 -0.000000000,  0.000000500 -0.000000000
CONST: 013 | 47 0.000107 4e-05 7.34998e-05 -0.00042 -0.000335 0

ABS:   014 |  0.000107000  0.000040000  0.000074318 -0.000420000 -0.000335000  0.000000000 |          5.6 |  0.000012299  0.000047396, -0.000058088  0.000544866
DIFF:  014 |  0.000000000  0.000000000  0.000000818  0.000000000  0.000000000  0.000000000 |          0.0 |  0.000000000  0.000000000, -0.000000818  0.000000000
MOVE:  014 |  0.000000000 -0.000000000  0.000000318  0.000000000 -0.000000000  0.000000000 |          0.0 |  0.000000000  0.000000000, -0.000000318  0.000000000
CONST: 014 | 47 0.000107 4e-05 7.43176e-05 -0.00042 -0.000335 0

ABS:   015 |  0.000107000  0.000040000  0.000073682 -0.000420000 -0.000335000  0.000000000 |          5.6 |  0.000012299  0.000047396, -0.000057453  0.000544866
DIFF:  015 |  0.000000000  0.000000000 -0.000000635  0.000000000  0.000000000  0.000000000 |         -0.0 | -0.000000000 -0.000000000,  0.000000635 -0.000000000
MOVE:  015 |  0.000000000 -0.000000000 -0.000000318  0.000000000 -0.000000000  0.000000000 |         -0.0 | -0.000000000 -0.000000000,  0.000000318 -0.000000000
CONST: 015 | 47 0.000107 4e-05 7.36824e-05 -0.00042 -0.000335 0

ABS:   016 |  0.000107000  0.000040000  0.000074000 -0.000416000 -0.000335000  0.000000000 |          5.6 |  0.000012264  0.000047394, -0.000058103  0.000544851
DIFF:  016 |  0.000000000  0.000000000  0.000000318  0.000004000  0.000000000  0.000000000 |          0.0 | -0.000000034 -0.000000003, -0.000000650 -0.000000015
MOVE:  016 |  0.000000000 -0.000000000 -0.000000000  0.000004000 -0.000000000  0.000000000 |         -0.0 | -0.000000034 -0.000000003, -0.000000333 -0.000000015
CONST: 016 | 47 0.000107 4e-05 7.4e-05 -0.000416 -0.000335 0

ABS:   017 |  0.000107000  0.000040000  0.000074000 -0.000424000 -0.000335000  0.000000000 |          5.6 |  0.000012333  0.000047399, -0.000057438  0.000544881
DIFF:  017 |  0.000000000  0.000000000  0.000000000 -0.000008000  0.000000000  0.000000000 |          0.0 |  0.000000068  0.000000006,  0.000000665  0.000000029
MOVE:  017 |  0.000000000 -0.000000000 -0.000000000 -0.000004000 -0.000000000  0.000000000 |          0.0 |  0.000000034  0.000000003,  0.000000333  0.000000015
CONST: 017 | 47 0.000107 4e-05 7.4e-05 -0.000424 -0.000335 0

ABS:   018 |  0.000107000  0.000040000  0.000074000 -0.000417037 -0.000335000  0.000000000 |          5.6 |  0.000012273  0.000047394, -0.000058017  0.000544855
DIFF:  018 |  0.000000000  0.000000000  0.000000000  0.000006963  0.000000000  0.000000000 |         -0.0 | -0.000000059 -0.000000005, -0.000000579 -0.000000026
MOVE:  018 |  0.000000000 -0.000000000 -0.000000000  0.000002963 -0.000000000  0.000000000 |         -0.0 | -0.000000025 -0.000000002, -0.000000246 -0.000000011
CONST: 018 | 47 0.000107 4e-05 7.4e-05 -0.000417037 -0.000335 0

ABS:   019 |  0.000107000  0.000040000  0.000074000 -0.000422963 -0.000335000  0.000000000 |          5.6 |  0.000012324  0.000047399, -0.000057525  0.000544877
DIFF:  019 |  0.000000000  0.000000000  0.000000000 -0.000005926  0.000000000  0.000000000 |          0.0 |  0.000000051  0.000000004,  0.000000493  0.000000022
MOVE:  019 |  0.000000000 -0.000000000 -0.000000000 -0.000002963 -0.000000000  0.000000000 |          0.0 |  0.000000025  0.000000002,  0.000000246  0.000000011
CONST: 019 | 47 0.000107 4e-05 7.4e-05 -0.000422963 -0.000335 0

ABS:   020 |  0.000107000  0.000040000  0.000074000 -0.000420000 -0.000324999  0.000000000 |          5.6 |  0.000012187  0.000047311, -0.000057727  0.000544869
DIFF:  020 |  0.000000000  0.000000000  0.000000000  0.000002963  0.000010001  0.000000000 |         -0.0 | -0.000000137 -0.000000087, -0.000000203 -0.000000008
MOVE:  020 |  0.000000000 -0.000000000 -0.000000000  0.000000000  0.000010001  0.000000000 |         -0.0 | -0.000000112 -0.000000085,  0.000000043  0.000000003
CONST: 020 | 47 0.000107 4e-05 7.4e-05 -0.00042 -0.000324999 0

ABS:   021 |  0.000107000  0.000040000  0.000074000 -0.000420000 -0.000345001  0.000000000 |          5.6 |  0.000012577  0.000047650, -0.000057814  0.000544863
DIFF:  021 |  0.000000000  0.000000000  0.000000000  0.000000000 -0.000020001  0.000000000 |          0.0 |  0.000000391  0.000000339, -0.000000087 -0.000000005
MOVE:  021 |  0.000000000 -0.000000000 -0.000000000  0.000000000 -0.000010001  0.000000000 |          0.0 |  0.000000279  0.000000253, -0.000000043 -0.000000003
CONST: 021 | 47 0.000107 4e-05 7.4e-05 -0.00042 -0.000345001 0

ABS:   022 |  0.000107000  0.000040000  0.000074000 -0.000420000 -0.000334000  0.000000000 |          5.6 |  0.000012271  0.000047372, -0.000057767  0.000544866
DIFF:  022 |  0.000000000  0.000000000  0.000000000  0.000000000  0.000011001  0.000000000 |         -0.0 | -0.000000307 -0.000000278,  0.000000048  0.000000003
MOVE:  022 |  0.000000000 -0.000000000 -0.000000000  0.000000000  0.000001000  0.000000000 |         -0.0 | -0.000000028 -0.000000024,  0.000000004  0.000000000
CONST: 022 | 47 0.000107 4e-05 7.4e-05 -0.00042 -0.000334 0

ABS:   023 |  0.000107000  0.000040000  0.000074000 -0.000420000 -0.000336000  0.000000000 |          5.6 |  0.000012327  0.000047421, -0.000057775  0.000544866
DIFF:  023 |  0.000000000  0.000000000  0.000000000  0.000000000 -0.000002000  0.000000000 |          0.0 |  0.000000056  0.000000049, -0.000000009 -0.000000001
MOVE:  023 |  0.000000000 -0.000000000 -0.000000000  0.000000000 -0.000001000  0.000000000 |          0.0 |  0.000000028  0.000000025, -0.000000004 -0.000000000
CONST: 023 | 47 0.000107 4e-05 7.4e-05 -0.00042 -0.000336 0

ABS:   024 |  0.000107000  0.000040000  0.000074000 -0.000420000 -0.000334316  0.000000000 |          5.6 |  0.000012280  0.000047380, -0.000057768  0.000544866
DIFF:  024 |  0.000000000  0.000000000  0.000000000  0.000000000  0.000001684  0.000000000 |         -0.0 | -0.000000047 -0.000000041,  0.000000007  0.000000000
MOVE:  024 |  0.000000000 -0.000000000 -0.000000000  0.000000000  0.000000684  0.000000000 |         -0.0 | -0.000000019 -0.000000017,  0.000000003  0.000000000
CONST: 024 | 47 0.000107 4e-05 7.4e-05 -0.00042 -0.000334316 0

ABS:   025 |  0.000107000  0.000040000  0.000074000 -0.000420000 -0.000335684  0.000000000 |          5.6 |  0.000012318  0.000047413, -0.000057774  0.000544866
DIFF:  025 |  0.000000000  0.000000000  0.000000000  0.000000000 -0.000001368  0.000000000 |          0.0 |  0.000000038  0.000000034, -0.000000006 -0.000000000
MOVE:  025 |  0.000000000 -0.000000000 -0.000000000  0.000000000 -0.000000684  0.000000000 |          0.0 |  0.000000019  0.000000017, -0.000000003 -0.000000000
CONST: 025 | 47 0.000107 4e-05 7.4e-05 -0.00042 -0.000335684 0

ABS:   026 |  0.000107000  0.000040000  0.000074000 -0.000420000 -0.000335000  0.000002000 |          5.6 |  0.000012296  0.000047396, -0.000057787  0.000544865
DIFF:  026 |  0.000000000  0.000000000  0.000000000  0.000000000  0.000000684  0.000002000 |         -0.0 | -0.000000021 -0.000000017, -0.000000013 -0.000000001
MOVE:  026 |  0.000000000 -0.000000000 -0.000000000  0.000000000 -0.000000000  0.000002000 |         -0.0 | -0.000000002  0.000000000, -0.000000016 -0.000000001
CONST: 026 | 47 0.000107 4e-05 7.4e-05 -0.00042 -0.000335 2.00001e-06

ABS:   027 |  0.000107000  0.000040000  0.000074000 -0.000420000 -0.000335000 -0.000002000 |          5.6 |  0.000012301  0.000047396, -0.000057755  0.000544867
DIFF:  027 |  0.000000000  0.000000000  0.000000000  0.000000000  0.000000000 -0.000004000 |          0.0 |  0.000000005 -0.000000000,  0.000000032  0.000000003
MOVE:  027 |  0.000000000 -0.000000000 -0.000000000  0.000000000 -0.000000000 -0.000002000 |          0.0 |  0.000000002 -0.000000000,  0.000000016  0.000000001
CONST: 027 | 47 0.000107 4e-05 7.4e-05 -0.00042 -0.000335 -2.00001e-06

ABS:   028 |  0.000107000  0.000040000  0.000074000 -0.000420000 -0.000335000  0.000020000 |          5.6 |  0.000012276  0.000047396, -0.000057930  0.000544851
DIFF:  028 |  0.000000000  0.000000000  0.000000000  0.000000000  0.000000000  0.000022000 |         -0.0 | -0.000000025  0.000000000, -0.000000175 -0.000000016
MOVE:  028 |  0.000000000 -0.000000000 -0.000000000  0.000000000 -0.000000000  0.000020000 |         -0.0 | -0.000000023  0.000000000, -0.000000159 -0.000000015
CONST: 028 | 47 0.000107 4e-05 7.4e-05 -0.00042 -0.000335 2.00001e-05

ABS:   029 |  0.000107000  0.000040000  0.000074000 -0.000420000 -0.000335000 -0.000020000 |          5.6 |  0.000012322  0.000047396, -0.000057612  0.000544881
DIFF:  029 |  0.000000000  0.000000000  0.000000000  0.000000000  0.000000000 -0.000040000 |          0.0 |  0.000000046 -0.000000000,  0.000000319  0.000000030
MOVE:  029 |  0.000000000 -0.000000000 -0.000000000  0.000000000 -0.000000000 -0.000020000 |          0.0 |  0.000000023 -0.000000000,  0.000000159  0.000000015
CONST: 029 | 47 0.000107 4e-05 7.4e-05 -0.00042 -0.000335 -2.00001e-05

ABS:   030 |  0.000094702  0.000085922  0.000016101 -0.000369050 -0.000163848  0.002265273 |          5.4 | -0.000007650  0.000047533, -0.000035517  0.000539431
DIFF:  030 | -0.000012298  0.000045922 -0.000057899  0.000050950  0.000171152  0.002285273 |         -0.1 | -0.000019972  0.000000136,  0.000022095 -0.000005450
MOVE:  030 | -0.000012298  0.000045922 -0.000057899  0.000050950  0.000171152  0.002265273 |         -0.1 | -0.000019949  0.000000136,  0.000022254 -0.000005435
CONST: 030 | 47 9.47025e-05 8.59217e-05 1.61013e-05 -0.00036905 -0.000163848 0.00226527

ABS:   031 |  0.000098279  0.000072572  0.000032940 -0.000383867 -0.000213623  0.001606751 |          5.4 | -0.000001540  0.000046942, -0.000044241  0.000540010
DIFF:  031 |  0.000003576 -0.000013349  0.000016838 -0.000014817 -0.000049775 -0.000658522 |         -0.0 |  0.000006110 -0.000000591, -0.000008724  0.000000579
MOVE:  031 | -0.000008721  0.000032572 -0.000041060  0.000036133  0.000121377  0.001606751 |         -0.2 | -0.000013838 -0.000000455,  0.000013530 -0.000004856
CONST: 031 | 47 9.82788e-05 7.25723e-05 3.29395e-05 -0.000383867 -0.000213623 0.00160675

ABS:   032 |  0.000098342  0.000072572  0.000032940 -0.000383867 -0.000213623  0.001606751 |          5.4 | -0.000001476  0.000046942, -0.000044241  0.000540010
DIFF:  032 |  0.000000063  0.000000000  0.000000000  0.000000000  0.000000000  0.000000000 |         -0.0 |  0.000000063 -0.000000000,  0.000000000  0.000000000
MOVE:  032 | -0.000008658  0.000032572 -0.000041060  0.000036133  0.000121377  0.001606751 |         -0.2 | -0.000013775 -0.000000455,  0.000013530 -0.000004856
CONST: 032 | 47 9.83422e-05 7.25723e-05 3.29395e-05 -0.000383867 -0.000213623 0.00160675

ABS:   033 |  0.000098215  0.000072572  0.000032940 -0.000383867 -0.000213623  0.001606751 |          5.4 | -0.000001603  0.000046942, -0.000044241  0.000540010
DIFF:  033 | -0.000000127  0.000000000  0.000000000  0.000000000  0.000000000  0.000000000 |          0.0 | -0.000000127  0.000000000, -0.000000000 -0.000000000
MOVE:  033 | -0.000008785  0.000032572 -0.000041060  0.000036133  0.000121377  0.001606751 |         -0.2 | -0.000013902 -0.000000455,  0.000013530 -0.000004856
CONST: 033 | 47 9.82154e-05 7.25723e-05 3.29395e-05 -0.000383867 -0.000213623 0.00160675

ABS:   034 |  0.000098279  0.000072875  0.000032940 -0.000383867 -0.000213623  0.001606751 |          5.4 | -0.000001554  0.000046943, -0.000044285  0.000540008
DIFF:  034 |  0.000000063  0.000000303  0.000000000  0.000000000  0.000000000  0.000000000 |         -0.0 |  0.000000049  0.000000001, -0.000000043 -0.000000003
MOVE:  034 | -0.000008721  0.000032875 -0.000041060  0.000036133  0.000121377  0.001606751 |         -0.2 | -0.000013852 -0.000000454,  0.000013486 -0.000004858
CONST: 034 | 47 9.82788e-05 7.28748e-05 3.29395e-05 -0.000383867 -0.000213623 0.00160675

ABS:   035 |  0.000098279  0.000072270  0.000032940 -0.000383867 -0.000213623  0.001606751 |          5.4 | -0.000001526  0.000046941, -0.000044198  0.000540013
DIFF:  035 |  0.000000000 -0.000000605  0.000000000  0.000000000  0.000000000  0.000000000 |         -0.0 |  0.000000028 -0.000000002,  0.000000087  0.000000006
MOVE:  035 | -0.000008721  0.000032270 -0.000041060  0.000036133  0.000121377  0.001606751 |         -0.2 | -0.000013825 -0.000000456,  0.000013573 -0.000004853
CONST: 035 | 47 9.82788e-05 7.22697e-05 3.29395e-05 -0.000383867 -0.000213623 0.00160675

ABS:   036 |  0.000098279  0.000072572  0.000033253 -0.000383867 -0.000213623  0.001606751 |          5.4 | -0.000001540  0.000046942, -0.000044554  0.000540010
DIFF:  036 |  0.000000000  0.000000303  0.000000313  0.000000000  0.000000000  0.000000000 |          0.0 | -0.000000014  0.000000001, -0.000000357 -0.000000003
MOVE:  036 | -0.000008721  0.000032572 -0.000040747  0.000036133  0.000121377  0.001606751 |         -0.2 | -0.000013838 -0.000000455,  0.000013216 -0.000004856
CONST: 036 | 47 9.82788e-05 7.25723e-05 3.32529e-05 -0.000383867 -0.000213623 0.00160675

ABS:   037 |  0.000098279  0.000072572  0.000032626 -0.000383867 -0.000213623  0.001606751 |          5.4 | -0.000001540  0.000046942, -0.000043928  0.000540010
DIFF:  037 |  0.000000000  0.000000000 -0.000000627  0.000000000  0.000000000  0.000000000 |         -0.0 | -0.000000000  0.000000000,  0.000000627 -0.000000000
MOVE:  037 | -0.000008721  0.000032572 -0.000041374  0.000036133  0.000121377  0.001606751 |         -0.2 | -0.000013839 -0.000000455,  0.000013843 -0.000004856
CONST: 037 | 47 9.82788e-05 7.25723e-05 3.26262e-05 -0.000383867 -0.000213623 0.00160675

ABS:   038 |  0.000098279  0.000072572  0.000032940 -0.000380944 -0.000213623  0.001606751 |          5.4 | -0.000001565  0.000046940, -0.000044484  0.000539999
DIFF:  038 |  0.000000000  0.000000000  0.000000313  0.000002923  0.000000000  0.000000000 |          0.0 | -0.000000025 -0.000000002, -0.000000556 -0.000000012
MOVE:  038 | -0.000008721  0.000032572 -0.000041060  0.000039056  0.000121377  0.001606751 |         -0.2 | -0.000013864 -0.000000456,  0.000013287 -0.000004867
CONST: 038 | 47 9.82788e-05 7.25723e-05 3.29395e-05 -0.000380944 -0.000213623 0.00160675

ABS:   039 |  0.000098279  0.000072572  0.000032940 -0.000386791 -0.000213623  0.001606751 |          5.4 | -0.000001515  0.000046943, -0.000043999  0.000540022
DIFF:  039 |  0.000000000  0.000000000  0.000000000 -0.000005847  0.000000000  0.000000000 |         -0.0 |  0.000000050  0.000000003,  0.000000485  0.000000024
MOVE:  039 | -0.000008721  0.000032572 -0.000041060  0.000033209  0.000121377  0.001606751 |         -0.2 | -0.000013813 -0.000000453,  0.000013772 -0.000004844
CONST: 039 | 47 9.82788e-05 7.25723e-05 3.29395e-05 -0.000386791 -0.000213623 0.00160675

ABS:   040 |  0.000098279  0.000072572  0.000032940 -0.000383867 -0.000212948  0.001606751 |          5.4 | -0.000001559  0.000046939, -0.000044238  0.000540010
DIFF:  040 |  0.000000000  0.000000000  0.000000000  0.000002923  0.000000675  0.000000000 |          0.0 | -0.000000044 -0.000000004, -0.000000240 -0.000000012
MOVE:  040 | -0.000008721  0.000032572 -0.000041060  0.000036133  0.000122052  0.001606751 |         -0.2 | -0.000013857 -0.000000457,  0.000013533 -0.000004856
CONST: 040 | 47 9.82788e-05 7.25723e-05 3.29395e-05 -0.000383867 -0.000212948 0.00160675

ABS:   041 |  0.000098279  0.000072572  0.000032940 -0.000383867 -0.000214298  0.001606751 |          5.4 | -0.000001521  0.000046944, -0.000044244  0.000540010
DIFF:  041 |  0.000000000  0.000000000  0.000000000  0.000000000 -0.000001350  0.000000000 |          0.0 |  0.000000037  0.000000005, -0.000000006 -0.000000000
MOVE:  041 | -0.000008721  0.000032572 -0.000041060  0.000036133  0.000120702  0.001606751 |         -0.2 | -0.000013820 -0.000000452,  0.000013527 -0.000004856
CONST: 041 | 47 9.82788e-05 7.25723e-05 3.29395e-05 -0.000383867 -0.000214298 0.00160675

ABS:   042 |  0.000098279  0.000072572  0.000032940 -0.000383867 -0.000213623  0.001634571 |          5.4 | -0.000001572  0.000046942, -0.000044462  0.000539992
DIFF:  042 |  0.000000000  0.000000000  0.000000000  0.000000000  0.000000675  0.000027820 |         -0.0 | -0.000000051 -0.000000002, -0.000000218 -0.000000019
MOVE:  042 | -0.000008721  0.000032572 -0.000041060  0.000036133  0.000121377  0.001634571 |         -0.2 | -0.000013871 -0.000000455,  0.000013309 -0.000004874
CONST: 042 | 47 9.82788e-05 7.25723e-05 3.29395e-05 -0.000383867 -0.000213623 0.00163457

ABS:   043 |  0.000098279  0.000072572  0.000032940 -0.000383867 -0.000213623  0.001578931 |          5.4 | -0.000001507  0.000046942, -0.000044020  0.000540029
DIFF:  043 |  0.000000000  0.000000000  0.000000000  0.000000000  0.000000000 -0.000055640 |         -0.0 |  0.000000065 -0.000000000,  0.000000441  0.000000037
MOVE:  043 | -0.000008721  0.000032572 -0.000041060  0.000036133  0.000121377  0.001578931 |         -0.2 | -0.000013806 -0.000000455,  0.000013750 -0.000004837
CONST: 043 | 47 9.82788e-05 7.25723e-05 3.29395e-05 -0.000383867 -0.000213623 0.00157893

ABS:   044 |  0.000098449  0.000071186 -0.000017500 -0.000474363 -0.000179899  0.001549809 |          5.3 | -0.000001413  0.000046954, -0.000018392  0.000536250
DIFF:  044 |  0.000000170 -0.000001386 -0.000050440 -0.000090495  0.000033724 -0.000029122 |         -0.1 |  0.000000095  0.000000012,  0.000025629 -0.000003779
MOVE:  044 | -0.000008551  0.000031186 -0.000091500 -0.000054363  0.000155101  0.001549809 |         -0.3 | -0.000013711 -0.000000443,  0.000039379 -0.000008616
CONST: 044 | 47 9.84488e-05 7.11864e-05 -1.75002e-05 -0.000474363 -0.000179899 0.00154981

ABS:   045 |  0.000099129  0.000065642 -0.000219223 -0.000836340 -0.000045006  0.001322020 |          5.1 | -0.000001106  0.000048442,  0.000120979  0.000513900
DIFF:  045 |  0.000000680 -0.000005544 -0.000201723 -0.000361977  0.000134894 -0.000227789 |         -0.3 |  0.000000307  0.000001488,  0.000139370 -0.000022350
MOVE:  045 | -0.000007871  0.000025642 -0.000293223 -0.000416340  0.000289994  0.001322020 |         -0.5 | -0.000013404  0.000001045,  0.000178749 -0.000030966
CONST: 045 | 47 9.91291e-05 6.56422e-05 -0.000219223 -0.00083634 -4.50057e-05 0.00132202

ABS:   046 |  0.000099607  0.000061744 -0.000360993 -0.001090844  0.000049840  0.001161839 |          5.4 | -0.000001594  0.000049432,  0.000233074  0.000507299
DIFF:  046 |  0.000000478 -0.000003899 -0.000141770 -0.000254504  0.000094846 -0.000160181 |          0.4 | -0.000000488  0.000000990,  0.000112096 -0.000006601
MOVE:  046 | -0.000007393  0.000021744 -0.000434993 -0.000670844  0.000384840  0.001161839 |         -0.1 | -0.000013893  0.000002035,  0.000290845 -0.000037567
CONST: 046 | 47 9.96075e-05 6.17435e-05 -0.000360993 -0.00109084 4.98404e-05 0.00116184

ABS:   047 |  0.000099368  0.000063693 -0.000290117 -0.000963594  0.000002417  0.001241931 |          5.3 | -0.000001520  0.000048997,  0.000177603  0.000517179
DIFF:  047 | -0.000000239  0.000001949  0.000070876  0.000127250 -0.000047423  0.000080092 |         -0.1 |  0.000000074 -0.000000434, -0.000055471  0.000009880
MOVE:  047 | -0.000007632  0.000023693 -0.000364117 -0.000543594  0.000337417  0.001241931 |         -0.2 | -0.000013819  0.000001601,  0.000235374 -0.000027687
CONST: 047 | 47 9.93683e-05 6.36929e-05 -0.000290117 -0.000963594 2.4175e-06 0.00124193

ABS:   048 |  0.000098896  0.000067540 -0.000150190 -0.000712451 -0.000091174  0.001399987 |          5.4 | -0.000000903  0.000047961,  0.000083715  0.000533830
DIFF:  048 | -0.000000472  0.000003847  0.000139926  0.000251143 -0.000093592  0.000158055 |          0.0 |  0.000000617 -0.000001036, -0.000093888  0.000016651
MOVE:  048 | -0.000008104  0.000027540 -0.000224190 -0.000292451  0.000243826  0.001399987 |         -0.2 | -0.000013202  0.000000565,  0.000141486 -0.000011036
CONST: 048 | 47 9.88963e-05 6.75399e-05 -0.00015019 -0.000712451 -9.11742e-05 0.00139999

ABS:   049 |  0.000099013  0.000066591 -0.000184708 -0.000774396 -0.000068090  0.001361004 |          5.2 | -0.000001001  0.000048170,  0.000104745  0.000525384
DIFF:  049 |  0.000000116 -0.000000949 -0.000034518 -0.000061945  0.000023084 -0.000038983 |         -0.1 | -0.000000098  0.000000209,  0.000021030 -0.000008446
MOVE:  049 | -0.000007987  0.000026591 -0.000258708 -0.000354396  0.000266910  0.001361004 |         -0.3 | -0.000013300  0.000000774,  0.000162516 -0.000019482
CONST: 049 | 47 9.90127e-05 6.6591e-05 -0.000184708 -0.000774396 -6.80899e-05 0.001361

ABS:   050 |  0.000099360  0.000063762 -0.000287597 -0.000959069  0.000000731  0.001244779 |          5.3 | -0.000001525  0.000048952,  0.000174674  0.000517155
DIFF:  050 |  0.000000347 -0.000002829 -0.000102888 -0.000184673  0.000068821 -0.000116225 |          0.1 | -0.000000524  0.000000782,  0.000069929 -0.000008229
MOVE:  050 | -0.000007640  0.000023762 -0.000361597 -0.000539069  0.000335731  0.001244779 |         -0.3 | -0.000013824  0.000001556,  0.000232445 -0.000027711
CONST: 050 | 47 9.93598e-05 6.37622e-05 -0.000287597 -0.000959069 7.31348e-07 0.00124478

ABS:   051 |  0.000099244  0.000064702 -0.000253412 -0.000897705 -0.000022137  0.001283400 |          5.1 | -0.000001404  0.000048573,  0.000140177  0.000515271
DIFF:  051 | -0.000000115  0.000000940  0.000034185  0.000061364 -0.000022868  0.000038621 |         -0.2 |  0.000000121 -0.000000379, -0.000034497 -0.000001885
MOVE:  051 | -0.000007756  0.000024702 -0.000327412 -0.000477705  0.000312863  0.001283400 |         -0.5 | -0.000013703  0.000001177,  0.000197948 -0.000029595
CONST: 051 | 47 9.92445e-05 6.47022e-05 -0.000253412 -0.000897705 -2.21371e-05 0.0012834

ABS:   052 |  0.000099190  0.000065642 -0.000219223 -0.000836340 -0.000045006  0.001322020 |          5.1 | -0.000001044  0.000048442,  0.000120979  0.000513900
DIFF:  052 | -0.000000054  0.000000940  0.000034189  0.000061365 -0.000022869  0.000038620 |         -0.1 |  0.000000359 -0.000000132, -0.000019198 -0.000001371
MOVE:  052 | -0.000007810  0.000025642 -0.000293223 -0.000416340  0.000289994  0.001322020 |         -0.5 | -0.000013343  0.000001045,  0.000178749 -0.000030966
CONST: 052 | 47 9.91903e-05 6.56422e-05 -0.000219223 -0.00083634 -4.50057e-05 0.00132202

ABS:   053 |  0.000099068  0.000065642 -0.000219223 -0.000836340 -0.000045006  0.001322020 |          5.1 | -0.000001167  0.000048442,  0.000120979  0.000513900
DIFF:  053 | -0.000000122  0.000000000  0.000000000  0.000000000  0.000000000  0.000000000 |          0.0 | -0.000000122  0.000000000, -0.000000000 -0.000000000
MOVE:  053 | -0.000007932  0.000025642 -0.000293223 -0.000416340  0.000289994  0.001322020 |         -0.5 | -0.000013465  0.000001045,  0.000178749 -0.000030966
CONST: 053 | 47 9.90679e-05 6.56422e-05 -0.000219223 -0.00083634 -4.50057e-05 0.00132202

ABS:   054 |  0.000099129  0.000065936 -0.000219223 -0.000836340 -0.000045006  0.001322020 |          5.1 | -0.000001119  0.000048450,  0.000120940  0.000513884
DIFF:  054 |  0.000000061  0.000000294  0.000000000  0.000000000  0.000000000  0.000000000 |         -0.0 |  0.000000047  0.000000008, -0.000000039 -0.000000016
MOVE:  054 | -0.000007871  0.000025936 -0.000293223 -0.000416340  0.000289994  0.001322020 |         -0.5 | -0.000013418  0.000001053,  0.000178711 -0.000030982
CONST: 054 | 47 9.91291e-05 6.59364e-05 -0.000219223 -0.00083634 -4.50057e-05 0.00132202

ABS:   055 |  0.000099129  0.000065348 -0.000219223 -0.000836340 -0.000045006  0.001322020 |          5.1 | -0.000001092  0.000048434,  0.000121017  0.000513916
DIFF:  055 |  0.000000000 -0.000000588  0.000000000  0.000000000  0.000000000  0.000000000 |          0.0 |  0.000000028 -0.000000016,  0.000000077  0.000000033
MOVE:  055 | -0.000007871  0.000025348 -0.000293223 -0.000416340  0.000289994  0.001322020 |         -0.5 | -0.000013390  0.000001038,  0.000178788 -0.000030950
CONST: 055 | 47 9.91291e-05 6.53481e-05 -0.000219223 -0.00083634 -4.50057e-05 0.00132202

ABS:   056 |  0.000099129  0.000065642 -0.000218918 -0.000836340 -0.000045006  0.001322020 |          5.0 | -0.000001106  0.000048442,  0.000120674  0.000513900
DIFF:  056 |  0.000000000  0.000000294  0.000000305  0.000000000  0.000000000  0.000000000 |         -0.0 | -0.000000014  0.000000008, -0.000000343 -0.000000016
MOVE:  056 | -0.000007871  0.000025642 -0.000292918 -0.000416340  0.000289994  0.001322020 |         -0.5 | -0.000013404  0.000001045,  0.000178445 -0.000030966
CONST: 056 | 47 9.91291e-05 6.56422e-05 -0.000218918 -0.00083634 -4.50057e-05 0.00132202

ABS:   057 |  0.000099129  0.000065642 -0.000219528 -0.000836340 -0.000045006  0.001322020 |          5.1 | -0.000001106  0.000048442,  0.000121283  0.000513900
DIFF:  057 |  0.000000000  0.000000000 -0.000000609  0.000000000  0.000000000  0.000000000 |          0.0 | -0.000000000  0.000000000,  0.000000609 -0.000000000
MOVE:  057 | -0.000007871  0.000025642 -0.000293528 -0.000416340  0.000289994  0.001322020 |         -0.5 | -0.000013404  0.000001045,  0.000179054 -0.000030966
CONST: 057 | 47 9.91291e-05 6.56422e-05 -0.000219528 -0.00083634 -4.50057e-05 0.00132202

ABS:   058 |  0.000099129  0.000065642 -0.000219223 -0.000833497 -0.000045006  0.001322020 |          5.0 | -0.000001130  0.000048440,  0.000120744  0.000513891
DIFF:  058 |  0.000000000  0.000000000  0.000000305  0.000002843  0.000000000  0.000000000 |         -0.0 | -0.000000024 -0.000000002, -0.000000539 -0.000000009
MOVE:  058 | -0.000007871  0.000025642 -0.000293223 -0.000413497  0.000289994  0.001322020 |         -0.5 | -0.000013429  0.000001044,  0.000178515 -0.000030975
CONST: 058 | 47 9.91291e-05 6.56422e-05 -0.000219223 -0.000833497 -4.50057e-05 0.00132202

ABS:   059 |  0.000099129  0.000065642 -0.000219223 -0.000839183 -0.000045006  0.001322020 |          5.1 | -0.000001081  0.000048444,  0.000121213  0.000513909
DIFF:  059 |  0.000000000  0.000000000  0.000000000 -0.000005685  0.000000000  0.000000000 |          0.0 |  0.000000049  0.000000003,  0.000000468  0.000000018
MOVE:  059 | -0.000007871  0.000025642 -0.000293223 -0.000419183  0.000289994  0.001322020 |         -0.5 | -0.000013380  0.000001047,  0.000178984 -0.000030957
CONST: 059 | 47 9.91291e-05 6.56422e-05 -0.000219223 -0.000839183 -4.50057e-05 0.00132202

ABS:   060 |  0.000099129  0.000065642 -0.000219223 -0.000836340 -0.000044355  0.001322020 |          5.1 | -0.000001124  0.000048456,  0.000120981  0.000513900
DIFF:  060 |  0.000000000  0.000000000  0.000000000  0.000002843  0.000000650  0.000000000 |         -0.0 | -0.000000043  0.000000012, -0.000000231 -0.000000009
MOVE:  060 | -0.000007871  0.000025642 -0.000293223 -0.000416340  0.000290645  0.001322020 |         -0.5 | -0.000013423  0.000001059,  0.000178752 -0.000030966
CONST: 060 | 47 9.91291e-05 6.56422e-05 -0.000219223 -0.00083634 -4.43552e-05 0.00132202

ABS:   061 |  0.000099129  0.000065642 -0.000219223 -0.000836340 -0.000045656  0.001322020 |          5.1 | -0.000001087  0.000048428,  0.000120976  0.000513900
DIFF:  061 |  0.000000000  0.000000000  0.000000000  0.000000000 -0.000001301  0.000000000 |         -0.0 |  0.000000037 -0.000000027, -0.000000005 -0.000000001
MOVE:  061 | -0.000007871  0.000025642 -0.000293223 -0.000416340  0.000289344  0.001322020 |         -0.5 | -0.000013386  0.000001032,  0.000178747 -0.000030966
CONST: 061 | 47 9.91291e-05 6.56422e-05 -0.000219223 -0.00083634 -4.56562e-05 0.00132202

ABS:   062 |  0.000099129  0.000065642 -0.000219223 -0.000836340 -0.000045006  0.001348557 |          5.0 | -0.000001137  0.000048442,  0.000120774  0.000513882
DIFF:  062 |  0.000000000  0.000000000  0.000000000  0.000000000  0.000000650  0.000026537 |         -0.0 | -0.000000049  0.000000014, -0.000000202 -0.000000017
MOVE:  062 | -0.000007871  0.000025642 -0.000293223 -0.000416340  0.000289994  0.001348557 |         -0.5 | -0.000013435  0.000001046,  0.000178545 -0.000030984
CONST: 062 | 47 9.91291e-05 6.56422e-05 -0.000219223 -0.00083634 -4.50057e-05 0.00134856

ABS:   063 |  0.000099129  0.000065642 -0.000219223 -0.000836340 -0.000045006  0.001295483 |          5.1 | -0.000001075  0.000048442,  0.000121183  0.000513917
DIFF:  063 |  0.000000000  0.000000000  0.000000000  0.000000000  0.000000000 -0.000053074 |          0.0 |  0.000000062 -0.000000000,  0.000000410  0.000000035
MOVE:  063 | -0.000007871  0.000025642 -0.000293223 -0.000416340  0.000289994  0.001295483 |         -0.5 | -0.000013373  0.000001045,  0.000178954 -0.000030949
CONST: 063 | 47 9.91291e-05 6.56422e-05 -0.000219223 -0.00083634 -4.50057e-05 0.00129548

ABS:   064 |  0.000099491  0.000068781 -0.000045467 -0.000397240 -0.000176424  0.002945495 |          5.3 | -0.000002284  0.000047320, -0.000012601  0.000534931
DIFF:  064 |  0.000000362  0.000003139  0.000173755  0.000439100 -0.000131418  0.001650012 |          0.2 | -0.000001209 -0.000001122, -0.000133784  0.000021014
MOVE:  064 | -0.000007509  0.000028781 -0.000119467  0.000022760  0.000158576  0.002945495 |         -0.3 | -0.000014583 -0.000000076,  0.000045170 -0.000009935
CONST: 064 | 47 9.94914e-05 6.87814e-05 -4.54675e-05 -0.00039724 -0.000176424 0.0029455

ABS:   065 |  0.000099273  0.000066885 -0.000150419 -0.000662448 -0.000097050  0.001965217 |          5.3 | -0.000001422  0.000047836,  0.000075425  0.000533248
DIFF:  065 | -0.000000219 -0.000001896 -0.000104952 -0.000265208  0.000079374 -0.000980278 |          0.0 |  0.000000862  0.000000516,  0.000088026 -0.000001684
MOVE:  065 | -0.000007727  0.000026885 -0.000224419 -0.000242448  0.000237950  0.001965217 |         -0.2 | -0.000013720  0.000000439,  0.000133196 -0.000011618
CONST: 065 | 47 9.92726e-05 6.68854e-05 -0.000150419 -0.000662448 -9.70501e-05 0.00196522

ABS:   066 |  0.000099169  0.000065992 -0.000199868 -0.000787422 -0.000059647  0.001502989 |          5.2 | -0.000001110  0.000048323,  0.000107812  0.000521688
DIFF:  066 | -0.000000103 -0.000000893 -0.000049449 -0.000124974  0.000037403 -0.000462228 |         -0.2 |  0.000000312  0.000000487,  0.000032386 -0.000011560
MOVE:  066 | -0.000007831  0.000025992 -0.000273868 -0.000367422  0.000275353  0.001502989 |         -0.4 | -0.000013409  0.000000926,  0.000165582 -0.000023178
CONST: 066 | 47 9.91695e-05 6.5992e-05 -0.000199868 -0.000787422 -5.96467e-05 0.00150299

ABS:   067 |  0.000099139  0.000065723 -0.000214732 -0.000824989 -0.000048403  0.001364013 |          5.0 | -0.000001149  0.000048367,  0.000115204  0.000513831
DIFF:  067 | -0.000000031 -0.000000269 -0.000014864 -0.000037568  0.000011244 -0.000138976 |         -0.1 | -0.000000039  0.000000044,  0.000007393 -0.000007857
MOVE:  067 | -0.000007861  0.000025723 -0.000288732 -0.000404989  0.000286597  0.001364013 |         -0.6 | -0.000013448  0.000000970,  0.000172975 -0.000031035
CONST: 067 | 47 9.91385e-05 6.57234e-05 -0.000214732 -0.000824989 -4.84029e-05 0.00136401

ABS:   068 |  0.000099141  0.000065744 -0.000213569 -0.000822050 -0.000049282  0.001374885 |          5.1 | -0.000001161  0.000048348,  0.000116061  0.000515448
DIFF:  068 |  0.000000002  0.000000021  0.000001163  0.000002939 -0.000000880  0.000010872 |          0.0 | -0.000000011 -0.000000019,  0.000000857  0.000001617
MOVE:  068 | -0.000007859  0.000025744 -0.000287569 -0.000402050  0.000285718  0.001374885 |         -0.5 | -0.000013459  0.000000951,  0.000173832 -0.000029418
CONST: 068 | 47 9.91409e-05 6.57444e-05 -0.000213569 -0.00082205 -4.92825e-05 0.00137489

ABS:   069 |  0.000099135  0.000065690 -0.000216569 -0.000829632 -0.000047013  0.001346836 |          5.0 | -0.000001131  0.000048397,  0.000117566  0.000513859
DIFF:  069 | -0.000000006 -0.000000054 -0.000003000 -0.000007582  0.000002269 -0.000028049 |         -0.0 |  0.000000029  0.000000050,  0.000001505 -0.000001589
MOVE:  069 | -0.000007865  0.000025690 -0.000290569 -0.000409632  0.000287987  0.001346836 |         -0.5 | -0.000013430  0.000001001,  0.000175337 -0.000031007
CONST: 069 | 47 9.91347e-05 6.56902e-05 -0.000216569 -0.000829632 -4.70133e-05 0.00134684

ABS:   070 |  0.000099200  0.000065723 -0.000214732 -0.000824989 -0.000048403  0.001364013 |          5.0 | -0.000001088  0.000048367,  0.000115204  0.000513831
DIFF:  070 |  0.000000065  0.000000033  0.000001837  0.000004643 -0.000001390  0.000017177 |         -0.0 |  0.000000043 -0.000000031, -0.000002362 -0.000000028
MOVE:  070 | -0.000007800  0.000025723 -0.000288732 -0.000404989  0.000286597  0.001364013 |         -0.6 | -0.000013387  0.000000970,  0.000172975 -0.000031035
CONST: 070 | 47 9.91996e-05 6.57234e-05 -0.000214732 -0.000824989 -4.84029e-05 0.00136401

ABS:   071 |  0.000099077  0.000065723 -0.000214732 -0.000824989 -0.000048403  0.001364013 |          5.0 | -0.000001211  0.000048367,  0.000115204  0.000513831
DIFF:  071 | -0.000000122  0.000000000  0.000000000  0.000000000  0.000000000  0.000000000 |          0.0 | -0.000000122  0.000000000, -0.000000000 -0.000000000
MOVE:  071 | -0.000007923  0.000025723 -0.000288732 -0.000404989  0.000286597  0.001364013 |         -0.6 | -0.000013509  0.000000970,  0.000172975 -0.000031035
CONST: 071 | 47 9.90774e-05 6.57234e-05 -0.000214732 -0.000824989 -4.84029e-05 0.00136401

ABS:   072 |  0.000099139  0.000066022 -0.000214732 -0.000824989 -0.000048403  0.001364013 |          5.0 | -0.000001163  0.000048374,  0.000115165  0.000513814
DIFF:  072 |  0.000000061  0.000000299  0.000000000  0.000000000  0.000000000  0.000000000 |         -0.0 |  0.000000047  0.000000008, -0.000000039 -0.000000017
MOVE:  072 | -0.000007861  0.000026022 -0.000288732 -0.000404989  0.000286597  0.001364013 |         -0.6 | -0.000013462  0.000000978,  0.000172936 -0.000031052
CONST: 072 | 47 9.91385e-05 6.60221e-05 -0.000214732 -0.000824989 -4.84029e-05 0.00136401

ABS:   073 |  0.000099139  0.000065425 -0.000214732 -0.000824989 -0.000048403  0.001364013 |          5.0 | -0.000001135  0.000048359,  0.000115243  0.000513848
DIFF:  073 |  0.000000000 -0.000000597  0.000000000  0.000000000  0.000000000  0.000000000 |          0.0 |  0.000000028 -0.000000015,  0.000000078  0.000000033
MOVE:  073 | -0.000007861  0.000025425 -0.000288732 -0.000404989  0.000286597  0.001364013 |         -0.6 | -0.000013434  0.000000963,  0.000173014 -0.000031018
CONST: 073 | 47 9.91385e-05 6.54246e-05 -0.000214732 -0.000824989 -4.84029e-05 0.00136401

ABS:   074 |  0.000099139  0.000065723 -0.000214421 -0.000824989 -0.000048403  0.001364013 |          5.0 | -0.000001149  0.000048367,  0.000114893  0.000513831
DIFF:  074 |  0.000000000  0.000000299  0.000000311  0.000000000  0.000000000  0.000000000 |         -0.0 | -0.000000014  0.000000008, -0.000000350 -0.000000017
MOVE:  074 | -0.000007861  0.000025723 -0.000288421 -0.000404989  0.000286597  0.001364013 |         -0.6 | -0.000013448  0.000000970,  0.000172664 -0.000031035
CONST: 074 | 47 9.91385e-05 6.57234e-05 -0.000214421 -0.000824989 -4.84029e-05 0.00136401

ABS:   075 |  0.000099139  0.000065723 -0.000215043 -0.000824989 -0.000048403  0.001364013 |          5.0 | -0.000001149  0.000048367,  0.000115515  0.000513831
DIFF:  075 |  0.000000000  0.000000000 -0.000000622  0.000000000  0.000000000  0.000000000 |          0.0 | -0.000000000  0.000000000,  0.000000622 -0.000000000
MOVE:  075 | -0.000007861  0.000025723 -0.000289043 -0.000404989  0.000286597  0.001364013 |         -0.6 | -0.000013448  0.000000970,  0.000173286 -0.000031035
CONST: 075 | 47 9.91385e-05 6.57234e-05 -0.000215043 -0.000824989 -4.84029e-05 0.00136401

ABS:   076 |  0.000099139  0.000065723 -0.000214732 -0.000822093 -0.000048403  0.001364013 |          5.0 | -0.000001174  0.000048365,  0.000114965  0.000513822
DIFF:  076 |  0.000000000  0.000000000  0.000000311  0.000002896  0.000000000  0.000000000 |         -0.0 | -0.000000025 -0.000000002, -0.000000549 -0.000000009
MOVE:  076 | -0.000007861  0.000025723 -0.000288732 -0.000402093  0.000286597  0.001364013 |         -0.6 | -0.000013473  0.000000969,  0.000172736 -0.000031044
CONST: 076 | 47 9.91385e-05 6.57234e-05 -0.000214732 -0.000822093 -4.84029e-05 0.00136401

ABS:   077 |  0.000099139  0.000065723 -0.000214732 -0.000827885 -0.000048403  0.001364013 |          5.0 | -0.000001125  0.000048368,  0.000115443  0.000513840
DIFF:  077 |  0.000000000  0.000000000  0.000000000 -0.000005792  0.000000000  0.000000000 |          0.0 |  0.000000049  0.000000003,  0.000000477  0.000000018
MOVE:  077 | -0.000007861  0.000025723 -0.000288732 -0.000407885  0.000286597  0.001364013 |         -0.6 | -0.000013423  0.000000972,  0.000173214 -0.000031026
CONST: 077 | 47 9.91385e-05 6.57234e-05 -0.000214732 -0.000827885 -4.84029e-05 0.00136401

ABS:   078 |  0.000099139  0.000065723 -0.000214732 -0.000824989 -0.000047752  0.001364013 |          5.0 | -0.000001168  0.000048380,  0.000115207  0.000513831
DIFF:  078 |  0.000000000  0.000000000  0.000000000  0.000002896  0.000000651  0.000000000 |         -0.0 | -0.000000043  0.000000012, -0.000000236 -0.000000009
MOVE:  078 | -0.000007861  0.000025723 -0.000288732 -0.000404989  0.000287248  0.001364013 |         -0.6 | -0.000013467  0.000000984,  0.000172978 -0.000031035
CONST: 078 | 47 9.91385e-05 6.57234e-05 -0.000214732 -0.000824989 -4.7752e-05 0.00136401

ABS:   079 |  0.000099139  0.000065723 -0.000214732 -0.000824989 -0.000049054  0.001364013 |          5.0 | -0.000001131  0.000048353,  0.000115201  0.000513831
DIFF:  079 |  0.000000000  0.000000000  0.000000000  0.000000000 -0.000001302  0.000000000 |         -0.0 |  0.000000037 -0.000000027, -0.000000005 -0.000000001
MOVE:  079 | -0.000007861  0.000025723 -0.000288732 -0.000404989  0.000285946  0.001364013 |         -0.6 | -0.000013430  0.000000957,  0.000172972 -0.000031035
CONST: 079 | 47 9.91385e-05 6.57234e-05 -0.000214732 -0.000824989 -4.90539e-05 0.00136401

ABS:   080 |  0.000099139  0.000065723 -0.000214732 -0.000824989 -0.000048403  0.001390660 |          5.0 | -0.000001181  0.000048367,  0.000114998  0.000513814
DIFF:  080 |  0.000000000  0.000000000  0.000000000  0.000000000  0.000000651  0.000026647 |         -0.0 | -0.000000050  0.000000014, -0.000000203 -0.000000017
MOVE:  080 | -0.000007861  0.000025723 -0.000288732 -0.000404989  0.000286597  0.001390660 |         -0.6 | -0.000013479  0.000000971,  0.000172769 -0.000031052
CONST: 080 | 47 9.91385e-05 6.57234e-05 -0.000214732 -0.000824989 -4.84029e-05 0.00139066

ABS:   081 |  0.000099139  0.000065723 -0.000214732 -0.000824989 -0.000048403  0.001337367 |          5.0 | -0.000001118  0.000048367,  0.000115410  0.000513849
DIFF:  081 |  0.000000000  0.000000000  0.000000000  0.000000000  0.000000000 -0.000053293 |          0.0 |  0.000000062 -0.000000000,  0.000000411  0.000000035
MOVE:  081 | -0.000007861  0.000025723 -0.000288732 -0.000404989  0.000286597  0.001337367 |         -0.6 | -0.000013417  0.000000970,  0.000173181 -0.000031017
CONST: 081 | 47 9.91385e-05 6.57234e-05 -0.000214732 -0.000824989 -4.84029e-05 0.00133737

ABS:   082 |  0.000100439  0.000075342 -0.000128000 -0.000569083 -0.000165589  0.003004462 |          5.4 | -0.000000746  0.000047302,  0.000047471  0.000540012
DIFF:  082 |  0.000001301  0.000009619  0.000086732  0.000255906 -0.000117186  0.001667096 |          0.4 |  0.000000373 -0.000001065, -0.000067939  0.000026164
MOVE:  082 | -0.000006561  0.000035342 -0.000202000 -0.000149083  0.000169411  0.003004462 |         -0.1 | -0.000013044 -0.000000095,  0.000105241 -0.000004854
CONST: 082 | 47 0.000100439 7.53423e-05 -0.000128 -0.000569083 -0.000165589 0.00300446

ABS:   083 |  0.000099509  0.000068466 -0.000190003 -0.000752022 -0.000081817  0.001831993 |          5.2 | -0.000000766  0.000048158,  0.000104210  0.000524857
DIFF:  083 | -0.000000930 -0.000006876 -0.000062003 -0.000182939  0.000083772 -0.001172469 |         -0.2 | -0.000000020  0.000000856,  0.000056740 -0.000015156
MOVE:  083 | -0.000007491  0.000028466 -0.000264003 -0.000332022  0.000253183  0.001831993 |         -0.3 | -0.000013064  0.000000761,  0.000161981 -0.000020010
CONST: 083 | 47 9.95094e-05 6.84664e-05 -0.000190003 -0.000752022 -8.18169e-05 0.00183199

ABS:   084 |  0.000099217  0.000066304 -0.000209500 -0.000809552 -0.000055472  0.001463031 |          5.1 | -0.000000959  0.000048426,  0.000112528  0.000516939
DIFF:  084 | -0.000000292 -0.000002163 -0.000019497 -0.000057530  0.000026345 -0.000368962 |         -0.1 | -0.000000194  0.000000268,  0.000008318 -0.000007918
MOVE:  084 | -0.000007783  0.000026304 -0.000283500 -0.000389552  0.000279528  0.001463031 |         -0.5 | -0.000013258  0.000001030,  0.000170299 -0.000027927
CONST: 084 | 47 9.9217e-05 6.63037e-05 -0.0002095 -0.000809552 -5.54721e-05 0.00146303

ABS:   085 |  0.000099152  0.000065824 -0.000213828 -0.000822323 -0.000049624  0.001381117 |          5.1 | -0.000001149  0.000048343,  0.000116283  0.000515440
DIFF:  085 | -0.000000065 -0.000000480 -0.000004328 -0.000012771  0.000005848 -0.000081915 |         -0.0 | -0.000000189 -0.000000083,  0.000003755 -0.000001499
MOVE:  085 | -0.000007848  0.000025824 -0.000287828 -0.000402323  0.000285376  0.001381117 |         -0.5 | -0.000013447  0.000000946,  0.000174054 -0.000029426
CONST: 085 | 47 9.91521e-05 6.58236e-05 -0.000213828 -0.000822323 -4.96239e-05 0.00138112

ABS:   086 |  0.000099139  0.000065730 -0.000214673 -0.000824814 -0.000048483  0.001365135 |          5.0 | -0.000001149  0.000048365,  0.000115121  0.000513829
DIFF:  086 | -0.000000013 -0.000000094 -0.000000844 -0.000002491  0.000001141 -0.000015981 |         -0.0 | -0.000000001  0.000000022, -0.000001162 -0.000001611
MOVE:  086 | -0.000007861  0.000025730 -0.000288673 -0.000404814  0.000286517  0.001365135 |         -0.6 | -0.000013448  0.000000969,  0.000172891 -0.000031037
CONST: 086 | 47 9.91394e-05 6.57299e-05 -0.000214673 -0.000824814 -4.8483e-05 0.00136514

ABS:   087 |  0.000099201  0.000065730 -0.000214673 -0.000824814 -0.000048483  0.001365135 |          5.0 | -0.000001088  0.000048365,  0.000115121  0.000513829
DIFF:  087 |  0.000000061  0.000000000  0.000000000  0.000000000  0.000000000  0.000000000 |         -0.0 |  0.000000061 -0.000000000,  0.000000000  0.000000000
MOVE:  087 | -0.000007799  0.000025730 -0.000288673 -0.000404814  0.000286517  0.001365135 |         -0.6 | -0.000013387  0.000000969,  0.000172891 -0.000031037
CONST: 087 | 47 9.92005e-05 6.57299e-05 -0.000214673 -0.000824814 -4.8483e-05 0.00136514

ABS:   088 |  0.000099078  0.000065730 -0.000214673 -0.000824814 -0.000048483  0.001365135 |          5.0 | -0.000001210  0.000048365,  0.000115121  0.000513829
DIFF:  088 | -0.000000122  0.000000000  0.000000000  0.000000000  0.000000000  0.000000000 |          0.0 | -0.000000122  0.000000000, -0.000000000 -0.000000000
MOVE:  088 | -0.000007922  0.000025730 -0.000288673 -0.000404814  0.000286517  0.001365135 |         -0.6 | -0.000013509  0.000000969,  0.000172891 -0.000031037
CONST: 088 | 47 9.90783e-05 6.57299e-05 -0.000214673 -0.000824814 -4.8483e-05 0.00136514

ABS:   089 |  0.000099139  0.000066029 -0.000214673 -0.000824814 -0.000048483  0.001365135 |          5.0 | -0.000001163  0.000048373,  0.000115081  0.000513813
DIFF:  089 |  0.000000061  0.000000299  0.000000000  0.000000000  0.000000000  0.000000000 |         -0.0 |  0.000000047  0.000000008, -0.000000039 -0.000000017
MOVE:  089 | -0.000007861  0.000026029 -0.000288673 -0.000404814  0.000286517  0.001365135 |         -0.6 | -0.000013462  0.000000976,  0.000172852 -0.000031053
CONST: 089 | 47 9.91394e-05 6.60287e-05 -0.000214673 -0.000824814 -4.8483e-05 0.00136514

ABS:   090 |  0.000099139  0.000065431 -0.000214673 -0.000824814 -0.000048483  0.001365135 |          5.0 | -0.000001135  0.000048357,  0.000115160  0.000513846
DIFF:  090 |  0.000000000 -0.000000597  0.000000000  0.000000000  0.000000000  0.000000000 |          0.0 |  0.000000028 -0.000000015,  0.000000078  0.000000033
MOVE:  090 | -0.000007861  0.000025431 -0.000288673 -0.000404814  0.000286517  0.001365135 |         -0.6 | -0.000013434  0.000000961,  0.000172931 -0.000031020
CONST: 090 | 47 9.91394e-05 6.54312e-05 -0.000214673 -0.000824814 -4.8483e-05 0.00136514

ABS:   091 |  0.000099139  0.000065730 -0.000214362 -0.000824814 -0.000048483  0.001365135 |          5.0 | -0.000001149  0.000048365,  0.000114810  0.000513829
DIFF:  091 |  0.000000000  0.000000299  0.000000311  0.000000000  0.000000000  0.000000000 |         -0.0 | -0.000000014  0.000000008, -0.000000350 -0.000000017
MOVE:  091 | -0.000007861  0.000025730 -0.000288362 -0.000404814  0.000286517  0.001365135 |         -0.6 | -0.000013448  0.000000969,  0.000172581 -0.000031037
CONST: 091 | 47 9.91394e-05 6.57299e-05 -0.000214362 -0.000824814 -4.8483e-05 0.00136514

ABS:   092 |  0.000099139  0.000065730 -0.000214983 -0.000824814 -0.000048483  0.001365135 |          5.0 | -0.000001149  0.000048365,  0.000115431  0.000513829
DIFF:  092 |  0.000000000  0.000000000 -0.000000622  0.000000000  0.000000000  0.000000000 |          0.0 | -0.000000000  0.000000000,  0.000000622 -0.000000000
MOVE:  092 | -0.000007861  0.000025730 -0.000288983 -0.000404814  0.000286517  0.001365135 |         -0.6 | -0.000013448  0.000000969,  0.000173202 -0.000031037
CONST: 092 | 47 9.91394e-05 6.57299e-05 -0.000214983 -0.000824814 -4.8483e-05 0.00136514

ABS:   093 |  0.000099139  0.000065730 -0.000214673 -0.000821918 -0.000048483  0.001365135 |          5.0 | -0.000001174  0.000048363,  0.000114882  0.000513820
DIFF:  093 |  0.000000000  0.000000000  0.000000311  0.000002896  0.000000000  0.000000000 |         -0.0 | -0.000000025 -0.000000002, -0.000000549 -0.000000009
MOVE:  093 | -0.000007861  0.000025730 -0.000288673 -0.000401918  0.000286517  0.001365135 |         -0.6 | -0.000013473  0.000000967,  0.000172653 -0.000031046
CONST: 093 | 47 9.91394e-05 6.57299e-05 -0.000214673 -0.000821918 -4.8483e-05 0.00136514

ABS:   094 |  0.000099139  0.000065730 -0.000214673 -0.000827710 -0.000048483  0.001365135 |          5.0 | -0.000001125  0.000048367,  0.000115359  0.000513838
DIFF:  094 |  0.000000000  0.000000000  0.000000000 -0.000005792  0.000000000  0.000000000 |          0.0 |  0.000000049  0.000000003,  0.000000477  0.000000018
MOVE:  094 | -0.000007861  0.000025730 -0.000288673 -0.000407710  0.000286517  0.001365135 |         -0.6 | -0.000013423  0.000000970,  0.000173130 -0.000031028
CONST: 094 | 47 9.91394e-05 6.57299e-05 -0.000214673 -0.00082771 -4.8483e-05 0.00136514

ABS:   095 |  0.000099139  0.000065730 -0.000214673 -0.000824814 -0.000047832  0.001365135 |          5.0 | -0.000001168  0.000048379,  0.000115123  0.000513830
DIFF:  095 |  0.000000000  0.000000000  0.000000000  0.000002896  0.000000651  0.000000000 |         -0.0 | -0.000000043  0.000000012, -0.000000236 -0.000000009
MOVE:  095 | -0.000007861  0.000025730 -0.000288673 -0.000404814  0.000287168  0.001365135 |         -0.6 | -0.000013466  0.000000982,  0.000172894 -0.000031036
CONST: 095 | 47 9.91394e-05 6.57299e-05 -0.000214673 -0.000824814 -4.78321e-05 0.00136514

ABS:   096 |  0.000099139  0.000065730 -0.000214673 -0.000824814 -0.000049134  0.001365135 |          5.0 | -0.000001131  0.000048352,  0.000115118  0.000513829
DIFF:  096 |  0.000000000  0.000000000  0.000000000  0.000000000 -0.000001302  0.000000000 |         -0.0 |  0.000000037 -0.000000027, -0.000000005 -0.000000001
MOVE:  096 | -0.000007861  0.000025730 -0.000288673 -0.000404814  0.000285866  0.001365135 |         -0.6 | -0.000013430  0.000000955,  0.000172889 -0.000031037
CONST: 096 | 47 9.91394e-05 6.57299e-05 -0.000214673 -0.000824814 -4.9134e-05 0.00136514

ABS:   097 |  0.000099139  0.000065730 -0.000214673 -0.000824814 -0.000048483  0.001391787 |          5.0 | -0.000001180  0.000048365,  0.000114915  0.000513812
DIFF:  097 |  0.000000000  0.000000000  0.000000000  0.000000000  0.000000651  0.000026652 |         -0.0 | -0.000000050  0.000000014, -0.000000203 -0.000000017
MOVE:  097 | -0.000007861  0.000025730 -0.000288673 -0.000404814  0.000286517  0.001391787 |         -0.6 | -0.000013479  0.000000969,  0.000172686 -0.000031054
CONST: 097 | 47 9.91394e-05 6.57299e-05 -0.000214673 -0.000824814 -4.8483e-05 0.00139179

ABS:   098 |  0.000099139  0.000065730 -0.000214673 -0.000824814 -0.000048483  0.001338483 |          5.0 | -0.000001118  0.000048365,  0.000115326  0.000513847
DIFF:  098 |  0.000000000  0.000000000  0.000000000  0.000000000  0.000000000 -0.000053304 |          0.0 |  0.000000062 -0.000000000,  0.000000411  0.000000035
MOVE:  098 | -0.000007861  0.000025730 -0.000288673 -0.000404814  0.000286517  0.001338483 |         -0.6 | -0.000013417  0.000000969,  0.000173097 -0.000031019
CONST: 098 | 47 9.91394e-05 6.57299e-05 -0.000214673 -0.000824814 -4.8483e-05 0.00133848

ABS:   099 |  0.000101273  0.000081354 -0.000138649 -0.000520676 -0.000179985  0.003842495 |          5.4 | -0.000001378  0.000047094,  0.000049257  0.000536933
DIFF:  099 |  0.000002134  0.000015624  0.000076024  0.000304138 -0.000131502  0.002504012 |          0.3 | -0.000000260 -0.000001271, -0.000066069  0.000023086
MOVE:  099 | -0.000005727  0.000041354 -0.000212649 -0.000100676  0.000155015  0.003842495 |         -0.2 | -0.000013677 -0.000000303,  0.000107028 -0.000007933
CONST: 099 | 47 0.000101273 8.13543e-05 -0.000138649 -0.000520676 -0.000179985 0.0038425

ABS:   100 |  0.000099805  0.000070602 -0.000190972 -0.000729994 -0.000089481  0.002138152 |          5.3 | -0.000000903  0.000048069,  0.000102980  0.000526053
DIFF:  100 | -0.000001469 -0.000010752 -0.000052324 -0.000209318  0.000090503 -0.001704343 |         -0.1 |  0.000000475  0.000000975,  0.000053723 -0.000010881
MOVE:  100 | -0.000007195  0.000030602 -0.000264972 -0.000309994  0.000245519  0.002138152 |         -0.3 | -0.000013202  0.000000673,  0.000160751 -0.000018813
CONST: 100 | 47 9.98047e-05 7.0602e-05 -0.000190972 -0.000729994 -8.94813e-05 0.00213815

ABS:   101 |  0.000099283  0.000066778 -0.000209574 -0.000804415 -0.000057303  0.001531477 |          5.1 | -0.000000988  0.000048399,  0.000113923  0.000518468
DIFF:  101 | -0.000000522 -0.000003824 -0.000018602 -0.000074421  0.000032178 -0.000606675 |         -0.1 | -0.000000085  0.000000330,  0.000010943 -0.000007585
MOVE:  101 | -0.000007717  0.000026778 -0.000283574 -0.000384415  0.000277697  0.001531477 |         -0.5 | -0.000013287  0.000001003,  0.000171694 -0.000026398
CONST: 101 | 47 9.92825e-05 6.67782e-05 -0.000209574 -0.000804415 -5.73034e-05 0.00153148

ABS:   102 |  0.000099159  0.000065874 -0.000213971 -0.000822005 -0.000049698  0.001388040 |          5.1 | -0.000001153  0.000048343,  0.000116338  0.000515431
DIFF:  102 | -0.000000123 -0.000000904 -0.000004397 -0.000017591  0.000007606 -0.000143437 |         -0.1 | -0.000000164 -0.000000056,  0.000002415 -0.000003036
MOVE:  102 | -0.000007841  0.000025874 -0.000287971 -0.000402005  0.000285302  0.001388040 |         -0.5 | -0.000013451  0.000000946,  0.000174109 -0.000029435
CONST: 102 | 47 9.91591e-05 6.58743e-05 -0.000213971 -0.000822005 -4.96975e-05 0.00138804

ABS:   103 |  0.000099141  0.000065739 -0.000214630 -0.000824644 -0.000048557  0.001366524 |          5.0 | -0.000001150  0.000048364,  0.000115052  0.000513827
DIFF:  103 | -0.000000019 -0.000000136 -0.000000659 -0.000002639  0.000001141 -0.000021516 |         -0.0 |  0.000000003  0.000000021, -0.000001286 -0.000001604
MOVE:  103 | -0.000007859  0.000025739 -0.000288630 -0.000404644  0.000286443  0.001366524 |         -0.6 | -0.000013448  0.000000967,  0.000172823 -0.000031039
CONST: 103 | 47 9.91406e-05 6.57387e-05 -0.00021463 -0.000824644 -4.85567e-05 0.00136652

ABS:   104 |  0.000099202  0.000065739 -0.000214630 -0.000824644 -0.000048557  0.001366524 |          5.0 | -0.000001088  0.000048364,  0.000115052  0.000513827
DIFF:  104 |  0.000000061  0.000000000  0.000000000  0.000000000  0.000000000  0.000000000 |         -0.0 |  0.000000061 -0.000000000,  0.000000000  0.000000000
MOVE:  104 | -0.000007798  0.000025739 -0.000288630 -0.000404644  0.000286443  0.001366524 |         -0.6 | -0.000013387  0.000000967,  0.000172823 -0.000031039
CONST: 104 | 47 9.92017e-05 6.57387e-05 -0.00021463 -0.000824644 -4.85567e-05 0.00136652

ABS:   105 |  0.000099079  0.000065739 -0.000214630 -0.000824644 -0.000048557  0.001366524 |          5.0 | -0.000001211  0.000048364,  0.000115052  0.000513827
DIFF:  105 | -0.000000122  0.000000000  0.000000000  0.000000000  0.000000000  0.000000000 |          0.0 | -0.000000122  0.000000000, -0.000000000 -0.000000000
MOVE:  105 | -0.000007921  0.000025739 -0.000288630 -0.000404644  0.000286443  0.001366524 |         -0.6 | -0.000013509  0.000000967,  0.000172823 -0.000031039
CONST: 105 | 47 9.90795e-05 6.57387e-05 -0.00021463 -0.000824644 -4.85567e-05 0.00136652

ABS:   106 |  0.000099141  0.000066037 -0.000214630 -0.000824644 -0.000048557  0.001366524 |          5.0 | -0.000001164  0.000048371,  0.000115013  0.000513811
DIFF:  106 |  0.000000061  0.000000299  0.000000000  0.000000000  0.000000000  0.000000000 |         -0.0 |  0.000000047  0.000000008, -0.000000039 -0.000000017
MOVE:  106 | -0.000007859  0.000026037 -0.000288630 -0.000404644  0.000286443  0.001366524 |         -0.6 | -0.000013462  0.000000975,  0.000172784 -0.000031055
CONST: 106 | 47 9.91406e-05 6.60374e-05 -0.00021463 -0.000824644 -4.85567e-05 0.00136652

ABS:   107 |  0.000099141  0.000065440 -0.000214630 -0.000824644 -0.000048557  0.001366524 |          5.0 | -0.000001135  0.000048356,  0.000115091  0.000513844
DIFF:  107 |  0.000000000 -0.000000597  0.000000000  0.000000000  0.000000000  0.000000000 |          0.0 |  0.000000028 -0.000000015,  0.000000078  0.000000033
MOVE:  107 | -0.000007859  0.000025440 -0.000288630 -0.000404644  0.000286443  0.001366524 |         -0.6 | -0.000013434  0.000000960,  0.000172862 -0.000031022
CONST: 107 | 47 9.91406e-05 6.544e-05 -0.00021463 -0.000824644 -4.85567e-05 0.00136652

ABS:   108 |  0.000099141  0.000065739 -0.000214319 -0.000824644 -0.000048557  0.001366524 |          5.0 | -0.000001150  0.000048364,  0.000114741  0.000513827
DIFF:  108 |  0.000000000  0.000000299  0.000000311  0.000000000  0.000000000  0.000000000 |         -0.0 | -0.000000014  0.000000008, -0.000000350 -0.000000017
MOVE:  108 | -0.000007859  0.000025739 -0.000288319 -0.000404644  0.000286443  0.001366524 |         -0.6 | -0.000013448  0.000000967,  0.000172512 -0.000031039
CONST: 108 | 47 9.91406e-05 6.57387e-05 -0.000214319 -0.000824644 -4.85567e-05 0.00136652

ABS:   109 |  0.000099141  0.000065739 -0.000214941 -0.000824644 -0.000048557  0.001366524 |          5.0 | -0.000001150  0.000048364,  0.000115363  0.000513827
DIFF:  109 |  0.000000000  0.000000000 -0.000000622  0.000000000  0.000000000  0.000000000 |          0.0 | -0.000000000  0.000000000,  0.000000622 -0.000000000
MOVE:  109 | -0.000007859  0.000025739 -0.000288941 -0.000404644  0.000286443  0.001366524 |         -0.6 | -0.000013448  0.000000967,  0.000173133 -0.000031039
CONST: 109 | 47 9.91406e-05 6.57387e-05 -0.000214941 -0.000824644 -4.85567e-05 0.00136652

ABS:   110 |  0.000099141  0.000065739 -0.000214630 -0.000821748 -0.000048557  0.001366524 |          5.0 | -0.000001174  0.000048362,  0.000114813  0.000513818
DIFF:  110 |  0.000000000  0.000000000  0.000000311  0.000002896  0.000000000  0.000000000 |         -0.0 | -0.000000025 -0.000000002, -0.000000549 -0.000000009
MOVE:  110 | -0.000007859  0.000025739 -0.000288630 -0.000401748  0.000286443  0.001366524 |         -0.6 | -0.000013473  0.000000966,  0.000172584 -0.000031048
CONST: 110 | 47 9.91406e-05 6.57387e-05 -0.00021463 -0.000821748 -4.85567e-05 0.00136652

ABS:   111 |  0.000099141  0.000065739 -0.000214630 -0.000827540 -0.000048557  0.001366524 |          5.0 | -0.000001125  0.000048365,  0.000115290  0.000513836
DIFF:  111 |  0.000000000  0.000000000  0.000000000 -0.000005792  0.000000000  0.000000000 |          0.0 |  0.000000049  0.000000003,  0.000000477  0.000000018
MOVE:  111 | -0.000007859  0.000025739 -0.000288630 -0.000407540  0.000286443  0.001366524 |         -0.6 | -0.000013423  0.000000969,  0.000173061 -0.000031030
CONST: 111 | 47 9.91406e-05 6.57387e-05 -0.00021463 -0.00082754 -4.85567e-05 0.00136652

ABS:   112 |  0.000099141  0.000065739 -0.000214630 -0.000824644 -0.000047906  0.001366524 |          5.0 | -0.000001168  0.000048377,  0.000115055  0.000513828
DIFF:  112 |  0.000000000  0.000000000  0.000000000  0.000002896  0.000000651  0.000000000 |         -0.0 | -0.000000043  0.000000012, -0.000000236 -0.000000009
MOVE:  112 | -0.000007859  0.000025739 -0.000288630 -0.000404644  0.000287094  0.001366524 |         -0.6 | -0.000013467  0.000000981,  0.000172825 -0.000031038
CONST: 112 | 47 9.91406e-05 6.57387e-05 -0.00021463 -0.000824644 -4.79057e-05 0.00136652

ABS:   113 |  0.000099141  0.000065739 -0.000214630 -0.000824644 -0.000049208  0.001366524 |          5.0 | -0.000001131  0.000048350,  0.000115049  0.000513827
DIFF:  113 |  0.000000000  0.000000000  0.000000000  0.000000000 -0.000001302  0.000000000 |         -0.0 |  0.000000037 -0.000000027, -0.000000005 -0.000000001
MOVE:  113 | -0.000007859  0.000025739 -0.000288630 -0.000404644  0.000285792  0.001366524 |         -0.6 | -0.000013430  0.000000954,  0.000172820 -0.000031039
CONST: 113 | 47 9.91406e-05 6.57387e-05 -0.00021463 -0.000824644 -4.92076e-05 0.00136652

ABS:   114 |  0.000099141  0.000065739 -0.000214630 -0.000824644 -0.000048557  0.001393175 |          5.0 | -0.000001181  0.000048364,  0.000114846  0.000513810
DIFF:  114 |  0.000000000  0.000000000  0.000000000  0.000000000  0.000000651  0.000026651 |         -0.0 | -0.000000050  0.000000014, -0.000000203 -0.000000017
MOVE:  114 | -0.000007859  0.000025739 -0.000288630 -0.000404644  0.000286443  0.001393175 |         -0.6 | -0.000013479  0.000000968,  0.000172617 -0.000031056
CONST: 114 | 47 9.91406e-05 6.57387e-05 -0.00021463 -0.000824644 -4.85567e-05 0.00139318

ABS:   115 |  0.000099141  0.000065739 -0.000214630 -0.000824644 -0.000048557  0.001339872 |          5.0 | -0.000001118  0.000048364,  0.000115257  0.000513845
DIFF:  115 |  0.000000000  0.000000000  0.000000000  0.000000000  0.000000000 -0.000053303 |          0.0 |  0.000000062 -0.000000000,  0.000000411  0.000000035
MOVE:  115 | -0.000007859  0.000025739 -0.000288630 -0.000404644  0.000286443  0.001339872 |         -0.6 | -0.000013417  0.000000967,  0.000173028 -0.000031021
CONST: 115 | 47 9.91406e-05 6.57387e-05 -0.00021463 -0.000824644 -4.85567e-05 0.00133987

ABS:   116 |  0.000102433  0.000083676 -0.000147435 -0.000475644 -0.000188527  0.004387687 |          5.4 | -0.000001120  0.000047077,  0.000049661  0.000536422
DIFF:  116 |  0.000003292  0.000017937  0.000067195  0.000349000 -0.000139970  0.003047815 |          0.3 | -0.000000002 -0.000001287, -0.000065596  0.000022577
MOVE:  116 | -0.000004567  0.000043676 -0.000221435 -0.000055644  0.000146473  0.004387687 |         -0.2 | -0.000013419 -0.000000320,  0.000107432 -0.000008444
CONST: 116 | 47 0.000102433 8.36756e-05 -0.000147435 -0.000475644 -0.000188527 0.00438769

ABS:   117 |  0.000100185  0.000071431 -0.000193312 -0.000713917 -0.000092965  0.002326125 |          5.3 | -0.000000823  0.000048024,  0.000102396  0.000525829
DIFF:  117 | -0.000002248 -0.000012245 -0.000045877 -0.000238273  0.000095562 -0.002061562 |         -0.1 |  0.000000298  0.000000947,  0.000052735 -0.000010592
MOVE:  117 | -0.000006815  0.000031431 -0.000267312 -0.000293917  0.000242035  0.002326125 |         -0.3 | -0.000013121  0.000000628,  0.000160167 -0.000019037
CONST: 117 | 47 0.000100185 7.14308e-05 -0.000193312 -0.000713917 -9.29652e-05 0.00232612

ABS:   118 |  0.000099374  0.000067012 -0.000209863 -0.000799880 -0.000058489  0.001581194 |          5.1 | -0.000000971  0.000048379,  0.000113415  0.000518404
DIFF:  118 | -0.000000811 -0.000004419 -0.000016550 -0.000085963  0.000034477 -0.000744931 |         -0.1 | -0.000000149  0.000000355,  0.000011019 -0.000007425
MOVE:  118 | -0.000007626  0.000027012 -0.000283863 -0.000379880  0.000276511  0.001581194 |         -0.5 | -0.000013270  0.000000983,  0.000171186 -0.000026462
CONST: 118 | 47 9.93742e-05 6.70118e-05 -0.000209863 -0.00079988 -5.84885e-05 0.00158119

