ABS:   itr |       deltaX       deltaY       deltaZ         phiX         phiY         phiZ |        chisq |    rphi mean     rphi rms,       z mean        z rms
ABS:   =========================================================================================================================================================
DIFF:  itr |       deltaX       deltaY       deltaZ         phiX         phiY         phiZ |        chisq |    rphi mean     rphi rms,       z mean        z rms
DIFF:  =========================================================================================================================================================
MOVE:  itr |       deltaX       deltaY       deltaZ         phiX         phiY         phiZ |        chisq |    rphi mean     rphi rms,       z mean        z rms
MOVE:  =========================================================================================================================================================
ABS:   001 |  0.000110000 -0.000200000 -0.000072000  0.000000000  0.000679000  0.000000000 |          6.7 |  0.000026309  0.000051304,  0.000005055  0.000580085
CONST: 001 | 6 0.00011 -0.0002 -7.2e-05 0 0.000679 0

ABS:   001 |  0.000110000 -0.000200000 -0.000072000  0.000000000  0.000679000  0.000000000 |          6.7 |  0.000026309  0.000051304,  0.000005055  0.000580085
CONST: 001 | 6 0.00011 -0.0002 -7.2e-05 0 0.000679 0

ABS:   002 |  0.000110100 -0.000200000 -0.000072000  0.000000000  0.000679000  0.000000000 |          6.7 |  0.000026409  0.000051304,  0.000005055  0.000580085
DIFF:  002 |  0.000000100 -0.000000000  0.000000000  0.000000000 -0.000000000  0.000000000 |          0.0 |  0.000000100  0.000000000, -0.000000000  0.000000000
MOVE:  002 |  0.000000100 -0.000000000  0.000000000  0.000000000 -0.000000000  0.000000000 |          0.0 |  0.000000100  0.000000000, -0.000000000  0.000000000
CONST: 002 | 6 0.0001101 -0.0002 -7.2e-05 0 0.000679 0

ABS:   003 |  0.000109900 -0.000200000 -0.000072000  0.000000000  0.000679000  0.000000000 |          6.7 |  0.000026209  0.000051304,  0.000005055  0.000580085
DIFF:  003 | -0.000000200  0.000000000  0.000000000  0.000000000  0.000000000  0.000000000 |         -0.0 | -0.000000200 -0.000000000,  0.000000000  0.000000000
MOVE:  003 | -0.000000100 -0.000000000  0.000000000  0.000000000 -0.000000000  0.000000000 |         -0.0 | -0.000000100 -0.000000000,  0.000000000  0.000000000
CONST: 003 | 6 0.0001099 -0.0002 -7.2e-05 0 0.000679 0

ABS:   004 |  0.000111000 -0.000200000 -0.000072000  0.000000000  0.000679000  0.000000000 |          6.7 |  0.000027309  0.000051304,  0.000005054  0.000580085
DIFF:  004 |  0.000001100  0.000000000  0.000000000  0.000000000  0.000000000  0.000000000 |          0.0 |  0.000001100  0.000000000, -0.000000001  0.000000000
MOVE:  004 |  0.000001000 -0.000000000  0.000000000  0.000000000 -0.000000000  0.000000000 |          0.0 |  0.000001000  0.000000000, -0.000000001  0.000000000
CONST: 004 | 6 0.000111 -0.0002 -7.2e-05 0 0.000679 0

ABS:   005 |  0.000109000 -0.000200000 -0.000072000  0.000000000  0.000679000  0.000000000 |          6.7 |  0.000025309  0.000051304,  0.000005055  0.000580085
DIFF:  005 | -0.000002000  0.000000000  0.000000000  0.000000000  0.000000000  0.000000000 |         -0.0 | -0.000002000 -0.000000000,  0.000000001 -0.000000000
MOVE:  005 | -0.000001000 -0.000000000  0.000000000  0.000000000 -0.000000000  0.000000000 |         -0.0 | -0.000001000 -0.000000000,  0.000000001 -0.000000000
CONST: 005 | 6 0.000109 -0.0002 -7.2e-05 0 0.000679 0

ABS:   006 |  0.000110000 -0.000199900 -0.000072000  0.000000000  0.000679000  0.000000000 |          6.7 |  0.000026360  0.000051305,  0.000005052  0.000580079
DIFF:  006 |  0.000001000  0.000000100  0.000000000  0.000000000  0.000000000  0.000000000 |         -0.0 |  0.000001051  0.000000000, -0.000000003 -0.000000007
MOVE:  006 | -0.000000000  0.000000100  0.000000000  0.000000000 -0.000000000  0.000000000 |         -0.0 |  0.000000051  0.000000000, -0.000000003 -0.000000007
CONST: 006 | 6 0.00011 -0.0001999 -7.2e-05 0 0.000679 0

ABS:   007 |  0.000110000 -0.000200100 -0.000072000  0.000000000  0.000679000  0.000000000 |          6.7 |  0.000026258  0.000051304,  0.000005057  0.000580092
DIFF:  007 |  0.000000000 -0.000000200  0.000000000  0.000000000  0.000000000  0.000000000 |          0.0 | -0.000000102 -0.000000001,  0.000000005  0.000000013
MOVE:  007 | -0.000000000 -0.000000100  0.000000000  0.000000000 -0.000000000  0.000000000 |          0.0 | -0.000000051 -0.000000000,  0.000000003  0.000000007
CONST: 007 | 6 0.00011 -0.0002001 -7.2e-05 0 0.000679 0

ABS:   008 |  0.000110000 -0.000199660 -0.000072000  0.000000000  0.000679000  0.000000000 |          6.7 |  0.000026482  0.000051306,  0.000005046  0.000580063
DIFF:  008 |  0.000000000  0.000000440  0.000000000  0.000000000  0.000000000  0.000000000 |         -0.0 |  0.000000225  0.000000002, -0.000000012 -0.000000029
MOVE:  008 | -0.000000000  0.000000340  0.000000000  0.000000000 -0.000000000  0.000000000 |         -0.0 |  0.000000174  0.000000001, -0.000000009 -0.000000022
CONST: 008 | 6 0.00011 -0.00019966 -7.2e-05 0 0.000679 0

ABS:   009 |  0.000110000 -0.000200340 -0.000072000  0.000000000  0.000679000  0.000000000 |          6.7 |  0.000026135  0.000051303,  0.000005064  0.000580108
DIFF:  009 |  0.000000000 -0.000000680  0.000000000  0.000000000  0.000000000  0.000000000 |          0.0 | -0.000000347 -0.000000003,  0.000000018  0.000000045
MOVE:  009 | -0.000000000 -0.000000340  0.000000000  0.000000000 -0.000000000  0.000000000 |          0.0 | -0.000000174 -0.000000001,  0.000000009  0.000000023
CONST: 009 | 6 0.00011 -0.00020034 -7.2e-05 0 0.000679 0

ABS:   010 |  0.000110000 -0.000200000 -0.000066998  0.000000000  0.000679000  0.000000000 |          6.7 |  0.000026305  0.000051304,  0.000002011  0.000578739
DIFF:  010 |  0.000000000  0.000000340  0.000005002  0.000000000  0.000000000  0.000000000 |         -0.0 |  0.000000170  0.000000001, -0.000003053 -0.000001368
MOVE:  010 | -0.000000000 -0.000000000  0.000005002  0.000000000 -0.000000000  0.000000000 |         -0.0 | -0.000000003  0.000000000, -0.000003044 -0.000001346
CONST: 010 | 6 0.00011 -0.0002 -6.69979e-05 0 0.000679 0

ABS:   011 |  0.000110000 -0.000200000 -0.000077002  0.000000000  0.000679000  0.000000000 |          6.8 |  0.000026312  0.000051304,  0.000004185  0.000581475
DIFF:  011 |  0.000000000  0.000000000 -0.000010004  0.000000000  0.000000000  0.000000000 |          0.1 |  0.000000007 -0.000000000,  0.000002175  0.000002736
MOVE:  011 | -0.000000000 -0.000000000 -0.000005002  0.000000000 -0.000000000  0.000000000 |          0.0 |  0.000000003 -0.000000000, -0.000000870  0.000001390
CONST: 011 | 6 0.00011 -0.0002 -7.70021e-05 0 0.000679 0

ABS:   012 |  0.000110000 -0.000200000 -0.000071500  0.000000000  0.000679000  0.000000000 |          6.7 |  0.000026308  0.000051304,  0.000004555  0.000580085
DIFF:  012 |  0.000000000  0.000000000  0.000005502  0.000000000  0.000000000  0.000000000 |         -0.0 | -0.000000004  0.000000000,  0.000000369 -0.000001390
MOVE:  012 | -0.000000000 -0.000000000  0.000000500  0.000000000 -0.000000000  0.000000000 |         -0.0 | -0.000000000 -0.000000000, -0.000000500 -0.000000000
CONST: 012 | 6 0.00011 -0.0002 -7.14998e-05 0 0.000679 0

ABS:   013 |  0.000110000 -0.000200000 -0.000072500  0.000000000  0.000679000  0.000000000 |          6.7 |  0.000026309  0.000051304,  0.000005555  0.000580085
DIFF:  013 |  0.000000000  0.000000000 -0.000001000  0.000000000  0.000000000  0.000000000 |          0.0 |  0.000000001  0.000000000,  0.000001000  0.000000000
MOVE:  013 | -0.000000000 -0.000000000 -0.000000500  0.000000000 -0.000000000  0.000000000 |          0.0 |  0.000000000  0.000000000,  0.000000500  0.000000000
CONST: 013 | 6 0.00011 -0.0002 -7.25002e-05 0 0.000679 0

ABS:   014 |  0.000110000 -0.000200000 -0.000071696  0.000000000  0.000679000  0.000000000 |          6.7 |  0.000026309  0.000051304,  0.000004751  0.000580085
DIFF:  014 |  0.000000000  0.000000000  0.000000804  0.000000000  0.000000000  0.000000000 |         -0.0 | -0.000000001 -0.000000000, -0.000000804 -0.000000000
MOVE:  014 | -0.000000000 -0.000000000  0.000000304  0.000000000 -0.000000000  0.000000000 |         -0.0 | -0.000000000 -0.000000000, -0.000000304  0.000000000
CONST: 014 | 6 0.00011 -0.0002 -7.16964e-05 0 0.000679 0

ABS:   015 |  0.000110000 -0.000200000 -0.000072304  0.000000000  0.000679000  0.000000000 |          6.7 |  0.000026309  0.000051304,  0.000005358  0.000580085
DIFF:  015 |  0.000000000  0.000000000 -0.000000607  0.000000000  0.000000000  0.000000000 |          0.0 |  0.000000000  0.000000000,  0.000000607  0.000000000
MOVE:  015 | -0.000000000 -0.000000000 -0.000000304  0.000000000 -0.000000000  0.000000000 |          0.0 |  0.000000000 -0.000000000,  0.000000304  0.000000000
CONST: 015 | 6 0.00011 -0.0002 -7.23036e-05 0 0.000679 0

ABS:   016 |  0.000110000 -0.000200000 -0.000072000  0.000004000  0.000679000  0.000000000 |          6.7 |  0.000026234  0.000051291,  0.000005008  0.000580084
DIFF:  016 |  0.000000000  0.000000000  0.000000304  0.000004000  0.000000000  0.000000000 |         -0.0 | -0.000000075 -0.000000013, -0.000000350 -0.000000002
MOVE:  016 | -0.000000000 -0.000000000  0.000000000  0.000004000 -0.000000000  0.000000000 |         -0.0 | -0.000000075 -0.000000013, -0.000000047 -0.000000002
CONST: 016 | 6 0.00011 -0.0002 -7.2e-05 4.00004e-06 0.000679 0

ABS:   017 |  0.000110000 -0.000200000 -0.000072000 -0.000004000  0.000679000  0.000000000 |          6.7 |  0.000026384  0.000051317,  0.000005102  0.000580087
DIFF:  017 |  0.000000000  0.000000000  0.000000000 -0.000008000  0.000000000  0.000000000 |          0.0 |  0.000000150  0.000000027,  0.000000094  0.000000004
MOVE:  017 | -0.000000000 -0.000000000  0.000000000 -0.000004000 -0.000000000  0.000000000 |          0.0 |  0.000000075  0.000000013,  0.000000047  0.000000002
CONST: 017 | 6 0.00011 -0.0002 -7.2e-05 -4.00004e-06 0.000679 0

ABS:   018 |  0.000110000 -0.000200000 -0.000072000  0.000016706  0.000679000  0.000000000 |          6.7 |  0.000025996  0.000051248,  0.000004859  0.000580078
DIFF:  018 |  0.000000000  0.000000000  0.000000000  0.000020706  0.000000000  0.000000000 |         -0.0 | -0.000000387 -0.000000069, -0.000000242 -0.000000009
MOVE:  018 | -0.000000000 -0.000000000  0.000000000  0.000016706 -0.000000000  0.000000000 |         -0.0 | -0.000000312 -0.000000056, -0.000000196 -0.000000007
CONST: 018 | 6 0.00011 -0.0002 -7.2e-05 1.67057e-05 0.000679 0

ABS:   019 |  0.000110000 -0.000200000 -0.000072000 -0.000016706  0.000679000  0.000000000 |          6.7 |  0.000026621  0.000051360,  0.000005250  0.000580093
DIFF:  019 |  0.000000000  0.000000000  0.000000000 -0.000033411  0.000000000  0.000000000 |          0.0 |  0.000000625  0.000000111,  0.000000391  0.000000015
MOVE:  019 | -0.000000000 -0.000000000  0.000000000 -0.000016706 -0.000000000  0.000000000 |          0.0 |  0.000000312  0.000000056,  0.000000196  0.000000008
CONST: 019 | 6 0.00011 -0.0002 -7.2e-05 -1.67057e-05 0.000679 0

ABS:   020 |  0.000110000 -0.000200000 -0.000072000  0.000000000  0.000689001  0.000000000 |          6.7 |  0.000026674  0.000051366,  0.000005026  0.000580091
DIFF:  020 |  0.000000000  0.000000000  0.000000000  0.000016706  0.000010001  0.000000000 |         -0.0 |  0.000000053  0.000000007, -0.000000224 -0.000000002
MOVE:  020 | -0.000000000 -0.000000000  0.000000000  0.000000000  0.000010001  0.000000000 |          0.0 |  0.000000366  0.000000062, -0.000000029  0.000000006
CONST: 020 | 6 0.00011 -0.0002 -7.2e-05 0 0.000689001 0

ABS:   021 |  0.000110000 -0.000200000 -0.000072000  0.000000000  0.000668999  0.000000000 |          6.7 |  0.000025943  0.000051242,  0.000005084  0.000580080
DIFF:  021 |  0.000000000  0.000000000  0.000000000  0.000000000 -0.000020001  0.000000000 |         -0.0 | -0.000000731 -0.000000124,  0.000000058 -0.000000012
MOVE:  021 | -0.000000000 -0.000000000  0.000000000  0.000000000 -0.000010001  0.000000000 |         -0.0 | -0.000000366 -0.000000062,  0.000000029 -0.000000006
CONST: 021 | 6 0.00011 -0.0002 -7.2e-05 0 0.000668999 0

ABS:   022 |  0.000110000 -0.000200000 -0.000072000  0.000000000  0.000707948  0.000000000 |          6.7 |  0.000027367  0.000051484,  0.000004971  0.000580102
DIFF:  022 |  0.000000000  0.000000000  0.000000000  0.000000000  0.000038948  0.000000000 |          0.0 |  0.000001424  0.000000242, -0.000000112  0.000000023
MOVE:  022 | -0.000000000 -0.000000000  0.000000000  0.000000000  0.000028948  0.000000000 |          0.0 |  0.000001058  0.000000180, -0.000000083  0.000000017
CONST: 022 | 6 0.00011 -0.0002 -7.2e-05 0 0.000707948 0

ABS:   023 |  0.000110000 -0.000200000 -0.000072000  0.000000000  0.000650052  0.000000000 |          6.7 |  0.000025251  0.000051124,  0.000005138  0.000580069
DIFF:  023 |  0.000000000  0.000000000  0.000000000  0.000000000 -0.000057895  0.000000000 |         -0.0 | -0.000002116 -0.000000360,  0.000000167 -0.000000033
MOVE:  023 | -0.000000000 -0.000000000  0.000000000  0.000000000 -0.000028948  0.000000000 |         -0.0 | -0.000001058 -0.000000180,  0.000000083 -0.000000017
CONST: 023 | 6 0.00011 -0.0002 -7.2e-05 0 0.000650052 0

ABS:   024 |  0.000110000 -0.000200000 -0.000072000  0.000000000  0.000679000  0.000002000 |          6.7 |  0.000026299  0.000051304,  0.000005050  0.000580086
DIFF:  024 |  0.000000000  0.000000000  0.000000000  0.000000000  0.000028948  0.000002000 |          0.0 |  0.000001048  0.000000180, -0.000000088  0.000000017
MOVE:  024 | -0.000000000 -0.000000000  0.000000000  0.000000000 -0.000000000  0.000002000 |          0.0 | -0.000000010 -0.000000000, -0.000000005  0.000000001
CONST: 024 | 6 0.00011 -0.0002 -7.2e-05 0 0.000679 2.00001e-06

ABS:   025 |  0.000110000 -0.000200000 -0.000072000  0.000000000  0.000679000 -0.000002000 |          6.7 |  0.000026318  0.000051304,  0.000005059  0.000580085
DIFF:  025 |  0.000000000  0.000000000  0.000000000  0.000000000  0.000000000 -0.000004000 |         -0.0 |  0.000000019  0.000000000,  0.000000009 -0.000000001
MOVE:  025 | -0.000000000 -0.000000000  0.000000000  0.000000000 -0.000000000 -0.000002000 |         -0.0 |  0.000000010  0.000000000,  0.000000005 -0.000000001
CONST: 025 | 6 0.00011 -0.0002 -7.2e-05 0 0.000679 -2.00001e-06

ABS:   026 |  0.000110000 -0.000200000 -0.000072000  0.000000000  0.000679000  0.000020000 |          6.7 |  0.000026212  0.000051303,  0.000005009  0.000580092
DIFF:  026 |  0.000000000  0.000000000  0.000000000  0.000000000  0.000000000  0.000022000 |          0.0 | -0.000000107 -0.000000001, -0.000000051  0.000000007
MOVE:  026 | -0.000000000 -0.000000000  0.000000000  0.000000000 -0.000000000  0.000020000 |          0.0 | -0.000000097 -0.000000001, -0.000000046  0.000000006
CONST: 026 | 6 0.00011 -0.0002 -7.2e-05 0 0.000679 2.00001e-05

ABS:   027 |  0.000110000 -0.000200000 -0.000072000  0.000000000  0.000679000 -0.000020000 |          6.7 |  0.000026406  0.000051305,  0.000005101  0.000580079
DIFF:  027 |  0.000000000  0.000000000  0.000000000  0.000000000  0.000000000 -0.000040000 |         -0.0 |  0.000000194  0.000000003,  0.000000093 -0.000000013
MOVE:  027 | -0.000000000 -0.000000000  0.000000000  0.000000000 -0.000000000 -0.000020000 |         -0.0 |  0.000000097  0.000000001,  0.000000046 -0.000000006
CONST: 027 | 6 0.00011 -0.0002 -7.2e-05 0 0.000679 -2.00001e-05

ABS:   028 |  0.000083753 -0.000152840 -0.000066944  0.001083435 -0.002921668 -0.006599189 |          6.8 | -0.000002288  0.000051435, -0.000001574  0.000580075
DIFF:  028 | -0.000026247  0.000047160  0.000005056  0.001083435 -0.003600668 -0.006579189 |          0.1 | -0.000028694  0.000000129, -0.000006675 -0.000000004
MOVE:  028 | -0.000026247  0.000047160  0.000005056  0.001083435 -0.003600668 -0.006599189 |          0.1 | -0.000028597  0.000000131, -0.000006629 -0.000000010
CONST: 028 | 6 8.37526e-05 -0.00015284 -6.69442e-05 0.00108344 -0.00292167 -0.00659919

ABS:   029 |  0.000100014 -0.000182053 -0.000070077  0.000412205 -0.000691836 -0.002516847 |          6.7 |  0.000037943  0.000065235,  0.000013546  0.000578216
DIFF:  029 |  0.000016261 -0.000029213 -0.000003132 -0.000671231  0.002229832  0.004082342 |         -0.1 |  0.000040231  0.000013800,  0.000015120 -0.000001859
MOVE:  029 | -0.000009986  0.000017947  0.000001923  0.000412205 -0.001370836 -0.002516847 |         -0.0 |  0.000011634  0.000013931,  0.000008491 -0.000001870
CONST: 029 | 6 0.000100014 -0.000182053 -7.00766e-05 0.000412205 -0.000691836 -0.00251685

ABS:   030 |  0.000101334 -0.000184426 -0.000070331  0.000357701 -0.000510610 -0.002184277 |          6.8 |  0.000043632  0.000065196,  0.000013143  0.000581302
DIFF:  030 |  0.000001320 -0.000002373 -0.000000254 -0.000054504  0.000181226  0.000332570 |          0.1 |  0.000005689 -0.000000039, -0.000000402  0.000003087
MOVE:  030 | -0.000008666  0.000015574  0.000001669  0.000357701 -0.001189610 -0.002184277 |          0.1 |  0.000017323  0.000013892,  0.000008088  0.000001217
CONST: 030 | 6 0.000101334 -0.000184426 -7.03309e-05 0.000357701 -0.00051061 -0.00218428

ABS:   031 |  0.000101261 -0.000182053 -0.000070077  0.000412205 -0.000691836 -0.002516847 |          6.7 |  0.000039192  0.000065234,  0.000013546  0.000578215
DIFF:  031 | -0.000000073  0.000002373  0.000000254  0.000054504 -0.000181226 -0.000332570 |         -0.1 | -0.000004440  0.000000039,  0.000000403 -0.000003087
MOVE:  031 | -0.000008739  0.000017947  0.000001923  0.000412205 -0.001370836 -0.002516847 |         -0.0 |  0.000012883  0.000013930,  0.000008492 -0.000001870
CONST: 031 | 6 0.000101261 -0.000182053 -7.00766e-05 0.000412205 -0.000691836 -0.00251685

ABS:   032 |  0.000098766 -0.000182053 -0.000070077  0.000412205 -0.000691836 -0.002516847 |          6.7 |  0.000036694  0.000065235,  0.000013545  0.000578216
DIFF:  032 | -0.000002496  0.000000000  0.000000000  0.000000000  0.000000000  0.000000000 |         -0.0 | -0.000002498  0.000000001, -0.000000002  0.000000000
MOVE:  032 | -0.000011234  0.000017947  0.000001923  0.000412205 -0.001370836 -0.002516847 |         -0.0 |  0.000010385  0.000013931,  0.000008490 -0.000001870
CONST: 032 | 6 9.87657e-05 -0.000182053 -7.00766e-05 0.000412205 -0.000691836 -0.00251685

ABS:   033 |  0.000100895 -0.000182053 -0.000070077  0.000412205 -0.000691836 -0.002516847 |          6.7 |  0.000038825  0.000065235,  0.000013546  0.000578215
DIFF:  033 |  0.000002129  0.000000000  0.000000000  0.000000000  0.000000000  0.000000000 |          0.0 |  0.000002131 -0.000000001,  0.000000001 -0.000000000
MOVE:  033 | -0.000009105  0.000017947  0.000001923  0.000412205 -0.001370836 -0.002516847 |         -0.0 |  0.000012517  0.000013930,  0.000008491 -0.000001870
CONST: 033 | 6 0.000100895 -0.000182053 -7.00766e-05 0.000412205 -0.000691836 -0.00251685

ABS:   034 |  0.000099132 -0.000182053 -0.000070077  0.000412205 -0.000691836 -0.002516847 |          6.7 |  0.000037061  0.000065235,  0.000013545  0.000578216
DIFF:  034 | -0.000001763  0.000000000  0.000000000  0.000000000  0.000000000  0.000000000 |         -0.0 | -0.000001764  0.000000001, -0.000000001  0.000000000
MOVE:  034 | -0.000010868  0.000017947  0.000001923  0.000412205 -0.001370836 -0.002516847 |         -0.0 |  0.000010752  0.000013931,  0.000008490 -0.000001870
CONST: 034 | 6 9.91321e-05 -0.000182053 -7.00766e-05 0.000412205 -0.000691836 -0.00251685

ABS:   035 |  0.000100014 -0.000181714 -0.000070077  0.000412205 -0.000691836 -0.002516847 |          6.7 |  0.000038052  0.000065182,  0.000013538  0.000578191
DIFF:  035 |  0.000000882  0.000000339  0.000000000  0.000000000  0.000000000  0.000000000 |         -0.0 |  0.000000991 -0.000000053, -0.000000007 -0.000000024
MOVE:  035 | -0.000009986  0.000018286  0.000001923  0.000412205 -0.001370836 -0.002516847 |         -0.0 |  0.000011743  0.000013878,  0.000008483 -0.000001894
CONST: 035 | 6 0.000100014 -0.000181714 -7.00766e-05 0.000412205 -0.000691836 -0.00251685

ABS:   036 |  0.000100014 -0.000182392 -0.000070077  0.000412205 -0.000691836 -0.002516847 |          6.7 |  0.000037834  0.000065288,  0.000013553  0.000578240
DIFF:  036 |  0.000000000 -0.000000679  0.000000000  0.000000000  0.000000000  0.000000000 |          0.0 | -0.000000218  0.000000105,  0.000000015  0.000000049
MOVE:  036 | -0.000009986  0.000017608  0.000001923  0.000412205 -0.001370836 -0.002516847 |         -0.0 |  0.000011525  0.000013983,  0.000008498 -0.000001845
CONST: 036 | 6 0.000100014 -0.000182392 -7.00766e-05 0.000412205 -0.000691836 -0.00251685

ABS:   037 |  0.000100014 -0.000182053 -0.000069773  0.000412205 -0.000691836 -0.002516847 |          6.7 |  0.000037943  0.000065235,  0.000013242  0.000578216
DIFF:  037 |  0.000000000  0.000000339  0.000000303  0.000000000  0.000000000  0.000000000 |         -0.0 |  0.000000109 -0.000000053, -0.000000311 -0.000000024
MOVE:  037 | -0.000009986  0.000017947  0.000002227  0.000412205 -0.001370836 -0.002516847 |         -0.0 |  0.000011635  0.000013931,  0.000008188 -0.000001870
CONST: 037 | 6 0.000100014 -0.000182053 -6.97733e-05 0.000412205 -0.000691836 -0.00251685

ABS:   038 |  0.000100014 -0.000182053 -0.000070380  0.000412205 -0.000691836 -0.002516847 |          6.7 |  0.000037943  0.000065235,  0.000013849  0.000578216
DIFF:  038 |  0.000000000  0.000000000 -0.000000606  0.000000000  0.000000000  0.000000000 |          0.0 | -0.000000001  0.000000000,  0.000000606  0.000000000
MOVE:  038 | -0.000009986  0.000017947  0.000001620  0.000412205 -0.001370836 -0.002516847 |         -0.0 |  0.000011634  0.000013931,  0.000008794 -0.000001870
CONST: 038 | 6 0.000100014 -0.000182053 -7.03798e-05 0.000412205 -0.000691836 -0.00251685

ABS:   039 |  0.000100014 -0.000182053 -0.000070077  0.000428890 -0.000691836 -0.002516847 |          6.7 |  0.000037768  0.000065334,  0.000013351  0.000578205
DIFF:  039 |  0.000000000  0.000000000  0.000000303  0.000016685  0.000000000  0.000000000 |         -0.0 | -0.000000175  0.000000099, -0.000000498 -0.000000010
MOVE:  039 | -0.000009986  0.000017947  0.000001923  0.000428890 -0.001370836 -0.002516847 |         -0.0 |  0.000011459  0.000014030,  0.000008296 -0.000001880
CONST: 039 | 6 0.000100014 -0.000182053 -7.00766e-05 0.00042889 -0.000691836 -0.00251685

ABS:   040 |  0.000100014 -0.000182053 -0.000070077  0.000395520 -0.000691836 -0.002516847 |          6.7 |  0.000038118  0.000065137,  0.000013740  0.000578226
DIFF:  040 |  0.000000000  0.000000000  0.000000000 -0.000033370  0.000000000  0.000000000 |          0.0 |  0.000000351 -0.000000197,  0.000000389  0.000000021
MOVE:  040 | -0.000009986  0.000017947  0.000001923  0.000395520 -0.001370836 -0.002516847 |         -0.0 |  0.000011810  0.000013832,  0.000008685 -0.000001859
CONST: 040 | 6 0.000100014 -0.000182053 -7.00766e-05 0.00039552 -0.000691836 -0.00251685

ABS:   041 |  0.000100014 -0.000182053 -0.000070077  0.000412205 -0.000662934 -0.002516847 |          6.7 |  0.000038895  0.000065194,  0.000013463  0.000578231
DIFF:  041 |  0.000000000  0.000000000  0.000000000  0.000016685  0.000028902  0.000000000 |          0.0 |  0.000000776  0.000000057, -0.000000277  0.000000005
MOVE:  041 | -0.000009986  0.000017947  0.000001923  0.000412205 -0.001341934 -0.002516847 |         -0.0 |  0.000012586  0.000013889,  0.000008408 -0.000001854
CONST: 041 | 6 0.000100014 -0.000182053 -7.00766e-05 0.000412205 -0.000662934 -0.00251685

ABS:   042 |  0.000100014 -0.000182053 -0.000070077  0.000412205 -0.000720737 -0.002516847 |          6.7 |  0.000036991  0.000065277,  0.000013628  0.000578200
DIFF:  042 |  0.000000000  0.000000000  0.000000000  0.000000000 -0.000057803  0.000000000 |         -0.0 | -0.000001904  0.000000083,  0.000000165 -0.000000031
MOVE:  042 | -0.000009986  0.000017947  0.000001923  0.000412205 -0.001399737 -0.002516847 |         -0.0 |  0.000010682  0.000013973,  0.000008573 -0.000001886
CONST: 042 | 6 0.000100014 -0.000182053 -7.00766e-05 0.000412205 -0.000720737 -0.00251685

ABS:   043 |  0.000100014 -0.000182053 -0.000070077  0.000412205 -0.000691836 -0.002456397 |          6.7 |  0.000037687  0.000065264,  0.000013404  0.000578236
DIFF:  043 |  0.000000000  0.000000000  0.000000000  0.000000000  0.000028901  0.000060450 |          0.0 |  0.000000696 -0.000000013, -0.000000224  0.000000036
MOVE:  043 | -0.000009986  0.000017947  0.000001923  0.000412205 -0.001370836 -0.002456397 |         -0.0 |  0.000011378  0.000013960,  0.000008349 -0.000001849
CONST: 043 | 6 0.000100014 -0.000182053 -7.00766e-05 0.000412205 -0.000691836 -0.0024564

ABS:   044 |  0.000100014 -0.000182053 -0.000070077  0.000412205 -0.000691836 -0.002577293 |          6.7 |  0.000038199  0.000065206,  0.000013687  0.000578195
DIFF:  044 |  0.000000000  0.000000000  0.000000000  0.000000000  0.000000000 -0.000120897 |         -0.0 |  0.000000512 -0.000000058,  0.000000283 -0.000000041
MOVE:  044 | -0.000009986  0.000017947  0.000001923  0.000412205 -0.001370836 -0.002577293 |         -0.0 |  0.000011890  0.000013902,  0.000008632 -0.000001890
CONST: 044 | 6 0.000100014 -0.000182053 -7.00766e-05 0.000412205 -0.000691836 -0.00257729

ABS:   045 |  0.000165025  0.000458307  0.002786204  0.022584220 -0.009205050  0.012308810 |          0.7 |  0.000010022  0.000027600, -0.000247593  0.000553843
DIFF:  045 |  0.000065012  0.000640360  0.002856280  0.022172016 -0.008513214  0.014886103 |         -6.1 | -0.000028177 -0.000037606, -0.000261280 -0.000024352
MOVE:  045 |  0.000055025  0.000658307  0.002858204  0.022584220 -0.009884050  0.012308810 |         -6.1 | -0.000016287 -0.000023704, -0.000252648 -0.000026242
CONST: 045 | 6 0.000165025 0.000458307 0.0027862 0.0225842 -0.00920505 0.0123088

ABS:   046 |  0.000103265 -0.000147046  0.001350847  0.001562975 -0.001120548 -0.001769813 |          4.4 |  0.000025399  0.000067525, -0.000408679  0.000539586
DIFF:  046 | -0.000061760 -0.000605353 -0.001435357 -0.021021245  0.008084502 -0.014078623 |          3.8 |  0.000015377  0.000039926, -0.000161086 -0.000014257
MOVE:  046 | -0.000006735  0.000052954  0.001422847  0.001562975 -0.001799548 -0.001769813 |         -2.3 | -0.000000910  0.000016221, -0.000413734 -0.000040499
CONST: 046 | 6 0.000103265 -0.000147046 0.00135085 0.00156298 -0.00112055 -0.00176981

ABS:   047 |  0.000100176 -0.000180302  0.000001211  0.000469753 -0.000713274 -0.002479507 |          6.6 |  0.000037262  0.000065348, -0.000025292  0.000574304
DIFF:  047 | -0.000003089 -0.000033256 -0.001349636 -0.001093222  0.000407274 -0.000709694 |          2.2 |  0.000011863 -0.000002178,  0.000383387  0.000034717
MOVE:  047 | -0.000009824  0.000019698  0.000073211  0.000469753 -0.001392274 -0.002479507 |         -0.1 |  0.000010953  0.000014044, -0.000030347 -0.000005782
CONST: 047 | 6 0.000100176 -0.000180302 1.21121e-06 0.000469753 -0.000713274 -0.00247951

ABS:   048 |  0.000101051 -0.000180302  0.000001211  0.000469753 -0.000713274 -0.002479507 |          6.6 |  0.000038137  0.000065347, -0.000025291  0.000574304
DIFF:  048 |  0.000000875  0.000000000  0.000000000  0.000000000  0.000000000  0.000000000 |          0.0 |  0.000000876 -0.000000000,  0.000000001 -0.000000000
MOVE:  048 | -0.000008949  0.000019698  0.000073211  0.000469753 -0.001392274 -0.002479507 |         -0.1 |  0.000011828  0.000014043, -0.000030346 -0.000005782
CONST: 048 | 6 0.000101051 -0.000180302 1.21121e-06 0.000469753 -0.000713274 -0.00247951

ABS:   049 |  0.000099301 -0.000180302  0.000001211  0.000469753 -0.000713274 -0.002479507 |          6.6 |  0.000036386  0.000065348, -0.000025293  0.000574304
DIFF:  049 | -0.000001750  0.000000000  0.000000000  0.000000000  0.000000000  0.000000000 |         -0.0 | -0.000001751  0.000000001, -0.000000001  0.000000000
MOVE:  049 | -0.000010699  0.000019698  0.000073211  0.000469753 -0.001392274 -0.002479507 |         -0.1 |  0.000010077  0.000014044, -0.000030347 -0.000005781
CONST: 049 | 6 9.93013e-05 -0.000180302 1.21121e-06 0.000469753 -0.000713274 -0.00247951

ABS:   050 |  0.000100176 -0.000179967  0.000001211  0.000469753 -0.000713274 -0.002479507 |          6.6 |  0.000037369  0.000065296, -0.000025303  0.000574285
DIFF:  050 |  0.000000875  0.000000334  0.000000000  0.000000000  0.000000000  0.000000000 |         -0.0 |  0.000000983 -0.000000052, -0.000000010 -0.000000019
MOVE:  050 | -0.000009824  0.000020033  0.000073211  0.000469753 -0.001392274 -0.002479507 |         -0.1 |  0.000011061  0.000013992, -0.000030358 -0.000005800
CONST: 050 | 6 0.000100176 -0.000179967 1.21121e-06 0.000469753 -0.000713274 -0.00247951

ABS:   051 |  0.000100176 -0.000180636  0.000001211  0.000469753 -0.000713274 -0.002479507 |          6.6 |  0.000037154  0.000065400, -0.000025281  0.000574323
DIFF:  051 |  0.000000000 -0.000000669  0.000000000  0.000000000  0.000000000  0.000000000 |          0.0 | -0.000000215  0.000000104,  0.000000022  0.000000037
MOVE:  051 | -0.000009824  0.000019364  0.000073211  0.000469753 -0.001392274 -0.002479507 |         -0.1 |  0.000010845  0.000014096, -0.000030336 -0.000005763
CONST: 051 | 6 0.000100176 -0.000180636 1.21121e-06 0.000469753 -0.000713274 -0.00247951

ABS:   052 |  0.000100176 -0.000180302  0.000001512  0.000469753 -0.000713274 -0.002479507 |          6.6 |  0.000037262  0.000065348, -0.000025593  0.000574304
DIFF:  052 |  0.000000000  0.000000334  0.000000301  0.000000000  0.000000000  0.000000000 |         -0.0 |  0.000000108 -0.000000052, -0.000000312 -0.000000019
MOVE:  052 | -0.000009824  0.000019698  0.000073512  0.000469753 -0.001392274 -0.002479507 |         -0.1 |  0.000010953  0.000014044, -0.000030647 -0.000005782
CONST: 052 | 6 0.000100176 -0.000180302 1.51187e-06 0.000469753 -0.000713274 -0.00247951

ABS:   053 |  0.000100176 -0.000180302  0.000000911  0.000469753 -0.000713274 -0.002479507 |          6.6 |  0.000037261  0.000065348, -0.000024991  0.000574304
DIFF:  053 |  0.000000000  0.000000000 -0.000000601  0.000000000  0.000000000  0.000000000 |         -0.0 | -0.000000001  0.000000000,  0.000000601  0.000000000
MOVE:  053 | -0.000009824  0.000019698  0.000072911  0.000469753 -0.001392274 -0.002479507 |         -0.1 |  0.000010953  0.000014044, -0.000030046 -0.000005782
CONST: 053 | 6 0.000100176 -0.000180302 9.10546e-07 0.000469753 -0.000713274 -0.00247951

ABS:   054 |  0.000100176 -0.000180302  0.000001211  0.000486205 -0.000713274 -0.002479507 |          6.6 |  0.000037089  0.000065445, -0.000025485  0.000574301
DIFF:  054 |  0.000000000  0.000000000  0.000000301  0.000016451  0.000000000  0.000000000 |          0.0 | -0.000000172  0.000000097, -0.000000494 -0.000000003
MOVE:  054 | -0.000009824  0.000019698  0.000073211  0.000486205 -0.001392274 -0.002479507 |         -0.1 |  0.000010780  0.000014141, -0.000030540 -0.000005784
CONST: 054 | 6 0.000100176 -0.000180302 1.21121e-06 0.000486205 -0.000713274 -0.00247951

ABS:   055 |  0.000100176 -0.000180302  0.000001211  0.000453302 -0.000713274 -0.002479507 |          6.6 |  0.000037434  0.000065251, -0.000025099  0.000574307
DIFF:  055 |  0.000000000  0.000000000  0.000000000 -0.000032903  0.000000000  0.000000000 |         -0.0 |  0.000000345 -0.000000195,  0.000000386  0.000000006
MOVE:  055 | -0.000009824  0.000019698  0.000073211  0.000453302 -0.001392274 -0.002479507 |         -0.1 |  0.000011125  0.000013947, -0.000030154 -0.000005779
CONST: 055 | 6 0.000100176 -0.000180302 1.21121e-06 0.000453302 -0.000713274 -0.00247951

ABS:   056 |  0.000100176 -0.000180302  0.000001211  0.000469753 -0.000689647 -0.002479507 |          6.6 |  0.000038038  0.000065313, -0.000025359  0.000574317
DIFF:  056 |  0.000000000  0.000000000  0.000000000  0.000016451  0.000023627  0.000000000 |          0.0 |  0.000000604  0.000000063, -0.000000260  0.000000011
MOVE:  056 | -0.000009824  0.000019698  0.000073211  0.000469753 -0.001368647 -0.002479507 |         -0.1 |  0.000011729  0.000014009, -0.000030413 -0.000005768
CONST: 056 | 6 0.000100176 -0.000180302 1.21121e-06 0.000469753 -0.000689647 -0.00247951

ABS:   057 |  0.000100176 -0.000180302  0.000001211  0.000469753 -0.000736901 -0.002479507 |          6.6 |  0.000036485  0.000065383, -0.000025225  0.000574290
DIFF:  057 |  0.000000000  0.000000000  0.000000000  0.000000000 -0.000047254  0.000000000 |         -0.0 | -0.000001553  0.000000070,  0.000000133 -0.000000027
MOVE:  057 | -0.000009824  0.000019698  0.000073211  0.000469753 -0.001415901 -0.002479507 |         -0.1 |  0.000010176  0.000014079, -0.000030280 -0.000005795
CONST: 057 | 6 0.000100176 -0.000180302 1.21121e-06 0.000469753 -0.000736901 -0.00247951

ABS:   058 |  0.000100176 -0.000180302  0.000001211  0.000469753 -0.000713274 -0.002420890 |          6.6 |  0.000037013  0.000065376, -0.000025429  0.000574321
DIFF:  058 |  0.000000000  0.000000000  0.000000000  0.000000000  0.000023627  0.000058617 |          0.0 |  0.000000528 -0.000000007, -0.000000204  0.000000030
MOVE:  058 | -0.000009824  0.000019698  0.000073211  0.000469753 -0.001392274 -0.002420890 |         -0.1 |  0.000010705  0.000014072, -0.000030484 -0.000005765
CONST: 058 | 6 0.000100176 -0.000180302 1.21121e-06 0.000469753 -0.000713274 -0.00242089

ABS:   059 |  0.000100176 -0.000180302  0.000001211  0.000469753 -0.000713274 -0.002538121 |          6.6 |  0.000037510  0.000065320, -0.000025155  0.000574287
DIFF:  059 |  0.000000000  0.000000000  0.000000000  0.000000000  0.000000000 -0.000117231 |         -0.0 |  0.000000497 -0.000000056,  0.000000274 -0.000000034
MOVE:  059 | -0.000009824  0.000019698  0.000073211  0.000469753 -0.001392274 -0.002538121 |         -0.1 |  0.000011201  0.000014015, -0.000030210 -0.000005798
CONST: 059 | 6 0.000100176 -0.000180302 1.21121e-06 0.000469753 -0.000713274 -0.00253812

ABS:   060 |  0.000120152  0.000403112 -0.000378678  0.009805766 -0.012559886  0.009608607 |          7.1 | -0.000063428  0.000022381,  0.000028215  0.000599126
DIFF:  060 |  0.000019975  0.000583413 -0.000379890  0.009336012 -0.011846612  0.012146728 |          0.5 | -0.000100938 -0.000042939,  0.000053370  0.000024839
MOVE:  060 |  0.000010152  0.000603112 -0.000306678  0.009805766 -0.013238886  0.009608607 |          0.3 | -0.000089736 -0.000028923,  0.000023160  0.000019040
CONST: 060 | 6 0.000120152 0.000403112 -0.000378678 0.00980577 -0.0125599 0.00960861

ABS:   061 |  0.000107486  0.000046833 -0.000137829  0.003905777 -0.005094323  0.001965099 |          6.8 |  0.000019186  0.000077180, -0.000011073  0.000577662
DIFF:  061 | -0.000012665 -0.000356279  0.000240849 -0.005899989  0.007465563 -0.007643508 |         -0.3 |  0.000082613  0.000054799, -0.000039288 -0.000021464
MOVE:  061 | -0.000002514  0.000246833 -0.000065829  0.003905777 -0.005773323  0.001965099 |          0.0 | -0.000007123  0.000025875, -0.000016128 -0.000002423
CONST: 061 | 6 0.000107486 4.68327e-05 -0.000137829 0.00390578 -0.00509432 0.0019651

ABS:   062 |  0.000102928 -0.000094016 -0.000051136  0.001764525 -0.002365789 -0.000806559 |          6.8 | -0.000007416  0.000065781, -0.000008467  0.000578328
DIFF:  062 | -0.000004558 -0.000140848  0.000086693 -0.002141252  0.002728534 -0.002771658 |          0.0 | -0.000026601 -0.000011398,  0.000002605  0.000000666
MOVE:  062 | -0.000007072  0.000105984  0.000020864  0.001764525 -0.003044789 -0.000806559 |          0.0 | -0.000033724  0.000014477, -0.000013522 -0.000001757
CONST: 062 | 6 0.000102928 -9.40156e-05 -5.11362e-05 0.00176453 -0.00236579 -0.000806559

ABS:   063 |  0.000100907 -0.000157334 -0.000012698  0.000813845 -0.001152577 -0.002035193 |          6.7 |  0.000025431  0.000064887, -0.000015798  0.000578472
DIFF:  063 | -0.000002021 -0.000063319  0.000038439 -0.000950680  0.001213212 -0.001228634 |         -0.0 |  0.000032847 -0.000000894, -0.000007330  0.000000144
MOVE:  063 | -0.000009093  0.000042666  0.000059302  0.000813845 -0.001831577 -0.002035193 |         -0.0 | -0.000000878  0.000013583, -0.000020852 -0.000001613
CONST: 063 | 6 0.000100907 -0.000157334 -1.26975e-05 0.000813845 -0.00115258 -0.00203519

ABS:   064 |  0.000100268 -0.000177408 -0.000000541  0.000513100 -0.000768619 -0.002423548 |          6.7 |  0.000035773  0.000065267, -0.000026033  0.000575404
DIFF:  064 | -0.000000639 -0.000020073  0.000012157 -0.000300746  0.000383957 -0.000388355 |         -0.1 |  0.000010342  0.000000380, -0.000010235 -0.000003068
MOVE:  064 | -0.000009732  0.000022592  0.000071459  0.000513100 -0.001447619 -0.002423548 |         -0.1 |  0.000009464  0.000013963, -0.000031087 -0.000004681
CONST: 064 | 6 0.000100268 -0.000177408 -5.4085e-07 0.0005131 -0.000768619 -0.00242355

ABS:   065 |  0.000100182 -0.000180111  0.000001096  0.000472602 -0.000716911 -0.002475830 |          6.6 |  0.000037164  0.000065342, -0.000025215  0.000574292
DIFF:  065 | -0.000000086 -0.000002704  0.000001637 -0.000040498  0.000051708 -0.000052282 |         -0.0 |  0.000001391  0.000000075,  0.000000818 -0.000001113
MOVE:  065 | -0.000009818  0.000019889  0.000073096  0.000472602 -0.001395911 -0.002475830 |         -0.1 |  0.000010855  0.000014038, -0.000030270 -0.000005794
CONST: 065 | 6 0.000100182 -0.000180111 1.09607e-06 0.000472602 -0.000716911 -0.00247583

ABS:   066 |  0.000101057 -0.000180111  0.000001096  0.000472602 -0.000716911 -0.002475830 |          6.6 |  0.000038039  0.000065342, -0.000025214  0.000574292
DIFF:  066 |  0.000000875  0.000000000  0.000000000  0.000000000  0.000000000  0.000000000 |          0.0 |  0.000000876 -0.000000000,  0.000000001 -0.000000000
MOVE:  066 | -0.000008943  0.000019889  0.000073096  0.000472602 -0.001395911 -0.002475830 |         -0.1 |  0.000011731  0.000014038, -0.000030269 -0.000005794
CONST: 066 | 6 0.000101057 -0.000180111 1.09607e-06 0.000472602 -0.000716911 -0.00247583

