ABS:   itr |       deltaX       deltaY       deltaZ         phiX         phiY         phiZ |        chisq |    rphi mean     rphi rms,       z mean        z rms
ABS:   =========================================================================================================================================================
DIFF:  itr |       deltaX       deltaY       deltaZ         phiX         phiY         phiZ |        chisq |    rphi mean     rphi rms,       z mean        z rms
DIFF:  =========================================================================================================================================================
MOVE:  itr |       deltaX       deltaY       deltaZ         phiX         phiY         phiZ |        chisq |    rphi mean     rphi rms,       z mean        z rms
MOVE:  =========================================================================================================================================================
ABS:   001 |  0.000066000 -0.000091000 -0.000001000  0.000300000 -0.000407000  0.000000000 |         17.9 |  0.000004738  0.000057878,  0.000026189  0.000551311
CONST: 001 | 48 6.6e-05 -9.1e-05 -1e-06 0.0003 -0.000407 0

ABS:   001 |  0.000066000 -0.000091000 -0.000001000  0.000300000 -0.000407000  0.000000000 |         17.9 |  0.000004738  0.000057878,  0.000026189  0.000551311
CONST: 001 | 48 6.6e-05 -9.1e-05 -1e-06 0.0003 -0.000407 0

ABS:   002 |  0.000066100 -0.000091000 -0.000001000  0.000300000 -0.000407000  0.000000000 |         17.9 |  0.000004838  0.000057878,  0.000026189  0.000551311
DIFF:  002 |  0.000000100  0.000000000  0.000000000  0.000000000  0.000000000  0.000000000 |          0.0 |  0.000000100  0.000000000,  0.000000000  0.000000000
MOVE:  002 |  0.000000100  0.000000000  0.000000000  0.000000000  0.000000000  0.000000000 |          0.0 |  0.000000100  0.000000000,  0.000000000  0.000000000
CONST: 002 | 48 6.61e-05 -9.1e-05 -1e-06 0.0003 -0.000407 0

ABS:   003 |  0.000065900 -0.000091000 -0.000001000  0.000300000 -0.000407000  0.000000000 |         17.9 |  0.000004719  0.000057938,  0.000026189  0.000551311
DIFF:  003 | -0.000000200  0.000000000  0.000000000  0.000000000  0.000000000  0.000000000 |          0.0 | -0.000000119  0.000000060, -0.000000000 -0.000000000
MOVE:  003 | -0.000000100  0.000000000  0.000000000  0.000000000  0.000000000  0.000000000 |          0.0 | -0.000000019  0.000000060, -0.000000000 -0.000000000
CONST: 003 | 48 6.59e-05 -9.1e-05 -1e-06 0.0003 -0.000407 0

ABS:   004 |  0.000066010 -0.000091000 -0.000001000  0.000300000 -0.000407000  0.000000000 |         17.9 |  0.000004748  0.000057878,  0.000026189  0.000551311
DIFF:  004 |  0.000000110  0.000000000  0.000000000  0.000000000  0.000000000  0.000000000 |         -0.0 |  0.000000029 -0.000000060,  0.000000000  0.000000000
MOVE:  004 |  0.000000010  0.000000000  0.000000000  0.000000000  0.000000000  0.000000000 |          0.0 |  0.000000010 -0.000000000,  0.000000000 -0.000000000
CONST: 004 | 48 6.601e-05 -9.1e-05 -1e-06 0.0003 -0.000407 0

ABS:   005 |  0.000065990 -0.000091000 -0.000001000  0.000300000 -0.000407000  0.000000000 |         17.9 |  0.000004728  0.000057878,  0.000026189  0.000551311
DIFF:  005 | -0.000000020  0.000000000  0.000000000  0.000000000  0.000000000  0.000000000 |         -0.0 | -0.000000020  0.000000000, -0.000000000 -0.000000000
MOVE:  005 | -0.000000010  0.000000000  0.000000000  0.000000000  0.000000000  0.000000000 |         -0.0 | -0.000000010  0.000000000, -0.000000000 -0.000000000
CONST: 005 | 48 6.599e-05 -9.1e-05 -1e-06 0.0003 -0.000407 0

ABS:   006 |  0.000066073 -0.000091000 -0.000001000  0.000300000 -0.000407000  0.000000000 |         17.9 |  0.000004811  0.000057878,  0.000026189  0.000551311
DIFF:  006 |  0.000000083  0.000000000  0.000000000  0.000000000  0.000000000  0.000000000 |          0.0 |  0.000000083 -0.000000000,  0.000000000  0.000000000
MOVE:  006 |  0.000000073  0.000000000  0.000000000  0.000000000  0.000000000  0.000000000 |          0.0 |  0.000000073 -0.000000000,  0.000000000 -0.000000000
CONST: 006 | 48 6.60731e-05 -9.1e-05 -1e-06 0.0003 -0.000407 0

ABS:   007 |  0.000065927 -0.000091000 -0.000001000  0.000300000 -0.000407000  0.000000000 |         17.9 |  0.000004746  0.000057938,  0.000026189  0.000551311
DIFF:  007 | -0.000000146  0.000000000  0.000000000  0.000000000  0.000000000  0.000000000 |          0.0 | -0.000000065  0.000000060, -0.000000000 -0.000000000
MOVE:  007 | -0.000000073  0.000000000  0.000000000  0.000000000  0.000000000  0.000000000 |          0.0 |  0.000000008  0.000000060, -0.000000000 -0.000000000
CONST: 007 | 48 6.59269e-05 -9.1e-05 -1e-06 0.0003 -0.000407 0

ABS:   008 |  0.000066000 -0.000090900 -0.000001000  0.000300000 -0.000407000  0.000000000 |         17.9 |  0.000004744  0.000057879,  0.000026201  0.000551311
DIFF:  008 |  0.000000073  0.000000100  0.000000000  0.000000000  0.000000000  0.000000000 |         -0.0 | -0.000000002 -0.000000059,  0.000000012  0.000000000
MOVE:  008 | -0.000000000  0.000000100  0.000000000  0.000000000  0.000000000  0.000000000 |          0.0 |  0.000000006  0.000000001,  0.000000012  0.000000000
CONST: 008 | 48 6.6e-05 -9.09e-05 -1e-06 0.0003 -0.000407 0

ABS:   009 |  0.000066000 -0.000091100 -0.000001000  0.000300000 -0.000407000  0.000000000 |         17.9 |  0.000004732  0.000057877,  0.000026178  0.000551310
DIFF:  009 |  0.000000000 -0.000000200  0.000000000  0.000000000  0.000000000  0.000000000 |         -0.0 | -0.000000012 -0.000000002, -0.000000023 -0.000000001
MOVE:  009 | -0.000000000 -0.000000100  0.000000000  0.000000000  0.000000000  0.000000000 |         -0.0 | -0.000000006 -0.000000001, -0.000000012 -0.000000000
CONST: 009 | 48 6.6e-05 -9.11e-05 -1e-06 0.0003 -0.000407 0

ABS:   010 |  0.000066000 -0.000090691 -0.000001000  0.000300000 -0.000407000  0.000000000 |         17.9 |  0.000004757  0.000057882,  0.000026225  0.000551312
DIFF:  010 |  0.000000000  0.000000409  0.000000000  0.000000000  0.000000000  0.000000000 |          0.0 |  0.000000025  0.000000005,  0.000000047  0.000000002
MOVE:  010 | -0.000000000  0.000000309  0.000000000  0.000000000  0.000000000  0.000000000 |          0.0 |  0.000000019  0.000000004,  0.000000036  0.000000001
CONST: 010 | 48 6.6e-05 -9.06906e-05 -1e-06 0.0003 -0.000407 0

ABS:   011 |  0.000066000 -0.000091309 -0.000001000  0.000300000 -0.000407000  0.000000000 |         17.9 |  0.000004800  0.000057935,  0.000026154  0.000551309
DIFF:  011 |  0.000000000 -0.000000619  0.000000000  0.000000000  0.000000000  0.000000000 |          0.0 |  0.000000043  0.000000053, -0.000000071 -0.000000002
MOVE:  011 | -0.000000000 -0.000000309  0.000000000  0.000000000  0.000000000  0.000000000 |          0.0 |  0.000000062  0.000000057, -0.000000036 -0.000000001
CONST: 011 | 48 6.6e-05 -9.13094e-05 -1e-06 0.0003 -0.000407 0

ABS:   012 |  0.000066000 -0.000090969 -0.000001000  0.000300000 -0.000407000  0.000000000 |         17.9 |  0.000004740  0.000057878,  0.000026193  0.000551311
DIFF:  012 |  0.000000000  0.000000340  0.000000000  0.000000000  0.000000000  0.000000000 |         -0.0 | -0.000000060 -0.000000056,  0.000000039  0.000000001
MOVE:  012 | -0.000000000  0.000000031  0.000000000  0.000000000  0.000000000  0.000000000 |          0.0 |  0.000000002  0.000000000,  0.000000004  0.000000000
CONST: 012 | 48 6.6e-05 -9.09691e-05 -1e-06 0.0003 -0.000407 0

ABS:   013 |  0.000066000 -0.000091031 -0.000001000  0.000300000 -0.000407000  0.000000000 |         17.9 |  0.000004736  0.000057878,  0.000026186  0.000551310
DIFF:  013 |  0.000000000 -0.000000062  0.000000000  0.000000000  0.000000000  0.000000000 |         -0.0 | -0.000000004 -0.000000001, -0.000000007 -0.000000000
MOVE:  013 | -0.000000000 -0.000000031  0.000000000  0.000000000  0.000000000  0.000000000 |         -0.0 | -0.000000002 -0.000000000, -0.000000004 -0.000000000
CONST: 013 | 48 6.6e-05 -9.10309e-05 -1e-06 0.0003 -0.000407 0

ABS:   014 |  0.000066000 -0.000091000  0.000004002  0.000300000 -0.000407000  0.000000000 |         18.0 |  0.000004740  0.000057878,  0.000025098  0.000552910
DIFF:  014 |  0.000000000  0.000000031  0.000005002  0.000000000  0.000000000  0.000000000 |          0.1 |  0.000000004  0.000000000, -0.000001088  0.000001599
MOVE:  014 | -0.000000000  0.000000000  0.000005002  0.000000000  0.000000000  0.000000000 |          0.1 |  0.000000002  0.000000000, -0.000001091  0.000001599
CONST: 014 | 48 6.6e-05 -9.1e-05 4.00209e-06 0.0003 -0.000407 0

ABS:   015 |  0.000066000 -0.000091000 -0.000006002  0.000300000 -0.000407000  0.000000000 |         17.9 |  0.000004736  0.000057878,  0.000026429  0.000551538
DIFF:  015 |  0.000000000  0.000000000 -0.000010004  0.000000000  0.000000000  0.000000000 |         -0.1 | -0.000000004 -0.000000000,  0.000001331 -0.000001372
MOVE:  015 | -0.000000000  0.000000000 -0.000005002  0.000000000  0.000000000  0.000000000 |          0.0 | -0.000000002 -0.000000000,  0.000000239  0.000000227
CONST: 015 | 48 6.6e-05 -9.1e-05 -6.00209e-06 0.0003 -0.000407 0

ABS:   016 |  0.000066000 -0.000091000 -0.000000500  0.000300000 -0.000407000  0.000000000 |         17.9 |  0.000004738  0.000057878,  0.000025689  0.000551311
DIFF:  016 |  0.000000000  0.000000000  0.000005502  0.000000000  0.000000000  0.000000000 |         -0.0 |  0.000000002  0.000000000, -0.000000740 -0.000000227
MOVE:  016 | -0.000000000  0.000000000  0.000000500  0.000000000  0.000000000  0.000000000 |         -0.0 |  0.000000000  0.000000000, -0.000000500  0.000000000
CONST: 016 | 48 6.6e-05 -9.1e-05 -4.99791e-07 0.0003 -0.000407 0

ABS:   017 |  0.000066000 -0.000091000 -0.000001500  0.000300000 -0.000407000  0.000000000 |         17.9 |  0.000004738  0.000057878,  0.000026689  0.000551311
DIFF:  017 |  0.000000000  0.000000000 -0.000001000  0.000000000  0.000000000  0.000000000 |          0.0 | -0.000000000 -0.000000000,  0.000001000 -0.000000000
MOVE:  017 | -0.000000000  0.000000000 -0.000000500  0.000000000  0.000000000  0.000000000 |          0.0 | -0.000000000 -0.000000000,  0.000000500 -0.000000000
CONST: 017 | 48 6.6e-05 -9.1e-05 -1.50021e-06 0.0003 -0.000407 0

ABS:   018 |  0.000066000 -0.000091000 -0.000000698  0.000300000 -0.000407000  0.000000000 |         17.9 |  0.000004738  0.000057878,  0.000025887  0.000551311
DIFF:  018 |  0.000000000  0.000000000  0.000000802  0.000000000  0.000000000  0.000000000 |         -0.0 |  0.000000000  0.000000000, -0.000000802  0.000000000
MOVE:  018 | -0.000000000  0.000000000  0.000000302  0.000000000  0.000000000  0.000000000 |         -0.0 |  0.000000000  0.000000000, -0.000000302  0.000000000
CONST: 018 | 48 6.6e-05 -9.1e-05 -6.97995e-07 0.0003 -0.000407 0

ABS:   019 |  0.000066000 -0.000091000 -0.000001302  0.000300000 -0.000407000  0.000000000 |         17.9 |  0.000004738  0.000057878,  0.000026491  0.000551311
DIFF:  019 |  0.000000000  0.000000000 -0.000000604  0.000000000  0.000000000  0.000000000 |          0.0 | -0.000000000 -0.000000000,  0.000000604 -0.000000000
MOVE:  019 | -0.000000000  0.000000000 -0.000000302  0.000000000  0.000000000  0.000000000 |          0.0 | -0.000000000 -0.000000000,  0.000000302 -0.000000000
CONST: 019 | 48 6.6e-05 -9.1e-05 -1.30201e-06 0.0003 -0.000407 0

ABS:   020 |  0.000066000 -0.000091000 -0.000001000  0.000304000 -0.000407000  0.000000000 |         17.9 |  0.000004751  0.000057887,  0.000025856  0.000551306
DIFF:  020 |  0.000000000  0.000000000  0.000000302  0.000004000  0.000000000  0.000000000 |         -0.0 |  0.000000013  0.000000009, -0.000000636 -0.000000004
MOVE:  020 | -0.000000000  0.000000000  0.000000000  0.000004000  0.000000000  0.000000000 |         -0.0 |  0.000000012  0.000000009, -0.000000334 -0.000000004
CONST: 020 | 48 6.6e-05 -9.1e-05 -1e-06 0.000304 -0.000407 0

ABS:   021 |  0.000066000 -0.000091000 -0.000001000  0.000296000 -0.000407000  0.000000000 |         17.9 |  0.000004806  0.000057929,  0.000026523  0.000551315
DIFF:  021 |  0.000000000  0.000000000  0.000000000 -0.000008000  0.000000000  0.000000000 |          0.0 |  0.000000056  0.000000042,  0.000000667  0.000000009
MOVE:  021 | -0.000000000  0.000000000  0.000000000 -0.000004000  0.000000000  0.000000000 |          0.0 |  0.000000068  0.000000051,  0.000000334  0.000000005
CONST: 021 | 48 6.6e-05 -9.1e-05 -1e-06 0.000296 -0.000407 0

ABS:   022 |  0.000066000 -0.000091000 -0.000001000  0.000300400 -0.000407000  0.000000000 |         17.9 |  0.000004739  0.000057879,  0.000026156  0.000551310
DIFF:  022 |  0.000000000  0.000000000  0.000000000  0.000004400  0.000000000  0.000000000 |         -0.0 | -0.000000067 -0.000000050, -0.000000367 -0.000000005
MOVE:  022 | -0.000000000  0.000000000  0.000000000  0.000000400  0.000000000  0.000000000 |         -0.0 |  0.000000001  0.000000001, -0.000000033 -0.000000000
CONST: 022 | 48 6.6e-05 -9.1e-05 -1e-06 0.0003004 -0.000407 0

ABS:   023 |  0.000066000 -0.000091000 -0.000001000  0.000299600 -0.000407000  0.000000000 |         17.9 |  0.000004737  0.000057877,  0.000026223  0.000551311
DIFF:  023 |  0.000000000  0.000000000  0.000000000 -0.000000800  0.000000000  0.000000000 |          0.0 | -0.000000002 -0.000000002,  0.000000067  0.000000001
MOVE:  023 | -0.000000000  0.000000000  0.000000000 -0.000000400  0.000000000  0.000000000 |          0.0 | -0.000000001 -0.000000001,  0.000000033  0.000000000
CONST: 023 | 48 6.6e-05 -9.1e-05 -1e-06 0.0002996 -0.000407 0

ABS:   024 |  0.000066000 -0.000091000 -0.000001000  0.000302956 -0.000407000  0.000000000 |         17.9 |  0.000004747  0.000057885,  0.000025943  0.000551307
DIFF:  024 |  0.000000000  0.000000000  0.000000000  0.000003356  0.000000000  0.000000000 |         -0.0 |  0.000000010  0.000000008, -0.000000280 -0.000000004
MOVE:  024 | -0.000000000  0.000000000  0.000000000  0.000002956  0.000000000  0.000000000 |         -0.0 |  0.000000009  0.000000007, -0.000000247 -0.000000003
CONST: 024 | 48 6.6e-05 -9.1e-05 -1e-06 0.000302956 -0.000407 0

ABS:   025 |  0.000066000 -0.000091000 -0.000001000  0.000297044 -0.000407000  0.000000000 |         17.9 |  0.000004810  0.000057931,  0.000026436  0.000551314
DIFF:  025 |  0.000000000  0.000000000  0.000000000 -0.000005913  0.000000000  0.000000000 |          0.0 |  0.000000062  0.000000047,  0.000000493  0.000000007
MOVE:  025 | -0.000000000  0.000000000  0.000000000 -0.000002956  0.000000000  0.000000000 |          0.0 |  0.000000072  0.000000053,  0.000000247  0.000000003
CONST: 025 | 48 6.6e-05 -9.1e-05 -1e-06 0.000297044 -0.000407 0

ABS:   026 |  0.000066000 -0.000091000 -0.000001000  0.000300000 -0.000396999  0.000000000 |         17.8 |  0.000004968  0.000057500,  0.000026138  0.000551311
DIFF:  026 |  0.000000000  0.000000000  0.000000000  0.000002956  0.000010001  0.000000000 |         -0.0 |  0.000000158 -0.000000431, -0.000000298 -0.000000003
MOVE:  026 | -0.000000000  0.000000000  0.000000000  0.000000000  0.000010001  0.000000000 |         -0.0 |  0.000000230 -0.000000378, -0.000000051  0.000000000
CONST: 026 | 48 6.6e-05 -9.1e-05 -1e-06 0.0003 -0.000396999 0

ABS:   027 |  0.000066000 -0.000091000 -0.000001000  0.000300000 -0.000417001  0.000000000 |         17.9 |  0.000004512  0.000058131,  0.000026241  0.000551311
DIFF:  027 |  0.000000000  0.000000000  0.000000000  0.000000000 -0.000020001  0.000000000 |          0.1 | -0.000000456  0.000000631,  0.000000103 -0.000000000
MOVE:  027 | -0.000000000  0.000000000  0.000000000  0.000000000 -0.000010001  0.000000000 |          0.0 | -0.000000226  0.000000253,  0.000000051 -0.000000000
CONST: 027 | 48 6.6e-05 -9.1e-05 -1e-06 0.0003 -0.000417001 0

ABS:   028 |  0.000066000 -0.000091000 -0.000001000  0.000300000 -0.000406000  0.000000000 |         17.9 |  0.000004817  0.000057895,  0.000026184  0.000551311
DIFF:  028 |  0.000000000  0.000000000  0.000000000  0.000000000  0.000011001  0.000000000 |         -0.0 |  0.000000305 -0.000000235, -0.000000057  0.000000000
MOVE:  028 | -0.000000000  0.000000000  0.000000000  0.000000000  0.000001000  0.000000000 |          0.0 |  0.000000079  0.000000017, -0.000000005  0.000000000
CONST: 028 | 48 6.6e-05 -9.1e-05 -1e-06 0.0003 -0.000406 0

ABS:   029 |  0.000066000 -0.000091000 -0.000001000  0.000300000 -0.000408000  0.000000000 |         17.9 |  0.000004740  0.000057921,  0.000026194  0.000551311
DIFF:  029 |  0.000000000  0.000000000  0.000000000  0.000000000 -0.000002000  0.000000000 |         -0.0 | -0.000000077  0.000000026,  0.000000010 -0.000000000
MOVE:  029 | -0.000000000  0.000000000  0.000000000  0.000000000 -0.000001000  0.000000000 |          0.0 |  0.000000002  0.000000043,  0.000000005 -0.000000000
CONST: 029 | 48 6.6e-05 -9.1e-05 -1e-06 0.0003 -0.000408 0

ABS:   030 |  0.000066000 -0.000091000 -0.000001000  0.000300000 -0.000406900  0.000000000 |         17.9 |  0.000004738  0.000057874,  0.000026189  0.000551311
DIFF:  030 |  0.000000000  0.000000000  0.000000000  0.000000000  0.000001100  0.000000000 |         -0.0 | -0.000000002 -0.000000047, -0.000000006  0.000000000
MOVE:  030 | -0.000000000  0.000000000  0.000000000  0.000000000  0.000000100  0.000000000 |         -0.0 | -0.000000000 -0.000000004, -0.000000001  0.000000000
CONST: 030 | 48 6.6e-05 -9.1e-05 -1e-06 0.0003 -0.0004069 0

ABS:   031 |  0.000066000 -0.000091000 -0.000001000  0.000300000 -0.000407100  0.000000000 |         17.9 |  0.000004738  0.000057882,  0.000026190  0.000551311
DIFF:  031 |  0.000000000  0.000000000  0.000000000  0.000000000 -0.000000200  0.000000000 |          0.0 |  0.000000000  0.000000009,  0.000000001 -0.000000000
MOVE:  031 | -0.000000000  0.000000000  0.000000000  0.000000000 -0.000000100  0.000000000 |          0.0 |  0.000000000  0.000000004,  0.000000001 -0.000000000
CONST: 031 | 48 6.6e-05 -9.1e-05 -1e-06 0.0003 -0.0004071 0

ABS:   032 |  0.000066000 -0.000091000 -0.000001000  0.000300000 -0.000407000  0.000002000 |         17.9 |  0.000004737  0.000057878,  0.000026194  0.000551311
DIFF:  032 |  0.000000000  0.000000000  0.000000000  0.000000000  0.000000100  0.000002000 |         -0.0 | -0.000000002 -0.000000004,  0.000000005  0.000000000
MOVE:  032 | -0.000000000  0.000000000  0.000000000  0.000000000  0.000000000  0.000002000 |          0.0 | -0.000000002 -0.000000000,  0.000000005  0.000000000
CONST: 032 | 48 6.6e-05 -9.1e-05 -1e-06 0.0003 -0.000407 2.00001e-06

ABS:   033 |  0.000066000 -0.000091000 -0.000001000  0.000300000 -0.000407000 -0.000002000 |         17.9 |  0.000004740  0.000057878,  0.000026184  0.000551310
DIFF:  033 |  0.000000000  0.000000000  0.000000000  0.000000000  0.000000000 -0.000004000 |         -0.0 |  0.000000003  0.000000000, -0.000000010 -0.000000000
MOVE:  033 | -0.000000000  0.000000000  0.000000000  0.000000000  0.000000000 -0.000002000 |         -0.0 |  0.000000002  0.000000000, -0.000000005 -0.000000000
CONST: 033 | 48 6.6e-05 -9.1e-05 -1e-06 0.0003 -0.000407 -2.00001e-06

ABS:   034 |  0.000066000 -0.000091000 -0.000001000  0.000300000 -0.000407000  0.000020000 |         17.9 |  0.000004804  0.000057938,  0.000026241  0.000551311
DIFF:  034 |  0.000000000  0.000000000  0.000000000  0.000000000  0.000000000  0.000022000 |          0.0 |  0.000000064  0.000000060,  0.000000057  0.000000001
MOVE:  034 | -0.000000000  0.000000000  0.000000000  0.000000000  0.000000000  0.000020000 |          0.0 |  0.000000066  0.000000060,  0.000000052  0.000000001
CONST: 034 | 48 6.6e-05 -9.1e-05 -1e-06 0.0003 -0.000407 2.00001e-05

ABS:   035 |  0.000066000 -0.000091000 -0.000001000  0.000300000 -0.000407000 -0.000020000 |         17.9 |  0.000004753  0.000057878,  0.000026137  0.000551310
DIFF:  035 |  0.000000000  0.000000000  0.000000000  0.000000000  0.000000000 -0.000040000 |         -0.0 | -0.000000051 -0.000000060, -0.000000104 -0.000000002
MOVE:  035 | -0.000000000  0.000000000  0.000000000  0.000000000  0.000000000 -0.000020000 |         -0.0 |  0.000000015  0.000000000, -0.000000052 -0.000000001
CONST: 035 | 48 6.6e-05 -9.1e-05 -1e-06 0.0003 -0.000407 -2.00001e-05

ABS:   036 |  0.000066000 -0.000091000 -0.000001000  0.000300000 -0.000407000  0.000002000 |         17.9 |  0.000004737  0.000057878,  0.000026194  0.000551311
DIFF:  036 |  0.000000000  0.000000000  0.000000000  0.000000000  0.000000000  0.000022000 |          0.0 | -0.000000017 -0.000000000,  0.000000057  0.000000001
MOVE:  036 | -0.000000000  0.000000000  0.000000000  0.000000000  0.000000000  0.000002000 |          0.0 | -0.000000002 -0.000000000,  0.000000005  0.000000000
CONST: 036 | 48 6.6e-05 -9.1e-05 -1e-06 0.0003 -0.000407 2.00001e-06

ABS:   037 |  0.000066000 -0.000091000 -0.000001000  0.000300000 -0.000407000 -0.000002000 |         17.9 |  0.000004740  0.000057878,  0.000026184  0.000551310
DIFF:  037 |  0.000000000  0.000000000  0.000000000  0.000000000  0.000000000 -0.000004000 |         -0.0 |  0.000000003  0.000000000, -0.000000010 -0.000000000
MOVE:  037 | -0.000000000  0.000000000  0.000000000  0.000000000  0.000000000 -0.000002000 |         -0.0 |  0.000000002  0.000000000, -0.000000005 -0.000000000
CONST: 037 | 48 6.6e-05 -9.1e-05 -1e-06 0.0003 -0.000407 -2.00001e-06

ABS:   038 |  0.000066031 -0.000113598  0.000025152  0.000301506 -0.000123224 -0.000212267 |         17.4 |  0.000004057  0.000052652,  0.000004764  0.000551011
DIFF:  038 |  0.000000031 -0.000022598  0.000026152  0.000001506  0.000283776 -0.000210267 |         -0.5 | -0.000000682 -0.000005227, -0.000021420 -0.000000299
MOVE:  038 |  0.000000031 -0.000022598  0.000026152  0.000001506  0.000283776 -0.000212267 |         -0.5 | -0.000000681 -0.000005226, -0.000021425 -0.000000299
CONST: 038 | 48 6.60315e-05 -0.000113598 2.51516e-05 0.000301506 -0.000123224 -0.000212267

ABS:   039 |  0.000066024 -0.000108565  0.000019327  0.000301170 -0.000186432 -0.000164987 |         17.5 |  0.000004572  0.000053378,  0.000010055  0.000550988
DIFF:  039 | -0.000000007  0.000005033 -0.000005825 -0.000000335 -0.000063208  0.000047280 |          0.1 |  0.000000515  0.000000726,  0.000005290 -0.000000024
MOVE:  039 |  0.000000024 -0.000017565  0.000020327  0.000001170  0.000220568 -0.000164987 |         -0.4 | -0.000000166 -0.000004500, -0.000016135 -0.000000323
CONST: 039 | 48 6.60245e-05 -0.000108565 1.93265e-05 0.00030117 -0.000186432 -0.000164987

ABS:   040 |  0.000066051 -0.000127715  0.000041493  0.000302446  0.000054098 -0.000344907 |         17.5 |  0.000002947  0.000052579, -0.000002650  0.000552918
DIFF:  040 |  0.000000027 -0.000019149  0.000022167  0.000001276  0.000240530 -0.000179920 |          0.0 | -0.000001625 -0.000000799, -0.000012704  0.000001930
MOVE:  040 |  0.000000051 -0.000036715  0.000042493  0.000002446  0.000461098 -0.000344907 |         -0.4 | -0.000001791 -0.000005299, -0.000028839  0.000001607
CONST: 040 | 48 6.60512e-05 -0.000127715 4.14931e-05 0.000302446 5.40981e-05 -0.000344907

ABS:   041 |  0.000066036 -0.000117116  0.000029223  0.000301740 -0.000079045 -0.000245314 |         17.5 |  0.000004163  0.000052369,  0.000002324  0.000552801
DIFF:  041 | -0.000000015  0.000010599 -0.000012270 -0.000000706 -0.000133143  0.000099593 |         -0.0 |  0.000001217 -0.000000210,  0.000004974 -0.000000116
MOVE:  041 |  0.000000036 -0.000026116  0.000030223  0.000001740  0.000327955 -0.000245314 |         -0.4 | -0.000000575 -0.000005509, -0.000023865  0.000001491
CONST: 041 | 48 6.60364e-05 -0.000117116 2.92229e-05 0.00030174 -7.90449e-05 -0.000245314

ABS:   042 |  0.000066030 -0.000112411  0.000023777  0.000301426 -0.000138138 -0.000201111 |         17.4 |  0.000004327  0.000052666,  0.000005588  0.000551600
DIFF:  042 | -0.000000007  0.000004705 -0.000005446 -0.000000314 -0.000059093  0.000044203 |         -0.1 |  0.000000164  0.000000297,  0.000003264 -0.000001202
MOVE:  042 |  0.000000030 -0.000021411  0.000024777  0.000001426  0.000268862 -0.000201111 |         -0.4 | -0.000000411 -0.000005212, -0.000020601  0.000000289
CONST: 042 | 48 6.60298e-05 -0.000112411 2.37771e-05 0.000301426 -0.000138138 -0.000201111

ABS:   043 |  0.000066035 -0.000115986  0.000027915  0.000301665 -0.000093233 -0.000234700 |         17.5 |  0.000003934  0.000052468,  0.000003869  0.000552789
DIFF:  043 |  0.000000005 -0.000003575  0.000004138  0.000000238  0.000044905 -0.000033589 |          0.1 | -0.000000394 -0.000000199, -0.000001719  0.000001189
MOVE:  043 |  0.000000035 -0.000024986  0.000028915  0.000001665  0.000313767 -0.000234700 |         -0.4 | -0.000000804 -0.000005410, -0.000022321  0.000001478
CONST: 043 | 48 6.60348e-05 -0.000115986 2.79154e-05 0.000301665 -9.32335e-05 -0.0002347

ABS:   044 |  0.000066033 -0.000114792  0.000026533  0.000301585 -0.000108229 -0.000223484 |         17.5 |  0.000003957  0.000052510,  0.000004712  0.000552193
DIFF:  044 | -0.000000002  0.000001194 -0.000001382 -0.000000080 -0.000014995  0.000011217 |         -0.0 |  0.000000023  0.000000042,  0.000000843 -0.000000595
MOVE:  044 |  0.000000033 -0.000023792  0.000027533  0.000001585  0.000298771 -0.000223484 |         -0.4 | -0.000000781 -0.000005368, -0.000021477  0.000000883
CONST: 044 | 48 6.60331e-05 -0.000114792 2.65335e-05 0.000301585 -0.000108229 -0.000223484

ABS:   045 |  0.000066039 -0.000113598  0.000025152  0.000301506 -0.000123224 -0.000212267 |         17.4 |  0.000004065  0.000052652,  0.000004764  0.000551011
DIFF:  045 |  0.000000006  0.000001194 -0.000001382 -0.000000080 -0.000014995  0.000011217 |         -0.1 |  0.000000108  0.000000142,  0.000000052 -0.000001182
MOVE:  045 |  0.000000039 -0.000022598  0.000026152  0.000001506  0.000283776 -0.000212267 |         -0.5 | -0.000000673 -0.000005226, -0.000021425 -0.000000299
CONST: 045 | 48 6.60388e-05 -0.000113598 2.51516e-05 0.000301506 -0.000123224 -0.000212267

ABS:   046 |  0.000066024 -0.000113598  0.000025152  0.000301506 -0.000123224 -0.000212267 |         17.4 |  0.000004050  0.000052652,  0.000004764  0.000551011
DIFF:  046 | -0.000000015  0.000000000  0.000000000  0.000000000  0.000000000  0.000000000 |         -0.0 | -0.000000015  0.000000000, -0.000000000  0.000000000
MOVE:  046 |  0.000000024 -0.000022598  0.000026152  0.000001506  0.000283776 -0.000212267 |         -0.5 | -0.000000688 -0.000005226, -0.000021425 -0.000000299
CONST: 046 | 48 6.60242e-05 -0.000113598 2.51516e-05 0.000301506 -0.000123224 -0.000212267

ABS:   047 |  0.000066103 -0.000113598  0.000025152  0.000301506 -0.000123224 -0.000212267 |         17.4 |  0.000004128  0.000052652,  0.000004764  0.000551011
DIFF:  047 |  0.000000078  0.000000000  0.000000000  0.000000000  0.000000000  0.000000000 |          0.0 |  0.000000078 -0.000000000,  0.000000000 -0.000000000
MOVE:  047 |  0.000000103 -0.000022598  0.000026152  0.000001506  0.000283776 -0.000212267 |         -0.5 | -0.000000610 -0.000005226, -0.000021425 -0.000000299
CONST: 047 | 48 6.61025e-05 -0.000113598 2.51516e-05 0.000301506 -0.000123224 -0.000212267

ABS:   048 |  0.000065960 -0.000113598  0.000025152  0.000301506 -0.000123224 -0.000212267 |         17.4 |  0.000003986  0.000052652,  0.000004764  0.000551011
DIFF:  048 | -0.000000142  0.000000000  0.000000000  0.000000000  0.000000000  0.000000000 |         -0.0 | -0.000000142  0.000000000, -0.000000000  0.000000000
MOVE:  048 | -0.000000040 -0.000022598  0.000026152  0.000001506  0.000283776 -0.000212267 |         -0.5 | -0.000000752 -0.000005226, -0.000021425 -0.000000299
CONST: 048 | 48 6.59604e-05 -0.000113598 2.51516e-05 0.000301506 -0.000123224 -0.000212267

ABS:   049 |  0.000066031 -0.000113293  0.000025152  0.000301506 -0.000123224 -0.000212267 |         17.4 |  0.000004076  0.000052651,  0.000004799  0.000551007
DIFF:  049 |  0.000000071  0.000000305  0.000000000  0.000000000  0.000000000  0.000000000 |          0.0 |  0.000000090 -0.000000000,  0.000000035 -0.000000004
MOVE:  049 |  0.000000031 -0.000022293  0.000026152  0.000001506  0.000283776 -0.000212267 |         -0.5 | -0.000000662 -0.000005227, -0.000021390 -0.000000303
CONST: 049 | 48 6.60315e-05 -0.000113293 2.51516e-05 0.000301506 -0.000123224 -0.000212267

ABS:   050 |  0.000066031 -0.000113904  0.000025152  0.000301506 -0.000123224 -0.000212267 |         17.4 |  0.000004039  0.000052652,  0.000005519  0.000551601
DIFF:  050 |  0.000000000 -0.000000611  0.000000000  0.000000000  0.000000000  0.000000000 |          0.0 | -0.000000037  0.000000001,  0.000000720  0.000000594
MOVE:  050 |  0.000000031 -0.000022904  0.000026152  0.000001506  0.000283776 -0.000212267 |         -0.4 | -0.000000699 -0.000005226, -0.000020670  0.000000290
CONST: 050 | 48 6.60315e-05 -0.000113904 2.51516e-05 0.000301506 -0.000123224 -0.000212267

ABS:   051 |  0.000066031 -0.000113568  0.000025152  0.000301506 -0.000123224 -0.000212267 |         17.4 |  0.000004059  0.000052652,  0.000004768  0.000551011
DIFF:  051 |  0.000000000  0.000000336  0.000000000  0.000000000  0.000000000  0.000000000 |         -0.0 |  0.000000021 -0.000000000, -0.000000751 -0.000000590
MOVE:  051 |  0.000000031 -0.000022568  0.000026152  0.000001506  0.000283776 -0.000212267 |         -0.5 | -0.000000679 -0.000005227, -0.000021422 -0.000000300
CONST: 051 | 48 6.60315e-05 -0.000113568 2.51516e-05 0.000301506 -0.000123224 -0.000212267

ABS:   052 |  0.000066031 -0.000113629  0.000025152  0.000301506 -0.000123224 -0.000212267 |         17.4 |  0.000004055  0.000052652,  0.000004761  0.000551012
DIFF:  052 |  0.000000000 -0.000000061  0.000000000  0.000000000  0.000000000  0.000000000 |          0.0 | -0.000000004  0.000000000, -0.000000007  0.000000001
MOVE:  052 |  0.000000031 -0.000022629  0.000026152  0.000001506  0.000283776 -0.000212267 |         -0.5 | -0.000000683 -0.000005226, -0.000021429 -0.000000299
CONST: 052 | 48 6.60315e-05 -0.000113629 2.51516e-05 0.000301506 -0.000123224 -0.000212267

ABS:   053 |  0.000066031 -0.000113293  0.000025152  0.000301506 -0.000123224 -0.000212267 |         17.4 |  0.000004076  0.000052651,  0.000004799  0.000551007
DIFF:  053 |  0.000000000  0.000000336  0.000000000  0.000000000  0.000000000  0.000000000 |         -0.0 |  0.000000021 -0.000000000,  0.000000038 -0.000000004
MOVE:  053 |  0.000000031 -0.000022293  0.000026152  0.000001506  0.000283776 -0.000212267 |         -0.5 | -0.000000662 -0.000005227, -0.000021390 -0.000000303
CONST: 053 | 48 6.60315e-05 -0.000113293 2.51516e-05 0.000301506 -0.000123224 -0.000212267

ABS:   054 |  0.000066031 -0.000113904  0.000025152  0.000301506 -0.000123224 -0.000212267 |         17.4 |  0.000004039  0.000052652,  0.000005519  0.000551601
DIFF:  054 |  0.000000000 -0.000000610  0.000000000  0.000000000  0.000000000  0.000000000 |          0.0 | -0.000000037  0.000000001,  0.000000720  0.000000594
MOVE:  054 |  0.000000031 -0.000022904  0.000026152  0.000001506  0.000283776 -0.000212267 |         -0.4 | -0.000000699 -0.000005226, -0.000020670  0.000000290
CONST: 054 | 48 6.60315e-05 -0.000113904 2.51516e-05 0.000301506 -0.000123224 -0.000212267

ABS:   055 |  0.000066031 -0.000113598  0.000025450  0.000301506 -0.000123224 -0.000212267 |         17.4 |  0.000004057  0.000052652,  0.000004466  0.000551011
DIFF:  055 |  0.000000000  0.000000305  0.000000298  0.000000000  0.000000000  0.000000000 |         -0.0 |  0.000000019 -0.000000000, -0.000001053 -0.000000589
MOVE:  055 |  0.000000031 -0.000022598  0.000026450  0.000001506  0.000283776 -0.000212267 |         -0.5 | -0.000000681 -0.000005226, -0.000021723 -0.000000299
CONST: 055 | 48 6.60315e-05 -0.000113598 2.54498e-05 0.000301506 -0.000123224 -0.000212267

ABS:   056 |  0.000066031 -0.000113598  0.000024853  0.000301506 -0.000123224 -0.000212267 |         17.4 |  0.000004057  0.000052652,  0.000005062  0.000551011
DIFF:  056 |  0.000000000  0.000000000 -0.000000596  0.000000000  0.000000000  0.000000000 |          0.0 | -0.000000000  0.000000000,  0.000000596  0.000000000
MOVE:  056 |  0.000000031 -0.000022598  0.000025853  0.000001506  0.000283776 -0.000212267 |         -0.5 | -0.000000681 -0.000005226, -0.000021127 -0.000000299
CONST: 056 | 48 6.60315e-05 -0.000113598 2.48533e-05 0.000301506 -0.000123224 -0.000212267

ABS:   057 |  0.000066031 -0.000113598  0.000025152  0.000301801 -0.000123224 -0.000212267 |         17.4 |  0.000004058  0.000052652,  0.000004740  0.000551011
DIFF:  057 |  0.000000000  0.000000000  0.000000298  0.000000296  0.000000000  0.000000000 |         -0.0 |  0.000000001  0.000000000, -0.000000323 -0.000000000
MOVE:  057 |  0.000000031 -0.000022598  0.000026152  0.000001801  0.000283776 -0.000212267 |         -0.5 | -0.000000680 -0.000005226, -0.000021450 -0.000000300
CONST: 057 | 48 6.60315e-05 -0.000113598 2.51516e-05 0.000301801 -0.000123224 -0.000212267

ABS:   058 |  0.000066031 -0.000113598  0.000025152  0.000301210 -0.000123224 -0.000212267 |         17.4 |  0.000004056  0.000052651,  0.000004789  0.000551012
DIFF:  058 |  0.000000000  0.000000000  0.000000000 -0.000000591  0.000000000  0.000000000 |          0.0 | -0.000000002 -0.000000000,  0.000000049  0.000000001
MOVE:  058 |  0.000000031 -0.000022598  0.000026152  0.000001210  0.000283776 -0.000212267 |         -0.5 | -0.000000682 -0.000005227, -0.000021400 -0.000000299
CONST: 058 | 48 6.60315e-05 -0.000113598 2.51516e-05 0.00030121 -0.000123224 -0.000212267

ABS:   059 |  0.000066031 -0.000113598  0.000025152  0.000304420 -0.000123224 -0.000212267 |         17.4 |  0.000004066  0.000052653,  0.000005311  0.000551593
DIFF:  059 |  0.000000000  0.000000000  0.000000000  0.000003210  0.000000000  0.000000000 |          0.0 |  0.000000010  0.000000002,  0.000000522  0.000000582
MOVE:  059 |  0.000000031 -0.000022598  0.000026152  0.000004420  0.000283776 -0.000212267 |         -0.4 | -0.000000672 -0.000005225, -0.000020878  0.000000283
CONST: 059 | 48 6.60315e-05 -0.000113598 2.51516e-05 0.00030442 -0.000123224 -0.000212267

ABS:   060 |  0.000066031 -0.000113598  0.000025152  0.000298591 -0.000123224 -0.000212267 |         17.4 |  0.000004048  0.000052650,  0.000005007  0.000551015
DIFF:  060 |  0.000000000  0.000000000  0.000000000 -0.000005829  0.000000000  0.000000000 |         -0.0 | -0.000000018 -0.000000003, -0.000000304 -0.000000579
MOVE:  060 |  0.000000031 -0.000022598  0.000026152 -0.000001409  0.000283776 -0.000212267 |         -0.5 | -0.000000690 -0.000005228, -0.000021182 -0.000000296
CONST: 060 | 48 6.60315e-05 -0.000113598 2.51516e-05 0.000298591 -0.000123224 -0.000212267

ABS:   061 |  0.000066031 -0.000113598  0.000025152  0.000301797 -0.000123224 -0.000212267 |         17.4 |  0.000004058  0.000052652,  0.000004740  0.000551011
DIFF:  061 |  0.000000000  0.000000000  0.000000000  0.000003206  0.000000000  0.000000000 |         -0.0 |  0.000000010  0.000000002, -0.000000267 -0.000000004
MOVE:  061 |  0.000000031 -0.000022598  0.000026152  0.000001797  0.000283776 -0.000212267 |         -0.5 | -0.000000680 -0.000005226, -0.000021449 -0.000000300
CONST: 061 | 48 6.60315e-05 -0.000113598 2.51516e-05 0.000301797 -0.000123224 -0.000212267

ABS:   062 |  0.000066031 -0.000113598  0.000025152  0.000301214 -0.000123224 -0.000212267 |         17.4 |  0.000004056  0.000052651,  0.000004789  0.000551012
DIFF:  062 |  0.000000000  0.000000000  0.000000000 -0.000000583  0.000000000  0.000000000 |          0.0 | -0.000000002 -0.000000000,  0.000000049  0.000000001
MOVE:  062 |  0.000000031 -0.000022598  0.000026152  0.000001214  0.000283776 -0.000212267 |         -0.5 | -0.000000682 -0.000005227, -0.000021401 -0.000000299
CONST: 062 | 48 6.60315e-05 -0.000113598 2.51516e-05 0.000301214 -0.000123224 -0.000212267

ABS:   063 |  0.000066031 -0.000113598  0.000025152  0.000301506 -0.000122454 -0.000212267 |         17.4 |  0.000004055  0.000052643,  0.000004760  0.000551011
DIFF:  063 |  0.000000000  0.000000000  0.000000000  0.000000291  0.000000769  0.000000000 |         -0.0 | -0.000000001 -0.000000008, -0.000000028 -0.000000000
MOVE:  063 |  0.000000031 -0.000022598  0.000026152  0.000001506  0.000284546 -0.000212267 |         -0.5 | -0.000000683 -0.000005235, -0.000021429 -0.000000299
CONST: 063 | 48 6.60315e-05 -0.000113598 2.51516e-05 0.000301506 -0.000122454 -0.000212267

ABS:   064 |  0.000066031 -0.000113598  0.000025152  0.000301506 -0.000123993 -0.000212267 |         17.4 |  0.000004059  0.000052660,  0.000004768  0.000551011
DIFF:  064 |  0.000000000  0.000000000  0.000000000  0.000000000 -0.000001539  0.000000000 |          0.0 |  0.000000004  0.000000017,  0.000000008  0.000000000
MOVE:  064 |  0.000000031 -0.000022598  0.000026152  0.000001506  0.000283007 -0.000212267 |         -0.5 | -0.000000679 -0.000005218, -0.000021421 -0.000000299
CONST: 064 | 48 6.60315e-05 -0.000113598 2.51516e-05 0.000301506 -0.000123993 -0.000212267

ABS:   065 |  0.000066031 -0.000113598  0.000025152  0.000301506 -0.000123224 -0.000192267 |         17.4 |  0.000004042  0.000052652,  0.000004816  0.000551014
DIFF:  065 |  0.000000000  0.000000000  0.000000000  0.000000000  0.000000769  0.000020000 |         -0.0 | -0.000000017 -0.000000007,  0.000000048  0.000000003
MOVE:  065 |  0.000000031 -0.000022598  0.000026152  0.000001506  0.000283776 -0.000192267 |         -0.5 | -0.000000696 -0.000005226, -0.000021373 -0.000000297
CONST: 065 | 48 6.60315e-05 -0.000113598 2.51516e-05 0.000301506 -0.000123224 -0.000192267

ABS:   066 |  0.000066031 -0.000113598  0.000025152  0.000301506 -0.000123224 -0.000232267 |         17.4 |  0.000004072  0.000052651,  0.000004713  0.000551009
DIFF:  066 |  0.000000000  0.000000000  0.000000000  0.000000000  0.000000000 -0.000040000 |         -0.0 |  0.000000030 -0.000000002, -0.000000103 -0.000000005
MOVE:  066 |  0.000000031 -0.000022598  0.000026152  0.000001506  0.000283776 -0.000232267 |         -0.5 | -0.000000666 -0.000005227, -0.000021477 -0.000000302
CONST: 066 | 48 6.60315e-05 -0.000113598 2.51516e-05 0.000301506 -0.000123224 -0.000232267

ABS:   067 |  0.000066031 -0.000113598  0.000025152  0.000301506 -0.000123224 -0.000177565 |         17.4 |  0.000004031  0.000052653,  0.000004854  0.000551016
DIFF:  067 |  0.000000000  0.000000000  0.000000000  0.000000000  0.000000000  0.000054702 |          0.0 | -0.000000041  0.000000003,  0.000000141  0.000000007
MOVE:  067 |  0.000000031 -0.000022598  0.000026152  0.000001506  0.000283776 -0.000177565 |         -0.5 | -0.000000707 -0.000005225, -0.000021335 -0.000000295
CONST: 067 | 48 6.60315e-05 -0.000113598 2.51516e-05 0.000301506 -0.000123224 -0.000177565

