ABS:   itr |       deltaX       deltaY       deltaZ         phiX         phiY         phiZ |        chisq |    rphi mean     rphi rms,       z mean        z rms
ABS:   =========================================================================================================================================================
DIFF:  itr |       deltaX       deltaY       deltaZ         phiX         phiY         phiZ |        chisq |    rphi mean     rphi rms,       z mean        z rms
DIFF:  =========================================================================================================================================================
MOVE:  itr |       deltaX       deltaY       deltaZ         phiX         phiY         phiZ |        chisq |    rphi mean     rphi rms,       z mean        z rms
MOVE:  =========================================================================================================================================================
ABS:   001 | -0.000028000 -0.000047000  0.000293000 -0.000190000  0.000554000  0.000000000 |         54.6 |  0.000000903  0.000061644, -0.000070660  0.000549730
CONST: 001 | 8 -2.8e-05 -4.7e-05 0.000293 -0.00019 0.000554 0

ABS:   001 | -0.000028000 -0.000047000  0.000293000 -0.000190000  0.000554000  0.000000000 |         54.6 |  0.000000903  0.000061644, -0.000070660  0.000549730
CONST: 001 | 8 -2.8e-05 -4.7e-05 0.000293 -0.00019 0.000554 0

ABS:   002 | -0.000027900 -0.000047000  0.000293000 -0.000190000  0.000554000  0.000000000 |         54.6 |  0.000001003  0.000061644, -0.000070660  0.000549730
DIFF:  002 |  0.000000100  0.000000000 -0.000000000 -0.000000000 -0.000000000  0.000000000 |          0.0 |  0.000000100  0.000000000, -0.000000000 -0.000000000
MOVE:  002 |  0.000000100  0.000000000 -0.000000000 -0.000000000 -0.000000000  0.000000000 |          0.0 |  0.000000100  0.000000000, -0.000000000 -0.000000000
CONST: 002 | 8 -2.79e-05 -4.7e-05 0.000293 -0.00019 0.000554 0

ABS:   003 | -0.000028100 -0.000047000  0.000293000 -0.000190000  0.000554000  0.000000000 |         54.6 |  0.000000803  0.000061644, -0.000070660  0.000549730
DIFF:  003 | -0.000000200  0.000000000  0.000000000  0.000000000  0.000000000  0.000000000 |         -0.0 | -0.000000200  0.000000000,  0.000000000  0.000000000
MOVE:  003 | -0.000000100  0.000000000 -0.000000000 -0.000000000 -0.000000000  0.000000000 |         -0.0 | -0.000000100  0.000000000,  0.000000000 -0.000000000
CONST: 003 | 8 -2.81e-05 -4.7e-05 0.000293 -0.00019 0.000554 0

ABS:   004 | -0.000027782 -0.000047000  0.000293000 -0.000190000  0.000554000  0.000000000 |         54.6 |  0.000001121  0.000061644, -0.000070660  0.000549730
DIFF:  004 |  0.000000318  0.000000000  0.000000000  0.000000000  0.000000000  0.000000000 |          0.0 |  0.000000318  0.000000000, -0.000000000  0.000000000
MOVE:  004 |  0.000000218  0.000000000 -0.000000000 -0.000000000 -0.000000000  0.000000000 |          0.0 |  0.000000218  0.000000000, -0.000000000  0.000000000
CONST: 004 | 8 -2.77819e-05 -4.7e-05 0.000293 -0.00019 0.000554 0

ABS:   005 | -0.000028218 -0.000047000  0.000293000 -0.000190000  0.000554000  0.000000000 |         54.6 |  0.000000685  0.000061644, -0.000070660  0.000549730
DIFF:  005 | -0.000000436  0.000000000  0.000000000  0.000000000  0.000000000  0.000000000 |         -0.0 | -0.000000436 -0.000000000,  0.000000000  0.000000000
MOVE:  005 | -0.000000218  0.000000000 -0.000000000 -0.000000000 -0.000000000  0.000000000 |         -0.0 | -0.000000218  0.000000000,  0.000000000  0.000000000
CONST: 005 | 8 -2.82181e-05 -4.7e-05 0.000293 -0.00019 0.000554 0

ABS:   006 | -0.000028000 -0.000046900  0.000293000 -0.000190000  0.000554000  0.000000000 |         54.6 |  0.000000937  0.000061643, -0.000070721  0.000549733
DIFF:  006 |  0.000000218  0.000000100  0.000000000  0.000000000  0.000000000  0.000000000 |          0.0 |  0.000000252 -0.000000001, -0.000000061  0.000000003
MOVE:  006 | -0.000000000  0.000000100 -0.000000000 -0.000000000 -0.000000000  0.000000000 |          0.0 |  0.000000034 -0.000000001, -0.000000061  0.000000003
CONST: 006 | 8 -2.8e-05 -4.69e-05 0.000293 -0.00019 0.000554 0

ABS:   007 | -0.000028000 -0.000047100  0.000293000 -0.000190000  0.000554000  0.000000000 |         54.6 |  0.000000869  0.000061644, -0.000070599  0.000549726
DIFF:  007 |  0.000000000 -0.000000200  0.000000000  0.000000000  0.000000000  0.000000000 |         -0.0 | -0.000000068  0.000000001,  0.000000122 -0.000000007
MOVE:  007 | -0.000000000 -0.000000100 -0.000000000 -0.000000000 -0.000000000  0.000000000 |         -0.0 | -0.000000034  0.000000001,  0.000000061 -0.000000003
CONST: 007 | 8 -2.8e-05 -4.71e-05 0.000293 -0.00019 0.000554 0

ABS:   008 | -0.000028000 -0.000046737  0.000293000 -0.000190000  0.000554000  0.000000000 |         54.7 |  0.000000993  0.000061642, -0.000070582  0.000549937
DIFF:  008 |  0.000000000  0.000000363  0.000000000  0.000000000  0.000000000  0.000000000 |          0.1 |  0.000000124 -0.000000002,  0.000000017  0.000000211
MOVE:  008 | -0.000000000  0.000000263 -0.000000000 -0.000000000 -0.000000000  0.000000000 |          0.0 |  0.000000090 -0.000000001,  0.000000078  0.000000207
CONST: 008 | 8 -2.8e-05 -4.67366e-05 0.000293 -0.00019 0.000554 0

ABS:   009 | -0.000028000 -0.000047263  0.000293000 -0.000190000  0.000554000  0.000000000 |         54.6 |  0.000000813  0.000061645, -0.000070499  0.000549721
DIFF:  009 |  0.000000000 -0.000000527  0.000000000  0.000000000  0.000000000  0.000000000 |         -0.1 | -0.000000180  0.000000003,  0.000000083 -0.000000216
MOVE:  009 | -0.000000000 -0.000000263 -0.000000000 -0.000000000 -0.000000000  0.000000000 |         -0.0 | -0.000000090  0.000000001,  0.000000161 -0.000000009
CONST: 009 | 8 -2.8e-05 -4.72634e-05 0.000293 -0.00019 0.000554 0

ABS:   010 | -0.000028000 -0.000046974  0.000293000 -0.000190000  0.000554000  0.000000000 |         54.6 |  0.000000912  0.000061644, -0.000070676  0.000549731
DIFF:  010 |  0.000000000  0.000000290  0.000000000  0.000000000  0.000000000  0.000000000 |          0.0 |  0.000000099 -0.000000001, -0.000000177  0.000000010
MOVE:  010 | -0.000000000  0.000000026 -0.000000000 -0.000000000 -0.000000000  0.000000000 |          0.0 |  0.000000009 -0.000000000, -0.000000016  0.000000001
CONST: 010 | 8 -2.8e-05 -4.69737e-05 0.000293 -0.00019 0.000554 0

ABS:   011 | -0.000028000 -0.000047026  0.000293000 -0.000190000  0.000554000  0.000000000 |         54.6 |  0.000000894  0.000061644, -0.000070644  0.000549729
DIFF:  011 |  0.000000000 -0.000000053  0.000000000  0.000000000  0.000000000  0.000000000 |         -0.0 | -0.000000018  0.000000000,  0.000000032 -0.000000002
MOVE:  011 | -0.000000000 -0.000000026 -0.000000000 -0.000000000 -0.000000000  0.000000000 |         -0.0 | -0.000000009  0.000000000,  0.000000016 -0.000000001
CONST: 011 | 8 -2.8e-05 -4.70263e-05 0.000293 -0.00019 0.000554 0

ABS:   012 | -0.000028000 -0.000047000  0.000298002 -0.000190000  0.000554000  0.000000000 |         54.3 |  0.000000900  0.000061644, -0.000071310  0.000548609
DIFF:  012 |  0.000000000  0.000000026  0.000005002  0.000000000  0.000000000  0.000000000 |         -0.3 |  0.000000006 -0.000000000, -0.000000666 -0.000001120
MOVE:  012 | -0.000000000  0.000000000  0.000005002 -0.000000000 -0.000000000  0.000000000 |         -0.3 | -0.000000003  0.000000000, -0.000000650 -0.000001120
CONST: 012 | 8 -2.8e-05 -4.7e-05 0.000298002 -0.00019 0.000554 0

ABS:   013 | -0.000028000 -0.000047000  0.000287998 -0.000190000  0.000554000  0.000000000 |         54.7 |  0.000000906  0.000061644, -0.000068506  0.000550208
DIFF:  013 |  0.000000000  0.000000000 -0.000010004  0.000000000  0.000000000  0.000000000 |          0.4 |  0.000000006 -0.000000000,  0.000002804  0.000001599
MOVE:  013 | -0.000000000  0.000000000 -0.000005002 -0.000000000 -0.000000000  0.000000000 |          0.1 |  0.000000003 -0.000000000,  0.000002154  0.000000478
CONST: 013 | 8 -2.8e-05 -4.7e-05 0.000287998 -0.00019 0.000554 0

ABS:   014 | -0.000028000 -0.000047000  0.000293500 -0.000190000  0.000554000  0.000000000 |         54.7 |  0.000000903  0.000061644, -0.000070921  0.000549928
DIFF:  014 |  0.000000000  0.000000000  0.000005502  0.000000000  0.000000000  0.000000000 |         -0.0 | -0.000000003  0.000000000, -0.000002415 -0.000000280
MOVE:  014 | -0.000000000  0.000000000  0.000000500 -0.000000000 -0.000000000  0.000000000 |          0.1 | -0.000000000  0.000000000, -0.000000261  0.000000198
CONST: 014 | 8 -2.8e-05 -4.7e-05 0.0002935 -0.00019 0.000554 0

ABS:   015 | -0.000028000 -0.000047000  0.000292500 -0.000190000  0.000554000  0.000000000 |         54.6 |  0.000000904  0.000061644, -0.000070160  0.000549730
DIFF:  015 |  0.000000000  0.000000000 -0.000001000  0.000000000  0.000000000  0.000000000 |         -0.1 |  0.000000001 -0.000000000,  0.000000761 -0.000000198
MOVE:  015 | -0.000000000  0.000000000 -0.000000500 -0.000000000 -0.000000000  0.000000000 |         -0.0 |  0.000000000 -0.000000000,  0.000000500  0.000000000
CONST: 015 | 8 -2.8e-05 -4.7e-05 0.0002925 -0.00019 0.000554 0

ABS:   016 | -0.000028000 -0.000047000  0.000293050 -0.000190000  0.000554000  0.000000000 |         54.6 |  0.000000903  0.000061644, -0.000070710  0.000549730
DIFF:  016 |  0.000000000  0.000000000  0.000000550  0.000000000  0.000000000  0.000000000 |          0.0 | -0.000000000  0.000000000, -0.000000550 -0.000000000
MOVE:  016 | -0.000000000  0.000000000  0.000000050 -0.000000000 -0.000000000  0.000000000 |          0.0 | -0.000000000  0.000000000, -0.000000050 -0.000000000
CONST: 016 | 8 -2.8e-05 -4.7e-05 0.00029305 -0.00019 0.000554 0

ABS:   017 | -0.000028000 -0.000047000  0.000292950 -0.000190000  0.000554000  0.000000000 |         54.6 |  0.000000903  0.000061644, -0.000070610  0.000549730
DIFF:  017 |  0.000000000  0.000000000 -0.000000100  0.000000000  0.000000000  0.000000000 |         -0.0 |  0.000000000 -0.000000000,  0.000000100  0.000000000
MOVE:  017 | -0.000000000  0.000000000 -0.000000050 -0.000000000 -0.000000000  0.000000000 |         -0.0 |  0.000000000 -0.000000000,  0.000000050  0.000000000
CONST: 017 | 8 -2.8e-05 -4.7e-05 0.00029295 -0.00019 0.000554 0

ABS:   018 | -0.000028000 -0.000047000  0.000293000 -0.000186000  0.000554000  0.000000000 |         54.6 |  0.000000948  0.000061645, -0.000070786  0.000549731
DIFF:  018 |  0.000000000  0.000000000  0.000000050  0.000004000  0.000000000  0.000000000 |          0.0 |  0.000000045  0.000000001, -0.000000176  0.000000001
MOVE:  018 | -0.000000000  0.000000000 -0.000000000  0.000004000 -0.000000000  0.000000000 |          0.0 |  0.000000045  0.000000001, -0.000000126  0.000000001
CONST: 018 | 8 -2.8e-05 -4.7e-05 0.000293 -0.000186 0.000554 0

ABS:   019 | -0.000028000 -0.000047000  0.000293000 -0.000194000  0.000554000  0.000000000 |         54.6 |  0.000000858  0.000061643, -0.000070535  0.000549728
DIFF:  019 |  0.000000000  0.000000000  0.000000000 -0.000008000  0.000000000  0.000000000 |         -0.0 | -0.000000090 -0.000000002,  0.000000251 -0.000000003
MOVE:  019 | -0.000000000  0.000000000 -0.000000000 -0.000004000 -0.000000000  0.000000000 |         -0.0 | -0.000000045 -0.000000001,  0.000000126 -0.000000001
CONST: 019 | 8 -2.8e-05 -4.7e-05 0.000293 -0.000194 0.000554 0

ABS:   020 | -0.000028000 -0.000047000  0.000293000 -0.000183038  0.000554000  0.000000000 |         54.7 |  0.000000982  0.000061645, -0.000070640  0.000549931
DIFF:  020 |  0.000000000  0.000000000  0.000000000  0.000010962  0.000000000  0.000000000 |          0.1 |  0.000000123  0.000000002, -0.000000105  0.000000202
MOVE:  020 | -0.000000000  0.000000000 -0.000000000  0.000006962 -0.000000000  0.000000000 |          0.0 |  0.000000078  0.000000002,  0.000000020  0.000000201
CONST: 020 | 8 -2.8e-05 -4.7e-05 0.000293 -0.000183038 0.000554 0

ABS:   021 | -0.000028000 -0.000047000  0.000293000 -0.000196962  0.000554000  0.000000000 |         54.6 |  0.000000825  0.000061642, -0.000070442  0.000549727
DIFF:  021 |  0.000000000  0.000000000  0.000000000 -0.000013925  0.000000000  0.000000000 |         -0.1 | -0.000000156 -0.000000003,  0.000000198 -0.000000203
MOVE:  021 | -0.000000000  0.000000000 -0.000000000 -0.000006962 -0.000000000  0.000000000 |         -0.0 | -0.000000078 -0.000000002,  0.000000219 -0.000000003
CONST: 021 | 8 -2.8e-05 -4.7e-05 0.000293 -0.000196962 0.000554 0

ABS:   022 | -0.000028000 -0.000047000  0.000293000 -0.000189304  0.000554000  0.000000000 |         54.6 |  0.000000911  0.000061644, -0.000070682  0.000549730
DIFF:  022 |  0.000000000  0.000000000  0.000000000  0.000007658  0.000000000  0.000000000 |          0.0 |  0.000000086  0.000000002, -0.000000240  0.000000003
MOVE:  022 | -0.000000000  0.000000000 -0.000000000  0.000000696 -0.000000000  0.000000000 |          0.0 |  0.000000008  0.000000000, -0.000000022  0.000000000
CONST: 022 | 8 -2.8e-05 -4.7e-05 0.000293 -0.000189304 0.000554 0

ABS:   023 | -0.000028000 -0.000047000  0.000293000 -0.000190696  0.000554000  0.000000000 |         54.6 |  0.000000895  0.000061644, -0.000070638  0.000549729
DIFF:  023 |  0.000000000  0.000000000  0.000000000 -0.000001392  0.000000000  0.000000000 |         -0.0 | -0.000000016 -0.000000000,  0.000000044 -0.000000001
MOVE:  023 | -0.000000000  0.000000000 -0.000000000 -0.000000696 -0.000000000  0.000000000 |         -0.0 | -0.000000008 -0.000000000,  0.000000022 -0.000000000
CONST: 023 | 8 -2.8e-05 -4.7e-05 0.000293 -0.000190696 0.000554 0

ABS:   024 | -0.000028000 -0.000047000  0.000293000 -0.000190000  0.000564001  0.000000000 |         54.6 |  0.000000616  0.000061634, -0.000070671  0.000549735
DIFF:  024 |  0.000000000  0.000000000  0.000000000  0.000000696  0.000010001  0.000000000 |          0.0 | -0.000000280 -0.000000010, -0.000000033  0.000000005
MOVE:  024 | -0.000000000  0.000000000 -0.000000000 -0.000000000  0.000010001  0.000000000 |          0.0 | -0.000000288 -0.000000010, -0.000000011  0.000000005
CONST: 024 | 8 -2.8e-05 -4.7e-05 0.000293 -0.00019 0.000564001 0

ABS:   025 | -0.000028000 -0.000047000  0.000293000 -0.000190000  0.000543999  0.000000000 |         54.6 |  0.000001450  0.000061465, -0.000070649  0.000549725
DIFF:  025 |  0.000000000  0.000000000  0.000000000  0.000000000 -0.000020001  0.000000000 |         -0.0 |  0.000000834 -0.000000169,  0.000000022 -0.000000010
MOVE:  025 | -0.000000000  0.000000000 -0.000000000 -0.000000000 -0.000010001  0.000000000 |         -0.0 |  0.000000546 -0.000000179,  0.000000011 -0.000000005
CONST: 025 | 8 -2.8e-05 -4.7e-05 0.000293 -0.00019 0.000543999 0

ABS:   026 | -0.000028000 -0.000047000  0.000293000 -0.000190000  0.000555000  0.000000000 |         54.6 |  0.000000875  0.000061643, -0.000070661  0.000549730
DIFF:  026 |  0.000000000  0.000000000  0.000000000  0.000000000  0.000011001  0.000000000 |          0.0 | -0.000000575  0.000000178, -0.000000012  0.000000006
MOVE:  026 | -0.000000000  0.000000000 -0.000000000 -0.000000000  0.000001000  0.000000000 |          0.0 | -0.000000029 -0.000000001, -0.000000001  0.000000001
CONST: 026 | 8 -2.8e-05 -4.7e-05 0.000293 -0.00019 0.000555 0

ABS:   027 | -0.000028000 -0.000047000  0.000293000 -0.000190000  0.000553000  0.000000000 |         54.6 |  0.000000932  0.000061645, -0.000070659  0.000549729
DIFF:  027 |  0.000000000  0.000000000  0.000000000  0.000000000 -0.000002000  0.000000000 |         -0.0 |  0.000000058  0.000000002,  0.000000002 -0.000000001
MOVE:  027 | -0.000000000  0.000000000 -0.000000000 -0.000000000 -0.000001000  0.000000000 |         -0.0 |  0.000000029  0.000000001,  0.000000001 -0.000000001
CONST: 027 | 8 -2.8e-05 -4.7e-05 0.000293 -0.00019 0.000553 0

ABS:   028 | -0.000028000 -0.000047000  0.000293000 -0.000190000  0.000559694  0.000000000 |         54.6 |  0.000000739  0.000061638, -0.000070666  0.000549733
DIFF:  028 |  0.000000000  0.000000000  0.000000000  0.000000000  0.000006694  0.000000000 |          0.0 | -0.000000193 -0.000000007, -0.000000007  0.000000003
MOVE:  028 | -0.000000000  0.000000000 -0.000000000 -0.000000000  0.000005694  0.000000000 |          0.0 | -0.000000164 -0.000000006, -0.000000006  0.000000003
CONST: 028 | 8 -2.8e-05 -4.7e-05 0.000293 -0.00019 0.000559694 0

ABS:   029 | -0.000028000 -0.000047000  0.000293000 -0.000190000  0.000548306  0.000000000 |         54.6 |  0.000001325  0.000061461, -0.000070654  0.000549727
DIFF:  029 |  0.000000000  0.000000000  0.000000000  0.000000000 -0.000011389  0.000000000 |         -0.0 |  0.000000585 -0.000000177,  0.000000012 -0.000000006
MOVE:  029 | -0.000000000  0.000000000 -0.000000000 -0.000000000 -0.000005694  0.000000000 |         -0.0 |  0.000000422 -0.000000182,  0.000000006 -0.000000003
CONST: 029 | 8 -2.8e-05 -4.7e-05 0.000293 -0.00019 0.000548306 0

ABS:   030 | -0.000028000 -0.000047000  0.000293000 -0.000190000  0.000554000  0.000002000 |         54.6 |  0.000000896  0.000061644, -0.000070656  0.000549729
DIFF:  030 |  0.000000000  0.000000000  0.000000000  0.000000000  0.000005694  0.000002000 |          0.0 | -0.000000429  0.000000182, -0.000000002  0.000000002
MOVE:  030 | -0.000000000  0.000000000 -0.000000000 -0.000000000 -0.000000000  0.000002000 |         -0.0 | -0.000000007 -0.000000000,  0.000000005 -0.000000001
CONST: 030 | 8 -2.8e-05 -4.7e-05 0.000293 -0.00019 0.000554 2.00001e-06

ABS:   031 | -0.000028000 -0.000047000  0.000293000 -0.000190000  0.000554000 -0.000002000 |         54.6 |  0.000000910  0.000061644, -0.000070665  0.000549730
DIFF:  031 |  0.000000000  0.000000000  0.000000000  0.000000000  0.000000000 -0.000004000 |          0.0 |  0.000000014  0.000000000, -0.000000009  0.000000001
MOVE:  031 | -0.000000000  0.000000000 -0.000000000 -0.000000000 -0.000000000 -0.000002000 |          0.0 |  0.000000007  0.000000000, -0.000000005  0.000000001
CONST: 031 | 8 -2.8e-05 -4.7e-05 0.000293 -0.00019 0.000554 -2.00001e-06

ABS:   032 | -0.000028000 -0.000047000  0.000293000 -0.000190000  0.000554000  0.000020000 |         54.6 |  0.000000834  0.000061643, -0.000070615  0.000549723
DIFF:  032 |  0.000000000  0.000000000  0.000000000  0.000000000  0.000000000  0.000022000 |         -0.0 | -0.000000077 -0.000000000,  0.000000050 -0.000000008
MOVE:  032 | -0.000000000  0.000000000 -0.000000000 -0.000000000 -0.000000000  0.000020000 |         -0.0 | -0.000000070 -0.000000000,  0.000000046 -0.000000007
CONST: 032 | 8 -2.8e-05 -4.7e-05 0.000293 -0.00019 0.000554 2.00001e-05

ABS:   033 | -0.000028000 -0.000047000  0.000293000 -0.000190000  0.000554000 -0.000020000 |         54.6 |  0.000000973  0.000061644, -0.000070706  0.000549737
DIFF:  033 |  0.000000000  0.000000000  0.000000000  0.000000000  0.000000000 -0.000040000 |          0.0 |  0.000000139  0.000000000, -0.000000091  0.000000014
MOVE:  033 | -0.000000000  0.000000000 -0.000000000 -0.000000000 -0.000000000 -0.000020000 |          0.0 |  0.000000070  0.000000000, -0.000000046  0.000000007
CONST: 033 | 8 -2.8e-05 -4.7e-05 0.000293 -0.00019 0.000554 -2.00001e-05

ABS:   034 | -0.000028000 -0.000047000  0.000293000 -0.000190000  0.000548306  0.000000000 |         54.6 |  0.000001325  0.000061461, -0.000070654  0.000549727
DIFF:  034 |  0.000000000  0.000000000  0.000000000  0.000000000 -0.000005694  0.000020000 |         -0.0 |  0.000000352 -0.000000183,  0.000000052 -0.000000010
MOVE:  034 | -0.000000000  0.000000000 -0.000000000 -0.000000000 -0.000005694  0.000000000 |         -0.0 |  0.000000422 -0.000000182,  0.000000006 -0.000000003
CONST: 034 | 8 -2.8e-05 -4.7e-05 0.000293 -0.00019 0.000548306 0

ABS:   035 | -0.000028000 -0.000047000  0.000293000 -0.000190000  0.000525528  0.000000000 |         54.6 |  0.000001983  0.000061478, -0.000070629  0.000549715
DIFF:  035 |  0.000000000  0.000000000  0.000000000  0.000000000 -0.000022777  0.000000000 |         -0.0 |  0.000000659  0.000000017,  0.000000025 -0.000000012
MOVE:  035 | -0.000000000  0.000000000 -0.000000000 -0.000000000 -0.000028472  0.000000000 |         -0.0 |  0.000001080 -0.000000165,  0.000000031 -0.000000015
CONST: 035 | 8 -2.8e-05 -4.7e-05 0.000293 -0.00019 0.000525528 0

ABS:   036 | -0.000028000 -0.000047000  0.000293000 -0.000190000  0.000536223  0.000000000 |         54.6 |  0.000001926  0.000061646, -0.000070641  0.000549721
DIFF:  036 |  0.000000000  0.000000000  0.000000000  0.000000000  0.000010695  0.000000000 |          0.0 | -0.000000058  0.000000168, -0.000000012  0.000000005
MOVE:  036 | -0.000000000  0.000000000 -0.000000000 -0.000000000 -0.000017777  0.000000000 |         -0.0 |  0.000001023  0.000000003,  0.000000019 -0.000000009
CONST: 036 | 8 -2.8e-05 -4.7e-05 0.000293 -0.00019 0.000536223 0

ABS:   037 | -0.000028000 -0.000047000  0.000293000 -0.000190000  0.000468585  0.000000000 |         54.6 |  0.000001844  0.000062462, -0.000070567  0.000549686
DIFF:  037 |  0.000000000  0.000000000  0.000000000  0.000000000 -0.000067639  0.000000000 |          0.0 | -0.000000082  0.000000816,  0.000000074 -0.000000035
MOVE:  037 | -0.000000000  0.000000000 -0.000000000 -0.000000000 -0.000085415  0.000000000 |          0.0 |  0.000000941  0.000000819,  0.000000094 -0.000000044
CONST: 037 | 8 -2.8e-05 -4.7e-05 0.000293 -0.00019 0.000468585 0

ABS:   038 | -0.000028000 -0.000047000  0.000293000 -0.000190000  0.000497056  0.000000000 |         54.6 |  0.000001778  0.000062244, -0.000070598  0.000549701
DIFF:  038 |  0.000000000  0.000000000  0.000000000  0.000000000  0.000028472  0.000000000 |         -0.0 | -0.000000066 -0.000000218, -0.000000031  0.000000014
MOVE:  038 | -0.000000000  0.000000000 -0.000000000 -0.000000000 -0.000056944  0.000000000 |          0.0 |  0.000000875  0.000000600,  0.000000062 -0.000000029
CONST: 038 | 8 -2.8e-05 -4.7e-05 0.000293 -0.00019 0.000497056 0

ABS:   039 | -0.000028000 -0.000047000  0.000293000 -0.000190000  0.000511292  0.000000000 |         54.6 |  0.000001365  0.000062238, -0.000070613  0.000549708
DIFF:  039 |  0.000000000  0.000000000  0.000000000  0.000000000  0.000014236  0.000000000 |          0.0 | -0.000000414 -0.000000006, -0.000000016  0.000000007
MOVE:  039 | -0.000000000  0.000000000 -0.000000000 -0.000000000 -0.000042708  0.000000000 |          0.0 |  0.000000461  0.000000594,  0.000000047 -0.000000022
CONST: 039 | 8 -2.8e-05 -4.7e-05 0.000293 -0.00019 0.000511292 0

ABS:   040 | -0.000028000 -0.000047000  0.000293000 -0.000190000  0.000518410  0.000000000 |         54.6 |  0.000001415  0.000062050, -0.000070621  0.000549711
DIFF:  040 |  0.000000000  0.000000000  0.000000000  0.000000000  0.000007118  0.000000000 |         -0.0 |  0.000000050 -0.000000188, -0.000000008  0.000000004
MOVE:  040 | -0.000000000  0.000000000 -0.000000000 -0.000000000 -0.000035590  0.000000000 |          0.0 |  0.000000511  0.000000406,  0.000000039 -0.000000018
CONST: 040 | 8 -2.8e-05 -4.7e-05 0.000293 -0.00019 0.00051841 0

ABS:   041 | -0.000028000 -0.000047000  0.000293000 -0.000190000  0.000521969  0.000000000 |         54.6 |  0.000001827  0.000061672, -0.000070625  0.000549713
DIFF:  041 |  0.000000000  0.000000000  0.000000000  0.000000000  0.000003559  0.000000000 |         -0.0 |  0.000000412 -0.000000378, -0.000000004  0.000000002
MOVE:  041 | -0.000000000  0.000000000 -0.000000000 -0.000000000 -0.000032031  0.000000000 |         -0.0 |  0.000000924  0.000000028,  0.000000035 -0.000000016
CONST: 041 | 8 -2.8e-05 -4.7e-05 0.000293 -0.00019 0.000521969 0

ABS:   042 | -0.000028000 -0.000047000  0.000293000 -0.000190000  0.000536516  0.000000000 |         54.6 |  0.000001917  0.000061646, -0.000070641  0.000549721
DIFF:  042 |  0.000000000  0.000000000  0.000000000  0.000000000  0.000014547  0.000000000 |          0.0 |  0.000000090 -0.000000026, -0.000000016  0.000000007
MOVE:  042 | -0.000000000  0.000000000 -0.000000000 -0.000000000 -0.000017484  0.000000000 |         -0.0 |  0.000001014  0.000000003,  0.000000019 -0.000000009
CONST: 042 | 8 -2.8e-05 -4.7e-05 0.000293 -0.00019 0.000536516 0

ABS:   043 | -0.000028000 -0.000047000  0.000293000 -0.000190000  0.000531022  0.000000000 |         54.6 |  0.000001825  0.000061475, -0.000070635  0.000549718
DIFF:  043 |  0.000000000  0.000000000  0.000000000  0.000000000 -0.000005494  0.000000000 |         -0.0 | -0.000000092 -0.000000172,  0.000000006 -0.000000003
MOVE:  043 | -0.000000000  0.000000000 -0.000000000 -0.000000000 -0.000022978  0.000000000 |         -0.0 |  0.000000922 -0.000000169,  0.000000025 -0.000000012
CONST: 043 | 8 -2.8e-05 -4.7e-05 0.000293 -0.00019 0.000531022 0

ABS:   044 | -0.000028000 -0.000047000  0.000293000 -0.000190000  0.000522254  0.000000000 |         54.6 |  0.000001819  0.000061672, -0.000070625  0.000549713
DIFF:  044 |  0.000000000  0.000000000  0.000000000  0.000000000 -0.000008768  0.000000000 |          0.0 | -0.000000006  0.000000197,  0.000000010 -0.000000004
MOVE:  044 | -0.000000000  0.000000000 -0.000000000 -0.000000000 -0.000031746  0.000000000 |         -0.0 |  0.000000915  0.000000028,  0.000000035 -0.000000016
CONST: 044 | 8 -2.8e-05 -4.7e-05 0.000293 -0.00019 0.000522254 0

ABS:   045 | -0.000027782 -0.000047000  0.000293000 -0.000190000  0.000525528  0.000000000 |         54.6 |  0.000001427  0.000062045, -0.000070629  0.000549715
DIFF:  045 |  0.000000218  0.000000000  0.000000000  0.000000000  0.000003274  0.000000000 |          0.0 | -0.000000392  0.000000374, -0.000000004  0.000000002
MOVE:  045 |  0.000000218  0.000000000 -0.000000000 -0.000000000 -0.000028472  0.000000000 |          0.0 |  0.000000524  0.000000402,  0.000000031 -0.000000015
CONST: 045 | 8 -2.77819e-05 -4.7e-05 0.000293 -0.00019 0.000525528 0

ABS:   046 | -0.000028218 -0.000047000  0.000293000 -0.000190000  0.000525528  0.000000000 |         54.6 |  0.000001765  0.000061478, -0.000070629  0.000549715
DIFF:  046 | -0.000000436  0.000000000  0.000000000  0.000000000  0.000000000  0.000000000 |         -0.0 |  0.000000338 -0.000000567,  0.000000000 -0.000000000
MOVE:  046 | -0.000000218  0.000000000 -0.000000000 -0.000000000 -0.000028472  0.000000000 |         -0.0 |  0.000000862 -0.000000165,  0.000000031 -0.000000015
CONST: 046 | 8 -2.82181e-05 -4.7e-05 0.000293 -0.00019 0.000525528 0

ABS:   047 | -0.000027978 -0.000047000  0.000293000 -0.000190000  0.000525528  0.000000000 |         54.6 |  0.000002005  0.000061478, -0.000070629  0.000549715
DIFF:  047 |  0.000000240  0.000000000  0.000000000  0.000000000  0.000000000  0.000000000 |          0.0 |  0.000000240  0.000000000, -0.000000000  0.000000000
MOVE:  047 |  0.000000022  0.000000000 -0.000000000 -0.000000000 -0.000028472  0.000000000 |         -0.0 |  0.000001102 -0.000000165,  0.000000031 -0.000000015
CONST: 047 | 8 -2.79782e-05 -4.7e-05 0.000293 -0.00019 0.000525528 0

ABS:   048 | -0.000028022 -0.000047000  0.000293000 -0.000190000  0.000525528  0.000000000 |         54.6 |  0.000001962  0.000061478, -0.000070629  0.000549715
DIFF:  048 | -0.000000044  0.000000000  0.000000000  0.000000000  0.000000000  0.000000000 |         -0.0 | -0.000000044  0.000000000,  0.000000000 -0.000000000
MOVE:  048 | -0.000000022  0.000000000 -0.000000000 -0.000000000 -0.000028472  0.000000000 |         -0.0 |  0.000001058 -0.000000165,  0.000000031 -0.000000015
CONST: 048 | 8 -2.80218e-05 -4.7e-05 0.000293 -0.00019 0.000525528 0

ABS:   049 | -0.000027782 -0.000047000  0.000293000 -0.000190000  0.000525528  0.000000000 |         54.6 |  0.000001427  0.000062045, -0.000070629  0.000549715
DIFF:  049 |  0.000000240  0.000000000  0.000000000  0.000000000  0.000000000  0.000000000 |          0.0 | -0.000000535  0.000000567, -0.000000000  0.000000000
MOVE:  049 |  0.000000218  0.000000000 -0.000000000 -0.000000000 -0.000028472  0.000000000 |          0.0 |  0.000000524  0.000000402,  0.000000031 -0.000000015
CONST: 049 | 8 -2.77819e-05 -4.7e-05 0.000293 -0.00019 0.000525528 0

ABS:   050 | -0.000028218 -0.000047000  0.000293000 -0.000190000  0.000525528  0.000000000 |         54.6 |  0.000001765  0.000061478, -0.000070629  0.000549715
DIFF:  050 | -0.000000436  0.000000000  0.000000000  0.000000000  0.000000000  0.000000000 |         -0.0 |  0.000000338 -0.000000567,  0.000000000 -0.000000000
MOVE:  050 | -0.000000218  0.000000000 -0.000000000 -0.000000000 -0.000028472  0.000000000 |         -0.0 |  0.000000862 -0.000000165,  0.000000031 -0.000000015
CONST: 050 | 8 -2.82181e-05 -4.7e-05 0.000293 -0.00019 0.000525528 0

ABS:   051 | -0.000028000 -0.000046737  0.000293000 -0.000190000  0.000525528  0.000000000 |         54.6 |  0.000002073  0.000061477, -0.000070790  0.000549724
DIFF:  051 |  0.000000218  0.000000263  0.000000000  0.000000000  0.000000000  0.000000000 |          0.0 |  0.000000308 -0.000000002, -0.000000161  0.000000009
MOVE:  051 | -0.000000000  0.000000263 -0.000000000 -0.000000000 -0.000028472  0.000000000 |         -0.0 |  0.000001170 -0.000000167, -0.000000130 -0.000000006
CONST: 051 | 8 -2.8e-05 -4.67366e-05 0.000293 -0.00019 0.000525528 0

ABS:   052 | -0.000028000 -0.000047263  0.000293000 -0.000190000  0.000525528  0.000000000 |         54.6 |  0.000001894  0.000061480, -0.000070468  0.000549706
DIFF:  052 |  0.000000000 -0.000000527  0.000000000  0.000000000  0.000000000  0.000000000 |         -0.0 | -0.000000179  0.000000004,  0.000000322 -0.000000018
MOVE:  052 | -0.000000000 -0.000000263 -0.000000000 -0.000000000 -0.000028472  0.000000000 |         -0.0 |  0.000000990 -0.000000163,  0.000000192 -0.000000023
CONST: 052 | 8 -2.8e-05 -4.72634e-05 0.000293 -0.00019 0.000525528 0

ABS:   053 | -0.000028000 -0.000047000  0.000293276 -0.000190000  0.000525528  0.000000000 |         54.6 |  0.000001983  0.000061478, -0.000070905  0.000549715
DIFF:  053 |  0.000000000  0.000000263  0.000000276  0.000000000  0.000000000  0.000000000 |          0.0 |  0.000000089 -0.000000002, -0.000000437  0.000000009
MOVE:  053 | -0.000000000  0.000000000  0.000000276 -0.000000000 -0.000028472  0.000000000 |         -0.0 |  0.000001080 -0.000000165, -0.000000245 -0.000000015
CONST: 053 | 8 -2.8e-05 -4.7e-05 0.000293276 -0.00019 0.000525528 0

ABS:   054 | -0.000028000 -0.000047000  0.000292724 -0.000190000  0.000525528  0.000000000 |         54.6 |  0.000001984  0.000061478, -0.000070353  0.000549715
DIFF:  054 |  0.000000000  0.000000000 -0.000000552  0.000000000  0.000000000  0.000000000 |         -0.0 |  0.000000000 -0.000000000,  0.000000552  0.000000000
MOVE:  054 | -0.000000000  0.000000000 -0.000000276 -0.000000000 -0.000028472  0.000000000 |         -0.0 |  0.000001080 -0.000000165,  0.000000307 -0.000000015
CONST: 054 | 8 -2.8e-05 -4.7e-05 0.000292724 -0.00019 0.000525528 0

ABS:   055 | -0.000028000 -0.000047000  0.000293000 -0.000183038  0.000525528  0.000000000 |         54.6 |  0.000001803  0.000061671, -0.000070848  0.000549718
DIFF:  055 |  0.000000000  0.000000000  0.000000276  0.000006962  0.000000000  0.000000000 |          0.0 | -0.000000181  0.000000192, -0.000000494  0.000000003
MOVE:  055 | -0.000000000  0.000000000 -0.000000000  0.000006962 -0.000028472  0.000000000 |          0.0 |  0.000000899  0.000000027, -0.000000187 -0.000000012
CONST: 055 | 8 -2.8e-05 -4.7e-05 0.000293 -0.000183038 0.000525528 0

ABS:   056 | -0.000028000 -0.000047000  0.000293000 -0.000196962  0.000525528  0.000000000 |         54.6 |  0.000001905  0.000061477, -0.000070410  0.000549713
DIFF:  056 |  0.000000000  0.000000000  0.000000000 -0.000013923  0.000000000  0.000000000 |         -0.0 |  0.000000102 -0.000000193,  0.000000437 -0.000000005
MOVE:  056 | -0.000000000  0.000000000 -0.000000000 -0.000006962 -0.000028472  0.000000000 |         -0.0 |  0.000001002 -0.000000166,  0.000000250 -0.000000017
CONST: 056 | 8 -2.8e-05 -4.7e-05 0.000293 -0.000196962 0.000525528 0

ABS:   057 | -0.000028000 -0.000047000  0.000293000 -0.000189304  0.000525528  0.000000000 |         54.6 |  0.000001991  0.000061479, -0.000070651  0.000549715
DIFF:  057 |  0.000000000  0.000000000  0.000000000  0.000007658  0.000000000  0.000000000 |          0.0 |  0.000000086  0.000000001, -0.000000240  0.000000003
MOVE:  057 | -0.000000000  0.000000000 -0.000000000  0.000000696 -0.000028472  0.000000000 |         -0.0 |  0.000001088 -0.000000165,  0.000000009 -0.000000014
CONST: 057 | 8 -2.8e-05 -4.7e-05 0.000293 -0.000189304 0.000525528 0

ABS:   058 | -0.000028000 -0.000047000  0.000293000 -0.000190696  0.000525528  0.000000000 |         54.6 |  0.000001976  0.000061478, -0.000070607  0.000549715
DIFF:  058 |  0.000000000  0.000000000  0.000000000 -0.000001392  0.000000000  0.000000000 |         -0.0 | -0.000000016 -0.000000000,  0.000000044 -0.000000001
MOVE:  058 | -0.000000000  0.000000000 -0.000000000 -0.000000696 -0.000028472  0.000000000 |         -0.0 |  0.000001072 -0.000000165,  0.000000053 -0.000000015
CONST: 058 | 8 -2.8e-05 -4.7e-05 0.000293 -0.000190696 0.000525528 0

ABS:   059 | -0.000028000 -0.000047000  0.000293000 -0.000183038  0.000525528  0.000000000 |         54.6 |  0.000001803  0.000061671, -0.000070848  0.000549718
DIFF:  059 |  0.000000000  0.000000000  0.000000000  0.000007658  0.000000000  0.000000000 |          0.0 | -0.000000173  0.000000192, -0.000000240  0.000000003
MOVE:  059 | -0.000000000  0.000000000 -0.000000000  0.000006962 -0.000028472  0.000000000 |          0.0 |  0.000000899  0.000000027, -0.000000187 -0.000000012
CONST: 059 | 8 -2.8e-05 -4.7e-05 0.000293 -0.000183038 0.000525528 0

ABS:   060 | -0.000028000 -0.000047000  0.000293000 -0.000196962  0.000525528  0.000000000 |         54.6 |  0.000001905  0.000061477, -0.000070410  0.000549713
DIFF:  060 |  0.000000000  0.000000000  0.000000000 -0.000013923  0.000000000  0.000000000 |         -0.0 |  0.000000102 -0.000000193,  0.000000437 -0.000000005
MOVE:  060 | -0.000000000  0.000000000 -0.000000000 -0.000006962 -0.000028472  0.000000000 |         -0.0 |  0.000001002 -0.000000166,  0.000000250 -0.000000017
CONST: 060 | 8 -2.8e-05 -4.7e-05 0.000293 -0.000196962 0.000525528 0

ABS:   061 | -0.000028000 -0.000047000  0.000293000 -0.000190000  0.000526098  0.000000000 |         54.6 |  0.000001967  0.000061478, -0.000070630  0.000549715
DIFF:  061 |  0.000000000  0.000000000  0.000000000  0.000006962  0.000000569  0.000000000 |          0.0 |  0.000000062  0.000000001, -0.000000219  0.000000003
MOVE:  061 | -0.000000000  0.000000000 -0.000000000 -0.000000000 -0.000027902  0.000000000 |         -0.0 |  0.000001064 -0.000000166,  0.000000031 -0.000000014
CONST: 061 | 8 -2.8e-05 -4.7e-05 0.000293 -0.00019 0.000526098 0

ABS:   062 | -0.000028000 -0.000047000  0.000293000 -0.000190000  0.000524959  0.000000000 |         54.6 |  0.000002000  0.000061479, -0.000070628  0.000549715
DIFF:  062 |  0.000000000  0.000000000  0.000000000  0.000000000 -0.000001139  0.000000000 |         -0.0 |  0.000000033  0.000000001,  0.000000001 -0.000000001
MOVE:  062 | -0.000000000  0.000000000 -0.000000000 -0.000000000 -0.000029041  0.000000000 |         -0.0 |  0.000001097 -0.000000165,  0.000000032 -0.000000015
CONST: 062 | 8 -2.8e-05 -4.7e-05 0.000293 -0.00019 0.000524959 0

ABS:   063 | -0.000028000 -0.000047000  0.000293000 -0.000190000  0.000531223  0.000000000 |         54.6 |  0.000001819  0.000061475, -0.000070635  0.000549718
DIFF:  063 |  0.000000000  0.000000000  0.000000000  0.000000000  0.000006264  0.000000000 |          0.0 | -0.000000181 -0.000000004, -0.000000007  0.000000003
MOVE:  063 | -0.000000000  0.000000000 -0.000000000 -0.000000000 -0.000022777  0.000000000 |         -0.0 |  0.000000916 -0.000000169,  0.000000025 -0.000000012
CONST: 063 | 8 -2.8e-05 -4.7e-05 0.000293 -0.00019 0.000531223 0

ABS:   064 | -0.000028000 -0.000047000  0.000293000 -0.000190000  0.000519834  0.000000000 |         54.6 |  0.000001631  0.000061862, -0.000070623  0.000549712
DIFF:  064 |  0.000000000  0.000000000  0.000000000  0.000000000 -0.000011389  0.000000000 |          0.0 | -0.000000189  0.000000387,  0.000000012 -0.000000006
MOVE:  064 | -0.000000000  0.000000000 -0.000000000 -0.000000000 -0.000034166  0.000000000 |          0.0 |  0.000000727  0.000000218,  0.000000037 -0.000000018
CONST: 064 | 8 -2.8e-05 -4.7e-05 0.000293 -0.00019 0.000519834 0

ABS:   065 | -0.000028000 -0.000047000  0.000293000 -0.000190000  0.000526098  0.000000000 |         54.6 |  0.000001967  0.000061478, -0.000070630  0.000549715
DIFF:  065 |  0.000000000  0.000000000  0.000000000  0.000000000  0.000006264  0.000000000 |         -0.0 |  0.000000336 -0.000000384, -0.000000007  0.000000003
MOVE:  065 | -0.000000000  0.000000000 -0.000000000 -0.000000000 -0.000027902  0.000000000 |         -0.0 |  0.000001064 -0.000000166,  0.000000031 -0.000000014
CONST: 065 | 8 -2.8e-05 -4.7e-05 0.000293 -0.00019 0.000526098 0

ABS:   066 | -0.000028000 -0.000047000  0.000293000 -0.000190000  0.000524959  0.000000000 |         54.6 |  0.000002000  0.000061479, -0.000070628  0.000549715
DIFF:  066 |  0.000000000  0.000000000  0.000000000  0.000000000 -0.000001139  0.000000000 |         -0.0 |  0.000000033  0.000000001,  0.000000001 -0.000000001
MOVE:  066 | -0.000000000  0.000000000 -0.000000000 -0.000000000 -0.000029041  0.000000000 |         -0.0 |  0.000001097 -0.000000165,  0.000000032 -0.000000015
CONST: 066 | 8 -2.8e-05 -4.7e-05 0.000293 -0.00019 0.000524959 0

ABS:   067 | -0.000028000 -0.000047000  0.000293000 -0.000190000  0.000525528  0.000035358 |         54.6 |  0.000001860  0.000061479, -0.000070548  0.000549703
DIFF:  067 |  0.000000000  0.000000000  0.000000000  0.000000000  0.000000569  0.000035358 |         -0.0 | -0.000000140 -0.000000000,  0.000000080 -0.000000012
MOVE:  067 | -0.000000000  0.000000000 -0.000000000 -0.000000000 -0.000028472  0.000035358 |         -0.0 |  0.000000957 -0.000000165,  0.000000112 -0.000000027
CONST: 067 | 8 -2.8e-05 -4.7e-05 0.000293 -0.00019 0.000525528 3.53579e-05

ABS:   068 | -0.000028000 -0.000047000  0.000293000 -0.000190000  0.000525528 -0.000035358 |         54.6 |  0.000001847  0.000061670, -0.000070710  0.000549728
DIFF:  068 |  0.000000000  0.000000000  0.000000000  0.000000000  0.000000000 -0.000070716 |          0.0 | -0.000000013  0.000000191, -0.000000161  0.000000025
MOVE:  068 | -0.000000000  0.000000000 -0.000000000 -0.000000000 -0.000028472 -0.000035358 |          0.0 |  0.000000944  0.000000026, -0.000000050 -0.000000002
CONST: 068 | 8 -2.8e-05 -4.7e-05 0.000293 -0.00019 0.000525528 -3.53579e-05

ABS:   069 | -0.000028000 -0.000047000  0.000293000 -0.000190000  0.000525528  0.000003536 |         54.6 |  0.000001971  0.000061478, -0.000070621  0.000549714
DIFF:  069 |  0.000000000  0.000000000  0.000000000  0.000000000  0.000000000  0.000038894 |         -0.0 |  0.000000124 -0.000000191,  0.000000089 -0.000000014
MOVE:  069 | -0.000000000  0.000000000 -0.000000000 -0.000000000 -0.000028472  0.000003536 |         -0.0 |  0.000001068 -0.000000165,  0.000000039 -0.000000016
CONST: 069 | 8 -2.8e-05 -4.7e-05 0.000293 -0.00019 0.000525528 3.53579e-06

ABS:   070 | -0.000028000 -0.000047000  0.000293000 -0.000190000  0.000525528 -0.000003536 |         54.6 |  0.000001996  0.000061478, -0.000070637  0.000549716
DIFF:  070 |  0.000000000  0.000000000  0.000000000  0.000000000  0.000000000 -0.000007072 |          0.0 |  0.000000025 -0.000000000, -0.000000016  0.000000003
MOVE:  070 | -0.000000000  0.000000000 -0.000000000 -0.000000000 -0.000028472 -0.000003536 |         -0.0 |  0.000001092 -0.000000165,  0.000000023 -0.000000013
CONST: 070 | 8 -2.8e-05 -4.7e-05 0.000293 -0.00019 0.000525528 -3.53579e-06

ABS:   071 | -0.000028000 -0.000047000  0.000293000 -0.000190000  0.000525528  0.000035356 |         54.6 |  0.000001860  0.000061479, -0.000070548  0.000549703
DIFF:  071 |  0.000000000  0.000000000  0.000000000  0.000000000  0.000000000  0.000038892 |         -0.0 | -0.000000136  0.000000000,  0.000000089 -0.000000014
MOVE:  071 | -0.000000000  0.000000000 -0.000000000 -0.000000000 -0.000028472  0.000035356 |         -0.0 |  0.000000957 -0.000000165,  0.000000112 -0.000000027
CONST: 071 | 8 -2.8e-05 -4.7e-05 0.000293 -0.00019 0.000525528 3.53561e-05

ABS:   072 | -0.000028000 -0.000047000  0.000293000 -0.000190000  0.000525528 -0.000035356 |         54.6 |  0.000001847  0.000061670, -0.000070710  0.000549728
DIFF:  072 |  0.000000000  0.000000000  0.000000000  0.000000000  0.000000000 -0.000070712 |          0.0 | -0.000000013  0.000000191, -0.000000161  0.000000025
MOVE:  072 | -0.000000000  0.000000000 -0.000000000 -0.000000000 -0.000028472 -0.000035356 |          0.0 |  0.000000944  0.000000026, -0.000000050 -0.000000002
CONST: 072 | 8 -2.8e-05 -4.7e-05 0.000293 -0.00019 0.000525528 -3.53561e-05

ABS:   073 | -0.000028111 -0.000103517  0.000222369 -0.000198352  0.000440351  0.000036386 |         55.6 | -0.000004690  0.000060616, -0.000019872  0.000555366
DIFF:  073 | -0.000000111 -0.000056517 -0.000070631 -0.000008352 -0.000085177  0.000071742 |          1.0 | -0.000006537 -0.000001054,  0.000050838  0.000005638
MOVE:  073 | -0.000000111 -0.000056517 -0.000070631 -0.000008352 -0.000113649  0.000036386 |          1.0 | -0.000005593 -0.000001028,  0.000050788  0.000005636
CONST: 073 | 8 -2.8111e-05 -0.000103517 0.000222369 -0.000198352 0.000440351 3.63864e-05

ABS:   074 | -0.000028042 -0.000068239  0.000266469 -0.000193137  0.000493534  0.000013668 |         55.3 | -0.000001862  0.000061980, -0.000049093  0.000553289
DIFF:  074 |  0.000000069  0.000035278  0.000044100  0.000005215  0.000053183 -0.000022719 |         -0.3 |  0.000002828  0.000001364, -0.000029222 -0.000002077
MOVE:  074 | -0.000000042 -0.000021239 -0.000026531 -0.000003137 -0.000060466  0.000013668 |          0.7 | -0.000002765  0.000000336,  0.000021567  0.000003559
CONST: 074 | 8 -2.80417e-05 -6.82387e-05 0.000266469 -0.000193137 0.000493534 1.36676e-05

ABS:   075 | -0.000028013 -0.000053671  0.000284667 -0.000190985  0.000515480  0.000004293 |         54.6 |  0.000000996  0.000061136, -0.000064105  0.000550270
DIFF:  075 |  0.000000029  0.000014568  0.000018198  0.000002152  0.000021946 -0.000009375 |         -0.6 |  0.000002858 -0.000000845, -0.000015012 -0.000003019
MOVE:  075 | -0.000000013 -0.000006671 -0.000008333 -0.000000985 -0.000038520  0.000004293 |          0.0 |  0.000000093 -0.000000508,  0.000006555  0.000000541
CONST: 075 | 8 -2.80131e-05 -5.3671e-05 0.000284667 -0.000190985 0.00051548 4.29263e-06

ABS:   076 | -0.000028006 -0.000050038  0.000289206 -0.000190449  0.000520953  0.000001955 |         54.7 |  0.000001324  0.000061309, -0.000068463  0.000550174
DIFF:  076 |  0.000000007  0.000003633  0.000004539  0.000000537  0.000005473 -0.000002338 |          0.1 |  0.000000328  0.000000173, -0.000004357 -0.000000096
MOVE:  076 | -0.000000006 -0.000003038 -0.000003794 -0.000000449 -0.000033047  0.000001955 |          0.1 |  0.000000421 -0.000000335,  0.000002197  0.000000445
CONST: 076 | 8 -2.8006e-05 -5.00376e-05 0.000289206 -0.000190449 0.000520953 1.95458e-06

ABS:   077 | -0.000028002 -0.000047964  0.000291796 -0.000190142  0.000524076  0.000000620 |         54.6 |  0.000001692  0.000061487, -0.000069698  0.000549906
DIFF:  077 |  0.000000004  0.000002074  0.000002590  0.000000306  0.000003124 -0.000001334 |         -0.1 |  0.000000368  0.000000178, -0.000001236 -0.000000268
MOVE:  077 | -0.000000002 -0.000000964 -0.000001204 -0.000000142 -0.000029924  0.000000620 |          0.0 |  0.000000789 -0.000000157,  0.000000962  0.000000176
CONST: 077 | 8 -2.80019e-05 -4.79639e-05 0.000291796 -0.000190142 0.000524076 6.20248e-07

ABS:   078 | -0.000028001 -0.000047284  0.000292646 -0.000190042  0.000525101  0.000000182 |         54.6 |  0.000001898  0.000061481, -0.000070099  0.000549705
DIFF:  078 |  0.000000001  0.000000680  0.000000850  0.000000100  0.000001025 -0.000000438 |         -0.1 |  0.000000205 -0.000000006, -0.000000401 -0.000000201
MOVE:  078 | -0.000000001 -0.000000284 -0.000000354 -0.000000042 -0.000028899  0.000000182 |         -0.0 |  0.000000994 -0.000000163,  0.000000561 -0.000000024
CONST: 078 | 8 -2.80006e-05 -4.72836e-05 0.000292646 -0.000190042 0.000525101 1.82469e-07

ABS:   079 | -0.000028001 -0.000047341  0.000292574 -0.000190050  0.000525014  0.000000220 |         54.6 |  0.000001880  0.000061481, -0.000070202  0.000549844
DIFF:  079 | -0.000000000 -0.000000058 -0.000000072 -0.000000009 -0.000000087  0.000000037 |          0.0 | -0.000000017  0.000000000, -0.000000103  0.000000139
MOVE:  079 | -0.000000001 -0.000000341 -0.000000426 -0.000000050 -0.000028986  0.000000220 |          0.0 |  0.000000977 -0.000000162,  0.000000458  0.000000114
CONST: 079 | 8 -2.80007e-05 -4.73412e-05 0.000292574 -0.00019005 0.000525014 2.19532e-07

ABS:   080 | -0.000028000 -0.000047154  0.000292808 -0.000190023  0.000525297  0.000000099 |         54.6 |  0.000001937  0.000061480, -0.000070342  0.000549710
DIFF:  080 |  0.000000000  0.000000187  0.000000234  0.000000028  0.000000282 -0.000000121 |         -0.0 |  0.000000057 -0.000000002, -0.000000140 -0.000000134
MOVE:  080 | -0.000000000 -0.000000154 -0.000000192 -0.000000023 -0.000028703  0.000000099 |         -0.0 |  0.000001034 -0.000000164,  0.000000318 -0.000000020
CONST: 080 | 8 -2.80003e-05 -4.71537e-05 0.000292808 -0.000190023 0.000525297 9.89318e-08

ABS:   081 | -0.000027979 -0.000047284  0.000292646 -0.000190042  0.000525101  0.000000182 |         54.6 |  0.000001920  0.000061481, -0.000070099  0.000549705
DIFF:  081 |  0.000000022 -0.000000130 -0.000000162 -0.000000019 -0.000000196  0.000000084 |         -0.0 | -0.000000017  0.000000001,  0.000000242 -0.000000004
MOVE:  081 |  0.000000021 -0.000000284 -0.000000354 -0.000000042 -0.000028899  0.000000182 |         -0.0 |  0.000001016 -0.000000163,  0.000000561 -0.000000024
CONST: 081 | 8 -2.79787e-05 -4.72836e-05 0.000292646 -0.000190042 0.000525101 1.82469e-07

ABS:   082 | -0.000028022 -0.000047284  0.000292646 -0.000190042  0.000525101  0.000000182 |         54.6 |  0.000001876  0.000061481, -0.000070099  0.000549705
DIFF:  082 | -0.000000044  0.000000000  0.000000000  0.000000000  0.000000000  0.000000000 |         -0.0 | -0.000000044 -0.000000000,  0.000000000  0.000000000
MOVE:  082 | -0.000000022 -0.000000284 -0.000000354 -0.000000042 -0.000028899  0.000000182 |         -0.0 |  0.000000973 -0.000000163,  0.000000561 -0.000000024
CONST: 082 | 8 -2.80224e-05 -4.72836e-05 0.000292646 -0.000190042 0.000525101 1.82469e-07

ABS:   083 | -0.000027782 -0.000047284  0.000292646 -0.000190042  0.000525101  0.000000182 |         54.6 |  0.000001605  0.000061496, -0.000070100  0.000549705
DIFF:  083 |  0.000000240  0.000000000  0.000000000  0.000000000  0.000000000  0.000000000 |          0.0 | -0.000000271  0.000000015, -0.000000000 -0.000000000
MOVE:  083 |  0.000000218 -0.000000284 -0.000000354 -0.000000042 -0.000028899  0.000000182 |         -0.0 |  0.000000702 -0.000000148,  0.000000561 -0.000000024
CONST: 083 | 8 -2.77825e-05 -4.72836e-05 0.000292646 -0.000190042 0.000525101 1.82469e-07

ABS:   084 | -0.000028219 -0.000047284  0.000292646 -0.000190042  0.000525101  0.000000182 |         54.6 |  0.000001931  0.000061656, -0.000070099  0.000549705
DIFF:  084 | -0.000000436  0.000000000  0.000000000  0.000000000  0.000000000  0.000000000 |          0.0 |  0.000000326  0.000000160,  0.000000000  0.000000000
MOVE:  084 | -0.000000219 -0.000000284 -0.000000354 -0.000000042 -0.000028899  0.000000182 |         -0.0 |  0.000001028  0.000000013,  0.000000561 -0.000000024
CONST: 084 | 8 -2.82186e-05 -4.72836e-05 0.000292646 -0.000190042 0.000525101 1.82469e-07

ABS:   085 | -0.000027979 -0.000047284  0.000292646 -0.000190042  0.000525101  0.000000182 |         54.6 |  0.000001920  0.000061481, -0.000070099  0.000549705
DIFF:  085 |  0.000000240  0.000000000  0.000000000  0.000000000  0.000000000  0.000000000 |         -0.0 | -0.000000011 -0.000000176, -0.000000000 -0.000000000
MOVE:  085 |  0.000000021 -0.000000284 -0.000000354 -0.000000042 -0.000028899  0.000000182 |         -0.0 |  0.000001016 -0.000000163,  0.000000561 -0.000000024
CONST: 085 | 8 -2.79787e-05 -4.72836e-05 0.000292646 -0.000190042 0.000525101 1.82469e-07

ABS:   086 | -0.000028022 -0.000047284  0.000292646 -0.000190042  0.000525101  0.000000182 |         54.6 |  0.000001876  0.000061481, -0.000070099  0.000549705
DIFF:  086 | -0.000000044  0.000000000  0.000000000  0.000000000  0.000000000  0.000000000 |         -0.0 | -0.000000044 -0.000000000,  0.000000000  0.000000000
MOVE:  086 | -0.000000022 -0.000000284 -0.000000354 -0.000000042 -0.000028899  0.000000182 |         -0.0 |  0.000000973 -0.000000163,  0.000000561 -0.000000024
CONST: 086 | 8 -2.80224e-05 -4.72836e-05 0.000292646 -0.000190042 0.000525101 1.82469e-07

ABS:   087 | -0.000028001 -0.000047020  0.000292646 -0.000190042  0.000525101  0.000000182 |         54.6 |  0.000001987  0.000061479, -0.000070260  0.000549714
DIFF:  087 |  0.000000022  0.000000263  0.000000000  0.000000000  0.000000000  0.000000000 |          0.0 |  0.000000111 -0.000000002, -0.000000161  0.000000009
MOVE:  087 | -0.000000001 -0.000000020 -0.000000354 -0.000000042 -0.000028899  0.000000182 |         -0.0 |  0.000001084 -0.000000165,  0.000000400 -0.000000016
CONST: 087 | 8 -2.80006e-05 -4.70202e-05 0.000292646 -0.000190042 0.000525101 1.82469e-07

ABS:   088 | -0.000028001 -0.000047547  0.000292646 -0.000190042  0.000525101  0.000000182 |         54.6 |  0.000001808  0.000061483, -0.000070149  0.000549837
DIFF:  088 |  0.000000000 -0.000000527  0.000000000  0.000000000  0.000000000  0.000000000 |          0.0 | -0.000000179  0.000000004,  0.000000111  0.000000123
MOVE:  088 | -0.000000001 -0.000000547 -0.000000354 -0.000000042 -0.000028899  0.000000182 |          0.0 |  0.000000905 -0.000000161,  0.000000511  0.000000108
CONST: 088 | 8 -2.80006e-05 -4.7547e-05 0.000292646 -0.000190042 0.000525101 1.82469e-07

ABS:   089 | -0.000028001 -0.000047257  0.000292646 -0.000190042  0.000525101  0.000000182 |         54.6 |  0.000001907  0.000061481, -0.000070116  0.000549706
DIFF:  089 |  0.000000000  0.000000290  0.000000000  0.000000000  0.000000000  0.000000000 |         -0.0 |  0.000000099 -0.000000002,  0.000000033 -0.000000131
MOVE:  089 | -0.000000001 -0.000000257 -0.000000354 -0.000000042 -0.000028899  0.000000182 |         -0.0 |  0.000001003 -0.000000163,  0.000000545 -0.000000024
CONST: 089 | 8 -2.80006e-05 -4.72572e-05 0.000292646 -0.000190042 0.000525101 1.82469e-07

ABS:   090 | -0.000028001 -0.000047310  0.000292646 -0.000190042  0.000525101  0.000000182 |         54.6 |  0.000001889  0.000061481, -0.000070083  0.000549704
DIFF:  090 |  0.000000000 -0.000000053  0.000000000  0.000000000  0.000000000  0.000000000 |         -0.0 | -0.000000018  0.000000000,  0.000000032 -0.000000002
MOVE:  090 | -0.000000001 -0.000000310 -0.000000354 -0.000000042 -0.000028899  0.000000182 |         -0.0 |  0.000000985 -0.000000163,  0.000000577 -0.000000025
CONST: 090 | 8 -2.80006e-05 -4.73099e-05 0.000292646 -0.000190042 0.000525101 1.82469e-07

ABS:   091 | -0.000028001 -0.000047020  0.000292646 -0.000190042  0.000525101  0.000000182 |         54.6 |  0.000001987  0.000061479, -0.000070260  0.000549714
DIFF:  091 |  0.000000000  0.000000290  0.000000000  0.000000000  0.000000000  0.000000000 |          0.0 |  0.000000099 -0.000000002, -0.000000177  0.000000010
MOVE:  091 | -0.000000001 -0.000000020 -0.000000354 -0.000000042 -0.000028899  0.000000182 |         -0.0 |  0.000001084 -0.000000165,  0.000000400 -0.000000016
CONST: 091 | 8 -2.80006e-05 -4.70202e-05 0.000292646 -0.000190042 0.000525101 1.82469e-07

ABS:   092 | -0.000028001 -0.000047547  0.000292646 -0.000190042  0.000525101  0.000000182 |         54.6 |  0.000001808  0.000061483, -0.000070149  0.000549837
DIFF:  092 |  0.000000000 -0.000000527  0.000000000  0.000000000  0.000000000  0.000000000 |          0.0 | -0.000000179  0.000000004,  0.000000111  0.000000123
MOVE:  092 | -0.000000001 -0.000000547 -0.000000354 -0.000000042 -0.000028899  0.000000182 |          0.0 |  0.000000905 -0.000000161,  0.000000511  0.000000108
CONST: 092 | 8 -2.80006e-05 -4.7547e-05 0.000292646 -0.000190042 0.000525101 1.82469e-07

ABS:   093 | -0.000028001 -0.000047284  0.000292922 -0.000190042  0.000525101  0.000000182 |         54.6 |  0.000001898  0.000061481, -0.000070375  0.000549705
DIFF:  093 |  0.000000000  0.000000263  0.000000276  0.000000000  0.000000000  0.000000000 |         -0.0 |  0.000000089 -0.000000002, -0.000000226 -0.000000132
MOVE:  093 | -0.000000001 -0.000000284 -0.000000078 -0.000000042 -0.000028899  0.000000182 |         -0.0 |  0.000000994 -0.000000163,  0.000000285 -0.000000024
CONST: 093 | 8 -2.80006e-05 -4.72836e-05 0.000292922 -0.000190042 0.000525101 1.82469e-07

ABS:   094 | -0.000028001 -0.000047284  0.000292370 -0.000190042  0.000525101  0.000000182 |         54.7 |  0.000001898  0.000061481, -0.000070244  0.000549987
DIFF:  094 |  0.000000000  0.000000000 -0.000000552  0.000000000  0.000000000  0.000000000 |          0.1 |  0.000000000 -0.000000000,  0.000000131  0.000000282
MOVE:  094 | -0.000000001 -0.000000284 -0.000000630 -0.000000042 -0.000028899  0.000000182 |          0.1 |  0.000000995 -0.000000163,  0.000000416  0.000000257
CONST: 094 | 8 -2.80006e-05 -4.72836e-05 0.00029237 -0.000190042 0.000525101 1.82469e-07

ABS:   095 | -0.000028001 -0.000047284  0.000292673 -0.000190042  0.000525101  0.000000182 |         54.6 |  0.000001898  0.000061481, -0.000070127  0.000549705
DIFF:  095 |  0.000000000  0.000000000  0.000000303  0.000000000  0.000000000  0.000000000 |         -0.1 | -0.000000000  0.000000000,  0.000000117 -0.000000282
MOVE:  095 | -0.000000001 -0.000000284 -0.000000327 -0.000000042 -0.000028899  0.000000182 |         -0.0 |  0.000000994 -0.000000163,  0.000000533 -0.000000024
CONST: 095 | 8 -2.80006e-05 -4.72836e-05 0.000292673 -0.000190042 0.000525101 1.82469e-07

ABS:   096 | -0.000028001 -0.000047284  0.000292618 -0.000190042  0.000525101  0.000000182 |         54.6 |  0.000001898  0.000061481, -0.000070072  0.000549705
DIFF:  096 |  0.000000000  0.000000000 -0.000000055  0.000000000  0.000000000  0.000000000 |         -0.0 |  0.000000000 -0.000000000,  0.000000055  0.000000000
MOVE:  096 | -0.000000001 -0.000000284 -0.000000382 -0.000000042 -0.000028899  0.000000182 |         -0.0 |  0.000000994 -0.000000163,  0.000000588 -0.000000024
CONST: 096 | 8 -2.80006e-05 -4.72836e-05 0.000292618 -0.000190042 0.000525101 1.82469e-07

ABS:   097 | -0.000028001 -0.000047284  0.000292922 -0.000190042  0.000525101  0.000000182 |         54.6 |  0.000001898  0.000061481, -0.000070375  0.000549705
DIFF:  097 |  0.000000000  0.000000000  0.000000303  0.000000000  0.000000000  0.000000000 |          0.0 | -0.000000000  0.000000000, -0.000000303 -0.000000000
MOVE:  097 | -0.000000001 -0.000000284 -0.000000078 -0.000000042 -0.000028899  0.000000182 |         -0.0 |  0.000000994 -0.000000163,  0.000000285 -0.000000024
CONST: 097 | 8 -2.80006e-05 -4.72836e-05 0.000292922 -0.000190042 0.000525101 1.82469e-07

ABS:   098 | -0.000028001 -0.000047284  0.000292370 -0.000190042  0.000525101  0.000000182 |         54.7 |  0.000001898  0.000061481, -0.000070244  0.000549987
DIFF:  098 |  0.000000000  0.000000000 -0.000000552  0.000000000  0.000000000  0.000000000 |          0.1 |  0.000000000 -0.000000000,  0.000000131  0.000000282
MOVE:  098 | -0.000000001 -0.000000284 -0.000000630 -0.000000042 -0.000028899  0.000000182 |          0.1 |  0.000000995 -0.000000163,  0.000000416  0.000000257
CONST: 098 | 8 -2.80006e-05 -4.72836e-05 0.00029237 -0.000190042 0.000525101 1.82469e-07

ABS:   099 | -0.000028001 -0.000047284  0.000292646 -0.000189346  0.000525101  0.000000182 |         54.6 |  0.000001906  0.000061481, -0.000070121  0.000549706
DIFF:  099 |  0.000000000  0.000000000  0.000000276  0.000000696  0.000000000  0.000000000 |         -0.1 |  0.000000008  0.000000000,  0.000000123 -0.000000281
MOVE:  099 | -0.000000001 -0.000000284 -0.000000354  0.000000654 -0.000028899  0.000000182 |         -0.0 |  0.000001002 -0.000000163,  0.000000539 -0.000000024
CONST: 099 | 8 -2.80006e-05 -4.72836e-05 0.000292646 -0.000189346 0.000525101 1.82469e-07

ABS:   100 | -0.000028001 -0.000047284  0.000292646 -0.000190738  0.000525101  0.000000182 |         54.6 |  0.000001890  0.000061481, -0.000070078  0.000549705
DIFF:  100 |  0.000000000  0.000000000  0.000000000 -0.000001392  0.000000000  0.000000000 |         -0.0 | -0.000000016 -0.000000000,  0.000000044 -0.000000001
MOVE:  100 | -0.000000001 -0.000000284 -0.000000354 -0.000000738 -0.000028899  0.000000182 |         -0.0 |  0.000000987 -0.000000163,  0.000000583 -0.000000025
CONST: 100 | 8 -2.80006e-05 -4.72836e-05 0.000292646 -0.000190738 0.000525101 1.82469e-07

ABS:   101 | -0.000028001 -0.000047284  0.000292646 -0.000183080  0.000525101  0.000000182 |         54.6 |  0.000001976  0.000061482, -0.000070318  0.000549708
DIFF:  101 |  0.000000000  0.000000000  0.000000000  0.000007658  0.000000000  0.000000000 |          0.0 |  0.000000086  0.000000001, -0.000000240  0.000000003
MOVE:  101 | -0.000000001 -0.000000284 -0.000000354  0.000006920 -0.000028899  0.000000182 |         -0.0 |  0.000001073 -0.000000162,  0.000000342 -0.000000022
CONST: 101 | 8 -2.80006e-05 -4.72836e-05 0.000292646 -0.00018308 0.000525101 1.82469e-07

ABS:   102 | -0.000028001 -0.000047284  0.000292646 -0.000197003  0.000525101  0.000000182 |         54.7 |  0.000001819  0.000061480, -0.000070512  0.000550125
DIFF:  102 |  0.000000000  0.000000000  0.000000000 -0.000013923  0.000000000  0.000000000 |          0.1 | -0.000000157 -0.000000002, -0.000000194  0.000000417
MOVE:  102 | -0.000000001 -0.000000284 -0.000000354 -0.000007003 -0.000028899  0.000000182 |          0.1 |  0.000000916 -0.000000164,  0.000000149  0.000000395
CONST: 102 | 8 -2.80006e-05 -4.72836e-05 0.000292646 -0.000197003 0.000525101 1.82469e-07

ABS:   103 | -0.000028001 -0.000047284  0.000292646 -0.000189346  0.000525101  0.000000182 |         54.6 |  0.000001906  0.000061481, -0.000070121  0.000549706
DIFF:  103 |  0.000000000  0.000000000  0.000000000  0.000007658  0.000000000  0.000000000 |         -0.1 |  0.000000086  0.000000001,  0.000000390 -0.000000419
MOVE:  103 | -0.000000001 -0.000000284 -0.000000354  0.000000654 -0.000028899  0.000000182 |         -0.0 |  0.000001002 -0.000000163,  0.000000539 -0.000000024
CONST: 103 | 8 -2.80006e-05 -4.72836e-05 0.000292646 -0.000189346 0.000525101 1.82469e-07

ABS:   104 | -0.000028001 -0.000047284  0.000292646 -0.000190738  0.000525101  0.000000182 |         54.6 |  0.000001890  0.000061481, -0.000070078  0.000549705
DIFF:  104 |  0.000000000  0.000000000  0.000000000 -0.000001392  0.000000000  0.000000000 |         -0.0 | -0.000000016 -0.000000000,  0.000000044 -0.000000001
MOVE:  104 | -0.000000001 -0.000000284 -0.000000354 -0.000000738 -0.000028899  0.000000182 |         -0.0 |  0.000000987 -0.000000163,  0.000000583 -0.000000025
CONST: 104 | 8 -2.80006e-05 -4.72836e-05 0.000292646 -0.000190738 0.000525101 1.82469e-07

ABS:   105 | -0.000028001 -0.000047284  0.000292646 -0.000190042  0.000530795  0.000000182 |         54.6 |  0.000001985  0.000061652, -0.000070106  0.000549708
DIFF:  105 |  0.000000000  0.000000000  0.000000000  0.000000696  0.000005694  0.000000000 |          0.0 |  0.000000095  0.000000172, -0.000000028  0.000000003
MOVE:  105 | -0.000000001 -0.000000284 -0.000000354 -0.000000042 -0.000023205  0.000000182 |         -0.0 |  0.000001081  0.000000009,  0.000000555 -0.000000021
CONST: 105 | 8 -2.80006e-05 -4.72836e-05 0.000292646 -0.000190042 0.000530795 1.82469e-07

ABS:   106 | -0.000028001 -0.000047284  0.000292646 -0.000190042  0.000519407  0.000000182 |         54.6 |  0.000001803  0.000061676, -0.000070093  0.000549702
DIFF:  106 |  0.000000000  0.000000000  0.000000000  0.000000000 -0.000011389  0.000000000 |         -0.0 | -0.000000182  0.000000023,  0.000000012 -0.000000006
MOVE:  106 | -0.000000001 -0.000000284 -0.000000354 -0.000000042 -0.000034593  0.000000182 |         -0.0 |  0.000000900  0.000000032,  0.000000567 -0.000000027
CONST: 106 | 8 -2.80006e-05 -4.72836e-05 0.000292646 -0.000190042 0.000519407 1.82469e-07

ABS:   107 | -0.000028001 -0.000047284  0.000292646 -0.000190042  0.000525101  0.000003718 |         54.6 |  0.000001885  0.000061481, -0.000070091  0.000549704
DIFF:  107 |  0.000000000  0.000000000  0.000000000  0.000000000  0.000005694  0.000003536 |         -0.0 |  0.000000082 -0.000000195,  0.000000002  0.000000002
MOVE:  107 | -0.000000001 -0.000000284 -0.000000354 -0.000000042 -0.000028899  0.000003718 |         -0.0 |  0.000000982 -0.000000163,  0.000000569 -0.000000026
CONST: 107 | 8 -2.80006e-05 -4.72836e-05 0.000292646 -0.000190042 0.000525101 3.71808e-06

ABS:   108 | -0.000028001 -0.000047284  0.000292646 -0.000190042  0.000525101 -0.000003353 |         54.6 |  0.000001910  0.000061481, -0.000070108  0.000549707
DIFF:  108 |  0.000000000  0.000000000  0.000000000  0.000000000  0.000000000 -0.000007071 |          0.0 |  0.000000025 -0.000000000, -0.000000016  0.000000003
MOVE:  108 | -0.000000001 -0.000000284 -0.000000354 -0.000000042 -0.000028899 -0.000003353 |         -0.0 |  0.000001007 -0.000000163,  0.000000553 -0.000000023
CONST: 108 | 8 -2.80006e-05 -4.72836e-05 0.000292646 -0.000190042 0.000525101 -3.35314e-06

ABS:   109 | -0.000028001 -0.000047284  0.000292646 -0.000190042  0.000525101  0.000035535 |         54.6 |  0.000001775  0.000061481, -0.000070229  0.000549834
DIFF:  109 |  0.000000000  0.000000000  0.000000000  0.000000000  0.000000000  0.000038888 |          0.0 | -0.000000136  0.000000000, -0.000000122  0.000000127
MOVE:  109 | -0.000000001 -0.000000284 -0.000000354 -0.000000042 -0.000028899  0.000035535 |          0.0 |  0.000000871 -0.000000163,  0.000000431  0.000000104
CONST: 109 | 8 -2.80006e-05 -4.72836e-05 0.000292646 -0.000190042 0.000525101 3.55352e-05

