ABS:   itr |       deltaX       deltaY       deltaZ         phiX         phiY         phiZ |        chisq |    rphi mean     rphi rms,       z mean        z rms
ABS:   =========================================================================================================================================================
DIFF:  itr |       deltaX       deltaY       deltaZ         phiX         phiY         phiZ |        chisq |    rphi mean     rphi rms,       z mean        z rms
DIFF:  =========================================================================================================================================================
MOVE:  itr |       deltaX       deltaY       deltaZ         phiX         phiY         phiZ |        chisq |    rphi mean     rphi rms,       z mean        z rms
MOVE:  =========================================================================================================================================================
ABS:   001 | -0.000007000 -0.000120000  0.000212000 -0.000500000  0.000461000  0.000000000 |         60.4 |  0.000021943  0.000056860, -0.000038049  0.000560546
CONST: 001 | 16 -7e-06 -0.00012 0.000212 -0.0005 0.000461 0

ABS:   001 | -0.000007000 -0.000120000  0.000212000 -0.000500000  0.000461000  0.000000000 |         60.4 |  0.000021943  0.000056860, -0.000038049  0.000560546
CONST: 001 | 16 -7e-06 -0.00012 0.000212 -0.0005 0.000461 0

ABS:   002 | -0.000006900 -0.000120000  0.000212000 -0.000500000  0.000461000  0.000000000 |         60.4 |  0.000021956  0.000056951, -0.000038049  0.000560546
DIFF:  002 |  0.000000100 -0.000000000  0.000000000 -0.000000000  0.000000000  0.000000000 |          0.0 |  0.000000013  0.000000091, -0.000000000  0.000000000
MOVE:  002 |  0.000000100 -0.000000000  0.000000000 -0.000000000  0.000000000  0.000000000 |          0.0 |  0.000000013  0.000000091, -0.000000000  0.000000000
CONST: 002 | 16 -6.9e-06 -0.00012 0.000212 -0.0005 0.000461 0

ABS:   003 | -0.000007100 -0.000120000  0.000212000 -0.000500000  0.000461000  0.000000000 |         60.4 |  0.000021843  0.000056860, -0.000038049  0.000560546
DIFF:  003 | -0.000000200  0.000000000  0.000000000  0.000000000  0.000000000  0.000000000 |         -0.0 | -0.000000113 -0.000000091,  0.000000000  0.000000000
MOVE:  003 | -0.000000100 -0.000000000  0.000000000 -0.000000000  0.000000000  0.000000000 |         -0.0 | -0.000000100  0.000000000,  0.000000000  0.000000000
CONST: 003 | 16 -7.1e-06 -0.00012 0.000212 -0.0005 0.000461 0

ABS:   004 | -0.000006990 -0.000120000  0.000212000 -0.000500000  0.000461000  0.000000000 |         60.4 |  0.000021953  0.000056860, -0.000038049  0.000560546
DIFF:  004 |  0.000000110  0.000000000  0.000000000  0.000000000  0.000000000  0.000000000 |          0.0 |  0.000000110 -0.000000000, -0.000000000 -0.000000000
MOVE:  004 |  0.000000010 -0.000000000  0.000000000 -0.000000000  0.000000000  0.000000000 |          0.0 |  0.000000010  0.000000000, -0.000000000  0.000000000
CONST: 004 | 16 -6.99e-06 -0.00012 0.000212 -0.0005 0.000461 0

ABS:   005 | -0.000007010 -0.000120000  0.000212000 -0.000500000  0.000461000  0.000000000 |         60.4 |  0.000021933  0.000056860, -0.000038049  0.000560546
DIFF:  005 | -0.000000020  0.000000000  0.000000000  0.000000000  0.000000000  0.000000000 |         -0.0 | -0.000000020 -0.000000000,  0.000000000  0.000000000
MOVE:  005 | -0.000000010 -0.000000000  0.000000000 -0.000000000  0.000000000  0.000000000 |         -0.0 | -0.000000010  0.000000000,  0.000000000  0.000000000
CONST: 005 | 16 -7.01e-06 -0.00012 0.000212 -0.0005 0.000461 0

ABS:   006 | -0.000006900 -0.000120000  0.000212000 -0.000500000  0.000461000  0.000000000 |         60.4 |  0.000021956  0.000056951, -0.000038049  0.000560546
DIFF:  006 |  0.000000110  0.000000000  0.000000000  0.000000000  0.000000000  0.000000000 |          0.0 |  0.000000023  0.000000091, -0.000000000 -0.000000000
MOVE:  006 |  0.000000100 -0.000000000  0.000000000 -0.000000000  0.000000000  0.000000000 |          0.0 |  0.000000013  0.000000091, -0.000000000  0.000000000
CONST: 006 | 16 -6.9e-06 -0.00012 0.000212 -0.0005 0.000461 0

ABS:   007 | -0.000007100 -0.000120000  0.000212000 -0.000500000  0.000461000  0.000000000 |         60.4 |  0.000021843  0.000056860, -0.000038049  0.000560546
DIFF:  007 | -0.000000200  0.000000000  0.000000000  0.000000000  0.000000000  0.000000000 |         -0.0 | -0.000000113 -0.000000091,  0.000000000  0.000000000
MOVE:  007 | -0.000000100 -0.000000000  0.000000000 -0.000000000  0.000000000  0.000000000 |         -0.0 | -0.000000100  0.000000000,  0.000000000  0.000000000
CONST: 007 | 16 -7.1e-06 -0.00012 0.000212 -0.0005 0.000461 0

ABS:   008 | -0.000007000 -0.000119900  0.000212000 -0.000500000  0.000461000  0.000000000 |         60.4 |  0.000021976  0.000056860, -0.000038016  0.000560544
DIFF:  008 |  0.000000100  0.000000100  0.000000000  0.000000000  0.000000000  0.000000000 |          0.0 |  0.000000133 -0.000000000,  0.000000032 -0.000000002
MOVE:  008 | -0.000000000  0.000000100  0.000000000 -0.000000000  0.000000000  0.000000000 |          0.0 |  0.000000033 -0.000000000,  0.000000032 -0.000000002
CONST: 008 | 16 -7e-06 -0.0001199 0.000212 -0.0005 0.000461 0

ABS:   009 | -0.000007000 -0.000120100  0.000212000 -0.000500000  0.000461000  0.000000000 |         60.4 |  0.000021909  0.000056860, -0.000038081  0.000560548
DIFF:  009 |  0.000000000 -0.000000200  0.000000000  0.000000000  0.000000000  0.000000000 |         -0.0 | -0.000000067  0.000000000, -0.000000065  0.000000005
MOVE:  009 | -0.000000000 -0.000000100  0.000000000 -0.000000000  0.000000000  0.000000000 |         -0.0 | -0.000000033  0.000000000, -0.000000032  0.000000002
CONST: 009 | 16 -7e-06 -0.0001201 0.000212 -0.0005 0.000461 0

ABS:   010 | -0.000007000 -0.000119763  0.000212000 -0.000500000  0.000461000  0.000000000 |         60.4 |  0.000021935  0.000056951, -0.000037972  0.000560541
DIFF:  010 |  0.000000000  0.000000337  0.000000000  0.000000000  0.000000000  0.000000000 |          0.0 |  0.000000026  0.000000091,  0.000000109 -0.000000008
MOVE:  010 | -0.000000000  0.000000237  0.000000000 -0.000000000  0.000000000  0.000000000 |          0.0 | -0.000000008  0.000000091,  0.000000077 -0.000000005
CONST: 010 | 16 -7e-06 -0.000119763 0.000212 -0.0005 0.000461 0

ABS:   011 | -0.000007000 -0.000120237  0.000212000 -0.000500000  0.000461000  0.000000000 |         60.4 |  0.000021863  0.000056860, -0.000038126  0.000560552
DIFF:  011 |  0.000000000 -0.000000474  0.000000000  0.000000000  0.000000000  0.000000000 |         -0.0 | -0.000000072 -0.000000090, -0.000000154  0.000000011
MOVE:  011 | -0.000000000 -0.000000237  0.000000000 -0.000000000  0.000000000  0.000000000 |         -0.0 | -0.000000079  0.000000000, -0.000000077  0.000000006
CONST: 011 | 16 -7e-06 -0.000120237 0.000212 -0.0005 0.000461 0

ABS:   012 | -0.000007000 -0.000119976  0.000212000 -0.000500000  0.000461000  0.000000000 |         60.4 |  0.000021951  0.000056860, -0.000038041  0.000560546
DIFF:  012 |  0.000000000  0.000000261  0.000000000  0.000000000  0.000000000  0.000000000 |          0.0 |  0.000000087 -0.000000000,  0.000000085 -0.000000006
MOVE:  012 | -0.000000000  0.000000024  0.000000000 -0.000000000  0.000000000  0.000000000 |          0.0 |  0.000000008 -0.000000000,  0.000000008 -0.000000001
CONST: 012 | 16 -7e-06 -0.000119976 0.000212 -0.0005 0.000461 0

ABS:   013 | -0.000007000 -0.000120024  0.000212000 -0.000500000  0.000461000  0.000000000 |         60.4 |  0.000021935  0.000056860, -0.000038056  0.000560547
DIFF:  013 |  0.000000000 -0.000000047  0.000000000  0.000000000  0.000000000  0.000000000 |         -0.0 | -0.000000016  0.000000000, -0.000000015  0.000000001
MOVE:  013 | -0.000000000 -0.000000024  0.000000000 -0.000000000  0.000000000  0.000000000 |         -0.0 | -0.000000008  0.000000000, -0.000000008  0.000000001
CONST: 013 | 16 -7e-06 -0.000120024 0.000212 -0.0005 0.000461 0

ABS:   014 | -0.000007000 -0.000120000  0.000217002 -0.000500000  0.000461000  0.000000000 |         60.2 |  0.000021940  0.000056860, -0.000040923  0.000559748
DIFF:  014 |  0.000000000  0.000000024  0.000005002  0.000000000  0.000000000  0.000000000 |         -0.2 |  0.000000005 -0.000000000, -0.000002867 -0.000000799
MOVE:  014 | -0.000000000 -0.000000000  0.000005002 -0.000000000  0.000000000  0.000000000 |         -0.2 | -0.000000003  0.000000000, -0.000002875 -0.000000798
CONST: 014 | 16 -7e-06 -0.00012 0.000217002 -0.0005 0.000461 0

ABS:   015 | -0.000007000 -0.000120000  0.000206998 -0.000500000  0.000461000  0.000000000 |         60.2 |  0.000021946  0.000056860, -0.000036556  0.000559680
DIFF:  015 |  0.000000000  0.000000000 -0.000010004  0.000000000  0.000000000  0.000000000 |         -0.1 |  0.000000006 -0.000000000,  0.000004368 -0.000000068
MOVE:  015 | -0.000000000 -0.000000000 -0.000005002 -0.000000000  0.000000000  0.000000000 |         -0.2 |  0.000000003 -0.000000000,  0.000001493 -0.000000866
CONST: 015 | 16 -7e-06 -0.00012 0.000206998 -0.0005 0.000461 0

ABS:   016 | -0.000007000 -0.000120000  0.000212500 -0.000500000  0.000461000  0.000000000 |         60.4 |  0.000021942  0.000056860, -0.000038549  0.000560546
DIFF:  016 |  0.000000000  0.000000000  0.000005502  0.000000000  0.000000000  0.000000000 |          0.2 | -0.000000003  0.000000000, -0.000001993  0.000000866
MOVE:  016 | -0.000000000 -0.000000000  0.000000500 -0.000000000  0.000000000  0.000000000 |          0.0 | -0.000000000  0.000000000, -0.000000500  0.000000000
CONST: 016 | 16 -7e-06 -0.00012 0.0002125 -0.0005 0.000461 0

ABS:   017 | -0.000007000 -0.000120000  0.000211500 -0.000500000  0.000461000  0.000000000 |         60.4 |  0.000021943  0.000056860, -0.000037983  0.000560517
DIFF:  017 |  0.000000000  0.000000000 -0.000001000  0.000000000  0.000000000  0.000000000 |         -0.0 |  0.000000001 -0.000000000,  0.000000566 -0.000000029
MOVE:  017 | -0.000000000 -0.000000000 -0.000000500 -0.000000000  0.000000000  0.000000000 |         -0.0 |  0.000000000 -0.000000000,  0.000000065 -0.000000029
CONST: 017 | 16 -7e-06 -0.00012 0.0002115 -0.0005 0.000461 0

ABS:   018 | -0.000007000 -0.000120000  0.000212335 -0.000500000  0.000461000  0.000000000 |         60.4 |  0.000021942  0.000056860, -0.000038384  0.000560546
DIFF:  018 |  0.000000000  0.000000000  0.000000836  0.000000000  0.000000000  0.000000000 |          0.0 | -0.000000001  0.000000000, -0.000000401  0.000000029
MOVE:  018 | -0.000000000 -0.000000000  0.000000335 -0.000000000  0.000000000  0.000000000 |          0.0 | -0.000000000  0.000000000, -0.000000335  0.000000000
CONST: 018 | 16 -7e-06 -0.00012 0.000212335 -0.0005 0.000461 0

ABS:   019 | -0.000007000 -0.000120000  0.000211665 -0.000500000  0.000461000  0.000000000 |         60.5 |  0.000021943  0.000056860, -0.000037923  0.000560689
DIFF:  019 |  0.000000000  0.000000000 -0.000000671  0.000000000  0.000000000  0.000000000 |          0.0 |  0.000000000 -0.000000000,  0.000000461  0.000000143
MOVE:  019 | -0.000000000 -0.000000000 -0.000000335 -0.000000000  0.000000000  0.000000000 |          0.0 |  0.000000000 -0.000000000,  0.000000126  0.000000143
CONST: 019 | 16 -7e-06 -0.00012 0.000211665 -0.0005 0.000461 0

ABS:   020 | -0.000007000 -0.000120000  0.000212000 -0.000496000  0.000461000  0.000000000 |         60.4 |  0.000021985  0.000056861, -0.000038167  0.000560546
DIFF:  020 |  0.000000000  0.000000000  0.000000335  0.000004000  0.000000000  0.000000000 |         -0.0 |  0.000000042  0.000000001, -0.000000244 -0.000000143
MOVE:  020 | -0.000000000 -0.000000000  0.000000000  0.000004000  0.000000000  0.000000000 |          0.0 |  0.000000042  0.000000001, -0.000000118  0.000000000
CONST: 020 | 16 -7e-06 -0.00012 0.000212 -0.000496 0.000461 0

ABS:   021 | -0.000007000 -0.000120000  0.000212000 -0.000504000  0.000461000  0.000000000 |         60.4 |  0.000021900  0.000056859, -0.000037930  0.000560546
DIFF:  021 |  0.000000000  0.000000000  0.000000000 -0.000008000  0.000000000  0.000000000 |         -0.0 | -0.000000085 -0.000000002,  0.000000237 -0.000000000
MOVE:  021 | -0.000000000 -0.000000000  0.000000000 -0.000004000  0.000000000  0.000000000 |         -0.0 | -0.000000042 -0.000000001,  0.000000118 -0.000000000
CONST: 021 | 16 -7e-06 -0.00012 0.000212 -0.000504 0.000461 0

ABS:   022 | -0.000007000 -0.000120000  0.000212000 -0.000493661  0.000461000  0.000000000 |         60.4 |  0.000022010  0.000056862, -0.000038236  0.000560546
DIFF:  022 |  0.000000000  0.000000000  0.000000000  0.000010339  0.000000000  0.000000000 |          0.0 |  0.000000110  0.000000003, -0.000000306  0.000000000
MOVE:  022 | -0.000000000 -0.000000000  0.000000000  0.000006339  0.000000000  0.000000000 |          0.0 |  0.000000067  0.000000002, -0.000000188  0.000000000
CONST: 022 | 16 -7e-06 -0.00012 0.000212 -0.000493661 0.000461 0

ABS:   023 | -0.000007000 -0.000120000  0.000212000 -0.000506339  0.000461000  0.000000000 |         60.4 |  0.000021875  0.000056858, -0.000037861  0.000560546
DIFF:  023 |  0.000000000  0.000000000  0.000000000 -0.000012677  0.000000000  0.000000000 |         -0.0 | -0.000000135 -0.000000003,  0.000000375 -0.000000000
MOVE:  023 | -0.000000000 -0.000000000  0.000000000 -0.000006339  0.000000000  0.000000000 |         -0.0 | -0.000000067 -0.000000002,  0.000000188 -0.000000000
CONST: 023 | 16 -7e-06 -0.00012 0.000212 -0.000506339 0.000461 0

ABS:   024 | -0.000007000 -0.000120000  0.000212000 -0.000500000  0.000471001  0.000000000 |         60.4 |  0.000021626  0.000056850, -0.000038066  0.000560541
DIFF:  024 |  0.000000000  0.000000000  0.000000000  0.000006339  0.000010001  0.000000000 |         -0.0 | -0.000000250 -0.000000008, -0.000000205 -0.000000004
MOVE:  024 | -0.000000000 -0.000000000  0.000000000 -0.000000000  0.000010001  0.000000000 |         -0.0 | -0.000000317 -0.000000010, -0.000000018 -0.000000005
CONST: 024 | 16 -7e-06 -0.00012 0.000212 -0.0005 0.000471001 0

ABS:   025 | -0.000007000 -0.000120000  0.000212000 -0.000500000  0.000450999  0.000000000 |         60.4 |  0.000022113  0.000056927, -0.000038031  0.000560551
DIFF:  025 |  0.000000000  0.000000000  0.000000000  0.000000000 -0.000020001  0.000000000 |          0.0 |  0.000000487  0.000000077,  0.000000035  0.000000009
MOVE:  025 | -0.000000000 -0.000000000  0.000000000 -0.000000000 -0.000010001  0.000000000 |          0.0 |  0.000000170  0.000000067,  0.000000018  0.000000005
CONST: 025 | 16 -7e-06 -0.00012 0.000212 -0.0005 0.000450999 0

ABS:   026 | -0.000007000 -0.000120000  0.000212000 -0.000500000  0.000464676  0.000000000 |         60.4 |  0.000021826  0.000056856, -0.000038055  0.000560544
DIFF:  026 |  0.000000000  0.000000000  0.000000000  0.000000000  0.000013677  0.000000000 |         -0.0 | -0.000000287 -0.000000071, -0.000000024 -0.000000006
MOVE:  026 | -0.000000000 -0.000000000  0.000000000 -0.000000000  0.000003676  0.000000000 |         -0.0 | -0.000000117 -0.000000004, -0.000000006 -0.000000002
CONST: 026 | 16 -7e-06 -0.00012 0.000212 -0.0005 0.000464676 0

ABS:   027 | -0.000007000 -0.000120000  0.000212000 -0.000500000  0.000457324  0.000000000 |         60.4 |  0.000021972  0.000056955, -0.000038042  0.000560548
DIFF:  027 |  0.000000000  0.000000000  0.000000000  0.000000000 -0.000007353  0.000000000 |          0.0 |  0.000000146  0.000000099,  0.000000013  0.000000003
MOVE:  027 | -0.000000000 -0.000000000  0.000000000 -0.000000000 -0.000003676  0.000000000 |          0.0 |  0.000000029  0.000000095,  0.000000006  0.000000002
CONST: 027 | 16 -7e-06 -0.00012 0.000212 -0.0005 0.000457324 0

ABS:   028 | -0.000007000 -0.000120000  0.000212000 -0.000500000  0.000461368  0.000000000 |         60.4 |  0.000021931  0.000056860, -0.000038049  0.000560546
DIFF:  028 |  0.000000000  0.000000000  0.000000000  0.000000000  0.000004044  0.000000000 |         -0.0 | -0.000000041 -0.000000095, -0.000000007 -0.000000002
MOVE:  028 | -0.000000000 -0.000000000  0.000000000 -0.000000000  0.000000368  0.000000000 |         -0.0 | -0.000000012 -0.000000000, -0.000000001 -0.000000000
CONST: 028 | 16 -7e-06 -0.00012 0.000212 -0.0005 0.000461368 0

ABS:   029 | -0.000007000 -0.000120000  0.000212000 -0.000500000  0.000460632  0.000000000 |         60.4 |  0.000021954  0.000056860, -0.000038048  0.000560546
DIFF:  029 |  0.000000000  0.000000000  0.000000000  0.000000000 -0.000000735  0.000000000 |          0.0 |  0.000000023  0.000000001,  0.000000001  0.000000000
MOVE:  029 | -0.000000000 -0.000000000  0.000000000 -0.000000000 -0.000000368  0.000000000 |          0.0 |  0.000000012  0.000000000,  0.000000001  0.000000000
CONST: 029 | 16 -7e-06 -0.00012 0.000212 -0.0005 0.000460632 0

ABS:   030 | -0.000007000 -0.000120000  0.000212000 -0.000500000  0.000461000  0.000002000 |         60.4 |  0.000021936  0.000056860, -0.000038044  0.000560546
DIFF:  030 |  0.000000000  0.000000000  0.000000000  0.000000000  0.000000368  0.000002000 |         -0.0 | -0.000000018 -0.000000001,  0.000000004 -0.000000001
MOVE:  030 | -0.000000000 -0.000000000  0.000000000 -0.000000000  0.000000000  0.000002000 |         -0.0 | -0.000000006 -0.000000000,  0.000000005 -0.000000000
CONST: 030 | 16 -7e-06 -0.00012 0.000212 -0.0005 0.000461 2.00001e-06

ABS:   031 | -0.000007000 -0.000120000  0.000212000 -0.000500000  0.000461000 -0.000002000 |         60.4 |  0.000021949  0.000056860, -0.000038054  0.000560547
DIFF:  031 |  0.000000000  0.000000000  0.000000000  0.000000000  0.000000000 -0.000004000 |          0.0 |  0.000000013  0.000000000, -0.000000010  0.000000001
MOVE:  031 | -0.000000000 -0.000000000  0.000000000 -0.000000000  0.000000000 -0.000002000 |          0.0 |  0.000000006  0.000000000, -0.000000005  0.000000000
CONST: 031 | 16 -7e-06 -0.00012 0.000212 -0.0005 0.000461 -2.00001e-06

ABS:   032 | -0.000007000 -0.000120000  0.000212000 -0.000500000  0.000461000  0.000020000 |         60.4 |  0.000021878  0.000056859, -0.000038001  0.000560541
DIFF:  032 |  0.000000000  0.000000000  0.000000000  0.000000000  0.000000000  0.000022000 |         -0.0 | -0.000000071 -0.000000002,  0.000000053 -0.000000005
MOVE:  032 | -0.000000000 -0.000000000  0.000000000 -0.000000000  0.000000000  0.000020000 |         -0.0 | -0.000000065 -0.000000001,  0.000000048 -0.000000005
CONST: 032 | 16 -7e-06 -0.00012 0.000212 -0.0005 0.000461 2.00001e-05

ABS:   033 | -0.000007000 -0.000120000  0.000212000 -0.000500000  0.000461000 -0.000020000 |         60.4 |  0.000021920  0.000056953, -0.000038097  0.000560551
DIFF:  033 |  0.000000000  0.000000000  0.000000000  0.000000000  0.000000000 -0.000040000 |          0.0 |  0.000000043  0.000000094, -0.000000096  0.000000009
MOVE:  033 | -0.000000000 -0.000000000  0.000000000 -0.000000000  0.000000000 -0.000020000 |          0.0 | -0.000000022  0.000000093, -0.000000048  0.000000005
CONST: 033 | 16 -7e-06 -0.00012 0.000212 -0.0005 0.000461 -2.00001e-05

ABS:   034 | -0.000007000 -0.000120000  0.000212000 -0.000500000  0.000461000  0.000002000 |         60.4 |  0.000021936  0.000056860, -0.000038044  0.000560546
DIFF:  034 |  0.000000000  0.000000000  0.000000000  0.000000000  0.000000000  0.000022000 |         -0.0 |  0.000000016 -0.000000093,  0.000000053 -0.000000005
MOVE:  034 | -0.000000000 -0.000000000  0.000000000 -0.000000000  0.000000000  0.000002000 |         -0.0 | -0.000000006 -0.000000000,  0.000000005 -0.000000000
CONST: 034 | 16 -7e-06 -0.00012 0.000212 -0.0005 0.000461 2.00001e-06

ABS:   035 | -0.000007000 -0.000120000  0.000212000 -0.000500000  0.000461000 -0.000002000 |         60.4 |  0.000021949  0.000056860, -0.000038054  0.000560547
DIFF:  035 |  0.000000000  0.000000000  0.000000000  0.000000000  0.000000000 -0.000004000 |          0.0 |  0.000000013  0.000000000, -0.000000010  0.000000001
MOVE:  035 | -0.000000000 -0.000000000  0.000000000 -0.000000000  0.000000000 -0.000002000 |          0.0 |  0.000000006  0.000000000, -0.000000005  0.000000000
CONST: 035 | 16 -7e-06 -0.00012 0.000212 -0.0005 0.000461 -2.00001e-06

ABS:   036 | -0.000007100 -0.000129341  0.000212132 -0.001724029  0.001102651  0.005740312 |         61.0 | -0.000009961  0.000057387, -0.000021573  0.000563601
DIFF:  036 | -0.000000100 -0.000009341  0.000000132 -0.001224029  0.000641651  0.005742312 |          0.6 | -0.000031910  0.000000527,  0.000016481  0.000003054
MOVE:  036 | -0.000000100 -0.000009341  0.000000132 -0.001224029  0.000641651  0.005740312 |          0.6 | -0.000031903  0.000000527,  0.000016476  0.000003055
CONST: 036 | 16 -7.09951e-06 -0.000129341 0.000212132 -0.00172403 0.00110265 0.00574031

ABS:   037 | -0.000007042 -0.000123981  0.000212056 -0.001021648  0.000734438  0.002450588 |         60.5 |  0.000007695  0.000057733, -0.000030604  0.000561552
DIFF:  037 |  0.000000057  0.000005361 -0.000000076  0.000702381 -0.000368213 -0.003289724 |         -0.5 |  0.000017656  0.000000346, -0.000009032 -0.000002048
MOVE:  037 | -0.000000042 -0.000003981  0.000000056 -0.000521648  0.000273438  0.002450588 |          0.1 | -0.000014247  0.000000873,  0.000007444  0.000001006
CONST: 037 | 16 -7.0424e-06 -0.000123981 0.000212056 -0.00102165 0.000734438 0.00245059

ABS:   038 | -0.000007020 -0.000121879  0.000212027 -0.000746224  0.000590065  0.001157053 |         60.3 |  0.000015896  0.000057146, -0.000034893  0.000560531
DIFF:  038 |  0.000000022  0.000002102 -0.000000030  0.000275423 -0.000144373 -0.001293535 |         -0.2 |  0.000008201 -0.000000587, -0.000004289 -0.000001022
MOVE:  038 | -0.000000020 -0.000001879  0.000000027 -0.000246224  0.000129065  0.001157053 |         -0.1 | -0.000006047  0.000000286,  0.000003155 -0.000000015
CONST: 038 | 16 -7.02002e-06 -0.000121879 0.000212027 -0.000746224 0.000590065 0.00115705

ABS:   039 | -0.000007010 -0.000121879  0.000212027 -0.000746224  0.000590065  0.001157053 |         60.3 |  0.000015906  0.000057146, -0.000034893  0.000560531
DIFF:  039 |  0.000000010  0.000000000  0.000000000  0.000000000  0.000000000  0.000000000 |          0.0 |  0.000000010  0.000000000, -0.000000000  0.000000000
MOVE:  039 | -0.000000010 -0.000001879  0.000000027 -0.000246224  0.000129065  0.001157053 |         -0.1 | -0.000006037  0.000000286,  0.000003155 -0.000000015
CONST: 039 | 16 -7.01002e-06 -0.000121879 0.000212027 -0.000746224 0.000590065 0.00115705

ABS:   040 | -0.000007030 -0.000121879  0.000212027 -0.000746224  0.000590065  0.001157053 |         60.3 |  0.000015886  0.000057146, -0.000034893  0.000560531
DIFF:  040 | -0.000000020  0.000000000  0.000000000  0.000000000  0.000000000  0.000000000 |         -0.0 | -0.000000020 -0.000000000,  0.000000000 -0.000000000
MOVE:  040 | -0.000000030 -0.000001879  0.000000027 -0.000246224  0.000129065  0.001157053 |         -0.1 | -0.000006057  0.000000286,  0.000003155 -0.000000015
CONST: 040 | 16 -7.03002e-06 -0.000121879 0.000212027 -0.000746224 0.000590065 0.00115705

ABS:   041 | -0.000006920 -0.000121879  0.000212027 -0.000746224  0.000590065  0.001157053 |         60.3 |  0.000015996  0.000057146, -0.000034893  0.000560531
DIFF:  041 |  0.000000110  0.000000000  0.000000000  0.000000000  0.000000000  0.000000000 |          0.0 |  0.000000110  0.000000000, -0.000000000  0.000000000
MOVE:  041 |  0.000000080 -0.000001879  0.000000027 -0.000246224  0.000129065  0.001157053 |         -0.1 | -0.000005947  0.000000286,  0.000003155 -0.000000015
CONST: 041 | 16 -6.92001e-06 -0.000121879 0.000212027 -0.000746224 0.000590065 0.00115705

ABS:   042 | -0.000007120 -0.000121879  0.000212027 -0.000746224  0.000590065  0.001157053 |         60.3 |  0.000015796  0.000057146, -0.000034893  0.000560531
DIFF:  042 | -0.000000200  0.000000000  0.000000000  0.000000000  0.000000000  0.000000000 |         -0.0 | -0.000000200 -0.000000000,  0.000000000 -0.000000000
MOVE:  042 | -0.000000120 -0.000001879  0.000000027 -0.000246224  0.000129065  0.001157053 |         -0.1 | -0.000006147  0.000000286,  0.000003156 -0.000000015
CONST: 042 | 16 -7.12002e-06 -0.000121879 0.000212027 -0.000746224 0.000590065 0.00115705

ABS:   043 | -0.000007020 -0.000121642  0.000212027 -0.000746224  0.000590065  0.001157053 |         60.3 |  0.000015975  0.000057145, -0.000034817  0.000560525
DIFF:  043 |  0.000000100  0.000000237  0.000000000  0.000000000  0.000000000  0.000000000 |          0.0 |  0.000000179 -0.000000001,  0.000000077 -0.000000006
MOVE:  043 | -0.000000020 -0.000001642  0.000000027 -0.000246224  0.000129065  0.001157053 |         -0.1 | -0.000005967  0.000000285,  0.000003232 -0.000000022
CONST: 043 | 16 -7.02002e-06 -0.000121642 0.000212027 -0.000746224 0.000590065 0.00115705

ABS:   044 | -0.000007020 -0.000122116  0.000212027 -0.000746224  0.000590065  0.001157053 |         60.3 |  0.000015817  0.000057146, -0.000034760  0.000560392
DIFF:  044 |  0.000000000 -0.000000473  0.000000000  0.000000000  0.000000000  0.000000000 |         -0.0 | -0.000000159  0.000000001,  0.000000057 -0.000000132
MOVE:  044 | -0.000000020 -0.000002116  0.000000027 -0.000246224  0.000129065  0.001157053 |         -0.2 | -0.000006126  0.000000286,  0.000003289 -0.000000154
CONST: 044 | 16 -7.02002e-06 -0.000122116 0.000212027 -0.000746224 0.000590065 0.00115705

ABS:   045 | -0.000007020 -0.000121855  0.000212027 -0.000746224  0.000590065  0.001157053 |         60.3 |  0.000015904  0.000057146, -0.000034886  0.000560530
DIFF:  045 |  0.000000000  0.000000260  0.000000000  0.000000000  0.000000000  0.000000000 |          0.0 |  0.000000087 -0.000000001, -0.000000126  0.000000138
MOVE:  045 | -0.000000020 -0.000001855  0.000000027 -0.000246224  0.000129065  0.001157053 |         -0.1 | -0.000006039  0.000000286,  0.000003163 -0.000000016
CONST: 045 | 16 -7.02002e-06 -0.000121855 0.000212027 -0.000746224 0.000590065 0.00115705

ABS:   046 | -0.000007020 -0.000121903  0.000212027 -0.000746224  0.000590065  0.001157053 |         60.3 |  0.000015888  0.000057146, -0.000034901  0.000560531
DIFF:  046 |  0.000000000 -0.000000047  0.000000000  0.000000000  0.000000000  0.000000000 |         -0.0 | -0.000000016  0.000000000, -0.000000015  0.000000001
MOVE:  046 | -0.000000020 -0.000001903  0.000000027 -0.000246224  0.000129065  0.001157053 |         -0.1 | -0.000006055  0.000000286,  0.000003148 -0.000000015
CONST: 046 | 16 -7.02002e-06 -0.000121903 0.000212027 -0.000746224 0.000590065 0.00115705

ABS:   047 | -0.000007020 -0.000121644  0.000212027 -0.000746224  0.000590065  0.001157053 |         60.3 |  0.000015975  0.000057145, -0.000034817  0.000560525
DIFF:  047 |  0.000000000  0.000000259  0.000000000  0.000000000  0.000000000  0.000000000 |          0.0 |  0.000000087 -0.000000001,  0.000000084 -0.000000007
MOVE:  047 | -0.000000020 -0.000001644  0.000000027 -0.000246224  0.000129065  0.001157053 |         -0.1 | -0.000005968  0.000000285,  0.000003232 -0.000000022
CONST: 047 | 16 -7.02002e-06 -0.000121644 0.000212027 -0.000746224 0.000590065 0.00115705

ABS:   048 | -0.000007020 -0.000122114  0.000212027 -0.000746224  0.000590065  0.001157053 |         60.3 |  0.000015817  0.000057146, -0.000034759  0.000560392
DIFF:  048 |  0.000000000 -0.000000470  0.000000000  0.000000000  0.000000000  0.000000000 |         -0.0 | -0.000000158  0.000000001,  0.000000058 -0.000000132
MOVE:  048 | -0.000000020 -0.000002114  0.000000027 -0.000246224  0.000129065  0.001157053 |         -0.2 | -0.000006126  0.000000286,  0.000003289 -0.000000154
CONST: 048 | 16 -7.02002e-06 -0.000122114 0.000212027 -0.000746224 0.000590065 0.00115705

ABS:   049 | -0.000007020 -0.000121879  0.000212060 -0.000746224  0.000590065  0.001157053 |         60.3 |  0.000015896  0.000057146, -0.000034927  0.000560531
DIFF:  049 |  0.000000000  0.000000235  0.000000034  0.000000000  0.000000000  0.000000000 |          0.0 |  0.000000079 -0.000000001, -0.000000168  0.000000138
MOVE:  049 | -0.000000020 -0.000001879  0.000000060 -0.000246224  0.000129065  0.001157053 |         -0.1 | -0.000006047  0.000000286,  0.000003122 -0.000000015
CONST: 049 | 16 -7.02002e-06 -0.000121879 0.00021206 -0.000746224 0.000590065 0.00115705

ABS:   050 | -0.000007020 -0.000121879  0.000211993 -0.000746224  0.000590065  0.001157053 |         60.3 |  0.000015896  0.000057146, -0.000034860  0.000560531
DIFF:  050 |  0.000000000  0.000000000 -0.000000067  0.000000000  0.000000000  0.000000000 |         -0.0 |  0.000000000 -0.000000000,  0.000000067 -0.000000000
MOVE:  050 | -0.000000020 -0.000001879 -0.000000007 -0.000246224  0.000129065  0.001157053 |         -0.1 | -0.000006047  0.000000286,  0.000003189 -0.000000015
CONST: 050 | 16 -7.02002e-06 -0.000121879 0.000211993 -0.000746224 0.000590065 0.00115705

ABS:   051 | -0.000007020 -0.000121879  0.000212311 -0.000746224  0.000590065  0.001157053 |         60.3 |  0.000015896  0.000057146, -0.000034968  0.000560386
DIFF:  051 |  0.000000000  0.000000000  0.000000318  0.000000000  0.000000000  0.000000000 |         -0.0 | -0.000000000  0.000000000, -0.000000108 -0.000000145
MOVE:  051 | -0.000000020 -0.000001879  0.000000311 -0.000246224  0.000129065  0.001157053 |         -0.1 | -0.000006047  0.000000286,  0.000003081 -0.000000160
CONST: 051 | 16 -7.02002e-06 -0.000121879 0.000212311 -0.000746224 0.000590065 0.00115705

ABS:   052 | -0.000007020 -0.000121879  0.000211742 -0.000746224  0.000590065  0.001157053 |         60.3 |  0.000015896  0.000057146, -0.000034609  0.000560531
DIFF:  052 |  0.000000000  0.000000000 -0.000000569  0.000000000  0.000000000  0.000000000 |          0.0 |  0.000000000 -0.000000000,  0.000000359  0.000000145
MOVE:  052 | -0.000000020 -0.000001879 -0.000000258 -0.000246224  0.000129065  0.001157053 |         -0.1 | -0.000006047  0.000000286,  0.000003440 -0.000000015
CONST: 052 | 16 -7.02002e-06 -0.000121879 0.000211742 -0.000746224 0.000590065 0.00115705

ABS:   053 | -0.000007020 -0.000121879  0.000212055 -0.000746224  0.000590065  0.001157053 |         60.3 |  0.000015896  0.000057146, -0.000034922  0.000560531
DIFF:  053 |  0.000000000  0.000000000  0.000000313  0.000000000  0.000000000  0.000000000 |          0.0 | -0.000000000  0.000000000, -0.000000313  0.000000000
MOVE:  053 | -0.000000020 -0.000001879  0.000000055 -0.000246224  0.000129065  0.001157053 |         -0.1 | -0.000006047  0.000000286,  0.000003127 -0.000000015
CONST: 053 | 16 -7.02002e-06 -0.000121879 0.000212055 -0.000746224 0.000590065 0.00115705

ABS:   054 | -0.000007020 -0.000121879  0.000211998 -0.000746224  0.000590065  0.001157053 |         60.3 |  0.000015896  0.000057146, -0.000034865  0.000560531
DIFF:  054 |  0.000000000  0.000000000 -0.000000057  0.000000000  0.000000000  0.000000000 |         -0.0 |  0.000000000 -0.000000000,  0.000000057 -0.000000000
MOVE:  054 | -0.000000020 -0.000001879 -0.000000002 -0.000246224  0.000129065  0.001157053 |         -0.1 | -0.000006047  0.000000286,  0.000003184 -0.000000015
CONST: 054 | 16 -7.02002e-06 -0.000121879 0.000211998 -0.000746224 0.000590065 0.00115705

ABS:   055 | -0.000007020 -0.000121879  0.000212027 -0.000739892  0.000590065  0.001157053 |         60.3 |  0.000015964  0.000057146, -0.000034871  0.000560386
DIFF:  055 |  0.000000000  0.000000000  0.000000028  0.000006333  0.000000000  0.000000000 |         -0.0 |  0.000000068  0.000000000, -0.000000006 -0.000000145
MOVE:  055 | -0.000000020 -0.000001879  0.000000027 -0.000239892  0.000129065  0.001157053 |         -0.1 | -0.000005979  0.000000286,  0.000003178 -0.000000160
CONST: 055 | 16 -7.02002e-06 -0.000121879 0.000212027 -0.000739892 0.000590065 0.00115705

ABS:   056 | -0.000007020 -0.000121879  0.000212027 -0.000752557  0.000590065  0.001157053 |         60.3 |  0.000015828  0.000057146, -0.000034706  0.000560531
DIFF:  056 |  0.000000000  0.000000000  0.000000000 -0.000012666  0.000000000  0.000000000 |          0.0 | -0.000000135 -0.000000000,  0.000000165  0.000000146
MOVE:  056 | -0.000000020 -0.000001879  0.000000027 -0.000252557  0.000129065  0.001157053 |         -0.1 | -0.000006114  0.000000286,  0.000003343 -0.000000015
CONST: 056 | 16 -7.02002e-06 -0.000121879 0.000212027 -0.000752557 0.000590065 0.00115705

ABS:   057 | -0.000007020 -0.000121879  0.000212027 -0.000745591  0.000590065  0.001157053 |         60.3 |  0.000015903  0.000057146, -0.000034912  0.000560531
DIFF:  057 |  0.000000000  0.000000000  0.000000000  0.000006966  0.000000000  0.000000000 |          0.0 |  0.000000074  0.000000000, -0.000000206 -0.000000001
MOVE:  057 | -0.000000020 -0.000001879  0.000000027 -0.000245591  0.000129065  0.001157053 |         -0.1 | -0.000006040  0.000000286,  0.000003137 -0.000000016
CONST: 057 | 16 -7.02002e-06 -0.000121879 0.000212027 -0.000745591 0.000590065 0.00115705

ABS:   058 | -0.000007020 -0.000121879  0.000212027 -0.000746858  0.000590065  0.001157053 |         60.3 |  0.000015889  0.000057146, -0.000034875  0.000560531
DIFF:  058 |  0.000000000  0.000000000  0.000000000 -0.000001267  0.000000000  0.000000000 |         -0.0 | -0.000000014 -0.000000000,  0.000000038  0.000000000
MOVE:  058 | -0.000000020 -0.000001879  0.000000027 -0.000246858  0.000129065  0.001157053 |         -0.1 | -0.000006054  0.000000286,  0.000003174 -0.000000015
CONST: 058 | 16 -7.02002e-06 -0.000121879 0.000212027 -0.000746858 0.000590065 0.00115705

ABS:   059 | -0.000007020 -0.000121879  0.000212027 -0.000739937  0.000590065  0.001157053 |         60.3 |  0.000015963  0.000057146, -0.000034869  0.000560386
DIFF:  059 |  0.000000000  0.000000000  0.000000000  0.000006920  0.000000000  0.000000000 |         -0.0 |  0.000000074  0.000000000,  0.000000005 -0.000000145
MOVE:  059 | -0.000000020 -0.000001879  0.000000027 -0.000239937  0.000129065  0.001157053 |         -0.1 | -0.000005980  0.000000286,  0.000003180 -0.000000160
CONST: 059 | 16 -7.02002e-06 -0.000121879 0.000212027 -0.000739937 0.000590065 0.00115705

