ABS:   itr |       deltaX       deltaY       deltaZ         phiX         phiY         phiZ |        chisq |    rphi mean     rphi rms,       z mean        z rms
ABS:   =========================================================================================================================================================
DIFF:  itr |       deltaX       deltaY       deltaZ         phiX         phiY         phiZ |        chisq |    rphi mean     rphi rms,       z mean        z rms
DIFF:  =========================================================================================================================================================
MOVE:  itr |       deltaX       deltaY       deltaZ         phiX         phiY         phiZ |        chisq |    rphi mean     rphi rms,       z mean        z rms
MOVE:  =========================================================================================================================================================
ABS:   001 |  0.000062000 -0.000085000  0.000021000 -0.000200000 -0.000075000  0.000000000 |         67.0 |  0.000002490  0.000053363,  0.000025967  0.000551499
CONST: 001 | 52 6.2e-05 -8.5e-05 2.1e-05 -0.0002 -7.5e-05 0

ABS:   001 |  0.000062000 -0.000085000  0.000021000 -0.000200000 -0.000075000  0.000000000 |         67.0 |  0.000002490  0.000053363,  0.000025967  0.000551499
CONST: 001 | 52 6.2e-05 -8.5e-05 2.1e-05 -0.0002 -7.5e-05 0

ABS:   002 |  0.000062100 -0.000085000  0.000021000 -0.000200000 -0.000075000  0.000000000 |         67.0 |  0.000002571  0.000053381,  0.000025967  0.000551499
DIFF:  002 |  0.000000100  0.000000000  0.000000000  0.000000000  0.000000000  0.000000000 |          0.0 |  0.000000081  0.000000018,  0.000000000  0.000000000
MOVE:  002 |  0.000000100  0.000000000  0.000000000  0.000000000  0.000000000  0.000000000 |          0.0 |  0.000000081  0.000000018,  0.000000000  0.000000000
CONST: 002 | 52 6.21e-05 -8.5e-05 2.1e-05 -0.0002 -7.5e-05 0

ABS:   003 |  0.000061900 -0.000085000  0.000021000 -0.000200000 -0.000075000  0.000000000 |         67.0 |  0.000002390  0.000053363,  0.000025967  0.000551499
DIFF:  003 | -0.000000200  0.000000000  0.000000000  0.000000000  0.000000000  0.000000000 |         -0.0 | -0.000000181 -0.000000018, -0.000000000  0.000000000
MOVE:  003 | -0.000000100  0.000000000  0.000000000  0.000000000  0.000000000  0.000000000 |         -0.0 | -0.000000100 -0.000000000, -0.000000000  0.000000000
CONST: 003 | 52 6.19e-05 -8.5e-05 2.1e-05 -0.0002 -7.5e-05 0

ABS:   004 |  0.000062010 -0.000085000  0.000021000 -0.000200000 -0.000075000  0.000000000 |         67.0 |  0.000002500  0.000053363,  0.000025967  0.000551499
DIFF:  004 |  0.000000110  0.000000000  0.000000000  0.000000000  0.000000000  0.000000000 |          0.0 |  0.000000110  0.000000000,  0.000000000  0.000000000
MOVE:  004 |  0.000000010  0.000000000  0.000000000  0.000000000  0.000000000  0.000000000 |          0.0 |  0.000000010  0.000000000,  0.000000000  0.000000000
CONST: 004 | 52 6.201e-05 -8.5e-05 2.1e-05 -0.0002 -7.5e-05 0

ABS:   005 |  0.000061990 -0.000085000  0.000021000 -0.000200000 -0.000075000  0.000000000 |         67.0 |  0.000002480  0.000053363,  0.000025967  0.000551499
DIFF:  005 | -0.000000020  0.000000000  0.000000000  0.000000000  0.000000000  0.000000000 |         -0.0 | -0.000000020 -0.000000000, -0.000000000 -0.000000000
MOVE:  005 | -0.000000010  0.000000000  0.000000000  0.000000000  0.000000000  0.000000000 |         -0.0 | -0.000000010  0.000000000, -0.000000000  0.000000000
CONST: 005 | 52 6.199e-05 -8.5e-05 2.1e-05 -0.0002 -7.5e-05 0

ABS:   006 |  0.000062065 -0.000085000  0.000021000 -0.000200000 -0.000075000  0.000000000 |         67.0 |  0.000002537  0.000053381,  0.000025967  0.000551499
DIFF:  006 |  0.000000075  0.000000000  0.000000000  0.000000000  0.000000000  0.000000000 |          0.0 |  0.000000056  0.000000018,  0.000000000 -0.000000000
MOVE:  006 |  0.000000065  0.000000000  0.000000000  0.000000000  0.000000000  0.000000000 |          0.0 |  0.000000046  0.000000018,  0.000000000  0.000000000
CONST: 006 | 52 6.20652e-05 -8.5e-05 2.1e-05 -0.0002 -7.5e-05 0

ABS:   007 |  0.000061935 -0.000085000  0.000021000 -0.000200000 -0.000075000  0.000000000 |         67.0 |  0.000002425  0.000053363,  0.000025967  0.000551499
DIFF:  007 | -0.000000130  0.000000000  0.000000000  0.000000000  0.000000000  0.000000000 |         -0.0 | -0.000000111 -0.000000018, -0.000000000  0.000000000
MOVE:  007 | -0.000000065  0.000000000  0.000000000  0.000000000  0.000000000  0.000000000 |         -0.0 | -0.000000065  0.000000000, -0.000000000  0.000000000
CONST: 007 | 52 6.19348e-05 -8.5e-05 2.1e-05 -0.0002 -7.5e-05 0

ABS:   008 |  0.000062000 -0.000084900  0.000021000 -0.000200000 -0.000075000  0.000000000 |         67.0 |  0.000002488  0.000053363,  0.000025989  0.000551504
DIFF:  008 |  0.000000065  0.000000100  0.000000000  0.000000000  0.000000000  0.000000000 |          0.0 |  0.000000063 -0.000000000,  0.000000021  0.000000004
MOVE:  008 | -0.000000000  0.000000100  0.000000000  0.000000000  0.000000000  0.000000000 |          0.0 | -0.000000002 -0.000000000,  0.000000021  0.000000004
CONST: 008 | 52 6.2e-05 -8.49e-05 2.1e-05 -0.0002 -7.5e-05 0

ABS:   009 |  0.000062000 -0.000085100  0.000021000 -0.000200000 -0.000075000  0.000000000 |         67.0 |  0.000002493  0.000053364,  0.000025946  0.000551495
DIFF:  009 |  0.000000000 -0.000000200  0.000000000  0.000000000  0.000000000  0.000000000 |         -0.0 |  0.000000005  0.000000001, -0.000000043 -0.000000009
MOVE:  009 | -0.000000000 -0.000000100  0.000000000  0.000000000  0.000000000  0.000000000 |         -0.0 |  0.000000002  0.000000000, -0.000000021 -0.000000004
CONST: 009 | 52 6.2e-05 -8.51e-05 2.1e-05 -0.0002 -7.5e-05 0

ABS:   010 |  0.000062000 -0.000084686  0.000021000 -0.000200000 -0.000075000  0.000000000 |         67.0 |  0.000002483  0.000053362,  0.000025609  0.000551533
DIFF:  010 |  0.000000000  0.000000414  0.000000000  0.000000000  0.000000000  0.000000000 |          0.0 | -0.000000009 -0.000000002, -0.000000337  0.000000038
MOVE:  010 | -0.000000000  0.000000314  0.000000000  0.000000000  0.000000000  0.000000000 |          0.0 | -0.000000007 -0.000000002, -0.000000359  0.000000034
CONST: 010 | 52 6.2e-05 -8.46864e-05 2.1e-05 -0.0002 -7.5e-05 0

ABS:   011 |  0.000062000 -0.000085314  0.000021000 -0.000200000 -0.000075000  0.000000000 |         67.0 |  0.000002497  0.000053365,  0.000025900  0.000551486
DIFF:  011 |  0.000000000 -0.000000627  0.000000000  0.000000000  0.000000000  0.000000000 |         -0.0 |  0.000000014  0.000000003,  0.000000292 -0.000000047
MOVE:  011 | -0.000000000 -0.000000314  0.000000000  0.000000000  0.000000000  0.000000000 |         -0.0 |  0.000000007  0.000000002, -0.000000067 -0.000000014
CONST: 011 | 52 6.2e-05 -8.53136e-05 2.1e-05 -0.0002 -7.5e-05 0

ABS:   012 |  0.000062000 -0.000085000  0.000026002 -0.000200000 -0.000075000  0.000000000 |         67.0 |  0.000002491  0.000053363,  0.000022876  0.000551573
DIFF:  012 |  0.000000000  0.000000314  0.000005002  0.000000000  0.000000000  0.000000000 |          0.0 | -0.000000007 -0.000000002, -0.000003024  0.000000088
MOVE:  012 | -0.000000000  0.000000000  0.000005002  0.000000000  0.000000000  0.000000000 |         -0.0 |  0.000000000  0.000000000, -0.000003091  0.000000074
CONST: 012 | 52 6.2e-05 -8.5e-05 2.60021e-05 -0.0002 -7.5e-05 0

ABS:   013 |  0.000062000 -0.000085000  0.000015998 -0.000200000 -0.000075000  0.000000000 |         66.9 |  0.000002490  0.000053363,  0.000029495  0.000551096
DIFF:  013 |  0.000000000  0.000000000 -0.000010004  0.000000000  0.000000000  0.000000000 |         -0.1 | -0.000000001 -0.000000000,  0.000006619 -0.000000478
MOVE:  013 | -0.000000000  0.000000000 -0.000005002  0.000000000  0.000000000  0.000000000 |         -0.1 | -0.000000000 -0.000000000,  0.000003528 -0.000000404
CONST: 013 | 52 6.2e-05 -8.5e-05 1.59979e-05 -0.0002 -7.5e-05 0

ABS:   014 |  0.000062000 -0.000085000  0.000021500 -0.000200000 -0.000075000  0.000000000 |         67.0 |  0.000002490  0.000053363,  0.000025467  0.000551499
DIFF:  014 |  0.000000000  0.000000000  0.000005502  0.000000000  0.000000000  0.000000000 |          0.1 |  0.000000000  0.000000000, -0.000004028  0.000000404
MOVE:  014 | -0.000000000  0.000000000  0.000000500  0.000000000  0.000000000  0.000000000 |         -0.0 |  0.000000000  0.000000000, -0.000000500 -0.000000000
CONST: 014 | 52 6.2e-05 -8.5e-05 2.15002e-05 -0.0002 -7.5e-05 0

ABS:   015 |  0.000062000 -0.000085000  0.000020500 -0.000200000 -0.000075000  0.000000000 |         67.0 |  0.000002490  0.000053363,  0.000026042  0.000551519
DIFF:  015 |  0.000000000  0.000000000 -0.000001000  0.000000000  0.000000000  0.000000000 |          0.0 | -0.000000000 -0.000000000,  0.000000575  0.000000020
MOVE:  015 | -0.000000000  0.000000000 -0.000000500  0.000000000  0.000000000  0.000000000 |          0.0 | -0.000000000 -0.000000000,  0.000000075  0.000000020
CONST: 015 | 52 6.2e-05 -8.5e-05 2.04998e-05 -0.0002 -7.5e-05 0

ABS:   016 |  0.000062000 -0.000085000  0.000021000 -0.000196000 -0.000075000  0.000000000 |         67.0 |  0.000002489  0.000053362,  0.000025647  0.000551508
DIFF:  016 |  0.000000000  0.000000000  0.000000500  0.000004000  0.000000000  0.000000000 |         -0.0 | -0.000000002 -0.000000001, -0.000000394 -0.000000012
MOVE:  016 | -0.000000000  0.000000000  0.000000000  0.000004000  0.000000000  0.000000000 |         -0.0 | -0.000000002 -0.000000001, -0.000000320  0.000000008
CONST: 016 | 52 6.2e-05 -8.5e-05 2.1e-05 -0.000196 -7.5e-05 0

ABS:   017 |  0.000062000 -0.000085000  0.000021000 -0.000204000 -0.000075000  0.000000000 |         67.0 |  0.000002492  0.000053364,  0.000025861  0.000551511
DIFF:  017 |  0.000000000  0.000000000  0.000000000 -0.000008000  0.000000000  0.000000000 |          0.0 |  0.000000004  0.000000002,  0.000000214  0.000000003
MOVE:  017 | -0.000000000  0.000000000  0.000000000 -0.000004000  0.000000000  0.000000000 |          0.0 |  0.000000002  0.000000001, -0.000000106  0.000000012
CONST: 017 | 52 6.2e-05 -8.5e-05 2.1e-05 -0.000204 -7.5e-05 0

ABS:   018 |  0.000062000 -0.000085000  0.000021000 -0.000194236 -0.000075000  0.000000000 |         66.9 |  0.000002488  0.000053362,  0.000025724  0.000551342
DIFF:  018 |  0.000000000  0.000000000  0.000000000  0.000009764  0.000000000  0.000000000 |         -0.0 | -0.000000004 -0.000000002, -0.000000137 -0.000000168
MOVE:  018 | -0.000000000  0.000000000  0.000000000  0.000005764  0.000000000  0.000000000 |         -0.0 | -0.000000003 -0.000000001, -0.000000243 -0.000000157
CONST: 018 | 52 6.2e-05 -8.5e-05 2.1e-05 -0.000194236 -7.5e-05 0

ABS:   019 |  0.000062000 -0.000085000  0.000021000 -0.000205764 -0.000075000  0.000000000 |         67.0 |  0.000002493  0.000053365,  0.000026003  0.000551507
DIFF:  019 |  0.000000000  0.000000000  0.000000000 -0.000011528  0.000000000  0.000000000 |          0.0 |  0.000000005  0.000000003,  0.000000278  0.000000165
MOVE:  019 | -0.000000000  0.000000000  0.000000000 -0.000005764  0.000000000  0.000000000 |          0.0 |  0.000000003  0.000000001,  0.000000035  0.000000008
CONST: 019 | 52 6.2e-05 -8.5e-05 2.1e-05 -0.000205764 -7.5e-05 0

ABS:   020 |  0.000062000 -0.000085000  0.000021000 -0.000199424 -0.000075000  0.000000000 |         67.0 |  0.000002490  0.000053363,  0.000025921  0.000551500
DIFF:  020 |  0.000000000  0.000000000  0.000000000  0.000006341  0.000000000  0.000000000 |         -0.0 | -0.000000003 -0.000000001, -0.000000081 -0.000000007
MOVE:  020 | -0.000000000  0.000000000  0.000000000  0.000000576  0.000000000  0.000000000 |         -0.0 | -0.000000000 -0.000000000, -0.000000046  0.000000001
CONST: 020 | 52 6.2e-05 -8.5e-05 2.1e-05 -0.000199424 -7.5e-05 0

ABS:   021 |  0.000062000 -0.000085000  0.000021000 -0.000200576 -0.000075000  0.000000000 |         67.0 |  0.000002491  0.000053363,  0.000026013  0.000551498
DIFF:  021 |  0.000000000  0.000000000  0.000000000 -0.000001153  0.000000000  0.000000000 |          0.0 |  0.000000001  0.000000000,  0.000000092 -0.000000002
MOVE:  021 | -0.000000000  0.000000000  0.000000000 -0.000000576  0.000000000  0.000000000 |          0.0 |  0.000000000  0.000000000,  0.000000046 -0.000000001
CONST: 021 | 52 6.2e-05 -8.5e-05 2.1e-05 -0.000200576 -7.5e-05 0

ABS:   022 |  0.000062000 -0.000085000  0.000021000 -0.000200000 -0.000064999  0.000000000 |         66.9 |  0.000002653  0.000053174,  0.000025991  0.000551498
DIFF:  022 |  0.000000000  0.000000000  0.000000000  0.000000576  0.000010001  0.000000000 |         -0.1 |  0.000000162 -0.000000190, -0.000000022  0.000000000
MOVE:  022 | -0.000000000  0.000000000  0.000000000  0.000000000  0.000010001  0.000000000 |         -0.1 |  0.000000163 -0.000000190,  0.000000024 -0.000000001
CONST: 022 | 52 6.2e-05 -8.5e-05 2.1e-05 -0.0002 -6.49993e-05 0

ABS:   023 |  0.000062000 -0.000085000  0.000021000 -0.000200000 -0.000085001  0.000000000 |         67.1 |  0.000002290  0.000053601,  0.000025943  0.000551500
DIFF:  023 |  0.000000000  0.000000000  0.000000000  0.000000000 -0.000020001  0.000000000 |          0.2 | -0.000000363  0.000000427, -0.000000048  0.000000002
MOVE:  023 | -0.000000000  0.000000000  0.000000000  0.000000000 -0.000010001  0.000000000 |          0.1 | -0.000000201  0.000000237, -0.000000024  0.000000001
CONST: 023 | 52 6.2e-05 -8.5e-05 2.1e-05 -0.0002 -8.50007e-05 0

ABS:   024 |  0.000062000 -0.000085000  0.000021000 -0.000200000 -0.000074000  0.000000000 |         67.0 |  0.000002509  0.000053335,  0.000025970  0.000551499
DIFF:  024 |  0.000000000  0.000000000  0.000000000  0.000000000  0.000011001  0.000000000 |         -0.1 |  0.000000219 -0.000000265,  0.000000026 -0.000000001
MOVE:  024 | -0.000000000  0.000000000  0.000000000  0.000000000  0.000001000  0.000000000 |         -0.0 |  0.000000018 -0.000000028,  0.000000002 -0.000000000
CONST: 024 | 52 6.2e-05 -8.5e-05 2.1e-05 -0.0002 -7.39999e-05 0

ABS:   025 |  0.000062000 -0.000085000  0.000021000 -0.000200000 -0.000076000  0.000000000 |         67.0 |  0.000002453  0.000053409,  0.000025965  0.000551499
DIFF:  025 |  0.000000000  0.000000000  0.000000000  0.000000000 -0.000002000  0.000000000 |          0.0 | -0.000000056  0.000000074, -0.000000005  0.000000000
MOVE:  025 | -0.000000000  0.000000000  0.000000000  0.000000000 -0.000001000  0.000000000 |          0.0 | -0.000000037  0.000000046, -0.000000002  0.000000000
CONST: 025 | 52 6.2e-05 -8.5e-05 2.1e-05 -0.0002 -7.60001e-05 0

ABS:   026 |  0.000062000 -0.000085000  0.000021000 -0.000200000 -0.000074900  0.000000000 |         67.0 |  0.000002492  0.000053360,  0.000025968  0.000551499
DIFF:  026 |  0.000000000  0.000000000  0.000000000  0.000000000  0.000001100  0.000000000 |         -0.0 |  0.000000039 -0.000000049,  0.000000003 -0.000000000
MOVE:  026 | -0.000000000  0.000000000  0.000000000  0.000000000  0.000000100  0.000000000 |         -0.0 |  0.000000002 -0.000000003,  0.000000000 -0.000000000
CONST: 026 | 52 6.2e-05 -8.5e-05 2.1e-05 -0.0002 -7.49e-05 0

ABS:   027 |  0.000062000 -0.000085000  0.000021000 -0.000200000 -0.000075100  0.000000000 |         67.0 |  0.000002489  0.000053366,  0.000025967  0.000551499
DIFF:  027 |  0.000000000  0.000000000  0.000000000  0.000000000 -0.000000200  0.000000000 |          0.0 | -0.000000004  0.000000006, -0.000000000  0.000000000
MOVE:  027 | -0.000000000  0.000000000  0.000000000  0.000000000 -0.000000100  0.000000000 |          0.0 | -0.000000002  0.000000003, -0.000000000  0.000000000
CONST: 027 | 52 6.2e-05 -8.5e-05 2.1e-05 -0.0002 -7.51e-05 0

ABS:   028 |  0.000062000 -0.000085000  0.000021000 -0.000200000 -0.000075000  0.000002000 |         67.0 |  0.000002489  0.000053363,  0.000025968  0.000551499
DIFF:  028 |  0.000000000  0.000000000  0.000000000  0.000000000  0.000000100  0.000002000 |         -0.0 |  0.000000001 -0.000000003,  0.000000001  0.000000000
MOVE:  028 | -0.000000000  0.000000000  0.000000000  0.000000000  0.000000000  0.000002000 |          0.0 | -0.000000001 -0.000000000,  0.000000001  0.000000000
CONST: 028 | 52 6.2e-05 -8.5e-05 2.1e-05 -0.0002 -7.5e-05 2.00001e-06

ABS:   029 |  0.000062000 -0.000085000  0.000021000 -0.000200000 -0.000075000 -0.000002000 |         67.0 |  0.000002491  0.000053363,  0.000025967  0.000551499
DIFF:  029 |  0.000000000  0.000000000  0.000000000  0.000000000  0.000000000 -0.000004000 |         -0.0 |  0.000000002  0.000000000, -0.000000001 -0.000000000
MOVE:  029 | -0.000000000  0.000000000  0.000000000  0.000000000  0.000000000 -0.000002000 |         -0.0 |  0.000000001  0.000000000, -0.000000001 -0.000000000
CONST: 029 | 52 6.2e-05 -8.5e-05 2.1e-05 -0.0002 -7.5e-05 -2.00001e-06

ABS:   030 |  0.000062000 -0.000085000  0.000021000 -0.000200000 -0.000075000  0.000020000 |         67.0 |  0.000002481  0.000053363,  0.000025973  0.000551502
DIFF:  030 |  0.000000000  0.000000000  0.000000000  0.000000000  0.000000000  0.000022000 |          0.0 | -0.000000011 -0.000000000,  0.000000006  0.000000002
MOVE:  030 | -0.000000000  0.000000000  0.000000000  0.000000000  0.000000000  0.000020000 |          0.0 | -0.000000010 -0.000000000,  0.000000006  0.000000002
CONST: 030 | 52 6.2e-05 -8.5e-05 2.1e-05 -0.0002 -7.5e-05 2.00001e-05

ABS:   031 |  0.000062000 -0.000085000  0.000021000 -0.000200000 -0.000075000 -0.000020000 |         67.0 |  0.000002500  0.000053364,  0.000025961  0.000551497
DIFF:  031 |  0.000000000  0.000000000  0.000000000  0.000000000  0.000000000 -0.000040000 |         -0.0 |  0.000000019  0.000000001, -0.000000012 -0.000000005
MOVE:  031 | -0.000000000  0.000000000  0.000000000  0.000000000  0.000000000 -0.000020000 |         -0.0 |  0.000000010  0.000000000, -0.000000006 -0.000000002
CONST: 031 | 52 6.2e-05 -8.5e-05 2.1e-05 -0.0002 -7.5e-05 -2.00001e-05

ABS:   032 |  0.000061958 -0.000135540  0.000066955 -0.000079781  0.000098730 -0.000507899 |         65.5 |  0.000006674  0.000051322, -0.000005206  0.000548423
DIFF:  032 | -0.000000042 -0.000050540  0.000045955  0.000120219  0.000173730 -0.000487899 |         -1.4 |  0.000004174 -0.000002041, -0.000031168 -0.000003074
MOVE:  032 | -0.000000042 -0.000050540  0.000045955  0.000120219  0.000173730 -0.000507899 |         -1.4 |  0.000004183 -0.000002041, -0.000031173 -0.000003076
CONST: 032 | 52 6.19581e-05 -0.00013554 6.69551e-05 -7.97808e-05 9.87298e-05 -0.000507899

ABS:   033 |  0.000061965 -0.000135540  0.000066955 -0.000079781  0.000098730 -0.000507899 |         65.5 |  0.000006680  0.000051322, -0.000005206  0.000548423
DIFF:  033 |  0.000000007  0.000000000  0.000000000  0.000000000  0.000000000  0.000000000 |          0.0 |  0.000000007 -0.000000000,  0.000000000  0.000000000
MOVE:  033 | -0.000000035 -0.000050540  0.000045955  0.000120219  0.000173730 -0.000507899 |         -1.4 |  0.000004190 -0.000002041, -0.000031173 -0.000003076
CONST: 033 | 52 6.19646e-05 -0.00013554 6.69551e-05 -7.97808e-05 9.87298e-05 -0.000507899

ABS:   034 |  0.000061952 -0.000135540  0.000066955 -0.000079781  0.000098730 -0.000507899 |         65.5 |  0.000006667  0.000051322, -0.000005206  0.000548423
DIFF:  034 | -0.000000013  0.000000000  0.000000000  0.000000000  0.000000000  0.000000000 |         -0.0 | -0.000000013  0.000000000, -0.000000000 -0.000000000
MOVE:  034 | -0.000000048 -0.000050540  0.000045955  0.000120219  0.000173730 -0.000507899 |         -1.4 |  0.000004177 -0.000002041, -0.000031173 -0.000003076
CONST: 034 | 52 6.19516e-05 -0.00013554 6.69551e-05 -7.97808e-05 9.87298e-05 -0.000507899

ABS:   035 |  0.000062022 -0.000135540  0.000066955 -0.000079781  0.000098730 -0.000507899 |         65.6 |  0.000006738  0.000051322, -0.000005206  0.000548423
DIFF:  035 |  0.000000071  0.000000000  0.000000000  0.000000000  0.000000000  0.000000000 |          0.0 |  0.000000071 -0.000000000,  0.000000000  0.000000000
MOVE:  035 |  0.000000022 -0.000050540  0.000045955  0.000120219  0.000173730 -0.000507899 |         -1.4 |  0.000004248 -0.000002041, -0.000031173 -0.000003076
CONST: 035 | 52 6.20224e-05 -0.00013554 6.69551e-05 -7.97808e-05 9.87298e-05 -0.000507899

ABS:   036 |  0.000061894 -0.000135540  0.000066955 -0.000079781  0.000098730 -0.000507899 |         65.5 |  0.000006610  0.000051322, -0.000005206  0.000548423
DIFF:  036 | -0.000000129  0.000000000  0.000000000  0.000000000  0.000000000  0.000000000 |         -0.0 | -0.000000129  0.000000000, -0.000000000 -0.000000000
MOVE:  036 | -0.000000106 -0.000050540  0.000045955  0.000120219  0.000173730 -0.000507899 |         -1.4 |  0.000004119 -0.000002041, -0.000031173 -0.000003076
CONST: 036 | 52 6.18938e-05 -0.00013554 6.69551e-05 -7.97808e-05 9.87298e-05 -0.000507899

ABS:   037 |  0.000061958 -0.000135105  0.000066955 -0.000079781  0.000098730 -0.000507899 |         65.5 |  0.000006664  0.000051320, -0.000005114  0.000548429
DIFF:  037 |  0.000000064  0.000000435  0.000000000  0.000000000  0.000000000  0.000000000 |          0.0 |  0.000000055 -0.000000003,  0.000000092  0.000000006
MOVE:  037 | -0.000000042 -0.000050105  0.000045955  0.000120219  0.000173730 -0.000507899 |         -1.4 |  0.000004174 -0.000002043, -0.000031081 -0.000003070
CONST: 037 | 52 6.19581e-05 -0.000135105 6.69551e-05 -7.97808e-05 9.87298e-05 -0.000507899

ABS:   038 |  0.000061958 -0.000135975  0.000066955 -0.000079781  0.000098730 -0.000507899 |         65.6 |  0.000006684  0.000051325, -0.000005511  0.000548576
DIFF:  038 |  0.000000000 -0.000000870  0.000000000  0.000000000  0.000000000  0.000000000 |          0.0 |  0.000000019  0.000000005, -0.000000397  0.000000147
MOVE:  038 | -0.000000042 -0.000050975  0.000045955  0.000120219  0.000173730 -0.000507899 |         -1.4 |  0.000004193 -0.000002038, -0.000031478 -0.000002923
CONST: 038 | 52 6.19581e-05 -0.000135975 6.69551e-05 -7.97808e-05 9.87298e-05 -0.000507899

ABS:   039 |  0.000061958 -0.000135496  0.000066955 -0.000079781  0.000098730 -0.000507899 |         65.5 |  0.000006673  0.000051322, -0.000005197  0.000548424
DIFF:  039 |  0.000000000  0.000000478  0.000000000  0.000000000  0.000000000  0.000000000 |         -0.0 | -0.000000011 -0.000000003,  0.000000314 -0.000000152
MOVE:  039 | -0.000000042 -0.000050496  0.000045955  0.000120219  0.000173730 -0.000507899 |         -1.4 |  0.000004182 -0.000002041, -0.000031164 -0.000003075
CONST: 039 | 52 6.19581e-05 -0.000135496 6.69551e-05 -7.97808e-05 9.87298e-05 -0.000507899

ABS:   040 |  0.000061958 -0.000135583  0.000066955 -0.000079781  0.000098730 -0.000507899 |         65.5 |  0.000006675  0.000051323, -0.000005215  0.000548423
DIFF:  040 |  0.000000000 -0.000000087  0.000000000  0.000000000  0.000000000  0.000000000 |          0.0 |  0.000000002  0.000000001, -0.000000018 -0.000000001
MOVE:  040 | -0.000000042 -0.000050583  0.000045955  0.000120219  0.000173730 -0.000507899 |         -1.4 |  0.000004184 -0.000002041, -0.000031183 -0.000003076
CONST: 040 | 52 6.19581e-05 -0.000135583 6.69551e-05 -7.97808e-05 9.87298e-05 -0.000507899

ABS:   041 |  0.000061958 -0.000135229  0.000066955 -0.000079781  0.000098730 -0.000507899 |         65.5 |  0.000006667  0.000051321, -0.000005140  0.000548428
DIFF:  041 |  0.000000000  0.000000354  0.000000000  0.000000000  0.000000000  0.000000000 |         -0.0 | -0.000000008 -0.000000002,  0.000000075  0.000000005
MOVE:  041 | -0.000000042 -0.000050229  0.000045955  0.000120219  0.000173730 -0.000507899 |         -1.4 |  0.000004176 -0.000002043, -0.000031107 -0.000003072
CONST: 041 | 52 6.19581e-05 -0.000135229 6.69551e-05 -7.97808e-05 9.87298e-05 -0.000507899

ABS:   042 |  0.000061958 -0.000135850  0.000066955 -0.000079781  0.000098730 -0.000507899 |         65.5 |  0.000006681  0.000051324, -0.000005272  0.000548419
DIFF:  042 |  0.000000000 -0.000000621  0.000000000  0.000000000  0.000000000  0.000000000 |          0.0 |  0.000000014  0.000000004, -0.000000132 -0.000000008
MOVE:  042 | -0.000000042 -0.000050850  0.000045955  0.000120219  0.000173730 -0.000507899 |         -1.4 |  0.000004190 -0.000002039, -0.000031239 -0.000003080
CONST: 042 | 52 6.19581e-05 -0.00013585 6.69551e-05 -7.97808e-05 9.87298e-05 -0.000507899

ABS:   043 |  0.000061958 -0.000135540  0.000067347 -0.000079781  0.000098730 -0.000507899 |         65.5 |  0.000006674  0.000051322, -0.000005598  0.000548423
DIFF:  043 |  0.000000000  0.000000311  0.000000391  0.000000000  0.000000000  0.000000000 |          0.0 | -0.000000007 -0.000000002, -0.000000326  0.000000004
MOVE:  043 | -0.000000042 -0.000050540  0.000046347  0.000120219  0.000173730 -0.000507899 |         -1.4 |  0.000004183 -0.000002041, -0.000031565 -0.000003076
CONST: 043 | 52 6.19581e-05 -0.00013554 6.73466e-05 -7.97808e-05 9.87298e-05 -0.000507899

ABS:   044 |  0.000061958 -0.000135540  0.000066564 -0.000079781  0.000098730 -0.000507899 |         65.6 |  0.000006674  0.000051322, -0.000005027  0.000548582
DIFF:  044 |  0.000000000  0.000000000 -0.000000783  0.000000000  0.000000000  0.000000000 |          0.0 |  0.000000000 -0.000000000,  0.000000571  0.000000159
MOVE:  044 | -0.000000042 -0.000050540  0.000045564  0.000120219  0.000173730 -0.000507899 |         -1.4 |  0.000004183 -0.000002041, -0.000030994 -0.000002917
CONST: 044 | 52 6.19581e-05 -0.00013554 6.65636e-05 -7.97808e-05 9.87298e-05 -0.000507899

ABS:   045 |  0.000061958 -0.000135540  0.000066994 -0.000079781  0.000098730 -0.000507899 |         65.5 |  0.000006674  0.000051322, -0.000005245  0.000548423
DIFF:  045 |  0.000000000  0.000000000  0.000000431  0.000000000  0.000000000  0.000000000 |         -0.0 | -0.000000000  0.000000000, -0.000000218 -0.000000159
MOVE:  045 | -0.000000042 -0.000050540  0.000045994  0.000120219  0.000173730 -0.000507899 |         -1.4 |  0.000004183 -0.000002041, -0.000031213 -0.000003076
CONST: 045 | 52 6.19581e-05 -0.00013554 6.69942e-05 -7.97808e-05 9.87298e-05 -0.000507899

ABS:   046 |  0.000061958 -0.000135540  0.000066916 -0.000079781  0.000098730 -0.000507899 |         65.5 |  0.000006674  0.000051322, -0.000005167  0.000548423
DIFF:  046 |  0.000000000  0.000000000 -0.000000078  0.000000000  0.000000000  0.000000000 |         -0.0 |  0.000000000 -0.000000000,  0.000000078  0.000000000
MOVE:  046 | -0.000000042 -0.000050540  0.000045916  0.000120219  0.000173730 -0.000507899 |         -1.4 |  0.000004183 -0.000002041, -0.000031134 -0.000003076
CONST: 046 | 52 6.19581e-05 -0.00013554 6.69159e-05 -7.97808e-05 9.87298e-05 -0.000507899

ABS:   047 |  0.000061958 -0.000135540  0.000067249 -0.000079781  0.000098730 -0.000507899 |         65.5 |  0.000006674  0.000051322, -0.000005500  0.000548423
DIFF:  047 |  0.000000000  0.000000000  0.000000333  0.000000000  0.000000000  0.000000000 |          0.0 | -0.000000000  0.000000000, -0.000000333 -0.000000000
MOVE:  047 | -0.000000042 -0.000050540  0.000046249  0.000120219  0.000173730 -0.000507899 |         -1.4 |  0.000004183 -0.000002041, -0.000031467 -0.000003076
CONST: 047 | 52 6.19581e-05 -0.00013554 6.7249e-05 -7.97808e-05 9.87298e-05 -0.000507899

ABS:   048 |  0.000061958 -0.000135540  0.000066661 -0.000079781  0.000098730 -0.000507899 |         65.5 |  0.000006674  0.000051322, -0.000004912  0.000548423
DIFF:  048 |  0.000000000  0.000000000 -0.000000588  0.000000000  0.000000000  0.000000000 |         -0.0 |  0.000000000 -0.000000000,  0.000000588  0.000000000
MOVE:  048 | -0.000000042 -0.000050540  0.000045661  0.000120219  0.000173730 -0.000507899 |         -1.4 |  0.000004183 -0.000002041, -0.000030880 -0.000003076
CONST: 048 | 52 6.19581e-05 -0.00013554 6.66612e-05 -7.97808e-05 9.87298e-05 -0.000507899

ABS:   049 |  0.000061958 -0.000135540  0.000066955 -0.000076831  0.000098730 -0.000507899 |         65.5 |  0.000006672  0.000051324, -0.000005442  0.000548429
DIFF:  049 |  0.000000000  0.000000000  0.000000294  0.000002950  0.000000000  0.000000000 |          0.0 | -0.000000001  0.000000001, -0.000000529  0.000000005
MOVE:  049 | -0.000000042 -0.000050540  0.000045955  0.000123169  0.000173730 -0.000507899 |         -1.4 |  0.000004182 -0.000002040, -0.000031409 -0.000003071
CONST: 049 | 52 6.19581e-05 -0.00013554 6.69551e-05 -7.68308e-05 9.87298e-05 -0.000507899

ABS:   050 |  0.000061958 -0.000135540  0.000066955 -0.000082731  0.000098730 -0.000507899 |         65.5 |  0.000006675  0.000051321, -0.000004971  0.000548418
DIFF:  050 |  0.000000000  0.000000000  0.000000000 -0.000005900  0.000000000  0.000000000 |         -0.0 |  0.000000003 -0.000000002,  0.000000471 -0.000000010
MOVE:  050 | -0.000000042 -0.000050540  0.000045955  0.000117269  0.000173730 -0.000507899 |         -1.4 |  0.000004185 -0.000002042, -0.000030938 -0.000003081
CONST: 050 | 52 6.19581e-05 -0.00013554 6.69551e-05 -8.27309e-05 9.87298e-05 -0.000507899

ABS:   051 |  0.000061958 -0.000135540  0.000066955 -0.000079781  0.000099435 -0.000507899 |         65.5 |  0.000006687  0.000051318, -0.000005204  0.000548423
DIFF:  051 |  0.000000000  0.000000000  0.000000000  0.000002950  0.000000706  0.000000000 |          0.0 |  0.000000011 -0.000000004, -0.000000234  0.000000005
MOVE:  051 | -0.000000042 -0.000050540  0.000045955  0.000120219  0.000174435 -0.000507899 |         -1.4 |  0.000004196 -0.000002046, -0.000031172 -0.000003076
CONST: 051 | 52 6.19581e-05 -0.00013554 6.69551e-05 -7.97808e-05 9.94354e-05 -0.000507899

ABS:   052 |  0.000061958 -0.000135540  0.000066955 -0.000079781  0.000098024 -0.000507899 |         65.5 |  0.000006661  0.000051327, -0.000005208  0.000548423
DIFF:  052 |  0.000000000  0.000000000  0.000000000  0.000000000 -0.000001411  0.000000000 |          0.0 | -0.000000025  0.000000010, -0.000000003  0.000000000
MOVE:  052 | -0.000000042 -0.000050540  0.000045955  0.000120219  0.000173024 -0.000507899 |         -1.4 |  0.000004171 -0.000002036, -0.000031175 -0.000003076
CONST: 052 | 52 6.19581e-05 -0.00013554 6.69551e-05 -7.97808e-05 9.80243e-05 -0.000507899

ABS:   053 |  0.000061958 -0.000135540  0.000066955 -0.000079781  0.000098730 -0.000465955 |         65.5 |  0.000006654  0.000051322, -0.000005195  0.000548425
DIFF:  053 |  0.000000000  0.000000000  0.000000000  0.000000000  0.000000706  0.000041944 |         -0.0 | -0.000000007 -0.000000006,  0.000000013  0.000000001
MOVE:  053 | -0.000000042 -0.000050540  0.000045955  0.000120219  0.000173730 -0.000465955 |         -1.4 |  0.000004163 -0.000002042, -0.000031163 -0.000003075
CONST: 053 | 52 6.19581e-05 -0.00013554 6.69551e-05 -7.97808e-05 9.87298e-05 -0.000465955

ABS:   054 |  0.000061958 -0.000135540  0.000066955 -0.000079781  0.000098730 -0.000549842 |         65.5 |  0.000006694  0.000051323, -0.000005217  0.000548422
DIFF:  054 |  0.000000000  0.000000000  0.000000000  0.000000000  0.000000000 -0.000083887 |          0.0 |  0.000000040  0.000000001, -0.000000022 -0.000000002
MOVE:  054 | -0.000000042 -0.000050540  0.000045955  0.000120219  0.000173730 -0.000549842 |         -1.4 |  0.000004204 -0.000002040, -0.000031184 -0.000003077
CONST: 054 | 52 6.19581e-05 -0.00013554 6.69551e-05 -7.97808e-05 9.87298e-05 -0.000549842

ABS:   055 |  0.000061931 -0.000133517  0.000061944 -0.000237916  0.000139641  0.000883762 |         65.5 |  0.000006906  0.000051043,  0.000002221  0.000548501
DIFF:  055 | -0.000000028  0.000002023 -0.000005011 -0.000158135  0.000040911  0.001433604 |         -0.1 |  0.000000213 -0.000000280,  0.000007438  0.000000079
MOVE:  055 | -0.000000069 -0.000048517  0.000040944 -0.000037916  0.000214641  0.000883762 |         -1.5 |  0.000004416 -0.000002320, -0.000023746 -0.000002998
CONST: 055 | 52 6.19306e-05 -0.000133517 6.19439e-05 -0.000237916 0.000139641 0.000883762

ABS:   056 |  0.000061939 -0.000134138  0.000063482 -0.000189391  0.000127087  0.000456741 |         65.2 |  0.000006885  0.000051141, -0.000000260  0.000547422
DIFF:  056 |  0.000000008 -0.000000621  0.000001538  0.000048525 -0.000012554 -0.000427021 |         -0.3 | -0.000000022  0.000000098, -0.000002481 -0.000001079
MOVE:  056 | -0.000000061 -0.000049138  0.000042482  0.000010609  0.000202087  0.000456741 |         -1.7 |  0.000004395 -0.000002222, -0.000026227 -0.000004078
CONST: 056 | 52 6.1939e-05 -0.000134138 6.34817e-05 -0.000189391 0.000127087 0.000456741

ABS:   057 |  0.000061944 -0.000134478  0.000064326 -0.000162760  0.000120197  0.000222380 |         65.3 |  0.000006874  0.000051184, -0.000002523  0.000547460
DIFF:  057 |  0.000000005 -0.000000341  0.000000844  0.000026630 -0.000006889 -0.000234361 |          0.0 | -0.000000011  0.000000043, -0.000002263  0.000000038
MOVE:  057 | -0.000000056 -0.000049478  0.000043326  0.000037240  0.000195197  0.000222380 |         -1.7 |  0.000004384 -0.000002179, -0.000028490 -0.000004040
CONST: 057 | 52 6.19436e-05 -0.000134478 6.43255e-05 -0.00016276 0.000120197 0.00022238

ABS:   058 |  0.000062003 -0.000134138  0.000063482 -0.000189391  0.000127087  0.000456741 |         65.2 |  0.000006949  0.000051141, -0.000000260  0.000547422
DIFF:  058 |  0.000000059  0.000000341 -0.000000844 -0.000026630  0.000006889  0.000234361 |         -0.0 |  0.000000075 -0.000000043,  0.000002263 -0.000000038
MOVE:  058 |  0.000000003 -0.000049138  0.000042482  0.000010609  0.000202087  0.000456741 |         -1.7 |  0.000004459 -0.000002222, -0.000026227 -0.000004078
CONST: 058 | 52 6.20031e-05 -0.000134138 6.34817e-05 -0.000189391 0.000127087 0.000456741

ABS:   059 |  0.000061875 -0.000134138  0.000063482 -0.000189391  0.000127087  0.000456741 |         65.2 |  0.000006821  0.000051141, -0.000000260  0.000547422
DIFF:  059 | -0.000000128  0.000000000  0.000000000  0.000000000  0.000000000  0.000000000 |         -0.0 | -0.000000128 -0.000000000,  0.000000000  0.000000000
MOVE:  059 | -0.000000125 -0.000049138  0.000042482  0.000010609  0.000202087  0.000456741 |         -1.7 |  0.000004330 -0.000002222, -0.000026227 -0.000004078
CONST: 059 | 52 6.18749e-05 -0.000134138 6.34817e-05 -0.000189391 0.000127087 0.000456741

ABS:   060 |  0.000061939 -0.000133828  0.000063482 -0.000189391  0.000127087  0.000456741 |         65.2 |  0.000006878  0.000051139, -0.000000194  0.000547427
DIFF:  060 |  0.000000064  0.000000310  0.000000000  0.000000000  0.000000000  0.000000000 |          0.0 |  0.000000057 -0.000000002,  0.000000066  0.000000005
MOVE:  060 | -0.000000061 -0.000048828  0.000042482  0.000010609  0.000202087  0.000456741 |         -1.7 |  0.000004388 -0.000002224, -0.000026162 -0.000004072
CONST: 060 | 52 6.1939e-05 -0.000133828 6.34817e-05 -0.000189391 0.000127087 0.000456741

ABS:   061 |  0.000061939 -0.000134448  0.000063482 -0.000189391  0.000127087  0.000456741 |         65.2 |  0.000006892  0.000051143, -0.000000325  0.000547417
DIFF:  061 |  0.000000000 -0.000000620  0.000000000  0.000000000  0.000000000  0.000000000 |         -0.0 |  0.000000014  0.000000003, -0.000000131 -0.000000010
MOVE:  061 | -0.000000061 -0.000049448  0.000042482  0.000010609  0.000202087  0.000456741 |         -1.7 |  0.000004402 -0.000002221, -0.000026293 -0.000004082
CONST: 061 | 52 6.1939e-05 -0.000134448 6.34817e-05 -0.000189391 0.000127087 0.000456741

ABS:   062 |  0.000061939 -0.000134138  0.000063775 -0.000189391  0.000127087  0.000456741 |         65.2 |  0.000006885  0.000051141, -0.000000553  0.000547422
DIFF:  062 |  0.000000000  0.000000310  0.000000293  0.000000000  0.000000000  0.000000000 |          0.0 | -0.000000007 -0.000000002, -0.000000228  0.000000005
MOVE:  062 | -0.000000061 -0.000049138  0.000042775  0.000010609  0.000202087  0.000456741 |         -1.7 |  0.000004395 -0.000002222, -0.000026520 -0.000004078
CONST: 062 | 52 6.1939e-05 -0.000134138 6.37748e-05 -0.000189391 0.000127087 0.000456741

ABS:   063 |  0.000061939 -0.000134138  0.000063188 -0.000189391  0.000127087  0.000456741 |         65.2 |  0.000006885  0.000051141,  0.000000033  0.000547422
DIFF:  063 |  0.000000000  0.000000000 -0.000000586  0.000000000  0.000000000  0.000000000 |         -0.0 |  0.000000000 -0.000000000,  0.000000586  0.000000000
MOVE:  063 | -0.000000061 -0.000049138  0.000042188  0.000010609  0.000202087  0.000456741 |         -1.7 |  0.000004395 -0.000002222, -0.000025934 -0.000004078
CONST: 063 | 52 6.1939e-05 -0.000134138 6.31885e-05 -0.000189391 0.000127087 0.000456741

