ABS:   itr |       deltaX       deltaY       deltaZ         phiX         phiY         phiZ |        chisq |    rphi mean     rphi rms,       z mean        z rms
ABS:   =========================================================================================================================================================
DIFF:  itr |       deltaX       deltaY       deltaZ         phiX         phiY         phiZ |        chisq |    rphi mean     rphi rms,       z mean        z rms
DIFF:  =========================================================================================================================================================
MOVE:  itr |       deltaX       deltaY       deltaZ         phiX         phiY         phiZ |        chisq |    rphi mean     rphi rms,       z mean        z rms
MOVE:  =========================================================================================================================================================
ABS:   001 | -0.000022000 -0.000065000  0.000180000  0.000025000 -0.000072000  0.000000000 |         68.8 | -0.000005370  0.000051200, -0.000008936  0.000545105
CONST: 001 | 39 -2.2e-05 -6.5e-05 0.00018 2.5e-05 -7.2e-05 0

ABS:   001 | -0.000022000 -0.000065000  0.000180000  0.000025000 -0.000072000  0.000000000 |         68.8 | -0.000005370  0.000051200, -0.000008936  0.000545105
CONST: 001 | 39 -2.2e-05 -6.5e-05 0.00018 2.5e-05 -7.2e-05 0

ABS:   002 | -0.000021900 -0.000065000  0.000180000  0.000025000 -0.000072000  0.000000000 |         68.8 | -0.000005270  0.000051200, -0.000008936  0.000545105
DIFF:  002 |  0.000000100  0.000000000 -0.000000000 -0.000000000 -0.000000000  0.000000000 |         -0.0 |  0.000000100  0.000000000,  0.000000000  0.000000000
MOVE:  002 |  0.000000100  0.000000000 -0.000000000 -0.000000000 -0.000000000  0.000000000 |         -0.0 |  0.000000100  0.000000000,  0.000000000  0.000000000
CONST: 002 | 39 -2.19e-05 -6.5e-05 0.00018 2.5e-05 -7.2e-05 0

ABS:   003 | -0.000022100 -0.000065000  0.000180000  0.000025000 -0.000072000  0.000000000 |         68.8 | -0.000005453  0.000051185, -0.000008936  0.000545105
DIFF:  003 | -0.000000200  0.000000000  0.000000000  0.000000000  0.000000000  0.000000000 |         -0.0 | -0.000000183 -0.000000016, -0.000000000  0.000000000
MOVE:  003 | -0.000000100  0.000000000 -0.000000000 -0.000000000 -0.000000000  0.000000000 |         -0.0 | -0.000000083 -0.000000016, -0.000000000  0.000000000
CONST: 003 | 39 -2.21e-05 -6.5e-05 0.00018 2.5e-05 -7.2e-05 0

ABS:   004 | -0.000021990 -0.000065000  0.000180000  0.000025000 -0.000072000  0.000000000 |         68.8 | -0.000005360  0.000051200, -0.000008936  0.000545105
DIFF:  004 |  0.000000110  0.000000000  0.000000000  0.000000000  0.000000000  0.000000000 |          0.0 |  0.000000093  0.000000016,  0.000000000 -0.000000000
MOVE:  004 |  0.000000010  0.000000000 -0.000000000 -0.000000000 -0.000000000  0.000000000 |         -0.0 |  0.000000010  0.000000000,  0.000000000  0.000000000
CONST: 004 | 39 -2.199e-05 -6.5e-05 0.00018 2.5e-05 -7.2e-05 0

ABS:   005 | -0.000022010 -0.000065000  0.000180000  0.000025000 -0.000072000  0.000000000 |         68.8 | -0.000005380  0.000051200, -0.000008936  0.000545105
DIFF:  005 | -0.000000020  0.000000000  0.000000000  0.000000000  0.000000000  0.000000000 |          0.0 | -0.000000020 -0.000000000, -0.000000000 -0.000000000
MOVE:  005 | -0.000000010  0.000000000 -0.000000000 -0.000000000 -0.000000000  0.000000000 |          0.0 | -0.000000010  0.000000000, -0.000000000 -0.000000000
CONST: 005 | 39 -2.201e-05 -6.5e-05 0.00018 2.5e-05 -7.2e-05 0

ABS:   006 | -0.000021935 -0.000065000  0.000180000  0.000025000 -0.000072000  0.000000000 |         68.8 | -0.000005305  0.000051200, -0.000008936  0.000545105
DIFF:  006 |  0.000000075  0.000000000  0.000000000  0.000000000  0.000000000  0.000000000 |         -0.0 |  0.000000075 -0.000000000,  0.000000000  0.000000000
MOVE:  006 |  0.000000065  0.000000000 -0.000000000 -0.000000000 -0.000000000  0.000000000 |         -0.0 |  0.000000065  0.000000000,  0.000000000  0.000000000
CONST: 006 | 39 -2.19348e-05 -6.5e-05 0.00018 2.5e-05 -7.2e-05 0

ABS:   007 | -0.000022065 -0.000065000  0.000180000  0.000025000 -0.000072000  0.000000000 |         68.8 | -0.000005418  0.000051185, -0.000008936  0.000545105
DIFF:  007 | -0.000000130  0.000000000  0.000000000  0.000000000  0.000000000  0.000000000 |         -0.0 | -0.000000113 -0.000000016, -0.000000000 -0.000000000
MOVE:  007 | -0.000000065  0.000000000 -0.000000000 -0.000000000 -0.000000000  0.000000000 |         -0.0 | -0.000000048 -0.000000016, -0.000000000 -0.000000000
CONST: 007 | 39 -2.20652e-05 -6.5e-05 0.00018 2.5e-05 -7.2e-05 0

ABS:   008 | -0.000022000 -0.000064900  0.000180000  0.000025000 -0.000072000  0.000000000 |         68.9 | -0.000005373  0.000051200, -0.000009146  0.000545251
DIFF:  008 |  0.000000065  0.000000100  0.000000000  0.000000000  0.000000000  0.000000000 |          0.0 |  0.000000046  0.000000015, -0.000000210  0.000000146
MOVE:  008 | -0.000000000  0.000000100 -0.000000000 -0.000000000 -0.000000000  0.000000000 |          0.0 | -0.000000002 -0.000000000, -0.000000210  0.000000146
CONST: 008 | 39 -2.2e-05 -6.49e-05 0.00018 2.5e-05 -7.2e-05 0

ABS:   009 | -0.000022000 -0.000065100  0.000180000  0.000025000 -0.000072000  0.000000000 |         68.8 | -0.000005368  0.000051201, -0.000008923  0.000545107
DIFF:  009 |  0.000000000 -0.000000200  0.000000000  0.000000000  0.000000000  0.000000000 |         -0.0 |  0.000000005  0.000000000,  0.000000223 -0.000000144
MOVE:  009 | -0.000000000 -0.000000100 -0.000000000 -0.000000000 -0.000000000  0.000000000 |          0.0 |  0.000000002  0.000000000,  0.000000013  0.000000002
CONST: 009 | 39 -2.2e-05 -6.51e-05 0.00018 2.5e-05 -7.2e-05 0

ABS:   010 | -0.000022000 -0.000064990  0.000180000  0.000025000 -0.000072000  0.000000000 |         68.8 | -0.000005371  0.000051200, -0.000008937  0.000545105
DIFF:  010 |  0.000000000  0.000000110  0.000000000  0.000000000  0.000000000  0.000000000 |         -0.0 | -0.000000002 -0.000000000, -0.000000014 -0.000000002
MOVE:  010 | -0.000000000  0.000000010 -0.000000000 -0.000000000 -0.000000000  0.000000000 |         -0.0 | -0.000000000 -0.000000000, -0.000000001 -0.000000000
CONST: 010 | 39 -2.2e-05 -6.499e-05 0.00018 2.5e-05 -7.2e-05 0

ABS:   011 | -0.000022000 -0.000065010  0.000180000  0.000025000 -0.000072000  0.000000000 |         68.8 | -0.000005370  0.000051200, -0.000008935  0.000545105
DIFF:  011 |  0.000000000 -0.000000020  0.000000000  0.000000000  0.000000000  0.000000000 |          0.0 |  0.000000000  0.000000000,  0.000000003  0.000000000
MOVE:  011 | -0.000000000 -0.000000010 -0.000000000 -0.000000000 -0.000000000  0.000000000 |          0.0 |  0.000000000  0.000000000,  0.000000001  0.000000000
CONST: 011 | 39 -2.2e-05 -6.501e-05 0.00018 2.5e-05 -7.2e-05 0

ABS:   012 | -0.000022000 -0.000064900  0.000180000  0.000025000 -0.000072000  0.000000000 |         68.9 | -0.000005373  0.000051200, -0.000009146  0.000545251
DIFF:  012 |  0.000000000  0.000000110  0.000000000  0.000000000  0.000000000  0.000000000 |          0.0 | -0.000000002 -0.000000000, -0.000000211  0.000000146
MOVE:  012 | -0.000000000  0.000000100 -0.000000000 -0.000000000 -0.000000000  0.000000000 |          0.0 | -0.000000002 -0.000000000, -0.000000210  0.000000146
CONST: 012 | 39 -2.2e-05 -6.49e-05 0.00018 2.5e-05 -7.2e-05 0

ABS:   013 | -0.000022000 -0.000065100  0.000180000  0.000025000 -0.000072000  0.000000000 |         68.8 | -0.000005368  0.000051201, -0.000008923  0.000545107
DIFF:  013 |  0.000000000 -0.000000200  0.000000000  0.000000000  0.000000000  0.000000000 |         -0.0 |  0.000000005  0.000000000,  0.000000223 -0.000000144
MOVE:  013 | -0.000000000 -0.000000100 -0.000000000 -0.000000000 -0.000000000  0.000000000 |          0.0 |  0.000000002  0.000000000,  0.000000013  0.000000002
CONST: 013 | 39 -2.2e-05 -6.51e-05 0.00018 2.5e-05 -7.2e-05 0

ABS:   014 | -0.000022000 -0.000065000  0.000185002  0.000025000 -0.000072000  0.000000000 |         69.1 | -0.000005370  0.000051200, -0.000010944  0.000545918
DIFF:  014 |  0.000000000  0.000000100  0.000005002  0.000000000  0.000000000  0.000000000 |          0.2 | -0.000000002 -0.000000000, -0.000002020  0.000000811
MOVE:  014 | -0.000000000  0.000000000  0.000005002 -0.000000000 -0.000000000  0.000000000 |          0.2 |  0.000000000 -0.000000000, -0.000002007  0.000000813
CONST: 014 | 39 -2.2e-05 -6.5e-05 0.000185002 2.5e-05 -7.2e-05 0

ABS:   015 | -0.000022000 -0.000065000  0.000174998  0.000025000 -0.000072000  0.000000000 |         68.9 | -0.000005371  0.000051200, -0.000006517  0.000545521
DIFF:  015 |  0.000000000  0.000000000 -0.000010004  0.000000000  0.000000000  0.000000000 |         -0.1 | -0.000000001  0.000000000,  0.000004426 -0.000000397
MOVE:  015 | -0.000000000  0.000000000 -0.000005002 -0.000000000 -0.000000000  0.000000000 |          0.1 | -0.000000000  0.000000000,  0.000002419  0.000000416
CONST: 015 | 39 -2.2e-05 -6.5e-05 0.000174998 2.5e-05 -7.2e-05 0

ABS:   016 | -0.000022000 -0.000065000  0.000180500  0.000025000 -0.000072000  0.000000000 |         68.9 | -0.000005370  0.000051200, -0.000009235  0.000545260
DIFF:  016 |  0.000000000  0.000000000  0.000005502  0.000000000  0.000000000  0.000000000 |         -0.1 |  0.000000000 -0.000000000, -0.000002718 -0.000000261
MOVE:  016 | -0.000000000  0.000000000  0.000000500 -0.000000000 -0.000000000  0.000000000 |          0.0 |  0.000000000 -0.000000000, -0.000000299  0.000000155
CONST: 016 | 39 -2.2e-05 -6.5e-05 0.0001805 2.5e-05 -7.2e-05 0

ABS:   017 | -0.000022000 -0.000065000  0.000179500  0.000025000 -0.000072000  0.000000000 |         68.9 | -0.000005370  0.000051200, -0.000008831  0.000545401
DIFF:  017 |  0.000000000  0.000000000 -0.000001000  0.000000000  0.000000000  0.000000000 |          0.0 | -0.000000000  0.000000000,  0.000000405  0.000000142
MOVE:  017 | -0.000000000  0.000000000 -0.000000500 -0.000000000 -0.000000000  0.000000000 |          0.1 | -0.000000000  0.000000000,  0.000000105  0.000000297
CONST: 017 | 39 -2.2e-05 -6.5e-05 0.0001795 2.5e-05 -7.2e-05 0

ABS:   018 | -0.000022000 -0.000065000  0.000180050  0.000025000 -0.000072000  0.000000000 |         68.8 | -0.000005370  0.000051200, -0.000008986  0.000545105
DIFF:  018 |  0.000000000  0.000000000  0.000000550  0.000000000  0.000000000  0.000000000 |         -0.1 |  0.000000000 -0.000000000, -0.000000155 -0.000000297
MOVE:  018 | -0.000000000  0.000000000  0.000000050 -0.000000000 -0.000000000  0.000000000 |          0.0 |  0.000000000 -0.000000000, -0.000000050 -0.000000000
CONST: 018 | 39 -2.2e-05 -6.5e-05 0.00018005 2.5e-05 -7.2e-05 0

ABS:   019 | -0.000022000 -0.000065000  0.000179950  0.000025000 -0.000072000  0.000000000 |         68.8 | -0.000005370  0.000051200, -0.000008886  0.000545105
DIFF:  019 |  0.000000000  0.000000000 -0.000000100  0.000000000  0.000000000  0.000000000 |         -0.0 | -0.000000000  0.000000000,  0.000000100  0.000000000
MOVE:  019 | -0.000000000  0.000000000 -0.000000050 -0.000000000 -0.000000000  0.000000000 |         -0.0 | -0.000000000  0.000000000,  0.000000050  0.000000000
CONST: 019 | 39 -2.2e-05 -6.5e-05 0.00017995 2.5e-05 -7.2e-05 0

ABS:   020 | -0.000022000 -0.000065000  0.000180000  0.000029000 -0.000072000  0.000000000 |         68.8 | -0.000005375  0.000051200, -0.000009266  0.000545112
DIFF:  020 |  0.000000000  0.000000000  0.000000050  0.000004000  0.000000000  0.000000000 |          0.0 | -0.000000004 -0.000000000, -0.000000380  0.000000007
MOVE:  020 | -0.000000000  0.000000000 -0.000000000  0.000004000 -0.000000000  0.000000000 |          0.0 | -0.000000004 -0.000000000, -0.000000330  0.000000007
CONST: 020 | 39 -2.2e-05 -6.5e-05 0.00018 2.9e-05 -7.2e-05 0

ABS:   021 | -0.000022000 -0.000065000  0.000180000  0.000021000 -0.000072000  0.000000000 |         68.9 | -0.000005366  0.000051200, -0.000009001  0.000545394
DIFF:  021 |  0.000000000  0.000000000  0.000000000 -0.000008000  0.000000000  0.000000000 |          0.1 |  0.000000009  0.000000000,  0.000000264  0.000000282
MOVE:  021 | -0.000000000  0.000000000 -0.000000000 -0.000004000 -0.000000000  0.000000000 |          0.1 |  0.000000004  0.000000000, -0.000000065  0.000000289
CONST: 021 | 39 -2.2e-05 -6.5e-05 0.00018 2.1e-05 -7.2e-05 0

ABS:   022 | -0.000022000 -0.000065000  0.000180000  0.000025400 -0.000072000  0.000000000 |         68.8 | -0.000005371  0.000051200, -0.000008969  0.000545105
DIFF:  022 |  0.000000000  0.000000000  0.000000000  0.000004400  0.000000000  0.000000000 |         -0.1 | -0.000000005 -0.000000000,  0.000000032 -0.000000289
MOVE:  022 | -0.000000000  0.000000000 -0.000000000  0.000000400 -0.000000000  0.000000000 |          0.0 | -0.000000000 -0.000000000, -0.000000033  0.000000001
CONST: 022 | 39 -2.2e-05 -6.5e-05 0.00018 2.54e-05 -7.2e-05 0

ABS:   023 | -0.000022000 -0.000065000  0.000180000  0.000024600 -0.000072000  0.000000000 |         68.8 | -0.000005370  0.000051200, -0.000008903  0.000545104
DIFF:  023 |  0.000000000  0.000000000  0.000000000 -0.000000800  0.000000000  0.000000000 |         -0.0 |  0.000000001  0.000000000,  0.000000066 -0.000000001
MOVE:  023 | -0.000000000  0.000000000 -0.000000000 -0.000000400 -0.000000000  0.000000000 |         -0.0 |  0.000000000  0.000000000,  0.000000033 -0.000000001
CONST: 023 | 39 -2.2e-05 -6.5e-05 0.00018 2.46e-05 -7.2e-05 0

ABS:   024 | -0.000022000 -0.000065000  0.000180000  0.000027842 -0.000072000  0.000000000 |         68.8 | -0.000005373  0.000051200, -0.000009170  0.000545110
DIFF:  024 |  0.000000000  0.000000000  0.000000000  0.000003242  0.000000000  0.000000000 |          0.0 | -0.000000003 -0.000000000, -0.000000267  0.000000006
MOVE:  024 | -0.000000000  0.000000000 -0.000000000  0.000002842 -0.000000000  0.000000000 |          0.0 | -0.000000003 -0.000000000, -0.000000234  0.000000005
CONST: 024 | 39 -2.2e-05 -6.5e-05 0.00018 2.78421e-05 -7.2e-05 0

ABS:   025 | -0.000022000 -0.000065000  0.000180000  0.000022158 -0.000072000  0.000000000 |         68.9 | -0.000005367  0.000051200, -0.000009097  0.000545396
DIFF:  025 |  0.000000000  0.000000000  0.000000000 -0.000005684  0.000000000  0.000000000 |          0.1 |  0.000000006  0.000000000,  0.000000073  0.000000286
MOVE:  025 | -0.000000000  0.000000000 -0.000000000 -0.000002842 -0.000000000  0.000000000 |          0.1 |  0.000000003  0.000000000, -0.000000161  0.000000291
CONST: 025 | 39 -2.2e-05 -6.5e-05 0.00018 2.21579e-05 -7.2e-05 0

ABS:   026 | -0.000022000 -0.000065000  0.000180000  0.000025000 -0.000061999  0.000000000 |         68.8 | -0.000005462  0.000051139, -0.000008916  0.000545104
DIFF:  026 |  0.000000000  0.000000000  0.000000000  0.000002842  0.000010001  0.000000000 |         -0.1 | -0.000000095 -0.000000061,  0.000000181 -0.000000293
MOVE:  026 | -0.000000000  0.000000000 -0.000000000 -0.000000000  0.000010001  0.000000000 |         -0.0 | -0.000000092 -0.000000061,  0.000000020 -0.000000001
CONST: 026 | 39 -2.2e-05 -6.5e-05 0.00018 2.5e-05 -6.19993e-05 0

ABS:   027 | -0.000022000 -0.000065000  0.000180000  0.000025000 -0.000082001  0.000000000 |         68.9 | -0.000005273  0.000051380, -0.000008956  0.000545106
DIFF:  027 |  0.000000000  0.000000000  0.000000000  0.000000000 -0.000020001  0.000000000 |          0.1 |  0.000000189  0.000000241, -0.000000041  0.000000002
MOVE:  027 | -0.000000000  0.000000000 -0.000000000 -0.000000000 -0.000010001  0.000000000 |          0.1 |  0.000000097  0.000000180, -0.000000020  0.000000001
CONST: 027 | 39 -2.2e-05 -6.5e-05 0.00018 2.5e-05 -8.20007e-05 0

ABS:   028 | -0.000022000 -0.000065000  0.000180000  0.000025000 -0.000071000  0.000000000 |         68.8 | -0.000005368  0.000051165, -0.000008934  0.000545105
DIFF:  028 |  0.000000000  0.000000000  0.000000000  0.000000000  0.000011001  0.000000000 |         -0.1 | -0.000000095 -0.000000215,  0.000000022 -0.000000001
MOVE:  028 | -0.000000000  0.000000000 -0.000000000 -0.000000000  0.000001000  0.000000000 |         -0.0 |  0.000000002 -0.000000035,  0.000000002 -0.000000000
CONST: 028 | 39 -2.2e-05 -6.5e-05 0.00018 2.5e-05 -7.09999e-05 0

ABS:   029 | -0.000022000 -0.000065000  0.000180000  0.000025000 -0.000073000  0.000000000 |         68.8 | -0.000005355  0.000051220, -0.000008938  0.000545105
DIFF:  029 |  0.000000000  0.000000000  0.000000000  0.000000000 -0.000002000  0.000000000 |          0.0 |  0.000000013  0.000000055, -0.000000004  0.000000000
MOVE:  029 | -0.000000000  0.000000000 -0.000000000 -0.000000000 -0.000001000  0.000000000 |          0.0 |  0.000000015  0.000000020, -0.000000002  0.000000000
CONST: 029 | 39 -2.2e-05 -6.5e-05 0.00018 2.5e-05 -7.30001e-05 0

ABS:   030 | -0.000022000 -0.000065000  0.000180000  0.000025000 -0.000071900  0.000000000 |         68.8 | -0.000005372  0.000051198, -0.000008936  0.000545105
DIFF:  030 |  0.000000000  0.000000000  0.000000000  0.000000000  0.000001100  0.000000000 |         -0.0 | -0.000000017 -0.000000022,  0.000000002 -0.000000000
MOVE:  030 | -0.000000000  0.000000000 -0.000000000 -0.000000000  0.000000100  0.000000000 |         -0.0 | -0.000000002 -0.000000002,  0.000000000 -0.000000000
CONST: 030 | 39 -2.2e-05 -6.5e-05 0.00018 2.5e-05 -7.19e-05 0

ABS:   031 | -0.000022000 -0.000065000  0.000180000  0.000025000 -0.000072100  0.000000000 |         68.8 | -0.000005369  0.000051202, -0.000008936  0.000545105
DIFF:  031 |  0.000000000  0.000000000  0.000000000  0.000000000 -0.000000200  0.000000000 |          0.0 |  0.000000003  0.000000004, -0.000000000  0.000000000
MOVE:  031 | -0.000000000  0.000000000 -0.000000000 -0.000000000 -0.000000100  0.000000000 |          0.0 |  0.000000002  0.000000002, -0.000000000  0.000000000
CONST: 031 | 39 -2.2e-05 -6.5e-05 0.00018 2.5e-05 -7.21e-05 0

ABS:   032 | -0.000022000 -0.000065000  0.000180000  0.000025000 -0.000072000  0.000002000 |         68.8 | -0.000005371  0.000051200, -0.000008937  0.000545105
DIFF:  032 |  0.000000000  0.000000000  0.000000000  0.000000000  0.000000100  0.000002000 |         -0.0 | -0.000000002 -0.000000002, -0.000000001  0.000000000
MOVE:  032 | -0.000000000  0.000000000 -0.000000000 -0.000000000 -0.000000000  0.000002000 |          0.0 | -0.000000001  0.000000000, -0.000000001  0.000000000
CONST: 032 | 39 -2.2e-05 -6.5e-05 0.00018 2.5e-05 -7.2e-05 2.00001e-06

ABS:   033 | -0.000022000 -0.000065000  0.000180000  0.000025000 -0.000072000 -0.000002000 |         68.8 | -0.000005369  0.000051200, -0.000008935  0.000545105
DIFF:  033 |  0.000000000  0.000000000  0.000000000  0.000000000  0.000000000 -0.000004000 |         -0.0 |  0.000000002 -0.000000000,  0.000000002 -0.000000000
MOVE:  033 | -0.000000000  0.000000000 -0.000000000 -0.000000000 -0.000000000 -0.000002000 |         -0.0 |  0.000000001 -0.000000000,  0.000000001 -0.000000000
CONST: 033 | 39 -2.2e-05 -6.5e-05 0.00018 2.5e-05 -7.2e-05 -2.00001e-06

ABS:   034 | -0.000022000 -0.000065000  0.000180000  0.000025000 -0.000072000  0.000020000 |         68.8 | -0.000005380  0.000051201, -0.000008946  0.000545106
DIFF:  034 |  0.000000000  0.000000000  0.000000000  0.000000000  0.000000000  0.000022000 |          0.0 | -0.000000010  0.000000001, -0.000000011  0.000000001
MOVE:  034 | -0.000000000  0.000000000 -0.000000000 -0.000000000 -0.000000000  0.000020000 |          0.0 | -0.000000009  0.000000001, -0.000000010  0.000000001
CONST: 034 | 39 -2.2e-05 -6.5e-05 0.00018 2.5e-05 -7.2e-05 2.00001e-05

ABS:   035 | -0.000022000 -0.000065000  0.000180000  0.000025000 -0.000072000 -0.000020000 |         68.8 | -0.000005361  0.000051200, -0.000008926  0.000545104
DIFF:  035 |  0.000000000  0.000000000  0.000000000  0.000000000  0.000000000 -0.000040000 |         -0.0 |  0.000000019 -0.000000001,  0.000000020 -0.000000002
MOVE:  035 | -0.000000000  0.000000000 -0.000000000 -0.000000000 -0.000000000 -0.000020000 |         -0.0 |  0.000000009 -0.000000001,  0.000000010 -0.000000001
CONST: 035 | 39 -2.2e-05 -6.5e-05 0.00018 2.5e-05 -7.2e-05 -2.00001e-05

ABS:   036 | -0.000022065 -0.000065000  0.000180000  0.000025000 -0.000072000  0.000000000 |         68.8 | -0.000005418  0.000051185, -0.000008936  0.000545105
DIFF:  036 | -0.000000065  0.000000000  0.000000000  0.000000000  0.000000000  0.000020000 |         -0.0 | -0.000000057 -0.000000015, -0.000000010  0.000000001
MOVE:  036 | -0.000000065  0.000000000 -0.000000000 -0.000000000 -0.000000000  0.000000000 |         -0.0 | -0.000000048 -0.000000016, -0.000000000 -0.000000000
CONST: 036 | 39 -2.20652e-05 -6.5e-05 0.00018 2.5e-05 -7.2e-05 0

ABS:   037 | -0.000022326 -0.000065000  0.000180000  0.000025000 -0.000072000  0.000000000 |         68.8 | -0.000005679  0.000051185, -0.000008936  0.000545105
DIFF:  037 | -0.000000261  0.000000000  0.000000000  0.000000000  0.000000000  0.000000000 |          0.0 | -0.000000261 -0.000000000, -0.000000000 -0.000000000
MOVE:  037 | -0.000000326  0.000000000 -0.000000000 -0.000000000 -0.000000000  0.000000000 |          0.0 | -0.000000309 -0.000000016, -0.000000000 -0.000000000
CONST: 037 | 39 -2.23259e-05 -6.5e-05 0.00018 2.5e-05 -7.2e-05 0

ABS:   038 | -0.000022142 -0.000065000  0.000180000  0.000025000 -0.000072000  0.000000000 |         68.8 | -0.000005495  0.000051185, -0.000008936  0.000545105
DIFF:  038 |  0.000000184  0.000000000  0.000000000  0.000000000  0.000000000  0.000000000 |         -0.0 |  0.000000184  0.000000000,  0.000000000  0.000000000
MOVE:  038 | -0.000000142  0.000000000 -0.000000000 -0.000000000 -0.000000000  0.000000000 |         -0.0 | -0.000000125 -0.000000016, -0.000000000  0.000000000
CONST: 038 | 39 -2.21418e-05 -6.5e-05 0.00018 2.5e-05 -7.2e-05 0

ABS:   039 | -0.000022080 -0.000065000  0.000180000  0.000025000 -0.000072000  0.000000000 |         68.8 | -0.000005433  0.000051185, -0.000008936  0.000545105
DIFF:  039 |  0.000000061  0.000000000  0.000000000  0.000000000  0.000000000  0.000000000 |         -0.0 |  0.000000061 -0.000000000,  0.000000000  0.000000000
MOVE:  039 | -0.000000080  0.000000000 -0.000000000 -0.000000000 -0.000000000  0.000000000 |         -0.0 | -0.000000063 -0.000000016, -0.000000000  0.000000000
CONST: 039 | 39 -2.20804e-05 -6.5e-05 0.00018 2.5e-05 -7.2e-05 0

ABS:   040 | -0.000021739 -0.000065000  0.000180000  0.000025000 -0.000072000  0.000000000 |         68.8 | -0.000005184  0.000051158, -0.000008936  0.000545105
DIFF:  040 |  0.000000341  0.000000000  0.000000000  0.000000000  0.000000000  0.000000000 |         -0.0 |  0.000000250 -0.000000027,  0.000000000 -0.000000000
MOVE:  040 |  0.000000261  0.000000000 -0.000000000 -0.000000000 -0.000000000  0.000000000 |         -0.0 |  0.000000187 -0.000000042,  0.000000000 -0.000000000
CONST: 040 | 39 -2.17393e-05 -6.5e-05 0.00018 2.5e-05 -7.2e-05 0

ABS:   041 | -0.000021218 -0.000065000  0.000180000  0.000025000 -0.000072000  0.000000000 |         68.8 | -0.000004714  0.000051205, -0.000008936  0.000545105
DIFF:  041 |  0.000000521  0.000000000  0.000000000  0.000000000  0.000000000  0.000000000 |          0.0 |  0.000000469  0.000000047,  0.000000000  0.000000000
MOVE:  041 |  0.000000782  0.000000000 -0.000000000 -0.000000000 -0.000000000  0.000000000 |         -0.0 |  0.000000656  0.000000005,  0.000000000  0.000000000
CONST: 041 | 39 -2.12179e-05 -6.5e-05 0.00018 2.5e-05 -7.2e-05 0

ABS:   042 | -0.000021534 -0.000065000  0.000180000  0.000025000 -0.000072000  0.000000000 |         68.8 | -0.000004996  0.000051174, -0.000008936  0.000545105
DIFF:  042 | -0.000000316  0.000000000  0.000000000  0.000000000  0.000000000  0.000000000 |         -0.0 | -0.000000281 -0.000000031, -0.000000000  0.000000000
MOVE:  042 |  0.000000466  0.000000000 -0.000000000 -0.000000000 -0.000000000  0.000000000 |         -0.0 |  0.000000375 -0.000000027,  0.000000000  0.000000000
CONST: 042 | 39 -2.15341e-05 -6.5e-05 0.00018 2.5e-05 -7.2e-05 0

ABS:   043 | -0.000021665 -0.000065000  0.000180000  0.000025000 -0.000072000  0.000000000 |         68.8 | -0.000005127  0.000051174, -0.000008936  0.000545105
DIFF:  043 | -0.000000131  0.000000000  0.000000000  0.000000000  0.000000000  0.000000000 |          0.0 | -0.000000131  0.000000000, -0.000000000 -0.000000000
MOVE:  043 |  0.000000335  0.000000000 -0.000000000 -0.000000000 -0.000000000  0.000000000 |         -0.0 |  0.000000243 -0.000000027,  0.000000000 -0.000000000
CONST: 043 | 39 -2.16653e-05 -6.5e-05 0.00018 2.5e-05 -7.2e-05 0

ABS:   044 | -0.000021702 -0.000065000  0.000180000  0.000025000 -0.000072000  0.000000000 |         68.8 | -0.000005164  0.000051174, -0.000008936  0.000545105
DIFF:  044 | -0.000000037  0.000000000  0.000000000  0.000000000  0.000000000  0.000000000 |          0.0 | -0.000000037  0.000000000, -0.000000000  0.000000000
MOVE:  044 |  0.000000298  0.000000000 -0.000000000 -0.000000000 -0.000000000  0.000000000 |         -0.0 |  0.000000206 -0.000000027,  0.000000000  0.000000000
CONST: 044 | 39 -2.17023e-05 -6.5e-05 0.00018 2.5e-05 -7.2e-05 0

ABS:   045 | -0.000021721 -0.000065000  0.000180000  0.000025000 -0.000072000  0.000000000 |         68.8 | -0.000005183  0.000051174, -0.000008936  0.000545105
DIFF:  045 | -0.000000019  0.000000000  0.000000000  0.000000000  0.000000000  0.000000000 |          0.0 | -0.000000019 -0.000000000, -0.000000000 -0.000000000
MOVE:  045 |  0.000000279  0.000000000 -0.000000000 -0.000000000 -0.000000000  0.000000000 |         -0.0 |  0.000000188 -0.000000027,  0.000000000 -0.000000000
CONST: 045 | 39 -2.17208e-05 -6.5e-05 0.00018 2.5e-05 -7.2e-05 0

ABS:   046 | -0.000021733 -0.000065000  0.000180000  0.000025000 -0.000072000  0.000000000 |         68.8 | -0.000005195  0.000051174, -0.000008936  0.000545105
DIFF:  046 | -0.000000012  0.000000000  0.000000000  0.000000000  0.000000000  0.000000000 |          0.0 | -0.000000012 -0.000000000, -0.000000000 -0.000000000
MOVE:  046 |  0.000000267  0.000000000 -0.000000000 -0.000000000 -0.000000000  0.000000000 |         -0.0 |  0.000000176 -0.000000027,  0.000000000 -0.000000000
CONST: 046 | 39 -2.17328e-05 -6.5e-05 0.00018 2.5e-05 -7.2e-05 0

ABS:   047 | -0.000021746 -0.000065000  0.000180000  0.000025000 -0.000072000  0.000000000 |         68.8 | -0.000005190  0.000051158, -0.000008936  0.000545105
DIFF:  047 | -0.000000013  0.000000000  0.000000000  0.000000000  0.000000000  0.000000000 |         -0.0 |  0.000000004 -0.000000016, -0.000000000  0.000000000
MOVE:  047 |  0.000000254  0.000000000 -0.000000000 -0.000000000 -0.000000000  0.000000000 |         -0.0 |  0.000000180 -0.000000042,  0.000000000 -0.000000000
CONST: 047 | 39 -2.17458e-05 -6.5e-05 0.00018 2.5e-05 -7.2e-05 0

ABS:   048 | -0.000021739 -0.000065000  0.000180000  0.000025000 -0.000072000  0.000000000 |         68.8 | -0.000005200  0.000051174, -0.000008936  0.000545105
DIFF:  048 |  0.000000007  0.000000000  0.000000000  0.000000000  0.000000000  0.000000000 |          0.0 | -0.000000010  0.000000016,  0.000000000 -0.000000000
MOVE:  048 |  0.000000261  0.000000000 -0.000000000 -0.000000000 -0.000000000  0.000000000 |         -0.0 |  0.000000170 -0.000000027,  0.000000000 -0.000000000
CONST: 048 | 39 -2.17386e-05 -6.5e-05 0.00018 2.5e-05 -7.2e-05 0

ABS:   049 | -0.000021740 -0.000065000  0.000180000  0.000025000 -0.000072000  0.000000000 |         68.8 | -0.000005184  0.000051158, -0.000008936  0.000545105
DIFF:  049 | -0.000000001  0.000000000  0.000000000  0.000000000  0.000000000  0.000000000 |         -0.0 |  0.000000016 -0.000000016, -0.000000000  0.000000000
MOVE:  049 |  0.000000260  0.000000000 -0.000000000 -0.000000000 -0.000000000  0.000000000 |         -0.0 |  0.000000186 -0.000000042,  0.000000000  0.000000000
CONST: 049 | 39 -2.17399e-05 -6.5e-05 0.00018 2.5e-05 -7.2e-05 0

ABS:   050 | -0.000021739 -0.000065000  0.000180000  0.000025000 -0.000072000  0.000000000 |         68.8 | -0.000005184  0.000051158, -0.000008936  0.000545105
DIFF:  050 |  0.000000001  0.000000000  0.000000000  0.000000000  0.000000000  0.000000000 |         -0.0 |  0.000000001  0.000000000,  0.000000000 -0.000000000
MOVE:  050 |  0.000000261  0.000000000 -0.000000000 -0.000000000 -0.000000000  0.000000000 |         -0.0 |  0.000000187 -0.000000042,  0.000000000 -0.000000000
CONST: 050 | 39 -2.17392e-05 -6.5e-05 0.00018 2.5e-05 -7.2e-05 0

ABS:   051 | -0.000021739 -0.000065000  0.000180000  0.000025000 -0.000072000  0.000000000 |         68.8 | -0.000005184  0.000051158, -0.000008936  0.000545105
DIFF:  051 | -0.000000000  0.000000000  0.000000000  0.000000000  0.000000000  0.000000000 |          0.0 | -0.000000000  0.000000000, -0.000000000  0.000000000
MOVE:  051 |  0.000000261  0.000000000 -0.000000000 -0.000000000 -0.000000000  0.000000000 |         -0.0 |  0.000000187 -0.000000042,  0.000000000  0.000000000
CONST: 051 | 39 -2.17394e-05 -6.5e-05 0.00018 2.5e-05 -7.2e-05 0

ABS:   052 | -0.000021739 -0.000064990  0.000180000  0.000025000 -0.000072000  0.000000000 |         68.8 | -0.000005201  0.000051174, -0.000008937  0.000545105
DIFF:  052 |  0.000000000  0.000000010  0.000000000  0.000000000  0.000000000  0.000000000 |          0.0 | -0.000000018  0.000000016, -0.000000001 -0.000000000
MOVE:  052 |  0.000000261  0.000000010 -0.000000000 -0.000000000 -0.000000000  0.000000000 |         -0.0 |  0.000000169 -0.000000027, -0.000000001 -0.000000000
CONST: 052 | 39 -2.17393e-05 -6.499e-05 0.00018 2.5e-05 -7.2e-05 0

ABS:   053 | -0.000021739 -0.000065010  0.000180000  0.000025000 -0.000072000  0.000000000 |         68.8 | -0.000005184  0.000051158, -0.000008935  0.000545105
DIFF:  053 |  0.000000000 -0.000000020  0.000000000  0.000000000  0.000000000  0.000000000 |         -0.0 |  0.000000018 -0.000000016,  0.000000003  0.000000000
MOVE:  053 |  0.000000261 -0.000000010 -0.000000000 -0.000000000 -0.000000000  0.000000000 |         -0.0 |  0.000000187 -0.000000042,  0.000000001  0.000000000
CONST: 053 | 39 -2.17393e-05 -6.501e-05 0.00018 2.5e-05 -7.2e-05 0

ABS:   054 | -0.000021739 -0.000064999  0.000180000  0.000025000 -0.000072000  0.000000000 |         68.8 | -0.000005184  0.000051158, -0.000008936  0.000545105
DIFF:  054 |  0.000000000  0.000000011  0.000000000  0.000000000  0.000000000  0.000000000 |         -0.0 | -0.000000000 -0.000000000, -0.000000001 -0.000000000
MOVE:  054 |  0.000000261  0.000000001 -0.000000000 -0.000000000 -0.000000000  0.000000000 |         -0.0 |  0.000000187 -0.000000042, -0.000000000 -0.000000000
CONST: 054 | 39 -2.17393e-05 -6.4999e-05 0.00018 2.5e-05 -7.2e-05 0

ABS:   055 | -0.000021739 -0.000065001  0.000180000  0.000025000 -0.000072000  0.000000000 |         68.8 | -0.000005184  0.000051158, -0.000008936  0.000545105
DIFF:  055 |  0.000000000 -0.000000002  0.000000000  0.000000000  0.000000000  0.000000000 |          0.0 |  0.000000000  0.000000000,  0.000000000  0.000000000
MOVE:  055 |  0.000000261 -0.000000001 -0.000000000 -0.000000000 -0.000000000  0.000000000 |         -0.0 |  0.000000187 -0.000000042,  0.000000000  0.000000000
CONST: 055 | 39 -2.17393e-05 -6.5001e-05 0.00018 2.5e-05 -7.2e-05 0

ABS:   056 | -0.000021739 -0.000064990  0.000180000  0.000025000 -0.000072000  0.000000000 |         68.8 | -0.000005201  0.000051174, -0.000008937  0.000545105
DIFF:  056 |  0.000000000  0.000000011  0.000000000  0.000000000  0.000000000  0.000000000 |          0.0 | -0.000000018  0.000000016, -0.000000001 -0.000000000
MOVE:  056 |  0.000000261  0.000000010 -0.000000000 -0.000000000 -0.000000000  0.000000000 |         -0.0 |  0.000000169 -0.000000027, -0.000000001 -0.000000000
CONST: 056 | 39 -2.17393e-05 -6.499e-05 0.00018 2.5e-05 -7.2e-05 0

ABS:   057 | -0.000021739 -0.000065010  0.000180000  0.000025000 -0.000072000  0.000000000 |         68.8 | -0.000005184  0.000051158, -0.000008935  0.000545105
DIFF:  057 |  0.000000000 -0.000000020  0.000000000  0.000000000  0.000000000  0.000000000 |         -0.0 |  0.000000018 -0.000000016,  0.000000003  0.000000000
MOVE:  057 |  0.000000261 -0.000000010 -0.000000000 -0.000000000 -0.000000000  0.000000000 |         -0.0 |  0.000000187 -0.000000042,  0.000000001  0.000000000
CONST: 057 | 39 -2.17393e-05 -6.501e-05 0.00018 2.5e-05 -7.2e-05 0

ABS:   058 | -0.000021739 -0.000065000  0.000180291  0.000025000 -0.000072000  0.000000000 |         68.8 | -0.000005184  0.000051158, -0.000009026  0.000545260
DIFF:  058 |  0.000000000  0.000000010  0.000000291  0.000000000  0.000000000  0.000000000 |          0.0 | -0.000000000 -0.000000000, -0.000000091  0.000000155
MOVE:  058 |  0.000000261  0.000000000  0.000000291 -0.000000000 -0.000000000  0.000000000 |          0.0 |  0.000000187 -0.000000042, -0.000000090  0.000000155
CONST: 058 | 39 -2.17393e-05 -6.5e-05 0.000180291 2.5e-05 -7.2e-05 0

ABS:   059 | -0.000021739 -0.000065000  0.000179709  0.000025000 -0.000072000  0.000000000 |         68.8 | -0.000005184  0.000051158, -0.000008843  0.000545253
DIFF:  059 |  0.000000000  0.000000000 -0.000000582  0.000000000  0.000000000  0.000000000 |         -0.0 | -0.000000000  0.000000000,  0.000000184 -0.000000007
MOVE:  059 |  0.000000261  0.000000000 -0.000000291 -0.000000000 -0.000000000  0.000000000 |          0.0 |  0.000000187 -0.000000042,  0.000000093  0.000000148
CONST: 059 | 39 -2.17393e-05 -6.5e-05 0.000179709 2.5e-05 -7.2e-05 0

ABS:   060 | -0.000021739 -0.000065000  0.000180000  0.000025284 -0.000072000  0.000000000 |         68.8 | -0.000005201  0.000051174, -0.000008959  0.000545105
DIFF:  060 |  0.000000000  0.000000000  0.000000291  0.000000284  0.000000000  0.000000000 |         -0.0 | -0.000000018  0.000000016, -0.000000117 -0.000000148
MOVE:  060 |  0.000000261  0.000000000 -0.000000000  0.000000284 -0.000000000  0.000000000 |         -0.0 |  0.000000169 -0.000000027, -0.000000023  0.000000001
CONST: 060 | 39 -2.17393e-05 -6.5e-05 0.00018 2.52842e-05 -7.2e-05 0

ABS:   061 | -0.000021739 -0.000065000  0.000180000  0.000024716 -0.000072000  0.000000000 |         68.8 | -0.000005183  0.000051158, -0.000008913  0.000545104
DIFF:  061 |  0.000000000  0.000000000  0.000000000 -0.000000568  0.000000000  0.000000000 |         -0.0 |  0.000000018 -0.000000016,  0.000000047 -0.000000001
MOVE:  061 |  0.000000261  0.000000000 -0.000000000 -0.000000284 -0.000000000  0.000000000 |         -0.0 |  0.000000187 -0.000000042,  0.000000023 -0.000000001
CONST: 061 | 39 -2.17393e-05 -6.5e-05 0.00018 2.47158e-05 -7.2e-05 0

ABS:   062 | -0.000021739 -0.000065000  0.000180000  0.000025028 -0.000072000  0.000000000 |         68.8 | -0.000005201  0.000051174, -0.000008938  0.000545105
DIFF:  062 |  0.000000000  0.000000000  0.000000000  0.000000313  0.000000000  0.000000000 |          0.0 | -0.000000018  0.000000016, -0.000000026  0.000000001
MOVE:  062 |  0.000000261  0.000000000 -0.000000000  0.000000028 -0.000000000  0.000000000 |         -0.0 |  0.000000169 -0.000000027, -0.000000002  0.000000000
CONST: 062 | 39 -2.17393e-05 -6.5e-05 0.00018 2.50284e-05 -7.2e-05 0

ABS:   063 | -0.000021739 -0.000065000  0.000180000  0.000024972 -0.000072000  0.000000000 |         68.8 | -0.000005184  0.000051158, -0.000008934  0.000545105
DIFF:  063 |  0.000000000  0.000000000  0.000000000 -0.000000057  0.000000000  0.000000000 |         -0.0 |  0.000000017 -0.000000016,  0.000000005 -0.000000000
MOVE:  063 |  0.000000261  0.000000000 -0.000000000 -0.000000028 -0.000000000  0.000000000 |         -0.0 |  0.000000187 -0.000000042,  0.000000002 -0.000000000
CONST: 063 | 39 -2.17393e-05 -6.5e-05 0.00018 2.49716e-05 -7.2e-05 0

ABS:   064 | -0.000021739 -0.000065000  0.000180000  0.000025003 -0.000072000  0.000000000 |         68.8 | -0.000005184  0.000051158, -0.000008936  0.000545105
DIFF:  064 |  0.000000000  0.000000000  0.000000000  0.000000031  0.000000000  0.000000000 |          0.0 | -0.000000000 -0.000000000, -0.000000003  0.000000000
MOVE:  064 |  0.000000261  0.000000000 -0.000000000  0.000000003 -0.000000000  0.000000000 |         -0.0 |  0.000000187 -0.000000042, -0.000000000  0.000000000
CONST: 064 | 39 -2.17393e-05 -6.5e-05 0.00018 2.50028e-05 -7.2e-05 0

ABS:   065 | -0.000021739 -0.000065000  0.000180000  0.000024997 -0.000072000  0.000000000 |         68.8 | -0.000005184  0.000051158, -0.000008936  0.000545105
DIFF:  065 |  0.000000000  0.000000000  0.000000000 -0.000000006  0.000000000  0.000000000 |         -0.0 |  0.000000000  0.000000000,  0.000000000 -0.000000000
MOVE:  065 |  0.000000261  0.000000000 -0.000000000 -0.000000003 -0.000000000  0.000000000 |         -0.0 |  0.000000187 -0.000000042,  0.000000000 -0.000000000
CONST: 065 | 39 -2.17393e-05 -6.5e-05 0.00018 2.49972e-05 -7.2e-05 0

ABS:   066 | -0.000021739 -0.000065000  0.000180000  0.000025000 -0.000071313  0.000000000 |         68.8 | -0.000005194  0.000051145, -0.000008935  0.000545105
DIFF:  066 |  0.000000000  0.000000000  0.000000000  0.000000003  0.000000687  0.000000000 |         -0.0 | -0.000000010 -0.000000013,  0.000000001 -0.000000000
MOVE:  066 |  0.000000261  0.000000000 -0.000000000 -0.000000000  0.000000687  0.000000000 |         -0.0 |  0.000000176 -0.000000056,  0.000000001 -0.000000000
CONST: 066 | 39 -2.17393e-05 -6.5e-05 0.00018 2.5e-05 -7.13134e-05 0

ABS:   067 | -0.000021739 -0.000065000  0.000180000  0.000025000 -0.000072687  0.000000000 |         68.8 | -0.000005173  0.000051172, -0.000008937  0.000545105
DIFF:  067 |  0.000000000  0.000000000  0.000000000  0.000000000 -0.000001373  0.000000000 |          0.0 |  0.000000021  0.000000027, -0.000000003  0.000000000
MOVE:  067 |  0.000000261  0.000000000 -0.000000000 -0.000000000 -0.000000687  0.000000000 |         -0.0 |  0.000000197 -0.000000029, -0.000000001  0.000000000
CONST: 067 | 39 -2.17393e-05 -6.5e-05 0.00018 2.5e-05 -7.26866e-05 0

ABS:   068 | -0.000021739 -0.000065000  0.000180000  0.000025000 -0.000072000  0.000042310 |         68.8 | -0.000005204  0.000051159, -0.000008957  0.000545106
DIFF:  068 |  0.000000000  0.000000000  0.000000000  0.000000000  0.000000687  0.000042310 |         -0.0 | -0.000000030 -0.000000012, -0.000000019  0.000000002
MOVE:  068 |  0.000000261  0.000000000 -0.000000000 -0.000000000 -0.000000000  0.000042310 |         -0.0 |  0.000000167 -0.000000041, -0.000000021  0.000000002
CONST: 068 | 39 -2.17393e-05 -6.5e-05 0.00018 2.5e-05 -7.2e-05 4.23098e-05

ABS:   069 | -0.000021739 -0.000065000  0.000180000  0.000025000 -0.000072000 -0.000042310 |         68.8 | -0.000005181  0.000051172, -0.000009113  0.000545251
DIFF:  069 |  0.000000000  0.000000000  0.000000000  0.000000000  0.000000000 -0.000084620 |          0.0 |  0.000000023  0.000000013, -0.000000156  0.000000145
MOVE:  069 |  0.000000261  0.000000000 -0.000000000 -0.000000000 -0.000000000 -0.000042310 |          0.0 |  0.000000189 -0.000000028, -0.000000177  0.000000147
CONST: 069 | 39 -2.17393e-05 -6.5e-05 0.00018 2.5e-05 -7.2e-05 -4.23098e-05

ABS:   070 | -0.000021739 -0.000065000  0.000180000  0.000025000 -0.000072000  0.000004231 |         68.8 | -0.000005186  0.000051158, -0.000008938  0.000545105
DIFF:  070 |  0.000000000  0.000000000  0.000000000  0.000000000  0.000000000  0.000046541 |         -0.0 | -0.000000005 -0.000000014,  0.000000175 -0.000000147
MOVE:  070 |  0.000000261  0.000000000 -0.000000000 -0.000000000 -0.000000000  0.000004231 |         -0.0 |  0.000000185 -0.000000042, -0.000000002  0.000000000
CONST: 070 | 39 -2.17393e-05 -6.5e-05 0.00018 2.5e-05 -7.2e-05 4.23098e-06

ABS:   071 | -0.000021739 -0.000065000  0.000180000  0.000025000 -0.000072000 -0.000004231 |         68.8 | -0.000005199  0.000051174, -0.000008934  0.000545105
DIFF:  071 |  0.000000000  0.000000000  0.000000000  0.000000000  0.000000000 -0.000008462 |          0.0 | -0.000000013  0.000000015,  0.000000004 -0.000000000
MOVE:  071 |  0.000000261  0.000000000 -0.000000000 -0.000000000 -0.000000000 -0.000004231 |         -0.0 |  0.000000171 -0.000000027,  0.000000002 -0.000000000
CONST: 071 | 39 -2.17393e-05 -6.5e-05 0.00018 2.5e-05 -7.2e-05 -4.23098e-06

ABS:   072 | -0.000021739 -0.000065000  0.000180000  0.000025000 -0.000072000  0.000000423 |         68.8 | -0.000005184  0.000051158, -0.000008936  0.000545105
DIFF:  072 |  0.000000000  0.000000000  0.000000000  0.000000000  0.000000000  0.000004654 |         -0.0 |  0.000000015 -0.000000015, -0.000000002  0.000000000
MOVE:  072 |  0.000000261  0.000000000 -0.000000000 -0.000000000 -0.000000000  0.000000423 |         -0.0 |  0.000000186 -0.000000042, -0.000000000  0.000000000
CONST: 072 | 39 -2.17393e-05 -6.5e-05 0.00018 2.5e-05 -7.2e-05 4.23098e-07

ABS:   073 | -0.000021739 -0.000065000  0.000180000  0.000025000 -0.000072000 -0.000000423 |         68.8 | -0.000005201  0.000051174, -0.000008936  0.000545105
DIFF:  073 |  0.000000000  0.000000000  0.000000000  0.000000000  0.000000000 -0.000000846 |          0.0 | -0.000000017  0.000000016,  0.000000000 -0.000000000
MOVE:  073 |  0.000000261  0.000000000 -0.000000000 -0.000000000 -0.000000000 -0.000000423 |         -0.0 |  0.000000170 -0.000000027,  0.000000000 -0.000000000
CONST: 073 | 39 -2.17393e-05 -6.5e-05 0.00018 2.5e-05 -7.2e-05 -4.23098e-07

ABS:   074 | -0.000016270 -0.000065005  0.000179997 -0.000172025  0.000128767  0.000000211 |         68.7 | -0.000002553  0.000050306,  0.000000162  0.000546231
DIFF:  074 |  0.000005469 -0.000000005 -0.000000003 -0.000197025  0.000200767  0.000000634 |         -0.1 |  0.000002648 -0.000000867,  0.000009098  0.000001126
MOVE:  074 |  0.000005730 -0.000000005 -0.000000003 -0.000197025  0.000200767  0.000000211 |         -0.1 |  0.000002817 -0.000000894,  0.000009098  0.000001126
CONST: 074 | 39 -1.62701e-05 -6.5005e-05 0.000179997 -0.000172025 0.000128767 2.10665e-07

ABS:   075 | -0.000018899 -0.000065003  0.000179998 -0.000077338  0.000032282  0.000000109 |         68.5 | -0.000003895  0.000050120, -0.000003663  0.000545629
DIFF:  075 | -0.000002628  0.000000002  0.000000002  0.000094687 -0.000096486 -0.000000101 |         -0.2 | -0.000001341 -0.000000186, -0.000003826 -0.000000602
MOVE:  075 |  0.000003101 -0.000000003 -0.000000002 -0.000102338  0.000104282  0.000000109 |         -0.3 |  0.000001476 -0.000001080,  0.000005273  0.000000524
CONST: 075 | 39 -1.88985e-05 -6.50026e-05 0.000179998 -7.73376e-05 3.22815e-05 1.09422e-07

ABS:   076 | -0.000018898 -0.000065003  0.000179998 -0.000077338  0.000032282  0.000000109 |         68.5 | -0.000003894  0.000050120, -0.000003663  0.000545629
DIFF:  076 |  0.000000001  0.000000000  0.000000000  0.000000000  0.000000000  0.000000000 |         -0.0 |  0.000000001  0.000000000, -0.000000000  0.000000000
MOVE:  076 |  0.000003102 -0.000000003 -0.000000002 -0.000102338  0.000104282  0.000000109 |         -0.3 |  0.000001476 -0.000001080,  0.000005273  0.000000524
CONST: 076 | 39 -1.88979e-05 -6.50026e-05 0.000179998 -7.73376e-05 3.22815e-05 1.09422e-07

ABS:   077 | -0.000018899 -0.000065003  0.000179998 -0.000077338  0.000032282  0.000000109 |         68.5 | -0.000003895  0.000050120, -0.000003663  0.000545629
DIFF:  077 | -0.000000001  0.000000000  0.000000000  0.000000000  0.000000000  0.000000000 |          0.0 | -0.000000001 -0.000000000,  0.000000000 -0.000000000
MOVE:  077 |  0.000003101 -0.000000003 -0.000000002 -0.000102338  0.000104282  0.000000109 |         -0.3 |  0.000001475 -0.000001080,  0.000005273  0.000000524
CONST: 077 | 39 -1.88992e-05 -6.50026e-05 0.000179998 -7.73376e-05 3.22815e-05 1.09422e-07

ABS:   078 | -0.000018892 -0.000065003  0.000179998 -0.000077338  0.000032282  0.000000109 |         68.5 | -0.000003907  0.000050101, -0.000003663  0.000545629
DIFF:  078 |  0.000000007  0.000000000  0.000000000  0.000000000  0.000000000  0.000000000 |         -0.0 | -0.000000012 -0.000000019, -0.000000000  0.000000000
MOVE:  078 |  0.000003108 -0.000000003 -0.000000002 -0.000102338  0.000104282  0.000000109 |         -0.3 |  0.000001464 -0.000001100,  0.000005273  0.000000524
CONST: 078 | 39 -1.8892e-05 -6.50026e-05 0.000179998 -7.73376e-05 3.22815e-05 1.09422e-07

ABS:   079 | -0.000018905 -0.000065003  0.000179998 -0.000077338  0.000032282  0.000000109 |         68.5 | -0.000003901  0.000050120, -0.000003663  0.000545629
DIFF:  079 | -0.000000013  0.000000000  0.000000000  0.000000000  0.000000000  0.000000000 |          0.0 |  0.000000006  0.000000019,  0.000000000 -0.000000000
MOVE:  079 |  0.000003095 -0.000000003 -0.000000002 -0.000102338  0.000104282  0.000000109 |         -0.3 |  0.000001469 -0.000001080,  0.000005273  0.000000524
CONST: 079 | 39 -1.8905e-05 -6.50026e-05 0.000179998 -7.73376e-05 3.22815e-05 1.09422e-07

ABS:   080 | -0.000018898 -0.000065003  0.000179998 -0.000077338  0.000032282  0.000000109 |         68.5 | -0.000003894  0.000050120, -0.000003663  0.000545629
DIFF:  080 |  0.000000007  0.000000000  0.000000000  0.000000000  0.000000000  0.000000000 |         -0.0 |  0.000000007  0.000000000, -0.000000000  0.000000000
MOVE:  080 |  0.000003102 -0.000000003 -0.000000002 -0.000102338  0.000104282  0.000000109 |         -0.3 |  0.000001476 -0.000001080,  0.000005273  0.000000524
CONST: 080 | 39 -1.88979e-05 -6.50026e-05 0.000179998 -7.73376e-05 3.22815e-05 1.09422e-07

ABS:   081 | -0.000018899 -0.000065003  0.000179998 -0.000077338  0.000032282  0.000000109 |         68.5 | -0.000003895  0.000050120, -0.000003663  0.000545629
DIFF:  081 | -0.000000001  0.000000000  0.000000000  0.000000000  0.000000000  0.000000000 |          0.0 | -0.000000001 -0.000000000,  0.000000000 -0.000000000
MOVE:  081 |  0.000003101 -0.000000003 -0.000000002 -0.000102338  0.000104282  0.000000109 |         -0.3 |  0.000001475 -0.000001080,  0.000005273  0.000000524
CONST: 081 | 39 -1.88992e-05 -6.50026e-05 0.000179998 -7.73376e-05 3.22815e-05 1.09422e-07

ABS:   082 | -0.000018899 -0.000065002  0.000179998 -0.000077338  0.000032282  0.000000109 |         68.5 | -0.000003895  0.000050120, -0.000003664  0.000545629
DIFF:  082 |  0.000000001  0.000000001  0.000000000  0.000000000  0.000000000  0.000000000 |         -0.0 |  0.000000001 -0.000000000, -0.000000000 -0.000000000
MOVE:  082 |  0.000003101 -0.000000002 -0.000000002 -0.000102338  0.000104282  0.000000109 |         -0.3 |  0.000001476 -0.000001080,  0.000005272  0.000000524
CONST: 082 | 39 -1.88985e-05 -6.50016e-05 0.000179998 -7.73376e-05 3.22815e-05 1.09422e-07

ABS:   083 | -0.000018899 -0.000065004  0.000179998 -0.000077338  0.000032282  0.000000109 |         68.5 | -0.000003895  0.000050120, -0.000003663  0.000545629
DIFF:  083 |  0.000000000 -0.000000002  0.000000000  0.000000000  0.000000000  0.000000000 |          0.0 |  0.000000000  0.000000000,  0.000000000  0.000000000
MOVE:  083 |  0.000003101 -0.000000004 -0.000000002 -0.000102338  0.000104282  0.000000109 |         -0.3 |  0.000001476 -0.000001080,  0.000005273  0.000000524
CONST: 083 | 39 -1.88985e-05 -6.50036e-05 0.000179998 -7.73376e-05 3.22815e-05 1.09422e-07

ABS:   084 | -0.000018899 -0.000064993  0.000179998 -0.000077338  0.000032282  0.000000109 |         68.5 | -0.000003895  0.000050120, -0.000003665  0.000545629
DIFF:  084 |  0.000000000  0.000000011  0.000000000  0.000000000  0.000000000  0.000000000 |         -0.0 | -0.000000000 -0.000000000, -0.000000001 -0.000000000
MOVE:  084 |  0.000003101  0.000000007 -0.000000002 -0.000102338  0.000104282  0.000000109 |         -0.3 |  0.000001475 -0.000001080,  0.000005271  0.000000524
CONST: 084 | 39 -1.88985e-05 -6.49926e-05 0.000179998 -7.73376e-05 3.22815e-05 1.09422e-07

ABS:   085 | -0.000018899 -0.000065013  0.000179998 -0.000077338  0.000032282  0.000000109 |         68.5 | -0.000003894  0.000050120, -0.000003662  0.000545629
DIFF:  085 |  0.000000000 -0.000000020  0.000000000  0.000000000  0.000000000  0.000000000 |          0.0 |  0.000000000  0.000000000,  0.000000002  0.000000000
MOVE:  085 |  0.000003101 -0.000000013 -0.000000002 -0.000102338  0.000104282  0.000000109 |         -0.3 |  0.000001476 -0.000001080,  0.000005274  0.000000525
CONST: 085 | 39 -1.88985e-05 -6.50126e-05 0.000179998 -7.73376e-05 3.22815e-05 1.09422e-07

ABS:   086 | -0.000018899 -0.000065003  0.000180027 -0.000077338  0.000032282  0.000000109 |         68.5 | -0.000003895  0.000050120, -0.000003693  0.000545629
DIFF:  086 |  0.000000000  0.000000010  0.000000029  0.000000000  0.000000000  0.000000000 |         -0.0 | -0.000000000 -0.000000000, -0.000000030 -0.000000000
MOVE:  086 |  0.000003101 -0.000000003  0.000000027 -0.000102338  0.000104282  0.000000109 |         -0.3 |  0.000001476 -0.000001080,  0.000005244  0.000000524
CONST: 086 | 39 -1.88985e-05 -6.50026e-05 0.000180027 -7.73376e-05 3.22815e-05 1.09422e-07

ABS:   087 | -0.000018899 -0.000065003  0.000179969 -0.000077338  0.000032282  0.000000109 |         68.5 | -0.000003895  0.000050120, -0.000003634  0.000545629
DIFF:  087 |  0.000000000  0.000000000 -0.000000058  0.000000000  0.000000000  0.000000000 |         -0.0 |  0.000000000 -0.000000000,  0.000000058 -0.000000000
MOVE:  087 |  0.000003101 -0.000000003 -0.000000031 -0.000102338  0.000104282  0.000000109 |         -0.3 |  0.000001476 -0.000001080,  0.000005302  0.000000524
CONST: 087 | 39 -1.88985e-05 -6.50026e-05 0.000179969 -7.73376e-05 3.22815e-05 1.09422e-07

ABS:   088 | -0.000018899 -0.000065003  0.000180288 -0.000077338  0.000032282  0.000000109 |         68.5 | -0.000003895  0.000050120, -0.000003954  0.000545629
DIFF:  088 |  0.000000000  0.000000000  0.000000319  0.000000000  0.000000000  0.000000000 |          0.0 | -0.000000000  0.000000000, -0.000000319  0.000000000
MOVE:  088 |  0.000003101 -0.000000003  0.000000288 -0.000102338  0.000104282  0.000000109 |         -0.3 |  0.000001476 -0.000001080,  0.000004982  0.000000524
CONST: 088 | 39 -1.88985e-05 -6.50026e-05 0.000180288 -7.73376e-05 3.22815e-05 1.09422e-07

ABS:   089 | -0.000018899 -0.000065003  0.000179708 -0.000077338  0.000032282  0.000000109 |         68.5 | -0.000003895  0.000050120, -0.000003573  0.000545477
DIFF:  089 |  0.000000000  0.000000000 -0.000000580  0.000000000  0.000000000  0.000000000 |         -0.0 |  0.000000000 -0.000000000,  0.000000381 -0.000000153
MOVE:  089 |  0.000003101 -0.000000003 -0.000000292 -0.000102338  0.000104282  0.000000109 |         -0.4 |  0.000001476 -0.000001080,  0.000005363  0.000000372
CONST: 089 | 39 -1.88985e-05 -6.50026e-05 0.000179708 -7.73376e-05 3.22815e-05 1.09422e-07

ABS:   090 | -0.000018899 -0.000065003  0.000180027 -0.000077338  0.000032282  0.000000109 |         68.5 | -0.000003895  0.000050120, -0.000003692  0.000545629
DIFF:  090 |  0.000000000  0.000000000  0.000000319  0.000000000  0.000000000  0.000000000 |          0.0 | -0.000000000  0.000000000, -0.000000120  0.000000153
MOVE:  090 |  0.000003101 -0.000000003  0.000000027 -0.000102338  0.000104282  0.000000109 |         -0.3 |  0.000001476 -0.000001080,  0.000005244  0.000000524
CONST: 090 | 39 -1.88985e-05 -6.50026e-05 0.000180027 -7.73376e-05 3.22815e-05 1.09422e-07

ABS:   091 | -0.000018899 -0.000065003  0.000179969 -0.000077338  0.000032282  0.000000109 |         68.5 | -0.000003895  0.000050120, -0.000003634  0.000545629
DIFF:  091 |  0.000000000  0.000000000 -0.000000058  0.000000000  0.000000000  0.000000000 |         -0.0 |  0.000000000 -0.000000000,  0.000000058 -0.000000000
MOVE:  091 |  0.000003101 -0.000000003 -0.000000031 -0.000102338  0.000104282  0.000000109 |         -0.3 |  0.000001476 -0.000001080,  0.000005302  0.000000524
CONST: 091 | 39 -1.88985e-05 -6.50026e-05 0.000179969 -7.73376e-05 3.22815e-05 1.09422e-07

