ABS:   itr |       deltaX       deltaY       deltaZ         phiX         phiY         phiZ |        chisq |    rphi mean     rphi rms,       z mean        z rms
ABS:   =========================================================================================================================================================
DIFF:  itr |       deltaX       deltaY       deltaZ         phiX         phiY         phiZ |        chisq |    rphi mean     rphi rms,       z mean        z rms
DIFF:  =========================================================================================================================================================
MOVE:  itr |       deltaX       deltaY       deltaZ         phiX         phiY         phiZ |        chisq |    rphi mean     rphi rms,       z mean        z rms
MOVE:  =========================================================================================================================================================
ABS:   001 |  0.000042000 -0.000026000  0.000141000  0.000000000  0.000083000  0.000000000 |          1.7 | -0.000007710  0.000058057,  0.000031723  0.000536951
CONST: 001 | 55 4.2e-05 -2.6e-05 0.000141 0 8.3e-05 0

ABS:   001 |  0.000042000 -0.000026000  0.000141000  0.000000000  0.000083000  0.000000000 |          1.7 | -0.000007710  0.000058057,  0.000031723  0.000536951
CONST: 001 | 55 4.2e-05 -2.6e-05 0.000141 0 8.3e-05 0

ABS:   002 |  0.000052000 -0.000026000  0.000141000  0.000000000  0.000083000  0.000000000 |          1.7 | -0.000000575  0.000058312,  0.000031722  0.000536951
DIFF:  002 |  0.000010000  0.000000000  0.000000000  0.000000000 -0.000000000  0.000000000 |         -0.0 |  0.000007135  0.000000255, -0.000000001  0.000000000
MOVE:  002 |  0.000010000  0.000000000  0.000000000  0.000000000 -0.000000000  0.000000000 |         -0.0 |  0.000007135  0.000000255, -0.000000001  0.000000000
CONST: 002 | 55 5.2e-05 -2.6e-05 0.000141 0 8.3e-05 0

ABS:   003 |  0.000032000 -0.000026000  0.000141000  0.000000000  0.000083000  0.000000000 |          1.7 | -0.000014315  0.000057765,  0.000031724  0.000536951
DIFF:  003 | -0.000020000  0.000000000  0.000000000  0.000000000  0.000000000  0.000000000 |          0.0 | -0.000013740 -0.000000548,  0.000000002 -0.000000000
MOVE:  003 | -0.000010000  0.000000000  0.000000000  0.000000000 -0.000000000  0.000000000 |          0.0 | -0.000006604 -0.000000293,  0.000000001 -0.000000000
CONST: 003 | 55 3.2e-05 -2.6e-05 0.000141 0 8.3e-05 0

ABS:   004 |  0.000141835 -0.000026000  0.000141000  0.000000000  0.000083000  0.000000000 |          1.7 |  0.000042986  0.000050443,  0.000031715  0.000536951
DIFF:  004 |  0.000109835  0.000000000  0.000000000  0.000000000  0.000000000  0.000000000 |         -0.0 |  0.000057300 -0.000007322, -0.000000009  0.000000000
MOVE:  004 |  0.000099835  0.000000000  0.000000000  0.000000000 -0.000000000  0.000000000 |         -0.0 |  0.000050696 -0.000007615, -0.000000008  0.000000000
CONST: 004 | 55 0.000141835 -2.6e-05 0.000141 0 8.3e-05 0

ABS:   005 | -0.000057835 -0.000026000  0.000141000  0.000000000  0.000083000  0.000000000 |          1.7 | -0.000042031  0.000059845,  0.000031731  0.000536951
DIFF:  005 | -0.000199670  0.000000000  0.000000000  0.000000000  0.000000000  0.000000000 |         -0.0 | -0.000085017  0.000009402,  0.000000017 -0.000000000
MOVE:  005 | -0.000099835  0.000000000  0.000000000  0.000000000 -0.000000000  0.000000000 |         -0.0 | -0.000034321  0.000001788,  0.000000008 -0.000000000
CONST: 005 | 55 -5.78351e-05 -2.6e-05 0.000141 0 8.3e-05 0

ABS:   006 |  0.000042000 -0.000016000  0.000141000  0.000000000  0.000083000  0.000000000 |          1.7 | -0.000007720  0.000058170,  0.000038685  0.000536921
DIFF:  006 |  0.000099835  0.000010000  0.000000000  0.000000000  0.000000000  0.000000000 |          0.0 |  0.000034311 -0.000001676,  0.000006954 -0.000000030
MOVE:  006 |  0.000000000  0.000010000  0.000000000  0.000000000 -0.000000000  0.000000000 |          0.0 | -0.000000010  0.000000112,  0.000006962 -0.000000030
CONST: 006 | 55 4.2e-05 -1.6e-05 0.000141 0 8.3e-05 0

ABS:   007 |  0.000042000 -0.000036000  0.000141000  0.000000000  0.000083000  0.000000000 |          1.7 | -0.000007701  0.000057955,  0.000024761  0.000537024
DIFF:  007 |  0.000000000 -0.000020000  0.000000000  0.000000000  0.000000000  0.000000000 |         -0.0 |  0.000000020 -0.000000214, -0.000013924  0.000000103
MOVE:  007 |  0.000000000 -0.000010000  0.000000000  0.000000000 -0.000000000  0.000000000 |         -0.0 |  0.000000010 -0.000000102, -0.000006962  0.000000073
CONST: 007 | 55 4.2e-05 -3.6e-05 0.000141 0 8.3e-05 0

ABS:   008 |  0.000042000  0.000073835  0.000141000  0.000000000  0.000083000  0.000000000 |          1.6 | -0.000006693  0.000058835,  0.000065803  0.000528864
DIFF:  008 |  0.000000000  0.000109835  0.000000000  0.000000000  0.000000000  0.000000000 |         -0.0 |  0.000001008  0.000000880,  0.000041042 -0.000008160
MOVE:  008 |  0.000000000  0.000099835  0.000000000  0.000000000 -0.000000000  0.000000000 |         -0.0 |  0.000001017  0.000000778,  0.000034079 -0.000008088
CONST: 008 | 55 4.2e-05 7.38351e-05 0.000141 0 8.3e-05 0

ABS:   009 |  0.000042000 -0.000125835  0.000141000  0.000000000  0.000083000  0.000000000 |          1.8 | -0.000007540  0.000058274, -0.000002516  0.000552549
DIFF:  009 |  0.000000000 -0.000199670  0.000000000  0.000000000  0.000000000  0.000000000 |          0.1 | -0.000000847 -0.000000562, -0.000068319  0.000023685
MOVE:  009 |  0.000000000 -0.000099835  0.000000000  0.000000000 -0.000000000  0.000000000 |          0.1 |  0.000000171  0.000000216, -0.000034239  0.000015598
CONST: 009 | 55 4.2e-05 -0.000125835 0.000141 0 8.3e-05 0

ABS:   010 |  0.000042000 -0.000026000  0.000641000  0.000000000  0.000083000  0.000000000 |          1.8 | -0.000007752  0.000058057, -0.000230170  0.000525574
DIFF:  010 |  0.000000000  0.000099835  0.000500000  0.000000000  0.000000000  0.000000000 |         -0.0 | -0.000000212 -0.000000216, -0.000227654 -0.000026975
MOVE:  010 |  0.000000000  0.000000000  0.000500000  0.000000000 -0.000000000  0.000000000 |          0.1 | -0.000000041 -0.000000000, -0.000261893 -0.000011377
CONST: 010 | 55 4.2e-05 -2.6e-05 0.000641 0 8.3e-05 0

ABS:   011 |  0.000042000 -0.000026000 -0.000359000  0.000000000  0.000083000  0.000000000 |          1.8 | -0.000007669  0.000058057,  0.000238807  0.000554289
DIFF:  011 |  0.000000000  0.000000000 -0.001000000  0.000000000  0.000000000  0.000000000 |          0.1 |  0.000000083  0.000000000,  0.000468977  0.000028714
MOVE:  011 |  0.000000000  0.000000000 -0.000500000  0.000000000 -0.000000000  0.000000000 |          0.2 |  0.000000041 -0.000000000,  0.000207084  0.000017338
CONST: 011 | 55 4.2e-05 -2.6e-05 -0.000359 0 8.3e-05 0

ABS:   012 |  0.000042000 -0.000026000  0.004935255  0.000000000  0.000083000  0.000000000 |          0.4 | -0.000008108  0.000058057, -0.000722489  0.000000000
DIFF:  012 |  0.000000000  0.000000000  0.005294255  0.000000000  0.000000000  0.000000000 |         -1.4 | -0.000000439 -0.000000000, -0.000961296 -0.000554289
MOVE:  012 |  0.000000000  0.000000000  0.004794255  0.000000000 -0.000000000  0.000000000 |         -1.2 | -0.000000398 -0.000000000, -0.000754213 -0.000536951
CONST: 012 | 55 4.2e-05 -2.6e-05 0.00493526 0 8.3e-05 0

ABS:   013 |  0.000042000 -0.000026000 -0.004653255  0.000000000  0.000083000  0.000000000 |          0.5 | -0.000007312  0.000058057,  0.000332568  0.000879254
DIFF:  013 |  0.000000000  0.000000000 -0.009588511  0.000000000  0.000000000  0.000000000 |          0.1 |  0.000000796  0.000000000,  0.001055057  0.000879254
MOVE:  013 |  0.000000000  0.000000000 -0.004794255  0.000000000 -0.000000000  0.000000000 |         -1.2 |  0.000000398 -0.000000000,  0.000300845  0.000342303
CONST: 013 | 55 4.2e-05 -2.6e-05 -0.00465326 0 8.3e-05 0

ABS:   014 |  0.000042000 -0.000026000  0.000141000  0.000400000  0.000083000  0.000000000 |          1.7 | -0.000007542  0.000057623,  0.000001112  0.000538792
DIFF:  014 |  0.000000000  0.000000000  0.004794255  0.000400000  0.000000000  0.000000000 |          1.2 | -0.000000230 -0.000000434, -0.000331456 -0.000340462
MOVE:  014 |  0.000000000  0.000000000  0.000000000  0.000400000 -0.000000000  0.000000000 |         -0.0 |  0.000000168 -0.000000434, -0.000030611  0.000001841
CONST: 014 | 55 4.2e-05 -2.6e-05 0.000141 0.0004 8.3e-05 0

ABS:   015 |  0.000042000 -0.000026000  0.000141000 -0.000400000  0.000083000  0.000000000 |          1.7 | -0.000007878  0.000058646,  0.000062373  0.000536371
DIFF:  015 |  0.000000000  0.000000000  0.000000000 -0.000800000  0.000000000  0.000000000 |          0.0 | -0.000000336  0.000001022,  0.000061262 -0.000002421
MOVE:  015 |  0.000000000  0.000000000  0.000000000 -0.000400000 -0.000000000  0.000000000 |          0.0 | -0.000000168  0.000000588,  0.000030650 -0.000000580
CONST: 015 | 55 4.2e-05 -2.6e-05 0.000141 -0.0004 8.3e-05 0

ABS:   016 |  0.000042000 -0.000026000  0.000141000  0.003995777  0.000083000  0.000000000 |          1.9 | -0.000007063  0.000057834, -0.000075223  0.000584093
DIFF:  016 |  0.000000000  0.000000000  0.000000000  0.004395777  0.000000000  0.000000000 |          0.2 |  0.000000815 -0.000000811, -0.000137596  0.000047722
MOVE:  016 |  0.000000000  0.000000000  0.000000000  0.003995777 -0.000000000  0.000000000 |          0.2 |  0.000000647 -0.000000223, -0.000106946  0.000047142
CONST: 016 | 55 4.2e-05 -2.6e-05 0.000141 0.00399578 8.3e-05 0

ABS:   017 |  0.000042000 -0.000026000  0.000141000 -0.003995777  0.000083000  0.000000000 |          1.8 | -0.000010750  0.000063036,  0.000183703  0.000535886
DIFF:  017 |  0.000000000  0.000000000  0.000000000 -0.007991554  0.000000000  0.000000000 |         -0.1 | -0.000003687  0.000005202,  0.000258926 -0.000048207
MOVE:  017 |  0.000000000  0.000000000  0.000000000 -0.003995777 -0.000000000  0.000000000 |          0.1 | -0.000003040  0.000004979,  0.000151980 -0.000001065
CONST: 017 | 55 4.2e-05 -2.6e-05 0.000141 -0.00399578 8.3e-05 0
