ABS:   itr |       deltaX       deltaY       deltaZ         phiX         phiY         phiZ |        chisq |    rphi mean     rphi rms,       z mean        z rms
ABS:   =========================================================================================================================================================
DIFF:  itr |       deltaX       deltaY       deltaZ         phiX         phiY         phiZ |        chisq |    rphi mean     rphi rms,       z mean        z rms
DIFF:  =========================================================================================================================================================
MOVE:  itr |       deltaX       deltaY       deltaZ         phiX         phiY         phiZ |        chisq |    rphi mean     rphi rms,       z mean        z rms
MOVE:  =========================================================================================================================================================
ABS:   001 | -0.000407000 -0.000635000  0.000160000 -0.002000000  0.003212000  0.000000000 |          7.2 |  0.000005189  0.000053859,  0.000000124  0.000551317
CONST: 001 | 35 -0.000407 -0.000635 0.00016 -0.002 0.003212 0

ABS:   001 | -0.000407000 -0.000635000  0.000160000 -0.002000000  0.003212000  0.000000000 |          7.2 |  0.000005189  0.000053859,  0.000000124  0.000551317
CONST: 001 | 35 -0.000407 -0.000635 0.00016 -0.002 0.003212 0

ABS:   002 | -0.000406900 -0.000635000  0.000160000 -0.002000000  0.003212000  0.000000000 |          7.2 |  0.000005289  0.000053859,  0.000000124  0.000551317
DIFF:  002 |  0.000000100 -0.000000000  0.000000000 -0.000000000 -0.000000000  0.000000000 |          0.0 |  0.000000100  0.000000000, -0.000000000 -0.000000000
MOVE:  002 |  0.000000100 -0.000000000  0.000000000 -0.000000000 -0.000000000  0.000000000 |          0.0 |  0.000000100  0.000000000, -0.000000000 -0.000000000
CONST: 002 | 35 -0.0004069 -0.000635 0.00016 -0.002 0.003212 0

ABS:   003 | -0.000407100 -0.000635000  0.000160000 -0.002000000  0.003212000  0.000000000 |          7.2 |  0.000005089  0.000053859,  0.000000125  0.000551317
DIFF:  003 | -0.000000200  0.000000000  0.000000000  0.000000000  0.000000000  0.000000000 |         -0.0 | -0.000000200  0.000000000,  0.000000001  0.000000000
MOVE:  003 | -0.000000100 -0.000000000  0.000000000 -0.000000000 -0.000000000  0.000000000 |         -0.0 | -0.000000100  0.000000000,  0.000000000  0.000000000
CONST: 003 | 35 -0.0004071 -0.000635 0.00016 -0.002 0.003212 0

ABS:   004 | -0.000406931 -0.000635000  0.000160000 -0.002000000  0.003212000  0.000000000 |          7.2 |  0.000005258  0.000053859,  0.000000124  0.000551317
DIFF:  004 |  0.000000169  0.000000000  0.000000000  0.000000000  0.000000000  0.000000000 |          0.0 |  0.000000169  0.000000000, -0.000000001 -0.000000000
MOVE:  004 |  0.000000069 -0.000000000  0.000000000 -0.000000000 -0.000000000  0.000000000 |          0.0 |  0.000000069  0.000000000, -0.000000000  0.000000000
CONST: 004 | 35 -0.000406931 -0.000635 0.00016 -0.002 0.003212 0

ABS:   005 | -0.000407069 -0.000635000  0.000160000 -0.002000000  0.003212000  0.000000000 |          7.2 |  0.000005120  0.000053859,  0.000000125  0.000551317
DIFF:  005 | -0.000000138  0.000000000  0.000000000  0.000000000  0.000000000  0.000000000 |         -0.0 | -0.000000138 -0.000000000,  0.000000000 -0.000000000
MOVE:  005 | -0.000000069 -0.000000000  0.000000000 -0.000000000 -0.000000000  0.000000000 |         -0.0 | -0.000000069  0.000000000,  0.000000000 -0.000000000
CONST: 005 | 35 -0.000407069 -0.000635 0.00016 -0.002 0.003212 0

ABS:   006 | -0.000407000 -0.000634900  0.000160000 -0.002000000  0.003212000  0.000000000 |          7.2 |  0.000005193  0.000053859,  0.000000037  0.000551315
DIFF:  006 |  0.000000069  0.000000100  0.000000000  0.000000000  0.000000000  0.000000000 |          0.0 |  0.000000073 -0.000000001, -0.000000088 -0.000000002
MOVE:  006 |  0.000000000  0.000000100  0.000000000 -0.000000000 -0.000000000  0.000000000 |         -0.0 |  0.000000004 -0.000000001, -0.000000088 -0.000000002
CONST: 006 | 35 -0.000407 -0.0006349 0.00016 -0.002 0.003212 0

ABS:   007 | -0.000407000 -0.000635100  0.000160000 -0.002000000  0.003212000  0.000000000 |          7.2 |  0.000005185  0.000053860,  0.000000212  0.000551319
DIFF:  007 |  0.000000000 -0.000000200  0.000000000  0.000000000  0.000000000  0.000000000 |          0.0 | -0.000000008  0.000000001,  0.000000176  0.000000004
MOVE:  007 |  0.000000000 -0.000000100  0.000000000 -0.000000000 -0.000000000  0.000000000 |          0.0 | -0.000000004  0.000000001,  0.000000088  0.000000002
CONST: 007 | 35 -0.000407 -0.0006351 0.00016 -0.002 0.003212 0

ABS:   008 | -0.000407000 -0.000634689  0.000160000 -0.002000000  0.003212000  0.000000000 |          7.2 |  0.000005201  0.000053858, -0.000000148  0.000551311
DIFF:  008 |  0.000000000  0.000000411  0.000000000  0.000000000  0.000000000  0.000000000 |         -0.0 |  0.000000016 -0.000000002, -0.000000361 -0.000000008
MOVE:  008 |  0.000000000  0.000000311  0.000000000 -0.000000000 -0.000000000  0.000000000 |         -0.0 |  0.000000012 -0.000000002, -0.000000273 -0.000000006
CONST: 008 | 35 -0.000407 -0.000634689 0.00016 -0.002 0.003212 0

ABS:   009 | -0.000407000 -0.000635311  0.000160000 -0.002000000  0.003212000  0.000000000 |          7.2 |  0.000005177  0.000053861,  0.000000397  0.000551323
DIFF:  009 |  0.000000000 -0.000000621  0.000000000  0.000000000  0.000000000  0.000000000 |          0.0 | -0.000000024  0.000000003,  0.000000546  0.000000012
MOVE:  009 |  0.000000000 -0.000000311  0.000000000 -0.000000000 -0.000000000  0.000000000 |          0.0 | -0.000000012  0.000000002,  0.000000273  0.000000006
CONST: 009 | 35 -0.000407 -0.000635311 0.00016 -0.002 0.003212 0

ABS:   010 | -0.000407000 -0.000635000  0.000165002 -0.002000000  0.003212000  0.000000000 |          7.3 |  0.000005173  0.000053859,  0.000003085  0.000554244
DIFF:  010 |  0.000000000  0.000000311  0.000005002  0.000000000  0.000000000  0.000000000 |          0.1 | -0.000000005 -0.000000002,  0.000002688  0.000002922
MOVE:  010 |  0.000000000 -0.000000000  0.000005002 -0.000000000 -0.000000000  0.000000000 |          0.1 | -0.000000016  0.000000000,  0.000002961  0.000002928
CONST: 010 | 35 -0.000407 -0.000635 0.000165002 -0.002 0.003212 0

ABS:   011 | -0.000407000 -0.000635000  0.000154998 -0.002000000  0.003212000  0.000000000 |          7.2 |  0.000005205  0.000053859,  0.000003122  0.000552809
DIFF:  011 |  0.000000000  0.000000000 -0.000010004  0.000000000  0.000000000  0.000000000 |         -0.0 |  0.000000033 -0.000000000,  0.000000037 -0.000001435
MOVE:  011 |  0.000000000 -0.000000000 -0.000005002 -0.000000000 -0.000000000  0.000000000 |          0.0 |  0.000000016 -0.000000000,  0.000002998  0.000001493
CONST: 011 | 35 -0.000407 -0.000635 0.000154998 -0.002 0.003212 0

ABS:   012 | -0.000407000 -0.000635000  0.000160000 -0.001996000  0.003212000  0.000000000 |          7.2 |  0.000005199  0.000053858, -0.000000134  0.000551308
DIFF:  012 |  0.000000000  0.000000000  0.000005002  0.000004000  0.000000000  0.000000000 |         -0.0 | -0.000000006 -0.000000001, -0.000003256 -0.000001502
MOVE:  012 |  0.000000000 -0.000000000  0.000000000  0.000004000 -0.000000000  0.000000000 |         -0.0 |  0.000000010 -0.000000001, -0.000000258 -0.000000009
CONST: 012 | 35 -0.000407 -0.000635 0.00016 -0.001996 0.003212 0

ABS:   013 | -0.000407000 -0.000635000  0.000160000 -0.002004000  0.003212000  0.000000000 |          7.2 |  0.000005179  0.000053860,  0.000000383  0.000551326
DIFF:  013 |  0.000000000  0.000000000  0.000000000 -0.000008000  0.000000000  0.000000000 |          0.0 | -0.000000021  0.000000002,  0.000000516  0.000000018
MOVE:  013 |  0.000000000 -0.000000000  0.000000000 -0.000004000 -0.000000000  0.000000000 |          0.0 | -0.000000010  0.000000001,  0.000000258  0.000000009
CONST: 013 | 35 -0.000407 -0.000635 0.00016 -0.002004 0.003212 0

ABS:   014 | -0.000407000 -0.000635000  0.000160000 -0.002000000  0.003222001  0.000000000 |          7.2 |  0.000004510  0.000053829,  0.000000084  0.000551313
DIFF:  014 |  0.000000000  0.000000000  0.000000000  0.000004000  0.000010001  0.000000000 |         -0.0 | -0.000000669 -0.000000032, -0.000000299 -0.000000012
MOVE:  014 |  0.000000000 -0.000000000  0.000000000 -0.000000000  0.000010001  0.000000000 |         -0.0 | -0.000000679 -0.000000031, -0.000000040 -0.000000003
CONST: 014 | 35 -0.000407 -0.000635 0.00016 -0.002 0.003222 0

ABS:   015 | -0.000407000 -0.000635000  0.000160000 -0.002000000  0.003201999  0.000000000 |          7.2 |  0.000005868  0.000053891,  0.000000165  0.000551320
DIFF:  015 |  0.000000000  0.000000000  0.000000000  0.000000000 -0.000020001  0.000000000 |          0.0 |  0.000001358  0.000000062,  0.000000081  0.000000006
MOVE:  015 |  0.000000000 -0.000000000  0.000000000 -0.000000000 -0.000010001  0.000000000 |          0.0 |  0.000000679  0.000000031,  0.000000040  0.000000003
CONST: 015 | 35 -0.000407 -0.000635 0.00016 -0.002 0.003202 0

ABS:   016 | -0.000407000 -0.000635000  0.000160000 -0.002000000  0.003213000  0.000000000 |          7.2 |  0.000005121  0.000053856,  0.000000120  0.000551316
DIFF:  016 |  0.000000000  0.000000000  0.000000000  0.000000000  0.000011001  0.000000000 |         -0.0 | -0.000000747 -0.000000035, -0.000000044 -0.000000004
MOVE:  016 |  0.000000000 -0.000000000  0.000000000 -0.000000000  0.000001000  0.000000000 |         -0.0 | -0.000000068 -0.000000003, -0.000000004 -0.000000000
CONST: 016 | 35 -0.000407 -0.000635 0.00016 -0.002 0.003213 0

ABS:   017 | -0.000407000 -0.000635000  0.000160000 -0.002000000  0.003211000  0.000000000 |          7.2 |  0.000005257  0.000053862,  0.000000129  0.000551317
DIFF:  017 |  0.000000000  0.000000000  0.000000000  0.000000000 -0.000002000  0.000000000 |          0.0 |  0.000000136  0.000000006,  0.000000008  0.000000001
MOVE:  017 |  0.000000000 -0.000000000  0.000000000 -0.000000000 -0.000001000  0.000000000 |          0.0 |  0.000000068  0.000000003,  0.000000004  0.000000000
CONST: 017 | 35 -0.000407 -0.000635 0.00016 -0.002 0.003211 0

ABS:   018 | -0.000407000 -0.000635000  0.000160000 -0.002000000  0.003212000  0.000002000 |          7.2 |  0.000005188  0.000053859,  0.000000131  0.000551317
DIFF:  018 |  0.000000000  0.000000000  0.000000000  0.000000000  0.000001000  0.000002000 |         -0.0 | -0.000000069 -0.000000003,  0.000000003  0.000000000
MOVE:  018 |  0.000000000 -0.000000000  0.000000000 -0.000000000 -0.000000000  0.000002000 |          0.0 | -0.000000001  0.000000000,  0.000000007  0.000000001
CONST: 018 | 35 -0.000407 -0.000635 0.00016 -0.002 0.003212 2.00001e-06

ABS:   019 | -0.000407000 -0.000635000  0.000160000 -0.002000000  0.003212000 -0.000002000 |          7.2 |  0.000005190  0.000053859,  0.000000118  0.000551316
DIFF:  019 |  0.000000000  0.000000000  0.000000000  0.000000000  0.000000000 -0.000004000 |         -0.0 |  0.000000002 -0.000000000, -0.000000013 -0.000000001
MOVE:  019 |  0.000000000 -0.000000000  0.000000000 -0.000000000 -0.000000000 -0.000002000 |         -0.0 |  0.000000001 -0.000000000, -0.000000007 -0.000000001
CONST: 019 | 35 -0.000407 -0.000635 0.00016 -0.002 0.003212 -2.00001e-06

ABS:   020 | -0.000407000 -0.000635000  0.000160000 -0.002000000  0.003212000  0.000020000 |          7.2 |  0.000005180  0.000053860,  0.000000190  0.000551323
DIFF:  020 |  0.000000000  0.000000000  0.000000000  0.000000000  0.000000000  0.000022000 |          0.0 | -0.000000010  0.000000001,  0.000000072  0.000000007
MOVE:  020 |  0.000000000 -0.000000000  0.000000000 -0.000000000 -0.000000000  0.000020000 |          0.0 | -0.000000009  0.000000001,  0.000000065  0.000000007
CONST: 020 | 35 -0.000407 -0.000635 0.00016 -0.002 0.003212 2.00001e-05

ABS:   021 | -0.000407000 -0.000635000  0.000160000 -0.002000000  0.003212000 -0.000020000 |          7.2 |  0.000005198  0.000053858,  0.000000059  0.000551310
DIFF:  021 |  0.000000000  0.000000000  0.000000000  0.000000000  0.000000000 -0.000040000 |         -0.0 |  0.000000019 -0.000000002, -0.000000131 -0.000000013
MOVE:  021 |  0.000000000 -0.000000000  0.000000000 -0.000000000 -0.000000000 -0.000020000 |         -0.0 |  0.000000009 -0.000000001, -0.000000065 -0.000000007
CONST: 021 | 35 -0.000407 -0.000635 0.00016 -0.002 0.003212 -2.00001e-05

ABS:   022 | -0.000412189 -0.000622717  0.000159185 -0.001787079  0.003318350 -0.004141042 |          7.2 | -0.000002291  0.000053117, -0.000013662  0.000552696
DIFF:  022 | -0.000005189  0.000012283 -0.000000815  0.000212921  0.000106350 -0.004121041 |          0.0 | -0.000007489 -0.000000741, -0.000013721  0.000001386
MOVE:  022 | -0.000005189  0.000012283 -0.000000815  0.000212921  0.000106350 -0.004141042 |          0.0 | -0.000007480 -0.000000742, -0.000013787  0.000001379
CONST: 022 | 35 -0.000412189 -0.000622717 0.000159185 -0.00178708 0.00331835 -0.00414104

ABS:   023 | -0.000409350 -0.000629438  0.000159631 -0.001903583  0.003260158 -0.001876888 |          7.2 |  0.000001972  0.000053539, -0.000003013  0.000551843
DIFF:  023 |  0.000002839 -0.000006721  0.000000446 -0.000116504 -0.000058192  0.002264154 |         -0.0 |  0.000004263  0.000000422,  0.000010649 -0.000000853
MOVE:  023 | -0.000002350  0.000005562 -0.000000369  0.000096417  0.000048158 -0.001876888 |         -0.0 | -0.000003217 -0.000000321, -0.000003137  0.000000526
CONST: 023 | 35 -0.00040935 -0.000629438 0.000159631 -0.00190358 0.00326016 -0.00187689

ABS:   024 | -0.000408396 -0.000631696  0.000159781 -0.001942721  0.003240610 -0.001115184 |          7.2 |  0.000002838  0.000053522,  0.000001931  0.000553670
DIFF:  024 |  0.000000954 -0.000002258  0.000000150 -0.000039138 -0.000019549  0.000761704 |          0.0 |  0.000000865 -0.000000016,  0.000004944  0.000001826
MOVE:  024 | -0.000001396  0.000003304 -0.000000219  0.000057279  0.000028610 -0.001115184 |          0.0 | -0.000002351 -0.000000337,  0.000001806  0.000002353
CONST: 024 | 35 -0.000408396 -0.000631696 0.000159781 -0.00194272 0.00324061 -0.00111518

ABS:   025 | -0.000408873 -0.000630567  0.000159706 -0.001923152  0.003250384 -0.001496079 |          7.2 |  0.000002313  0.000053764, -0.000001533  0.000553487
DIFF:  025 | -0.000000477  0.000001129 -0.000000075  0.000019569  0.000009774 -0.000380896 |          0.0 | -0.000000524  0.000000242, -0.000003464 -0.000000182
MOVE:  025 | -0.000001873  0.000004433 -0.000000294  0.000076848  0.000038384 -0.001496079 |          0.1 | -0.000002876 -0.000000095, -0.000001658  0.000002171
CONST: 025 | 35 -0.000408873 -0.000630567 0.000159706 -0.00192315 0.00325038 -0.00149608

ABS:   026 | -0.000409281 -0.000629438  0.000159631 -0.001903583  0.003260158 -0.001876888 |          7.2 |  0.000002042  0.000053539, -0.000003013  0.000551843
DIFF:  026 | -0.000000408  0.000001129 -0.000000075  0.000019569  0.000009774 -0.000380809 |         -0.1 | -0.000000272 -0.000000225, -0.000001480 -0.000001644
MOVE:  026 | -0.000002281  0.000005562 -0.000000369  0.000096417  0.000048158 -0.001876888 |         -0.0 | -0.000003147 -0.000000321, -0.000003138  0.000000526
CONST: 026 | 35 -0.000409281 -0.000629438 0.000159631 -0.00190358 0.00326016 -0.00187689

ABS:   027 | -0.000409419 -0.000629438  0.000159631 -0.001903583  0.003260158 -0.001876888 |          7.2 |  0.000001903  0.000053539, -0.000003013  0.000551843
DIFF:  027 | -0.000000138  0.000000000  0.000000000  0.000000000  0.000000000  0.000000000 |         -0.0 | -0.000000138  0.000000000,  0.000000001  0.000000000
MOVE:  027 | -0.000002419  0.000005562 -0.000000369  0.000096417  0.000048158 -0.001876888 |         -0.0 | -0.000003286 -0.000000321, -0.000003137  0.000000526
CONST: 027 | 35 -0.000409419 -0.000629438 0.000159631 -0.00190358 0.00326016 -0.00187689

ABS:   028 | -0.000409350 -0.000629127  0.000159631 -0.001903583  0.003260158 -0.001876888 |          7.2 |  0.000001984  0.000053538, -0.000003286  0.000551840
DIFF:  028 |  0.000000069  0.000000311  0.000000000  0.000000000  0.000000000  0.000000000 |          0.0 |  0.000000081 -0.000000001, -0.000000273 -0.000000004
MOVE:  028 | -0.000002350  0.000005873 -0.000000369  0.000096417  0.000048158 -0.001876888 |         -0.0 | -0.000003205 -0.000000322, -0.000003410  0.000000523
CONST: 028 | 35 -0.00040935 -0.000629127 0.000159631 -0.00190358 0.00326016 -0.00187689

ABS:   029 | -0.000409350 -0.000629748  0.000159631 -0.001903583  0.003260158 -0.001876888 |          7.2 |  0.000001960  0.000053540, -0.000002740  0.000551847
DIFF:  029 |  0.000000000 -0.000000621  0.000000000  0.000000000  0.000000000  0.000000000 |          0.0 | -0.000000024  0.000000002,  0.000000546  0.000000007
MOVE:  029 | -0.000002350  0.000005252 -0.000000369  0.000096417  0.000048158 -0.001876888 |         -0.0 | -0.000003229 -0.000000320, -0.000002865  0.000000530
CONST: 029 | 35 -0.00040935 -0.000629748 0.000159631 -0.00190358 0.00326016 -0.00187689

ABS:   030 | -0.000409350 -0.000629438  0.000160131 -0.001903583  0.003260158 -0.001876888 |          7.2 |  0.000001971  0.000053539, -0.000003512  0.000551843
DIFF:  030 |  0.000000000  0.000000311  0.000000500  0.000000000  0.000000000  0.000000000 |         -0.0 |  0.000000010 -0.000000001, -0.000000772 -0.000000004
MOVE:  030 | -0.000002350  0.000005562  0.000000131  0.000096417  0.000048158 -0.001876888 |         -0.0 | -0.000003218 -0.000000321, -0.000003637  0.000000526
CONST: 030 | 35 -0.00040935 -0.000629438 0.000160131 -0.00190358 0.00326016 -0.00187689

ABS:   031 | -0.000409350 -0.000629438  0.000159131 -0.001903583  0.003260158 -0.001876888 |          7.2 |  0.000001974  0.000053539, -0.000002513  0.000551843
DIFF:  031 |  0.000000000  0.000000000 -0.000001000  0.000000000  0.000000000  0.000000000 |         -0.0 |  0.000000003 -0.000000000,  0.000000999 -0.000000000
MOVE:  031 | -0.000002350  0.000005562 -0.000000869  0.000096417  0.000048158 -0.001876888 |         -0.0 | -0.000003215 -0.000000321, -0.000002638  0.000000526
CONST: 031 | 35 -0.00040935 -0.000629438 0.000159131 -0.00190358 0.00326016 -0.00187689

ABS:   032 | -0.000409350 -0.000629438  0.000159946 -0.001903583  0.003260158 -0.001876888 |          7.2 |  0.000001971  0.000053539, -0.000003327  0.000551843
DIFF:  032 |  0.000000000  0.000000000  0.000000815  0.000000000  0.000000000  0.000000000 |          0.0 | -0.000000003  0.000000000, -0.000000814  0.000000000
MOVE:  032 | -0.000002350  0.000005562 -0.000000054  0.000096417  0.000048158 -0.001876888 |         -0.0 | -0.000003218 -0.000000321, -0.000003452  0.000000526
CONST: 032 | 35 -0.00040935 -0.000629438 0.000159946 -0.00190358 0.00326016 -0.00187689

ABS:   033 | -0.000409350 -0.000629438  0.000159316 -0.001903583  0.003260158 -0.001876888 |          7.2 |  0.000001974  0.000053539, -0.000002698  0.000551843
DIFF:  033 |  0.000000000  0.000000000 -0.000000630  0.000000000  0.000000000  0.000000000 |         -0.0 |  0.000000002 -0.000000000,  0.000000629 -0.000000000
MOVE:  033 | -0.000002350  0.000005562 -0.000000684  0.000096417  0.000048158 -0.001876888 |         -0.0 | -0.000003215 -0.000000321, -0.000002823  0.000000526
CONST: 033 | 35 -0.00040935 -0.000629438 0.000159316 -0.00190358 0.00326016 -0.00187689

ABS:   034 | -0.000409350 -0.000629438  0.000159631 -0.001899452  0.003260158 -0.001876888 |          7.2 |  0.000001983  0.000053538, -0.000003280  0.000551837
DIFF:  034 |  0.000000000  0.000000000  0.000000315  0.000004131  0.000000000  0.000000000 |         -0.0 |  0.000000010 -0.000000000, -0.000000581 -0.000000007
MOVE:  034 | -0.000002350  0.000005562 -0.000000369  0.000100548  0.000048158 -0.001876888 |         -0.0 | -0.000003206 -0.000000321, -0.000003404  0.000000520
CONST: 034 | 35 -0.00040935 -0.000629438 0.000159631 -0.00189945 0.00326016 -0.00187689

ABS:   035 | -0.000409350 -0.000629438  0.000159631 -0.001907714  0.003260158 -0.001876888 |          7.2 |  0.000001962  0.000053539, -0.000002746  0.000551850
DIFF:  035 |  0.000000000  0.000000000  0.000000000 -0.000008262  0.000000000  0.000000000 |          0.0 | -0.000000022  0.000000001,  0.000000533  0.000000013
MOVE:  035 | -0.000002350  0.000005562 -0.000000369  0.000092286  0.000048158 -0.001876888 |         -0.0 | -0.000003227 -0.000000320, -0.000002871  0.000000533
CONST: 035 | 35 -0.00040935 -0.000629438 0.000159631 -0.00190771 0.00326016 -0.00187689

ABS:   036 | -0.000409350 -0.000629438  0.000159631 -0.001903583  0.003261138 -0.001876888 |          7.2 |  0.000001906  0.000053536, -0.000003017  0.000551843
DIFF:  036 |  0.000000000  0.000000000  0.000000000  0.000004131  0.000000980  0.000000000 |         -0.0 | -0.000000056 -0.000000003, -0.000000270 -0.000000007
MOVE:  036 | -0.000002350  0.000005562 -0.000000369  0.000096417  0.000049138 -0.001876888 |         -0.0 | -0.000003283 -0.000000324, -0.000003141  0.000000526
CONST: 036 | 35 -0.00040935 -0.000629438 0.000159631 -0.00190358 0.00326114 -0.00187689

ABS:   037 | -0.000409350 -0.000629438  0.000159631 -0.001903583  0.003259179 -0.001876888 |          7.2 |  0.000002039  0.000053542, -0.000003009  0.000551844
DIFF:  037 |  0.000000000  0.000000000  0.000000000  0.000000000 -0.000001959  0.000000000 |          0.0 |  0.000000133  0.000000006,  0.000000008  0.000000001
MOVE:  037 | -0.000002350  0.000005562 -0.000000369  0.000096417  0.000047179 -0.001876888 |         -0.0 | -0.000003150 -0.000000318, -0.000003133  0.000000527
CONST: 037 | 35 -0.00040935 -0.000629438 0.000159631 -0.00190358 0.00325918 -0.00187689

ABS:   038 | -0.000409350 -0.000629438  0.000159631 -0.001903583  0.003260158 -0.001830636 |          7.2 |  0.000001950  0.000053540, -0.000002861  0.000551858
DIFF:  038 |  0.000000000  0.000000000  0.000000000  0.000000000  0.000000980  0.000046252 |          0.0 | -0.000000089 -0.000000001,  0.000000148  0.000000014
MOVE:  038 | -0.000002350  0.000005562 -0.000000369  0.000096417  0.000048158 -0.001830636 |         -0.0 | -0.000003239 -0.000000319, -0.000002986  0.000000541
CONST: 038 | 35 -0.00040935 -0.000629438 0.000159631 -0.00190358 0.00326016 -0.00183064

ABS:   039 | -0.000409350 -0.000629438  0.000159631 -0.001903583  0.003260158 -0.001923138 |          7.2 |  0.000001995  0.000053537, -0.000003164  0.000551829
DIFF:  039 |  0.000000000  0.000000000  0.000000000  0.000000000  0.000000000 -0.000092502 |         -0.0 |  0.000000045 -0.000000004, -0.000000303 -0.000000029
MOVE:  039 | -0.000002350  0.000005562 -0.000000369  0.000096417  0.000048158 -0.001923138 |         -0.0 | -0.000003194 -0.000000323, -0.000003289  0.000000512
CONST: 039 | 35 -0.00040935 -0.000629438 0.000159631 -0.00190358 0.00326016 -0.00192314

ABS:   040 | -0.000412377 -0.000619518  0.000159699 -0.001702386  0.003360108 -0.008992254 |          7.4 | -0.000002204  0.000053303, -0.000022499  0.000560753
DIFF:  040 | -0.000003028  0.000009920  0.000000068  0.000201197  0.000099949 -0.007069116 |          0.3 | -0.000004199 -0.000000234, -0.000019335  0.000008924
MOVE:  040 | -0.000005377  0.000015482 -0.000000301  0.000297614  0.000148108 -0.008992254 |          0.3 | -0.000007393 -0.000000557, -0.000022624  0.000009436
CONST: 040 | 35 -0.000412377 -0.000619518 0.000159699 -0.00170239 0.00336011 -0.00899225

ABS:   041 | -0.000409725 -0.000628208  0.000159639 -0.001878643  0.003272548 -0.002763961 |          7.2 |  0.000001295  0.000053465, -0.000006664  0.000553026
DIFF:  041 |  0.000002652 -0.000008690 -0.000000059 -0.000176257 -0.000087560  0.006228294 |         -0.2 |  0.000003499  0.000000162,  0.000015836 -0.000007727
MOVE:  041 | -0.000002725  0.000006792 -0.000000361  0.000121357  0.000060548 -0.002763961 |          0.0 | -0.000003894 -0.000000395, -0.000006788  0.000001709
CONST: 041 | 35 -0.000409725 -0.000628208 0.000159639 -0.00187864 0.00327255 -0.00276396

ABS:   042 | -0.000409397 -0.000629282  0.000159632 -0.001900426  0.003261726 -0.001989199 |          7.2 |  0.000001887  0.000053529, -0.000003728  0.000551800
DIFF:  042 |  0.000000328 -0.000001074 -0.000000007 -0.000021783 -0.000010821  0.000774762 |         -0.0 |  0.000000591  0.000000064,  0.000002936 -0.000001225
MOVE:  042 | -0.000002397  0.000005718 -0.000000368  0.000099574  0.000049726 -0.001989199 |         -0.0 | -0.000003302 -0.000000331, -0.000003852  0.000000484
CONST: 042 | 35 -0.000409397 -0.000629282 0.000159632 -0.00190043 0.00326173 -0.0019892

ABS:   043 | -0.000409328 -0.000629282  0.000159632 -0.001900426  0.003261726 -0.001989199 |          7.2 |  0.000001956  0.000053529, -0.000003728  0.000551800
DIFF:  043 |  0.000000069  0.000000000  0.000000000  0.000000000  0.000000000  0.000000000 |          0.0 |  0.000000069 -0.000000000, -0.000000000 -0.000000000
MOVE:  043 | -0.000002328  0.000005718 -0.000000368  0.000099574  0.000049726 -0.001989199 |         -0.0 | -0.000003233 -0.000000331, -0.000003853  0.000000484
CONST: 043 | 35 -0.000409328 -0.000629282 0.000159632 -0.00190043 0.00326173 -0.0019892

ABS:   044 | -0.000409466 -0.000629282  0.000159632 -0.001900426  0.003261726 -0.001989199 |          7.2 |  0.000001818  0.000053529, -0.000003728  0.000551800
DIFF:  044 | -0.000000138  0.000000000  0.000000000  0.000000000  0.000000000  0.000000000 |         -0.0 | -0.000000138  0.000000000,  0.000000001  0.000000000
MOVE:  044 | -0.000002466  0.000005718 -0.000000368  0.000099574  0.000049726 -0.001989199 |         -0.0 | -0.000003371 -0.000000331, -0.000003852  0.000000484
CONST: 044 | 35 -0.000409466 -0.000629282 0.000159632 -0.00190043 0.00326173 -0.0019892

ABS:   045 | -0.000409397 -0.000628972  0.000159632 -0.001900426  0.003261726 -0.001989199 |          7.2 |  0.000001899  0.000053528, -0.000004000  0.000551797
DIFF:  045 |  0.000000069  0.000000310  0.000000000  0.000000000  0.000000000  0.000000000 |          0.0 |  0.000000081 -0.000000001, -0.000000273 -0.000000004
MOVE:  045 | -0.000002397  0.000006028 -0.000000368  0.000099574  0.000049726 -0.001989199 |         -0.0 | -0.000003290 -0.000000332, -0.000004125  0.000000480
CONST: 045 | 35 -0.000409397 -0.000628972 0.000159632 -0.00190043 0.00326173 -0.0019892

ABS:   046 | -0.000409397 -0.000629592  0.000159632 -0.001900426  0.003261726 -0.001989199 |          7.2 |  0.000001875  0.000053530, -0.000003456  0.000551804
DIFF:  046 |  0.000000000 -0.000000620  0.000000000  0.000000000  0.000000000  0.000000000 |          0.0 | -0.000000024  0.000000002,  0.000000545  0.000000007
MOVE:  046 | -0.000002397  0.000005408 -0.000000368  0.000099574  0.000049726 -0.001989199 |         -0.0 | -0.000003314 -0.000000329, -0.000003580  0.000000487
CONST: 046 | 35 -0.000409397 -0.000629592 0.000159632 -0.00190043 0.00326173 -0.0019892

ABS:   047 | -0.000409397 -0.000629282  0.000159947 -0.001900426  0.003261726 -0.001989199 |          7.2 |  0.000001886  0.000053529, -0.000004042  0.000551800
DIFF:  047 |  0.000000000  0.000000310  0.000000315  0.000000000  0.000000000  0.000000000 |         -0.0 |  0.000000011 -0.000000001, -0.000000587 -0.000000004
MOVE:  047 | -0.000002397  0.000005718 -0.000000053  0.000099574  0.000049726 -0.001989199 |         -0.0 | -0.000003303 -0.000000331, -0.000004167  0.000000484
CONST: 047 | 35 -0.000409397 -0.000629282 0.000159947 -0.00190043 0.00326173 -0.0019892

ABS:   048 | -0.000409397 -0.000629282  0.000159317 -0.001900426  0.003261726 -0.001989199 |          7.2 |  0.000001888  0.000053529, -0.000003414  0.000551800
DIFF:  048 |  0.000000000  0.000000000 -0.000000630  0.000000000  0.000000000  0.000000000 |         -0.0 |  0.000000002 -0.000000000,  0.000000629 -0.000000000
MOVE:  048 | -0.000002397  0.000005718 -0.000000683  0.000099574  0.000049726 -0.001989199 |         -0.0 | -0.000003301 -0.000000331, -0.000003538  0.000000484
CONST: 048 | 35 -0.000409397 -0.000629282 0.000159317 -0.00190043 0.00326173 -0.0019892

ABS:   049 | -0.000409397 -0.000629282  0.000159632 -0.001896305  0.003261726 -0.001989199 |          7.2 |  0.000001897  0.000053528, -0.000003994  0.000551794
DIFF:  049 |  0.000000000  0.000000000  0.000000315  0.000004121  0.000000000  0.000000000 |         -0.0 |  0.000000010 -0.000000000, -0.000000580 -0.000000006
MOVE:  049 | -0.000002397  0.000005718 -0.000000368  0.000103695  0.000049726 -0.001989199 |         -0.0 | -0.000003292 -0.000000331, -0.000004119  0.000000477
CONST: 049 | 35 -0.000409397 -0.000629282 0.000159632 -0.00189631 0.00326173 -0.0019892

ABS:   050 | -0.000409397 -0.000629282  0.000159632 -0.001904548  0.003261726 -0.001989199 |          7.2 |  0.000001876  0.000053529, -0.000003462  0.000551807
DIFF:  050 |  0.000000000  0.000000000  0.000000000 -0.000008243  0.000000000  0.000000000 |          0.0 | -0.000000022  0.000000001,  0.000000532  0.000000013
MOVE:  050 | -0.000002397  0.000005718 -0.000000368  0.000095452  0.000049726 -0.001989199 |         -0.0 | -0.000003313 -0.000000330, -0.000003586  0.000000490
CONST: 050 | 35 -0.000409397 -0.000629282 0.000159632 -0.00190455 0.00326173 -0.0019892

ABS:   051 | -0.000409397 -0.000629282  0.000159632 -0.001900426  0.003262703 -0.001989199 |          7.2 |  0.000001820  0.000053526, -0.000003732  0.000551800
DIFF:  051 |  0.000000000  0.000000000  0.000000000  0.000004121  0.000000977  0.000000000 |         -0.0 | -0.000000056 -0.000000003, -0.000000270 -0.000000007
MOVE:  051 | -0.000002397  0.000005718 -0.000000368  0.000099574  0.000050703 -0.001989199 |         -0.0 | -0.000003369 -0.000000333, -0.000003856  0.000000483
CONST: 051 | 35 -0.000409397 -0.000629282 0.000159632 -0.00190043 0.0032627 -0.0019892

ABS:   052 | -0.000409397 -0.000629282  0.000159632 -0.001900426  0.003260749 -0.001989199 |          7.2 |  0.000001953  0.000053532, -0.000003724  0.000551801
DIFF:  052 |  0.000000000  0.000000000  0.000000000  0.000000000 -0.000001953  0.000000000 |          0.0 |  0.000000133  0.000000006,  0.000000008  0.000000001
MOVE:  052 | -0.000002397  0.000005718 -0.000000368  0.000099574  0.000048749 -0.001989199 |         -0.0 | -0.000003236 -0.000000328, -0.000003849  0.000000484
CONST: 052 | 35 -0.000409397 -0.000629282 0.000159632 -0.00190043 0.00326075 -0.0019892

ABS:   053 | -0.000409397 -0.000629282  0.000159632 -0.001900426  0.003261726 -0.001943131 |          7.2 |  0.000001864  0.000053531, -0.000003577  0.000551815
DIFF:  053 |  0.000000000  0.000000000  0.000000000  0.000000000  0.000000977  0.000046068 |          0.0 | -0.000000089 -0.000000001,  0.000000147  0.000000014
MOVE:  053 | -0.000002397  0.000005718 -0.000000368  0.000099574  0.000049726 -0.001943131 |         -0.0 | -0.000003325 -0.000000329, -0.000003702  0.000000498
CONST: 053 | 35 -0.000409397 -0.000629282 0.000159632 -0.00190043 0.00326173 -0.00194313

ABS:   054 | -0.000409397 -0.000629282  0.000159632 -0.001900426  0.003261726 -0.002035266 |          7.2 |  0.000001909  0.000053527, -0.000003879  0.000551786
DIFF:  054 |  0.000000000  0.000000000  0.000000000  0.000000000  0.000000000 -0.000092135 |         -0.0 |  0.000000044 -0.000000004, -0.000000302 -0.000000029
MOVE:  054 | -0.000002397  0.000005718 -0.000000368  0.000099574  0.000049726 -0.002035266 |         -0.0 | -0.000003280 -0.000000332, -0.000004003  0.000000469
CONST: 054 | 35 -0.000409397 -0.000629282 0.000159632 -0.00190043 0.00326173 -0.00203527

ABS:   055 | -0.000411111 -0.000636116  0.000159430 -0.001904682  0.003344868 -0.006817667 |          7.2 | -0.000002169  0.000053350, -0.000013268  0.000553684
DIFF:  055 | -0.000001714 -0.000006834 -0.000000202 -0.000004255  0.000083142 -0.004782401 |          0.1 | -0.000004077 -0.000000177, -0.000009389  0.000001898
MOVE:  055 | -0.000004111 -0.000001116 -0.000000570  0.000095318  0.000132868 -0.006817667 |          0.1 | -0.000007358 -0.000000509, -0.000013393  0.000002368
CONST: 055 | 35 -0.000411111 -0.000636116 0.00015943 -0.00190468 0.00334487 -0.00681767

ABS:   056 | -0.000409810 -0.000630927  0.000159583 -0.001901451  0.003281739 -0.003154860 |          7.2 |  0.000000610  0.000053436, -0.000006060  0.000551478
DIFF:  056 |  0.000001301  0.000005189  0.000000154  0.000003231 -0.000063129  0.003662806 |         -0.1 |  0.000002779  0.000000086,  0.000007208 -0.000002206
MOVE:  056 | -0.000002810  0.000004073 -0.000000417  0.000098549  0.000069739 -0.003154860 |         -0.0 | -0.000004579 -0.000000423, -0.000006184  0.000000161
CONST: 056 | 35 -0.00040981 -0.000630927 0.000159583 -0.00190145 0.00328174 -0.00315486

ABS:   057 | -0.000409896 -0.000631272  0.000159573 -0.001901666  0.003285936 -0.003399151 |          7.1 |  0.000000518  0.000053258, -0.000006548  0.000551418
DIFF:  057 | -0.000000087 -0.000000345 -0.000000010 -0.000000215  0.000004197 -0.000244291 |         -0.0 | -0.000000092 -0.000000178, -0.000000488 -0.000000060
MOVE:  057 | -0.000002896  0.000003728 -0.000000427  0.000098334  0.000073936 -0.003399151 |         -0.0 | -0.000004671 -0.000000601, -0.000006672  0.000000101
CONST: 057 | 35 -0.000409896 -0.000631272 0.000159573 -0.00190167 0.00328594 -0.00339915

ABS:   058 | -0.000418465 -0.000665436  0.000158562 -0.001922942  0.003701639 -0.026260429 |          7.7 | -0.000018139  0.000051736, -0.000036360  0.000566621
DIFF:  058 | -0.000008569 -0.000034164 -0.000001011 -0.000021276  0.000415702 -0.022861278 |          0.5 | -0.000018657 -0.000001523, -0.000029812  0.000015203
MOVE:  058 | -0.000011465 -0.000030436 -0.000001438  0.000077058  0.000489639 -0.026260429 |          0.5 | -0.000023328 -0.000002124, -0.000036484  0.000015304
CONST: 058 | 35 -0.000418465 -0.000665436 0.000158562 -0.00192294 0.00370164 -0.0262604

ABS:   059 | -0.000414181 -0.000648356  0.000159068 -0.001912304  0.003493790 -0.015276636 |          7.6 | -0.000008268  0.000052560, -0.000019246  0.000565530
DIFF:  059 |  0.000004285  0.000017080  0.000000506  0.000010638 -0.000207849  0.010983793 |         -0.1 |  0.000009871  0.000000824,  0.000017114 -0.000001090
MOVE:  059 | -0.000007181 -0.000013356 -0.000000932  0.000087696  0.000281790 -0.015276636 |          0.4 | -0.000013457 -0.000001299, -0.000019371  0.000014213
CONST: 059 | 35 -0.000414181 -0.000648356 0.000159068 -0.0019123 0.00349379 -0.0152766

ABS:   060 | -0.000412039 -0.000639814  0.000159320 -0.001906985  0.003389863 -0.009406936 |          7.3 | -0.000004128  0.000053731, -0.000012283  0.000554791
DIFF:  060 |  0.000002142  0.000008542  0.000000253  0.000005319 -0.000103926  0.005869700 |         -0.3 |  0.000004140  0.000001171,  0.000006963 -0.000010739
MOVE:  060 | -0.000005039 -0.000004814 -0.000000680  0.000093015  0.000177863 -0.009406936 |          0.1 | -0.000009317 -0.000000129, -0.000012408  0.000003475
CONST: 060 | 35 -0.000412039 -0.000639814 0.00015932 -0.00190698 0.00338986 -0.00940694

ABS:   061 | -0.000410967 -0.000635543  0.000159447 -0.001904325  0.003337900 -0.006414825 |          7.2 | -0.000001728  0.000053376, -0.000010522  0.000552336
DIFF:  061 |  0.000001071  0.000004271  0.000000126  0.000002660 -0.000051964  0.002992111 |         -0.1 |  0.000002400 -0.000000355,  0.000001761 -0.000002455
MOVE:  061 | -0.000003967 -0.000000543 -0.000000553  0.000095675  0.000125900 -0.006414825 |          0.0 | -0.000006917 -0.000000484, -0.000010646  0.000001019
CONST: 061 | 35 -0.000410967 -0.000635543 0.000159447 -0.00190433 0.0033379 -0.00641482

ABS:   062 | -0.000410432 -0.000633408  0.000159510 -0.001902995  0.003311918 -0.004909243 |          7.1 | -0.000000607  0.000053305, -0.000009559  0.000551100
DIFF:  062 |  0.000000536  0.000002136  0.000000063  0.000001330 -0.000025982  0.001505582 |         -0.0 |  0.000001121 -0.000000071,  0.000000963 -0.000001236
MOVE:  062 | -0.000003432  0.000001592 -0.000000490  0.000097005  0.000099918 -0.004909243 |         -0.0 | -0.000005796 -0.000000554, -0.000009684 -0.000000217
CONST: 062 | 35 -0.000410432 -0.000633408 0.00015951 -0.001903 0.00331192 -0.00490924

ABS:   063 | -0.000410175 -0.000632382  0.000159540 -0.001902357  0.003299444 -0.004184717 |          7.1 |  0.000000009  0.000053197, -0.000008116  0.000551240
DIFF:  063 |  0.000000257  0.000001025  0.000000030  0.000000638 -0.000012474  0.000724525 |         -0.0 |  0.000000616 -0.000000108,  0.000001444  0.000000140
MOVE:  063 | -0.000003175  0.000002618 -0.000000460  0.000097643  0.000087444 -0.004184717 |         -0.0 | -0.000005180 -0.000000663, -0.000008240 -0.000000076
CONST: 063 | 35 -0.000410175 -0.000632382 0.00015954 -0.00190236 0.00329944 -0.00418472

ABS:   064 | -0.000410106 -0.000632382  0.000159540 -0.001902357  0.003299444 -0.004184717 |          7.1 |  0.000000078  0.000053197, -0.000008116  0.000551240
DIFF:  064 |  0.000000069  0.000000000  0.000000000  0.000000000  0.000000000  0.000000000 |          0.0 |  0.000000069 -0.000000000, -0.000000000 -0.000000000
MOVE:  064 | -0.000003106  0.000002618 -0.000000460  0.000097643  0.000087444 -0.004184717 |         -0.0 | -0.000005111 -0.000000663, -0.000008240 -0.000000076
CONST: 064 | 35 -0.000410106 -0.000632382 0.00015954 -0.00190236 0.00329944 -0.00418472

ABS:   065 | -0.000410244 -0.000632382  0.000159540 -0.001902357  0.003299444 -0.004184717 |          7.1 | -0.000000060  0.000053197, -0.000008115  0.000551240
DIFF:  065 | -0.000000138  0.000000000  0.000000000  0.000000000  0.000000000  0.000000000 |         -0.0 | -0.000000138  0.000000000,  0.000000001  0.000000000
MOVE:  065 | -0.000003244  0.000002618 -0.000000460  0.000097643  0.000087444 -0.004184717 |         -0.0 | -0.000005249 -0.000000663, -0.000008240 -0.000000076
CONST: 065 | 35 -0.000410244 -0.000632382 0.00015954 -0.00190236 0.00329944 -0.00418472

ABS:   066 | -0.000410175 -0.000632073  0.000159540 -0.001902357  0.003299444 -0.004184717 |          7.1 |  0.000000021  0.000053196, -0.000008388  0.000551237
DIFF:  066 |  0.000000069  0.000000310  0.000000000  0.000000000  0.000000000  0.000000000 |         -0.0 |  0.000000081 -0.000000001, -0.000000272 -0.000000003
MOVE:  066 | -0.000003175  0.000002927 -0.000000460  0.000097643  0.000087444 -0.004184717 |         -0.0 | -0.000005168 -0.000000664, -0.000008512 -0.000000079
CONST: 066 | 35 -0.000410175 -0.000632073 0.00015954 -0.00190236 0.00329944 -0.00418472

ABS:   067 | -0.000410175 -0.000632692  0.000159540 -0.001902357  0.003299444 -0.004184717 |          7.1 | -0.000000003  0.000053198, -0.000007843  0.000551244
DIFF:  067 |  0.000000000 -0.000000619  0.000000000  0.000000000  0.000000000  0.000000000 |          0.0 | -0.000000024  0.000000002,  0.000000544  0.000000006
MOVE:  067 | -0.000003175  0.000002308 -0.000000460  0.000097643  0.000087444 -0.004184717 |         -0.0 | -0.000005192 -0.000000662, -0.000007968 -0.000000073
CONST: 067 | 35 -0.000410175 -0.000632692 0.00015954 -0.00190236 0.00329944 -0.00418472

ABS:   068 | -0.000410175 -0.000632382  0.000159855 -0.001902357  0.003299444 -0.004184717 |          7.1 |  0.000000008  0.000053197, -0.000008429  0.000551240
DIFF:  068 |  0.000000000  0.000000310  0.000000314  0.000000000  0.000000000  0.000000000 |          0.0 |  0.000000011 -0.000000001, -0.000000586 -0.000000003
MOVE:  068 | -0.000003175  0.000002618 -0.000000145  0.000097643  0.000087444 -0.004184717 |         -0.0 | -0.000005181 -0.000000663, -0.000008554 -0.000000076
CONST: 068 | 35 -0.000410175 -0.000632382 0.000159855 -0.00190236 0.00329944 -0.00418472

ABS:   069 | -0.000410175 -0.000632382  0.000159226 -0.001902357  0.003299444 -0.004184717 |          7.1 |  0.000000010  0.000053197, -0.000007802  0.000551240
DIFF:  069 |  0.000000000  0.000000000 -0.000000629  0.000000000  0.000000000  0.000000000 |         -0.0 |  0.000000002 -0.000000000,  0.000000628 -0.000000000
MOVE:  069 | -0.000003175  0.000002618 -0.000000774  0.000097643  0.000087444 -0.004184717 |         -0.0 | -0.000005179 -0.000000663, -0.000007926 -0.000000076
CONST: 069 | 35 -0.000410175 -0.000632382 0.000159226 -0.00190236 0.00329944 -0.00418472

ABS:   070 | -0.000410175 -0.000632382  0.000159540 -0.001898243  0.003299444 -0.004184717 |          7.1 |  0.000000020  0.000053196, -0.000008381  0.000551234
DIFF:  070 |  0.000000000  0.000000000  0.000000314  0.000004114  0.000000000  0.000000000 |          0.0 |  0.000000010 -0.000000000, -0.000000580 -0.000000006
MOVE:  070 | -0.000003175  0.000002618 -0.000000460  0.000101757  0.000087444 -0.004184717 |         -0.0 | -0.000005169 -0.000000663, -0.000008506 -0.000000082
CONST: 070 | 35 -0.000410175 -0.000632382 0.00015954 -0.00189824 0.00329944 -0.00418472

ABS:   071 | -0.000410175 -0.000632382  0.000159540 -0.001906471  0.003299444 -0.004184717 |          7.1 | -0.000000001  0.000053197, -0.000007850  0.000551247
DIFF:  071 |  0.000000000  0.000000000  0.000000000 -0.000008228  0.000000000  0.000000000 |          0.0 | -0.000000022  0.000000001,  0.000000531  0.000000012
MOVE:  071 | -0.000003175  0.000002618 -0.000000460  0.000093529  0.000087444 -0.004184717 |         -0.0 | -0.000005190 -0.000000662, -0.000007974 -0.000000070
CONST: 071 | 35 -0.000410175 -0.000632382 0.00015954 -0.00190647 0.00329944 -0.00418472

ABS:   072 | -0.000410175 -0.000632382  0.000159540 -0.001902357  0.003300419 -0.004184717 |          7.1 | -0.000000057  0.000053194, -0.000008119  0.000551240
DIFF:  072 |  0.000000000  0.000000000  0.000000000  0.000004114  0.000000975  0.000000000 |         -0.0 | -0.000000056 -0.000000003, -0.000000269 -0.000000006
MOVE:  072 | -0.000003175  0.000002618 -0.000000460  0.000097643  0.000088419 -0.004184717 |         -0.0 | -0.000005246 -0.000000665, -0.000008244 -0.000000076
CONST: 072 | 35 -0.000410175 -0.000632382 0.00015954 -0.00190236 0.00330042 -0.00418472

ABS:   073 | -0.000410175 -0.000632382  0.000159540 -0.001902357  0.003298469 -0.004184717 |          7.1 |  0.000000076  0.000053199, -0.000008112  0.000551241
DIFF:  073 |  0.000000000  0.000000000  0.000000000  0.000000000 -0.000001950  0.000000000 |          0.0 |  0.000000133  0.000000005,  0.000000007  0.000000001
MOVE:  073 | -0.000003175  0.000002618 -0.000000460  0.000097643  0.000086469 -0.004184717 |         -0.0 | -0.000005113 -0.000000660, -0.000008236 -0.000000076
CONST: 073 | 35 -0.000410175 -0.000632382 0.00015954 -0.00190236 0.00329847 -0.00418472

ABS:   074 | -0.000410175 -0.000632382  0.000159540 -0.001902357  0.003299444 -0.004138862 |          7.1 | -0.000000013  0.000053198, -0.000007965  0.000551251
DIFF:  074 |  0.000000000  0.000000000  0.000000000  0.000000000  0.000000975  0.000045855 |          0.0 | -0.000000089 -0.000000001,  0.000000146  0.000000010
MOVE:  074 | -0.000003175  0.000002618 -0.000000460  0.000097643  0.000087444 -0.004138862 |         -0.0 | -0.000005202 -0.000000661, -0.000008090 -0.000000066
CONST: 074 | 35 -0.000410175 -0.000632382 0.00015954 -0.00190236 0.00329944 -0.00413886

ABS:   075 | -0.000410175 -0.000632382  0.000159540 -0.001902357  0.003299444 -0.004230568 |          7.1 |  0.000000032  0.000053195, -0.000008266  0.000551230
DIFF:  075 |  0.000000000  0.000000000  0.000000000  0.000000000  0.000000000 -0.000091706 |         -0.0 |  0.000000045 -0.000000003, -0.000000300 -0.000000020
MOVE:  075 | -0.000003175  0.000002618 -0.000000460  0.000097643  0.000087444 -0.004230568 |         -0.0 | -0.000005157 -0.000000664, -0.000008390 -0.000000086
CONST: 075 | 35 -0.000410175 -0.000632382 0.00015954 -0.00190236 0.00329944 -0.00423057

ABS:   076 | -0.000409541 -0.000639545  0.000159025 -0.001871646  0.003361105 -0.008704516 |          7.3 | -0.000000972  0.000053130, -0.000012167  0.000554889
DIFF:  076 |  0.000000634 -0.000007163 -0.000000516  0.000030711  0.000061661 -0.004473947 |          0.1 | -0.000001004 -0.000000065, -0.000003901  0.000003659
MOVE:  076 | -0.000002541 -0.000004545 -0.000000975  0.000128354  0.000149105 -0.008704516 |          0.1 | -0.000006161 -0.000000729, -0.000012291  0.000003572
CONST: 076 | 35 -0.000409541 -0.000639545 0.000159025 -0.00187165 0.00336111 -0.00870452

ABS:   077 | -0.000410107 -0.000633145  0.000159485 -0.001899087  0.003306009 -0.004668251 |          7.1 | -0.000000153  0.000053167, -0.000009209  0.000551140
DIFF:  077 | -0.000000567  0.000006400  0.000000461 -0.000027441 -0.000055096  0.004036265 |         -0.1 |  0.000000819  0.000000037,  0.000002957 -0.000003749
MOVE:  077 | -0.000003107  0.000001855 -0.000000515  0.000100913  0.000094009 -0.004668251 |         -0.0 | -0.000005342 -0.000000692, -0.000009334 -0.000000177
CONST: 077 | 35 -0.000410107 -0.000633145 0.000159485 -0.00189909 0.00330601 -0.00466825

ABS:   078 | -0.000410038 -0.000633145  0.000159485 -0.001899087  0.003306009 -0.004668251 |          7.1 | -0.000000084  0.000053167, -0.000009210  0.000551140
DIFF:  078 |  0.000000069  0.000000000  0.000000000  0.000000000  0.000000000  0.000000000 |         -0.0 |  0.000000069 -0.000000000, -0.000000001 -0.000000000
MOVE:  078 | -0.000003038  0.000001855 -0.000000515  0.000100913  0.000094009 -0.004668251 |         -0.0 | -0.000005273 -0.000000692, -0.000009334 -0.000000177
CONST: 078 | 35 -0.000410038 -0.000633145 0.000159485 -0.00189909 0.00330601 -0.00466825

ABS:   079 | -0.000410176 -0.000633145  0.000159485 -0.001899087  0.003306009 -0.004668251 |          7.1 | -0.000000222  0.000053167, -0.000009209  0.000551140
DIFF:  079 | -0.000000138  0.000000000  0.000000000  0.000000000  0.000000000  0.000000000 |          0.0 | -0.000000138  0.000000000,  0.000000001  0.000000000
MOVE:  079 | -0.000003176  0.000001855 -0.000000515  0.000100913  0.000094009 -0.004668251 |         -0.0 | -0.000005411 -0.000000692, -0.000009333 -0.000000177
CONST: 079 | 35 -0.000410176 -0.000633145 0.000159485 -0.00189909 0.00330601 -0.00466825

ABS:   080 | -0.000410107 -0.000632835  0.000159485 -0.001899087  0.003306009 -0.004668251 |          7.1 | -0.000000141  0.000053166, -0.000009481  0.000551137
DIFF:  080 |  0.000000069  0.000000310  0.000000000  0.000000000  0.000000000  0.000000000 |         -0.0 |  0.000000081 -0.000000001, -0.000000272 -0.000000003
MOVE:  080 | -0.000003107  0.000002165 -0.000000515  0.000100913  0.000094009 -0.004668251 |         -0.0 | -0.000005330 -0.000000693, -0.000009606 -0.000000179
CONST: 080 | 35 -0.000410107 -0.000632835 0.000159485 -0.00189909 0.00330601 -0.00466825

ABS:   081 | -0.000410107 -0.000633454  0.000159485 -0.001899087  0.003306009 -0.004668251 |          7.1 | -0.000000165  0.000053168, -0.000008938  0.000551143
DIFF:  081 |  0.000000000 -0.000000619  0.000000000  0.000000000  0.000000000  0.000000000 |          0.0 | -0.000000024  0.000000002,  0.000000544  0.000000006
MOVE:  081 | -0.000003107  0.000001546 -0.000000515  0.000100913  0.000094009 -0.004668251 |         -0.0 | -0.000005354 -0.000000691, -0.000009062 -0.000000174
CONST: 081 | 35 -0.000410107 -0.000633454 0.000159485 -0.00189909 0.00330601 -0.00466825

ABS:   082 | -0.000410107 -0.000633145  0.000159800 -0.001899087  0.003306009 -0.004668251 |          7.1 | -0.000000154  0.000053167, -0.000009523  0.000551140
DIFF:  082 |  0.000000000  0.000000310  0.000000314  0.000000000  0.000000000  0.000000000 |          0.0 |  0.000000011 -0.000000001, -0.000000586 -0.000000003
MOVE:  082 | -0.000003107  0.000001855 -0.000000200  0.000100913  0.000094009 -0.004668251 |         -0.0 | -0.000005343 -0.000000692, -0.000009648 -0.000000177
CONST: 082 | 35 -0.000410107 -0.000633145 0.0001598 -0.00189909 0.00330601 -0.00466825

ABS:   083 | -0.000410107 -0.000633145  0.000159171 -0.001899087  0.003306009 -0.004668251 |          7.1 | -0.000000152  0.000053167, -0.000008896  0.000551140
DIFF:  083 |  0.000000000  0.000000000 -0.000000629  0.000000000  0.000000000  0.000000000 |         -0.0 |  0.000000002 -0.000000000,  0.000000628 -0.000000000
MOVE:  083 | -0.000003107  0.000001855 -0.000000829  0.000100913  0.000094009 -0.004668251 |         -0.0 | -0.000005341 -0.000000692, -0.000009020 -0.000000177
CONST: 083 | 35 -0.000410107 -0.000633145 0.000159171 -0.00189909 0.00330601 -0.00466825

ABS:   084 | -0.000410107 -0.000633145  0.000159485 -0.001894975  0.003306009 -0.004668251 |          7.1 | -0.000000142  0.000053167, -0.000009475  0.000551134
DIFF:  084 |  0.000000000  0.000000000  0.000000314  0.000004112  0.000000000  0.000000000 |          0.0 |  0.000000010 -0.000000000, -0.000000579 -0.000000006
MOVE:  084 | -0.000003107  0.000001855 -0.000000515  0.000105025  0.000094009 -0.004668251 |         -0.0 | -0.000005331 -0.000000693, -0.000009599 -0.000000183
CONST: 084 | 35 -0.000410107 -0.000633145 0.000159485 -0.00189498 0.00330601 -0.00466825

ABS:   085 | -0.000410107 -0.000633145  0.000159485 -0.001903199  0.003306009 -0.004668251 |          7.1 | -0.000000163  0.000053167, -0.000008944  0.000551146
DIFF:  085 |  0.000000000  0.000000000  0.000000000 -0.000008223  0.000000000  0.000000000 |          0.0 | -0.000000022  0.000000001,  0.000000531  0.000000012
MOVE:  085 | -0.000003107  0.000001855 -0.000000515  0.000096801  0.000094009 -0.004668251 |         -0.0 | -0.000005352 -0.000000692, -0.000009068 -0.000000170
CONST: 085 | 35 -0.000410107 -0.000633145 0.000159485 -0.0019032 0.00330601 -0.00466825

ABS:   086 | -0.000410107 -0.000633145  0.000159485 -0.001899087  0.003306985 -0.004668251 |          7.1 | -0.000000219  0.000053165, -0.000009213  0.000551140
DIFF:  086 |  0.000000000  0.000000000  0.000000000  0.000004112  0.000000976  0.000000000 |         -0.0 | -0.000000056 -0.000000003, -0.000000269 -0.000000006
MOVE:  086 | -0.000003107  0.000001855 -0.000000515  0.000100913  0.000094985 -0.004668251 |         -0.0 | -0.000005408 -0.000000695, -0.000009338 -0.000000177
CONST: 086 | 35 -0.000410107 -0.000633145 0.000159485 -0.00189909 0.00330698 -0.00466825

ABS:   087 | -0.000410107 -0.000633145  0.000159485 -0.001899087  0.003305033 -0.004668251 |          7.1 | -0.000000086  0.000053170, -0.000009206  0.000551140
DIFF:  087 |  0.000000000  0.000000000  0.000000000  0.000000000 -0.000001951  0.000000000 |          0.0 |  0.000000133  0.000000005,  0.000000007  0.000000001
MOVE:  087 | -0.000003107  0.000001855 -0.000000515  0.000100913  0.000093033 -0.004668251 |         -0.0 | -0.000005275 -0.000000690, -0.000009330 -0.000000176
CONST: 087 | 35 -0.000410107 -0.000633145 0.000159485 -0.00189909 0.00330503 -0.00466825

ABS:   088 | -0.000410107 -0.000633145  0.000159485 -0.001899087  0.003306009 -0.004622467 |          7.1 | -0.000000175  0.000053168, -0.000009060  0.000551149
DIFF:  088 |  0.000000000  0.000000000  0.000000000  0.000000000  0.000000976  0.000045784 |          0.0 | -0.000000089 -0.000000001,  0.000000146  0.000000009
MOVE:  088 | -0.000003107  0.000001855 -0.000000515  0.000100913  0.000094009 -0.004622467 |         -0.0 | -0.000005364 -0.000000691, -0.000009184 -0.000000167
CONST: 088 | 35 -0.000410107 -0.000633145 0.000159485 -0.00189909 0.00330601 -0.00462247

ABS:   089 | -0.000410107 -0.000633145  0.000159485 -0.001899087  0.003306009 -0.004714031 |          7.1 | -0.000000130  0.000053166, -0.000009359  0.000551131
DIFF:  089 |  0.000000000  0.000000000  0.000000000  0.000000000  0.000000000 -0.000091564 |         -0.0 |  0.000000045 -0.000000003, -0.000000300 -0.000000018
MOVE:  089 | -0.000003107  0.000001855 -0.000000515  0.000100913  0.000094009 -0.004714031 |         -0.0 | -0.000005319 -0.000000694, -0.000009484 -0.000000186
CONST: 089 | 35 -0.000410107 -0.000633145 0.000159485 -0.00189909 0.00330601 -0.00471403

ABS:   090 | -0.000408748 -0.000644820  0.000158853 -0.001881196  0.003376729 -0.009029327 |          7.3 | -0.000001134  0.000053258, -0.000013783  0.000556208
DIFF:  090 |  0.000001359 -0.000011675 -0.000000633  0.000017891  0.000070720 -0.004315296 |          0.2 | -0.000001004  0.000000093, -0.000004424  0.000005077
MOVE:  090 | -0.000001748 -0.000009820 -0.000001147  0.000118804  0.000164729 -0.009029327 |          0.1 | -0.000006323 -0.000000601, -0.000013907  0.000004891
CONST: 090 | 35 -0.000408748 -0.00064482 0.000158853 -0.0018812 0.00337673 -0.00902933

ABS:   091 | -0.000410010 -0.000633981  0.000159440 -0.001897805  0.003311076 -0.004982311 |          7.1 | -0.000000274  0.000053148, -0.000009560  0.000551084
DIFF:  091 | -0.000001261  0.000010839  0.000000587 -0.000016609 -0.000065654  0.004047016 |         -0.2 |  0.000000860 -0.000000111,  0.000004223 -0.000005124
MOVE:  091 | -0.000003010  0.000001019 -0.000000560  0.000102195  0.000099076 -0.004982311 |         -0.0 | -0.000005463 -0.000000712, -0.000009684 -0.000000232
CONST: 091 | 35 -0.00041001 -0.000633981 0.00015944 -0.00189781 0.00331108 -0.00498231

