ABS:   itr |       deltaX       deltaY       deltaZ         phiX         phiY         phiZ |        chisq |    rphi mean     rphi rms,       z mean        z rms
ABS:   =========================================================================================================================================================
DIFF:  itr |       deltaX       deltaY       deltaZ         phiX         phiY         phiZ |        chisq |    rphi mean     rphi rms,       z mean        z rms
DIFF:  =========================================================================================================================================================
MOVE:  itr |       deltaX       deltaY       deltaZ         phiX         phiY         phiZ |        chisq |    rphi mean     rphi rms,       z mean        z rms
MOVE:  =========================================================================================================================================================
ABS:   001 |  0.000085000 -0.000379000  0.000303000 -0.001440000  0.004281000  0.000000000 |         94.3 |  0.000000827  0.000057239,  0.000012945  0.000556290
CONST: 001 | 29 8.5e-05 -0.000379 0.000303 -0.00144 0.004281 0

ABS:   001 |  0.000085000 -0.000379000  0.000303000 -0.001440000  0.004281000  0.000000000 |         94.3 |  0.000000827  0.000057239,  0.000012945  0.000556290
CONST: 001 | 29 8.5e-05 -0.000379 0.000303 -0.00144 0.004281 0

ABS:   002 |  0.000085100 -0.000379000  0.000303000 -0.001440000  0.004281000  0.000000000 |         94.3 |  0.000000868  0.000057216,  0.000012945  0.000556290
DIFF:  002 |  0.000000100  0.000000000 -0.000000000  0.000000000  0.000000000  0.000000000 |         -0.0 |  0.000000041 -0.000000023, -0.000000000  0.000000000
MOVE:  002 |  0.000000100  0.000000000 -0.000000000  0.000000000  0.000000000  0.000000000 |         -0.0 |  0.000000041 -0.000000023, -0.000000000  0.000000000
CONST: 002 | 29 8.51e-05 -0.000379 0.000303 -0.00144 0.004281 0

ABS:   003 |  0.000084900 -0.000379000  0.000303000 -0.001440000  0.004281000  0.000000000 |         94.3 |  0.000000757  0.000057238,  0.000012946  0.000556290
DIFF:  003 | -0.000000200  0.000000000  0.000000000  0.000000000  0.000000000  0.000000000 |          0.0 | -0.000000111  0.000000023,  0.000000001 -0.000000000
MOVE:  003 | -0.000000100  0.000000000 -0.000000000  0.000000000  0.000000000  0.000000000 |         -0.0 | -0.000000070 -0.000000000,  0.000000000  0.000000000
CONST: 003 | 29 8.49e-05 -0.000379 0.000303 -0.00144 0.004281 0

ABS:   004 |  0.000085010 -0.000379000  0.000303000 -0.001440000  0.004281000  0.000000000 |         94.3 |  0.000000837  0.000057239,  0.000012945  0.000556290
DIFF:  004 |  0.000000110  0.000000000  0.000000000  0.000000000  0.000000000  0.000000000 |          0.0 |  0.000000080  0.000000000, -0.000000000 -0.000000000
MOVE:  004 |  0.000000010  0.000000000 -0.000000000  0.000000000  0.000000000  0.000000000 |          0.0 |  0.000000010 -0.000000000, -0.000000000  0.000000000
CONST: 004 | 29 8.501e-05 -0.000379 0.000303 -0.00144 0.004281 0

ABS:   005 |  0.000084990 -0.000379000  0.000303000 -0.001440000  0.004281000  0.000000000 |         94.3 |  0.000000817  0.000057239,  0.000012945  0.000556290
DIFF:  005 | -0.000000020  0.000000000  0.000000000  0.000000000  0.000000000  0.000000000 |         -0.0 | -0.000000020  0.000000000,  0.000000000  0.000000000
MOVE:  005 | -0.000000010  0.000000000 -0.000000000  0.000000000  0.000000000  0.000000000 |         -0.0 | -0.000000010  0.000000000,  0.000000000  0.000000000
CONST: 005 | 29 8.499e-05 -0.000379 0.000303 -0.00144 0.004281 0

ABS:   006 |  0.000085069 -0.000379000  0.000303000 -0.001440000  0.004281000  0.000000000 |         94.3 |  0.000000852  0.000057228,  0.000012945  0.000556290
DIFF:  006 |  0.000000079  0.000000000  0.000000000  0.000000000  0.000000000  0.000000000 |         -0.0 |  0.000000035 -0.000000011, -0.000000000 -0.000000000
MOVE:  006 |  0.000000069  0.000000000 -0.000000000  0.000000000  0.000000000  0.000000000 |         -0.0 |  0.000000025 -0.000000011, -0.000000000  0.000000000
CONST: 006 | 29 8.50688e-05 -0.000379 0.000303 -0.00144 0.004281 0

ABS:   007 |  0.000084931 -0.000379000  0.000303000 -0.001440000  0.004281000  0.000000000 |         94.3 |  0.000000788  0.000057238,  0.000012945  0.000556290
DIFF:  007 | -0.000000138  0.000000000  0.000000000  0.000000000  0.000000000  0.000000000 |          0.0 | -0.000000064  0.000000011,  0.000000001 -0.000000000
MOVE:  007 | -0.000000069  0.000000000 -0.000000000  0.000000000  0.000000000  0.000000000 |         -0.0 | -0.000000039 -0.000000000,  0.000000000 -0.000000000
CONST: 007 | 29 8.49312e-05 -0.000379 0.000303 -0.00144 0.004281 0

ABS:   008 |  0.000085000 -0.000378900  0.000303000 -0.001440000  0.004281000  0.000000000 |         94.3 |  0.000000825  0.000057238,  0.000012963  0.000556293
DIFF:  008 |  0.000000069  0.000000100  0.000000000  0.000000000  0.000000000  0.000000000 |          0.0 |  0.000000037 -0.000000000,  0.000000017  0.000000003
MOVE:  008 |  0.000000000  0.000000100 -0.000000000  0.000000000  0.000000000  0.000000000 |          0.0 | -0.000000003 -0.000000001,  0.000000018  0.000000003
CONST: 008 | 29 8.5e-05 -0.0003789 0.000303 -0.00144 0.004281 0

ABS:   009 |  0.000085000 -0.000379100  0.000303000 -0.001440000  0.004281000  0.000000000 |         94.3 |  0.000000830  0.000057240,  0.000012928  0.000556286
DIFF:  009 |  0.000000000 -0.000000200  0.000000000  0.000000000  0.000000000  0.000000000 |         -0.0 |  0.000000005  0.000000002, -0.000000035 -0.000000006
MOVE:  009 |  0.000000000 -0.000000100 -0.000000000  0.000000000  0.000000000  0.000000000 |         -0.0 |  0.000000003  0.000000001, -0.000000018 -0.000000003
CONST: 009 | 29 8.5e-05 -0.0003791 0.000303 -0.00144 0.004281 0

ABS:   010 |  0.000085000 -0.000378692  0.000303000 -0.001440000  0.004281000  0.000000000 |         94.3 |  0.000000819  0.000057236,  0.000013308  0.000556292
DIFF:  010 |  0.000000000  0.000000408  0.000000000  0.000000000  0.000000000  0.000000000 |          0.0 | -0.000000011 -0.000000003,  0.000000381  0.000000006
MOVE:  010 |  0.000000000  0.000000308 -0.000000000  0.000000000  0.000000000  0.000000000 |          0.0 | -0.000000008 -0.000000003,  0.000000363  0.000000003
CONST: 010 | 29 8.5e-05 -0.000378692 0.000303 -0.00144 0.004281 0

ABS:   011 |  0.000085000 -0.000379308  0.000303000 -0.001440000  0.004281000  0.000000000 |         94.3 |  0.000000850  0.000057253,  0.000012891  0.000556280
DIFF:  011 |  0.000000000 -0.000000616  0.000000000  0.000000000  0.000000000  0.000000000 |          0.0 |  0.000000031  0.000000017, -0.000000417 -0.000000013
MOVE:  011 |  0.000000000 -0.000000308 -0.000000000  0.000000000  0.000000000  0.000000000 |          0.0 |  0.000000023  0.000000014, -0.000000054 -0.000000010
CONST: 011 | 29 8.5e-05 -0.000379308 0.000303 -0.00144 0.004281 0

ABS:   012 |  0.000085000 -0.000378969  0.000303000 -0.001440000  0.004281000  0.000000000 |         94.3 |  0.000000826  0.000057239,  0.000012951  0.000556291
DIFF:  012 |  0.000000000  0.000000339  0.000000000  0.000000000  0.000000000  0.000000000 |         -0.0 | -0.000000024 -0.000000015,  0.000000060  0.000000011
MOVE:  012 |  0.000000000  0.000000031 -0.000000000  0.000000000  0.000000000  0.000000000 |          0.0 | -0.000000001 -0.000000000,  0.000000005  0.000000001
CONST: 012 | 29 8.5e-05 -0.000378969 0.000303 -0.00144 0.004281 0

ABS:   013 |  0.000085000 -0.000379031  0.000303000 -0.001440000  0.004281000  0.000000000 |         94.3 |  0.000000828  0.000057239,  0.000012940  0.000556289
DIFF:  013 |  0.000000000 -0.000000062  0.000000000  0.000000000  0.000000000  0.000000000 |         -0.0 |  0.000000002  0.000000001, -0.000000011 -0.000000002
MOVE:  013 |  0.000000000 -0.000000031 -0.000000000  0.000000000  0.000000000  0.000000000 |         -0.0 |  0.000000001  0.000000000, -0.000000005 -0.000000001
CONST: 013 | 29 8.5e-05 -0.000379031 0.000303 -0.00144 0.004281 0

ABS:   014 |  0.000085000 -0.000379000  0.000308002 -0.001440000  0.004281000  0.000000000 |         94.4 |  0.000000821  0.000057251,  0.000009942  0.000556589
DIFF:  014 |  0.000000000  0.000000031  0.000005002  0.000000000  0.000000000  0.000000000 |          0.1 | -0.000000007  0.000000012, -0.000002997  0.000000301
MOVE:  014 |  0.000000000  0.000000000  0.000005002  0.000000000  0.000000000  0.000000000 |          0.1 | -0.000000007  0.000000012, -0.000003003  0.000000300
CONST: 014 | 29 8.5e-05 -0.000379 0.000308002 -0.00144 0.004281 0

ABS:   015 |  0.000085000 -0.000379000  0.000297998 -0.001440000  0.004281000  0.000000000 |         94.3 |  0.000000849  0.000057239,  0.000016871  0.000556206
DIFF:  015 |  0.000000000  0.000000000 -0.000010004  0.000000000  0.000000000  0.000000000 |         -0.1 |  0.000000028 -0.000000012,  0.000006929 -0.000000383
MOVE:  015 |  0.000000000  0.000000000 -0.000005002  0.000000000  0.000000000  0.000000000 |         -0.0 |  0.000000021 -0.000000000,  0.000003926 -0.000000083
CONST: 015 | 29 8.5e-05 -0.000379 0.000297998 -0.00144 0.004281 0

ABS:   016 |  0.000085000 -0.000379000  0.000303500 -0.001440000  0.004281000  0.000000000 |         94.3 |  0.000000825  0.000057239,  0.000012753  0.000556282
DIFF:  016 |  0.000000000  0.000000000  0.000005502  0.000000000  0.000000000  0.000000000 |          0.0 | -0.000000023  0.000000000, -0.000004118  0.000000076
MOVE:  016 |  0.000000000  0.000000000  0.000000500  0.000000000  0.000000000  0.000000000 |         -0.0 | -0.000000002  0.000000000, -0.000000192 -0.000000007
CONST: 016 | 29 8.5e-05 -0.000379 0.0003035 -0.00144 0.004281 0

ABS:   017 |  0.000085000 -0.000379000  0.000302500 -0.001440000  0.004281000  0.000000000 |         94.3 |  0.000000829  0.000057239,  0.000013446  0.000556290
DIFF:  017 |  0.000000000  0.000000000 -0.000001000  0.000000000  0.000000000  0.000000000 |          0.0 |  0.000000004 -0.000000000,  0.000000692  0.000000007
MOVE:  017 |  0.000000000  0.000000000 -0.000000500  0.000000000  0.000000000  0.000000000 |          0.0 |  0.000000002 -0.000000000,  0.000000500  0.000000000
CONST: 017 | 29 8.5e-05 -0.000379 0.0003025 -0.00144 0.004281 0

ABS:   018 |  0.000085000 -0.000379000  0.000303350 -0.001440000  0.004281000  0.000000000 |         94.3 |  0.000000826  0.000057239,  0.000012903  0.000556282
DIFF:  018 |  0.000000000  0.000000000  0.000000851  0.000000000  0.000000000  0.000000000 |         -0.0 | -0.000000004  0.000000000, -0.000000542 -0.000000007
MOVE:  018 |  0.000000000  0.000000000  0.000000350  0.000000000  0.000000000  0.000000000 |         -0.0 | -0.000000001  0.000000000, -0.000000042 -0.000000007
CONST: 018 | 29 8.5e-05 -0.000379 0.00030335 -0.00144 0.004281 0

ABS:   019 |  0.000085000 -0.000379000  0.000302650 -0.001440000  0.004281000  0.000000000 |         94.3 |  0.000000829  0.000057239,  0.000013296  0.000556290
DIFF:  019 |  0.000000000  0.000000000 -0.000000701  0.000000000  0.000000000  0.000000000 |          0.0 |  0.000000003 -0.000000000,  0.000000392  0.000000007
MOVE:  019 |  0.000000000  0.000000000 -0.000000350  0.000000000  0.000000000  0.000000000 |          0.0 |  0.000000001 -0.000000000,  0.000000351  0.000000000
CONST: 019 | 29 8.5e-05 -0.000379 0.00030265 -0.00144 0.004281 0

ABS:   020 |  0.000085000 -0.000379000  0.000303000 -0.001436000  0.004281000  0.000000000 |         94.3 |  0.000000825  0.000057238,  0.000012874  0.000556174
DIFF:  020 |  0.000000000  0.000000000  0.000000350  0.000004000  0.000000000  0.000000000 |         -0.0 | -0.000000003 -0.000000001, -0.000000422 -0.000000115
MOVE:  020 |  0.000000000  0.000000000 -0.000000000  0.000004000  0.000000000  0.000000000 |         -0.0 | -0.000000002 -0.000000001, -0.000000071 -0.000000115
CONST: 020 | 29 8.5e-05 -0.000379 0.000303 -0.001436 0.004281 0

ABS:   021 |  0.000085000 -0.000379000  0.000303000 -0.001444000  0.004281000  0.000000000 |         94.3 |  0.000000844  0.000057252,  0.000013173  0.000556288
DIFF:  021 |  0.000000000  0.000000000  0.000000000 -0.000008000  0.000000000  0.000000000 |          0.1 |  0.000000018  0.000000014,  0.000000299  0.000000113
MOVE:  021 |  0.000000000  0.000000000 -0.000000000 -0.000004000  0.000000000  0.000000000 |          0.0 |  0.000000017  0.000000013,  0.000000227 -0.000000002
CONST: 021 | 29 8.5e-05 -0.000379 0.000303 -0.001444 0.004281 0

ABS:   022 |  0.000085000 -0.000379000  0.000303000 -0.001439600  0.004281000  0.000000000 |         94.3 |  0.000000827  0.000057239,  0.000012922  0.000556290
DIFF:  022 |  0.000000000  0.000000000  0.000000000  0.000004400  0.000000000  0.000000000 |         -0.0 | -0.000000017 -0.000000013, -0.000000250  0.000000002
MOVE:  022 |  0.000000000  0.000000000 -0.000000000  0.000000400  0.000000000  0.000000000 |         -0.0 | -0.000000000 -0.000000000, -0.000000023  0.000000000
CONST: 022 | 29 8.5e-05 -0.000379 0.000303 -0.0014396 0.004281 0

ABS:   023 |  0.000085000 -0.000379000  0.000303000 -0.001440400  0.004281000  0.000000000 |         94.3 |  0.000000827  0.000057239,  0.000012968  0.000556289
DIFF:  023 |  0.000000000  0.000000000  0.000000000 -0.000000800  0.000000000  0.000000000 |          0.0 |  0.000000000  0.000000000,  0.000000045 -0.000000000
MOVE:  023 |  0.000000000  0.000000000 -0.000000000 -0.000000400  0.000000000  0.000000000 |          0.0 |  0.000000000  0.000000000,  0.000000023 -0.000000000
CONST: 023 | 29 8.5e-05 -0.000379 0.000303 -0.0014404 0.004281 0

ABS:   024 |  0.000085000 -0.000379000  0.000303000 -0.001436000  0.004281000  0.000000000 |         94.3 |  0.000000825  0.000057238,  0.000012874  0.000556174
DIFF:  024 |  0.000000000  0.000000000  0.000000000  0.000004400  0.000000000  0.000000000 |         -0.0 | -0.000000002 -0.000000001, -0.000000094 -0.000000115
MOVE:  024 |  0.000000000  0.000000000 -0.000000000  0.000004000  0.000000000  0.000000000 |         -0.0 | -0.000000002 -0.000000001, -0.000000071 -0.000000115
CONST: 024 | 29 8.5e-05 -0.000379 0.000303 -0.001436 0.004281 0

ABS:   025 |  0.000085000 -0.000379000  0.000303000 -0.001444000  0.004281000  0.000000000 |         94.3 |  0.000000844  0.000057252,  0.000013173  0.000556288
DIFF:  025 |  0.000000000  0.000000000  0.000000000 -0.000008000  0.000000000  0.000000000 |          0.1 |  0.000000018  0.000000014,  0.000000299  0.000000113
MOVE:  025 |  0.000000000  0.000000000 -0.000000000 -0.000004000  0.000000000  0.000000000 |          0.0 |  0.000000017  0.000000013,  0.000000227 -0.000000002
CONST: 025 | 29 8.5e-05 -0.000379 0.000303 -0.001444 0.004281 0

ABS:   026 |  0.000085000 -0.000379000  0.000303000 -0.001440000  0.004291001  0.000000000 |         94.2 |  0.000000919  0.000057035,  0.000012968  0.000556290
DIFF:  026 |  0.000000000  0.000000000  0.000000000  0.000004000  0.000010001  0.000000000 |         -0.1 |  0.000000075 -0.000000217, -0.000000204  0.000000003
MOVE:  026 |  0.000000000  0.000000000 -0.000000000  0.000000000  0.000010001  0.000000000 |         -0.1 |  0.000000092 -0.000000204,  0.000000023  0.000000001
CONST: 026 | 29 8.5e-05 -0.000379 0.000303 -0.00144 0.004291 0

ABS:   027 |  0.000085000 -0.000379000  0.000303000 -0.001440000  0.004270999  0.000000000 |         94.3 |  0.000000677  0.000057353,  0.000012922  0.000556289
DIFF:  027 |  0.000000000  0.000000000  0.000000000  0.000000000 -0.000020001  0.000000000 |          0.1 | -0.000000243  0.000000318, -0.000000046 -0.000000001
MOVE:  027 |  0.000000000  0.000000000 -0.000000000  0.000000000 -0.000010001  0.000000000 |          0.0 | -0.000000151  0.000000114, -0.000000023 -0.000000001
CONST: 027 | 29 8.5e-05 -0.000379 0.000303 -0.00144 0.004271 0

ABS:   028 |  0.000085000 -0.000379000  0.000303000 -0.001440000  0.004282000  0.000000000 |         94.3 |  0.000000828  0.000057228,  0.000012948  0.000556290
DIFF:  028 |  0.000000000  0.000000000  0.000000000  0.000000000  0.000011001  0.000000000 |         -0.0 |  0.000000151 -0.000000125,  0.000000025  0.000000001
MOVE:  028 |  0.000000000  0.000000000 -0.000000000  0.000000000  0.000001000  0.000000000 |         -0.0 |  0.000000000 -0.000000011,  0.000000002  0.000000000
CONST: 028 | 29 8.5e-05 -0.000379 0.000303 -0.00144 0.004282 0

ABS:   029 |  0.000085000 -0.000379000  0.000303000 -0.001440000  0.004280000  0.000000000 |         94.3 |  0.000000812  0.000057238,  0.000012943  0.000556290
DIFF:  029 |  0.000000000  0.000000000  0.000000000  0.000000000 -0.000002000  0.000000000 |         -0.0 | -0.000000015  0.000000010, -0.000000005 -0.000000000
MOVE:  029 |  0.000000000  0.000000000 -0.000000000  0.000000000 -0.000001000  0.000000000 |         -0.0 | -0.000000015 -0.000000001, -0.000000002 -0.000000000
CONST: 029 | 29 8.5e-05 -0.000379 0.000303 -0.00144 0.00428 0

ABS:   030 |  0.000085000 -0.000379000  0.000303000 -0.001440000  0.004281100  0.000000000 |         94.3 |  0.000000844  0.000057248,  0.000012945  0.000556290
DIFF:  030 |  0.000000000  0.000000000  0.000000000  0.000000000  0.000001100  0.000000000 |          0.0 |  0.000000031  0.000000010,  0.000000003  0.000000000
MOVE:  030 |  0.000000000  0.000000000 -0.000000000  0.000000000  0.000000100  0.000000000 |          0.0 |  0.000000016  0.000000009,  0.000000000  0.000000000
CONST: 030 | 29 8.5e-05 -0.000379 0.000303 -0.00144 0.0042811 0

ABS:   031 |  0.000085000 -0.000379000  0.000303000 -0.001440000  0.004280900  0.000000000 |         94.3 |  0.000000826  0.000057241,  0.000012945  0.000556290
DIFF:  031 |  0.000000000  0.000000000  0.000000000  0.000000000 -0.000000200  0.000000000 |         -0.0 | -0.000000018 -0.000000007, -0.000000000 -0.000000000
MOVE:  031 |  0.000000000  0.000000000 -0.000000000  0.000000000 -0.000000100  0.000000000 |          0.0 | -0.000000002  0.000000002, -0.000000000 -0.000000000
CONST: 031 | 29 8.5e-05 -0.000379 0.000303 -0.00144 0.0042809 0

ABS:   032 |  0.000085000 -0.000379000  0.000303000 -0.001440000  0.004281000  0.000002000 |         94.3 |  0.000000826  0.000057239,  0.000012945  0.000556290
DIFF:  032 |  0.000000000  0.000000000  0.000000000  0.000000000  0.000000100  0.000002000 |         -0.0 |  0.000000000 -0.000000002, -0.000000000  0.000000000
MOVE:  032 |  0.000000000  0.000000000 -0.000000000  0.000000000  0.000000000  0.000002000 |          0.0 | -0.000000001  0.000000000, -0.000000000  0.000000000
CONST: 032 | 29 8.5e-05 -0.000379 0.000303 -0.00144 0.004281 2.00001e-06

ABS:   033 |  0.000085000 -0.000379000  0.000303000 -0.001440000  0.004281000 -0.000002000 |         94.3 |  0.000000828  0.000057239,  0.000012946  0.000556289
DIFF:  033 |  0.000000000  0.000000000  0.000000000  0.000000000  0.000000000 -0.000004000 |         -0.0 |  0.000000002 -0.000000000,  0.000000001 -0.000000001
MOVE:  033 |  0.000000000  0.000000000 -0.000000000  0.000000000  0.000000000 -0.000002000 |         -0.0 |  0.000000001 -0.000000000,  0.000000000 -0.000000000
CONST: 033 | 29 8.5e-05 -0.000379 0.000303 -0.00144 0.004281 -2.00001e-06

ABS:   034 |  0.000085000 -0.000379000  0.000303000 -0.001440000  0.004281000  0.000020000 |         94.3 |  0.000000815  0.000057239,  0.000012942  0.000556294
DIFF:  034 |  0.000000000  0.000000000  0.000000000  0.000000000  0.000000000  0.000022000 |          0.0 | -0.000000013  0.000000000, -0.000000004  0.000000005
MOVE:  034 |  0.000000000  0.000000000 -0.000000000  0.000000000  0.000000000  0.000020000 |          0.0 | -0.000000012  0.000000000, -0.000000003  0.000000005
CONST: 034 | 29 8.5e-05 -0.000379 0.000303 -0.00144 0.004281 2.00001e-05

ABS:   035 |  0.000085000 -0.000379000  0.000303000 -0.001440000  0.004281000 -0.000020000 |         94.3 |  0.000000839  0.000057238,  0.000012948  0.000556285
DIFF:  035 |  0.000000000  0.000000000  0.000000000  0.000000000  0.000000000 -0.000040000 |         -0.0 |  0.000000024 -0.000000001,  0.000000007 -0.000000010
MOVE:  035 |  0.000000000  0.000000000 -0.000000000  0.000000000  0.000000000 -0.000020000 |         -0.0 |  0.000000012 -0.000000000,  0.000000003 -0.000000005
CONST: 035 | 29 8.5e-05 -0.000379 0.000303 -0.00144 0.004281 -2.00001e-05

ABS:   036 |  0.000085069 -0.000379000  0.000303000 -0.001440000  0.004281000  0.000000000 |         94.3 |  0.000000852  0.000057228,  0.000012945  0.000556290
DIFF:  036 |  0.000000069  0.000000000  0.000000000  0.000000000  0.000000000  0.000020000 |         -0.0 |  0.000000013 -0.000000011, -0.000000004  0.000000005
MOVE:  036 |  0.000000069  0.000000000 -0.000000000  0.000000000  0.000000000  0.000000000 |         -0.0 |  0.000000025 -0.000000011, -0.000000000  0.000000000
CONST: 036 | 29 8.50688e-05 -0.000379 0.000303 -0.00144 0.004281 0

ABS:   037 |  0.000085344 -0.000379000  0.000303000 -0.001440000  0.004281000  0.000000000 |         94.3 |  0.000001068  0.000057205,  0.000012944  0.000556290
DIFF:  037 |  0.000000275  0.000000000  0.000000000  0.000000000  0.000000000  0.000000000 |         -0.0 |  0.000000216 -0.000000023, -0.000000001 -0.000000000
MOVE:  037 |  0.000000344  0.000000000 -0.000000000  0.000000000  0.000000000  0.000000000 |         -0.0 |  0.000000241 -0.000000034, -0.000000001 -0.000000000
CONST: 037 | 29 8.53442e-05 -0.000379 0.000303 -0.00144 0.004281 0

ABS:   038 |  0.000085351 -0.000379000  0.000303000 -0.001440000  0.004281000  0.000000000 |         94.3 |  0.000001075  0.000057205,  0.000012944  0.000556290
DIFF:  038 |  0.000000007  0.000000000  0.000000000  0.000000000  0.000000000  0.000000000 |          0.0 |  0.000000007 -0.000000000, -0.000000000  0.000000000
MOVE:  038 |  0.000000351  0.000000000 -0.000000000  0.000000000  0.000000000  0.000000000 |         -0.0 |  0.000000248 -0.000000034, -0.000000002  0.000000000
CONST: 038 | 29 8.5351e-05 -0.000379 0.000303 -0.00144 0.004281 0

ABS:   039 |  0.000085337 -0.000379000  0.000303000 -0.001440000  0.004281000  0.000000000 |         94.3 |  0.000001061  0.000057205,  0.000012944  0.000556290
DIFF:  039 | -0.000000014  0.000000000  0.000000000  0.000000000  0.000000000  0.000000000 |         -0.0 | -0.000000014  0.000000000,  0.000000000  0.000000000
MOVE:  039 |  0.000000337  0.000000000 -0.000000000  0.000000000  0.000000000  0.000000000 |         -0.0 |  0.000000234 -0.000000034, -0.000000001  0.000000000
CONST: 039 | 29 8.53373e-05 -0.000379 0.000303 -0.00144 0.004281 0

ABS:   040 |  0.000085413 -0.000379000  0.000303000 -0.001440000  0.004281000  0.000000000 |         94.3 |  0.000001122  0.000057193,  0.000012943  0.000556290
DIFF:  040 |  0.000000076  0.000000000  0.000000000  0.000000000  0.000000000  0.000000000 |         -0.0 |  0.000000061 -0.000000012, -0.000000000 -0.000000000
MOVE:  040 |  0.000000413  0.000000000 -0.000000000  0.000000000  0.000000000  0.000000000 |         -0.0 |  0.000000295 -0.000000046, -0.000000002  0.000000000
CONST: 040 | 29 8.5413e-05 -0.000379 0.000303 -0.00144 0.004281 0

ABS:   041 |  0.000085275 -0.000379000  0.000303000 -0.001440000  0.004281000  0.000000000 |         94.3 |  0.000000999  0.000057205,  0.000012944  0.000556290
DIFF:  041 | -0.000000138  0.000000000  0.000000000  0.000000000  0.000000000  0.000000000 |          0.0 | -0.000000123  0.000000012,  0.000000001  0.000000000
MOVE:  041 |  0.000000275  0.000000000 -0.000000000  0.000000000  0.000000000  0.000000000 |         -0.0 |  0.000000172 -0.000000034, -0.000000001  0.000000000
CONST: 041 | 29 8.52753e-05 -0.000379 0.000303 -0.00144 0.004281 0

ABS:   042 |  0.000085351 -0.000379000  0.000303000 -0.001440000  0.004281000  0.000000000 |         94.3 |  0.000001075  0.000057205,  0.000012944  0.000556290
DIFF:  042 |  0.000000076  0.000000000  0.000000000  0.000000000  0.000000000  0.000000000 |          0.0 |  0.000000076 -0.000000000, -0.000000000 -0.000000000
MOVE:  042 |  0.000000351  0.000000000 -0.000000000  0.000000000  0.000000000  0.000000000 |         -0.0 |  0.000000248 -0.000000034, -0.000000002  0.000000000
CONST: 042 | 29 8.5351e-05 -0.000379 0.000303 -0.00144 0.004281 0

ABS:   043 |  0.000085337 -0.000379000  0.000303000 -0.001440000  0.004281000  0.000000000 |         94.3 |  0.000001061  0.000057205,  0.000012944  0.000556290
DIFF:  043 | -0.000000014  0.000000000  0.000000000  0.000000000  0.000000000  0.000000000 |         -0.0 | -0.000000014  0.000000000,  0.000000000  0.000000000
MOVE:  043 |  0.000000337  0.000000000 -0.000000000  0.000000000  0.000000000  0.000000000 |         -0.0 |  0.000000234 -0.000000034, -0.000000001  0.000000000
CONST: 043 | 29 8.53373e-05 -0.000379 0.000303 -0.00144 0.004281 0

ABS:   044 |  0.000085344 -0.000378692  0.000303000 -0.001440000  0.004281000  0.000000000 |         94.3 |  0.000001060  0.000057202,  0.000013307  0.000556292
DIFF:  044 |  0.000000007  0.000000308  0.000000000  0.000000000  0.000000000  0.000000000 |          0.0 | -0.000000001 -0.000000003,  0.000000363  0.000000003
MOVE:  044 |  0.000000344  0.000000308 -0.000000000  0.000000000  0.000000000  0.000000000 |         -0.0 |  0.000000233 -0.000000037,  0.000000362  0.000000003
CONST: 044 | 29 8.53442e-05 -0.000378692 0.000303 -0.00144 0.004281 0

ABS:   045 |  0.000085344 -0.000379308  0.000303000 -0.001440000  0.004281000  0.000000000 |         94.3 |  0.000001076  0.000057207,  0.000012889  0.000556280
DIFF:  045 |  0.000000000 -0.000000616  0.000000000  0.000000000  0.000000000  0.000000000 |         -0.0 |  0.000000016  0.000000005, -0.000000417 -0.000000013
MOVE:  045 |  0.000000344 -0.000000308 -0.000000000  0.000000000  0.000000000  0.000000000 |         -0.0 |  0.000000249 -0.000000032, -0.000000056 -0.000000010
CONST: 045 | 29 8.53442e-05 -0.000379308 0.000303 -0.00144 0.004281 0

ABS:   046 |  0.000085344 -0.000379000  0.000303330 -0.001440000  0.004281000  0.000000000 |         94.3 |  0.000001067  0.000057205,  0.000012922  0.000556282
DIFF:  046 |  0.000000000  0.000000308  0.000000330  0.000000000  0.000000000  0.000000000 |         -0.0 | -0.000000010 -0.000000003,  0.000000033  0.000000003
MOVE:  046 |  0.000000344  0.000000000  0.000000330  0.000000000  0.000000000  0.000000000 |         -0.0 |  0.000000239 -0.000000034, -0.000000023 -0.000000007
CONST: 046 | 29 8.53442e-05 -0.000379 0.00030333 -0.00144 0.004281 0

ABS:   047 |  0.000085344 -0.000379000  0.000302670 -0.001440000  0.004281000  0.000000000 |         94.3 |  0.000001070  0.000057205,  0.000013274  0.000556290
DIFF:  047 |  0.000000000  0.000000000 -0.000000660  0.000000000  0.000000000  0.000000000 |          0.0 |  0.000000003 -0.000000000,  0.000000351  0.000000007
MOVE:  047 |  0.000000344  0.000000000 -0.000000330  0.000000000  0.000000000  0.000000000 |         -0.0 |  0.000000242 -0.000000034,  0.000000328  0.000000000
CONST: 047 | 29 8.53442e-05 -0.000379 0.00030267 -0.00144 0.004281 0

ABS:   048 |  0.000085344 -0.000379000  0.000303000 -0.001439600  0.004281000  0.000000000 |         94.3 |  0.000001068  0.000057204,  0.000012921  0.000556290
DIFF:  048 |  0.000000000  0.000000000  0.000000330  0.000000400  0.000000000  0.000000000 |         -0.0 | -0.000000002 -0.000000000, -0.000000353  0.000000000
MOVE:  048 |  0.000000344  0.000000000 -0.000000000  0.000000400  0.000000000  0.000000000 |         -0.0 |  0.000000241 -0.000000035, -0.000000024  0.000000000
CONST: 048 | 29 8.53442e-05 -0.000379 0.000303 -0.0014396 0.004281 0

ABS:   049 |  0.000085344 -0.000379000  0.000303000 -0.001440400  0.004281000  0.000000000 |         94.3 |  0.000001068  0.000057205,  0.000012966  0.000556289
DIFF:  049 |  0.000000000  0.000000000  0.000000000 -0.000000800  0.000000000  0.000000000 |          0.0 |  0.000000000  0.000000000,  0.000000045 -0.000000000
MOVE:  049 |  0.000000344  0.000000000 -0.000000000 -0.000000400  0.000000000  0.000000000 |         -0.0 |  0.000000241 -0.000000034,  0.000000021 -0.000000000
CONST: 049 | 29 8.53442e-05 -0.000379 0.000303 -0.0014404 0.004281 0

ABS:   050 |  0.000085344 -0.000379000  0.000303000 -0.001436000  0.004281000  0.000000000 |         94.2 |  0.000001066  0.000057203,  0.000012872  0.000556174
DIFF:  050 |  0.000000000  0.000000000  0.000000000  0.000004400  0.000000000  0.000000000 |         -0.0 | -0.000000002 -0.000000001, -0.000000094 -0.000000115
MOVE:  050 |  0.000000344  0.000000000 -0.000000000  0.000004000  0.000000000  0.000000000 |         -0.1 |  0.000000239 -0.000000036, -0.000000073 -0.000000115
CONST: 050 | 29 8.53442e-05 -0.000379 0.000303 -0.001436 0.004281 0

ABS:   051 |  0.000085344 -0.000379000  0.000303000 -0.001444000  0.004281000  0.000000000 |         94.3 |  0.000001070  0.000057206,  0.000013171  0.000556288
DIFF:  051 |  0.000000000  0.000000000  0.000000000 -0.000008000  0.000000000  0.000000000 |          0.0 |  0.000000004  0.000000003,  0.000000299  0.000000113
MOVE:  051 |  0.000000344  0.000000000 -0.000000000 -0.000004000  0.000000000  0.000000000 |         -0.0 |  0.000000243 -0.000000033,  0.000000226 -0.000000002
CONST: 051 | 29 8.53442e-05 -0.000379 0.000303 -0.001444 0.004281 0

ABS:   052 |  0.000085344 -0.000379000  0.000303000 -0.001439600  0.004281000  0.000000000 |         94.3 |  0.000001068  0.000057204,  0.000012921  0.000556290
DIFF:  052 |  0.000000000  0.000000000  0.000000000  0.000004400  0.000000000  0.000000000 |         -0.0 | -0.000000002 -0.000000002, -0.000000250  0.000000002
MOVE:  052 |  0.000000344  0.000000000 -0.000000000  0.000000400  0.000000000  0.000000000 |         -0.0 |  0.000000241 -0.000000035, -0.000000024  0.000000000
CONST: 052 | 29 8.53442e-05 -0.000379 0.000303 -0.0014396 0.004281 0

ABS:   053 |  0.000085344 -0.000379000  0.000303000 -0.001440400  0.004281000  0.000000000 |         94.3 |  0.000001068  0.000057205,  0.000012966  0.000556289
DIFF:  053 |  0.000000000  0.000000000  0.000000000 -0.000000800  0.000000000  0.000000000 |          0.0 |  0.000000000  0.000000000,  0.000000045 -0.000000000
MOVE:  053 |  0.000000344  0.000000000 -0.000000000 -0.000000400  0.000000000  0.000000000 |         -0.0 |  0.000000241 -0.000000034,  0.000000021 -0.000000000
CONST: 053 | 29 8.53442e-05 -0.000379 0.000303 -0.0014404 0.004281 0

ABS:   054 |  0.000085344 -0.000379000  0.000303000 -0.001440000  0.004281010  0.000000000 |         94.3 |  0.000001068  0.000057204,  0.000012944  0.000556290
DIFF:  054 |  0.000000000  0.000000000  0.000000000  0.000000400  0.000000010  0.000000000 |         -0.0 | -0.000000000 -0.000000000, -0.000000023  0.000000000
MOVE:  054 |  0.000000344  0.000000000 -0.000000000  0.000000000  0.000000010  0.000000000 |         -0.0 |  0.000000241 -0.000000035, -0.000000001  0.000000000
CONST: 054 | 29 8.53442e-05 -0.000379 0.000303 -0.00144 0.00428101 0

ABS:   055 |  0.000085344 -0.000379000  0.000303000 -0.001440000  0.004280990  0.000000000 |         94.3 |  0.000001068  0.000057205,  0.000012944  0.000556290
DIFF:  055 |  0.000000000  0.000000000  0.000000000  0.000000000 -0.000000020  0.000000000 |          0.0 | -0.000000000  0.000000000, -0.000000000 -0.000000000
MOVE:  055 |  0.000000344  0.000000000 -0.000000000  0.000000000 -0.000000010  0.000000000 |         -0.0 |  0.000000241 -0.000000034, -0.000000001 -0.000000000
CONST: 055 | 29 8.53442e-05 -0.000379 0.000303 -0.00144 0.00428099 0

ABS:   056 |  0.000085344 -0.000379000  0.000303000 -0.001440000  0.004281100  0.000000000 |         94.3 |  0.000001070  0.000057202,  0.000012944  0.000556290
DIFF:  056 |  0.000000000  0.000000000  0.000000000  0.000000000  0.000000110  0.000000000 |         -0.0 |  0.000000002 -0.000000003,  0.000000000  0.000000000
MOVE:  056 |  0.000000344  0.000000000 -0.000000000  0.000000000  0.000000100  0.000000000 |         -0.0 |  0.000000242 -0.000000037, -0.000000001  0.000000000
CONST: 056 | 29 8.53442e-05 -0.000379 0.000303 -0.00144 0.0042811 0

ABS:   057 |  0.000085344 -0.000379000  0.000303000 -0.001440000  0.004280900  0.000000000 |         94.3 |  0.000001067  0.000057207,  0.000012943  0.000556290
DIFF:  057 |  0.000000000  0.000000000  0.000000000  0.000000000 -0.000000200  0.000000000 |          0.0 | -0.000000003  0.000000005, -0.000000000 -0.000000000
MOVE:  057 |  0.000000344  0.000000000 -0.000000000  0.000000000 -0.000000100  0.000000000 |         -0.0 |  0.000000239 -0.000000032, -0.000000002 -0.000000000
CONST: 057 | 29 8.53442e-05 -0.000379 0.000303 -0.00144 0.0042809 0

ABS:   058 |  0.000085344 -0.000379000  0.000303000 -0.001440000  0.004281000  0.000042909 |         94.3 |  0.000001043  0.000057205,  0.000012937  0.000556300
DIFF:  058 |  0.000000000  0.000000000  0.000000000  0.000000000  0.000000100  0.000042909 |          0.0 | -0.000000024 -0.000000001, -0.000000007  0.000000011
MOVE:  058 |  0.000000344  0.000000000 -0.000000000  0.000000000  0.000000000  0.000042909 |         -0.0 |  0.000000215 -0.000000034, -0.000000008  0.000000011
CONST: 058 | 29 8.53442e-05 -0.000379 0.000303 -0.00144 0.004281 4.29088e-05

ABS:   059 |  0.000085344 -0.000379000  0.000303000 -0.001440000  0.004281000 -0.000042909 |         94.3 |  0.000001094  0.000057204,  0.000012951  0.000556279
DIFF:  059 |  0.000000000  0.000000000  0.000000000  0.000000000  0.000000000 -0.000085818 |         -0.0 |  0.000000051 -0.000000002,  0.000000014 -0.000000021
MOVE:  059 |  0.000000344  0.000000000 -0.000000000  0.000000000  0.000000000 -0.000042909 |         -0.0 |  0.000000266 -0.000000035,  0.000000006 -0.000000010
CONST: 059 | 29 8.53442e-05 -0.000379 0.000303 -0.00144 0.004281 -4.29088e-05

ABS:   060 |  0.000084279 -0.000392527  0.000318302 -0.001282761  0.004580014 -0.002981503 |         93.3 |  0.000005169  0.000054322,  0.000001983  0.000556622
DIFF:  060 | -0.000001065 -0.000013527  0.000015302  0.000157239  0.000299014 -0.002938594 |         -1.0 |  0.000004076 -0.000002882, -0.000010967  0.000000343
MOVE:  060 | -0.000000721 -0.000013527  0.000015302  0.000157239  0.000299014 -0.002981503 |         -1.0 |  0.000004342 -0.000002917, -0.000010962  0.000000332
CONST: 060 | 29 8.42789e-05 -0.000392527 0.000318302 -0.00128276 0.00458001 -0.0029815

ABS:   061 |  0.000084644 -0.000387897  0.000313064 -0.001336584  0.004477662 -0.001961591 |         93.6 |  0.000003669  0.000054909,  0.000006362  0.000557108
DIFF:  061 |  0.000000365  0.000004630 -0.000005238 -0.000053823 -0.000102352  0.001019912 |          0.4 | -0.000001500  0.000000587,  0.000004378  0.000000486
MOVE:  061 | -0.000000356 -0.000008897  0.000010064  0.000103416  0.000196662 -0.001961591 |         -0.7 |  0.000002842 -0.000002330, -0.000006584  0.000000818
CONST: 061 | 29 8.46436e-05 -0.000387897 0.000313064 -0.00133658 0.00447766 -0.00196159

ABS:   062 |  0.000078953 -0.000460073  0.000394812 -0.000496621  0.006074709 -0.017519745 |         97.0 |  0.000011050  0.000069240, -0.000054325  0.000559180
DIFF:  062 | -0.000005691 -0.000072176  0.000081748  0.000839963  0.001597047 -0.015558154 |          3.3 |  0.000007381  0.000014331, -0.000060686  0.000002072
MOVE:  062 | -0.000006047 -0.000081073  0.000091812  0.000943379  0.001793709 -0.017519745 |          2.7 |  0.000010223  0.000012001, -0.000067270  0.000002891
CONST: 062 | 29 7.89529e-05 -0.000460073 0.000394812 -0.000496621 0.00607471 -0.0175197

ABS:   063 |  0.000081616 -0.000426327  0.000356558 -0.000889674  0.005327478 -0.010365728 |         95.7 |  0.000013158  0.000058798, -0.000025746  0.000557677
DIFF:  063 |  0.000002663  0.000033746 -0.000038255 -0.000393053 -0.000747231  0.007154017 |         -1.2 |  0.000002108 -0.000010442,  0.000028579 -0.000001503
MOVE:  063 | -0.000003384 -0.000047327  0.000053558  0.000550326  0.001046478 -0.010365728 |          1.5 |  0.000012331  0.000001559, -0.000038691  0.000001388
CONST: 063 | 29 8.16159e-05 -0.000426327 0.000356558 -0.000889674 0.00532748 -0.0103657

ABS:   064 |  0.000082947 -0.000409431  0.000337430 -0.001086215  0.004953765 -0.006692219 |         93.9 |  0.000009806  0.000054941, -0.000012694  0.000556810
DIFF:  064 |  0.000001332  0.000016896 -0.000019128 -0.000196541 -0.000373713  0.003673509 |         -1.9 | -0.000003353 -0.000003857,  0.000013052 -0.000000867
MOVE:  064 | -0.000002053 -0.000030431  0.000034430  0.000353785  0.000672765 -0.006692219 |         -0.4 |  0.000008978 -0.000002298, -0.000025639  0.000000520
CONST: 064 | 29 8.29474e-05 -0.000409431 0.00033743 -0.00108622 0.00495376 -0.00669222

ABS:   065 |  0.000083879 -0.000397606  0.000324049 -0.001223714  0.004692299 -0.004098963 |         93.4 |  0.000006707  0.000054101, -0.000003688  0.000557037
DIFF:  065 |  0.000000931  0.000011825 -0.000013381 -0.000137499 -0.000261466  0.002593256 |         -0.4 | -0.000003098 -0.000000840,  0.000009005  0.000000227
MOVE:  065 | -0.000001121 -0.000018606  0.000021049  0.000216286  0.000411299 -0.004098963 |         -0.9 |  0.000005880 -0.000003138, -0.000016633  0.000000748
CONST: 065 | 29 8.38789e-05 -0.000397606 0.000324049 -0.00122371 0.0046923 -0.00409896

ABS:   066 |  0.000084190 -0.000393657  0.000319581 -0.001269616  0.004605011 -0.003230422 |         93.3 |  0.000005606  0.000054252,  0.000000634  0.000556690
DIFF:  066 |  0.000000311  0.000003948 -0.000004467 -0.000045902 -0.000087288  0.000868541 |         -0.1 | -0.000001102  0.000000151,  0.000004322 -0.000000348
MOVE:  066 | -0.000000810 -0.000014657  0.000016581  0.000170384  0.000324011 -0.003230422 |         -1.0 |  0.000004778 -0.000002987, -0.000012312  0.000000400
CONST: 066 | 29 8.41899e-05 -0.000393657 0.000319581 -0.00126962 0.00460501 -0.00323042

ABS:   067 |  0.000084625 -0.000388136  0.000313335 -0.001333804  0.004482948 -0.002014291 |         93.6 |  0.000003734  0.000054870,  0.000005912  0.000557095
DIFF:  067 |  0.000000435  0.000005522 -0.000006247 -0.000064188 -0.000122063  0.001216131 |          0.3 | -0.000001872  0.000000618,  0.000005278  0.000000405
MOVE:  067 | -0.000000375 -0.000009136  0.000010335  0.000106196  0.000201948 -0.002014291 |         -0.7 |  0.000002907 -0.000002369, -0.000007033  0.000000805
CONST: 067 | 29 8.46247e-05 -0.000388136 0.000313335 -0.0013338 0.00448295 -0.00201429

ABS:   068 |  0.000084452 -0.000390331  0.000315819 -0.001308283  0.004531481 -0.002498014 |         93.3 |  0.000004419  0.000054535,  0.000004100  0.000556620
DIFF:  068 | -0.000000173 -0.000002195  0.000002484  0.000025522  0.000048533 -0.000483723 |         -0.3 |  0.000000685 -0.000000335, -0.000001812 -0.000000475
MOVE:  068 | -0.000000548 -0.000011331  0.000012819  0.000131717  0.000250481 -0.002498014 |         -1.0 |  0.000003591 -0.000002704, -0.000008845  0.000000331
CONST: 068 | 29 8.44518e-05 -0.000390331 0.000315819 -0.00130828 0.00453148 -0.00249801

ABS:   069 |  0.000084347 -0.000392527  0.000318302 -0.001282761  0.004580014 -0.002981503 |         93.3 |  0.000005238  0.000054322,  0.000001983  0.000556622
DIFF:  069 | -0.000000104 -0.000002195  0.000002484  0.000025522  0.000048533 -0.000483489 |         -0.0 |  0.000000819 -0.000000213, -0.000002117  0.000000002
MOVE:  069 | -0.000000653 -0.000013527  0.000015302  0.000157239  0.000299014 -0.002981503 |         -1.0 |  0.000004411 -0.000002917, -0.000010962  0.000000332
CONST: 069 | 29 8.43474e-05 -0.000392527 0.000318302 -0.00128276 0.00458001 -0.0029815

ABS:   070 |  0.000084210 -0.000392527  0.000318302 -0.001282761  0.004580014 -0.002981503 |         93.3 |  0.000005115  0.000054333,  0.000001984  0.000556622
DIFF:  070 | -0.000000137  0.000000000  0.000000000  0.000000000  0.000000000  0.000000000 |          0.0 | -0.000000123  0.000000011,  0.000000001 -0.000000000
MOVE:  070 | -0.000000790 -0.000013527  0.000015302  0.000157239  0.000299014 -0.002981503 |         -1.0 |  0.000004288 -0.000002906, -0.000010961  0.000000332
CONST: 070 | 29 8.42105e-05 -0.000392527 0.000318302 -0.00128276 0.00458001 -0.0029815

ABS:   071 |  0.000084286 -0.000392527  0.000318302 -0.001282761  0.004580014 -0.002981503 |         93.3 |  0.000005176  0.000054322,  0.000001983  0.000556622
DIFF:  071 |  0.000000075  0.000000000  0.000000000  0.000000000  0.000000000  0.000000000 |         -0.0 |  0.000000061 -0.000000011, -0.000000000  0.000000000
MOVE:  071 | -0.000000714 -0.000013527  0.000015302  0.000157239  0.000299014 -0.002981503 |         -1.0 |  0.000004349 -0.000002917, -0.000010962  0.000000332
CONST: 071 | 29 8.42858e-05 -0.000392527 0.000318302 -0.00128276 0.00458001 -0.0029815

ABS:   072 |  0.000084272 -0.000392527  0.000318302 -0.001282761  0.004580014 -0.002981503 |         93.3 |  0.000005163  0.000054322,  0.000001983  0.000556622
DIFF:  072 | -0.000000014  0.000000000  0.000000000  0.000000000  0.000000000  0.000000000 |         -0.0 | -0.000000014  0.000000000,  0.000000000 -0.000000000
MOVE:  072 | -0.000000728 -0.000013527  0.000015302  0.000157239  0.000299014 -0.002981503 |         -1.0 |  0.000004335 -0.000002917, -0.000010962  0.000000332
CONST: 072 | 29 8.42721e-05 -0.000392527 0.000318302 -0.00128276 0.00458001 -0.0029815

ABS:   073 |  0.000084347 -0.000392527  0.000318302 -0.001282761  0.004580014 -0.002981503 |         93.3 |  0.000005237  0.000054322,  0.000001983  0.000556622
DIFF:  073 |  0.000000075  0.000000000  0.000000000  0.000000000  0.000000000  0.000000000 |          0.0 |  0.000000075 -0.000000000, -0.000000000  0.000000000
MOVE:  073 | -0.000000653 -0.000013527  0.000015302  0.000157239  0.000299014 -0.002981503 |         -1.0 |  0.000004410 -0.000002917, -0.000010962  0.000000332
CONST: 073 | 29 8.43469e-05 -0.000392527 0.000318302 -0.00128276 0.00458001 -0.0029815

ABS:   074 |  0.000084211 -0.000392527  0.000318302 -0.001282761  0.004580014 -0.002981503 |         93.3 |  0.000005115  0.000054333,  0.000001984  0.000556622
DIFF:  074 | -0.000000136  0.000000000  0.000000000  0.000000000  0.000000000  0.000000000 |          0.0 | -0.000000122  0.000000011,  0.000000001 -0.000000000
MOVE:  074 | -0.000000789 -0.000013527  0.000015302  0.000157239  0.000299014 -0.002981503 |         -1.0 |  0.000004288 -0.000002906, -0.000010961  0.000000332
CONST: 074 | 29 8.4211e-05 -0.000392527 0.000318302 -0.00128276 0.00458001 -0.0029815

ABS:   075 |  0.000084279 -0.000392190  0.000318302 -0.001282761  0.004580014 -0.002981503 |         93.3 |  0.000005161  0.000054319,  0.000002043  0.000556628
DIFF:  075 |  0.000000068  0.000000337  0.000000000  0.000000000  0.000000000  0.000000000 |         -0.0 |  0.000000045 -0.000000014,  0.000000059  0.000000006
MOVE:  075 | -0.000000721 -0.000013190  0.000015302  0.000157239  0.000299014 -0.002981503 |         -1.0 |  0.000004333 -0.000002920, -0.000010902  0.000000338
CONST: 075 | 29 8.42789e-05 -0.00039219 0.000318302 -0.00128276 0.00458001 -0.0029815

ABS:   076 |  0.000084279 -0.000392863  0.000318302 -0.001282761  0.004580014 -0.002981503 |         93.3 |  0.000005178  0.000054324,  0.000002077  0.000556729
DIFF:  076 |  0.000000000 -0.000000674  0.000000000  0.000000000  0.000000000  0.000000000 |          0.0 |  0.000000018  0.000000005,  0.000000034  0.000000101
MOVE:  076 | -0.000000721 -0.000013863  0.000015302  0.000157239  0.000299014 -0.002981503 |         -1.0 |  0.000004351 -0.000002914, -0.000010868  0.000000439
CONST: 076 | 29 8.42789e-05 -0.000392863 0.000318302 -0.00128276 0.00458001 -0.0029815

ABS:   077 |  0.000084279 -0.000392493  0.000318302 -0.001282761  0.004580014 -0.002981503 |         93.3 |  0.000005169  0.000054322,  0.000001989  0.000556622
DIFF:  077 |  0.000000000  0.000000370  0.000000000  0.000000000  0.000000000  0.000000000 |         -0.0 | -0.000000010 -0.000000003, -0.000000088 -0.000000106
MOVE:  077 | -0.000000721 -0.000013493  0.000015302  0.000157239  0.000299014 -0.002981503 |         -1.0 |  0.000004341 -0.000002917, -0.000010956  0.000000333
CONST: 077 | 29 8.42789e-05 -0.000392493 0.000318302 -0.00128276 0.00458001 -0.0029815

ABS:   078 |  0.000084279 -0.000392560  0.000318302 -0.001282761  0.004580014 -0.002981503 |         93.3 |  0.000005170  0.000054322,  0.000001977  0.000556621
DIFF:  078 |  0.000000000 -0.000000067  0.000000000  0.000000000  0.000000000  0.000000000 |          0.0 |  0.000000002  0.000000001, -0.000000012 -0.000000001
MOVE:  078 | -0.000000721 -0.000013560  0.000015302  0.000157239  0.000299014 -0.002981503 |         -1.0 |  0.000004343 -0.000002917, -0.000010968  0.000000332
CONST: 078 | 29 8.42789e-05 -0.00039256 0.000318302 -0.00128276 0.00458001 -0.0029815

ABS:   079 |  0.000084279 -0.000392221  0.000318302 -0.001282761  0.004580014 -0.002981503 |         93.3 |  0.000005161  0.000054319,  0.000002038  0.000556627
DIFF:  079 |  0.000000000  0.000000340  0.000000000  0.000000000  0.000000000  0.000000000 |         -0.0 | -0.000000009 -0.000000003,  0.000000060  0.000000006
MOVE:  079 | -0.000000721 -0.000013221  0.000015302  0.000157239  0.000299014 -0.002981503 |         -1.0 |  0.000004334 -0.000002919, -0.000010907  0.000000338
CONST: 079 | 29 8.42789e-05 -0.000392221 0.000318302 -0.00128276 0.00458001 -0.0029815

ABS:   080 |  0.000084279 -0.000392832  0.000318302 -0.001282761  0.004580014 -0.002981503 |         93.3 |  0.000005177  0.000054324,  0.000002083  0.000556729
DIFF:  080 |  0.000000000 -0.000000612  0.000000000  0.000000000  0.000000000  0.000000000 |          0.0 |  0.000000016  0.000000005,  0.000000045  0.000000102
MOVE:  080 | -0.000000721 -0.000013832  0.000015302  0.000157239  0.000299014 -0.002981503 |         -1.0 |  0.000004350 -0.000002915, -0.000010862  0.000000440
CONST: 080 | 29 8.42789e-05 -0.000392832 0.000318302 -0.00128276 0.00458001 -0.0029815

ABS:   081 |  0.000084279 -0.000392527  0.000318624 -0.001282761  0.004580014 -0.002981503 |         93.3 |  0.000005168  0.000054322,  0.000001969  0.000556621
DIFF:  081 |  0.000000000  0.000000306  0.000000322  0.000000000  0.000000000  0.000000000 |         -0.0 | -0.000000009 -0.000000002, -0.000000113 -0.000000108
MOVE:  081 | -0.000000721 -0.000013527  0.000015624  0.000157239  0.000299014 -0.002981503 |         -1.0 |  0.000004341 -0.000002917, -0.000010976  0.000000331
CONST: 081 | 29 8.42789e-05 -0.000392527 0.000318624 -0.00128276 0.00458001 -0.0029815

ABS:   082 |  0.000084279 -0.000392527  0.000317980 -0.001282761  0.004580014 -0.002981503 |         93.3 |  0.000005171  0.000054322,  0.000002306  0.000556622
DIFF:  082 |  0.000000000  0.000000000 -0.000000644  0.000000000  0.000000000  0.000000000 |          0.0 |  0.000000003 -0.000000000,  0.000000336  0.000000001
MOVE:  082 | -0.000000721 -0.000013527  0.000014980  0.000157239  0.000299014 -0.002981503 |         -1.0 |  0.000004344 -0.000002917, -0.000010640  0.000000332
CONST: 082 | 29 8.42789e-05 -0.000392527 0.00031798 -0.00128276 0.00458001 -0.0029815

ABS:   083 |  0.000084279 -0.000392527  0.000318302 -0.001278761  0.004580014 -0.002981503 |         93.3 |  0.000005167  0.000054323,  0.000001756  0.000556624
DIFF:  083 |  0.000000000  0.000000000  0.000000322  0.000004000  0.000000000  0.000000000 |          0.0 | -0.000000004  0.000000001, -0.000000549  0.000000002
MOVE:  083 | -0.000000721 -0.000013527  0.000015302  0.000161239  0.000299014 -0.002981503 |         -1.0 |  0.000004340 -0.000002916, -0.000011189  0.000000334
CONST: 083 | 29 8.42789e-05 -0.000392527 0.000318302 -0.00127876 0.00458001 -0.0029815

ABS:   084 |  0.000084279 -0.000392527  0.000318302 -0.001286761  0.004580014 -0.002981503 |         93.3 |  0.000005171  0.000054321,  0.000002211  0.000556620
DIFF:  084 |  0.000000000  0.000000000  0.000000000 -0.000008000  0.000000000  0.000000000 |         -0.0 |  0.000000004 -0.000000001,  0.000000455 -0.000000004
MOVE:  084 | -0.000000721 -0.000013527  0.000015302  0.000153239  0.000299014 -0.002981503 |         -1.0 |  0.000004344 -0.000002918, -0.000010734  0.000000330
CONST: 084 | 29 8.42789e-05 -0.000392527 0.000318302 -0.00128676 0.00458001 -0.0029815

ABS:   085 |  0.000084279 -0.000392527  0.000318302 -0.001282761  0.004581014 -0.002981503 |         93.3 |  0.000005184  0.000054315,  0.000001986  0.000556622
DIFF:  085 |  0.000000000  0.000000000  0.000000000  0.000004000  0.000001000  0.000000000 |         -0.0 |  0.000000013 -0.000000006, -0.000000225  0.000000002
MOVE:  085 | -0.000000721 -0.000013527  0.000015302  0.000157239  0.000300014 -0.002981503 |         -1.0 |  0.000004357 -0.000002924, -0.000010959  0.000000332
CONST: 085 | 29 8.42789e-05 -0.000392527 0.000318302 -0.00128276 0.00458101 -0.0029815

ABS:   086 |  0.000084279 -0.000392527  0.000318302 -0.001282761  0.004579014 -0.002981503 |         93.3 |  0.000005169  0.000054340,  0.000001981  0.000556622
DIFF:  086 |  0.000000000  0.000000000  0.000000000  0.000000000 -0.000002000  0.000000000 |          0.0 | -0.000000016  0.000000026, -0.000000005 -0.000000000
MOVE:  086 | -0.000000721 -0.000013527  0.000015302  0.000157239  0.000298014 -0.002981503 |         -1.0 |  0.000004341 -0.000002899, -0.000010964  0.000000332
CONST: 086 | 29 8.42789e-05 -0.000392527 0.000318302 -0.00128276 0.00457901 -0.0029815

ABS:   087 |  0.000084279 -0.000392527  0.000318302 -0.001282761  0.004580114 -0.002981503 |         93.3 |  0.000005171  0.000054321,  0.000001984  0.000556622
DIFF:  087 |  0.000000000  0.000000000  0.000000000  0.000000000  0.000001100  0.000000000 |         -0.0 |  0.000000002 -0.000000019,  0.000000003  0.000000000
MOVE:  087 | -0.000000721 -0.000013527  0.000015302  0.000157239  0.000299114 -0.002981503 |         -1.0 |  0.000004344 -0.000002918, -0.000010961  0.000000332
CONST: 087 | 29 8.42789e-05 -0.000392527 0.000318302 -0.00128276 0.00458011 -0.0029815

ABS:   088 |  0.000084279 -0.000392527  0.000318302 -0.001282761  0.004579914 -0.002981503 |         93.3 |  0.000005168  0.000054323,  0.000001983  0.000556622
DIFF:  088 |  0.000000000  0.000000000  0.000000000  0.000000000 -0.000000200  0.000000000 |          0.0 | -0.000000003  0.000000001, -0.000000000 -0.000000000
MOVE:  088 | -0.000000721 -0.000013527  0.000015302  0.000157239  0.000298914 -0.002981503 |         -1.0 |  0.000004341 -0.000002916, -0.000010962  0.000000332
CONST: 088 | 29 8.42789e-05 -0.000392527 0.000318302 -0.00128276 0.00457991 -0.0029815

ABS:   089 |  0.000084279 -0.000392527  0.000318302 -0.001282761  0.004581014 -0.002981503 |         93.3 |  0.000005184  0.000054315,  0.000001986  0.000556622
DIFF:  089 |  0.000000000  0.000000000  0.000000000  0.000000000  0.000001100  0.000000000 |         -0.0 |  0.000000016 -0.000000008,  0.000000003  0.000000000
MOVE:  089 | -0.000000721 -0.000013527  0.000015302  0.000157239  0.000300014 -0.002981503 |         -1.0 |  0.000004357 -0.000002924, -0.000010959  0.000000332
CONST: 089 | 29 8.42789e-05 -0.000392527 0.000318302 -0.00128276 0.00458101 -0.0029815

ABS:   090 |  0.000084279 -0.000392527  0.000318302 -0.001282761  0.004579014 -0.002981503 |         93.3 |  0.000005169  0.000054340,  0.000001981  0.000556622
DIFF:  090 |  0.000000000  0.000000000  0.000000000  0.000000000 -0.000002000  0.000000000 |          0.0 | -0.000000016  0.000000026, -0.000000005 -0.000000000
MOVE:  090 | -0.000000721 -0.000013527  0.000015302  0.000157239  0.000298014 -0.002981503 |         -1.0 |  0.000004341 -0.000002899, -0.000010964  0.000000332
CONST: 090 | 29 8.42789e-05 -0.000392527 0.000318302 -0.00128276 0.00457901 -0.0029815

ABS:   091 |  0.000084279 -0.000392527  0.000318302 -0.001282761  0.004580014 -0.002938888 |         93.3 |  0.000005144  0.000054322,  0.000002129  0.000556740
DIFF:  091 |  0.000000000  0.000000000  0.000000000  0.000000000  0.000001000  0.000042614 |          0.0 | -0.000000024 -0.000000019,  0.000000148  0.000000118
MOVE:  091 | -0.000000721 -0.000013527  0.000015302  0.000157239  0.000299014 -0.002938888 |         -1.0 |  0.000004317 -0.000002917, -0.000010816  0.000000451
CONST: 091 | 29 8.42789e-05 -0.000392527 0.000318302 -0.00128276 0.00458001 -0.00293889

ABS:   092 |  0.000084279 -0.000392527  0.000318302 -0.001282761  0.004580014 -0.003024115 |         93.3 |  0.000005194  0.000054322,  0.000001991  0.000556616
DIFF:  092 |  0.000000000  0.000000000  0.000000000  0.000000000  0.000000000 -0.000085227 |         -0.0 |  0.000000050  0.000000000, -0.000000138 -0.000000124
MOVE:  092 | -0.000000721 -0.000013527  0.000015302  0.000157239  0.000299014 -0.003024115 |         -1.0 |  0.000004367 -0.000002917, -0.000010954  0.000000326
CONST: 092 | 29 8.42789e-05 -0.000392527 0.000318302 -0.00128276 0.00458001 -0.00302411

ABS:   093 |  0.000084279 -0.000392527  0.000318302 -0.001282761  0.004580014 -0.002977241 |         93.3 |  0.000005167  0.000054322,  0.000001983  0.000556622
DIFF:  093 |  0.000000000  0.000000000  0.000000000  0.000000000  0.000000000  0.000046874 |          0.0 | -0.000000027 -0.000000000, -0.000000009  0.000000006
MOVE:  093 | -0.000000721 -0.000013527  0.000015302  0.000157239  0.000299014 -0.002977241 |         -1.0 |  0.000004340 -0.000002917, -0.000010963  0.000000333
CONST: 093 | 29 8.42789e-05 -0.000392527 0.000318302 -0.00128276 0.00458001 -0.00297724

