ABS:   itr |       deltaX       deltaY       deltaZ         phiX         phiY         phiZ |        chisq |    rphi mean     rphi rms,       z mean        z rms
ABS:   =========================================================================================================================================================
DIFF:  itr |       deltaX       deltaY       deltaZ         phiX         phiY         phiZ |        chisq |    rphi mean     rphi rms,       z mean        z rms
DIFF:  =========================================================================================================================================================
MOVE:  itr |       deltaX       deltaY       deltaZ         phiX         phiY         phiZ |        chisq |    rphi mean     rphi rms,       z mean        z rms
MOVE:  =========================================================================================================================================================
ABS:   001 |  0.000027000 -0.000090000  0.000197000 -0.000480000 -0.000636000  0.000000000 |         52.5 | -0.000042510  0.000043864, -0.000020863  0.000565386
CONST: 001 | 7 2.7e-05 -9e-05 0.000197 -0.00048 -0.000636 0

ABS:   001 |  0.000027000 -0.000090000  0.000197000 -0.000480000 -0.000636000  0.000000000 |         52.5 | -0.000042510  0.000043864, -0.000020863  0.000565386
CONST: 001 | 7 2.7e-05 -9e-05 0.000197 -0.00048 -0.000636 0

ABS:   002 |  0.000027100 -0.000090000  0.000197000 -0.000480000 -0.000636000  0.000000000 |         52.5 | -0.000042410  0.000043864, -0.000020863  0.000565386
DIFF:  002 |  0.000000100 -0.000000000 -0.000000000 -0.000000000  0.000000000  0.000000000 |         -0.0 |  0.000000100  0.000000000,  0.000000000 -0.000000000
MOVE:  002 |  0.000000100 -0.000000000 -0.000000000 -0.000000000  0.000000000  0.000000000 |         -0.0 |  0.000000100  0.000000000,  0.000000000 -0.000000000
CONST: 002 | 7 2.71e-05 -9e-05 0.000197 -0.00048 -0.000636 0

ABS:   003 |  0.000026900 -0.000090000  0.000197000 -0.000480000 -0.000636000  0.000000000 |         52.5 | -0.000042610  0.000043864, -0.000020863  0.000565386
DIFF:  003 | -0.000000200  0.000000000  0.000000000  0.000000000  0.000000000  0.000000000 |          0.0 | -0.000000200  0.000000000, -0.000000000 -0.000000000
MOVE:  003 | -0.000000100 -0.000000000 -0.000000000 -0.000000000  0.000000000  0.000000000 |          0.0 | -0.000000100  0.000000000, -0.000000000 -0.000000000
CONST: 003 | 7 2.69e-05 -9e-05 0.000197 -0.00048 -0.000636 0

ABS:   004 |  0.000028000 -0.000090000  0.000197000 -0.000480000 -0.000636000  0.000000000 |         52.5 | -0.000041510  0.000043864, -0.000020863  0.000565386
DIFF:  004 |  0.000001100  0.000000000  0.000000000  0.000000000  0.000000000  0.000000000 |         -0.0 |  0.000001100 -0.000000000,  0.000000001  0.000000000
MOVE:  004 |  0.000001000 -0.000000000 -0.000000000 -0.000000000  0.000000000  0.000000000 |         -0.0 |  0.000001000  0.000000000,  0.000000001  0.000000000
CONST: 004 | 7 2.8e-05 -9e-05 0.000197 -0.00048 -0.000636 0

ABS:   005 |  0.000026000 -0.000090000  0.000197000 -0.000480000 -0.000636000  0.000000000 |         52.5 | -0.000043510  0.000043864, -0.000020864  0.000565386
DIFF:  005 | -0.000002000  0.000000000  0.000000000  0.000000000  0.000000000  0.000000000 |          0.0 | -0.000002000  0.000000000, -0.000000001  0.000000000
MOVE:  005 | -0.000001000 -0.000000000 -0.000000000 -0.000000000  0.000000000  0.000000000 |          0.0 | -0.000001000  0.000000000, -0.000000001  0.000000000
CONST: 005 | 7 2.6e-05 -9e-05 0.000197 -0.00048 -0.000636 0

ABS:   006 |  0.000027000 -0.000089900  0.000197000 -0.000480000 -0.000636000  0.000000000 |         52.5 | -0.000042526  0.000043867, -0.000020866  0.000565389
DIFF:  006 |  0.000001000  0.000000100  0.000000000  0.000000000  0.000000000  0.000000000 |         -0.0 |  0.000000984  0.000000003, -0.000000002  0.000000003
MOVE:  006 |  0.000000000  0.000000100 -0.000000000 -0.000000000  0.000000000  0.000000000 |          0.0 | -0.000000016  0.000000003, -0.000000003  0.000000003
CONST: 006 | 7 2.7e-05 -8.99e-05 0.000197 -0.00048 -0.000636 0

ABS:   007 |  0.000027000 -0.000090100  0.000197000 -0.000480000 -0.000636000  0.000000000 |         52.5 | -0.000042493  0.000043862, -0.000021095  0.000565546
DIFF:  007 |  0.000000000 -0.000000200  0.000000000  0.000000000  0.000000000  0.000000000 |          0.0 |  0.000000032 -0.000000006, -0.000000228  0.000000157
MOVE:  007 |  0.000000000 -0.000000100 -0.000000000 -0.000000000  0.000000000  0.000000000 |          0.0 |  0.000000016 -0.000000003, -0.000000231  0.000000160
CONST: 007 | 7 2.7e-05 -9.01e-05 0.000197 -0.00048 -0.000636 0

ABS:   008 |  0.000027000 -0.000089990  0.000197000 -0.000480000 -0.000636000  0.000000000 |         52.5 | -0.000042511  0.000043865, -0.000020863  0.000565386
DIFF:  008 |  0.000000000  0.000000110  0.000000000  0.000000000  0.000000000  0.000000000 |         -0.0 | -0.000000018  0.000000003,  0.000000231 -0.000000159
MOVE:  008 |  0.000000000  0.000000010 -0.000000000 -0.000000000  0.000000000  0.000000000 |          0.0 | -0.000000002  0.000000000, -0.000000000  0.000000000
CONST: 008 | 7 2.7e-05 -8.999e-05 0.000197 -0.00048 -0.000636 0

ABS:   009 |  0.000027000 -0.000090010  0.000197000 -0.000480000 -0.000636000  0.000000000 |         52.5 | -0.000042508  0.000043864, -0.000020863  0.000565386
DIFF:  009 |  0.000000000 -0.000000020  0.000000000  0.000000000  0.000000000  0.000000000 |         -0.0 |  0.000000003 -0.000000001,  0.000000001 -0.000000001
MOVE:  009 |  0.000000000 -0.000000010 -0.000000000 -0.000000000  0.000000000  0.000000000 |         -0.0 |  0.000000002 -0.000000000,  0.000000000 -0.000000000
CONST: 009 | 7 2.7e-05 -9.001e-05 0.000197 -0.00048 -0.000636 0

ABS:   010 |  0.000027000 -0.000089900  0.000197000 -0.000480000 -0.000636000  0.000000000 |         52.5 | -0.000042526  0.000043867, -0.000020866  0.000565389
DIFF:  010 |  0.000000000  0.000000110  0.000000000  0.000000000  0.000000000  0.000000000 |          0.0 | -0.000000018  0.000000003, -0.000000003  0.000000003
MOVE:  010 |  0.000000000  0.000000100 -0.000000000 -0.000000000  0.000000000  0.000000000 |          0.0 | -0.000000016  0.000000003, -0.000000003  0.000000003
CONST: 010 | 7 2.7e-05 -8.99e-05 0.000197 -0.00048 -0.000636 0

ABS:   011 |  0.000027000 -0.000090100  0.000197000 -0.000480000 -0.000636000  0.000000000 |         52.5 | -0.000042493  0.000043862, -0.000021095  0.000565546
DIFF:  011 |  0.000000000 -0.000000200  0.000000000  0.000000000  0.000000000  0.000000000 |          0.0 |  0.000000032 -0.000000006, -0.000000228  0.000000157
MOVE:  011 |  0.000000000 -0.000000100 -0.000000000 -0.000000000  0.000000000  0.000000000 |          0.0 |  0.000000016 -0.000000003, -0.000000231  0.000000160
CONST: 011 | 7 2.7e-05 -9.01e-05 0.000197 -0.00048 -0.000636 0

ABS:   012 |  0.000027000 -0.000090000  0.000202002 -0.000480000 -0.000636000  0.000000000 |         52.5 | -0.000042506  0.000043864, -0.000024197  0.000565281
DIFF:  012 |  0.000000000  0.000000100  0.000005002  0.000000000  0.000000000  0.000000000 |         -0.0 | -0.000000013  0.000000003, -0.000003102 -0.000000265
MOVE:  012 |  0.000000000 -0.000000000  0.000005002 -0.000000000  0.000000000  0.000000000 |         -0.0 |  0.000000004 -0.000000000, -0.000003334 -0.000000105
CONST: 012 | 7 2.7e-05 -9e-05 0.000202002 -0.00048 -0.000636 0

ABS:   013 |  0.000027000 -0.000090000  0.000191998 -0.000480000 -0.000636000  0.000000000 |         52.5 | -0.000042513  0.000043865, -0.000020152  0.000565578
DIFF:  013 |  0.000000000  0.000000000 -0.000010004  0.000000000  0.000000000  0.000000000 |          0.1 | -0.000000007  0.000000000,  0.000004045  0.000000297
MOVE:  013 |  0.000000000 -0.000000000 -0.000005002 -0.000000000  0.000000000  0.000000000 |          0.1 | -0.000000004  0.000000000,  0.000000711  0.000000192
CONST: 013 | 7 2.7e-05 -9e-05 0.000191998 -0.00048 -0.000636 0

ABS:   014 |  0.000027000 -0.000090000  0.000197500 -0.000480000 -0.000636000  0.000000000 |         52.5 | -0.000042509  0.000043864, -0.000021363  0.000565386
DIFF:  014 |  0.000000000  0.000000000  0.000005502  0.000000000  0.000000000  0.000000000 |         -0.1 |  0.000000004 -0.000000000, -0.000001211 -0.000000192
MOVE:  014 |  0.000000000 -0.000000000  0.000000500 -0.000000000  0.000000000  0.000000000 |          0.0 |  0.000000000 -0.000000000, -0.000000500 -0.000000000
CONST: 014 | 7 2.7e-05 -9e-05 0.0001975 -0.00048 -0.000636 0

ABS:   015 |  0.000027000 -0.000090000  0.000196500 -0.000480000 -0.000636000  0.000000000 |         52.5 | -0.000042510  0.000043864, -0.000020597  0.000565548
DIFF:  015 |  0.000000000  0.000000000 -0.000001000  0.000000000  0.000000000  0.000000000 |          0.0 | -0.000000001  0.000000000,  0.000000766  0.000000162
MOVE:  015 |  0.000000000 -0.000000000 -0.000000500 -0.000000000  0.000000000  0.000000000 |          0.0 | -0.000000000  0.000000000,  0.000000266  0.000000162
CONST: 015 | 7 2.7e-05 -9e-05 0.0001965 -0.00048 -0.000636 0

ABS:   016 |  0.000027000 -0.000090000  0.000197050 -0.000480000 -0.000636000  0.000000000 |         52.5 | -0.000042510  0.000043864, -0.000020913  0.000565386
DIFF:  016 |  0.000000000  0.000000000  0.000000550  0.000000000  0.000000000  0.000000000 |         -0.0 |  0.000000000 -0.000000000, -0.000000316 -0.000000162
MOVE:  016 |  0.000000000 -0.000000000  0.000000050 -0.000000000  0.000000000  0.000000000 |          0.0 |  0.000000000 -0.000000000, -0.000000050 -0.000000000
CONST: 016 | 7 2.7e-05 -9e-05 0.00019705 -0.00048 -0.000636 0

ABS:   017 |  0.000027000 -0.000090000  0.000196950 -0.000480000 -0.000636000  0.000000000 |         52.5 | -0.000042510  0.000043864, -0.000020813  0.000565386
DIFF:  017 |  0.000000000  0.000000000 -0.000000100  0.000000000  0.000000000  0.000000000 |         -0.0 | -0.000000000  0.000000000,  0.000000100  0.000000000
MOVE:  017 |  0.000000000 -0.000000000 -0.000000050 -0.000000000  0.000000000  0.000000000 |         -0.0 | -0.000000000  0.000000000,  0.000000050  0.000000000
CONST: 017 | 7 2.7e-05 -9e-05 0.00019695 -0.00048 -0.000636 0

ABS:   018 |  0.000027000 -0.000090000  0.000197000 -0.000476000 -0.000636000  0.000000000 |         52.5 | -0.000042514  0.000043864, -0.000020936  0.000565386
DIFF:  018 |  0.000000000  0.000000000  0.000000050  0.000004000  0.000000000  0.000000000 |          0.0 | -0.000000004 -0.000000000, -0.000000123  0.000000000
MOVE:  018 |  0.000000000 -0.000000000 -0.000000000  0.000004000  0.000000000  0.000000000 |          0.0 | -0.000000004 -0.000000000, -0.000000073  0.000000000
CONST: 018 | 7 2.7e-05 -9e-05 0.000197 -0.000476 -0.000636 0

ABS:   019 |  0.000027000 -0.000090000  0.000197000 -0.000484000 -0.000636000  0.000000000 |         52.5 | -0.000042505  0.000043865, -0.000021024  0.000565548
DIFF:  019 |  0.000000000  0.000000000  0.000000000 -0.000008000  0.000000000  0.000000000 |          0.0 |  0.000000009  0.000000000, -0.000000088  0.000000162
MOVE:  019 |  0.000000000 -0.000000000 -0.000000000 -0.000004000  0.000000000  0.000000000 |          0.0 |  0.000000004  0.000000000, -0.000000161  0.000000162
CONST: 019 | 7 2.7e-05 -9e-05 0.000197 -0.000484 -0.000636 0

ABS:   020 |  0.000027000 -0.000090000  0.000197000 -0.000479600 -0.000636000  0.000000000 |         52.5 | -0.000042510  0.000043864, -0.000020870  0.000565386
DIFF:  020 |  0.000000000  0.000000000  0.000000000  0.000004400  0.000000000  0.000000000 |         -0.0 | -0.000000005 -0.000000000,  0.000000154 -0.000000162
MOVE:  020 |  0.000000000 -0.000000000 -0.000000000  0.000000400  0.000000000  0.000000000 |          0.0 | -0.000000000 -0.000000000, -0.000000007  0.000000000
CONST: 020 | 7 2.7e-05 -9e-05 0.000197 -0.0004796 -0.000636 0

ABS:   021 |  0.000027000 -0.000090000  0.000197000 -0.000480400 -0.000636000  0.000000000 |         52.5 | -0.000042509  0.000043864, -0.000020856  0.000565386
DIFF:  021 |  0.000000000  0.000000000  0.000000000 -0.000000800  0.000000000  0.000000000 |         -0.0 |  0.000000001  0.000000000,  0.000000015 -0.000000000
MOVE:  021 |  0.000000000 -0.000000000 -0.000000000 -0.000000400  0.000000000  0.000000000 |         -0.0 |  0.000000000  0.000000000,  0.000000007 -0.000000000
CONST: 021 | 7 2.7e-05 -9e-05 0.000197 -0.0004804 -0.000636 0

ABS:   022 |  0.000027000 -0.000090000  0.000197000 -0.000476000 -0.000636000  0.000000000 |         52.5 | -0.000042514  0.000043864, -0.000020936  0.000565386
DIFF:  022 |  0.000000000  0.000000000  0.000000000  0.000004400  0.000000000  0.000000000 |          0.0 | -0.000000005 -0.000000000, -0.000000080  0.000000000
MOVE:  022 |  0.000000000 -0.000000000 -0.000000000  0.000004000  0.000000000  0.000000000 |          0.0 | -0.000000004 -0.000000000, -0.000000073  0.000000000
CONST: 022 | 7 2.7e-05 -9e-05 0.000197 -0.000476 -0.000636 0

ABS:   023 |  0.000027000 -0.000090000  0.000197000 -0.000484000 -0.000636000  0.000000000 |         52.5 | -0.000042505  0.000043865, -0.000021024  0.000565548
DIFF:  023 |  0.000000000  0.000000000  0.000000000 -0.000008000  0.000000000  0.000000000 |          0.0 |  0.000000009  0.000000000, -0.000000088  0.000000162
MOVE:  023 |  0.000000000 -0.000000000 -0.000000000 -0.000004000  0.000000000  0.000000000 |          0.0 |  0.000000004  0.000000000, -0.000000161  0.000000162
CONST: 023 | 7 2.7e-05 -9e-05 0.000197 -0.000484 -0.000636 0

ABS:   024 |  0.000027000 -0.000090000  0.000197000 -0.000480000 -0.000625999  0.000000000 |         52.5 | -0.000042596  0.000043860, -0.000021072  0.000565549
DIFF:  024 |  0.000000000  0.000000000  0.000000000  0.000004000  0.000010001  0.000000000 |          0.0 | -0.000000091 -0.000000004, -0.000000048  0.000000000
MOVE:  024 |  0.000000000 -0.000000000 -0.000000000 -0.000000000  0.000010001  0.000000000 |          0.0 | -0.000000087 -0.000000004, -0.000000209  0.000000163
CONST: 024 | 7 2.7e-05 -9e-05 0.000197 -0.00048 -0.000625999 0

ABS:   025 |  0.000027000 -0.000090000  0.000197000 -0.000480000 -0.000646001  0.000000000 |         52.5 | -0.000042423  0.000043869, -0.000020888  0.000565386
DIFF:  025 |  0.000000000  0.000000000  0.000000000  0.000000000 -0.000020001  0.000000000 |         -0.0 |  0.000000173  0.000000009,  0.000000184 -0.000000163
MOVE:  025 |  0.000000000 -0.000000000 -0.000000000 -0.000000000 -0.000010001  0.000000000 |          0.0 |  0.000000087  0.000000005, -0.000000025 -0.000000000
CONST: 025 | 7 2.7e-05 -9e-05 0.000197 -0.00048 -0.000646001 0

ABS:   026 |  0.000027000 -0.000090000  0.000197000 -0.000480000 -0.000635000  0.000000000 |         52.5 | -0.000042518  0.000043864, -0.000020861  0.000565386
DIFF:  026 |  0.000000000  0.000000000  0.000000000  0.000000000  0.000011001  0.000000000 |         -0.0 | -0.000000095 -0.000000005,  0.000000028  0.000000000
MOVE:  026 |  0.000000000 -0.000000000 -0.000000000 -0.000000000  0.000001000  0.000000000 |         -0.0 | -0.000000009 -0.000000000,  0.000000003  0.000000000
CONST: 026 | 7 2.7e-05 -9e-05 0.000197 -0.00048 -0.000635 0

ABS:   027 |  0.000027000 -0.000090000  0.000197000 -0.000480000 -0.000637000  0.000000000 |         52.5 | -0.000042501  0.000043865, -0.000020866  0.000565386
DIFF:  027 |  0.000000000  0.000000000  0.000000000  0.000000000 -0.000002000  0.000000000 |          0.0 |  0.000000017  0.000000001, -0.000000005 -0.000000000
MOVE:  027 |  0.000000000 -0.000000000 -0.000000000 -0.000000000 -0.000001000  0.000000000 |          0.0 |  0.000000009  0.000000000, -0.000000003 -0.000000000
CONST: 027 | 7 2.7e-05 -9e-05 0.000197 -0.00048 -0.000637 0

ABS:   028 |  0.000027000 -0.000090000  0.000197000 -0.000480000 -0.000625999  0.000000000 |         52.5 | -0.000042596  0.000043860, -0.000021072  0.000565549
DIFF:  028 |  0.000000000  0.000000000  0.000000000  0.000000000  0.000011001  0.000000000 |          0.0 | -0.000000095 -0.000000005, -0.000000207  0.000000163
MOVE:  028 |  0.000000000 -0.000000000 -0.000000000 -0.000000000  0.000010001  0.000000000 |          0.0 | -0.000000087 -0.000000004, -0.000000209  0.000000163
CONST: 028 | 7 2.7e-05 -9e-05 0.000197 -0.00048 -0.000625999 0

ABS:   029 |  0.000027000 -0.000090000  0.000197000 -0.000480000 -0.000646001  0.000000000 |         52.5 | -0.000042423  0.000043869, -0.000020888  0.000565386
DIFF:  029 |  0.000000000  0.000000000  0.000000000  0.000000000 -0.000020001  0.000000000 |         -0.0 |  0.000000173  0.000000009,  0.000000184 -0.000000163
MOVE:  029 |  0.000000000 -0.000000000 -0.000000000 -0.000000000 -0.000010001  0.000000000 |          0.0 |  0.000000087  0.000000005, -0.000000025 -0.000000000
CONST: 029 | 7 2.7e-05 -9e-05 0.000197 -0.00048 -0.000646001 0

ABS:   030 |  0.000027000 -0.000090000  0.000197000 -0.000480000 -0.000636000  0.000002000 |         52.5 | -0.000042512  0.000043865, -0.000020863  0.000565386
DIFF:  030 |  0.000000000  0.000000000  0.000000000  0.000000000  0.000010001  0.000002000 |         -0.0 | -0.000000089 -0.000000004,  0.000000025 -0.000000000
MOVE:  030 |  0.000000000 -0.000000000 -0.000000000 -0.000000000  0.000000000  0.000002000 |         -0.0 | -0.000000003  0.000000001, -0.000000000 -0.000000001
CONST: 030 | 7 2.7e-05 -9e-05 0.000197 -0.00048 -0.000636 2.00001e-06

ABS:   031 |  0.000027000 -0.000090000  0.000197000 -0.000480000 -0.000636000 -0.000002000 |         52.5 | -0.000042507  0.000043864, -0.000020863  0.000565387
DIFF:  031 |  0.000000000  0.000000000  0.000000000  0.000000000  0.000000000 -0.000004000 |          0.0 |  0.000000005 -0.000000002,  0.000000000  0.000000001
MOVE:  031 |  0.000000000 -0.000000000 -0.000000000 -0.000000000  0.000000000 -0.000002000 |          0.0 |  0.000000003 -0.000000001,  0.000000000  0.000000001
CONST: 031 | 7 2.7e-05 -9e-05 0.000197 -0.00048 -0.000636 -2.00001e-06

ABS:   032 |  0.000027000 -0.000090000  0.000197000 -0.000480000 -0.000636000  0.000020000 |         52.5 | -0.000042536  0.000043874, -0.000020864  0.000565381
DIFF:  032 |  0.000000000  0.000000000  0.000000000  0.000000000  0.000000000  0.000022000 |         -0.0 | -0.000000029  0.000000010, -0.000000001 -0.000000006
MOVE:  032 |  0.000000000 -0.000000000 -0.000000000 -0.000000000  0.000000000  0.000020000 |         -0.0 | -0.000000026  0.000000010, -0.000000001 -0.000000005
CONST: 032 | 7 2.7e-05 -9e-05 0.000197 -0.00048 -0.000636 2.00001e-05

ABS:   033 |  0.000027000 -0.000090000  0.000197000 -0.000480000 -0.000636000 -0.000020000 |         52.5 | -0.000042484  0.000043855, -0.000021097  0.000565553
DIFF:  033 |  0.000000000  0.000000000  0.000000000  0.000000000  0.000000000 -0.000040000 |          0.0 |  0.000000052 -0.000000019, -0.000000233  0.000000172
MOVE:  033 |  0.000000000 -0.000000000 -0.000000000 -0.000000000  0.000000000 -0.000020000 |          0.0 |  0.000000026 -0.000000010, -0.000000234  0.000000167
CONST: 033 | 7 2.7e-05 -9e-05 0.000197 -0.00048 -0.000636 -2.00001e-05

ABS:   034 |  0.000027000 -0.000090000  0.000197000 -0.000480000 -0.000636000  0.000002000 |         52.5 | -0.000042512  0.000043865, -0.000020863  0.000565386
DIFF:  034 |  0.000000000  0.000000000  0.000000000  0.000000000  0.000000000  0.000022000 |         -0.0 | -0.000000029  0.000000010,  0.000000233 -0.000000168
MOVE:  034 |  0.000000000 -0.000000000 -0.000000000 -0.000000000  0.000000000  0.000002000 |         -0.0 | -0.000000003  0.000000001, -0.000000000 -0.000000001
CONST: 034 | 7 2.7e-05 -9e-05 0.000197 -0.00048 -0.000636 2.00001e-06

ABS:   035 |  0.000027000 -0.000090000  0.000197000 -0.000480000 -0.000636000 -0.000002000 |         52.5 | -0.000042507  0.000043864, -0.000020863  0.000565387
DIFF:  035 |  0.000000000  0.000000000  0.000000000  0.000000000  0.000000000 -0.000004000 |          0.0 |  0.000000005 -0.000000002,  0.000000000  0.000000001
MOVE:  035 |  0.000000000 -0.000000000 -0.000000000 -0.000000000  0.000000000 -0.000002000 |          0.0 |  0.000000003 -0.000000001,  0.000000000  0.000000001
CONST: 035 | 7 2.7e-05 -9e-05 0.000197 -0.00048 -0.000636 -2.00001e-06

ABS:   036 |  0.000069779 -0.000089951  0.000176145 -0.000478048 -0.000640986  0.006874872 |         52.5 | -0.000025149  0.000054846, -0.000013063  0.000565227
DIFF:  036 |  0.000042779  0.000000049 -0.000020855  0.000001952 -0.000004986  0.006876872 |          0.0 |  0.000017358  0.000010983,  0.000007800 -0.000000160
MOVE:  036 |  0.000042779  0.000000049 -0.000020855  0.000001952 -0.000004986  0.006874872 |          0.0 |  0.000017360  0.000010982,  0.000007800 -0.000000159
CONST: 036 | 7 6.9779e-05 -8.99512e-05 0.000176145 -0.000478048 -0.000640986 0.00687487

ABS:   037 |  0.000046631 -0.000089978  0.000187432 -0.000479104 -0.000638287  0.003161918 |         52.8 | -0.000043457  0.000053456, -0.000019468  0.000566386
DIFF:  037 | -0.000023148 -0.000000026  0.000011287 -0.000001057  0.000002698 -0.003712954 |          0.3 | -0.000018307 -0.000001390, -0.000006405  0.000001159
MOVE:  037 |  0.000019631  0.000000022 -0.000009568  0.000000896 -0.000002287  0.003161918 |          0.3 | -0.000000947  0.000009592,  0.000001395  0.000001000
CONST: 037 | 7 4.66306e-05 -8.99776e-05 0.000187432 -0.000479104 -0.000638287 0.00316192

ABS:   038 |  0.000031121 -0.000089995  0.000194991 -0.000479812 -0.000636480  0.000664199 |         52.7 | -0.000039249  0.000044186, -0.000020057  0.000566034
DIFF:  038 | -0.000015509 -0.000000018  0.000007559 -0.000000708  0.000001807 -0.002497719 |         -0.2 |  0.000004208 -0.000009270, -0.000000588 -0.000000352
MOVE:  038 |  0.000004121  0.000000005 -0.000002009  0.000000188 -0.000000480  0.000664199 |          0.2 |  0.000003261  0.000000321,  0.000000807  0.000000648
CONST: 038 | 7 3.11213e-05 -8.99953e-05 0.000194991 -0.000479812 -0.00063648 0.000664199

ABS:   039 |  0.000027469 -0.000089999  0.000196771 -0.000479979 -0.000636055  0.000075583 |         52.5 | -0.000042139  0.000043901, -0.000020638  0.000565367
DIFF:  039 | -0.000003652 -0.000000004  0.000001780 -0.000000167  0.000000426 -0.000588617 |         -0.2 | -0.000002890 -0.000000285, -0.000000582 -0.000000667
MOVE:  039 |  0.000000469  0.000000001 -0.000000229  0.000000021 -0.000000055  0.000075583 |         -0.0 |  0.000000371  0.000000036,  0.000000225 -0.000000019
CONST: 039 | 7 2.7469e-05 -8.99995e-05 0.000196771 -0.000479979 -0.000636055 7.55826e-05

ABS:   040 |  0.000028756 -0.000089999  0.000196771 -0.000479979 -0.000636055  0.000075583 |         52.5 | -0.000040851  0.000043901, -0.000020637  0.000565367
DIFF:  040 |  0.000001287  0.000000000  0.000000000  0.000000000  0.000000000  0.000000000 |         -0.0 |  0.000001287 -0.000000000,  0.000000001 -0.000000000
MOVE:  040 |  0.000001756  0.000000001 -0.000000229  0.000000021 -0.000000055  0.000075583 |         -0.0 |  0.000001659  0.000000036,  0.000000226 -0.000000019
CONST: 040 | 7 2.87564e-05 -8.99995e-05 0.000196771 -0.000479979 -0.000636055 7.55826e-05

ABS:   041 |  0.000026182 -0.000089999  0.000196771 -0.000479979 -0.000636055  0.000075583 |         52.5 | -0.000043426  0.000043901, -0.000020639  0.000565367
DIFF:  041 | -0.000002575  0.000000000  0.000000000  0.000000000  0.000000000  0.000000000 |          0.0 | -0.000002575  0.000000000, -0.000000002  0.000000000
MOVE:  041 | -0.000000818  0.000000001 -0.000000229  0.000000021 -0.000000055  0.000075583 |         -0.0 | -0.000000916  0.000000036,  0.000000224 -0.000000019
CONST: 041 | 7 2.61815e-05 -8.99995e-05 0.000196771 -0.000479979 -0.000636055 7.55826e-05

ABS:   042 |  0.000027469 -0.000089989  0.000196771 -0.000479979 -0.000636055  0.000075583 |         52.5 | -0.000042140  0.000043901, -0.000020638  0.000565367
DIFF:  042 |  0.000001287  0.000000010  0.000000000  0.000000000  0.000000000  0.000000000 |         -0.0 |  0.000001286  0.000000000,  0.000000001  0.000000000
MOVE:  042 |  0.000000469  0.000000011 -0.000000229  0.000000021 -0.000000055  0.000075583 |         -0.0 |  0.000000370  0.000000036,  0.000000225 -0.000000019
CONST: 042 | 7 2.7469e-05 -8.99895e-05 0.000196771 -0.000479979 -0.000636055 7.55826e-05

ABS:   043 |  0.000027469 -0.000090009  0.000196771 -0.000479979 -0.000636055  0.000075583 |         52.5 | -0.000042137  0.000043900, -0.000020638  0.000565367
DIFF:  043 |  0.000000000 -0.000000020  0.000000000  0.000000000  0.000000000  0.000000000 |         -0.0 |  0.000000003 -0.000000001,  0.000000001 -0.000000001
MOVE:  043 |  0.000000469 -0.000000009 -0.000000229  0.000000021 -0.000000055  0.000075583 |         -0.0 |  0.000000373  0.000000036,  0.000000225 -0.000000020
CONST: 043 | 7 2.7469e-05 -9.00095e-05 0.000196771 -0.000479979 -0.000636055 7.55826e-05

ABS:   044 |  0.000027469 -0.000089899  0.000196771 -0.000479979 -0.000636055  0.000075583 |         52.5 | -0.000042155  0.000043904, -0.000020641  0.000565369
DIFF:  044 |  0.000000000  0.000000110  0.000000000  0.000000000  0.000000000  0.000000000 |          0.0 | -0.000000018  0.000000003, -0.000000003  0.000000003
MOVE:  044 |  0.000000469  0.000000101 -0.000000229  0.000000021 -0.000000055  0.000075583 |         -0.0 |  0.000000355  0.000000039,  0.000000222 -0.000000017
CONST: 044 | 7 2.7469e-05 -8.98995e-05 0.000196771 -0.000479979 -0.000636055 7.55826e-05

ABS:   045 |  0.000027469 -0.000090099  0.000196771 -0.000479979 -0.000636055  0.000075583 |         52.5 | -0.000042122  0.000043898, -0.000020635  0.000565364
DIFF:  045 |  0.000000000 -0.000000200  0.000000000  0.000000000  0.000000000  0.000000000 |         -0.0 |  0.000000032 -0.000000006,  0.000000006 -0.000000005
MOVE:  045 |  0.000000469 -0.000000099 -0.000000229  0.000000021 -0.000000055  0.000075583 |         -0.0 |  0.000000387  0.000000033,  0.000000228 -0.000000022
CONST: 045 | 7 2.7469e-05 -9.00995e-05 0.000196771 -0.000479979 -0.000636055 7.55826e-05

ABS:   046 |  0.000027469 -0.000089999  0.000197050 -0.000479979 -0.000636055  0.000075583 |         52.5 | -0.000042138  0.000043901, -0.000020917  0.000565367
DIFF:  046 |  0.000000000  0.000000100  0.000000279  0.000000000  0.000000000  0.000000000 |          0.0 | -0.000000016  0.000000003, -0.000000282  0.000000003
MOVE:  046 |  0.000000469  0.000000001  0.000000050  0.000000021 -0.000000055  0.000075583 |         -0.0 |  0.000000371  0.000000036, -0.000000054 -0.000000019
CONST: 046 | 7 2.7469e-05 -8.99995e-05 0.00019705 -0.000479979 -0.000636055 7.55826e-05

ABS:   047 |  0.000027469 -0.000089999  0.000196493 -0.000479979 -0.000636055  0.000075583 |         52.5 | -0.000042139  0.000043901, -0.000020359  0.000565367
DIFF:  047 |  0.000000000  0.000000000 -0.000000558  0.000000000  0.000000000  0.000000000 |         -0.0 | -0.000000000  0.000000000,  0.000000558  0.000000000
MOVE:  047 |  0.000000469  0.000000001 -0.000000507  0.000000021 -0.000000055  0.000075583 |         -0.0 |  0.000000371  0.000000036,  0.000000504 -0.000000019
CONST: 047 | 7 2.7469e-05 -8.99995e-05 0.000196493 -0.000479979 -0.000636055 7.55826e-05

ABS:   048 |  0.000027469 -0.000089999  0.000196771 -0.000479579 -0.000636055  0.000075583 |         52.5 | -0.000042139  0.000043901, -0.000020645  0.000565367
DIFF:  048 |  0.000000000  0.000000000  0.000000279  0.000000400  0.000000000  0.000000000 |          0.0 | -0.000000000 -0.000000000, -0.000000286  0.000000000
MOVE:  048 |  0.000000469  0.000000001 -0.000000229  0.000000421 -0.000000055  0.000075583 |         -0.0 |  0.000000371  0.000000036,  0.000000218 -0.000000019
CONST: 048 | 7 2.7469e-05 -8.99995e-05 0.000196771 -0.000479579 -0.000636055 7.55826e-05

ABS:   049 |  0.000027469 -0.000089999  0.000196771 -0.000480379 -0.000636055  0.000075583 |         52.5 | -0.000042138  0.000043901, -0.000020631  0.000565367
DIFF:  049 |  0.000000000  0.000000000  0.000000000 -0.000000800  0.000000000  0.000000000 |         -0.0 |  0.000000001  0.000000000,  0.000000015 -0.000000000
MOVE:  049 |  0.000000469  0.000000001 -0.000000229 -0.000000379 -0.000000055  0.000075583 |         -0.0 |  0.000000372  0.000000036,  0.000000232 -0.000000019
CONST: 049 | 7 2.7469e-05 -8.99995e-05 0.000196771 -0.000480379 -0.000636055 7.55826e-05

ABS:   050 |  0.000027469 -0.000089999  0.000196771 -0.000475979 -0.000636055  0.000075583 |         52.5 | -0.000042143  0.000043901, -0.000020711  0.000565367
DIFF:  050 |  0.000000000  0.000000000  0.000000000  0.000004400  0.000000000  0.000000000 |          0.0 | -0.000000005 -0.000000000, -0.000000080  0.000000000
MOVE:  050 |  0.000000469  0.000000001 -0.000000229  0.000004021 -0.000000055  0.000075583 |         -0.0 |  0.000000367  0.000000036,  0.000000152 -0.000000019
CONST: 050 | 7 2.7469e-05 -8.99995e-05 0.000196771 -0.000475979 -0.000636055 7.55826e-05

ABS:   051 |  0.000027469 -0.000089999  0.000196771 -0.000483979 -0.000636055  0.000075583 |         52.5 | -0.000042134  0.000043901, -0.000020565  0.000565367
DIFF:  051 |  0.000000000  0.000000000  0.000000000 -0.000008000  0.000000000  0.000000000 |         -0.0 |  0.000000009  0.000000000,  0.000000146 -0.000000000
MOVE:  051 |  0.000000469  0.000000001 -0.000000229 -0.000003979 -0.000000055  0.000075583 |         -0.0 |  0.000000376  0.000000036,  0.000000298 -0.000000019
CONST: 051 | 7 2.7469e-05 -8.99995e-05 0.000196771 -0.000483979 -0.000636055 7.55826e-05

ABS:   052 |  0.000027469 -0.000089999  0.000196771 -0.000479979 -0.000635055  0.000075583 |         52.5 | -0.000042147  0.000043900, -0.000020636  0.000565367
DIFF:  052 |  0.000000000  0.000000000  0.000000000  0.000004000  0.000001000  0.000000000 |          0.0 | -0.000000013 -0.000000000, -0.000000071  0.000000000
MOVE:  052 |  0.000000469  0.000000001 -0.000000229  0.000000021  0.000000945  0.000075583 |         -0.0 |  0.000000363  0.000000036,  0.000000228 -0.000000019
CONST: 052 | 7 2.7469e-05 -8.99995e-05 0.000196771 -0.000479979 -0.000635055 7.55826e-05

ABS:   053 |  0.000027469 -0.000089999  0.000196771 -0.000479979 -0.000637055  0.000075583 |         52.5 | -0.000042130  0.000043901, -0.000020641  0.000565367
DIFF:  053 |  0.000000000  0.000000000  0.000000000  0.000000000 -0.000002000  0.000000000 |          0.0 |  0.000000017  0.000000001, -0.000000005 -0.000000000
MOVE:  053 |  0.000000469  0.000000001 -0.000000229  0.000000021 -0.000001055  0.000075583 |         -0.0 |  0.000000380  0.000000037,  0.000000223 -0.000000019
CONST: 053 | 7 2.7469e-05 -8.99995e-05 0.000196771 -0.000479979 -0.000637055 7.55826e-05

ABS:   054 |  0.000027469 -0.000089999  0.000196771 -0.000479979 -0.000626054  0.000075583 |         52.5 | -0.000042225  0.000043896, -0.000020613  0.000565367
DIFF:  054 |  0.000000000  0.000000000  0.000000000  0.000000000  0.000011001  0.000000000 |         -0.0 | -0.000000095 -0.000000005,  0.000000028  0.000000000
MOVE:  054 |  0.000000469  0.000000001 -0.000000229  0.000000021  0.000009946  0.000075583 |         -0.0 |  0.000000285  0.000000032,  0.000000250 -0.000000019
CONST: 054 | 7 2.7469e-05 -8.99995e-05 0.000196771 -0.000479979 -0.000626054 7.55826e-05

ABS:   055 |  0.000027469 -0.000089999  0.000196771 -0.000479979 -0.000646055  0.000075583 |         52.5 | -0.000042052  0.000043906, -0.000020663  0.000565367
DIFF:  055 |  0.000000000  0.000000000  0.000000000  0.000000000 -0.000020001  0.000000000 |          0.0 |  0.000000173  0.000000009, -0.000000050 -0.000000001
MOVE:  055 |  0.000000469  0.000000001 -0.000000229  0.000000021 -0.000010055  0.000075583 |         -0.0 |  0.000000458  0.000000041,  0.000000200 -0.000000020
CONST: 055 | 7 2.7469e-05 -8.99995e-05 0.000196771 -0.000479979 -0.000646055 7.55826e-05

ABS:   056 |  0.000027469 -0.000089999  0.000196771 -0.000479979 -0.000636055  0.000095583 |         52.5 | -0.000042164  0.000043910, -0.000020639  0.000565362
DIFF:  056 |  0.000000000  0.000000000  0.000000000  0.000000000  0.000010001  0.000020000 |         -0.0 | -0.000000112  0.000000005,  0.000000024 -0.000000005
MOVE:  056 |  0.000000469  0.000000001 -0.000000229  0.000000021 -0.000000055  0.000095583 |         -0.0 |  0.000000345  0.000000046,  0.000000224 -0.000000024
CONST: 056 | 7 2.7469e-05 -8.99995e-05 0.000196771 -0.000479979 -0.000636055 9.55826e-05

ABS:   057 |  0.000027469 -0.000089999  0.000196771 -0.000479979 -0.000636055  0.000055583 |         52.5 | -0.000042113  0.000043891, -0.000020637  0.000565372
DIFF:  057 |  0.000000000  0.000000000  0.000000000  0.000000000  0.000000000 -0.000040000 |          0.0 |  0.000000052 -0.000000019,  0.000000002  0.000000010
MOVE:  057 |  0.000000469  0.000000001 -0.000000229  0.000000021 -0.000000055  0.000055583 |         -0.0 |  0.000000397  0.000000027,  0.000000226 -0.000000014
CONST: 057 | 7 2.7469e-05 -8.99995e-05 0.000196771 -0.000479979 -0.000636055 5.55826e-05

ABS:   058 |  0.000075980 -0.000090001  0.000173182 -0.000480028 -0.000636051  0.007845190 |         52.4 | -0.000020276  0.000055252, -0.000010792  0.000564567
DIFF:  058 |  0.000048511 -0.000000001 -0.000023589 -0.000000049  0.000000004  0.007789607 |         -0.1 |  0.000021837  0.000011361,  0.000009845 -0.000000805
MOVE:  058 |  0.000048980 -0.000000001 -0.000023818 -0.000000028 -0.000000051  0.007845190 |         -0.1 |  0.000022234  0.000011388,  0.000010071 -0.000000819
CONST: 058 | 7 7.59801e-05 -9.00007e-05 0.000173182 -0.000480028 -0.000636051 0.00784519

ABS:   059 |  0.000058185 -0.000090000  0.000181839 -0.000480010 -0.000636052  0.005006201 |         52.8 | -0.000034328  0.000054129, -0.000016027  0.000566448
DIFF:  059 | -0.000017795  0.000000000  0.000008657  0.000000018 -0.000000001 -0.002838989 |          0.5 | -0.000014052 -0.000001123, -0.000005235  0.000001881
MOVE:  059 |  0.000031185 -0.000000000 -0.000015161 -0.000000010 -0.000000052  0.005006201 |          0.3 |  0.000008181  0.000010265,  0.000004836  0.000001062
CONST: 059 | 7 5.81855e-05 -9.00002e-05 0.000181839 -0.00048001 -0.000636052 0.0050062

ABS:   060 |  0.000314536 -0.000090007  0.000055240 -0.000480274 -0.000636032  0.040312064 |         52.5 |  0.000019022  0.000050461,  0.000041733  0.000564994
DIFF:  060 |  0.000256351 -0.000000007 -0.000126599 -0.000000264  0.000000020  0.035305863 |         -0.3 |  0.000053350 -0.000003669,  0.000057759 -0.000001454
MOVE:  060 |  0.000287536 -0.000000007 -0.000141760 -0.000000274 -0.000000032  0.040312064 |          0.0 |  0.000061531  0.000006596,  0.000062596 -0.000000392
CONST: 060 | 7 0.000314536 -9.00068e-05 5.52396e-05 -0.000480274 -0.000636032 0.0403121

ABS:   061 |  0.000168719 -0.000090003  0.000127882 -0.000480122 -0.000636044  0.022072739 |         53.2 |  0.000016369  0.000063735,  0.000008500  0.000567911
DIFF:  061 | -0.000145817  0.000000004  0.000072642  0.000000151 -0.000000011 -0.018239325 |          0.7 | -0.000002652  0.000013275, -0.000033233  0.000002917
MOVE:  061 |  0.000141719 -0.000000003 -0.000069118 -0.000000122 -0.000000044  0.022072739 |          0.8 |  0.000058879  0.000019871,  0.000029363  0.000002525
CONST: 061 | 7 0.000168719 -9.0003e-05 0.000127882 -0.000480122 -0.000636044 0.0220727

ABS:   062 |  0.000122453 -0.000090002  0.000150532 -0.000480075 -0.000636047  0.015128462 |         53.2 |  0.000009391  0.000053679, -0.000000554  0.000567600
DIFF:  062 | -0.000046266  0.000000001  0.000022650  0.000000047 -0.000000004 -0.006944278 |         -0.1 | -0.000006978 -0.000010057, -0.000009054 -0.000000311
MOVE:  062 |  0.000095453 -0.000000002 -0.000046468 -0.000000075 -0.000000047  0.015128462 |          0.7 |  0.000051900  0.000009814,  0.000020309  0.000002213
CONST: 062 | 7 0.000122453 -9.00019e-05 0.000150532 -0.000480075 -0.000636047 0.0151285

ABS:   063 |  0.000099236 -0.000090001  0.000161857 -0.000480051 -0.000636049  0.011519136 |         52.9 | -0.000001929  0.000056868, -0.000005207  0.000566534
DIFF:  063 | -0.000023217  0.000000001  0.000011325  0.000000024 -0.000000002 -0.003609326 |         -0.3 | -0.000011320  0.000003189, -0.000004653 -0.000001065
MOVE:  063 |  0.000072236 -0.000000001 -0.000035143 -0.000000051 -0.000000049  0.011519136 |          0.4 |  0.000040580  0.000013003,  0.000015656  0.000001148
CONST: 063 | 7 9.92364e-05 -9.00013e-05 0.000161857 -0.000480051 -0.000636049 0.0115191

ABS:   064 |  0.000087612 -0.000090001  0.000167519 -0.000480040 -0.000636050  0.009688959 |         52.7 | -0.000011098  0.000056041, -0.000006097  0.000565718
DIFF:  064 | -0.000011624  0.000000000  0.000005663  0.000000012 -0.000000001 -0.001830177 |         -0.2 | -0.000009169 -0.000000827, -0.000000890 -0.000000816
MOVE:  064 |  0.000060612 -0.000000001 -0.000029481 -0.000000040 -0.000000050  0.009688959 |          0.2 |  0.000031411  0.000012176,  0.000014766  0.000000332
CONST: 064 | 7 8.76124e-05 -9.0001e-05 0.000167519 -0.00048004 -0.00063605 0.00968896

ABS:   065 |  0.000081797 -0.000090001  0.000170351 -0.000480034 -0.000636051  0.008768612 |         52.4 | -0.000015686  0.000055641, -0.000007494  0.000564806
DIFF:  065 | -0.000005815  0.000000000  0.000002831  0.000000006 -0.000000000 -0.000920347 |         -0.2 | -0.000004588 -0.000000399, -0.000001396 -0.000000912
MOVE:  065 |  0.000054797 -0.000000001 -0.000026649 -0.000000034 -0.000000051  0.008768612 |         -0.1 |  0.000026824  0.000011777,  0.000013369 -0.000000580
CONST: 065 | 7 8.17972e-05 -9.00008e-05 0.000170351 -0.000480034 -0.000636051 0.00876861

ABS:   066 |  0.000057116 -0.000090000  0.000182359 -0.000480009 -0.000636052  0.004834950 |         52.8 | -0.000035174  0.000054065, -0.000016309  0.000566317
DIFF:  066 | -0.000024682  0.000000001  0.000012008  0.000000025 -0.000000002 -0.003933663 |          0.4 | -0.000019488 -0.000001576, -0.000008815  0.000001511
MOVE:  066 |  0.000030116 -0.000000000 -0.000014641 -0.000000009 -0.000000052  0.004834950 |          0.3 |  0.000007336  0.000010201,  0.000004554  0.000000931
CONST: 066 | 7 5.71156e-05 -9.00002e-05 0.000182359 -0.000480009 -0.000636052 0.00483495

ABS:   067 |  0.000066550 -0.000090000  0.000177770 -0.000480018 -0.000636052  0.006342991 |         52.6 | -0.000027721  0.000054644, -0.000013197  0.000565338
DIFF:  067 |  0.000009434 -0.000000000 -0.000004588 -0.000000010  0.000000001  0.001508042 |         -0.2 |  0.000007453  0.000000579,  0.000003112 -0.000000978
MOVE:  067 |  0.000039550 -0.000000000 -0.000019230 -0.000000018 -0.000000052  0.006342991 |          0.1 |  0.000014789  0.000010779,  0.000007666 -0.000000048
CONST: 067 | 7 6.65496e-05 -9.00004e-05 0.00017777 -0.000480018 -0.000636052 0.00634299

ABS:   068 |  0.000071265 -0.000090001  0.000175476 -0.000480023 -0.000636051  0.007094907 |         52.5 | -0.000023997  0.000054944, -0.000012591  0.000565017
DIFF:  068 |  0.000004716 -0.000000000 -0.000002294 -0.000000005  0.000000000  0.000751916 |         -0.1 |  0.000003723  0.000000300,  0.000000606 -0.000000321
MOVE:  068 |  0.000044265 -0.000000001 -0.000021524 -0.000000023 -0.000000051  0.007094907 |         -0.0 |  0.000018512  0.000011080,  0.000008273 -0.000000369
CONST: 068 | 7 7.12654e-05 -9.00006e-05 0.000175476 -0.000480023 -0.000636051 0.00709491

ABS:   069 |  0.000077265 -0.000090001  0.000173182 -0.000480028 -0.000636051  0.007845190 |         52.4 | -0.000018990  0.000055252, -0.000010791  0.000564567
DIFF:  069 |  0.000005999 -0.000000000 -0.000002294 -0.000000005  0.000000000  0.000750282 |         -0.1 |  0.000005007  0.000000307,  0.000001800 -0.000000451
MOVE:  069 |  0.000050265 -0.000000001 -0.000023818 -0.000000028 -0.000000051  0.007845190 |         -0.1 |  0.000023520  0.000011387,  0.000010072 -0.000000819
CONST: 069 | 7 7.72646e-05 -9.00007e-05 0.000173182 -0.000480028 -0.000636051 0.00784519

ABS:   070 |  0.000074696 -0.000090001  0.000173182 -0.000480028 -0.000636051  0.007845190 |         52.4 | -0.000021562  0.000055252, -0.000010793  0.000564568
DIFF:  070 | -0.000002569  0.000000000  0.000000000  0.000000000  0.000000000  0.000000000 |          0.0 | -0.000002572  0.000000001, -0.000000002  0.000000001
MOVE:  070 |  0.000047696 -0.000000001 -0.000023818 -0.000000028 -0.000000051  0.007845190 |         -0.1 |  0.000020948  0.000011388,  0.000010070 -0.000000819
CONST: 070 | 7 7.46956e-05 -9.00007e-05 0.000173182 -0.000480028 -0.000636051 0.00784519

ABS:   071 |  0.000075980 -0.000089676  0.000173182 -0.000480028 -0.000636051  0.007845190 |         52.4 | -0.000020329  0.000055261, -0.000010801  0.000564578
DIFF:  071 |  0.000001285  0.000000325  0.000000000  0.000000000  0.000000000  0.000000000 |          0.0 |  0.000001233  0.000000009, -0.000000008  0.000000010
MOVE:  071 |  0.000048980  0.000000324 -0.000023818 -0.000000028 -0.000000051  0.007845190 |         -0.1 |  0.000022181  0.000011397,  0.000010062 -0.000000808
CONST: 071 | 7 7.59801e-05 -8.96756e-05 0.000173182 -0.000480028 -0.000636051 0.00784519

ABS:   072 |  0.000075980 -0.000090326  0.000173182 -0.000480028 -0.000636051  0.007845190 |         52.3 | -0.000020223  0.000055243, -0.000010547  0.000564390
DIFF:  072 |  0.000000000 -0.000000650  0.000000000  0.000000000  0.000000000  0.000000000 |         -0.0 |  0.000000106 -0.000000019,  0.000000255 -0.000000188
MOVE:  072 |  0.000048980 -0.000000326 -0.000023818 -0.000000028 -0.000000051  0.007845190 |         -0.2 |  0.000022287  0.000011378,  0.000010316 -0.000000996
CONST: 072 | 7 7.59801e-05 -9.03257e-05 0.000173182 -0.000480028 -0.000636051 0.00784519

ABS:   073 |  0.000075980 -0.000089968  0.000173182 -0.000480028 -0.000636051  0.007845190 |         52.4 | -0.000020281  0.000055253, -0.000010793  0.000564568
DIFF:  073 |  0.000000000  0.000000358  0.000000000  0.000000000  0.000000000  0.000000000 |          0.0 | -0.000000058  0.000000010, -0.000000246  0.000000179
MOVE:  073 |  0.000048980  0.000000032 -0.000023818 -0.000000028 -0.000000051  0.007845190 |         -0.1 |  0.000022229  0.000011389,  0.000010070 -0.000000818
CONST: 073 | 7 7.59801e-05 -8.99682e-05 0.000173182 -0.000480028 -0.000636051 0.00784519

ABS:   074 |  0.000075980 -0.000090033  0.000173182 -0.000480028 -0.000636051  0.007845190 |         52.4 | -0.000020271  0.000055251, -0.000010791  0.000564566
DIFF:  074 |  0.000000000 -0.000000065  0.000000000  0.000000000  0.000000000  0.000000000 |         -0.0 |  0.000000011 -0.000000002,  0.000000002 -0.000000002
MOVE:  074 |  0.000048980 -0.000000033 -0.000023818 -0.000000028 -0.000000051  0.007845190 |         -0.1 |  0.000022239  0.000011387,  0.000010072 -0.000000820
CONST: 074 | 7 7.59801e-05 -9.00332e-05 0.000173182 -0.000480028 -0.000636051 0.00784519

ABS:   075 |  0.000075980 -0.000089676  0.000173182 -0.000480028 -0.000636051  0.007845190 |         52.4 | -0.000020329  0.000055261, -0.000010801  0.000564578
DIFF:  075 |  0.000000000  0.000000357  0.000000000  0.000000000  0.000000000  0.000000000 |          0.0 | -0.000000058  0.000000010, -0.000000010  0.000000012
MOVE:  075 |  0.000048980  0.000000324 -0.000023818 -0.000000028 -0.000000051  0.007845190 |         -0.1 |  0.000022181  0.000011397,  0.000010062 -0.000000808
CONST: 075 | 7 7.59801e-05 -8.9676e-05 0.000173182 -0.000480028 -0.000636051 0.00784519

ABS:   076 |  0.000075980 -0.000090325  0.000173182 -0.000480028 -0.000636051  0.007845190 |         52.3 | -0.000020223  0.000055243, -0.000010547  0.000564390
DIFF:  076 |  0.000000000 -0.000000649  0.000000000  0.000000000  0.000000000  0.000000000 |         -0.0 |  0.000000106 -0.000000019,  0.000000255 -0.000000188
MOVE:  076 |  0.000048980 -0.000000325 -0.000023818 -0.000000028 -0.000000051  0.007845190 |         -0.2 |  0.000022287  0.000011378,  0.000010316 -0.000000996
CONST: 076 | 7 7.59801e-05 -9.03254e-05 0.000173182 -0.000480028 -0.000636051 0.00784519

ABS:   077 |  0.000075980 -0.000090001  0.000173461 -0.000480028 -0.000636051  0.007845190 |         52.3 | -0.000020276  0.000055252, -0.000010835  0.000564400
DIFF:  077 |  0.000000000  0.000000325  0.000000279  0.000000000  0.000000000  0.000000000 |          0.0 | -0.000000053  0.000000009, -0.000000288  0.000000011
MOVE:  077 |  0.000048980 -0.000000001 -0.000023539 -0.000000028 -0.000000051  0.007845190 |         -0.2 |  0.000022234  0.000011388,  0.000010029 -0.000000986
CONST: 077 | 7 7.59801e-05 -9.00007e-05 0.000173461 -0.000480028 -0.000636051 0.00784519

ABS:   078 |  0.000075980 -0.000090001  0.000172903 -0.000480028 -0.000636051  0.007845190 |         52.4 | -0.000020276  0.000055252, -0.000010514  0.000564567
DIFF:  078 |  0.000000000  0.000000000 -0.000000557  0.000000000  0.000000000  0.000000000 |          0.0 | -0.000000000  0.000000000,  0.000000321  0.000000167
MOVE:  078 |  0.000048980 -0.000000001 -0.000024097 -0.000000028 -0.000000051  0.007845190 |         -0.1 |  0.000022234  0.000011388,  0.000010350 -0.000000819
CONST: 078 | 7 7.59801e-05 -9.00007e-05 0.000172903 -0.000480028 -0.000636051 0.00784519

ABS:   079 |  0.000075980 -0.000090001  0.000173210 -0.000480028 -0.000636051  0.007845190 |         52.4 | -0.000020276  0.000055252, -0.000010820  0.000564567
DIFF:  079 |  0.000000000  0.000000000  0.000000307  0.000000000  0.000000000  0.000000000 |          0.0 |  0.000000000 -0.000000000, -0.000000307 -0.000000000
MOVE:  079 |  0.000048980 -0.000000001 -0.000023790 -0.000000028 -0.000000051  0.007845190 |         -0.1 |  0.000022234  0.000011388,  0.000010043 -0.000000819
CONST: 079 | 7 7.59801e-05 -9.00007e-05 0.00017321 -0.000480028 -0.000636051 0.00784519

ABS:   080 |  0.000075980 -0.000090001  0.000173154 -0.000480028 -0.000636051  0.007845190 |         52.4 | -0.000020276  0.000055252, -0.000010764  0.000564567
DIFF:  080 |  0.000000000  0.000000000 -0.000000056  0.000000000  0.000000000  0.000000000 |         -0.0 | -0.000000000  0.000000000,  0.000000056  0.000000000
MOVE:  080 |  0.000048980 -0.000000001 -0.000023846 -0.000000028 -0.000000051  0.007845190 |         -0.1 |  0.000022234  0.000011388,  0.000010099 -0.000000819
CONST: 080 | 7 7.59801e-05 -9.00007e-05 0.000173154 -0.000480028 -0.000636051 0.00784519

ABS:   081 |  0.000075980 -0.000090001  0.000173460 -0.000480028 -0.000636051  0.007845190 |         52.3 | -0.000020276  0.000055252, -0.000010834  0.000564400
DIFF:  081 |  0.000000000  0.000000000  0.000000306  0.000000000  0.000000000  0.000000000 |         -0.0 |  0.000000000 -0.000000000, -0.000000070 -0.000000167
MOVE:  081 |  0.000048980 -0.000000001 -0.000023540 -0.000000028 -0.000000051  0.007845190 |         -0.2 |  0.000022234  0.000011388,  0.000010029 -0.000000986
CONST: 081 | 7 7.59801e-05 -9.00007e-05 0.00017346 -0.000480028 -0.000636051 0.00784519

ABS:   082 |  0.000075980 -0.000090001  0.000172904 -0.000480028 -0.000636051  0.007845190 |         52.4 | -0.000020276  0.000055252, -0.000010514  0.000564567
DIFF:  082 |  0.000000000  0.000000000 -0.000000557  0.000000000  0.000000000  0.000000000 |          0.0 | -0.000000000  0.000000000,  0.000000321  0.000000167
MOVE:  082 |  0.000048980 -0.000000001 -0.000024096 -0.000000028 -0.000000051  0.007845190 |         -0.1 |  0.000022234  0.000011388,  0.000010349 -0.000000819
CONST: 082 | 7 7.59801e-05 -9.00007e-05 0.000172904 -0.000480028 -0.000636051 0.00784519

ABS:   083 |  0.000075980 -0.000090001  0.000173182 -0.000469032 -0.000636051  0.007845190 |         52.3 | -0.000020293  0.000055257, -0.000010758  0.000564402
DIFF:  083 |  0.000000000  0.000000000  0.000000278  0.000010996  0.000000000  0.000000000 |         -0.0 | -0.000000017  0.000000005, -0.000000244 -0.000000166
MOVE:  083 |  0.000048980 -0.000000001 -0.000023818  0.000010968 -0.000000051  0.007845190 |         -0.2 |  0.000022217  0.000011393,  0.000010106 -0.000000984
CONST: 083 | 7 7.59801e-05 -9.00007e-05 0.000173182 -0.000469032 -0.000636051 0.00784519

ABS:   084 |  0.000075980 -0.000090001  0.000173182 -0.000491024 -0.000636051  0.007845190 |         52.4 | -0.000020259  0.000055247, -0.000010591  0.000564566
DIFF:  084 |  0.000000000  0.000000000  0.000000000 -0.000021993  0.000000000  0.000000000 |          0.0 |  0.000000034 -0.000000010,  0.000000167  0.000000164
MOVE:  084 |  0.000048980 -0.000000001 -0.000023818 -0.000011024 -0.000000051  0.007845190 |         -0.1 |  0.000022251  0.000011382,  0.000010273 -0.000000820
CONST: 084 | 7 7.59801e-05 -9.00007e-05 0.000173182 -0.000491024 -0.000636051 0.00784519

ABS:   085 |  0.000075980 -0.000090001  0.000173182 -0.000478928 -0.000636051  0.007845190 |         52.4 | -0.000020278  0.000055253, -0.000010812  0.000564567
DIFF:  085 |  0.000000000  0.000000000  0.000000000  0.000012096  0.000000000  0.000000000 |          0.0 | -0.000000019  0.000000006, -0.000000222  0.000000001
MOVE:  085 |  0.000048980 -0.000000001 -0.000023818  0.000001072 -0.000000051  0.007845190 |         -0.1 |  0.000022232  0.000011388,  0.000010051 -0.000000819
CONST: 085 | 7 7.59801e-05 -9.00007e-05 0.000173182 -0.000478928 -0.000636051 0.00784519

ABS:   086 |  0.000075980 -0.000090001  0.000173182 -0.000481127 -0.000636051  0.007845190 |         52.4 | -0.000020274  0.000055252, -0.000010772  0.000564567
DIFF:  086 |  0.000000000  0.000000000  0.000000000 -0.000002199  0.000000000  0.000000000 |         -0.0 |  0.000000003 -0.000000001,  0.000000040 -0.000000000
MOVE:  086 |  0.000048980 -0.000000001 -0.000023818 -0.000001127 -0.000000051  0.007845190 |         -0.1 |  0.000022236  0.000011387,  0.000010091 -0.000000819
CONST: 086 | 7 7.59801e-05 -9.00007e-05 0.000173182 -0.000481127 -0.000636051 0.00784519

ABS:   087 |  0.000075980 -0.000090001  0.000173182 -0.000469060 -0.000636051  0.007845190 |         52.3 | -0.000020293  0.000055257, -0.000010757  0.000564402
DIFF:  087 |  0.000000000  0.000000000  0.000000000  0.000012067  0.000000000  0.000000000 |         -0.0 | -0.000000019  0.000000006,  0.000000015 -0.000000165
MOVE:  087 |  0.000048980 -0.000000001 -0.000023818  0.000010940 -0.000000051  0.007845190 |         -0.2 |  0.000022217  0.000011393,  0.000010106 -0.000000984
CONST: 087 | 7 7.59801e-05 -9.00007e-05 0.000173182 -0.00046906 -0.000636051 0.00784519

ABS:   088 |  0.000075980 -0.000090001  0.000173182 -0.000490995 -0.000636051  0.007845190 |         52.4 | -0.000020259  0.000055247, -0.000010591  0.000564566
DIFF:  088 |  0.000000000  0.000000000  0.000000000 -0.000021935  0.000000000  0.000000000 |          0.0 |  0.000000034 -0.000000010,  0.000000166  0.000000164
MOVE:  088 |  0.000048980 -0.000000001 -0.000023818 -0.000010995 -0.000000051  0.007845190 |         -0.1 |  0.000022251  0.000011382,  0.000010272 -0.000000820
CONST: 088 | 7 7.59801e-05 -9.00007e-05 0.000173182 -0.000490995 -0.000636051 0.00784519

ABS:   089 |  0.000075980 -0.000090001  0.000173182 -0.000480028 -0.000594518  0.007845190 |         52.3 | -0.000020738  0.000055354, -0.000010460  0.000564403
DIFF:  089 |  0.000000000  0.000000000  0.000000000  0.000010968  0.000041533  0.000000000 |         -0.0 | -0.000000479  0.000000107,  0.000000132 -0.000000163
MOVE:  089 |  0.000048980 -0.000000001 -0.000023818 -0.000000028  0.000041482  0.007845190 |         -0.2 |  0.000021772  0.000011490,  0.000010404 -0.000000983
CONST: 089 | 7 7.59801e-05 -9.00007e-05 0.000173182 -0.000480028 -0.000594518 0.00784519

ABS:   090 |  0.000075980 -0.000090001  0.000173182 -0.000480028 -0.000677584  0.007845190 |         52.4 | -0.000019814  0.000055159, -0.000010888  0.000564565
DIFF:  090 |  0.000000000  0.000000000  0.000000000  0.000000000 -0.000083065  0.000000000 |          0.0 |  0.000000924 -0.000000195, -0.000000429  0.000000162
MOVE:  090 |  0.000048980 -0.000000001 -0.000023818 -0.000000028 -0.000041584  0.007845190 |         -0.1 |  0.000022696  0.000011295,  0.000009975 -0.000000821
CONST: 090 | 7 7.59801e-05 -9.00007e-05 0.000173182 -0.000480028 -0.000677584 0.00784519

ABS:   091 |  0.000075980 -0.000090001  0.000173182 -0.000480028 -0.000631898  0.007845190 |         52.4 | -0.000020322  0.000055262, -0.000010783  0.000564568
DIFF:  091 |  0.000000000  0.000000000  0.000000000  0.000000000  0.000045686  0.000000000 |          0.0 | -0.000000508  0.000000103,  0.000000106  0.000000003
MOVE:  091 |  0.000048980 -0.000000001 -0.000023818 -0.000000028  0.000004102  0.007845190 |         -0.1 |  0.000022188  0.000011397,  0.000010081 -0.000000819
CONST: 091 | 7 7.59801e-05 -9.00007e-05 0.000173182 -0.000480028 -0.000631898 0.00784519

ABS:   092 |  0.000075980 -0.000090001  0.000173182 -0.000480028 -0.000640204  0.007845190 |         52.4 | -0.000020230  0.000055242, -0.000010802  0.000564567
DIFF:  092 |  0.000000000  0.000000000  0.000000000  0.000000000 -0.000008307  0.000000000 |         -0.0 |  0.000000092 -0.000000020, -0.000000019 -0.000000001
MOVE:  092 |  0.000048980 -0.000000001 -0.000023818 -0.000000028 -0.000004204  0.007845190 |         -0.1 |  0.000022280  0.000011378,  0.000010061 -0.000000819
CONST: 092 | 7 7.59801e-05 -9.00007e-05 0.000173182 -0.000480028 -0.000640204 0.00784519

ABS:   093 |  0.000075980 -0.000090001  0.000173182 -0.000480028 -0.000596880  0.007845190 |         52.3 | -0.000020712  0.000055348, -0.000010465  0.000564403
DIFF:  093 |  0.000000000  0.000000000  0.000000000  0.000000000  0.000043324  0.000000000 |         -0.0 | -0.000000482  0.000000106,  0.000000337 -0.000000164
MOVE:  093 |  0.000048980 -0.000000001 -0.000023818 -0.000000028  0.000039120  0.007845190 |         -0.2 |  0.000021798  0.000011484,  0.000010398 -0.000000983
CONST: 093 | 7 7.59801e-05 -9.00007e-05 0.000173182 -0.000480028 -0.00059688 0.00784519

ABS:   094 |  0.000075980 -0.000090001  0.000173182 -0.000480028 -0.000675222  0.007845190 |         52.4 | -0.000019840  0.000055164, -0.000010883  0.000564565
DIFF:  094 |  0.000000000  0.000000000  0.000000000  0.000000000 -0.000078342  0.000000000 |          0.0 |  0.000000872 -0.000000184, -0.000000418  0.000000162
MOVE:  094 |  0.000048980 -0.000000001 -0.000023818 -0.000000028 -0.000039222  0.007845190 |         -0.1 |  0.000022670  0.000011300,  0.000009980 -0.000000821
CONST: 094 | 7 7.59801e-05 -9.00007e-05 0.000173182 -0.000480028 -0.000675222 0.00784519

ABS:   095 |  0.000075980 -0.000090001  0.000173182 -0.000480028 -0.000636051  0.007906102 |         52.3 | -0.000020357  0.000055277, -0.000010557  0.000564393
DIFF:  095 |  0.000000000  0.000000000  0.000000000  0.000000000  0.000039171  0.000060912 |         -0.0 | -0.000000517  0.000000113,  0.000000326 -0.000000172
MOVE:  095 |  0.000048980 -0.000000001 -0.000023818 -0.000000028 -0.000000051  0.007906102 |         -0.2 |  0.000022153  0.000011413,  0.000010306 -0.000000993
CONST: 095 | 7 7.59801e-05 -9.00007e-05 0.000173182 -0.000480028 -0.000636051 0.0079061

ABS:   096 |  0.000075980 -0.000090001  0.000173182 -0.000480028 -0.000636051  0.007784265 |         52.4 | -0.000020195  0.000055227, -0.000010791  0.000564575
DIFF:  096 |  0.000000000  0.000000000  0.000000000  0.000000000  0.000000000 -0.000121837 |          0.0 |  0.000000162 -0.000000051, -0.000000234  0.000000183
MOVE:  096 |  0.000048980 -0.000000001 -0.000023818 -0.000000028 -0.000000051  0.007784265 |         -0.1 |  0.000022315  0.000011362,  0.000010072 -0.000000811
CONST: 096 | 7 7.59801e-05 -9.00007e-05 0.000173182 -0.000480028 -0.000636051 0.00778427

ABS:   097 |  0.000075980 -0.000090001  0.000173182 -0.000480028 -0.000636051  0.007851281 |         52.4 | -0.000020284  0.000055255, -0.000010792  0.000564566
DIFF:  097 |  0.000000000  0.000000000  0.000000000  0.000000000  0.000000000  0.000067016 |         -0.0 | -0.000000089  0.000000028, -0.000000002 -0.000000009
MOVE:  097 |  0.000048980 -0.000000001 -0.000023818 -0.000000028 -0.000000051  0.007851281 |         -0.1 |  0.000022226  0.000011390,  0.000010071 -0.000000820
CONST: 097 | 7 7.59801e-05 -9.00007e-05 0.000173182 -0.000480028 -0.000636051 0.00785128

ABS:   098 |  0.000075980 -0.000090001  0.000173182 -0.000480028 -0.000636051  0.007839098 |         52.4 | -0.000020268  0.000055250, -0.000010792  0.000564568
DIFF:  098 |  0.000000000  0.000000000  0.000000000  0.000000000  0.000000000 -0.000012184 |          0.0 |  0.000000016 -0.000000005,  0.000000000  0.000000002
MOVE:  098 |  0.000048980 -0.000000001 -0.000023818 -0.000000028 -0.000000051  0.007839098 |         -0.1 |  0.000022242  0.000011385,  0.000010071 -0.000000818
CONST: 098 | 7 7.59801e-05 -9.00007e-05 0.000173182 -0.000480028 -0.000636051 0.0078391

ABS:   099 |  0.000075980 -0.000090001  0.000173182 -0.000480028 -0.000636051  0.007906102 |         52.3 | -0.000020357  0.000055277, -0.000010557  0.000564393
DIFF:  099 |  0.000000000  0.000000000  0.000000000  0.000000000  0.000000000  0.000067004 |         -0.0 | -0.000000089  0.000000028,  0.000000235 -0.000000175
MOVE:  099 |  0.000048980 -0.000000001 -0.000023818 -0.000000028 -0.000000051  0.007906102 |         -0.2 |  0.000022153  0.000011413,  0.000010306 -0.000000993
CONST: 099 | 7 7.59801e-05 -9.00007e-05 0.000173182 -0.000480028 -0.000636051 0.0079061

ABS:   100 |  0.000075980 -0.000090001  0.000173182 -0.000480028 -0.000636051  0.007784265 |         52.4 | -0.000020195  0.000055227, -0.000010791  0.000564575
DIFF:  100 |  0.000000000  0.000000000  0.000000000  0.000000000  0.000000000 -0.000121837 |          0.0 |  0.000000162 -0.000000051, -0.000000234  0.000000183
MOVE:  100 |  0.000048980 -0.000000001 -0.000023818 -0.000000028 -0.000000051  0.007784265 |         -0.1 |  0.000022315  0.000011362,  0.000010072 -0.000000811
CONST: 100 | 7 7.59801e-05 -9.00007e-05 0.000173182 -0.000480028 -0.000636051 0.00778427

ABS:   101 |  0.000250029  0.000879295 -0.006972937  0.004269248  0.040306240  0.005427736 |          0.1 |  0.000004828  0.000052415,  0.000255668  0.000588607
DIFF:  101 |  0.000174049  0.000969296 -0.007146119  0.004749276  0.040942291 -0.002356529 |        -52.3 |  0.000025023 -0.000002812,  0.000266459  0.000024032
MOVE:  101 |  0.000223029  0.000969295 -0.007169937  0.004749248  0.040942240  0.005427736 |        -52.4 |  0.000047338  0.000008551,  0.000276531  0.000023221
CONST: 101 | 7 0.000250029 0.000879295 -0.00697294 0.00426925 0.0403062 0.00542774

ABS:   102 |  0.000084764 -0.001059395 -0.003291990  0.035043122  0.030659092  0.028867425 |         11.5 | -0.000011065  0.000056758,  0.000334670  0.000539394
DIFF:  102 | -0.000165265 -0.001938690  0.003680947  0.030773874 -0.009647148  0.023439688 |         11.4 | -0.000015893  0.000004343,  0.000079003 -0.000049213
MOVE:  102 |  0.000057764 -0.000969395 -0.003488990  0.035523122  0.031295092  0.028867425 |        -40.9 |  0.000031445  0.000012894,  0.000355533 -0.000025992
CONST: 102 | 7 8.47636e-05 -0.00105939 -0.00329199 0.0350431 0.0306591 0.0288674

ABS:   103 |  0.000085324 -0.001059395 -0.003291990  0.035043122  0.030659092  0.028867425 |         11.5 | -0.000010502  0.000056758,  0.000334639  0.000539395
DIFF:  103 |  0.000000560  0.000000000  0.000000000  0.000000000  0.000000000  0.000000000 |         -0.0 |  0.000000563  0.000000000, -0.000000032  0.000000001
MOVE:  103 |  0.000058324 -0.000969395 -0.003488990  0.035523122  0.031295092  0.028867425 |        -40.9 |  0.000032008  0.000012894,  0.000355502 -0.000025991
CONST: 103 | 7 8.5324e-05 -0.00105939 -0.00329199 0.0350431 0.0306591 0.0288674

ABS:   104 |  0.000084203 -0.001059395 -0.003291990  0.035043122  0.030659092  0.028867425 |         11.5 | -0.000011628  0.000056758,  0.000334702  0.000539394
DIFF:  104 | -0.000001121  0.000000000  0.000000000  0.000000000  0.000000000  0.000000000 |          0.0 | -0.000001126 -0.000000000,  0.000000063 -0.000000001
MOVE:  104 |  0.000057203 -0.000969395 -0.003488990  0.035523122  0.031295092  0.028867425 |        -40.9 |  0.000030882  0.000012893,  0.000355565 -0.000025992
CONST: 104 | 7 8.42033e-05 -0.00105939 -0.00329199 0.0350431 0.0306591 0.0288674

