ABS:   itr |       deltaX       deltaY       deltaZ         phiX         phiY         phiZ |        chisq |    rphi mean     rphi rms,       z mean        z rms
ABS:   =========================================================================================================================================================
DIFF:  itr |       deltaX       deltaY       deltaZ         phiX         phiY         phiZ |        chisq |    rphi mean     rphi rms,       z mean        z rms
DIFF:  =========================================================================================================================================================
MOVE:  itr |       deltaX       deltaY       deltaZ         phiX         phiY         phiZ |        chisq |    rphi mean     rphi rms,       z mean        z rms
MOVE:  =========================================================================================================================================================
ABS:   001 |  0.000462000 -0.000000000  0.000362000 -0.001850000 -0.001114000  0.000000000 |          4.3 | -0.000023876  0.000055712,  0.000050404  0.000549108
CONST: 001 | 22 0.000462 -1.69407e-21 0.000362 -0.00185 -0.001114 0

ABS:   001 |  0.000462000 -0.000000000  0.000362000 -0.001850000 -0.001114000  0.000000000 |          4.3 | -0.000023876  0.000055712,  0.000050404  0.000549108
CONST: 001 | 22 0.000462 -1.69407e-21 0.000362 -0.00185 -0.001114 0

ABS:   002 |  0.000472000  0.000000000  0.000362000 -0.001850000 -0.001114000  0.000000000 |          4.3 | -0.000017969  0.000056881,  0.000050416  0.000549108
DIFF:  002 |  0.000010000  0.000000000 -0.000000000  0.000000000  0.000000000  0.000000000 |         -0.0 |  0.000005907  0.000001168,  0.000000011 -0.000000000
MOVE:  002 |  0.000010000  0.000000000 -0.000000000  0.000000000  0.000000000  0.000000000 |         -0.0 |  0.000005907  0.000001168,  0.000000011 -0.000000000
CONST: 002 | 22 0.000472 0 0.000362 -0.00185 -0.001114 0

ABS:   003 |  0.000452000  0.000000000  0.000362000 -0.001850000 -0.001114000  0.000000000 |          4.3 | -0.000029146  0.000055199,  0.000050393  0.000549108
DIFF:  003 | -0.000020000  0.000000000  0.000000000  0.000000000  0.000000000  0.000000000 |          0.0 | -0.000011177 -0.000001682, -0.000000022  0.000000000
MOVE:  003 | -0.000010000  0.000000000 -0.000000000  0.000000000  0.000000000  0.000000000 |          0.0 | -0.000005270 -0.000000513, -0.000000011  0.000000000
CONST: 003 | 22 0.000452 0 0.000362 -0.00185 -0.001114 0

ABS:   004 |  0.000561835  0.000000000  0.000362000 -0.001850000 -0.001114000  0.000000000 |          4.3 |  0.000034426  0.000051906,  0.000050516  0.000549108
DIFF:  004 |  0.000109835  0.000000000  0.000000000  0.000000000  0.000000000  0.000000000 |         -0.0 |  0.000063572 -0.000003293,  0.000000122 -0.000000000
MOVE:  004 |  0.000099835  0.000000000 -0.000000000  0.000000000  0.000000000  0.000000000 |         -0.0 |  0.000058302 -0.000003807,  0.000000111  0.000000000
CONST: 004 | 22 0.000561835 0 0.000362 -0.00185 -0.001114 0

ABS:   005 |  0.000362165  0.000000000  0.000362000 -0.001850000 -0.001114000  0.000000000 |          4.1 | -0.000057638  0.000052436,  0.000050293  0.000549108
DIFF:  005 | -0.000199670  0.000000000  0.000000000  0.000000000  0.000000000  0.000000000 |         -0.2 | -0.000092064  0.000000531, -0.000000222 -0.000000000
MOVE:  005 | -0.000099835  0.000000000 -0.000000000  0.000000000  0.000000000  0.000000000 |         -0.2 | -0.000033762 -0.000003276, -0.000000111 -0.000000000
CONST: 005 | 22 0.000362165 0 0.000362 -0.00185 -0.001114 0

ABS:   006 |  0.000462000  0.000010000  0.000362000 -0.001850000 -0.001114000  0.000000000 |          4.4 | -0.000023475  0.000055615,  0.000061179  0.000550922
DIFF:  006 |  0.000099835  0.000010000  0.000000000  0.000000000  0.000000000  0.000000000 |          0.2 |  0.000034163  0.000003179,  0.000010886  0.000001814
MOVE:  006 | -0.000000000  0.000010000 -0.000000000  0.000000000  0.000000000  0.000000000 |          0.0 |  0.000000401 -0.000000097,  0.000010775  0.000001814
CONST: 006 | 22 0.000462 1e-05 0.000362 -0.00185 -0.001114 0

ABS:   007 |  0.000462000 -0.000010000  0.000362000 -0.001850000 -0.001114000  0.000000000 |          4.4 | -0.000024277  0.000055824,  0.000045970  0.000551659
DIFF:  007 |  0.000000000 -0.000020000  0.000000000  0.000000000  0.000000000  0.000000000 |          0.0 | -0.000000803  0.000000208, -0.000015210  0.000000737
MOVE:  007 | -0.000000000 -0.000010000 -0.000000000  0.000000000  0.000000000  0.000000000 |          0.0 | -0.000000401  0.000000111, -0.000004435  0.000002552
CONST: 007 | 22 0.000462 -1e-05 0.000362 -0.00185 -0.001114 0

ABS:   008 |  0.000462000  0.000099835  0.000362000 -0.001850000 -0.001114000  0.000000000 |          4.4 | -0.000020404  0.000056116,  0.000095786  0.000549356
DIFF:  008 |  0.000000000  0.000109835  0.000000000  0.000000000  0.000000000  0.000000000 |          0.0 |  0.000003873  0.000000292,  0.000049816 -0.000002303
MOVE:  008 | -0.000000000  0.000099835 -0.000000000  0.000000000  0.000000000  0.000000000 |          0.1 |  0.000003472  0.000000403,  0.000045381  0.000000248
CONST: 008 | 22 0.000462 9.98351e-05 0.000362 -0.00185 -0.001114 0

ABS:   009 |  0.000462000 -0.000099835  0.000362000 -0.001850000 -0.001114000  0.000000000 |          4.5 | -0.000026019  0.000055414, -0.000002261  0.000559943
DIFF:  009 |  0.000000000 -0.000199670  0.000000000  0.000000000  0.000000000  0.000000000 |          0.1 | -0.000005614 -0.000000701, -0.000098046  0.000010587
MOVE:  009 | -0.000000000 -0.000099835 -0.000000000  0.000000000  0.000000000  0.000000000 |          0.1 | -0.000002142 -0.000000298, -0.000052665  0.000010836
CONST: 009 | 22 0.000462 -9.98351e-05 0.000362 -0.00185 -0.001114 0

ABS:   010 |  0.000462000  0.000000000  0.000862000 -0.001850000 -0.001114000  0.000000000 |          4.4 | -0.000023356  0.000055722, -0.000200233  0.000539375
DIFF:  010 |  0.000000000  0.000099835  0.000500000  0.000000000  0.000000000  0.000000000 |         -0.1 |  0.000002662  0.000000308, -0.000197972 -0.000020569
MOVE:  010 | -0.000000000  0.000000000  0.000500000  0.000000000  0.000000000  0.000000000 |          0.1 |  0.000000520  0.000000010, -0.000250638 -0.000009733
CONST: 010 | 22 0.000462 0 0.000862 -0.00185 -0.001114 0

ABS:   011 |  0.000462000  0.000000000 -0.000138000 -0.001850000 -0.001114000  0.000000000 |          4.7 | -0.000024396  0.000055703,  0.000284676  0.000540315
DIFF:  011 |  0.000000000  0.000000000 -0.001000000  0.000000000  0.000000000  0.000000000 |          0.3 | -0.000001040 -0.000000019,  0.000484909  0.000000940
MOVE:  011 | -0.000000000  0.000000000 -0.000500000  0.000000000  0.000000000  0.000000000 |          0.3 | -0.000000520 -0.000000010,  0.000234271 -0.000008793
CONST: 011 | 22 0.000462 0 -0.000138 -0.00185 -0.001114 0

ABS:   012 |  0.000462000  0.000000000  0.005156255 -0.001850000 -0.001114000  0.000000000 |          1.0 | -0.000020398  0.000056030, -0.000010403  0.000642677
DIFF:  012 |  0.000000000  0.000000000  0.005294255  0.000000000  0.000000000  0.000000000 |         -3.7 |  0.000003998  0.000000327, -0.000295079  0.000102363
MOVE:  012 | -0.000000000  0.000000000  0.004794255  0.000000000  0.000000000  0.000000000 |         -3.4 |  0.000003478  0.000000318, -0.000060808  0.000093570
CONST: 012 | 22 0.000462 0 0.00515626 -0.00185 -0.001114 0

ABS:   013 |  0.000462000  0.000000000 -0.004432255 -0.001850000 -0.001114000  0.000000000 |          1.0 | -0.000026305  0.000054850, -0.000511889  0.000549977
DIFF:  013 |  0.000000000  0.000000000 -0.009588511  0.000000000  0.000000000  0.000000000 |          0.1 | -0.000005907 -0.000001180, -0.000501486 -0.000092700
MOVE:  013 | -0.000000000  0.000000000 -0.004794255  0.000000000  0.000000000  0.000000000 |         -3.3 | -0.000002429 -0.000000862, -0.000562294  0.000000869
CONST: 013 | 22 0.000462 0 -0.00443226 -0.00185 -0.001114 0

ABS:   014 |  0.000462000  0.000000000  0.000362000 -0.001450000 -0.001114000  0.000000000 |          4.4 | -0.000023906  0.000054997,  0.000039953  0.000555477
DIFF:  014 |  0.000000000  0.000000000  0.004794255  0.000400000  0.000000000  0.000000000 |          3.3 |  0.000002399  0.000000147,  0.000551842  0.000005500
MOVE:  014 | -0.000000000  0.000000000 -0.000000000  0.000400000  0.000000000  0.000000000 |          0.1 | -0.000000030 -0.000000715, -0.000010451  0.000006370
CONST: 014 | 22 0.000462 0 0.000362 -0.00145 -0.001114 0

ABS:   015 |  0.000462000  0.000000000  0.000362000 -0.002250000 -0.001114000  0.000000000 |          4.3 | -0.000022996  0.000056008,  0.000073970  0.000546979
DIFF:  015 |  0.000000000  0.000000000  0.000000000 -0.000800000  0.000000000  0.000000000 |         -0.1 |  0.000000910  0.000001011,  0.000034017 -0.000008498
MOVE:  015 | -0.000000000  0.000000000 -0.000000000 -0.000400000  0.000000000  0.000000000 |         -0.0 |  0.000000880  0.000000295,  0.000023565 -0.000002129
CONST: 015 | 22 0.000462 0 0.000362 -0.00225 -0.001114 0

ABS:   016 |  0.000462000  0.000000000  0.000362000  0.002145777 -0.001114000  0.000000000 |          4.5 | -0.000027555  0.000056243, -0.000089318  0.000557922
DIFF:  016 |  0.000000000  0.000000000  0.000000000  0.004395777  0.000000000  0.000000000 |          0.2 | -0.000004559  0.000000235, -0.000163288  0.000010944
MOVE:  016 | -0.000000000  0.000000000 -0.000000000  0.003995777  0.000000000  0.000000000 |          0.2 | -0.000003678  0.000000530, -0.000139723  0.000008815
CONST: 016 | 22 0.000462 0 0.000362 0.00214578 -0.001114 0

ABS:   017 |  0.000462000  0.000000000  0.000362000 -0.005845777 -0.001114000  0.000000000 |          4.5 | -0.000016393  0.000058190,  0.000184537  0.000545563
DIFF:  017 |  0.000000000  0.000000000  0.000000000 -0.007991554  0.000000000  0.000000000 |          0.0 |  0.000011162  0.000001947,  0.000273855 -0.000012359
MOVE:  017 | -0.000000000  0.000000000 -0.000000000 -0.003995777  0.000000000  0.000000000 |          0.2 |  0.000007483  0.000002478,  0.000134133 -0.000003545
CONST: 017 | 22 0.000462 0 0.000362 -0.00584578 -0.001114 0

ABS:   018 |  0.000462000  0.000000000  0.000362000 -0.001850000 -0.000114000  0.000000000 |          4.4 |  0.000011931  0.000058421,  0.000056044  0.000555975
DIFF:  018 |  0.000000000  0.000000000  0.000000000  0.003995777  0.001000000  0.000000000 |         -0.1 |  0.000028324  0.000000232, -0.000128493  0.000010412
MOVE:  018 | -0.000000000  0.000000000 -0.000000000  0.000000000  0.001000000  0.000000000 |          0.1 |  0.000035807  0.000002709,  0.000005639  0.000006867
CONST: 018 | 22 0.000462 0 0.000362 -0.00185 -0.000114 0

ABS:   019 |  0.000462000  0.000000000  0.000362000 -0.001850000 -0.002114000  0.000000000 |          4.3 | -0.000039749  0.000064518,  0.000054247  0.000548793
DIFF:  019 |  0.000000000  0.000000000  0.000000000  0.000000000 -0.002000000  0.000000000 |         -0.1 | -0.000051680  0.000006097, -0.000001797 -0.000007182
MOVE:  019 | -0.000000000  0.000000000 -0.000000000  0.000000000 -0.001000000  0.000000000 |          0.0 | -0.000015872  0.000008806,  0.000003842 -0.000000315
CONST: 019 | 22 0.000462 0 0.000362 -0.00185 -0.002114 0

ABS:   020 |  0.000462000  0.000000000  0.000362000 -0.001850000  0.008820120  0.000000000 |          3.6 |  0.000024960  0.000069090,  0.000032263  0.000549615
DIFF:  020 |  0.000000000  0.000000000  0.000000000  0.000000000  0.010934120  0.000000000 |         -0.8 |  0.000064709  0.000004571, -0.000021983  0.000000822
MOVE:  020 | -0.000000000  0.000000000 -0.000000000  0.000000000  0.009934120  0.000000000 |         -0.7 |  0.000048836  0.000013377, -0.000018141  0.000000507
CONST: 020 | 22 0.000462 0 0.000362 -0.00185 0.00882012 0

ABS:   021 |  0.000462000  0.000000000  0.000362000 -0.001850000 -0.011048120  0.000000000 |          3.6 | -0.000015507  0.000064636,  0.000069564  0.000546902
DIFF:  021 |  0.000000000  0.000000000  0.000000000  0.000000000 -0.019868240  0.000000000 |         -0.0 | -0.000040467 -0.000004454,  0.000037300 -0.000002712
MOVE:  021 | -0.000000000  0.000000000 -0.000000000  0.000000000 -0.009934120  0.000000000 |         -0.7 |  0.000008369  0.000008923,  0.000019159 -0.000002205
CONST: 021 | 22 0.000462 0 0.000362 -0.00185 -0.0110481 0

ABS:   022 |  0.000462000  0.000000000  0.000362000 -0.001850000 -0.001114000  0.000200000 |          4.4 | -0.000024006  0.000055707,  0.000053022  0.000551369
DIFF:  022 |  0.000000000  0.000000000  0.000000000  0.000000000  0.009934120  0.000200000 |          0.8 | -0.000008499 -0.000008929, -0.000016541  0.000004466
MOVE:  022 | -0.000000000  0.000000000 -0.000000000  0.000000000  0.000000000  0.000200000 |          0.0 | -0.000000130 -0.000000006,  0.000002618  0.000002261
CONST: 022 | 22 0.000462 0 0.000362 -0.00185 -0.001114 0.0002

ABS:   023 |  0.000462000  0.000000000  0.000362000 -0.001850000 -0.001114000 -0.000200000 |          4.4 | -0.000023746  0.000055718,  0.000054183  0.000551258
DIFF:  023 |  0.000000000  0.000000000  0.000000000  0.000000000  0.000000000 -0.000400000 |         -0.0 |  0.000000260  0.000000012,  0.000001160 -0.000000111
MOVE:  023 | -0.000000000  0.000000000 -0.000000000  0.000000000  0.000000000 -0.000200000 |          0.0 |  0.000000130  0.000000006,  0.000003778  0.000002150
CONST: 023 | 22 0.000462 0 0.000362 -0.00185 -0.001114 -0.0002

ABS:   024 |  0.000462000  0.000000000  0.000362000 -0.001850000 -0.001114000  0.001999472 |          4.4 | -0.000024360  0.000055196,  0.000050960  0.000554138
DIFF:  024 |  0.000000000  0.000000000  0.000000000  0.000000000  0.000000000  0.002199472 |          0.0 | -0.000000614 -0.000000523, -0.000003223  0.000002881
MOVE:  024 | -0.000000000  0.000000000 -0.000000000  0.000000000  0.000000000  0.001999472 |          0.1 | -0.000000484 -0.000000517,  0.000000556  0.000005031
CONST: 024 | 22 0.000462 0 0.000362 -0.00185 -0.001114 0.00199947

ABS:   025 |  0.000462000  0.000000000  0.000362000 -0.001850000 -0.001114000 -0.001999472 |          4.4 | -0.000023366  0.000056228,  0.000059355  0.000550821
DIFF:  025 |  0.000000000  0.000000000  0.000000000  0.000000000  0.000000000 -0.003998944 |         -0.0 |  0.000000994  0.000001033,  0.000008395 -0.000003317
MOVE:  025 | -0.000000000  0.000000000 -0.000000000  0.000000000  0.000000000 -0.001999472 |          0.1 |  0.000000510  0.000000516,  0.000008951  0.000001714
CONST: 025 | 22 0.000462 0 0.000362 -0.00185 -0.001114 -0.00199947

ABS:   026 | -0.000017433  0.000000000 -0.000015473  0.000001772  0.000007373  0.000000000 |          3.9 |  0.000040884  0.000058905,  0.000156056  0.000559239
DIFF:  026 | -0.000479433  0.000000000 -0.000377473  0.001851772  0.001121373  0.001999472 |         -0.5 |  0.000064251  0.000002677,  0.000096701  0.000008418
MOVE:  026 | -0.000479433  0.000000000 -0.000377473  0.001851772  0.001121373  0.000000000 |         -0.4 |  0.000064761  0.000003193,  0.000105652  0.000010132
CONST: 026 | 22 -1.74329e-05 0 -1.54733e-05 1.77212e-06 7.37332e-06 0

ABS:   027 |  0.000461992  0.000000000 -0.000015473  0.000001772  0.000007373  0.000000000 |          4.7 |  0.000011523  0.000061355,  0.000156052  0.000559239
DIFF:  027 |  0.000479425  0.000000000  0.000000000  0.000000000  0.000000000  0.000000000 |          0.8 | -0.000029362  0.000002450, -0.000000004  0.000000000
MOVE:  027 | -0.000000008  0.000000000 -0.000377473  0.001851772  0.001121373  0.000000000 |          0.3 |  0.000035399  0.000005642,  0.000105648  0.000010132
CONST: 027 | 22 0.000461992 0 -1.54733e-05 1.77212e-06 7.37332e-06 0

ABS:   028 | -0.000379475  0.000000000 -0.000015473  0.000001772  0.000007373  0.000000000 |          3.9 |  0.000016747  0.000067650,  0.000156059  0.000559239
DIFF:  028 | -0.000841467  0.000000000  0.000000000  0.000000000  0.000000000  0.000000000 |         -0.8 |  0.000005224  0.000006296,  0.000000006  0.000000000
MOVE:  028 | -0.000841475  0.000000000 -0.000377473  0.001851772  0.001121373  0.000000000 |         -0.5 |  0.000040623  0.000011938,  0.000105654  0.000010132
CONST: 028 | 22 -0.000379475 0 -1.54733e-05 1.77212e-06 7.37332e-06 0

ABS:   029 | -0.000017433  0.000479426 -0.000015473  0.000001772  0.000007373  0.000000000 |          3.6 |  0.000001031  0.000081457,  0.000332351  0.000515504
DIFF:  029 |  0.000362043  0.000479426  0.000000000  0.000000000  0.000000000  0.000000000 |         -0.3 | -0.000015716  0.000013807,  0.000176292 -0.000043736
MOVE:  029 | -0.000479433  0.000479426 -0.000377473  0.001851772  0.001121373  0.000000000 |         -0.8 |  0.000024907  0.000025745,  0.000281947 -0.000033604
CONST: 029 | 22 -1.74329e-05 0.000479426 -1.54733e-05 1.77212e-06 7.37332e-06 0

ABS:   030 | -0.000017433 -0.000479426 -0.000015473  0.000001772  0.000007373  0.000000000 |          4.1 | -0.000003012  0.000056842, -0.000026699  0.000585081
DIFF:  030 |  0.000000000 -0.000958851  0.000000000  0.000000000  0.000000000  0.000000000 |          0.5 | -0.000004043 -0.000024615, -0.000359050  0.000069578
MOVE:  030 | -0.000479433 -0.000479426 -0.000377473  0.001851772  0.001121373  0.000000000 |         -0.2 |  0.000020864  0.000001130, -0.000077104  0.000035974
CONST: 030 | 22 -1.74329e-05 -0.000479426 -1.54733e-05 1.77212e-06 7.37332e-06 0

ABS:   031 | -0.000017433  0.000000000  0.004821575  0.000001772  0.000007373  0.000000000 |          0.3 |  0.000040850  0.000058905,  0.000036464  0.000646139
DIFF:  031 |  0.000000000  0.000479426  0.004837048  0.000000000  0.000000000  0.000000000 |         -3.8 |  0.000043861  0.000002063,  0.000063164  0.000061058
MOVE:  031 | -0.000479433  0.000000000  0.004459575  0.001851772  0.001121373  0.000000000 |         -4.0 |  0.000064726  0.000003193, -0.000013940  0.000097032
CONST: 031 | 22 -1.74329e-05 0 0.00482157 1.77212e-06 7.37332e-06 0

ABS:   032 | -0.000017433  0.000000000 -0.004760103  0.000001772  0.000007373  0.000000000 |          0.2 |  0.000040919  0.000058905, -0.000290353  0.000535807
DIFF:  032 |  0.000000000  0.000000000 -0.009581677  0.000000000  0.000000000  0.000000000 |         -0.0 |  0.000000069 -0.000000000, -0.000326818 -0.000110333
MOVE:  032 | -0.000479433  0.000000000 -0.005122103  0.001851772  0.001121373  0.000000000 |         -4.1 |  0.000064795  0.000003192, -0.000340758 -0.000013301
CONST: 032 | 22 -1.74329e-05 0 -0.0047601 1.77212e-06 7.37332e-06 0

ABS:   033 | -0.000017433  0.000000000 -0.000015473  0.023729914  0.000007373  0.000000000 |          2.9 | -0.000018453  0.000062248, -0.000296883  0.000577579
DIFF:  033 |  0.000000000  0.000000000  0.004744629  0.023728142  0.000000000  0.000000000 |          2.7 | -0.000059372  0.000003343, -0.000006530  0.000041772
MOVE:  033 | -0.000479433  0.000000000 -0.000377473  0.025579914  0.001121373  0.000000000 |         -1.4 |  0.000005423  0.000006536, -0.000347287  0.000028471
CONST: 033 | 22 -1.74329e-05 0 -1.54733e-05 0.0237299 7.37332e-06 0

ABS:   034 | -0.000017433  0.000000000 -0.000015473 -0.024179749  0.000007373  0.000000000 |          1.8 | -0.000016919  0.000072555,  0.000333250  0.000596165
DIFF:  034 |  0.000000000  0.000000000  0.000000000 -0.047909663  0.000000000  0.000000000 |         -1.1 |  0.000001534  0.000010307,  0.000630133  0.000018585
MOVE:  034 | -0.000479433  0.000000000 -0.000377473 -0.022329749  0.001121373  0.000000000 |         -2.5 |  0.000006957  0.000016843,  0.000282846  0.000047057
CONST: 034 | 22 -1.74329e-05 0 -1.54733e-05 -0.0241797 7.37332e-06 0

ABS:   035 | -0.000017433  0.000000000 -0.000015473  0.000001772  0.023835345  0.000000000 |          3.4 | -0.000024938  0.000066603,  0.000113651  0.000540126
DIFF:  035 |  0.000000000  0.000000000  0.000000000  0.024181521  0.023827972  0.000000000 |          1.6 | -0.000008018 -0.000005952, -0.000219600 -0.000056039
MOVE:  035 | -0.000479433  0.000000000 -0.000377473  0.001851772  0.024949345  0.000000000 |         -0.9 | -0.000001061  0.000010890,  0.000063246 -0.000008982
CONST: 035 | 22 -1.74329e-05 0 -1.54733e-05 1.77212e-06 0.0238353 0

ABS:   036 | -0.000017433  0.000000000 -0.000015473  0.000001772 -0.024095150  0.000000000 |          4.2 | -0.000064953  0.000036921,  0.000202883  0.000568180
DIFF:  036 |  0.000000000  0.000000000  0.000000000  0.000000000 -0.047930495  0.000000000 |          0.8 | -0.000040016 -0.000029682,  0.000089232  0.000028055
MOVE:  036 | -0.000479433  0.000000000 -0.000377473  0.001851772 -0.022981150  0.000000000 |         -0.1 | -0.000041077 -0.000018791,  0.000152478  0.000019073
CONST: 036 | 22 -1.74329e-05 0 -1.54733e-05 1.77212e-06 -0.0240951 0

ABS:   037 | -0.000017433  0.000000000 -0.000015473  0.000001772  0.000007373  0.019470966 |          3.7 |  0.000038813  0.000060705,  0.000137045  0.000548626
DIFF:  037 |  0.000000000  0.000000000  0.000000000  0.000000000  0.024102523  0.019470966 |         -0.5 |  0.000103766  0.000023784, -0.000065838 -0.000019555
MOVE:  037 | -0.000479433  0.000000000 -0.000377473  0.001851772  0.001121373  0.019470966 |         -0.7 |  0.000062689  0.000004993,  0.000086641 -0.000000482
CONST: 037 | 22 -1.74329e-05 0 -1.54733e-05 1.77212e-06 7.37332e-06 0.019471

ABS:   038 | -0.000017433  0.000000000 -0.000015473  0.000001772  0.000007373 -0.019470966 |          4.0 |  0.000027084  0.000073487,  0.000209919  0.000554492
DIFF:  038 |  0.000000000  0.000000000  0.000000000  0.000000000  0.000000000 -0.038941932 |          0.3 | -0.000011729  0.000012782,  0.000072874  0.000005867
MOVE:  038 | -0.000479433  0.000000000 -0.000377473  0.001851772  0.001121373 -0.019470966 |         -0.3 |  0.000050960  0.000017775,  0.000159515  0.000005385
CONST: 038 | 22 -1.74329e-05 0 -1.54733e-05 1.77212e-06 7.37332e-06 -0.019471

ABS:   039 | -0.000017433  0.000000000 -0.000015473  0.000001772  0.000007373  0.000000000 |          3.9 |  0.000040884  0.000058905,  0.000156056  0.000559239
DIFF:  039 |  0.000000000  0.000000000  0.000000000  0.000000000  0.000000000  0.019470966 |         -0.1 |  0.000013800 -0.000014582, -0.000053863  0.000004747
MOVE:  039 | -0.000479433  0.000000000 -0.000377473  0.001851772  0.001121373  0.000000000 |         -0.4 |  0.000064761  0.000003193,  0.000105652  0.000010132
CONST: 039 | 22 -1.74329e-05 0 -1.54733e-05 1.77212e-06 7.37332e-06 0

ABS:   040 |  0.000461992  0.000000000 -0.000015473  0.000001772  0.000007373  0.000000000 |          4.7 |  0.000011523  0.000061355,  0.000156052  0.000559239
DIFF:  040 |  0.000479425  0.000000000  0.000000000  0.000000000  0.000000000  0.000000000 |          0.8 | -0.000029362  0.000002450, -0.000000004  0.000000000
MOVE:  040 | -0.000000008  0.000000000 -0.000377473  0.001851772  0.001121373  0.000000000 |          0.3 |  0.000035399  0.000005642,  0.000105648  0.000010132
CONST: 040 | 22 0.000461992 0 -1.54733e-05 1.77212e-06 7.37332e-06 0

ABS:   041 | -0.000379475  0.000000000 -0.000015473  0.000001772  0.000007373  0.000000000 |          3.9 |  0.000016747  0.000067650,  0.000156059  0.000559239
DIFF:  041 | -0.000841467  0.000000000  0.000000000  0.000000000  0.000000000  0.000000000 |         -0.8 |  0.000005224  0.000006296,  0.000000006  0.000000000
MOVE:  041 | -0.000841475  0.000000000 -0.000377473  0.001851772  0.001121373  0.000000000 |         -0.5 |  0.000040623  0.000011938,  0.000105654  0.000010132
CONST: 041 | 22 -0.000379475 0 -1.54733e-05 1.77212e-06 7.37332e-06 0

ABS:   042 | -0.000017433  0.000479426 -0.000015473  0.000001772  0.000007373  0.000000000 |          3.6 |  0.000001031  0.000081457,  0.000332351  0.000515504
DIFF:  042 |  0.000362043  0.000479426  0.000000000  0.000000000  0.000000000  0.000000000 |         -0.3 | -0.000015716  0.000013807,  0.000176292 -0.000043736
MOVE:  042 | -0.000479433  0.000479426 -0.000377473  0.001851772  0.001121373  0.000000000 |         -0.8 |  0.000024907  0.000025745,  0.000281947 -0.000033604
CONST: 042 | 22 -1.74329e-05 0.000479426 -1.54733e-05 1.77212e-06 7.37332e-06 0

ABS:   043 | -0.000017433 -0.000479426 -0.000015473  0.000001772  0.000007373  0.000000000 |          4.1 | -0.000003012  0.000056842, -0.000026699  0.000585081
DIFF:  043 |  0.000000000 -0.000958851  0.000000000  0.000000000  0.000000000  0.000000000 |          0.5 | -0.000004043 -0.000024615, -0.000359050  0.000069578
MOVE:  043 | -0.000479433 -0.000479426 -0.000377473  0.001851772  0.001121373  0.000000000 |         -0.2 |  0.000020864  0.000001130, -0.000077104  0.000035974
CONST: 043 | 22 -1.74329e-05 -0.000479426 -1.54733e-05 1.77212e-06 7.37332e-06 0

ABS:   044 | -0.000017433  0.000000000  0.004821575  0.000001772  0.000007373  0.000000000 |          0.3 |  0.000040850  0.000058905,  0.000036464  0.000646139
DIFF:  044 |  0.000000000  0.000479426  0.004837048  0.000000000  0.000000000  0.000000000 |         -3.8 |  0.000043861  0.000002063,  0.000063164  0.000061058
MOVE:  044 | -0.000479433  0.000000000  0.004459575  0.001851772  0.001121373  0.000000000 |         -4.0 |  0.000064726  0.000003193, -0.000013940  0.000097032
CONST: 044 | 22 -1.74329e-05 0 0.00482157 1.77212e-06 7.37332e-06 0

ABS:   045 | -0.000017433  0.000000000 -0.004760103  0.000001772  0.000007373  0.000000000 |          0.2 |  0.000040919  0.000058905, -0.000290353  0.000535807
DIFF:  045 |  0.000000000  0.000000000 -0.009581677  0.000000000  0.000000000  0.000000000 |         -0.0 |  0.000000069 -0.000000000, -0.000326818 -0.000110333
MOVE:  045 | -0.000479433  0.000000000 -0.005122103  0.001851772  0.001121373  0.000000000 |         -4.1 |  0.000064795  0.000003192, -0.000340758 -0.000013301
CONST: 045 | 22 -1.74329e-05 0 -0.0047601 1.77212e-06 7.37332e-06 0

ABS:   046 | -0.000017433  0.000000000 -0.000015473  0.023729914  0.000007373  0.000000000 |          2.9 | -0.000018453  0.000062248, -0.000296883  0.000577579
DIFF:  046 |  0.000000000  0.000000000  0.004744629  0.023728142  0.000000000  0.000000000 |          2.7 | -0.000059372  0.000003343, -0.000006530  0.000041772
MOVE:  046 | -0.000479433  0.000000000 -0.000377473  0.025579914  0.001121373  0.000000000 |         -1.4 |  0.000005423  0.000006536, -0.000347287  0.000028471
CONST: 046 | 22 -1.74329e-05 0 -1.54733e-05 0.0237299 7.37332e-06 0

ABS:   047 | -0.000017433  0.000000000 -0.000015473 -0.024179749  0.000007373  0.000000000 |          1.8 | -0.000016919  0.000072555,  0.000333250  0.000596165
DIFF:  047 |  0.000000000  0.000000000  0.000000000 -0.047909663  0.000000000  0.000000000 |         -1.1 |  0.000001534  0.000010307,  0.000630133  0.000018585
MOVE:  047 | -0.000479433  0.000000000 -0.000377473 -0.022329749  0.001121373  0.000000000 |         -2.5 |  0.000006957  0.000016843,  0.000282846  0.000047057
CONST: 047 | 22 -1.74329e-05 0 -1.54733e-05 -0.0241797 7.37332e-06 0

ABS:   048 | -0.000017433  0.000000000 -0.000015473  0.000001772  0.023835345  0.000000000 |          3.4 | -0.000024938  0.000066603,  0.000113651  0.000540126
DIFF:  048 |  0.000000000  0.000000000  0.000000000  0.024181521  0.023827972  0.000000000 |          1.6 | -0.000008018 -0.000005952, -0.000219600 -0.000056039
MOVE:  048 | -0.000479433  0.000000000 -0.000377473  0.001851772  0.024949345  0.000000000 |         -0.9 | -0.000001061  0.000010890,  0.000063246 -0.000008982
CONST: 048 | 22 -1.74329e-05 0 -1.54733e-05 1.77212e-06 0.0238353 0

ABS:   049 | -0.000017433  0.000000000 -0.000015473  0.000001772 -0.024095150  0.000000000 |          4.2 | -0.000064953  0.000036921,  0.000202883  0.000568180
DIFF:  049 |  0.000000000  0.000000000  0.000000000  0.000000000 -0.047930495  0.000000000 |          0.8 | -0.000040016 -0.000029682,  0.000089232  0.000028055
MOVE:  049 | -0.000479433  0.000000000 -0.000377473  0.001851772 -0.022981150  0.000000000 |         -0.1 | -0.000041077 -0.000018791,  0.000152478  0.000019073
CONST: 049 | 22 -1.74329e-05 0 -1.54733e-05 1.77212e-06 -0.0240951 0

ABS:   050 | -0.000017433  0.000000000 -0.000015473  0.000001772  0.000007373  0.019470966 |          3.7 |  0.000038813  0.000060705,  0.000137045  0.000548626
DIFF:  050 |  0.000000000  0.000000000  0.000000000  0.000000000  0.024102523  0.019470966 |         -0.5 |  0.000103766  0.000023784, -0.000065838 -0.000019555
MOVE:  050 | -0.000479433  0.000000000 -0.000377473  0.001851772  0.001121373  0.019470966 |         -0.7 |  0.000062689  0.000004993,  0.000086641 -0.000000482
CONST: 050 | 22 -1.74329e-05 0 -1.54733e-05 1.77212e-06 7.37332e-06 0.019471

ABS:   051 | -0.000017433  0.000000000 -0.000015473  0.000001772  0.000007373 -0.019470966 |          4.0 |  0.000027084  0.000073487,  0.000209919  0.000554492
DIFF:  051 |  0.000000000  0.000000000  0.000000000  0.000000000  0.000000000 -0.038941932 |          0.3 | -0.000011729  0.000012782,  0.000072874  0.000005867
MOVE:  051 | -0.000479433  0.000000000 -0.000377473  0.001851772  0.001121373 -0.019470966 |         -0.3 |  0.000050960  0.000017775,  0.000159515  0.000005385
CONST: 051 | 22 -1.74329e-05 0 -1.54733e-05 1.77212e-06 7.37332e-06 -0.019471

ABS:   052 |  0.000072574  0.000000000 -0.000015473  0.000001772  0.000007373  0.000000000 |          3.9 | -0.000013599  0.000065683,  0.000156055  0.000559239
DIFF:  052 |  0.000090007  0.000000000  0.000000000  0.000000000  0.000000000  0.019470966 |         -0.1 | -0.000040683 -0.000007804, -0.000053864  0.000004747
MOVE:  052 | -0.000389426  0.000000000 -0.000377473  0.001851772  0.001121373  0.000000000 |         -0.5 |  0.000010277  0.000009971,  0.000105651  0.000010132
CONST: 052 | 22 7.2574e-05 0 -1.54733e-05 1.77212e-06 7.37332e-06 0

ABS:   053 | -0.000102649  0.000000000 -0.000015473  0.000001772  0.000007373  0.000000000 |          3.9 | -0.000001217  0.000052246,  0.000156057  0.000559239
DIFF:  053 | -0.000175223  0.000000000  0.000000000  0.000000000  0.000000000  0.000000000 |         -0.0 |  0.000012382 -0.000013437,  0.000000001 -0.000000000
MOVE:  053 | -0.000564649  0.000000000 -0.000377473  0.001851772  0.001121373  0.000000000 |         -0.5 |  0.000022659 -0.000003466,  0.000105652  0.000010132
CONST: 053 | 22 -0.000102649 0 -1.54733e-05 1.77212e-06 7.37332e-06 0

ABS:   054 | -0.000017433  0.000099833 -0.000015473  0.000001772  0.000007373  0.000000000 |          3.6 |  0.000049324  0.000059776,  0.000210141  0.000532047
DIFF:  054 |  0.000085216  0.000099833  0.000000000  0.000000000  0.000000000  0.000000000 |         -0.2 |  0.000050541  0.000007530,  0.000054084 -0.000027192
MOVE:  054 | -0.000479433  0.000099833 -0.000377473  0.001851772  0.001121373  0.000000000 |         -0.7 |  0.000073200  0.000004063,  0.000159736 -0.000017061
CONST: 054 | 22 -1.74329e-05 9.98334e-05 -1.54733e-05 1.77212e-06 7.37332e-06 0

ABS:   055 | -0.000017433 -0.000099833 -0.000015473  0.000001772  0.000007373  0.000000000 |          3.8 |  0.000034700  0.000057784,  0.000104120  0.000562322
DIFF:  055 |  0.000000000 -0.000199667  0.000000000  0.000000000  0.000000000  0.000000000 |          0.2 | -0.000014624 -0.000001991, -0.000106021  0.000030275
MOVE:  055 | -0.000479433 -0.000099833 -0.000377473  0.001851772  0.001121373  0.000000000 |         -0.5 |  0.000058576  0.000002072,  0.000053715  0.000013215
CONST: 055 | 22 -1.74329e-05 -9.98334e-05 -1.54733e-05 1.77212e-06 7.37332e-06 0

ABS:   056 | -0.000017433  0.000000000  0.000984035  0.000001772  0.000007373  0.000000000 |          3.5 |  0.000040877  0.000058905, -0.000298397  0.000510085
DIFF:  056 |  0.000000000  0.000099833  0.000999508  0.000000000  0.000000000  0.000000000 |         -0.4 |  0.000006177  0.000001121, -0.000402516 -0.000052237
MOVE:  056 | -0.000479433  0.000000000  0.000622035  0.001851772  0.001121373  0.000000000 |         -0.9 |  0.000064753  0.000003193, -0.000348801 -0.000039022
CONST: 056 | 22 -1.74329e-05 0 0.000984035 1.77212e-06 7.37332e-06 0

ABS:   057 | -0.000017433  0.000000000 -0.001011210  0.000001772  0.000007373  0.000000000 |          2.9 |  0.000040892  0.000058905,  0.000459930  0.000520089
DIFF:  057 |  0.000000000  0.000000000 -0.001995245  0.000000000  0.000000000  0.000000000 |         -0.5 |  0.000000014 -0.000000000,  0.000758326  0.000010003
MOVE:  057 | -0.000479433  0.000000000 -0.001373210  0.001851772  0.001121373  0.000000000 |         -1.4 |  0.000064768  0.000003193,  0.000409525 -0.000029019
CONST: 057 | 22 -1.74329e-05 0 -0.00101121 1.77212e-06 7.37332e-06 0

ABS:   058 | -0.000017433  0.000000000  0.000184446  0.000001772  0.000007373  0.000000000 |          3.5 |  0.000040883  0.000058905,  0.000073818  0.000545761
DIFF:  058 |  0.000000000  0.000000000  0.001195657  0.000000000  0.000000000  0.000000000 |          0.6 | -0.000000009  0.000000000, -0.000386111  0.000025672
MOVE:  058 | -0.000479433  0.000000000 -0.000177554  0.001851772  0.001121373  0.000000000 |         -0.8 |  0.000064759  0.000003193,  0.000023414 -0.000003347
CONST: 058 | 22 -1.74329e-05 0 0.000184446 1.77212e-06 7.37332e-06 0

ABS:   059 | -0.000017433  0.000000000 -0.000215242  0.000001772  0.000007373  0.000000000 |          4.1 |  0.000040886  0.000058905,  0.000266543  0.000549445
DIFF:  059 |  0.000000000  0.000000000 -0.000399688  0.000000000  0.000000000  0.000000000 |          0.5 |  0.000000003 -0.000000000,  0.000192725  0.000003684
MOVE:  059 | -0.000479433  0.000000000 -0.000577242  0.001851772  0.001121373  0.000000000 |         -0.2 |  0.000064762  0.000003193,  0.000216139  0.000000337
CONST: 059 | 22 -1.74329e-05 0 -0.000215242 1.77212e-06 7.37332e-06 0

