ABS:   itr |       deltaX       deltaY       deltaZ         phiX         phiY         phiZ |        chisq |    rphi mean     rphi rms,       z mean        z rms
ABS:   =========================================================================================================================================================
DIFF:  itr |       deltaX       deltaY       deltaZ         phiX         phiY         phiZ |        chisq |    rphi mean     rphi rms,       z mean        z rms
DIFF:  =========================================================================================================================================================
MOVE:  itr |       deltaX       deltaY       deltaZ         phiX         phiY         phiZ |        chisq |    rphi mean     rphi rms,       z mean        z rms
MOVE:  =========================================================================================================================================================
ABS:   001 |  0.000096000 -0.000201000  0.000413000 -0.000730000  0.004051000  0.000000000 |         44.4 | -0.000006313  0.000055818, -0.000059127  0.000554354
CONST: 001 | 27 9.6e-05 -0.000201 0.000413 -0.00073 0.004051 0

ABS:   001 |  0.000096000 -0.000201000  0.000413000 -0.000730000  0.004051000  0.000000000 |         44.4 | -0.000006313  0.000055818, -0.000059127  0.000554354
CONST: 001 | 27 9.6e-05 -0.000201 0.000413 -0.00073 0.004051 0

ABS:   002 |  0.000096100 -0.000201000  0.000413000 -0.000730000  0.004051000  0.000000000 |         44.4 | -0.000006246  0.000055789, -0.000059127  0.000554354
DIFF:  002 |  0.000000100  0.000000000  0.000000000 -0.000000000 -0.000000000  0.000000000 |         -0.0 |  0.000000068 -0.000000030, -0.000000000 -0.000000000
MOVE:  002 |  0.000000100  0.000000000  0.000000000 -0.000000000 -0.000000000  0.000000000 |         -0.0 |  0.000000068 -0.000000030, -0.000000000 -0.000000000
CONST: 002 | 27 9.61e-05 -0.000201 0.000413 -0.00073 0.004051 0

ABS:   003 |  0.000095900 -0.000201000  0.000413000 -0.000730000  0.004051000  0.000000000 |         44.4 | -0.000006384  0.000055796, -0.000059126  0.000554354
DIFF:  003 | -0.000000200  0.000000000  0.000000000  0.000000000  0.000000000  0.000000000 |          0.0 | -0.000000138  0.000000007,  0.000000001  0.000000000
MOVE:  003 | -0.000000100  0.000000000  0.000000000 -0.000000000 -0.000000000  0.000000000 |         -0.0 | -0.000000071 -0.000000023,  0.000000000  0.000000000
CONST: 003 | 27 9.59e-05 -0.000201 0.000413 -0.00073 0.004051 0

ABS:   004 |  0.000096010 -0.000201000  0.000413000 -0.000730000  0.004051000  0.000000000 |         44.4 | -0.000006303  0.000055818, -0.000059127  0.000554354
DIFF:  004 |  0.000000110  0.000000000  0.000000000  0.000000000  0.000000000  0.000000000 |          0.0 |  0.000000081  0.000000023, -0.000000000 -0.000000000
MOVE:  004 |  0.000000010  0.000000000  0.000000000 -0.000000000 -0.000000000  0.000000000 |         -0.0 |  0.000000010  0.000000000, -0.000000000 -0.000000000
CONST: 004 | 27 9.601e-05 -0.000201 0.000413 -0.00073 0.004051 0

ABS:   005 |  0.000095990 -0.000201000  0.000413000 -0.000730000  0.004051000  0.000000000 |         44.4 | -0.000006323  0.000055818, -0.000059127  0.000554354
DIFF:  005 | -0.000000020  0.000000000  0.000000000  0.000000000  0.000000000  0.000000000 |          0.0 | -0.000000020 -0.000000000,  0.000000000  0.000000000
MOVE:  005 | -0.000000010  0.000000000  0.000000000 -0.000000000 -0.000000000  0.000000000 |          0.0 | -0.000000010 -0.000000000,  0.000000000 -0.000000000
CONST: 005 | 27 9.599e-05 -0.000201 0.000413 -0.00073 0.004051 0

ABS:   006 |  0.000096000 -0.000200900  0.000413000 -0.000730000  0.004051000  0.000000000 |         44.4 | -0.000006311  0.000055817, -0.000059103  0.000554348
DIFF:  006 |  0.000000010  0.000000100  0.000000000  0.000000000  0.000000000  0.000000000 |         -0.0 |  0.000000012 -0.000000001,  0.000000023 -0.000000006
MOVE:  006 | -0.000000000  0.000000100  0.000000000 -0.000000000 -0.000000000  0.000000000 |         -0.0 |  0.000000002 -0.000000001,  0.000000023 -0.000000006
CONST: 006 | 27 9.6e-05 -0.0002009 0.000413 -0.00073 0.004051 0

ABS:   007 |  0.000096000 -0.000201100  0.000413000 -0.000730000  0.004051000  0.000000000 |         44.4 | -0.000006315  0.000055820, -0.000059150  0.000554360
DIFF:  007 |  0.000000000 -0.000000200  0.000000000  0.000000000  0.000000000  0.000000000 |          0.0 | -0.000000004  0.000000003, -0.000000046  0.000000012
MOVE:  007 | -0.000000000 -0.000000100  0.000000000 -0.000000000 -0.000000000  0.000000000 |          0.0 | -0.000000002  0.000000001, -0.000000023  0.000000006
CONST: 007 | 27 9.6e-05 -0.0002011 0.000413 -0.00073 0.004051 0

ABS:   008 |  0.000096000 -0.000200723  0.000413000 -0.000730000  0.004051000  0.000000000 |         44.4 | -0.000006308  0.000055815, -0.000059062  0.000554337
DIFF:  008 |  0.000000000  0.000000377  0.000000000  0.000000000  0.000000000  0.000000000 |         -0.0 |  0.000000008 -0.000000005,  0.000000088 -0.000000023
MOVE:  008 | -0.000000000  0.000000277  0.000000000 -0.000000000 -0.000000000  0.000000000 |         -0.0 |  0.000000006 -0.000000004,  0.000000064 -0.000000017
CONST: 008 | 27 9.6e-05 -0.000200723 0.000413 -0.00073 0.004051 0

ABS:   009 |  0.000096000 -0.000201277  0.000413000 -0.000730000  0.004051000  0.000000000 |         44.4 | -0.000006290  0.000055799, -0.000059501  0.000554580
DIFF:  009 |  0.000000000 -0.000000555  0.000000000  0.000000000  0.000000000  0.000000000 |          0.0 |  0.000000018 -0.000000015, -0.000000439  0.000000243
MOVE:  009 | -0.000000000 -0.000000277  0.000000000 -0.000000000 -0.000000000  0.000000000 |          0.0 |  0.000000024 -0.000000019, -0.000000375  0.000000226
CONST: 009 | 27 9.6e-05 -0.000201277 0.000413 -0.00073 0.004051 0

ABS:   010 |  0.000096000 -0.000200972  0.000413000 -0.000730000  0.004051000  0.000000000 |         44.4 | -0.000006313  0.000055818, -0.000059120  0.000554352
DIFF:  010 |  0.000000000  0.000000305  0.000000000  0.000000000  0.000000000  0.000000000 |         -0.0 | -0.000000023  0.000000019,  0.000000381 -0.000000227
MOVE:  010 | -0.000000000  0.000000028  0.000000000 -0.000000000 -0.000000000  0.000000000 |         -0.0 |  0.000000001 -0.000000000,  0.000000006 -0.000000002
CONST: 010 | 27 9.6e-05 -0.000200972 0.000413 -0.00073 0.004051 0

ABS:   011 |  0.000096000 -0.000201028  0.000413000 -0.000730000  0.004051000  0.000000000 |         44.4 | -0.000006314  0.000055819, -0.000059133  0.000554356
DIFF:  011 |  0.000000000 -0.000000055  0.000000000  0.000000000  0.000000000  0.000000000 |          0.0 | -0.000000001  0.000000001, -0.000000013  0.000000003
MOVE:  011 | -0.000000000 -0.000000028  0.000000000 -0.000000000 -0.000000000  0.000000000 |          0.0 | -0.000000001  0.000000000, -0.000000006  0.000000002
CONST: 011 | 27 9.6e-05 -0.000201028 0.000413 -0.00073 0.004051 0

ABS:   012 |  0.000096000 -0.000201000  0.000418002 -0.000730000  0.004051000  0.000000000 |         44.3 | -0.000006334  0.000055818, -0.000062543  0.000553799
DIFF:  012 |  0.000000000  0.000000028  0.000005002  0.000000000  0.000000000  0.000000000 |         -0.1 | -0.000000020 -0.000000000, -0.000003410 -0.000000557
MOVE:  012 | -0.000000000  0.000000000  0.000005002 -0.000000000 -0.000000000  0.000000000 |         -0.1 | -0.000000020  0.000000000, -0.000003416 -0.000000556
CONST: 012 | 27 9.6e-05 -0.000201 0.000418002 -0.00073 0.004051 0

ABS:   013 |  0.000096000 -0.000201000  0.000407998 -0.000730000  0.004051000  0.000000000 |         44.4 | -0.000006293  0.000055818, -0.000057056  0.000554290
DIFF:  013 |  0.000000000  0.000000000 -0.000010004  0.000000000  0.000000000  0.000000000 |          0.0 |  0.000000041 -0.000000000,  0.000005487  0.000000491
MOVE:  013 | -0.000000000  0.000000000 -0.000005002 -0.000000000 -0.000000000  0.000000000 |         -0.0 |  0.000000020 -0.000000000,  0.000002071 -0.000000064
CONST: 013 | 27 9.6e-05 -0.000201 0.000407998 -0.00073 0.004051 0

ABS:   014 |  0.000096000 -0.000201000  0.000413500 -0.000730000  0.004051000  0.000000000 |         44.3 | -0.000006315  0.000055818, -0.000058661  0.000554215
DIFF:  014 |  0.000000000  0.000000000  0.000005502  0.000000000  0.000000000  0.000000000 |         -0.0 | -0.000000022  0.000000000, -0.000001605 -0.000000075
MOVE:  014 | -0.000000000  0.000000000  0.000000500 -0.000000000 -0.000000000  0.000000000 |         -0.0 | -0.000000002  0.000000000,  0.000000466 -0.000000139
CONST: 014 | 27 9.6e-05 -0.000201 0.0004135 -0.00073 0.004051 0

ABS:   015 |  0.000096000 -0.000201000  0.000412500 -0.000730000  0.004051000  0.000000000 |         44.4 | -0.000006311  0.000055818, -0.000058937  0.000554563
DIFF:  015 |  0.000000000  0.000000000 -0.000001000  0.000000000  0.000000000  0.000000000 |          0.1 |  0.000000004 -0.000000000, -0.000000276  0.000000347
MOVE:  015 | -0.000000000  0.000000000 -0.000000500 -0.000000000 -0.000000000  0.000000000 |          0.0 |  0.000000002 -0.000000000,  0.000000190  0.000000209
CONST: 015 | 27 9.6e-05 -0.000201 0.0004125 -0.00073 0.004051 0

ABS:   016 |  0.000096000 -0.000201000  0.000413000 -0.000726000  0.004051000  0.000000000 |         44.4 | -0.000006291  0.000055800, -0.000059382  0.000554356
DIFF:  016 |  0.000000000  0.000000000  0.000000500  0.000004000  0.000000000  0.000000000 |         -0.0 |  0.000000020 -0.000000019, -0.000000445 -0.000000207
MOVE:  016 | -0.000000000  0.000000000  0.000000000  0.000004000 -0.000000000  0.000000000 |         -0.0 |  0.000000022 -0.000000019, -0.000000255  0.000000002
CONST: 016 | 27 9.6e-05 -0.000201 0.000413 -0.000726 0.004051 0

ABS:   017 |  0.000096000 -0.000201000  0.000413000 -0.000734000  0.004051000  0.000000000 |         44.4 | -0.000006306  0.000055814, -0.000059182  0.000554561
DIFF:  017 |  0.000000000  0.000000000  0.000000000 -0.000008000  0.000000000  0.000000000 |          0.0 | -0.000000015  0.000000015,  0.000000200  0.000000205
MOVE:  017 | -0.000000000  0.000000000  0.000000000 -0.000004000 -0.000000000  0.000000000 |          0.0 |  0.000000007 -0.000000004, -0.000000055  0.000000207
CONST: 017 | 27 9.6e-05 -0.000201 0.000413 -0.000734 0.004051 0

ABS:   018 |  0.000096000 -0.000201000  0.000413000 -0.000729600  0.004051000  0.000000000 |         44.4 | -0.000006314  0.000055819, -0.000059152  0.000554354
DIFF:  018 |  0.000000000  0.000000000  0.000000000  0.000004400  0.000000000  0.000000000 |         -0.0 | -0.000000008  0.000000004,  0.000000030 -0.000000207
MOVE:  018 | -0.000000000  0.000000000  0.000000000  0.000000400 -0.000000000  0.000000000 |          0.0 | -0.000000001  0.000000000, -0.000000025  0.000000000
CONST: 018 | 27 9.6e-05 -0.000201 0.000413 -0.0007296 0.004051 0

ABS:   019 |  0.000096000 -0.000201000  0.000413000 -0.000730400  0.004051000  0.000000000 |         44.4 | -0.000006313  0.000055818, -0.000059101  0.000554354
DIFF:  019 |  0.000000000  0.000000000  0.000000000 -0.000000800  0.000000000  0.000000000 |         -0.0 |  0.000000001 -0.000000001,  0.000000051 -0.000000000
MOVE:  019 | -0.000000000  0.000000000  0.000000000 -0.000000400 -0.000000000  0.000000000 |         -0.0 |  0.000000001 -0.000000000,  0.000000025 -0.000000000
CONST: 019 | 27 9.6e-05 -0.000201 0.000413 -0.0007304 0.004051 0

ABS:   020 |  0.000096000 -0.000201000  0.000413000 -0.000726310  0.004051000  0.000000000 |         44.4 | -0.000006291  0.000055799, -0.000059362  0.000554356
DIFF:  020 |  0.000000000  0.000000000  0.000000000  0.000004090  0.000000000  0.000000000 |         -0.0 |  0.000000022 -0.000000018, -0.000000261  0.000000002
MOVE:  020 | -0.000000000  0.000000000  0.000000000  0.000003690 -0.000000000  0.000000000 |         -0.0 |  0.000000023 -0.000000019, -0.000000235  0.000000002
CONST: 020 | 27 9.6e-05 -0.000201 0.000413 -0.00072631 0.004051 0

ABS:   021 |  0.000096000 -0.000201000  0.000413000 -0.000733690  0.004051000  0.000000000 |         44.4 | -0.000006307  0.000055815, -0.000059202  0.000554561
DIFF:  021 |  0.000000000  0.000000000  0.000000000 -0.000007380  0.000000000  0.000000000 |          0.0 | -0.000000016  0.000000015,  0.000000160  0.000000205
MOVE:  021 | -0.000000000  0.000000000  0.000000000 -0.000003690 -0.000000000  0.000000000 |          0.0 |  0.000000007 -0.000000004, -0.000000075  0.000000207
CONST: 021 | 27 9.6e-05 -0.000201 0.000413 -0.00073369 0.004051 0

ABS:   022 |  0.000096000 -0.000201000  0.000413000 -0.000730000  0.004061001  0.000000000 |         44.4 | -0.000006175  0.000055800, -0.000059128  0.000554358
DIFF:  022 |  0.000000000  0.000000000  0.000000000  0.000003690  0.000010001  0.000000000 |         -0.0 |  0.000000131 -0.000000014,  0.000000074 -0.000000203
MOVE:  022 | -0.000000000  0.000000000  0.000000000 -0.000000000  0.000010001  0.000000000 |          0.0 |  0.000000138 -0.000000018, -0.000000001  0.000000004
CONST: 022 | 27 9.6e-05 -0.000201 0.000413 -0.00073 0.004061 0

ABS:   023 |  0.000096000 -0.000201000  0.000413000 -0.000730000  0.004040999  0.000000000 |         44.4 | -0.000006449  0.000055894, -0.000059125  0.000554350
DIFF:  023 |  0.000000000  0.000000000  0.000000000  0.000000000 -0.000020001  0.000000000 |          0.0 | -0.000000273  0.000000093,  0.000000002 -0.000000008
MOVE:  023 | -0.000000000  0.000000000  0.000000000 -0.000000000 -0.000010001  0.000000000 |          0.0 | -0.000000135  0.000000075,  0.000000001 -0.000000004
CONST: 023 | 27 9.6e-05 -0.000201 0.000413 -0.00073 0.004041 0

ABS:   024 |  0.000096000 -0.000201000  0.000413000 -0.000730000  0.004052000  0.000000000 |         44.4 | -0.000006298  0.000055793, -0.000059127  0.000554355
DIFF:  024 |  0.000000000  0.000000000  0.000000000  0.000000000  0.000011001  0.000000000 |         -0.0 |  0.000000151 -0.000000100, -0.000000001  0.000000005
MOVE:  024 | -0.000000000  0.000000000  0.000000000 -0.000000000  0.000001000  0.000000000 |         -0.0 |  0.000000015 -0.000000025, -0.000000000  0.000000000
CONST: 024 | 27 9.6e-05 -0.000201 0.000413 -0.00073 0.004052 0

ABS:   025 |  0.000096000 -0.000201000  0.000413000 -0.000730000  0.004050000  0.000000000 |         44.4 | -0.000006332  0.000055791, -0.000059127  0.000554354
DIFF:  025 |  0.000000000  0.000000000  0.000000000  0.000000000 -0.000002000  0.000000000 |         -0.0 | -0.000000034 -0.000000002,  0.000000000 -0.000000001
MOVE:  025 | -0.000000000  0.000000000  0.000000000 -0.000000000 -0.000001000  0.000000000 |         -0.0 | -0.000000019 -0.000000027,  0.000000000 -0.000000000
CONST: 025 | 27 9.6e-05 -0.000201 0.000413 -0.00073 0.00405 0

ABS:   026 |  0.000096000 -0.000201000  0.000413000 -0.000730000  0.004051100  0.000000000 |         44.4 | -0.000006312  0.000055816, -0.000059127  0.000554354
DIFF:  026 |  0.000000000  0.000000000  0.000000000  0.000000000  0.000001100  0.000000000 |          0.0 |  0.000000020  0.000000024, -0.000000000  0.000000000
MOVE:  026 | -0.000000000  0.000000000  0.000000000 -0.000000000  0.000000100  0.000000000 |         -0.0 |  0.000000002 -0.000000003, -0.000000000  0.000000000
CONST: 026 | 27 9.6e-05 -0.000201 0.000413 -0.00073 0.0040511 0

ABS:   027 |  0.000096000 -0.000201000  0.000413000 -0.000730000  0.004050900  0.000000000 |         44.4 | -0.000006315  0.000055821, -0.000059127  0.000554354
DIFF:  027 |  0.000000000  0.000000000  0.000000000  0.000000000 -0.000000200  0.000000000 |          0.0 | -0.000000003  0.000000005,  0.000000000 -0.000000000
MOVE:  027 | -0.000000000  0.000000000  0.000000000 -0.000000000 -0.000000100  0.000000000 |          0.0 | -0.000000002  0.000000003,  0.000000000 -0.000000000
CONST: 027 | 27 9.6e-05 -0.000201 0.000413 -0.00073 0.0040509 0

ABS:   028 |  0.000096000 -0.000201000  0.000413000 -0.000730000  0.004051000  0.000002000 |         44.4 | -0.000006316  0.000055818, -0.000059129  0.000554356
DIFF:  028 |  0.000000000  0.000000000  0.000000000  0.000000000  0.000000100  0.000002000 |         -0.0 | -0.000000001 -0.000000003, -0.000000002  0.000000001
MOVE:  028 | -0.000000000  0.000000000  0.000000000 -0.000000000 -0.000000000  0.000002000 |          0.0 | -0.000000002 -0.000000000, -0.000000002  0.000000001
CONST: 028 | 27 9.6e-05 -0.000201 0.000413 -0.00073 0.004051 2.00001e-06

ABS:   029 |  0.000096000 -0.000201000  0.000413000 -0.000730000  0.004051000 -0.000002000 |         44.4 | -0.000006311  0.000055818, -0.000059125  0.000554353
DIFF:  029 |  0.000000000  0.000000000  0.000000000  0.000000000  0.000000000 -0.000004000 |         -0.0 |  0.000000004  0.000000000,  0.000000004 -0.000000003
MOVE:  029 | -0.000000000  0.000000000  0.000000000 -0.000000000 -0.000000000 -0.000002000 |         -0.0 |  0.000000002  0.000000000,  0.000000002 -0.000000001
CONST: 029 | 27 9.6e-05 -0.000201 0.000413 -0.00073 0.004051 -2.00001e-06

ABS:   030 |  0.000096000 -0.000201000  0.000413000 -0.000730000  0.004051000  0.000020000 |         44.4 | -0.000006305  0.000055796, -0.000059146  0.000554367
DIFF:  030 |  0.000000000  0.000000000  0.000000000  0.000000000  0.000000000  0.000022000 |         -0.0 |  0.000000006 -0.000000023, -0.000000022  0.000000015
MOVE:  030 | -0.000000000  0.000000000  0.000000000 -0.000000000 -0.000000000  0.000020000 |         -0.0 |  0.000000008 -0.000000023, -0.000000020  0.000000013
CONST: 030 | 27 9.6e-05 -0.000201 0.000413 -0.00073 0.004051 2.00001e-05

ABS:   031 |  0.000096000 -0.000201000  0.000413000 -0.000730000  0.004051000 -0.000020000 |         44.4 | -0.000006292  0.000055819, -0.000059417  0.000554549
DIFF:  031 |  0.000000000  0.000000000  0.000000000  0.000000000  0.000000000 -0.000040000 |          0.0 |  0.000000013  0.000000023, -0.000000271  0.000000182
MOVE:  031 | -0.000000000  0.000000000  0.000000000 -0.000000000 -0.000000000 -0.000020000 |          0.0 |  0.000000021  0.000000000, -0.000000290  0.000000195
CONST: 031 | 27 9.6e-05 -0.000201 0.000413 -0.00073 0.004051 -2.00001e-05

ABS:   032 |  0.000096000 -0.000201000  0.000413000 -0.000730000  0.004051000  0.000002000 |         44.4 | -0.000006316  0.000055818, -0.000059129  0.000554356
DIFF:  032 |  0.000000000  0.000000000  0.000000000  0.000000000  0.000000000  0.000022000 |         -0.0 | -0.000000023 -0.000000000,  0.000000288 -0.000000194
MOVE:  032 | -0.000000000  0.000000000  0.000000000 -0.000000000 -0.000000000  0.000002000 |          0.0 | -0.000000002 -0.000000000, -0.000000002  0.000000001
CONST: 032 | 27 9.6e-05 -0.000201 0.000413 -0.00073 0.004051 2.00001e-06

ABS:   033 |  0.000096000 -0.000201000  0.000413000 -0.000730000  0.004051000 -0.000002000 |         44.4 | -0.000006311  0.000055818, -0.000059125  0.000554353
DIFF:  033 |  0.000000000  0.000000000  0.000000000  0.000000000  0.000000000 -0.000004000 |         -0.0 |  0.000000004  0.000000000,  0.000000004 -0.000000003
MOVE:  033 | -0.000000000  0.000000000  0.000000000 -0.000000000 -0.000000000 -0.000002000 |         -0.0 |  0.000000002  0.000000000,  0.000000002 -0.000000001
CONST: 033 | 27 9.6e-05 -0.000201 0.000413 -0.00073 0.004051 -2.00001e-06

ABS:   034 |  0.000102301 -0.000145943  0.001783952 -0.000727746  0.004360553 -0.005789279 |         31.4 |  0.000003029  0.000053248, -0.000558400  0.000460860
DIFF:  034 |  0.000006301  0.000055057  0.001370952  0.000002254  0.000309553 -0.005787279 |        -13.0 |  0.000009340 -0.000002570, -0.000499275 -0.000093492
MOVE:  034 |  0.000006301  0.000055057  0.001370952  0.000002254  0.000309553 -0.005789279 |        -13.0 |  0.000009342 -0.000002570, -0.000499273 -0.000093494
CONST: 034 | 27 0.000102301 -0.000145943 0.00178395 -0.000727746 0.00436055 -0.00578928

ABS:   035 |  0.000099607 -0.000169474  0.001199432 -0.000728710  0.004228196 -0.003318926 |         42.1 | -0.000001182  0.000053882, -0.000403397  0.000498131
DIFF:  035 | -0.000002694 -0.000023530 -0.000584521 -0.000000964 -0.000132357  0.002470353 |         10.7 | -0.000004211  0.000000634,  0.000155002  0.000037270
MOVE:  035 |  0.000003607  0.000031526  0.000786432  0.000001290  0.000177196 -0.003318926 |         -2.3 |  0.000005132 -0.000001937, -0.000344271 -0.000056223
CONST: 035 | 27 9.96069e-05 -0.000169474 0.00119943 -0.00072871 0.0042282 -0.00331893

ABS:   036 |  0.000133797  0.000123522  0.007759633 -0.000716474  0.005907904 -0.032068218 |          6.7 |  0.000009263  0.000069558, -0.000513715  0.000177621
DIFF:  036 |  0.000034191  0.000292995  0.006560201  0.000012236  0.001679708 -0.028749292 |        -35.4 |  0.000010445  0.000015677, -0.000110318 -0.000320510
MOVE:  036 |  0.000037797  0.000324522  0.007346633  0.000013526  0.001856904 -0.032068218 |        -37.7 |  0.000015577  0.000013740, -0.000454588 -0.000376734
CONST: 036 | 27 0.000133797 0.000123522 0.00775963 -0.000716474 0.0059079 -0.0320682

ABS:   037 |  0.000122260  0.000026584  0.005836484 -0.000720604  0.005341109 -0.023252405 |          8.1 |  0.000016281  0.000063820,  0.000406074  0.000674052
DIFF:  037 | -0.000011537 -0.000096937 -0.001923149 -0.000004130 -0.000566795  0.008815813 |          1.4 |  0.000007018 -0.000005738,  0.000919789  0.000496431
MOVE:  037 |  0.000026260  0.000227584  0.005423484  0.000009396  0.001290109 -0.023252405 |        -36.3 |  0.000022594  0.000008002,  0.000465201  0.000119697
CONST: 037 | 27 0.00012226 2.65844e-05 0.00583648 -0.000720604 0.00534111 -0.0232524

ABS:   038 |  0.000129869  0.000090828  0.007151167 -0.000717881  0.005714883 -0.029209055 |          7.3 |  0.000011645  0.000068324,  0.000055838  0.000189198
DIFF:  038 |  0.000007608  0.000064244  0.001314683  0.000002723  0.000373774 -0.005956650 |         -0.8 | -0.000004636  0.000004503, -0.000350236 -0.000484853
MOVE:  038 |  0.000033869  0.000291828  0.006738167  0.000012119  0.001663883 -0.029209055 |        -37.1 |  0.000017959  0.000012505,  0.000114965 -0.000365156
CONST: 038 | 27 0.000129869 9.08279e-05 0.00715117 -0.000717881 0.00571488 -0.0292091

ABS:   039 |  0.000209176  0.000635858  0.006592102 -0.000689422  0.009611468 -0.043439834 |          1.6 | -0.000015955  0.000068270, -0.000002683  0.001049754
DIFF:  039 |  0.000079308  0.000545030 -0.000559066  0.000028458  0.003896585 -0.014230780 |         -5.7 | -0.000027600 -0.000000053, -0.000058521  0.000860555
MOVE:  039 |  0.000113176  0.000836858  0.006179102  0.000040578  0.005560468 -0.043439834 |        -42.7 | -0.000009642  0.000012452,  0.000056444  0.000495399
CONST: 039 | 27 0.000209176 0.000635858 0.0065921 -0.000689422 0.00961147 -0.0434398

ABS:   040 |  0.000171541  0.000412916  0.010381380 -0.000702948  0.007762246 -0.049207811 |          2.7 | -0.000009894  0.000070663, -0.000969146  0.000000000
DIFF:  040 | -0.000037635 -0.000222942  0.003789279 -0.000013526 -0.001849222 -0.005767976 |          1.0 |  0.000006061  0.000002393, -0.000966464 -0.001049754
MOVE:  040 |  0.000075541  0.000613916  0.009968380  0.000027052  0.003711246 -0.049207811 |        -41.7 | -0.000003581  0.000014844, -0.000910020 -0.000554354
CONST: 040 | 27 0.000171541 0.000412916 0.0103814 -0.000702948 0.00776225 -0.0492078

ABS:   041 |  0.000152679  0.000274700  0.009863526 -0.000709711  0.006835556 -0.043231484 |          4.3 | -0.000000762  0.000072496, -0.000741818  0.000144447
DIFF:  041 | -0.000018862 -0.000138217 -0.000517855 -0.000006763 -0.000926691  0.005976327 |          1.6 |  0.000009132  0.000001833,  0.000227328  0.000144447
MOVE:  041 |  0.000056679  0.000475700  0.009450526  0.000020289  0.002784556 -0.043231484 |        -40.1 |  0.000005551  0.000016677, -0.000682691 -0.000409907
CONST: 041 | 27 0.000152679 0.0002747 0.00986353 -0.000709711 0.00683556 -0.0432315

ABS:   042 |  0.000143240  0.000200480  0.008993511 -0.000713093  0.006371830 -0.038227536 |          5.2 |  0.000004887  0.000070659,  0.000096319  0.000089758
DIFF:  042 | -0.000009439 -0.000074219 -0.000870014 -0.000003381 -0.000463726  0.005003948 |          0.9 |  0.000005650 -0.000001836,  0.000838137 -0.000054689
MOVE:  042 |  0.000047240  0.000401480  0.008580511  0.000016907  0.002320830 -0.038227536 |        -39.2 |  0.000011201  0.000014841,  0.000155446 -0.000464597
CONST: 042 | 27 0.00014324 0.00020048 0.00899351 -0.000713093 0.00637183 -0.0382275

ABS:   043 |  0.000152365  0.000272275  0.009840822 -0.000709824  0.006820102 -0.043085001 |          4.3 | -0.000000787  0.000072553, -0.000720046  0.000142626
DIFF:  043 |  0.000009124  0.000071795  0.000847311  0.000003269  0.000448272 -0.004857465 |         -0.8 | -0.000005674  0.000001894, -0.000816365  0.000052868
MOVE:  043 |  0.000056365  0.000473275  0.009427822  0.000020176  0.002769102 -0.043085001 |        -40.0 |  0.000005527  0.000016735, -0.000660919 -0.000411728
CONST: 043 | 27 0.000152365 0.000272275 0.00984082 -0.000709824 0.0068201 -0.043085

ABS:   044 |  0.000147803  0.000236727  0.009462111 -0.000711458  0.006595991 -0.040800585 |          4.7 |  0.000003753  0.000071660, -0.000355878  0.000116205
DIFF:  044 | -0.000004562 -0.000035548 -0.000378711 -0.000001634 -0.000224110  0.002284416 |          0.4 |  0.000004540 -0.000000894,  0.000364168 -0.000026421
MOVE:  044 |  0.000051803  0.000437727  0.009049111  0.000018542  0.002544991 -0.040800585 |        -39.6 |  0.000010066  0.000015841, -0.000296751 -0.000438149
CONST: 044 | 27 0.000147803 0.000236727 0.00946211 -0.000711458 0.00659599 -0.0408006

ABS:   045 |  0.000143266  0.000200480  0.008993511 -0.000713093  0.006371830 -0.038227536 |          5.2 |  0.000004841  0.000070702,  0.000096319  0.000089759
DIFF:  045 | -0.000004537 -0.000036246 -0.000468600 -0.000001634 -0.000224162  0.002573049 |          0.4 |  0.000001088 -0.000000957,  0.000452197 -0.000026446
MOVE:  045 |  0.000047266  0.000401480  0.008580511  0.000016907  0.002320830 -0.038227536 |        -39.2 |  0.000011154  0.000014884,  0.000155445 -0.000464596
CONST: 045 | 27 0.000143266 0.00020048 0.00899351 -0.000713093 0.00637183 -0.0382275

ABS:   046 |  0.000143215  0.000200480  0.008993511 -0.000713093  0.006371830 -0.038227536 |          5.2 |  0.000004862  0.000070659,  0.000096319  0.000089757
DIFF:  046 | -0.000000051  0.000000000  0.000000000  0.000000000  0.000000000  0.000000000 |         -0.0 |  0.000000021 -0.000000043,  0.000000000 -0.000000002
MOVE:  046 |  0.000047215  0.000401480  0.008580511  0.000016907  0.002320830 -0.038227536 |        -39.2 |  0.000011176  0.000014841,  0.000155446 -0.000464597
CONST: 046 | 27 0.000143215 0.00020048 0.00899351 -0.000713093 0.00637183 -0.0382275

ABS:   047 |  0.000143243  0.000200480  0.008993511 -0.000713093  0.006371830 -0.038227536 |          5.2 |  0.000004890  0.000070659,  0.000096319  0.000089758
DIFF:  047 |  0.000000028  0.000000000  0.000000000  0.000000000  0.000000000  0.000000000 |          0.0 |  0.000000028  0.000000000, -0.000000000  0.000000001
MOVE:  047 |  0.000047243  0.000401480  0.008580511  0.000016907  0.002320830 -0.038227536 |        -39.2 |  0.000011203  0.000014841,  0.000155446 -0.000464596
CONST: 047 | 27 0.000143243 0.00020048 0.00899351 -0.000713093 0.00637183 -0.0382275

ABS:   048 |  0.000143238  0.000200480  0.008993511 -0.000713093  0.006371830 -0.038227536 |          5.2 |  0.000004885  0.000070659,  0.000096319  0.000089758
DIFF:  048 | -0.000000005  0.000000000  0.000000000  0.000000000  0.000000000  0.000000000 |         -0.0 | -0.000000005 -0.000000000,  0.000000000 -0.000000000
MOVE:  048 |  0.000047238  0.000401480  0.008580511  0.000016907  0.002320830 -0.038227536 |        -39.2 |  0.000011198  0.000014841,  0.000155446 -0.000464597
CONST: 048 | 27 0.000143238 0.00020048 0.00899351 -0.000713093 0.00637183 -0.0382275

ABS:   049 |  0.000143266  0.000200480  0.008993511 -0.000713093  0.006371830 -0.038227536 |          5.2 |  0.000004841  0.000070702,  0.000096319  0.000089759
DIFF:  049 |  0.000000028  0.000000000  0.000000000  0.000000000  0.000000000  0.000000000 |          0.0 | -0.000000044  0.000000043, -0.000000000  0.000000001
MOVE:  049 |  0.000047266  0.000401480  0.008580511  0.000016907  0.002320830 -0.038227536 |        -39.2 |  0.000011154  0.000014884,  0.000155445 -0.000464596
CONST: 049 | 27 0.000143266 0.00020048 0.00899351 -0.000713093 0.00637183 -0.0382275

ABS:   050 |  0.000143215  0.000200480  0.008993511 -0.000713093  0.006371830 -0.038227536 |          5.2 |  0.000004862  0.000070659,  0.000096319  0.000089757
DIFF:  050 | -0.000000051  0.000000000  0.000000000  0.000000000  0.000000000  0.000000000 |         -0.0 |  0.000000021 -0.000000043,  0.000000000 -0.000000002
MOVE:  050 |  0.000047215  0.000401480  0.008580511  0.000016907  0.002320830 -0.038227536 |        -39.2 |  0.000011176  0.000014841,  0.000155446 -0.000464597
CONST: 050 | 27 0.000143215 0.00020048 0.00899351 -0.000713093 0.00637183 -0.0382275

ABS:   051 |  0.000143240  0.000200574  0.008993511 -0.000713093  0.006371830 -0.038227536 |          5.2 |  0.000004888  0.000070659,  0.000096314  0.000089845
DIFF:  051 |  0.000000025  0.000000094  0.000000000  0.000000000  0.000000000  0.000000000 |          0.0 |  0.000000026  0.000000000, -0.000000005  0.000000088
MOVE:  051 |  0.000047240  0.000401574  0.008580511  0.000016907  0.002320830 -0.038227536 |        -39.2 |  0.000011201  0.000014841,  0.000155440 -0.000464510
CONST: 051 | 27 0.00014324 0.000200574 0.00899351 -0.000713093 0.00637183 -0.0382275

ABS:   052 |  0.000143240  0.000200387  0.008993511 -0.000713093  0.006371830 -0.038227536 |          5.2 |  0.000004887  0.000070659,  0.000096324  0.000089671
DIFF:  052 |  0.000000000 -0.000000187  0.000000000  0.000000000  0.000000000  0.000000000 |         -0.0 | -0.000000001 -0.000000000,  0.000000010 -0.000000174
MOVE:  052 |  0.000047240  0.000401387  0.008580511  0.000016907  0.002320830 -0.038227536 |        -39.2 |  0.000011201  0.000014841,  0.000155451 -0.000464683
CONST: 052 | 27 0.00014324 0.000200387 0.00899351 -0.000713093 0.00637183 -0.0382275

ABS:   053 |  0.000143240  0.000200815  0.008993511 -0.000713093  0.006371830 -0.038227536 |          5.2 |  0.000004817  0.000070703,  0.000096300  0.000090068
DIFF:  053 |  0.000000000  0.000000428  0.000000000  0.000000000  0.000000000  0.000000000 |          0.0 | -0.000000070  0.000000044, -0.000000024  0.000000397
MOVE:  053 |  0.000047240  0.000401815  0.008580511  0.000016907  0.002320830 -0.038227536 |        -39.2 |  0.000011131  0.000014884,  0.000155427 -0.000464286
CONST: 053 | 27 0.00014324 0.000200815 0.00899351 -0.000713093 0.00637183 -0.0382275

ABS:   054 |  0.000143240  0.000200146  0.008993511 -0.000713093  0.006371830 -0.038227536 |          5.2 |  0.000004886  0.000070659,  0.000096338  0.000089447
DIFF:  054 |  0.000000000 -0.000000669  0.000000000  0.000000000  0.000000000  0.000000000 |         -0.0 |  0.000000069 -0.000000044,  0.000000037 -0.000000621
MOVE:  054 |  0.000047240  0.000401146  0.008580511  0.000016907  0.002320830 -0.038227536 |        -39.2 |  0.000011200  0.000014840,  0.000155464 -0.000464907
CONST: 054 | 27 0.00014324 0.000200146 0.00899351 -0.000713093 0.00637183 -0.0382275

ABS:   055 |  0.000143240  0.000200514  0.008993511 -0.000713093  0.006371830 -0.038227536 |          5.2 |  0.000004888  0.000070659,  0.000096317  0.000089789
DIFF:  055 |  0.000000000  0.000000368  0.000000000  0.000000000  0.000000000  0.000000000 |          0.0 |  0.000000001  0.000000000, -0.000000021  0.000000342
MOVE:  055 |  0.000047240  0.000401514  0.008580511  0.000016907  0.002320830 -0.038227536 |        -39.2 |  0.000011201  0.000014841,  0.000155444 -0.000464566
CONST: 055 | 27 0.00014324 0.000200514 0.00899351 -0.000713093 0.00637183 -0.0382275

ABS:   056 |  0.000143240  0.000200447  0.008993511 -0.000713093  0.006371830 -0.038227536 |          5.2 |  0.000004887  0.000070659,  0.000096321  0.000089727
DIFF:  056 |  0.000000000 -0.000000067  0.000000000  0.000000000  0.000000000  0.000000000 |         -0.0 | -0.000000000 -0.000000000,  0.000000004 -0.000000062
MOVE:  056 |  0.000047240  0.000401447  0.008580511  0.000016907  0.002320830 -0.038227536 |        -39.2 |  0.000011201  0.000014841,  0.000155447 -0.000464628
CONST: 056 | 27 0.00014324 0.000200447 0.00899351 -0.000713093 0.00637183 -0.0382275

ABS:   057 |  0.000143240  0.000200480  0.008993633 -0.000713093  0.006371830 -0.038227536 |          5.2 |  0.000004887  0.000070659,  0.000096197  0.000089758
DIFF:  057 |  0.000000000  0.000000033  0.000000122  0.000000000  0.000000000  0.000000000 |         -0.0 | -0.000000001  0.000000000, -0.000000124  0.000000031
MOVE:  057 |  0.000047240  0.000401480  0.008580633  0.000016907  0.002320830 -0.038227536 |        -39.2 |  0.000011200  0.000014841,  0.000155324 -0.000464597
CONST: 057 | 27 0.00014324 0.00020048 0.00899363 -0.000713093 0.00637183 -0.0382275

ABS:   058 |  0.000143240  0.000200480  0.008993390 -0.000713093  0.006371830 -0.038227536 |          5.2 |  0.000004888  0.000070659,  0.000096441  0.000089758
DIFF:  058 |  0.000000000  0.000000000 -0.000000244  0.000000000  0.000000000  0.000000000 |          0.0 |  0.000000002  0.000000000,  0.000000244  0.000000000
MOVE:  058 |  0.000047240  0.000401480  0.008580390  0.000016907  0.002320830 -0.038227536 |        -39.2 |  0.000011202  0.000014841,  0.000155567 -0.000464596
CONST: 058 | 27 0.00014324 0.00020048 0.00899339 -0.000713093 0.00637183 -0.0382275

ABS:   059 |  0.000143240  0.000200480  0.008994730 -0.000713093  0.006371830 -0.038227536 |          5.2 |  0.000004880  0.000070659,  0.000095101  0.000089757
DIFF:  059 |  0.000000000  0.000000000  0.000001340  0.000000000  0.000000000  0.000000000 |         -0.0 | -0.000000009 -0.000000000, -0.000001340 -0.000000001
MOVE:  059 |  0.000047240  0.000401480  0.008581730  0.000016907  0.002320830 -0.038227536 |        -39.2 |  0.000011193  0.000014841,  0.000154228 -0.000464598
CONST: 059 | 27 0.00014324 0.00020048 0.00899473 -0.000713093 0.00637183 -0.0382275

