ABS:   itr |       deltaX       deltaY       deltaZ         phiX         phiY         phiZ |        chisq |    rphi mean     rphi rms,       z mean        z rms
ABS:   =========================================================================================================================================================
DIFF:  itr |       deltaX       deltaY       deltaZ         phiX         phiY         phiZ |        chisq |    rphi mean     rphi rms,       z mean        z rms
DIFF:  =========================================================================================================================================================
MOVE:  itr |       deltaX       deltaY       deltaZ         phiX         phiY         phiZ |        chisq |    rphi mean     rphi rms,       z mean        z rms
MOVE:  =========================================================================================================================================================
ABS:   001 |  0.000229000 -0.000030000 -0.000026000  0.000000000  0.001073000  0.000000000 |         85.3 | -0.000011765  0.000070756,  0.000021976  0.000561008
CONST: 001 | 14 0.000229 -3e-05 -2.6e-05 0 0.001073 0

ABS:   001 |  0.000229000 -0.000030000 -0.000026000  0.000000000  0.001073000  0.000000000 |         85.3 | -0.000011765  0.000070756,  0.000021976  0.000561008
CONST: 001 | 14 0.000229 -3e-05 -2.6e-05 0 0.001073 0

ABS:   002 |  0.000229100 -0.000030000 -0.000026000  0.000000000  0.001073000  0.000000000 |         85.3 | -0.000011665  0.000070756,  0.000021976  0.000561008
DIFF:  002 |  0.000000100 -0.000000000  0.000000000  0.000000000 -0.000000000  0.000000000 |         -0.0 |  0.000000100 -0.000000000, -0.000000000  0.000000000
MOVE:  002 |  0.000000100 -0.000000000  0.000000000  0.000000000 -0.000000000  0.000000000 |         -0.0 |  0.000000100 -0.000000000, -0.000000000  0.000000000
CONST: 002 | 14 0.0002291 -3e-05 -2.6e-05 0 0.001073 0

ABS:   003 |  0.000228900 -0.000030000 -0.000026000  0.000000000  0.001073000  0.000000000 |         85.3 | -0.000011865  0.000070756,  0.000021976  0.000561008
DIFF:  003 | -0.000000200  0.000000000  0.000000000  0.000000000  0.000000000  0.000000000 |          0.0 | -0.000000200  0.000000000,  0.000000000 -0.000000000
MOVE:  003 | -0.000000100 -0.000000000  0.000000000  0.000000000 -0.000000000  0.000000000 |          0.0 | -0.000000100  0.000000000,  0.000000000 -0.000000000
CONST: 003 | 14 0.0002289 -3e-05 -2.6e-05 0 0.001073 0

ABS:   004 |  0.000230000 -0.000030000 -0.000026000  0.000000000  0.001073000  0.000000000 |         85.3 | -0.000010765  0.000070756,  0.000021975  0.000561008
DIFF:  004 |  0.000001100  0.000000000  0.000000000  0.000000000  0.000000000  0.000000000 |         -0.0 |  0.000001100 -0.000000000, -0.000000001  0.000000000
MOVE:  004 |  0.000001000 -0.000000000  0.000000000  0.000000000 -0.000000000  0.000000000 |         -0.0 |  0.000001000 -0.000000000, -0.000000001  0.000000000
CONST: 004 | 14 0.00023 -3e-05 -2.6e-05 0 0.001073 0

ABS:   005 |  0.000228000 -0.000030000 -0.000026000  0.000000000  0.001073000  0.000000000 |         85.3 | -0.000012765  0.000070756,  0.000021977  0.000561008
DIFF:  005 | -0.000002000  0.000000000  0.000000000  0.000000000  0.000000000  0.000000000 |          0.0 | -0.000002000  0.000000000,  0.000000002  0.000000000
MOVE:  005 | -0.000001000 -0.000000000  0.000000000  0.000000000 -0.000000000  0.000000000 |          0.0 | -0.000001000 -0.000000000,  0.000000001  0.000000000
CONST: 005 | 14 0.000228 -3e-05 -2.6e-05 0 0.001073 0

ABS:   006 |  0.000229000 -0.000029900 -0.000026000  0.000000000  0.001073000  0.000000000 |         85.4 | -0.000011733  0.000070754,  0.000022289  0.000561207
DIFF:  006 |  0.000001000  0.000000100  0.000000000  0.000000000  0.000000000  0.000000000 |          0.1 |  0.000001032 -0.000000002,  0.000000313  0.000000199
MOVE:  006 |  0.000000000  0.000000100  0.000000000  0.000000000 -0.000000000  0.000000000 |          0.1 |  0.000000032 -0.000000002,  0.000000314  0.000000199
CONST: 006 | 14 0.000229 -2.99e-05 -2.6e-05 0 0.001073 0

ABS:   007 |  0.000229000 -0.000030100 -0.000026000  0.000000000  0.001073000  0.000000000 |         85.3 | -0.000011797  0.000070759,  0.000022093  0.000560897
DIFF:  007 |  0.000000000 -0.000000200  0.000000000  0.000000000  0.000000000  0.000000000 |         -0.1 | -0.000000063  0.000000005, -0.000000196 -0.000000310
MOVE:  007 |  0.000000000 -0.000000100  0.000000000  0.000000000 -0.000000000  0.000000000 |         -0.0 | -0.000000032  0.000000002,  0.000000117 -0.000000111
CONST: 007 | 14 0.000229 -3.01e-05 -2.6e-05 0 0.001073 0

ABS:   008 |  0.000229000 -0.000029990 -0.000026000  0.000000000  0.001073000  0.000000000 |         85.3 | -0.000011762  0.000070756,  0.000021979  0.000561008
DIFF:  008 |  0.000000000  0.000000110  0.000000000  0.000000000  0.000000000  0.000000000 |          0.0 |  0.000000035 -0.000000003, -0.000000114  0.000000111
MOVE:  008 |  0.000000000  0.000000010  0.000000000  0.000000000 -0.000000000  0.000000000 |          0.0 |  0.000000003 -0.000000000,  0.000000003  0.000000000
CONST: 008 | 14 0.000229 -2.999e-05 -2.6e-05 0 0.001073 0

ABS:   009 |  0.000229000 -0.000030010 -0.000026000  0.000000000  0.001073000  0.000000000 |         85.3 | -0.000011768  0.000070757,  0.000021973  0.000561008
DIFF:  009 |  0.000000000 -0.000000020  0.000000000  0.000000000  0.000000000  0.000000000 |         -0.0 | -0.000000006  0.000000000, -0.000000006 -0.000000000
MOVE:  009 |  0.000000000 -0.000000010  0.000000000  0.000000000 -0.000000000  0.000000000 |         -0.0 | -0.000000003  0.000000000, -0.000000003 -0.000000000
CONST: 009 | 14 0.000229 -3.001e-05 -2.6e-05 0 0.001073 0

ABS:   010 |  0.000229000 -0.000029900 -0.000026000  0.000000000  0.001073000  0.000000000 |         85.4 | -0.000011733  0.000070754,  0.000022289  0.000561207
DIFF:  010 |  0.000000000  0.000000110  0.000000000  0.000000000  0.000000000  0.000000000 |          0.1 |  0.000000035 -0.000000003,  0.000000317  0.000000199
MOVE:  010 |  0.000000000  0.000000100  0.000000000  0.000000000 -0.000000000  0.000000000 |          0.1 |  0.000000032 -0.000000002,  0.000000314  0.000000199
CONST: 010 | 14 0.000229 -2.99e-05 -2.6e-05 0 0.001073 0

ABS:   011 |  0.000229000 -0.000030100 -0.000026000  0.000000000  0.001073000  0.000000000 |         85.3 | -0.000011797  0.000070759,  0.000022093  0.000560897
DIFF:  011 |  0.000000000 -0.000000200  0.000000000  0.000000000  0.000000000  0.000000000 |         -0.1 | -0.000000063  0.000000005, -0.000000196 -0.000000310
MOVE:  011 |  0.000000000 -0.000000100  0.000000000  0.000000000 -0.000000000  0.000000000 |         -0.0 | -0.000000032  0.000000002,  0.000000117 -0.000000111
CONST: 011 | 14 0.000229 -3.01e-05 -2.6e-05 0 0.001073 0

ABS:   012 |  0.000229000 -0.000030000 -0.000020998  0.000000000  0.001073000  0.000000000 |         85.6 | -0.000011770  0.000070756,  0.000020279  0.000561615
DIFF:  012 |  0.000000000  0.000000100  0.000005002  0.000000000  0.000000000  0.000000000 |          0.3 |  0.000000026 -0.000000002, -0.000001814  0.000000719
MOVE:  012 |  0.000000000 -0.000000000  0.000005002  0.000000000 -0.000000000  0.000000000 |          0.2 | -0.000000005 -0.000000000, -0.000001697  0.000000608
CONST: 012 | 14 0.000229 -3e-05 -2.09979e-05 0 0.001073 0

ABS:   013 |  0.000229000 -0.000030000 -0.000031002  0.000000000  0.001073000  0.000000000 |         85.3 | -0.000011759  0.000070756,  0.000024670  0.000560894
DIFF:  013 |  0.000000000  0.000000000 -0.000010004  0.000000000  0.000000000  0.000000000 |         -0.3 |  0.000000011 -0.000000000,  0.000004390 -0.000000722
MOVE:  013 |  0.000000000 -0.000000000 -0.000005002  0.000000000 -0.000000000  0.000000000 |         -0.0 |  0.000000005 -0.000000000,  0.000002694 -0.000000114
CONST: 013 | 14 0.000229 -3e-05 -3.10021e-05 0 0.001073 0

ABS:   014 |  0.000229000 -0.000030000 -0.000025500  0.000000000  0.001073000  0.000000000 |         85.5 | -0.000011765  0.000070756,  0.000022332  0.000561393
DIFF:  014 |  0.000000000  0.000000000  0.000005502  0.000000000  0.000000000  0.000000000 |          0.2 | -0.000000006  0.000000000, -0.000002338  0.000000499
MOVE:  014 |  0.000000000 -0.000000000  0.000000500  0.000000000 -0.000000000  0.000000000 |          0.2 | -0.000000001 -0.000000000,  0.000000356  0.000000385
CONST: 014 | 14 0.000229 -3e-05 -2.54998e-05 0 0.001073 0

ABS:   015 |  0.000229000 -0.000030000 -0.000026500  0.000000000  0.001073000  0.000000000 |         85.4 | -0.000011764  0.000070756,  0.000022476  0.000561008
DIFF:  015 |  0.000000000  0.000000000 -0.000001000  0.000000000  0.000000000  0.000000000 |         -0.2 |  0.000000001  0.000000000,  0.000000144 -0.000000385
MOVE:  015 |  0.000000000 -0.000000000 -0.000000500  0.000000000 -0.000000000  0.000000000 |          0.0 |  0.000000001 -0.000000000,  0.000000500  0.000000000
CONST: 015 | 14 0.000229 -3e-05 -2.65002e-05 0 0.001073 0

ABS:   016 |  0.000229000 -0.000030000 -0.000025950  0.000000000  0.001073000  0.000000000 |         85.3 | -0.000011765  0.000070756,  0.000022073  0.000560897
DIFF:  016 |  0.000000000  0.000000000  0.000000550  0.000000000  0.000000000  0.000000000 |         -0.0 | -0.000000001 -0.000000000, -0.000000403 -0.000000111
MOVE:  016 |  0.000000000 -0.000000000  0.000000050  0.000000000 -0.000000000  0.000000000 |         -0.0 | -0.000000000 -0.000000000,  0.000000098 -0.000000111
CONST: 016 | 14 0.000229 -3e-05 -2.595e-05 0 0.001073 0

ABS:   017 |  0.000229000 -0.000030000 -0.000026050  0.000000000  0.001073000  0.000000000 |         85.4 | -0.000011765  0.000070756,  0.000022026  0.000561008
DIFF:  017 |  0.000000000  0.000000000 -0.000000100  0.000000000  0.000000000  0.000000000 |          0.0 |  0.000000000  0.000000000, -0.000000048  0.000000111
MOVE:  017 |  0.000000000 -0.000000000 -0.000000050  0.000000000 -0.000000000  0.000000000 |          0.0 |  0.000000000  0.000000000,  0.000000050 -0.000000000
CONST: 017 | 14 0.000229 -3e-05 -2.605e-05 0 0.001073 0

ABS:   018 |  0.000229000 -0.000030000 -0.000026000  0.000004000  0.001073000  0.000000000 |         85.4 | -0.000011747  0.000070735,  0.000022283  0.000561096
DIFF:  018 |  0.000000000  0.000000000  0.000000050  0.000004000  0.000000000  0.000000000 |          0.0 |  0.000000018 -0.000000022,  0.000000257  0.000000088
MOVE:  018 |  0.000000000 -0.000000000  0.000000000  0.000004000 -0.000000000  0.000000000 |          0.0 |  0.000000018 -0.000000022,  0.000000307  0.000000088
CONST: 018 | 14 0.000229 -3e-05 -2.6e-05 4.00004e-06 0.001073 0

ABS:   019 |  0.000229000 -0.000030000 -0.000026000 -0.000004000  0.001073000  0.000000000 |         85.4 | -0.000011783  0.000070778,  0.000022100  0.000561007
DIFF:  019 |  0.000000000  0.000000000  0.000000000 -0.000008000  0.000000000  0.000000000 |         -0.0 | -0.000000036  0.000000043, -0.000000183 -0.000000089
MOVE:  019 |  0.000000000 -0.000000000  0.000000000 -0.000004000 -0.000000000  0.000000000 |          0.0 | -0.000000018  0.000000022,  0.000000124 -0.000000001
CONST: 019 | 14 0.000229 -3e-05 -2.6e-05 -4.00004e-06 0.001073 0

ABS:   020 |  0.000229000 -0.000030000 -0.000026000  0.000000000  0.001083001  0.000000000 |         85.4 | -0.000011966  0.000070865,  0.000022023  0.000561009
DIFF:  020 |  0.000000000  0.000000000  0.000000000  0.000004000  0.000010001  0.000000000 |         -0.0 | -0.000000183  0.000000087, -0.000000077  0.000000002
MOVE:  020 |  0.000000000 -0.000000000  0.000000000  0.000000000  0.000010001  0.000000000 |          0.0 | -0.000000201  0.000000108,  0.000000047  0.000000002
CONST: 020 | 14 0.000229 -3e-05 -2.6e-05 0 0.001083 0

ABS:   021 |  0.000229000 -0.000030000 -0.000026000  0.000000000  0.001062999  0.000000000 |         85.3 | -0.000011564  0.000070649,  0.000022218  0.000560995
DIFF:  021 |  0.000000000  0.000000000  0.000000000  0.000000000 -0.000020001  0.000000000 |         -0.0 |  0.000000403 -0.000000216,  0.000000195 -0.000000015
MOVE:  021 |  0.000000000 -0.000000000  0.000000000  0.000000000 -0.000010001  0.000000000 |         -0.0 |  0.000000201 -0.000000108,  0.000000242 -0.000000013
CONST: 021 | 14 0.000229 -3e-05 -2.6e-05 0 0.001063 0

ABS:   022 |  0.000229000 -0.000030000 -0.000026000  0.000000000  0.001145416  0.000000000 |         85.4 | -0.000013222  0.000071547,  0.000022317  0.000561019
DIFF:  022 |  0.000000000  0.000000000  0.000000000  0.000000000  0.000082417  0.000000000 |          0.0 | -0.000001659  0.000000899,  0.000000099  0.000000024
MOVE:  022 |  0.000000000 -0.000000000  0.000000000  0.000000000  0.000072416  0.000000000 |          0.0 | -0.000001457  0.000000791,  0.000000341  0.000000012
CONST: 022 | 14 0.000229 -3e-05 -2.6e-05 0 0.00114542 0

ABS:   023 |  0.000229000 -0.000030000 -0.000026000  0.000000000  0.001000584  0.000000000 |         85.4 | -0.000023847  0.000074624,  0.000022207  0.000561183
DIFF:  023 |  0.000000000  0.000000000  0.000000000  0.000000000 -0.000144833  0.000000000 |          0.1 | -0.000010625  0.000003077, -0.000000109  0.000000164
MOVE:  023 |  0.000000000 -0.000000000  0.000000000  0.000000000 -0.000072416  0.000000000 |          0.1 | -0.000012083  0.000003868,  0.000000232  0.000000176
CONST: 023 | 14 0.000229 -3e-05 -2.6e-05 0 0.00100058 0

ABS:   024 |  0.000229000 -0.000030000 -0.000026000  0.000000000  0.001080242  0.000000000 |         85.4 | -0.000011911  0.000070835,  0.000022010  0.000561009
DIFF:  024 |  0.000000000  0.000000000  0.000000000  0.000000000  0.000079658  0.000000000 |         -0.1 |  0.000011937 -0.000003790, -0.000000197 -0.000000174
MOVE:  024 |  0.000000000 -0.000000000  0.000000000  0.000000000  0.000007242  0.000000000 |          0.0 | -0.000000146  0.000000078,  0.000000034  0.000000001
CONST: 024 | 14 0.000229 -3e-05 -2.6e-05 0 0.00108024 0

ABS:   025 |  0.000229000 -0.000030000 -0.000026000  0.000000000  0.001065758  0.000000000 |         85.3 | -0.000011619  0.000070678,  0.000022089  0.000560896
DIFF:  025 |  0.000000000  0.000000000  0.000000000  0.000000000 -0.000014483  0.000000000 |         -0.0 |  0.000000291 -0.000000156,  0.000000079 -0.000000113
MOVE:  025 |  0.000000000 -0.000000000  0.000000000  0.000000000 -0.000007242  0.000000000 |         -0.0 |  0.000000146 -0.000000078,  0.000000113 -0.000000112
CONST: 025 | 14 0.000229 -3e-05 -2.6e-05 0 0.00106576 0

ABS:   026 |  0.000229000 -0.000030000 -0.000026000  0.000000000  0.001073000  0.000002000 |         85.3 | -0.000011772  0.000070756,  0.000021979  0.000561008
DIFF:  026 |  0.000000000  0.000000000  0.000000000  0.000000000  0.000007242  0.000002000 |          0.0 | -0.000000152  0.000000078, -0.000000110  0.000000112
MOVE:  026 |  0.000000000 -0.000000000  0.000000000  0.000000000 -0.000000000  0.000002000 |          0.0 | -0.000000007 -0.000000000,  0.000000004  0.000000000
CONST: 026 | 14 0.000229 -3e-05 -2.6e-05 0 0.001073 2.00001e-06

ABS:   027 |  0.000229000 -0.000030000 -0.000026000  0.000000000  0.001073000 -0.000002000 |         85.3 | -0.000011758  0.000070757,  0.000021972  0.000561008
DIFF:  027 |  0.000000000  0.000000000  0.000000000  0.000000000  0.000000000 -0.000004000 |         -0.0 |  0.000000013  0.000000000, -0.000000007 -0.000000000
MOVE:  027 |  0.000000000 -0.000000000  0.000000000  0.000000000 -0.000000000 -0.000002000 |         -0.0 |  0.000000007  0.000000000, -0.000000004 -0.000000000
CONST: 027 | 14 0.000229 -3e-05 -2.6e-05 0 0.001073 -2.00001e-06

ABS:   028 |  0.000229000 -0.000030000 -0.000026000  0.000000000  0.001073000  0.000020000 |         85.4 | -0.000011832  0.000070755,  0.000022295  0.000561208
DIFF:  028 |  0.000000000  0.000000000  0.000000000  0.000000000  0.000000000  0.000022000 |          0.1 | -0.000000074 -0.000000002,  0.000000323  0.000000201
MOVE:  028 |  0.000000000 -0.000000000  0.000000000  0.000000000 -0.000000000  0.000020000 |          0.1 | -0.000000067 -0.000000001,  0.000000319  0.000000201
CONST: 028 | 14 0.000229 -3e-05 -2.6e-05 0 0.001073 2.00001e-05

ABS:   029 |  0.000229000 -0.000030000 -0.000026000  0.000000000  0.001073000 -0.000020000 |         85.3 | -0.000011698  0.000070758,  0.000022088  0.000560895
DIFF:  029 |  0.000000000  0.000000000  0.000000000  0.000000000  0.000000000 -0.000040000 |         -0.1 |  0.000000135  0.000000003, -0.000000207 -0.000000314
MOVE:  029 |  0.000000000 -0.000000000  0.000000000  0.000000000 -0.000000000 -0.000020000 |         -0.0 |  0.000000067  0.000000001,  0.000000112 -0.000000113
CONST: 029 | 14 0.000229 -3e-05 -2.6e-05 0 0.001073 -2.00001e-05

ABS:   030 |  0.000229000 -0.000030000 -0.000026000  0.000000000  0.001073000  0.000002000 |         85.3 | -0.000011772  0.000070756,  0.000021979  0.000561008
DIFF:  030 |  0.000000000  0.000000000  0.000000000  0.000000000  0.000000000  0.000022000 |          0.0 | -0.000000074 -0.000000002, -0.000000108  0.000000113
MOVE:  030 |  0.000000000 -0.000000000  0.000000000  0.000000000 -0.000000000  0.000002000 |          0.0 | -0.000000007 -0.000000000,  0.000000004  0.000000000
CONST: 030 | 14 0.000229 -3e-05 -2.6e-05 0 0.001073 2.00001e-06

ABS:   031 |  0.000229000 -0.000030000 -0.000026000  0.000000000  0.001073000 -0.000002000 |         85.3 | -0.000011758  0.000070757,  0.000021972  0.000561008
DIFF:  031 |  0.000000000  0.000000000  0.000000000  0.000000000  0.000000000 -0.000004000 |         -0.0 |  0.000000013  0.000000000, -0.000000007 -0.000000000
MOVE:  031 |  0.000000000 -0.000000000  0.000000000  0.000000000 -0.000000000 -0.000002000 |         -0.0 |  0.000000007  0.000000000, -0.000000004 -0.000000000
CONST: 031 | 14 0.000229 -3e-05 -2.6e-05 0 0.001073 -2.00001e-06

ABS:   032 |  0.000229000 -0.000030000 -0.000025950  0.000000000  0.001073000  0.000000000 |         85.3 | -0.000011765  0.000070756,  0.000022073  0.000560897
DIFF:  032 |  0.000000000  0.000000000  0.000000050  0.000000000  0.000000000  0.000002000 |         -0.0 | -0.000000007 -0.000000000,  0.000000101 -0.000000110
MOVE:  032 |  0.000000000 -0.000000000  0.000000050  0.000000000 -0.000000000  0.000000000 |         -0.0 | -0.000000000 -0.000000000,  0.000000098 -0.000000111
CONST: 032 | 14 0.000229 -3e-05 -2.595e-05 0 0.001073 0

ABS:   033 |  0.000229000 -0.000030000 -0.000025750  0.000000000  0.001073000  0.000000000 |         85.4 | -0.000011765  0.000070756,  0.000022157  0.000561096
DIFF:  033 |  0.000000000  0.000000000  0.000000200  0.000000000  0.000000000  0.000000000 |          0.1 | -0.000000000 -0.000000000,  0.000000083  0.000000199
MOVE:  033 |  0.000000000 -0.000000000  0.000000250  0.000000000 -0.000000000  0.000000000 |          0.0 | -0.000000000 -0.000000000,  0.000000181  0.000000088
CONST: 033 | 14 0.000229 -3e-05 -2.57499e-05 0 0.001073 0

ABS:   034 |  0.000229000 -0.000030000 -0.000025890  0.000000000  0.001073000  0.000000000 |         85.4 | -0.000011765  0.000070756,  0.000022297  0.000561096
DIFF:  034 |  0.000000000  0.000000000 -0.000000141  0.000000000  0.000000000  0.000000000 |          0.0 |  0.000000000 -0.000000000,  0.000000141  0.000000000
MOVE:  034 |  0.000000000 -0.000000000  0.000000110  0.000000000 -0.000000000  0.000000000 |          0.0 | -0.000000000 -0.000000000,  0.000000322  0.000000088
CONST: 034 | 14 0.000229 -3e-05 -2.58905e-05 0 0.001073 0

ABS:   035 |  0.000229000 -0.000030000 -0.000025920  0.000000000  0.001073000  0.000000000 |         85.4 | -0.000011765  0.000070756,  0.000022327  0.000561096
DIFF:  035 |  0.000000000  0.000000000 -0.000000030  0.000000000  0.000000000  0.000000000 |          0.0 |  0.000000000  0.000000000,  0.000000030 -0.000000000
MOVE:  035 |  0.000000000 -0.000000000  0.000000080  0.000000000 -0.000000000  0.000000000 |          0.0 | -0.000000000 -0.000000000,  0.000000351  0.000000088
CONST: 035 | 14 0.000229 -3e-05 -2.59202e-05 0 0.001073 0

ABS:   036 |  0.000229000 -0.000030000 -0.000025935  0.000000000  0.001073000  0.000000000 |         85.3 | -0.000011765  0.000070756,  0.000022058  0.000560897
DIFF:  036 |  0.000000000  0.000000000 -0.000000015  0.000000000  0.000000000  0.000000000 |         -0.1 |  0.000000000  0.000000000, -0.000000269 -0.000000199
MOVE:  036 |  0.000000000 -0.000000000  0.000000065  0.000000000 -0.000000000  0.000000000 |         -0.0 | -0.000000000 -0.000000000,  0.000000083 -0.000000111
CONST: 036 | 14 0.000229 -3e-05 -2.59351e-05 0 0.001073 0

ABS:   037 |  0.000229000 -0.000030000 -0.000025942  0.000000000  0.001073000  0.000000000 |         85.3 | -0.000011765  0.000070756,  0.000022065  0.000560897
DIFF:  037 |  0.000000000  0.000000000 -0.000000007  0.000000000  0.000000000  0.000000000 |          0.0 |  0.000000000 -0.000000000,  0.000000007  0.000000000
MOVE:  037 |  0.000000000 -0.000000000  0.000000058  0.000000000 -0.000000000  0.000000000 |         -0.0 | -0.000000000 -0.000000000,  0.000000090 -0.000000111
CONST: 037 | 14 0.000229 -3e-05 -2.59421e-05 0 0.001073 0

ABS:   038 |  0.000229000 -0.000030000 -0.000025923  0.000000000  0.001073000  0.000000000 |         85.4 | -0.000011765  0.000070756,  0.000022330  0.000561096
DIFF:  038 |  0.000000000  0.000000000  0.000000019  0.000000000  0.000000000  0.000000000 |          0.1 | -0.000000000 -0.000000000,  0.000000264  0.000000199
MOVE:  038 |  0.000000000 -0.000000000  0.000000077  0.000000000 -0.000000000  0.000000000 |          0.0 | -0.000000000 -0.000000000,  0.000000354  0.000000088
CONST: 038 | 14 0.000229 -3e-05 -2.59227e-05 0 0.001073 0

ABS:   039 |  0.000229000 -0.000030000 -0.000025929  0.000000000  0.001073000  0.000000000 |         85.4 | -0.000011765  0.000070756,  0.000022336  0.000561096
DIFF:  039 |  0.000000000  0.000000000 -0.000000006  0.000000000  0.000000000  0.000000000 |          0.0 |  0.000000000  0.000000000,  0.000000006  0.000000000
MOVE:  039 |  0.000000000 -0.000000000  0.000000071  0.000000000 -0.000000000  0.000000000 |          0.0 | -0.000000000 -0.000000000,  0.000000360  0.000000088
CONST: 039 | 14 0.000229 -3e-05 -2.59289e-05 0 0.001073 0

ABS:   040 |  0.000231229 -0.000030000 -0.000025935  0.000000000  0.001073000  0.000000000 |         85.4 | -0.000009536  0.000070756,  0.000022340  0.000561096
DIFF:  040 |  0.000002229  0.000000000 -0.000000006  0.000000000  0.000000000  0.000000000 |         -0.0 |  0.000002229  0.000000000,  0.000000004 -0.000000000
MOVE:  040 |  0.000002229 -0.000000000  0.000000065  0.000000000 -0.000000000  0.000000000 |          0.0 |  0.000002229 -0.000000000,  0.000000364  0.000000088
CONST: 040 | 14 0.000231229 -3e-05 -2.59351e-05 0 0.001073 0

ABS:   041 |  0.000226771 -0.000030000 -0.000025935  0.000000000  0.001073000  0.000000000 |         85.3 | -0.000013994  0.000070756,  0.000022061  0.000560897
DIFF:  041 | -0.000004458  0.000000000  0.000000000  0.000000000  0.000000000  0.000000000 |         -0.1 | -0.000004458  0.000000000, -0.000000279 -0.000000199
MOVE:  041 | -0.000002229 -0.000000000  0.000000065  0.000000000 -0.000000000  0.000000000 |         -0.0 | -0.000002229 -0.000000000,  0.000000085 -0.000000111
CONST: 041 | 14 0.000226771 -3e-05 -2.59351e-05 0 0.001073 0

ABS:   042 |  0.000229223 -0.000030000 -0.000025935  0.000000000  0.001073000  0.000000000 |         85.3 | -0.000011542  0.000070756,  0.000022058  0.000560897
DIFF:  042 |  0.000002452  0.000000000  0.000000000  0.000000000  0.000000000  0.000000000 |         -0.0 |  0.000002452  0.000000000, -0.000000003 -0.000000000
MOVE:  042 |  0.000000223 -0.000000000  0.000000065  0.000000000 -0.000000000  0.000000000 |         -0.0 |  0.000000223  0.000000000,  0.000000082 -0.000000111
CONST: 042 | 14 0.000229223 -3e-05 -2.59351e-05 0 0.001073 0

ABS:   043 |  0.000228777 -0.000030000 -0.000025935  0.000000000  0.001073000  0.000000000 |         85.3 | -0.000011988  0.000070756,  0.000022059  0.000560897
DIFF:  043 | -0.000000446  0.000000000  0.000000000  0.000000000  0.000000000  0.000000000 |          0.0 | -0.000000446 -0.000000000,  0.000000000  0.000000000
MOVE:  043 | -0.000000223 -0.000000000  0.000000065  0.000000000 -0.000000000  0.000000000 |         -0.0 | -0.000000223 -0.000000000,  0.000000083 -0.000000111
CONST: 043 | 14 0.000228777 -3e-05 -2.59351e-05 0 0.001073 0

ABS:   044 |  0.000231229 -0.000030000 -0.000025935  0.000000000  0.001073000  0.000000000 |         85.4 | -0.000009536  0.000070756,  0.000022340  0.000561096
DIFF:  044 |  0.000002452  0.000000000  0.000000000  0.000000000  0.000000000  0.000000000 |          0.1 |  0.000002452 -0.000000000,  0.000000281  0.000000199
MOVE:  044 |  0.000002229 -0.000000000  0.000000065  0.000000000 -0.000000000  0.000000000 |          0.0 |  0.000002229 -0.000000000,  0.000000364  0.000000088
CONST: 044 | 14 0.000231229 -3e-05 -2.59351e-05 0 0.001073 0

ABS:   045 |  0.000226771 -0.000030000 -0.000025935  0.000000000  0.001073000  0.000000000 |         85.3 | -0.000013994  0.000070756,  0.000022061  0.000560897
DIFF:  045 | -0.000004458  0.000000000  0.000000000  0.000000000  0.000000000  0.000000000 |         -0.1 | -0.000004458  0.000000000, -0.000000279 -0.000000199
MOVE:  045 | -0.000002229 -0.000000000  0.000000065  0.000000000 -0.000000000  0.000000000 |         -0.0 | -0.000002229 -0.000000000,  0.000000085 -0.000000111
CONST: 045 | 14 0.000226771 -3e-05 -2.59351e-05 0 0.001073 0

ABS:   046 |  0.000229000 -0.000029990 -0.000025935  0.000000000  0.001073000  0.000000000 |         85.4 | -0.000011762  0.000070756,  0.000022345  0.000561096
DIFF:  046 |  0.000002229  0.000000010  0.000000000  0.000000000  0.000000000  0.000000000 |          0.1 |  0.000002232 -0.000000000,  0.000000284  0.000000199
MOVE:  046 |  0.000000000  0.000000010  0.000000065  0.000000000 -0.000000000  0.000000000 |          0.0 |  0.000000003 -0.000000000,  0.000000369  0.000000088
CONST: 046 | 14 0.000229 -2.999e-05 -2.59351e-05 0 0.001073 0

ABS:   047 |  0.000229000 -0.000030010 -0.000025935  0.000000000  0.001073000  0.000000000 |         85.3 | -0.000011768  0.000070757,  0.000022055  0.000560897
DIFF:  047 |  0.000000000 -0.000000020  0.000000000  0.000000000  0.000000000  0.000000000 |         -0.1 | -0.000000006  0.000000000, -0.000000290 -0.000000199
MOVE:  047 |  0.000000000 -0.000000010  0.000000065  0.000000000 -0.000000000  0.000000000 |         -0.0 | -0.000000003  0.000000000,  0.000000080 -0.000000111
CONST: 047 | 14 0.000229 -3.001e-05 -2.59351e-05 0 0.001073 0

ABS:   048 |  0.000229000 -0.000029999 -0.000025935  0.000000000  0.001073000  0.000000000 |         85.3 | -0.000011765  0.000070756,  0.000022059  0.000560897
DIFF:  048 |  0.000000000  0.000000011  0.000000000  0.000000000  0.000000000  0.000000000 |          0.0 |  0.000000003 -0.000000000,  0.000000003  0.000000000
MOVE:  048 |  0.000000000  0.000000001  0.000000065  0.000000000 -0.000000000  0.000000000 |         -0.0 |  0.000000000 -0.000000000,  0.000000083 -0.000000111
CONST: 048 | 14 0.000229 -2.9999e-05 -2.59351e-05 0 0.001073 0

ABS:   049 |  0.000229000 -0.000030001 -0.000025935  0.000000000  0.001073000  0.000000000 |         85.3 | -0.000011765  0.000070756,  0.000022058  0.000560897
DIFF:  049 |  0.000000000 -0.000000002  0.000000000  0.000000000  0.000000000  0.000000000 |         -0.0 | -0.000000001  0.000000000, -0.000000001 -0.000000000
MOVE:  049 |  0.000000000 -0.000000001  0.000000065  0.000000000 -0.000000000  0.000000000 |         -0.0 | -0.000000000  0.000000000,  0.000000082 -0.000000111
CONST: 049 | 14 0.000229 -3.0001e-05 -2.59351e-05 0 0.001073 0

ABS:   050 |  0.000229000 -0.000029990 -0.000025935  0.000000000  0.001073000  0.000000000 |         85.4 | -0.000011762  0.000070756,  0.000022345  0.000561096
DIFF:  050 |  0.000000000  0.000000011  0.000000000  0.000000000  0.000000000  0.000000000 |          0.1 |  0.000000003 -0.000000000,  0.000000287  0.000000199
MOVE:  050 |  0.000000000  0.000000010  0.000000065  0.000000000 -0.000000000  0.000000000 |          0.0 |  0.000000003 -0.000000000,  0.000000369  0.000000088
CONST: 050 | 14 0.000229 -2.999e-05 -2.59351e-05 0 0.001073 0

ABS:   051 |  0.000229000 -0.000030010 -0.000025935  0.000000000  0.001073000  0.000000000 |         85.3 | -0.000011768  0.000070757,  0.000022055  0.000560897
DIFF:  051 |  0.000000000 -0.000000020  0.000000000  0.000000000  0.000000000  0.000000000 |         -0.1 | -0.000000006  0.000000000, -0.000000290 -0.000000199
MOVE:  051 |  0.000000000 -0.000000010  0.000000065  0.000000000 -0.000000000  0.000000000 |         -0.0 | -0.000000003  0.000000000,  0.000000080 -0.000000111
CONST: 051 | 14 0.000229 -3.001e-05 -2.59351e-05 0 0.001073 0

ABS:   052 |  0.000229000 -0.000030000 -0.000025930  0.000000000  0.001073000  0.000000000 |         85.4 | -0.000011765  0.000070756,  0.000022337  0.000561096
DIFF:  052 |  0.000000000  0.000000010  0.000000005  0.000000000  0.000000000  0.000000000 |          0.1 |  0.000000003 -0.000000000,  0.000000281  0.000000199
MOVE:  052 |  0.000000000 -0.000000000  0.000000070  0.000000000 -0.000000000  0.000000000 |          0.0 | -0.000000000 -0.000000000,  0.000000361  0.000000088
CONST: 052 | 14 0.000229 -3e-05 -2.59301e-05 0 0.001073 0

ABS:   053 |  0.000229000 -0.000030000 -0.000025940  0.000000000  0.001073000  0.000000000 |         85.3 | -0.000011765  0.000070756,  0.000022063  0.000560897
DIFF:  053 |  0.000000000  0.000000000 -0.000000010  0.000000000  0.000000000  0.000000000 |         -0.1 |  0.000000000  0.000000000, -0.000000273 -0.000000199
MOVE:  053 |  0.000000000 -0.000000000  0.000000060  0.000000000 -0.000000000  0.000000000 |         -0.0 | -0.000000000 -0.000000000,  0.000000088 -0.000000111
CONST: 053 | 14 0.000229 -3e-05 -2.59401e-05 0 0.001073 0

ABS:   054 |  0.000229000 -0.000030000 -0.000025935  0.000000000  0.001073000  0.000000000 |         85.3 | -0.000011765  0.000070756,  0.000022058  0.000560897
DIFF:  054 |  0.000000000  0.000000000  0.000000006  0.000000000  0.000000000  0.000000000 |         -0.0 | -0.000000000 -0.000000000, -0.000000006 -0.000000000
MOVE:  054 |  0.000000000 -0.000000000  0.000000065  0.000000000 -0.000000000  0.000000000 |         -0.0 | -0.000000000 -0.000000000,  0.000000082 -0.000000111
CONST: 054 | 14 0.000229 -3e-05 -2.59346e-05 0 0.001073 0

ABS:   055 |  0.000229000 -0.000030000 -0.000025936  0.000000000  0.001073000  0.000000000 |         85.3 | -0.000011765  0.000070756,  0.000022059  0.000560897
DIFF:  055 |  0.000000000  0.000000000 -0.000000001  0.000000000  0.000000000  0.000000000 |          0.0 |  0.000000000 -0.000000000,  0.000000001  0.000000000
MOVE:  055 |  0.000000000 -0.000000000  0.000000064  0.000000000 -0.000000000  0.000000000 |         -0.0 | -0.000000000 -0.000000000,  0.000000083 -0.000000111
CONST: 055 | 14 0.000229 -3e-05 -2.59356e-05 0 0.001073 0

ABS:   056 |  0.000229000 -0.000030000 -0.000025930  0.000000000  0.001073000  0.000000000 |         85.4 | -0.000011765  0.000070756,  0.000022337  0.000561096
DIFF:  056 |  0.000000000  0.000000000  0.000000006  0.000000000  0.000000000  0.000000000 |          0.1 | -0.000000000 -0.000000000,  0.000000278  0.000000199
MOVE:  056 |  0.000000000 -0.000000000  0.000000070  0.000000000 -0.000000000  0.000000000 |          0.0 | -0.000000000 -0.000000000,  0.000000361  0.000000088
CONST: 056 | 14 0.000229 -3e-05 -2.59301e-05 0 0.001073 0

ABS:   057 |  0.000229000 -0.000030000 -0.000025940  0.000000000  0.001073000  0.000000000 |         85.3 | -0.000011765  0.000070756,  0.000022063  0.000560897
DIFF:  057 |  0.000000000  0.000000000 -0.000000010  0.000000000  0.000000000  0.000000000 |         -0.1 |  0.000000000  0.000000000, -0.000000273 -0.000000199
MOVE:  057 |  0.000000000 -0.000000000  0.000000060  0.000000000 -0.000000000  0.000000000 |         -0.0 | -0.000000000 -0.000000000,  0.000000088 -0.000000111
CONST: 057 | 14 0.000229 -3e-05 -2.59401e-05 0 0.001073 0

ABS:   058 |  0.000229000 -0.000030000 -0.000025935  0.000000400  0.001073000  0.000000000 |         85.4 | -0.000011763  0.000070754,  0.000022330  0.000561096
DIFF:  058 |  0.000000000  0.000000000  0.000000005  0.000000400  0.000000000  0.000000000 |          0.1 |  0.000000002 -0.000000002,  0.000000266  0.000000199
MOVE:  058 |  0.000000000 -0.000000000  0.000000065  0.000000400 -0.000000000  0.000000000 |          0.0 |  0.000000002 -0.000000002,  0.000000354  0.000000088
CONST: 058 | 14 0.000229 -3e-05 -2.59351e-05 4.00004e-07 0.001073 0

ABS:   059 |  0.000229000 -0.000030000 -0.000025935 -0.000000400  0.001073000  0.000000000 |         85.3 | -0.000011767  0.000070759,  0.000022071  0.000560897
DIFF:  059 |  0.000000000  0.000000000  0.000000000 -0.000000800  0.000000000  0.000000000 |         -0.1 | -0.000000004  0.000000004, -0.000000259 -0.000000199
MOVE:  059 |  0.000000000 -0.000000000  0.000000065 -0.000000400 -0.000000000  0.000000000 |         -0.0 | -0.000000002  0.000000002,  0.000000095 -0.000000111
CONST: 059 | 14 0.000229 -3e-05 -2.59351e-05 -4.00004e-07 0.001073 0

ABS:   060 |  0.000229000 -0.000030000 -0.000025935  0.000000040  0.001073000  0.000000000 |         85.4 | -0.000011765  0.000070756,  0.000022341  0.000561096
DIFF:  060 |  0.000000000  0.000000000  0.000000000  0.000000440  0.000000000  0.000000000 |          0.1 |  0.000000002 -0.000000002,  0.000000270  0.000000199
MOVE:  060 |  0.000000000 -0.000000000  0.000000065  0.000000040 -0.000000000  0.000000000 |          0.0 |  0.000000000 -0.000000000,  0.000000365  0.000000088
CONST: 060 | 14 0.000229 -3e-05 -2.59351e-05 4.00004e-08 0.001073 0

ABS:   061 |  0.000229000 -0.000030000 -0.000025935 -0.000000040  0.001073000  0.000000000 |         85.3 | -0.000011765  0.000070757,  0.000022060  0.000560897
DIFF:  061 |  0.000000000  0.000000000  0.000000000 -0.000000080  0.000000000  0.000000000 |         -0.1 | -0.000000000  0.000000000, -0.000000281 -0.000000199
MOVE:  061 |  0.000000000 -0.000000000  0.000000065 -0.000000040 -0.000000000  0.000000000 |         -0.0 | -0.000000000  0.000000000,  0.000000084 -0.000000111
CONST: 061 | 14 0.000229 -3e-05 -2.59351e-05 -4.00004e-08 0.001073 0

ABS:   062 |  0.000229000 -0.000030000 -0.000025935  0.000000004  0.001073000  0.000000000 |         85.3 | -0.000011765  0.000070756,  0.000022058  0.000560897
DIFF:  062 |  0.000000000  0.000000000  0.000000000  0.000000044  0.000000000  0.000000000 |         -0.0 |  0.000000000 -0.000000000, -0.000000001  0.000000000
MOVE:  062 |  0.000000000 -0.000000000  0.000000065  0.000000004 -0.000000000  0.000000000 |         -0.0 | -0.000000000 -0.000000000,  0.000000083 -0.000000111
CONST: 062 | 14 0.000229 -3e-05 -2.59351e-05 4.00004e-09 0.001073 0

ABS:   063 |  0.000229000 -0.000030000 -0.000025935 -0.000000004  0.001073000  0.000000000 |         85.3 | -0.000011765  0.000070756,  0.000022059  0.000560897
DIFF:  063 |  0.000000000  0.000000000  0.000000000 -0.000000008  0.000000000  0.000000000 |          0.0 | -0.000000000  0.000000000,  0.000000000 -0.000000000
MOVE:  063 |  0.000000000 -0.000000000  0.000000065 -0.000000004 -0.000000000  0.000000000 |         -0.0 | -0.000000000  0.000000000,  0.000000083 -0.000000111
CONST: 063 | 14 0.000229 -3e-05 -2.59351e-05 -4.00004e-09 0.001073 0

ABS:   064 |  0.000229000 -0.000030000 -0.000025935  0.000000000  0.001073724  0.000000000 |         85.3 | -0.000011780  0.000070764,  0.000022062  0.000560897
DIFF:  064 |  0.000000000  0.000000000  0.000000000  0.000000004  0.000000724  0.000000000 |          0.0 | -0.000000015  0.000000008,  0.000000003  0.000000000
MOVE:  064 |  0.000000000 -0.000000000  0.000000065  0.000000000  0.000000724  0.000000000 |         -0.0 | -0.000000015  0.000000008,  0.000000086 -0.000000111
CONST: 064 | 14 0.000229 -3e-05 -2.59351e-05 0 0.00107372 0

ABS:   065 |  0.000229000 -0.000030000 -0.000025935  0.000000000  0.001072276  0.000000000 |         85.4 | -0.000011750  0.000070749,  0.000022339  0.000561095
DIFF:  065 |  0.000000000  0.000000000  0.000000000  0.000000000 -0.000001448  0.000000000 |          0.1 |  0.000000029 -0.000000016,  0.000000277  0.000000198
MOVE:  065 |  0.000000000 -0.000000000  0.000000065  0.000000000 -0.000000724  0.000000000 |          0.0 |  0.000000015 -0.000000008,  0.000000363  0.000000088
CONST: 065 | 14 0.000229 -3e-05 -2.59351e-05 0 0.00107228 0

ABS:   066 |  0.000229000 -0.000030000 -0.000025935  0.000000000  0.001073072  0.000000000 |         85.3 | -0.000011766  0.000070757,  0.000022059  0.000560897
DIFF:  066 |  0.000000000  0.000000000  0.000000000  0.000000000  0.000000797  0.000000000 |         -0.1 | -0.000000016  0.000000009, -0.000000280 -0.000000198
MOVE:  066 |  0.000000000 -0.000000000  0.000000065  0.000000000  0.000000072  0.000000000 |         -0.0 | -0.000000002  0.000000001,  0.000000083 -0.000000111
CONST: 066 | 14 0.000229 -3e-05 -2.59351e-05 0 0.00107307 0

ABS:   067 |  0.000229000 -0.000030000 -0.000025935  0.000000000  0.001072928  0.000000000 |         85.3 | -0.000011763  0.000070756,  0.000022058  0.000560897
DIFF:  067 |  0.000000000  0.000000000  0.000000000  0.000000000 -0.000000145  0.000000000 |         -0.0 |  0.000000003 -0.000000002, -0.000000001 -0.000000000
MOVE:  067 |  0.000000000 -0.000000000  0.000000065  0.000000000 -0.000000072  0.000000000 |         -0.0 |  0.000000001 -0.000000001,  0.000000082 -0.000000111
CONST: 067 | 14 0.000229 -3e-05 -2.59351e-05 0 0.00107293 0

ABS:   068 |  0.000229000 -0.000030000 -0.000025935  0.000000000  0.001073724  0.000000000 |         85.3 | -0.000011780  0.000070764,  0.000022062  0.000560897
DIFF:  068 |  0.000000000  0.000000000  0.000000000  0.000000000  0.000000797  0.000000000 |          0.0 | -0.000000016  0.000000009,  0.000000004  0.000000000
MOVE:  068 |  0.000000000 -0.000000000  0.000000065  0.000000000  0.000000724  0.000000000 |         -0.0 | -0.000000015  0.000000008,  0.000000086 -0.000000111
CONST: 068 | 14 0.000229 -3e-05 -2.59351e-05 0 0.00107372 0

ABS:   069 |  0.000229000 -0.000030000 -0.000025935  0.000000000  0.001072276  0.000000000 |         85.4 | -0.000011750  0.000070749,  0.000022339  0.000561095
DIFF:  069 |  0.000000000  0.000000000  0.000000000  0.000000000 -0.000001448  0.000000000 |          0.1 |  0.000000029 -0.000000016,  0.000000277  0.000000198
MOVE:  069 |  0.000000000 -0.000000000  0.000000065  0.000000000 -0.000000724  0.000000000 |          0.0 |  0.000000015 -0.000000008,  0.000000363  0.000000088
CONST: 069 | 14 0.000229 -3e-05 -2.59351e-05 0 0.00107228 0

ABS:   070 |  0.000229000 -0.000030000 -0.000025935  0.000000000  0.001073000  0.000020000 |         85.4 | -0.000011832  0.000070755,  0.000022230  0.000561208
DIFF:  070 |  0.000000000  0.000000000  0.000000000  0.000000000  0.000000724  0.000020000 |          0.0 | -0.000000082  0.000000006, -0.000000109  0.000000113
MOVE:  070 |  0.000000000 -0.000000000  0.000000065  0.000000000 -0.000000000  0.000020000 |          0.1 | -0.000000067 -0.000000001,  0.000000254  0.000000201
CONST: 070 | 14 0.000229 -3e-05 -2.59351e-05 0 0.001073 2.00001e-05

ABS:   071 |  0.000229000 -0.000030000 -0.000025935  0.000000000  0.001073000 -0.000020000 |         85.3 | -0.000011698  0.000070758,  0.000022023  0.000560895
DIFF:  071 |  0.000000000  0.000000000  0.000000000  0.000000000  0.000000000 -0.000040000 |         -0.1 |  0.000000135  0.000000003, -0.000000207 -0.000000314
MOVE:  071 |  0.000000000 -0.000000000  0.000000065  0.000000000 -0.000000000 -0.000020000 |         -0.0 |  0.000000067  0.000000001,  0.000000047 -0.000000113
CONST: 071 | 14 0.000229 -3e-05 -2.59351e-05 0 0.001073 -2.00001e-05

ABS:   072 |  0.000229000 -0.000030000 -0.000025935  0.000000000  0.001073000  0.000002000 |         85.4 | -0.000011772  0.000070756,  0.000022346  0.000561096
DIFF:  072 |  0.000000000  0.000000000  0.000000000  0.000000000  0.000000000  0.000022000 |          0.1 | -0.000000074 -0.000000002,  0.000000323  0.000000201
MOVE:  072 |  0.000000000 -0.000000000  0.000000065  0.000000000 -0.000000000  0.000002000 |          0.0 | -0.000000007 -0.000000000,  0.000000370  0.000000088
CONST: 072 | 14 0.000229 -3e-05 -2.59351e-05 0 0.001073 2.00001e-06

ABS:   073 |  0.000229000 -0.000030000 -0.000025935  0.000000000  0.001073000 -0.000002000 |         85.3 | -0.000011758  0.000070757,  0.000022055  0.000560897
DIFF:  073 |  0.000000000  0.000000000  0.000000000  0.000000000  0.000000000 -0.000004000 |         -0.1 |  0.000000013  0.000000000, -0.000000291 -0.000000199
MOVE:  073 |  0.000000000 -0.000000000  0.000000065  0.000000000 -0.000000000 -0.000002000 |         -0.0 |  0.000000007  0.000000000,  0.000000079 -0.000000111
CONST: 073 | 14 0.000229 -3e-05 -2.59351e-05 0 0.001073 -2.00001e-06

ABS:   074 |  0.000229000 -0.000030000 -0.000025935  0.000000000  0.001073000  0.000000200 |         85.3 | -0.000011766  0.000070756,  0.000022201  0.000560996
DIFF:  074 |  0.000000000  0.000000000  0.000000000  0.000000000  0.000000000  0.000002200 |          0.0 | -0.000000007 -0.000000000,  0.000000146  0.000000100
MOVE:  074 |  0.000000000 -0.000000000  0.000000065  0.000000000 -0.000000000  0.000000200 |         -0.0 | -0.000000001 -0.000000000,  0.000000225 -0.000000011
CONST: 074 | 14 0.000229 -3e-05 -2.59351e-05 0 0.001073 2.00001e-07

ABS:   075 |  0.000229000 -0.000030000 -0.000025935  0.000000000  0.001073000 -0.000000200 |         85.3 | -0.000011764  0.000070756,  0.000022058  0.000560897
DIFF:  075 |  0.000000000  0.000000000  0.000000000  0.000000000  0.000000000 -0.000000400 |         -0.0 |  0.000000001  0.000000000, -0.000000142 -0.000000099
MOVE:  075 |  0.000000000 -0.000000000  0.000000065  0.000000000 -0.000000000 -0.000000200 |         -0.0 |  0.000000001  0.000000000,  0.000000082 -0.000000111
CONST: 075 | 14 0.000229 -3e-05 -2.59351e-05 0 0.001073 -2.00001e-07

ABS:   076 |  0.000227892 -0.000030005 -0.000025938  0.000429217  0.001073361 -0.000000100 |         85.4 | -0.000010955  0.000068470,  0.000017240  0.000561201
DIFF:  076 | -0.000001108 -0.000000005 -0.000000002  0.000429217  0.000000361  0.000000100 |          0.1 |  0.000000809 -0.000002286, -0.000004818  0.000000304
MOVE:  076 | -0.000001108 -0.000000005  0.000000062  0.000429217  0.000000361 -0.000000100 |          0.1 |  0.000000810 -0.000002286, -0.000004736  0.000000194
CONST: 076 | 14 0.000227892 -3.0005e-05 -2.59376e-05 0.000429217 0.00107336 -1.00052e-07

ABS:   077 |  0.000228606 -0.000030002 -0.000025936  0.000152601  0.001073128 -0.000000036 |         85.6 | -0.000011477  0.000069938,  0.000020480  0.000561642
DIFF:  077 |  0.000000714  0.000000003  0.000000002 -0.000276616 -0.000000233  0.000000064 |          0.2 | -0.000000522  0.000001468,  0.000003240  0.000000441
MOVE:  077 | -0.000000394 -0.000000002  0.000000064  0.000152601  0.000000128 -0.000000036 |          0.3 |  0.000000288 -0.000000818, -0.000001496  0.000000634
CONST: 077 | 14 0.000228606 -3.00018e-05 -2.5936e-05 0.000152601 0.00107313 -3.55713e-08

ABS:   078 |  0.000228957 -0.000030000 -0.000025935  0.000016779  0.001073014 -0.000000004 |         85.5 | -0.000011733  0.000070666,  0.000022246  0.000561396
DIFF:  078 |  0.000000350  0.000000002  0.000000001 -0.000135822 -0.000000114  0.000000032 |         -0.1 | -0.000000256  0.000000728,  0.000001767 -0.000000246
MOVE:  078 | -0.000000043 -0.000000000  0.000000065  0.000016779  0.000000014 -0.000000004 |          0.2 |  0.000000032 -0.000000090,  0.000000271  0.000000388
CONST: 078 | 14 0.000228957 -3.00002e-05 -2.59352e-05 1.67791e-05 0.00107301 -3.9112e-09

ABS:   079 |  0.000228998 -0.000030000 -0.000025935  0.000000839  0.001073001 -0.000000000 |         85.4 | -0.000011763  0.000070752,  0.000022316  0.000561096
DIFF:  079 |  0.000000041  0.000000000  0.000000000 -0.000015940 -0.000000013  0.000000004 |         -0.1 | -0.000000030  0.000000086,  0.000000070 -0.000000300
MOVE:  079 | -0.000000002 -0.000000000  0.000000065  0.000000839  0.000000001 -0.000000000 |          0.0 |  0.000000002 -0.000000005,  0.000000340  0.000000088
CONST: 079 | 14 0.000228998 -3e-05 -2.59351e-05 8.38953e-07 0.001073 -1.9556e-10

ABS:   080 |  0.000229000 -0.000030000 -0.000025935  0.000000042  0.001073000 -0.000000000 |         85.4 | -0.000011765  0.000070756,  0.000022341  0.000561096
DIFF:  080 |  0.000000002  0.000000000  0.000000000 -0.000000797 -0.000000001  0.000000000 |          0.0 | -0.000000002  0.000000004,  0.000000025 -0.000000000
MOVE:  080 | -0.000000000 -0.000000000  0.000000065  0.000000042  0.000000000 -0.000000000 |          0.0 |  0.000000000 -0.000000000,  0.000000365  0.000000088
CONST: 080 | 14 0.000229 -3e-05 -2.59351e-05 4.19476e-08 0.001073 -9.778e-12

ABS:   081 |  0.000229000 -0.000030000 -0.000025935  0.000000002  0.001073000 -0.000000000 |         85.3 | -0.000011765  0.000070756,  0.000022058  0.000560897
DIFF:  081 |  0.000000000  0.000000000  0.000000000 -0.000000040 -0.000000000  0.000000000 |         -0.1 | -0.000000000  0.000000000, -0.000000282 -0.000000199
MOVE:  081 | -0.000000000 -0.000000000  0.000000065  0.000000002  0.000000000 -0.000000000 |         -0.0 | -0.000000000 -0.000000000,  0.000000083 -0.000000111
CONST: 081 | 14 0.000229 -3e-05 -2.59351e-05 2.09738e-09 0.001073 -4.88901e-13

ABS:   082 |  0.000229223 -0.000030000 -0.000025935  0.000000002  0.001073000 -0.000000000 |         85.3 | -0.000011542  0.000070756,  0.000022058  0.000560897
DIFF:  082 |  0.000000223  0.000000000  0.000000000  0.000000000  0.000000000  0.000000000 |         -0.0 |  0.000000223  0.000000000, -0.000000000  0.000000000
MOVE:  082 |  0.000000223 -0.000000000  0.000000065  0.000000002  0.000000000 -0.000000000 |         -0.0 |  0.000000223 -0.000000000,  0.000000082 -0.000000111
CONST: 082 | 14 0.000229223 -3e-05 -2.59351e-05 2.09738e-09 0.001073 -4.88901e-13

ABS:   083 |  0.000228777 -0.000030000 -0.000025935  0.000000002  0.001073000 -0.000000000 |         85.3 | -0.000011988  0.000070756,  0.000022059  0.000560897
DIFF:  083 | -0.000000446  0.000000000  0.000000000  0.000000000  0.000000000  0.000000000 |          0.0 | -0.000000446 -0.000000000,  0.000000000 -0.000000000
MOVE:  083 | -0.000000223 -0.000000000  0.000000065  0.000000002  0.000000000 -0.000000000 |         -0.0 | -0.000000223 -0.000000000,  0.000000083 -0.000000111
CONST: 083 | 14 0.000228777 -3e-05 -2.59351e-05 2.09738e-09 0.001073 -4.88901e-13

ABS:   084 |  0.000231229 -0.000030000 -0.000025935  0.000000002  0.001073000 -0.000000000 |         85.4 | -0.000009536  0.000070756,  0.000022340  0.000561096
DIFF:  084 |  0.000002452  0.000000000  0.000000000  0.000000000  0.000000000  0.000000000 |          0.1 |  0.000002452 -0.000000000,  0.000000281  0.000000199
MOVE:  084 |  0.000002229 -0.000000000  0.000000065  0.000000002  0.000000000 -0.000000000 |          0.0 |  0.000002229 -0.000000000,  0.000000364  0.000000088
CONST: 084 | 14 0.000231229 -3e-05 -2.59351e-05 2.09738e-09 0.001073 -4.88901e-13

ABS:   085 |  0.000226771 -0.000030000 -0.000025935  0.000000002  0.001073000 -0.000000000 |         85.3 | -0.000013994  0.000070756,  0.000022061  0.000560897
DIFF:  085 | -0.000004458  0.000000000  0.000000000  0.000000000  0.000000000  0.000000000 |         -0.1 | -0.000004458  0.000000000, -0.000000279 -0.000000199
MOVE:  085 | -0.000002229 -0.000000000  0.000000065  0.000000002  0.000000000 -0.000000000 |         -0.0 | -0.000002229 -0.000000000,  0.000000085 -0.000000111
CONST: 085 | 14 0.000226771 -3e-05 -2.59351e-05 2.09738e-09 0.001073 -4.88901e-13

ABS:   086 |  0.000229223 -0.000030000 -0.000025935  0.000000002  0.001073000 -0.000000000 |         85.3 | -0.000011542  0.000070756,  0.000022058  0.000560897
DIFF:  086 |  0.000002452  0.000000000  0.000000000  0.000000000  0.000000000  0.000000000 |         -0.0 |  0.000002452  0.000000000, -0.000000003 -0.000000000
MOVE:  086 |  0.000000223 -0.000000000  0.000000065  0.000000002  0.000000000 -0.000000000 |         -0.0 |  0.000000223 -0.000000000,  0.000000082 -0.000000111
CONST: 086 | 14 0.000229223 -3e-05 -2.59351e-05 2.09738e-09 0.001073 -4.88901e-13

ABS:   087 |  0.000228777 -0.000030000 -0.000025935  0.000000002  0.001073000 -0.000000000 |         85.3 | -0.000011988  0.000070756,  0.000022059  0.000560897
DIFF:  087 | -0.000000446  0.000000000  0.000000000  0.000000000  0.000000000  0.000000000 |          0.0 | -0.000000446 -0.000000000,  0.000000000 -0.000000000
MOVE:  087 | -0.000000223 -0.000000000  0.000000065  0.000000002  0.000000000 -0.000000000 |         -0.0 | -0.000000223 -0.000000000,  0.000000083 -0.000000111
CONST: 087 | 14 0.000228777 -3e-05 -2.59351e-05 2.09738e-09 0.001073 -4.88901e-13

ABS:   088 |  0.000229000 -0.000029999 -0.000025935  0.000000002  0.001073000 -0.000000000 |         85.3 | -0.000011765  0.000070756,  0.000022059  0.000560897
DIFF:  088 |  0.000000223  0.000000001  0.000000000  0.000000000  0.000000000  0.000000000 |         -0.0 |  0.000000223 -0.000000000,  0.000000000  0.000000000
MOVE:  088 | -0.000000000  0.000000001  0.000000065  0.000000002  0.000000000 -0.000000000 |         -0.0 |  0.000000000 -0.000000000,  0.000000083 -0.000000111
CONST: 088 | 14 0.000229 -2.9999e-05 -2.59351e-05 2.09738e-09 0.001073 -4.88901e-13

ABS:   089 |  0.000229000 -0.000030001 -0.000025935  0.000000002  0.001073000 -0.000000000 |         85.3 | -0.000011765  0.000070756,  0.000022058  0.000560897
DIFF:  089 |  0.000000000 -0.000000002  0.000000000  0.000000000  0.000000000  0.000000000 |         -0.0 | -0.000000001  0.000000000, -0.000000001 -0.000000000
MOVE:  089 | -0.000000000 -0.000000001  0.000000065  0.000000002  0.000000000 -0.000000000 |         -0.0 | -0.000000000  0.000000000,  0.000000082 -0.000000111
CONST: 089 | 14 0.000229 -3.0001e-05 -2.59351e-05 2.09738e-09 0.001073 -4.88901e-13

ABS:   090 |  0.000229000 -0.000029990 -0.000025935  0.000000002  0.001073000 -0.000000000 |         85.4 | -0.000011762  0.000070756,  0.000022345  0.000561096
DIFF:  090 |  0.000000000  0.000000011  0.000000000  0.000000000  0.000000000  0.000000000 |          0.1 |  0.000000003 -0.000000000,  0.000000287  0.000000199
MOVE:  090 | -0.000000000  0.000000010  0.000000065  0.000000002  0.000000000 -0.000000000 |          0.0 |  0.000000003 -0.000000000,  0.000000369  0.000000088
CONST: 090 | 14 0.000229 -2.999e-05 -2.59351e-05 2.09738e-09 0.001073 -4.88901e-13

ABS:   091 |  0.000229000 -0.000030010 -0.000025935  0.000000002  0.001073000 -0.000000000 |         85.3 | -0.000011768  0.000070757,  0.000022055  0.000560897
DIFF:  091 |  0.000000000 -0.000000020  0.000000000  0.000000000  0.000000000  0.000000000 |         -0.1 | -0.000000006  0.000000000, -0.000000290 -0.000000199
MOVE:  091 | -0.000000000 -0.000000010  0.000000065  0.000000002  0.000000000 -0.000000000 |         -0.0 | -0.000000003  0.000000000,  0.000000080 -0.000000111
CONST: 091 | 14 0.000229 -3.001e-05 -2.59351e-05 2.09738e-09 0.001073 -4.88901e-13

ABS:   092 |  0.000229000 -0.000029999 -0.000025935  0.000000002  0.001073000 -0.000000000 |         85.3 | -0.000011765  0.000070756,  0.000022059  0.000560897
DIFF:  092 |  0.000000000  0.000000011  0.000000000  0.000000000  0.000000000  0.000000000 |          0.0 |  0.000000003 -0.000000000,  0.000000003  0.000000000
MOVE:  092 | -0.000000000  0.000000001  0.000000065  0.000000002  0.000000000 -0.000000000 |         -0.0 |  0.000000000 -0.000000000,  0.000000083 -0.000000111
CONST: 092 | 14 0.000229 -2.9999e-05 -2.59351e-05 2.09738e-09 0.001073 -4.88901e-13

ABS:   093 |  0.000229000 -0.000030001 -0.000025935  0.000000002  0.001073000 -0.000000000 |         85.3 | -0.000011765  0.000070756,  0.000022058  0.000560897
DIFF:  093 |  0.000000000 -0.000000002  0.000000000  0.000000000  0.000000000  0.000000000 |         -0.0 | -0.000000001  0.000000000, -0.000000001 -0.000000000
MOVE:  093 | -0.000000000 -0.000000001  0.000000065  0.000000002  0.000000000 -0.000000000 |         -0.0 | -0.000000000  0.000000000,  0.000000082 -0.000000111
CONST: 093 | 14 0.000229 -3.0001e-05 -2.59351e-05 2.09738e-09 0.001073 -4.88901e-13

ABS:   094 |  0.000229000 -0.000030000 -0.000025935  0.000000002  0.001073000 -0.000000000 |         85.3 | -0.000011765  0.000070756,  0.000022058  0.000560897
DIFF:  094 |  0.000000000  0.000000001  0.000000001  0.000000000  0.000000000  0.000000000 |         -0.0 |  0.000000000 -0.000000000, -0.000000000  0.000000000
MOVE:  094 | -0.000000000 -0.000000000  0.000000065  0.000000002  0.000000000 -0.000000000 |         -0.0 | -0.000000000 -0.000000000,  0.000000082 -0.000000111
CONST: 094 | 14 0.000229 -3e-05 -2.59346e-05 2.09738e-09 0.001073 -4.88901e-13

ABS:   095 |  0.000229000 -0.000030000 -0.000025936  0.000000002  0.001073000 -0.000000000 |         85.3 | -0.000011765  0.000070756,  0.000022059  0.000560897
DIFF:  095 |  0.000000000  0.000000000 -0.000000001  0.000000000  0.000000000  0.000000000 |          0.0 |  0.000000000 -0.000000000,  0.000000001  0.000000000
MOVE:  095 | -0.000000000 -0.000000000  0.000000064  0.000000002  0.000000000 -0.000000000 |         -0.0 | -0.000000000 -0.000000000,  0.000000083 -0.000000111
CONST: 095 | 14 0.000229 -3e-05 -2.59356e-05 2.09738e-09 0.001073 -4.88901e-13

ABS:   096 |  0.000229000 -0.000030000 -0.000025930  0.000000002  0.001073000 -0.000000000 |         85.4 | -0.000011765  0.000070756,  0.000022337  0.000561096
DIFF:  096 |  0.000000000  0.000000000  0.000000006  0.000000000  0.000000000  0.000000000 |          0.1 | -0.000000000 -0.000000000,  0.000000278  0.000000199
MOVE:  096 | -0.000000000 -0.000000000  0.000000070  0.000000002  0.000000000 -0.000000000 |          0.0 | -0.000000000 -0.000000000,  0.000000361  0.000000088
CONST: 096 | 14 0.000229 -3e-05 -2.59301e-05 2.09738e-09 0.001073 -4.88901e-13

ABS:   097 |  0.000229000 -0.000030000 -0.000025940  0.000000002  0.001073000 -0.000000000 |         85.3 | -0.000011765  0.000070756,  0.000022063  0.000560897
DIFF:  097 |  0.000000000  0.000000000 -0.000000010  0.000000000  0.000000000  0.000000000 |         -0.1 |  0.000000000 -0.000000000, -0.000000273 -0.000000199
MOVE:  097 | -0.000000000 -0.000000000  0.000000060  0.000000002  0.000000000 -0.000000000 |         -0.0 | -0.000000000 -0.000000000,  0.000000088 -0.000000111
CONST: 097 | 14 0.000229 -3e-05 -2.59401e-05 2.09738e-09 0.001073 -4.88901e-13

ABS:   098 |  0.000229000 -0.000030000 -0.000025935  0.000000002  0.001073000 -0.000000000 |         85.3 | -0.000011765  0.000070756,  0.000022058  0.000560897
DIFF:  098 |  0.000000000  0.000000000  0.000000006  0.000000000  0.000000000  0.000000000 |         -0.0 | -0.000000000  0.000000000, -0.000000006  0.000000000
MOVE:  098 | -0.000000000 -0.000000000  0.000000065  0.000000002  0.000000000 -0.000000000 |         -0.0 | -0.000000000 -0.000000000,  0.000000082 -0.000000111
CONST: 098 | 14 0.000229 -3e-05 -2.59346e-05 2.09738e-09 0.001073 -4.88901e-13

ABS:   099 |  0.000229000 -0.000030000 -0.000025936  0.000000002  0.001073000 -0.000000000 |         85.3 | -0.000011765  0.000070756,  0.000022059  0.000560897
DIFF:  099 |  0.000000000  0.000000000 -0.000000001  0.000000000  0.000000000  0.000000000 |          0.0 |  0.000000000 -0.000000000,  0.000000001  0.000000000
MOVE:  099 | -0.000000000 -0.000000000  0.000000064  0.000000002  0.000000000 -0.000000000 |         -0.0 | -0.000000000 -0.000000000,  0.000000083 -0.000000111
CONST: 099 | 14 0.000229 -3e-05 -2.59356e-05 2.09738e-09 0.001073 -4.88901e-13

ABS:   100 |  0.000229000 -0.000030000 -0.000025935  0.000000042  0.001073000 -0.000000000 |         85.4 | -0.000011765  0.000070756,  0.000022341  0.000561096
DIFF:  100 |  0.000000000  0.000000000  0.000000001  0.000000040  0.000000000  0.000000000 |          0.1 |  0.000000000 -0.000000000,  0.000000282  0.000000199
MOVE:  100 | -0.000000000 -0.000000000  0.000000065  0.000000042  0.000000000 -0.000000000 |          0.0 |  0.000000000 -0.000000000,  0.000000365  0.000000088
CONST: 100 | 14 0.000229 -3e-05 -2.59351e-05 4.20978e-08 0.001073 -4.88901e-13

ABS:   101 |  0.000229000 -0.000030000 -0.000025935 -0.000000038  0.001073000 -0.000000000 |         85.3 | -0.000011765  0.000070757,  0.000022060  0.000560897
DIFF:  101 |  0.000000000  0.000000000  0.000000000 -0.000000080  0.000000000  0.000000000 |         -0.1 | -0.000000000  0.000000000, -0.000000281 -0.000000199
MOVE:  101 | -0.000000000 -0.000000000  0.000000065 -0.000000038  0.000000000 -0.000000000 |         -0.0 | -0.000000000  0.000000000,  0.000000084 -0.000000111
CONST: 101 | 14 0.000229 -3e-05 -2.59351e-05 -3.7903e-08 0.001073 -4.88901e-13

ABS:   102 |  0.000229000 -0.000030000 -0.000025935  0.000000006  0.001073000 -0.000000000 |         85.3 | -0.000011765  0.000070756,  0.000022058  0.000560897
DIFF:  102 |  0.000000000  0.000000000  0.000000000  0.000000044  0.000000000  0.000000000 |         -0.0 |  0.000000000 -0.000000000, -0.000000001  0.000000000
MOVE:  102 | -0.000000000 -0.000000000  0.000000065  0.000000006  0.000000000 -0.000000000 |         -0.0 | -0.000000000 -0.000000000,  0.000000082 -0.000000111
CONST: 102 | 14 0.000229 -3e-05 -2.59351e-05 6.09742e-09 0.001073 -4.88901e-13

ABS:   103 |  0.000229000 -0.000030000 -0.000025935 -0.000000002  0.001073000 -0.000000000 |         85.3 | -0.000011765  0.000070756,  0.000022059  0.000560897
DIFF:  103 |  0.000000000  0.000000000  0.000000000 -0.000000008  0.000000000  0.000000000 |          0.0 | -0.000000000  0.000000000,  0.000000000 -0.000000000
MOVE:  103 | -0.000000000 -0.000000000  0.000000065 -0.000000002  0.000000000 -0.000000000 |         -0.0 | -0.000000000  0.000000000,  0.000000083 -0.000000111
CONST: 103 | 14 0.000229 -3e-05 -2.59351e-05 -1.90266e-09 0.001073 -4.88901e-13

ABS:   104 |  0.000229000 -0.000030000 -0.000025935  0.000000042  0.001073000 -0.000000000 |         85.4 | -0.000011765  0.000070756,  0.000022341  0.000561096
DIFF:  104 |  0.000000000  0.000000000  0.000000000  0.000000044  0.000000000  0.000000000 |          0.1 |  0.000000000 -0.000000000,  0.000000282  0.000000199
MOVE:  104 | -0.000000000 -0.000000000  0.000000065  0.000000042  0.000000000 -0.000000000 |          0.0 |  0.000000000 -0.000000000,  0.000000365  0.000000088
CONST: 104 | 14 0.000229 -3e-05 -2.59351e-05 4.20978e-08 0.001073 -4.88901e-13

ABS:   105 |  0.000229000 -0.000030000 -0.000025935 -0.000000038  0.001073000 -0.000000000 |         85.3 | -0.000011765  0.000070757,  0.000022060  0.000560897
DIFF:  105 |  0.000000000  0.000000000  0.000000000 -0.000000080  0.000000000  0.000000000 |         -0.1 | -0.000000000  0.000000000, -0.000000281 -0.000000199
MOVE:  105 | -0.000000000 -0.000000000  0.000000065 -0.000000038  0.000000000 -0.000000000 |         -0.0 | -0.000000000  0.000000000,  0.000000084 -0.000000111
CONST: 105 | 14 0.000229 -3e-05 -2.59351e-05 -3.7903e-08 0.001073 -4.88901e-13

ABS:   106 |  0.000229000 -0.000030000 -0.000025935  0.000000002  0.001073072 -0.000000000 |         85.3 | -0.000011766  0.000070757,  0.000022059  0.000560897
DIFF:  106 |  0.000000000  0.000000000  0.000000000  0.000000040  0.000000072  0.000000000 |         -0.0 | -0.000000001  0.000000001, -0.000000001  0.000000000
MOVE:  106 | -0.000000000 -0.000000000  0.000000065  0.000000002  0.000000072 -0.000000000 |         -0.0 | -0.000000002  0.000000001,  0.000000083 -0.000000111
CONST: 106 | 14 0.000229 -3e-05 -2.59351e-05 2.09738e-09 0.00107307 -4.88901e-13

ABS:   107 |  0.000229000 -0.000030000 -0.000025935  0.000000002  0.001072928 -0.000000000 |         85.3 | -0.000011763  0.000070756,  0.000022058  0.000560897
DIFF:  107 |  0.000000000  0.000000000  0.000000000  0.000000000 -0.000000145  0.000000000 |         -0.0 |  0.000000003 -0.000000002, -0.000000001 -0.000000000
MOVE:  107 | -0.000000000 -0.000000000  0.000000065  0.000000002 -0.000000072 -0.000000000 |         -0.0 |  0.000000001 -0.000000001,  0.000000082 -0.000000111
CONST: 107 | 14 0.000229 -3e-05 -2.59351e-05 2.09738e-09 0.00107293 -4.88901e-13

ABS:   108 |  0.000229000 -0.000030000 -0.000025935  0.000000002  0.001073724 -0.000000000 |         85.3 | -0.000011779  0.000070764,  0.000022062  0.000560897
DIFF:  108 |  0.000000000  0.000000000  0.000000000  0.000000000  0.000000797  0.000000000 |          0.0 | -0.000000016  0.000000009,  0.000000004  0.000000000
MOVE:  108 | -0.000000000 -0.000000000  0.000000065  0.000000002  0.000000724 -0.000000000 |         -0.0 | -0.000000015  0.000000008,  0.000000086 -0.000000111
CONST: 108 | 14 0.000229 -3e-05 -2.59351e-05 2.09738e-09 0.00107372 -4.88901e-13

