ABS:   itr |       deltaX       deltaY       deltaZ         phiX         phiY         phiZ |        chisq |    rphi mean     rphi rms,       z mean        z rms
ABS:   =========================================================================================================================================================
DIFF:  itr |       deltaX       deltaY       deltaZ         phiX         phiY         phiZ |        chisq |    rphi mean     rphi rms,       z mean        z rms
DIFF:  =========================================================================================================================================================
MOVE:  itr |       deltaX       deltaY       deltaZ         phiX         phiY         phiZ |        chisq |    rphi mean     rphi rms,       z mean        z rms
MOVE:  =========================================================================================================================================================
ABS:   001 | -0.000026000  0.000090000  0.000191000 -0.000200000  0.000297000  0.000000000 |         54.8 |  0.000007764  0.000050994, -0.000033471  0.000546616
CONST: 001 | 58 -2.6e-05 9e-05 0.000191 -0.0002 0.000297 0

ABS:   001 | -0.000026000  0.000090000  0.000191000 -0.000200000  0.000297000  0.000000000 |         54.8 |  0.000007764  0.000050994, -0.000033471  0.000546616
CONST: 001 | 58 -2.6e-05 9e-05 0.000191 -0.0002 0.000297 0

ABS:   002 | -0.000025900  0.000090000  0.000191000 -0.000200000  0.000297000  0.000000000 |         54.8 |  0.000007864  0.000050994, -0.000033471  0.000546616
DIFF:  002 |  0.000000100  0.000000000  0.000000000  0.000000000 -0.000000000  0.000000000 |          0.0 |  0.000000100  0.000000000, -0.000000000 -0.000000000
MOVE:  002 |  0.000000100  0.000000000  0.000000000  0.000000000 -0.000000000  0.000000000 |          0.0 |  0.000000100  0.000000000, -0.000000000 -0.000000000
CONST: 002 | 58 -2.59e-05 9e-05 0.000191 -0.0002 0.000297 0

ABS:   003 | -0.000026100  0.000090000  0.000191000 -0.000200000  0.000297000  0.000000000 |         54.8 |  0.000007687  0.000051015, -0.000033471  0.000546616
DIFF:  003 | -0.000000200  0.000000000  0.000000000  0.000000000  0.000000000  0.000000000 |         -0.0 | -0.000000177  0.000000020,  0.000000000  0.000000000
MOVE:  003 | -0.000000100  0.000000000  0.000000000  0.000000000 -0.000000000  0.000000000 |          0.0 | -0.000000077  0.000000020,  0.000000000 -0.000000000
CONST: 003 | 58 -2.61e-05 9e-05 0.000191 -0.0002 0.000297 0

ABS:   004 | -0.000025990  0.000090000  0.000191000 -0.000200000  0.000297000  0.000000000 |         54.8 |  0.000007774  0.000050994, -0.000033471  0.000546616
DIFF:  004 |  0.000000110  0.000000000  0.000000000  0.000000000  0.000000000  0.000000000 |         -0.0 |  0.000000087 -0.000000020, -0.000000000 -0.000000000
MOVE:  004 |  0.000000010  0.000000000  0.000000000  0.000000000 -0.000000000  0.000000000 |          0.0 |  0.000000010  0.000000000, -0.000000000 -0.000000000
CONST: 004 | 58 -2.599e-05 9e-05 0.000191 -0.0002 0.000297 0

ABS:   005 | -0.000026010  0.000090000  0.000191000 -0.000200000  0.000297000  0.000000000 |         54.8 |  0.000007754  0.000050994, -0.000033471  0.000546616
DIFF:  005 | -0.000000020  0.000000000  0.000000000  0.000000000  0.000000000  0.000000000 |         -0.0 | -0.000000020 -0.000000000,  0.000000000  0.000000000
MOVE:  005 | -0.000000010  0.000000000  0.000000000  0.000000000 -0.000000000  0.000000000 |         -0.0 | -0.000000010  0.000000000,  0.000000000  0.000000000
CONST: 005 | 58 -2.601e-05 9e-05 0.000191 -0.0002 0.000297 0

ABS:   006 | -0.000025932  0.000090000  0.000191000 -0.000200000  0.000297000  0.000000000 |         54.8 |  0.000007832  0.000050994, -0.000033471  0.000546616
DIFF:  006 |  0.000000078  0.000000000  0.000000000  0.000000000  0.000000000  0.000000000 |          0.0 |  0.000000078 -0.000000000, -0.000000000 -0.000000000
MOVE:  006 |  0.000000068  0.000000000  0.000000000  0.000000000 -0.000000000  0.000000000 |          0.0 |  0.000000068 -0.000000000, -0.000000000 -0.000000000
CONST: 006 | 58 -2.59322e-05 9e-05 0.000191 -0.0002 0.000297 0

ABS:   007 | -0.000026068  0.000090000  0.000191000 -0.000200000  0.000297000  0.000000000 |         54.8 |  0.000007719  0.000051015, -0.000033471  0.000546616
DIFF:  007 | -0.000000136  0.000000000  0.000000000  0.000000000  0.000000000  0.000000000 |          0.0 | -0.000000113  0.000000020,  0.000000000 -0.000000000
MOVE:  007 | -0.000000068  0.000000000  0.000000000  0.000000000 -0.000000000  0.000000000 |          0.0 | -0.000000045  0.000000020,  0.000000000 -0.000000000
CONST: 007 | 58 -2.60678e-05 9e-05 0.000191 -0.0002 0.000297 0

ABS:   008 | -0.000026000  0.000090100  0.000191000 -0.000200000  0.000297000  0.000000000 |         54.8 |  0.000007765  0.000050995, -0.000033478  0.000546619
DIFF:  008 |  0.000000068  0.000000100  0.000000000  0.000000000  0.000000000  0.000000000 |         -0.0 |  0.000000046 -0.000000020, -0.000000007  0.000000003
MOVE:  008 |  0.000000000  0.000000100  0.000000000  0.000000000 -0.000000000  0.000000000 |          0.0 |  0.000000001  0.000000000, -0.000000007  0.000000003
CONST: 008 | 58 -2.6e-05 9.01e-05 0.000191 -0.0002 0.000297 0

ABS:   009 | -0.000026000  0.000089900  0.000191000 -0.000200000  0.000297000  0.000000000 |         54.8 |  0.000007763  0.000050994, -0.000033721  0.000546408
DIFF:  009 |  0.000000000 -0.000000200  0.000000000  0.000000000  0.000000000  0.000000000 |         -0.0 | -0.000000002 -0.000000000, -0.000000243 -0.000000211
MOVE:  009 |  0.000000000 -0.000000100  0.000000000  0.000000000 -0.000000000  0.000000000 |         -0.0 | -0.000000001 -0.000000000, -0.000000250 -0.000000208
CONST: 009 | 58 -2.6e-05 8.99e-05 0.000191 -0.0002 0.000297 0

ABS:   010 | -0.000026000  0.000090010  0.000191000 -0.000200000  0.000297000  0.000000000 |         54.8 |  0.000007764  0.000050994, -0.000033471  0.000546616
DIFF:  010 |  0.000000000  0.000000110  0.000000000  0.000000000  0.000000000  0.000000000 |          0.0 |  0.000000001  0.000000000,  0.000000249  0.000000208
MOVE:  010 |  0.000000000  0.000000010  0.000000000  0.000000000 -0.000000000  0.000000000 |          0.0 |  0.000000000  0.000000000, -0.000000001  0.000000000
CONST: 010 | 58 -2.6e-05 9.001e-05 0.000191 -0.0002 0.000297 0

ABS:   011 | -0.000026000  0.000089990  0.000191000 -0.000200000  0.000297000  0.000000000 |         54.8 |  0.000007764  0.000050994, -0.000033470  0.000546616
DIFF:  011 |  0.000000000 -0.000000020  0.000000000  0.000000000  0.000000000  0.000000000 |         -0.0 | -0.000000000 -0.000000000,  0.000000001 -0.000000001
MOVE:  011 |  0.000000000 -0.000000010  0.000000000  0.000000000 -0.000000000  0.000000000 |         -0.0 | -0.000000000 -0.000000000,  0.000000001 -0.000000000
CONST: 011 | 58 -2.6e-05 8.999e-05 0.000191 -0.0002 0.000297 0

ABS:   012 | -0.000026000  0.000090100  0.000191000 -0.000200000  0.000297000  0.000000000 |         54.8 |  0.000007765  0.000050995, -0.000033478  0.000546619
DIFF:  012 |  0.000000000  0.000000110  0.000000000  0.000000000  0.000000000  0.000000000 |          0.0 |  0.000000001  0.000000000, -0.000000008  0.000000004
MOVE:  012 |  0.000000000  0.000000100  0.000000000  0.000000000 -0.000000000  0.000000000 |          0.0 |  0.000000001  0.000000000, -0.000000007  0.000000003
CONST: 012 | 58 -2.6e-05 9.01e-05 0.000191 -0.0002 0.000297 0

ABS:   013 | -0.000026000  0.000089900  0.000191000 -0.000200000  0.000297000  0.000000000 |         54.8 |  0.000007763  0.000050994, -0.000033721  0.000546408
DIFF:  013 |  0.000000000 -0.000000200  0.000000000  0.000000000  0.000000000  0.000000000 |         -0.0 | -0.000000002 -0.000000000, -0.000000243 -0.000000211
MOVE:  013 |  0.000000000 -0.000000100  0.000000000  0.000000000 -0.000000000  0.000000000 |         -0.0 | -0.000000001 -0.000000000, -0.000000250 -0.000000208
CONST: 013 | 58 -2.6e-05 8.99e-05 0.000191 -0.0002 0.000297 0

ABS:   014 | -0.000026000  0.000090000  0.000196002 -0.000200000  0.000297000  0.000000000 |         55.0 |  0.000007763  0.000050994, -0.000036705  0.000547297
DIFF:  014 |  0.000000000  0.000000100  0.000005002  0.000000000  0.000000000  0.000000000 |          0.2 | -0.000000000  0.000000000, -0.000002984  0.000000889
MOVE:  014 |  0.000000000  0.000000000  0.000005002  0.000000000 -0.000000000  0.000000000 |          0.2 | -0.000000001 -0.000000000, -0.000003234  0.000000681
CONST: 014 | 58 -2.6e-05 9e-05 0.000196002 -0.0002 0.000297 0

ABS:   015 | -0.000026000  0.000090000  0.000185998 -0.000200000  0.000297000  0.000000000 |         55.1 |  0.000007766  0.000050994, -0.000031400  0.000547950
DIFF:  015 |  0.000000000  0.000000000 -0.000010004  0.000000000  0.000000000  0.000000000 |          0.1 |  0.000000003  0.000000000,  0.000005304  0.000000653
MOVE:  015 |  0.000000000  0.000000000 -0.000005002  0.000000000 -0.000000000  0.000000000 |          0.3 |  0.000000001  0.000000000,  0.000002070  0.000001334
CONST: 015 | 58 -2.6e-05 9e-05 0.000185998 -0.0002 0.000297 0

ABS:   016 | -0.000026000  0.000090000  0.000191500 -0.000200000  0.000297000  0.000000000 |         54.8 |  0.000007764  0.000050994, -0.000033971  0.000546616
DIFF:  016 |  0.000000000  0.000000000  0.000005502  0.000000000  0.000000000  0.000000000 |         -0.3 | -0.000000002 -0.000000000, -0.000002571 -0.000001334
MOVE:  016 |  0.000000000  0.000000000  0.000000500  0.000000000 -0.000000000  0.000000000 |          0.0 | -0.000000000 -0.000000000, -0.000000500 -0.000000000
CONST: 016 | 58 -2.6e-05 9e-05 0.0001915 -0.0002 0.000297 0

ABS:   017 | -0.000026000  0.000090000  0.000190500 -0.000200000  0.000297000  0.000000000 |         54.8 |  0.000007764  0.000050994, -0.000033227  0.000546412
DIFF:  017 |  0.000000000  0.000000000 -0.000001000  0.000000000  0.000000000  0.000000000 |         -0.1 |  0.000000000  0.000000000,  0.000000744 -0.000000204
MOVE:  017 |  0.000000000  0.000000000 -0.000000500  0.000000000 -0.000000000  0.000000000 |         -0.0 |  0.000000000  0.000000000,  0.000000243 -0.000000204
CONST: 017 | 58 -2.6e-05 9e-05 0.0001905 -0.0002 0.000297 0

ABS:   018 | -0.000026000  0.000090000  0.000191050 -0.000200000  0.000297000  0.000000000 |         54.8 |  0.000007764  0.000050994, -0.000033521  0.000546616
DIFF:  018 |  0.000000000  0.000000000  0.000000550  0.000000000  0.000000000  0.000000000 |          0.0 | -0.000000000 -0.000000000, -0.000000293  0.000000204
MOVE:  018 |  0.000000000  0.000000000  0.000000050  0.000000000 -0.000000000  0.000000000 |          0.0 | -0.000000000 -0.000000000, -0.000000050 -0.000000000
CONST: 018 | 58 -2.6e-05 9e-05 0.00019105 -0.0002 0.000297 0

ABS:   019 | -0.000026000  0.000090000  0.000190950 -0.000200000  0.000297000  0.000000000 |         54.8 |  0.000007764  0.000050994, -0.000033678  0.000546412
DIFF:  019 |  0.000000000  0.000000000 -0.000000100  0.000000000  0.000000000  0.000000000 |         -0.0 |  0.000000000  0.000000000, -0.000000157 -0.000000204
MOVE:  019 |  0.000000000  0.000000000 -0.000000050  0.000000000 -0.000000000  0.000000000 |         -0.0 |  0.000000000  0.000000000, -0.000000207 -0.000000204
CONST: 019 | 58 -2.6e-05 9e-05 0.00019095 -0.0002 0.000297 0

ABS:   020 | -0.000026000  0.000090000  0.000191000 -0.000196000  0.000297000  0.000000000 |         54.8 |  0.000007762  0.000050995, -0.000033776  0.000546616
DIFF:  020 |  0.000000000  0.000000000  0.000000050  0.000004000  0.000000000  0.000000000 |          0.0 | -0.000000002  0.000000000, -0.000000098  0.000000204
MOVE:  020 |  0.000000000  0.000000000  0.000000000  0.000004000 -0.000000000  0.000000000 |          0.0 | -0.000000002  0.000000000, -0.000000305 -0.000000000
CONST: 020 | 58 -2.6e-05 9e-05 0.000191 -0.000196 0.000297 0

ABS:   021 | -0.000026000  0.000090000  0.000191000 -0.000204000  0.000297000  0.000000000 |         54.8 |  0.000007766  0.000050994, -0.000033422  0.000546412
DIFF:  021 |  0.000000000  0.000000000  0.000000000 -0.000008000  0.000000000  0.000000000 |         -0.0 |  0.000000004 -0.000000000,  0.000000353 -0.000000204
MOVE:  021 |  0.000000000  0.000000000  0.000000000 -0.000004000 -0.000000000  0.000000000 |         -0.0 |  0.000000002 -0.000000000,  0.000000048 -0.000000204
CONST: 021 | 58 -2.6e-05 9e-05 0.000191 -0.000204 0.000297 0

ABS:   022 | -0.000026000  0.000090000  0.000191000 -0.000199600  0.000297000  0.000000000 |         54.8 |  0.000007764  0.000050994, -0.000033501  0.000546616
DIFF:  022 |  0.000000000  0.000000000  0.000000000  0.000004400  0.000000000  0.000000000 |          0.0 | -0.000000002  0.000000000, -0.000000079  0.000000204
MOVE:  022 |  0.000000000  0.000000000  0.000000000  0.000000400 -0.000000000  0.000000000 |          0.0 | -0.000000000  0.000000000, -0.000000031 -0.000000000
CONST: 022 | 58 -2.6e-05 9e-05 0.000191 -0.0001996 0.000297 0

ABS:   023 | -0.000026000  0.000090000  0.000191000 -0.000200400  0.000297000  0.000000000 |         54.8 |  0.000007764  0.000050994, -0.000033440  0.000546616
DIFF:  023 |  0.000000000  0.000000000  0.000000000 -0.000000800  0.000000000  0.000000000 |         -0.0 |  0.000000000 -0.000000000,  0.000000061  0.000000000
MOVE:  023 |  0.000000000  0.000000000  0.000000000 -0.000000400 -0.000000000  0.000000000 |         -0.0 |  0.000000000 -0.000000000,  0.000000031  0.000000000
CONST: 023 | 58 -2.6e-05 9e-05 0.000191 -0.0002004 0.000297 0

ABS:   024 | -0.000026000  0.000090000  0.000191000 -0.000196860  0.000297000  0.000000000 |         54.8 |  0.000007762  0.000050995, -0.000033710  0.000546616
DIFF:  024 |  0.000000000  0.000000000  0.000000000  0.000003540  0.000000000  0.000000000 |          0.0 | -0.000000002  0.000000000, -0.000000270 -0.000000000
MOVE:  024 |  0.000000000  0.000000000  0.000000000  0.000003140 -0.000000000  0.000000000 |          0.0 | -0.000000002  0.000000000, -0.000000240 -0.000000000
CONST: 024 | 58 -2.6e-05 9e-05 0.000191 -0.00019686 0.000297 0

ABS:   025 | -0.000026000  0.000090000  0.000191000 -0.000203140  0.000297000  0.000000000 |         54.8 |  0.000007766  0.000050994, -0.000033488  0.000546412
DIFF:  025 |  0.000000000  0.000000000  0.000000000 -0.000006279  0.000000000  0.000000000 |         -0.0 |  0.000000003 -0.000000000,  0.000000222 -0.000000204
MOVE:  025 |  0.000000000  0.000000000  0.000000000 -0.000003140 -0.000000000  0.000000000 |         -0.0 |  0.000000002 -0.000000000, -0.000000017 -0.000000204
CONST: 025 | 58 -2.6e-05 9e-05 0.000191 -0.00020314 0.000297 0

ABS:   026 | -0.000026000  0.000090000  0.000191000 -0.000200000  0.000307001  0.000000000 |         54.8 |  0.000007782  0.000050870, -0.000033491  0.000546616
DIFF:  026 |  0.000000000  0.000000000  0.000000000  0.000003140  0.000010001  0.000000000 |          0.0 |  0.000000016 -0.000000124, -0.000000003  0.000000205
MOVE:  026 |  0.000000000  0.000000000  0.000000000  0.000000000  0.000010001  0.000000000 |         -0.0 |  0.000000018 -0.000000125, -0.000000020  0.000000000
CONST: 026 | 58 -2.6e-05 9e-05 0.000191 -0.0002 0.000307001 0

ABS:   027 | -0.000026000  0.000090000  0.000191000 -0.000200000  0.000286999  0.000000000 |         54.8 |  0.000007777  0.000051009, -0.000033708  0.000546411
DIFF:  027 |  0.000000000  0.000000000  0.000000000  0.000000000 -0.000020001  0.000000000 |         -0.0 | -0.000000005  0.000000140, -0.000000217 -0.000000205
MOVE:  027 |  0.000000000  0.000000000  0.000000000  0.000000000 -0.000010001  0.000000000 |         -0.0 |  0.000000013  0.000000015, -0.000000237 -0.000000205
CONST: 027 | 58 -2.6e-05 9e-05 0.000191 -0.0002 0.000286999 0

ABS:   028 | -0.000026000  0.000090000  0.000191000 -0.000200000  0.000298000  0.000000000 |         54.8 |  0.000007784  0.000050997, -0.000033473  0.000546616
DIFF:  028 |  0.000000000  0.000000000  0.000000000  0.000000000  0.000011001  0.000000000 |          0.1 |  0.000000007 -0.000000012,  0.000000235  0.000000205
MOVE:  028 |  0.000000000  0.000000000  0.000000000  0.000000000  0.000001000  0.000000000 |          0.0 |  0.000000020  0.000000003, -0.000000002  0.000000000
CONST: 028 | 58 -2.6e-05 9e-05 0.000191 -0.0002 0.000298 0

ABS:   029 | -0.000026000  0.000090000  0.000191000 -0.000200000  0.000296000  0.000000000 |         54.8 |  0.000007767  0.000051012, -0.000033469  0.000546616
DIFF:  029 |  0.000000000  0.000000000  0.000000000  0.000000000 -0.000002000  0.000000000 |          0.0 | -0.000000018  0.000000014,  0.000000004 -0.000000000
MOVE:  029 |  0.000000000  0.000000000  0.000000000  0.000000000 -0.000001000  0.000000000 |          0.0 |  0.000000003  0.000000017,  0.000000002 -0.000000000
CONST: 029 | 58 -2.6e-05 9e-05 0.000191 -0.0002 0.000296 0

ABS:   030 | -0.000026000  0.000090000  0.000191000 -0.000200000  0.000297100  0.000000000 |         54.8 |  0.000007764  0.000050993, -0.000033471  0.000546616
DIFF:  030 |  0.000000000  0.000000000  0.000000000  0.000000000  0.000001100  0.000000000 |         -0.0 | -0.000000003 -0.000000019, -0.000000002  0.000000000
MOVE:  030 |  0.000000000  0.000000000  0.000000000  0.000000000  0.000000100  0.000000000 |         -0.0 | -0.000000000 -0.000000002, -0.000000000  0.000000000
CONST: 030 | 58 -2.6e-05 9e-05 0.000191 -0.0002 0.0002971 0

ABS:   031 | -0.000026000  0.000090000  0.000191000 -0.000200000  0.000296900  0.000000000 |         54.8 |  0.000007764  0.000050996, -0.000033471  0.000546616
DIFF:  031 |  0.000000000  0.000000000  0.000000000  0.000000000 -0.000000200  0.000000000 |          0.0 |  0.000000001  0.000000003,  0.000000000 -0.000000000
MOVE:  031 |  0.000000000  0.000000000  0.000000000  0.000000000 -0.000000100  0.000000000 |          0.0 |  0.000000000  0.000000002,  0.000000000 -0.000000000
CONST: 031 | 58 -2.6e-05 9e-05 0.000191 -0.0002 0.0002969 0

ABS:   032 | -0.000026000  0.000090000  0.000191000 -0.000200000  0.000297000  0.000002000 |         54.8 |  0.000007763  0.000050994, -0.000033471  0.000546615
DIFF:  032 |  0.000000000  0.000000000  0.000000000  0.000000000  0.000000100  0.000002000 |         -0.0 | -0.000000001 -0.000000002, -0.000000000 -0.000000001
MOVE:  032 |  0.000000000  0.000000000  0.000000000  0.000000000 -0.000000000  0.000002000 |         -0.0 | -0.000000001 -0.000000000,  0.000000000 -0.000000001
CONST: 032 | 58 -2.6e-05 9e-05 0.000191 -0.0002 0.000297 2.00001e-06

ABS:   033 | -0.000026000  0.000090000  0.000191000 -0.000200000  0.000297000 -0.000002000 |         54.8 |  0.000007765  0.000050995, -0.000033471  0.000546617
DIFF:  033 |  0.000000000  0.000000000  0.000000000  0.000000000  0.000000000 -0.000004000 |          0.0 |  0.000000002  0.000000000, -0.000000000  0.000000001
MOVE:  033 |  0.000000000  0.000000000  0.000000000  0.000000000 -0.000000000 -0.000002000 |          0.0 |  0.000000001  0.000000000, -0.000000000  0.000000001
CONST: 033 | 58 -2.6e-05 9e-05 0.000191 -0.0002 0.000297 -2.00001e-06

ABS:   034 | -0.000026000  0.000090000  0.000191000 -0.000200000  0.000297000  0.000020000 |         54.8 |  0.000007756  0.000050994, -0.000033727  0.000546405
DIFF:  034 |  0.000000000  0.000000000  0.000000000  0.000000000  0.000000000  0.000022000 |         -0.0 | -0.000000009 -0.000000000, -0.000000256 -0.000000212
MOVE:  034 |  0.000000000  0.000000000  0.000000000  0.000000000 -0.000000000  0.000020000 |         -0.0 | -0.000000008 -0.000000000, -0.000000256 -0.000000211
CONST: 034 | 58 -2.6e-05 9e-05 0.000191 -0.0002 0.000297 2.00001e-05

ABS:   035 | -0.000026000  0.000090000  0.000191000 -0.000200000  0.000297000 -0.000020000 |         54.8 |  0.000007772  0.000050995, -0.000033472  0.000546623
DIFF:  035 |  0.000000000  0.000000000  0.000000000  0.000000000  0.000000000 -0.000040000 |          0.0 |  0.000000016  0.000000001,  0.000000255  0.000000218
MOVE:  035 |  0.000000000  0.000000000  0.000000000  0.000000000 -0.000000000 -0.000020000 |          0.0 |  0.000000008  0.000000000, -0.000000001  0.000000007
CONST: 035 | 58 -2.6e-05 9e-05 0.000191 -0.0002 0.000297 -2.00001e-05

ABS:   036 | -0.000026000  0.000090000  0.000191000 -0.000200000  0.000297000  0.000002000 |         54.8 |  0.000007763  0.000050994, -0.000033471  0.000546615
DIFF:  036 |  0.000000000  0.000000000  0.000000000  0.000000000  0.000000000  0.000022000 |         -0.0 | -0.000000009 -0.000000000,  0.000000001 -0.000000008
MOVE:  036 |  0.000000000  0.000000000  0.000000000  0.000000000 -0.000000000  0.000002000 |         -0.0 | -0.000000001 -0.000000000,  0.000000000 -0.000000001
CONST: 036 | 58 -2.6e-05 9e-05 0.000191 -0.0002 0.000297 2.00001e-06

ABS:   037 | -0.000026000  0.000090000  0.000191000 -0.000200000  0.000297000 -0.000002000 |         54.8 |  0.000007765  0.000050995, -0.000033471  0.000546617
DIFF:  037 |  0.000000000  0.000000000  0.000000000  0.000000000  0.000000000 -0.000004000 |          0.0 |  0.000000002  0.000000000, -0.000000000  0.000000001
MOVE:  037 |  0.000000000  0.000000000  0.000000000  0.000000000 -0.000000000 -0.000002000 |          0.0 |  0.000000001  0.000000000, -0.000000000  0.000000001
CONST: 037 | 58 -2.6e-05 9e-05 0.000191 -0.0002 0.000297 -2.00001e-06

ABS:   038 | -0.000026000  0.000089900  0.000191000 -0.000200000  0.000297000  0.000000000 |         54.8 |  0.000007763  0.000050994, -0.000033721  0.000546408
DIFF:  038 |  0.000000000 -0.000000100  0.000000000  0.000000000  0.000000000  0.000002000 |         -0.0 | -0.000000002 -0.000000000, -0.000000250 -0.000000208
MOVE:  038 |  0.000000000 -0.000000100  0.000000000  0.000000000 -0.000000000  0.000000000 |         -0.0 | -0.000000001 -0.000000000, -0.000000250 -0.000000208
CONST: 038 | 58 -2.6e-05 8.99e-05 0.000191 -0.0002 0.000297 0

ABS:   039 | -0.000026000  0.000089500  0.000191000 -0.000200000  0.000297000  0.000000000 |         54.8 |  0.000007758  0.000050994, -0.000033693  0.000546395
DIFF:  039 |  0.000000000 -0.000000400  0.000000000  0.000000000  0.000000000  0.000000000 |         -0.0 | -0.000000004 -0.000000001,  0.000000028 -0.000000013
MOVE:  039 |  0.000000000 -0.000000500  0.000000000  0.000000000 -0.000000000  0.000000000 |         -0.0 | -0.000000006 -0.000000001, -0.000000222 -0.000000221
CONST: 039 | 58 -2.6e-05 8.95e-05 0.000191 -0.0002 0.000297 0

ABS:   040 | -0.000026000  0.000089696  0.000191000 -0.000200000  0.000297000  0.000000000 |         54.8 |  0.000007761  0.000050994, -0.000033707  0.000546402
DIFF:  040 |  0.000000000  0.000000196  0.000000000  0.000000000  0.000000000  0.000000000 |          0.0 |  0.000000002  0.000000000, -0.000000013  0.000000006
MOVE:  040 |  0.000000000 -0.000000304  0.000000000  0.000000000 -0.000000000  0.000000000 |         -0.0 | -0.000000003 -0.000000001, -0.000000236 -0.000000214
CONST: 040 | 58 -2.6e-05 8.96957e-05 0.000191 -0.0002 0.000297 0

ABS:   041 | -0.000026000  0.000088500  0.000191000 -0.000200000  0.000297000  0.000000000 |         54.8 |  0.000007747  0.000050992, -0.000033624  0.000546364
DIFF:  041 |  0.000000000 -0.000001196  0.000000000  0.000000000  0.000000000  0.000000000 |         -0.0 | -0.000000013 -0.000000002,  0.000000082 -0.000000038
MOVE:  041 |  0.000000000 -0.000001500  0.000000000  0.000000000 -0.000000000  0.000000000 |         -0.1 | -0.000000017 -0.000000003, -0.000000154 -0.000000252
CONST: 041 | 58 -2.6e-05 8.85e-05 0.000191 -0.0002 0.000297 0

ABS:   042 | -0.000026000  0.000085500  0.000191000 -0.000200000  0.000297000  0.000000000 |         54.9 |  0.000007690  0.000050967, -0.000033387  0.000547030
DIFF:  042 |  0.000000000 -0.000003000  0.000000000  0.000000000  0.000000000  0.000000000 |          0.1 | -0.000000057 -0.000000025,  0.000000237  0.000000666
MOVE:  042 |  0.000000000 -0.000004500  0.000000000  0.000000000 -0.000000000  0.000000000 |          0.1 | -0.000000074 -0.000000027,  0.000000084  0.000000414
CONST: 042 | 58 -2.6e-05 8.54999e-05 0.000191 -0.0002 0.000297 0

ABS:   043 | -0.000026000  0.000087000  0.000191000 -0.000200000  0.000297000  0.000000000 |         54.8 |  0.000007707  0.000050969, -0.000033264  0.000546522
DIFF:  043 |  0.000000000  0.000001500  0.000000000  0.000000000  0.000000000  0.000000000 |         -0.1 |  0.000000017  0.000000002,  0.000000123 -0.000000507
MOVE:  043 |  0.000000000 -0.000003000  0.000000000  0.000000000 -0.000000000  0.000000000 |         -0.0 | -0.000000057 -0.000000025,  0.000000207 -0.000000094
CONST: 043 | 58 -2.6e-05 8.7e-05 0.000191 -0.0002 0.000297 0

ABS:   044 | -0.000026000  0.000087750  0.000191000 -0.000200000  0.000297000  0.000000000 |         54.8 |  0.000007739  0.000050991, -0.000033557  0.000546719
DIFF:  044 |  0.000000000  0.000000750  0.000000000  0.000000000  0.000000000  0.000000000 |          0.1 |  0.000000031  0.000000021, -0.000000293  0.000000197
MOVE:  044 |  0.000000000 -0.000002250  0.000000000  0.000000000 -0.000000000  0.000000000 |          0.0 | -0.000000025 -0.000000004, -0.000000087  0.000000103
CONST: 044 | 58 -2.6e-05 8.775e-05 0.000191 -0.0002 0.000297 0

ABS:   045 | -0.000026000  0.000088125  0.000191000 -0.000200000  0.000297000  0.000000000 |         54.8 |  0.000007743  0.000050991, -0.000033342  0.000546557
DIFF:  045 |  0.000000000  0.000000375  0.000000000  0.000000000  0.000000000  0.000000000 |         -0.0 |  0.000000004  0.000000001,  0.000000216 -0.000000162
MOVE:  045 |  0.000000000 -0.000001875  0.000000000  0.000000000 -0.000000000  0.000000000 |         -0.0 | -0.000000021 -0.000000003,  0.000000129 -0.000000059
CONST: 045 | 58 -2.6e-05 8.8125e-05 0.000191 -0.0002 0.000297 0

ABS:   046 | -0.000026000  0.000088312  0.000191000 -0.000200000  0.000297000  0.000000000 |         54.8 |  0.000007745  0.000050992, -0.000033354  0.000546562
DIFF:  046 |  0.000000000  0.000000188  0.000000000  0.000000000  0.000000000  0.000000000 |          0.0 |  0.000000002  0.000000000, -0.000000013  0.000000006
MOVE:  046 |  0.000000000 -0.000001688  0.000000000  0.000000000 -0.000000000  0.000000000 |         -0.0 | -0.000000019 -0.000000003,  0.000000116 -0.000000054
CONST: 046 | 58 -2.6e-05 8.83125e-05 0.000191 -0.0002 0.000297 0

ABS:   047 | -0.000026000  0.000088406  0.000191000 -0.000200000  0.000297000  0.000000000 |         54.8 |  0.000007746  0.000050992, -0.000033618  0.000546361
DIFF:  047 |  0.000000000  0.000000094  0.000000000  0.000000000  0.000000000  0.000000000 |         -0.0 |  0.000000001  0.000000000, -0.000000263 -0.000000202
MOVE:  047 |  0.000000000 -0.000001594  0.000000000  0.000000000 -0.000000000  0.000000000 |         -0.1 | -0.000000018 -0.000000003, -0.000000147 -0.000000255
CONST: 047 | 58 -2.6e-05 8.84062e-05 0.000191 -0.0002 0.000297 0

ABS:   048 | -0.000026000  0.000088317  0.000191000 -0.000200000  0.000297000  0.000000000 |         54.8 |  0.000007745  0.000050992, -0.000033355  0.000546563
DIFF:  048 |  0.000000000 -0.000000089  0.000000000  0.000000000  0.000000000  0.000000000 |          0.0 | -0.000000001 -0.000000000,  0.000000263  0.000000202
MOVE:  048 |  0.000000000 -0.000001683  0.000000000  0.000000000 -0.000000000  0.000000000 |         -0.0 | -0.000000019 -0.000000003,  0.000000116 -0.000000053
CONST: 048 | 58 -2.6e-05 8.83175e-05 0.000191 -0.0002 0.000297 0

ABS:   049 | -0.000025993  0.000088406  0.000191000 -0.000200000  0.000297000  0.000000000 |         54.8 |  0.000007753  0.000050992, -0.000033618  0.000546361
DIFF:  049 |  0.000000007  0.000000089  0.000000000  0.000000000  0.000000000  0.000000000 |         -0.0 |  0.000000008  0.000000000, -0.000000263 -0.000000202
MOVE:  049 |  0.000000007 -0.000001594  0.000000000  0.000000000 -0.000000000  0.000000000 |         -0.1 | -0.000000011 -0.000000003, -0.000000147 -0.000000255
CONST: 049 | 58 -2.59932e-05 8.84062e-05 0.000191 -0.0002 0.000297 0

ABS:   050 | -0.000026007  0.000088406  0.000191000 -0.000200000  0.000297000  0.000000000 |         54.8 |  0.000007739  0.000050992, -0.000033618  0.000546361
DIFF:  050 | -0.000000014  0.000000000  0.000000000  0.000000000  0.000000000  0.000000000 |         -0.0 | -0.000000014 -0.000000000,  0.000000000 -0.000000000
MOVE:  050 | -0.000000007 -0.000001594  0.000000000  0.000000000 -0.000000000  0.000000000 |         -0.1 | -0.000000025 -0.000000003, -0.000000147 -0.000000255
CONST: 050 | 58 -2.60068e-05 8.84062e-05 0.000191 -0.0002 0.000297 0

ABS:   051 | -0.000025932  0.000088406  0.000191000 -0.000200000  0.000297000  0.000000000 |         54.8 |  0.000007814  0.000050992, -0.000033618  0.000546361
DIFF:  051 |  0.000000075  0.000000000  0.000000000  0.000000000  0.000000000  0.000000000 |          0.0 |  0.000000075  0.000000000, -0.000000000  0.000000000
MOVE:  051 |  0.000000068 -0.000001594  0.000000000  0.000000000 -0.000000000  0.000000000 |         -0.1 |  0.000000050 -0.000000003, -0.000000147 -0.000000255
CONST: 051 | 58 -2.59322e-05 8.84062e-05 0.000191 -0.0002 0.000297 0

ABS:   052 | -0.000026068  0.000088406  0.000191000 -0.000200000  0.000297000  0.000000000 |         54.8 |  0.000007678  0.000050992, -0.000033618  0.000546361
DIFF:  052 | -0.000000136  0.000000000  0.000000000  0.000000000  0.000000000  0.000000000 |         -0.0 | -0.000000136 -0.000000000,  0.000000000 -0.000000000
MOVE:  052 | -0.000000068 -0.000001594  0.000000000  0.000000000 -0.000000000  0.000000000 |         -0.1 | -0.000000086 -0.000000003, -0.000000147 -0.000000255
CONST: 052 | 58 -2.60678e-05 8.84062e-05 0.000191 -0.0002 0.000297 0

ABS:   053 | -0.000026000  0.000088416  0.000191000 -0.000200000  0.000297000  0.000000000 |         54.8 |  0.000007746  0.000050992, -0.000033619  0.000546361
DIFF:  053 |  0.000000068  0.000000010  0.000000000  0.000000000  0.000000000  0.000000000 |          0.0 |  0.000000068  0.000000000, -0.000000001  0.000000000
MOVE:  053 |  0.000000000 -0.000001584  0.000000000  0.000000000 -0.000000000  0.000000000 |         -0.1 | -0.000000018 -0.000000003, -0.000000148 -0.000000255
CONST: 053 | 58 -2.6e-05 8.84162e-05 0.000191 -0.0002 0.000297 0

ABS:   054 | -0.000026000  0.000088396  0.000191000 -0.000200000  0.000297000  0.000000000 |         54.8 |  0.000007746  0.000050992, -0.000033617  0.000546360
DIFF:  054 |  0.000000000 -0.000000020  0.000000000  0.000000000  0.000000000  0.000000000 |         -0.0 | -0.000000000 -0.000000000,  0.000000001 -0.000000001
MOVE:  054 |  0.000000000 -0.000001604  0.000000000  0.000000000 -0.000000000  0.000000000 |         -0.1 | -0.000000018 -0.000000003, -0.000000146 -0.000000256
CONST: 054 | 58 -2.6e-05 8.83962e-05 0.000191 -0.0002 0.000297 0

ABS:   055 | -0.000026000  0.000088506  0.000191000 -0.000200000  0.000297000  0.000000000 |         54.8 |  0.000007747  0.000050992, -0.000033625  0.000546364
DIFF:  055 |  0.000000000  0.000000110  0.000000000  0.000000000  0.000000000  0.000000000 |          0.0 |  0.000000001  0.000000000, -0.000000008  0.000000003
MOVE:  055 |  0.000000000 -0.000001494  0.000000000  0.000000000 -0.000000000  0.000000000 |         -0.1 | -0.000000017 -0.000000003, -0.000000154 -0.000000252
CONST: 055 | 58 -2.6e-05 8.85062e-05 0.000191 -0.0002 0.000297 0

ABS:   056 | -0.000026000  0.000088306  0.000191000 -0.000200000  0.000297000  0.000000000 |         54.8 |  0.000007745  0.000050992, -0.000033354  0.000546562
DIFF:  056 |  0.000000000 -0.000000200  0.000000000  0.000000000  0.000000000  0.000000000 |          0.0 | -0.000000002 -0.000000000,  0.000000271  0.000000198
MOVE:  056 |  0.000000000 -0.000001694  0.000000000  0.000000000 -0.000000000  0.000000000 |         -0.0 | -0.000000019 -0.000000003,  0.000000117 -0.000000054
CONST: 056 | 58 -2.6e-05 8.83062e-05 0.000191 -0.0002 0.000297 0

ABS:   057 | -0.000026000  0.000088416  0.000191000 -0.000200000  0.000297000  0.000000000 |         54.8 |  0.000007746  0.000050992, -0.000033619  0.000546361
DIFF:  057 |  0.000000000  0.000000110  0.000000000  0.000000000  0.000000000  0.000000000 |         -0.0 |  0.000000001  0.000000000, -0.000000264 -0.000000201
MOVE:  057 |  0.000000000 -0.000001584  0.000000000  0.000000000 -0.000000000  0.000000000 |         -0.1 | -0.000000018 -0.000000003, -0.000000148 -0.000000255
CONST: 057 | 58 -2.6e-05 8.84162e-05 0.000191 -0.0002 0.000297 0

ABS:   058 | -0.000026000  0.000088396  0.000191000 -0.000200000  0.000297000  0.000000000 |         54.8 |  0.000007746  0.000050992, -0.000033617  0.000546360
DIFF:  058 |  0.000000000 -0.000000020  0.000000000  0.000000000  0.000000000  0.000000000 |         -0.0 | -0.000000000 -0.000000000,  0.000000001 -0.000000001
MOVE:  058 |  0.000000000 -0.000001604  0.000000000  0.000000000 -0.000000000  0.000000000 |         -0.1 | -0.000000018 -0.000000003, -0.000000146 -0.000000256
CONST: 058 | 58 -2.6e-05 8.83962e-05 0.000191 -0.0002 0.000297 0

ABS:   059 | -0.000026000  0.000088406  0.000191005 -0.000200000  0.000297000  0.000000000 |         54.8 |  0.000007746  0.000050992, -0.000033623  0.000546361
DIFF:  059 |  0.000000000  0.000000010  0.000000005  0.000000000  0.000000000  0.000000000 |          0.0 |  0.000000000  0.000000000, -0.000000006  0.000000000
MOVE:  059 |  0.000000000 -0.000001594  0.000000005  0.000000000 -0.000000000  0.000000000 |         -0.1 | -0.000000018 -0.000000003, -0.000000152 -0.000000255
CONST: 059 | 58 -2.6e-05 8.84062e-05 0.000191005 -0.0002 0.000297 0

ABS:   060 | -0.000026000  0.000088406  0.000190995 -0.000200000  0.000297000  0.000000000 |         54.8 |  0.000007746  0.000050992, -0.000033613  0.000546361
DIFF:  060 |  0.000000000  0.000000000 -0.000000010  0.000000000  0.000000000  0.000000000 |         -0.0 |  0.000000000  0.000000000,  0.000000010  0.000000000
MOVE:  060 |  0.000000000 -0.000001594 -0.000000005  0.000000000 -0.000000000  0.000000000 |         -0.1 | -0.000000018 -0.000000003, -0.000000142 -0.000000255
CONST: 060 | 58 -2.6e-05 8.84062e-05 0.000190995 -0.0002 0.000297 0

ABS:   061 | -0.000026000  0.000088406  0.000191050 -0.000200000  0.000297000  0.000000000 |         54.8 |  0.000007746  0.000050992, -0.000033668  0.000546361
DIFF:  061 |  0.000000000  0.000000000  0.000000055  0.000000000  0.000000000  0.000000000 |          0.0 | -0.000000000 -0.000000000, -0.000000055 -0.000000000
MOVE:  061 |  0.000000000 -0.000001594  0.000000050  0.000000000 -0.000000000  0.000000000 |         -0.1 | -0.000000018 -0.000000003, -0.000000197 -0.000000255
CONST: 061 | 58 -2.6e-05 8.84062e-05 0.00019105 -0.0002 0.000297 0

ABS:   062 | -0.000026000  0.000088406  0.000190950 -0.000200000  0.000297000  0.000000000 |         54.8 |  0.000007746  0.000050992, -0.000033568  0.000546361
DIFF:  062 |  0.000000000  0.000000000 -0.000000100  0.000000000  0.000000000  0.000000000 |         -0.0 |  0.000000000  0.000000000,  0.000000100  0.000000000
MOVE:  062 |  0.000000000 -0.000001594 -0.000000050  0.000000000 -0.000000000  0.000000000 |         -0.1 | -0.000000018 -0.000000003, -0.000000097 -0.000000255
CONST: 062 | 58 -2.6e-05 8.84062e-05 0.00019095 -0.0002 0.000297 0

ABS:   063 | -0.000026000  0.000088406  0.000191000 -0.000199686  0.000297000  0.000000000 |         54.8 |  0.000007746  0.000050992, -0.000033642  0.000546361
DIFF:  063 |  0.000000000  0.000000000  0.000000050  0.000000314  0.000000000  0.000000000 |          0.0 | -0.000000000  0.000000000, -0.000000074 -0.000000000
MOVE:  063 |  0.000000000 -0.000001594  0.000000000  0.000000314 -0.000000000  0.000000000 |         -0.1 | -0.000000018 -0.000000003, -0.000000171 -0.000000255
CONST: 063 | 58 -2.6e-05 8.84062e-05 0.000191 -0.000199686 0.000297 0

ABS:   064 | -0.000026000  0.000088406  0.000191000 -0.000200314  0.000297000  0.000000000 |         54.8 |  0.000007746  0.000050992, -0.000033594  0.000546361
DIFF:  064 |  0.000000000  0.000000000  0.000000000 -0.000000628  0.000000000  0.000000000 |         -0.0 |  0.000000000 -0.000000000,  0.000000048  0.000000000
MOVE:  064 |  0.000000000 -0.000001594  0.000000000 -0.000000314 -0.000000000  0.000000000 |         -0.1 | -0.000000018 -0.000000003, -0.000000123 -0.000000255
CONST: 064 | 58 -2.6e-05 8.84062e-05 0.000191 -0.000200314 0.000297 0

ABS:   065 | -0.000026000  0.000088406  0.000191000 -0.000196862  0.000297000  0.000000000 |         54.8 |  0.000007744  0.000050992, -0.000033600  0.000546565
DIFF:  065 |  0.000000000  0.000000000  0.000000000  0.000003452  0.000000000  0.000000000 |          0.0 | -0.000000002  0.000000000, -0.000000007  0.000000204
MOVE:  065 |  0.000000000 -0.000001594  0.000000000  0.000003138 -0.000000000  0.000000000 |         -0.0 | -0.000000020 -0.000000003, -0.000000130 -0.000000051
CONST: 065 | 58 -2.6e-05 8.84062e-05 0.000191 -0.000196862 0.000297 0

ABS:   066 | -0.000026000  0.000088406  0.000191000 -0.000203138  0.000297000  0.000000000 |         54.8 |  0.000007748  0.000050992, -0.000033378  0.000546361
DIFF:  066 |  0.000000000  0.000000000  0.000000000 -0.000006277  0.000000000  0.000000000 |         -0.0 |  0.000000003 -0.000000000,  0.000000222 -0.000000204
MOVE:  066 |  0.000000000 -0.000001594  0.000000000 -0.000003138 -0.000000000  0.000000000 |         -0.1 | -0.000000016 -0.000000003,  0.000000092 -0.000000255
CONST: 066 | 58 -2.6e-05 8.84062e-05 0.000191 -0.000203138 0.000297 0

ABS:   067 | -0.000026000  0.000088406  0.000191000 -0.000199686  0.000297000  0.000000000 |         54.8 |  0.000007746  0.000050992, -0.000033642  0.000546361
DIFF:  067 |  0.000000000  0.000000000  0.000000000  0.000003452  0.000000000  0.000000000 |          0.0 | -0.000000002  0.000000000, -0.000000263 -0.000000000
MOVE:  067 |  0.000000000 -0.000001594  0.000000000  0.000000314 -0.000000000  0.000000000 |         -0.1 | -0.000000018 -0.000000003, -0.000000171 -0.000000255
CONST: 067 | 58 -2.6e-05 8.84062e-05 0.000191 -0.000199686 0.000297 0

ABS:   068 | -0.000026000  0.000088406  0.000191000 -0.000200314  0.000297000  0.000000000 |         54.8 |  0.000007746  0.000050992, -0.000033594  0.000546361
DIFF:  068 |  0.000000000  0.000000000  0.000000000 -0.000000628  0.000000000  0.000000000 |         -0.0 |  0.000000000 -0.000000000,  0.000000048  0.000000000
MOVE:  068 |  0.000000000 -0.000001594  0.000000000 -0.000000314 -0.000000000  0.000000000 |         -0.1 | -0.000000018 -0.000000003, -0.000000123 -0.000000255
CONST: 068 | 58 -2.6e-05 8.84062e-05 0.000191 -0.000200314 0.000297 0

ABS:   069 | -0.000026000  0.000088406  0.000191000 -0.000200000  0.000297752  0.000000000 |         54.8 |  0.000007767  0.000050999, -0.000033619  0.000546361
DIFF:  069 |  0.000000000  0.000000000  0.000000000  0.000000314  0.000000752  0.000000000 |          0.0 |  0.000000021  0.000000007, -0.000000025  0.000000000
MOVE:  069 |  0.000000000 -0.000001594  0.000000000  0.000000000  0.000000752  0.000000000 |         -0.0 |  0.000000003  0.000000004, -0.000000149 -0.000000255
CONST: 069 | 58 -2.6e-05 8.84062e-05 0.000191 -0.0002 0.000297752 0

ABS:   070 | -0.000026000  0.000088406  0.000191000 -0.000200000  0.000296248  0.000000000 |         54.8 |  0.000007748  0.000051005, -0.000033616  0.000546361
DIFF:  070 |  0.000000000  0.000000000  0.000000000  0.000000000 -0.000001504  0.000000000 |         -0.0 | -0.000000019  0.000000006,  0.000000003 -0.000000000
MOVE:  070 |  0.000000000 -0.000001594  0.000000000  0.000000000 -0.000000752  0.000000000 |         -0.1 | -0.000000016  0.000000010, -0.000000146 -0.000000255
CONST: 070 | 58 -2.6e-05 8.84062e-05 0.000191 -0.0002 0.000296248 0

ABS:   071 | -0.000026000  0.000088406  0.000191000 -0.000200000  0.000297075  0.000000000 |         54.8 |  0.000007746  0.000050990, -0.000033618  0.000546361
DIFF:  071 |  0.000000000  0.000000000  0.000000000  0.000000000  0.000000827  0.000000000 |         -0.0 | -0.000000002 -0.000000014, -0.000000002  0.000000000
MOVE:  071 |  0.000000000 -0.000001594  0.000000000  0.000000000  0.000000075  0.000000000 |         -0.1 | -0.000000018 -0.000000004, -0.000000147 -0.000000255
CONST: 071 | 58 -2.6e-05 8.84062e-05 0.000191 -0.0002 0.000297075 0

