ABS:   itr |       deltaX       deltaY       deltaZ         phiX         phiY         phiZ |        chisq |    rphi mean     rphi rms,       z mean        z rms
ABS:   =========================================================================================================================================================
DIFF:  itr |       deltaX       deltaY       deltaZ         phiX         phiY         phiZ |        chisq |    rphi mean     rphi rms,       z mean        z rms
DIFF:  =========================================================================================================================================================
MOVE:  itr |       deltaX       deltaY       deltaZ         phiX         phiY         phiZ |        chisq |    rphi mean     rphi rms,       z mean        z rms
MOVE:  =========================================================================================================================================================
ABS:   001 |  0.000000000  0.000055000 -0.000010000  0.001300000  0.000239000  0.000000000 |          4.0 | -0.000005871  0.000045455,  0.000028517  0.000533254
CONST: 001 | 53 0 5.5e-05 -1e-05 0.0013 0.000239 0

ABS:   001 |  0.000000000  0.000055000 -0.000010000  0.001300000  0.000239000  0.000000000 |          4.0 | -0.000005871  0.000045455,  0.000028517  0.000533254
CONST: 001 | 53 0 5.5e-05 -1e-05 0.0013 0.000239 0

ABS:   002 |  0.000010000  0.000055000 -0.000010000  0.001300000  0.000239000  0.000000000 |          3.9 |  0.000003508  0.000044728,  0.000028515  0.000533254
DIFF:  002 |  0.000010000  0.000000000  0.000000000  0.000000000  0.000000000  0.000000000 |         -0.0 |  0.000009379 -0.000000727, -0.000000002  0.000000000
MOVE:  002 |  0.000010000  0.000000000  0.000000000  0.000000000  0.000000000  0.000000000 |         -0.0 |  0.000009379 -0.000000727, -0.000000002  0.000000000
CONST: 002 | 53 1e-05 5.5e-05 -1e-05 0.0013 0.000239 0

ABS:   003 | -0.000010000  0.000055000 -0.000010000  0.001300000  0.000239000  0.000000000 |          4.0 | -0.000014268  0.000046788,  0.000028519  0.000533254
DIFF:  003 | -0.000020000  0.000000000  0.000000000  0.000000000  0.000000000  0.000000000 |          0.1 | -0.000017776  0.000002060,  0.000000005  0.000000000
MOVE:  003 | -0.000010000  0.000000000  0.000000000  0.000000000  0.000000000  0.000000000 |          0.1 | -0.000008398  0.000001333,  0.000000002  0.000000000
CONST: 003 | 53 -1e-05 5.5e-05 -1e-05 0.0013 0.000239 0

ABS:   004 |  0.000099835  0.000055000 -0.000010000  0.001300000  0.000239000  0.000000000 |          4.6 |  0.000069332  0.000037714,  0.000028493  0.000533254
DIFF:  004 |  0.000109835  0.000000000  0.000000000  0.000000000  0.000000000  0.000000000 |          0.5 |  0.000083600 -0.000009074, -0.000000026 -0.000000000
MOVE:  004 |  0.000099835  0.000000000  0.000000000  0.000000000  0.000000000  0.000000000 |          0.6 |  0.000075202 -0.000007741, -0.000000024  0.000000000
CONST: 004 | 53 9.98351e-05 5.5e-05 -1e-05 0.0013 0.000239 0

ABS:   005 | -0.000099835  0.000055000 -0.000010000  0.001300000  0.000239000  0.000000000 |          4.5 | -0.000073042  0.000039230,  0.000028541  0.000533254
DIFF:  005 | -0.000199670  0.000000000  0.000000000  0.000000000  0.000000000  0.000000000 |         -0.0 | -0.000142374  0.000001516,  0.000000048  0.000000000
MOVE:  005 | -0.000099835  0.000000000  0.000000000  0.000000000  0.000000000  0.000000000 |          0.6 | -0.000067171 -0.000006225,  0.000000024  0.000000000
CONST: 005 | 53 -9.98351e-05 5.5e-05 -1e-05 0.0013 0.000239 0

ABS:   006 |  0.000000000  0.000065000 -0.000010000  0.001300000  0.000239000  0.000000000 |          4.0 | -0.000006298  0.000045849,  0.000033028  0.000536293
DIFF:  006 |  0.000099835  0.000010000  0.000000000  0.000000000  0.000000000  0.000000000 |         -0.5 |  0.000066744  0.000006620,  0.000004488  0.000003039
MOVE:  006 |  0.000000000  0.000010000  0.000000000  0.000000000  0.000000000  0.000000000 |          0.1 | -0.000000427  0.000000395,  0.000004511  0.000003039
CONST: 006 | 53 0 6.5e-05 -1e-05 0.0013 0.000239 0

ABS:   007 |  0.000000000  0.000045000 -0.000010000  0.001300000  0.000239000  0.000000000 |          4.0 | -0.000005124  0.000045447,  0.000030189  0.000534914
DIFF:  007 |  0.000000000 -0.000020000  0.000000000  0.000000000  0.000000000  0.000000000 |         -0.0 |  0.000001174 -0.000000403, -0.000002840 -0.000001378
MOVE:  007 |  0.000000000 -0.000010000  0.000000000  0.000000000  0.000000000  0.000000000 |          0.0 |  0.000000747 -0.000000008,  0.000001672  0.000001661
CONST: 007 | 53 0 4.5e-05 -1e-05 0.0013 0.000239 0

ABS:   008 |  0.000000000  0.000154835 -0.000010000  0.001300000  0.000239000  0.000000000 |          4.0 | -0.000012059  0.000046637,  0.000075104  0.000530110
DIFF:  008 |  0.000000000  0.000109835  0.000000000  0.000000000  0.000000000  0.000000000 |          0.0 | -0.000006935  0.000001190,  0.000044915 -0.000004804
MOVE:  008 |  0.000000000  0.000099835  0.000000000  0.000000000  0.000000000  0.000000000 |          0.0 | -0.000006188  0.000001182,  0.000046587 -0.000003143
CONST: 008 | 53 0 0.000154835 -1e-05 0.0013 0.000239 0

ABS:   009 |  0.000000000 -0.000044835 -0.000010000  0.001300000  0.000239000  0.000000000 |          4.0 |  0.000001258  0.000045159, -0.000017987  0.000535065
DIFF:  009 |  0.000000000 -0.000199670  0.000000000  0.000000000  0.000000000  0.000000000 |         -0.0 |  0.000013316 -0.000001477, -0.000093091  0.000004955
MOVE:  009 |  0.000000000 -0.000099835  0.000000000  0.000000000  0.000000000  0.000000000 |          0.0 |  0.000007128 -0.000000295, -0.000046504  0.000001811
CONST: 009 | 53 0 -4.48351e-05 -1e-05 0.0013 0.000239 0
