ABS:   itr |       deltaX       deltaY       deltaZ         phiX         phiY         phiZ |        chisq |    rphi mean     rphi rms,       z mean        z rms
ABS:   =========================================================================================================================================================
DIFF:  itr |       deltaX       deltaY       deltaZ         phiX         phiY         phiZ |        chisq |    rphi mean     rphi rms,       z mean        z rms
DIFF:  =========================================================================================================================================================
MOVE:  itr |       deltaX       deltaY       deltaZ         phiX         phiY         phiZ |        chisq |    rphi mean     rphi rms,       z mean        z rms
MOVE:  =========================================================================================================================================================
ABS:   001 | -0.000078000  0.000059000  0.000035000  0.000000000  0.000144000  0.000000000 |         13.9 | -0.000007457  0.000045279,  0.000068295  0.000541249
CONST: 001 | 60 -7.8e-05 5.9e-05 3.5e-05 0 0.000144 0

ABS:   001 | -0.000078000  0.000059000  0.000035000  0.000000000  0.000144000  0.000000000 |         13.9 | -0.000007457  0.000045279,  0.000068295  0.000541249
CONST: 001 | 60 -7.8e-05 5.9e-05 3.5e-05 0 0.000144 0

ABS:   002 | -0.000077900  0.000059000  0.000035000  0.000000000  0.000144000  0.000000000 |         13.9 | -0.000007357  0.000045279,  0.000068295  0.000541249
DIFF:  002 |  0.000000100  0.000000000  0.000000000  0.000000000 -0.000000000  0.000000000 |         -0.0 |  0.000000100 -0.000000000, -0.000000000 -0.000000000
MOVE:  002 |  0.000000100  0.000000000  0.000000000  0.000000000 -0.000000000  0.000000000 |         -0.0 |  0.000000100 -0.000000000, -0.000000000 -0.000000000
CONST: 002 | 60 -7.79e-05 5.9e-05 3.5e-05 0 0.000144 0

ABS:   003 | -0.000078100  0.000059000  0.000035000  0.000000000  0.000144000  0.000000000 |         13.9 | -0.000007557  0.000045279,  0.000068295  0.000541249
DIFF:  003 | -0.000000200  0.000000000  0.000000000  0.000000000  0.000000000  0.000000000 |          0.0 | -0.000000200  0.000000000,  0.000000000 -0.000000000
MOVE:  003 | -0.000000100  0.000000000  0.000000000  0.000000000 -0.000000000  0.000000000 |          0.0 | -0.000000100 -0.000000000,  0.000000000 -0.000000000
CONST: 003 | 60 -7.81e-05 5.9e-05 3.5e-05 0 0.000144 0

ABS:   004 | -0.000077933  0.000059000  0.000035000  0.000000000  0.000144000  0.000000000 |         13.9 | -0.000007390  0.000045279,  0.000068295  0.000541249
DIFF:  004 |  0.000000167  0.000000000  0.000000000  0.000000000  0.000000000  0.000000000 |         -0.0 |  0.000000167  0.000000000, -0.000000000  0.000000000
MOVE:  004 |  0.000000067  0.000000000  0.000000000  0.000000000 -0.000000000  0.000000000 |         -0.0 |  0.000000067 -0.000000000, -0.000000000  0.000000000
CONST: 004 | 60 -7.79331e-05 5.9e-05 3.5e-05 0 0.000144 0

ABS:   005 | -0.000078067  0.000059000  0.000035000  0.000000000  0.000144000  0.000000000 |         13.9 | -0.000007524  0.000045279,  0.000068295  0.000541249
DIFF:  005 | -0.000000134  0.000000000  0.000000000  0.000000000  0.000000000  0.000000000 |          0.0 | -0.000000134 -0.000000000,  0.000000000 -0.000000000
MOVE:  005 | -0.000000067  0.000000000  0.000000000  0.000000000 -0.000000000  0.000000000 |          0.0 | -0.000000067 -0.000000000,  0.000000000 -0.000000000
CONST: 005 | 60 -7.80669e-05 5.9e-05 3.5e-05 0 0.000144 0

ABS:   006 | -0.000078000  0.000059100  0.000035000  0.000000000  0.000144000  0.000000000 |         13.8 | -0.000007466  0.000045278,  0.000067480  0.000540636
DIFF:  006 |  0.000000067  0.000000100  0.000000000  0.000000000  0.000000000  0.000000000 |         -0.0 |  0.000000057 -0.000000000, -0.000000815 -0.000000614
MOVE:  006 |  0.000000000  0.000000100  0.000000000  0.000000000 -0.000000000  0.000000000 |         -0.0 | -0.000000010 -0.000000000, -0.000000815 -0.000000614
CONST: 006 | 60 -7.8e-05 5.91e-05 3.5e-05 0 0.000144 0

ABS:   007 | -0.000078000  0.000058900  0.000035000  0.000000000  0.000144000  0.000000000 |         13.9 | -0.000007447  0.000045279,  0.000068214  0.000541243
DIFF:  007 |  0.000000000 -0.000000200  0.000000000  0.000000000  0.000000000  0.000000000 |          0.0 |  0.000000019  0.000000000,  0.000000735  0.000000607
MOVE:  007 |  0.000000000 -0.000000100  0.000000000  0.000000000 -0.000000000  0.000000000 |         -0.0 |  0.000000010  0.000000000, -0.000000080 -0.000000006
CONST: 007 | 60 -7.8e-05 5.89e-05 3.5e-05 0 0.000144 0

ABS:   008 | -0.000078000  0.000059010  0.000035000  0.000000000  0.000144000  0.000000000 |         13.9 | -0.000007458  0.000045279,  0.000068303  0.000541250
DIFF:  008 |  0.000000000  0.000000110  0.000000000  0.000000000  0.000000000  0.000000000 |          0.0 | -0.000000010 -0.000000000,  0.000000088  0.000000007
MOVE:  008 |  0.000000000  0.000000010  0.000000000  0.000000000 -0.000000000  0.000000000 |          0.0 | -0.000000001 -0.000000000,  0.000000008  0.000000001
CONST: 008 | 60 -7.8e-05 5.901e-05 3.5e-05 0 0.000144 0

ABS:   009 | -0.000078000  0.000058990  0.000035000  0.000000000  0.000144000  0.000000000 |         13.9 | -0.000007456  0.000045279,  0.000068287  0.000541249
DIFF:  009 |  0.000000000 -0.000000020  0.000000000  0.000000000  0.000000000  0.000000000 |         -0.0 |  0.000000002  0.000000000, -0.000000016 -0.000000001
MOVE:  009 |  0.000000000 -0.000000010  0.000000000  0.000000000 -0.000000000  0.000000000 |         -0.0 |  0.000000001  0.000000000, -0.000000008 -0.000000001
CONST: 009 | 60 -7.8e-05 5.899e-05 3.5e-05 0 0.000144 0

ABS:   010 | -0.000078000  0.000059100  0.000035000  0.000000000  0.000144000  0.000000000 |         13.8 | -0.000007466  0.000045278,  0.000067480  0.000540636
DIFF:  010 |  0.000000000  0.000000110  0.000000000  0.000000000  0.000000000  0.000000000 |         -0.0 | -0.000000010 -0.000000000, -0.000000807 -0.000000613
MOVE:  010 |  0.000000000  0.000000100  0.000000000  0.000000000 -0.000000000  0.000000000 |         -0.0 | -0.000000010 -0.000000000, -0.000000815 -0.000000614
CONST: 010 | 60 -7.8e-05 5.91e-05 3.5e-05 0 0.000144 0

ABS:   011 | -0.000078000  0.000058900  0.000035000  0.000000000  0.000144000  0.000000000 |         13.9 | -0.000007447  0.000045279,  0.000068214  0.000541243
DIFF:  011 |  0.000000000 -0.000000200  0.000000000  0.000000000  0.000000000  0.000000000 |          0.0 |  0.000000019  0.000000000,  0.000000735  0.000000607
MOVE:  011 |  0.000000000 -0.000000100  0.000000000  0.000000000 -0.000000000  0.000000000 |         -0.0 |  0.000000010  0.000000000, -0.000000080 -0.000000006
CONST: 011 | 60 -7.8e-05 5.89e-05 3.5e-05 0 0.000144 0

ABS:   012 | -0.000078000  0.000059000  0.000040002  0.000000000  0.000144000  0.000000000 |         13.9 | -0.000007457  0.000045279,  0.000065086  0.000542492
DIFF:  012 |  0.000000000  0.000000100  0.000005002  0.000000000  0.000000000  0.000000000 |          0.1 | -0.000000010 -0.000000000, -0.000003128  0.000001249
MOVE:  012 |  0.000000000  0.000000000  0.000005002  0.000000000 -0.000000000  0.000000000 |          0.1 | -0.000000001 -0.000000000, -0.000003209  0.000001243
CONST: 012 | 60 -7.8e-05 5.9e-05 4.00021e-05 0 0.000144 0

ABS:   013 | -0.000078000  0.000059000  0.000029998  0.000000000  0.000144000  0.000000000 |         13.9 | -0.000007456  0.000045279,  0.000069477  0.000541727
DIFF:  013 |  0.000000000  0.000000000 -0.000010004  0.000000000  0.000000000  0.000000000 |         -0.0 |  0.000000001  0.000000000,  0.000004391 -0.000000765
MOVE:  013 |  0.000000000  0.000000000 -0.000005002  0.000000000 -0.000000000  0.000000000 |          0.0 |  0.000000001 -0.000000000,  0.000001182  0.000000478
CONST: 013 | 60 -7.8e-05 5.9e-05 2.99979e-05 0 0.000144 0

ABS:   014 | -0.000078000  0.000059000  0.000035500  0.000000000  0.000144000  0.000000000 |         13.9 | -0.000007457  0.000045279,  0.000067795  0.000541249
DIFF:  014 |  0.000000000  0.000000000  0.000005502  0.000000000  0.000000000  0.000000000 |         -0.0 | -0.000000001  0.000000000, -0.000001682 -0.000000478
MOVE:  014 |  0.000000000  0.000000000  0.000000500  0.000000000 -0.000000000  0.000000000 |         -0.0 | -0.000000000 -0.000000000, -0.000000500  0.000000000
CONST: 014 | 60 -7.8e-05 5.9e-05 3.55002e-05 0 0.000144 0

ABS:   015 | -0.000078000  0.000059000  0.000034500  0.000000000  0.000144000  0.000000000 |         13.8 | -0.000007457  0.000045279,  0.000067003  0.000540007
DIFF:  015 |  0.000000000  0.000000000 -0.000001000  0.000000000  0.000000000  0.000000000 |         -0.1 |  0.000000000 -0.000000000, -0.000000792 -0.000001242
MOVE:  015 |  0.000000000  0.000000000 -0.000000500  0.000000000 -0.000000000  0.000000000 |         -0.1 |  0.000000000 -0.000000000, -0.000001292 -0.000001242
CONST: 015 | 60 -7.8e-05 5.9e-05 3.44998e-05 0 0.000144 0

ABS:   016 | -0.000078000  0.000059000  0.000035050  0.000000000  0.000144000  0.000000000 |         13.9 | -0.000007457  0.000045279,  0.000068245  0.000541249
DIFF:  016 |  0.000000000  0.000000000  0.000000550  0.000000000  0.000000000  0.000000000 |          0.1 | -0.000000000 -0.000000000,  0.000001242  0.000001242
MOVE:  016 |  0.000000000  0.000000000  0.000000050  0.000000000 -0.000000000  0.000000000 |         -0.0 | -0.000000000 -0.000000000, -0.000000050 -0.000000000
CONST: 016 | 60 -7.8e-05 5.9e-05 3.505e-05 0 0.000144 0

ABS:   017 | -0.000078000  0.000059000  0.000034950  0.000000000  0.000144000  0.000000000 |         13.9 | -0.000007457  0.000045279,  0.000068345  0.000541249
DIFF:  017 |  0.000000000  0.000000000 -0.000000100  0.000000000  0.000000000  0.000000000 |          0.0 |  0.000000000  0.000000000,  0.000000100  0.000000000
MOVE:  017 |  0.000000000  0.000000000 -0.000000050  0.000000000 -0.000000000  0.000000000 |          0.0 |  0.000000000 -0.000000000,  0.000000050 -0.000000000
CONST: 017 | 60 -7.8e-05 5.9e-05 3.495e-05 0 0.000144 0

ABS:   018 | -0.000078000  0.000059000  0.000035000  0.000004000  0.000144000  0.000000000 |         13.9 | -0.000007422  0.000045279,  0.000067954  0.000541241
DIFF:  018 |  0.000000000  0.000000000  0.000000050  0.000004000  0.000000000  0.000000000 |         -0.0 |  0.000000035  0.000000001, -0.000000391 -0.000000008
MOVE:  018 |  0.000000000  0.000000000  0.000000000  0.000004000 -0.000000000  0.000000000 |         -0.0 |  0.000000035  0.000000001, -0.000000341 -0.000000008
CONST: 018 | 60 -7.8e-05 5.9e-05 3.5e-05 4.00004e-06 0.000144 0

ABS:   019 | -0.000078000  0.000059000  0.000035000 -0.000004000  0.000144000  0.000000000 |         13.8 | -0.000007491  0.000045278,  0.000066843  0.000540015
DIFF:  019 |  0.000000000  0.000000000  0.000000000 -0.000008000  0.000000000  0.000000000 |         -0.1 | -0.000000069 -0.000000002, -0.000001111 -0.000001226
MOVE:  019 |  0.000000000  0.000000000  0.000000000 -0.000004000 -0.000000000  0.000000000 |         -0.1 | -0.000000035 -0.000000001, -0.000001452 -0.000001234
CONST: 019 | 60 -7.8e-05 5.9e-05 3.5e-05 -4.00004e-06 0.000144 0

ABS:   020 | -0.000078000  0.000059000  0.000035000  0.000000400  0.000144000  0.000000000 |         13.9 | -0.000007453  0.000045279,  0.000068261  0.000541248
DIFF:  020 |  0.000000000  0.000000000  0.000000000  0.000004400  0.000000000  0.000000000 |          0.1 |  0.000000038  0.000000001,  0.000001418  0.000001233
MOVE:  020 |  0.000000000  0.000000000  0.000000000  0.000000400 -0.000000000  0.000000000 |         -0.0 |  0.000000003  0.000000000, -0.000000034 -0.000000001
CONST: 020 | 60 -7.8e-05 5.9e-05 3.5e-05 4.00004e-07 0.000144 0

ABS:   021 | -0.000078000  0.000059000  0.000035000 -0.000000400  0.000144000  0.000000000 |         13.9 | -0.000007460  0.000045279,  0.000068329  0.000541250
DIFF:  021 |  0.000000000  0.000000000  0.000000000 -0.000000800  0.000000000  0.000000000 |          0.0 | -0.000000007 -0.000000000,  0.000000068  0.000000002
MOVE:  021 |  0.000000000  0.000000000  0.000000000 -0.000000400 -0.000000000  0.000000000 |          0.0 | -0.000000003 -0.000000000,  0.000000034  0.000000001
CONST: 021 | 60 -7.8e-05 5.9e-05 3.5e-05 -4.00004e-07 0.000144 0

ABS:   022 | -0.000078000  0.000059000  0.000035000  0.000002824  0.000144000  0.000000000 |         13.9 | -0.000007432  0.000045279,  0.000068054  0.000541243
DIFF:  022 |  0.000000000  0.000000000  0.000000000  0.000003224  0.000000000  0.000000000 |         -0.0 |  0.000000028  0.000000001, -0.000000275 -0.000000007
MOVE:  022 |  0.000000000  0.000000000  0.000000000  0.000002824 -0.000000000  0.000000000 |         -0.0 |  0.000000024  0.000000001, -0.000000241 -0.000000006
CONST: 022 | 60 -7.8e-05 5.9e-05 3.5e-05 2.82432e-06 0.000144 0

ABS:   023 | -0.000078000  0.000059000  0.000035000 -0.000002824  0.000144000  0.000000000 |         13.8 | -0.000007481  0.000045278,  0.000066743  0.000540013
DIFF:  023 |  0.000000000  0.000000000  0.000000000 -0.000005649  0.000000000  0.000000000 |         -0.1 | -0.000000049 -0.000000001, -0.000001311 -0.000001230
MOVE:  023 |  0.000000000  0.000000000  0.000000000 -0.000002824 -0.000000000  0.000000000 |         -0.1 | -0.000000024 -0.000000001, -0.000001552 -0.000001236
CONST: 023 | 60 -7.8e-05 5.9e-05 3.5e-05 -2.82432e-06 0.000144 0

ABS:   024 | -0.000078000  0.000059000  0.000035000  0.000000000  0.000154001  0.000000000 |         13.8 | -0.000006736  0.000045254,  0.000067488  0.000540633
DIFF:  024 |  0.000000000  0.000000000  0.000000000  0.000002824  0.000010001  0.000000000 |          0.0 |  0.000000745 -0.000000024,  0.000000744  0.000000620
MOVE:  024 |  0.000000000  0.000000000  0.000000000  0.000000000  0.000010001  0.000000000 |         -0.1 |  0.000000721 -0.000000025, -0.000000807 -0.000000616
CONST: 024 | 60 -7.8e-05 5.9e-05 3.5e-05 0 0.000154001 0

ABS:   025 | -0.000078000  0.000059000  0.000035000  0.000000000  0.000133999  0.000000000 |         13.9 | -0.000008081  0.000045425,  0.000068207  0.000541246
DIFF:  025 |  0.000000000  0.000000000  0.000000000  0.000000000 -0.000020001  0.000000000 |          0.1 | -0.000001345  0.000000171,  0.000000719  0.000000613
MOVE:  025 |  0.000000000  0.000000000  0.000000000  0.000000000 -0.000010001  0.000000000 |          0.0 | -0.000000625  0.000000146, -0.000000088 -0.000000003
CONST: 025 | 60 -7.8e-05 5.9e-05 3.5e-05 0 0.000133999 0

ABS:   026 | -0.000078000  0.000059000  0.000035000  0.000000000  0.000145000  0.000000000 |         13.9 | -0.000007367  0.000045279,  0.000068304  0.000541250
DIFF:  026 |  0.000000000  0.000000000  0.000000000  0.000000000  0.000011001  0.000000000 |         -0.0 |  0.000000714 -0.000000146,  0.000000097  0.000000004
MOVE:  026 |  0.000000000  0.000000000  0.000000000  0.000000000  0.000001000  0.000000000 |         -0.0 |  0.000000090  0.000000000,  0.000000009  0.000000000
CONST: 026 | 60 -7.8e-05 5.9e-05 3.5e-05 0 0.000145 0

ABS:   027 | -0.000078000  0.000059000  0.000035000  0.000000000  0.000143000  0.000000000 |         13.9 | -0.000007547  0.000045278,  0.000068286  0.000541249
DIFF:  027 |  0.000000000  0.000000000  0.000000000  0.000000000 -0.000002000  0.000000000 |          0.0 | -0.000000180 -0.000000001, -0.000000018 -0.000000001
MOVE:  027 |  0.000000000  0.000000000  0.000000000  0.000000000 -0.000001000  0.000000000 |          0.0 | -0.000000090 -0.000000000, -0.000000009 -0.000000000
CONST: 027 | 60 -7.8e-05 5.9e-05 3.5e-05 0 0.000143 0

ABS:   028 | -0.000078000  0.000059000  0.000035000  0.000000000  0.000144702  0.000000000 |         13.9 | -0.000007393  0.000045279,  0.000068301  0.000541249
DIFF:  028 |  0.000000000  0.000000000  0.000000000  0.000000000  0.000001702  0.000000000 |         -0.0 |  0.000000153  0.000000000,  0.000000015  0.000000001
MOVE:  028 |  0.000000000  0.000000000  0.000000000  0.000000000  0.000000702  0.000000000 |         -0.0 |  0.000000063  0.000000000,  0.000000006  0.000000000
CONST: 028 | 60 -7.8e-05 5.9e-05 3.5e-05 0 0.000144702 0

ABS:   029 | -0.000078000  0.000059000  0.000035000  0.000000000  0.000143298  0.000000000 |         13.9 | -0.000007520  0.000045278,  0.000068289  0.000541249
DIFF:  029 |  0.000000000  0.000000000  0.000000000  0.000000000 -0.000001405  0.000000000 |          0.0 | -0.000000126 -0.000000000, -0.000000012 -0.000000000
MOVE:  029 |  0.000000000  0.000000000  0.000000000  0.000000000 -0.000000702  0.000000000 |          0.0 | -0.000000063 -0.000000000, -0.000000006 -0.000000000
CONST: 029 | 60 -7.8e-05 5.9e-05 3.5e-05 0 0.000143298 0

ABS:   030 | -0.000078000  0.000059000  0.000035000  0.000000000  0.000144000  0.000002000 |         13.9 | -0.000007458  0.000045279,  0.000068311  0.000541250
DIFF:  030 |  0.000000000  0.000000000  0.000000000  0.000000000  0.000000702  0.000002000 |         -0.0 |  0.000000061  0.000000000,  0.000000022  0.000000001
MOVE:  030 |  0.000000000  0.000000000  0.000000000  0.000000000 -0.000000000  0.000002000 |          0.0 | -0.000000002 -0.000000000,  0.000000016  0.000000000
CONST: 030 | 60 -7.8e-05 5.9e-05 3.5e-05 0 0.000144 2.00001e-06

ABS:   031 | -0.000078000  0.000059000  0.000035000  0.000000000  0.000144000 -0.000002000 |         13.9 | -0.000007455  0.000045279,  0.000068279  0.000541249
DIFF:  031 |  0.000000000  0.000000000  0.000000000  0.000000000  0.000000000 -0.000004000 |         -0.0 |  0.000000004  0.000000000, -0.000000032 -0.000000001
MOVE:  031 |  0.000000000  0.000000000  0.000000000  0.000000000 -0.000000000 -0.000002000 |         -0.0 |  0.000000002  0.000000000, -0.000000016 -0.000000000
CONST: 031 | 60 -7.8e-05 5.9e-05 3.5e-05 0 0.000144 -2.00001e-06

ABS:   032 | -0.000078000  0.000059000  0.000035000  0.000000000  0.000144000  0.000020000 |         13.8 | -0.000007475  0.000045278,  0.000067557  0.000540634
DIFF:  032 |  0.000000000  0.000000000  0.000000000  0.000000000  0.000000000  0.000022000 |         -0.0 | -0.000000020 -0.000000001, -0.000000722 -0.000000614
MOVE:  032 |  0.000000000  0.000000000  0.000000000  0.000000000 -0.000000000  0.000020000 |         -0.0 | -0.000000018 -0.000000001, -0.000000738 -0.000000615
CONST: 032 | 60 -7.8e-05 5.9e-05 3.5e-05 0 0.000144 2.00001e-05

ABS:   033 | -0.000078000  0.000059000  0.000035000  0.000000000  0.000144000 -0.000020000 |         13.9 | -0.000007438  0.000045279,  0.000068137  0.000541244
DIFF:  033 |  0.000000000  0.000000000  0.000000000  0.000000000  0.000000000 -0.000040000 |          0.0 |  0.000000037  0.000000001,  0.000000580  0.000000610
MOVE:  033 |  0.000000000  0.000000000  0.000000000  0.000000000 -0.000000000 -0.000020000 |         -0.0 |  0.000000018  0.000000001, -0.000000158 -0.000000005
CONST: 033 | 60 -7.8e-05 5.9e-05 3.5e-05 0 0.000144 -2.00001e-05

ABS:   034 | -0.000078000  0.000059000  0.000035000  0.000000000  0.000144000  0.000002000 |         13.9 | -0.000007458  0.000045279,  0.000068311  0.000541250
DIFF:  034 |  0.000000000  0.000000000  0.000000000  0.000000000  0.000000000  0.000022000 |          0.0 | -0.000000020 -0.000000001,  0.000000173  0.000000005
MOVE:  034 |  0.000000000  0.000000000  0.000000000  0.000000000 -0.000000000  0.000002000 |          0.0 | -0.000000002 -0.000000000,  0.000000016  0.000000000
CONST: 034 | 60 -7.8e-05 5.9e-05 3.5e-05 0 0.000144 2.00001e-06

ABS:   035 | -0.000078000  0.000059000  0.000035000  0.000000000  0.000144000 -0.000002000 |         13.9 | -0.000007455  0.000045279,  0.000068279  0.000541249
DIFF:  035 |  0.000000000  0.000000000  0.000000000  0.000000000  0.000000000 -0.000004000 |         -0.0 |  0.000000004  0.000000000, -0.000000032 -0.000000001
MOVE:  035 |  0.000000000  0.000000000  0.000000000  0.000000000 -0.000000000 -0.000002000 |         -0.0 |  0.000000002  0.000000000, -0.000000016 -0.000000000
CONST: 035 | 60 -7.8e-05 5.9e-05 3.5e-05 0 0.000144 -2.00001e-06

ABS:   036 | -0.000078000  0.000059100  0.000035000  0.000000000  0.000144000  0.000000000 |         13.8 | -0.000007466  0.000045278,  0.000067480  0.000540636
DIFF:  036 |  0.000000000  0.000000100  0.000000000  0.000000000  0.000000000  0.000002000 |         -0.0 | -0.000000011 -0.000000000, -0.000000799 -0.000000613
MOVE:  036 |  0.000000000  0.000000100  0.000000000  0.000000000 -0.000000000  0.000000000 |         -0.0 | -0.000000010 -0.000000000, -0.000000815 -0.000000614
CONST: 036 | 60 -7.8e-05 5.91e-05 3.5e-05 0 0.000144 0

ABS:   037 | -0.000078000  0.000059500  0.000035000  0.000000000  0.000144000  0.000000000 |         13.8 | -0.000007504  0.000045277,  0.000066904  0.000540037
DIFF:  037 |  0.000000000  0.000000400  0.000000000  0.000000000  0.000000000  0.000000000 |         -0.0 | -0.000000038 -0.000000001, -0.000000575 -0.000000598
MOVE:  037 |  0.000000000  0.000000500  0.000000000  0.000000000 -0.000000000  0.000000000 |         -0.1 | -0.000000048 -0.000000001, -0.000001390 -0.000001212
CONST: 037 | 60 -7.8e-05 5.95e-05 3.5e-05 0 0.000144 0

ABS:   038 | -0.000078000  0.000059377  0.000035000  0.000000000  0.000144000  0.000000000 |         13.8 | -0.000007493  0.000045278,  0.000066806  0.000540030
DIFF:  038 |  0.000000000 -0.000000123  0.000000000  0.000000000  0.000000000  0.000000000 |         -0.0 |  0.000000012  0.000000000, -0.000000099 -0.000000007
MOVE:  038 |  0.000000000  0.000000377  0.000000000  0.000000000 -0.000000000  0.000000000 |         -0.1 | -0.000000036 -0.000000001, -0.000001489 -0.000001219
CONST: 038 | 60 -7.8e-05 5.93771e-05 3.5e-05 0 0.000144 0

ABS:   039 | -0.000078000  0.000059428  0.000035000  0.000000000  0.000144000  0.000000000 |         13.8 | -0.000007497  0.000045278,  0.000066847  0.000540033
DIFF:  039 |  0.000000000  0.000000051  0.000000000  0.000000000  0.000000000  0.000000000 |          0.0 | -0.000000005 -0.000000000,  0.000000041  0.000000003
MOVE:  039 |  0.000000000  0.000000428  0.000000000  0.000000000 -0.000000000  0.000000000 |         -0.1 | -0.000000041 -0.000000001, -0.000001448 -0.000001216
CONST: 039 | 60 -7.8e-05 5.94282e-05 3.5e-05 0 0.000144 0

ABS:   040 | -0.000078000  0.000058377  0.000035000  0.000000000  0.000144000  0.000000000 |         13.9 | -0.000007397  0.000045280,  0.000067794  0.000541211
DIFF:  040 |  0.000000000 -0.000001051  0.000000000  0.000000000  0.000000000  0.000000000 |          0.1 |  0.000000100  0.000000003,  0.000000947  0.000001178
MOVE:  040 |  0.000000000 -0.000000623  0.000000000  0.000000000 -0.000000000  0.000000000 |         -0.0 |  0.000000059  0.000000001, -0.000000501 -0.000000038
CONST: 040 | 60 -7.8e-05 5.83771e-05 3.5e-05 0 0.000144 0

ABS:   041 | -0.000078000  0.000058877  0.000035000  0.000000000  0.000144000  0.000000000 |         13.9 | -0.000007445  0.000045279,  0.000068196  0.000541242
DIFF:  041 |  0.000000000  0.000000500  0.000000000  0.000000000  0.000000000  0.000000000 |          0.0 | -0.000000048 -0.000000001,  0.000000402  0.000000030
MOVE:  041 |  0.000000000 -0.000000123  0.000000000  0.000000000 -0.000000000  0.000000000 |         -0.0 |  0.000000012  0.000000000, -0.000000099 -0.000000007
CONST: 041 | 60 -7.8e-05 5.88771e-05 3.5e-05 0 0.000144 0

ABS:   042 | -0.000078000  0.000059127  0.000035000  0.000000000  0.000144000  0.000000000 |         13.8 | -0.000007469  0.000045278,  0.000067501  0.000540637
DIFF:  042 |  0.000000000  0.000000250  0.000000000  0.000000000  0.000000000  0.000000000 |         -0.0 | -0.000000024 -0.000000001, -0.000000694 -0.000000604
MOVE:  042 |  0.000000000  0.000000127  0.000000000  0.000000000 -0.000000000  0.000000000 |         -0.0 | -0.000000012 -0.000000000, -0.000000793 -0.000000612
CONST: 042 | 60 -7.8e-05 5.91271e-05 3.5e-05 0 0.000144 0

ABS:   043 | -0.000078000  0.000059252  0.000035000  0.000000000  0.000144000  0.000000000 |         13.8 | -0.000007481  0.000045278,  0.000067602  0.000540645
DIFF:  043 |  0.000000000  0.000000125  0.000000000  0.000000000  0.000000000  0.000000000 |          0.0 | -0.000000012 -0.000000000,  0.000000101  0.000000008
MOVE:  043 |  0.000000000  0.000000252  0.000000000  0.000000000 -0.000000000  0.000000000 |         -0.0 | -0.000000024 -0.000000001, -0.000000693 -0.000000604
CONST: 043 | 60 -7.8e-05 5.92521e-05 3.5e-05 0 0.000144 0

ABS:   044 | -0.000078000  0.000059315  0.000035000  0.000000000  0.000144000  0.000000000 |         13.8 | -0.000007487  0.000045278,  0.000067652  0.000540649
DIFF:  044 |  0.000000000  0.000000063  0.000000000  0.000000000  0.000000000  0.000000000 |          0.0 | -0.000000006 -0.000000000,  0.000000050  0.000000004
MOVE:  044 |  0.000000000  0.000000315  0.000000000  0.000000000 -0.000000000  0.000000000 |         -0.0 | -0.000000030 -0.000000001, -0.000000643 -0.000000600
CONST: 044 | 60 -7.8e-05 5.93146e-05 3.5e-05 0 0.000144 0

ABS:   045 | -0.000078000  0.000059346  0.000035000  0.000000000  0.000144000  0.000000000 |         13.8 | -0.000007490  0.000045278,  0.000067677  0.000540651
DIFF:  045 |  0.000000000  0.000000031  0.000000000  0.000000000  0.000000000  0.000000000 |          0.0 | -0.000000003 -0.000000000,  0.000000025  0.000000002
MOVE:  045 |  0.000000000  0.000000346  0.000000000  0.000000000 -0.000000000  0.000000000 |         -0.0 | -0.000000033 -0.000000001, -0.000000617 -0.000000599
CONST: 045 | 60 -7.8e-05 5.93458e-05 3.5e-05 0 0.000144 0

ABS:   046 | -0.000077933  0.000059377  0.000035000  0.000000000  0.000144000  0.000000000 |         13.8 | -0.000007426  0.000045278,  0.000066806  0.000540030
DIFF:  046 |  0.000000067  0.000000031  0.000000000  0.000000000  0.000000000  0.000000000 |         -0.0 |  0.000000064 -0.000000000, -0.000000872 -0.000000621
MOVE:  046 |  0.000000067  0.000000377  0.000000000  0.000000000 -0.000000000  0.000000000 |         -0.1 |  0.000000031 -0.000000001, -0.000001489 -0.000001219
CONST: 046 | 60 -7.79333e-05 5.93771e-05 3.5e-05 0 0.000144 0

ABS:   047 | -0.000078067  0.000059377  0.000035000  0.000000000  0.000144000  0.000000000 |         13.8 | -0.000007559  0.000045278,  0.000066806  0.000540030
DIFF:  047 | -0.000000133  0.000000000  0.000000000  0.000000000  0.000000000  0.000000000 |          0.0 | -0.000000133  0.000000000,  0.000000000 -0.000000000
MOVE:  047 | -0.000000067  0.000000377  0.000000000  0.000000000 -0.000000000  0.000000000 |         -0.1 | -0.000000103 -0.000000001, -0.000001489 -0.000001219
CONST: 047 | 60 -7.80667e-05 5.93771e-05 3.5e-05 0 0.000144 0

ABS:   048 | -0.000078000  0.000059387  0.000035000  0.000000000  0.000144000  0.000000000 |         13.8 | -0.000007494  0.000045278,  0.000066814  0.000540031
DIFF:  048 |  0.000000067  0.000000010  0.000000000  0.000000000  0.000000000  0.000000000 |         -0.0 |  0.000000066 -0.000000000,  0.000000008  0.000000001
MOVE:  048 |  0.000000000  0.000000387  0.000000000  0.000000000 -0.000000000  0.000000000 |         -0.1 | -0.000000037 -0.000000001, -0.000001481 -0.000001219
CONST: 048 | 60 -7.8e-05 5.93871e-05 3.5e-05 0 0.000144 0

ABS:   049 | -0.000078000  0.000059367  0.000035000  0.000000000  0.000144000  0.000000000 |         13.8 | -0.000007492  0.000045278,  0.000066798  0.000540029
DIFF:  049 |  0.000000000 -0.000000020  0.000000000  0.000000000  0.000000000  0.000000000 |         -0.0 |  0.000000002  0.000000000, -0.000000016 -0.000000001
MOVE:  049 |  0.000000000  0.000000367  0.000000000  0.000000000 -0.000000000  0.000000000 |         -0.1 | -0.000000035 -0.000000001, -0.000001497 -0.000001220
CONST: 049 | 60 -7.8e-05 5.93671e-05 3.5e-05 0 0.000144 0

ABS:   050 | -0.000078000  0.000059477  0.000035000  0.000000000  0.000144000  0.000000000 |         13.8 | -0.000007502  0.000045277,  0.000066886  0.000540036
DIFF:  050 |  0.000000000  0.000000110  0.000000000  0.000000000  0.000000000  0.000000000 |          0.0 | -0.000000010 -0.000000000,  0.000000088  0.000000007
MOVE:  050 |  0.000000000  0.000000477  0.000000000  0.000000000 -0.000000000  0.000000000 |         -0.1 | -0.000000045 -0.000000001, -0.000001409 -0.000001213
CONST: 050 | 60 -7.8e-05 5.94771e-05 3.5e-05 0 0.000144 0

ABS:   051 | -0.000078000  0.000059277  0.000035000  0.000000000  0.000144000  0.000000000 |         13.8 | -0.000007483  0.000045278,  0.000067622  0.000540646
DIFF:  051 |  0.000000000 -0.000000200  0.000000000  0.000000000  0.000000000  0.000000000 |          0.0 |  0.000000019  0.000000000,  0.000000736  0.000000610
MOVE:  051 |  0.000000000  0.000000277  0.000000000  0.000000000 -0.000000000  0.000000000 |         -0.0 | -0.000000026 -0.000000001, -0.000000673 -0.000000603
CONST: 051 | 60 -7.8e-05 5.92771e-05 3.5e-05 0 0.000144 0

ABS:   052 | -0.000078000  0.000059387  0.000035000  0.000000000  0.000144000  0.000000000 |         13.8 | -0.000007494  0.000045278,  0.000066814  0.000540031
DIFF:  052 |  0.000000000  0.000000110  0.000000000  0.000000000  0.000000000  0.000000000 |         -0.0 | -0.000000010 -0.000000000, -0.000000808 -0.000000616
MOVE:  052 |  0.000000000  0.000000387  0.000000000  0.000000000 -0.000000000  0.000000000 |         -0.1 | -0.000000037 -0.000000001, -0.000001481 -0.000001219
CONST: 052 | 60 -7.8e-05 5.93871e-05 3.5e-05 0 0.000144 0

ABS:   053 | -0.000078000  0.000059367  0.000035000  0.000000000  0.000144000  0.000000000 |         13.8 | -0.000007492  0.000045278,  0.000066798  0.000540029
DIFF:  053 |  0.000000000 -0.000000020  0.000000000  0.000000000  0.000000000  0.000000000 |         -0.0 |  0.000000002  0.000000000, -0.000000016 -0.000000001
MOVE:  053 |  0.000000000  0.000000367  0.000000000  0.000000000 -0.000000000  0.000000000 |         -0.1 | -0.000000035 -0.000000001, -0.000001497 -0.000001220
CONST: 053 | 60 -7.8e-05 5.93671e-05 3.5e-05 0 0.000144 0

ABS:   054 | -0.000078000  0.000059377  0.000035293  0.000000000  0.000144000  0.000000000 |         13.9 | -0.000007493  0.000045278,  0.000068305  0.000541272
DIFF:  054 |  0.000000000  0.000000010  0.000000293  0.000000000  0.000000000  0.000000000 |          0.1 | -0.000000001 -0.000000000,  0.000001507  0.000001243
MOVE:  054 |  0.000000000  0.000000377  0.000000293  0.000000000 -0.000000000  0.000000000 |          0.0 | -0.000000036 -0.000000001,  0.000000010  0.000000023
CONST: 054 | 60 -7.8e-05 5.93771e-05 3.52932e-05 0 0.000144 0

ABS:   055 | -0.000078000  0.000059377  0.000034707  0.000000000  0.000144000  0.000000000 |         13.8 | -0.000007493  0.000045278,  0.000067099  0.000540030
DIFF:  055 |  0.000000000  0.000000000 -0.000000586  0.000000000  0.000000000  0.000000000 |         -0.1 |  0.000000000 -0.000000000, -0.000001206 -0.000001242
MOVE:  055 |  0.000000000  0.000000377 -0.000000293  0.000000000 -0.000000000  0.000000000 |         -0.1 | -0.000000036 -0.000000001, -0.000001196 -0.000001219
CONST: 055 | 60 -7.8e-05 5.93771e-05 3.47068e-05 0 0.000144 0

ABS:   056 | -0.000078000  0.000059377  0.000035029  0.000000000  0.000144000  0.000000000 |         13.8 | -0.000007493  0.000045278,  0.000067673  0.000540653
DIFF:  056 |  0.000000000  0.000000000  0.000000323  0.000000000  0.000000000  0.000000000 |          0.0 | -0.000000000 -0.000000000,  0.000000574  0.000000623
MOVE:  056 |  0.000000000  0.000000377  0.000000029  0.000000000 -0.000000000  0.000000000 |         -0.0 | -0.000000036 -0.000000001, -0.000000622 -0.000000597
CONST: 056 | 60 -7.8e-05 5.93771e-05 3.50293e-05 0 0.000144 0

ABS:   057 | -0.000078000  0.000059377  0.000034971  0.000000000  0.000144000  0.000000000 |         13.8 | -0.000007493  0.000045278,  0.000066835  0.000540030
DIFF:  057 |  0.000000000  0.000000000 -0.000000059  0.000000000  0.000000000  0.000000000 |         -0.0 |  0.000000000 -0.000000000, -0.000000838 -0.000000623
MOVE:  057 |  0.000000000  0.000000377 -0.000000029  0.000000000 -0.000000000  0.000000000 |         -0.1 | -0.000000036 -0.000000001, -0.000001460 -0.000001219
CONST: 057 | 60 -7.8e-05 5.93771e-05 3.49707e-05 0 0.000144 0

ABS:   058 | -0.000078000  0.000059377  0.000035003  0.000000000  0.000144000  0.000000000 |         13.8 | -0.000007493  0.000045278,  0.000066803  0.000540030
DIFF:  058 |  0.000000000  0.000000000  0.000000032  0.000000000  0.000000000  0.000000000 |         -0.0 | -0.000000000  0.000000000, -0.000000032 -0.000000000
MOVE:  058 |  0.000000000  0.000000377  0.000000003  0.000000000 -0.000000000  0.000000000 |         -0.1 | -0.000000036 -0.000000001, -0.000001492 -0.000001219
CONST: 058 | 60 -7.8e-05 5.93771e-05 3.50029e-05 0 0.000144 0

ABS:   059 | -0.000078000  0.000059377  0.000034997  0.000000000  0.000144000  0.000000000 |         13.8 | -0.000007493  0.000045278,  0.000066809  0.000540030
DIFF:  059 |  0.000000000  0.000000000 -0.000000006  0.000000000  0.000000000  0.000000000 |          0.0 |  0.000000000 -0.000000000,  0.000000006 -0.000000000
MOVE:  059 |  0.000000000  0.000000377 -0.000000003  0.000000000 -0.000000000  0.000000000 |         -0.1 | -0.000000036 -0.000000001, -0.000001486 -0.000001219
CONST: 059 | 60 -7.8e-05 5.93771e-05 3.49971e-05 0 0.000144 0

ABS:   060 | -0.000078000  0.000059377  0.000035000  0.000000282  0.000144000  0.000000000 |         13.8 | -0.000007490  0.000045278,  0.000067678  0.000540652
DIFF:  060 |  0.000000000  0.000000000  0.000000003  0.000000282  0.000000000  0.000000000 |          0.0 |  0.000000002  0.000000000,  0.000000870  0.000000622
MOVE:  060 |  0.000000000  0.000000377  0.000000000  0.000000282 -0.000000000  0.000000000 |         -0.0 | -0.000000034 -0.000000001, -0.000000616 -0.000000597
CONST: 060 | 60 -7.8e-05 5.93771e-05 3.5e-05 2.82432e-07 0.000144 0

ABS:   061 | -0.000078000  0.000059377  0.000035000 -0.000000282  0.000144000  0.000000000 |         13.8 | -0.000007495  0.000045278,  0.000066830  0.000540031
DIFF:  061 |  0.000000000  0.000000000  0.000000000 -0.000000565  0.000000000  0.000000000 |         -0.0 | -0.000000005 -0.000000000, -0.000000849 -0.000000621
MOVE:  061 |  0.000000000  0.000000377  0.000000000 -0.000000282 -0.000000000  0.000000000 |         -0.1 | -0.000000038 -0.000000001, -0.000001465 -0.000001219
CONST: 061 | 60 -7.8e-05 5.93771e-05 3.5e-05 -2.82432e-07 0.000144 0

ABS:   062 | -0.000078000  0.000059377  0.000035000  0.000000028  0.000144000  0.000000000 |         13.8 | -0.000007492  0.000045278,  0.000066803  0.000540030
DIFF:  062 |  0.000000000  0.000000000  0.000000000  0.000000311  0.000000000  0.000000000 |         -0.0 |  0.000000003  0.000000000, -0.000000026 -0.000000001
MOVE:  062 |  0.000000000  0.000000377  0.000000000  0.000000028 -0.000000000  0.000000000 |         -0.1 | -0.000000036 -0.000000001, -0.000001492 -0.000001219
CONST: 062 | 60 -7.8e-05 5.93771e-05 3.5e-05 2.82432e-08 0.000144 0

ABS:   063 | -0.000078000  0.000059377  0.000035000 -0.000000028  0.000144000  0.000000000 |         13.8 | -0.000007493  0.000045278,  0.000066808  0.000540030
DIFF:  063 |  0.000000000  0.000000000  0.000000000 -0.000000056  0.000000000  0.000000000 |          0.0 | -0.000000000 -0.000000000,  0.000000005  0.000000000
MOVE:  063 |  0.000000000  0.000000377  0.000000000 -0.000000028 -0.000000000  0.000000000 |         -0.1 | -0.000000036 -0.000000001, -0.000001487 -0.000001219
CONST: 063 | 60 -7.8e-05 5.93771e-05 3.5e-05 -2.82432e-08 0.000144 0

ABS:   064 | -0.000078000  0.000059377  0.000035000  0.000000282  0.000144000  0.000000000 |         13.8 | -0.000007490  0.000045278,  0.000067678  0.000540652
DIFF:  064 |  0.000000000  0.000000000  0.000000000  0.000000311  0.000000000  0.000000000 |          0.0 |  0.000000003  0.000000000,  0.000000870  0.000000622
MOVE:  064 |  0.000000000  0.000000377  0.000000000  0.000000282 -0.000000000  0.000000000 |         -0.0 | -0.000000034 -0.000000001, -0.000000616 -0.000000597
CONST: 064 | 60 -7.8e-05 5.93771e-05 3.5e-05 2.82432e-07 0.000144 0

ABS:   065 | -0.000078000  0.000059377  0.000035000 -0.000000282  0.000144000  0.000000000 |         13.8 | -0.000007495  0.000045278,  0.000066830  0.000540031
DIFF:  065 |  0.000000000  0.000000000  0.000000000 -0.000000565  0.000000000  0.000000000 |         -0.0 | -0.000000005 -0.000000000, -0.000000849 -0.000000621
MOVE:  065 |  0.000000000  0.000000377  0.000000000 -0.000000282 -0.000000000  0.000000000 |         -0.1 | -0.000000038 -0.000000001, -0.000001465 -0.000001219
CONST: 065 | 60 -7.8e-05 5.93771e-05 3.5e-05 -2.82432e-07 0.000144 0

ABS:   066 | -0.000078000  0.000059377  0.000035000  0.000000000  0.000144700  0.000000000 |         13.8 | -0.000007430  0.000045278,  0.000066812  0.000540030
DIFF:  066 |  0.000000000  0.000000000  0.000000000  0.000000282  0.000000700  0.000000000 |         -0.0 |  0.000000065  0.000000000, -0.000000018 -0.000000000
MOVE:  066 |  0.000000000  0.000000377  0.000000000  0.000000000  0.000000700  0.000000000 |         -0.1 |  0.000000027 -0.000000001, -0.000001483 -0.000001219
CONST: 066 | 60 -7.8e-05 5.93771e-05 3.5e-05 0 0.0001447 0

ABS:   067 | -0.000078000  0.000059377  0.000035000  0.000000000  0.000143300  0.000000000 |         13.8 | -0.000007556  0.000045278,  0.000066799  0.000540030
DIFF:  067 |  0.000000000  0.000000000  0.000000000  0.000000000 -0.000001401  0.000000000 |          0.0 | -0.000000126 -0.000000000, -0.000000012 -0.000000000
MOVE:  067 |  0.000000000  0.000000377  0.000000000  0.000000000 -0.000000700  0.000000000 |         -0.1 | -0.000000099 -0.000000001, -0.000001495 -0.000001219
CONST: 067 | 60 -7.8e-05 5.93771e-05 3.5e-05 0 0.0001433 0

ABS:   068 | -0.000078000  0.000059377  0.000035000  0.000000000  0.000144000  0.000020000 |         13.8 | -0.000007511  0.000045277,  0.000066963  0.000540035
DIFF:  068 |  0.000000000  0.000000000  0.000000000  0.000000000  0.000000700  0.000020000 |          0.0 |  0.000000045 -0.000000000,  0.000000164  0.000000005
MOVE:  068 |  0.000000000  0.000000377  0.000000000  0.000000000 -0.000000000  0.000020000 |         -0.1 | -0.000000054 -0.000000002, -0.000001332 -0.000001215
CONST: 068 | 60 -7.8e-05 5.93771e-05 3.5e-05 0 0.000144 2.00001e-05

