ABS:   itr |       deltaX       deltaY       deltaZ         phiX         phiY         phiZ |        chisq |    rphi mean     rphi rms,       z mean        z rms
ABS:   =========================================================================================================================================================
DIFF:  itr |       deltaX       deltaY       deltaZ         phiX         phiY         phiZ |        chisq |    rphi mean     rphi rms,       z mean        z rms
DIFF:  =========================================================================================================================================================
MOVE:  itr |       deltaX       deltaY       deltaZ         phiX         phiY         phiZ |        chisq |    rphi mean     rphi rms,       z mean        z rms
MOVE:  =========================================================================================================================================================
ABS:   001 |  0.000415000  0.000188000  0.000105000  0.000000000 -0.000206000  0.000000000 |          1.2 | -0.000008721  0.000054865, -0.000060259  0.000534254
CONST: 001 | 21 0.000415 0.000188 0.000105 0 -0.000206 0

ABS:   001 |  0.000415000  0.000188000  0.000105000  0.000000000 -0.000206000  0.000000000 |          1.2 | -0.000008721  0.000054865, -0.000060259  0.000534254
CONST: 001 | 21 0.000415 0.000188 0.000105 0 -0.000206 0

ABS:   002 |  0.000425000  0.000188000  0.000105000  0.000000000 -0.000206000  0.000000000 |          1.2 | -0.000000957  0.000054587, -0.000060257  0.000534254
DIFF:  002 |  0.000010000  0.000000000 -0.000000000  0.000000000  0.000000000  0.000000000 |         -0.0 |  0.000007764 -0.000000278,  0.000000002 -0.000000000
MOVE:  002 |  0.000010000  0.000000000 -0.000000000  0.000000000  0.000000000  0.000000000 |         -0.0 |  0.000007764 -0.000000278,  0.000000002 -0.000000000
CONST: 002 | 21 0.000425 0.000188 0.000105 0 -0.000206 0

ABS:   003 |  0.000405000  0.000188000  0.000105000  0.000000000 -0.000206000  0.000000000 |          1.2 | -0.000016811  0.000053527, -0.000060261  0.000534254
DIFF:  003 | -0.000020000  0.000000000  0.000000000  0.000000000  0.000000000  0.000000000 |          0.0 | -0.000015853 -0.000001060, -0.000000004  0.000000000
MOVE:  003 | -0.000010000  0.000000000 -0.000000000  0.000000000  0.000000000  0.000000000 |          0.0 | -0.000008090 -0.000001338, -0.000000002 -0.000000000
CONST: 003 | 21 0.000405 0.000188 0.000105 0 -0.000206 0

ABS:   004 |  0.000514835  0.000188000  0.000105000  0.000000000 -0.000206000  0.000000000 |          1.2 |  0.000055900  0.000045620, -0.000060239  0.000534254
DIFF:  004 |  0.000109835  0.000000000  0.000000000  0.000000000  0.000000000  0.000000000 |          0.0 |  0.000072711 -0.000007907,  0.000000023  0.000000000
MOVE:  004 |  0.000099835  0.000000000 -0.000000000  0.000000000  0.000000000  0.000000000 |          0.0 |  0.000064621 -0.000009245,  0.000000021 -0.000000000
CONST: 004 | 21 0.000514835 0.000188 0.000105 0 -0.000206 0

ABS:   005 |  0.000315165  0.000188000  0.000105000  0.000000000 -0.000206000  0.000000000 |          1.2 | -0.000065411  0.000041911, -0.000060280  0.000534254
DIFF:  005 | -0.000199670  0.000000000  0.000000000  0.000000000  0.000000000  0.000000000 |         -0.0 | -0.000121311 -0.000003709, -0.000000041  0.000000000
MOVE:  005 | -0.000099835  0.000000000 -0.000000000  0.000000000  0.000000000  0.000000000 |          0.0 | -0.000056689 -0.000012954, -0.000000021 -0.000000000
CONST: 005 | 21 0.000315165 0.000188 0.000105 0 -0.000206 0

ABS:   006 |  0.000415000  0.000198000  0.000105000  0.000000000 -0.000206000  0.000000000 |          1.2 | -0.000011022  0.000053669, -0.000054767  0.000544264
DIFF:  006 |  0.000099835  0.000010000  0.000000000  0.000000000  0.000000000  0.000000000 |          0.0 |  0.000054389  0.000011758,  0.000005513  0.000010010
MOVE:  006 |  0.000000000  0.000010000 -0.000000000  0.000000000  0.000000000  0.000000000 |          0.0 | -0.000002301 -0.000001196,  0.000005493  0.000010010
CONST: 006 | 21 0.000415 0.000198 0.000105 0 -0.000206 0

ABS:   007 |  0.000415000  0.000178000  0.000105000  0.000000000 -0.000206000  0.000000000 |          1.2 | -0.000007614  0.000054882, -0.000053705  0.000534287
DIFF:  007 |  0.000000000 -0.000020000  0.000000000  0.000000000  0.000000000  0.000000000 |         -0.0 |  0.000003408  0.000001213,  0.000001062 -0.000009977
MOVE:  007 |  0.000000000 -0.000010000 -0.000000000  0.000000000  0.000000000  0.000000000 |         -0.0 |  0.000001107  0.000000017,  0.000006554  0.000000034
CONST: 007 | 21 0.000415 0.000178 0.000105 0 -0.000206 0

ABS:   008 |  0.000415000  0.000287835  0.000105000  0.000000000 -0.000206000  0.000000000 |          1.2 | -0.000019162  0.000052403, -0.000068121  0.000549338
DIFF:  008 |  0.000000000  0.000109835  0.000000000  0.000000000  0.000000000  0.000000000 |          0.1 | -0.000011548 -0.000002480, -0.000014416  0.000015051
MOVE:  008 |  0.000000000  0.000099835 -0.000000000  0.000000000  0.000000000  0.000000000 |          0.1 | -0.000010441 -0.000002462, -0.000007861  0.000015085
CONST: 008 | 21 0.000415 0.000287835 0.000105 0 -0.000206 0

ABS:   009 |  0.000415000  0.000088165  0.000105000  0.000000000 -0.000206000  0.000000000 |          1.2 |  0.000001309  0.000056280, -0.000028543  0.000542000
DIFF:  009 |  0.000000000 -0.000199670  0.000000000  0.000000000  0.000000000  0.000000000 |         -0.0 |  0.000020471  0.000003877,  0.000039577 -0.000007338
MOVE:  009 |  0.000000000 -0.000099835 -0.000000000  0.000000000  0.000000000  0.000000000 |          0.0 |  0.000010030  0.000001415,  0.000031716  0.000007746
CONST: 009 | 21 0.000415 8.81649e-05 0.000105 0 -0.000206 0

ABS:   010 |  0.000415000  0.000188000  0.000605000  0.000000000 -0.000206000  0.000000000 |          1.3 | -0.000009799  0.000053707, -0.000324418  0.000500703
DIFF:  010 |  0.000000000  0.000099835  0.000500000  0.000000000  0.000000000  0.000000000 |          0.1 | -0.000011108 -0.000002573, -0.000295874 -0.000041297
MOVE:  010 |  0.000000000  0.000000000  0.000500000  0.000000000  0.000000000  0.000000000 |          0.1 | -0.000001078 -0.000001158, -0.000264158 -0.000033550
CONST: 010 | 21 0.000415 0.000188 0.000605 0 -0.000206 0

ABS:   011 |  0.000415000  0.000188000 -0.000395000  0.000000000 -0.000206000  0.000000000 |          1.1 | -0.000008824  0.000054865,  0.000185415  0.000499265
DIFF:  011 |  0.000000000  0.000000000 -0.001000000  0.000000000  0.000000000  0.000000000 |         -0.2 |  0.000000975  0.000001158,  0.000509833 -0.000001438
MOVE:  011 |  0.000000000  0.000000000 -0.000500000  0.000000000  0.000000000  0.000000000 |         -0.1 | -0.000000103 -0.000000000,  0.000245674 -0.000034989
CONST: 011 | 21 0.000415 0.000188 -0.000395 0 -0.000206 0

ABS:   012 |  0.000415000  0.000188000  0.004899255  0.000000000 -0.000206000  0.000000000 |          0.2 | -0.000008914  0.000053707,          NaN          NaN
DIFF:  012 |  0.000000000  0.000000000  0.005294255  0.000000000  0.000000000  0.000000000 |         -0.9 | -0.000000090 -0.000001158,          NaN          NaN
MOVE:  012 |  0.000000000  0.000000000  0.004794255  0.000000000  0.000000000  0.000000000 |         -1.0 | -0.000000193 -0.000001158,          NaN          NaN
CONST: 012 | 21 0.000415 0.000188 0.00489926 0 -0.000206 0

ABS:   013 |  0.000415000  0.000188000 -0.004689255  0.000000000 -0.000206000  0.000000000 |          0.2 | -0.000009709  0.000054865,  0.000797527  0.000000000
DIFF:  013 |  0.000000000  0.000000000 -0.009588511  0.000000000  0.000000000  0.000000000 |          0.0 | -0.000000795  0.000001158,          NaN          NaN
MOVE:  013 |  0.000000000  0.000000000 -0.004794255  0.000000000  0.000000000  0.000000000 |         -1.0 | -0.000000988 -0.000000000,  0.000857786 -0.000534254
CONST: 013 | 21 0.000415 0.000188 -0.00468926 0 -0.000206 0

ABS:   014 |  0.000415000  0.000188000  0.000105000  0.000400000 -0.000206000  0.000000000 |          1.2 | -0.000012153  0.000053548, -0.000052800  0.000536653
DIFF:  014 |  0.000000000  0.000000000  0.004794255  0.000400000  0.000000000  0.000000000 |          1.0 | -0.000002445 -0.000001317, -0.000850327  0.000536653
MOVE:  014 |  0.000000000  0.000000000 -0.000000000  0.000400000  0.000000000  0.000000000 |         -0.0 | -0.000003432 -0.000001317,  0.000007459  0.000002400
CONST: 014 | 21 0.000415 0.000188 0.000105 0.0004 -0.000206 0

ABS:   015 |  0.000415000  0.000188000  0.000105000 -0.000400000 -0.000206000  0.000000000 |          1.2 | -0.000006496  0.000055026, -0.000055758  0.000542024
DIFF:  015 |  0.000000000  0.000000000  0.000000000 -0.000800000  0.000000000  0.000000000 |          0.0 |  0.000005658  0.000001478, -0.000002958  0.000005370
MOVE:  015 |  0.000000000  0.000000000 -0.000000000 -0.000400000  0.000000000  0.000000000 |          0.0 |  0.000002225  0.000000161,  0.000004501  0.000007770
CONST: 015 | 21 0.000415 0.000188 0.000105 -0.0004 -0.000206 0

ABS:   016 |  0.000415000  0.000188000  0.000105000  0.003995777 -0.000206000  0.000000000 |          1.1 | -0.000030253  0.000050900, -0.000091609  0.000526025
DIFF:  016 |  0.000000000  0.000000000  0.000000000  0.004395777  0.000000000  0.000000000 |         -0.1 | -0.000023757 -0.000004126, -0.000035851 -0.000015998
MOVE:  016 |  0.000000000  0.000000000 -0.000000000  0.003995777  0.000000000  0.000000000 |         -0.0 | -0.000021532 -0.000003965, -0.000031350 -0.000008228
CONST: 016 | 21 0.000415 0.000188 0.000105 0.00399578 -0.000206 0

ABS:   017 |  0.000415000  0.000188000  0.000105000 -0.003995777 -0.000206000  0.000000000 |          1.3 |  0.000008176  0.000058234,  0.000023479  0.000546079
DIFF:  017 |  0.000000000  0.000000000  0.000000000 -0.007991554  0.000000000  0.000000000 |          0.1 |  0.000038429  0.000007334,  0.000115088  0.000020054
MOVE:  017 |  0.000000000  0.000000000 -0.000000000 -0.003995777  0.000000000  0.000000000 |          0.1 |  0.000016897  0.000003369,  0.000083738  0.000011826
CONST: 017 | 21 0.000415 0.000188 0.000105 -0.00399578 -0.000206 0

ABS:   018 |  0.000415000  0.000188000  0.000105000  0.000000000  0.000794000  0.000000000 |          1.2 | -0.000046494  0.000049253, -0.000052869  0.000534029
DIFF:  018 |  0.000000000  0.000000000  0.000000000  0.003995777  0.001000000  0.000000000 |         -0.0 | -0.000054669 -0.000008981, -0.000076348 -0.000012050
MOVE:  018 |  0.000000000  0.000000000 -0.000000000  0.000000000  0.001000000  0.000000000 |          0.1 | -0.000037773 -0.000005612,  0.000007391 -0.000000225
CONST: 018 | 21 0.000415 0.000188 0.000105 0 0.000794 0

ABS:   019 |  0.000415000  0.000188000  0.000105000  0.000000000 -0.001206000  0.000000000 |          1.2 |  0.000028059  0.000050358, -0.000055561  0.000544521
DIFF:  019 |  0.000000000  0.000000000  0.000000000  0.000000000 -0.002000000  0.000000000 |         -0.0 |  0.000074553  0.000001105, -0.000002692  0.000010493
MOVE:  019 |  0.000000000  0.000000000 -0.000000000  0.000000000 -0.001000000  0.000000000 |          0.0 |  0.000036780 -0.000004507,  0.000004699  0.000010268
CONST: 019 | 21 0.000415 0.000188 0.000105 0 -0.001206 0

ABS:   020 |  0.000415000  0.000188000  0.000105000  0.000000000  0.009728120  0.000000000 |          1.0 | -0.000005405  0.000000000, -0.000006779  0.000549358
DIFF:  020 |  0.000000000  0.000000000  0.000000000  0.000000000  0.010934120  0.000000000 |         -0.2 | -0.000033465 -0.000050358,  0.000048782  0.000004837
MOVE:  020 |  0.000000000  0.000000000 -0.000000000  0.000000000  0.009934120  0.000000000 |         -0.1 |  0.000003316 -0.000054865,  0.000053481  0.000015105
CONST: 020 | 21 0.000415 0.000188 0.000105 0 0.00972812 0

ABS:   021 |  0.000415000  0.000188000  0.000105000  0.000000000 -0.010140120  0.000000000 |          1.0 |          NaN          NaN, -0.000085973  0.000544813
DIFF:  021 |  0.000000000  0.000000000  0.000000000  0.000000000 -0.019868240  0.000000000 |         -0.0 |          NaN          NaN, -0.000079194 -0.000004545
MOVE:  021 |  0.000000000  0.000000000 -0.000000000  0.000000000 -0.009934120  0.000000000 |         -0.1 |          NaN          NaN, -0.000025714  0.000010559
CONST: 021 | 21 0.000415 0.000188 0.000105 0 -0.0101401 0

ABS:   022 |  0.000415000  0.000188000  0.000105000  0.000000000 -0.000206000  0.000200000 |          1.2 | -0.000008962  0.000054854, -0.000049069  0.000544427
DIFF:  022 |  0.000000000  0.000000000  0.000000000  0.000000000  0.009934120  0.000200000 |          0.2 |          NaN          NaN,  0.000036904 -0.000000386
MOVE:  022 |  0.000000000  0.000000000 -0.000000000  0.000000000  0.000000000  0.000200000 |          0.0 | -0.000000241 -0.000000011,  0.000011190  0.000010173
CONST: 022 | 21 0.000415 0.000188 0.000105 0 -0.000206 0.0002

ABS:   023 |  0.000415000  0.000188000  0.000105000  0.000000000 -0.000206000 -0.000200000 |          1.2 | -0.000008480  0.000054876, -0.000059379  0.000534154
DIFF:  023 |  0.000000000  0.000000000  0.000000000  0.000000000  0.000000000 -0.000400000 |         -0.0 |  0.000000482  0.000000022, -0.000010310 -0.000010273
MOVE:  023 |  0.000000000  0.000000000 -0.000000000  0.000000000  0.000000000 -0.000200000 |         -0.0 |  0.000000241  0.000000011,  0.000000880 -0.000000099
CONST: 023 | 21 0.000415 0.000188 0.000105 0 -0.000206 -0.0002

ABS:   024 |  0.000415000  0.000188000  0.000105000  0.000000000 -0.000206000  0.001999472 |          1.2 | -0.000011147  0.000054771, -0.000057147  0.000545047
DIFF:  024 |  0.000000000  0.000000000  0.000000000  0.000000000  0.000000000  0.002199472 |          0.1 | -0.000002667 -0.000000104,  0.000002232  0.000010893
MOVE:  024 |  0.000000000  0.000000000 -0.000000000  0.000000000  0.000000000  0.001999472 |          0.1 | -0.000002426 -0.000000093,  0.000003112  0.000010794
CONST: 024 | 21 0.000415 0.000188 0.000105 0 -0.000206 0.00199947

ABS:   025 |  0.000415000  0.000188000  0.000105000  0.000000000 -0.000206000 -0.001999472 |          1.2 | -0.000007486  0.000053883, -0.000062365  0.000541079
DIFF:  025 |  0.000000000  0.000000000  0.000000000  0.000000000  0.000000000 -0.003998944 |         -0.0 |  0.000003661 -0.000000888, -0.000005218 -0.000003968
MOVE:  025 |  0.000000000  0.000000000 -0.000000000  0.000000000  0.000000000 -0.001999472 |          0.0 |  0.000001235 -0.000000982, -0.000002106  0.000006825
CONST: 025 | 21 0.000415 0.000188 0.000105 0 -0.000206 -0.00199947

ABS:   026 |  0.000052602  0.000017994 -0.000004499  0.000000000  0.000001395  0.000000000 |          1.0 |          NaN          NaN,  0.000082280  0.000542081
DIFF:  026 | -0.000362398 -0.000170006 -0.000109499  0.000000000  0.000207395  0.001999472 |         -0.2 |          NaN          NaN,  0.000144645  0.000001002
MOVE:  026 | -0.000362398 -0.000170006 -0.000109499  0.000000000  0.000207395  0.000000000 |         -0.2 |          NaN          NaN,  0.000142540  0.000007827
CONST: 026 | 21 5.2602e-05 1.79936e-05 -4.49943e-06 0 1.39499e-06 0

ABS:   027 |  0.000025920  0.000004938 -0.000013001  0.000000000  0.000017498  0.000000000 |          1.1 |          NaN          NaN,  0.000087069  0.000552441
DIFF:  027 | -0.000026682 -0.000013056 -0.000008501  0.000000000  0.000016103  0.000000000 |          0.1 |          NaN          NaN,  0.000004789  0.000010361
MOVE:  027 | -0.000389080 -0.000183062 -0.000118001  0.000000000  0.000223498  0.000000000 |         -0.1 |          NaN          NaN,  0.000147328  0.000018188
CONST: 027 | 21 2.59201e-05 4.93777e-06 -1.30009e-05 0 1.74977e-05 0

ABS:   028 | -0.000247101 -0.000139213 -0.000108654  0.000000000  0.000198687  0.000000000 |          1.1 |          NaN          NaN,  0.000153254  0.000551320
DIFF:  028 | -0.000273021 -0.000144151 -0.000095653  0.000000000  0.000181189  0.000000000 |          0.0 |          NaN          NaN,  0.000066184 -0.000001121
MOVE:  028 | -0.000662101 -0.000327213 -0.000213654  0.000000000  0.000404687  0.000000000 |         -0.1 |          NaN          NaN,  0.000213513  0.000017067
CONST: 028 | 21 -0.000247101 -0.000139213 -0.000108654 0 0.000198687 0

ABS:   029 | -0.000086214 -0.000051503 -0.000050016  0.000000000  0.000087610  0.000000000 |          1.0 |          NaN          NaN,  0.000107530  0.000533908
DIFF:  029 |  0.000160888  0.000087710  0.000058638  0.000000000 -0.000111077  0.000000000 |         -0.1 |          NaN          NaN, -0.000045724 -0.000017412
MOVE:  029 | -0.000501214 -0.000239503 -0.000155016  0.000000000  0.000293610  0.000000000 |         -0.2 |          NaN          NaN,  0.000167789 -0.000000346
CONST: 029 | 21 -8.62137e-05 -5.15034e-05 -5.00162e-05 0 8.76101e-05 0

ABS:   030 | -0.000001493 -0.000008609 -0.000021845  0.000000000  0.000034249  0.000000000 |          1.1 |          NaN          NaN,  0.000082388  0.000555624
DIFF:  030 |  0.000084720  0.000042894  0.000028172  0.000000000 -0.000053362  0.000000000 |          0.1 |          NaN          NaN, -0.000025142  0.000021716
MOVE:  030 | -0.000416493 -0.000196609 -0.000126845  0.000000000  0.000240249  0.000000000 |         -0.1 |          NaN          NaN,  0.000142647  0.000021371
CONST: 030 | 21 -1.49339e-06 -8.60941e-06 -2.18446e-05 0 3.42485e-05 0

ABS:   031 |  0.001408253  0.000809049  0.000534372  0.000000000 -0.001019444  0.000000000 |          0.9 |          NaN          NaN, -0.000405891  0.000477138
DIFF:  031 |  0.001409746  0.000817658  0.000556217  0.000000000 -0.001053692  0.000000000 |         -0.1 |          NaN          NaN, -0.000488279 -0.000078486
MOVE:  031 |  0.000993253  0.000621049  0.000429372  0.000000000 -0.000813444  0.000000000 |         -0.2 |          NaN          NaN, -0.000345631 -0.000057115
CONST: 031 | 21 0.00140825 0.000809049 0.000534372 0 -0.00101944 0

ABS:   032 |  0.000918346  0.000428606  0.000260744  0.000000000 -0.000500989  0.000000000 |          1.1 |  0.000113688  0.000000000, -0.000205030  0.000531878
DIFF:  032 | -0.000489907 -0.000380443 -0.000273628  0.000000000  0.000518455  0.000000000 |          0.1 |          NaN          NaN,  0.000200861  0.000054739
MOVE:  032 |  0.000503346  0.000240606  0.000155744  0.000000000 -0.000294989  0.000000000 |         -0.1 |  0.000122409 -0.000054865, -0.000144771 -0.000002376
CONST: 032 | 21 0.000918346 0.000428606 0.000260744 0 -0.000500989 0

ABS:   033 |  0.000478873  0.000217441  0.000123873  0.000000000 -0.000241746  0.000000000 |          1.1 |  0.000035226  0.000045037, -0.000064780  0.000528466
DIFF:  033 | -0.000439472 -0.000211165 -0.000136871  0.000000000  0.000259243  0.000000000 |          0.1 | -0.000078462  0.000045037,  0.000140250 -0.000003411
MOVE:  033 |  0.000063873  0.000029441  0.000018873  0.000000000 -0.000035746  0.000000000 |         -0.0 |  0.000043947 -0.000009828, -0.000004521 -0.000005787
CONST: 033 | 21 0.000478873 0.000217441 0.000123873 0 -0.000241746 0

ABS:   034 |  0.000247929  0.000110749  0.000055435  0.000000000 -0.000112124  0.000000000 |          1.1 | -0.000082817  0.000028900, -0.000015778  0.000541265
DIFF:  034 | -0.000230944 -0.000106691 -0.000068438  0.000000000  0.000129622  0.000000000 |         -0.0 | -0.000118043 -0.000016137,  0.000049002  0.000012799
MOVE:  034 | -0.000167071 -0.000077251 -0.000049565  0.000000000  0.000093876  0.000000000 |         -0.1 | -0.000074096 -0.000025965,  0.000044481  0.000007011
CONST: 034 | 21 0.000247929 0.000110749 5.54351e-05 0 -0.000112124 0

ABS:   035 |  0.000135047  0.000057658  0.000021217  0.000000000 -0.000047313  0.000000000 |          1.0 | -0.000108836  0.000000000,  0.000053415  0.000540637
DIFF:  035 | -0.000112882 -0.000053091 -0.000034218  0.000000000  0.000064811  0.000000000 |         -0.1 | -0.000026019 -0.000028900,  0.000069193 -0.000000628
MOVE:  035 | -0.000279953 -0.000130342 -0.000083783  0.000000000  0.000158687  0.000000000 |         -0.2 | -0.000100115 -0.000054865,  0.000113674  0.000006383
CONST: 035 | 21 0.000135047 5.76578e-05 2.12166e-05 0 -4.7313e-05 0

ABS:   036 |  0.000079921  0.000031242  0.000004108  0.000000000 -0.000014908  0.000000000 |          1.0 |          NaN          NaN,  0.000064936  0.000542306
DIFF:  036 | -0.000055126 -0.000026416 -0.000017109  0.000000000  0.000032405  0.000000000 |          0.0 |          NaN          NaN,  0.000011521  0.000001670
MOVE:  036 | -0.000335079 -0.000156758 -0.000100892  0.000000000  0.000191092  0.000000000 |         -0.2 |          NaN          NaN,  0.000125196  0.000008053
CONST: 036 | 21 7.99211e-05 3.12419e-05 4.10768e-06 0 -1.49076e-05 0

ABS:   037 |  0.000515199  0.000004938 -0.000013001  0.000000000  0.000017498  0.000000000 |          1.3 |  0.000059679  0.000045178,  0.000087061  0.000552441
DIFF:  037 |  0.000435278 -0.000026304 -0.000017109  0.000000000  0.000032405  0.000000000 |          0.3 |          NaN          NaN,  0.000022124  0.000010135
MOVE:  037 |  0.000100199 -0.000183062 -0.000118001  0.000000000  0.000223498  0.000000000 |          0.2 |  0.000068400 -0.000009687,  0.000147320  0.000018188
CONST: 037 | 21 0.000515199 4.93777e-06 -1.30009e-05 0 1.74977e-05 0

ABS:   038 | -0.000368098  0.000004938 -0.000013001  0.000000000  0.000017498  0.000000000 |          1.1 |          NaN          NaN,  0.000087076  0.000552441
DIFF:  038 | -0.000883297  0.000000000  0.000000000  0.000000000  0.000000000  0.000000000 |         -0.2 |          NaN          NaN,  0.000000015  0.000000000
MOVE:  038 | -0.000783098 -0.000183062 -0.000118001  0.000000000  0.000223498  0.000000000 |         -0.1 |          NaN          NaN,  0.000147335  0.000018188
CONST: 038 | 21 -0.000368098 4.93777e-06 -1.30009e-05 0 1.74977e-05 0

ABS:   039 |  0.000025920  0.000498672 -0.000013001  0.000000000  0.000017498  0.000000000 |          1.1 |          NaN          NaN, -0.000064574  0.000552050
DIFF:  039 |  0.000394019  0.000493734  0.000000000  0.000000000  0.000000000  0.000000000 |         -0.0 |          NaN          NaN, -0.000151650 -0.000000391
MOVE:  039 | -0.000389080  0.000310672 -0.000118001  0.000000000  0.000223498  0.000000000 |         -0.1 |          NaN          NaN, -0.000004315  0.000017797
CONST: 039 | 21 2.59201e-05 0.000498672 -1.30009e-05 0 1.74977e-05 0

ABS:   040 |  0.000025920 -0.000443976 -0.000013001  0.000000000  0.000017498  0.000000000 |          0.9 |          NaN          NaN,  0.000194140  0.000505062
DIFF:  040 |  0.000000000 -0.000942648  0.000000000  0.000000000  0.000000000  0.000000000 |         -0.1 |          NaN          NaN,  0.000258714 -0.000046989
MOVE:  040 | -0.000389080 -0.000631976 -0.000118001  0.000000000  0.000223498  0.000000000 |         -0.3 |          NaN          NaN,  0.000254399 -0.000029192
CONST: 040 | 21 2.59201e-05 -0.000443976 -1.30009e-05 0 1.74977e-05 0

ABS:   041 |  0.000025920  0.000004938  0.004795366  0.000000000  0.000017498  0.000000000 |          0.0 |          NaN          NaN,          NaN          NaN
DIFF:  041 |  0.000000000  0.000448914  0.004808367  0.000000000  0.000000000  0.000000000 |         -0.9 |          NaN          NaN,          NaN          NaN
MOVE:  041 | -0.000389080 -0.000183062  0.004690366  0.000000000  0.000223498  0.000000000 |         -1.2 |          NaN          NaN,          NaN          NaN
CONST: 041 | 21 2.59201e-05 4.93777e-06 0.00479537 0 1.74977e-05 0

ABS:   042 |  0.000025920  0.000004938 -0.004792477  0.000000000  0.000017498  0.000000000 |          0.0 |          NaN          NaN,  0.000951120  0.000000000
DIFF:  042 |  0.000000000  0.000000000 -0.009587843  0.000000000  0.000000000  0.000000000 |          0.0 |          NaN          NaN,          NaN          NaN
MOVE:  042 | -0.000389080 -0.000183062 -0.004897477  0.000000000  0.000223498  0.000000000 |         -1.1 |          NaN          NaN,  0.001011379 -0.000534254
CONST: 042 | 21 2.59201e-05 4.93777e-06 -0.00479248 0 1.74977e-05 0

ABS:   043 |  0.000025920  0.000004938 -0.000013001  0.023971277  0.000017498  0.000000000 |          0.8 |          NaN          NaN, -0.000256607  0.000493186
DIFF:  043 |  0.000000000  0.000000000  0.004779476  0.023971277  0.000000000  0.000000000 |          0.8 |          NaN          NaN, -0.001207727  0.000493186
MOVE:  043 | -0.000389080 -0.000183062 -0.000118001  0.023971277  0.000223498  0.000000000 |         -0.4 |          NaN          NaN, -0.000196348 -0.000041067
CONST: 043 | 21 2.59201e-05 4.93777e-06 -1.30009e-05 0.0239713 1.74977e-05 0

ABS:   044 |  0.000025920  0.000004938 -0.000013001 -0.023971277  0.000017498  0.000000000 |          0.9 | -0.000065271  0.000041537,  0.000386534  0.000456986
DIFF:  044 |  0.000000000  0.000000000  0.000000000 -0.047942554  0.000000000  0.000000000 |          0.1 |          NaN          NaN,  0.000643142 -0.000036201
MOVE:  044 | -0.000389080 -0.000183062 -0.000118001 -0.023971277  0.000223498  0.000000000 |         -0.3 | -0.000056550 -0.000013328,  0.000446794 -0.000077268
CONST: 044 | 21 2.59201e-05 4.93777e-06 -1.30009e-05 -0.0239713 1.74977e-05 0

ABS:   045 |  0.000025920  0.000004938 -0.000013001  0.000000000  0.023961175  0.000000000 |          1.0 |          NaN          NaN,  0.000190522  0.000511249
DIFF:  045 |  0.000000000  0.000000000  0.000000000  0.023971277  0.023943677  0.000000000 |          0.1 |          NaN          NaN, -0.000196012  0.000054263
MOVE:  045 | -0.000389080 -0.000183062 -0.000118001  0.000000000  0.024167175  0.000000000 |         -0.2 |          NaN          NaN,  0.000250782 -0.000023005
CONST: 045 | 21 2.59201e-05 4.93777e-06 -1.30009e-05 0 0.0239612 0

ABS:   046 |  0.000025920  0.000004938 -0.000013001  0.000000000 -0.023980900  0.000000000 |          1.1 |          NaN          NaN, -0.000059003  0.000558598
DIFF:  046 |  0.000000000  0.000000000  0.000000000  0.000000000 -0.047942075  0.000000000 |          0.1 |          NaN          NaN, -0.000249525  0.000047349
MOVE:  046 | -0.000389080 -0.000183062 -0.000118001  0.000000000 -0.023774900  0.000000000 |         -0.1 |          NaN          NaN,  0.000001257  0.000024344
CONST: 046 | 21 2.59201e-05 4.93777e-06 -1.30009e-05 0 -0.0239809 0

ABS:   047 |  0.000025920  0.000004938 -0.000013001  0.000000000  0.000017498  0.019470966 |          1.1 |          NaN          NaN,  0.000021046  0.000560097
DIFF:  047 |  0.000000000  0.000000000  0.000000000  0.000000000  0.023998397  0.019470966 |         -0.0 |          NaN          NaN,  0.000080049  0.000001499
MOVE:  047 | -0.000389080 -0.000183062 -0.000118001  0.000000000  0.000223498  0.019470966 |         -0.1 |          NaN          NaN,  0.000081306  0.000025843
CONST: 047 | 21 2.59201e-05 4.93777e-06 -1.30009e-05 0 1.74977e-05 0.019471

ABS:   048 |  0.000025920  0.000004938 -0.000013001  0.000000000  0.000017498 -0.019470966 |          1.0 |          NaN          NaN,  0.000146108  0.000522902
DIFF:  048 |  0.000000000  0.000000000  0.000000000  0.000000000  0.000000000 -0.038941932 |         -0.1 |          NaN          NaN,  0.000125062 -0.000037194
MOVE:  048 | -0.000389080 -0.000183062 -0.000118001  0.000000000  0.000223498 -0.019470966 |         -0.2 |          NaN          NaN,  0.000206367 -0.000011351
CONST: 048 | 21 2.59201e-05 4.93777e-06 -1.30009e-05 0 1.74977e-05 -0.019471

ABS:   049 |  0.000025920  0.000004938 -0.000013001  0.000000000  0.000017498  0.000000000 |          1.1 |          NaN          NaN,  0.000087069  0.000552441
DIFF:  049 |  0.000000000  0.000000000  0.000000000  0.000000000  0.000000000  0.019470966 |          0.1 |          NaN          NaN, -0.000059039  0.000029539
MOVE:  049 | -0.000389080 -0.000183062 -0.000118001  0.000000000  0.000223498  0.000000000 |         -0.1 |          NaN          NaN,  0.000147328  0.000018188
CONST: 049 | 21 2.59201e-05 4.93777e-06 -1.30009e-05 0 1.74977e-05 0

ABS:   050 |  0.000515199  0.000004938 -0.000013001  0.000000000  0.000017498  0.000000000 |          1.3 |  0.000059679  0.000045178,  0.000087061  0.000552441
DIFF:  050 |  0.000489279  0.000000000  0.000000000  0.000000000  0.000000000  0.000000000 |          0.2 |          NaN          NaN, -0.000000009 -0.000000000
MOVE:  050 |  0.000100199 -0.000183062 -0.000118001  0.000000000  0.000223498  0.000000000 |          0.2 |  0.000068400 -0.000009687,  0.000147320  0.000018188
CONST: 050 | 21 0.000515199 4.93777e-06 -1.30009e-05 0 1.74977e-05 0

ABS:   051 | -0.000368098  0.000004938 -0.000013001  0.000000000  0.000017498  0.000000000 |          1.1 |          NaN          NaN,  0.000087076  0.000552441
DIFF:  051 | -0.000883297  0.000000000  0.000000000  0.000000000  0.000000000  0.000000000 |         -0.2 |          NaN          NaN,  0.000000015  0.000000000
MOVE:  051 | -0.000783098 -0.000183062 -0.000118001  0.000000000  0.000223498  0.000000000 |         -0.1 |          NaN          NaN,  0.000147335  0.000018188
CONST: 051 | 21 -0.000368098 4.93777e-06 -1.30009e-05 0 1.74977e-05 0

ABS:   052 |  0.000025920  0.000498672 -0.000013001  0.000000000  0.000017498  0.000000000 |          1.1 |          NaN          NaN, -0.000064574  0.000552050
DIFF:  052 |  0.000394019  0.000493734  0.000000000  0.000000000  0.000000000  0.000000000 |         -0.0 |          NaN          NaN, -0.000151650 -0.000000391
MOVE:  052 | -0.000389080  0.000310672 -0.000118001  0.000000000  0.000223498  0.000000000 |         -0.1 |          NaN          NaN, -0.000004315  0.000017797
CONST: 052 | 21 2.59201e-05 0.000498672 -1.30009e-05 0 1.74977e-05 0

ABS:   053 |  0.000025920 -0.000443976 -0.000013001  0.000000000  0.000017498  0.000000000 |          0.9 |          NaN          NaN,  0.000194140  0.000505062
DIFF:  053 |  0.000000000 -0.000942648  0.000000000  0.000000000  0.000000000  0.000000000 |         -0.1 |          NaN          NaN,  0.000258714 -0.000046989
MOVE:  053 | -0.000389080 -0.000631976 -0.000118001  0.000000000  0.000223498  0.000000000 |         -0.3 |          NaN          NaN,  0.000254399 -0.000029192
CONST: 053 | 21 2.59201e-05 -0.000443976 -1.30009e-05 0 1.74977e-05 0

ABS:   054 |  0.000025920  0.000004938  0.004795366  0.000000000  0.000017498  0.000000000 |          0.0 |          NaN          NaN,          NaN          NaN
DIFF:  054 |  0.000000000  0.000448914  0.004808367  0.000000000  0.000000000  0.000000000 |         -0.9 |          NaN          NaN,          NaN          NaN
MOVE:  054 | -0.000389080 -0.000183062  0.004690366  0.000000000  0.000223498  0.000000000 |         -1.2 |          NaN          NaN,          NaN          NaN
CONST: 054 | 21 2.59201e-05 4.93777e-06 0.00479537 0 1.74977e-05 0

ABS:   055 |  0.000025920  0.000004938 -0.004792477  0.000000000  0.000017498  0.000000000 |          0.0 |          NaN          NaN,  0.000951120  0.000000000
DIFF:  055 |  0.000000000  0.000000000 -0.009587843  0.000000000  0.000000000  0.000000000 |          0.0 |          NaN          NaN,          NaN          NaN
MOVE:  055 | -0.000389080 -0.000183062 -0.004897477  0.000000000  0.000223498  0.000000000 |         -1.1 |          NaN          NaN,  0.001011379 -0.000534254
CONST: 055 | 21 2.59201e-05 4.93777e-06 -0.00479248 0 1.74977e-05 0

ABS:   056 |  0.000025920  0.000004938 -0.000013001  0.023971277  0.000017498  0.000000000 |          0.8 |          NaN          NaN, -0.000256607  0.000493186
DIFF:  056 |  0.000000000  0.000000000  0.004779476  0.023971277  0.000000000  0.000000000 |          0.8 |          NaN          NaN, -0.001207727  0.000493186
MOVE:  056 | -0.000389080 -0.000183062 -0.000118001  0.023971277  0.000223498  0.000000000 |         -0.4 |          NaN          NaN, -0.000196348 -0.000041067
CONST: 056 | 21 2.59201e-05 4.93777e-06 -1.30009e-05 0.0239713 1.74977e-05 0

ABS:   057 |  0.000025920  0.000004938 -0.000013001 -0.023971277  0.000017498  0.000000000 |          0.9 | -0.000065271  0.000041537,  0.000386534  0.000456986
DIFF:  057 |  0.000000000  0.000000000  0.000000000 -0.047942554  0.000000000  0.000000000 |          0.1 |          NaN          NaN,  0.000643142 -0.000036201
MOVE:  057 | -0.000389080 -0.000183062 -0.000118001 -0.023971277  0.000223498  0.000000000 |         -0.3 | -0.000056550 -0.000013328,  0.000446794 -0.000077268
CONST: 057 | 21 2.59201e-05 4.93777e-06 -1.30009e-05 -0.0239713 1.74977e-05 0

ABS:   058 |  0.000025920  0.000004938 -0.000013001  0.000000000  0.023961175  0.000000000 |          1.0 |          NaN          NaN,  0.000190522  0.000511249
DIFF:  058 |  0.000000000  0.000000000  0.000000000  0.023971277  0.023943677  0.000000000 |          0.1 |          NaN          NaN, -0.000196012  0.000054263
MOVE:  058 | -0.000389080 -0.000183062 -0.000118001  0.000000000  0.024167175  0.000000000 |         -0.2 |          NaN          NaN,  0.000250782 -0.000023005
CONST: 058 | 21 2.59201e-05 4.93777e-06 -1.30009e-05 0 0.0239612 0

ABS:   059 |  0.000025920  0.000004938 -0.000013001  0.000000000 -0.023980900  0.000000000 |          1.1 |          NaN          NaN, -0.000059003  0.000558598
DIFF:  059 |  0.000000000  0.000000000  0.000000000  0.000000000 -0.047942075  0.000000000 |          0.1 |          NaN          NaN, -0.000249525  0.000047349
MOVE:  059 | -0.000389080 -0.000183062 -0.000118001  0.000000000 -0.023774900  0.000000000 |         -0.1 |          NaN          NaN,  0.000001257  0.000024344
CONST: 059 | 21 2.59201e-05 4.93777e-06 -1.30009e-05 0 -0.0239809 0

