ABS:   itr |       deltaX       deltaY       deltaZ         phiX         phiY         phiZ |        chisq |    rphi mean     rphi rms,       z mean        z rms
ABS:   =========================================================================================================================================================
DIFF:  itr |       deltaX       deltaY       deltaZ         phiX         phiY         phiZ |        chisq |    rphi mean     rphi rms,       z mean        z rms
DIFF:  =========================================================================================================================================================
MOVE:  itr |       deltaX       deltaY       deltaZ         phiX         phiY         phiZ |        chisq |    rphi mean     rphi rms,       z mean        z rms
MOVE:  =========================================================================================================================================================
ABS:   001 |  0.000084000  0.000060000  0.000048000  0.001800000  0.000019000  0.000000000 |          9.0 | -0.000012807  0.000065173, -0.000035336  0.000592447
CONST: 001 | 10 8.4e-05 6e-05 4.8e-05 0.0018 1.9e-05 0

ABS:   001 |  0.000084000  0.000060000  0.000048000  0.001800000  0.000019000  0.000000000 |          9.0 | -0.000012807  0.000065173, -0.000035336  0.000592447
CONST: 001 | 10 8.4e-05 6e-05 4.8e-05 0.0018 1.9e-05 0

ABS:   002 |  0.000084100  0.000060000  0.000048000  0.001800000  0.000019000  0.000000000 |          9.0 | -0.000012707  0.000065173, -0.000035336  0.000592447
DIFF:  002 |  0.000000100  0.000000000 -0.000000000  0.000000000 -0.000000000  0.000000000 |         -0.0 |  0.000000100  0.000000000, -0.000000000  0.000000000
MOVE:  002 |  0.000000100  0.000000000 -0.000000000  0.000000000 -0.000000000  0.000000000 |         -0.0 |  0.000000100  0.000000000, -0.000000000  0.000000000
CONST: 002 | 10 8.41e-05 6e-05 4.8e-05 0.0018 1.9e-05 0

ABS:   003 |  0.000083900  0.000060000  0.000048000  0.001800000  0.000019000  0.000000000 |          9.1 | -0.000010110  0.000067245, -0.000035336  0.000592447
DIFF:  003 | -0.000000200  0.000000000  0.000000000  0.000000000  0.000000000  0.000000000 |          0.0 |  0.000002597  0.000002072,  0.000000000 -0.000000000
MOVE:  003 | -0.000000100  0.000000000 -0.000000000  0.000000000 -0.000000000  0.000000000 |          0.0 |  0.000002697  0.000002072,  0.000000000  0.000000000
CONST: 003 | 10 8.39e-05 6e-05 4.8e-05 0.0018 1.9e-05 0

ABS:   004 |  0.000084010  0.000060000  0.000048000  0.001800000  0.000019000  0.000000000 |          9.0 | -0.000012797  0.000065173, -0.000035336  0.000592447
DIFF:  004 |  0.000000110  0.000000000  0.000000000  0.000000000  0.000000000  0.000000000 |         -0.0 | -0.000002687 -0.000002072, -0.000000000  0.000000000
MOVE:  004 |  0.000000010  0.000000000 -0.000000000  0.000000000 -0.000000000  0.000000000 |         -0.0 |  0.000000010  0.000000000, -0.000000000  0.000000000
CONST: 004 | 10 8.401e-05 6e-05 4.8e-05 0.0018 1.9e-05 0

ABS:   005 |  0.000083990  0.000060000  0.000048000  0.001800000  0.000019000  0.000000000 |          9.0 | -0.000012817  0.000065173, -0.000035336  0.000592447
DIFF:  005 | -0.000000020  0.000000000  0.000000000  0.000000000  0.000000000  0.000000000 |          0.0 | -0.000000020  0.000000000,  0.000000000 -0.000000000
MOVE:  005 | -0.000000010  0.000000000 -0.000000000  0.000000000 -0.000000000  0.000000000 |          0.0 | -0.000000010  0.000000000,  0.000000000  0.000000000
CONST: 005 | 10 8.399e-05 6e-05 4.8e-05 0.0018 1.9e-05 0

ABS:   006 |  0.000084100  0.000060000  0.000048000  0.001800000  0.000019000  0.000000000 |          9.0 | -0.000012707  0.000065173, -0.000035336  0.000592447
DIFF:  006 |  0.000000110  0.000000000  0.000000000  0.000000000  0.000000000  0.000000000 |         -0.0 |  0.000000110 -0.000000000, -0.000000000  0.000000000
MOVE:  006 |  0.000000100  0.000000000 -0.000000000  0.000000000 -0.000000000  0.000000000 |         -0.0 |  0.000000100  0.000000000, -0.000000000  0.000000000
CONST: 006 | 10 8.41e-05 6e-05 4.8e-05 0.0018 1.9e-05 0

ABS:   007 |  0.000083900  0.000060000  0.000048000  0.001800000  0.000019000  0.000000000 |          9.1 | -0.000010110  0.000067245, -0.000035336  0.000592447
DIFF:  007 | -0.000000200  0.000000000  0.000000000  0.000000000  0.000000000  0.000000000 |          0.0 |  0.000002597  0.000002072,  0.000000000 -0.000000000
MOVE:  007 | -0.000000100  0.000000000 -0.000000000  0.000000000 -0.000000000  0.000000000 |          0.0 |  0.000002697  0.000002072,  0.000000000  0.000000000
CONST: 007 | 10 8.39e-05 6e-05 4.8e-05 0.0018 1.9e-05 0

ABS:   008 |  0.000084000  0.000060100  0.000048000  0.001800000  0.000019000  0.000000000 |          9.0 | -0.000012768  0.000065173, -0.000035335  0.000592457
DIFF:  008 |  0.000000100  0.000000100  0.000000000  0.000000000  0.000000000  0.000000000 |         -0.0 | -0.000002658 -0.000002071,  0.000000002  0.000000010
MOVE:  008 | -0.000000000  0.000000100 -0.000000000  0.000000000 -0.000000000  0.000000000 |          0.0 |  0.000000039  0.000000001,  0.000000002  0.000000010
CONST: 008 | 10 8.4e-05 6.01e-05 4.8e-05 0.0018 1.9e-05 0

ABS:   009 |  0.000084000  0.000059900  0.000048000  0.001800000  0.000019000  0.000000000 |          9.0 | -0.000012847  0.000065172, -0.000035338  0.000592437
DIFF:  009 |  0.000000000 -0.000000200  0.000000000  0.000000000  0.000000000  0.000000000 |         -0.0 | -0.000000078 -0.000000001, -0.000000003 -0.000000020
MOVE:  009 | -0.000000000 -0.000000100 -0.000000000  0.000000000 -0.000000000  0.000000000 |         -0.0 | -0.000000039 -0.000000001, -0.000000002 -0.000000010
CONST: 009 | 10 8.4e-05 5.99e-05 4.8e-05 0.0018 1.9e-05 0

ABS:   010 |  0.000084000  0.000060274  0.000048000  0.001800000  0.000019000  0.000000000 |          9.0 | -0.000012700  0.000065175, -0.000035332  0.000592475
DIFF:  010 |  0.000000000  0.000000374  0.000000000  0.000000000  0.000000000  0.000000000 |          0.0 |  0.000000146  0.000000002,  0.000000006  0.000000038
MOVE:  010 | -0.000000000  0.000000274 -0.000000000  0.000000000 -0.000000000  0.000000000 |          0.0 |  0.000000107  0.000000002,  0.000000004  0.000000028
CONST: 010 | 10 8.4e-05 6.02738e-05 4.8e-05 0.0018 1.9e-05 0

ABS:   011 |  0.000084000  0.000059726  0.000048000  0.001800000  0.000019000  0.000000000 |          9.1 | -0.000010118  0.000067243, -0.000035341  0.000592420
DIFF:  011 |  0.000000000 -0.000000548  0.000000000  0.000000000  0.000000000  0.000000000 |          0.0 |  0.000002583  0.000002068, -0.000000009 -0.000000055
MOVE:  011 | -0.000000000 -0.000000274 -0.000000000  0.000000000 -0.000000000  0.000000000 |          0.0 |  0.000002690  0.000002070, -0.000000004 -0.000000028
CONST: 011 | 10 8.4e-05 5.97262e-05 4.8e-05 0.0018 1.9e-05 0

ABS:   012 |  0.000084000  0.000060027  0.000048000  0.001800000  0.000019000  0.000000000 |          9.0 | -0.000012797  0.000065173, -0.000035336  0.000592450
DIFF:  012 |  0.000000000  0.000000301  0.000000000  0.000000000  0.000000000  0.000000000 |         -0.0 | -0.000002679 -0.000002070,  0.000000005  0.000000030
MOVE:  012 | -0.000000000  0.000000027 -0.000000000  0.000000000 -0.000000000  0.000000000 |          0.0 |  0.000000011  0.000000000,  0.000000000  0.000000003
CONST: 012 | 10 8.4e-05 6.00274e-05 4.8e-05 0.0018 1.9e-05 0

ABS:   013 |  0.000084000  0.000059973  0.000048000  0.001800000  0.000019000  0.000000000 |          9.0 | -0.000012818  0.000065173, -0.000035337  0.000592444
DIFF:  013 |  0.000000000 -0.000000055  0.000000000  0.000000000  0.000000000  0.000000000 |         -0.0 | -0.000000021 -0.000000000, -0.000000001 -0.000000006
MOVE:  013 | -0.000000000 -0.000000027 -0.000000000  0.000000000 -0.000000000  0.000000000 |         -0.0 | -0.000000011 -0.000000000, -0.000000000 -0.000000003
CONST: 013 | 10 8.4e-05 5.99726e-05 4.8e-05 0.0018 1.9e-05 0

ABS:   014 |  0.000084000  0.000060000  0.000053002  0.001800000  0.000019000  0.000000000 |          9.1 | -0.000012804  0.000065173, -0.000040338  0.000592448
DIFF:  014 |  0.000000000  0.000000027  0.000005002  0.000000000  0.000000000  0.000000000 |          0.0 |  0.000000014  0.000000000, -0.000005001  0.000000004
MOVE:  014 | -0.000000000  0.000000000  0.000005002  0.000000000 -0.000000000  0.000000000 |          0.0 |  0.000000003  0.000000000, -0.000005002  0.000000001
CONST: 014 | 10 8.4e-05 6e-05 5.30021e-05 0.0018 1.9e-05 0

ABS:   015 |  0.000084000  0.000060000  0.000042998  0.001800000  0.000019000  0.000000000 |          9.1 | -0.000012811  0.000065173, -0.000031851  0.000593386
DIFF:  015 |  0.000000000  0.000000000 -0.000010004  0.000000000  0.000000000  0.000000000 |          0.0 | -0.000000007 -0.000000000,  0.000008488  0.000000938
MOVE:  015 | -0.000000000  0.000000000 -0.000005002  0.000000000 -0.000000000  0.000000000 |          0.0 | -0.000000003 -0.000000000,  0.000003486  0.000000939
CONST: 015 | 10 8.4e-05 6e-05 4.29979e-05 0.0018 1.9e-05 0

ABS:   016 |  0.000084000  0.000060000  0.000048500  0.001800000  0.000019000  0.000000000 |          9.0 | -0.000012807  0.000065173, -0.000035837  0.000592447
DIFF:  016 |  0.000000000  0.000000000  0.000005502  0.000000000  0.000000000  0.000000000 |         -0.0 |  0.000000004  0.000000000, -0.000003986 -0.000000939
MOVE:  016 | -0.000000000  0.000000000  0.000000500  0.000000000 -0.000000000  0.000000000 |          0.0 |  0.000000000  0.000000000, -0.000000500  0.000000000
CONST: 016 | 10 8.4e-05 6e-05 4.85002e-05 0.0018 1.9e-05 0

ABS:   017 |  0.000084000  0.000060000  0.000047500  0.001800000  0.000019000  0.000000000 |          9.0 | -0.000012808  0.000065173, -0.000034836  0.000592447
DIFF:  017 |  0.000000000  0.000000000 -0.000001000  0.000000000  0.000000000  0.000000000 |         -0.0 | -0.000000001 -0.000000000,  0.000001000 -0.000000000
MOVE:  017 | -0.000000000  0.000000000 -0.000000500  0.000000000 -0.000000000  0.000000000 |         -0.0 | -0.000000000 -0.000000000,  0.000000500 -0.000000000
CONST: 017 | 10 8.4e-05 6e-05 4.74998e-05 0.0018 1.9e-05 0

ABS:   018 |  0.000084000  0.000060000  0.000048310  0.001800000  0.000019000  0.000000000 |          9.0 | -0.000012807  0.000065173, -0.000035646  0.000592447
DIFF:  018 |  0.000000000  0.000000000  0.000000810  0.000000000  0.000000000  0.000000000 |          0.0 |  0.000000001  0.000000000, -0.000000810  0.000000000
MOVE:  018 | -0.000000000  0.000000000  0.000000310  0.000000000 -0.000000000  0.000000000 |          0.0 |  0.000000000  0.000000000, -0.000000310  0.000000000
CONST: 018 | 10 8.4e-05 6e-05 4.83096e-05 0.0018 1.9e-05 0

ABS:   019 |  0.000084000  0.000060000  0.000047690  0.001800000  0.000019000  0.000000000 |          9.0 | -0.000012808  0.000065173, -0.000035027  0.000592447
DIFF:  019 |  0.000000000  0.000000000 -0.000000619  0.000000000  0.000000000  0.000000000 |         -0.0 | -0.000000000 -0.000000000,  0.000000619 -0.000000000
MOVE:  019 | -0.000000000  0.000000000 -0.000000310  0.000000000 -0.000000000  0.000000000 |         -0.0 | -0.000000000 -0.000000000,  0.000000310 -0.000000000
CONST: 019 | 10 8.4e-05 6e-05 4.76904e-05 0.0018 1.9e-05 0

ABS:   020 |  0.000084000  0.000060000  0.000048000  0.001804000  0.000019000  0.000000000 |          9.0 | -0.000012742  0.000065174, -0.000035476  0.000592450
DIFF:  020 |  0.000000000  0.000000000  0.000000310  0.000004000  0.000000000  0.000000000 |          0.0 |  0.000000066  0.000000001, -0.000000449  0.000000003
MOVE:  020 | -0.000000000  0.000000000 -0.000000000  0.000004000 -0.000000000  0.000000000 |          0.0 |  0.000000065  0.000000001, -0.000000140  0.000000003
CONST: 020 | 10 8.4e-05 6e-05 4.8e-05 0.001804 1.9e-05 0

ABS:   021 |  0.000084000  0.000060000  0.000048000  0.001796000  0.000019000  0.000000000 |          9.1 | -0.000011460  0.000066241, -0.000035197  0.000592444
DIFF:  021 |  0.000000000  0.000000000  0.000000000 -0.000008000  0.000000000  0.000000000 |          0.0 |  0.000001282  0.000001067,  0.000000279 -0.000000006
MOVE:  021 | -0.000000000  0.000000000 -0.000000000 -0.000004000 -0.000000000  0.000000000 |          0.0 |  0.000001348  0.000001068,  0.000000140 -0.000000003
CONST: 021 | 10 8.4e-05 6e-05 4.8e-05 0.001796 1.9e-05 0

ABS:   022 |  0.000084000  0.000060000  0.000048000  0.001800400  0.000019000  0.000000000 |          9.0 | -0.000012801  0.000065173, -0.000035350  0.000592448
DIFF:  022 |  0.000000000  0.000000000  0.000000000  0.000004400  0.000000000  0.000000000 |         -0.0 | -0.000001341 -0.000001068, -0.000000154  0.000000003
MOVE:  022 | -0.000000000  0.000000000 -0.000000000  0.000000400 -0.000000000  0.000000000 |          0.0 |  0.000000007  0.000000000, -0.000000014  0.000000000
CONST: 022 | 10 8.4e-05 6e-05 4.8e-05 0.0018004 1.9e-05 0

ABS:   023 |  0.000084000  0.000060000  0.000048000  0.001799600  0.000019000  0.000000000 |          9.0 | -0.000012814  0.000065173, -0.000035322  0.000592447
DIFF:  023 |  0.000000000  0.000000000  0.000000000 -0.000000800  0.000000000  0.000000000 |         -0.0 | -0.000000013 -0.000000000,  0.000000028 -0.000000001
MOVE:  023 | -0.000000000  0.000000000 -0.000000000 -0.000000400 -0.000000000  0.000000000 |         -0.0 | -0.000000007 -0.000000000,  0.000000014 -0.000000000
CONST: 023 | 10 8.4e-05 6e-05 4.8e-05 0.0017996 1.9e-05 0

ABS:   024 |  0.000084000  0.000060000  0.000048000  0.001804000  0.000019000  0.000000000 |          9.0 | -0.000012742  0.000065174, -0.000035476  0.000592450
DIFF:  024 |  0.000000000  0.000000000  0.000000000  0.000004400  0.000000000  0.000000000 |          0.0 |  0.000000072  0.000000001, -0.000000154  0.000000003
MOVE:  024 | -0.000000000  0.000000000 -0.000000000  0.000004000 -0.000000000  0.000000000 |          0.0 |  0.000000065  0.000000001, -0.000000140  0.000000003
CONST: 024 | 10 8.4e-05 6e-05 4.8e-05 0.001804 1.9e-05 0

ABS:   025 |  0.000084000  0.000060000  0.000048000  0.001796000  0.000019000  0.000000000 |          9.1 | -0.000011460  0.000066241, -0.000035197  0.000592444
DIFF:  025 |  0.000000000  0.000000000  0.000000000 -0.000008000  0.000000000  0.000000000 |          0.0 |  0.000001282  0.000001067,  0.000000279 -0.000000006
MOVE:  025 | -0.000000000  0.000000000 -0.000000000 -0.000004000 -0.000000000  0.000000000 |          0.0 |  0.000001348  0.000001068,  0.000000140 -0.000000003
CONST: 025 | 10 8.4e-05 6e-05 4.8e-05 0.001796 1.9e-05 0

ABS:   026 |  0.000084000  0.000060000  0.000048000  0.001800000  0.000029001  0.000000000 |          9.1 | -0.000010420  0.000067241, -0.000035382  0.000592452
DIFF:  026 |  0.000000000  0.000000000  0.000000000  0.000004000  0.000010001  0.000000000 |          0.0 |  0.000001039  0.000001000, -0.000000186  0.000000008
MOVE:  026 | -0.000000000  0.000000000 -0.000000000  0.000000000  0.000010001  0.000000000 |          0.0 |  0.000002387  0.000002068, -0.000000046  0.000000005
CONST: 026 | 10 8.4e-05 6e-05 4.8e-05 0.0018 2.90007e-05 0

ABS:   027 |  0.000084000  0.000060000  0.000048000  0.001800000  0.000008999  0.000000000 |          9.0 | -0.000012396  0.000065181, -0.000035291  0.000592443
DIFF:  027 |  0.000000000  0.000000000  0.000000000  0.000000000 -0.000020001  0.000000000 |         -0.0 | -0.000001975 -0.000002060,  0.000000092 -0.000000009
MOVE:  027 | -0.000000000  0.000000000 -0.000000000  0.000000000 -0.000010001  0.000000000 |         -0.0 |  0.000000412  0.000000008,  0.000000046 -0.000000005
CONST: 027 | 10 8.4e-05 6e-05 4.8e-05 0.0018 8.99933e-06 0

ABS:   028 |  0.000084000  0.000060000  0.000048000  0.001800000  0.000020000  0.000000000 |          9.1 | -0.000011435  0.000066241, -0.000035341  0.000592448
DIFF:  028 |  0.000000000  0.000000000  0.000000000  0.000000000  0.000011001  0.000000000 |          0.0 |  0.000000960  0.000001061, -0.000000050  0.000000005
MOVE:  028 | -0.000000000  0.000000000 -0.000000000  0.000000000  0.000001000  0.000000000 |          0.0 |  0.000001372  0.000001069, -0.000000005  0.000000000
CONST: 028 | 10 8.4e-05 6e-05 4.8e-05 0.0018 2.00001e-05 0

ABS:   029 |  0.000084000  0.000060000  0.000048000  0.001800000  0.000018000  0.000000000 |          9.0 | -0.000012766  0.000065174, -0.000035332  0.000592447
DIFF:  029 |  0.000000000  0.000000000  0.000000000  0.000000000 -0.000002000  0.000000000 |         -0.0 | -0.000001331 -0.000001068,  0.000000009 -0.000000001
MOVE:  029 | -0.000000000  0.000000000 -0.000000000  0.000000000 -0.000001000  0.000000000 |         -0.0 |  0.000000041  0.000000001,  0.000000005 -0.000000000
CONST: 029 | 10 8.4e-05 6e-05 4.8e-05 0.0018 1.79999e-05 0

ABS:   030 |  0.000084000  0.000060000  0.000048000  0.001800000  0.000019100  0.000000000 |          9.0 | -0.000012812  0.000065173, -0.000035337  0.000592447
DIFF:  030 |  0.000000000  0.000000000  0.000000000  0.000000000  0.000001100  0.000000000 |          0.0 | -0.000000045 -0.000000001, -0.000000005  0.000000001
MOVE:  030 | -0.000000000  0.000000000 -0.000000000  0.000000000  0.000000100  0.000000000 |          0.0 | -0.000000004 -0.000000000, -0.000000000  0.000000000
CONST: 030 | 10 8.4e-05 6e-05 4.8e-05 0.0018 1.91e-05 0

ABS:   031 |  0.000084000  0.000060000  0.000048000  0.001800000  0.000018900  0.000000000 |          9.0 | -0.000012803  0.000065173, -0.000035336  0.000592447
DIFF:  031 |  0.000000000  0.000000000  0.000000000  0.000000000 -0.000000200  0.000000000 |         -0.0 |  0.000000008  0.000000000,  0.000000001 -0.000000000
MOVE:  031 | -0.000000000  0.000000000 -0.000000000  0.000000000 -0.000000100  0.000000000 |         -0.0 |  0.000000004  0.000000000,  0.000000000 -0.000000000
CONST: 031 | 10 8.4e-05 6e-05 4.8e-05 0.0018 1.89e-05 0

ABS:   032 |  0.000084000  0.000060000  0.000048000  0.001800000  0.000019000  0.000002000 |          9.0 | -0.000012815  0.000065173, -0.000035334  0.000592446
DIFF:  032 |  0.000000000  0.000000000  0.000000000  0.000000000  0.000000100  0.000002000 |         -0.0 | -0.000000011 -0.000000000,  0.000000002 -0.000000001
MOVE:  032 | -0.000000000  0.000000000 -0.000000000  0.000000000 -0.000000000  0.000002000 |         -0.0 | -0.000000007 -0.000000000,  0.000000003 -0.000000002
CONST: 032 | 10 8.4e-05 6e-05 4.8e-05 0.0018 1.9e-05 2.00001e-06

ABS:   033 |  0.000084000  0.000060000  0.000048000  0.001800000  0.000019000 -0.000002000 |          9.0 | -0.000012800  0.000065173, -0.000035339  0.000592449
DIFF:  033 |  0.000000000  0.000000000  0.000000000  0.000000000  0.000000000 -0.000004000 |          0.0 |  0.000000014  0.000000001, -0.000000006  0.000000003
MOVE:  033 | -0.000000000  0.000000000 -0.000000000  0.000000000 -0.000000000 -0.000002000 |          0.0 |  0.000000007  0.000000000, -0.000000003  0.000000002
CONST: 033 | 10 8.4e-05 6e-05 4.8e-05 0.0018 1.9e-05 -2.00001e-06

ABS:   034 |  0.000084000  0.000060000  0.000048000  0.001800000  0.000019000  0.000020000 |          9.1 | -0.000010083  0.000067241, -0.000035309  0.000592432
DIFF:  034 |  0.000000000  0.000000000  0.000000000  0.000000000  0.000000000  0.000022000 |          0.0 |  0.000002717  0.000002068,  0.000000031 -0.000000017
MOVE:  034 | -0.000000000  0.000000000 -0.000000000  0.000000000 -0.000000000  0.000020000 |          0.0 |  0.000002724  0.000002068,  0.000000028 -0.000000015
CONST: 034 | 10 8.4e-05 6e-05 4.8e-05 0.0018 1.9e-05 2.00001e-05

ABS:   035 |  0.000084000  0.000060000  0.000048000  0.001800000  0.000019000 -0.000020000 |          9.0 | -0.000012735  0.000065176, -0.000035364  0.000592463
DIFF:  035 |  0.000000000  0.000000000  0.000000000  0.000000000  0.000000000 -0.000040000 |         -0.0 | -0.000002652 -0.000002065, -0.000000056  0.000000031
MOVE:  035 | -0.000000000  0.000000000 -0.000000000  0.000000000 -0.000000000 -0.000020000 |          0.0 |  0.000000072  0.000000003, -0.000000028  0.000000015
CONST: 035 | 10 8.4e-05 6e-05 4.8e-05 0.0018 1.9e-05 -2.00001e-05

ABS:   036 |  0.000084000  0.000060000  0.000048000  0.001800000  0.000019000  0.000002000 |          9.0 | -0.000012815  0.000065173, -0.000035334  0.000592446
DIFF:  036 |  0.000000000  0.000000000  0.000000000  0.000000000  0.000000000  0.000022000 |         -0.0 | -0.000000079 -0.000000003,  0.000000031 -0.000000017
MOVE:  036 | -0.000000000  0.000000000 -0.000000000  0.000000000 -0.000000000  0.000002000 |         -0.0 | -0.000000007 -0.000000000,  0.000000003 -0.000000002
CONST: 036 | 10 8.4e-05 6e-05 4.8e-05 0.0018 1.9e-05 2.00001e-06

ABS:   037 |  0.000084000  0.000060000  0.000048000  0.001800000  0.000019000 -0.000002000 |          9.0 | -0.000012800  0.000065173, -0.000035339  0.000592449
DIFF:  037 |  0.000000000  0.000000000  0.000000000  0.000000000  0.000000000 -0.000004000 |          0.0 |  0.000000014  0.000000001, -0.000000006  0.000000003
MOVE:  037 | -0.000000000  0.000000000 -0.000000000  0.000000000 -0.000000000 -0.000002000 |          0.0 |  0.000000007  0.000000000, -0.000000003  0.000000002
CONST: 037 | 10 8.4e-05 6e-05 4.8e-05 0.0018 1.9e-05 -2.00001e-06

ABS:   038 |  0.000084051  0.000021564  0.000012573  0.001801880 -0.000328460  0.005733926 |          8.9 | -0.000015257  0.000068286, -0.000025198  0.000585804
DIFF:  038 |  0.000000051 -0.000038436 -0.000035427  0.000001880 -0.000347460  0.005735926 |         -0.2 | -0.000002457  0.000003113,  0.000010142 -0.000006645
MOVE:  038 |  0.000000051 -0.000038436 -0.000035427  0.000001880 -0.000347460  0.005733926 |         -0.2 | -0.000002450  0.000003113,  0.000010139 -0.000006643
CONST: 038 | 10 8.40508e-05 2.15642e-05 1.25727e-05 0.00180188 -0.00032846 0.00573393

ABS:   039 |  0.000084061  0.000021564  0.000012573  0.001801880 -0.000328460  0.005733926 |          8.9 | -0.000015247  0.000068286, -0.000025198  0.000585804
DIFF:  039 |  0.000000010  0.000000000  0.000000000  0.000000000  0.000000000  0.000000000 |         -0.0 |  0.000000010 -0.000000000,  0.000000000 -0.000000000
MOVE:  039 |  0.000000061 -0.000038436 -0.000035427  0.000001880 -0.000347460  0.005733926 |         -0.2 | -0.000002440  0.000003113,  0.000010139 -0.000006643
CONST: 039 | 10 8.40608e-05 2.15642e-05 1.25727e-05 0.00180188 -0.00032846 0.00573393

ABS:   040 |  0.000084041  0.000021564  0.000012573  0.001801880 -0.000328460  0.005733926 |          8.9 | -0.000015267  0.000068286, -0.000025198  0.000585804
DIFF:  040 | -0.000000020  0.000000000  0.000000000  0.000000000  0.000000000  0.000000000 |          0.0 | -0.000000020  0.000000000, -0.000000000  0.000000000
MOVE:  040 |  0.000000041 -0.000038436 -0.000035427  0.000001880 -0.000347460  0.005733926 |         -0.2 | -0.000002460  0.000003113,  0.000010139 -0.000006643
CONST: 040 | 10 8.40408e-05 2.15642e-05 1.25727e-05 0.00180188 -0.00032846 0.00573393

ABS:   041 |  0.000084151  0.000021564  0.000012573  0.001801880 -0.000328460  0.005733926 |          8.9 | -0.000015157  0.000068286, -0.000025198  0.000585804
DIFF:  041 |  0.000000110  0.000000000  0.000000000  0.000000000  0.000000000  0.000000000 |         -0.0 |  0.000000110 -0.000000000,  0.000000000 -0.000000000
MOVE:  041 |  0.000000151 -0.000038436 -0.000035427  0.000001880 -0.000347460  0.005733926 |         -0.2 | -0.000002350  0.000003113,  0.000010139 -0.000006643
CONST: 041 | 10 8.41508e-05 2.15642e-05 1.25727e-05 0.00180188 -0.00032846 0.00573393

ABS:   042 |  0.000083951  0.000021564  0.000012573  0.001801880 -0.000328460  0.005733926 |          8.9 | -0.000015357  0.000068286, -0.000025198  0.000585804
DIFF:  042 | -0.000000200  0.000000000  0.000000000  0.000000000  0.000000000  0.000000000 |          0.0 | -0.000000200  0.000000000, -0.000000000  0.000000000
MOVE:  042 | -0.000000049 -0.000038436 -0.000035427  0.000001880 -0.000347460  0.005733926 |         -0.2 | -0.000002549  0.000003113,  0.000010139 -0.000006643
CONST: 042 | 10 8.39508e-05 2.15642e-05 1.25727e-05 0.00180188 -0.00032846 0.00573393

ABS:   043 |  0.000084051  0.000021836  0.000012573  0.001801880 -0.000328460  0.005733926 |          8.9 | -0.000015150  0.000068288, -0.000025196  0.000585823
DIFF:  043 |  0.000000100  0.000000271  0.000000000  0.000000000  0.000000000  0.000000000 |          0.0 |  0.000000207  0.000000003,  0.000000002  0.000000019
MOVE:  043 |  0.000000051 -0.000038164 -0.000035427  0.000001880 -0.000347460  0.005733926 |         -0.2 | -0.000002343  0.000003116,  0.000010141 -0.000006624
CONST: 043 | 10 8.40508e-05 2.18356e-05 1.25727e-05 0.00180188 -0.00032846 0.00573393

ABS:   044 |  0.000084051  0.000021293  0.000012573  0.001801880 -0.000328460  0.005733926 |          8.9 | -0.000015364  0.000068283, -0.000025200  0.000585785
DIFF:  044 |  0.000000000 -0.000000543  0.000000000  0.000000000  0.000000000  0.000000000 |         -0.0 | -0.000000214 -0.000000005, -0.000000004 -0.000000039
MOVE:  044 |  0.000000051 -0.000038707 -0.000035427  0.000001880 -0.000347460  0.005733926 |         -0.2 | -0.000002557  0.000003110,  0.000010137 -0.000006662
CONST: 044 | 10 8.40508e-05 2.12928e-05 1.25727e-05 0.00180188 -0.00032846 0.00573393

ABS:   045 |  0.000084051  0.000021564  0.000012880  0.001801880 -0.000328460  0.005733926 |          8.9 | -0.000015257  0.000068286, -0.000025505  0.000585804
DIFF:  045 |  0.000000000  0.000000271  0.000000307  0.000000000  0.000000000  0.000000000 |          0.0 |  0.000000107  0.000000003, -0.000000305  0.000000019
MOVE:  045 |  0.000000051 -0.000038436 -0.000035120  0.000001880 -0.000347460  0.005733926 |         -0.2 | -0.000002449  0.000003113,  0.000009832 -0.000006643
CONST: 045 | 10 8.40508e-05 2.15642e-05 1.28799e-05 0.00180188 -0.00032846 0.00573393

ABS:   046 |  0.000084051  0.000021564  0.000012266  0.001801880 -0.000328460  0.005733926 |          8.9 | -0.000015257  0.000068286, -0.000024890  0.000585804
DIFF:  046 |  0.000000000  0.000000000 -0.000000614  0.000000000  0.000000000  0.000000000 |         -0.0 | -0.000000001 -0.000000000,  0.000000614 -0.000000000
MOVE:  046 |  0.000000051 -0.000038436 -0.000035734  0.000001880 -0.000347460  0.005733926 |         -0.2 | -0.000002450  0.000003113,  0.000010446 -0.000006643
CONST: 046 | 10 8.40508e-05 2.15642e-05 1.22656e-05 0.00180188 -0.00032846 0.00573393

ABS:   047 |  0.000084051  0.000021564  0.000012573  0.001802280 -0.000328460  0.005733926 |          8.9 | -0.000015251  0.000068286, -0.000025212  0.000585804
DIFF:  047 |  0.000000000  0.000000000  0.000000307  0.000000400  0.000000000  0.000000000 |          0.0 |  0.000000007  0.000000000, -0.000000321  0.000000000
MOVE:  047 |  0.000000051 -0.000038436 -0.000035427  0.000002280 -0.000347460  0.005733926 |         -0.2 | -0.000002443  0.000003113,  0.000010125 -0.000006643
CONST: 047 | 10 8.40508e-05 2.15642e-05 1.25727e-05 0.00180228 -0.00032846 0.00573393

ABS:   048 |  0.000084051  0.000021564  0.000012573  0.001801480 -0.000328460  0.005733926 |          8.9 | -0.000015264  0.000068286, -0.000025184  0.000585804
DIFF:  048 |  0.000000000  0.000000000  0.000000000 -0.000000800  0.000000000  0.000000000 |         -0.0 | -0.000000013 -0.000000000,  0.000000028 -0.000000000
MOVE:  048 |  0.000000051 -0.000038436 -0.000035427  0.000001480 -0.000347460  0.005733926 |         -0.2 | -0.000002456  0.000003113,  0.000010153 -0.000006643
CONST: 048 | 10 8.40508e-05 2.15642e-05 1.25727e-05 0.00180148 -0.00032846 0.00573393

ABS:   049 |  0.000084051  0.000021564  0.000012573  0.001805880 -0.000328460  0.005733926 |          8.9 | -0.000015191  0.000068287, -0.000025337  0.000585806
DIFF:  049 |  0.000000000  0.000000000  0.000000000  0.000004400  0.000000000  0.000000000 |          0.0 |  0.000000072  0.000000002, -0.000000154  0.000000002
MOVE:  049 |  0.000000051 -0.000038436 -0.000035427  0.000005880 -0.000347460  0.005733926 |         -0.2 | -0.000002384  0.000003115,  0.000009999 -0.000006641
CONST: 049 | 10 8.40508e-05 2.15642e-05 1.25727e-05 0.00180588 -0.00032846 0.00573393

ABS:   050 |  0.000084051  0.000021564  0.000012573  0.001797880 -0.000328460  0.005733926 |          8.9 | -0.000015323  0.000068284, -0.000025058  0.000585802
DIFF:  050 |  0.000000000  0.000000000  0.000000000 -0.000008000  0.000000000  0.000000000 |         -0.0 | -0.000000132 -0.000000003,  0.000000279 -0.000000004
MOVE:  050 |  0.000000051 -0.000038436 -0.000035427 -0.000002120 -0.000347460  0.005733926 |         -0.2 | -0.000002516  0.000003112,  0.000010278 -0.000006645
CONST: 050 | 10 8.40508e-05 2.15642e-05 1.25727e-05 0.00179788 -0.00032846 0.00573393

ABS:   051 |  0.000084051  0.000021564  0.000012573  0.001801880 -0.000327460  0.005733926 |          8.9 | -0.000015299  0.000068286, -0.000025202  0.000585805
DIFF:  051 |  0.000000000  0.000000000  0.000000000  0.000004000  0.000001000  0.000000000 |          0.0 |  0.000000024  0.000000001, -0.000000144  0.000000002
MOVE:  051 |  0.000000051 -0.000038436 -0.000035427  0.000001880 -0.000346460  0.005733926 |         -0.2 | -0.000002491  0.000003113,  0.000010134 -0.000006643
CONST: 051 | 10 8.40508e-05 2.15642e-05 1.25727e-05 0.00180188 -0.00032746 0.00573393

ABS:   052 |  0.000084051  0.000021564  0.000012573  0.001801880 -0.000329460  0.005733926 |          8.9 | -0.000015216  0.000068286, -0.000025193  0.000585804
DIFF:  052 |  0.000000000  0.000000000  0.000000000  0.000000000 -0.000002000  0.000000000 |         -0.0 |  0.000000083  0.000000000,  0.000000010 -0.000000001
MOVE:  052 |  0.000000051 -0.000038436 -0.000035427  0.000001880 -0.000348460  0.005733926 |         -0.2 | -0.000002408  0.000003113,  0.000010144 -0.000006644
CONST: 052 | 10 8.40508e-05 2.15642e-05 1.25727e-05 0.00180188 -0.00032946 0.00573393

ABS:   053 |  0.000084051  0.000021564  0.000012573  0.001801880 -0.000323709  0.005733926 |          8.9 | -0.000015455  0.000068285, -0.000025220  0.000585806
DIFF:  053 |  0.000000000  0.000000000  0.000000000  0.000000000  0.000005750  0.000000000 |          0.0 | -0.000000239 -0.000000001, -0.000000028  0.000000003
MOVE:  053 |  0.000000051 -0.000038436 -0.000035427  0.000001880 -0.000342709  0.005733926 |         -0.2 | -0.000002647  0.000003112,  0.000010116 -0.000006641
CONST: 053 | 10 8.40508e-05 2.15642e-05 1.25727e-05 0.00180188 -0.000323709 0.00573393

ABS:   054 |  0.000084051  0.000021564  0.000012573  0.001801880 -0.000333210  0.005733926 |          8.9 | -0.000015060  0.000068286, -0.000025175  0.000585802
DIFF:  054 |  0.000000000  0.000000000  0.000000000  0.000000000 -0.000009501  0.000000000 |         -0.0 |  0.000000395  0.000000001,  0.000000046 -0.000000004
MOVE:  054 |  0.000000051 -0.000038436 -0.000035427  0.000001880 -0.000352210  0.005733926 |         -0.2 | -0.000002252  0.000003114,  0.000010162 -0.000006645
CONST: 054 | 10 8.40508e-05 2.15642e-05 1.25727e-05 0.00180188 -0.00033321 0.00573393

ABS:   055 |  0.000084051  0.000021564  0.000012573  0.001801880 -0.000328460  0.005753794 |          8.9 | -0.000015329  0.000068281, -0.000025168  0.000585793
DIFF:  055 |  0.000000000  0.000000000  0.000000000  0.000000000  0.000004750  0.000019868 |          0.0 | -0.000000269 -0.000000005,  0.000000007 -0.000000008
MOVE:  055 |  0.000000051 -0.000038436 -0.000035427  0.000001880 -0.000347460  0.005753794 |         -0.2 | -0.000002522  0.000003108,  0.000010168 -0.000006654
CONST: 055 | 10 8.40508e-05 2.15642e-05 1.25727e-05 0.00180188 -0.00032846 0.00575379

ABS:   056 |  0.000084051  0.000021564  0.000012573  0.001801880 -0.000328460  0.005714057 |          8.9 | -0.000015185  0.000068291, -0.000025227  0.000585815
DIFF:  056 |  0.000000000  0.000000000  0.000000000  0.000000000  0.000000000 -0.000039736 |          0.0 |  0.000000144  0.000000009, -0.000000059  0.000000021
MOVE:  056 |  0.000000051 -0.000038436 -0.000035427  0.000001880 -0.000347460  0.005714057 |         -0.2 | -0.000002378  0.000003118,  0.000010109 -0.000006632
CONST: 056 | 10 8.40508e-05 2.15642e-05 1.25727e-05 0.00180188 -0.00032846 0.00571406

ABS:   057 |  0.000084051  0.000021564  0.000012573  0.001801880 -0.000328460  0.005769557 |          8.9 | -0.000015386  0.000068278, -0.000025145  0.000585785
DIFF:  057 |  0.000000000  0.000000000  0.000000000  0.000000000  0.000000000  0.000055500 |         -0.0 | -0.000000201 -0.000000013,  0.000000082 -0.000000030
MOVE:  057 |  0.000000051 -0.000038436 -0.000035427  0.000001880 -0.000347460  0.005769557 |         -0.2 | -0.000002578  0.000003105,  0.000010192 -0.000006662
CONST: 057 | 10 8.40508e-05 2.15642e-05 1.25727e-05 0.00180188 -0.00032846 0.00576956

ABS:   058 |  0.000084051  0.000021564  0.000012573  0.001801880 -0.000328460  0.005698292 |          8.9 | -0.000015128  0.000068294, -0.000025250  0.000585823
DIFF:  058 |  0.000000000  0.000000000  0.000000000  0.000000000  0.000000000 -0.000071265 |          0.0 |  0.000000258  0.000000017, -0.000000105  0.000000038
MOVE:  058 |  0.000000051 -0.000038436 -0.000035427  0.000001880 -0.000347460  0.005698292 |         -0.2 | -0.000002321  0.000003121,  0.000010086 -0.000006624
CONST: 058 | 10 8.40508e-05 2.15642e-05 1.25727e-05 0.00180188 -0.00032846 0.00569829

ABS:   059 |  0.000084071 -0.000062092 -0.000076963  0.001802319 -0.001735162  0.018338827 |          7.8 | -0.000015847  0.000064864,  0.000015348  0.000558364
DIFF:  059 |  0.000000020 -0.000083656 -0.000089536  0.000000439 -0.001406702  0.012640535 |         -1.1 | -0.000000719 -0.000003430,  0.000040599 -0.000027460
MOVE:  059 |  0.000000071 -0.000122092 -0.000124963  0.000002319 -0.001754162  0.018338827 |         -1.2 | -0.000003040 -0.000000309,  0.000050685 -0.000034084
CONST: 059 | 10 8.40709e-05 -6.20916e-05 -7.69633e-05 0.00180232 -0.00173516 0.0183388

ABS:   060 |  0.000084151 -0.000382338 -0.000434936  0.001804075 -0.007336961  0.049417338 |          8.0 | -0.000011673  0.000062846,  0.000126069  0.000585124
DIFF:  060 |  0.000000080 -0.000320246 -0.000357972  0.000001756 -0.005601799  0.031078511 |          0.2 |  0.000004174 -0.000002018,  0.000110720  0.000026760
MOVE:  060 |  0.000000151 -0.000442338 -0.000482936  0.000004075 -0.007355961  0.049417338 |         -1.0 |  0.000001135 -0.000002327,  0.000161405 -0.000007323
CONST: 060 | 10 8.41514e-05 -0.000382338 -0.000434936 0.00180407 -0.00733696 0.0494173

