ABS:   itr |       deltaX       deltaY       deltaZ         phiX         phiY         phiZ |        chisq |    rphi mean     rphi rms,       z mean        z rms
ABS:   =========================================================================================================================================================
DIFF:  itr |       deltaX       deltaY       deltaZ         phiX         phiY         phiZ |        chisq |    rphi mean     rphi rms,       z mean        z rms
DIFF:  =========================================================================================================================================================
MOVE:  itr |       deltaX       deltaY       deltaZ         phiX         phiY         phiZ |        chisq |    rphi mean     rphi rms,       z mean        z rms
MOVE:  =========================================================================================================================================================
ABS:   001 |  0.000018000  0.000100000  0.000145000  0.000900000  0.000229000  0.000000000 |         85.8 | -0.000008722  0.000062492,  0.000006477  0.000561694
CONST: 001 | 9 1.8e-05 0.0001 0.000145 0.0009 0.000229 0

ABS:   001 |  0.000018000  0.000100000  0.000145000  0.000900000  0.000229000  0.000000000 |         85.8 | -0.000008722  0.000062492,  0.000006477  0.000561694
CONST: 001 | 9 1.8e-05 0.0001 0.000145 0.0009 0.000229 0

ABS:   002 |  0.000018100  0.000100000  0.000145000  0.000900000  0.000229000  0.000000000 |         85.8 | -0.000008622  0.000062492,  0.000006477  0.000561694
DIFF:  002 |  0.000000100  0.000000000 -0.000000000 -0.000000000  0.000000000  0.000000000 |         -0.0 |  0.000000100  0.000000000, -0.000000000 -0.000000000
MOVE:  002 |  0.000000100  0.000000000 -0.000000000 -0.000000000  0.000000000  0.000000000 |         -0.0 |  0.000000100  0.000000000, -0.000000000 -0.000000000
CONST: 002 | 9 1.81e-05 0.0001 0.000145 0.0009 0.000229 0

ABS:   003 |  0.000017900  0.000100000  0.000145000  0.000900000  0.000229000  0.000000000 |         85.8 | -0.000008822  0.000062492,  0.000006477  0.000561694
DIFF:  003 | -0.000000200  0.000000000  0.000000000  0.000000000  0.000000000  0.000000000 |          0.0 | -0.000000200 -0.000000000,  0.000000000  0.000000000
MOVE:  003 | -0.000000100  0.000000000 -0.000000000 -0.000000000  0.000000000  0.000000000 |          0.0 | -0.000000100 -0.000000000,  0.000000000  0.000000000
CONST: 003 | 9 1.79e-05 0.0001 0.000145 0.0009 0.000229 0

ABS:   004 |  0.000018458  0.000100000  0.000145000  0.000900000  0.000229000  0.000000000 |         85.8 | -0.000008264  0.000062492,  0.000006476  0.000561694
DIFF:  004 |  0.000000558  0.000000000  0.000000000  0.000000000  0.000000000  0.000000000 |         -0.0 |  0.000000558  0.000000000, -0.000000000 -0.000000000
MOVE:  004 |  0.000000458  0.000000000 -0.000000000 -0.000000000  0.000000000  0.000000000 |         -0.0 |  0.000000458  0.000000000, -0.000000000 -0.000000000
CONST: 004 | 9 1.84575e-05 0.0001 0.000145 0.0009 0.000229 0

ABS:   005 |  0.000017542  0.000100000  0.000145000  0.000900000  0.000229000  0.000000000 |         85.8 | -0.000009179  0.000062492,  0.000006477  0.000561694
DIFF:  005 | -0.000000915  0.000000000  0.000000000  0.000000000  0.000000000  0.000000000 |          0.0 | -0.000000915 -0.000000000,  0.000000000  0.000000000
MOVE:  005 | -0.000000458  0.000000000 -0.000000000 -0.000000000  0.000000000  0.000000000 |          0.0 | -0.000000458 -0.000000000,  0.000000000 -0.000000000
CONST: 005 | 9 1.75425e-05 0.0001 0.000145 0.0009 0.000229 0

ABS:   006 |  0.000018000  0.000100100  0.000145000  0.000900000  0.000229000  0.000000000 |         85.8 | -0.000008714  0.000062492,  0.000006451  0.000561694
DIFF:  006 |  0.000000458  0.000000100  0.000000000  0.000000000  0.000000000  0.000000000 |         -0.0 |  0.000000466  0.000000001, -0.000000026  0.000000000
MOVE:  006 |  0.000000000  0.000000100 -0.000000000 -0.000000000  0.000000000  0.000000000 |          0.0 |  0.000000008  0.000000001, -0.000000026  0.000000000
CONST: 006 | 9 1.8e-05 0.0001001 0.000145 0.0009 0.000229 0

ABS:   007 |  0.000018000  0.000099900  0.000145000  0.000900000  0.000229000  0.000000000 |         85.8 | -0.000008730  0.000062491,  0.000006502  0.000561693
DIFF:  007 |  0.000000000 -0.000000200  0.000000000  0.000000000  0.000000000  0.000000000 |         -0.0 | -0.000000017 -0.000000001,  0.000000052 -0.000000001
MOVE:  007 |  0.000000000 -0.000000100 -0.000000000 -0.000000000  0.000000000  0.000000000 |         -0.0 | -0.000000008 -0.000000001,  0.000000026 -0.000000000
CONST: 007 | 9 1.8e-05 9.99e-05 0.000145 0.0009 0.000229 0

ABS:   008 |  0.000018000  0.000100299  0.000145000  0.000900000  0.000229000  0.000000000 |         85.8 | -0.000008697  0.000062493,  0.000006543  0.000561798
DIFF:  008 |  0.000000000  0.000000399  0.000000000  0.000000000  0.000000000  0.000000000 |          0.0 |  0.000000033  0.000000003,  0.000000041  0.000000105
MOVE:  008 |  0.000000000  0.000000299 -0.000000000 -0.000000000  0.000000000  0.000000000 |          0.0 |  0.000000025  0.000000002,  0.000000067  0.000000104
CONST: 008 | 9 1.8e-05 0.000100299 0.000145 0.0009 0.000229 0

ABS:   009 |  0.000018000  0.000099701  0.000145000  0.000900000  0.000229000  0.000000000 |         85.8 | -0.000008747  0.000062490,  0.000006554  0.000561692
DIFF:  009 |  0.000000000 -0.000000598  0.000000000  0.000000000  0.000000000  0.000000000 |         -0.0 | -0.000000050 -0.000000004,  0.000000010 -0.000000106
MOVE:  009 |  0.000000000 -0.000000299 -0.000000000 -0.000000000  0.000000000  0.000000000 |         -0.0 | -0.000000025 -0.000000002,  0.000000077 -0.000000001
CONST: 009 | 9 1.8e-05 9.97009e-05 0.000145 0.0009 0.000229 0

ABS:   010 |  0.000018000  0.000100030  0.000145000  0.000900000  0.000229000  0.000000000 |         85.8 | -0.000008719  0.000062492,  0.000006469  0.000561694
DIFF:  010 |  0.000000000  0.000000329  0.000000000  0.000000000  0.000000000  0.000000000 |          0.0 |  0.000000028  0.000000002, -0.000000085  0.000000001
MOVE:  010 |  0.000000000  0.000000030 -0.000000000 -0.000000000  0.000000000  0.000000000 |          0.0 |  0.000000003  0.000000000, -0.000000008  0.000000000
CONST: 010 | 9 1.8e-05 0.00010003 0.000145 0.0009 0.000229 0

ABS:   011 |  0.000018000  0.000099970  0.000145000  0.000900000  0.000229000  0.000000000 |         85.8 | -0.000008724  0.000062491,  0.000006484  0.000561694
DIFF:  011 |  0.000000000 -0.000000060  0.000000000  0.000000000  0.000000000  0.000000000 |         -0.0 | -0.000000005 -0.000000000,  0.000000015 -0.000000000
MOVE:  011 |  0.000000000 -0.000000030 -0.000000000 -0.000000000  0.000000000  0.000000000 |         -0.0 | -0.000000003 -0.000000000,  0.000000008 -0.000000000
CONST: 011 | 9 1.8e-05 9.99701e-05 0.000145 0.0009 0.000229 0

ABS:   012 |  0.000018000  0.000100000  0.000150002  0.000900000  0.000229000  0.000000000 |         85.8 | -0.000008723  0.000062492,  0.000004945  0.000561868
DIFF:  012 |  0.000000000  0.000000030  0.000005002  0.000000000  0.000000000  0.000000000 |          0.1 |  0.000000002  0.000000000, -0.000001540  0.000000175
MOVE:  012 |  0.000000000  0.000000000  0.000005002 -0.000000000  0.000000000  0.000000000 |          0.1 | -0.000000001  0.000000000, -0.000001532  0.000000175
CONST: 012 | 9 1.8e-05 0.0001 0.000150002 0.0009 0.000229 0

ABS:   013 |  0.000018000  0.000100000  0.000139998  0.000900000  0.000229000  0.000000000 |         86.4 | -0.000008721  0.000062492,  0.000008717  0.000563296
DIFF:  013 |  0.000000000  0.000000000 -0.000010004  0.000000000  0.000000000  0.000000000 |          0.6 |  0.000000002 -0.000000000,  0.000003772  0.000001428
MOVE:  013 |  0.000000000  0.000000000 -0.000005002 -0.000000000  0.000000000  0.000000000 |          0.7 |  0.000000001 -0.000000000,  0.000002241  0.000001603
CONST: 013 | 9 1.8e-05 0.0001 0.000139998 0.0009 0.000229 0

ABS:   014 |  0.000018000  0.000100000  0.000145500  0.000900000  0.000229000  0.000000000 |         85.7 | -0.000008722  0.000062492,  0.000006411  0.000561584
DIFF:  014 |  0.000000000  0.000000000  0.000005502  0.000000000  0.000000000  0.000000000 |         -0.7 | -0.000000001  0.000000000, -0.000002306 -0.000001713
MOVE:  014 |  0.000000000  0.000000000  0.000000500 -0.000000000  0.000000000  0.000000000 |         -0.0 | -0.000000000  0.000000000, -0.000000065 -0.000000110
CONST: 014 | 9 1.8e-05 0.0001 0.0001455 0.0009 0.000229 0

ABS:   015 |  0.000018000  0.000100000  0.000144500  0.000900000  0.000229000  0.000000000 |         85.8 | -0.000008722  0.000062492,  0.000006831  0.000561800
DIFF:  015 |  0.000000000  0.000000000 -0.000001000  0.000000000  0.000000000  0.000000000 |          0.1 |  0.000000000 -0.000000000,  0.000000420  0.000000216
MOVE:  015 |  0.000000000  0.000000000 -0.000000500 -0.000000000  0.000000000  0.000000000 |          0.0 |  0.000000000 -0.000000000,  0.000000355  0.000000106
CONST: 015 | 9 1.8e-05 0.0001 0.0001445 0.0009 0.000229 0

ABS:   016 |  0.000018000  0.000100000  0.000145000  0.000904000  0.000229000  0.000000000 |         85.8 | -0.000008722  0.000062488,  0.000006351  0.000561695
DIFF:  016 |  0.000000000  0.000000000  0.000000500  0.000004000  0.000000000  0.000000000 |         -0.0 | -0.000000000 -0.000000004, -0.000000481 -0.000000105
MOVE:  016 |  0.000000000  0.000000000 -0.000000000  0.000004000  0.000000000  0.000000000 |         -0.0 | -0.000000000 -0.000000004, -0.000000126  0.000000001
CONST: 016 | 9 1.8e-05 0.0001 0.000145 0.000904 0.000229 0

ABS:   017 |  0.000018000  0.000100000  0.000145000  0.000896000  0.000229000  0.000000000 |         85.8 | -0.000008722  0.000062495,  0.000006602  0.000561692
DIFF:  017 |  0.000000000  0.000000000  0.000000000 -0.000008000  0.000000000  0.000000000 |          0.0 |  0.000000000  0.000000008,  0.000000252 -0.000000003
MOVE:  017 |  0.000000000  0.000000000 -0.000000000 -0.000004000  0.000000000  0.000000000 |          0.0 |  0.000000000  0.000000004,  0.000000126 -0.000000001
CONST: 017 | 9 1.8e-05 0.0001 0.000145 0.000896 0.000229 0

ABS:   018 |  0.000018000  0.000100000  0.000145000  0.000907546  0.000229000  0.000000000 |         85.8 | -0.000008722  0.000062484,  0.000006529  0.000561693
DIFF:  018 |  0.000000000  0.000000000  0.000000000  0.000011546  0.000000000  0.000000000 |         -0.0 | -0.000000000 -0.000000011, -0.000000074  0.000000000
MOVE:  018 |  0.000000000  0.000000000 -0.000000000  0.000007546  0.000000000  0.000000000 |         -0.0 | -0.000000000 -0.000000007,  0.000000052 -0.000000001
CONST: 018 | 9 1.8e-05 0.0001 0.000145 0.000907546 0.000229 0

ABS:   019 |  0.000018000  0.000100000  0.000145000  0.000892454  0.000229000  0.000000000 |         85.8 | -0.000008722  0.000062499,  0.000006714  0.000561691
DIFF:  019 |  0.000000000  0.000000000  0.000000000 -0.000015093  0.000000000  0.000000000 |          0.0 |  0.000000000  0.000000014,  0.000000185 -0.000000002
MOVE:  019 |  0.000000000  0.000000000 -0.000000000 -0.000007546  0.000000000  0.000000000 |          0.0 |  0.000000000  0.000000007,  0.000000237 -0.000000002
CONST: 019 | 9 1.8e-05 0.0001 0.000145 0.000892454 0.000229 0

ABS:   020 |  0.000018000  0.000100000  0.000145000  0.000900000  0.000239001  0.000000000 |         85.8 | -0.000008519  0.000062498,  0.000006519  0.000561695
DIFF:  020 |  0.000000000  0.000000000  0.000000000  0.000007546  0.000010001  0.000000000 |          0.0 |  0.000000203 -0.000000001, -0.000000195  0.000000003
MOVE:  020 |  0.000000000  0.000000000 -0.000000000 -0.000000000  0.000010001  0.000000000 |          0.0 |  0.000000203  0.000000007,  0.000000043  0.000000001
CONST: 020 | 9 1.8e-05 0.0001 0.000145 0.0009 0.000239001 0

ABS:   021 |  0.000018000  0.000100000  0.000145000  0.000900000  0.000218999  0.000000000 |         85.8 | -0.000008925  0.000062486,  0.000006434  0.000561693
DIFF:  021 |  0.000000000  0.000000000  0.000000000  0.000000000 -0.000020001  0.000000000 |         -0.0 | -0.000000406 -0.000000012, -0.000000085 -0.000000002
MOVE:  021 |  0.000000000  0.000000000 -0.000000000 -0.000000000 -0.000010001  0.000000000 |         -0.0 | -0.000000203 -0.000000006, -0.000000043 -0.000000001
CONST: 021 | 9 1.8e-05 0.0001 0.000145 0.0009 0.000218999 0

ABS:   022 |  0.000018000  0.000100000  0.000145000  0.000900000  0.000229000  0.000002000 |         85.8 | -0.000008723  0.000062492,  0.000006473  0.000561694
DIFF:  022 |  0.000000000  0.000000000  0.000000000  0.000000000  0.000010001  0.000002000 |          0.0 |  0.000000201  0.000000006,  0.000000039  0.000000001
MOVE:  022 |  0.000000000  0.000000000 -0.000000000 -0.000000000  0.000000000  0.000002000 |          0.0 | -0.000000002  0.000000000, -0.000000004  0.000000000
CONST: 022 | 9 1.8e-05 0.0001 0.000145 0.0009 0.000229 2.00001e-06

ABS:   023 |  0.000018000  0.000100000  0.000145000  0.000900000  0.000229000 -0.000002000 |         85.8 | -0.000008720  0.000062491,  0.000006480  0.000561694
DIFF:  023 |  0.000000000  0.000000000  0.000000000  0.000000000  0.000000000 -0.000004000 |         -0.0 |  0.000000003 -0.000000001,  0.000000007 -0.000000000
MOVE:  023 |  0.000000000  0.000000000 -0.000000000 -0.000000000  0.000000000 -0.000002000 |         -0.0 |  0.000000002 -0.000000000,  0.000000004 -0.000000000
CONST: 023 | 9 1.8e-05 0.0001 0.000145 0.0009 0.000229 -2.00001e-06

ABS:   024 |  0.000018000  0.000100000  0.000145000  0.000900000  0.000229000  0.000020000 |         85.8 | -0.000008737  0.000062496,  0.000006439  0.000561694
DIFF:  024 |  0.000000000  0.000000000  0.000000000  0.000000000  0.000000000  0.000022000 |          0.0 | -0.000000017  0.000000005, -0.000000041  0.000000001
MOVE:  024 |  0.000000000  0.000000000 -0.000000000 -0.000000000  0.000000000  0.000020000 |          0.0 | -0.000000015  0.000000005, -0.000000037  0.000000001
CONST: 024 | 9 1.8e-05 0.0001 0.000145 0.0009 0.000229 2.00001e-05

ABS:   025 |  0.000018000  0.000100000  0.000145000  0.000900000  0.000229000 -0.000020000 |         85.8 | -0.000008707  0.000062487,  0.000006514  0.000561693
DIFF:  025 |  0.000000000  0.000000000  0.000000000  0.000000000  0.000000000 -0.000040000 |         -0.0 |  0.000000031 -0.000000010,  0.000000075 -0.000000002
MOVE:  025 |  0.000000000  0.000000000 -0.000000000 -0.000000000  0.000000000 -0.000020000 |         -0.0 |  0.000000015 -0.000000005,  0.000000037 -0.000000001
CONST: 025 | 9 1.8e-05 0.0001 0.000145 0.0009 0.000229 -2.00001e-05

ABS:   026 |  0.000026726  0.000099306  0.000512373  0.000963901  0.000141332 -0.000551910 |         87.0 | -0.000005077  0.000061481, -0.000159022  0.000556197
DIFF:  026 |  0.000008726 -0.000000694  0.000367373  0.000063901 -0.000087668 -0.000531910 |          1.3 |  0.000003629 -0.000001006, -0.000165537 -0.000005496
MOVE:  026 |  0.000008726 -0.000000694  0.000367373  0.000063901 -0.000087668 -0.000551910 |          1.3 |  0.000003644 -0.000001011, -0.000165499 -0.000005496
CONST: 026 | 9 2.67259e-05 9.93056e-05 0.000512373 0.000963901 0.000141332 -0.00055191

ABS:   027 |  0.000022202  0.000099666  0.000321930  0.000930770  0.000186786 -0.000265764 |         85.7 | -0.000005901  0.000062815, -0.000077990  0.000559061
DIFF:  027 | -0.000004524  0.000000360 -0.000190443 -0.000033131  0.000045453  0.000286147 |         -1.3 | -0.000000824  0.000001335,  0.000081032  0.000002864
MOVE:  027 |  0.000004202 -0.000000334  0.000176930  0.000030770 -0.000042214 -0.000265764 |         -0.0 |  0.000002821  0.000000324, -0.000084467 -0.000002633
CONST: 027 | 9 2.22018e-05 9.96656e-05 0.00032193 0.00093077 0.000186786 -0.000265764

ABS:   028 |  0.000020261  0.000099820  0.000240219  0.000916559  0.000206282 -0.000143022 |         85.6 | -0.000006840  0.000062430, -0.000038141  0.000560716
DIFF:  028 | -0.000001941  0.000000154 -0.000081711 -0.000014211  0.000019497  0.000122742 |         -0.1 | -0.000000939 -0.000000385,  0.000039849  0.000001655
MOVE:  028 |  0.000002261 -0.000000180  0.000095219  0.000016559 -0.000022718 -0.000143022 |         -0.2 |  0.000001882 -0.000000061, -0.000044618 -0.000000977
CONST: 028 | 9 2.02612e-05 9.98201e-05 0.000240219 0.000916559 0.000206282 -0.000143022

ABS:   029 |  0.000020718  0.000099820  0.000240219  0.000916559  0.000206282 -0.000143022 |         85.6 | -0.000006383  0.000062430, -0.000038141  0.000560716
DIFF:  029 |  0.000000457  0.000000000  0.000000000  0.000000000  0.000000000  0.000000000 |         -0.0 |  0.000000457  0.000000000, -0.000000000  0.000000000
MOVE:  029 |  0.000002718 -0.000000180  0.000095219  0.000016559 -0.000022718 -0.000143022 |         -0.2 |  0.000002339 -0.000000061, -0.000044618 -0.000000977
CONST: 029 | 9 2.07183e-05 9.98201e-05 0.000240219 0.000916559 0.000206282 -0.000143022

ABS:   030 |  0.000019804  0.000099820  0.000240219  0.000916559  0.000206282 -0.000143022 |         85.6 | -0.000007297  0.000062430, -0.000038141  0.000560716
DIFF:  030 | -0.000000914  0.000000000  0.000000000  0.000000000  0.000000000  0.000000000 |          0.0 | -0.000000914 -0.000000000,  0.000000000 -0.000000000
MOVE:  030 |  0.000001804 -0.000000180  0.000095219  0.000016559 -0.000022718 -0.000143022 |         -0.2 |  0.000001425 -0.000000061, -0.000044618 -0.000000977
CONST: 030 | 9 1.98041e-05 9.98201e-05 0.000240219 0.000916559 0.000206282 -0.000143022

ABS:   031 |  0.000020261  0.000100119  0.000240219  0.000916559  0.000206282 -0.000143022 |         85.6 | -0.000006815  0.000062432, -0.000038217  0.000560719
DIFF:  031 |  0.000000457  0.000000299  0.000000000  0.000000000  0.000000000  0.000000000 |          0.0 |  0.000000482  0.000000002, -0.000000076  0.000000003
MOVE:  031 |  0.000002261  0.000000119  0.000095219  0.000016559 -0.000022718 -0.000143022 |         -0.2 |  0.000001907 -0.000000059, -0.000044694 -0.000000975
CONST: 031 | 9 2.02612e-05 0.000100119 0.000240219 0.000916559 0.000206282 -0.000143022

ABS:   032 |  0.000020261  0.000099521  0.000240219  0.000916559  0.000206282 -0.000143022 |         85.6 | -0.000006865  0.000062428, -0.000038065  0.000560714
DIFF:  032 |  0.000000000 -0.000000598  0.000000000  0.000000000  0.000000000  0.000000000 |         -0.0 | -0.000000050 -0.000000004,  0.000000152 -0.000000005
MOVE:  032 |  0.000002261 -0.000000479  0.000095219  0.000016559 -0.000022718 -0.000143022 |         -0.2 |  0.000001857 -0.000000064, -0.000044542 -0.000000980
CONST: 032 | 9 2.02612e-05 9.95213e-05 0.000240219 0.000916559 0.000206282 -0.000143022

ABS:   033 |  0.000020261  0.000099820  0.000240630  0.000916559  0.000206282 -0.000143022 |         85.6 | -0.000006840  0.000062430, -0.000038413  0.000560621
DIFF:  033 |  0.000000000  0.000000299  0.000000411  0.000000000  0.000000000  0.000000000 |         -0.0 |  0.000000025  0.000000002, -0.000000347 -0.000000093
MOVE:  033 |  0.000002261 -0.000000180  0.000095630  0.000016559 -0.000022718 -0.000143022 |         -0.2 |  0.000001882 -0.000000061, -0.000044889 -0.000001073
CONST: 033 | 9 2.02612e-05 9.98201e-05 0.00024063 0.000916559 0.000206282 -0.000143022

ABS:   034 |  0.000020261  0.000099820  0.000239807  0.000916559  0.000206282 -0.000143022 |         85.6 | -0.000006840  0.000062430, -0.000037870  0.000560812
DIFF:  034 |  0.000000000  0.000000000 -0.000000823  0.000000000  0.000000000  0.000000000 |          0.1 |  0.000000000 -0.000000000,  0.000000543  0.000000191
MOVE:  034 |  0.000002261 -0.000000180  0.000094807  0.000016559 -0.000022718 -0.000143022 |         -0.1 |  0.000001882 -0.000000061, -0.000044347 -0.000000882
CONST: 034 | 9 2.02612e-05 9.98201e-05 0.000239807 0.000916559 0.000206282 -0.000143022

ABS:   035 |  0.000020261  0.000099820  0.000240219  0.000926974  0.000206282 -0.000143022 |         85.6 | -0.000006840  0.000062421, -0.000038330  0.000560621
DIFF:  035 |  0.000000000  0.000000000  0.000000411  0.000010415  0.000000000  0.000000000 |         -0.1 | -0.000000000 -0.000000009, -0.000000460 -0.000000191
MOVE:  035 |  0.000002261 -0.000000180  0.000095219  0.000026974 -0.000022718 -0.000143022 |         -0.2 |  0.000001882 -0.000000071, -0.000044806 -0.000001072
CONST: 035 | 9 2.02612e-05 9.98201e-05 0.000240219 0.000926974 0.000206282 -0.000143022

ABS:   036 |  0.000020261  0.000099820  0.000240219  0.000906144  0.000206282 -0.000143022 |         85.6 | -0.000006840  0.000062440, -0.000037953  0.000560811
DIFF:  036 |  0.000000000  0.000000000  0.000000000 -0.000020831  0.000000000  0.000000000 |          0.1 |  0.000000000  0.000000019,  0.000000377  0.000000190
MOVE:  036 |  0.000002261 -0.000000180  0.000095219  0.000006144 -0.000022718 -0.000143022 |         -0.1 |  0.000001882 -0.000000052, -0.000044429 -0.000000883
CONST: 036 | 9 2.02612e-05 9.98201e-05 0.000240219 0.000906144 0.000206282 -0.000143022

ABS:   037 |  0.000020261  0.000099820  0.000240219  0.000916559  0.000220049 -0.000143022 |         85.6 | -0.000007237  0.000062858, -0.000038083  0.000560718
DIFF:  037 |  0.000000000  0.000000000  0.000000000  0.000010415  0.000013767  0.000000000 |         -0.0 | -0.000000397  0.000000419, -0.000000130 -0.000000093
MOVE:  037 |  0.000002261 -0.000000180  0.000095219  0.000016559 -0.000008951 -0.000143022 |         -0.1 |  0.000001485  0.000000367, -0.000044559 -0.000000976
CONST: 037 | 9 2.02612e-05 9.98201e-05 0.000240219 0.000916559 0.000220049 -0.000143022

ABS:   038 |  0.000020261  0.000099820  0.000240219  0.000916559  0.000192516 -0.000143022 |         85.6 | -0.000007118  0.000062426, -0.000038200  0.000560715
DIFF:  038 |  0.000000000  0.000000000  0.000000000  0.000000000 -0.000027534  0.000000000 |         -0.0 |  0.000000119 -0.000000432, -0.000000118 -0.000000003
MOVE:  038 |  0.000002261 -0.000000180  0.000095219  0.000016559 -0.000036484 -0.000143022 |         -0.2 |  0.000001604 -0.000000065, -0.000044677 -0.000000979
CONST: 038 | 9 2.02612e-05 9.98201e-05 0.000240219 0.000916559 0.000192516 -0.000143022

ABS:   039 |  0.000020261  0.000099820  0.000240219  0.000916559  0.000207659 -0.000143022 |         85.6 | -0.000006812  0.000062431, -0.000038135  0.000560716
DIFF:  039 |  0.000000000  0.000000000  0.000000000  0.000000000  0.000015143  0.000000000 |         -0.0 |  0.000000306  0.000000004,  0.000000065  0.000000001
MOVE:  039 |  0.000002261 -0.000000180  0.000095219  0.000016559 -0.000021341 -0.000143022 |         -0.2 |  0.000001910 -0.000000061, -0.000044612 -0.000000977
CONST: 039 | 9 2.02612e-05 9.98201e-05 0.000240219 0.000916559 0.000207659 -0.000143022

ABS:   040 |  0.000020261  0.000099820  0.000240219  0.000916559  0.000204906 -0.000143022 |         85.6 | -0.000006868  0.000062430, -0.000038147  0.000560716
DIFF:  040 |  0.000000000  0.000000000  0.000000000  0.000000000 -0.000002753  0.000000000 |          0.0 | -0.000000056 -0.000000001, -0.000000012 -0.000000000
MOVE:  040 |  0.000002261 -0.000000180  0.000095219  0.000016559 -0.000024094 -0.000143022 |         -0.2 |  0.000001854 -0.000000062, -0.000044624 -0.000000978
CONST: 040 | 9 2.02612e-05 9.98201e-05 0.000240219 0.000916559 0.000204906 -0.000143022

ABS:   041 |  0.000020261  0.000099820  0.000240219  0.000916559  0.000220049 -0.000143022 |         85.6 | -0.000007237  0.000062858, -0.000038083  0.000560718
DIFF:  041 |  0.000000000  0.000000000  0.000000000  0.000000000  0.000015143  0.000000000 |          0.0 | -0.000000369  0.000000429,  0.000000065  0.000000001
MOVE:  041 |  0.000002261 -0.000000180  0.000095219  0.000016559 -0.000008951 -0.000143022 |         -0.1 |  0.000001485  0.000000367, -0.000044559 -0.000000976
CONST: 041 | 9 2.02612e-05 9.98201e-05 0.000240219 0.000916559 0.000220049 -0.000143022

ABS:   042 |  0.000020261  0.000099820  0.000240219  0.000916559  0.000192516 -0.000143022 |         85.6 | -0.000007118  0.000062426, -0.000038200  0.000560715
DIFF:  042 |  0.000000000  0.000000000  0.000000000  0.000000000 -0.000027534  0.000000000 |         -0.0 |  0.000000119 -0.000000432, -0.000000118 -0.000000003
MOVE:  042 |  0.000002261 -0.000000180  0.000095219  0.000016559 -0.000036484 -0.000143022 |         -0.2 |  0.000001604 -0.000000065, -0.000044677 -0.000000979
CONST: 042 | 9 2.02612e-05 9.98201e-05 0.000240219 0.000916559 0.000192516 -0.000143022

ABS:   043 |  0.000020261  0.000099820  0.000240219  0.000916559  0.000206282 -0.000094183 |         85.6 | -0.000006877  0.000062442, -0.000038232  0.000560719
DIFF:  043 |  0.000000000  0.000000000  0.000000000  0.000000000  0.000013767  0.000048838 |          0.0 |  0.000000241  0.000000016, -0.000000032  0.000000005
MOVE:  043 |  0.000002261 -0.000000180  0.000095219  0.000016559 -0.000022718 -0.000094183 |         -0.2 |  0.000001845 -0.000000050, -0.000044709 -0.000000974
CONST: 043 | 9 2.02612e-05 9.98201e-05 0.000240219 0.000916559 0.000206282 -9.41832e-05

ABS:   044 |  0.000020261  0.000099820  0.000240219  0.000916559  0.000206282 -0.000191860 |         85.6 | -0.000006803  0.000062419, -0.000038051  0.000560713
DIFF:  044 |  0.000000000  0.000000000  0.000000000  0.000000000  0.000000000 -0.000097677 |         -0.0 |  0.000000075 -0.000000023,  0.000000181 -0.000000006
MOVE:  044 |  0.000002261 -0.000000180  0.000095219  0.000016559 -0.000022718 -0.000191860 |         -0.2 |  0.000001919 -0.000000073, -0.000044527 -0.000000981
CONST: 044 | 9 2.02612e-05 9.98201e-05 0.000240219 0.000916559 0.000206282 -0.00019186

ABS:   045 |  0.000020261  0.000099820  0.000240219  0.000916559  0.000206282 -0.000006959 |         85.7 | -0.000006944  0.000062463, -0.000038244  0.000560840
DIFF:  045 |  0.000000000  0.000000000  0.000000000  0.000000000  0.000000000  0.000184901 |          0.1 | -0.000000141  0.000000044, -0.000000193  0.000000127
MOVE:  045 |  0.000002261 -0.000000180  0.000095219  0.000016559 -0.000022718 -0.000006959 |         -0.1 |  0.000001778 -0.000000029, -0.000044720 -0.000000853
CONST: 045 | 9 2.02612e-05 9.98201e-05 0.000240219 0.000916559 0.000206282 -6.95929e-06

ABS:   046 |  0.000020261  0.000099820  0.000240219  0.000916559  0.000206282 -0.000279083 |         85.6 | -0.000006736  0.000062398, -0.000037889  0.000560708
DIFF:  046 |  0.000000000  0.000000000  0.000000000  0.000000000  0.000000000 -0.000272123 |         -0.1 |  0.000000208 -0.000000064,  0.000000355 -0.000000133
MOVE:  046 |  0.000002261 -0.000000180  0.000095219  0.000016559 -0.000022718 -0.000279083 |         -0.2 |  0.000001986 -0.000000094, -0.000044365 -0.000000986
CONST: 046 | 9 2.02612e-05 9.98201e-05 0.000240219 0.000916559 0.000206282 -0.000279083

ABS:   047 |  0.000020261  0.000099820  0.000240219  0.000916559  0.000206282 -0.000129415 |         85.6 | -0.000006850  0.000062433, -0.000038167  0.000560717
DIFF:  047 |  0.000000000  0.000000000  0.000000000  0.000000000  0.000000000  0.000149667 |          0.0 | -0.000000114  0.000000035, -0.000000278  0.000000009
MOVE:  047 |  0.000002261 -0.000000180  0.000095219  0.000016559 -0.000022718 -0.000129415 |         -0.2 |  0.000001872 -0.000000058, -0.000044643 -0.000000977
CONST: 047 | 9 2.02612e-05 9.98201e-05 0.000240219 0.000916559 0.000206282 -0.000129415

ABS:   048 |  0.000020261  0.000099820  0.000240219  0.000916559  0.000206282 -0.000156628 |         85.6 | -0.000006830  0.000062427, -0.000038116  0.000560715
DIFF:  048 |  0.000000000  0.000000000  0.000000000  0.000000000  0.000000000 -0.000027212 |         -0.0 |  0.000000021 -0.000000006,  0.000000051 -0.000000002
MOVE:  048 |  0.000002261 -0.000000180  0.000095219  0.000016559 -0.000022718 -0.000156628 |         -0.2 |  0.000001892 -0.000000065, -0.000044593 -0.000000978
CONST: 048 | 9 2.02612e-05 9.98201e-05 0.000240219 0.000916559 0.000206282 -0.000156628

ABS:   049 |  0.000068898  0.000095055  0.002275994  0.001774914 -0.000336704 -0.003392839 |         24.0 |  0.000011640  0.000060880, -0.000584176  0.000462318
DIFF:  049 |  0.000048636 -0.000004765  0.002035775  0.000858355 -0.000542986 -0.003236211 |        -61.6 |  0.000018470 -0.000001546, -0.000546060 -0.000098397
MOVE:  049 |  0.000050898 -0.000004945  0.002130994  0.000874914 -0.000565704 -0.003392839 |        -61.8 |  0.000020362 -0.000001611, -0.000590653 -0.000099375
CONST: 049 | 9 6.88977e-05 9.50552e-05 0.00227599 0.00177491 -0.000336704 -0.00339284

ABS:   050 |  0.000057687  0.000096154  0.001811352  0.001576969 -0.000211481 -0.002644121 |         45.5 |  0.000005568  0.000062008, -0.000541372  0.000468025
DIFF:  050 | -0.000011210  0.000001099 -0.000464642 -0.000197945  0.000125223  0.000748718 |         21.6 | -0.000006073  0.000001127,  0.000042804  0.000005707
MOVE:  050 |  0.000039687 -0.000003846  0.001666352  0.000676969 -0.000440481 -0.002644121 |        -40.2 |  0.000014290 -0.000000484, -0.000547849 -0.000093668
CONST: 050 | 9 5.76874e-05 9.61541e-05 0.00181135 0.00157697 -0.000211481 -0.00264412

ABS:   051 |  0.000307986  0.000071235  0.009605652  0.006057768 -0.003049354 -0.019155074 |          0.3 |  0.000061674  0.000052821, -0.000347642  0.000606447
DIFF:  051 |  0.000250299 -0.000024919  0.007794300  0.004480799 -0.002837873 -0.016510953 |        -45.3 |  0.000056106 -0.000009187,  0.000193730  0.000138422
MOVE:  051 |  0.000289986 -0.000028765  0.009460652  0.005157768 -0.003278354 -0.019155074 |        -85.5 |  0.000070396 -0.000009671, -0.000354119  0.000044754
CONST: 051 | 9 0.000307986 7.12347e-05 0.00960565 0.00605777 -0.00304935 -0.0191551

ABS:   052 |  0.000189711  0.000083144  0.006797335  0.003919122 -0.001693737 -0.011424691 |          0.4 |  0.000050073  0.000052419,  0.000261751  0.000520971
DIFF:  052 | -0.000118275  0.000011909 -0.002808317 -0.002138646  0.001355616  0.007730383 |          0.2 | -0.000011601 -0.000000402,  0.000609394 -0.000085476
MOVE:  052 |  0.000171711 -0.000016856  0.006652335  0.003019122 -0.001922737 -0.011424691 |        -85.3 |  0.000058795 -0.000010072,  0.000255275 -0.000040722
CONST: 052 | 9 0.000189711 8.31437e-05 0.00679733 0.00391912 -0.00169374 -0.0114247

ABS:   053 |  0.000129510  0.000089099  0.004685239  0.002847466 -0.001015335 -0.007433324 |          0.9 |  0.000029252  0.000055530, -0.000408202  0.000611292
DIFF:  053 | -0.000060200  0.000005956 -0.002112096 -0.001071655  0.000678402  0.003991367 |          0.4 | -0.000020821  0.000003111, -0.000669953  0.000090321
MOVE:  053 |  0.000111510 -0.000010901  0.004540239  0.001947466 -0.001244335 -0.007433324 |        -84.9 |  0.000037974 -0.000006961, -0.000414678  0.000049599
CONST: 053 | 9 0.00012951 8.90993e-05 0.00468524 0.00284747 -0.00101534 -0.00743332

ABS:   054 |  0.000099242  0.000092077  0.003508244  0.002311272 -0.000676040 -0.005417558 |          2.8 |  0.000022556  0.000060226, -0.000485882  0.000514217
DIFF:  054 | -0.000030269  0.000002978 -0.001176994 -0.000536195  0.000339295  0.002015766 |          1.9 | -0.000006696  0.000004696, -0.000077680 -0.000097075
MOVE:  054 |  0.000081242 -0.000007923  0.003363244  0.001411272 -0.000905040 -0.005417558 |        -83.0 |  0.000031278 -0.000002265, -0.000492359 -0.000047476
CONST: 054 | 9 9.92416e-05 9.20772e-05 0.00350824 0.00231127 -0.00067604 -0.00541756

ABS:   055 |  0.000084077  0.000093566  0.002897779  0.002043110 -0.000506376 -0.004406109 |          8.1 |  0.000017751  0.000060532, -0.000557919  0.000501870
DIFF:  055 | -0.000015164  0.000001489 -0.000610466 -0.000268162  0.000169664  0.001011449 |          5.3 | -0.000004805  0.000000305, -0.000072037 -0.000012348
MOVE:  055 |  0.000066077 -0.000006434  0.002752779  0.001143110 -0.000735376 -0.004406109 |        -77.6 |  0.000026473 -0.000001960, -0.000564395 -0.000059824
CONST: 055 | 9 8.40773e-05 9.35662e-05 0.00289778 0.00204311 -0.000506376 -0.00440611

ABS:   056 |  0.000092092  0.000092779  0.003221918  0.002184810 -0.000596028 -0.004940810 |          4.2 |  0.000019793  0.000060604, -0.000485433  0.000526823
DIFF:  056 |  0.000008015 -0.000000787  0.000324139  0.000141701 -0.000089651 -0.000534701 |         -3.9 |  0.000002042  0.000000072,  0.000072486  0.000024953
MOVE:  056 |  0.000074092 -0.000007221  0.003076918  0.001284810 -0.000825028 -0.004940810 |        -81.5 |  0.000028515 -0.000001888, -0.000491909 -0.000034871
CONST: 056 | 9 9.20922e-05 9.27794e-05 0.00322192 0.00218481 -0.000596028 -0.00494081

ABS:   057 |  0.000088085  0.000093173  0.003060267  0.002113961 -0.000551202 -0.004673527 |          6.1 |  0.000019078  0.000060702, -0.000542240  0.000511378
DIFF:  057 | -0.000004007  0.000000393 -0.000161651 -0.000070849  0.000044825  0.000267283 |          1.9 | -0.000000715  0.000000098, -0.000056807 -0.000015445
MOVE:  057 |  0.000070085 -0.000006827  0.002915267  0.001213961 -0.000780202 -0.004673527 |        -79.7 |  0.000027800 -0.000001789, -0.000548716 -0.000050316
CONST: 057 | 9 8.80853e-05 9.31728e-05 0.00306027 0.00211396 -0.000551202 -0.00467353

ABS:   058 |  0.000088216  0.000093173  0.003060267  0.002113961 -0.000551202 -0.004673527 |          6.1 |  0.000019208  0.000060702, -0.000542240  0.000511378
DIFF:  058 |  0.000000130  0.000000000  0.000000000  0.000000000  0.000000000  0.000000000 |          0.0 |  0.000000130  0.000000000, -0.000000000 -0.000000000
MOVE:  058 |  0.000070216 -0.000006827  0.002915267  0.001213961 -0.000780202 -0.004673527 |        -79.7 |  0.000027930 -0.000001789, -0.000548716 -0.000050316
CONST: 058 | 9 8.82157e-05 9.31728e-05 0.00306027 0.00211396 -0.000551202 -0.00467353

ABS:   059 |  0.000087955  0.000093173  0.003060267  0.002113961 -0.000551202 -0.004673527 |          6.1 |  0.000018947  0.000060702, -0.000542239  0.000511378
DIFF:  059 | -0.000000261  0.000000000  0.000000000  0.000000000  0.000000000  0.000000000 |         -0.0 | -0.000000261 -0.000000000,  0.000000000  0.000000000
MOVE:  059 |  0.000069955 -0.000006827  0.002915267  0.001213961 -0.000780202 -0.004673527 |        -79.7 |  0.000027669 -0.000001789, -0.000548716 -0.000050316
CONST: 059 | 9 8.79549e-05 9.31728e-05 0.00306027 0.00211396 -0.000551202 -0.00467353

