ABS:   itr |       deltaX       deltaY       deltaZ         phiX         phiY         phiZ |        chisq |    rphi mean     rphi rms,       z mean        z rms
ABS:   =========================================================================================================================================================
DIFF:  itr |       deltaX       deltaY       deltaZ         phiX         phiY         phiZ |        chisq |    rphi mean     rphi rms,       z mean        z rms
DIFF:  =========================================================================================================================================================
MOVE:  itr |       deltaX       deltaY       deltaZ         phiX         phiY         phiZ |        chisq |    rphi mean     rphi rms,       z mean        z rms
MOVE:  =========================================================================================================================================================
ABS:   001 | -0.000030000 -0.000020000  0.000067000  0.000145000 -0.000249000  0.000000000 |          3.9 | -0.000002392  0.000046883, -0.000009076  0.000541381
CONST: 001 | 40 -3e-05 -2e-05 6.7e-05 0.000145 -0.000249 0

ABS:   001 | -0.000030000 -0.000020000  0.000067000  0.000145000 -0.000249000  0.000000000 |          3.9 | -0.000002392  0.000046883, -0.000009076  0.000541381
CONST: 001 | 40 -3e-05 -2e-05 6.7e-05 0.000145 -0.000249 0

ABS:   002 | -0.000020000 -0.000020000  0.000067000  0.000145000 -0.000249000  0.000000000 |          3.9 |  0.000006328  0.000046971, -0.000009074  0.000541381
DIFF:  002 |  0.000010000 -0.000000000 -0.000000000 -0.000000000  0.000000000  0.000000000 |          0.0 |  0.000008720  0.000000087,  0.000000002  0.000000000
MOVE:  002 |  0.000010000 -0.000000000 -0.000000000 -0.000000000  0.000000000  0.000000000 |          0.0 |  0.000008720  0.000000087,  0.000000002  0.000000000
CONST: 002 | 40 -2e-05 -2e-05 6.7e-05 0.000145 -0.000249 0

ABS:   003 | -0.000040000 -0.000020000  0.000067000  0.000145000 -0.000249000  0.000000000 |          3.9 | -0.000010826  0.000046081, -0.000009079  0.000541381
DIFF:  003 | -0.000020000  0.000000000  0.000000000  0.000000000  0.000000000  0.000000000 |         -0.0 | -0.000017154 -0.000000890, -0.000000005 -0.000000000
MOVE:  003 | -0.000010000 -0.000000000 -0.000000000 -0.000000000  0.000000000  0.000000000 |          0.0 | -0.000008434 -0.000000802, -0.000000002  0.000000000
CONST: 003 | 40 -4e-05 -2e-05 6.7e-05 0.000145 -0.000249 0

ABS:   004 |  0.000069835 -0.000020000  0.000067000  0.000145000 -0.000249000  0.000000000 |          4.4 |  0.000067840  0.000040153, -0.000009051  0.000541381
DIFF:  004 |  0.000109835  0.000000000  0.000000000  0.000000000  0.000000000  0.000000000 |          0.5 |  0.000078666 -0.000005928,  0.000000027  0.000000000
MOVE:  004 |  0.000099835 -0.000000000 -0.000000000 -0.000000000  0.000000000  0.000000000 |          0.5 |  0.000070232 -0.000006730,  0.000000025  0.000000000
CONST: 004 | 40 6.98351e-05 -2e-05 6.7e-05 0.000145 -0.000249 0

ABS:   005 | -0.000129835 -0.000020000  0.000067000  0.000145000 -0.000249000  0.000000000 |          4.3 | -0.000068259  0.000043242, -0.000009101  0.000541381
DIFF:  005 | -0.000199670  0.000000000  0.000000000  0.000000000  0.000000000  0.000000000 |         -0.0 | -0.000136099  0.000003089, -0.000000050 -0.000000000
MOVE:  005 | -0.000099835 -0.000000000 -0.000000000 -0.000000000  0.000000000  0.000000000 |          0.5 | -0.000065867 -0.000003641, -0.000000025 -0.000000000
CONST: 005 | 40 -0.000129835 -2e-05 6.7e-05 0.000145 -0.000249 0

ABS:   006 | -0.000030000 -0.000010000  0.000067000  0.000145000 -0.000249000  0.000000000 |          3.9 | -0.000003215  0.000046873, -0.000019523  0.000543692
DIFF:  006 |  0.000099835  0.000010000  0.000000000  0.000000000  0.000000000  0.000000000 |         -0.4 |  0.000065044  0.000003631, -0.000010422  0.000002312
MOVE:  006 | -0.000000000  0.000010000 -0.000000000 -0.000000000  0.000000000  0.000000000 |          0.0 | -0.000000823 -0.000000011, -0.000010447  0.000002312
CONST: 006 | 40 -3e-05 -1e-05 6.7e-05 0.000145 -0.000249 0

ABS:   007 | -0.000030000 -0.000030000  0.000067000  0.000145000 -0.000249000  0.000000000 |          3.9 | -0.000001569  0.000046900, -0.000001935  0.000541540
DIFF:  007 |  0.000000000 -0.000020000  0.000000000  0.000000000  0.000000000  0.000000000 |         -0.0 |  0.000001646  0.000000027,  0.000017588 -0.000002152
MOVE:  007 | -0.000000000 -0.000010000 -0.000000000 -0.000000000  0.000000000  0.000000000 |          0.0 |  0.000000823  0.000000017,  0.000007141  0.000000160
CONST: 007 | 40 -3e-05 -3e-05 6.7e-05 0.000145 -0.000249 0

ABS:   008 | -0.000030000  0.000079835  0.000067000  0.000145000 -0.000249000  0.000000000 |          3.9 | -0.000009394  0.000045709, -0.000045496  0.000542153
DIFF:  008 |  0.000000000  0.000109835  0.000000000  0.000000000  0.000000000  0.000000000 |          0.0 | -0.000007826 -0.000001191, -0.000043561  0.000000613
MOVE:  008 | -0.000000000  0.000099835 -0.000000000 -0.000000000  0.000000000  0.000000000 |          0.0 | -0.000007002 -0.000001175, -0.000036420  0.000000773
CONST: 008 | 40 -3e-05 7.98351e-05 6.7e-05 0.000145 -0.000249 0

ABS:   009 | -0.000030000 -0.000119835  0.000067000  0.000145000 -0.000249000  0.000000000 |          3.9 |  0.000004866  0.000047625,  0.000028498  0.000544111
DIFF:  009 |  0.000000000 -0.000199670  0.000000000  0.000000000  0.000000000  0.000000000 |          0.0 |  0.000014261  0.000001917,  0.000073994  0.000001957
MOVE:  009 | -0.000000000 -0.000099835 -0.000000000 -0.000000000  0.000000000  0.000000000 |          0.1 |  0.000007258  0.000000742,  0.000037574  0.000002730
CONST: 009 | 40 -3e-05 -0.000119835 6.7e-05 0.000145 -0.000249 0

ABS:   010 | -0.000030000 -0.000020000  0.000567000  0.000145000 -0.000249000  0.000000000 |          4.3 | -0.000002274  0.000046883, -0.000266510  0.000537000
DIFF:  010 |  0.000000000  0.000099835  0.000500000  0.000000000  0.000000000  0.000000000 |          0.4 | -0.000007140 -0.000000742, -0.000295008 -0.000007111
MOVE:  010 | -0.000000000 -0.000000000  0.000500000 -0.000000000  0.000000000  0.000000000 |          0.5 |  0.000000119 -0.000000000, -0.000257434 -0.000004381
CONST: 010 | 40 -3e-05 -2e-05 0.000567 0.000145 -0.000249 0

ABS:   011 | -0.000030000 -0.000020000 -0.000433000  0.000145000 -0.000249000  0.000000000 |          4.1 | -0.000002511  0.000046884,  0.000239587  0.000531675
DIFF:  011 |  0.000000000  0.000000000 -0.001000000  0.000000000  0.000000000  0.000000000 |         -0.2 | -0.000000237  0.000000000,  0.000506097 -0.000005325
MOVE:  011 | -0.000000000 -0.000000000 -0.000500000 -0.000000000  0.000000000  0.000000000 |          0.2 | -0.000000119  0.000000000,  0.000248663 -0.000009706
CONST: 011 | 40 -3e-05 -2e-05 -0.000433 0.000145 -0.000249 0
