ABS:   itr |       deltaX       deltaY       deltaZ         phiX         phiY         phiZ |        chisq |    rphi mean     rphi rms,       z mean        z rms
ABS:   =========================================================================================================================================================
DIFF:  itr |       deltaX       deltaY       deltaZ         phiX         phiY         phiZ |        chisq |    rphi mean     rphi rms,       z mean        z rms
DIFF:  =========================================================================================================================================================
MOVE:  itr |       deltaX       deltaY       deltaZ         phiX         phiY         phiZ |        chisq |    rphi mean     rphi rms,       z mean        z rms
MOVE:  =========================================================================================================================================================
ABS:   001 | -0.000043000 -0.000156000  0.000348000  0.000000000  0.000213000  0.000000000 |         62.4 | -0.000040046  0.000006896, -0.000030232  0.000556563
CONST: 001 | 1 -4.3e-05 -0.000156 0.000348 0 0.000213 0

ABS:   001 | -0.000043000 -0.000156000  0.000348000  0.000000000  0.000213000  0.000000000 |         62.4 | -0.000040046  0.000006896, -0.000030232  0.000556563
CONST: 001 | 1 -4.3e-05 -0.000156 0.000348 0 0.000213 0

ABS:   002 | -0.000042900 -0.000156000  0.000348000  0.000000000  0.000213000  0.000000000 |         62.4 | -0.000039946  0.000006896, -0.000030232  0.000556563
DIFF:  002 |  0.000000100  0.000000000 -0.000000000  0.000000000 -0.000000000  0.000000000 |         -0.0 |  0.000000100 -0.000000000, -0.000000000  0.000000000
MOVE:  002 |  0.000000100  0.000000000 -0.000000000  0.000000000 -0.000000000  0.000000000 |         -0.0 |  0.000000100 -0.000000000, -0.000000000  0.000000000
CONST: 002 | 1 -4.29e-05 -0.000156 0.000348 0 0.000213 0

ABS:   003 | -0.000043100 -0.000156000  0.000348000  0.000000000  0.000213000  0.000000000 |         62.4 | -0.000040146  0.000006896, -0.000030232  0.000556563
DIFF:  003 | -0.000000200  0.000000000  0.000000000  0.000000000  0.000000000  0.000000000 |          0.0 | -0.000000200 -0.000000000,  0.000000000  0.000000000
MOVE:  003 | -0.000000100  0.000000000 -0.000000000  0.000000000 -0.000000000  0.000000000 |          0.0 | -0.000000100 -0.000000000,  0.000000000  0.000000000
CONST: 003 | 1 -4.31e-05 -0.000156 0.000348 0 0.000213 0

ABS:   004 | -0.000042000 -0.000156000  0.000348000  0.000000000  0.000213000  0.000000000 |         62.4 | -0.000039046  0.000006896, -0.000030233  0.000556563
DIFF:  004 |  0.000001100  0.000000000  0.000000000  0.000000000  0.000000000  0.000000000 |         -0.0 |  0.000001100  0.000000000, -0.000000000 -0.000000000
MOVE:  004 |  0.000001000  0.000000000 -0.000000000  0.000000000 -0.000000000  0.000000000 |         -0.0 |  0.000001000 -0.000000000, -0.000000000  0.000000000
CONST: 004 | 1 -4.2e-05 -0.000156 0.000348 0 0.000213 0

ABS:   005 | -0.000044000 -0.000156000  0.000348000  0.000000000  0.000213000  0.000000000 |         62.4 | -0.000041046  0.000006896, -0.000030232  0.000556563
DIFF:  005 | -0.000002000  0.000000000  0.000000000  0.000000000  0.000000000  0.000000000 |          0.0 | -0.000002000 -0.000000000,  0.000000000 -0.000000000
MOVE:  005 | -0.000001000  0.000000000 -0.000000000  0.000000000 -0.000000000  0.000000000 |          0.0 | -0.000001000 -0.000000000,  0.000000000 -0.000000000
CONST: 005 | 1 -4.4e-05 -0.000156 0.000348 0 0.000213 0

ABS:   006 | -0.000043000 -0.000155900  0.000348000  0.000000000  0.000213000  0.000000000 |         62.4 | -0.000040036  0.000006939, -0.000030273  0.000556563
DIFF:  006 |  0.000001000  0.000000100  0.000000000  0.000000000  0.000000000  0.000000000 |          0.0 |  0.000001010  0.000000043, -0.000000040  0.000000001
MOVE:  006 | -0.000000000  0.000000100 -0.000000000  0.000000000 -0.000000000  0.000000000 |          0.0 |  0.000000010  0.000000043, -0.000000040  0.000000001
CONST: 006 | 1 -4.3e-05 -0.0001559 0.000348 0 0.000213 0

ABS:   007 | -0.000043000 -0.000156100  0.000348000  0.000000000  0.000213000  0.000000000 |         62.5 | -0.000040056  0.000006854, -0.000030382  0.000556694
DIFF:  007 |  0.000000000 -0.000000200  0.000000000  0.000000000  0.000000000  0.000000000 |          0.0 | -0.000000020 -0.000000085, -0.000000109  0.000000131
MOVE:  007 | -0.000000000 -0.000000100 -0.000000000  0.000000000 -0.000000000  0.000000000 |          0.0 | -0.000000010 -0.000000043, -0.000000149  0.000000132
CONST: 007 | 1 -4.3e-05 -0.0001561 0.000348 0 0.000213 0

ABS:   008 | -0.000043000 -0.000155990  0.000348000  0.000000000  0.000213000  0.000000000 |         62.4 | -0.000040045  0.000006901, -0.000030236  0.000556563
DIFF:  008 |  0.000000000  0.000000110  0.000000000  0.000000000  0.000000000  0.000000000 |         -0.0 |  0.000000011  0.000000047,  0.000000145 -0.000000132
MOVE:  008 | -0.000000000  0.000000010 -0.000000000  0.000000000 -0.000000000  0.000000000 |          0.0 |  0.000000001  0.000000004, -0.000000004  0.000000000
CONST: 008 | 1 -4.3e-05 -0.00015599 0.000348 0 0.000213 0

ABS:   009 | -0.000043000 -0.000156010  0.000348000  0.000000000  0.000213000  0.000000000 |         62.4 | -0.000040047  0.000006892, -0.000030228  0.000556562
DIFF:  009 |  0.000000000 -0.000000020  0.000000000  0.000000000  0.000000000  0.000000000 |         -0.0 | -0.000000002 -0.000000009,  0.000000008 -0.000000000
MOVE:  009 | -0.000000000 -0.000000010 -0.000000000  0.000000000 -0.000000000  0.000000000 |         -0.0 | -0.000000001 -0.000000004,  0.000000004 -0.000000000
CONST: 009 | 1 -4.3e-05 -0.00015601 0.000348 0 0.000213 0

ABS:   010 | -0.000043000 -0.000155900  0.000348000  0.000000000  0.000213000  0.000000000 |         62.4 | -0.000040036  0.000006939, -0.000030273  0.000556563
DIFF:  010 |  0.000000000  0.000000110  0.000000000  0.000000000  0.000000000  0.000000000 |          0.0 |  0.000000011  0.000000047, -0.000000044  0.000000001
MOVE:  010 | -0.000000000  0.000000100 -0.000000000  0.000000000 -0.000000000  0.000000000 |          0.0 |  0.000000010  0.000000043, -0.000000040  0.000000001
CONST: 010 | 1 -4.3e-05 -0.0001559 0.000348 0 0.000213 0

ABS:   011 | -0.000043000 -0.000156100  0.000348000  0.000000000  0.000213000  0.000000000 |         62.5 | -0.000040056  0.000006854, -0.000030382  0.000556694
DIFF:  011 |  0.000000000 -0.000000200  0.000000000  0.000000000  0.000000000  0.000000000 |          0.0 | -0.000000020 -0.000000085, -0.000000109  0.000000131
MOVE:  011 | -0.000000000 -0.000000100 -0.000000000  0.000000000 -0.000000000  0.000000000 |          0.0 | -0.000000010 -0.000000043, -0.000000149  0.000000132
CONST: 011 | 1 -4.3e-05 -0.0001561 0.000348 0 0.000213 0

ABS:   012 | -0.000043000 -0.000156000  0.000353002  0.000000000  0.000213000  0.000000000 |         62.5 | -0.000040047  0.000006896, -0.000032119  0.000556738
DIFF:  012 |  0.000000000  0.000000100  0.000005002  0.000000000  0.000000000  0.000000000 |          0.0 |  0.000000009  0.000000043, -0.000001737  0.000000043
MOVE:  012 | -0.000000000  0.000000000  0.000005002  0.000000000 -0.000000000  0.000000000 |          0.1 | -0.000000001  0.000000000, -0.000001886  0.000000175
CONST: 012 | 1 -4.3e-05 -0.000156 0.000353002 0 0.000213 0

ABS:   013 | -0.000043000 -0.000156000  0.000342998  0.000000000  0.000213000  0.000000000 |         62.5 | -0.000040045  0.000006896, -0.000027947  0.000556705
DIFF:  013 |  0.000000000  0.000000000 -0.000010004  0.000000000  0.000000000  0.000000000 |         -0.0 |  0.000000002 -0.000000000,  0.000004172 -0.000000033
MOVE:  013 | -0.000000000  0.000000000 -0.000005002  0.000000000 -0.000000000  0.000000000 |          0.0 |  0.000000001  0.000000000,  0.000002286  0.000000142
CONST: 013 | 1 -4.3e-05 -0.000156 0.000342998 0 0.000213 0

ABS:   014 | -0.000043000 -0.000156000  0.000348500  0.000000000  0.000213000  0.000000000 |         62.4 | -0.000040046  0.000006896, -0.000030343  0.000556584
DIFF:  014 |  0.000000000  0.000000000  0.000005502  0.000000000  0.000000000  0.000000000 |         -0.0 | -0.000000001 -0.000000000, -0.000002396 -0.000000121
MOVE:  014 | -0.000000000  0.000000000  0.000000500  0.000000000 -0.000000000  0.000000000 |          0.0 | -0.000000000 -0.000000000, -0.000000111  0.000000021
CONST: 014 | 1 -4.3e-05 -0.000156 0.0003485 0 0.000213 0

ABS:   015 | -0.000043000 -0.000156000  0.000347500  0.000000000  0.000213000  0.000000000 |         62.4 | -0.000040046  0.000006896, -0.000030122  0.000556541
DIFF:  015 |  0.000000000  0.000000000 -0.000001000  0.000000000  0.000000000  0.000000000 |         -0.0 |  0.000000000  0.000000000,  0.000000221 -0.000000042
MOVE:  015 | -0.000000000  0.000000000 -0.000000500  0.000000000 -0.000000000  0.000000000 |         -0.0 |  0.000000000  0.000000000,  0.000000111 -0.000000021
CONST: 015 | 1 -4.3e-05 -0.000156 0.0003475 0 0.000213 0

ABS:   016 | -0.000043000 -0.000156000  0.000348000  0.000004000  0.000213000  0.000000000 |         62.4 | -0.000040113  0.000006880, -0.000030306  0.000556562
DIFF:  016 |  0.000000000  0.000000000  0.000000500  0.000004000  0.000000000  0.000000000 |          0.0 | -0.000000066 -0.000000016, -0.000000184  0.000000021
MOVE:  016 | -0.000000000  0.000000000 -0.000000000  0.000004000 -0.000000000  0.000000000 |          0.0 | -0.000000066 -0.000000016, -0.000000074 -0.000000001
CONST: 016 | 1 -4.3e-05 -0.000156 0.000348 4.00004e-06 0.000213 0

ABS:   017 | -0.000043000 -0.000156000  0.000348000 -0.000004000  0.000213000  0.000000000 |         62.5 | -0.000039980  0.000006912, -0.000030348  0.000556696
DIFF:  017 |  0.000000000  0.000000000  0.000000000 -0.000008000  0.000000000  0.000000000 |          0.0 |  0.000000133  0.000000032, -0.000000042  0.000000134
MOVE:  017 | -0.000000000  0.000000000 -0.000000000 -0.000004000 -0.000000000  0.000000000 |          0.0 |  0.000000066  0.000000016, -0.000000116  0.000000133
CONST: 017 | 1 -4.3e-05 -0.000156 0.000348 -4.00004e-06 0.000213 0

ABS:   018 | -0.000043000 -0.000156000  0.000348000  0.000000400  0.000213000  0.000000000 |         62.4 | -0.000040053  0.000006895, -0.000030240  0.000556563
DIFF:  018 |  0.000000000  0.000000000  0.000000000  0.000004400  0.000000000  0.000000000 |         -0.0 | -0.000000073 -0.000000018,  0.000000108 -0.000000133
MOVE:  018 | -0.000000000  0.000000000 -0.000000000  0.000000400 -0.000000000  0.000000000 |          0.0 | -0.000000007 -0.000000002, -0.000000007 -0.000000000
CONST: 018 | 1 -4.3e-05 -0.000156 0.000348 4.00004e-07 0.000213 0

ABS:   019 | -0.000043000 -0.000156000  0.000348000 -0.000000400  0.000213000  0.000000000 |         62.4 | -0.000040040  0.000006898, -0.000030225  0.000556563
DIFF:  019 |  0.000000000  0.000000000  0.000000000 -0.000000800  0.000000000  0.000000000 |         -0.0 |  0.000000013  0.000000003,  0.000000015  0.000000000
MOVE:  019 | -0.000000000  0.000000000 -0.000000000 -0.000000400 -0.000000000  0.000000000 |         -0.0 |  0.000000007  0.000000002,  0.000000007  0.000000000
CONST: 019 | 1 -4.3e-05 -0.000156 0.000348 -4.00004e-07 0.000213 0

ABS:   020 | -0.000043000 -0.000156000  0.000348000  0.000004000  0.000213000  0.000000000 |         62.4 | -0.000040113  0.000006880, -0.000030306  0.000556562
DIFF:  020 |  0.000000000  0.000000000  0.000000000  0.000004400  0.000000000  0.000000000 |          0.0 | -0.000000073 -0.000000018, -0.000000081 -0.000000001
MOVE:  020 | -0.000000000  0.000000000 -0.000000000  0.000004000 -0.000000000  0.000000000 |          0.0 | -0.000000066 -0.000000016, -0.000000074 -0.000000001
CONST: 020 | 1 -4.3e-05 -0.000156 0.000348 4.00004e-06 0.000213 0

ABS:   021 | -0.000043000 -0.000156000  0.000348000 -0.000004000  0.000213000  0.000000000 |         62.5 | -0.000039980  0.000006912, -0.000030348  0.000556696
DIFF:  021 |  0.000000000  0.000000000  0.000000000 -0.000008000  0.000000000  0.000000000 |          0.0 |  0.000000133  0.000000032, -0.000000042  0.000000134
MOVE:  021 | -0.000000000  0.000000000 -0.000000000 -0.000004000 -0.000000000  0.000000000 |          0.0 |  0.000000066  0.000000016, -0.000000116  0.000000133
CONST: 021 | 1 -4.3e-05 -0.000156 0.000348 -4.00004e-06 0.000213 0

ABS:   022 | -0.000043000 -0.000156000  0.000348000  0.000000000  0.000223001  0.000000000 |         62.4 | -0.000040045  0.000007286, -0.000030243  0.000556564
DIFF:  022 |  0.000000000  0.000000000  0.000000000  0.000004000  0.000010001  0.000000000 |         -0.0 | -0.000000065  0.000000374,  0.000000105 -0.000000132
MOVE:  022 | -0.000000000  0.000000000 -0.000000000  0.000000000  0.000010001  0.000000000 |          0.0 |  0.000000001  0.000000390, -0.000000010  0.000000001
CONST: 022 | 1 -4.3e-05 -0.000156 0.000348 0 0.000223001 0

ABS:   023 | -0.000043000 -0.000156000  0.000348000  0.000000000  0.000202999  0.000000000 |         62.4 | -0.000040047  0.000006507, -0.000030222  0.000556561
DIFF:  023 |  0.000000000  0.000000000  0.000000000  0.000000000 -0.000020001  0.000000000 |         -0.0 | -0.000000002 -0.000000779,  0.000000021 -0.000000002
MOVE:  023 | -0.000000000  0.000000000 -0.000000000  0.000000000 -0.000010001  0.000000000 |         -0.0 | -0.000000001 -0.000000390,  0.000000010 -0.000000001
CONST: 023 | 1 -4.3e-05 -0.000156 0.000348 0 0.000202999 0

ABS:   024 | -0.000043000 -0.000156000  0.000348000  0.000000000  0.000255537  0.000000000 |         62.5 | -0.000040042  0.000008553, -0.000030076  0.000556721
DIFF:  024 |  0.000000000  0.000000000  0.000000000  0.000000000  0.000052537  0.000000000 |          0.0 |  0.000000005  0.000002047,  0.000000146  0.000000160
MOVE:  024 | -0.000000000  0.000000000 -0.000000000  0.000000000  0.000042537  0.000000000 |          0.0 |  0.000000004  0.000001657,  0.000000156  0.000000159
CONST: 024 | 1 -4.3e-05 -0.000156 0.000348 0 0.000255537 0

ABS:   025 | -0.000043000 -0.000156000  0.000348000  0.000000000  0.000170463  0.000000000 |         62.5 | -0.000040051  0.000005239, -0.000030378  0.000556691
DIFF:  025 |  0.000000000  0.000000000  0.000000000  0.000000000 -0.000085073  0.000000000 |         -0.0 | -0.000000009 -0.000003314, -0.000000302 -0.000000031
MOVE:  025 | -0.000000000  0.000000000 -0.000000000  0.000000000 -0.000042537  0.000000000 |          0.0 | -0.000000004 -0.000001657, -0.000000146  0.000000128
CONST: 025 | 1 -4.3e-05 -0.000156 0.000348 0 0.000170463 0

ABS:   026 | -0.000043000 -0.000156000  0.000348000  0.000000000  0.000213000  0.000002000 |         62.4 | -0.000040055  0.000006895, -0.000030228  0.000556562
DIFF:  026 |  0.000000000  0.000000000  0.000000000  0.000000000  0.000042537  0.000002000 |         -0.0 | -0.000000004  0.000001656,  0.000000150 -0.000000128
MOVE:  026 | -0.000000000  0.000000000 -0.000000000  0.000000000 -0.000000000  0.000002000 |         -0.0 | -0.000000009 -0.000000001,  0.000000004 -0.000000000
CONST: 026 | 1 -4.3e-05 -0.000156 0.000348 0 0.000213 2.00001e-06

ABS:   027 | -0.000043000 -0.000156000  0.000348000  0.000000000  0.000213000 -0.000002000 |         62.4 | -0.000040038  0.000006898, -0.000030236  0.000556563
DIFF:  027 |  0.000000000  0.000000000  0.000000000  0.000000000  0.000000000 -0.000004000 |          0.0 |  0.000000017  0.000000003, -0.000000008  0.000000001
MOVE:  027 | -0.000000000  0.000000000 -0.000000000  0.000000000 -0.000000000 -0.000002000 |          0.0 |  0.000000009  0.000000001, -0.000000004  0.000000000
CONST: 027 | 1 -4.3e-05 -0.000156 0.000348 0 0.000213 -2.00001e-06

ABS:   028 | -0.000043000 -0.000156000  0.000348000  0.000000000  0.000213000  0.000020000 |         62.5 | -0.000040133  0.000006882, -0.000030382  0.000556693
DIFF:  028 |  0.000000000  0.000000000  0.000000000  0.000000000  0.000000000  0.000022000 |          0.0 | -0.000000095 -0.000000015, -0.000000145  0.000000130
MOVE:  028 | -0.000000000  0.000000000 -0.000000000  0.000000000 -0.000000000  0.000020000 |          0.0 | -0.000000087 -0.000000014, -0.000000149  0.000000130
CONST: 028 | 1 -4.3e-05 -0.000156 0.000348 0 0.000213 2.00001e-05

ABS:   029 | -0.000043000 -0.000156000  0.000348000  0.000000000  0.000213000 -0.000020000 |         62.5 | -0.000039960  0.000006910, -0.000030072  0.000556719
DIFF:  029 |  0.000000000  0.000000000  0.000000000  0.000000000  0.000000000 -0.000040000 |          0.0 |  0.000000173  0.000000028,  0.000000309  0.000000026
MOVE:  029 | -0.000000000  0.000000000 -0.000000000  0.000000000 -0.000000000 -0.000020000 |          0.0 |  0.000000087  0.000000014,  0.000000160  0.000000156
CONST: 029 | 1 -4.3e-05 -0.000156 0.000348 0 0.000213 -2.00001e-05

ABS:   030 | -0.000004057 -0.000155952  0.000221242  0.000001929  0.000212198  0.000000244 |         64.2 | -0.000001105  0.000006878,  0.000028782  0.000562316
DIFF:  030 |  0.000038943  0.000000048 -0.000126758  0.000001929 -0.000000802  0.000020244 |          1.7 |  0.000038855 -0.000000033,  0.000058854  0.000005597
MOVE:  030 |  0.000038943  0.000000048 -0.000126758  0.000001929 -0.000000802  0.000000244 |          1.7 |  0.000038941 -0.000000019,  0.000059014  0.000005754
CONST: 030 | 1 -4.05747e-06 -0.000155952 0.000221242 1.92864e-06 0.000212198 2.4373e-07

ABS:   031 | -0.000033707 -0.000155988  0.000317758  0.000000460  0.000212809  0.000000058 |         62.7 | -0.000030754  0.000006892, -0.000014162  0.000557833
DIFF:  031 | -0.000029650 -0.000000037  0.000096516 -0.000001469  0.000000610 -0.000000186 |         -1.4 | -0.000029649  0.000000014, -0.000042944 -0.000004483
MOVE:  031 |  0.000009293  0.000000012 -0.000030242  0.000000460 -0.000000191  0.000000058 |          0.3 |  0.000009293 -0.000000004,  0.000016070  0.000001271
CONST: 031 | 1 -3.37071e-05 -0.000155988 0.000317758 4.60126e-07 0.000212809 5.8148e-08

ABS:   032 | -0.000040363 -0.000155997  0.000339418  0.000000131  0.000212946  0.000000017 |         62.6 | -0.000037409  0.000006895, -0.000025720  0.000557069
DIFF:  032 | -0.000006656 -0.000000008  0.000021660 -0.000000330  0.000000137 -0.000000042 |         -0.2 | -0.000006656  0.000000003, -0.000011558 -0.000000764
MOVE:  032 |  0.000002637  0.000000003 -0.000008582  0.000000131 -0.000000054  0.000000017 |          0.1 |  0.000002637 -0.000000001,  0.000004513  0.000000506
CONST: 032 | 1 -4.03629e-05 -0.000155997 0.000339418 1.30571e-07 0.000212946 1.65008e-08

ABS:   033 | -0.000042375 -0.000155999  0.000345967  0.000000031  0.000212987  0.000000004 |         62.5 | -0.000039421  0.000006896, -0.000029748  0.000556765
DIFF:  033 | -0.000002012 -0.000000003  0.000006549 -0.000000100  0.000000041 -0.000000013 |         -0.1 | -0.000002012  0.000000001, -0.000004028 -0.000000304
MOVE:  033 |  0.000000625  0.000000001 -0.000002033  0.000000031 -0.000000013  0.000000004 |          0.1 |  0.000000625 -0.000000000,  0.000000485  0.000000203
CONST: 033 | 1 -4.23752e-05 -0.000155999 0.000345967 3.09352e-08 0.000212987 3.90941e-09

ABS:   034 | -0.000042910 -0.000156000  0.000347706  0.000000004  0.000212998  0.000000001 |         62.5 | -0.000039956  0.000006896, -0.000030128  0.000556695
DIFF:  034 | -0.000000534 -0.000000001  0.000001739 -0.000000026  0.000000011 -0.000000003 |         -0.0 | -0.000000534  0.000000000, -0.000000380 -0.000000070
MOVE:  034 |  0.000000090  0.000000000 -0.000000294  0.000000004 -0.000000002  0.000000001 |          0.0 |  0.000000090 -0.000000000,  0.000000105  0.000000133
CONST: 034 | 1 -4.29095e-05 -0.000156 0.000347706 4.47976e-09 0.000212998 5.66125e-10

ABS:   035 | -0.000042995 -0.000156000  0.000347985  0.000000000  0.000213000  0.000000000 |         62.4 | -0.000040042  0.000006896, -0.000030218  0.000556563
DIFF:  035 | -0.000000086 -0.000000000  0.000000280 -0.000000004  0.000000002 -0.000000001 |         -0.0 | -0.000000086  0.000000000, -0.000000090 -0.000000133
MOVE:  035 |  0.000000005  0.000000000 -0.000000015  0.000000000 -0.000000000  0.000000000 |         -0.0 |  0.000000005 -0.000000000,  0.000000015  0.000000000
CONST: 035 | 1 -4.29955e-05 -0.000156 0.000347985 2.23988e-10 0.000213 2.83063e-11

ABS:   036 | -0.000039421 -0.000156000  0.000347985  0.000000000  0.000213000  0.000000000 |         62.4 | -0.000036467  0.000006896, -0.000030218  0.000556563
DIFF:  036 |  0.000003575  0.000000000  0.000000000  0.000000000  0.000000000  0.000000000 |         -0.0 |  0.000003575 -0.000000000, -0.000000001 -0.000000000
MOVE:  036 |  0.000003579  0.000000000 -0.000000015  0.000000000 -0.000000000  0.000000000 |         -0.0 |  0.000003579 -0.000000000,  0.000000014  0.000000000
CONST: 036 | 1 -3.94206e-05 -0.000156 0.000347985 2.23988e-10 0.000213 2.83063e-11

ABS:   037 | -0.000046570 -0.000156000  0.000347985  0.000000000  0.000213000  0.000000000 |         62.4 | -0.000043617  0.000006896, -0.000030217  0.000556563
DIFF:  037 | -0.000007150  0.000000000  0.000000000  0.000000000  0.000000000  0.000000000 |          0.0 | -0.000007150  0.000000000,  0.000000002  0.000000000
MOVE:  037 | -0.000003570  0.000000000 -0.000000015  0.000000000 -0.000000000  0.000000000 |          0.0 | -0.000003570 -0.000000000,  0.000000015  0.000000000
CONST: 037 | 1 -4.65704e-05 -0.000156 0.000347985 2.23988e-10 0.000213 2.83063e-11

ABS:   038 | -0.000042995 -0.000155990  0.000347985  0.000000000  0.000213000  0.000000000 |         62.4 | -0.000040041  0.000006901, -0.000030222  0.000556563
DIFF:  038 |  0.000003575  0.000000010  0.000000000  0.000000000  0.000000000  0.000000000 |         -0.0 |  0.000003576  0.000000004, -0.000000005  0.000000000
MOVE:  038 |  0.000000005  0.000000010 -0.000000015  0.000000000 -0.000000000  0.000000000 |         -0.0 |  0.000000006  0.000000004,  0.000000011  0.000000000
CONST: 038 | 1 -4.29955e-05 -0.00015599 0.000347985 2.23988e-10 0.000213 2.83063e-11

ABS:   039 | -0.000042995 -0.000156010  0.000347985  0.000000000  0.000213000  0.000000000 |         62.4 | -0.000040043  0.000006892, -0.000030214  0.000556562
DIFF:  039 |  0.000000000 -0.000000020  0.000000000  0.000000000  0.000000000  0.000000000 |         -0.0 | -0.000000002 -0.000000009,  0.000000008 -0.000000000
MOVE:  039 |  0.000000005 -0.000000010 -0.000000015  0.000000000 -0.000000000  0.000000000 |         -0.0 |  0.000000004 -0.000000004,  0.000000019 -0.000000000
CONST: 039 | 1 -4.29955e-05 -0.00015601 0.000347985 2.23988e-10 0.000213 2.83063e-11

ABS:   040 | -0.000042995 -0.000155900  0.000347985  0.000000000  0.000213000  0.000000000 |         62.4 | -0.000040031  0.000006939, -0.000030258  0.000556563
DIFF:  040 |  0.000000000  0.000000110  0.000000000  0.000000000  0.000000000  0.000000000 |          0.0 |  0.000000011  0.000000047, -0.000000044  0.000000001
MOVE:  040 |  0.000000005  0.000000100 -0.000000015  0.000000000 -0.000000000  0.000000000 |          0.0 |  0.000000015  0.000000043, -0.000000026  0.000000001
CONST: 040 | 1 -4.29955e-05 -0.0001559 0.000347985 2.23988e-10 0.000213 2.83063e-11

ABS:   041 | -0.000042995 -0.000156100  0.000347985  0.000000000  0.000213000  0.000000000 |         62.5 | -0.000040052  0.000006854, -0.000030367  0.000556694
DIFF:  041 |  0.000000000 -0.000000200  0.000000000  0.000000000  0.000000000  0.000000000 |          0.0 | -0.000000020 -0.000000085, -0.000000109  0.000000131
MOVE:  041 |  0.000000005 -0.000000100 -0.000000015  0.000000000 -0.000000000  0.000000000 |          0.0 | -0.000000006 -0.000000043, -0.000000134  0.000000132
CONST: 041 | 1 -4.29955e-05 -0.0001561 0.000347985 2.23988e-10 0.000213 2.83063e-11

ABS:   042 | -0.000042995 -0.000155990  0.000347985  0.000000000  0.000213000  0.000000000 |         62.4 | -0.000040041  0.000006901, -0.000030222  0.000556563
DIFF:  042 |  0.000000000  0.000000110  0.000000000  0.000000000  0.000000000  0.000000000 |         -0.0 |  0.000000011  0.000000047,  0.000000145 -0.000000132
MOVE:  042 |  0.000000005  0.000000010 -0.000000015  0.000000000 -0.000000000  0.000000000 |         -0.0 |  0.000000006  0.000000004,  0.000000011  0.000000000
CONST: 042 | 1 -4.29955e-05 -0.00015599 0.000347985 2.23988e-10 0.000213 2.83063e-11

ABS:   043 | -0.000042995 -0.000156010  0.000347985  0.000000000  0.000213000  0.000000000 |         62.4 | -0.000040043  0.000006892, -0.000030214  0.000556562
DIFF:  043 |  0.000000000 -0.000000020  0.000000000  0.000000000  0.000000000  0.000000000 |         -0.0 | -0.000000002 -0.000000009,  0.000000008 -0.000000000
MOVE:  043 |  0.000000005 -0.000000010 -0.000000015  0.000000000 -0.000000000  0.000000000 |         -0.0 |  0.000000004 -0.000000004,  0.000000019 -0.000000000
CONST: 043 | 1 -4.29955e-05 -0.00015601 0.000347985 2.23988e-10 0.000213 2.83063e-11

ABS:   044 | -0.000042995 -0.000156000  0.000348547  0.000000000  0.000213000  0.000000000 |         62.4 | -0.000040042  0.000006896, -0.000030390  0.000556584
DIFF:  044 |  0.000000000  0.000000010  0.000000562  0.000000000  0.000000000  0.000000000 |          0.0 |  0.000000001  0.000000004, -0.000000176  0.000000021
MOVE:  044 |  0.000000005  0.000000000  0.000000547  0.000000000 -0.000000000  0.000000000 |          0.0 |  0.000000004 -0.000000000, -0.000000157  0.000000021
CONST: 044 | 1 -4.29955e-05 -0.000156 0.000348547 2.23988e-10 0.000213 2.83063e-11

ABS:   045 | -0.000042995 -0.000156000  0.000347424  0.000000000  0.000213000  0.000000000 |         62.4 | -0.000040042  0.000006896, -0.000030046  0.000556541
DIFF:  045 |  0.000000000  0.000000000 -0.000001123  0.000000000  0.000000000  0.000000000 |         -0.0 |  0.000000000 -0.000000000,  0.000000344 -0.000000042
MOVE:  045 |  0.000000005  0.000000000 -0.000000576  0.000000000 -0.000000000  0.000000000 |         -0.0 |  0.000000005 -0.000000000,  0.000000187 -0.000000021
CONST: 045 | 1 -4.29955e-05 -0.000156 0.000347424 2.23988e-10 0.000213 2.83063e-11

ABS:   046 | -0.000042995 -0.000156000  0.000347985  0.000000400  0.000213000  0.000000000 |         62.4 | -0.000040048  0.000006895, -0.000030225  0.000556563
DIFF:  046 |  0.000000000  0.000000000  0.000000562  0.000000400  0.000000000  0.000000000 |          0.0 | -0.000000007 -0.000000002, -0.000000179  0.000000021
MOVE:  046 |  0.000000005  0.000000000 -0.000000015  0.000000400 -0.000000000  0.000000000 |         -0.0 | -0.000000002 -0.000000002,  0.000000007 -0.000000000
CONST: 046 | 1 -4.29955e-05 -0.000156 0.000347985 4.00228e-07 0.000213 2.83063e-11

ABS:   047 | -0.000042995 -0.000156000  0.000347985 -0.000000400  0.000213000  0.000000000 |         62.4 | -0.000040035  0.000006898, -0.000030210  0.000556563
DIFF:  047 |  0.000000000  0.000000000  0.000000000 -0.000000800  0.000000000  0.000000000 |         -0.0 |  0.000000013  0.000000003,  0.000000015  0.000000000
MOVE:  047 |  0.000000005  0.000000000 -0.000000015 -0.000000400 -0.000000000  0.000000000 |         -0.0 |  0.000000011  0.000000002,  0.000000022  0.000000000
CONST: 047 | 1 -4.29955e-05 -0.000156 0.000347985 -3.9978e-07 0.000213 2.83063e-11

ABS:   048 | -0.000042995 -0.000156000  0.000347985  0.000004000  0.000213000  0.000000000 |         62.4 | -0.000040108  0.000006880, -0.000030291  0.000556562
DIFF:  048 |  0.000000000  0.000000000  0.000000000  0.000004400  0.000000000  0.000000000 |          0.0 | -0.000000073 -0.000000018, -0.000000081 -0.000000001
MOVE:  048 |  0.000000005  0.000000000 -0.000000015  0.000004000 -0.000000000  0.000000000 |          0.0 | -0.000000062 -0.000000016, -0.000000059 -0.000000001
CONST: 048 | 1 -4.29955e-05 -0.000156 0.000347985 4.00027e-06 0.000213 2.83063e-11

ABS:   049 | -0.000042995 -0.000156000  0.000347985 -0.000004000  0.000213000  0.000000000 |         62.5 | -0.000039975  0.000006912, -0.000030333  0.000556696
DIFF:  049 |  0.000000000  0.000000000  0.000000000 -0.000008000  0.000000000  0.000000000 |          0.0 |  0.000000133  0.000000032, -0.000000042  0.000000134
MOVE:  049 |  0.000000005  0.000000000 -0.000000015 -0.000004000 -0.000000000  0.000000000 |          0.0 |  0.000000071  0.000000016, -0.000000101  0.000000133
CONST: 049 | 1 -4.29955e-05 -0.000156 0.000347985 -3.99982e-06 0.000213 2.83063e-11

ABS:   050 | -0.000042995 -0.000156000  0.000347985  0.000000400  0.000213000  0.000000000 |         62.4 | -0.000040048  0.000006895, -0.000030225  0.000556563
DIFF:  050 |  0.000000000  0.000000000  0.000000000  0.000004400  0.000000000  0.000000000 |         -0.0 | -0.000000073 -0.000000018,  0.000000108 -0.000000133
MOVE:  050 |  0.000000005  0.000000000 -0.000000015  0.000000400 -0.000000000  0.000000000 |         -0.0 | -0.000000002 -0.000000002,  0.000000007 -0.000000000
CONST: 050 | 1 -4.29955e-05 -0.000156 0.000347985 4.00228e-07 0.000213 2.83063e-11

ABS:   051 | -0.000042995 -0.000156000  0.000347985 -0.000000400  0.000213000  0.000000000 |         62.4 | -0.000040035  0.000006898, -0.000030210  0.000556563
DIFF:  051 |  0.000000000  0.000000000  0.000000000 -0.000000800  0.000000000  0.000000000 |         -0.0 |  0.000000013  0.000000003,  0.000000015  0.000000000
MOVE:  051 |  0.000000005  0.000000000 -0.000000015 -0.000000400 -0.000000000  0.000000000 |         -0.0 |  0.000000011  0.000000002,  0.000000022  0.000000000
CONST: 051 | 1 -4.29955e-05 -0.000156 0.000347985 -3.9978e-07 0.000213 2.83063e-11

ABS:   052 | -0.000042995 -0.000156000  0.000347985  0.000000000  0.000217254  0.000000000 |         62.4 | -0.000040041  0.000007062, -0.000030222  0.000556563
DIFF:  052 |  0.000000000  0.000000000  0.000000000  0.000000400  0.000004254  0.000000000 |          0.0 | -0.000000006  0.000000164, -0.000000012  0.000000000
MOVE:  052 |  0.000000005  0.000000000 -0.000000015  0.000000000  0.000004254  0.000000000 |         -0.0 |  0.000000005  0.000000166,  0.000000010  0.000000000
CONST: 052 | 1 -4.29955e-05 -0.000156 0.000347985 2.23988e-10 0.000217254 2.83063e-11

ABS:   053 | -0.000042995 -0.000156000  0.000347985  0.000000000  0.000208746  0.000000000 |         62.4 | -0.000040042  0.000006731, -0.000030213  0.000556562
DIFF:  053 |  0.000000000  0.000000000  0.000000000  0.000000000 -0.000008507  0.000000000 |         -0.0 | -0.000000001 -0.000000331,  0.000000009 -0.000000001
MOVE:  053 |  0.000000005  0.000000000 -0.000000015  0.000000000 -0.000004254  0.000000000 |         -0.0 |  0.000000004 -0.000000166,  0.000000019 -0.000000000
CONST: 053 | 1 -4.29955e-05 -0.000156 0.000347985 2.23988e-10 0.000208746 2.83063e-11

ABS:   054 | -0.000042995 -0.000156000  0.000347985  0.000000000  0.000213000  0.000002000 |         62.4 | -0.000040050  0.000006895, -0.000030214  0.000556562
DIFF:  054 |  0.000000000  0.000000000  0.000000000  0.000000000  0.000004254  0.000002000 |          0.0 | -0.000000008  0.000000164, -0.000000000  0.000000000
MOVE:  054 |  0.000000005  0.000000000 -0.000000015  0.000000000 -0.000000000  0.000002000 |         -0.0 | -0.000000004 -0.000000001,  0.000000019 -0.000000000
CONST: 054 | 1 -4.29955e-05 -0.000156 0.000347985 2.23988e-10 0.000213 2.00003e-06

ABS:   055 | -0.000042995 -0.000156000  0.000347985  0.000000000  0.000213000 -0.000002000 |         62.4 | -0.000040033  0.000006898, -0.000030222  0.000556563
DIFF:  055 |  0.000000000  0.000000000  0.000000000  0.000000000  0.000000000 -0.000004000 |          0.0 |  0.000000017  0.000000003, -0.000000008  0.000000001
MOVE:  055 |  0.000000005  0.000000000 -0.000000015  0.000000000 -0.000000000 -0.000002000 |         -0.0 |  0.000000013  0.000000001,  0.000000011  0.000000000
CONST: 055 | 1 -4.29955e-05 -0.000156 0.000347985 2.23988e-10 0.000213 -1.99998e-06

ABS:   056 | -0.000003727 -0.000156000  0.000220179 -0.000000018  0.000212192  0.000000245 |         64.2 | -0.000000747  0.000006865,  0.000029702  0.000562466
DIFF:  056 |  0.000039269 -0.000000000 -0.000127806 -0.000000018 -0.000000808  0.000002245 |          1.8 |  0.000039286 -0.000000033,  0.000059923  0.000005903
MOVE:  056 |  0.000039273 -0.000000000 -0.000127821 -0.000000018 -0.000000808  0.000000245 |          1.8 |  0.000039299 -0.000000032,  0.000059934  0.000005903
CONST: 056 | 1 -3.72678e-06 -0.000156 0.000220179 -1.77399e-08 0.000212192 2.45397e-07

ABS:   057 | -0.000033807 -0.000156000  0.000318086 -0.000000004  0.000212811  0.000000057 |         62.7 | -0.000030847  0.000006889, -0.000014285  0.000557696
DIFF:  057 | -0.000030080  0.000000000  0.000097907  0.000000014  0.000000619 -0.000000188 |         -1.5 | -0.000030100  0.000000024, -0.000043987 -0.000004770
MOVE:  057 |  0.000009193 -0.000000000 -0.000029914 -0.000000004 -0.000000189  0.000000057 |          0.2 |  0.000009199 -0.000000007,  0.000015947  0.000001133
CONST: 057 | 1 -3.3807e-05 -0.000156 0.000318086 -3.97837e-09 0.000212811 5.74284e-08

ABS:   058 | -0.000040241 -0.000156000  0.000339023 -0.000000001  0.000212943  0.000000017 |         62.6 | -0.000037286  0.000006894, -0.000026091  0.000557318
DIFF:  058 | -0.000006434  0.000000000  0.000020937  0.000000003  0.000000132 -0.000000040 |         -0.0 | -0.000006439  0.000000005, -0.000011805 -0.000000377
MOVE:  058 |  0.000002759 -0.000000000 -0.000008977 -0.000000001 -0.000000057  0.000000017 |          0.2 |  0.000002761 -0.000000002,  0.000004142  0.000000756
CONST: 058 | 1 -4.02412e-05 -0.000156 0.000339023 -1.03564e-09 0.000212943 1.72336e-08

ABS:   059 | -0.000042509 -0.000156000  0.000346402  0.000000000  0.000212990  0.000000003 |         62.5 | -0.000039555  0.000006896, -0.000029982  0.000556919
DIFF:  059 | -0.000002268  0.000000000  0.000007379  0.000000001  0.000000047 -0.000000014 |         -0.1 | -0.000002269  0.000000002, -0.000003891 -0.000000400
MOVE:  059 |  0.000000491  0.000000000 -0.000001598  0.000000000 -0.000000010  0.000000003 |          0.1 |  0.000000491 -0.000000000,  0.000000250  0.000000356
CONST: 059 | 1 -4.25088e-05 -0.000156 0.000346402 1.43034e-12 0.00021299 3.06822e-09

ABS:   060 | -0.000042959 -0.000156000  0.000347867  0.000000000  0.000212999  0.000000000 |         62.5 | -0.000040005  0.000006896, -0.000030289  0.000556695
DIFF:  060 | -0.000000450  0.000000000  0.000001465  0.000000000  0.000000009 -0.000000003 |         -0.1 | -0.000000451  0.000000000, -0.000000307 -0.000000224
MOVE:  060 |  0.000000041  0.000000000 -0.000000133  0.000000000 -0.000000001  0.000000000 |          0.0 |  0.000000041 -0.000000000, -0.000000057  0.000000133
CONST: 060 | 1 -4.29592e-05 -0.000156 0.000347867 2.07389e-10 0.000212999 2.5503e-10

ABS:   061 | -0.000042994 -0.000156000  0.000347979  0.000000000  0.000213000  0.000000000 |         62.4 | -0.000040040  0.000006896, -0.000030212  0.000556563
DIFF:  061 | -0.000000034  0.000000000  0.000000112  0.000000000  0.000000001 -0.000000000 |         -0.0 | -0.000000035  0.000000000,  0.000000077 -0.000000133
MOVE:  061 |  0.000000006  0.000000000 -0.000000021  0.000000000 -0.000000000  0.000000000 |         -0.0 |  0.000000006 -0.000000000,  0.000000021 -0.000000000
CONST: 061 | 1 -4.29937e-05 -0.000156 0.000347979 2.23158e-10 0.000213 3.96425e-11

ABS:   062 | -0.000039419 -0.000156000  0.000347979  0.000000000  0.000213000  0.000000000 |         62.4 | -0.000036465  0.000006896, -0.000030213  0.000556563
DIFF:  062 |  0.000003575  0.000000000  0.000000000  0.000000000  0.000000000  0.000000000 |         -0.0 |  0.000003575 -0.000000000, -0.000000001 -0.000000000
MOVE:  062 |  0.000003581  0.000000000 -0.000000021  0.000000000 -0.000000000  0.000000000 |         -0.0 |  0.000003581 -0.000000000,  0.000000020 -0.000000000
CONST: 062 | 1 -3.94188e-05 -0.000156 0.000347979 2.23158e-10 0.000213 3.96425e-11

ABS:   063 | -0.000046569 -0.000156000  0.000347979  0.000000000  0.000213000  0.000000000 |         62.4 | -0.000043615  0.000006896, -0.000030211  0.000556563
DIFF:  063 | -0.000007150  0.000000000  0.000000000  0.000000000  0.000000000  0.000000000 |          0.0 | -0.000007150  0.000000000,  0.000000002  0.000000000
MOVE:  063 | -0.000003569  0.000000000 -0.000000021  0.000000000 -0.000000000  0.000000000 |          0.0 | -0.000003569 -0.000000000,  0.000000021 -0.000000000
CONST: 063 | 1 -4.65686e-05 -0.000156 0.000347979 2.23158e-10 0.000213 3.96425e-11

ABS:   064 | -0.000042994 -0.000155900  0.000347979  0.000000000  0.000213000  0.000000000 |         62.4 | -0.000040030  0.000006939, -0.000030252  0.000556563
DIFF:  064 |  0.000003575  0.000000100  0.000000000  0.000000000  0.000000000  0.000000000 |          0.0 |  0.000003585  0.000000043, -0.000000041  0.000000001
MOVE:  064 |  0.000000006  0.000000100 -0.000000021  0.000000000 -0.000000000  0.000000000 |          0.0 |  0.000000017  0.000000043, -0.000000020  0.000000001
CONST: 064 | 1 -4.29937e-05 -0.0001559 0.000347979 2.23158e-10 0.000213 3.96425e-11

ABS:   065 | -0.000042994 -0.000156100  0.000347979  0.000000000  0.000213000  0.000000000 |         62.5 | -0.000040050  0.000006854, -0.000030361  0.000556694
DIFF:  065 |  0.000000000 -0.000000200  0.000000000  0.000000000  0.000000000  0.000000000 |          0.0 | -0.000000020 -0.000000085, -0.000000109  0.000000131
MOVE:  065 |  0.000000006 -0.000000100 -0.000000021  0.000000000 -0.000000000  0.000000000 |          0.0 | -0.000000004 -0.000000043, -0.000000129  0.000000132
CONST: 065 | 1 -4.29937e-05 -0.0001561 0.000347979 2.23158e-10 0.000213 3.96425e-11

ABS:   066 | -0.000042994 -0.000155990  0.000347979  0.000000000  0.000213000  0.000000000 |         62.4 | -0.000040039  0.000006901, -0.000030216  0.000556563
DIFF:  066 |  0.000000000  0.000000110  0.000000000  0.000000000  0.000000000  0.000000000 |         -0.0 |  0.000000011  0.000000047,  0.000000145 -0.000000132
MOVE:  066 |  0.000000006  0.000000010 -0.000000021  0.000000000 -0.000000000  0.000000000 |         -0.0 |  0.000000007  0.000000004,  0.000000017  0.000000000
CONST: 066 | 1 -4.29937e-05 -0.00015599 0.000347979 2.23158e-10 0.000213 3.96425e-11

ABS:   067 | -0.000042994 -0.000156010  0.000347979  0.000000000  0.000213000  0.000000000 |         62.4 | -0.000040041  0.000006892, -0.000030208  0.000556562
DIFF:  067 |  0.000000000 -0.000000020  0.000000000  0.000000000  0.000000000  0.000000000 |         -0.0 | -0.000000002 -0.000000009,  0.000000008 -0.000000000
MOVE:  067 |  0.000000006 -0.000000010 -0.000000021  0.000000000 -0.000000000  0.000000000 |         -0.0 |  0.000000005 -0.000000004,  0.000000025 -0.000000000
CONST: 067 | 1 -4.29937e-05 -0.00015601 0.000347979 2.23158e-10 0.000213 3.96425e-11

ABS:   068 | -0.000042994 -0.000155900  0.000347979  0.000000000  0.000213000  0.000000000 |         62.4 | -0.000040030  0.000006939, -0.000030252  0.000556563
DIFF:  068 |  0.000000000  0.000000110  0.000000000  0.000000000  0.000000000  0.000000000 |          0.0 |  0.000000011  0.000000047, -0.000000044  0.000000001
MOVE:  068 |  0.000000006  0.000000100 -0.000000021  0.000000000 -0.000000000  0.000000000 |          0.0 |  0.000000017  0.000000043, -0.000000020  0.000000001
CONST: 068 | 1 -4.29937e-05 -0.0001559 0.000347979 2.23158e-10 0.000213 3.96425e-11

ABS:   069 | -0.000042994 -0.000156100  0.000347979  0.000000000  0.000213000  0.000000000 |         62.5 | -0.000040050  0.000006854, -0.000030361  0.000556694
DIFF:  069 |  0.000000000 -0.000000200  0.000000000  0.000000000  0.000000000  0.000000000 |          0.0 | -0.000000020 -0.000000085, -0.000000109  0.000000131
MOVE:  069 |  0.000000006 -0.000000100 -0.000000021  0.000000000 -0.000000000  0.000000000 |          0.0 | -0.000000004 -0.000000043, -0.000000129  0.000000132
CONST: 069 | 1 -4.29937e-05 -0.0001561 0.000347979 2.23158e-10 0.000213 3.96425e-11

ABS:   070 | -0.000042994 -0.000156000  0.000348534  0.000000000  0.000213000  0.000000000 |         62.4 | -0.000040040  0.000006896, -0.000030377  0.000556584
DIFF:  070 |  0.000000000  0.000000100  0.000000555  0.000000000  0.000000000  0.000000000 |         -0.0 |  0.000000010  0.000000043, -0.000000016 -0.000000111
MOVE:  070 |  0.000000006  0.000000000  0.000000534  0.000000000 -0.000000000  0.000000000 |          0.0 |  0.000000006 -0.000000000, -0.000000145  0.000000021
CONST: 070 | 1 -4.29937e-05 -0.000156 0.000348534 2.23158e-10 0.000213 3.96425e-11

ABS:   071 | -0.000042994 -0.000156000  0.000347424  0.000000000  0.000213000  0.000000000 |         62.4 | -0.000040040  0.000006896, -0.000030046  0.000556541
DIFF:  071 |  0.000000000  0.000000000 -0.000001110  0.000000000  0.000000000  0.000000000 |         -0.0 |  0.000000000 -0.000000000,  0.000000331 -0.000000042
MOVE:  071 |  0.000000006  0.000000000 -0.000000576  0.000000000 -0.000000000  0.000000000 |         -0.0 |  0.000000006 -0.000000000,  0.000000186 -0.000000021
CONST: 071 | 1 -4.29937e-05 -0.000156 0.000347424 2.23158e-10 0.000213 3.96425e-11

ABS:   072 | -0.000042994 -0.000156000  0.000347979  0.000004000  0.000213000  0.000000000 |         62.4 | -0.000040106  0.000006880, -0.000030286  0.000556562
DIFF:  072 |  0.000000000  0.000000000  0.000000555  0.000004000  0.000000000  0.000000000 |          0.0 | -0.000000067 -0.000000016, -0.000000239  0.000000021
MOVE:  072 |  0.000000006  0.000000000 -0.000000021  0.000004000 -0.000000000  0.000000000 |          0.0 | -0.000000060 -0.000000016, -0.000000053 -0.000000001
CONST: 072 | 1 -4.29937e-05 -0.000156 0.000347979 4.00027e-06 0.000213 3.96425e-11

ABS:   073 | -0.000042994 -0.000156000  0.000347979 -0.000004000  0.000213000  0.000000000 |         62.5 | -0.000039973  0.000006912, -0.000030327  0.000556696
DIFF:  073 |  0.000000000  0.000000000  0.000000000 -0.000008000  0.000000000  0.000000000 |          0.0 |  0.000000133  0.000000032, -0.000000042  0.000000134
MOVE:  073 |  0.000000006  0.000000000 -0.000000021 -0.000004000 -0.000000000  0.000000000 |          0.0 |  0.000000073  0.000000016, -0.000000095  0.000000133
CONST: 073 | 1 -4.29937e-05 -0.000156 0.000347979 -3.99982e-06 0.000213 3.96425e-11

ABS:   074 | -0.000042994 -0.000156000  0.000347979  0.000000400  0.000213000  0.000000000 |         62.4 | -0.000040046  0.000006895, -0.000030219  0.000556563
DIFF:  074 |  0.000000000  0.000000000  0.000000000  0.000004400  0.000000000  0.000000000 |         -0.0 | -0.000000073 -0.000000018,  0.000000108 -0.000000133
MOVE:  074 |  0.000000006  0.000000000 -0.000000021  0.000000400 -0.000000000  0.000000000 |         -0.0 | -0.000000000 -0.000000002,  0.000000013 -0.000000000
CONST: 074 | 1 -4.29937e-05 -0.000156 0.000347979 4.00227e-07 0.000213 3.96425e-11

ABS:   075 | -0.000042994 -0.000156000  0.000347979 -0.000000400  0.000213000  0.000000000 |         62.4 | -0.000040033  0.000006898, -0.000030204  0.000556563
DIFF:  075 |  0.000000000  0.000000000  0.000000000 -0.000000800  0.000000000  0.000000000 |         -0.0 |  0.000000013  0.000000003,  0.000000015  0.000000000
MOVE:  075 |  0.000000006  0.000000000 -0.000000021 -0.000000400 -0.000000000  0.000000000 |         -0.0 |  0.000000013  0.000000002,  0.000000028  0.000000000
CONST: 075 | 1 -4.29937e-05 -0.000156 0.000347979 -3.99781e-07 0.000213 3.96425e-11

ABS:   076 | -0.000042994 -0.000156000  0.000347979  0.000004000  0.000213000  0.000000000 |         62.4 | -0.000040106  0.000006880, -0.000030286  0.000556562
DIFF:  076 |  0.000000000  0.000000000  0.000000000  0.000004400  0.000000000  0.000000000 |          0.0 | -0.000000073 -0.000000018, -0.000000081 -0.000000001
MOVE:  076 |  0.000000006  0.000000000 -0.000000021  0.000004000 -0.000000000  0.000000000 |          0.0 | -0.000000060 -0.000000016, -0.000000053 -0.000000001
CONST: 076 | 1 -4.29937e-05 -0.000156 0.000347979 4.00027e-06 0.000213 3.96425e-11

ABS:   077 | -0.000042994 -0.000156000  0.000347979 -0.000004000  0.000213000  0.000000000 |         62.5 | -0.000039973  0.000006912, -0.000030327  0.000556696
DIFF:  077 |  0.000000000  0.000000000  0.000000000 -0.000008000  0.000000000  0.000000000 |          0.0 |  0.000000133  0.000000032, -0.000000042  0.000000134
MOVE:  077 |  0.000000006  0.000000000 -0.000000021 -0.000004000 -0.000000000  0.000000000 |          0.0 |  0.000000073  0.000000016, -0.000000095  0.000000133
CONST: 077 | 1 -4.29937e-05 -0.000156 0.000347979 -3.99982e-06 0.000213 3.96425e-11

ABS:   078 | -0.000042994 -0.000156000  0.000347979  0.000000000  0.000255536  0.000000000 |         62.5 | -0.000040035  0.000008553, -0.000030056  0.000556721
DIFF:  078 |  0.000000000  0.000000000  0.000000000  0.000004000  0.000042536  0.000000000 |          0.0 | -0.000000062  0.000001641,  0.000000272  0.000000025
MOVE:  078 |  0.000000006  0.000000000 -0.000000021  0.000000000  0.000042536  0.000000000 |          0.0 |  0.000000011  0.000001657,  0.000000177  0.000000159
CONST: 078 | 1 -4.29937e-05 -0.000156 0.000347979 2.23158e-10 0.000255536 3.96425e-11

ABS:   079 | -0.000042994 -0.000156000  0.000347979  0.000000000  0.000170463  0.000000000 |         62.5 | -0.000040044  0.000005239, -0.000030357  0.000556691
DIFF:  079 |  0.000000000  0.000000000  0.000000000  0.000000000 -0.000085073  0.000000000 |         -0.0 | -0.000000009 -0.000003314, -0.000000302 -0.000000031
MOVE:  079 |  0.000000006  0.000000000 -0.000000021  0.000000000 -0.000042537  0.000000000 |          0.0 |  0.000000002 -0.000001657, -0.000000125  0.000000128
CONST: 079 | 1 -4.29937e-05 -0.000156 0.000347979 2.23158e-10 0.000170463 3.96425e-11

ABS:   080 | -0.000042994 -0.000156000  0.000347979  0.000000000  0.000213000  0.000020000 |         62.5 | -0.000040126  0.000006882, -0.000030361  0.000556693
DIFF:  080 |  0.000000000  0.000000000  0.000000000  0.000000000  0.000042536  0.000020000 |          0.0 | -0.000000082  0.000001643, -0.000000004  0.000000002
MOVE:  080 |  0.000000006  0.000000000 -0.000000021  0.000000000 -0.000000000  0.000020000 |          0.0 | -0.000000080 -0.000000014, -0.000000129  0.000000130
CONST: 080 | 1 -4.29937e-05 -0.000156 0.000347979 2.23158e-10 0.000213 2.00001e-05

ABS:   081 | -0.000042994 -0.000156000  0.000347979  0.000000000  0.000213000 -0.000020000 |         62.4 | -0.000039953  0.000006910, -0.000030252  0.000556565
DIFF:  081 |  0.000000000  0.000000000  0.000000000  0.000000000  0.000000000 -0.000040000 |         -0.0 |  0.000000173  0.000000028,  0.000000109 -0.000000128
MOVE:  081 |  0.000000006  0.000000000 -0.000000021  0.000000000 -0.000000000 -0.000020000 |          0.0 |  0.000000093  0.000000014, -0.000000020  0.000000003
CONST: 081 | 1 -4.29937e-05 -0.000156 0.000347979 2.23158e-10 0.000213 -2e-05

ABS:   082 | -0.000042994 -0.000156000  0.000347979  0.000000000  0.000213000  0.000002000 |         62.4 | -0.000040048  0.000006895, -0.000030208  0.000556562
DIFF:  082 |  0.000000000  0.000000000  0.000000000  0.000000000  0.000000000  0.000022000 |         -0.0 | -0.000000095 -0.000000015,  0.000000044 -0.000000003
MOVE:  082 |  0.000000006  0.000000000 -0.000000021  0.000000000 -0.000000000  0.000002000 |         -0.0 | -0.000000002 -0.000000001,  0.000000025 -0.000000000
CONST: 082 | 1 -4.29937e-05 -0.000156 0.000347979 2.23158e-10 0.000213 2.00004e-06

ABS:   083 | -0.000042994 -0.000156000  0.000347979  0.000000000  0.000213000 -0.000002000 |         62.4 | -0.000040031  0.000006898, -0.000030216  0.000556563
DIFF:  083 |  0.000000000  0.000000000  0.000000000  0.000000000  0.000000000 -0.000004000 |          0.0 |  0.000000017  0.000000003, -0.000000008  0.000000001
MOVE:  083 |  0.000000006  0.000000000 -0.000000021  0.000000000 -0.000000000 -0.000002000 |         -0.0 |  0.000000015  0.000000001,  0.000000017  0.000000000
CONST: 083 | 1 -4.29937e-05 -0.000156 0.000347979 2.23158e-10 0.000213 -1.99997e-06

ABS:   084 | -0.000042994 -0.000156000  0.000347979  0.000000000  0.000213000  0.000020000 |         62.5 | -0.000040126  0.000006882, -0.000030361  0.000556693
DIFF:  084 |  0.000000000  0.000000000  0.000000000  0.000000000  0.000000000  0.000022000 |          0.0 | -0.000000095 -0.000000015, -0.000000145  0.000000130
MOVE:  084 |  0.000000006  0.000000000 -0.000000021  0.000000000 -0.000000000  0.000020000 |          0.0 | -0.000000080 -0.000000014, -0.000000129  0.000000130
CONST: 084 | 1 -4.29937e-05 -0.000156 0.000347979 2.23158e-10 0.000213 2.00001e-05

ABS:   085 | -0.000042994 -0.000156000  0.000347979  0.000000000  0.000213000 -0.000020000 |         62.4 | -0.000039953  0.000006910, -0.000030252  0.000556565
DIFF:  085 |  0.000000000  0.000000000  0.000000000  0.000000000  0.000000000 -0.000040000 |         -0.0 |  0.000000173  0.000000028,  0.000000109 -0.000000128
MOVE:  085 |  0.000000006  0.000000000 -0.000000021  0.000000000 -0.000000000 -0.000020000 |          0.0 |  0.000000093  0.000000014, -0.000000020  0.000000003
CONST: 085 | 1 -4.29937e-05 -0.000156 0.000347979 2.23158e-10 0.000213 -2e-05

ABS:   086 |  0.000001999 -0.000156000  0.000201536 -0.000000020  0.000212074 -0.000000177 |         64.5 |  0.000004985  0.000006860,  0.000040024  0.000563133
DIFF:  086 |  0.000044992 -0.000000000 -0.000146444 -0.000000021 -0.000000926  0.000019823 |          2.1 |  0.000044938 -0.000000050,  0.000070276  0.000006568
MOVE:  086 |  0.000044999 -0.000000000 -0.000146464 -0.000000020 -0.000000926 -0.000000177 |          2.1 |  0.000045031 -0.000000036,  0.000070256  0.000006570
CONST: 086 | 1 1.99863e-06 -0.000156 0.000201536 -2.0335e-08 0.000212074 -1.76553e-07

ABS:   087 | -0.000032603 -0.000156000  0.000314171 -0.000000005  0.000212786 -0.000000041 |         62.7 | -0.000029642  0.000006888, -0.000012117  0.000557797
DIFF:  087 | -0.000034602  0.000000000  0.000112635  0.000000016  0.000000712  0.000000136 |         -1.8 | -0.000034627  0.000000028, -0.000052141 -0.000005336
MOVE:  087 |  0.000010397 -0.000000000 -0.000033829 -0.000000005 -0.000000214 -0.000000041 |          0.3 |  0.000010404 -0.000000008,  0.000018115  0.000001234
CONST: 087 | 1 -3.26035e-05 -0.000156 0.000314171 -4.52286e-09 0.000212786 -4.07282e-08

ABS:   088 | -0.000039835 -0.000156000  0.000337702 -0.000000001  0.000212935 -0.000000012 |         62.6 | -0.000036879  0.000006894, -0.000025748  0.000557130
DIFF:  088 | -0.000007232  0.000000000  0.000023532  0.000000003  0.000000149  0.000000028 |         -0.1 | -0.000007237  0.000000006, -0.000013631 -0.000000666
MOVE:  088 |  0.000003165 -0.000000000 -0.000010298 -0.000000001 -0.000000065 -0.000000012 |          0.1 |  0.000003167 -0.000000003,  0.000004485  0.000000568
CONST: 088 | 1 -3.98353e-05 -0.000156 0.000337702 -1.2195e-09 0.000212935 -1.23526e-08

ABS:   089 | -0.000042257 -0.000156000  0.000345581 -0.000000000  0.000212985 -0.000000003 |         62.5 | -0.000039302  0.000006896, -0.000029551  0.000556898
DIFF:  089 | -0.000002421  0.000000000  0.000007878  0.000000001  0.000000050  0.000000010 |         -0.0 | -0.000002423  0.000000002, -0.000003803 -0.000000232
MOVE:  089 |  0.000000743  0.000000000 -0.000002419 -0.000000000 -0.000000015 -0.000000003 |          0.1 |  0.000000744 -0.000000001,  0.000000682  0.000000335
CONST: 089 | 1 -4.22565e-05 -0.000156 0.000345581 -1.1354e-10 0.000212985 -2.85256e-09

ABS:   090 | -0.000042910 -0.000156000  0.000347709  0.000000000  0.000212998 -0.000000000 |         62.5 | -0.000039957  0.000006896, -0.000030131  0.000556695
DIFF:  090 | -0.000000654  0.000000000  0.000002128  0.000000000  0.000000013  0.000000003 |         -0.1 | -0.000000654  0.000000001, -0.000000580 -0.000000203
MOVE:  090 |  0.000000090  0.000000000 -0.000000291  0.000000000 -0.000000002 -0.000000000 |          0.0 |  0.000000090 -0.000000000,  0.000000102  0.000000133
CONST: 090 | 1 -4.29105e-05 -0.000156 0.000347709 1.85168e-10 0.000212998 -2.8669e-10

ABS:   091 | -0.000042990 -0.000156000  0.000347966  0.000000000  0.000213000  0.000000000 |         62.4 | -0.000040036  0.000006896, -0.000030198  0.000556563
DIFF:  091 | -0.000000079  0.000000000  0.000000257  0.000000000  0.000000002  0.000000000 |         -0.0 | -0.000000079  0.000000000, -0.000000068 -0.000000133
MOVE:  091 |  0.000000010  0.000000000 -0.000000034  0.000000000 -0.000000000  0.000000000 |         -0.0 |  0.000000011 -0.000000000,  0.000000034 -0.000000000
CONST: 091 | 1 -4.29895e-05 -0.000156 0.000347966 2.21258e-10 0.000213 2.33259e-11

ABS:   092 | -0.000039415 -0.000156000  0.000347966  0.000000000  0.000213000  0.000000000 |         62.4 | -0.000036461  0.000006896, -0.000030199  0.000556563
DIFF:  092 |  0.000003575  0.000000000  0.000000000  0.000000000  0.000000000  0.000000000 |         -0.0 |  0.000003575 -0.000000000, -0.000000001 -0.000000000
MOVE:  092 |  0.000003585  0.000000000 -0.000000034  0.000000000 -0.000000000  0.000000000 |         -0.0 |  0.000003585 -0.000000000,  0.000000033 -0.000000000
CONST: 092 | 1 -3.94146e-05 -0.000156 0.000347966 2.21258e-10 0.000213 2.33259e-11

ABS:   093 | -0.000046564 -0.000156000  0.000347966  0.000000000  0.000213000  0.000000000 |         62.4 | -0.000043611  0.000006896, -0.000030197  0.000556563
DIFF:  093 | -0.000007150  0.000000000  0.000000000  0.000000000  0.000000000  0.000000000 |          0.0 | -0.000007150  0.000000000,  0.000000002  0.000000000
MOVE:  093 | -0.000003564  0.000000000 -0.000000034  0.000000000 -0.000000000  0.000000000 |         -0.0 | -0.000003564 -0.000000000,  0.000000035 -0.000000000
CONST: 093 | 1 -4.65644e-05 -0.000156 0.000347966 2.21258e-10 0.000213 2.33259e-11

ABS:   094 | -0.000042990 -0.000155990  0.000347966  0.000000000  0.000213000  0.000000000 |         62.4 | -0.000040035  0.000006901, -0.000030202  0.000556563
DIFF:  094 |  0.000003575  0.000000010  0.000000000  0.000000000  0.000000000  0.000000000 |         -0.0 |  0.000003576  0.000000004, -0.000000005  0.000000000
MOVE:  094 |  0.000000010  0.000000010 -0.000000034  0.000000000 -0.000000000  0.000000000 |         -0.0 |  0.000000012  0.000000004,  0.000000030  0.000000000
CONST: 094 | 1 -4.29895e-05 -0.00015599 0.000347966 2.21258e-10 0.000213 2.33259e-11

ABS:   095 | -0.000042990 -0.000156010  0.000347966  0.000000000  0.000213000  0.000000000 |         62.4 | -0.000040037  0.000006892, -0.000030194  0.000556562
DIFF:  095 |  0.000000000 -0.000000020  0.000000000  0.000000000  0.000000000  0.000000000 |         -0.0 | -0.000000002 -0.000000009,  0.000000008 -0.000000000
MOVE:  095 |  0.000000010 -0.000000010 -0.000000034  0.000000000 -0.000000000  0.000000000 |         -0.0 |  0.000000009 -0.000000004,  0.000000038 -0.000000000
CONST: 095 | 1 -4.29895e-05 -0.00015601 0.000347966 2.21258e-10 0.000213 2.33259e-11

ABS:   096 | -0.000042990 -0.000155900  0.000347966  0.000000000  0.000213000  0.000000000 |         62.4 | -0.000040025  0.000006939, -0.000030238  0.000556563
DIFF:  096 |  0.000000000  0.000000110  0.000000000  0.000000000  0.000000000  0.000000000 |          0.0 |  0.000000011  0.000000047, -0.000000044  0.000000001
MOVE:  096 |  0.000000010  0.000000100 -0.000000034  0.000000000 -0.000000000  0.000000000 |          0.0 |  0.000000021  0.000000043, -0.000000006  0.000000001
CONST: 096 | 1 -4.29895e-05 -0.0001559 0.000347966 2.21258e-10 0.000213 2.33259e-11

ABS:   097 | -0.000042990 -0.000156100  0.000347966  0.000000000  0.000213000  0.000000000 |         62.5 | -0.000040046  0.000006854, -0.000030347  0.000556694
DIFF:  097 |  0.000000000 -0.000000200  0.000000000  0.000000000  0.000000000  0.000000000 |          0.0 | -0.000000020 -0.000000085, -0.000000109  0.000000131
MOVE:  097 |  0.000000010 -0.000000100 -0.000000034  0.000000000 -0.000000000  0.000000000 |          0.0 |  0.000000000 -0.000000043, -0.000000115  0.000000132
CONST: 097 | 1 -4.29895e-05 -0.0001561 0.000347966 2.21258e-10 0.000213 2.33259e-11

ABS:   098 | -0.000042990 -0.000155990  0.000347966  0.000000000  0.000213000  0.000000000 |         62.4 | -0.000040035  0.000006901, -0.000030202  0.000556563
DIFF:  098 |  0.000000000  0.000000110  0.000000000  0.000000000  0.000000000  0.000000000 |         -0.0 |  0.000000011  0.000000047,  0.000000145 -0.000000132
MOVE:  098 |  0.000000010  0.000000010 -0.000000034  0.000000000 -0.000000000  0.000000000 |         -0.0 |  0.000000012  0.000000004,  0.000000030  0.000000000
CONST: 098 | 1 -4.29895e-05 -0.00015599 0.000347966 2.21258e-10 0.000213 2.33259e-11

ABS:   099 | -0.000042990 -0.000156010  0.000347966  0.000000000  0.000213000  0.000000000 |         62.4 | -0.000040037  0.000006892, -0.000030194  0.000556562
DIFF:  099 |  0.000000000 -0.000000020  0.000000000  0.000000000  0.000000000  0.000000000 |         -0.0 | -0.000000002 -0.000000009,  0.000000008 -0.000000000
MOVE:  099 |  0.000000010 -0.000000010 -0.000000034  0.000000000 -0.000000000  0.000000000 |         -0.0 |  0.000000009 -0.000000004,  0.000000038 -0.000000000
CONST: 099 | 1 -4.29895e-05 -0.00015601 0.000347966 2.21258e-10 0.000213 2.33259e-11

ABS:   100 | -0.000042990 -0.000156000  0.000348522  0.000000000  0.000213000  0.000000000 |         62.4 | -0.000040036  0.000006896, -0.000030365  0.000556584
DIFF:  100 |  0.000000000  0.000000010  0.000000557  0.000000000  0.000000000  0.000000000 |          0.0 |  0.000000001  0.000000004, -0.000000171  0.000000021
MOVE:  100 |  0.000000010  0.000000000  0.000000522  0.000000000 -0.000000000  0.000000000 |          0.0 |  0.000000010 -0.000000000, -0.000000133  0.000000021
CONST: 100 | 1 -4.29895e-05 -0.000156 0.000348522 2.21258e-10 0.000213 2.33259e-11

ABS:   101 | -0.000042990 -0.000156000  0.000347409  0.000000000  0.000213000  0.000000000 |         62.4 | -0.000040036  0.000006896, -0.000030031  0.000556541
DIFF:  101 |  0.000000000  0.000000000 -0.000001113  0.000000000  0.000000000  0.000000000 |         -0.0 |  0.000000000 -0.000000000,  0.000000334 -0.000000042
MOVE:  101 |  0.000000010  0.000000000 -0.000000591  0.000000000 -0.000000000  0.000000000 |         -0.0 |  0.000000011 -0.000000000,  0.000000201 -0.000000021
CONST: 101 | 1 -4.29895e-05 -0.000156 0.000347409 2.21258e-10 0.000213 2.33259e-11

ABS:   102 | -0.000042990 -0.000156000  0.000347966  0.000000400  0.000213000  0.000000000 |         62.4 | -0.000040042  0.000006895, -0.000030206  0.000556563
DIFF:  102 |  0.000000000  0.000000000  0.000000557  0.000000400  0.000000000  0.000000000 |          0.0 | -0.000000007 -0.000000002, -0.000000174  0.000000021
MOVE:  102 |  0.000000010  0.000000000 -0.000000034  0.000000400 -0.000000000  0.000000000 |         -0.0 |  0.000000004 -0.000000002,  0.000000027 -0.000000000
CONST: 102 | 1 -4.29895e-05 -0.000156 0.000347966 4.00226e-07 0.000213 2.33259e-11

ABS:   103 | -0.000042990 -0.000156000  0.000347966 -0.000000400  0.000213000  0.000000000 |         62.4 | -0.000040029  0.000006898, -0.000030191  0.000556563
DIFF:  103 |  0.000000000  0.000000000  0.000000000 -0.000000800  0.000000000  0.000000000 |         -0.0 |  0.000000013  0.000000003,  0.000000015  0.000000000
MOVE:  103 |  0.000000010  0.000000000 -0.000000034 -0.000000400 -0.000000000  0.000000000 |         -0.0 |  0.000000017  0.000000002,  0.000000042  0.000000000
CONST: 103 | 1 -4.29895e-05 -0.000156 0.000347966 -3.99783e-07 0.000213 2.33259e-11

ABS:   104 | -0.000042990 -0.000156000  0.000347966  0.000004000  0.000213000  0.000000000 |         62.4 | -0.000040102  0.000006880, -0.000030272  0.000556562
DIFF:  104 |  0.000000000  0.000000000  0.000000000  0.000004400  0.000000000  0.000000000 |          0.0 | -0.000000073 -0.000000018, -0.000000081 -0.000000001
MOVE:  104 |  0.000000010  0.000000000 -0.000000034  0.000004000 -0.000000000  0.000000000 |          0.0 | -0.000000056 -0.000000016, -0.000000040 -0.000000001
CONST: 104 | 1 -4.29895e-05 -0.000156 0.000347966 4.00026e-06 0.000213 2.33259e-11

ABS:   105 | -0.000042990 -0.000156000  0.000347966 -0.000004000  0.000213000  0.000000000 |         62.5 | -0.000039969  0.000006912, -0.000030314  0.000556696
DIFF:  105 |  0.000000000  0.000000000  0.000000000 -0.000008000  0.000000000  0.000000000 |          0.0 |  0.000000133  0.000000032, -0.000000042  0.000000134
MOVE:  105 |  0.000000010  0.000000000 -0.000000034 -0.000004000 -0.000000000  0.000000000 |          0.0 |  0.000000077  0.000000016, -0.000000082  0.000000133
CONST: 105 | 1 -4.29895e-05 -0.000156 0.000347966 -3.99982e-06 0.000213 2.33259e-11

ABS:   106 | -0.000042990 -0.000156000  0.000347966  0.000000400  0.000213000  0.000000000 |         62.4 | -0.000040042  0.000006895, -0.000030206  0.000556563
DIFF:  106 |  0.000000000  0.000000000  0.000000000  0.000004400  0.000000000  0.000000000 |         -0.0 | -0.000000073 -0.000000018,  0.000000108 -0.000000133
MOVE:  106 |  0.000000010  0.000000000 -0.000000034  0.000000400 -0.000000000  0.000000000 |         -0.0 |  0.000000004 -0.000000002,  0.000000027 -0.000000000
CONST: 106 | 1 -4.29895e-05 -0.000156 0.000347966 4.00226e-07 0.000213 2.33259e-11

ABS:   107 | -0.000042990 -0.000156000  0.000347966 -0.000000400  0.000213000  0.000000000 |         62.4 | -0.000040029  0.000006898, -0.000030191  0.000556563
DIFF:  107 |  0.000000000  0.000000000  0.000000000 -0.000000800  0.000000000  0.000000000 |         -0.0 |  0.000000013  0.000000003,  0.000000015  0.000000000
MOVE:  107 |  0.000000010  0.000000000 -0.000000034 -0.000000400 -0.000000000  0.000000000 |         -0.0 |  0.000000017  0.000000002,  0.000000042  0.000000000
CONST: 107 | 1 -4.29895e-05 -0.000156 0.000347966 -3.99783e-07 0.000213 2.33259e-11

ABS:   108 | -0.000042990 -0.000156000  0.000347966  0.000000000  0.000217253  0.000000000 |         62.4 | -0.000040035  0.000007062, -0.000030203  0.000556563
DIFF:  108 |  0.000000000  0.000000000  0.000000000  0.000000400  0.000004254  0.000000000 |          0.0 | -0.000000006  0.000000164, -0.000000012  0.000000000
MOVE:  108 |  0.000000010  0.000000000 -0.000000034  0.000000000  0.000004253  0.000000000 |         -0.0 |  0.000000011  0.000000166,  0.000000030  0.000000000
CONST: 108 | 1 -4.29895e-05 -0.000156 0.000347966 2.21258e-10 0.000217253 2.33259e-11

ABS:   109 | -0.000042990 -0.000156000  0.000347966  0.000000000  0.000208746  0.000000000 |         62.4 | -0.000040036  0.000006731, -0.000030194  0.000556562
DIFF:  109 |  0.000000000  0.000000000  0.000000000  0.000000000 -0.000008507  0.000000000 |         -0.0 | -0.000000001 -0.000000331,  0.000000009 -0.000000001
MOVE:  109 |  0.000000010  0.000000000 -0.000000034  0.000000000 -0.000004254  0.000000000 |         -0.0 |  0.000000010 -0.000000166,  0.000000039 -0.000000000
CONST: 109 | 1 -4.29895e-05 -0.000156 0.000347966 2.21258e-10 0.000208746 2.33259e-11

ABS:   110 | -0.000042990 -0.000156000  0.000347966  0.000000000  0.000213000  0.000002000 |         62.4 | -0.000040044  0.000006895, -0.000030194  0.000556562
DIFF:  110 |  0.000000000  0.000000000  0.000000000  0.000000000  0.000004254  0.000002000 |          0.0 | -0.000000008  0.000000164, -0.000000000  0.000000000
MOVE:  110 |  0.000000010  0.000000000 -0.000000034  0.000000000 -0.000000000  0.000002000 |         -0.0 |  0.000000002 -0.000000001,  0.000000038 -0.000000000
CONST: 110 | 1 -4.29895e-05 -0.000156 0.000347966 2.21258e-10 0.000213 2.00003e-06

