ABS:   itr |       deltaX       deltaY       deltaZ         phiX         phiY         phiZ |        chisq |    rphi mean     rphi rms,       z mean        z rms
ABS:   =========================================================================================================================================================
DIFF:  itr |       deltaX       deltaY       deltaZ         phiX         phiY         phiZ |        chisq |    rphi mean     rphi rms,       z mean        z rms
DIFF:  =========================================================================================================================================================
MOVE:  itr |       deltaX       deltaY       deltaZ         phiX         phiY         phiZ |        chisq |    rphi mean     rphi rms,       z mean        z rms
MOVE:  =========================================================================================================================================================
ABS:   001 | -0.000054000  0.000070000  0.000088000  0.000000000 -0.000543000  0.000000000 |          0.4 |  0.000012938  0.000052308, -0.000112669  0.000459120
CONST: 001 | 41 -5.4e-05 7e-05 8.8e-05 0 -0.000543 0

ABS:   001 | -0.000054000  0.000070000  0.000088000  0.000000000 -0.000543000  0.000000000 |          0.4 |  0.000012938  0.000052308, -0.000112669  0.000459120
CONST: 001 | 41 -5.4e-05 7e-05 8.8e-05 0 -0.000543 0

ABS:   002 | -0.000044000  0.000070000  0.000088000  0.000000000 -0.000543000  0.000000000 |          0.4 |  0.000018625  0.000048837, -0.000112664  0.000459120
DIFF:  002 |  0.000010000 -0.000000000 -0.000000000  0.000000000 -0.000000000  0.000000000 |         -0.0 |  0.000005687 -0.000003471,  0.000000005 -0.000000000
MOVE:  002 |  0.000010000 -0.000000000 -0.000000000  0.000000000 -0.000000000  0.000000000 |         -0.0 |  0.000005687 -0.000003471,  0.000000005 -0.000000000
CONST: 002 | 41 -4.4e-05 7e-05 8.8e-05 0 -0.000543 0

ABS:   003 | -0.000064000  0.000070000  0.000088000  0.000000000 -0.000543000  0.000000000 |          0.4 |  0.000005073  0.000053947, -0.000112675  0.000459120
DIFF:  003 | -0.000020000  0.000000000  0.000000000  0.000000000  0.000000000  0.000000000 |          0.0 | -0.000013552  0.000005111, -0.000000011 -0.000000000
MOVE:  003 | -0.000010000 -0.000000000 -0.000000000  0.000000000 -0.000000000  0.000000000 |          0.0 | -0.000007865  0.000001639, -0.000000005 -0.000000000
CONST: 003 | 41 -6.4e-05 7e-05 8.8e-05 0 -0.000543 0

ABS:   004 |  0.000045835  0.000070000  0.000088000  0.000000000 -0.000543000  0.000000000 |          0.4 |  0.000065994  0.000036905, -0.000112615  0.000459120
DIFF:  004 |  0.000109835  0.000000000  0.000000000  0.000000000  0.000000000  0.000000000 |          0.0 |  0.000060921 -0.000017043,  0.000000060  0.000000000
MOVE:  004 |  0.000099835 -0.000000000 -0.000000000  0.000000000 -0.000000000  0.000000000 |          0.0 |  0.000053056 -0.000015404,  0.000000054  0.000000000
CONST: 004 | 41 4.58351e-05 7e-05 8.8e-05 0 -0.000543 0

ABS:   005 | -0.000153835  0.000070000  0.000088000  0.000000000 -0.000543000  0.000000000 |          0.5 | -0.000061839  0.000040695, -0.000112724  0.000459120
DIFF:  005 | -0.000199670  0.000000000  0.000000000  0.000000000  0.000000000  0.000000000 |          0.0 | -0.000127833  0.000003790, -0.000000108 -0.000000000
MOVE:  005 | -0.000099835 -0.000000000 -0.000000000  0.000000000 -0.000000000  0.000000000 |          0.0 | -0.000074777 -0.000011613, -0.000000054  0.000000000
CONST: 005 | 41 -0.000153835 7e-05 8.8e-05 0 -0.000543 0

ABS:   006 | -0.000054000  0.000080000  0.000088000  0.000000000 -0.000543000  0.000000000 |          0.4 |  0.000013693  0.000052247, -0.000120502  0.000459637
DIFF:  006 |  0.000099835  0.000010000  0.000000000  0.000000000  0.000000000  0.000000000 |         -0.0 |  0.000075532  0.000011552, -0.000007778  0.000000517
MOVE:  006 | -0.000000000  0.000010000 -0.000000000  0.000000000 -0.000000000  0.000000000 |          0.0 |  0.000000754 -0.000000061, -0.000007832  0.000000517
CONST: 006 | 41 -5.4e-05 8e-05 8.8e-05 0 -0.000543 0

ABS:   007 | -0.000054000  0.000060000  0.000088000  0.000000000 -0.000543000  0.000000000 |          0.4 |  0.000012184  0.000052378, -0.000104837  0.000458669
DIFF:  007 |  0.000000000 -0.000020000  0.000000000  0.000000000  0.000000000  0.000000000 |         -0.0 | -0.000001509  0.000000131,  0.000015664 -0.000000968
MOVE:  007 | -0.000000000 -0.000010000 -0.000000000  0.000000000 -0.000000000  0.000000000 |         -0.0 | -0.000000754  0.000000070,  0.000007832 -0.000000451
CONST: 007 | 41 -5.4e-05 6e-05 8.8e-05 0 -0.000543 0

ABS:   008 | -0.000054000  0.000169835  0.000088000  0.000000000 -0.000543000  0.000000000 |          0.5 |  0.000016046  0.000048329, -0.000190862  0.000467201
DIFF:  008 |  0.000000000  0.000109835  0.000000000  0.000000000  0.000000000  0.000000000 |          0.0 |  0.000003862 -0.000004048, -0.000086025  0.000008533
MOVE:  008 | -0.000000000  0.000099835 -0.000000000  0.000000000 -0.000000000  0.000000000 |          0.0 |  0.000003107 -0.000003979, -0.000078193  0.000008082
CONST: 008 | 41 -5.4e-05 0.000169835 8.8e-05 0 -0.000543 0

ABS:   009 | -0.000054000 -0.000029835  0.000088000  0.000000000 -0.000543000  0.000000000 |          0.4 |  0.000007494  0.000054872, -0.000037017  0.000451010
DIFF:  009 |  0.000000000 -0.000199670  0.000000000  0.000000000  0.000000000  0.000000000 |         -0.1 | -0.000008552  0.000006542,  0.000153846 -0.000016191
MOVE:  009 | -0.000000000 -0.000099835 -0.000000000  0.000000000 -0.000000000  0.000000000 |         -0.0 | -0.000005445  0.000002564,  0.000075653 -0.000008110
CONST: 009 | 41 -5.4e-05 -2.98351e-05 8.8e-05 0 -0.000543 0

ABS:   010 | -0.000054000  0.000070000  0.000588000  0.000000000 -0.000543000  0.000000000 |          0.7 |  0.000013210  0.000052308, -0.000311929  0.000554810
DIFF:  010 |  0.000000000  0.000099835  0.000500000  0.000000000  0.000000000  0.000000000 |          0.3 |  0.000005716 -0.000002564, -0.000274912  0.000103800
MOVE:  010 | -0.000000000 -0.000000000  0.000500000  0.000000000 -0.000000000  0.000000000 |          0.2 |  0.000000271 -0.000000000, -0.000199260  0.000095691
CONST: 010 | 41 -5.4e-05 7e-05 0.000588 0 -0.000543 0

ABS:   011 | -0.000054000  0.000070000 -0.000412000  0.000000000 -0.000543000  0.000000000 |          0.5 |  0.000012667  0.000052308,  0.000260200  0.000471791
DIFF:  011 |  0.000000000  0.000000000 -0.001000000  0.000000000  0.000000000  0.000000000 |         -0.2 | -0.000000543 -0.000000000,  0.000572129 -0.000083019
MOVE:  011 | -0.000000000 -0.000000000 -0.000500000  0.000000000 -0.000000000  0.000000000 |          0.1 | -0.000000271 -0.000000000,  0.000372870  0.000012672
CONST: 011 | 41 -5.4e-05 7e-05 -0.000412 0 -0.000543 0
