ABS:   itr |       deltaX       deltaY       deltaZ         phiX         phiY         phiZ |        chisq |    rphi mean     rphi rms,       z mean        z rms
ABS:   =========================================================================================================================================================
DIFF:  itr |       deltaX       deltaY       deltaZ         phiX         phiY         phiZ |        chisq |    rphi mean     rphi rms,       z mean        z rms
DIFF:  =========================================================================================================================================================
MOVE:  itr |       deltaX       deltaY       deltaZ         phiX         phiY         phiZ |        chisq |    rphi mean     rphi rms,       z mean        z rms
MOVE:  =========================================================================================================================================================
ABS:   001 |  0.000695000  0.000235000  0.000360000 -0.000500000 -0.001254000  0.000000000 |         53.2 |  0.000010159  0.000059654, -0.000046661  0.000559189
CONST: 001 | 24 0.000695 0.000235 0.00036 -0.0005 -0.001254 0

ABS:   001 |  0.000695000  0.000235000  0.000360000 -0.000500000 -0.001254000  0.000000000 |         53.2 |  0.000010159  0.000059654, -0.000046661  0.000559189
CONST: 001 | 24 0.000695 0.000235 0.00036 -0.0005 -0.001254 0

ABS:   002 |  0.000695100  0.000235000  0.000360000 -0.000500000 -0.001254000  0.000000000 |         53.2 |  0.000010194  0.000059665, -0.000046661  0.000559189
DIFF:  002 |  0.000000100 -0.000000000 -0.000000000 -0.000000000  0.000000000  0.000000000 |          0.0 |  0.000000035  0.000000011,  0.000000000  0.000000000
MOVE:  002 |  0.000000100 -0.000000000 -0.000000000 -0.000000000  0.000000000  0.000000000 |          0.0 |  0.000000035  0.000000011,  0.000000000  0.000000000
CONST: 002 | 24 0.0006951 0.000235 0.00036 -0.0005 -0.001254 0

ABS:   003 |  0.000694900  0.000235000  0.000360000 -0.000500000 -0.001254000  0.000000000 |         53.2 |  0.000010094  0.000059623, -0.000046661  0.000559189
DIFF:  003 | -0.000000200  0.000000000  0.000000000  0.000000000  0.000000000  0.000000000 |         -0.0 | -0.000000100 -0.000000041, -0.000000000 -0.000000000
MOVE:  003 | -0.000000100 -0.000000000 -0.000000000 -0.000000000  0.000000000  0.000000000 |         -0.0 | -0.000000065 -0.000000030, -0.000000000  0.000000000
CONST: 003 | 24 0.0006949 0.000235 0.00036 -0.0005 -0.001254 0

ABS:   004 |  0.000695010  0.000235000  0.000360000 -0.000500000 -0.001254000  0.000000000 |         53.2 |  0.000010139  0.000059634, -0.000046661  0.000559189
DIFF:  004 |  0.000000110  0.000000000  0.000000000  0.000000000  0.000000000  0.000000000 |          0.0 |  0.000000045  0.000000011,  0.000000000 -0.000000000
MOVE:  004 |  0.000000010 -0.000000000 -0.000000000 -0.000000000  0.000000000  0.000000000 |         -0.0 | -0.000000020 -0.000000019,  0.000000000 -0.000000000
CONST: 004 | 24 0.00069501 0.000235 0.00036 -0.0005 -0.001254 0

ABS:   005 |  0.000694990  0.000235000  0.000360000 -0.000500000 -0.001254000  0.000000000 |         53.2 |  0.000010149  0.000059654, -0.000046661  0.000559189
DIFF:  005 | -0.000000020  0.000000000  0.000000000  0.000000000  0.000000000  0.000000000 |          0.0 |  0.000000010  0.000000019, -0.000000000  0.000000000
MOVE:  005 | -0.000000010 -0.000000000 -0.000000000 -0.000000000  0.000000000  0.000000000 |         -0.0 | -0.000000010 -0.000000000, -0.000000000 -0.000000000
CONST: 005 | 24 0.00069499 0.000235 0.00036 -0.0005 -0.001254 0

ABS:   006 |  0.000695001  0.000235000  0.000360000 -0.000500000 -0.001254000  0.000000000 |         53.2 |  0.000010160  0.000059654, -0.000046661  0.000559189
DIFF:  006 |  0.000000011  0.000000000  0.000000000  0.000000000  0.000000000  0.000000000 |          0.0 |  0.000000011  0.000000000,  0.000000000  0.000000000
MOVE:  006 |  0.000000001 -0.000000000 -0.000000000 -0.000000000  0.000000000  0.000000000 |          0.0 |  0.000000001 -0.000000000,  0.000000000  0.000000000
CONST: 006 | 24 0.000695001 0.000235 0.00036 -0.0005 -0.001254 0

ABS:   007 |  0.000694999  0.000235000  0.000360000 -0.000500000 -0.001254000  0.000000000 |         53.2 |  0.000010158  0.000059654, -0.000046661  0.000559189
DIFF:  007 | -0.000000002  0.000000000  0.000000000  0.000000000  0.000000000  0.000000000 |         -0.0 | -0.000000002 -0.000000000, -0.000000000 -0.000000000
MOVE:  007 | -0.000000001 -0.000000000 -0.000000000 -0.000000000  0.000000000  0.000000000 |         -0.0 | -0.000000001 -0.000000000, -0.000000000  0.000000000
CONST: 007 | 24 0.000694999 0.000235 0.00036 -0.0005 -0.001254 0

ABS:   008 |  0.000695000  0.000235100  0.000360000 -0.000500000 -0.001254000  0.000000000 |         53.2 |  0.000010135  0.000059634, -0.000046653  0.000559190
DIFF:  008 |  0.000000001  0.000000100  0.000000000  0.000000000  0.000000000  0.000000000 |         -0.0 | -0.000000023 -0.000000020,  0.000000008  0.000000001
MOVE:  008 |  0.000000000  0.000000100 -0.000000000 -0.000000000  0.000000000  0.000000000 |         -0.0 | -0.000000024 -0.000000020,  0.000000008  0.000000001
CONST: 008 | 24 0.000695 0.0002351 0.00036 -0.0005 -0.001254 0

ABS:   009 |  0.000695000  0.000234900  0.000360000 -0.000500000 -0.001254000  0.000000000 |         53.2 |  0.000010154  0.000059655, -0.000046669  0.000559188
DIFF:  009 |  0.000000000 -0.000000200  0.000000000  0.000000000  0.000000000  0.000000000 |          0.0 |  0.000000019  0.000000021, -0.000000017 -0.000000002
MOVE:  009 |  0.000000000 -0.000000100 -0.000000000 -0.000000000  0.000000000  0.000000000 |         -0.0 | -0.000000005  0.000000001, -0.000000008 -0.000000001
CONST: 009 | 24 0.000695 0.0002349 0.00036 -0.0005 -0.001254 0

ABS:   010 |  0.000695000  0.000235010  0.000360000 -0.000500000 -0.001254000  0.000000000 |         53.2 |  0.000010159  0.000059654, -0.000046660  0.000559189
DIFF:  010 |  0.000000000  0.000000110  0.000000000  0.000000000  0.000000000  0.000000000 |          0.0 |  0.000000006 -0.000000001,  0.000000009  0.000000001
MOVE:  010 |  0.000000000  0.000000010 -0.000000000 -0.000000000  0.000000000  0.000000000 |          0.0 |  0.000000001 -0.000000000,  0.000000001  0.000000000
CONST: 010 | 24 0.000695 0.00023501 0.00036 -0.0005 -0.001254 0

ABS:   011 |  0.000695000  0.000234990  0.000360000 -0.000500000 -0.001254000  0.000000000 |         53.2 |  0.000010158  0.000059654, -0.000046662  0.000559189
DIFF:  011 |  0.000000000 -0.000000020  0.000000000  0.000000000  0.000000000  0.000000000 |         -0.0 | -0.000000001  0.000000000, -0.000000002 -0.000000000
MOVE:  011 |  0.000000000 -0.000000010 -0.000000000 -0.000000000  0.000000000  0.000000000 |         -0.0 | -0.000000001  0.000000000, -0.000000001 -0.000000000
CONST: 011 | 24 0.000695 0.00023499 0.00036 -0.0005 -0.001254 0

ABS:   012 |  0.000695000  0.000235100  0.000360000 -0.000500000 -0.001254000  0.000000000 |         53.2 |  0.000010135  0.000059634, -0.000046653  0.000559190
DIFF:  012 |  0.000000000  0.000000110  0.000000000  0.000000000  0.000000000  0.000000000 |         -0.0 | -0.000000024 -0.000000020,  0.000000009  0.000000001
MOVE:  012 |  0.000000000  0.000000100 -0.000000000 -0.000000000  0.000000000  0.000000000 |         -0.0 | -0.000000024 -0.000000020,  0.000000008  0.000000001
CONST: 012 | 24 0.000695 0.0002351 0.00036 -0.0005 -0.001254 0

ABS:   013 |  0.000695000  0.000234900  0.000360000 -0.000500000 -0.001254000  0.000000000 |         53.2 |  0.000010154  0.000059655, -0.000046669  0.000559188
DIFF:  013 |  0.000000000 -0.000000200  0.000000000  0.000000000  0.000000000  0.000000000 |          0.0 |  0.000000019  0.000000021, -0.000000017 -0.000000002
MOVE:  013 |  0.000000000 -0.000000100 -0.000000000 -0.000000000  0.000000000  0.000000000 |         -0.0 | -0.000000005  0.000000001, -0.000000008 -0.000000001
CONST: 013 | 24 0.000695 0.0002349 0.00036 -0.0005 -0.001254 0

ABS:   014 |  0.000695000  0.000235000  0.000365002 -0.000500000 -0.001254000  0.000000000 |         53.1 |  0.000010135  0.000059634, -0.000049788  0.000558754
DIFF:  014 |  0.000000000  0.000000100  0.000005002  0.000000000  0.000000000  0.000000000 |         -0.1 | -0.000000018 -0.000000020, -0.000003118 -0.000000434
MOVE:  014 |  0.000000000 -0.000000000  0.000005002 -0.000000000  0.000000000  0.000000000 |         -0.1 | -0.000000024 -0.000000019, -0.000003127 -0.000000435
CONST: 014 | 24 0.000695 0.000235 0.000365002 -0.0005 -0.001254 0

ABS:   015 |  0.000695000  0.000235000  0.000354998 -0.000500000 -0.001254000  0.000000000 |         53.2 |  0.000010153  0.000059654, -0.000043558  0.000559234
DIFF:  015 |  0.000000000  0.000000000 -0.000010004  0.000000000  0.000000000  0.000000000 |          0.0 |  0.000000017  0.000000019,  0.000006230  0.000000480
MOVE:  015 |  0.000000000 -0.000000000 -0.000005002 -0.000000000  0.000000000  0.000000000 |         -0.0 | -0.000000006 -0.000000000,  0.000003103  0.000000045
CONST: 015 | 24 0.000695 0.000235 0.000354998 -0.0005 -0.001254 0

ABS:   016 |  0.000695000  0.000235000  0.000360500 -0.000500000 -0.001254000  0.000000000 |         53.2 |  0.000010160  0.000059654, -0.000046877  0.000559411
DIFF:  016 |  0.000000000  0.000000000  0.000005502  0.000000000  0.000000000  0.000000000 |          0.1 |  0.000000007  0.000000000, -0.000003319  0.000000177
MOVE:  016 |  0.000000000 -0.000000000  0.000000500 -0.000000000  0.000000000  0.000000000 |          0.0 |  0.000000001  0.000000000, -0.000000216  0.000000222
CONST: 016 | 24 0.000695 0.000235 0.0003605 -0.0005 -0.001254 0

ABS:   017 |  0.000695000  0.000235000  0.000359500 -0.000500000 -0.001254000  0.000000000 |         53.2 |  0.000010158  0.000059654, -0.000046161  0.000559189
DIFF:  017 |  0.000000000  0.000000000 -0.000001000  0.000000000  0.000000000  0.000000000 |         -0.1 | -0.000000001 -0.000000000,  0.000000716 -0.000000222
MOVE:  017 |  0.000000000 -0.000000000 -0.000000500 -0.000000000  0.000000000  0.000000000 |         -0.0 | -0.000000001 -0.000000000,  0.000000500  0.000000000
CONST: 017 | 24 0.000695 0.000235 0.0003595 -0.0005 -0.001254 0

ABS:   018 |  0.000695000  0.000235000  0.000360050 -0.000500000 -0.001254000  0.000000000 |         53.2 |  0.000010159  0.000059654, -0.000046711  0.000559189
DIFF:  018 |  0.000000000  0.000000000  0.000000550  0.000000000  0.000000000  0.000000000 |          0.0 |  0.000000001  0.000000000, -0.000000550 -0.000000000
MOVE:  018 |  0.000000000 -0.000000000  0.000000050 -0.000000000  0.000000000  0.000000000 |          0.0 |  0.000000000  0.000000000, -0.000000050 -0.000000000
CONST: 018 | 24 0.000695 0.000235 0.00036005 -0.0005 -0.001254 0

ABS:   019 |  0.000695000  0.000235000  0.000359950 -0.000500000 -0.001254000  0.000000000 |         53.2 |  0.000010159  0.000059654, -0.000046611  0.000559189
DIFF:  019 |  0.000000000  0.000000000 -0.000000100  0.000000000  0.000000000  0.000000000 |         -0.0 | -0.000000000 -0.000000000,  0.000000100  0.000000000
MOVE:  019 |  0.000000000 -0.000000000 -0.000000050 -0.000000000  0.000000000  0.000000000 |         -0.0 | -0.000000000 -0.000000000,  0.000000050  0.000000000
CONST: 019 | 24 0.000695 0.000235 0.00035995 -0.0005 -0.001254 0

ABS:   020 |  0.000695000  0.000235000  0.000360000 -0.000496000 -0.001254000  0.000000000 |         53.2 |  0.000010130  0.000059636, -0.000046878  0.000559188
DIFF:  020 |  0.000000000  0.000000000  0.000000050  0.000004000  0.000000000  0.000000000 |         -0.0 | -0.000000029 -0.000000018, -0.000000267 -0.000000000
MOVE:  020 |  0.000000000 -0.000000000 -0.000000000  0.000004000  0.000000000  0.000000000 |         -0.0 | -0.000000029 -0.000000018, -0.000000217 -0.000000000
CONST: 020 | 24 0.000695 0.000235 0.00036 -0.000496 -0.001254 0

ABS:   021 |  0.000695000  0.000235000  0.000360000 -0.000504000 -0.001254000  0.000000000 |         53.2 |  0.000010158  0.000059652, -0.000046444  0.000559189
DIFF:  021 |  0.000000000  0.000000000  0.000000000 -0.000008000  0.000000000  0.000000000 |          0.0 |  0.000000029  0.000000016,  0.000000434  0.000000000
MOVE:  021 |  0.000000000 -0.000000000 -0.000000000 -0.000004000  0.000000000  0.000000000 |         -0.0 | -0.000000001 -0.000000002,  0.000000217  0.000000000
CONST: 021 | 24 0.000695 0.000235 0.00036 -0.000504 -0.001254 0

ABS:   022 |  0.000695000  0.000235000  0.000360000 -0.000499600 -0.001254000  0.000000000 |         53.2 |  0.000010159  0.000059654, -0.000046683  0.000559189
DIFF:  022 |  0.000000000  0.000000000  0.000000000  0.000004400  0.000000000  0.000000000 |          0.0 |  0.000000001  0.000000002, -0.000000239 -0.000000000
MOVE:  022 |  0.000000000 -0.000000000 -0.000000000  0.000000400  0.000000000  0.000000000 |          0.0 |  0.000000000  0.000000000, -0.000000022 -0.000000000
CONST: 022 | 24 0.000695 0.000235 0.00036 -0.0004996 -0.001254 0

ABS:   023 |  0.000695000  0.000235000  0.000360000 -0.000500400 -0.001254000  0.000000000 |         53.2 |  0.000010159  0.000059653, -0.000046639  0.000559189
DIFF:  023 |  0.000000000  0.000000000  0.000000000 -0.000000800  0.000000000  0.000000000 |         -0.0 | -0.000000000 -0.000000000,  0.000000043  0.000000000
MOVE:  023 |  0.000000000 -0.000000000 -0.000000000 -0.000000400  0.000000000  0.000000000 |         -0.0 | -0.000000000 -0.000000000,  0.000000022  0.000000000
CONST: 023 | 24 0.000695 0.000235 0.00036 -0.0005004 -0.001254 0

ABS:   024 |  0.000695000  0.000235000  0.000360000 -0.000496000 -0.001254000  0.000000000 |         53.2 |  0.000010130  0.000059636, -0.000046878  0.000559188
DIFF:  024 |  0.000000000  0.000000000  0.000000000  0.000004400  0.000000000  0.000000000 |         -0.0 | -0.000000029 -0.000000017, -0.000000239 -0.000000000
MOVE:  024 |  0.000000000 -0.000000000 -0.000000000  0.000004000  0.000000000  0.000000000 |         -0.0 | -0.000000029 -0.000000018, -0.000000217 -0.000000000
CONST: 024 | 24 0.000695 0.000235 0.00036 -0.000496 -0.001254 0

ABS:   025 |  0.000695000  0.000235000  0.000360000 -0.000504000 -0.001254000  0.000000000 |         53.2 |  0.000010158  0.000059652, -0.000046444  0.000559189
DIFF:  025 |  0.000000000  0.000000000  0.000000000 -0.000008000  0.000000000  0.000000000 |          0.0 |  0.000000029  0.000000016,  0.000000434  0.000000000
MOVE:  025 |  0.000000000 -0.000000000 -0.000000000 -0.000004000  0.000000000  0.000000000 |         -0.0 | -0.000000001 -0.000000002,  0.000000217  0.000000000
CONST: 025 | 24 0.000695 0.000235 0.00036 -0.000504 -0.001254 0

ABS:   026 |  0.000695000  0.000235000  0.000360000 -0.000500000 -0.001243999  0.000000000 |         53.1 |  0.000009856  0.000059501, -0.000046702  0.000559187
DIFF:  026 |  0.000000000  0.000000000  0.000000000  0.000004000  0.000010001  0.000000000 |         -0.1 | -0.000000302 -0.000000150, -0.000000258 -0.000000002
MOVE:  026 |  0.000000000 -0.000000000 -0.000000000 -0.000000000  0.000010001  0.000000000 |         -0.1 | -0.000000303 -0.000000152, -0.000000041 -0.000000001
CONST: 026 | 24 0.000695 0.000235 0.00036 -0.0005 -0.001244 0

ABS:   027 |  0.000695000  0.000235000  0.000360000 -0.000500000 -0.001264001  0.000000000 |         53.2 |  0.000010472  0.000059709, -0.000046620  0.000559190
DIFF:  027 |  0.000000000  0.000000000  0.000000000  0.000000000 -0.000020001  0.000000000 |          0.1 |  0.000000616  0.000000207,  0.000000082  0.000000003
MOVE:  027 |  0.000000000 -0.000000000 -0.000000000 -0.000000000 -0.000010001  0.000000000 |          0.0 |  0.000000314  0.000000055,  0.000000041  0.000000001
CONST: 027 | 24 0.000695 0.000235 0.00036 -0.0005 -0.001264 0

ABS:   028 |  0.000695000  0.000235000  0.000360000 -0.000500000 -0.001253000  0.000000000 |         53.2 |  0.000010099  0.000059673, -0.000046665  0.000559188
DIFF:  028 |  0.000000000  0.000000000  0.000000000  0.000000000  0.000011001  0.000000000 |         -0.0 | -0.000000373 -0.000000036, -0.000000045 -0.000000001
MOVE:  028 |  0.000000000 -0.000000000 -0.000000000 -0.000000000  0.000001000  0.000000000 |          0.0 | -0.000000060  0.000000019, -0.000000004 -0.000000000
CONST: 028 | 24 0.000695 0.000235 0.00036 -0.0005 -0.001253 0

ABS:   029 |  0.000695000  0.000235000  0.000360000 -0.000500000 -0.001255000  0.000000000 |         53.2 |  0.000010154  0.000059646, -0.000046657  0.000559189
DIFF:  029 |  0.000000000  0.000000000  0.000000000  0.000000000 -0.000002000  0.000000000 |         -0.0 |  0.000000054 -0.000000027,  0.000000008  0.000000000
MOVE:  029 |  0.000000000 -0.000000000 -0.000000000 -0.000000000 -0.000001000  0.000000000 |         -0.0 | -0.000000005 -0.000000008,  0.000000004  0.000000000
CONST: 029 | 24 0.000695 0.000235 0.00036 -0.0005 -0.001255 0

ABS:   030 |  0.000695000  0.000235000  0.000360000 -0.000500000 -0.001252067  0.000000000 |         53.2 |  0.000010112  0.000059632, -0.000046669  0.000559188
DIFF:  030 |  0.000000000  0.000000000  0.000000000  0.000000000  0.000002933  0.000000000 |         -0.0 | -0.000000042 -0.000000014, -0.000000012 -0.000000000
MOVE:  030 |  0.000000000 -0.000000000 -0.000000000 -0.000000000  0.000001933  0.000000000 |         -0.0 | -0.000000047 -0.000000022, -0.000000008 -0.000000000
CONST: 030 | 24 0.000695 0.000235 0.00036 -0.0005 -0.00125207 0

ABS:   031 |  0.000695000  0.000235000  0.000360000 -0.000500000 -0.001255933  0.000000000 |         53.2 |  0.000010206  0.000059676, -0.000046653  0.000559189
DIFF:  031 |  0.000000000  0.000000000  0.000000000  0.000000000 -0.000003866  0.000000000 |          0.0 |  0.000000094  0.000000044,  0.000000016  0.000000000
MOVE:  031 |  0.000000000 -0.000000000 -0.000000000 -0.000000000 -0.000001933  0.000000000 |          0.0 |  0.000000047  0.000000022,  0.000000008  0.000000000
CONST: 031 | 24 0.000695 0.000235 0.00036 -0.0005 -0.00125593 0

ABS:   032 |  0.000695000  0.000235000  0.000360000 -0.000500000 -0.001254000  0.000002000 |         53.2 |  0.000010157  0.000059654, -0.000046664  0.000559189
DIFF:  032 |  0.000000000  0.000000000  0.000000000  0.000000000  0.000001933  0.000002000 |         -0.0 | -0.000000048 -0.000000022, -0.000000011  0.000000000
MOVE:  032 |  0.000000000 -0.000000000 -0.000000000 -0.000000000  0.000000000  0.000002000 |          0.0 | -0.000000001  0.000000000, -0.000000003  0.000000001
CONST: 032 | 24 0.000695 0.000235 0.00036 -0.0005 -0.001254 2.00001e-06

ABS:   033 |  0.000695000  0.000235000  0.000360000 -0.000500000 -0.001254000 -0.000002000 |         53.2 |  0.000010160  0.000059654, -0.000046658  0.000559188
DIFF:  033 |  0.000000000  0.000000000  0.000000000  0.000000000  0.000000000 -0.000004000 |         -0.0 |  0.000000003 -0.000000000,  0.000000006 -0.000000001
MOVE:  033 |  0.000000000 -0.000000000 -0.000000000 -0.000000000  0.000000000 -0.000002000 |         -0.0 |  0.000000001 -0.000000000,  0.000000003 -0.000000001
CONST: 033 | 24 0.000695 0.000235 0.00036 -0.0005 -0.001254 -2.00001e-06

ABS:   034 |  0.000695000  0.000235000  0.000360000 -0.000500000 -0.001254000  0.000020000 |         53.2 |  0.000010144  0.000059655, -0.000046690  0.000559194
DIFF:  034 |  0.000000000  0.000000000  0.000000000  0.000000000  0.000000000  0.000022000 |          0.0 | -0.000000016  0.000000001, -0.000000032  0.000000006
MOVE:  034 |  0.000000000 -0.000000000 -0.000000000 -0.000000000  0.000000000  0.000020000 |          0.0 | -0.000000014  0.000000001, -0.000000029  0.000000006
CONST: 034 | 24 0.000695 0.000235 0.00036 -0.0005 -0.001254 2.00001e-05

ABS:   035 |  0.000695000  0.000235000  0.000360000 -0.000500000 -0.001254000 -0.000020000 |         53.2 |  0.000010144  0.000059633, -0.000046632  0.000559183
DIFF:  035 |  0.000000000  0.000000000  0.000000000  0.000000000  0.000000000 -0.000040000 |         -0.0 | -0.000000001 -0.000000022,  0.000000058 -0.000000012
MOVE:  035 |  0.000000000 -0.000000000 -0.000000000 -0.000000000  0.000000000 -0.000020000 |         -0.0 | -0.000000015 -0.000000021,  0.000000029 -0.000000006
CONST: 035 | 24 0.000695 0.000235 0.00036 -0.0005 -0.001254 -2.00001e-05

ABS:   036 |  0.000695000  0.000235000  0.000360000 -0.000500000 -0.001254000  0.000002000 |         53.2 |  0.000010157  0.000059654, -0.000046664  0.000559189
DIFF:  036 |  0.000000000  0.000000000  0.000000000  0.000000000  0.000000000  0.000022000 |          0.0 |  0.000000014  0.000000021, -0.000000032  0.000000006
MOVE:  036 |  0.000000000 -0.000000000 -0.000000000 -0.000000000  0.000000000  0.000002000 |          0.0 | -0.000000001  0.000000000, -0.000000003  0.000000001
CONST: 036 | 24 0.000695 0.000235 0.00036 -0.0005 -0.001254 2.00001e-06

ABS:   037 |  0.000695000  0.000235000  0.000360000 -0.000500000 -0.001254000 -0.000002000 |         53.2 |  0.000010160  0.000059654, -0.000046658  0.000559188
DIFF:  037 |  0.000000000  0.000000000  0.000000000  0.000000000  0.000000000 -0.000004000 |         -0.0 |  0.000000003 -0.000000000,  0.000000006 -0.000000001
MOVE:  037 |  0.000000000 -0.000000000 -0.000000000 -0.000000000  0.000000000 -0.000002000 |         -0.0 |  0.000000001 -0.000000000,  0.000000003 -0.000000001
CONST: 037 | 24 0.000695 0.000235 0.00036 -0.0005 -0.001254 -2.00001e-06

ABS:   038 |  0.000695000  0.000235100  0.000360000 -0.000500000 -0.001254000  0.000000000 |         53.2 |  0.000010135  0.000059634, -0.000046653  0.000559190
DIFF:  038 |  0.000000000  0.000000100  0.000000000  0.000000000  0.000000000  0.000002000 |         -0.0 | -0.000000026 -0.000000020,  0.000000005  0.000000001
MOVE:  038 |  0.000000000  0.000000100 -0.000000000 -0.000000000  0.000000000  0.000000000 |         -0.0 | -0.000000024 -0.000000020,  0.000000008  0.000000001
CONST: 038 | 24 0.000695 0.0002351 0.00036 -0.0005 -0.001254 0

ABS:   039 |  0.000695000  0.000235500  0.000360000 -0.000500000 -0.001254000  0.000000000 |         53.2 |  0.000010121  0.000059660, -0.000046619  0.000559193
DIFF:  039 |  0.000000000  0.000000400  0.000000000  0.000000000  0.000000000  0.000000000 |          0.0 | -0.000000014  0.000000027,  0.000000034  0.000000004
MOVE:  039 |  0.000000000  0.000000500 -0.000000000 -0.000000000  0.000000000  0.000000000 |          0.0 | -0.000000038  0.000000007,  0.000000042  0.000000005
CONST: 039 | 24 0.000695 0.0002355 0.00036 -0.0005 -0.001254 0

ABS:   040 |  0.000695000  0.000235249  0.000360000 -0.000500000 -0.001254000  0.000000000 |         53.2 |  0.000010143  0.000059632, -0.000046640  0.000559191
DIFF:  040 |  0.000000000 -0.000000251  0.000000000  0.000000000  0.000000000  0.000000000 |         -0.0 |  0.000000022 -0.000000028, -0.000000021 -0.000000002
MOVE:  040 |  0.000000000  0.000000249 -0.000000000 -0.000000000  0.000000000  0.000000000 |         -0.0 | -0.000000016 -0.000000021,  0.000000021  0.000000002
CONST: 040 | 24 0.000695 0.000235249 0.00036 -0.0005 -0.001254 0

ABS:   041 |  0.000695000  0.000235174  0.000360000 -0.000500000 -0.001254000  0.000000000 |         53.2 |  0.000010139  0.000059633, -0.000046646  0.000559190
DIFF:  041 |  0.000000000 -0.000000075  0.000000000  0.000000000  0.000000000  0.000000000 |         -0.0 | -0.000000004  0.000000001, -0.000000006 -0.000000001
MOVE:  041 |  0.000000000  0.000000174 -0.000000000 -0.000000000  0.000000000  0.000000000 |         -0.0 | -0.000000020 -0.000000021,  0.000000015  0.000000002
CONST: 041 | 24 0.000695 0.000235174 0.00036 -0.0005 -0.001254 0

ABS:   042 |  0.000695000  0.000234600  0.000360000 -0.000500000 -0.001254000  0.000000000 |         53.2 |  0.000010138  0.000059657, -0.000046694  0.000559185
DIFF:  042 |  0.000000000 -0.000000574  0.000000000  0.000000000  0.000000000  0.000000000 |          0.0 | -0.000000001  0.000000024, -0.000000048 -0.000000005
MOVE:  042 |  0.000000000 -0.000000400 -0.000000000 -0.000000000  0.000000000  0.000000000 |         -0.0 | -0.000000021  0.000000003, -0.000000034 -0.000000004
CONST: 042 | 24 0.000695 0.0002346 0.00036 -0.0005 -0.001254 0

ABS:   043 |  0.000695000  0.000234850  0.000360000 -0.000500000 -0.001254000  0.000000000 |         53.2 |  0.000010151  0.000059655, -0.000046674  0.000559187
DIFF:  043 |  0.000000000  0.000000250  0.000000000  0.000000000  0.000000000  0.000000000 |          0.0 |  0.000000013 -0.000000002,  0.000000021  0.000000002
MOVE:  043 |  0.000000000 -0.000000150 -0.000000000 -0.000000000  0.000000000  0.000000000 |         -0.0 | -0.000000008  0.000000001, -0.000000013 -0.000000001
CONST: 043 | 24 0.000695 0.00023485 0.00036 -0.0005 -0.001254 0

ABS:   044 |  0.000695000  0.000234975  0.000360000 -0.000500000 -0.001254000  0.000000000 |         53.2 |  0.000010158  0.000059654, -0.000046663  0.000559188
DIFF:  044 |  0.000000000  0.000000125  0.000000000  0.000000000  0.000000000  0.000000000 |          0.0 |  0.000000007 -0.000000001,  0.000000010  0.000000001
MOVE:  044 |  0.000000000 -0.000000025 -0.000000000 -0.000000000  0.000000000  0.000000000 |         -0.0 | -0.000000001  0.000000000, -0.000000002 -0.000000000
CONST: 044 | 24 0.000695 0.000234975 0.00036 -0.0005 -0.001254 0

ABS:   045 |  0.000695000  0.000235038  0.000360000 -0.000500000 -0.001254000  0.000000000 |         53.2 |  0.000010161  0.000059653, -0.000046658  0.000559189
DIFF:  045 |  0.000000000  0.000000063  0.000000000  0.000000000  0.000000000  0.000000000 |          0.0 |  0.000000003 -0.000000001,  0.000000005  0.000000001
MOVE:  045 |  0.000000000  0.000000038 -0.000000000 -0.000000000  0.000000000  0.000000000 |          0.0 |  0.000000002 -0.000000000,  0.000000003  0.000000000
CONST: 045 | 24 0.000695 0.000235038 0.00036 -0.0005 -0.001254 0

ABS:   046 |  0.000695000  0.000235069  0.000360000 -0.000500000 -0.001254000  0.000000000 |         53.2 |  0.000010133  0.000059634, -0.000046655  0.000559189
DIFF:  046 |  0.000000000  0.000000031  0.000000000  0.000000000  0.000000000  0.000000000 |         -0.0 | -0.000000028 -0.000000020,  0.000000003  0.000000000
MOVE:  046 |  0.000000000  0.000000069 -0.000000000 -0.000000000  0.000000000  0.000000000 |         -0.0 | -0.000000026 -0.000000020,  0.000000006  0.000000001
CONST: 046 | 24 0.000695 0.000235069 0.00036 -0.0005 -0.001254 0

ABS:   047 |  0.000695000  0.000235043  0.000360000 -0.000500000 -0.001254000  0.000000000 |         53.2 |  0.000010161  0.000059653, -0.000046657  0.000559189
DIFF:  047 |  0.000000000 -0.000000026  0.000000000  0.000000000  0.000000000  0.000000000 |          0.0 |  0.000000028  0.000000020, -0.000000002 -0.000000000
MOVE:  047 |  0.000000000  0.000000043 -0.000000000 -0.000000000  0.000000000  0.000000000 |          0.0 |  0.000000002 -0.000000000,  0.000000004  0.000000000
CONST: 047 | 24 0.000695 0.000235043 0.00036 -0.0005 -0.001254 0

ABS:   048 |  0.000695000  0.000235056  0.000360000 -0.000500000 -0.001254000  0.000000000 |         53.2 |  0.000010162  0.000059653, -0.000046656  0.000559189
DIFF:  048 |  0.000000000  0.000000013  0.000000000  0.000000000  0.000000000  0.000000000 |          0.0 |  0.000000001 -0.000000000,  0.000000001  0.000000000
MOVE:  048 |  0.000000000  0.000000056 -0.000000000 -0.000000000  0.000000000  0.000000000 |          0.0 |  0.000000003 -0.000000000,  0.000000005  0.000000001
CONST: 048 | 24 0.000695 0.000235056 0.00036 -0.0005 -0.001254 0

ABS:   049 |  0.000695010  0.000235069  0.000360000 -0.000500000 -0.001254000  0.000000000 |         53.2 |  0.000010143  0.000059634, -0.000046655  0.000559189
DIFF:  049 |  0.000000010  0.000000013  0.000000000  0.000000000  0.000000000  0.000000000 |         -0.0 | -0.000000019 -0.000000019,  0.000000001  0.000000000
MOVE:  049 |  0.000000010  0.000000069 -0.000000000 -0.000000000  0.000000000  0.000000000 |         -0.0 | -0.000000016 -0.000000020,  0.000000006  0.000000001
CONST: 049 | 24 0.00069501 0.000235069 0.00036 -0.0005 -0.001254 0

ABS:   050 |  0.000694990  0.000235069  0.000360000 -0.000500000 -0.001254000  0.000000000 |         53.2 |  0.000010153  0.000059653, -0.000046655  0.000559189
DIFF:  050 | -0.000000020  0.000000000  0.000000000  0.000000000  0.000000000  0.000000000 |          0.0 |  0.000000010  0.000000019, -0.000000000  0.000000000
MOVE:  050 | -0.000000010  0.000000069 -0.000000000 -0.000000000  0.000000000  0.000000000 |         -0.0 | -0.000000006 -0.000000001,  0.000000006  0.000000001
CONST: 050 | 24 0.00069499 0.000235069 0.00036 -0.0005 -0.001254 0

ABS:   051 |  0.000695001  0.000235069  0.000360000 -0.000500000 -0.001254000  0.000000000 |         53.2 |  0.000010134  0.000059634, -0.000046655  0.000559189
DIFF:  051 |  0.000000011  0.000000000  0.000000000  0.000000000  0.000000000  0.000000000 |         -0.0 | -0.000000019 -0.000000019,  0.000000000  0.000000000
MOVE:  051 |  0.000000001  0.000000069 -0.000000000 -0.000000000  0.000000000  0.000000000 |         -0.0 | -0.000000025 -0.000000020,  0.000000006  0.000000001
CONST: 051 | 24 0.000695001 0.000235069 0.00036 -0.0005 -0.001254 0

ABS:   052 |  0.000694999  0.000235069  0.000360000 -0.000500000 -0.001254000  0.000000000 |         53.2 |  0.000010162  0.000059653, -0.000046655  0.000559189
DIFF:  052 | -0.000000002  0.000000000  0.000000000  0.000000000  0.000000000  0.000000000 |          0.0 |  0.000000028  0.000000019, -0.000000000 -0.000000000
MOVE:  052 | -0.000000001  0.000000069 -0.000000000 -0.000000000  0.000000000  0.000000000 |         -0.0 |  0.000000003 -0.000000001,  0.000000006  0.000000001
CONST: 052 | 24 0.000694999 0.000235069 0.00036 -0.0005 -0.001254 0

ABS:   053 |  0.000695000  0.000235069  0.000360000 -0.000500000 -0.001254000  0.000000000 |         53.2 |  0.000010133  0.000059634, -0.000046655  0.000559189
DIFF:  053 |  0.000000001  0.000000000  0.000000000  0.000000000  0.000000000  0.000000000 |         -0.0 | -0.000000029 -0.000000019,  0.000000000  0.000000000
MOVE:  053 |  0.000000000  0.000000069 -0.000000000 -0.000000000  0.000000000  0.000000000 |         -0.0 | -0.000000026 -0.000000020,  0.000000006  0.000000001
CONST: 053 | 24 0.000695 0.000235069 0.00036 -0.0005 -0.001254 0

ABS:   054 |  0.000695000  0.000235069  0.000360000 -0.000500000 -0.001254000  0.000000000 |         53.2 |  0.000010133  0.000059634, -0.000046655  0.000559189
DIFF:  054 | -0.000000000  0.000000000  0.000000000  0.000000000  0.000000000  0.000000000 |         -0.0 | -0.000000000  0.000000000, -0.000000000 -0.000000000
MOVE:  054 | -0.000000000  0.000000069 -0.000000000 -0.000000000  0.000000000  0.000000000 |         -0.0 | -0.000000026 -0.000000020,  0.000000006  0.000000001
CONST: 054 | 24 0.000695 0.000235069 0.00036 -0.0005 -0.001254 0

ABS:   055 |  0.000695000  0.000235079  0.000360000 -0.000500000 -0.001254000  0.000000000 |         53.2 |  0.000010133  0.000059634, -0.000046654  0.000559189
DIFF:  055 |  0.000000000  0.000000010  0.000000000  0.000000000  0.000000000  0.000000000 |          0.0 |  0.000000001 -0.000000000,  0.000000001  0.000000000
MOVE:  055 |  0.000000000  0.000000079 -0.000000000 -0.000000000  0.000000000  0.000000000 |         -0.0 | -0.000000025 -0.000000020,  0.000000007  0.000000001
CONST: 055 | 24 0.000695 0.000235079 0.00036 -0.0005 -0.001254 0

ABS:   056 |  0.000695000  0.000235059  0.000360000 -0.000500000 -0.001254000  0.000000000 |         53.2 |  0.000010132  0.000059634, -0.000046656  0.000559189
DIFF:  056 |  0.000000000 -0.000000020  0.000000000  0.000000000  0.000000000  0.000000000 |         -0.0 | -0.000000001  0.000000000, -0.000000002 -0.000000000
MOVE:  056 |  0.000000000  0.000000059 -0.000000000 -0.000000000  0.000000000  0.000000000 |         -0.0 | -0.000000027 -0.000000020,  0.000000005  0.000000001
CONST: 056 | 24 0.000695 0.000235059 0.00036 -0.0005 -0.001254 0

ABS:   057 |  0.000695000  0.000235169  0.000360000 -0.000500000 -0.001254000  0.000000000 |         53.2 |  0.000010138  0.000059633, -0.000046647  0.000559190
DIFF:  057 |  0.000000000  0.000000110  0.000000000  0.000000000  0.000000000  0.000000000 |          0.0 |  0.000000006 -0.000000001,  0.000000009  0.000000001
MOVE:  057 |  0.000000000  0.000000169 -0.000000000 -0.000000000  0.000000000  0.000000000 |         -0.0 | -0.000000021 -0.000000021,  0.000000014  0.000000002
CONST: 057 | 24 0.000695 0.000235169 0.00036 -0.0005 -0.001254 0

ABS:   058 |  0.000695000  0.000234969  0.000360000 -0.000500000 -0.001254000  0.000000000 |         53.2 |  0.000010157  0.000059654, -0.000046664  0.000559188
DIFF:  058 |  0.000000000 -0.000000200  0.000000000  0.000000000  0.000000000  0.000000000 |          0.0 |  0.000000019  0.000000021, -0.000000017 -0.000000002
MOVE:  058 |  0.000000000 -0.000000031 -0.000000000 -0.000000000  0.000000000  0.000000000 |         -0.0 | -0.000000002  0.000000000, -0.000000003 -0.000000000
CONST: 058 | 24 0.000695 0.000234969 0.00036 -0.0005 -0.001254 0

ABS:   059 |  0.000695000  0.000235079  0.000360000 -0.000500000 -0.001254000  0.000000000 |         53.2 |  0.000010133  0.000059634, -0.000046654  0.000559189
DIFF:  059 |  0.000000000  0.000000110  0.000000000  0.000000000  0.000000000  0.000000000 |         -0.0 | -0.000000024 -0.000000020,  0.000000009  0.000000001
MOVE:  059 |  0.000000000  0.000000079 -0.000000000 -0.000000000  0.000000000  0.000000000 |         -0.0 | -0.000000025 -0.000000020,  0.000000007  0.000000001
CONST: 059 | 24 0.000695 0.000235079 0.00036 -0.0005 -0.001254 0

ABS:   060 |  0.000695000  0.000235059  0.000360000 -0.000500000 -0.001254000  0.000000000 |         53.2 |  0.000010132  0.000059634, -0.000046656  0.000559189
DIFF:  060 |  0.000000000 -0.000000020  0.000000000  0.000000000  0.000000000  0.000000000 |         -0.0 | -0.000000001  0.000000000, -0.000000002 -0.000000000
MOVE:  060 |  0.000000000  0.000000059 -0.000000000 -0.000000000  0.000000000  0.000000000 |         -0.0 | -0.000000027 -0.000000020,  0.000000005  0.000000001
CONST: 060 | 24 0.000695 0.000235059 0.00036 -0.0005 -0.001254 0

ABS:   061 |  0.000695000  0.000235069  0.000360300 -0.000500000 -0.001254000  0.000000000 |         53.2 |  0.000010133  0.000059634, -0.000046955  0.000559189
DIFF:  061 |  0.000000000  0.000000010  0.000000300  0.000000000  0.000000000  0.000000000 |          0.0 |  0.000000001 -0.000000000, -0.000000299  0.000000000
MOVE:  061 |  0.000000000  0.000000069  0.000000300 -0.000000000  0.000000000  0.000000000 |         -0.0 | -0.000000026 -0.000000020, -0.000000294  0.000000001
CONST: 061 | 24 0.000695 0.000235069 0.0003603 -0.0005 -0.001254 0

ABS:   062 |  0.000695000  0.000235069  0.000359700 -0.000500000 -0.001254000  0.000000000 |         53.2 |  0.000010133  0.000059634, -0.000046355  0.000559189
DIFF:  062 |  0.000000000  0.000000000 -0.000000600  0.000000000  0.000000000  0.000000000 |         -0.0 | -0.000000001 -0.000000000,  0.000000600  0.000000000
MOVE:  062 |  0.000000000  0.000000069 -0.000000300 -0.000000000  0.000000000  0.000000000 |         -0.0 | -0.000000026 -0.000000020,  0.000000306  0.000000001
CONST: 062 | 24 0.000695 0.000235069 0.0003597 -0.0005 -0.001254 0

ABS:   063 |  0.000695000  0.000235069  0.000360000 -0.000499600 -0.001254000  0.000000000 |         53.2 |  0.000010133  0.000059634, -0.000046677  0.000559189
DIFF:  063 |  0.000000000  0.000000000  0.000000300  0.000000400  0.000000000  0.000000000 |          0.0 |  0.000000000  0.000000000, -0.000000322 -0.000000000
MOVE:  063 |  0.000000000  0.000000069 -0.000000000  0.000000400  0.000000000  0.000000000 |         -0.0 | -0.000000026 -0.000000020, -0.000000016  0.000000001
CONST: 063 | 24 0.000695 0.000235069 0.00036 -0.0004996 -0.001254 0

ABS:   064 |  0.000695000  0.000235069  0.000360000 -0.000500400 -0.001254000  0.000000000 |         53.2 |  0.000010163  0.000059653, -0.000046633  0.000559189
DIFF:  064 |  0.000000000  0.000000000  0.000000000 -0.000000800  0.000000000  0.000000000 |          0.0 |  0.000000030  0.000000019,  0.000000043  0.000000000
MOVE:  064 |  0.000000000  0.000000069 -0.000000000 -0.000000400  0.000000000  0.000000000 |         -0.0 |  0.000000004 -0.000000001,  0.000000027  0.000000001
CONST: 064 | 24 0.000695 0.000235069 0.00036 -0.0005004 -0.001254 0

ABS:   065 |  0.000695000  0.000235069  0.000360000 -0.000499960 -0.001254000  0.000000000 |         53.2 |  0.000010133  0.000059634, -0.000046657  0.000559189
DIFF:  065 |  0.000000000  0.000000000  0.000000000  0.000000440  0.000000000  0.000000000 |         -0.0 | -0.000000030 -0.000000019, -0.000000024 -0.000000000
MOVE:  065 |  0.000000000  0.000000069 -0.000000000  0.000000040  0.000000000  0.000000000 |         -0.0 | -0.000000026 -0.000000020,  0.000000004  0.000000001
CONST: 065 | 24 0.000695 0.000235069 0.00036 -0.00049996 -0.001254 0

ABS:   066 |  0.000695000  0.000235069  0.000360000 -0.000500040 -0.001254000  0.000000000 |         53.2 |  0.000010133  0.000059634, -0.000046653  0.000559189
DIFF:  066 |  0.000000000  0.000000000  0.000000000 -0.000000080  0.000000000  0.000000000 |         -0.0 | -0.000000000 -0.000000000,  0.000000004  0.000000000
MOVE:  066 |  0.000000000  0.000000069 -0.000000000 -0.000000040  0.000000000  0.000000000 |         -0.0 | -0.000000026 -0.000000020,  0.000000008  0.000000001
CONST: 066 | 24 0.000695 0.000235069 0.00036 -0.00050004 -0.001254 0

ABS:   067 |  0.000695000  0.000235069  0.000360000 -0.000499600 -0.001254000  0.000000000 |         53.2 |  0.000010133  0.000059634, -0.000046677  0.000559189
DIFF:  067 |  0.000000000  0.000000000  0.000000000  0.000000440  0.000000000  0.000000000 |          0.0 |  0.000000000  0.000000000, -0.000000024 -0.000000000
MOVE:  067 |  0.000000000  0.000000069 -0.000000000  0.000000400  0.000000000  0.000000000 |         -0.0 | -0.000000026 -0.000000020, -0.000000016  0.000000001
CONST: 067 | 24 0.000695 0.000235069 0.00036 -0.0004996 -0.001254 0

ABS:   068 |  0.000695000  0.000235069  0.000360000 -0.000500400 -0.001254000  0.000000000 |         53.2 |  0.000010163  0.000059653, -0.000046633  0.000559189
DIFF:  068 |  0.000000000  0.000000000  0.000000000 -0.000000800  0.000000000  0.000000000 |          0.0 |  0.000000030  0.000000019,  0.000000043  0.000000000
MOVE:  068 |  0.000000000  0.000000069 -0.000000000 -0.000000400  0.000000000  0.000000000 |         -0.0 |  0.000000004 -0.000000001,  0.000000027  0.000000001
CONST: 068 | 24 0.000695 0.000235069 0.00036 -0.0005004 -0.001254 0

ABS:   069 |  0.000695000  0.000235069  0.000360000 -0.000500000 -0.001252363  0.000000000 |         53.2 |  0.000010088  0.000059665, -0.000046662  0.000559189
DIFF:  069 |  0.000000000  0.000000000  0.000000000  0.000000400  0.000001637  0.000000000 |          0.0 | -0.000000075  0.000000012, -0.000000028 -0.000000000
MOVE:  069 |  0.000000000  0.000000069 -0.000000000 -0.000000000  0.000001637  0.000000000 |          0.0 | -0.000000071  0.000000011, -0.000000001  0.000000000
CONST: 069 | 24 0.000695 0.000235069 0.00036 -0.0005 -0.00125236 0

ABS:   070 |  0.000695000  0.000235069  0.000360000 -0.000500000 -0.001255637  0.000000000 |         53.2 |  0.000010173  0.000059653, -0.000046648  0.000559189
DIFF:  070 |  0.000000000  0.000000000  0.000000000  0.000000000 -0.000003274  0.000000000 |         -0.0 |  0.000000085 -0.000000012,  0.000000013  0.000000000
MOVE:  070 |  0.000000000  0.000000069 -0.000000000 -0.000000000 -0.000001637  0.000000000 |         -0.0 |  0.000000014 -0.000000001,  0.000000013  0.000000001
CONST: 070 | 24 0.000695 0.000235069 0.00036 -0.0005 -0.00125564 0

ABS:   071 |  0.000695000  0.000235069  0.000360000 -0.000500000 -0.001253836  0.000000000 |         53.2 |  0.000010159  0.000059651, -0.000046656  0.000559189
DIFF:  071 |  0.000000000  0.000000000  0.000000000  0.000000000  0.000001801  0.000000000 |          0.0 | -0.000000014 -0.000000001, -0.000000007 -0.000000000
MOVE:  071 |  0.000000000  0.000000069 -0.000000000 -0.000000000  0.000000164  0.000000000 |         -0.0 | -0.000000000 -0.000000002,  0.000000005  0.000000001
CONST: 071 | 24 0.000695 0.000235069 0.00036 -0.0005 -0.00125384 0

ABS:   072 |  0.000695000  0.000235069  0.000360000 -0.000500000 -0.001254164  0.000000000 |         53.2 |  0.000010137  0.000059636, -0.000046655  0.000559189
DIFF:  072 |  0.000000000  0.000000000  0.000000000  0.000000000 -0.000000327  0.000000000 |         -0.0 | -0.000000022 -0.000000016,  0.000000001  0.000000000
MOVE:  072 |  0.000000000  0.000000069 -0.000000000 -0.000000000 -0.000000164  0.000000000 |         -0.0 | -0.000000022 -0.000000018,  0.000000006  0.000000001
CONST: 072 | 24 0.000695 0.000235069 0.00036 -0.0005 -0.00125416 0

ABS:   073 |  0.000695000  0.000235069  0.000360000 -0.000500000 -0.001253984  0.000000000 |         53.2 |  0.000010162  0.000059653, -0.000046655  0.000559189
DIFF:  073 |  0.000000000  0.000000000  0.000000000  0.000000000  0.000000180  0.000000000 |          0.0 |  0.000000025  0.000000017, -0.000000001 -0.000000000
MOVE:  073 |  0.000000000  0.000000069 -0.000000000 -0.000000000  0.000000016  0.000000000 |         -0.0 |  0.000000003 -0.000000001,  0.000000006  0.000000001
CONST: 073 | 24 0.000695 0.000235069 0.00036 -0.0005 -0.00125398 0

ABS:   074 |  0.000695000  0.000235069  0.000360000 -0.000500000 -0.001254016  0.000000000 |         53.2 |  0.000010133  0.000059634, -0.000046655  0.000559189
DIFF:  074 |  0.000000000  0.000000000  0.000000000  0.000000000 -0.000000033  0.000000000 |         -0.0 | -0.000000029 -0.000000019,  0.000000000  0.000000000
MOVE:  074 |  0.000000000  0.000000069 -0.000000000 -0.000000000 -0.000000016  0.000000000 |         -0.0 | -0.000000026 -0.000000020,  0.000000006  0.000000001
CONST: 074 | 24 0.000695 0.000235069 0.00036 -0.0005 -0.00125402 0

ABS:   075 |  0.000695000  0.000235069  0.000360000 -0.000500000 -0.001254000  0.000020000 |         53.2 |  0.000010148  0.000059654, -0.000046684  0.000559195
DIFF:  075 |  0.000000000  0.000000000  0.000000000  0.000000000  0.000000016  0.000020000 |          0.0 |  0.000000015  0.000000020, -0.000000029  0.000000006
MOVE:  075 |  0.000000000  0.000000069 -0.000000000 -0.000000000  0.000000000  0.000020000 |          0.0 | -0.000000011  0.000000001, -0.000000023  0.000000006
CONST: 075 | 24 0.000695 0.000235069 0.00036 -0.0005 -0.001254 2.00001e-05

ABS:   076 |  0.000695000  0.000235069  0.000360000 -0.000500000 -0.001254000 -0.000020000 |         53.2 |  0.000010147  0.000059632, -0.000046626  0.000559183
DIFF:  076 |  0.000000000  0.000000000  0.000000000  0.000000000  0.000000000 -0.000040000 |         -0.0 | -0.000000001 -0.000000022,  0.000000058 -0.000000012
MOVE:  076 |  0.000000000  0.000000069 -0.000000000 -0.000000000  0.000000000 -0.000020000 |         -0.0 | -0.000000012 -0.000000021,  0.000000035 -0.000000005
CONST: 076 | 24 0.000695 0.000235069 0.00036 -0.0005 -0.001254 -2.00001e-05

ABS:   077 |  0.000695000  0.000235069  0.000360000 -0.000500000 -0.001254000  0.000002000 |         53.2 |  0.000010131  0.000059634, -0.000046658  0.000559190
DIFF:  077 |  0.000000000  0.000000000  0.000000000  0.000000000  0.000000000  0.000022000 |          0.0 | -0.000000016  0.000000001, -0.000000032  0.000000006
MOVE:  077 |  0.000000000  0.000000069 -0.000000000 -0.000000000  0.000000000  0.000002000 |         -0.0 | -0.000000027 -0.000000020,  0.000000003  0.000000001
CONST: 077 | 24 0.000695 0.000235069 0.00036 -0.0005 -0.001254 2.00001e-06

ABS:   078 |  0.000695000  0.000235069  0.000360000 -0.000500000 -0.001254000 -0.000002000 |         53.2 |  0.000010134  0.000059634, -0.000046652  0.000559189
DIFF:  078 |  0.000000000  0.000000000  0.000000000  0.000000000  0.000000000 -0.000004000 |         -0.0 |  0.000000003 -0.000000000,  0.000000006 -0.000000001
MOVE:  078 |  0.000000000  0.000000069 -0.000000000 -0.000000000  0.000000000 -0.000002000 |         -0.0 | -0.000000025 -0.000000020,  0.000000009  0.000000000
CONST: 078 | 24 0.000695 0.000235069 0.00036 -0.0005 -0.001254 -2.00001e-06

ABS:   079 |  0.000695000  0.000235069  0.000360000 -0.000500000 -0.001254000  0.000020000 |         53.2 |  0.000010148  0.000059654, -0.000046684  0.000559195
DIFF:  079 |  0.000000000  0.000000000  0.000000000  0.000000000  0.000000000  0.000022000 |          0.0 |  0.000000014  0.000000021, -0.000000032  0.000000006
MOVE:  079 |  0.000000000  0.000000069 -0.000000000 -0.000000000  0.000000000  0.000020000 |          0.0 | -0.000000011  0.000000001, -0.000000023  0.000000006
CONST: 079 | 24 0.000695 0.000235069 0.00036 -0.0005 -0.001254 2.00001e-05

ABS:   080 |  0.000695000  0.000235069  0.000360000 -0.000500000 -0.001254000 -0.000020000 |         53.2 |  0.000010147  0.000059632, -0.000046626  0.000559183
DIFF:  080 |  0.000000000  0.000000000  0.000000000  0.000000000  0.000000000 -0.000040000 |         -0.0 | -0.000000001 -0.000000022,  0.000000058 -0.000000012
MOVE:  080 |  0.000000000  0.000000069 -0.000000000 -0.000000000  0.000000000 -0.000020000 |         -0.0 | -0.000000012 -0.000000021,  0.000000035 -0.000000005
CONST: 080 | 24 0.000695 0.000235069 0.00036 -0.0005 -0.001254 -2.00001e-05

ABS:   081 |  0.000684755  0.000233407  0.000313157 -0.000499816 -0.001254008 -0.000012374 |         52.6 |  0.000004626  0.000059259, -0.000022275  0.000558524
DIFF:  081 | -0.000010245 -0.000001661 -0.000046843  0.000000184 -0.000000008  0.000007626 |         -0.6 | -0.000005522 -0.000000374,  0.000024351 -0.000000659
MOVE:  081 | -0.000010245 -0.000001593 -0.000046843  0.000000184 -0.000000008 -0.000012374 |         -0.6 | -0.000005533 -0.000000395,  0.000024386 -0.000000664
CONST: 081 | 24 0.000684755 0.000233407 0.000313157 -0.000499816 -0.00125401 -1.23739e-05

ABS:   082 |  0.000684756  0.000233407  0.000313157 -0.000499816 -0.001254008 -0.000012374 |         52.6 |  0.000004627  0.000059259, -0.000022275  0.000558524
DIFF:  082 |  0.000000001  0.000000000  0.000000000  0.000000000  0.000000000  0.000000000 |          0.0 |  0.000000001 -0.000000000,  0.000000000  0.000000000
MOVE:  082 | -0.000010244 -0.000001593 -0.000046843  0.000000184 -0.000000008 -0.000012374 |         -0.6 | -0.000005532 -0.000000395,  0.000024386 -0.000000664
CONST: 082 | 24 0.000684756 0.000233407 0.000313157 -0.000499816 -0.00125401 -1.23739e-05

ABS:   083 |  0.000684754  0.000233407  0.000313157 -0.000499816 -0.001254008 -0.000012374 |         52.6 |  0.000004625  0.000059259, -0.000022275  0.000558524
DIFF:  083 | -0.000000002  0.000000000  0.000000000  0.000000000  0.000000000  0.000000000 |         -0.0 | -0.000000002  0.000000000, -0.000000000 -0.000000000
MOVE:  083 | -0.000010246 -0.000001593 -0.000046843  0.000000184 -0.000000008 -0.000012374 |         -0.6 | -0.000005534 -0.000000395,  0.000024386 -0.000000664
CONST: 083 | 24 0.000684754 0.000233407 0.000313157 -0.000499816 -0.00125401 -1.23739e-05

ABS:   084 |  0.000684765  0.000233407  0.000313157 -0.000499816 -0.001254008 -0.000012374 |         52.6 |  0.000004636  0.000059259, -0.000022275  0.000558524
DIFF:  084 |  0.000000011  0.000000000  0.000000000  0.000000000  0.000000000  0.000000000 |          0.0 |  0.000000011 -0.000000000,  0.000000000  0.000000000
MOVE:  084 | -0.000010235 -0.000001593 -0.000046843  0.000000184 -0.000000008 -0.000012374 |         -0.6 | -0.000005523 -0.000000395,  0.000024386 -0.000000664
CONST: 084 | 24 0.000684765 0.000233407 0.000313157 -0.000499816 -0.00125401 -1.23739e-05

ABS:   085 |  0.000684745  0.000233407  0.000313157 -0.000499816 -0.001254008 -0.000012374 |         52.6 |  0.000004649  0.000059231, -0.000022275  0.000558524
DIFF:  085 | -0.000000020  0.000000000  0.000000000  0.000000000  0.000000000  0.000000000 |         -0.0 |  0.000000014 -0.000000027, -0.000000000 -0.000000000
MOVE:  085 | -0.000010255 -0.000001593 -0.000046843  0.000000184 -0.000000008 -0.000012374 |         -0.6 | -0.000005510 -0.000000422,  0.000024386 -0.000000664
CONST: 085 | 24 0.000684745 0.000233407 0.000313157 -0.000499816 -0.00125401 -1.23739e-05

ABS:   086 |  0.000684756  0.000233407  0.000313157 -0.000499816 -0.001254008 -0.000012374 |         52.6 |  0.000004627  0.000059259, -0.000022275  0.000558524
DIFF:  086 |  0.000000011  0.000000000  0.000000000  0.000000000  0.000000000  0.000000000 |          0.0 | -0.000000023  0.000000027,  0.000000000  0.000000000
MOVE:  086 | -0.000010244 -0.000001593 -0.000046843  0.000000184 -0.000000008 -0.000012374 |         -0.6 | -0.000005532 -0.000000395,  0.000024386 -0.000000664
CONST: 086 | 24 0.000684756 0.000233407 0.000313157 -0.000499816 -0.00125401 -1.23739e-05

ABS:   087 |  0.000684754  0.000233407  0.000313157 -0.000499816 -0.001254008 -0.000012374 |         52.6 |  0.000004625  0.000059259, -0.000022275  0.000558524
DIFF:  087 | -0.000000002  0.000000000  0.000000000  0.000000000  0.000000000  0.000000000 |         -0.0 | -0.000000002  0.000000000, -0.000000000 -0.000000000
MOVE:  087 | -0.000010246 -0.000001593 -0.000046843  0.000000184 -0.000000008 -0.000012374 |         -0.6 | -0.000005534 -0.000000395,  0.000024386 -0.000000664
CONST: 087 | 24 0.000684754 0.000233407 0.000313157 -0.000499816 -0.00125401 -1.23739e-05

ABS:   088 |  0.000684755  0.000233507  0.000313157 -0.000499816 -0.001254008 -0.000012374 |         52.6 |  0.000004665  0.000059230, -0.000022266  0.000558524
DIFF:  088 |  0.000000001  0.000000100  0.000000000  0.000000000  0.000000000  0.000000000 |         -0.0 |  0.000000040 -0.000000028,  0.000000009  0.000000000
MOVE:  088 | -0.000010245 -0.000001493 -0.000046843  0.000000184 -0.000000008 -0.000012374 |         -0.6 | -0.000005494 -0.000000423,  0.000024395 -0.000000664
CONST: 088 | 24 0.000684755 0.000233507 0.000313157 -0.000499816 -0.00125401 -1.23739e-05

ABS:   089 |  0.000684755  0.000233307  0.000313157 -0.000499816 -0.001254008 -0.000012374 |         52.6 |  0.000004620  0.000059260, -0.000022283  0.000558524
DIFF:  089 |  0.000000000 -0.000000200  0.000000000  0.000000000  0.000000000  0.000000000 |          0.0 | -0.000000044  0.000000029, -0.000000017 -0.000000000
MOVE:  089 | -0.000010245 -0.000001693 -0.000046843  0.000000184 -0.000000008 -0.000012374 |         -0.6 | -0.000005539 -0.000000394,  0.000024378 -0.000000665
CONST: 089 | 24 0.000684755 0.000233307 0.000313157 -0.000499816 -0.00125401 -1.23739e-05

ABS:   090 |  0.000684755  0.000233417  0.000313157 -0.000499816 -0.001254008 -0.000012374 |         52.6 |  0.000004626  0.000059259, -0.000022274  0.000558524
DIFF:  090 |  0.000000000  0.000000110  0.000000000  0.000000000  0.000000000  0.000000000 |         -0.0 |  0.000000006 -0.000000001,  0.000000009  0.000000000
MOVE:  090 | -0.000010245 -0.000001583 -0.000046843  0.000000184 -0.000000008 -0.000012374 |         -0.6 | -0.000005533 -0.000000395,  0.000024387 -0.000000664
CONST: 090 | 24 0.000684755 0.000233417 0.000313157 -0.000499816 -0.00125401 -1.23739e-05

ABS:   091 |  0.000684755  0.000233397  0.000313157 -0.000499816 -0.001254008 -0.000012374 |         52.6 |  0.000004625  0.000059259, -0.000022275  0.000558524
DIFF:  091 |  0.000000000 -0.000000020  0.000000000  0.000000000  0.000000000  0.000000000 |          0.0 | -0.000000001  0.000000000, -0.000000002 -0.000000000
MOVE:  091 | -0.000010245 -0.000001603 -0.000046843  0.000000184 -0.000000008 -0.000012374 |         -0.6 | -0.000005534 -0.000000395,  0.000024386 -0.000000664
CONST: 091 | 24 0.000684755 0.000233397 0.000313157 -0.000499816 -0.00125401 -1.23739e-05

ABS:   092 |  0.000684755  0.000233507  0.000313157 -0.000499816 -0.001254008 -0.000012374 |         52.6 |  0.000004665  0.000059230, -0.000022266  0.000558524
DIFF:  092 |  0.000000000  0.000000110  0.000000000  0.000000000  0.000000000  0.000000000 |         -0.0 |  0.000000039 -0.000000028,  0.000000009  0.000000000
MOVE:  092 | -0.000010245 -0.000001493 -0.000046843  0.000000184 -0.000000008 -0.000012374 |         -0.6 | -0.000005494 -0.000000423,  0.000024395 -0.000000664
CONST: 092 | 24 0.000684755 0.000233507 0.000313157 -0.000499816 -0.00125401 -1.23739e-05

ABS:   093 |  0.000684755  0.000233307  0.000313157 -0.000499816 -0.001254008 -0.000012374 |         52.6 |  0.000004620  0.000059260, -0.000022283  0.000558524
DIFF:  093 |  0.000000000 -0.000000200  0.000000000  0.000000000  0.000000000  0.000000000 |          0.0 | -0.000000044  0.000000029, -0.000000017 -0.000000000
MOVE:  093 | -0.000010245 -0.000001693 -0.000046843  0.000000184 -0.000000008 -0.000012374 |         -0.6 | -0.000005539 -0.000000394,  0.000024378 -0.000000665
CONST: 093 | 24 0.000684755 0.000233307 0.000313157 -0.000499816 -0.00125401 -1.23739e-05

ABS:   094 |  0.000684755  0.000233407  0.000313455 -0.000499816 -0.001254008 -0.000012374 |         52.7 |  0.000004626  0.000059259, -0.000022295  0.000558734
DIFF:  094 |  0.000000000  0.000000100  0.000000298  0.000000000  0.000000000  0.000000000 |          0.0 |  0.000000006 -0.000000001, -0.000000012  0.000000210
MOVE:  094 | -0.000010245 -0.000001593 -0.000046545  0.000000184 -0.000000008 -0.000012374 |         -0.5 | -0.000005533 -0.000000395,  0.000024366 -0.000000454
CONST: 094 | 24 0.000684755 0.000233407 0.000313455 -0.000499816 -0.00125401 -1.23739e-05

ABS:   095 |  0.000684755  0.000233407  0.000312858 -0.000499816 -0.001254008 -0.000012374 |         52.6 |  0.000004625  0.000059259, -0.000021976  0.000558524
DIFF:  095 |  0.000000000  0.000000000 -0.000000597  0.000000000  0.000000000  0.000000000 |         -0.0 | -0.000000001 -0.000000000,  0.000000319 -0.000000210
MOVE:  095 | -0.000010245 -0.000001593 -0.000047142  0.000000184 -0.000000008 -0.000012374 |         -0.6 | -0.000005534 -0.000000395,  0.000024685 -0.000000664
CONST: 095 | 24 0.000684755 0.000233407 0.000312858 -0.000499816 -0.00125401 -1.23739e-05

ABS:   096 |  0.000684755  0.000233407  0.000313187 -0.000499816 -0.001254008 -0.000012374 |         52.6 |  0.000004626  0.000059259, -0.000022304  0.000558524
DIFF:  096 |  0.000000000  0.000000000  0.000000328  0.000000000  0.000000000  0.000000000 |          0.0 |  0.000000000  0.000000000, -0.000000328 -0.000000000
MOVE:  096 | -0.000010245 -0.000001593 -0.000046813  0.000000184 -0.000000008 -0.000012374 |         -0.6 | -0.000005533 -0.000000395,  0.000024357 -0.000000664
CONST: 096 | 24 0.000684755 0.000233407 0.000313187 -0.000499816 -0.00125401 -1.23739e-05

ABS:   097 |  0.000684755  0.000233407  0.000313127 -0.000499816 -0.001254008 -0.000012374 |         52.6 |  0.000004626  0.000059259, -0.000022245  0.000558524
DIFF:  097 |  0.000000000  0.000000000 -0.000000060  0.000000000  0.000000000  0.000000000 |         -0.0 | -0.000000000 -0.000000000,  0.000000060  0.000000000
MOVE:  097 | -0.000010245 -0.000001593 -0.000046873  0.000000184 -0.000000008 -0.000012374 |         -0.6 | -0.000005533 -0.000000395,  0.000024416 -0.000000664
CONST: 097 | 24 0.000684755 0.000233407 0.000313127 -0.000499816 -0.00125401 -1.23739e-05

ABS:   098 |  0.000684755  0.000233407  0.000313455 -0.000499816 -0.001254008 -0.000012374 |         52.7 |  0.000004626  0.000059259, -0.000022295  0.000558734
DIFF:  098 |  0.000000000  0.000000000  0.000000328  0.000000000  0.000000000  0.000000000 |          0.0 |  0.000000000  0.000000000, -0.000000050  0.000000210
MOVE:  098 | -0.000010245 -0.000001593 -0.000046545  0.000000184 -0.000000008 -0.000012374 |         -0.5 | -0.000005533 -0.000000395,  0.000024366 -0.000000454
CONST: 098 | 24 0.000684755 0.000233407 0.000313455 -0.000499816 -0.00125401 -1.23739e-05

ABS:   099 |  0.000684755  0.000233407  0.000312859 -0.000499816 -0.001254008 -0.000012374 |         52.6 |  0.000004625  0.000059259, -0.000021976  0.000558524
DIFF:  099 |  0.000000000  0.000000000 -0.000000597  0.000000000  0.000000000  0.000000000 |         -0.0 | -0.000000001 -0.000000000,  0.000000318 -0.000000210
MOVE:  099 | -0.000010245 -0.000001593 -0.000047141  0.000000184 -0.000000008 -0.000012374 |         -0.6 | -0.000005534 -0.000000395,  0.000024685 -0.000000664
CONST: 099 | 24 0.000684755 0.000233407 0.000312859 -0.000499816 -0.00125401 -1.23739e-05

ABS:   100 |  0.000684755  0.000233407  0.000313157 -0.000499776 -0.001254008 -0.000012374 |         52.6 |  0.000004626  0.000059259, -0.000022277  0.000558524
DIFF:  100 |  0.000000000  0.000000000  0.000000298  0.000000040  0.000000000  0.000000000 |          0.0 |  0.000000000  0.000000000, -0.000000301  0.000000000
MOVE:  100 | -0.000010245 -0.000001593 -0.000046843  0.000000224 -0.000000008 -0.000012374 |         -0.6 | -0.000005533 -0.000000395,  0.000024384 -0.000000664
CONST: 100 | 24 0.000684755 0.000233407 0.000313157 -0.000499776 -0.00125401 -1.23739e-05

ABS:   101 |  0.000684755  0.000233407  0.000313157 -0.000499856 -0.001254008 -0.000012374 |         52.6 |  0.000004626  0.000059259, -0.000022272  0.000558524
DIFF:  101 |  0.000000000  0.000000000  0.000000000 -0.000000080  0.000000000  0.000000000 |         -0.0 | -0.000000000 -0.000000000,  0.000000004 -0.000000000
MOVE:  101 | -0.000010245 -0.000001593 -0.000046843  0.000000144 -0.000000008 -0.000012374 |         -0.6 | -0.000005533 -0.000000395,  0.000024389 -0.000000664
CONST: 101 | 24 0.000684755 0.000233407 0.000313157 -0.000499856 -0.00125401 -1.23739e-05

ABS:   102 |  0.000684755  0.000233407  0.000313157 -0.000499416 -0.001254008 -0.000012374 |         52.6 |  0.000004626  0.000059259, -0.000022296  0.000558524
DIFF:  102 |  0.000000000  0.000000000  0.000000000  0.000000440  0.000000000  0.000000000 |          0.0 |  0.000000000  0.000000000, -0.000000024  0.000000000
MOVE:  102 | -0.000010245 -0.000001593 -0.000046843  0.000000584 -0.000000008 -0.000012374 |         -0.6 | -0.000005533 -0.000000395,  0.000024365 -0.000000664
CONST: 102 | 24 0.000684755 0.000233407 0.000313157 -0.000499416 -0.00125401 -1.23739e-05

ABS:   103 |  0.000684755  0.000233407  0.000313157 -0.000500216 -0.001254008 -0.000012374 |         52.6 |  0.000004626  0.000059259, -0.000022253  0.000558524
DIFF:  103 |  0.000000000  0.000000000  0.000000000 -0.000000800  0.000000000  0.000000000 |         -0.0 | -0.000000000 -0.000000000,  0.000000043 -0.000000000
MOVE:  103 | -0.000010245 -0.000001593 -0.000046843 -0.000000216 -0.000000008 -0.000012374 |         -0.6 | -0.000005533 -0.000000395,  0.000024408 -0.000000664
CONST: 103 | 24 0.000684755 0.000233407 0.000313157 -0.000500216 -0.00125401 -1.23739e-05

ABS:   104 |  0.000684755  0.000233407  0.000313157 -0.000499816 -0.001254006 -0.000012374 |         52.6 |  0.000004626  0.000059259, -0.000022275  0.000558524
DIFF:  104 |  0.000000000  0.000000000  0.000000000  0.000000400  0.000000002  0.000000000 |          0.0 |  0.000000000  0.000000000, -0.000000022  0.000000000
MOVE:  104 | -0.000010245 -0.000001593 -0.000046843  0.000000184 -0.000000006 -0.000012374 |         -0.6 | -0.000005533 -0.000000395,  0.000024386 -0.000000664
CONST: 104 | 24 0.000684755 0.000233407 0.000313157 -0.000499816 -0.00125401 -1.23739e-05

ABS:   105 |  0.000684755  0.000233407  0.000313157 -0.000499816 -0.001254010 -0.000012374 |         52.6 |  0.000004626  0.000059259, -0.000022275  0.000558524
DIFF:  105 |  0.000000000  0.000000000  0.000000000  0.000000000 -0.000000003  0.000000000 |          0.0 |  0.000000000  0.000000000,  0.000000000  0.000000000
MOVE:  105 | -0.000010245 -0.000001593 -0.000046843  0.000000184 -0.000000010 -0.000012374 |         -0.6 | -0.000005533 -0.000000395,  0.000024386 -0.000000664
CONST: 105 | 24 0.000684755 0.000233407 0.000313157 -0.000499816 -0.00125401 -1.23739e-05

ABS:   106 |  0.000684755  0.000233407  0.000313157 -0.000499816 -0.001253992 -0.000012374 |         52.6 |  0.000004625  0.000059258, -0.000022275  0.000558524
DIFF:  106 |  0.000000000  0.000000000  0.000000000  0.000000000  0.000000018  0.000000000 |         -0.0 | -0.000000000 -0.000000000, -0.000000000 -0.000000000
MOVE:  106 | -0.000010245 -0.000001593 -0.000046843  0.000000184  0.000000008 -0.000012374 |         -0.6 | -0.000005534 -0.000000395,  0.000024386 -0.000000664
CONST: 106 | 24 0.000684755 0.000233407 0.000313157 -0.000499816 -0.00125399 -1.23739e-05

ABS:   107 |  0.000684755  0.000233407  0.000313157 -0.000499816 -0.001254024 -0.000012374 |         52.6 |  0.000004626  0.000059259, -0.000022275  0.000558524
DIFF:  107 |  0.000000000  0.000000000  0.000000000  0.000000000 -0.000000033  0.000000000 |          0.0 |  0.000000001  0.000000000,  0.000000000  0.000000000
MOVE:  107 | -0.000010245 -0.000001593 -0.000046843  0.000000184 -0.000000024 -0.000012374 |         -0.6 | -0.000005533 -0.000000395,  0.000024386 -0.000000664
CONST: 107 | 24 0.000684755 0.000233407 0.000313157 -0.000499816 -0.00125402 -1.23739e-05

ABS:   108 |  0.000684755  0.000233407  0.000313157 -0.000499816 -0.001254008 -0.000010374 |         52.6 |  0.000004624  0.000059259, -0.000022278  0.000558525
DIFF:  108 |  0.000000000  0.000000000  0.000000000  0.000000000  0.000000016  0.000002000 |          0.0 | -0.000000002 -0.000000000, -0.000000003  0.000000001
MOVE:  108 | -0.000010245 -0.000001593 -0.000046843  0.000000184 -0.000000008 -0.000010374 |         -0.6 | -0.000005535 -0.000000395,  0.000024383 -0.000000664
CONST: 108 | 24 0.000684755 0.000233407 0.000313157 -0.000499816 -0.00125401 -1.03739e-05

