ABS:   itr |       deltaX       deltaY       deltaZ         phiX         phiY         phiZ |        chisq |    rphi mean     rphi rms,       z mean        z rms
ABS:   =========================================================================================================================================================
DIFF:  itr |       deltaX       deltaY       deltaZ         phiX         phiY         phiZ |        chisq |    rphi mean     rphi rms,       z mean        z rms
DIFF:  =========================================================================================================================================================
MOVE:  itr |       deltaX       deltaY       deltaZ         phiX         phiY         phiZ |        chisq |    rphi mean     rphi rms,       z mean        z rms
MOVE:  =========================================================================================================================================================
ABS:   001 |  0.000093000 -0.000008000  0.000007000 -0.000435000 -0.000511000  0.000000000 |         28.4 | -0.000009036  0.000052024, -0.000045201  0.000558141
CONST: 001 | 46 9.3e-05 -8e-06 7e-06 -0.000435 -0.000511 0

ABS:   001 |  0.000093000 -0.000008000  0.000007000 -0.000435000 -0.000511000  0.000000000 |         28.4 | -0.000009036  0.000052024, -0.000045201  0.000558141
CONST: 001 | 46 9.3e-05 -8e-06 7e-06 -0.000435 -0.000511 0

ABS:   002 |  0.000093100 -0.000008000  0.000007000 -0.000435000 -0.000511000  0.000000000 |         28.4 | -0.000008984  0.000051974, -0.000045201  0.000558141
DIFF:  002 |  0.000000100  0.000000000  0.000000000  0.000000000  0.000000000  0.000000000 |         -0.0 |  0.000000052 -0.000000050,  0.000000000 -0.000000000
MOVE:  002 |  0.000000100  0.000000000  0.000000000  0.000000000  0.000000000  0.000000000 |         -0.0 |  0.000000052 -0.000000050,  0.000000000 -0.000000000
CONST: 002 | 46 9.31e-05 -8e-06 7e-06 -0.000435 -0.000511 0

ABS:   003 |  0.000092900 -0.000008000  0.000007000 -0.000435000 -0.000511000  0.000000000 |         28.4 | -0.000009136  0.000052024, -0.000045201  0.000558141
DIFF:  003 | -0.000000200  0.000000000  0.000000000  0.000000000  0.000000000  0.000000000 |          0.0 | -0.000000152  0.000000050, -0.000000000  0.000000000
MOVE:  003 | -0.000000100  0.000000000  0.000000000  0.000000000  0.000000000  0.000000000 |          0.0 | -0.000000100 -0.000000000, -0.000000000 -0.000000000
CONST: 003 | 46 9.29e-05 -8e-06 7e-06 -0.000435 -0.000511 0

ABS:   004 |  0.000093010 -0.000008000  0.000007000 -0.000435000 -0.000511000  0.000000000 |         28.4 | -0.000009026  0.000052024, -0.000045201  0.000558141
DIFF:  004 |  0.000000110  0.000000000  0.000000000  0.000000000  0.000000000  0.000000000 |         -0.0 |  0.000000110  0.000000000,  0.000000000  0.000000000
MOVE:  004 |  0.000000010  0.000000000  0.000000000  0.000000000  0.000000000  0.000000000 |         -0.0 |  0.000000010  0.000000000,  0.000000000  0.000000000
CONST: 004 | 46 9.301e-05 -8e-06 7e-06 -0.000435 -0.000511 0

ABS:   005 |  0.000092990 -0.000008000  0.000007000 -0.000435000 -0.000511000  0.000000000 |         28.4 | -0.000009046  0.000052024, -0.000045201  0.000558141
DIFF:  005 | -0.000000020  0.000000000  0.000000000  0.000000000  0.000000000  0.000000000 |          0.0 | -0.000000020  0.000000000, -0.000000000 -0.000000000
MOVE:  005 | -0.000000010  0.000000000  0.000000000  0.000000000  0.000000000  0.000000000 |          0.0 | -0.000000010  0.000000000, -0.000000000 -0.000000000
CONST: 005 | 46 9.299e-05 -8e-06 7e-06 -0.000435 -0.000511 0

ABS:   006 |  0.000093067 -0.000008000  0.000007000 -0.000435000 -0.000511000  0.000000000 |         28.4 | -0.000008969  0.000052024, -0.000045201  0.000558141
DIFF:  006 |  0.000000077  0.000000000  0.000000000  0.000000000  0.000000000  0.000000000 |         -0.0 |  0.000000077 -0.000000000,  0.000000000  0.000000000
MOVE:  006 |  0.000000067  0.000000000  0.000000000  0.000000000  0.000000000  0.000000000 |         -0.0 |  0.000000067  0.000000000,  0.000000000 -0.000000000
CONST: 006 | 46 9.30666e-05 -8e-06 7e-06 -0.000435 -0.000511 0

ABS:   007 |  0.000092933 -0.000008000  0.000007000 -0.000435000 -0.000511000  0.000000000 |         28.4 | -0.000009103  0.000052024, -0.000045201  0.000558141
DIFF:  007 | -0.000000133  0.000000000  0.000000000  0.000000000  0.000000000  0.000000000 |          0.0 | -0.000000133 -0.000000000, -0.000000000 -0.000000000
MOVE:  007 | -0.000000067  0.000000000  0.000000000  0.000000000  0.000000000  0.000000000 |          0.0 | -0.000000067 -0.000000000, -0.000000000 -0.000000000
CONST: 007 | 46 9.29334e-05 -8e-06 7e-06 -0.000435 -0.000511 0

ABS:   008 |  0.000093000 -0.000007900  0.000007000 -0.000435000 -0.000511000  0.000000000 |         28.4 | -0.000009031  0.000052025, -0.000045184  0.000558143
DIFF:  008 |  0.000000067  0.000000100  0.000000000  0.000000000  0.000000000  0.000000000 |         -0.0 |  0.000000072  0.000000001,  0.000000017  0.000000003
MOVE:  008 | -0.000000000  0.000000100  0.000000000  0.000000000  0.000000000  0.000000000 |          0.0 |  0.000000005  0.000000001,  0.000000017  0.000000003
CONST: 008 | 46 9.3e-05 -7.9e-06 7e-06 -0.000435 -0.000511 0

ABS:   009 |  0.000093000 -0.000008100  0.000007000 -0.000435000 -0.000511000  0.000000000 |         28.4 | -0.000009041  0.000052023, -0.000045218  0.000558138
DIFF:  009 |  0.000000000 -0.000000200  0.000000000  0.000000000  0.000000000  0.000000000 |         -0.0 | -0.000000010 -0.000000003, -0.000000034 -0.000000006
MOVE:  009 | -0.000000000 -0.000000100  0.000000000  0.000000000  0.000000000  0.000000000 |         -0.0 | -0.000000005 -0.000000001, -0.000000017 -0.000000003
CONST: 009 | 46 9.3e-05 -8.1e-06 7e-06 -0.000435 -0.000511 0

ABS:   010 |  0.000093000 -0.000007700  0.000007000 -0.000435000 -0.000511000  0.000000000 |         28.4 | -0.000009020  0.000052028, -0.000045150  0.000558149
DIFF:  010 |  0.000000000  0.000000400  0.000000000  0.000000000  0.000000000  0.000000000 |          0.0 |  0.000000021  0.000000005,  0.000000067  0.000000011
MOVE:  010 | -0.000000000  0.000000300  0.000000000  0.000000000  0.000000000  0.000000000 |          0.0 |  0.000000016  0.000000004,  0.000000050  0.000000009
CONST: 010 | 46 9.3e-05 -7.69971e-06 7e-06 -0.000435 -0.000511 0

ABS:   011 |  0.000093000 -0.000008300  0.000007000 -0.000435000 -0.000511000  0.000000000 |         28.4 | -0.000009052  0.000052020, -0.000045251  0.000558132
DIFF:  011 |  0.000000000 -0.000000601  0.000000000  0.000000000  0.000000000  0.000000000 |         -0.0 | -0.000000031 -0.000000008, -0.000000101 -0.000000017
MOVE:  011 | -0.000000000 -0.000000300  0.000000000  0.000000000  0.000000000  0.000000000 |         -0.0 | -0.000000016 -0.000000004, -0.000000050 -0.000000008
CONST: 011 | 46 9.3e-05 -8.30029e-06 7e-06 -0.000435 -0.000511 0

ABS:   012 |  0.000093000 -0.000008000  0.000012002 -0.000435000 -0.000511000  0.000000000 |         28.5 | -0.000009033  0.000052024, -0.000048648  0.000558649
DIFF:  012 |  0.000000000  0.000000300  0.000005002  0.000000000  0.000000000  0.000000000 |          0.1 |  0.000000018  0.000000004, -0.000003397  0.000000517
MOVE:  012 | -0.000000000  0.000000000  0.000005002  0.000000000  0.000000000  0.000000000 |          0.1 |  0.000000002 -0.000000000, -0.000003448  0.000000508
CONST: 012 | 46 9.3e-05 -8e-06 1.20021e-05 -0.000435 -0.000511 0

ABS:   013 |  0.000093000 -0.000008000  0.000001998 -0.000435000 -0.000511000  0.000000000 |         28.4 | -0.000009038  0.000052024, -0.000041750  0.000557646
DIFF:  013 |  0.000000000  0.000000000 -0.000010004  0.000000000  0.000000000  0.000000000 |         -0.2 | -0.000000005  0.000000000,  0.000006898 -0.000001003
MOVE:  013 | -0.000000000  0.000000000 -0.000005002  0.000000000  0.000000000  0.000000000 |         -0.1 | -0.000000002  0.000000000,  0.000003451 -0.000000494
CONST: 013 | 46 9.3e-05 -8e-06 1.99791e-06 -0.000435 -0.000511 0

ABS:   014 |  0.000093000 -0.000008000  0.000007500 -0.000435000 -0.000511000  0.000000000 |         28.4 | -0.000009036  0.000052024, -0.000045701  0.000558141
DIFF:  014 |  0.000000000  0.000000000  0.000005502  0.000000000  0.000000000  0.000000000 |          0.1 |  0.000000003 -0.000000000, -0.000003951  0.000000494
MOVE:  014 | -0.000000000  0.000000000  0.000000500  0.000000000  0.000000000  0.000000000 |          0.0 |  0.000000000 -0.000000000, -0.000000500 -0.000000000
CONST: 014 | 46 9.3e-05 -8e-06 7.50021e-06 -0.000435 -0.000511 0

ABS:   015 |  0.000093000 -0.000008000  0.000006500 -0.000435000 -0.000511000  0.000000000 |         28.4 | -0.000009036  0.000052024, -0.000044701  0.000558141
DIFF:  015 |  0.000000000  0.000000000 -0.000001000  0.000000000  0.000000000  0.000000000 |         -0.0 | -0.000000000  0.000000000,  0.000001000  0.000000000
MOVE:  015 | -0.000000000  0.000000000 -0.000000500  0.000000000  0.000000000  0.000000000 |         -0.0 | -0.000000000  0.000000000,  0.000000500  0.000000000
CONST: 015 | 46 9.3e-05 -8e-06 6.49979e-06 -0.000435 -0.000511 0

ABS:   016 |  0.000093000 -0.000008000  0.000007303 -0.000435000 -0.000511000  0.000000000 |         28.4 | -0.000009036  0.000052024, -0.000045503  0.000558141
DIFF:  016 |  0.000000000  0.000000000  0.000000803  0.000000000  0.000000000  0.000000000 |          0.0 |  0.000000000 -0.000000000, -0.000000803 -0.000000000
MOVE:  016 | -0.000000000  0.000000000  0.000000303  0.000000000  0.000000000  0.000000000 |          0.0 |  0.000000000 -0.000000000, -0.000000303 -0.000000000
CONST: 016 | 46 9.3e-05 -8e-06 7.30262e-06 -0.000435 -0.000511 0

ABS:   017 |  0.000093000 -0.000008000  0.000006697 -0.000435000 -0.000511000  0.000000000 |         28.4 | -0.000009036  0.000052024, -0.000044898  0.000558141
DIFF:  017 |  0.000000000  0.000000000 -0.000000605  0.000000000  0.000000000  0.000000000 |         -0.0 | -0.000000000  0.000000000,  0.000000605  0.000000000
MOVE:  017 | -0.000000000  0.000000000 -0.000000303  0.000000000  0.000000000  0.000000000 |         -0.0 | -0.000000000  0.000000000,  0.000000303  0.000000000
CONST: 017 | 46 9.3e-05 -8e-06 6.69738e-06 -0.000435 -0.000511 0

ABS:   018 |  0.000093000 -0.000008000  0.000007000 -0.000431000 -0.000511000  0.000000000 |         28.4 | -0.000009026  0.000052035, -0.000045539  0.000558138
DIFF:  018 |  0.000000000  0.000000000  0.000000303  0.000004000  0.000000000  0.000000000 |          0.0 |  0.000000010  0.000000011, -0.000000641 -0.000000003
MOVE:  018 | -0.000000000  0.000000000  0.000000000  0.000004000  0.000000000  0.000000000 |          0.0 |  0.000000010  0.000000012, -0.000000338 -0.000000003
CONST: 018 | 46 9.3e-05 -8e-06 7e-06 -0.000431 -0.000511 0

ABS:   019 |  0.000093000 -0.000008000  0.000007000 -0.000439000 -0.000511000  0.000000000 |         28.4 | -0.000009046  0.000052012, -0.000044863  0.000558143
DIFF:  019 |  0.000000000  0.000000000  0.000000000 -0.000008000  0.000000000  0.000000000 |         -0.0 | -0.000000020 -0.000000023,  0.000000676  0.000000005
MOVE:  019 | -0.000000000  0.000000000  0.000000000 -0.000004000  0.000000000  0.000000000 |         -0.0 | -0.000000010 -0.000000011,  0.000000338  0.000000003
CONST: 019 | 46 9.3e-05 -8e-06 7e-06 -0.000439 -0.000511 0

ABS:   020 |  0.000093000 -0.000008000  0.000007000 -0.000432056 -0.000511000  0.000000000 |         28.4 | -0.000009029  0.000052032, -0.000045449  0.000558139
DIFF:  020 |  0.000000000  0.000000000  0.000000000  0.000006944  0.000000000  0.000000000 |          0.0 |  0.000000017  0.000000020, -0.000000587 -0.000000005
MOVE:  020 | -0.000000000  0.000000000  0.000000000  0.000002944  0.000000000  0.000000000 |          0.0 |  0.000000007  0.000000008, -0.000000249 -0.000000002
CONST: 020 | 46 9.3e-05 -8e-06 7e-06 -0.000432056 -0.000511 0

ABS:   021 |  0.000093000 -0.000008000  0.000007000 -0.000437944 -0.000511000  0.000000000 |         28.4 | -0.000009043  0.000052015, -0.000044952  0.000558143
DIFF:  021 |  0.000000000  0.000000000  0.000000000 -0.000005888  0.000000000  0.000000000 |         -0.0 | -0.000000015 -0.000000017,  0.000000497  0.000000004
MOVE:  021 | -0.000000000  0.000000000  0.000000000 -0.000002944  0.000000000  0.000000000 |         -0.0 | -0.000000007 -0.000000008,  0.000000249  0.000000002
CONST: 021 | 46 9.3e-05 -8e-06 7e-06 -0.000437944 -0.000511 0

ABS:   022 |  0.000093000 -0.000008000  0.000007000 -0.000435000 -0.000500999  0.000000000 |         28.4 | -0.000008882  0.000051714, -0.000045249  0.000558134
DIFF:  022 |  0.000000000  0.000000000  0.000000000  0.000002944  0.000010001  0.000000000 |         -0.0 |  0.000000161 -0.000000301, -0.000000297 -0.000000008
MOVE:  022 | -0.000000000  0.000000000  0.000000000  0.000000000  0.000010001  0.000000000 |         -0.1 |  0.000000153 -0.000000310, -0.000000049 -0.000000006
CONST: 022 | 46 9.3e-05 -8e-06 7e-06 -0.000435 -0.000500999 0

ABS:   023 |  0.000093000 -0.000008000  0.000007000 -0.000435000 -0.000521001  0.000000000 |         28.5 | -0.000009155  0.000052227, -0.000045152  0.000558147
DIFF:  023 |  0.000000000  0.000000000  0.000000000  0.000000000 -0.000020001  0.000000000 |          0.1 | -0.000000272  0.000000513,  0.000000097  0.000000012
MOVE:  023 | -0.000000000  0.000000000  0.000000000  0.000000000 -0.000010001  0.000000000 |          0.0 | -0.000000119  0.000000203,  0.000000049  0.000000006
CONST: 023 | 46 9.3e-05 -8e-06 7e-06 -0.000435 -0.000521001 0

ABS:   024 |  0.000093000 -0.000008000  0.000007000 -0.000435000 -0.000510000  0.000000000 |         28.4 | -0.000009017  0.000051980, -0.000045206  0.000558140
DIFF:  024 |  0.000000000  0.000000000  0.000000000  0.000000000  0.000011001  0.000000000 |         -0.0 |  0.000000138 -0.000000247, -0.000000053 -0.000000007
MOVE:  024 | -0.000000000  0.000000000  0.000000000  0.000000000  0.000001000  0.000000000 |         -0.0 |  0.000000019 -0.000000043, -0.000000005 -0.000000001
CONST: 024 | 46 9.3e-05 -8e-06 7e-06 -0.000435 -0.00051 0

ABS:   025 |  0.000093000 -0.000008000  0.000007000 -0.000435000 -0.000512000  0.000000000 |         28.4 | -0.000009103  0.000052017, -0.000045196  0.000558141
DIFF:  025 |  0.000000000  0.000000000  0.000000000  0.000000000 -0.000002000  0.000000000 |          0.0 | -0.000000086  0.000000037,  0.000000010  0.000000001
MOVE:  025 | -0.000000000  0.000000000  0.000000000  0.000000000 -0.000001000  0.000000000 |         -0.0 | -0.000000067 -0.000000007,  0.000000005  0.000000001
CONST: 025 | 46 9.3e-05 -8e-06 7e-06 -0.000435 -0.000512 0

ABS:   026 |  0.000093000 -0.000008000  0.000007000 -0.000435000 -0.000510900  0.000000000 |         28.4 | -0.000009034  0.000052020, -0.000045201  0.000558141
DIFF:  026 |  0.000000000  0.000000000  0.000000000  0.000000000  0.000001100  0.000000000 |          0.0 |  0.000000069  0.000000002, -0.000000005 -0.000000001
MOVE:  026 | -0.000000000  0.000000000  0.000000000  0.000000000  0.000000100  0.000000000 |         -0.0 |  0.000000002 -0.000000004, -0.000000000 -0.000000000
CONST: 026 | 46 9.3e-05 -8e-06 7e-06 -0.000435 -0.0005109 0

ABS:   027 |  0.000093000 -0.000008000  0.000007000 -0.000435000 -0.000511100  0.000000000 |         28.4 | -0.000009038  0.000052028, -0.000045200  0.000558141
DIFF:  027 |  0.000000000  0.000000000  0.000000000  0.000000000 -0.000000200  0.000000000 |          0.0 | -0.000000004  0.000000009,  0.000000001  0.000000000
MOVE:  027 | -0.000000000  0.000000000  0.000000000  0.000000000 -0.000000100  0.000000000 |          0.0 | -0.000000002  0.000000004,  0.000000000  0.000000000
CONST: 027 | 46 9.3e-05 -8e-06 7e-06 -0.000435 -0.0005111 0

ABS:   028 |  0.000093000 -0.000008000  0.000007000 -0.000435000 -0.000511000  0.000002000 |         28.4 | -0.000009038  0.000052024, -0.000045195  0.000558139
DIFF:  028 |  0.000000000  0.000000000  0.000000000  0.000000000  0.000000100  0.000002000 |         -0.0 |  0.000000000 -0.000000004,  0.000000005 -0.000000002
MOVE:  028 | -0.000000000  0.000000000  0.000000000  0.000000000  0.000000000  0.000002000 |         -0.0 | -0.000000002 -0.000000000,  0.000000006 -0.000000002
CONST: 028 | 46 9.3e-05 -8e-06 7e-06 -0.000435 -0.000511 2.00001e-06

ABS:   029 |  0.000093000 -0.000008000  0.000007000 -0.000435000 -0.000511000 -0.000002000 |         28.4 | -0.000009034  0.000052024, -0.000045206  0.000558142
DIFF:  029 |  0.000000000  0.000000000  0.000000000  0.000000000  0.000000000 -0.000004000 |          0.0 |  0.000000003  0.000000000, -0.000000011  0.000000003
MOVE:  029 | -0.000000000  0.000000000  0.000000000  0.000000000  0.000000000 -0.000002000 |          0.0 |  0.000000002  0.000000000, -0.000000006  0.000000002
CONST: 029 | 46 9.3e-05 -8e-06 7e-06 -0.000435 -0.000511 -2.00001e-06

ABS:   030 |  0.000093000 -0.000008000  0.000007000 -0.000435000 -0.000511000  0.000020000 |         28.4 | -0.000009052  0.000052022, -0.000045145  0.000558124
DIFF:  030 |  0.000000000  0.000000000  0.000000000  0.000000000  0.000000000  0.000022000 |         -0.0 | -0.000000018 -0.000000002,  0.000000062 -0.000000018
MOVE:  030 | -0.000000000  0.000000000  0.000000000  0.000000000  0.000000000  0.000020000 |         -0.0 | -0.000000016 -0.000000001,  0.000000056 -0.000000017
CONST: 030 | 46 9.3e-05 -8e-06 7e-06 -0.000435 -0.000511 2.00001e-05

ABS:   031 |  0.000093000 -0.000008000  0.000007000 -0.000435000 -0.000511000 -0.000020000 |         28.4 | -0.000009020  0.000052025, -0.000045257  0.000558157
DIFF:  031 |  0.000000000  0.000000000  0.000000000  0.000000000  0.000000000 -0.000040000 |          0.0 |  0.000000032  0.000000003, -0.000000112  0.000000033
MOVE:  031 | -0.000000000  0.000000000  0.000000000  0.000000000  0.000000000 -0.000020000 |          0.0 |  0.000000016  0.000000001, -0.000000056  0.000000017
CONST: 031 | 46 9.3e-05 -8e-06 7e-06 -0.000435 -0.000511 -2.00001e-05

ABS:   032 |  0.000102037 -0.000020919 -0.000038093 -0.001008919 -0.000232508  0.006136842 |         27.5 | -0.000003948  0.000047441, -0.000000332  0.000556161
DIFF:  032 |  0.000009037 -0.000012919 -0.000045093 -0.000573919  0.000278492  0.006156842 |         -1.0 |  0.000005072 -0.000004584,  0.000044924 -0.000001997
MOVE:  032 |  0.000009037 -0.000012919 -0.000045093 -0.000573919  0.000278492  0.006136842 |         -1.0 |  0.000005088 -0.000004583,  0.000044868 -0.000001980
CONST: 032 | 46 0.000102037 -2.09186e-05 -3.80928e-05 -0.00100892 -0.000232508 0.00613684

ABS:   033 |  0.000099051 -0.000016650 -0.000023194 -0.000819293 -0.000324525  0.004114881 |         27.9 | -0.000005775  0.000048137, -0.000016494  0.000558784
DIFF:  033 | -0.000002986  0.000004268  0.000014899  0.000189625 -0.000092017 -0.002021961 |          0.4 | -0.000001827  0.000000695, -0.000016162  0.000002624
MOVE:  033 |  0.000006051 -0.000008650 -0.000030194 -0.000384293  0.000186475  0.004114881 |         -0.5 |  0.000003260 -0.000003887,  0.000028707  0.000000644
CONST: 033 | 46 9.90511e-05 -1.66502e-05 -2.31936e-05 -0.000819293 -0.000324525 0.00411488

ABS:   034 |  0.000147196 -0.000085436 -0.000263524 -0.003875866  0.001159648  0.033650934 |         27.5 |  0.000015492  0.000077825,  0.000221400  0.000548526
DIFF:  034 |  0.000048145 -0.000068786 -0.000240331 -0.003056572  0.001484173  0.029536053 |         -0.4 |  0.000021268  0.000029688,  0.000237895 -0.000010259
MOVE:  034 |  0.000054196 -0.000077436 -0.000270524 -0.003440866  0.001670648  0.033650934 |         -0.9 |  0.000024528  0.000025801,  0.000266601 -0.000009615
CONST: 034 | 46 0.000147196 -8.5436e-05 -0.000263524 -0.00387587 0.00115965 0.0336509

ABS:   035 |  0.000124587 -0.000053147 -0.000150631 -0.002440838  0.000462509  0.020850538 |         30.9 |  0.000009426  0.000070287,  0.000122013  0.000556108
DIFF:  035 | -0.000022609  0.000032289  0.000112893  0.001435028 -0.000697140 -0.012800396 |          3.4 | -0.000006067 -0.000007538, -0.000099387  0.000007582
MOVE:  035 |  0.000031587 -0.000045147 -0.000157631 -0.002005838  0.000973509  0.020850538 |          2.5 |  0.000018462  0.000018263,  0.000167214 -0.000002033
CONST: 035 | 46 0.000124587 -5.31473e-05 -0.000150631 -0.00244084 0.000462509 0.0208505

ABS:   036 |  0.000113313 -0.000037037 -0.000094364 -0.001725011  0.000115015  0.013654349 |         29.3 |  0.000004141  0.000057175,  0.000058481  0.000557804
DIFF:  036 | -0.000011274  0.000016111  0.000056268  0.000715827 -0.000347493 -0.007196188 |         -1.6 | -0.000005284 -0.000013112, -0.000063532  0.000001697
MOVE:  036 |  0.000020313 -0.000029037 -0.000101364 -0.001290011  0.000626015  0.013654349 |          0.8 |  0.000013177  0.000005151,  0.000103682 -0.000000336
CONST: 036 | 46 0.000113313 -3.70367e-05 -9.43637e-05 -0.00172501 0.000115015 0.0136543

ABS:   037 |  0.000107675 -0.000028978 -0.000066229 -0.001366989 -0.000058744  0.009924833 |         27.8 | -0.000000176  0.000050482,  0.000034227  0.000554190
DIFF:  037 | -0.000005638  0.000008058  0.000028135  0.000358022 -0.000173759 -0.003729516 |         -1.5 | -0.000004317 -0.000006693, -0.000024254 -0.000003615
MOVE:  037 |  0.000014675 -0.000020978 -0.000073229 -0.000931989  0.000452256  0.009924833 |         -0.7 |  0.000008860 -0.000001542,  0.000079428 -0.000003951
CONST: 037 | 46 0.000107675 -2.89783e-05 -6.62285e-05 -0.00136699 -5.87437e-05 0.00992483

ABS:   038 |  0.000056860  0.000043653  0.000187362  0.001859918 -0.001624881 -0.023627783 |         25.9 | -0.000008277  0.000080963, -0.000202893  0.000544550
DIFF:  038 | -0.000050816  0.000072631  0.000253590  0.003226907 -0.001566137 -0.033552616 |         -1.9 | -0.000008101  0.000030481, -0.000237120 -0.000009639
MOVE:  038 | -0.000036140  0.000051653  0.000180362  0.002294918 -0.001113881 -0.023627783 |         -2.6 |  0.000000759  0.000028939, -0.000157693 -0.000013590
CONST: 038 | 46 5.68597e-05 4.36527e-05 0.000187362 0.00185992 -0.00162488 -0.0236278

ABS:   039 | -0.000015232  0.000146407  0.000547851  0.006430417 -0.003850431 -0.049778177 |         18.1 | -0.000003610  0.000076731, -0.000399028  0.000513276
DIFF:  039 | -0.000072092  0.000102754  0.000360489  0.004570498 -0.002225550 -0.026150394 |         -7.7 |  0.000004667 -0.000004232, -0.000196135 -0.000031274
MOVE:  039 | -0.000108232  0.000154407  0.000540851  0.006865417 -0.003339431 -0.049778177 |        -10.3 |  0.000005426  0.000024707, -0.000353828 -0.000044865
CONST: 039 | 46 -1.5232e-05 0.000146407 0.000547851 0.00643042 -0.00385043 -0.0497782

ABS:   040 | -0.000226625  0.000440495  0.001623224  0.019643499 -0.010469708  0.048015381 |          2.1 |  0.000010166  0.000076045, -0.000633303  0.000417045
DIFF:  040 | -0.000211393  0.000294089  0.001075373  0.013213083 -0.006619277  0.097793558 |        -16.0 |  0.000013776 -0.000000686, -0.000234275 -0.000096231
MOVE:  040 | -0.000319625  0.000448495  0.001616224  0.020078499 -0.009958708  0.048015381 |        -26.3 |  0.000019202  0.000024021, -0.000588103 -0.000141096
CONST: 040 | 46 -0.000226625 0.000440495 0.00162322 0.0196435 -0.0104697 0.0480154

ABS:   041 | -0.000122192  0.000297110  0.001087119  0.013165780 -0.007174949 -0.009367430 |          7.3 |  0.000015042  0.000067388, -0.000611584  0.000418396
DIFF:  041 |  0.000104432 -0.000143385 -0.000536106 -0.006477720  0.003294759 -0.057382811 |          5.2 |  0.000004876 -0.000008657,  0.000021719  0.000001352
MOVE:  041 | -0.000215192  0.000305110  0.001080119  0.013600780 -0.006663949 -0.009367430 |        -21.1 |  0.000024078  0.000015364, -0.000566384 -0.000139744
CONST: 041 | 46 -0.000122192 0.00029711 0.00108712 0.0131658 -0.00717495 -0.00936743

ABS:   042 | -0.000226197  0.000439918  0.001620999  0.019617215 -0.010456062  0.047928665 |          2.1 |  0.000010156  0.000075911, -0.000630590  0.000417127
DIFF:  042 | -0.000104004  0.000142808  0.000533881  0.006451435 -0.003281113  0.057296095 |         -5.2 | -0.000004886  0.000008523, -0.000019006 -0.000001269
MOVE:  042 | -0.000319197  0.000447918  0.001613999  0.020052215 -0.009945062  0.047928665 |        -26.3 |  0.000019192  0.000023887, -0.000585389 -0.000141013
CONST: 042 | 46 -0.000226197 0.000439918 0.001621 0.0196172 -0.0104561 0.0479287

ABS:   043 | -0.000122158  0.000297110  0.001087119  0.013165780 -0.007174949 -0.009367430 |          7.3 |  0.000015076  0.000067388, -0.000611584  0.000418396
DIFF:  043 |  0.000104039 -0.000142808 -0.000533881 -0.006451435  0.003281113 -0.057296095 |          5.2 |  0.000004921 -0.000008523,  0.000019006  0.000001269
MOVE:  043 | -0.000215158  0.000305110  0.001080119  0.013600780 -0.006663949 -0.009367430 |        -21.1 |  0.000024112  0.000015364, -0.000566383 -0.000139744
CONST: 043 | 46 -0.000122158 0.00029711 0.00108712 0.0131658 -0.00717495 -0.00936743

ABS:   044 | -0.000122227  0.000297110  0.001087119  0.013165780 -0.007174949 -0.009367430 |          7.3 |  0.000015007  0.000067388, -0.000611585  0.000418396
DIFF:  044 | -0.000000069  0.000000000  0.000000000  0.000000000  0.000000000  0.000000000 |         -0.0 | -0.000000069 -0.000000000, -0.000000001  0.000000000
MOVE:  044 | -0.000215227  0.000305110  0.001080119  0.013600780 -0.006663949 -0.009367430 |        -21.1 |  0.000024043  0.000015364, -0.000566384 -0.000139744
CONST: 044 | 46 -0.000122227 0.00029711 0.00108712 0.0131658 -0.00717495 -0.00936743

ABS:   045 | -0.000121971  0.000297110  0.001087119  0.013165780 -0.007174949 -0.009367430 |          7.3 |  0.000015264  0.000067388, -0.000611582  0.000418396
DIFF:  045 |  0.000000256  0.000000000  0.000000000  0.000000000  0.000000000  0.000000000 |          0.0 |  0.000000256  0.000000000,  0.000000003 -0.000000000
MOVE:  045 | -0.000214971  0.000305110  0.001080119  0.013600780 -0.006663949 -0.009367430 |        -21.1 |  0.000024300  0.000015364, -0.000566381 -0.000139744
CONST: 045 | 46 -0.000121971 0.00029711 0.00108712 0.0131658 -0.00717495 -0.00936743

ABS:   046 | -0.000122414  0.000297110  0.001087119  0.013165780 -0.007174949 -0.009367430 |          7.3 |  0.000014820  0.000067388, -0.000611587  0.000418396
DIFF:  046 | -0.000000443  0.000000000  0.000000000  0.000000000  0.000000000  0.000000000 |         -0.0 | -0.000000444 -0.000000000, -0.000000005  0.000000000
MOVE:  046 | -0.000215414  0.000305110  0.001080119  0.013600780 -0.006663949 -0.009367430 |        -21.1 |  0.000023856  0.000015364, -0.000566386 -0.000139744
CONST: 046 | 46 -0.000122414 0.00029711 0.00108712 0.0131658 -0.00717495 -0.00936743

ABS:   047 | -0.000122192  0.000297262  0.001087119  0.013165780 -0.007174949 -0.009367430 |          7.3 |  0.000015046  0.000067396, -0.000611528  0.000418392
DIFF:  047 |  0.000000222  0.000000152  0.000000000  0.000000000  0.000000000  0.000000000 |         -0.0 |  0.000000226  0.000000008,  0.000000059 -0.000000004
MOVE:  047 | -0.000215192  0.000305262  0.001080119  0.013600780 -0.006663949 -0.009367430 |        -21.1 |  0.000024082  0.000015372, -0.000566327 -0.000139749
CONST: 047 | 46 -0.000122192 0.000297262 0.00108712 0.0131658 -0.00717495 -0.00936743

ABS:   048 | -0.000122192  0.000296958  0.001087119  0.013165780 -0.007174949 -0.009367430 |          7.3 |  0.000015038  0.000067380, -0.000611641  0.000418401
DIFF:  048 |  0.000000000 -0.000000304  0.000000000  0.000000000  0.000000000  0.000000000 |          0.0 | -0.000000008 -0.000000016, -0.000000113  0.000000009
MOVE:  048 | -0.000215192  0.000304958  0.001080119  0.013600780 -0.006663949 -0.009367430 |        -21.1 |  0.000024074  0.000015356, -0.000566440 -0.000139740
CONST: 048 | 46 -0.000122192 0.000296958 0.00108712 0.0131658 -0.00717495 -0.00936743

ABS:   049 | -0.000122192  0.000297595  0.001087119  0.013165780 -0.007174949 -0.009367430 |          7.4 |  0.000015054  0.000067413, -0.000612739  0.000418588
DIFF:  049 |  0.000000000  0.000000636  0.000000000  0.000000000  0.000000000  0.000000000 |          0.0 |  0.000000016  0.000000033, -0.000001098  0.000000187
MOVE:  049 | -0.000215192  0.000305595  0.001080119  0.013600780 -0.006663949 -0.009367430 |        -21.1 |  0.000024090  0.000015389, -0.000567538 -0.000139552
CONST: 049 | 46 -0.000122192 0.000297595 0.00108712 0.0131658 -0.00717495 -0.00936743

ABS:   050 | -0.000122192  0.000296626  0.001087119  0.013165780 -0.007174949 -0.009367430 |          7.3 |  0.000015029  0.000067363, -0.000611765  0.000418410
DIFF:  050 |  0.000000000 -0.000000969  0.000000000  0.000000000  0.000000000  0.000000000 |         -0.0 | -0.000000025 -0.000000050,  0.000000974 -0.000000178
MOVE:  050 | -0.000215192  0.000304626  0.001080119  0.013600780 -0.006663949 -0.009367430 |        -21.1 |  0.000024065  0.000015339, -0.000566564 -0.000139730
CONST: 050 | 46 -0.000122192 0.000296626 0.00108712 0.0131658 -0.00717495 -0.00936743

ABS:   051 | -0.000122192  0.000297159  0.001087119  0.013165780 -0.007174949 -0.009367430 |          7.3 |  0.000015043  0.000067390, -0.000611566  0.000418395
DIFF:  051 |  0.000000000  0.000000533  0.000000000  0.000000000  0.000000000  0.000000000 |         -0.0 |  0.000000014  0.000000028,  0.000000199 -0.000000015
MOVE:  051 | -0.000215192  0.000305159  0.001080119  0.013600780 -0.006663949 -0.009367430 |        -21.1 |  0.000024079  0.000015367, -0.000566366 -0.000139746
CONST: 051 | 46 -0.000122192 0.000297159 0.00108712 0.0131658 -0.00717495 -0.00936743

ABS:   052 | -0.000122192  0.000297062  0.001087119  0.013165780 -0.007174949 -0.009367430 |          7.3 |  0.000015041  0.000067385, -0.000611603  0.000418398
DIFF:  052 |  0.000000000 -0.000000097  0.000000000  0.000000000  0.000000000  0.000000000 |          0.0 | -0.000000002 -0.000000005, -0.000000036  0.000000003
MOVE:  052 | -0.000215192  0.000305062  0.001080119  0.013600780 -0.006663949 -0.009367430 |        -21.1 |  0.000024076  0.000015362, -0.000566402 -0.000139743
CONST: 052 | 46 -0.000122192 0.000297062 0.00108712 0.0131658 -0.00717495 -0.00936743

ABS:   053 | -0.000122192  0.000297110  0.001087279  0.013165780 -0.007174949 -0.009367430 |          7.3 |  0.000015043  0.000067388, -0.000611744  0.000418396
DIFF:  053 |  0.000000000  0.000000048  0.000000160  0.000000000  0.000000000  0.000000000 |          0.0 |  0.000000002  0.000000003, -0.000000141 -0.000000001
MOVE:  053 | -0.000215192  0.000305110  0.001080279  0.013600780 -0.006663949 -0.009367430 |        -21.1 |  0.000024079  0.000015364, -0.000566543 -0.000139744
CONST: 053 | 46 -0.000122192 0.00029711 0.00108728 0.0131658 -0.00717495 -0.00936743

ABS:   054 | -0.000122192  0.000297110  0.001086959  0.013165780 -0.007174949 -0.009367430 |          7.3 |  0.000015041  0.000067388, -0.000611425  0.000418396
DIFF:  054 |  0.000000000  0.000000000 -0.000000320  0.000000000  0.000000000  0.000000000 |         -0.0 | -0.000000002 -0.000000000,  0.000000318  0.000000000
MOVE:  054 | -0.000215192  0.000305110  0.001079959  0.013600780 -0.006663949 -0.009367430 |        -21.1 |  0.000024077  0.000015364, -0.000566225 -0.000139744
CONST: 054 | 46 -0.000122192 0.00029711 0.00108696 0.0131658 -0.00717495 -0.00936743

ABS:   055 | -0.000122192  0.000297110  0.001087513  0.013165780 -0.007174949 -0.009367430 |          7.3 |  0.000015045  0.000067388, -0.000611977  0.000418396
DIFF:  055 |  0.000000000  0.000000000  0.000000554  0.000000000  0.000000000  0.000000000 |          0.0 |  0.000000004  0.000000000, -0.000000551 -0.000000000
MOVE:  055 | -0.000215192  0.000305110  0.001080513  0.013600780 -0.006663949 -0.009367430 |        -21.1 |  0.000024081  0.000015364, -0.000566776 -0.000139744
CONST: 055 | 46 -0.000122192 0.00029711 0.00108751 0.0131658 -0.00717495 -0.00936743

ABS:   056 | -0.000122192  0.000297110  0.001086724  0.013165780 -0.007174949 -0.009367430 |          7.4 |  0.000015039  0.000067388, -0.000612528  0.000418603
DIFF:  056 |  0.000000000  0.000000000 -0.000000788  0.000000000  0.000000000  0.000000000 |          0.0 | -0.000000006 -0.000000001, -0.000000551  0.000000207
MOVE:  056 | -0.000215192  0.000305110  0.001079724  0.013600780 -0.006663949 -0.009367430 |        -21.1 |  0.000024075  0.000015364, -0.000567327 -0.000139538
CONST: 056 | 46 -0.000122192 0.00029711 0.00108672 0.0131658 -0.00717495 -0.00936743

ABS:   057 | -0.000122192  0.000297110  0.001087158  0.013165780 -0.007174949 -0.009367430 |          7.3 |  0.000015042  0.000067388, -0.000611624  0.000418396
DIFF:  057 |  0.000000000  0.000000000  0.000000433  0.000000000  0.000000000  0.000000000 |         -0.0 |  0.000000003  0.000000000,  0.000000904 -0.000000206
MOVE:  057 | -0.000215192  0.000305110  0.001080158  0.013600780 -0.006663949 -0.009367430 |        -21.1 |  0.000024078  0.000015364, -0.000566423 -0.000139744
CONST: 057 | 46 -0.000122192 0.00029711 0.00108716 0.0131658 -0.00717495 -0.00936743

ABS:   058 | -0.000122192  0.000297110  0.001087079  0.013165780 -0.007174949 -0.009367430 |          7.3 |  0.000015041  0.000067388, -0.000611545  0.000418396
DIFF:  058 |  0.000000000  0.000000000 -0.000000079  0.000000000  0.000000000  0.000000000 |         -0.0 | -0.000000001 -0.000000000,  0.000000078  0.000000000
MOVE:  058 | -0.000215192  0.000305110  0.001080079  0.013600780 -0.006663949 -0.009367430 |        -21.1 |  0.000024077  0.000015364, -0.000566344 -0.000139744
CONST: 058 | 46 -0.000122192 0.00029711 0.00108708 0.0131658 -0.00717495 -0.00936743

ABS:   059 | -0.000122192  0.000297110  0.001087119  0.013167286 -0.007174949 -0.009367430 |          7.3 |  0.000015043  0.000067391, -0.000611665  0.000418402
DIFF:  059 |  0.000000000  0.000000000  0.000000039  0.000001506  0.000000000  0.000000000 |          0.0 |  0.000000002  0.000000003, -0.000000120  0.000000005
MOVE:  059 | -0.000215192  0.000305110  0.001080119  0.013602286 -0.006663949 -0.009367430 |        -21.1 |  0.000024079  0.000015367, -0.000566464 -0.000139739
CONST: 059 | 46 -0.000122192 0.00029711 0.00108712 0.0131673 -0.00717495 -0.00936743

ABS:   060 | -0.000122192  0.000297110  0.001087119  0.013164273 -0.007174949 -0.009367430 |          7.3 |  0.000015040  0.000067385, -0.000611504  0.000418391
DIFF:  060 |  0.000000000  0.000000000  0.000000000 -0.000003013  0.000000000  0.000000000 |         -0.0 | -0.000000003 -0.000000005,  0.000000161 -0.000000010
MOVE:  060 | -0.000215192  0.000305110  0.001080119  0.013599273 -0.006663949 -0.009367430 |        -21.1 |  0.000024076  0.000015361, -0.000566303 -0.000139749
CONST: 060 | 46 -0.000122192 0.00029711 0.00108712 0.0131643 -0.00717495 -0.00936743

ABS:   061 | -0.000122192  0.000297110  0.001087119  0.013171681 -0.007174949 -0.009367430 |          7.3 |  0.000015047  0.000067398, -0.000611900  0.000418417
DIFF:  061 |  0.000000000  0.000000000  0.000000000  0.000007407  0.000000000  0.000000000 |          0.0 |  0.000000007  0.000000013, -0.000000395  0.000000026
MOVE:  061 | -0.000215192  0.000305110  0.001080119  0.013606681 -0.006663949 -0.009367430 |        -21.1 |  0.000024083  0.000015374, -0.000566699 -0.000139724
CONST: 061 | 46 -0.000122192 0.00029711 0.00108712 0.0131717 -0.00717495 -0.00936743

ABS:   062 | -0.000122192  0.000297110  0.001087119  0.013159879 -0.007174949 -0.009367430 |          7.3 |  0.000015036  0.000067378, -0.000611269  0.000418376
DIFF:  062 |  0.000000000  0.000000000  0.000000000 -0.000011802  0.000000000  0.000000000 |         -0.0 | -0.000000011 -0.000000020,  0.000000630 -0.000000041
MOVE:  062 | -0.000215192  0.000305110  0.001080119  0.013594879 -0.006663949 -0.009367430 |        -21.1 |  0.000024072  0.000015354, -0.000566069 -0.000139765
CONST: 062 | 46 -0.000122192 0.00029711 0.00108712 0.0131599 -0.00717495 -0.00936743

ABS:   063 | -0.000122192  0.000297110  0.001087119  0.013165780 -0.007174574 -0.009367430 |          7.3 |  0.000015032  0.000067385, -0.000611586  0.000418396
DIFF:  063 |  0.000000000  0.000000000  0.000000000  0.000005901  0.000000375  0.000000000 |          0.0 | -0.000000005  0.000000007, -0.000000316  0.000000020
MOVE:  063 | -0.000215192  0.000305110  0.001080119  0.013600780 -0.006663574 -0.009367430 |        -21.1 |  0.000024067  0.000015361, -0.000566385 -0.000139744
CONST: 063 | 46 -0.000122192 0.00029711 0.00108712 0.0131658 -0.00717457 -0.00936743

ABS:   064 | -0.000122192  0.000297110  0.001087119  0.013165780 -0.007175324 -0.009367430 |          7.3 |  0.000015052  0.000067391, -0.000611583  0.000418396
DIFF:  064 |  0.000000000  0.000000000  0.000000000  0.000000000 -0.000000750  0.000000000 |          0.0 |  0.000000020  0.000000006,  0.000000002 -0.000000000
MOVE:  064 | -0.000215192  0.000305110  0.001080119  0.013600780 -0.006664324 -0.009367430 |        -21.1 |  0.000024088  0.000015367, -0.000566383 -0.000139744
CONST: 064 | 46 -0.000122192 0.00029711 0.00108712 0.0131658 -0.00717532 -0.00936743

ABS:   065 | -0.000122192  0.000297110  0.001087119  0.013165780 -0.007171198 -0.009367430 |          7.3 |  0.000014940  0.000067358, -0.000611595  0.000418397
DIFF:  065 |  0.000000000  0.000000000  0.000000000  0.000000000  0.000004126  0.000000000 |         -0.0 | -0.000000112 -0.000000033, -0.000000012  0.000000000
MOVE:  065 | -0.000215192  0.000305110  0.001080119  0.013600780 -0.006660198 -0.009367430 |        -21.1 |  0.000023976  0.000015334, -0.000566394 -0.000139744
CONST: 065 | 46 -0.000122192 0.00029711 0.00108712 0.0131658 -0.0071712 -0.00936743

ABS:   066 | -0.000122192  0.000297110  0.001087119  0.013165780 -0.007178700 -0.009367430 |          7.3 |  0.000015144  0.000067418, -0.000611574  0.000418396
DIFF:  066 |  0.000000000  0.000000000  0.000000000  0.000000000 -0.000007502  0.000000000 |          0.0 |  0.000000204  0.000000060,  0.000000021 -0.000000001
MOVE:  066 | -0.000215192  0.000305110  0.001080119  0.013600780 -0.006667700 -0.009367430 |        -21.1 |  0.000024180  0.000015394, -0.000566373 -0.000139745
CONST: 066 | 46 -0.000122192 0.00029711 0.00108712 0.0131658 -0.0071787 -0.00936743

ABS:   067 | -0.000122192  0.000297110  0.001087119  0.013165780 -0.007174949 -0.009384599 |          7.3 |  0.000015057  0.000067391, -0.000611589  0.000418397
DIFF:  067 |  0.000000000  0.000000000  0.000000000  0.000000000  0.000003751 -0.000017169 |         -0.0 | -0.000000087 -0.000000027, -0.000000015  0.000000001
MOVE:  067 | -0.000215192  0.000305110  0.001080119  0.013600780 -0.006663949 -0.009384599 |        -21.1 |  0.000024092  0.000015367, -0.000566388 -0.000139744
CONST: 067 | 46 -0.000122192 0.00029711 0.00108712 0.0131658 -0.00717495 -0.0093846

ABS:   068 | -0.000122192  0.000297110  0.001087119  0.013165780 -0.007174949 -0.009350260 |          7.3 |  0.000015027  0.000067385, -0.000611580  0.000418396
DIFF:  068 |  0.000000000  0.000000000  0.000000000  0.000000000  0.000000000  0.000034339 |         -0.0 | -0.000000029 -0.000000006,  0.000000009 -0.000000000
MOVE:  068 | -0.000215192  0.000305110  0.001080119  0.013600780 -0.006663949 -0.009350260 |        -21.1 |  0.000024063  0.000015361, -0.000566379 -0.000139744
CONST: 068 | 46 -0.000122192 0.00029711 0.00108712 0.0131658 -0.00717495 -0.00935026

