ABS:   itr |       deltaX       deltaY       deltaZ         phiX         phiY         phiZ |        chisq |    rphi mean     rphi rms,       z mean        z rms
ABS:   =========================================================================================================================================================
DIFF:  itr |       deltaX       deltaY       deltaZ         phiX         phiY         phiZ |        chisq |    rphi mean     rphi rms,       z mean        z rms
DIFF:  =========================================================================================================================================================
MOVE:  itr |       deltaX       deltaY       deltaZ         phiX         phiY         phiZ |        chisq |    rphi mean     rphi rms,       z mean        z rms
MOVE:  =========================================================================================================================================================
ABS:   001 | -0.000424000 -0.000479000  0.000266000 -0.002360000  0.003191000  0.000000000 |         96.8 | -0.000007198  0.000054816, -0.000005087  0.000556366
CONST: 001 | 20 -0.000424 -0.000479 0.000266 -0.00236 0.003191 0

ABS:   001 | -0.000424000 -0.000479000  0.000266000 -0.002360000  0.003191000  0.000000000 |         96.8 | -0.000007198  0.000054816, -0.000005087  0.000556366
CONST: 001 | 20 -0.000424 -0.000479 0.000266 -0.00236 0.003191 0

ABS:   002 | -0.000423900 -0.000479000  0.000266000 -0.002360000  0.003191000  0.000000000 |         96.8 | -0.000007113  0.000054802, -0.000005087  0.000556366
DIFF:  002 |  0.000000100 -0.000000000  0.000000000 -0.000000000 -0.000000000  0.000000000 |         -0.0 |  0.000000085 -0.000000014, -0.000000000 -0.000000000
MOVE:  002 |  0.000000100 -0.000000000  0.000000000 -0.000000000 -0.000000000  0.000000000 |         -0.0 |  0.000000085 -0.000000014, -0.000000000 -0.000000000
CONST: 002 | 20 -0.0004239 -0.000479 0.000266 -0.00236 0.003191 0

ABS:   003 | -0.000424100 -0.000479000  0.000266000 -0.002360000  0.003191000  0.000000000 |         96.8 | -0.000007271  0.000054795, -0.000005087  0.000556366
DIFF:  003 | -0.000000200  0.000000000  0.000000000  0.000000000  0.000000000  0.000000000 |          0.0 | -0.000000158 -0.000000007,  0.000000001  0.000000000
MOVE:  003 | -0.000000100 -0.000000000  0.000000000 -0.000000000 -0.000000000  0.000000000 |         -0.0 | -0.000000073 -0.000000021,  0.000000000 -0.000000000
CONST: 003 | 20 -0.0004241 -0.000479 0.000266 -0.00236 0.003191 0

ABS:   004 | -0.000423990 -0.000479000  0.000266000 -0.002360000  0.003191000  0.000000000 |         96.8 | -0.000007188  0.000054816, -0.000005087  0.000556366
DIFF:  004 |  0.000000110  0.000000000  0.000000000  0.000000000  0.000000000  0.000000000 |          0.0 |  0.000000083  0.000000021, -0.000000000 -0.000000000
MOVE:  004 |  0.000000010 -0.000000000  0.000000000 -0.000000000 -0.000000000  0.000000000 |         -0.0 |  0.000000010 -0.000000000, -0.000000000 -0.000000000
CONST: 004 | 20 -0.00042399 -0.000479 0.000266 -0.00236 0.003191 0

ABS:   005 | -0.000424010 -0.000479000  0.000266000 -0.002360000  0.003191000  0.000000000 |         96.8 | -0.000007208  0.000054816, -0.000005087  0.000556366
DIFF:  005 | -0.000000020  0.000000000  0.000000000  0.000000000  0.000000000  0.000000000 |          0.0 | -0.000000020  0.000000000,  0.000000000  0.000000000
MOVE:  005 | -0.000000010 -0.000000000  0.000000000 -0.000000000 -0.000000000  0.000000000 |          0.0 | -0.000000010 -0.000000000,  0.000000000  0.000000000
CONST: 005 | 20 -0.00042401 -0.000479 0.000266 -0.00236 0.003191 0

ABS:   006 | -0.000423932 -0.000479000  0.000266000 -0.002360000  0.003191000  0.000000000 |         96.8 | -0.000007129  0.000054816, -0.000005087  0.000556366
DIFF:  006 |  0.000000078  0.000000000  0.000000000  0.000000000  0.000000000  0.000000000 |         -0.0 |  0.000000078  0.000000000, -0.000000000 -0.000000000
MOVE:  006 |  0.000000068 -0.000000000  0.000000000 -0.000000000 -0.000000000  0.000000000 |         -0.0 |  0.000000068 -0.000000000, -0.000000000 -0.000000000
CONST: 006 | 20 -0.000423932 -0.000479 0.000266 -0.00236 0.003191 0

ABS:   007 | -0.000424068 -0.000479000  0.000266000 -0.002360000  0.003191000  0.000000000 |         96.8 | -0.000007252  0.000054806, -0.000005087  0.000556366
DIFF:  007 | -0.000000136  0.000000000  0.000000000  0.000000000  0.000000000  0.000000000 |          0.0 | -0.000000123 -0.000000010,  0.000000000  0.000000000
MOVE:  007 | -0.000000068 -0.000000000  0.000000000 -0.000000000 -0.000000000  0.000000000 |         -0.0 | -0.000000055 -0.000000010,  0.000000000  0.000000000
CONST: 007 | 20 -0.000424068 -0.000479 0.000266 -0.00236 0.003191 0

ABS:   008 | -0.000424000 -0.000478900  0.000266000 -0.002360000  0.003191000  0.000000000 |         96.8 | -0.000007201  0.000054816, -0.000004954  0.000556259
DIFF:  008 |  0.000000068  0.000000100  0.000000000  0.000000000  0.000000000  0.000000000 |         -0.0 |  0.000000051  0.000000010,  0.000000133 -0.000000107
MOVE:  008 |  0.000000000  0.000000100  0.000000000 -0.000000000 -0.000000000  0.000000000 |         -0.0 | -0.000000004 -0.000000000,  0.000000133 -0.000000107
CONST: 008 | 20 -0.000424 -0.0004789 0.000266 -0.00236 0.003191 0

ABS:   009 | -0.000424000 -0.000479100  0.000266000 -0.002360000  0.003191000  0.000000000 |         96.8 | -0.000007194  0.000054816, -0.000005072  0.000556365
DIFF:  009 |  0.000000000 -0.000000200  0.000000000  0.000000000  0.000000000  0.000000000 |          0.0 |  0.000000007  0.000000000, -0.000000118  0.000000106
MOVE:  009 |  0.000000000 -0.000000100  0.000000000 -0.000000000 -0.000000000  0.000000000 |         -0.0 |  0.000000004  0.000000000,  0.000000015 -0.000000001
CONST: 009 | 20 -0.000424 -0.0004791 0.000266 -0.00236 0.003191 0

ABS:   010 | -0.000424000 -0.000478990  0.000266000 -0.002360000  0.003191000  0.000000000 |         96.8 | -0.000007198  0.000054816, -0.000005088  0.000556366
DIFF:  010 |  0.000000000  0.000000110  0.000000000  0.000000000  0.000000000  0.000000000 |          0.0 | -0.000000004 -0.000000000, -0.000000016  0.000000001
MOVE:  010 |  0.000000000  0.000000010  0.000000000 -0.000000000 -0.000000000  0.000000000 |          0.0 | -0.000000000 -0.000000000, -0.000000001  0.000000000
CONST: 010 | 20 -0.000424 -0.00047899 0.000266 -0.00236 0.003191 0

ABS:   011 | -0.000424000 -0.000479010  0.000266000 -0.002360000  0.003191000  0.000000000 |         96.8 | -0.000007197  0.000054816, -0.000005085  0.000556366
DIFF:  011 |  0.000000000 -0.000000020  0.000000000  0.000000000  0.000000000  0.000000000 |         -0.0 |  0.000000001  0.000000000,  0.000000003 -0.000000000
MOVE:  011 |  0.000000000 -0.000000010  0.000000000 -0.000000000 -0.000000000  0.000000000 |         -0.0 |  0.000000000  0.000000000,  0.000000001 -0.000000000
CONST: 011 | 20 -0.000424 -0.00047901 0.000266 -0.00236 0.003191 0

ABS:   012 | -0.000424000 -0.000478900  0.000266000 -0.002360000  0.003191000  0.000000000 |         96.8 | -0.000007201  0.000054816, -0.000004954  0.000556259
DIFF:  012 |  0.000000000  0.000000110  0.000000000  0.000000000  0.000000000  0.000000000 |         -0.0 | -0.000000004 -0.000000000,  0.000000132 -0.000000107
MOVE:  012 |  0.000000000  0.000000100  0.000000000 -0.000000000 -0.000000000  0.000000000 |         -0.0 | -0.000000004 -0.000000000,  0.000000133 -0.000000107
CONST: 012 | 20 -0.000424 -0.0004789 0.000266 -0.00236 0.003191 0

ABS:   013 | -0.000424000 -0.000479100  0.000266000 -0.002360000  0.003191000  0.000000000 |         96.8 | -0.000007194  0.000054816, -0.000005072  0.000556365
DIFF:  013 |  0.000000000 -0.000000200  0.000000000  0.000000000  0.000000000  0.000000000 |          0.0 |  0.000000007  0.000000000, -0.000000118  0.000000106
MOVE:  013 |  0.000000000 -0.000000100  0.000000000 -0.000000000 -0.000000000  0.000000000 |         -0.0 |  0.000000004  0.000000000,  0.000000015 -0.000000001
CONST: 013 | 20 -0.000424 -0.0004791 0.000266 -0.00236 0.003191 0

ABS:   014 | -0.000424000 -0.000479000  0.000271002 -0.002360000  0.003191000  0.000000000 |         96.8 | -0.000007213  0.000054816, -0.000007110  0.000556402
DIFF:  014 |  0.000000000  0.000000100  0.000005002  0.000000000  0.000000000  0.000000000 |          0.0 | -0.000000019 -0.000000000, -0.000002037  0.000000037
MOVE:  014 |  0.000000000 -0.000000000  0.000005002 -0.000000000 -0.000000000  0.000000000 |          0.0 | -0.000000016  0.000000000, -0.000002023  0.000000036
CONST: 014 | 20 -0.000424 -0.000479 0.000271002 -0.00236 0.003191 0

ABS:   015 | -0.000424000 -0.000479000  0.000260998 -0.002360000  0.003191000  0.000000000 |         96.8 | -0.000007182  0.000054816, -0.000002318  0.000556462
DIFF:  015 |  0.000000000  0.000000000 -0.000010004  0.000000000  0.000000000  0.000000000 |          0.0 |  0.000000031 -0.000000000,  0.000004791  0.000000060
MOVE:  015 |  0.000000000 -0.000000000 -0.000005002 -0.000000000 -0.000000000  0.000000000 |          0.0 |  0.000000016 -0.000000000,  0.000002768  0.000000095
CONST: 015 | 20 -0.000424 -0.000479 0.000260998 -0.00236 0.003191 0

ABS:   016 | -0.000424000 -0.000479000  0.000266500 -0.002360000  0.003191000  0.000000000 |         96.7 | -0.000007199  0.000054816, -0.000005291  0.000556150
DIFF:  016 |  0.000000000  0.000000000  0.000005502  0.000000000  0.000000000  0.000000000 |         -0.1 | -0.000000017  0.000000000, -0.000002972 -0.000000312
MOVE:  016 |  0.000000000 -0.000000000  0.000000500 -0.000000000 -0.000000000  0.000000000 |         -0.1 | -0.000000002  0.000000000, -0.000000204 -0.000000216
CONST: 016 | 20 -0.000424 -0.000479 0.0002665 -0.00236 0.003191 0

ABS:   017 | -0.000424000 -0.000479000  0.000265500 -0.002360000  0.003191000  0.000000000 |         96.8 | -0.000007196  0.000054816, -0.000004587  0.000556366
DIFF:  017 |  0.000000000  0.000000000 -0.000001000  0.000000000  0.000000000  0.000000000 |          0.1 |  0.000000003 -0.000000000,  0.000000704  0.000000216
MOVE:  017 |  0.000000000 -0.000000000 -0.000000500 -0.000000000 -0.000000000  0.000000000 |         -0.0 |  0.000000002 -0.000000000,  0.000000500  0.000000000
CONST: 017 | 20 -0.000424 -0.000479 0.0002655 -0.00236 0.003191 0

ABS:   018 | -0.000424000 -0.000479000  0.000266050 -0.002360000  0.003191000  0.000000000 |         96.8 | -0.000007198  0.000054816, -0.000004989  0.000556258
DIFF:  018 |  0.000000000  0.000000000  0.000000550  0.000000000  0.000000000  0.000000000 |         -0.0 | -0.000000002  0.000000000, -0.000000402 -0.000000108
MOVE:  018 |  0.000000000 -0.000000000  0.000000050 -0.000000000 -0.000000000  0.000000000 |         -0.0 | -0.000000000  0.000000000,  0.000000098 -0.000000108
CONST: 018 | 20 -0.000424 -0.000479 0.00026605 -0.00236 0.003191 0

ABS:   019 | -0.000424000 -0.000479000  0.000265950 -0.002360000  0.003191000  0.000000000 |         96.8 | -0.000007197  0.000054816, -0.000005037  0.000556366
DIFF:  019 |  0.000000000  0.000000000 -0.000000100  0.000000000  0.000000000  0.000000000 |          0.0 |  0.000000000 -0.000000000, -0.000000048  0.000000108
MOVE:  019 |  0.000000000 -0.000000000 -0.000000050 -0.000000000 -0.000000000  0.000000000 |         -0.0 |  0.000000000 -0.000000000,  0.000000050  0.000000000
CONST: 019 | 20 -0.000424 -0.000479 0.00026595 -0.00236 0.003191 0

ABS:   020 | -0.000424000 -0.000479000  0.000266000 -0.002356000  0.003191000  0.000000000 |         96.8 | -0.000007201  0.000054815, -0.000005162  0.000556260
DIFF:  020 |  0.000000000  0.000000000  0.000000050  0.000004000  0.000000000  0.000000000 |         -0.0 | -0.000000003 -0.000000001, -0.000000125 -0.000000107
MOVE:  020 |  0.000000000 -0.000000000  0.000000000  0.000004000 -0.000000000  0.000000000 |         -0.0 | -0.000000003 -0.000000001, -0.000000075 -0.000000107
CONST: 020 | 20 -0.000424 -0.000479 0.000266 -0.002356 0.003191 0

ABS:   021 | -0.000424000 -0.000479000  0.000266000 -0.002364000  0.003191000  0.000000000 |         96.8 | -0.000007195  0.000054817, -0.000004864  0.000556365
DIFF:  021 |  0.000000000  0.000000000  0.000000000 -0.000008000  0.000000000  0.000000000 |          0.0 |  0.000000006  0.000000003,  0.000000299  0.000000105
MOVE:  021 |  0.000000000 -0.000000000  0.000000000 -0.000004000 -0.000000000  0.000000000 |         -0.0 |  0.000000003  0.000000001,  0.000000223 -0.000000001
CONST: 021 | 20 -0.000424 -0.000479 0.000266 -0.002364 0.003191 0

ABS:   022 | -0.000424000 -0.000479000  0.000266000 -0.002359600  0.003191000  0.000000000 |         96.8 | -0.000007198  0.000054816, -0.000005109  0.000556366
DIFF:  022 |  0.000000000  0.000000000  0.000000000  0.000004400  0.000000000  0.000000000 |          0.0 | -0.000000003 -0.000000001, -0.000000246  0.000000002
MOVE:  022 |  0.000000000 -0.000000000  0.000000000  0.000000400 -0.000000000  0.000000000 |          0.0 | -0.000000000 -0.000000000, -0.000000022  0.000000000
CONST: 022 | 20 -0.000424 -0.000479 0.000266 -0.0023596 0.003191 0

ABS:   023 | -0.000424000 -0.000479000  0.000266000 -0.002360400  0.003191000  0.000000000 |         96.8 | -0.000007197  0.000054816, -0.000005065  0.000556366
DIFF:  023 |  0.000000000  0.000000000  0.000000000 -0.000000800  0.000000000  0.000000000 |         -0.0 |  0.000000001  0.000000000,  0.000000045 -0.000000000
MOVE:  023 |  0.000000000 -0.000000000  0.000000000 -0.000000400 -0.000000000  0.000000000 |         -0.0 |  0.000000000  0.000000000,  0.000000022 -0.000000000
CONST: 023 | 20 -0.000424 -0.000479 0.000266 -0.0023604 0.003191 0

ABS:   024 | -0.000424000 -0.000479000  0.000266000 -0.002356000  0.003191000  0.000000000 |         96.8 | -0.000007201  0.000054815, -0.000005162  0.000556260
DIFF:  024 |  0.000000000  0.000000000  0.000000000  0.000004400  0.000000000  0.000000000 |         -0.0 | -0.000000003 -0.000000001, -0.000000098 -0.000000107
MOVE:  024 |  0.000000000 -0.000000000  0.000000000  0.000004000 -0.000000000  0.000000000 |         -0.0 | -0.000000003 -0.000000001, -0.000000075 -0.000000107
CONST: 024 | 20 -0.000424 -0.000479 0.000266 -0.002356 0.003191 0

ABS:   025 | -0.000424000 -0.000479000  0.000266000 -0.002364000  0.003191000  0.000000000 |         96.8 | -0.000007195  0.000054817, -0.000004864  0.000556365
DIFF:  025 |  0.000000000  0.000000000  0.000000000 -0.000008000  0.000000000  0.000000000 |          0.0 |  0.000000006  0.000000003,  0.000000299  0.000000105
MOVE:  025 |  0.000000000 -0.000000000  0.000000000 -0.000004000 -0.000000000  0.000000000 |         -0.0 |  0.000000003  0.000000001,  0.000000223 -0.000000001
CONST: 025 | 20 -0.000424 -0.000479 0.000266 -0.002364 0.003191 0

ABS:   026 | -0.000424000 -0.000479000  0.000266000 -0.002360000  0.003201001  0.000000000 |         96.8 | -0.000007302  0.000054722, -0.000005065  0.000556367
DIFF:  026 |  0.000000000  0.000000000  0.000000000  0.000004000  0.000010001  0.000000000 |         -0.0 | -0.000000107 -0.000000096, -0.000000201  0.000000002
MOVE:  026 |  0.000000000 -0.000000000  0.000000000 -0.000000000  0.000010001  0.000000000 |         -0.0 | -0.000000104 -0.000000094,  0.000000022  0.000000001
CONST: 026 | 20 -0.000424 -0.000479 0.000266 -0.00236 0.003201 0

ABS:   027 | -0.000424000 -0.000479000  0.000266000 -0.002360000  0.003180999  0.000000000 |         96.8 | -0.000007151  0.000054883, -0.000004961  0.000556257
DIFF:  027 |  0.000000000  0.000000000  0.000000000  0.000000000 -0.000020001  0.000000000 |          0.0 |  0.000000150  0.000000162,  0.000000104 -0.000000109
MOVE:  027 |  0.000000000 -0.000000000  0.000000000 -0.000000000 -0.000010001  0.000000000 |         -0.0 |  0.000000046  0.000000067,  0.000000126 -0.000000109
CONST: 027 | 20 -0.000424 -0.000479 0.000266 -0.00236 0.003181 0

ABS:   028 | -0.000424000 -0.000479000  0.000266000 -0.002360000  0.003192000  0.000000000 |         96.8 | -0.000007195  0.000054817, -0.000005085  0.000556366
DIFF:  028 |  0.000000000  0.000000000  0.000000000  0.000000000  0.000011001  0.000000000 |          0.0 | -0.000000043 -0.000000067, -0.000000124  0.000000109
MOVE:  028 |  0.000000000 -0.000000000  0.000000000 -0.000000000  0.000001000  0.000000000 |          0.0 |  0.000000003  0.000000001,  0.000000002  0.000000000
CONST: 028 | 20 -0.000424 -0.000479 0.000266 -0.00236 0.003192 0

ABS:   029 | -0.000424000 -0.000479000  0.000266000 -0.002360000  0.003190000  0.000000000 |         96.8 | -0.000007172  0.000054819, -0.000005089  0.000556366
DIFF:  029 |  0.000000000  0.000000000  0.000000000  0.000000000 -0.000002000  0.000000000 |         -0.0 |  0.000000022  0.000000003, -0.000000004 -0.000000000
MOVE:  029 |  0.000000000 -0.000000000  0.000000000 -0.000000000 -0.000001000  0.000000000 |         -0.0 |  0.000000025  0.000000003, -0.000000002 -0.000000000
CONST: 029 | 20 -0.000424 -0.000479 0.000266 -0.00236 0.00319 0

ABS:   030 | -0.000424000 -0.000479000  0.000266000 -0.002360000  0.003191000  0.000002000 |         96.8 | -0.000007199  0.000054816, -0.000005088  0.000556367
DIFF:  030 |  0.000000000  0.000000000  0.000000000  0.000000000  0.000001000  0.000002000 |          0.0 | -0.000000027 -0.000000003,  0.000000001  0.000000000
MOVE:  030 |  0.000000000 -0.000000000  0.000000000 -0.000000000 -0.000000000  0.000002000 |          0.0 | -0.000000001  0.000000000, -0.000000001  0.000000000
CONST: 030 | 20 -0.000424 -0.000479 0.000266 -0.00236 0.003191 2.00001e-06

ABS:   031 | -0.000424000 -0.000479000  0.000266000 -0.002360000  0.003191000 -0.000002000 |         96.8 | -0.000007196  0.000054816, -0.000005086  0.000556366
DIFF:  031 |  0.000000000  0.000000000  0.000000000  0.000000000  0.000000000 -0.000004000 |         -0.0 |  0.000000002 -0.000000000,  0.000000002 -0.000000001
MOVE:  031 |  0.000000000 -0.000000000  0.000000000 -0.000000000 -0.000000000 -0.000002000 |         -0.0 |  0.000000001 -0.000000000,  0.000000001 -0.000000000
CONST: 031 | 20 -0.000424 -0.000479 0.000266 -0.00236 0.003191 -2.00001e-06

ABS:   032 | -0.000424000 -0.000479000  0.000266000 -0.002360000  0.003191000  0.000020000 |         96.8 | -0.000007210  0.000054816, -0.000004948  0.000556262
DIFF:  032 |  0.000000000  0.000000000  0.000000000  0.000000000  0.000000000  0.000022000 |         -0.0 | -0.000000013  0.000000000,  0.000000138 -0.000000104
MOVE:  032 |  0.000000000 -0.000000000  0.000000000 -0.000000000 -0.000000000  0.000020000 |         -0.0 | -0.000000012  0.000000000,  0.000000139 -0.000000105
CONST: 032 | 20 -0.000424 -0.000479 0.000266 -0.00236 0.003191 2.00001e-05

ABS:   033 | -0.000424000 -0.000479000  0.000266000 -0.002360000  0.003191000 -0.000020000 |         96.8 | -0.000007185  0.000054816, -0.000005078  0.000556363
DIFF:  033 |  0.000000000  0.000000000  0.000000000  0.000000000  0.000000000 -0.000040000 |          0.0 |  0.000000024 -0.000000000, -0.000000129  0.000000101
MOVE:  033 |  0.000000000 -0.000000000  0.000000000 -0.000000000 -0.000000000 -0.000020000 |         -0.0 |  0.000000012 -0.000000000,  0.000000009 -0.000000004
CONST: 033 | 20 -0.000424 -0.000479 0.000266 -0.00236 0.003191 -2.00001e-05

ABS:   034 | -0.000424000 -0.000479000  0.000266000 -0.002360000  0.003191000  0.000002000 |         96.8 | -0.000007199  0.000054816, -0.000005088  0.000556367
DIFF:  034 |  0.000000000  0.000000000  0.000000000  0.000000000  0.000000000  0.000022000 |          0.0 | -0.000000013  0.000000000, -0.000000010  0.000000004
MOVE:  034 |  0.000000000 -0.000000000  0.000000000 -0.000000000 -0.000000000  0.000002000 |          0.0 | -0.000000001  0.000000000, -0.000000001  0.000000000
CONST: 034 | 20 -0.000424 -0.000479 0.000266 -0.00236 0.003191 2.00001e-06

ABS:   035 | -0.000424000 -0.000479000  0.000266000 -0.002360000  0.003191000 -0.000002000 |         96.8 | -0.000007196  0.000054816, -0.000005086  0.000556366
DIFF:  035 |  0.000000000  0.000000000  0.000000000  0.000000000  0.000000000 -0.000004000 |         -0.0 |  0.000000002 -0.000000000,  0.000000002 -0.000000001
MOVE:  035 |  0.000000000 -0.000000000  0.000000000 -0.000000000 -0.000000000 -0.000002000 |         -0.0 |  0.000000001 -0.000000000,  0.000000001 -0.000000000
CONST: 035 | 20 -0.000424 -0.000479 0.000266 -0.00236 0.003191 -2.00001e-06

ABS:   036 | -0.000423932 -0.000479000  0.000266000 -0.002360000  0.003191000  0.000000000 |         96.8 | -0.000007129  0.000054816, -0.000005087  0.000556366
DIFF:  036 |  0.000000068  0.000000000  0.000000000  0.000000000  0.000000000  0.000002000 |         -0.0 |  0.000000067  0.000000000, -0.000000001  0.000000000
MOVE:  036 |  0.000000068 -0.000000000  0.000000000 -0.000000000 -0.000000000  0.000000000 |         -0.0 |  0.000000068 -0.000000000, -0.000000000 -0.000000000
CONST: 036 | 20 -0.000423932 -0.000479 0.000266 -0.00236 0.003191 0

ABS:   037 | -0.000423659 -0.000479000  0.000266000 -0.002360000  0.003191000  0.000000000 |         96.8 | -0.000006997  0.000054822, -0.000005088  0.000556366
DIFF:  037 |  0.000000273  0.000000000  0.000000000  0.000000000  0.000000000  0.000000000 |         -0.0 |  0.000000133  0.000000006, -0.000000001  0.000000000
MOVE:  037 |  0.000000341 -0.000000000  0.000000000 -0.000000000 -0.000000000  0.000000000 |         -0.0 |  0.000000201  0.000000006, -0.000000001 -0.000000000
CONST: 037 | 20 -0.000423659 -0.000479 0.000266 -0.00236 0.003191 0

ABS:   038 | -0.000423773 -0.000479000  0.000266000 -0.002360000  0.003191000  0.000000000 |         96.8 | -0.000007069  0.000054816, -0.000005088  0.000556366
DIFF:  038 | -0.000000114  0.000000000  0.000000000  0.000000000  0.000000000  0.000000000 |         -0.0 | -0.000000072 -0.000000007,  0.000000000  0.000000000
MOVE:  038 |  0.000000227 -0.000000000  0.000000000 -0.000000000 -0.000000000  0.000000000 |         -0.0 |  0.000000129 -0.000000000, -0.000000001  0.000000000
CONST: 038 | 20 -0.000423773 -0.000479 0.000266 -0.00236 0.003191 0

ABS:   039 | -0.000423743 -0.000479000  0.000266000 -0.002360000  0.003191000  0.000000000 |         96.8 | -0.000007039  0.000054816, -0.000005088  0.000556366
DIFF:  039 |  0.000000030  0.000000000  0.000000000  0.000000000  0.000000000  0.000000000 |         -0.0 |  0.000000030 -0.000000000, -0.000000000 -0.000000000
MOVE:  039 |  0.000000257 -0.000000000  0.000000000 -0.000000000 -0.000000000  0.000000000 |         -0.0 |  0.000000159 -0.000000000, -0.000000001 -0.000000000
CONST: 039 | 20 -0.000423743 -0.000479 0.000266 -0.00236 0.003191 0

ABS:   040 | -0.000423718 -0.000479000  0.000266000 -0.002360000  0.003191000  0.000000000 |         96.8 | -0.000007043  0.000054812, -0.000005088  0.000556366
DIFF:  040 |  0.000000024  0.000000000  0.000000000  0.000000000  0.000000000  0.000000000 |         -0.0 | -0.000000004 -0.000000004, -0.000000000  0.000000000
MOVE:  040 |  0.000000282 -0.000000000  0.000000000 -0.000000000 -0.000000000  0.000000000 |         -0.0 |  0.000000155 -0.000000004, -0.000000001  0.000000000
CONST: 040 | 20 -0.000423718 -0.000479 0.000266 -0.00236 0.003191 0

ABS:   041 | -0.000423037 -0.000479000  0.000266000 -0.002360000  0.003191000  0.000000000 |         96.8 | -0.000006527  0.000054840, -0.000005090  0.000556366
DIFF:  041 |  0.000000682  0.000000000  0.000000000  0.000000000  0.000000000  0.000000000 |         -0.0 |  0.000000515  0.000000028, -0.000000002 -0.000000000
MOVE:  041 |  0.000000963 -0.000000000  0.000000000 -0.000000000 -0.000000000  0.000000000 |         -0.0 |  0.000000670  0.000000024, -0.000000003 -0.000000000
CONST: 041 | 20 -0.000423037 -0.000479 0.000266 -0.00236 0.003191 0

ABS:   042 | -0.000423254 -0.000479000  0.000266000 -0.002360000  0.003191000  0.000000000 |         96.8 | -0.000006730  0.000054854, -0.000005089  0.000556366
DIFF:  042 | -0.000000217  0.000000000  0.000000000  0.000000000  0.000000000  0.000000000 |          0.0 | -0.000000202  0.000000014,  0.000000001  0.000000000
MOVE:  042 |  0.000000746 -0.000000000  0.000000000 -0.000000000 -0.000000000  0.000000000 |         -0.0 |  0.000000468  0.000000038, -0.000000002  0.000000000
CONST: 042 | 20 -0.000423254 -0.000479 0.000266 -0.00236 0.003191 0

ABS:   043 | -0.000423145 -0.000479000  0.000266000 -0.002360000  0.003191000  0.000000000 |         96.8 | -0.000006636  0.000054840, -0.000005090  0.000556366
DIFF:  043 |  0.000000109  0.000000000  0.000000000  0.000000000  0.000000000  0.000000000 |         -0.0 |  0.000000094 -0.000000014, -0.000000000 -0.000000000
MOVE:  043 |  0.000000855 -0.000000000  0.000000000 -0.000000000 -0.000000000  0.000000000 |         -0.0 |  0.000000562  0.000000024, -0.000000003 -0.000000000
CONST: 043 | 20 -0.000423145 -0.000479 0.000266 -0.00236 0.003191 0

ABS:   044 | -0.000421110 -0.000479000  0.000266000 -0.002360000  0.003191000  0.000000000 |         96.8 | -0.000005057  0.000054975, -0.000005096  0.000556366
DIFF:  044 |  0.000002035  0.000000000  0.000000000  0.000000000  0.000000000  0.000000000 |          0.0 |  0.000001579  0.000000136, -0.000000006  0.000000000
MOVE:  044 |  0.000002890 -0.000000000  0.000000000 -0.000000000 -0.000000000  0.000000000 |         -0.0 |  0.000002141  0.000000159, -0.000000009  0.000000000
CONST: 044 | 20 -0.00042111 -0.000479 0.000266 -0.00236 0.003191 0

ABS:   045 | -0.000422073 -0.000479000  0.000266000 -0.002360000  0.003191000  0.000000000 |         96.8 | -0.000005743  0.000054905, -0.000005093  0.000556366
DIFF:  045 | -0.000000963  0.000000000  0.000000000  0.000000000  0.000000000  0.000000000 |         -0.0 | -0.000000686 -0.000000070,  0.000000003 -0.000000000
MOVE:  045 |  0.000001927 -0.000000000  0.000000000 -0.000000000 -0.000000000  0.000000000 |         -0.0 |  0.000001455  0.000000089, -0.000000006 -0.000000000
CONST: 045 | 20 -0.000422073 -0.000479 0.000266 -0.00236 0.003191 0

ABS:   046 | -0.000422558 -0.000479000  0.000266000 -0.002360000  0.003191000  0.000000000 |         96.8 | -0.000006116  0.000054893, -0.000005091  0.000556366
DIFF:  046 | -0.000000485  0.000000000  0.000000000  0.000000000  0.000000000  0.000000000 |          0.0 | -0.000000373 -0.000000012,  0.000000002 -0.000000000
MOVE:  046 |  0.000001442 -0.000000000  0.000000000 -0.000000000 -0.000000000  0.000000000 |         -0.0 |  0.000001082  0.000000077, -0.000000005 -0.000000000
CONST: 046 | 20 -0.000422558 -0.000479 0.000266 -0.00236 0.003191 0

ABS:   047 | -0.000423030 -0.000479000  0.000266000 -0.002360000  0.003191000  0.000000000 |         96.8 | -0.000006521  0.000054840, -0.000005090  0.000556366
DIFF:  047 | -0.000000472  0.000000000  0.000000000  0.000000000  0.000000000  0.000000000 |         -0.0 | -0.000000405 -0.000000053,  0.000000002  0.000000000
MOVE:  047 |  0.000000970 -0.000000000  0.000000000 -0.000000000 -0.000000000  0.000000000 |         -0.0 |  0.000000677  0.000000024, -0.000000003 -0.000000000
CONST: 047 | 20 -0.00042303 -0.000479 0.000266 -0.00236 0.003191 0

ABS:   048 | -0.000423044 -0.000479000  0.000266000 -0.002360000  0.003191000  0.000000000 |         96.8 | -0.000006534  0.000054840, -0.000005090  0.000556366
DIFF:  048 | -0.000000014  0.000000000  0.000000000  0.000000000  0.000000000  0.000000000 |          0.0 | -0.000000014  0.000000000,  0.000000000  0.000000000
MOVE:  048 |  0.000000956 -0.000000000  0.000000000 -0.000000000 -0.000000000  0.000000000 |         -0.0 |  0.000000663  0.000000024, -0.000000003  0.000000000
CONST: 048 | 20 -0.000423044 -0.000479 0.000266 -0.00236 0.003191 0

ABS:   049 | -0.000422969 -0.000479000  0.000266000 -0.002360000  0.003191000  0.000000000 |         96.8 | -0.000006473  0.000054850, -0.000005090  0.000556366
DIFF:  049 |  0.000000075  0.000000000  0.000000000  0.000000000  0.000000000  0.000000000 |          0.0 |  0.000000062  0.000000011, -0.000000000  0.000000000
MOVE:  049 |  0.000001031 -0.000000000  0.000000000 -0.000000000 -0.000000000  0.000000000 |         -0.0 |  0.000000725  0.000000034, -0.000000003  0.000000000
CONST: 049 | 20 -0.000422969 -0.000479 0.000266 -0.00236 0.003191 0

ABS:   050 | -0.000423105 -0.000479000  0.000266000 -0.002360000  0.003191000  0.000000000 |         96.8 | -0.000006595  0.000054840, -0.000005090  0.000556366
DIFF:  050 | -0.000000136  0.000000000  0.000000000  0.000000000  0.000000000  0.000000000 |          0.0 | -0.000000123 -0.000000011,  0.000000000 -0.000000000
MOVE:  050 |  0.000000895 -0.000000000  0.000000000 -0.000000000 -0.000000000  0.000000000 |         -0.0 |  0.000000602  0.000000024, -0.000000003  0.000000000
CONST: 050 | 20 -0.000423105 -0.000479 0.000266 -0.00236 0.003191 0

ABS:   051 | -0.000423030 -0.000479000  0.000266000 -0.002360000  0.003191000  0.000000000 |         96.8 | -0.000006521  0.000054840, -0.000005090  0.000556366
DIFF:  051 |  0.000000075  0.000000000  0.000000000  0.000000000  0.000000000  0.000000000 |         -0.0 |  0.000000075  0.000000000, -0.000000000 -0.000000000
MOVE:  051 |  0.000000970 -0.000000000  0.000000000 -0.000000000 -0.000000000  0.000000000 |         -0.0 |  0.000000677  0.000000024, -0.000000003 -0.000000000
CONST: 051 | 20 -0.00042303 -0.000479 0.000266 -0.00236 0.003191 0

ABS:   052 | -0.000423044 -0.000479000  0.000266000 -0.002360000  0.003191000  0.000000000 |         96.8 | -0.000006534  0.000054840, -0.000005090  0.000556366
DIFF:  052 | -0.000000014  0.000000000  0.000000000  0.000000000  0.000000000  0.000000000 |          0.0 | -0.000000014 -0.000000000,  0.000000000  0.000000000
MOVE:  052 |  0.000000956 -0.000000000  0.000000000 -0.000000000 -0.000000000  0.000000000 |         -0.0 |  0.000000663  0.000000024, -0.000000003 -0.000000000
CONST: 052 | 20 -0.000423044 -0.000479 0.000266 -0.00236 0.003191 0

ABS:   053 | -0.000423037 -0.000478990  0.000266000 -0.002360000  0.003191000  0.000000000 |         96.8 | -0.000006528  0.000054840, -0.000005091  0.000556366
DIFF:  053 |  0.000000007  0.000000010  0.000000000  0.000000000  0.000000000  0.000000000 |         -0.0 |  0.000000006 -0.000000000, -0.000000002  0.000000000
MOVE:  053 |  0.000000963  0.000000010  0.000000000 -0.000000000 -0.000000000  0.000000000 |         -0.0 |  0.000000670  0.000000024, -0.000000005  0.000000000
CONST: 053 | 20 -0.000423037 -0.00047899 0.000266 -0.00236 0.003191 0

ABS:   054 | -0.000423037 -0.000479010  0.000266000 -0.002360000  0.003191000  0.000000000 |         96.8 | -0.000006527  0.000054840, -0.000005088  0.000556366
DIFF:  054 |  0.000000000 -0.000000020  0.000000000  0.000000000  0.000000000  0.000000000 |         -0.0 |  0.000000001  0.000000000,  0.000000003 -0.000000000
MOVE:  054 |  0.000000963 -0.000000010  0.000000000 -0.000000000 -0.000000000  0.000000000 |         -0.0 |  0.000000671  0.000000024, -0.000000002 -0.000000000
CONST: 054 | 20 -0.000423037 -0.00047901 0.000266 -0.00236 0.003191 0

ABS:   055 | -0.000423037 -0.000478900  0.000266000 -0.002360000  0.003191000  0.000000000 |         96.7 | -0.000006531  0.000054840, -0.000004957  0.000556259
DIFF:  055 |  0.000000000  0.000000110  0.000000000  0.000000000  0.000000000  0.000000000 |         -0.0 | -0.000000004 -0.000000000,  0.000000132 -0.000000107
MOVE:  055 |  0.000000963  0.000000100  0.000000000 -0.000000000 -0.000000000  0.000000000 |         -0.1 |  0.000000667  0.000000024,  0.000000130 -0.000000107
CONST: 055 | 20 -0.000423037 -0.0004789 0.000266 -0.00236 0.003191 0

ABS:   056 | -0.000423037 -0.000479100  0.000266000 -0.002360000  0.003191000  0.000000000 |         96.8 | -0.000006524  0.000054840, -0.000005075  0.000556365
DIFF:  056 |  0.000000000 -0.000000200  0.000000000  0.000000000  0.000000000  0.000000000 |          0.0 |  0.000000007  0.000000000, -0.000000118  0.000000106
MOVE:  056 |  0.000000963 -0.000000100  0.000000000 -0.000000000 -0.000000000  0.000000000 |         -0.0 |  0.000000674  0.000000024,  0.000000012 -0.000000001
CONST: 056 | 20 -0.000423037 -0.0004791 0.000266 -0.00236 0.003191 0

ABS:   057 | -0.000423037 -0.000478990  0.000266000 -0.002360000  0.003191000  0.000000000 |         96.8 | -0.000006528  0.000054840, -0.000005091  0.000556366
DIFF:  057 |  0.000000000  0.000000110  0.000000000  0.000000000  0.000000000  0.000000000 |          0.0 | -0.000000004 -0.000000000, -0.000000016  0.000000001
MOVE:  057 |  0.000000963  0.000000010  0.000000000 -0.000000000 -0.000000000  0.000000000 |         -0.0 |  0.000000670  0.000000024, -0.000000005  0.000000000
CONST: 057 | 20 -0.000423037 -0.00047899 0.000266 -0.00236 0.003191 0

ABS:   058 | -0.000423037 -0.000479010  0.000266000 -0.002360000  0.003191000  0.000000000 |         96.8 | -0.000006527  0.000054840, -0.000005088  0.000556366
DIFF:  058 |  0.000000000 -0.000000020  0.000000000  0.000000000  0.000000000  0.000000000 |         -0.0 |  0.000000001  0.000000000,  0.000000003 -0.000000000
MOVE:  058 |  0.000000963 -0.000000010  0.000000000 -0.000000000 -0.000000000  0.000000000 |         -0.0 |  0.000000671  0.000000024, -0.000000002 -0.000000000
CONST: 058 | 20 -0.000423037 -0.00047901 0.000266 -0.00236 0.003191 0

ABS:   059 | -0.000423037 -0.000479000  0.000266005 -0.002360000  0.003191000  0.000000000 |         96.8 | -0.000006527  0.000054840, -0.000005095  0.000556366
DIFF:  059 |  0.000000000  0.000000010  0.000000005  0.000000000  0.000000000  0.000000000 |          0.0 | -0.000000000 -0.000000000, -0.000000006  0.000000000
MOVE:  059 |  0.000000963 -0.000000000  0.000000005 -0.000000000 -0.000000000  0.000000000 |         -0.0 |  0.000000670  0.000000024, -0.000000008 -0.000000000
CONST: 059 | 20 -0.000423037 -0.000479 0.000266005 -0.00236 0.003191 0

ABS:   060 | -0.000423037 -0.000479000  0.000265995 -0.002360000  0.003191000  0.000000000 |         96.8 | -0.000006527  0.000054840, -0.000005085  0.000556366
DIFF:  060 |  0.000000000  0.000000000 -0.000000010  0.000000000  0.000000000  0.000000000 |         -0.0 |  0.000000000 -0.000000000,  0.000000010  0.000000000
MOVE:  060 |  0.000000963 -0.000000000 -0.000000005 -0.000000000 -0.000000000  0.000000000 |         -0.0 |  0.000000670  0.000000024,  0.000000002  0.000000000
CONST: 060 | 20 -0.000423037 -0.000479 0.000265995 -0.00236 0.003191 0

ABS:   061 | -0.000423037 -0.000479000  0.000266050 -0.002360000  0.003191000  0.000000000 |         96.7 | -0.000006527  0.000054840, -0.000004992  0.000556258
DIFF:  061 |  0.000000000  0.000000000  0.000000055  0.000000000  0.000000000  0.000000000 |         -0.0 | -0.000000000  0.000000000,  0.000000093 -0.000000108
MOVE:  061 |  0.000000963 -0.000000000  0.000000050 -0.000000000 -0.000000000  0.000000000 |         -0.1 |  0.000000670  0.000000024,  0.000000095 -0.000000108
CONST: 061 | 20 -0.000423037 -0.000479 0.00026605 -0.00236 0.003191 0

ABS:   062 | -0.000423037 -0.000479000  0.000265950 -0.002360000  0.003191000  0.000000000 |         96.8 | -0.000006527  0.000054840, -0.000005040  0.000556366
DIFF:  062 |  0.000000000  0.000000000 -0.000000100  0.000000000  0.000000000  0.000000000 |          0.0 |  0.000000000 -0.000000000, -0.000000048  0.000000108
MOVE:  062 |  0.000000963 -0.000000000 -0.000000050 -0.000000000 -0.000000000  0.000000000 |         -0.0 |  0.000000670  0.000000024,  0.000000047  0.000000000
CONST: 062 | 20 -0.000423037 -0.000479 0.00026595 -0.00236 0.003191 0

ABS:   063 | -0.000423037 -0.000479000  0.000266005 -0.002360000  0.003191000  0.000000000 |         96.8 | -0.000006527  0.000054840, -0.000005095  0.000556366
DIFF:  063 |  0.000000000  0.000000000  0.000000055  0.000000000  0.000000000  0.000000000 |          0.0 | -0.000000000  0.000000000, -0.000000055 -0.000000000
MOVE:  063 |  0.000000963 -0.000000000  0.000000005 -0.000000000 -0.000000000  0.000000000 |         -0.0 |  0.000000670  0.000000024, -0.000000008 -0.000000000
CONST: 063 | 20 -0.000423037 -0.000479 0.000266005 -0.00236 0.003191 0

ABS:   064 | -0.000423037 -0.000479000  0.000265995 -0.002360000  0.003191000  0.000000000 |         96.8 | -0.000006527  0.000054840, -0.000005085  0.000556366
DIFF:  064 |  0.000000000  0.000000000 -0.000000010  0.000000000  0.000000000  0.000000000 |         -0.0 |  0.000000000 -0.000000000,  0.000000010  0.000000000
MOVE:  064 |  0.000000963 -0.000000000 -0.000000005 -0.000000000 -0.000000000  0.000000000 |         -0.0 |  0.000000670  0.000000024,  0.000000002  0.000000000
CONST: 064 | 20 -0.000423037 -0.000479 0.000265995 -0.00236 0.003191 0

ABS:   065 | -0.000423037 -0.000479000  0.000266000 -0.002359600  0.003191000  0.000000000 |         96.8 | -0.000006528  0.000054840, -0.000005112  0.000556366
DIFF:  065 |  0.000000000  0.000000000  0.000000005  0.000000400  0.000000000  0.000000000 |          0.0 | -0.000000000 -0.000000000, -0.000000027  0.000000000
MOVE:  065 |  0.000000963 -0.000000000  0.000000000  0.000000400 -0.000000000  0.000000000 |         -0.0 |  0.000000670  0.000000024, -0.000000025  0.000000000
CONST: 065 | 20 -0.000423037 -0.000479 0.000266 -0.0023596 0.003191 0

ABS:   066 | -0.000423037 -0.000479000  0.000266000 -0.002360400  0.003191000  0.000000000 |         96.8 | -0.000006527  0.000054840, -0.000005068  0.000556366
DIFF:  066 |  0.000000000  0.000000000  0.000000000 -0.000000800  0.000000000  0.000000000 |         -0.0 |  0.000000001  0.000000000,  0.000000045 -0.000000000
MOVE:  066 |  0.000000963 -0.000000000  0.000000000 -0.000000400 -0.000000000  0.000000000 |         -0.0 |  0.000000671  0.000000024,  0.000000019 -0.000000000
CONST: 066 | 20 -0.000423037 -0.000479 0.000266 -0.0023604 0.003191 0

ABS:   067 | -0.000423037 -0.000479000  0.000266000 -0.002356000  0.003191000  0.000000000 |         96.7 | -0.000006530  0.000054839, -0.000005165  0.000556260
DIFF:  067 |  0.000000000  0.000000000  0.000000000  0.000004400  0.000000000  0.000000000 |         -0.0 | -0.000000003 -0.000000001, -0.000000098 -0.000000107
MOVE:  067 |  0.000000963 -0.000000000  0.000000000  0.000004000 -0.000000000  0.000000000 |         -0.1 |  0.000000667  0.000000023, -0.000000078 -0.000000107
CONST: 067 | 20 -0.000423037 -0.000479 0.000266 -0.002356 0.003191 0

ABS:   068 | -0.000423037 -0.000479000  0.000266000 -0.002364000  0.003191000  0.000000000 |         96.8 | -0.000006524  0.000054841, -0.000004867  0.000556365
DIFF:  068 |  0.000000000  0.000000000  0.000000000 -0.000008000  0.000000000  0.000000000 |          0.0 |  0.000000006  0.000000003,  0.000000299  0.000000105
MOVE:  068 |  0.000000963 -0.000000000  0.000000000 -0.000004000 -0.000000000  0.000000000 |         -0.0 |  0.000000673  0.000000025,  0.000000220 -0.000000001
CONST: 068 | 20 -0.000423037 -0.000479 0.000266 -0.002364 0.003191 0

ABS:   069 | -0.000423037 -0.000479000  0.000266000 -0.002359600  0.003191000  0.000000000 |         96.8 | -0.000006528  0.000054840, -0.000005112  0.000556366
DIFF:  069 |  0.000000000  0.000000000  0.000000000  0.000004400  0.000000000  0.000000000 |          0.0 | -0.000000003 -0.000000001, -0.000000246  0.000000002
MOVE:  069 |  0.000000963 -0.000000000  0.000000000  0.000000400 -0.000000000  0.000000000 |         -0.0 |  0.000000670  0.000000024, -0.000000025  0.000000000
CONST: 069 | 20 -0.000423037 -0.000479 0.000266 -0.0023596 0.003191 0

ABS:   070 | -0.000423037 -0.000479000  0.000266000 -0.002360400  0.003191000  0.000000000 |         96.8 | -0.000006527  0.000054840, -0.000005068  0.000556366
DIFF:  070 |  0.000000000  0.000000000  0.000000000 -0.000000800  0.000000000  0.000000000 |         -0.0 |  0.000000001  0.000000000,  0.000000045 -0.000000000
MOVE:  070 |  0.000000963 -0.000000000  0.000000000 -0.000000400 -0.000000000  0.000000000 |         -0.0 |  0.000000671  0.000000024,  0.000000019 -0.000000000
CONST: 070 | 20 -0.000423037 -0.000479 0.000266 -0.0023604 0.003191 0

ABS:   071 | -0.000423037 -0.000479000  0.000266000 -0.002360000  0.003192090  0.000000000 |         96.8 | -0.000006540  0.000054825, -0.000005088  0.000556366
DIFF:  071 |  0.000000000  0.000000000  0.000000000  0.000000400  0.000001090  0.000000000 |         -0.0 | -0.000000013 -0.000000015, -0.000000020  0.000000000
MOVE:  071 |  0.000000963 -0.000000000  0.000000000 -0.000000000  0.000001090  0.000000000 |         -0.0 |  0.000000657  0.000000009, -0.000000001  0.000000000
CONST: 071 | 20 -0.000423037 -0.000479 0.000266 -0.00236 0.00319209 0

ABS:   072 | -0.000423037 -0.000479000  0.000266000 -0.002360000  0.003189910  0.000000000 |         96.8 | -0.000006528  0.000054865, -0.000005092  0.000556366
DIFF:  072 |  0.000000000  0.000000000  0.000000000  0.000000000 -0.000002181  0.000000000 |          0.0 |  0.000000013  0.000000040, -0.000000005 -0.000000000
MOVE:  072 |  0.000000963 -0.000000000  0.000000000 -0.000000000 -0.000001090  0.000000000 |         -0.0 |  0.000000670  0.000000049, -0.000000005 -0.000000000
CONST: 072 | 20 -0.000423037 -0.000479 0.000266 -0.00236 0.00318991 0

ABS:   073 | -0.000423037 -0.000479000  0.000266000 -0.002360000  0.003191109  0.000000000 |         96.8 | -0.000006529  0.000054838, -0.000005090  0.000556366
DIFF:  073 |  0.000000000  0.000000000  0.000000000  0.000000000  0.000001199  0.000000000 |         -0.0 | -0.000000001 -0.000000027,  0.000000003  0.000000000
MOVE:  073 |  0.000000963 -0.000000000  0.000000000 -0.000000000  0.000000109  0.000000000 |         -0.0 |  0.000000669  0.000000022, -0.000000003  0.000000000
CONST: 073 | 20 -0.000423037 -0.000479 0.000266 -0.00236 0.00319111 0

ABS:   074 | -0.000423037 -0.000479000  0.000266000 -0.002360000  0.003190891  0.000000000 |         96.8 | -0.000006526  0.000054841, -0.000005090  0.000556366
DIFF:  074 |  0.000000000  0.000000000  0.000000000  0.000000000 -0.000000218  0.000000000 |          0.0 |  0.000000003  0.000000003, -0.000000000 -0.000000000
MOVE:  074 |  0.000000963 -0.000000000  0.000000000 -0.000000000 -0.000000109  0.000000000 |         -0.0 |  0.000000672  0.000000025, -0.000000003 -0.000000000
CONST: 074 | 20 -0.000423037 -0.000479 0.000266 -0.00236 0.00319089 0

ABS:   075 | -0.000423037 -0.000479000  0.000266000 -0.002360000  0.003192050  0.000000000 |         96.8 | -0.000006540  0.000054826, -0.000005088  0.000556366
DIFF:  075 |  0.000000000  0.000000000  0.000000000  0.000000000  0.000001159  0.000000000 |         -0.0 | -0.000000014 -0.000000016,  0.000000003  0.000000000
MOVE:  075 |  0.000000963 -0.000000000  0.000000000 -0.000000000  0.000001050  0.000000000 |         -0.0 |  0.000000658  0.000000010, -0.000000001  0.000000000
CONST: 075 | 20 -0.000423037 -0.000479 0.000266 -0.00236 0.00319205 0

ABS:   076 | -0.000423037 -0.000479000  0.000266000 -0.002360000  0.003189950  0.000000000 |         96.8 | -0.000006528  0.000054865, -0.000005092  0.000556366
DIFF:  076 |  0.000000000  0.000000000  0.000000000  0.000000000 -0.000002099  0.000000000 |          0.0 |  0.000000012  0.000000039, -0.000000005 -0.000000000
MOVE:  076 |  0.000000963 -0.000000000  0.000000000 -0.000000000 -0.000001050  0.000000000 |         -0.0 |  0.000000670  0.000000049, -0.000000005 -0.000000000
CONST: 076 | 20 -0.000423037 -0.000479 0.000266 -0.00236 0.00318995 0

ABS:   077 | -0.000423037 -0.000479000  0.000266000 -0.002360000  0.003191000  0.000020000 |         96.7 | -0.000006540  0.000054840, -0.000004951  0.000556262
DIFF:  077 |  0.000000000  0.000000000  0.000000000  0.000000000  0.000001050  0.000020000 |         -0.1 | -0.000000011 -0.000000025,  0.000000141 -0.000000105
MOVE:  077 |  0.000000963 -0.000000000  0.000000000 -0.000000000 -0.000000000  0.000020000 |         -0.1 |  0.000000658  0.000000024,  0.000000136 -0.000000105
CONST: 077 | 20 -0.000423037 -0.000479 0.000266 -0.00236 0.003191 2.00001e-05

ABS:   078 | -0.000423037 -0.000479000  0.000266000 -0.002360000  0.003191000 -0.000020000 |         96.8 | -0.000006515  0.000054840, -0.000005081  0.000556363
DIFF:  078 |  0.000000000  0.000000000  0.000000000  0.000000000  0.000000000 -0.000040000 |          0.0 |  0.000000024 -0.000000000, -0.000000129  0.000000101
MOVE:  078 |  0.000000963 -0.000000000  0.000000000 -0.000000000 -0.000000000 -0.000020000 |         -0.0 |  0.000000682  0.000000024,  0.000000006 -0.000000004
CONST: 078 | 20 -0.000423037 -0.000479 0.000266 -0.00236 0.003191 -2.00001e-05

ABS:   079 | -0.000423037 -0.000479000  0.000266000 -0.002360000  0.003191000  0.000002000 |         96.8 | -0.000006529  0.000054840, -0.000005091  0.000556367
DIFF:  079 |  0.000000000  0.000000000  0.000000000  0.000000000  0.000000000  0.000022000 |          0.0 | -0.000000013  0.000000000, -0.000000010  0.000000004
MOVE:  079 |  0.000000963 -0.000000000  0.000000000 -0.000000000 -0.000000000  0.000002000 |         -0.0 |  0.000000669  0.000000024, -0.000000004  0.000000000
CONST: 079 | 20 -0.000423037 -0.000479 0.000266 -0.00236 0.003191 2.00001e-06

ABS:   080 | -0.000423037 -0.000479000  0.000266000 -0.002360000  0.003191000 -0.000002000 |         96.8 | -0.000006526  0.000054840, -0.000005089  0.000556366
DIFF:  080 |  0.000000000  0.000000000  0.000000000  0.000000000  0.000000000 -0.000004000 |         -0.0 |  0.000000002 -0.000000000,  0.000000002 -0.000000001
MOVE:  080 |  0.000000963 -0.000000000  0.000000000 -0.000000000 -0.000000000 -0.000002000 |         -0.0 |  0.000000671  0.000000024, -0.000000002 -0.000000000
CONST: 080 | 20 -0.000423037 -0.000479 0.000266 -0.00236 0.003191 -2.00001e-06

ABS:   081 | -0.000423037 -0.000479000  0.000266000 -0.002360000  0.003191000  0.000020000 |         96.7 | -0.000006540  0.000054840, -0.000004951  0.000556262
DIFF:  081 |  0.000000000  0.000000000  0.000000000  0.000000000  0.000000000  0.000022000 |         -0.0 | -0.000000013  0.000000000,  0.000000138 -0.000000104
MOVE:  081 |  0.000000963 -0.000000000  0.000000000 -0.000000000 -0.000000000  0.000020000 |         -0.1 |  0.000000658  0.000000024,  0.000000136 -0.000000105
CONST: 081 | 20 -0.000423037 -0.000479 0.000266 -0.00236 0.003191 2.00001e-05

ABS:   082 | -0.000423037 -0.000479000  0.000266000 -0.002360000  0.003191000 -0.000020000 |         96.8 | -0.000006515  0.000054840, -0.000005081  0.000556363
DIFF:  082 |  0.000000000  0.000000000  0.000000000  0.000000000  0.000000000 -0.000040000 |          0.0 |  0.000000024 -0.000000000, -0.000000129  0.000000101
MOVE:  082 |  0.000000963 -0.000000000  0.000000000 -0.000000000 -0.000000000 -0.000020000 |         -0.0 |  0.000000682  0.000000024,  0.000000006 -0.000000004
CONST: 082 | 20 -0.000423037 -0.000479 0.000266 -0.00236 0.003191 -2.00001e-05

ABS:   083 | -0.000423037 -0.000479000  0.000266000 -0.002360000  0.003191000  0.000020000 |         96.7 | -0.000006540  0.000054840, -0.000004951  0.000556262
DIFF:  083 |  0.000000000  0.000000000  0.000000000  0.000000000  0.000000000  0.000040000 |         -0.0 | -0.000000024  0.000000000,  0.000000129 -0.000000101
MOVE:  083 |  0.000000963 -0.000000000  0.000000000 -0.000000000 -0.000000000  0.000020000 |         -0.1 |  0.000000658  0.000000024,  0.000000136 -0.000000105
CONST: 083 | 20 -0.000423037 -0.000479 0.000266 -0.00236 0.003191 2.00001e-05

ABS:   084 | -0.000423037 -0.000479000  0.000266000 -0.002360000  0.003191000  0.000100000 |         96.7 | -0.000006588  0.000054841, -0.000004840  0.000556168
DIFF:  084 |  0.000000000  0.000000000  0.000000000  0.000000000  0.000000000  0.000080000 |         -0.0 | -0.000000049  0.000000001,  0.000000111 -0.000000094
MOVE:  084 |  0.000000963 -0.000000000  0.000000000 -0.000000000 -0.000000000  0.000100000 |         -0.1 |  0.000000609  0.000000025,  0.000000246 -0.000000198
CONST: 084 | 20 -0.000423037 -0.000479 0.000266 -0.00236 0.003191 0.0001

ABS:   085 | -0.000423037 -0.000479000  0.000266000 -0.002360000  0.003191000  0.000073592 |         96.7 | -0.000006572  0.000054840, -0.000004976  0.000556271
DIFF:  085 |  0.000000000  0.000000000  0.000000000  0.000000000  0.000000000 -0.000026408 |          0.0 |  0.000000016 -0.000000000, -0.000000136  0.000000103
MOVE:  085 |  0.000000963 -0.000000000  0.000000000 -0.000000000 -0.000000000  0.000073592 |         -0.1 |  0.000000625  0.000000024,  0.000000111 -0.000000095
CONST: 085 | 20 -0.000423037 -0.000479 0.000266 -0.00236 0.003191 7.35924e-05

ABS:   086 | -0.000423037 -0.000479000  0.000266000 -0.002360000  0.003191000  0.000299999 |         96.8 | -0.000006710  0.000054843, -0.000004784  0.000556316
DIFF:  086 |  0.000000000  0.000000000  0.000000000  0.000000000  0.000000000  0.000226407 |          0.0 | -0.000000138  0.000000002,  0.000000192  0.000000044
MOVE:  086 |  0.000000963 -0.000000000  0.000000000 -0.000000000 -0.000000000  0.000299999 |         -0.0 |  0.000000487  0.000000027,  0.000000303 -0.000000051
CONST: 086 | 20 -0.000423037 -0.000479 0.000266 -0.00236 0.003191 0.000299999

ABS:   087 | -0.000423037 -0.000479000  0.000266000 -0.002360000  0.003191000  0.000200000 |         96.8 | -0.000006649  0.000054842, -0.000005035  0.000556294
DIFF:  087 |  0.000000000  0.000000000  0.000000000  0.000000000  0.000000000 -0.000099999 |         -0.0 |  0.000000061 -0.000000001, -0.000000251 -0.000000021
MOVE:  087 |  0.000000963 -0.000000000  0.000000000 -0.000000000 -0.000000000  0.000200000 |         -0.0 |  0.000000548  0.000000026,  0.000000052 -0.000000072
CONST: 087 | 20 -0.000423037 -0.000479 0.000266 -0.00236 0.003191 0.0002

ABS:   088 | -0.000423037 -0.000479000  0.000266000 -0.002360000  0.003191000  0.000150000 |         96.7 | -0.000006619  0.000054841, -0.000005012  0.000556285
DIFF:  088 |  0.000000000  0.000000000  0.000000000  0.000000000  0.000000000 -0.000050000 |         -0.0 |  0.000000030 -0.000000000,  0.000000023 -0.000000009
MOVE:  088 |  0.000000963 -0.000000000  0.000000000 -0.000000000 -0.000000000  0.000150000 |         -0.1 |  0.000000579  0.000000025,  0.000000075 -0.000000081
CONST: 088 | 20 -0.000423037 -0.000479 0.000266 -0.00236 0.003191 0.00015

ABS:   089 | -0.000423037 -0.000479000  0.000266000 -0.002360000  0.003191000  0.000125000 |         96.7 | -0.000006603  0.000054841, -0.000005000  0.000556281
DIFF:  089 |  0.000000000  0.000000000  0.000000000  0.000000000  0.000000000 -0.000025000 |         -0.0 |  0.000000015 -0.000000000,  0.000000012 -0.000000005
MOVE:  089 |  0.000000963 -0.000000000  0.000000000 -0.000000000 -0.000000000  0.000125000 |         -0.1 |  0.000000594  0.000000025,  0.000000087 -0.000000086
CONST: 089 | 20 -0.000423037 -0.000479 0.000266 -0.00236 0.003191 0.000125

ABS:   090 | -0.000423037 -0.000479000  0.000266000 -0.002360000  0.003191000  0.000112500 |         96.7 | -0.000006596  0.000054841, -0.000004995  0.000556278
DIFF:  090 |  0.000000000  0.000000000  0.000000000  0.000000000  0.000000000 -0.000012500 |         -0.0 |  0.000000008 -0.000000000,  0.000000006 -0.000000002
MOVE:  090 |  0.000000963 -0.000000000  0.000000000 -0.000000000 -0.000000000  0.000112500 |         -0.1 |  0.000000602  0.000000025,  0.000000092 -0.000000088
CONST: 090 | 20 -0.000423037 -0.000479 0.000266 -0.00236 0.003191 0.0001125

ABS:   091 | -0.000423037 -0.000479000  0.000266000 -0.002360000  0.003191000  0.000106250 |         96.7 | -0.000006592  0.000054841, -0.000004992  0.000556277
DIFF:  091 |  0.000000000  0.000000000  0.000000000  0.000000000  0.000000000 -0.000006250 |         -0.0 |  0.000000004 -0.000000000,  0.000000003 -0.000000001
MOVE:  091 |  0.000000963 -0.000000000  0.000000000 -0.000000000 -0.000000000  0.000106250 |         -0.1 |  0.000000606  0.000000025,  0.000000095 -0.000000089
CONST: 091 | 20 -0.000423037 -0.000479 0.000266 -0.00236 0.003191 0.00010625

ABS:   092 | -0.000422969 -0.000479000  0.000266000 -0.002360000  0.003191000  0.000100000 |         96.7 | -0.000006520  0.000054841, -0.000004841  0.000556168
DIFF:  092 |  0.000000068  0.000000000  0.000000000  0.000000000  0.000000000 -0.000006250 |         -0.0 |  0.000000072 -0.000000000,  0.000000151 -0.000000109
MOVE:  092 |  0.000001031 -0.000000000  0.000000000 -0.000000000 -0.000000000  0.000100000 |         -0.1 |  0.000000677  0.000000025,  0.000000246 -0.000000198
CONST: 092 | 20 -0.000422969 -0.000479 0.000266 -0.00236 0.003191 0.0001

ABS:   093 | -0.000423105 -0.000479000  0.000266000 -0.002360000  0.003191000  0.000100000 |         96.7 | -0.000006656  0.000054841, -0.000004840  0.000556168
DIFF:  093 | -0.000000136  0.000000000  0.000000000  0.000000000  0.000000000  0.000000000 |          0.0 | -0.000000136 -0.000000000,  0.000000000  0.000000000
MOVE:  093 |  0.000000895 -0.000000000  0.000000000 -0.000000000 -0.000000000  0.000100000 |         -0.1 |  0.000000541  0.000000025,  0.000000247 -0.000000198
CONST: 093 | 20 -0.000423105 -0.000479 0.000266 -0.00236 0.003191 0.0001

ABS:   094 | -0.000423037 -0.000478900  0.000266000 -0.002360000  0.003191000  0.000100000 |         96.7 | -0.000006592  0.000054841, -0.000004855  0.000556169
DIFF:  094 |  0.000000068  0.000000100  0.000000000  0.000000000  0.000000000  0.000000000 |         -0.0 |  0.000000065 -0.000000000, -0.000000015  0.000000001
MOVE:  094 |  0.000000963  0.000000100  0.000000000 -0.000000000 -0.000000000  0.000100000 |         -0.1 |  0.000000606  0.000000025,  0.000000232 -0.000000197
CONST: 094 | 20 -0.000423037 -0.0004789 0.000266 -0.00236 0.003191 0.0001

ABS:   095 | -0.000423037 -0.000479100  0.000266000 -0.002360000  0.003191000  0.000100000 |         96.7 | -0.000006585  0.000054841, -0.000004974  0.000556275
DIFF:  095 |  0.000000000 -0.000000200  0.000000000  0.000000000  0.000000000  0.000000000 |          0.0 |  0.000000007  0.000000000, -0.000000119  0.000000106
MOVE:  095 |  0.000000963 -0.000000100  0.000000000 -0.000000000 -0.000000000  0.000100000 |         -0.1 |  0.000000613  0.000000025,  0.000000113 -0.000000091
CONST: 095 | 20 -0.000423037 -0.0004791 0.000266 -0.00236 0.003191 0.0001

ABS:   096 | -0.000423037 -0.000478990  0.000266000 -0.002360000  0.003191000  0.000100000 |         96.7 | -0.000006589  0.000054841, -0.000004842  0.000556168
DIFF:  096 |  0.000000000  0.000000110  0.000000000  0.000000000  0.000000000  0.000000000 |         -0.0 | -0.000000004 -0.000000000,  0.000000132 -0.000000107
MOVE:  096 |  0.000000963  0.000000010  0.000000000 -0.000000000 -0.000000000  0.000100000 |         -0.1 |  0.000000609  0.000000025,  0.000000245 -0.000000198
CONST: 096 | 20 -0.000423037 -0.00047899 0.000266 -0.00236 0.003191 0.0001

ABS:   097 | -0.000423037 -0.000479010  0.000266000 -0.002360000  0.003191000  0.000100000 |         96.7 | -0.000006588  0.000054841, -0.000004839  0.000556168
DIFF:  097 |  0.000000000 -0.000000020  0.000000000  0.000000000  0.000000000  0.000000000 |         -0.0 |  0.000000001  0.000000000,  0.000000003 -0.000000000
MOVE:  097 |  0.000000963 -0.000000010  0.000000000 -0.000000000 -0.000000000  0.000100000 |         -0.1 |  0.000000610  0.000000025,  0.000000248 -0.000000199
CONST: 097 | 20 -0.000423037 -0.00047901 0.000266 -0.00236 0.003191 0.0001

ABS:   098 | -0.000423037 -0.000478900  0.000266000 -0.002360000  0.003191000  0.000100000 |         96.7 | -0.000006592  0.000054841, -0.000004855  0.000556169
DIFF:  098 |  0.000000000  0.000000110  0.000000000  0.000000000  0.000000000  0.000000000 |          0.0 | -0.000000004 -0.000000000, -0.000000016  0.000000001
MOVE:  098 |  0.000000963  0.000000100  0.000000000 -0.000000000 -0.000000000  0.000100000 |         -0.1 |  0.000000606  0.000000025,  0.000000232 -0.000000197
CONST: 098 | 20 -0.000423037 -0.0004789 0.000266 -0.00236 0.003191 0.0001

ABS:   099 | -0.000423037 -0.000479100  0.000266000 -0.002360000  0.003191000  0.000100000 |         96.7 | -0.000006585  0.000054841, -0.000004974  0.000556275
DIFF:  099 |  0.000000000 -0.000000200  0.000000000  0.000000000  0.000000000  0.000000000 |          0.0 |  0.000000007  0.000000000, -0.000000119  0.000000106
MOVE:  099 |  0.000000963 -0.000000100  0.000000000 -0.000000000 -0.000000000  0.000100000 |         -0.1 |  0.000000613  0.000000025,  0.000000113 -0.000000091
CONST: 099 | 20 -0.000423037 -0.0004791 0.000266 -0.00236 0.003191 0.0001

ABS:   100 | -0.000423037 -0.000479000  0.000266050 -0.002360000  0.003191000  0.000100000 |         96.7 | -0.000006588  0.000054841, -0.000004890  0.000556168
DIFF:  100 |  0.000000000  0.000000100  0.000000050  0.000000000  0.000000000  0.000000000 |         -0.0 | -0.000000004 -0.000000000,  0.000000083 -0.000000107
MOVE:  100 |  0.000000963 -0.000000000  0.000000050 -0.000000000 -0.000000000  0.000100000 |         -0.1 |  0.000000609  0.000000025,  0.000000196 -0.000000198
CONST: 100 | 20 -0.000423037 -0.000479 0.00026605 -0.00236 0.003191 0.0001

ABS:   101 | -0.000423037 -0.000479000  0.000265950 -0.002360000  0.003191000  0.000100000 |         96.7 | -0.000006588  0.000054841, -0.000004790  0.000556168
DIFF:  101 |  0.000000000  0.000000000 -0.000000100  0.000000000  0.000000000  0.000000000 |         -0.0 |  0.000000000 -0.000000000,  0.000000100  0.000000000
MOVE:  101 |  0.000000963 -0.000000000 -0.000000050 -0.000000000 -0.000000000  0.000100000 |         -0.1 |  0.000000610  0.000000025,  0.000000296 -0.000000198
CONST: 101 | 20 -0.000423037 -0.000479 0.00026595 -0.00236 0.003191 0.0001

ABS:   102 | -0.000423037 -0.000479000  0.000266000 -0.002356000  0.003191000  0.000100000 |         96.7 | -0.000006591  0.000054839, -0.000005064  0.000556169
DIFF:  102 |  0.000000000  0.000000000  0.000000050  0.000004000  0.000000000  0.000000000 |          0.0 | -0.000000003 -0.000000001, -0.000000273  0.000000002
MOVE:  102 |  0.000000963 -0.000000000  0.000000000  0.000004000 -0.000000000  0.000100000 |         -0.1 |  0.000000606  0.000000023,  0.000000023 -0.000000197
CONST: 102 | 20 -0.000423037 -0.000479 0.000266 -0.002356 0.003191 0.0001

ABS:   103 | -0.000423037 -0.000479000  0.000266000 -0.002364000  0.003191000  0.000100000 |         96.8 | -0.000006585  0.000054842, -0.000004913  0.000556383
DIFF:  103 |  0.000000000  0.000000000  0.000000000 -0.000008000  0.000000000  0.000000000 |          0.1 |  0.000000006  0.000000003,  0.000000150  0.000000213
MOVE:  103 |  0.000000963 -0.000000000  0.000000000 -0.000004000 -0.000000000  0.000100000 |         -0.0 |  0.000000612  0.000000026,  0.000000173  0.000000016
CONST: 103 | 20 -0.000423037 -0.000479 0.000266 -0.002364 0.003191 0.0001

ABS:   104 | -0.000423037 -0.000479000  0.000266000 -0.002359600  0.003191000  0.000100000 |         96.7 | -0.000006589  0.000054841, -0.000004863  0.000556168
DIFF:  104 |  0.000000000  0.000000000  0.000000000  0.000004400  0.000000000  0.000000000 |         -0.1 | -0.000000003 -0.000000001,  0.000000051 -0.000000215
MOVE:  104 |  0.000000963 -0.000000000  0.000000000  0.000000400 -0.000000000  0.000100000 |         -0.1 |  0.000000609  0.000000025,  0.000000224 -0.000000198
CONST: 104 | 20 -0.000423037 -0.000479 0.000266 -0.0023596 0.003191 0.0001

ABS:   105 | -0.000423037 -0.000479000  0.000266000 -0.002360400  0.003191000  0.000100000 |         96.7 | -0.000006588  0.000054841, -0.000004818  0.000556168
DIFF:  105 |  0.000000000  0.000000000  0.000000000 -0.000000800  0.000000000  0.000000000 |         -0.0 |  0.000000001  0.000000000,  0.000000045 -0.000000000
MOVE:  105 |  0.000000963 -0.000000000  0.000000000 -0.000000400 -0.000000000  0.000100000 |         -0.1 |  0.000000610  0.000000025,  0.000000269 -0.000000199
CONST: 105 | 20 -0.000423037 -0.000479 0.000266 -0.0023604 0.003191 0.0001

ABS:   106 | -0.000423037 -0.000479000  0.000266000 -0.002356000  0.003191000  0.000100000 |         96.7 | -0.000006591  0.000054839, -0.000005064  0.000556169
DIFF:  106 |  0.000000000  0.000000000  0.000000000  0.000004400  0.000000000  0.000000000 |          0.0 | -0.000000003 -0.000000001, -0.000000246  0.000000002
MOVE:  106 |  0.000000963 -0.000000000  0.000000000  0.000004000 -0.000000000  0.000100000 |         -0.1 |  0.000000606  0.000000023,  0.000000023 -0.000000197
CONST: 106 | 20 -0.000423037 -0.000479 0.000266 -0.002356 0.003191 0.0001

ABS:   107 | -0.000423037 -0.000479000  0.000266000 -0.002364000  0.003191000  0.000100000 |         96.8 | -0.000006585  0.000054842, -0.000004913  0.000556383
DIFF:  107 |  0.000000000  0.000000000  0.000000000 -0.000008000  0.000000000  0.000000000 |          0.1 |  0.000000006  0.000000003,  0.000000150  0.000000213
MOVE:  107 |  0.000000963 -0.000000000  0.000000000 -0.000004000 -0.000000000  0.000100000 |         -0.0 |  0.000000612  0.000000026,  0.000000173  0.000000016
CONST: 107 | 20 -0.000423037 -0.000479 0.000266 -0.002364 0.003191 0.0001

ABS:   108 | -0.000423037 -0.000479000  0.000266000 -0.002360000  0.003191105  0.000100000 |         96.7 | -0.000006590  0.000054839, -0.000004840  0.000556168
DIFF:  108 |  0.000000000  0.000000000  0.000000000  0.000004000  0.000000105  0.000000000 |         -0.1 | -0.000000004 -0.000000003,  0.000000073 -0.000000215
MOVE:  108 |  0.000000963 -0.000000000  0.000000000 -0.000000000  0.000000105  0.000100000 |         -0.1 |  0.000000608  0.000000023,  0.000000247 -0.000000198
CONST: 108 | 20 -0.000423037 -0.000479 0.000266 -0.00236 0.0031911 0.0001

