ABS:   itr |       deltaX       deltaY       deltaZ         phiX         phiY         phiZ |        chisq |    rphi mean     rphi rms,       z mean        z rms
ABS:   =========================================================================================================================================================
DIFF:  itr |       deltaX       deltaY       deltaZ         phiX         phiY         phiZ |        chisq |    rphi mean     rphi rms,       z mean        z rms
DIFF:  =========================================================================================================================================================
MOVE:  itr |       deltaX       deltaY       deltaZ         phiX         phiY         phiZ |        chisq |    rphi mean     rphi rms,       z mean        z rms
MOVE:  =========================================================================================================================================================
ABS:   001 |  0.000028000  0.000080000  0.000118000  0.001180000  0.000304000  0.000000000 |         10.9 | -0.000000553  0.000052205, -0.000002654  0.000541758
CONST: 001 | 61 2.8e-05 8e-05 0.000118 0.00118 0.000304 0

ABS:   001 |  0.000028000  0.000080000  0.000118000  0.001180000  0.000304000  0.000000000 |         10.9 | -0.000000553  0.000052205, -0.000002654  0.000541758
CONST: 001 | 61 2.8e-05 8e-05 0.000118 0.00118 0.000304 0

ABS:   002 |  0.000028100  0.000080000  0.000118000  0.001180000  0.000304000  0.000000000 |         10.9 | -0.000000453  0.000052205, -0.000002654  0.000541758
DIFF:  002 |  0.000000100 -0.000000000  0.000000000  0.000000000 -0.000000000  0.000000000 |         -0.0 |  0.000000100  0.000000000, -0.000000000  0.000000000
MOVE:  002 |  0.000000100 -0.000000000  0.000000000  0.000000000 -0.000000000  0.000000000 |         -0.0 |  0.000000100  0.000000000, -0.000000000  0.000000000
CONST: 002 | 61 2.81e-05 8e-05 0.000118 0.00118 0.000304 0

ABS:   003 |  0.000027900  0.000080000  0.000118000  0.001180000  0.000304000  0.000000000 |         10.9 | -0.000000653  0.000052205, -0.000002654  0.000541758
DIFF:  003 | -0.000000200  0.000000000  0.000000000  0.000000000  0.000000000  0.000000000 |          0.0 | -0.000000200  0.000000000,  0.000000000 -0.000000000
MOVE:  003 | -0.000000100 -0.000000000  0.000000000  0.000000000 -0.000000000  0.000000000 |          0.0 | -0.000000100  0.000000000,  0.000000000 -0.000000000
CONST: 003 | 61 2.79e-05 8e-05 0.000118 0.00118 0.000304 0

ABS:   004 |  0.000028065  0.000080000  0.000118000  0.001180000  0.000304000  0.000000000 |         10.9 | -0.000000488  0.000052205, -0.000002654  0.000541758
DIFF:  004 |  0.000000165  0.000000000  0.000000000  0.000000000  0.000000000  0.000000000 |         -0.0 |  0.000000165 -0.000000000, -0.000000000  0.000000000
MOVE:  004 |  0.000000065 -0.000000000  0.000000000  0.000000000 -0.000000000  0.000000000 |         -0.0 |  0.000000065  0.000000000, -0.000000000 -0.000000000
CONST: 004 | 61 2.80654e-05 8e-05 0.000118 0.00118 0.000304 0

ABS:   005 |  0.000027935  0.000080000  0.000118000  0.001180000  0.000304000  0.000000000 |         10.9 | -0.000000618  0.000052205, -0.000002654  0.000541758
DIFF:  005 | -0.000000131  0.000000000  0.000000000  0.000000000  0.000000000  0.000000000 |          0.0 | -0.000000131 -0.000000000,  0.000000000  0.000000000
MOVE:  005 | -0.000000065 -0.000000000  0.000000000  0.000000000 -0.000000000  0.000000000 |          0.0 | -0.000000065 -0.000000000,  0.000000000  0.000000000
CONST: 005 | 61 2.79346e-05 8e-05 0.000118 0.00118 0.000304 0

ABS:   006 |  0.000028000  0.000080100  0.000118000  0.001180000  0.000304000  0.000000000 |         10.9 | -0.000000552  0.000052206, -0.000002723  0.000541757
DIFF:  006 |  0.000000065  0.000000100  0.000000000  0.000000000  0.000000000  0.000000000 |          0.0 |  0.000000066  0.000000001, -0.000000070 -0.000000001
MOVE:  006 |  0.000000000  0.000000100  0.000000000  0.000000000 -0.000000000  0.000000000 |          0.0 |  0.000000001  0.000000001, -0.000000070 -0.000000001
CONST: 006 | 61 2.8e-05 8.01e-05 0.000118 0.00118 0.000304 0

ABS:   007 |  0.000028000  0.000079900  0.000118000  0.001180000  0.000304000  0.000000000 |         10.9 | -0.000000553  0.000052204, -0.000002584  0.000541759
DIFF:  007 |  0.000000000 -0.000000200  0.000000000  0.000000000  0.000000000  0.000000000 |         -0.0 | -0.000000001 -0.000000002,  0.000000139  0.000000001
MOVE:  007 |  0.000000000 -0.000000100  0.000000000  0.000000000 -0.000000000  0.000000000 |         -0.0 | -0.000000001 -0.000000001,  0.000000070  0.000000001
CONST: 007 | 61 2.8e-05 7.99e-05 0.000118 0.00118 0.000304 0

ABS:   008 |  0.000028000  0.000080302  0.000118000  0.001180000  0.000304000  0.000000000 |         10.9 | -0.000000551  0.000052208, -0.000002864  0.000541756
DIFF:  008 |  0.000000000  0.000000402  0.000000000  0.000000000  0.000000000  0.000000000 |          0.0 |  0.000000002  0.000000004, -0.000000280 -0.000000003
MOVE:  008 |  0.000000000  0.000000302  0.000000000  0.000000000 -0.000000000  0.000000000 |          0.0 |  0.000000002  0.000000003, -0.000000210 -0.000000002
CONST: 008 | 61 2.8e-05 8.03018e-05 0.000118 0.00118 0.000304 0

ABS:   009 |  0.000028000  0.000079698  0.000118000  0.001180000  0.000304000  0.000000000 |         10.9 | -0.000000555  0.000052202, -0.000002443  0.000541760
DIFF:  009 |  0.000000000 -0.000000604  0.000000000  0.000000000  0.000000000  0.000000000 |         -0.0 | -0.000000003 -0.000000006,  0.000000421  0.000000004
MOVE:  009 |  0.000000000 -0.000000302  0.000000000  0.000000000 -0.000000000  0.000000000 |         -0.0 | -0.000000002 -0.000000003,  0.000000210  0.000000002
CONST: 009 | 61 2.8e-05 7.96982e-05 0.000118 0.00118 0.000304 0

ABS:   010 |  0.000028000  0.000080000  0.000123002  0.001180000  0.000304000  0.000000000 |         11.0 | -0.000000554  0.000052205, -0.000006395  0.000542733
DIFF:  010 |  0.000000000  0.000000302  0.000005002  0.000000000  0.000000000  0.000000000 |          0.0 |  0.000000000  0.000000003, -0.000003952  0.000000972
MOVE:  010 |  0.000000000 -0.000000000  0.000005002  0.000000000 -0.000000000  0.000000000 |          0.0 | -0.000000001  0.000000000, -0.000003741  0.000000975
CONST: 010 | 61 2.8e-05 8e-05 0.000123002 0.00118 0.000304 0

ABS:   011 |  0.000028000  0.000080000  0.000112998  0.001180000  0.000304000  0.000000000 |         11.0 | -0.000000551  0.000052205, -0.000000169  0.000543690
DIFF:  011 |  0.000000000  0.000000000 -0.000010004  0.000000000  0.000000000  0.000000000 |          0.0 |  0.000000003 -0.000000000,  0.000006226  0.000000957
MOVE:  011 |  0.000000000 -0.000000000 -0.000005002  0.000000000 -0.000000000  0.000000000 |          0.1 |  0.000000001 -0.000000000,  0.000002485  0.000001932
CONST: 011 | 61 2.8e-05 8e-05 0.000112998 0.00118 0.000304 0

ABS:   012 |  0.000028000  0.000080000  0.000118500  0.001180000  0.000304000  0.000000000 |         11.0 | -0.000000553  0.000052205, -0.000001889  0.000542733
DIFF:  012 |  0.000000000  0.000000000  0.000005502  0.000000000  0.000000000  0.000000000 |         -0.0 | -0.000000002  0.000000000, -0.000001720 -0.000000957
MOVE:  012 |  0.000000000 -0.000000000  0.000000500  0.000000000 -0.000000000  0.000000000 |          0.0 | -0.000000000  0.000000000,  0.000000764  0.000000975
CONST: 012 | 61 2.8e-05 8e-05 0.0001185 0.00118 0.000304 0

ABS:   013 |  0.000028000  0.000080000  0.000117500  0.001180000  0.000304000  0.000000000 |         10.9 | -0.000000553  0.000052205, -0.000002153  0.000541758
DIFF:  013 |  0.000000000  0.000000000 -0.000001000  0.000000000  0.000000000  0.000000000 |         -0.0 |  0.000000000 -0.000000000, -0.000000264 -0.000000975
MOVE:  013 |  0.000000000 -0.000000000 -0.000000500  0.000000000 -0.000000000  0.000000000 |         -0.0 |  0.000000000 -0.000000000,  0.000000501  0.000000000
CONST: 013 | 61 2.8e-05 8e-05 0.0001175 0.00118 0.000304 0

ABS:   014 |  0.000028000  0.000080000  0.000118050  0.001180000  0.000304000  0.000000000 |         10.9 | -0.000000553  0.000052205, -0.000002704  0.000541758
DIFF:  014 |  0.000000000  0.000000000  0.000000550  0.000000000  0.000000000  0.000000000 |          0.0 | -0.000000000  0.000000000, -0.000000551 -0.000000000
MOVE:  014 |  0.000000000 -0.000000000  0.000000050  0.000000000 -0.000000000  0.000000000 |          0.0 | -0.000000000  0.000000000, -0.000000050 -0.000000000
CONST: 014 | 61 2.8e-05 8e-05 0.00011805 0.00118 0.000304 0

ABS:   015 |  0.000028000  0.000080000  0.000117950  0.001180000  0.000304000  0.000000000 |         10.9 | -0.000000553  0.000052205, -0.000002604  0.000541758
DIFF:  015 |  0.000000000  0.000000000 -0.000000100  0.000000000  0.000000000  0.000000000 |         -0.0 |  0.000000000 -0.000000000,  0.000000100  0.000000000
MOVE:  015 |  0.000000000 -0.000000000 -0.000000050  0.000000000 -0.000000000  0.000000000 |         -0.0 |  0.000000000 -0.000000000,  0.000000050  0.000000000
CONST: 015 | 61 2.8e-05 8e-05 0.00011795 0.00118 0.000304 0

ABS:   016 |  0.000028000  0.000080000  0.000118000  0.001184000  0.000304000  0.000000000 |         11.0 | -0.000000561  0.000052213, -0.000001745  0.000542731
DIFF:  016 |  0.000000000  0.000000000  0.000000050  0.000004000  0.000000000  0.000000000 |          0.0 | -0.000000008  0.000000008,  0.000000858  0.000000973
MOVE:  016 |  0.000000000 -0.000000000  0.000000000  0.000004000 -0.000000000  0.000000000 |          0.0 | -0.000000008  0.000000008,  0.000000908  0.000000973
CONST: 016 | 61 2.8e-05 8e-05 0.000118 0.001184 0.000304 0

ABS:   017 |  0.000028000  0.000080000  0.000118000  0.001176000  0.000304000  0.000000000 |         10.9 | -0.000000545  0.000052197, -0.000002297  0.000541759
DIFF:  017 |  0.000000000  0.000000000  0.000000000 -0.000008000  0.000000000  0.000000000 |         -0.0 |  0.000000016 -0.000000015, -0.000000552 -0.000000972
MOVE:  017 |  0.000000000 -0.000000000  0.000000000 -0.000004000 -0.000000000  0.000000000 |         -0.0 |  0.000000008 -0.000000008,  0.000000356  0.000000001
CONST: 017 | 61 2.8e-05 8e-05 0.000118 0.001176 0.000304 0

ABS:   018 |  0.000028000  0.000080000  0.000118000  0.001180400  0.000304000  0.000000000 |         10.9 | -0.000000554  0.000052206, -0.000002689  0.000541758
DIFF:  018 |  0.000000000  0.000000000  0.000000000  0.000004400  0.000000000  0.000000000 |          0.0 | -0.000000009  0.000000008, -0.000000392 -0.000000001
MOVE:  018 |  0.000000000 -0.000000000  0.000000000  0.000000400 -0.000000000  0.000000000 |          0.0 | -0.000000001  0.000000001, -0.000000036 -0.000000000
CONST: 018 | 61 2.8e-05 8e-05 0.000118 0.0011804 0.000304 0

ABS:   019 |  0.000028000  0.000080000  0.000118000  0.001179600  0.000304000  0.000000000 |         10.9 | -0.000000552  0.000052204, -0.000002618  0.000541758
DIFF:  019 |  0.000000000  0.000000000  0.000000000 -0.000000800  0.000000000  0.000000000 |         -0.0 |  0.000000002 -0.000000002,  0.000000071  0.000000000
MOVE:  019 |  0.000000000 -0.000000000  0.000000000 -0.000000400 -0.000000000  0.000000000 |         -0.0 |  0.000000001 -0.000000001,  0.000000036  0.000000000
CONST: 019 | 61 2.8e-05 8e-05 0.000118 0.0011796 0.000304 0

ABS:   020 |  0.000028000  0.000080000  0.000118000  0.001182796  0.000304000  0.000000000 |         11.0 | -0.000000559  0.000052210, -0.000001638  0.000542732
DIFF:  020 |  0.000000000  0.000000000  0.000000000  0.000003196  0.000000000  0.000000000 |          0.0 | -0.000000006  0.000000006,  0.000000980  0.000000974
MOVE:  020 |  0.000000000 -0.000000000  0.000000000  0.000002796 -0.000000000  0.000000000 |          0.0 | -0.000000006  0.000000005,  0.000001016  0.000000974
CONST: 020 | 61 2.8e-05 8e-05 0.000118 0.0011828 0.000304 0

ABS:   021 |  0.000028000  0.000080000  0.000118000  0.001177204  0.000304000  0.000000000 |         10.9 | -0.000000547  0.000052200, -0.000002405  0.000541759
DIFF:  021 |  0.000000000  0.000000000  0.000000000 -0.000005593  0.000000000  0.000000000 |         -0.0 |  0.000000011 -0.000000011, -0.000000767 -0.000000973
MOVE:  021 |  0.000000000 -0.000000000  0.000000000 -0.000002796 -0.000000000  0.000000000 |         -0.0 |  0.000000006 -0.000000005,  0.000000249  0.000000001
CONST: 021 | 61 2.8e-05 8e-05 0.000118 0.0011772 0.000304 0

ABS:   022 |  0.000028000  0.000080000  0.000118000  0.001180000  0.000314001  0.000000000 |         10.9 | -0.000000917  0.000052206, -0.000002676  0.000541748
DIFF:  022 |  0.000000000  0.000000000  0.000000000  0.000002796  0.000010001  0.000000000 |          0.0 | -0.000000370  0.000000006, -0.000000271 -0.000000010
MOVE:  022 |  0.000000000 -0.000000000  0.000000000  0.000000000  0.000010001  0.000000000 |          0.0 | -0.000000364  0.000000001, -0.000000022 -0.000000010
CONST: 022 | 61 2.8e-05 8e-05 0.000118 0.00118 0.000314001 0

ABS:   023 |  0.000028000  0.000080000  0.000118000  0.001180000  0.000293999  0.000000000 |         10.9 |  0.000000131  0.000052317, -0.000002632  0.000541768
DIFF:  023 |  0.000000000  0.000000000  0.000000000  0.000000000 -0.000020001  0.000000000 |          0.0 |  0.000001048  0.000000111,  0.000000044  0.000000019
MOVE:  023 |  0.000000000 -0.000000000  0.000000000  0.000000000 -0.000010001  0.000000000 |          0.0 |  0.000000684  0.000000112,  0.000000022  0.000000010
CONST: 023 | 61 2.8e-05 8e-05 0.000118 0.00118 0.000293999 0

ABS:   024 |  0.000028000  0.000080000  0.000118000  0.001180000  0.000305000  0.000000000 |         10.9 | -0.000000621  0.000052194, -0.000002656  0.000541757
DIFF:  024 |  0.000000000  0.000000000  0.000000000  0.000000000  0.000011001  0.000000000 |         -0.0 | -0.000000752 -0.000000122, -0.000000024 -0.000000011
MOVE:  024 |  0.000000000 -0.000000000  0.000000000  0.000000000  0.000001000  0.000000000 |         -0.0 | -0.000000068 -0.000000011, -0.000000002 -0.000000001
CONST: 024 | 61 2.8e-05 8e-05 0.000118 0.00118 0.000305 0

ABS:   025 |  0.000028000  0.000080000  0.000118000  0.001180000  0.000303000  0.000000000 |         10.9 | -0.000000485  0.000052216, -0.000002652  0.000541759
DIFF:  025 |  0.000000000  0.000000000  0.000000000  0.000000000 -0.000002000  0.000000000 |          0.0 |  0.000000137  0.000000021,  0.000000004  0.000000002
MOVE:  025 |  0.000000000 -0.000000000  0.000000000  0.000000000 -0.000001000  0.000000000 |          0.0 |  0.000000068  0.000000011,  0.000000002  0.000000001
CONST: 025 | 61 2.8e-05 8e-05 0.000118 0.00118 0.000303 0

ABS:   026 |  0.000028000  0.000080000  0.000118000  0.001180000  0.000304666  0.000000000 |         10.9 | -0.000000599  0.000052198, -0.000002655  0.000541757
DIFF:  026 |  0.000000000  0.000000000  0.000000000  0.000000000  0.000001666  0.000000000 |         -0.0 | -0.000000114 -0.000000018, -0.000000004 -0.000000002
MOVE:  026 |  0.000000000 -0.000000000  0.000000000  0.000000000  0.000000666  0.000000000 |         -0.0 | -0.000000046 -0.000000007, -0.000000001 -0.000000001
CONST: 026 | 61 2.8e-05 8e-05 0.000118 0.00118 0.000304666 0

ABS:   027 |  0.000028000  0.000080000  0.000118000  0.001180000  0.000303334  0.000000000 |         10.9 | -0.000000507  0.000052212, -0.000002652  0.000541759
DIFF:  027 |  0.000000000  0.000000000  0.000000000  0.000000000 -0.000001332  0.000000000 |          0.0 |  0.000000091  0.000000014,  0.000000003  0.000000001
MOVE:  027 |  0.000000000 -0.000000000  0.000000000  0.000000000 -0.000000666  0.000000000 |          0.0 |  0.000000046  0.000000007,  0.000000001  0.000000001
CONST: 027 | 61 2.8e-05 8e-05 0.000118 0.00118 0.000303334 0

ABS:   028 |  0.000028000  0.000080000  0.000118000  0.001180000  0.000304000  0.000002000 |         10.9 | -0.000000554  0.000052205, -0.000002654  0.000541760
DIFF:  028 |  0.000000000  0.000000000  0.000000000  0.000000000  0.000000666  0.000002000 |         -0.0 | -0.000000047 -0.000000007, -0.000000002  0.000000001
MOVE:  028 |  0.000000000 -0.000000000  0.000000000  0.000000000 -0.000000000  0.000002000 |          0.0 | -0.000000001  0.000000000, -0.000000000  0.000000002
CONST: 028 | 61 2.8e-05 8e-05 0.000118 0.00118 0.000304 2.00001e-06

ABS:   029 |  0.000028000  0.000080000  0.000118000  0.001180000  0.000304000 -0.000002000 |         10.9 | -0.000000552  0.000052205, -0.000002653  0.000541756
DIFF:  029 |  0.000000000  0.000000000  0.000000000  0.000000000  0.000000000 -0.000004000 |         -0.0 |  0.000000003 -0.000000000,  0.000000001 -0.000000004
MOVE:  029 |  0.000000000 -0.000000000  0.000000000  0.000000000 -0.000000000 -0.000002000 |         -0.0 |  0.000000001 -0.000000000,  0.000000000 -0.000000002
CONST: 029 | 61 2.8e-05 8e-05 0.000118 0.00118 0.000304 -2.00001e-06

ABS:   030 |  0.000028000  0.000080000  0.000118000  0.001180000  0.000304000  0.000020000 |         10.9 | -0.000000567  0.000052206, -0.000002659  0.000541776
DIFF:  030 |  0.000000000  0.000000000  0.000000000  0.000000000  0.000000000  0.000022000 |          0.0 | -0.000000015  0.000000001, -0.000000005  0.000000020
MOVE:  030 |  0.000000000 -0.000000000  0.000000000  0.000000000 -0.000000000  0.000020000 |          0.0 | -0.000000014  0.000000001, -0.000000005  0.000000018
CONST: 030 | 61 2.8e-05 8e-05 0.000118 0.00118 0.000304 2.00001e-05

ABS:   031 |  0.000028000  0.000080000  0.000118000  0.001180000  0.000304000 -0.000020000 |         10.9 | -0.000000539  0.000052204, -0.000002649  0.000541740
DIFF:  031 |  0.000000000  0.000000000  0.000000000  0.000000000  0.000000000 -0.000040000 |         -0.0 |  0.000000028 -0.000000001,  0.000000010 -0.000000036
MOVE:  031 |  0.000000000 -0.000000000  0.000000000  0.000000000 -0.000000000 -0.000020000 |         -0.0 |  0.000000014 -0.000000001,  0.000000005 -0.000000018
CONST: 031 | 61 2.8e-05 8e-05 0.000118 0.00118 0.000304 -2.00001e-05

ABS:   032 |  0.000028553  0.000070665  0.000115336  0.001178576  0.000360590 -0.006503145 |         11.1 |  0.000000655  0.000052096, -0.000004075  0.000544395
DIFF:  032 |  0.000000553 -0.000009335 -0.000002664 -0.000001424  0.000056590 -0.006483145 |          0.2 |  0.000001195 -0.000000108, -0.000001426  0.000002655
MOVE:  032 |  0.000000553 -0.000009335 -0.000002664 -0.000001424  0.000056590 -0.006503145 |          0.2 |  0.000001208 -0.000000109, -0.000001421  0.000002637
CONST: 032 | 61 2.85529e-05 7.06654e-05 0.000115336 0.00117858 0.00036059 -0.00650315

ABS:   033 |  0.000028169  0.000077150  0.000117187  0.001179565  0.000321278 -0.001990582 |         11.1 | -0.000000298  0.000052236, -0.000006835  0.000545697
DIFF:  033 | -0.000000384  0.000006485  0.000001851  0.000000989 -0.000039313  0.004512563 |          0.0 | -0.000000954  0.000000140, -0.000002760  0.000001302
MOVE:  033 |  0.000000169 -0.000002850 -0.000000813 -0.000000435  0.000017278 -0.001990582 |          0.2 |  0.000000255  0.000000031, -0.000004181  0.000003939
CONST: 033 | 61 2.81688e-05 7.715e-05 0.000117187 0.00117957 0.000321278 -0.00199058

ABS:   034 |  0.000028025  0.000079585  0.000117881  0.001179937  0.000306518 -0.000290151 |         10.9 | -0.000000501  0.000052164, -0.000000912  0.000542475
DIFF:  034 | -0.000000144  0.000002435  0.000000695  0.000000371 -0.000014760  0.001700431 |         -0.2 | -0.000000203 -0.000000072,  0.000005923 -0.000003222
MOVE:  034 |  0.000000025 -0.000000415 -0.000000119 -0.000000063  0.000002518 -0.000290151 |          0.0 |  0.000000052 -0.000000041,  0.000001742  0.000000717
CONST: 034 | 61 2.80246e-05 7.95847e-05 0.000117881 0.00117994 0.000306518 -0.000290151

ABS:   035 |  0.000028003  0.000079942  0.000117983  0.001179991  0.000304353 -0.000040633 |         10.9 | -0.000000546  0.000052199, -0.000002587  0.000541721
DIFF:  035 | -0.000000021  0.000000357  0.000000102  0.000000054 -0.000002165  0.000249518 |         -0.0 | -0.000000044  0.000000035, -0.000001675 -0.000000753
MOVE:  035 |  0.000000003 -0.000000058 -0.000000017 -0.000000009  0.000000353 -0.000040633 |         -0.0 |  0.000000007 -0.000000006,  0.000000067 -0.000000036
CONST: 035 | 61 2.80034e-05 7.99418e-05 0.000117983 0.00117999 0.000304353 -4.06331e-05

ABS:   036 |  0.000028069  0.000079942  0.000117983  0.001179991  0.000304353 -0.000040633 |         10.9 | -0.000000480  0.000052199, -0.000002587  0.000541721
DIFF:  036 |  0.000000065  0.000000000  0.000000000  0.000000000  0.000000000  0.000000000 |         -0.0 |  0.000000065  0.000000000, -0.000000000 -0.000000000
MOVE:  036 |  0.000000069 -0.000000058 -0.000000017 -0.000000009  0.000000353 -0.000040633 |         -0.0 |  0.000000073 -0.000000006,  0.000000067 -0.000000036
CONST: 036 | 61 2.80688e-05 7.99418e-05 0.000117983 0.00117999 0.000304353 -4.06331e-05

ABS:   037 |  0.000027938  0.000079942  0.000117983  0.001179991  0.000304353 -0.000040633 |         10.9 | -0.000000611  0.000052199, -0.000002587  0.000541721
DIFF:  037 | -0.000000131  0.000000000  0.000000000  0.000000000  0.000000000  0.000000000 |          0.0 | -0.000000131 -0.000000000,  0.000000000  0.000000000
MOVE:  037 | -0.000000062 -0.000000058 -0.000000017 -0.000000009  0.000000353 -0.000040633 |         -0.0 | -0.000000058 -0.000000006,  0.000000067 -0.000000036
CONST: 037 | 61 2.79381e-05 7.99418e-05 0.000117983 0.00117999 0.000304353 -4.06331e-05

ABS:   038 |  0.000028003  0.000080244  0.000117983  0.001179991  0.000304353 -0.000040633 |         11.0 | -0.000000544  0.000052202, -0.000001532  0.000542694
DIFF:  038 |  0.000000065  0.000000302  0.000000000  0.000000000  0.000000000  0.000000000 |          0.0 |  0.000000067  0.000000003,  0.000001054  0.000000972
MOVE:  038 |  0.000000003  0.000000244 -0.000000017 -0.000000009  0.000000353 -0.000040633 |          0.0 |  0.000000009 -0.000000003,  0.000001121  0.000000936
CONST: 038 | 61 2.80034e-05 8.02437e-05 0.000117983 0.00117999 0.000304353 -4.06331e-05

ABS:   039 |  0.000028003  0.000079640  0.000117983  0.001179991  0.000304353 -0.000040633 |         10.9 | -0.000000547  0.000052196, -0.000002376  0.000541724
DIFF:  039 |  0.000000000 -0.000000604  0.000000000  0.000000000  0.000000000  0.000000000 |         -0.0 | -0.000000003 -0.000000006, -0.000000844 -0.000000970
MOVE:  039 |  0.000000003 -0.000000360 -0.000000017 -0.000000009  0.000000353 -0.000040633 |         -0.0 |  0.000000006 -0.000000009,  0.000000277 -0.000000034
CONST: 039 | 61 2.80034e-05 7.964e-05 0.000117983 0.00117999 0.000304353 -4.06331e-05

ABS:   040 |  0.000028003  0.000079972  0.000117983  0.001179991  0.000304353 -0.000040633 |         10.9 | -0.000000546  0.000052200, -0.000002608  0.000541721
DIFF:  040 |  0.000000000  0.000000332  0.000000000  0.000000000  0.000000000  0.000000000 |          0.0 |  0.000000002  0.000000003, -0.000000231 -0.000000002
MOVE:  040 |  0.000000003 -0.000000028 -0.000000017 -0.000000009  0.000000353 -0.000040633 |         -0.0 |  0.000000007 -0.000000005,  0.000000046 -0.000000037
CONST: 040 | 61 2.80034e-05 7.9972e-05 0.000117983 0.00117999 0.000304353 -4.06331e-05

ABS:   041 |  0.000028003  0.000079912  0.000117983  0.001179991  0.000304353 -0.000040633 |         10.9 | -0.000000546  0.000052199, -0.000002566  0.000541722
DIFF:  041 |  0.000000000 -0.000000060  0.000000000  0.000000000  0.000000000  0.000000000 |         -0.0 | -0.000000000 -0.000000001,  0.000000042  0.000000000
MOVE:  041 |  0.000000003 -0.000000088 -0.000000017 -0.000000009  0.000000353 -0.000040633 |         -0.0 |  0.000000007 -0.000000006,  0.000000088 -0.000000036
CONST: 041 | 61 2.80034e-05 7.99117e-05 0.000117983 0.00117999 0.000304353 -4.06331e-05

ABS:   042 |  0.000028003  0.000080244  0.000117983  0.001179991  0.000304353 -0.000040633 |         11.0 | -0.000000544  0.000052202, -0.000001532  0.000542694
DIFF:  042 |  0.000000000  0.000000332  0.000000000  0.000000000  0.000000000  0.000000000 |          0.0 |  0.000000002  0.000000003,  0.000001033  0.000000972
MOVE:  042 |  0.000000003  0.000000244 -0.000000017 -0.000000009  0.000000353 -0.000040633 |          0.0 |  0.000000009 -0.000000003,  0.000001121  0.000000936
CONST: 042 | 61 2.80034e-05 8.02437e-05 0.000117983 0.00117999 0.000304353 -4.06331e-05

ABS:   043 |  0.000028003  0.000079640  0.000117983  0.001179991  0.000304353 -0.000040633 |         10.9 | -0.000000547  0.000052196, -0.000002376  0.000541724
DIFF:  043 |  0.000000000 -0.000000604  0.000000000  0.000000000  0.000000000  0.000000000 |         -0.0 | -0.000000003 -0.000000006, -0.000000844 -0.000000970
MOVE:  043 |  0.000000003 -0.000000360 -0.000000017 -0.000000009  0.000000353 -0.000040633 |         -0.0 |  0.000000006 -0.000000009,  0.000000277 -0.000000034
CONST: 043 | 61 2.80034e-05 7.964e-05 0.000117983 0.00117999 0.000304353 -4.06331e-05

ABS:   044 |  0.000028003  0.000079942  0.000118286  0.001179991  0.000304353 -0.000040633 |         10.9 | -0.000000546  0.000052199, -0.000002889  0.000541721
DIFF:  044 |  0.000000000  0.000000302  0.000000302  0.000000000  0.000000000  0.000000000 |          0.0 |  0.000000001  0.000000003, -0.000000513 -0.000000002
MOVE:  044 |  0.000000003 -0.000000058  0.000000286 -0.000000009  0.000000353 -0.000040633 |         -0.0 |  0.000000007 -0.000000006, -0.000000236 -0.000000036
CONST: 044 | 61 2.80034e-05 7.99418e-05 0.000118286 0.00117999 0.000304353 -4.06331e-05

ABS:   045 |  0.000028003  0.000079942  0.000117681  0.001179991  0.000304353 -0.000040633 |         10.9 | -0.000000546  0.000052199, -0.000002284  0.000541721
DIFF:  045 |  0.000000000  0.000000000 -0.000000605  0.000000000  0.000000000  0.000000000 |         -0.0 |  0.000000000 -0.000000000,  0.000000605  0.000000000
MOVE:  045 |  0.000000003 -0.000000058 -0.000000319 -0.000000009  0.000000353 -0.000040633 |         -0.0 |  0.000000007 -0.000000006,  0.000000370 -0.000000036
CONST: 045 | 61 2.80034e-05 7.99418e-05 0.000117681 0.00117999 0.000304353 -4.06331e-05

ABS:   046 |  0.000028003  0.000079942  0.000117983  0.001180271  0.000304353 -0.000040633 |         10.9 | -0.000000546  0.000052200, -0.000002612  0.000541721
DIFF:  046 |  0.000000000  0.000000000  0.000000302  0.000000280  0.000000000  0.000000000 |          0.0 | -0.000000001  0.000000001, -0.000000328 -0.000000000
MOVE:  046 |  0.000000003 -0.000000058 -0.000000017  0.000000271  0.000000353 -0.000040633 |         -0.0 |  0.000000007 -0.000000005,  0.000000042 -0.000000037
CONST: 046 | 61 2.80034e-05 7.99418e-05 0.000117983 0.00118027 0.000304353 -4.06331e-05

ABS:   047 |  0.000028003  0.000079942  0.000117983  0.001179711  0.000304353 -0.000040633 |         10.9 | -0.000000545  0.000052199, -0.000002562  0.000541722
DIFF:  047 |  0.000000000  0.000000000  0.000000000 -0.000000559  0.000000000  0.000000000 |         -0.0 |  0.000000001 -0.000000001,  0.000000050  0.000000000
MOVE:  047 |  0.000000003 -0.000000058 -0.000000017 -0.000000289  0.000000353 -0.000040633 |         -0.0 |  0.000000008 -0.000000006,  0.000000092 -0.000000036
CONST: 047 | 61 2.80034e-05 7.99418e-05 0.000117983 0.00117971 0.000304353 -4.06331e-05

ABS:   048 |  0.000028003  0.000079942  0.000117983  0.001182787  0.000304353 -0.000040633 |         11.0 | -0.000000551  0.000052205, -0.000001571  0.000542695
DIFF:  048 |  0.000000000  0.000000000  0.000000000  0.000003076  0.000000000  0.000000000 |          0.0 | -0.000000006  0.000000006,  0.000000991  0.000000973
MOVE:  048 |  0.000000003 -0.000000058 -0.000000017  0.000002787  0.000000353 -0.000040633 |          0.0 |  0.000000002 -0.000000000,  0.000001082  0.000000937
CONST: 048 | 61 2.80034e-05 7.99418e-05 0.000117983 0.00118279 0.000304353 -4.06331e-05

ABS:   049 |  0.000028003  0.000079942  0.000117983  0.001177195  0.000304353 -0.000040633 |         10.9 | -0.000000540  0.000052194, -0.000002338  0.000541722
DIFF:  049 |  0.000000000  0.000000000  0.000000000 -0.000005593  0.000000000  0.000000000 |         -0.0 |  0.000000011 -0.000000011, -0.000000766 -0.000000973
MOVE:  049 |  0.000000003 -0.000000058 -0.000000017 -0.000002805  0.000000353 -0.000040633 |         -0.0 |  0.000000013 -0.000000011,  0.000000316 -0.000000036
CONST: 049 | 61 2.80034e-05 7.99418e-05 0.000117983 0.00117719 0.000304353 -4.06331e-05

ABS:   050 |  0.000028003  0.000079942  0.000117983  0.001180271  0.000304353 -0.000040633 |         10.9 | -0.000000546  0.000052200, -0.000002612  0.000541721
DIFF:  050 |  0.000000000  0.000000000  0.000000000  0.000003076  0.000000000  0.000000000 |          0.0 | -0.000000006  0.000000006, -0.000000274 -0.000000001
MOVE:  050 |  0.000000003 -0.000000058 -0.000000017  0.000000271  0.000000353 -0.000040633 |         -0.0 |  0.000000007 -0.000000005,  0.000000042 -0.000000037
CONST: 050 | 61 2.80034e-05 7.99418e-05 0.000117983 0.00118027 0.000304353 -4.06331e-05

ABS:   051 |  0.000028003  0.000079942  0.000117983  0.001179712  0.000304353 -0.000040633 |         10.9 | -0.000000545  0.000052199, -0.000002562  0.000541722
DIFF:  051 |  0.000000000  0.000000000  0.000000000 -0.000000559  0.000000000  0.000000000 |         -0.0 |  0.000000001 -0.000000001,  0.000000050  0.000000000
MOVE:  051 |  0.000000003 -0.000000058 -0.000000017 -0.000000288  0.000000353 -0.000040633 |         -0.0 |  0.000000008 -0.000000006,  0.000000092 -0.000000036
CONST: 051 | 61 2.80034e-05 7.99418e-05 0.000117983 0.00117971 0.000304353 -4.06331e-05

ABS:   052 |  0.000028003  0.000079942  0.000117983  0.001179991  0.000305019 -0.000040633 |         10.9 | -0.000000591  0.000052192, -0.000002588  0.000541721
DIFF:  052 |  0.000000000  0.000000000  0.000000000  0.000000280  0.000000666  0.000000000 |         -0.0 | -0.000000046 -0.000000007, -0.000000026 -0.000000001
MOVE:  052 |  0.000000003 -0.000000058 -0.000000017 -0.000000009  0.000001019 -0.000040633 |         -0.0 | -0.000000038 -0.000000013,  0.000000065 -0.000000037
CONST: 052 | 61 2.80034e-05 7.99418e-05 0.000117983 0.00117999 0.000305019 -4.06331e-05

ABS:   053 |  0.000028003  0.000079942  0.000117983  0.001179991  0.000303686 -0.000040633 |         10.9 | -0.000000500  0.000052206, -0.000002585  0.000541722
DIFF:  053 |  0.000000000  0.000000000  0.000000000  0.000000000 -0.000001332  0.000000000 |          0.0 |  0.000000091  0.000000014,  0.000000003  0.000000001
MOVE:  053 |  0.000000003 -0.000000058 -0.000000017 -0.000000009 -0.000000314 -0.000040633 |         -0.0 |  0.000000053  0.000000001,  0.000000068 -0.000000036
CONST: 053 | 61 2.80034e-05 7.99418e-05 0.000117983 0.00117999 0.000303686 -4.06331e-05

ABS:   054 |  0.000028003  0.000079942  0.000117983  0.001179991  0.000304353 -0.000007275 |         10.9 | -0.000000569  0.000052200, -0.000002595  0.000541751
DIFF:  054 |  0.000000000  0.000000000  0.000000000  0.000000000  0.000000666  0.000033358 |          0.0 | -0.000000069 -0.000000006, -0.000000009  0.000000029
MOVE:  054 |  0.000000003 -0.000000058 -0.000000017 -0.000000009  0.000000353 -0.000007275 |         -0.0 | -0.000000016 -0.000000005,  0.000000059 -0.000000006
CONST: 054 | 61 2.80034e-05 7.99418e-05 0.000117983 0.00117999 0.000304353 -7.27501e-06

ABS:   055 |  0.000028003  0.000079942  0.000117983  0.001179991  0.000304353 -0.000073991 |         10.9 | -0.000000523  0.000052198, -0.000002579  0.000541692
DIFF:  055 |  0.000000000  0.000000000  0.000000000  0.000000000  0.000000000 -0.000066716 |         -0.0 |  0.000000046 -0.000000002,  0.000000016 -0.000000060
MOVE:  055 |  0.000000003 -0.000000058 -0.000000017 -0.000000009  0.000000353 -0.000073991 |         -0.0 |  0.000000030 -0.000000007,  0.000000075 -0.000000066
CONST: 055 | 61 2.80034e-05 7.99418e-05 0.000117983 0.00117999 0.000304353 -7.39912e-05

ABS:   056 |  0.000028552  0.000079851  0.000115342  0.001178569  0.000360443 -0.006486456 |         11.1 |  0.000000383  0.000052112, -0.000009256  0.000545241
DIFF:  056 |  0.000000548 -0.000000091 -0.000002641 -0.000001422  0.000056090 -0.006412464 |          0.2 |  0.000000905 -0.000000086, -0.000006677  0.000003550
MOVE:  056 |  0.000000552 -0.000000149 -0.000002658 -0.000001431  0.000056443 -0.006486456 |          0.2 |  0.000000936 -0.000000093, -0.000006602  0.000003484
CONST: 056 | 61 2.85515e-05 7.9851e-05 0.000115342 0.00117857 0.000360443 -0.00648646

ABS:   057 |  0.000028153  0.000079917  0.000117263  0.001179603  0.000319654 -0.001803698 |         11.2 | -0.000000320  0.000052286, -0.000007630  0.000546798
DIFF:  057 | -0.000000399  0.000000066  0.000001920  0.000001034 -0.000040789  0.004682758 |          0.0 | -0.000000702  0.000000174,  0.000001626  0.000001556
MOVE:  057 |  0.000000153 -0.000000083 -0.000000737 -0.000000397  0.000015654 -0.001803698 |          0.3 |  0.000000233  0.000000081, -0.000004976  0.000005040
CONST: 057 | 61 2.8153e-05 7.9917e-05 0.000117263 0.0011796 0.000319654 -0.0018037

ABS:   058 |  0.000028020  0.000079939  0.000117905  0.001179949  0.000306012 -0.000231818 |         10.9 | -0.000000510  0.000052175, -0.000001197  0.000542524
DIFF:  058 | -0.000000133  0.000000022  0.000000642  0.000000346 -0.000013643  0.001571880 |         -0.2 | -0.000000191 -0.000000111,  0.000006433 -0.000004274
MOVE:  058 |  0.000000020 -0.000000061 -0.000000095 -0.000000051  0.000002012 -0.000231818 |          0.0 |  0.000000043 -0.000000030,  0.000001457  0.000000766
CONST: 058 | 61 2.80197e-05 7.99392e-05 0.000117905 0.00117995 0.000306012 -0.000231818

ABS:   059 |  0.000028005  0.000079942  0.000117976  0.001179987  0.000304501 -0.000057731 |         10.9 | -0.000000543  0.000052197, -0.000002575  0.000541706
DIFF:  059 | -0.000000015  0.000000002  0.000000071  0.000000038 -0.000001511  0.000174087 |         -0.0 | -0.000000032  0.000000022, -0.000001379 -0.000000818
MOVE:  059 |  0.000000005 -0.000000058 -0.000000024 -0.000000013  0.000000501 -0.000057731 |         -0.0 |  0.000000010 -0.000000008,  0.000000078 -0.000000052
CONST: 059 | 61 2.80049e-05 7.99416e-05 0.000117976 0.00117999 0.000304501 -5.77308e-05

ABS:   060 |  0.000028070  0.000079942  0.000117976  0.001179987  0.000304501 -0.000057731 |         10.9 | -0.000000477  0.000052197, -0.000002575  0.000541706
DIFF:  060 |  0.000000065  0.000000000  0.000000000  0.000000000  0.000000000  0.000000000 |         -0.0 |  0.000000065  0.000000000, -0.000000000 -0.000000000
MOVE:  060 |  0.000000070 -0.000000058 -0.000000024 -0.000000013  0.000000501 -0.000057731 |         -0.0 |  0.000000076 -0.000000008,  0.000000078 -0.000000052
CONST: 060 | 61 2.80702e-05 7.99416e-05 0.000117976 0.00117999 0.000304501 -5.77308e-05

ABS:   061 |  0.000027940  0.000079942  0.000117976  0.001179987  0.000304501 -0.000057731 |         10.9 | -0.000000608  0.000052197, -0.000002575  0.000541706
DIFF:  061 | -0.000000131  0.000000000  0.000000000  0.000000000  0.000000000  0.000000000 |          0.0 | -0.000000131 -0.000000000,  0.000000000  0.000000000
MOVE:  061 | -0.000000060 -0.000000058 -0.000000024 -0.000000013  0.000000501 -0.000057731 |         -0.0 | -0.000000055 -0.000000008,  0.000000078 -0.000000052
CONST: 061 | 61 2.79395e-05 7.99416e-05 0.000117976 0.00117999 0.000304501 -5.77308e-05

ABS:   062 |  0.000028005  0.000079972  0.000117976  0.001179987  0.000304501 -0.000057731 |         10.9 | -0.000000542  0.000052197, -0.000002597  0.000541706
DIFF:  062 |  0.000000065  0.000000030  0.000000000  0.000000000  0.000000000  0.000000000 |         -0.0 |  0.000000066  0.000000000, -0.000000021 -0.000000000
MOVE:  062 |  0.000000005 -0.000000028 -0.000000024 -0.000000013  0.000000501 -0.000057731 |         -0.0 |  0.000000011 -0.000000008,  0.000000057 -0.000000052
CONST: 062 | 61 2.80049e-05 7.99718e-05 0.000117976 0.00117999 0.000304501 -5.77308e-05

ABS:   063 |  0.000028005  0.000079911  0.000117976  0.001179987  0.000304501 -0.000057731 |         10.9 | -0.000000543  0.000052197, -0.000002554  0.000541706
DIFF:  063 |  0.000000000 -0.000000060  0.000000000  0.000000000  0.000000000  0.000000000 |         -0.0 | -0.000000000 -0.000000001,  0.000000042  0.000000000
MOVE:  063 |  0.000000005 -0.000000089 -0.000000024 -0.000000013  0.000000501 -0.000057731 |         -0.0 |  0.000000010 -0.000000008,  0.000000099 -0.000000052
CONST: 063 | 61 2.80049e-05 7.99114e-05 0.000117976 0.00117999 0.000304501 -5.77308e-05

ABS:   064 |  0.000028005  0.000080243  0.000117976  0.001179987  0.000304501 -0.000057731 |         11.0 | -0.000000541  0.000052200, -0.000001521  0.000542678
DIFF:  064 |  0.000000000  0.000000332  0.000000000  0.000000000  0.000000000  0.000000000 |          0.0 |  0.000000002  0.000000003,  0.000001033  0.000000972
MOVE:  064 |  0.000000005  0.000000243 -0.000000024 -0.000000013  0.000000501 -0.000057731 |          0.0 |  0.000000012 -0.000000005,  0.000001132  0.000000920
CONST: 064 | 61 2.80049e-05 8.02434e-05 0.000117976 0.00117999 0.000304501 -5.77308e-05

ABS:   065 |  0.000028005  0.000079640  0.000117976  0.001179987  0.000304501 -0.000057731 |         10.9 | -0.000000544  0.000052194, -0.000002365  0.000541708
DIFF:  065 |  0.000000000 -0.000000604  0.000000000  0.000000000  0.000000000  0.000000000 |         -0.0 | -0.000000003 -0.000000006, -0.000000844 -0.000000970
MOVE:  065 |  0.000000005 -0.000000360 -0.000000024 -0.000000013  0.000000501 -0.000057731 |         -0.0 |  0.000000009 -0.000000011,  0.000000289 -0.000000050
CONST: 065 | 61 2.80049e-05 7.96398e-05 0.000117976 0.00117999 0.000304501 -5.77308e-05

ABS:   066 |  0.000028005  0.000079972  0.000117976  0.001179987  0.000304501 -0.000057731 |         10.9 | -0.000000542  0.000052197, -0.000002597  0.000541706
DIFF:  066 |  0.000000000  0.000000332  0.000000000  0.000000000  0.000000000  0.000000000 |          0.0 |  0.000000002  0.000000003, -0.000000231 -0.000000002
MOVE:  066 |  0.000000005 -0.000000028 -0.000000024 -0.000000013  0.000000501 -0.000057731 |         -0.0 |  0.000000011 -0.000000008,  0.000000057 -0.000000052
CONST: 066 | 61 2.80049e-05 7.99718e-05 0.000117976 0.00117999 0.000304501 -5.77308e-05

ABS:   067 |  0.000028005  0.000079911  0.000117976  0.001179987  0.000304501 -0.000057731 |         10.9 | -0.000000543  0.000052197, -0.000002554  0.000541706
DIFF:  067 |  0.000000000 -0.000000060  0.000000000  0.000000000  0.000000000  0.000000000 |         -0.0 | -0.000000000 -0.000000001,  0.000000042  0.000000000
MOVE:  067 |  0.000000005 -0.000000089 -0.000000024 -0.000000013  0.000000501 -0.000057731 |         -0.0 |  0.000000010 -0.000000008,  0.000000099 -0.000000052
CONST: 067 | 61 2.80049e-05 7.99114e-05 0.000117976 0.00117999 0.000304501 -5.77308e-05

