ABS:   itr |       deltaX       deltaY       deltaZ         phiX         phiY         phiZ |        chisq |    rphi mean     rphi rms,       z mean        z rms
ABS:   =========================================================================================================================================================
DIFF:  itr |       deltaX       deltaY       deltaZ         phiX         phiY         phiZ |        chisq |    rphi mean     rphi rms,       z mean        z rms
DIFF:  =========================================================================================================================================================
MOVE:  itr |       deltaX       deltaY       deltaZ         phiX         phiY         phiZ |        chisq |    rphi mean     rphi rms,       z mean        z rms
MOVE:  =========================================================================================================================================================
ABS:   001 |  0.000035000 -0.000120000  0.000287000  0.000000000 -0.000001000  0.000000000 |         23.3 | -0.000005181  0.000053065, -0.000040301  0.000535863
CONST: 001 | 36 3.5e-05 -0.00012 0.000287 0 -1e-06 0

ABS:   001 |  0.000035000 -0.000120000  0.000287000  0.000000000 -0.000001000  0.000000000 |         23.3 | -0.000005181  0.000053065, -0.000040301  0.000535863
CONST: 001 | 36 3.5e-05 -0.00012 0.000287 0 -1e-06 0

ABS:   002 |  0.000035100 -0.000120000  0.000287000  0.000000000 -0.000001000  0.000000000 |         23.3 | -0.000005081  0.000053065, -0.000040301  0.000535863
DIFF:  002 |  0.000000100 -0.000000000  0.000000000  0.000000000 -0.000000000  0.000000000 |         -0.0 |  0.000000100  0.000000000,  0.000000000 -0.000000000
MOVE:  002 |  0.000000100 -0.000000000  0.000000000  0.000000000 -0.000000000  0.000000000 |         -0.0 |  0.000000100  0.000000000,  0.000000000 -0.000000000
CONST: 002 | 36 3.51e-05 -0.00012 0.000287 0 -1e-06 0

ABS:   003 |  0.000034900 -0.000120000  0.000287000  0.000000000 -0.000001000  0.000000000 |         23.3 | -0.000005115  0.000053131, -0.000040301  0.000535863
DIFF:  003 | -0.000000200  0.000000000  0.000000000  0.000000000  0.000000000  0.000000000 |          0.0 | -0.000000034  0.000000066, -0.000000000  0.000000000
MOVE:  003 | -0.000000100 -0.000000000  0.000000000  0.000000000 -0.000000000  0.000000000 |          0.0 |  0.000000066  0.000000066, -0.000000000 -0.000000000
CONST: 003 | 36 3.49e-05 -0.00012 0.000287 0 -1e-06 0

ABS:   004 |  0.000035010 -0.000120000  0.000287000  0.000000000 -0.000001000  0.000000000 |         23.3 | -0.000005171  0.000053065, -0.000040301  0.000535863
DIFF:  004 |  0.000000110  0.000000000  0.000000000  0.000000000  0.000000000  0.000000000 |         -0.0 | -0.000000056 -0.000000066,  0.000000000  0.000000000
MOVE:  004 |  0.000000010 -0.000000000  0.000000000  0.000000000 -0.000000000  0.000000000 |         -0.0 |  0.000000010 -0.000000000,  0.000000000 -0.000000000
CONST: 004 | 36 3.501e-05 -0.00012 0.000287 0 -1e-06 0

ABS:   005 |  0.000034990 -0.000120000  0.000287000  0.000000000 -0.000001000  0.000000000 |         23.3 | -0.000005191  0.000053065, -0.000040301  0.000535863
DIFF:  005 | -0.000000020  0.000000000  0.000000000  0.000000000  0.000000000  0.000000000 |          0.0 | -0.000000020 -0.000000000, -0.000000000  0.000000000
MOVE:  005 | -0.000000010 -0.000000000  0.000000000  0.000000000 -0.000000000  0.000000000 |          0.0 | -0.000000010 -0.000000000, -0.000000000 -0.000000000
CONST: 005 | 36 3.499e-05 -0.00012 0.000287 0 -1e-06 0

ABS:   006 |  0.000035067 -0.000120000  0.000287000  0.000000000 -0.000001000  0.000000000 |         23.3 | -0.000005114  0.000053065, -0.000040301  0.000535863
DIFF:  006 |  0.000000077  0.000000000  0.000000000  0.000000000  0.000000000  0.000000000 |         -0.0 |  0.000000077  0.000000000,  0.000000000 -0.000000000
MOVE:  006 |  0.000000067 -0.000000000  0.000000000  0.000000000 -0.000000000  0.000000000 |         -0.0 |  0.000000067 -0.000000000,  0.000000000 -0.000000000
CONST: 006 | 36 3.50667e-05 -0.00012 0.000287 0 -1e-06 0

ABS:   007 |  0.000034933 -0.000120000  0.000287000  0.000000000 -0.000001000  0.000000000 |         23.3 | -0.000005195  0.000053021, -0.000040301  0.000535863
DIFF:  007 | -0.000000133  0.000000000  0.000000000  0.000000000  0.000000000  0.000000000 |         -0.0 | -0.000000081 -0.000000044, -0.000000000 -0.000000000
MOVE:  007 | -0.000000067 -0.000000000  0.000000000  0.000000000 -0.000000000  0.000000000 |         -0.0 | -0.000000015 -0.000000044, -0.000000000 -0.000000000
CONST: 007 | 36 3.49333e-05 -0.00012 0.000287 0 -1e-06 0

ABS:   008 |  0.000035000 -0.000119900  0.000287000  0.000000000 -0.000001000  0.000000000 |         23.3 | -0.000005186  0.000053066, -0.000040313  0.000535864
DIFF:  008 |  0.000000067  0.000000100  0.000000000  0.000000000  0.000000000  0.000000000 |          0.0 |  0.000000009  0.000000045, -0.000000013  0.000000001
MOVE:  008 | -0.000000000  0.000000100  0.000000000  0.000000000 -0.000000000  0.000000000 |          0.0 | -0.000000005  0.000000001, -0.000000013  0.000000001
CONST: 008 | 36 3.5e-05 -0.0001199 0.000287 0 -1e-06 0

ABS:   009 |  0.000035000 -0.000120100  0.000287000  0.000000000 -0.000001000  0.000000000 |         23.3 | -0.000005176  0.000053064, -0.000040288  0.000535863
DIFF:  009 |  0.000000000 -0.000000200  0.000000000  0.000000000  0.000000000  0.000000000 |         -0.0 |  0.000000011 -0.000000002,  0.000000025 -0.000000001
MOVE:  009 | -0.000000000 -0.000000100  0.000000000  0.000000000 -0.000000000  0.000000000 |         -0.0 |  0.000000005 -0.000000001,  0.000000013 -0.000000001
CONST: 009 | 36 3.5e-05 -0.0001201 0.000287 0 -1e-06 0

ABS:   010 |  0.000035000 -0.000119715  0.000287000  0.000000000 -0.000001000  0.000000000 |         23.3 | -0.000005196  0.000053067, -0.000040336  0.000535865
DIFF:  010 |  0.000000000  0.000000385  0.000000000  0.000000000  0.000000000  0.000000000 |          0.0 | -0.000000020  0.000000003, -0.000000048  0.000000002
MOVE:  010 | -0.000000000  0.000000285  0.000000000  0.000000000 -0.000000000  0.000000000 |          0.0 | -0.000000015  0.000000002, -0.000000036  0.000000002
CONST: 010 | 36 3.5e-05 -0.000119715 0.000287 0 -1e-06 0

ABS:   011 |  0.000035000 -0.000120285  0.000287000  0.000000000 -0.000001000  0.000000000 |         23.3 | -0.000005166  0.000053063, -0.000040265  0.000535862
DIFF:  011 |  0.000000000 -0.000000571  0.000000000  0.000000000  0.000000000  0.000000000 |         -0.0 |  0.000000030 -0.000000004,  0.000000072 -0.000000003
MOVE:  011 | -0.000000000 -0.000000285  0.000000000  0.000000000 -0.000000000  0.000000000 |         -0.0 |  0.000000015 -0.000000002,  0.000000036 -0.000000001
CONST: 011 | 36 3.5e-05 -0.000120285 0.000287 0 -1e-06 0

ABS:   012 |  0.000035000 -0.000120000  0.000292002  0.000000000 -0.000001000  0.000000000 |         23.4 | -0.000005181  0.000053065, -0.000044151  0.000535955
DIFF:  012 |  0.000000000  0.000000285  0.000005002  0.000000000  0.000000000  0.000000000 |          0.0 | -0.000000015  0.000000002, -0.000003886  0.000000093
MOVE:  012 | -0.000000000 -0.000000000  0.000005002  0.000000000 -0.000000000  0.000000000 |          0.0 |  0.000000000 -0.000000000, -0.000003850  0.000000091
CONST: 012 | 36 3.5e-05 -0.00012 0.000292002 0 -1e-06 0

ABS:   013 |  0.000035000 -0.000120000  0.000281998  0.000000000 -0.000001000  0.000000000 |         23.3 | -0.000005181  0.000053065, -0.000035854  0.000536273
DIFF:  013 |  0.000000000  0.000000000 -0.000010004  0.000000000  0.000000000  0.000000000 |         -0.0 | -0.000000000  0.000000000,  0.000008296  0.000000318
MOVE:  013 | -0.000000000 -0.000000000 -0.000005002  0.000000000 -0.000000000  0.000000000 |          0.0 | -0.000000000  0.000000000,  0.000004446  0.000000410
CONST: 013 | 36 3.5e-05 -0.00012 0.000281998 0 -1e-06 0

ABS:   014 |  0.000035000 -0.000120000  0.000287500  0.000000000 -0.000001000  0.000000000 |         23.3 | -0.000005181  0.000053065, -0.000040801  0.000535863
DIFF:  014 |  0.000000000  0.000000000  0.000005502  0.000000000  0.000000000  0.000000000 |         -0.0 |  0.000000000  0.000000000, -0.000004947 -0.000000410
MOVE:  014 | -0.000000000 -0.000000000  0.000000500  0.000000000 -0.000000000  0.000000000 |          0.0 |  0.000000000  0.000000000, -0.000000500 -0.000000000
CONST: 014 | 36 3.5e-05 -0.00012 0.0002875 0 -1e-06 0

ABS:   015 |  0.000035000 -0.000120000  0.000286500  0.000000000 -0.000001000  0.000000000 |         23.3 | -0.000005181  0.000053065, -0.000039800  0.000535863
DIFF:  015 |  0.000000000  0.000000000 -0.000001000  0.000000000  0.000000000  0.000000000 |         -0.0 | -0.000000000 -0.000000000,  0.000001000  0.000000000
MOVE:  015 | -0.000000000 -0.000000000 -0.000000500  0.000000000 -0.000000000  0.000000000 |         -0.0 | -0.000000000 -0.000000000,  0.000000500 -0.000000000
CONST: 015 | 36 3.5e-05 -0.00012 0.0002865 0 -1e-06 0

ABS:   016 |  0.000035000 -0.000120000  0.000287292  0.000000000 -0.000001000  0.000000000 |         23.3 | -0.000005181  0.000053065, -0.000040593  0.000535863
DIFF:  016 |  0.000000000  0.000000000  0.000000792  0.000000000  0.000000000  0.000000000 |          0.0 |  0.000000000  0.000000000, -0.000000792  0.000000000
MOVE:  016 | -0.000000000 -0.000000000  0.000000292  0.000000000 -0.000000000  0.000000000 |          0.0 |  0.000000000 -0.000000000, -0.000000292 -0.000000000
CONST: 016 | 36 3.5e-05 -0.00012 0.000287292 0 -1e-06 0

ABS:   017 |  0.000035000 -0.000120000  0.000286708  0.000000000 -0.000001000  0.000000000 |         23.3 | -0.000005181  0.000053065, -0.000040008  0.000535863
DIFF:  017 |  0.000000000  0.000000000 -0.000000584  0.000000000  0.000000000  0.000000000 |         -0.0 | -0.000000000  0.000000000,  0.000000584 -0.000000000
MOVE:  017 | -0.000000000 -0.000000000 -0.000000292  0.000000000 -0.000000000  0.000000000 |         -0.0 | -0.000000000 -0.000000000,  0.000000292 -0.000000000
CONST: 017 | 36 3.5e-05 -0.00012 0.000286708 0 -1e-06 0

ABS:   018 |  0.000035000 -0.000120000  0.000287000  0.000004000 -0.000001000  0.000000000 |         23.3 | -0.000005176  0.000053060, -0.000040673  0.000535870
DIFF:  018 |  0.000000000  0.000000000  0.000000292  0.000004000  0.000000000  0.000000000 |          0.0 |  0.000000005 -0.000000006, -0.000000665  0.000000006
MOVE:  018 | -0.000000000 -0.000000000  0.000000000  0.000004000 -0.000000000  0.000000000 |          0.0 |  0.000000005 -0.000000006, -0.000000373  0.000000006
CONST: 018 | 36 3.5e-05 -0.00012 0.000287 4.00004e-06 -1e-06 0

ABS:   019 |  0.000035000 -0.000120000  0.000287000 -0.000004000 -0.000001000  0.000000000 |         23.3 | -0.000005185  0.000053071, -0.000039928  0.000535857
DIFF:  019 |  0.000000000  0.000000000  0.000000000 -0.000008000  0.000000000  0.000000000 |         -0.0 | -0.000000009  0.000000011,  0.000000745 -0.000000013
MOVE:  019 | -0.000000000 -0.000000000  0.000000000 -0.000004000 -0.000000000  0.000000000 |         -0.0 | -0.000000005  0.000000006,  0.000000373 -0.000000006
CONST: 019 | 36 3.5e-05 -0.00012 0.000287 -4.00004e-06 -1e-06 0

ABS:   020 |  0.000035000 -0.000120000  0.000287000  0.000002654 -0.000001000  0.000000000 |         23.3 | -0.000005178  0.000053061, -0.000040548  0.000535867
DIFF:  020 |  0.000000000  0.000000000  0.000000000  0.000006654  0.000000000  0.000000000 |          0.0 |  0.000000008 -0.000000009, -0.000000620  0.000000011
MOVE:  020 | -0.000000000 -0.000000000  0.000000000  0.000002654 -0.000000000  0.000000000 |          0.0 |  0.000000003 -0.000000004, -0.000000247  0.000000004
CONST: 020 | 36 3.5e-05 -0.00012 0.000287 2.65413e-06 -1e-06 0

ABS:   021 |  0.000035000 -0.000120000  0.000287000 -0.000002654 -0.000001000  0.000000000 |         23.3 | -0.000005184  0.000053069, -0.000040053  0.000535859
DIFF:  021 |  0.000000000  0.000000000  0.000000000 -0.000005308  0.000000000  0.000000000 |         -0.0 | -0.000000006  0.000000007,  0.000000495 -0.000000008
MOVE:  021 | -0.000000000 -0.000000000  0.000000000 -0.000002654 -0.000000000  0.000000000 |         -0.0 | -0.000000003  0.000000004,  0.000000247 -0.000000004
CONST: 021 | 36 3.5e-05 -0.00012 0.000287 -2.65413e-06 -1e-06 0

ABS:   022 |  0.000035000 -0.000120000  0.000287000  0.000000000  0.000009001  0.000000000 |         23.3 | -0.000005079  0.000052882, -0.000040256  0.000535866
DIFF:  022 |  0.000000000  0.000000000  0.000000000  0.000002654  0.000010001  0.000000000 |         -0.0 |  0.000000105 -0.000000187, -0.000000203  0.000000008
MOVE:  022 | -0.000000000 -0.000000000  0.000000000  0.000000000  0.000010001  0.000000000 |         -0.0 |  0.000000102 -0.000000183,  0.000000044  0.000000003
CONST: 022 | 36 3.5e-05 -0.00012 0.000287 0 9.00067e-06 0

ABS:   023 |  0.000035000 -0.000120000  0.000287000  0.000000000 -0.000011001  0.000000000 |         23.4 | -0.000004951  0.000053391, -0.000040345  0.000535860
DIFF:  023 |  0.000000000  0.000000000  0.000000000  0.000000000 -0.000020001  0.000000000 |          0.1 |  0.000000128  0.000000509, -0.000000088 -0.000000007
MOVE:  023 | -0.000000000 -0.000000000  0.000000000  0.000000000 -0.000010001  0.000000000 |          0.0 |  0.000000230  0.000000326, -0.000000044 -0.000000003
CONST: 023 | 36 3.5e-05 -0.00012 0.000287 0 -1.10007e-05 0

ABS:   024 |  0.000035000 -0.000120000  0.000287000  0.000000000  0.000000000  0.000000000 |         23.3 | -0.000005136  0.000053089, -0.000040296  0.000535863
DIFF:  024 |  0.000000000  0.000000000  0.000000000  0.000000000  0.000011001  0.000000000 |         -0.0 | -0.000000185 -0.000000302,  0.000000049  0.000000004
MOVE:  024 | -0.000000000 -0.000000000  0.000000000  0.000000000  0.000001000  0.000000000 |          0.0 |  0.000000045  0.000000024,  0.000000004  0.000000000
CONST: 024 | 36 3.5e-05 -0.00012 0.000287 0 6.66786e-11 0

ABS:   025 |  0.000035000 -0.000120000  0.000287000  0.000000000 -0.000002000  0.000000000 |         23.3 | -0.000005117  0.000053052, -0.000040305  0.000535863
DIFF:  025 |  0.000000000  0.000000000  0.000000000  0.000000000 -0.000002000  0.000000000 |         -0.0 |  0.000000019 -0.000000037, -0.000000009 -0.000000001
MOVE:  025 | -0.000000000 -0.000000000  0.000000000  0.000000000 -0.000001000  0.000000000 |         -0.0 |  0.000000064 -0.000000013, -0.000000004 -0.000000000
CONST: 025 | 36 3.5e-05 -0.00012 0.000287 0 -2.00007e-06 0

ABS:   026 |  0.000035000 -0.000120000  0.000287000  0.000000000 -0.000001000  0.000002000 |         23.3 | -0.000005182  0.000053065, -0.000040297  0.000535863
DIFF:  026 |  0.000000000  0.000000000  0.000000000  0.000000000  0.000001000  0.000002000 |          0.0 | -0.000000066  0.000000014,  0.000000008  0.000000000
MOVE:  026 | -0.000000000 -0.000000000  0.000000000  0.000000000 -0.000000000  0.000002000 |          0.0 | -0.000000001  0.000000000,  0.000000004 -0.000000000
CONST: 026 | 36 3.5e-05 -0.00012 0.000287 0 -1e-06 2.00001e-06

ABS:   027 |  0.000035000 -0.000120000  0.000287000  0.000000000 -0.000001000 -0.000002000 |         23.3 | -0.000005179  0.000053065, -0.000040304  0.000535863
DIFF:  027 |  0.000000000  0.000000000  0.000000000  0.000000000  0.000000000 -0.000004000 |         -0.0 |  0.000000003 -0.000000000, -0.000000007  0.000000001
MOVE:  027 | -0.000000000 -0.000000000  0.000000000  0.000000000 -0.000000000 -0.000002000 |         -0.0 |  0.000000001 -0.000000000, -0.000000004  0.000000000
CONST: 027 | 36 3.5e-05 -0.00012 0.000287 0 -1e-06 -2.00001e-06

ABS:   028 |  0.000035000 -0.000120000  0.000287000  0.000000000 -0.000001000  0.000020000 |         23.3 | -0.000005194  0.000053067, -0.000040265  0.000535860
DIFF:  028 |  0.000000000  0.000000000  0.000000000  0.000000000  0.000000000  0.000022000 |          0.0 | -0.000000015  0.000000002,  0.000000039 -0.000000003
MOVE:  028 | -0.000000000 -0.000000000  0.000000000  0.000000000 -0.000000000  0.000020000 |          0.0 | -0.000000013  0.000000002,  0.000000035 -0.000000003
CONST: 028 | 36 3.5e-05 -0.00012 0.000287 0 -1e-06 2.00001e-05

ABS:   029 |  0.000035000 -0.000120000  0.000287000  0.000000000 -0.000001000 -0.000020000 |         23.3 | -0.000005167  0.000053063, -0.000040336  0.000535866
DIFF:  029 |  0.000000000  0.000000000  0.000000000  0.000000000  0.000000000 -0.000040000 |         -0.0 |  0.000000027 -0.000000004, -0.000000071  0.000000006
MOVE:  029 | -0.000000000 -0.000000000  0.000000000  0.000000000 -0.000000000 -0.000020000 |         -0.0 |  0.000000013 -0.000000002, -0.000000035  0.000000003
CONST: 029 | 36 3.5e-05 -0.00012 0.000287 0 -1e-06 -2.00001e-05

ABS:   030 |  0.000034933 -0.000120000  0.000287000  0.000000000 -0.000001000  0.000000000 |         23.3 | -0.000005195  0.000053021, -0.000040301  0.000535863
DIFF:  030 | -0.000000067  0.000000000  0.000000000  0.000000000  0.000000000  0.000020000 |         -0.0 | -0.000000028 -0.000000042,  0.000000035 -0.000000003
MOVE:  030 | -0.000000067 -0.000000000  0.000000000  0.000000000 -0.000000000  0.000000000 |         -0.0 | -0.000000015 -0.000000044, -0.000000000 -0.000000000
CONST: 030 | 36 3.49333e-05 -0.00012 0.000287 0 -1e-06 0

ABS:   031 |  0.000034666 -0.000120000  0.000287000  0.000000000 -0.000001000  0.000000000 |         23.3 | -0.000005240  0.000053141, -0.000040301  0.000535863
DIFF:  031 | -0.000000267  0.000000000  0.000000000  0.000000000  0.000000000  0.000000000 |          0.0 | -0.000000044  0.000000121, -0.000000000  0.000000000
MOVE:  031 | -0.000000334 -0.000000000  0.000000000  0.000000000 -0.000000000  0.000000000 |          0.0 | -0.000000059  0.000000076, -0.000000000 -0.000000000
CONST: 031 | 36 3.46664e-05 -0.00012 0.000287 0 -1e-06 0

ABS:   032 |  0.000034867 -0.000120000  0.000287000  0.000000000 -0.000001000  0.000000000 |         23.3 | -0.000005148  0.000053131, -0.000040301  0.000535863
DIFF:  032 |  0.000000201  0.000000000  0.000000000  0.000000000  0.000000000  0.000000000 |         -0.0 |  0.000000092 -0.000000011,  0.000000000  0.000000000
MOVE:  032 | -0.000000133 -0.000000000  0.000000000  0.000000000 -0.000000000  0.000000000 |          0.0 |  0.000000033  0.000000066, -0.000000000  0.000000000
CONST: 032 | 36 3.48672e-05 -0.00012 0.000287 0 -1e-06 0

ABS:   033 |  0.000034947 -0.000120000  0.000287000  0.000000000 -0.000001000  0.000000000 |         23.3 | -0.000005182  0.000053021, -0.000040301  0.000535863
DIFF:  033 |  0.000000080  0.000000000  0.000000000  0.000000000  0.000000000  0.000000000 |         -0.0 | -0.000000034 -0.000000110,  0.000000000 -0.000000000
MOVE:  033 | -0.000000053 -0.000000000  0.000000000  0.000000000 -0.000000000  0.000000000 |         -0.0 | -0.000000001 -0.000000044, -0.000000000 -0.000000000
CONST: 033 | 36 3.4947e-05 -0.00012 0.000287 0 -1e-06 0

ABS:   034 |  0.000034943 -0.000120000  0.000287000  0.000000000 -0.000001000  0.000000000 |         23.3 | -0.000005186  0.000053021, -0.000040301  0.000535863
DIFF:  034 | -0.000000004  0.000000000  0.000000000  0.000000000  0.000000000  0.000000000 |          0.0 | -0.000000004  0.000000000, -0.000000000 -0.000000000
MOVE:  034 | -0.000000057 -0.000000000  0.000000000  0.000000000 -0.000000000  0.000000000 |         -0.0 | -0.000000005 -0.000000044, -0.000000000 -0.000000000
CONST: 034 | 36 3.49429e-05 -0.00012 0.000287 0 -1e-06 0

ABS:   035 |  0.000035281 -0.000120000  0.000287000  0.000000000 -0.000001000  0.000000000 |         23.3 | -0.000004900  0.000053065, -0.000040301  0.000535863
DIFF:  035 |  0.000000338  0.000000000  0.000000000  0.000000000  0.000000000  0.000000000 |          0.0 |  0.000000286  0.000000044,  0.000000000  0.000000000
MOVE:  035 |  0.000000281 -0.000000000  0.000000000  0.000000000 -0.000000000  0.000000000 |         -0.0 |  0.000000281  0.000000000,  0.000000000 -0.000000000
CONST: 035 | 36 3.52806e-05 -0.00012 0.000287 0 -1e-06 0

ABS:   036 |  0.000035114 -0.000120000  0.000287000  0.000000000 -0.000001000  0.000000000 |         23.3 | -0.000005067  0.000053065, -0.000040301  0.000535863
DIFF:  036 | -0.000000167  0.000000000  0.000000000  0.000000000  0.000000000  0.000000000 |          0.0 | -0.000000167 -0.000000000, -0.000000000  0.000000000
MOVE:  036 |  0.000000114 -0.000000000  0.000000000  0.000000000 -0.000000000  0.000000000 |         -0.0 |  0.000000114 -0.000000000,  0.000000000 -0.000000000
CONST: 036 | 36 3.51138e-05 -0.00012 0.000287 0 -1e-06 0

ABS:   037 |  0.000035030 -0.000120000  0.000287000  0.000000000 -0.000001000  0.000000000 |         23.3 | -0.000005150  0.000053065, -0.000040301  0.000535863
DIFF:  037 | -0.000000083  0.000000000  0.000000000  0.000000000  0.000000000  0.000000000 |          0.0 | -0.000000083  0.000000000, -0.000000000 -0.000000000
MOVE:  037 |  0.000000030 -0.000000000  0.000000000  0.000000000 -0.000000000  0.000000000 |         -0.0 |  0.000000030  0.000000000,  0.000000000 -0.000000000
CONST: 037 | 36 3.50304e-05 -0.00012 0.000287 0 -1e-06 0

ABS:   038 |  0.000034989 -0.000120000  0.000287000  0.000000000 -0.000001000  0.000000000 |         23.3 | -0.000005192  0.000053065, -0.000040301  0.000535863
DIFF:  038 | -0.000000042  0.000000000  0.000000000  0.000000000  0.000000000  0.000000000 |          0.0 | -0.000000042 -0.000000000, -0.000000000  0.000000000
MOVE:  038 | -0.000000011 -0.000000000  0.000000000  0.000000000 -0.000000000  0.000000000 |          0.0 | -0.000000011  0.000000000, -0.000000000  0.000000000
CONST: 038 | 36 3.49887e-05 -0.00012 0.000287 0 -1e-06 0

ABS:   039 |  0.000034968 -0.000120000  0.000287000  0.000000000 -0.000001000  0.000000000 |         23.3 | -0.000005213  0.000053065, -0.000040301  0.000535863
DIFF:  039 | -0.000000021  0.000000000  0.000000000  0.000000000  0.000000000  0.000000000 |          0.0 | -0.000000021 -0.000000000, -0.000000000 -0.000000000
MOVE:  039 | -0.000000032 -0.000000000  0.000000000  0.000000000 -0.000000000  0.000000000 |          0.0 | -0.000000032  0.000000000, -0.000000000 -0.000000000
CONST: 039 | 36 3.49678e-05 -0.00012 0.000287 0 -1e-06 0

ABS:   040 |  0.000034957 -0.000120000  0.000287000  0.000000000 -0.000001000  0.000000000 |         23.3 | -0.000005223  0.000053065, -0.000040301  0.000535863
DIFF:  040 | -0.000000010  0.000000000  0.000000000  0.000000000  0.000000000  0.000000000 |          0.0 | -0.000000010 -0.000000000, -0.000000000  0.000000000
MOVE:  040 | -0.000000043 -0.000000000  0.000000000  0.000000000 -0.000000000  0.000000000 |          0.0 | -0.000000043 -0.000000000, -0.000000000 -0.000000000
CONST: 040 | 36 3.49574e-05 -0.00012 0.000287 0 -1e-06 0

ABS:   041 |  0.000034954 -0.000120000  0.000287000  0.000000000 -0.000001000  0.000000000 |         23.3 | -0.000005227  0.000053065, -0.000040301  0.000535863
DIFF:  041 | -0.000000004  0.000000000  0.000000000  0.000000000  0.000000000  0.000000000 |          0.0 | -0.000000004  0.000000000, -0.000000000 -0.000000000
MOVE:  041 | -0.000000046 -0.000000000  0.000000000  0.000000000 -0.000000000  0.000000000 |          0.0 | -0.000000046  0.000000000, -0.000000000 -0.000000000
CONST: 041 | 36 3.49537e-05 -0.00012 0.000287 0 -1e-06 0

ABS:   042 |  0.000034940 -0.000120000  0.000287000  0.000000000 -0.000001000  0.000000000 |         23.3 | -0.000005188  0.000053021, -0.000040301  0.000535863
DIFF:  042 | -0.000000013  0.000000000  0.000000000  0.000000000  0.000000000  0.000000000 |         -0.0 |  0.000000039 -0.000000044, -0.000000000 -0.000000000
MOVE:  042 | -0.000000060 -0.000000000  0.000000000  0.000000000 -0.000000000  0.000000000 |         -0.0 | -0.000000008 -0.000000044, -0.000000000 -0.000000000
CONST: 042 | 36 3.49403e-05 -0.00012 0.000287 0 -1e-06 0

ABS:   043 |  0.000034948 -0.000120000  0.000287000  0.000000000 -0.000001000  0.000000000 |         23.3 | -0.000005181  0.000053021, -0.000040301  0.000535863
DIFF:  043 |  0.000000007  0.000000000  0.000000000  0.000000000  0.000000000  0.000000000 |         -0.0 |  0.000000007 -0.000000000,  0.000000000 -0.000000000
MOVE:  043 | -0.000000052 -0.000000000  0.000000000  0.000000000 -0.000000000  0.000000000 |         -0.0 | -0.000000000 -0.000000044, -0.000000000 -0.000000000
CONST: 043 | 36 3.49477e-05 -0.00012 0.000287 0 -1e-06 0

ABS:   044 |  0.000034946 -0.000120000  0.000287000  0.000000000 -0.000001000  0.000000000 |         23.3 | -0.000005182  0.000053021, -0.000040301  0.000535863
DIFF:  044 | -0.000000001  0.000000000  0.000000000  0.000000000  0.000000000  0.000000000 |          0.0 | -0.000000001  0.000000000, -0.000000000  0.000000000
MOVE:  044 | -0.000000054 -0.000000000  0.000000000  0.000000000 -0.000000000  0.000000000 |         -0.0 | -0.000000002 -0.000000044, -0.000000000 -0.000000000
CONST: 044 | 36 3.49463e-05 -0.00012 0.000287 0 -1e-06 0

ABS:   045 |  0.000034954 -0.000120000  0.000287000  0.000000000 -0.000001000  0.000000000 |         23.3 | -0.000005227  0.000053065, -0.000040301  0.000535863
DIFF:  045 |  0.000000007  0.000000000  0.000000000  0.000000000  0.000000000  0.000000000 |          0.0 | -0.000000045  0.000000044,  0.000000000  0.000000000
MOVE:  045 | -0.000000046 -0.000000000  0.000000000  0.000000000 -0.000000000  0.000000000 |          0.0 | -0.000000046  0.000000000, -0.000000000 -0.000000000
CONST: 045 | 36 3.49537e-05 -0.00012 0.000287 0 -1e-06 0

ABS:   046 |  0.000034940 -0.000120000  0.000287000  0.000000000 -0.000001000  0.000000000 |         23.3 | -0.000005188  0.000053021, -0.000040301  0.000535863
DIFF:  046 | -0.000000013  0.000000000  0.000000000  0.000000000  0.000000000  0.000000000 |         -0.0 |  0.000000039 -0.000000044, -0.000000000 -0.000000000
MOVE:  046 | -0.000000060 -0.000000000  0.000000000  0.000000000 -0.000000000  0.000000000 |         -0.0 | -0.000000008 -0.000000044, -0.000000000 -0.000000000
CONST: 046 | 36 3.49403e-05 -0.00012 0.000287 0 -1e-06 0

ABS:   047 |  0.000034947 -0.000119715  0.000287000  0.000000000 -0.000001000  0.000000000 |         23.3 | -0.000005140  0.000053078, -0.000040336  0.000535865
DIFF:  047 |  0.000000007  0.000000285  0.000000000  0.000000000  0.000000000  0.000000000 |          0.0 |  0.000000048  0.000000057, -0.000000036  0.000000002
MOVE:  047 | -0.000000053  0.000000285  0.000000000  0.000000000 -0.000000000  0.000000000 |          0.0 |  0.000000041  0.000000013, -0.000000036  0.000000002
CONST: 047 | 36 3.4947e-05 -0.000119715 0.000287 0 -1e-06 0

ABS:   048 |  0.000034947 -0.000120285  0.000287000  0.000000000 -0.000001000  0.000000000 |         23.3 | -0.000005219  0.000053063, -0.000040265  0.000535862
DIFF:  048 |  0.000000000 -0.000000571  0.000000000  0.000000000  0.000000000  0.000000000 |         -0.0 | -0.000000079 -0.000000015,  0.000000071 -0.000000003
MOVE:  048 | -0.000000053 -0.000000285  0.000000000  0.000000000 -0.000000000  0.000000000 |         -0.0 | -0.000000038 -0.000000002,  0.000000036 -0.000000001
CONST: 048 | 36 3.4947e-05 -0.000120285 0.000287 0 -1e-06 0

ABS:   049 |  0.000034947 -0.000120000  0.000287292  0.000000000 -0.000001000  0.000000000 |         23.3 | -0.000005182  0.000053021, -0.000040593  0.000535863
DIFF:  049 |  0.000000000  0.000000285  0.000000292  0.000000000  0.000000000  0.000000000 |         -0.0 |  0.000000037 -0.000000042, -0.000000328  0.000000001
MOVE:  049 | -0.000000053 -0.000000000  0.000000292  0.000000000 -0.000000000  0.000000000 |         -0.0 | -0.000000001 -0.000000044, -0.000000292 -0.000000000
CONST: 049 | 36 3.4947e-05 -0.00012 0.000287292 0 -1e-06 0

ABS:   050 |  0.000034947 -0.000120000  0.000286708  0.000000000 -0.000001000  0.000000000 |         23.3 | -0.000005182  0.000053021, -0.000040008  0.000535863
DIFF:  050 |  0.000000000  0.000000000 -0.000000584  0.000000000  0.000000000  0.000000000 |         -0.0 | -0.000000000 -0.000000000,  0.000000584  0.000000000
MOVE:  050 | -0.000000053 -0.000000000 -0.000000292  0.000000000 -0.000000000  0.000000000 |         -0.0 | -0.000000001 -0.000000044,  0.000000292 -0.000000000
CONST: 050 | 36 3.4947e-05 -0.00012 0.000286708 0 -1e-06 0

ABS:   051 |  0.000034947 -0.000120000  0.000287000  0.000002654 -0.000001000  0.000000000 |         23.3 | -0.000005231  0.000053061, -0.000040548  0.000535867
DIFF:  051 |  0.000000000  0.000000000  0.000000292  0.000002654  0.000000000  0.000000000 |          0.0 | -0.000000049  0.000000041, -0.000000539  0.000000004
MOVE:  051 | -0.000000053 -0.000000000  0.000000000  0.000002654 -0.000000000  0.000000000 |          0.0 | -0.000000050 -0.000000004, -0.000000247  0.000000004
CONST: 051 | 36 3.4947e-05 -0.00012 0.000287 2.65371e-06 -1e-06 0

ABS:   052 |  0.000034947 -0.000120000  0.000287000 -0.000002654 -0.000001000  0.000000000 |         23.3 | -0.000005185  0.000053024, -0.000040053  0.000535859
DIFF:  052 |  0.000000000  0.000000000  0.000000000 -0.000005307  0.000000000  0.000000000 |         -0.0 |  0.000000046 -0.000000037,  0.000000495 -0.000000008
MOVE:  052 | -0.000000053 -0.000000000  0.000000000 -0.000002654 -0.000000000  0.000000000 |         -0.0 | -0.000000004 -0.000000041,  0.000000247 -0.000000004
CONST: 052 | 36 3.4947e-05 -0.00012 0.000287 -2.65371e-06 -1e-06 0

ABS:   053 |  0.000034947 -0.000120000  0.000287000  0.000000265 -0.000001000  0.000000000 |         23.3 | -0.000005181  0.000053020, -0.000040325  0.000535864
DIFF:  053 |  0.000000000  0.000000000  0.000000000  0.000002919  0.000000000  0.000000000 |          0.0 |  0.000000003 -0.000000004, -0.000000272  0.000000005
MOVE:  053 | -0.000000053 -0.000000000  0.000000000  0.000000265 -0.000000000  0.000000000 |         -0.0 | -0.000000001 -0.000000045, -0.000000025  0.000000000
CONST: 053 | 36 3.4947e-05 -0.00012 0.000287 2.65371e-07 -1e-06 0

ABS:   054 |  0.000034947 -0.000120000  0.000287000 -0.000000265 -0.000001000  0.000000000 |         23.3 | -0.000005182  0.000053021, -0.000040276  0.000535863
DIFF:  054 |  0.000000000  0.000000000  0.000000000 -0.000000531  0.000000000  0.000000000 |         -0.0 | -0.000000001  0.000000001,  0.000000049 -0.000000001
MOVE:  054 | -0.000000053 -0.000000000  0.000000000 -0.000000265 -0.000000000  0.000000000 |         -0.0 | -0.000000001 -0.000000044,  0.000000025 -0.000000000
CONST: 054 | 36 3.4947e-05 -0.00012 0.000287 -2.65371e-07 -1e-06 0

ABS:   055 |  0.000034947 -0.000120000  0.000287000  0.000002654 -0.000001000  0.000000000 |         23.3 | -0.000005231  0.000053061, -0.000040548  0.000535867
DIFF:  055 |  0.000000000  0.000000000  0.000000000  0.000002919  0.000000000  0.000000000 |          0.0 | -0.000000049  0.000000040, -0.000000272  0.000000005
MOVE:  055 | -0.000000053 -0.000000000  0.000000000  0.000002654 -0.000000000  0.000000000 |          0.0 | -0.000000050 -0.000000004, -0.000000247  0.000000004
CONST: 055 | 36 3.4947e-05 -0.00012 0.000287 2.65371e-06 -1e-06 0

ABS:   056 |  0.000034947 -0.000120000  0.000287000 -0.000002654 -0.000001000  0.000000000 |         23.3 | -0.000005185  0.000053024, -0.000040053  0.000535859
DIFF:  056 |  0.000000000  0.000000000  0.000000000 -0.000005307  0.000000000  0.000000000 |         -0.0 |  0.000000046 -0.000000037,  0.000000495 -0.000000008
MOVE:  056 | -0.000000053 -0.000000000  0.000000000 -0.000002654 -0.000000000  0.000000000 |         -0.0 | -0.000000004 -0.000000041,  0.000000247 -0.000000004
CONST: 056 | 36 3.4947e-05 -0.00012 0.000287 -2.65371e-06 -1e-06 0

ABS:   057 |  0.000034947 -0.000120000  0.000287000  0.000000000 -0.000000158  0.000000000 |         23.3 | -0.000005130  0.000053149, -0.000040297  0.000535863
DIFF:  057 |  0.000000000  0.000000000  0.000000000  0.000002654  0.000000842  0.000000000 |          0.0 |  0.000000054  0.000000124, -0.000000244  0.000000005
MOVE:  057 | -0.000000053 -0.000000000  0.000000000  0.000000000  0.000000842  0.000000000 |          0.0 |  0.000000050  0.000000084,  0.000000004  0.000000000
CONST: 057 | 36 3.4947e-05 -0.00012 0.000287 0 -1.58461e-07 0

ABS:   058 |  0.000034947 -0.000120000  0.000287000  0.000000000 -0.000001842  0.000000000 |         23.3 | -0.000005171  0.000053047, -0.000040304  0.000535863
DIFF:  058 |  0.000000000  0.000000000  0.000000000  0.000000000 -0.000001683  0.000000000 |         -0.0 | -0.000000041 -0.000000102, -0.000000007 -0.000000001
MOVE:  058 | -0.000000053 -0.000000000  0.000000000  0.000000000 -0.000000842  0.000000000 |         -0.0 |  0.000000009 -0.000000018, -0.000000004 -0.000000000
CONST: 058 | 36 3.4947e-05 -0.00012 0.000287 0 -1.84154e-06 0

ABS:   059 |  0.000034947 -0.000120000  0.000287000  0.000000000 -0.000000916  0.000000000 |         23.3 | -0.000005235  0.000053063, -0.000040300  0.000535863
DIFF:  059 |  0.000000000  0.000000000  0.000000000  0.000000000  0.000000926  0.000000000 |          0.0 | -0.000000063  0.000000016,  0.000000004  0.000000000
MOVE:  059 | -0.000000053 -0.000000000  0.000000000  0.000000000  0.000000084  0.000000000 |          0.0 | -0.000000054 -0.000000003,  0.000000000  0.000000000
CONST: 059 | 36 3.4947e-05 -0.00012 0.000287 0 -9.15846e-07 0

ABS:   060 |  0.000034947 -0.000120000  0.000287000  0.000000000 -0.000001084  0.000000000 |         23.3 | -0.000005181  0.000053023, -0.000040301  0.000535863
DIFF:  060 |  0.000000000  0.000000000  0.000000000  0.000000000 -0.000000168  0.000000000 |         -0.0 |  0.000000054 -0.000000039, -0.000000001 -0.000000000
MOVE:  060 | -0.000000053 -0.000000000  0.000000000  0.000000000 -0.000000084  0.000000000 |         -0.0 |  0.000000000 -0.000000042, -0.000000000 -0.000000000
CONST: 060 | 36 3.4947e-05 -0.00012 0.000287 0 -1.08415e-06 0

ABS:   061 |  0.000034947 -0.000120000  0.000287000  0.000000000 -0.000000992  0.000000000 |         23.3 | -0.000005182  0.000053020, -0.000040301  0.000535863
DIFF:  061 |  0.000000000  0.000000000  0.000000000  0.000000000  0.000000093  0.000000000 |         -0.0 | -0.000000001 -0.000000003,  0.000000000  0.000000000
MOVE:  061 | -0.000000053 -0.000000000  0.000000000  0.000000000  0.000000008  0.000000000 |         -0.0 | -0.000000001 -0.000000045,  0.000000000  0.000000000
CONST: 061 | 36 3.4947e-05 -0.00012 0.000287 0 -9.91585e-07 0

ABS:   062 |  0.000034947 -0.000120000  0.000287000  0.000000000 -0.000001008  0.000000000 |         23.3 | -0.000005182  0.000053021, -0.000040301  0.000535863
DIFF:  062 |  0.000000000  0.000000000  0.000000000  0.000000000 -0.000000017  0.000000000 |          0.0 |  0.000000000  0.000000001, -0.000000000 -0.000000000
MOVE:  062 | -0.000000053 -0.000000000  0.000000000  0.000000000 -0.000000008  0.000000000 |         -0.0 | -0.000000001 -0.000000044, -0.000000000 -0.000000000
CONST: 062 | 36 3.4947e-05 -0.00012 0.000287 0 -1.00842e-06 0

ABS:   063 |  0.000034947 -0.000120000  0.000287000  0.000000000 -0.000001000  0.000034192 |         23.3 | -0.000005148  0.000053080, -0.000040240  0.000535858
DIFF:  063 |  0.000000000  0.000000000  0.000000000  0.000000000  0.000000008  0.000034192 |          0.0 |  0.000000034  0.000000059,  0.000000061 -0.000000005
MOVE:  063 | -0.000000053 -0.000000000  0.000000000  0.000000000 -0.000000000  0.000034192 |          0.0 |  0.000000033  0.000000014,  0.000000061 -0.000000005
CONST: 063 | 36 3.4947e-05 -0.00012 0.000287 0 -1e-06 3.41924e-05

ABS:   064 |  0.000034947 -0.000120000  0.000287000  0.000000000 -0.000001000 -0.000034192 |         23.3 | -0.000005211  0.000053061, -0.000040361  0.000535868
DIFF:  064 |  0.000000000  0.000000000  0.000000000  0.000000000  0.000000000 -0.000068385 |         -0.0 | -0.000000063 -0.000000018, -0.000000121  0.000000010
MOVE:  064 | -0.000000053 -0.000000000  0.000000000  0.000000000 -0.000000000 -0.000034192 |          0.0 | -0.000000030 -0.000000004, -0.000000061  0.000000005
CONST: 064 | 36 3.4947e-05 -0.00012 0.000287 0 -1e-06 -3.41924e-05

ABS:   065 |  0.000034944 -0.000120014  0.000246700 -0.000001673  0.000159123 -0.000000273 |         22.9 | -0.000006802  0.000051275, -0.000021081  0.000533939
DIFF:  065 | -0.000000003 -0.000000014 -0.000040300 -0.000001673  0.000160123  0.000033919 |         -0.4 | -0.000001591 -0.000001786,  0.000019280 -0.000001929
MOVE:  065 | -0.000000056 -0.000000014 -0.000040300 -0.000001673  0.000160123 -0.000000273 |         -0.4 | -0.000001621 -0.000001790,  0.000019219 -0.000001924
CONST: 065 | 36 3.49437e-05 -0.000120014 0.0002467 -1.67259e-06 0.000159123 -2.73241e-07

ABS:   066 |  0.000034944 -0.000120013  0.000249781 -0.000001545  0.000146879 -0.000000252 |         22.9 | -0.000006776  0.000051377, -0.000021356  0.000533597
DIFF:  066 |  0.000000000  0.000000001  0.000003081  0.000000128 -0.000012243  0.000000021 |         -0.0 |  0.000000025  0.000000101, -0.000000275 -0.000000342
MOVE:  066 | -0.000000056 -0.000000013 -0.000037219 -0.000001545  0.000147879 -0.000000252 |         -0.4 | -0.000001596 -0.000001688,  0.000018944 -0.000002266
CONST: 066 | 36 3.4944e-05 -0.000120013 0.000249781 -1.5447e-06 0.000146879 -2.52348e-07

ABS:   067 |  0.000034944 -0.000120011  0.000255718 -0.000001298  0.000123292 -0.000000212 |         22.9 | -0.000006310  0.000051488, -0.000024545  0.000533252
DIFF:  067 |  0.000000000  0.000000002  0.000005937  0.000000246 -0.000023587  0.000000040 |         -0.0 |  0.000000466  0.000000111, -0.000003188 -0.000000345
MOVE:  067 | -0.000000056 -0.000000011 -0.000031282 -0.000001298  0.000124292 -0.000000212 |         -0.5 | -0.000001130 -0.000001577,  0.000015756 -0.000002611
CONST: 067 | 36 3.49444e-05 -0.000120011 0.000255718 -1.29831e-06 0.000123292 -2.12098e-07

ABS:   068 |  0.000034945 -0.000120009  0.000259783 -0.000001130  0.000107139 -0.000000185 |         22.9 | -0.000006029  0.000051542, -0.000024644  0.000533885
DIFF:  068 |  0.000000000  0.000000001  0.000004066  0.000000169 -0.000016154  0.000000028 |          0.1 |  0.000000282  0.000000054, -0.000000099  0.000000632
MOVE:  068 | -0.000000055 -0.000000009 -0.000027217 -0.000001130  0.000108139 -0.000000185 |         -0.4 | -0.000000848 -0.000001523,  0.000015656 -0.000001978
CONST: 068 | 36 3.49448e-05 -0.000120009 0.000259783 -1.12958e-06 0.000107139 -1.84532e-07

ABS:   069 |  0.000034945 -0.000120010  0.000257750 -0.000001214  0.000115215 -0.000000198 |         22.9 | -0.000006065  0.000051472, -0.000023722  0.000533836
DIFF:  069 | -0.000000000 -0.000000001 -0.000002033 -0.000000084  0.000008077 -0.000000014 |         -0.0 | -0.000000036 -0.000000071,  0.000000922 -0.000000049
MOVE:  069 | -0.000000055 -0.000000010 -0.000029250 -0.000001214  0.000116215 -0.000000198 |         -0.4 | -0.000000884 -0.000001594,  0.000016578 -0.000002027
CONST: 069 | 36 3.49446e-05 -0.00012001 0.00025775 -1.21394e-06 0.000115215 -1.98315e-07

ABS:   070 |  0.000034944 -0.000120011  0.000253459 -0.000001392  0.000132266 -0.000000227 |         22.8 | -0.000006411  0.000051367, -0.000023393  0.000533205
DIFF:  070 | -0.000000000 -0.000000001 -0.000004291 -0.000000178  0.000017051 -0.000000029 |         -0.1 | -0.000000346 -0.000000104,  0.000000330 -0.000000631
MOVE:  070 | -0.000000056 -0.000000011 -0.000033541 -0.000001392  0.000133266 -0.000000227 |         -0.5 | -0.000001230 -0.000001698,  0.000016908 -0.000002658
CONST: 070 | 36 3.49443e-05 -0.000120011 0.000253459 -1.39205e-06 0.000132266 -2.27411e-07

ABS:   071 |  0.000034945 -0.000120011  0.000253459 -0.000001392  0.000132266 -0.000000227 |         22.8 | -0.000006411  0.000051367, -0.000023393  0.000533205
DIFF:  071 |  0.000000001  0.000000000  0.000000000  0.000000000  0.000000000  0.000000000 |         -0.0 |  0.000000001  0.000000000, -0.000000000  0.000000000
MOVE:  071 | -0.000000055 -0.000000011 -0.000033541 -0.000001392  0.000133266 -0.000000227 |         -0.5 | -0.000001230 -0.000001698,  0.000016908 -0.000002658
CONST: 071 | 36 3.49449e-05 -0.000120011 0.000253459 -1.39205e-06 0.000132266 -2.27411e-07

ABS:   072 |  0.000034944 -0.000120011  0.000253459 -0.000001392  0.000132266 -0.000000227 |         22.8 | -0.000006412  0.000051367, -0.000023393  0.000533205
DIFF:  072 | -0.000000001  0.000000000  0.000000000  0.000000000  0.000000000  0.000000000 |          0.0 | -0.000000001  0.000000000,  0.000000000 -0.000000000
MOVE:  072 | -0.000000056 -0.000000011 -0.000033541 -0.000001392  0.000133266 -0.000000227 |         -0.5 | -0.000001231 -0.000001698,  0.000016908 -0.000002658
CONST: 072 | 36 3.49436e-05 -0.000120011 0.000253459 -1.39205e-06 0.000132266 -2.27411e-07

ABS:   073 |  0.000034951 -0.000120011  0.000253459 -0.000001392  0.000132266 -0.000000227 |         22.8 | -0.000006405  0.000051367, -0.000023393  0.000533205
DIFF:  073 |  0.000000007  0.000000000  0.000000000  0.000000000  0.000000000  0.000000000 |         -0.0 |  0.000000007  0.000000000, -0.000000000  0.000000000
MOVE:  073 | -0.000000049 -0.000000011 -0.000033541 -0.000001392  0.000133266 -0.000000227 |         -0.5 | -0.000001224 -0.000001698,  0.000016908 -0.000002658
CONST: 073 | 36 3.49509e-05 -0.000120011 0.000253459 -1.39205e-06 0.000132266 -2.27411e-07

ABS:   074 |  0.000034938 -0.000120011  0.000253459 -0.000001392  0.000132266 -0.000000227 |         22.8 | -0.000006418  0.000051367, -0.000023393  0.000533205
DIFF:  074 | -0.000000013  0.000000000  0.000000000  0.000000000  0.000000000  0.000000000 |          0.0 | -0.000000013 -0.000000000,  0.000000000 -0.000000000
MOVE:  074 | -0.000000062 -0.000000011 -0.000033541 -0.000001392  0.000133266 -0.000000227 |         -0.5 | -0.000001237 -0.000001698,  0.000016908 -0.000002658
CONST: 074 | 36 3.49376e-05 -0.000120011 0.000253459 -1.39205e-06 0.000132266 -2.27411e-07

ABS:   075 |  0.000034944 -0.000119983  0.000253459 -0.000001392  0.000132266 -0.000000227 |         22.8 | -0.000006413  0.000051367, -0.000023396  0.000533205
DIFF:  075 |  0.000000007  0.000000029  0.000000000  0.000000000  0.000000000  0.000000000 |         -0.0 |  0.000000005  0.000000000, -0.000000004  0.000000000
MOVE:  075 | -0.000000056  0.000000017 -0.000033541 -0.000001392  0.000133266 -0.000000227 |         -0.5 | -0.000001232 -0.000001698,  0.000016904 -0.000002658
CONST: 075 | 36 3.49443e-05 -0.000119983 0.000253459 -1.39205e-06 0.000132266 -2.27411e-07

ABS:   076 |  0.000034944 -0.000120040  0.000253459 -0.000001392  0.000132266 -0.000000227 |         22.8 | -0.000006410  0.000051367, -0.000023389  0.000533205
DIFF:  076 |  0.000000000 -0.000000057  0.000000000  0.000000000  0.000000000  0.000000000 |         -0.0 |  0.000000003 -0.000000000,  0.000000007 -0.000000000
MOVE:  076 | -0.000000056 -0.000000040 -0.000033541 -0.000001392  0.000133266 -0.000000227 |         -0.5 | -0.000001229 -0.000001698,  0.000016912 -0.000002658
CONST: 076 | 36 3.49443e-05 -0.00012004 0.000253459 -1.39205e-06 0.000132266 -2.27411e-07

ABS:   077 |  0.000034944 -0.000119729  0.000253459 -0.000001392  0.000132266 -0.000000227 |         22.8 | -0.000006426  0.000051369, -0.000023429  0.000533207
DIFF:  077 |  0.000000000  0.000000311  0.000000000  0.000000000  0.000000000  0.000000000 |          0.0 | -0.000000017  0.000000002, -0.000000040  0.000000002
MOVE:  077 | -0.000000056  0.000000271 -0.000033541 -0.000001392  0.000133266 -0.000000227 |         -0.5 | -0.000001245 -0.000001696,  0.000016872 -0.000002656
CONST: 077 | 36 3.49443e-05 -0.000119729 0.000253459 -1.39205e-06 0.000132266 -2.27411e-07

ABS:   078 |  0.000034944 -0.000120294  0.000253459 -0.000001392  0.000132266 -0.000000227 |         22.9 | -0.000006396  0.000051366, -0.000022767  0.000533684
DIFF:  078 |  0.000000000 -0.000000565  0.000000000  0.000000000  0.000000000  0.000000000 |          0.0 |  0.000000030 -0.000000003,  0.000000662  0.000000478
MOVE:  078 | -0.000000056 -0.000000294 -0.000033541 -0.000001392  0.000133266 -0.000000227 |         -0.4 | -0.000001215 -0.000001699,  0.000017534 -0.000002179
CONST: 078 | 36 3.49443e-05 -0.000120294 0.000253459 -1.39205e-06 0.000132266 -2.27411e-07

ABS:   079 |  0.000034944 -0.000119983  0.000253459 -0.000001392  0.000132266 -0.000000227 |         22.8 | -0.000006413  0.000051367, -0.000023396  0.000533205
DIFF:  079 |  0.000000000  0.000000311  0.000000000  0.000000000  0.000000000  0.000000000 |         -0.0 | -0.000000016  0.000000002, -0.000000629 -0.000000479
MOVE:  079 | -0.000000056  0.000000017 -0.000033541 -0.000001392  0.000133266 -0.000000227 |         -0.5 | -0.000001232 -0.000001698,  0.000016904 -0.000002658
CONST: 079 | 36 3.49443e-05 -0.000119983 0.000253459 -1.39205e-06 0.000132266 -2.27411e-07

ABS:   080 |  0.000034944 -0.000120040  0.000253459 -0.000001392  0.000132266 -0.000000227 |         22.8 | -0.000006410  0.000051367, -0.000023389  0.000533205
DIFF:  080 |  0.000000000 -0.000000057  0.000000000  0.000000000  0.000000000  0.000000000 |         -0.0 |  0.000000003 -0.000000000,  0.000000007 -0.000000000
MOVE:  080 | -0.000000056 -0.000000040 -0.000033541 -0.000001392  0.000133266 -0.000000227 |         -0.5 | -0.000001229 -0.000001698,  0.000016912 -0.000002658
CONST: 080 | 36 3.49443e-05 -0.00012004 0.000253459 -1.39205e-06 0.000132266 -2.27411e-07

ABS:   081 |  0.000034944 -0.000120011  0.000253748 -0.000001392  0.000132266 -0.000000227 |         22.9 | -0.000006411  0.000051367, -0.000023092  0.000533686
DIFF:  081 |  0.000000000  0.000000028  0.000000289  0.000000000  0.000000000  0.000000000 |          0.0 | -0.000000002  0.000000000,  0.000000297  0.000000481
MOVE:  081 | -0.000000056 -0.000000011 -0.000033252 -0.000001392  0.000133266 -0.000000227 |         -0.4 | -0.000001230 -0.000001698,  0.000017208 -0.000002177
CONST: 081 | 36 3.49443e-05 -0.000120011 0.000253748 -1.39205e-06 0.000132266 -2.27411e-07

ABS:   082 |  0.000034944 -0.000120011  0.000253170 -0.000001392  0.000132266 -0.000000227 |         22.8 | -0.000006411  0.000051367, -0.000023103  0.000533205
DIFF:  082 |  0.000000000  0.000000000 -0.000000578  0.000000000  0.000000000  0.000000000 |         -0.0 |  0.000000000  0.000000000, -0.000000011 -0.000000481
MOVE:  082 | -0.000000056 -0.000000011 -0.000033830 -0.000001392  0.000133266 -0.000000227 |         -0.5 | -0.000001230 -0.000001698,  0.000017197 -0.000002658
CONST: 082 | 36 3.49443e-05 -0.000120011 0.00025317 -1.39205e-06 0.000132266 -2.27411e-07

ABS:   083 |  0.000034944 -0.000120011  0.000253488 -0.000001392  0.000132266 -0.000000227 |         22.8 | -0.000006411  0.000051367, -0.000023422  0.000533205
DIFF:  083 |  0.000000000  0.000000000  0.000000318  0.000000000  0.000000000  0.000000000 |          0.0 | -0.000000000 -0.000000000, -0.000000318 -0.000000000
MOVE:  083 | -0.000000056 -0.000000011 -0.000033512 -0.000001392  0.000133266 -0.000000227 |         -0.5 | -0.000001230 -0.000001698,  0.000016879 -0.000002658
CONST: 083 | 36 3.49443e-05 -0.000120011 0.000253488 -1.39205e-06 0.000132266 -2.27411e-07

ABS:   084 |  0.000034944 -0.000120011  0.000253430 -0.000001392  0.000132266 -0.000000227 |         22.8 | -0.000006411  0.000051367, -0.000023364  0.000533205
DIFF:  084 |  0.000000000  0.000000000 -0.000000058  0.000000000  0.000000000  0.000000000 |         -0.0 |  0.000000000  0.000000000,  0.000000058  0.000000000
MOVE:  084 | -0.000000056 -0.000000011 -0.000033570 -0.000001392  0.000133266 -0.000000227 |         -0.5 | -0.000001230 -0.000001698,  0.000016937 -0.000002658
CONST: 084 | 36 3.49443e-05 -0.000120011 0.00025343 -1.39205e-06 0.000132266 -2.27411e-07

ABS:   085 |  0.000034944 -0.000120011  0.000253748 -0.000001392  0.000132266 -0.000000227 |         22.9 | -0.000006411  0.000051367, -0.000023092  0.000533686
DIFF:  085 |  0.000000000  0.000000000  0.000000318  0.000000000  0.000000000  0.000000000 |          0.0 | -0.000000000 -0.000000000,  0.000000271  0.000000481
MOVE:  085 | -0.000000056 -0.000000011 -0.000033252 -0.000001392  0.000133266 -0.000000227 |         -0.4 | -0.000001230 -0.000001698,  0.000017208 -0.000002177
CONST: 085 | 36 3.49443e-05 -0.000120011 0.000253748 -1.39205e-06 0.000132266 -2.27411e-07

ABS:   086 |  0.000034944 -0.000120011  0.000253170 -0.000001392  0.000132266 -0.000000227 |         22.8 | -0.000006411  0.000051367, -0.000023103  0.000533205
DIFF:  086 |  0.000000000  0.000000000 -0.000000578  0.000000000  0.000000000  0.000000000 |         -0.0 |  0.000000000  0.000000000, -0.000000011 -0.000000481
MOVE:  086 | -0.000000056 -0.000000011 -0.000033830 -0.000001392  0.000133266 -0.000000227 |         -0.5 | -0.000001230 -0.000001698,  0.000017197 -0.000002658
CONST: 086 | 36 3.49443e-05 -0.000120011 0.00025317 -1.39205e-06 0.000132266 -2.27411e-07

ABS:   087 |  0.000034944 -0.000120011  0.000253459 -0.000001127  0.000132266 -0.000000227 |         22.8 | -0.000006411  0.000051367, -0.000023417  0.000533206
DIFF:  087 |  0.000000000  0.000000000  0.000000289  0.000000265  0.000000000  0.000000000 |          0.0 |  0.000000000 -0.000000000, -0.000000314  0.000000000
MOVE:  087 | -0.000000056 -0.000000011 -0.000033541 -0.000001127  0.000133266 -0.000000227 |         -0.5 | -0.000001230 -0.000001698,  0.000016883 -0.000002657
CONST: 087 | 36 3.49443e-05 -0.000120011 0.000253459 -1.12668e-06 0.000132266 -2.27411e-07

ABS:   088 |  0.000034944 -0.000120011  0.000253459 -0.000001657  0.000132266 -0.000000227 |         22.8 | -0.000006412  0.000051367, -0.000023368  0.000533205
DIFF:  088 |  0.000000000  0.000000000  0.000000000 -0.000000531  0.000000000  0.000000000 |         -0.0 | -0.000000001  0.000000000,  0.000000050 -0.000000001
MOVE:  088 | -0.000000056 -0.000000011 -0.000033541 -0.000001657  0.000133266 -0.000000227 |         -0.5 | -0.000001231 -0.000001698,  0.000016933 -0.000002658
CONST: 088 | 36 3.49443e-05 -0.000120011 0.000253459 -1.65742e-06 0.000132266 -2.27411e-07

ABS:   089 |  0.000034944 -0.000120011  0.000253459  0.000001236  0.000132266 -0.000000227 |         22.8 | -0.000006408  0.000051366, -0.000023638  0.000533210
DIFF:  089 |  0.000000000  0.000000000  0.000000000  0.000002894  0.000000000  0.000000000 |          0.0 |  0.000000003 -0.000000001, -0.000000270  0.000000005
MOVE:  089 | -0.000000056 -0.000000011 -0.000033541  0.000001236  0.000133266 -0.000000227 |         -0.5 | -0.000001227 -0.000001699,  0.000016663 -0.000002653
CONST: 089 | 36 3.49443e-05 -0.000120011 0.000253459 1.23631e-06 0.000132266 -2.27411e-07

ABS:   090 |  0.000034944 -0.000120011  0.000253459 -0.000004020  0.000132266 -0.000000227 |         22.8 | -0.000006414  0.000051369, -0.000023147  0.000533201
DIFF:  090 |  0.000000000  0.000000000  0.000000000 -0.000005257  0.000000000  0.000000000 |         -0.0 | -0.000000006  0.000000003,  0.000000490 -0.000000009
MOVE:  090 | -0.000000056 -0.000000011 -0.000033541 -0.000004020  0.000133266 -0.000000227 |         -0.5 | -0.000001234 -0.000001696,  0.000017153 -0.000002663
CONST: 090 | 36 3.49443e-05 -0.000120011 0.000253459 -4.02041e-06 0.000132266 -2.27411e-07

