ABS:   itr |       deltaX       deltaY       deltaZ         phiX         phiY         phiZ |        chisq |    rphi mean     rphi rms,       z mean        z rms
ABS:   =========================================================================================================================================================
DIFF:  itr |       deltaX       deltaY       deltaZ         phiX         phiY         phiZ |        chisq |    rphi mean     rphi rms,       z mean        z rms
DIFF:  =========================================================================================================================================================
MOVE:  itr |       deltaX       deltaY       deltaZ         phiX         phiY         phiZ |        chisq |    rphi mean     rphi rms,       z mean        z rms
MOVE:  =========================================================================================================================================================
ABS:   001 |  0.000413000 -0.000142000  0.000213000  0.004140000 -0.000326000  0.000000000 |         52.5 |  0.000002206  0.000052162, -0.000117817  0.000541953
CONST: 001 | 19 0.000413 -0.000142 0.000213 0.00414 -0.000326 0

ABS:   001 |  0.000413000 -0.000142000  0.000213000  0.004140000 -0.000326000  0.000000000 |         52.5 |  0.000002206  0.000052162, -0.000117817  0.000541953
CONST: 001 | 19 0.000413 -0.000142 0.000213 0.00414 -0.000326 0

ABS:   002 |  0.000413100 -0.000142000  0.000213000  0.004140000 -0.000326000  0.000000000 |         52.5 |  0.000002285  0.000052182, -0.000117817  0.000541953
DIFF:  002 |  0.000000100  0.000000000 -0.000000000 -0.000000000  0.000000000  0.000000000 |          0.0 |  0.000000079  0.000000020,  0.000000000  0.000000000
MOVE:  002 |  0.000000100  0.000000000 -0.000000000 -0.000000000  0.000000000  0.000000000 |          0.0 |  0.000000079  0.000000020,  0.000000000  0.000000000
CONST: 002 | 19 0.0004131 -0.000142 0.000213 0.00414 -0.000326 0

ABS:   003 |  0.000412900 -0.000142000  0.000213000  0.004140000 -0.000326000  0.000000000 |         52.5 |  0.000002211  0.000052138, -0.000117817  0.000541953
DIFF:  003 | -0.000000200  0.000000000  0.000000000  0.000000000  0.000000000  0.000000000 |         -0.0 | -0.000000073 -0.000000044, -0.000000000 -0.000000000
MOVE:  003 | -0.000000100  0.000000000 -0.000000000 -0.000000000  0.000000000  0.000000000 |         -0.0 |  0.000000005 -0.000000024, -0.000000000 -0.000000000
CONST: 003 | 19 0.0004129 -0.000142 0.000213 0.00414 -0.000326 0

ABS:   004 |  0.000413000 -0.000141900  0.000213000  0.004140000 -0.000326000  0.000000000 |         52.5 |  0.000002206  0.000052162, -0.000117904  0.000541955
DIFF:  004 |  0.000000100  0.000000100  0.000000000  0.000000000  0.000000000  0.000000000 |          0.0 | -0.000000006  0.000000024, -0.000000087  0.000000002
MOVE:  004 | -0.000000000  0.000000100 -0.000000000 -0.000000000  0.000000000  0.000000000 |          0.0 | -0.000000001 -0.000000000, -0.000000087  0.000000002
CONST: 004 | 19 0.000413 -0.0001419 0.000213 0.00414 -0.000326 0

ABS:   005 |  0.000413000 -0.000142100  0.000213000  0.004140000 -0.000326000  0.000000000 |         52.5 |  0.000002228  0.000052142, -0.000117731  0.000541952
DIFF:  005 |  0.000000000 -0.000000200  0.000000000  0.000000000  0.000000000  0.000000000 |         -0.0 |  0.000000022 -0.000000020,  0.000000174 -0.000000003
MOVE:  005 | -0.000000000 -0.000000100 -0.000000000 -0.000000000  0.000000000  0.000000000 |         -0.0 |  0.000000022 -0.000000020,  0.000000087 -0.000000002
CONST: 005 | 19 0.000413 -0.0001421 0.000213 0.00414 -0.000326 0

ABS:   006 |  0.000413000 -0.000141990  0.000213000  0.004140000 -0.000326000  0.000000000 |         52.5 |  0.000002206  0.000052162, -0.000117826  0.000541954
DIFF:  006 |  0.000000000  0.000000110  0.000000000  0.000000000  0.000000000  0.000000000 |          0.0 | -0.000000022  0.000000020, -0.000000096  0.000000002
MOVE:  006 | -0.000000000  0.000000010 -0.000000000 -0.000000000  0.000000000  0.000000000 |          0.0 | -0.000000000 -0.000000000, -0.000000009  0.000000000
CONST: 006 | 19 0.000413 -0.00014199 0.000213 0.00414 -0.000326 0

ABS:   007 |  0.000413000 -0.000142010  0.000213000  0.004140000 -0.000326000  0.000000000 |         52.5 |  0.000002206  0.000052162, -0.000117809  0.000541953
DIFF:  007 |  0.000000000 -0.000000020  0.000000000  0.000000000  0.000000000  0.000000000 |         -0.0 |  0.000000000  0.000000000,  0.000000017 -0.000000000
MOVE:  007 | -0.000000000 -0.000000010 -0.000000000 -0.000000000  0.000000000  0.000000000 |         -0.0 |  0.000000000  0.000000000,  0.000000009 -0.000000000
CONST: 007 | 19 0.000413 -0.00014201 0.000213 0.00414 -0.000326 0

ABS:   008 |  0.000413000 -0.000141900  0.000213000  0.004140000 -0.000326000  0.000000000 |         52.5 |  0.000002206  0.000052162, -0.000117904  0.000541955
DIFF:  008 |  0.000000000  0.000000110  0.000000000  0.000000000  0.000000000  0.000000000 |          0.0 | -0.000000001 -0.000000000, -0.000000096  0.000000002
MOVE:  008 | -0.000000000  0.000000100 -0.000000000 -0.000000000  0.000000000  0.000000000 |          0.0 | -0.000000001 -0.000000000, -0.000000087  0.000000002
CONST: 008 | 19 0.000413 -0.0001419 0.000213 0.00414 -0.000326 0

ABS:   009 |  0.000413000 -0.000142100  0.000213000  0.004140000 -0.000326000  0.000000000 |         52.5 |  0.000002228  0.000052142, -0.000117731  0.000541952
DIFF:  009 |  0.000000000 -0.000000200  0.000000000  0.000000000  0.000000000  0.000000000 |         -0.0 |  0.000000022 -0.000000020,  0.000000174 -0.000000003
MOVE:  009 | -0.000000000 -0.000000100 -0.000000000 -0.000000000  0.000000000  0.000000000 |         -0.0 |  0.000000022 -0.000000020,  0.000000087 -0.000000002
CONST: 009 | 19 0.000413 -0.0001421 0.000213 0.00414 -0.000326 0

ABS:   010 |  0.000413000 -0.000142000  0.000218002  0.004140000 -0.000326000  0.000000000 |         52.8 |  0.000002208  0.000052162, -0.000119995  0.000542995
DIFF:  010 |  0.000000000  0.000000100  0.000005002  0.000000000  0.000000000  0.000000000 |          0.3 | -0.000000020  0.000000020, -0.000002264  0.000001043
MOVE:  010 | -0.000000000  0.000000000  0.000005002 -0.000000000  0.000000000  0.000000000 |          0.3 |  0.000000002 -0.000000000, -0.000002177  0.000001041
CONST: 010 | 19 0.000413 -0.000142 0.000218002 0.00414 -0.000326 0

ABS:   011 |  0.000413000 -0.000142000  0.000207998  0.004140000 -0.000326000  0.000000000 |         52.5 |  0.000002226  0.000052142, -0.000116326  0.000541827
DIFF:  011 |  0.000000000  0.000000000 -0.000010004  0.000000000  0.000000000  0.000000000 |         -0.3 |  0.000000018 -0.000000020,  0.000003669 -0.000001168
MOVE:  011 | -0.000000000  0.000000000 -0.000005002 -0.000000000  0.000000000  0.000000000 |         -0.0 |  0.000000020 -0.000000020,  0.000001492 -0.000000127
CONST: 011 | 19 0.000413 -0.000142 0.000207998 0.00414 -0.000326 0

ABS:   012 |  0.000413000 -0.000142000  0.000213500  0.004140000 -0.000326000  0.000000000 |         52.5 |  0.000002206  0.000052162, -0.000118071  0.000541797
DIFF:  012 |  0.000000000  0.000000000  0.000005502  0.000000000  0.000000000  0.000000000 |          0.0 | -0.000000020  0.000000020, -0.000001745 -0.000000030
MOVE:  012 | -0.000000000  0.000000000  0.000000500 -0.000000000  0.000000000  0.000000000 |         -0.0 |  0.000000000 -0.000000000, -0.000000253 -0.000000157
CONST: 012 | 19 0.000413 -0.000142 0.0002135 0.00414 -0.000326 0

ABS:   013 |  0.000413000 -0.000142000  0.000212500  0.004140000 -0.000326000  0.000000000 |         52.5 |  0.000002206  0.000052162, -0.000117315  0.000541953
DIFF:  013 |  0.000000000  0.000000000 -0.000001000  0.000000000  0.000000000  0.000000000 |          0.0 | -0.000000000  0.000000000,  0.000000755  0.000000157
MOVE:  013 | -0.000000000  0.000000000 -0.000000500 -0.000000000  0.000000000  0.000000000 |         -0.0 | -0.000000000  0.000000000,  0.000000502 -0.000000000
CONST: 013 | 19 0.000413 -0.000142 0.0002125 0.00414 -0.000326 0

ABS:   014 |  0.000413000 -0.000142000  0.000213050  0.004140000 -0.000326000  0.000000000 |         52.5 |  0.000002206  0.000052162, -0.000117868  0.000541953
DIFF:  014 |  0.000000000  0.000000000  0.000000550  0.000000000  0.000000000  0.000000000 |          0.0 |  0.000000000 -0.000000000, -0.000000552  0.000000000
MOVE:  014 | -0.000000000  0.000000000  0.000000050 -0.000000000  0.000000000  0.000000000 |          0.0 |  0.000000000 -0.000000000, -0.000000050  0.000000000
CONST: 014 | 19 0.000413 -0.000142 0.00021305 0.00414 -0.000326 0

ABS:   015 |  0.000413000 -0.000142000  0.000212950  0.004140000 -0.000326000  0.000000000 |         52.5 |  0.000002206  0.000052162, -0.000117767  0.000541953
DIFF:  015 |  0.000000000  0.000000000 -0.000000100  0.000000000  0.000000000  0.000000000 |         -0.0 | -0.000000000  0.000000000,  0.000000100 -0.000000000
MOVE:  015 | -0.000000000  0.000000000 -0.000000050 -0.000000000  0.000000000  0.000000000 |         -0.0 | -0.000000000  0.000000000,  0.000000050 -0.000000000
CONST: 015 | 19 0.000413 -0.000142 0.00021295 0.00414 -0.000326 0

ABS:   016 |  0.000413000 -0.000142000  0.000213000  0.004144000 -0.000326000  0.000000000 |         52.5 |  0.000002205  0.000052162, -0.000118070  0.000541957
DIFF:  016 |  0.000000000  0.000000000  0.000000050  0.000004000  0.000000000  0.000000000 |          0.0 | -0.000000001 -0.000000000, -0.000000303  0.000000004
MOVE:  016 | -0.000000000  0.000000000 -0.000000000  0.000004000  0.000000000  0.000000000 |          0.0 | -0.000000001 -0.000000000, -0.000000252  0.000000004
CONST: 016 | 19 0.000413 -0.000142 0.000213 0.004144 -0.000326 0

ABS:   017 |  0.000413000 -0.000142000  0.000213000  0.004136000 -0.000326000  0.000000000 |         52.5 |  0.000002229  0.000052142, -0.000117565  0.000541950
DIFF:  017 |  0.000000000  0.000000000  0.000000000 -0.000008000  0.000000000  0.000000000 |         -0.0 |  0.000000024 -0.000000020,  0.000000505 -0.000000008
MOVE:  017 | -0.000000000  0.000000000 -0.000000000 -0.000004000  0.000000000  0.000000000 |         -0.0 |  0.000000023 -0.000000020,  0.000000252 -0.000000004
CONST: 017 | 19 0.000413 -0.000142 0.000213 0.004136 -0.000326 0

ABS:   018 |  0.000413000 -0.000142000  0.000213000  0.004140400 -0.000326000  0.000000000 |         52.5 |  0.000002206  0.000052162, -0.000117843  0.000541954
DIFF:  018 |  0.000000000  0.000000000  0.000000000  0.000004400  0.000000000  0.000000000 |          0.0 | -0.000000023  0.000000020, -0.000000278  0.000000004
MOVE:  018 | -0.000000000  0.000000000 -0.000000000  0.000000400  0.000000000  0.000000000 |          0.0 | -0.000000000 -0.000000000, -0.000000025  0.000000000
CONST: 018 | 19 0.000413 -0.000142 0.000213 0.0041404 -0.000326 0

ABS:   019 |  0.000413000 -0.000142000  0.000213000  0.004139600 -0.000326000  0.000000000 |         52.5 |  0.000002206  0.000052162, -0.000117792  0.000541953
DIFF:  019 |  0.000000000  0.000000000  0.000000000 -0.000000800  0.000000000  0.000000000 |         -0.0 |  0.000000000  0.000000000,  0.000000050 -0.000000001
MOVE:  019 | -0.000000000  0.000000000 -0.000000000 -0.000000400  0.000000000  0.000000000 |         -0.0 |  0.000000000  0.000000000,  0.000000025 -0.000000000
CONST: 019 | 19 0.000413 -0.000142 0.000213 0.0041396 -0.000326 0

ABS:   020 |  0.000413000 -0.000142000  0.000213000  0.004143881 -0.000326000  0.000000000 |         52.5 |  0.000002205  0.000052162, -0.000118062  0.000541957
DIFF:  020 |  0.000000000  0.000000000  0.000000000  0.000004281  0.000000000  0.000000000 |          0.0 | -0.000000001 -0.000000000, -0.000000270  0.000000004
MOVE:  020 | -0.000000000  0.000000000 -0.000000000  0.000003881  0.000000000  0.000000000 |          0.0 | -0.000000001 -0.000000000, -0.000000245  0.000000004
CONST: 020 | 19 0.000413 -0.000142 0.000213 0.00414388 -0.000326 0

ABS:   021 |  0.000413000 -0.000142000  0.000213000  0.004136119 -0.000326000  0.000000000 |         52.5 |  0.000002229  0.000052142, -0.000117573  0.000541950
DIFF:  021 |  0.000000000  0.000000000  0.000000000 -0.000007762  0.000000000  0.000000000 |         -0.0 |  0.000000024 -0.000000020,  0.000000490 -0.000000008
MOVE:  021 | -0.000000000  0.000000000 -0.000000000 -0.000003881  0.000000000  0.000000000 |         -0.0 |  0.000000023 -0.000000020,  0.000000245 -0.000000004
CONST: 021 | 19 0.000413 -0.000142 0.000213 0.00413612 -0.000326 0

ABS:   022 |  0.000413000 -0.000142000  0.000213000  0.004140000 -0.000315999  0.000000000 |         52.5 |  0.000001844  0.000052102, -0.000117830  0.000541948
DIFF:  022 |  0.000000000  0.000000000  0.000000000  0.000003881  0.000010001  0.000000000 |         -0.0 | -0.000000385 -0.000000040, -0.000000258 -0.000000001
MOVE:  022 | -0.000000000  0.000000000 -0.000000000 -0.000000000  0.000010001  0.000000000 |         -0.0 | -0.000000362 -0.000000060, -0.000000013 -0.000000005
CONST: 022 | 19 0.000413 -0.000142 0.000213 0.00414 -0.000315999 0

ABS:   023 |  0.000413000 -0.000142000  0.000213000  0.004140000 -0.000336001  0.000000000 |         52.5 |  0.000002736  0.000052216, -0.000117805  0.000541959
DIFF:  023 |  0.000000000  0.000000000  0.000000000  0.000000000 -0.000020001  0.000000000 |          0.1 |  0.000000892  0.000000114,  0.000000026  0.000000010
MOVE:  023 | -0.000000000  0.000000000 -0.000000000 -0.000000000 -0.000010001  0.000000000 |          0.0 |  0.000000530  0.000000054,  0.000000013  0.000000005
CONST: 023 | 19 0.000413 -0.000142 0.000213 0.00414 -0.000336001 0

ABS:   024 |  0.000413000 -0.000142000  0.000213000  0.004140000 -0.000324859  0.000000000 |         52.5 |  0.000002216  0.000052118, -0.000117819  0.000541953
DIFF:  024 |  0.000000000  0.000000000  0.000000000  0.000000000  0.000011141  0.000000000 |         -0.1 | -0.000000520 -0.000000098, -0.000000014 -0.000000006
MOVE:  024 | -0.000000000  0.000000000 -0.000000000 -0.000000000  0.000001141  0.000000000 |         -0.0 |  0.000000010 -0.000000044, -0.000000001 -0.000000001
CONST: 024 | 19 0.000413 -0.000142 0.000213 0.00414 -0.000324859 0

ABS:   025 |  0.000413000 -0.000142000  0.000213000  0.004140000 -0.000327141  0.000000000 |         52.5 |  0.000002281  0.000052163, -0.000117816  0.000541954
DIFF:  025 |  0.000000000  0.000000000  0.000000000  0.000000000 -0.000002281  0.000000000 |          0.0 |  0.000000065  0.000000045,  0.000000003  0.000000001
MOVE:  025 | -0.000000000  0.000000000 -0.000000000 -0.000000000 -0.000001141  0.000000000 |          0.0 |  0.000000075  0.000000001,  0.000000001  0.000000001
CONST: 025 | 19 0.000413 -0.000142 0.000213 0.00414 -0.000327141 0

ABS:   026 |  0.000413000 -0.000142000  0.000213000  0.004140000 -0.000325886  0.000000000 |         52.5 |  0.000002220  0.000052141, -0.000117818  0.000541953
DIFF:  026 |  0.000000000  0.000000000  0.000000000  0.000000000  0.000001255  0.000000000 |         -0.0 | -0.000000061 -0.000000022, -0.000000002 -0.000000001
MOVE:  026 | -0.000000000  0.000000000 -0.000000000 -0.000000000  0.000000114  0.000000000 |         -0.0 |  0.000000014 -0.000000021, -0.000000000 -0.000000000
CONST: 026 | 19 0.000413 -0.000142 0.000213 0.00414 -0.000325886 0

ABS:   027 |  0.000413000 -0.000142000  0.000213000  0.004140000 -0.000326114  0.000000000 |         52.5 |  0.000002214  0.000052162, -0.000117817  0.000541954
DIFF:  027 |  0.000000000  0.000000000  0.000000000  0.000000000 -0.000000228  0.000000000 |          0.0 | -0.000000006  0.000000021,  0.000000000  0.000000000
MOVE:  027 | -0.000000000  0.000000000 -0.000000000 -0.000000000 -0.000000114  0.000000000 |          0.0 |  0.000000007  0.000000000,  0.000000000  0.000000000
CONST: 027 | 19 0.000413 -0.000142 0.000213 0.00414 -0.000326114 0

ABS:   028 |  0.000413000 -0.000142000  0.000213000  0.004140000 -0.000326000  0.000002000 |         52.5 |  0.000002205  0.000052162, -0.000117816  0.000541954
DIFF:  028 |  0.000000000  0.000000000  0.000000000  0.000000000  0.000000114  0.000002000 |         -0.0 | -0.000000009 -0.000000000,  0.000000002  0.000000001
MOVE:  028 | -0.000000000  0.000000000 -0.000000000 -0.000000000  0.000000000  0.000002000 |          0.0 | -0.000000001 -0.000000000,  0.000000002  0.000000001
CONST: 028 | 19 0.000413 -0.000142 0.000213 0.00414 -0.000326 2.00001e-06

ABS:   029 |  0.000413000 -0.000142000  0.000213000  0.004140000 -0.000326000 -0.000002000 |         52.5 |  0.000002208  0.000052162, -0.000117819  0.000541953
DIFF:  029 |  0.000000000  0.000000000  0.000000000  0.000000000  0.000000000 -0.000004000 |         -0.0 |  0.000000003  0.000000000, -0.000000004 -0.000000002
MOVE:  029 | -0.000000000  0.000000000 -0.000000000 -0.000000000  0.000000000 -0.000002000 |         -0.0 |  0.000000001  0.000000000, -0.000000002 -0.000000001
CONST: 029 | 19 0.000413 -0.000142 0.000213 0.00414 -0.000326 -2.00001e-06

ABS:   030 |  0.000413000 -0.000142000  0.000213000  0.004140000 -0.000326000  0.000020000 |         52.5 |  0.000002213  0.000052141, -0.000117799  0.000541963
DIFF:  030 |  0.000000000  0.000000000  0.000000000  0.000000000  0.000000000  0.000022000 |         -0.0 |  0.000000005 -0.000000021,  0.000000021  0.000000011
MOVE:  030 | -0.000000000  0.000000000 -0.000000000 -0.000000000  0.000000000  0.000020000 |         -0.0 |  0.000000007 -0.000000021,  0.000000019  0.000000010
CONST: 030 | 19 0.000413 -0.000142 0.000213 0.00414 -0.000326 2.00001e-05

ABS:   031 |  0.000413000 -0.000142000  0.000213000  0.004140000 -0.000326000 -0.000020000 |         52.5 |  0.000002221  0.000052162, -0.000117836  0.000541944
DIFF:  031 |  0.000000000  0.000000000  0.000000000  0.000000000  0.000000000 -0.000040000 |          0.0 |  0.000000007  0.000000021, -0.000000038 -0.000000019
MOVE:  031 | -0.000000000  0.000000000 -0.000000000 -0.000000000  0.000000000 -0.000020000 |         -0.0 |  0.000000014  0.000000000, -0.000000019 -0.000000010
CONST: 031 | 19 0.000413 -0.000142 0.000213 0.00414 -0.000326 -2.00001e-05

ABS:   032 |  0.000413000 -0.000142000  0.000213000  0.004140000 -0.000326000  0.000002000 |         52.5 |  0.000002205  0.000052162, -0.000117816  0.000541954
DIFF:  032 |  0.000000000  0.000000000  0.000000000  0.000000000  0.000000000  0.000022000 |          0.0 | -0.000000016 -0.000000000,  0.000000021  0.000000010
MOVE:  032 | -0.000000000  0.000000000 -0.000000000 -0.000000000  0.000000000  0.000002000 |          0.0 | -0.000000001 -0.000000000,  0.000000002  0.000000001
CONST: 032 | 19 0.000413 -0.000142 0.000213 0.00414 -0.000326 2.00001e-06

ABS:   033 |  0.000413000 -0.000142000  0.000213000  0.004140000 -0.000326000 -0.000002000 |         52.5 |  0.000002208  0.000052162, -0.000117819  0.000541953
DIFF:  033 |  0.000000000  0.000000000  0.000000000  0.000000000  0.000000000 -0.000004000 |         -0.0 |  0.000000003  0.000000000, -0.000000004 -0.000000002
MOVE:  033 | -0.000000000  0.000000000 -0.000000000 -0.000000000  0.000000000 -0.000002000 |         -0.0 |  0.000000001  0.000000000, -0.000000002 -0.000000001
CONST: 033 | 19 0.000413 -0.000142 0.000213 0.00414 -0.000326 -2.00001e-06

ABS:   034 |  0.000413000 -0.000142100  0.000213000  0.004140000 -0.000326000  0.000000000 |         52.5 |  0.000002228  0.000052142, -0.000117731  0.000541952
DIFF:  034 |  0.000000000 -0.000000100  0.000000000  0.000000000  0.000000000  0.000002000 |         -0.0 |  0.000000020 -0.000000020,  0.000000089 -0.000000001
MOVE:  034 | -0.000000000 -0.000000100 -0.000000000 -0.000000000  0.000000000  0.000000000 |         -0.0 |  0.000000022 -0.000000020,  0.000000087 -0.000000002
CONST: 034 | 19 0.000413 -0.0001421 0.000213 0.00414 -0.000326 0

ABS:   035 |  0.000413000 -0.000142500  0.000213000  0.004140000 -0.000326000  0.000000000 |         52.5 |  0.000002230  0.000052143, -0.000117383  0.000541946
DIFF:  035 |  0.000000000 -0.000000400  0.000000000  0.000000000  0.000000000  0.000000000 |         -0.0 |  0.000000002  0.000000001,  0.000000347 -0.000000006
MOVE:  035 | -0.000000000 -0.000000500 -0.000000000 -0.000000000  0.000000000  0.000000000 |         -0.0 |  0.000000024 -0.000000019,  0.000000434 -0.000000008
CONST: 035 | 19 0.000413 -0.0001425 0.000213 0.00414 -0.000326 0

ABS:   036 |  0.000413000 -0.000142388  0.000213000  0.004140000 -0.000326000  0.000000000 |         52.5 |  0.000002230  0.000052143, -0.000117481  0.000541947
DIFF:  036 |  0.000000000  0.000000112  0.000000000  0.000000000  0.000000000  0.000000000 |          0.0 | -0.000000001 -0.000000000, -0.000000098  0.000000002
MOVE:  036 | -0.000000000 -0.000000388 -0.000000000 -0.000000000  0.000000000  0.000000000 |         -0.0 |  0.000000023 -0.000000019,  0.000000337 -0.000000006
CONST: 036 | 19 0.000413 -0.000142388 0.000213 0.00414 -0.000326 0

ABS:   037 |  0.000413000 -0.000143500  0.000213000  0.004140000 -0.000326000  0.000000000 |         52.5 |  0.000002235  0.000052186, -0.000117071  0.000541809
DIFF:  037 |  0.000000000 -0.000001112  0.000000000  0.000000000  0.000000000  0.000000000 |         -0.0 |  0.000000005  0.000000043,  0.000000410 -0.000000138
MOVE:  037 | -0.000000000 -0.000001500 -0.000000000 -0.000000000  0.000000000  0.000000000 |         -0.0 |  0.000000029  0.000000024,  0.000000746 -0.000000144
CONST: 037 | 19 0.000413 -0.0001435 0.000213 0.00414 -0.000326 0

ABS:   038 |  0.000413000 -0.000143416  0.000213000  0.004140000 -0.000326000  0.000000000 |         52.5 |  0.000002235  0.000052185, -0.000117144  0.000541810
DIFF:  038 |  0.000000000  0.000000084  0.000000000  0.000000000  0.000000000  0.000000000 |          0.0 | -0.000000000 -0.000000000, -0.000000073  0.000000001
MOVE:  038 | -0.000000000 -0.000001416 -0.000000000 -0.000000000  0.000000000  0.000000000 |         -0.0 |  0.000000028  0.000000023,  0.000000673 -0.000000143
CONST: 038 | 19 0.000413 -0.000143416 0.000213 0.00414 -0.000326 0

ABS:   039 |  0.000413000 -0.000146500  0.000213000  0.004140000 -0.000326000  0.000000000 |         52.4 |  0.000002314  0.000052213, -0.000116135  0.000541404
DIFF:  039 |  0.000000000 -0.000003084  0.000000000  0.000000000  0.000000000  0.000000000 |         -0.1 |  0.000000080  0.000000028,  0.000001009 -0.000000406
MOVE:  039 | -0.000000000 -0.000004500 -0.000000000 -0.000000000  0.000000000  0.000000000 |         -0.1 |  0.000000108  0.000000051,  0.000001683 -0.000000549
CONST: 039 | 19 0.000413 -0.0001465 0.000213 0.00414 -0.000326 0

ABS:   040 |  0.000413000 -0.000155500  0.000213000  0.004140000 -0.000326000  0.000000000 |         52.8 |  0.000002387  0.000052154, -0.000113402  0.000543545
DIFF:  040 |  0.000000000 -0.000009000  0.000000000  0.000000000  0.000000000  0.000000000 |          0.4 |  0.000000073 -0.000000059,  0.000002733  0.000002141
MOVE:  040 | -0.000000000 -0.000013500 -0.000000000 -0.000000000  0.000000000  0.000000000 |          0.3 |  0.000000181 -0.000000008,  0.000004415  0.000001591
CONST: 040 | 19 0.000413 -0.0001555 0.000213 0.00414 -0.000326 0

ABS:   041 |  0.000413000 -0.000151000  0.000213000  0.004140000 -0.000326000  0.000000000 |         52.8 |  0.000002319  0.000052212, -0.000115763  0.000543099
DIFF:  041 |  0.000000000  0.000004500  0.000000000  0.000000000  0.000000000  0.000000000 |         -0.0 | -0.000000069  0.000000059, -0.000002361 -0.000000446
MOVE:  041 | -0.000000000 -0.000009000 -0.000000000 -0.000000000  0.000000000  0.000000000 |          0.3 |  0.000000112  0.000000050,  0.000002054  0.000001145
CONST: 041 | 19 0.000413 -0.000151 0.000213 0.00414 -0.000326 0

ABS:   042 |  0.000413000 -0.000148750  0.000213000  0.004140000 -0.000326000  0.000000000 |         52.7 |  0.000002328  0.000052182, -0.000116666  0.000542939
DIFF:  042 |  0.000000000  0.000002250  0.000000000  0.000000000  0.000000000  0.000000000 |         -0.0 |  0.000000009 -0.000000030, -0.000000903 -0.000000159
MOVE:  042 | -0.000000000 -0.000006750 -0.000000000 -0.000000000  0.000000000  0.000000000 |          0.2 |  0.000000121  0.000000021,  0.000001151  0.000000986
CONST: 042 | 19 0.000413 -0.00014875 0.000213 0.00414 -0.000326 0

ABS:   043 |  0.000413000 -0.000147625  0.000213000  0.004140000 -0.000326000  0.000000000 |         52.6 |  0.000002321  0.000052217, -0.000116401  0.000542173
DIFF:  043 |  0.000000000  0.000001125  0.000000000  0.000000000  0.000000000  0.000000000 |         -0.2 | -0.000000007  0.000000035,  0.000000265 -0.000000766
MOVE:  043 | -0.000000000 -0.000005625 -0.000000000 -0.000000000  0.000000000  0.000000000 |          0.1 |  0.000000114  0.000000055,  0.000001416  0.000000220
CONST: 043 | 19 0.000413 -0.000147625 0.000213 0.00414 -0.000326 0

ABS:   044 |  0.000413000 -0.000147063  0.000213000  0.004140000 -0.000326000  0.000000000 |         52.6 |  0.000002338  0.000052234, -0.000116641  0.000542025
DIFF:  044 |  0.000000000  0.000000563  0.000000000  0.000000000  0.000000000  0.000000000 |         -0.0 |  0.000000017  0.000000016, -0.000000240 -0.000000149
MOVE:  044 | -0.000000000 -0.000005063 -0.000000000 -0.000000000  0.000000000  0.000000000 |          0.0 |  0.000000132  0.000000072,  0.000001176  0.000000071
CONST: 044 | 19 0.000413 -0.000147063 0.000213 0.00414 -0.000326 0

ABS:   045 |  0.000413081 -0.000146500  0.000213000  0.004140000 -0.000326000  0.000000000 |         52.4 |  0.000002375  0.000052194, -0.000116135  0.000541404
DIFF:  045 |  0.000000081  0.000000563  0.000000000  0.000000000  0.000000000  0.000000000 |         -0.2 |  0.000000037 -0.000000039,  0.000000507 -0.000000621
MOVE:  045 |  0.000000081 -0.000004500 -0.000000000 -0.000000000  0.000000000  0.000000000 |         -0.1 |  0.000000169  0.000000032,  0.000001683 -0.000000549
CONST: 045 | 19 0.000413081 -0.0001465 0.000213 0.00414 -0.000326 0

ABS:   046 |  0.000412919 -0.000146500  0.000213000  0.004140000 -0.000326000  0.000000000 |         52.4 |  0.000002254  0.000052231, -0.000116135  0.000541404
DIFF:  046 | -0.000000163  0.000000000  0.000000000  0.000000000  0.000000000  0.000000000 |          0.0 | -0.000000122  0.000000037, -0.000000000 -0.000000000
MOVE:  046 | -0.000000081 -0.000004500 -0.000000000 -0.000000000  0.000000000  0.000000000 |         -0.1 |  0.000000047  0.000000069,  0.000001683 -0.000000549
CONST: 046 | 19 0.000412919 -0.0001465 0.000213 0.00414 -0.000326 0

ABS:   047 |  0.000413000 -0.000146490  0.000213000  0.004140000 -0.000326000  0.000000000 |         52.4 |  0.000002314  0.000052213, -0.000116143  0.000541404
DIFF:  047 |  0.000000081  0.000000010  0.000000000  0.000000000  0.000000000  0.000000000 |         -0.0 |  0.000000061 -0.000000019, -0.000000009  0.000000000
MOVE:  047 | -0.000000000 -0.000004490 -0.000000000 -0.000000000  0.000000000  0.000000000 |         -0.1 |  0.000000108  0.000000051,  0.000001674 -0.000000549
CONST: 047 | 19 0.000413 -0.00014649 0.000213 0.00414 -0.000326 0

ABS:   048 |  0.000413000 -0.000146510  0.000213000  0.004140000 -0.000326000  0.000000000 |         52.4 |  0.000002314  0.000052213, -0.000116126  0.000541404
DIFF:  048 |  0.000000000 -0.000000020  0.000000000  0.000000000  0.000000000  0.000000000 |         -0.0 |  0.000000000  0.000000000,  0.000000017 -0.000000000
MOVE:  048 | -0.000000000 -0.000004510 -0.000000000 -0.000000000  0.000000000  0.000000000 |         -0.1 |  0.000000108  0.000000051,  0.000001691 -0.000000550
CONST: 048 | 19 0.000413 -0.00014651 0.000213 0.00414 -0.000326 0

ABS:   049 |  0.000413000 -0.000146400  0.000213000  0.004140000 -0.000326000  0.000000000 |         52.4 |  0.000002314  0.000052212, -0.000115914  0.000541683
DIFF:  049 |  0.000000000  0.000000110  0.000000000  0.000000000  0.000000000  0.000000000 |          0.0 | -0.000000001 -0.000000000,  0.000000212  0.000000279
MOVE:  049 | -0.000000000 -0.000004400 -0.000000000 -0.000000000  0.000000000  0.000000000 |         -0.1 |  0.000000107  0.000000050,  0.000001903 -0.000000271
CONST: 049 | 19 0.000413 -0.0001464 0.000213 0.00414 -0.000326 0

ABS:   050 |  0.000413000 -0.000146600  0.000213000  0.004140000 -0.000326000  0.000000000 |         52.4 |  0.000002315  0.000052213, -0.000116048  0.000541403
DIFF:  050 |  0.000000000 -0.000000200  0.000000000  0.000000000  0.000000000  0.000000000 |         -0.0 |  0.000000001  0.000000001, -0.000000134 -0.000000280
MOVE:  050 | -0.000000000 -0.000004600 -0.000000000 -0.000000000  0.000000000  0.000000000 |         -0.1 |  0.000000109  0.000000051,  0.000001769 -0.000000551
CONST: 050 | 19 0.000413 -0.0001466 0.000213 0.00414 -0.000326 0

ABS:   051 |  0.000413000 -0.000146490  0.000213000  0.004140000 -0.000326000  0.000000000 |         52.4 |  0.000002314  0.000052213, -0.000116143  0.000541404
DIFF:  051 |  0.000000000  0.000000110  0.000000000  0.000000000  0.000000000  0.000000000 |          0.0 | -0.000000001 -0.000000000, -0.000000096  0.000000002
MOVE:  051 | -0.000000000 -0.000004490 -0.000000000 -0.000000000  0.000000000  0.000000000 |         -0.1 |  0.000000108  0.000000051,  0.000001674 -0.000000549
CONST: 051 | 19 0.000413 -0.00014649 0.000213 0.00414 -0.000326 0

ABS:   052 |  0.000413000 -0.000146510  0.000213000  0.004140000 -0.000326000  0.000000000 |         52.4 |  0.000002314  0.000052213, -0.000116126  0.000541404
DIFF:  052 |  0.000000000 -0.000000020  0.000000000  0.000000000  0.000000000  0.000000000 |         -0.0 |  0.000000000  0.000000000,  0.000000017 -0.000000000
MOVE:  052 | -0.000000000 -0.000004510 -0.000000000 -0.000000000  0.000000000  0.000000000 |         -0.1 |  0.000000108  0.000000051,  0.000001691 -0.000000550
CONST: 052 | 19 0.000413 -0.00014651 0.000213 0.00414 -0.000326 0

ABS:   053 |  0.000413000 -0.000146500  0.000213300  0.004140000 -0.000326000  0.000000000 |         52.4 |  0.000002314  0.000052213, -0.000116128  0.000541681
DIFF:  053 |  0.000000000  0.000000010  0.000000300  0.000000000  0.000000000  0.000000000 |          0.1 |  0.000000000 -0.000000000, -0.000000002  0.000000277
MOVE:  053 | -0.000000000 -0.000004500  0.000000300 -0.000000000  0.000000000  0.000000000 |         -0.1 |  0.000000108  0.000000051,  0.000001689 -0.000000272
CONST: 053 | 19 0.000413 -0.0001465 0.0002133 0.00414 -0.000326 0

ABS:   054 |  0.000413000 -0.000146500  0.000212700  0.004140000 -0.000326000  0.000000000 |         52.5 |  0.000002314  0.000052213, -0.000116580  0.000541876
DIFF:  054 |  0.000000000  0.000000000 -0.000000599  0.000000000  0.000000000  0.000000000 |          0.1 | -0.000000000  0.000000000, -0.000000452  0.000000195
MOVE:  054 | -0.000000000 -0.000004500 -0.000000300 -0.000000000  0.000000000  0.000000000 |          0.0 |  0.000000108  0.000000051,  0.000001237 -0.000000077
CONST: 054 | 19 0.000413 -0.0001465 0.0002127 0.00414 -0.000326 0

ABS:   055 |  0.000413000 -0.000146500  0.000213030  0.004140000 -0.000326000  0.000000000 |         52.4 |  0.000002314  0.000052213, -0.000116165  0.000541404
DIFF:  055 |  0.000000000  0.000000000  0.000000330  0.000000000  0.000000000  0.000000000 |         -0.1 |  0.000000000 -0.000000000,  0.000000416 -0.000000472
MOVE:  055 | -0.000000000 -0.000004500  0.000000030 -0.000000000  0.000000000  0.000000000 |         -0.1 |  0.000000108  0.000000051,  0.000001653 -0.000000549
CONST: 055 | 19 0.000413 -0.0001465 0.00021303 0.00414 -0.000326 0

ABS:   056 |  0.000413000 -0.000146500  0.000212970  0.004140000 -0.000326000  0.000000000 |         52.4 |  0.000002314  0.000052213, -0.000116105  0.000541404
DIFF:  056 |  0.000000000  0.000000000 -0.000000060  0.000000000  0.000000000  0.000000000 |         -0.0 | -0.000000000  0.000000000,  0.000000060 -0.000000000
MOVE:  056 | -0.000000000 -0.000004500 -0.000000030 -0.000000000  0.000000000  0.000000000 |         -0.1 |  0.000000108  0.000000051,  0.000001713 -0.000000549
CONST: 056 | 19 0.000413 -0.0001465 0.00021297 0.00414 -0.000326 0

ABS:   057 |  0.000413000 -0.000146500  0.000213300  0.004140000 -0.000326000  0.000000000 |         52.4 |  0.000002314  0.000052213, -0.000116128  0.000541681
DIFF:  057 |  0.000000000  0.000000000  0.000000330  0.000000000  0.000000000  0.000000000 |          0.1 |  0.000000000 -0.000000000, -0.000000023  0.000000277
MOVE:  057 | -0.000000000 -0.000004500  0.000000300 -0.000000000  0.000000000  0.000000000 |         -0.1 |  0.000000108  0.000000051,  0.000001689 -0.000000272
CONST: 057 | 19 0.000413 -0.0001465 0.0002133 0.00414 -0.000326 0

ABS:   058 |  0.000413000 -0.000146500  0.000212700  0.004140000 -0.000326000  0.000000000 |         52.5 |  0.000002314  0.000052213, -0.000116580  0.000541876
DIFF:  058 |  0.000000000  0.000000000 -0.000000599  0.000000000  0.000000000  0.000000000 |          0.1 | -0.000000000  0.000000000, -0.000000452  0.000000195
MOVE:  058 | -0.000000000 -0.000004500 -0.000000300 -0.000000000  0.000000000  0.000000000 |          0.0 |  0.000000108  0.000000051,  0.000001237 -0.000000077
CONST: 058 | 19 0.000413 -0.0001465 0.0002127 0.00414 -0.000326 0

ABS:   059 |  0.000413000 -0.000146500  0.000213000  0.004140388 -0.000326000  0.000000000 |         52.4 |  0.000002314  0.000052213, -0.000116159  0.000541404
DIFF:  059 |  0.000000000  0.000000000  0.000000300  0.000000388  0.000000000  0.000000000 |         -0.1 | -0.000000000 -0.000000000,  0.000000421 -0.000000472
MOVE:  059 | -0.000000000 -0.000004500 -0.000000000  0.000000388  0.000000000  0.000000000 |         -0.1 |  0.000000108  0.000000051,  0.000001658 -0.000000549
CONST: 059 | 19 0.000413 -0.0001465 0.000213 0.00414039 -0.000326 0

ABS:   060 |  0.000413000 -0.000146500  0.000213000  0.004139612 -0.000326000  0.000000000 |         52.4 |  0.000002314  0.000052213, -0.000116110  0.000541404
DIFF:  060 |  0.000000000  0.000000000  0.000000000 -0.000000776  0.000000000  0.000000000 |         -0.0 |  0.000000000  0.000000000,  0.000000049 -0.000000001
MOVE:  060 | -0.000000000 -0.000004500 -0.000000000 -0.000000388  0.000000000  0.000000000 |         -0.1 |  0.000000108  0.000000051,  0.000001707 -0.000000550
CONST: 060 | 19 0.000413 -0.0001465 0.000213 0.00413961 -0.000326 0

ABS:   061 |  0.000413000 -0.000146500  0.000213000  0.004143878 -0.000326000  0.000000000 |         52.4 |  0.000002313  0.000052213, -0.000116072  0.000541685
DIFF:  061 |  0.000000000  0.000000000  0.000000000  0.000004266  0.000000000  0.000000000 |          0.1 | -0.000000001 -0.000000000,  0.000000039  0.000000281
MOVE:  061 | -0.000000000 -0.000004500 -0.000000000  0.000003878  0.000000000  0.000000000 |         -0.1 |  0.000000107  0.000000051,  0.000001746 -0.000000269
CONST: 061 | 19 0.000413 -0.0001465 0.000213 0.00414388 -0.000326 0

ABS:   062 |  0.000413000 -0.000146500  0.000213000  0.004136122 -0.000326000  0.000000000 |         52.4 |  0.000002336  0.000052232, -0.000116139  0.000541558
DIFF:  062 |  0.000000000  0.000000000  0.000000000 -0.000007756  0.000000000  0.000000000 |         -0.0 |  0.000000023  0.000000019, -0.000000067 -0.000000127
MOVE:  062 | -0.000000000 -0.000004500 -0.000000000 -0.000003878  0.000000000  0.000000000 |         -0.1 |  0.000000130  0.000000070,  0.000001678 -0.000000395
CONST: 062 | 19 0.000413 -0.0001465 0.000213 0.00413612 -0.000326 0

ABS:   063 |  0.000413000 -0.000146500  0.000213000  0.004140388 -0.000326000  0.000000000 |         52.4 |  0.000002314  0.000052213, -0.000116159  0.000541404
DIFF:  063 |  0.000000000  0.000000000  0.000000000  0.000004266  0.000000000  0.000000000 |         -0.0 | -0.000000022 -0.000000019, -0.000000020 -0.000000154
MOVE:  063 | -0.000000000 -0.000004500 -0.000000000  0.000000388  0.000000000  0.000000000 |         -0.1 |  0.000000108  0.000000051,  0.000001658 -0.000000549
CONST: 063 | 19 0.000413 -0.0001465 0.000213 0.00414039 -0.000326 0

ABS:   064 |  0.000413000 -0.000146500  0.000213000  0.004139612 -0.000326000  0.000000000 |         52.4 |  0.000002314  0.000052213, -0.000116110  0.000541404
DIFF:  064 |  0.000000000  0.000000000  0.000000000 -0.000000776  0.000000000  0.000000000 |         -0.0 |  0.000000000  0.000000000,  0.000000049 -0.000000001
MOVE:  064 | -0.000000000 -0.000004500 -0.000000000 -0.000000388  0.000000000  0.000000000 |         -0.1 |  0.000000108  0.000000051,  0.000001707 -0.000000550
CONST: 064 | 19 0.000413 -0.0001465 0.000213 0.00413961 -0.000326 0

ABS:   065 |  0.000413000 -0.000146500  0.000213000  0.004140000 -0.000325989  0.000000000 |         52.4 |  0.000002314  0.000052213, -0.000116135  0.000541404
DIFF:  065 |  0.000000000  0.000000000  0.000000000  0.000000388  0.000000011  0.000000000 |          0.0 | -0.000000001 -0.000000000, -0.000000024  0.000000000
MOVE:  065 | -0.000000000 -0.000004500 -0.000000000 -0.000000000  0.000000011  0.000000000 |         -0.1 |  0.000000107  0.000000051,  0.000001683 -0.000000549
CONST: 065 | 19 0.000413 -0.0001465 0.000213 0.00414 -0.000325989 0

ABS:   066 |  0.000413000 -0.000146500  0.000213000  0.004140000 -0.000326011  0.000000000 |         52.4 |  0.000002315  0.000052213, -0.000116135  0.000541404
DIFF:  066 |  0.000000000  0.000000000  0.000000000  0.000000000 -0.000000023  0.000000000 |          0.0 |  0.000000001  0.000000000,  0.000000000  0.000000000
MOVE:  066 | -0.000000000 -0.000004500 -0.000000000 -0.000000000 -0.000000011  0.000000000 |         -0.1 |  0.000000109  0.000000051,  0.000001683 -0.000000549
CONST: 066 | 19 0.000413 -0.0001465 0.000213 0.00414 -0.000326011 0

ABS:   067 |  0.000413000 -0.000146500  0.000213000  0.004140000 -0.000325886  0.000000000 |         52.4 |  0.000002327  0.000052231, -0.000116135  0.000541404
DIFF:  067 |  0.000000000  0.000000000  0.000000000  0.000000000  0.000000125  0.000000000 |          0.0 |  0.000000012  0.000000018, -0.000000000 -0.000000000
MOVE:  067 | -0.000000000 -0.000004500 -0.000000000 -0.000000000  0.000000114  0.000000000 |         -0.1 |  0.000000121  0.000000069,  0.000001682 -0.000000549
CONST: 067 | 19 0.000413 -0.0001465 0.000213 0.00414 -0.000325886 0

ABS:   068 |  0.000413000 -0.000146500  0.000213000  0.004140000 -0.000326114  0.000000000 |         52.4 |  0.000002322  0.000052213, -0.000116135  0.000541404
DIFF:  068 |  0.000000000  0.000000000  0.000000000  0.000000000 -0.000000228  0.000000000 |         -0.0 | -0.000000006 -0.000000018,  0.000000000  0.000000000
MOVE:  068 | -0.000000000 -0.000004500 -0.000000000 -0.000000000 -0.000000114  0.000000000 |         -0.1 |  0.000000116  0.000000051,  0.000001683 -0.000000549
CONST: 068 | 19 0.000413 -0.0001465 0.000213 0.00414 -0.000326114 0

ABS:   069 |  0.000413000 -0.000146500  0.000213000  0.004140000 -0.000325989  0.000000000 |         52.4 |  0.000002314  0.000052213, -0.000116135  0.000541404
DIFF:  069 |  0.000000000  0.000000000  0.000000000  0.000000000  0.000000125  0.000000000 |         -0.0 | -0.000000008 -0.000000000, -0.000000000 -0.000000000
MOVE:  069 | -0.000000000 -0.000004500 -0.000000000 -0.000000000  0.000000011  0.000000000 |         -0.1 |  0.000000107  0.000000051,  0.000001683 -0.000000549
CONST: 069 | 19 0.000413 -0.0001465 0.000213 0.00414 -0.000325989 0

ABS:   070 |  0.000413000 -0.000146500  0.000213000  0.004140000 -0.000326011  0.000000000 |         52.4 |  0.000002315  0.000052213, -0.000116135  0.000541404
DIFF:  070 |  0.000000000  0.000000000  0.000000000  0.000000000 -0.000000023  0.000000000 |          0.0 |  0.000000001  0.000000000,  0.000000000  0.000000000
MOVE:  070 | -0.000000000 -0.000004500 -0.000000000 -0.000000000 -0.000000011  0.000000000 |         -0.1 |  0.000000109  0.000000051,  0.000001683 -0.000000549
CONST: 070 | 19 0.000413 -0.0001465 0.000213 0.00414 -0.000326011 0

ABS:   071 |  0.000413000 -0.000146500  0.000213000  0.004140000 -0.000326000  0.000020000 |         52.4 |  0.000002300  0.000052212, -0.000116116  0.000541414
DIFF:  071 |  0.000000000  0.000000000  0.000000000  0.000000000  0.000000011  0.000020000 |          0.0 | -0.000000015 -0.000000000,  0.000000019  0.000000009
MOVE:  071 | -0.000000000 -0.000004500 -0.000000000 -0.000000000  0.000000000  0.000020000 |         -0.1 |  0.000000094  0.000000050,  0.000001702 -0.000000540
CONST: 071 | 19 0.000413 -0.0001465 0.000213 0.00414 -0.000326 2.00001e-05

ABS:   072 |  0.000413000 -0.000146500  0.000213000  0.004140000 -0.000326000 -0.000020000 |         52.4 |  0.000002329  0.000052213, -0.000116154  0.000541395
DIFF:  072 |  0.000000000  0.000000000  0.000000000  0.000000000  0.000000000 -0.000040000 |         -0.0 |  0.000000029  0.000000001, -0.000000038 -0.000000019
MOVE:  072 | -0.000000000 -0.000004500 -0.000000000 -0.000000000  0.000000000 -0.000020000 |         -0.1 |  0.000000122  0.000000051,  0.000001664 -0.000000559
CONST: 072 | 19 0.000413 -0.0001465 0.000213 0.00414 -0.000326 -2.00001e-05

ABS:   073 |  0.000413000 -0.000146500  0.000213000  0.004140000 -0.000326000  0.000035186 |         52.4 |  0.000002289  0.000052212, -0.000115794  0.000541698
DIFF:  073 |  0.000000000  0.000000000  0.000000000  0.000000000  0.000000000  0.000055186 |          0.0 | -0.000000040 -0.000000001,  0.000000360  0.000000303
MOVE:  073 | -0.000000000 -0.000004500 -0.000000000 -0.000000000  0.000000000  0.000035186 |         -0.1 |  0.000000083  0.000000050,  0.000002024 -0.000000256
CONST: 073 | 19 0.000413 -0.0001465 0.000213 0.00414 -0.000326 3.5186e-05

ABS:   074 |  0.000413000 -0.000146500  0.000213000  0.004140000 -0.000326000 -0.000035186 |         52.4 |  0.000002340  0.000052214, -0.000116168  0.000541387
DIFF:  074 |  0.000000000  0.000000000  0.000000000  0.000000000  0.000000000 -0.000070372 |         -0.0 |  0.000000051  0.000000002, -0.000000375 -0.000000310
MOVE:  074 | -0.000000000 -0.000004500 -0.000000000 -0.000000000  0.000000000 -0.000035186 |         -0.1 |  0.000000133  0.000000052,  0.000001649 -0.000000566
CONST: 074 | 19 0.000413 -0.0001465 0.000213 0.00414 -0.000326 -3.5186e-05

ABS:   075 |  0.000413000 -0.000146500  0.000213000  0.004140000 -0.000326000  0.000003519 |         52.4 |  0.000002312  0.000052213, -0.000116131  0.000541406
DIFF:  075 |  0.000000000  0.000000000  0.000000000  0.000000000  0.000000000  0.000038705 |          0.0 | -0.000000028 -0.000000001,  0.000000037  0.000000018
MOVE:  075 | -0.000000000 -0.000004500 -0.000000000 -0.000000000  0.000000000  0.000003519 |         -0.1 |  0.000000105  0.000000051,  0.000001686 -0.000000548
CONST: 075 | 19 0.000413 -0.0001465 0.000213 0.00414 -0.000326 3.5186e-06

ABS:   076 |  0.000413000 -0.000146500  0.000213000  0.004140000 -0.000326000 -0.000003519 |         52.4 |  0.000002317  0.000052213, -0.000116138  0.000541402
DIFF:  076 |  0.000000000  0.000000000  0.000000000  0.000000000  0.000000000 -0.000007037 |         -0.0 |  0.000000005  0.000000000, -0.000000007 -0.000000003
MOVE:  076 | -0.000000000 -0.000004500 -0.000000000 -0.000000000  0.000000000 -0.000003519 |         -0.1 |  0.000000111  0.000000051,  0.000001679 -0.000000551
CONST: 076 | 19 0.000413 -0.0001465 0.000213 0.00414 -0.000326 -3.5186e-06

ABS:   077 |  0.000437197 -0.000237857  0.000213058  0.002849205 -0.000282152 -0.001055321 |         54.3 |  0.000018292  0.000052802, -0.000037111  0.000550653
DIFF:  077 |  0.000024197 -0.000091357  0.000000058 -0.001290795  0.000043848 -0.001051802 |          1.9 |  0.000015975  0.000000589,  0.000079027  0.000009250
MOVE:  077 |  0.000024197 -0.000095857  0.000000058 -0.001290795  0.000043848 -0.001055321 |          1.8 |  0.000016086  0.000000640,  0.000080707  0.000008699
CONST: 077 | 19 0.000437197 -0.000237857 0.000213058 0.00284921 -0.000282152 -0.00105532

ABS:   078 |  0.000422742 -0.000183325  0.000213023  0.003620313 -0.000308348 -0.000424870 |         52.9 |  0.000009391  0.000052188, -0.000083339  0.000545474
DIFF:  078 | -0.000014455  0.000054532 -0.000000035  0.000771108 -0.000026196  0.000630451 |         -1.4 | -0.000008901 -0.000000613, -0.000046228 -0.000005178
MOVE:  078 |  0.000009742 -0.000041325  0.000000023 -0.000519687  0.000017652 -0.000424870 |          0.4 |  0.000007184  0.000000026,  0.000034478  0.000003521
CONST: 078 | 19 0.000422742 -0.000183325 0.000213023 0.00362031 -0.000308348 -0.00042487

ABS:   079 |  0.000417225 -0.000162475  0.000213010  0.003914611 -0.000318344 -0.000184266 |         52.7 |  0.000005515  0.000052244, -0.000103816  0.000543363
DIFF:  079 | -0.000005517  0.000020851 -0.000000013  0.000294298 -0.000009996  0.000240604 |         -0.2 | -0.000003876  0.000000056, -0.000020477 -0.000002111
MOVE:  079 |  0.000004225 -0.000020475  0.000000010 -0.000225389  0.000007656 -0.000184266 |          0.2 |  0.000003309  0.000000082,  0.000014001  0.000001410
CONST: 079 | 19 0.000417225 -0.000162475 0.00021301 0.00391461 -0.000318344 -0.000184266

ABS:   080 |  0.000414736 -0.000153065  0.000213004  0.004047376 -0.000322854 -0.000075724 |         52.8 |  0.000003626  0.000052311, -0.000111361  0.000543551
DIFF:  080 | -0.000002489  0.000009409 -0.000000006  0.000132765 -0.000004510  0.000108541 |          0.1 | -0.000001889  0.000000067, -0.000007545  0.000000187
MOVE:  080 |  0.000001736 -0.000011065  0.000000004 -0.000092624  0.000003146 -0.000075724 |          0.3 |  0.000001419  0.000000149,  0.000006457  0.000001597
CONST: 080 | 19 0.000414736 -0.000153065 0.000213004 0.00404738 -0.000322854 -7.57243e-05

ABS:   081 |  0.000413486 -0.000148339  0.000213001  0.004114053 -0.000325119 -0.000021213 |         52.8 |  0.000002672  0.000052168, -0.000116460  0.000543105
DIFF:  081 | -0.000001250  0.000004726 -0.000000003  0.000066677 -0.000002265  0.000054511 |         -0.0 | -0.000000953 -0.000000143, -0.000005099 -0.000000446
MOVE:  081 |  0.000000486 -0.000006339  0.000000001 -0.000025947  0.000000881 -0.000021213 |          0.3 |  0.000000466  0.000000006,  0.000001357  0.000001152
CONST: 081 | 19 0.000413486 -0.000148339 0.000213001 0.00411405 -0.000325119 -2.12128e-05

ABS:   082 |  0.000413070 -0.000146764  0.000213000  0.004136279 -0.000325874 -0.000003042 |         52.5 |  0.000002339  0.000052177, -0.000116669  0.000542024
DIFF:  082 | -0.000000417  0.000001575 -0.000000001  0.000022226 -0.000000755  0.000018170 |         -0.2 | -0.000000333  0.000000009, -0.000000209 -0.000001081
MOVE:  082 |  0.000000070 -0.000004764  0.000000000 -0.000003721  0.000000126 -0.000003042 |          0.0 |  0.000000133  0.000000015,  0.000001148  0.000000071
CONST: 082 | 19 0.00041307 -0.000146764 0.000213 0.00413628 -0.000325874 -3.04245e-06

ABS:   083 |  0.000413005 -0.000146518  0.000213000  0.004139744 -0.000325991 -0.000000209 |         52.4 |  0.000002319  0.000052213, -0.000116103  0.000541403
DIFF:  083 | -0.000000065  0.000000246 -0.000000000  0.000003466 -0.000000118  0.000002833 |         -0.1 | -0.000000021  0.000000036,  0.000000566 -0.000000621
MOVE:  083 |  0.000000005 -0.000004518  0.000000000 -0.000000256  0.000000009 -0.000000209 |         -0.1 |  0.000000113  0.000000051,  0.000001714 -0.000000550
CONST: 083 | 19 0.000413005 -0.000146518 0.000213 0.00413974 -0.000325991 -2.09038e-07

ABS:   084 |  0.000413088 -0.000146518  0.000213000  0.004139744 -0.000325991 -0.000000209 |         52.4 |  0.000002381  0.000052194, -0.000116103  0.000541403
DIFF:  084 |  0.000000083  0.000000000  0.000000000  0.000000000  0.000000000  0.000000000 |         -0.0 |  0.000000063 -0.000000019,  0.000000000  0.000000000
MOVE:  084 |  0.000000088 -0.000004518  0.000000000 -0.000000256  0.000000009 -0.000000209 |         -0.1 |  0.000000175  0.000000032,  0.000001714 -0.000000550
CONST: 084 | 19 0.000413088 -0.000146518 0.000213 0.00413974 -0.000325991 -2.09038e-07

ABS:   085 |  0.000412922 -0.000146518  0.000213000  0.004139744 -0.000325991 -0.000000209 |         52.4 |  0.000002256  0.000052231, -0.000116103  0.000541403
DIFF:  085 | -0.000000166  0.000000000  0.000000000  0.000000000  0.000000000  0.000000000 |          0.0 | -0.000000125  0.000000037, -0.000000000 -0.000000000
MOVE:  085 | -0.000000078 -0.000004518  0.000000000 -0.000000256  0.000000009 -0.000000209 |         -0.1 |  0.000000050  0.000000070,  0.000001714 -0.000000550
CONST: 085 | 19 0.000412922 -0.000146518 0.000213 0.00413974 -0.000325991 -2.09038e-07

ABS:   086 |  0.000413005 -0.000146418  0.000213000  0.004139744 -0.000325991 -0.000000209 |         52.4 |  0.000002318  0.000052213, -0.000116190  0.000541405
DIFF:  086 |  0.000000083  0.000000100  0.000000000  0.000000000  0.000000000  0.000000000 |         -0.0 |  0.000000062 -0.000000019, -0.000000087  0.000000002
MOVE:  086 |  0.000000005 -0.000004418  0.000000000 -0.000000256  0.000000009 -0.000000209 |         -0.1 |  0.000000112  0.000000051,  0.000001627 -0.000000548
CONST: 086 | 19 0.000413005 -0.000146418 0.000213 0.00413974 -0.000325991 -2.09038e-07

ABS:   087 |  0.000413005 -0.000146618  0.000213000  0.004139744 -0.000325991 -0.000000209 |         52.4 |  0.000002319  0.000052213, -0.000116016  0.000541402
DIFF:  087 |  0.000000000 -0.000000200  0.000000000  0.000000000  0.000000000  0.000000000 |         -0.0 |  0.000000001  0.000000001,  0.000000174 -0.000000003
MOVE:  087 |  0.000000005 -0.000004618  0.000000000 -0.000000256  0.000000009 -0.000000209 |         -0.1 |  0.000000113  0.000000051,  0.000001801 -0.000000552
CONST: 087 | 19 0.000413005 -0.000146618 0.000213 0.00413974 -0.000325991 -2.09038e-07

ABS:   088 |  0.000413005 -0.000146518  0.000213030  0.004139744 -0.000325991 -0.000000209 |         52.4 |  0.000002319  0.000052213, -0.000116133  0.000541403
DIFF:  088 |  0.000000000  0.000000100  0.000000030  0.000000000  0.000000000  0.000000000 |          0.0 | -0.000000001 -0.000000000, -0.000000117  0.000000002
MOVE:  088 |  0.000000005 -0.000004518  0.000000030 -0.000000256  0.000000009 -0.000000209 |         -0.1 |  0.000000113  0.000000051,  0.000001684 -0.000000550
CONST: 088 | 19 0.000413005 -0.000146518 0.00021303 0.00413974 -0.000325991 -2.09038e-07

ABS:   089 |  0.000413005 -0.000146518  0.000212970  0.004139744 -0.000325991 -0.000000209 |         52.4 |  0.000002319  0.000052213, -0.000116073  0.000541403
DIFF:  089 |  0.000000000  0.000000000 -0.000000060  0.000000000  0.000000000  0.000000000 |         -0.0 | -0.000000000  0.000000000,  0.000000060 -0.000000000
MOVE:  089 |  0.000000005 -0.000004518 -0.000000030 -0.000000256  0.000000009 -0.000000209 |         -0.1 |  0.000000113  0.000000051,  0.000001744 -0.000000550
CONST: 089 | 19 0.000413005 -0.000146518 0.00021297 0.00413974 -0.000325991 -2.09038e-07

ABS:   090 |  0.000413005 -0.000146518  0.000213300  0.004139744 -0.000325991 -0.000000209 |         52.4 |  0.000002319  0.000052213, -0.000116096  0.000541680
DIFF:  090 |  0.000000000  0.000000000  0.000000330  0.000000000  0.000000000  0.000000000 |          0.1 |  0.000000000 -0.000000000, -0.000000023  0.000000277
MOVE:  090 |  0.000000005 -0.000004518  0.000000300 -0.000000256  0.000000009 -0.000000209 |         -0.1 |  0.000000113  0.000000051,  0.000001721 -0.000000273
CONST: 090 | 19 0.000413005 -0.000146518 0.0002133 0.00413974 -0.000325991 -2.09038e-07

ABS:   091 |  0.000413005 -0.000146518  0.000212700  0.004139744 -0.000325991 -0.000000209 |         52.5 |  0.000002319  0.000052213, -0.000116549  0.000541876
DIFF:  091 |  0.000000000  0.000000000 -0.000000599  0.000000000  0.000000000  0.000000000 |          0.1 | -0.000000000  0.000000000, -0.000000452  0.000000195
MOVE:  091 |  0.000000005 -0.000004518 -0.000000300 -0.000000256  0.000000009 -0.000000209 |          0.0 |  0.000000112  0.000000051,  0.000001269 -0.000000078
CONST: 091 | 19 0.000413005 -0.000146518 0.0002127 0.00413974 -0.000325991 -2.09038e-07

ABS:   092 |  0.000413005 -0.000146518  0.000213030  0.004139744 -0.000325991 -0.000000209 |         52.4 |  0.000002319  0.000052213, -0.000116133  0.000541403
DIFF:  092 |  0.000000000  0.000000000  0.000000330  0.000000000  0.000000000  0.000000000 |         -0.1 |  0.000000000 -0.000000000,  0.000000416 -0.000000472
MOVE:  092 |  0.000000005 -0.000004518  0.000000030 -0.000000256  0.000000009 -0.000000209 |         -0.1 |  0.000000113  0.000000051,  0.000001684 -0.000000550
CONST: 092 | 19 0.000413005 -0.000146518 0.00021303 0.00413974 -0.000325991 -2.09038e-07

ABS:   093 |  0.000413005 -0.000146518  0.000212970  0.004139744 -0.000325991 -0.000000209 |         52.4 |  0.000002319  0.000052213, -0.000116073  0.000541403
DIFF:  093 |  0.000000000  0.000000000 -0.000000060  0.000000000  0.000000000  0.000000000 |         -0.0 | -0.000000000  0.000000000,  0.000000060 -0.000000000
MOVE:  093 |  0.000000005 -0.000004518 -0.000000030 -0.000000256  0.000000009 -0.000000209 |         -0.1 |  0.000000113  0.000000051,  0.000001744 -0.000000550
CONST: 093 | 19 0.000413005 -0.000146518 0.00021297 0.00413974 -0.000325991 -2.09038e-07

ABS:   094 |  0.000413005 -0.000146518  0.000213000  0.004143622 -0.000325991 -0.000000209 |         52.4 |  0.000002318  0.000052213, -0.000116348  0.000541407
DIFF:  094 |  0.000000000  0.000000000  0.000000030  0.000003878  0.000000000  0.000000000 |          0.0 | -0.000000001 -0.000000000, -0.000000275  0.000000004
MOVE:  094 |  0.000000005 -0.000004518  0.000000000  0.000003622  0.000000009 -0.000000209 |         -0.1 |  0.000000111  0.000000051,  0.000001470 -0.000000546
CONST: 094 | 19 0.000413005 -0.000146518 0.000213 0.00414362 -0.000325991 -2.09038e-07

ABS:   095 |  0.000413005 -0.000146518  0.000213000  0.004135866 -0.000325991 -0.000000209 |         52.4 |  0.000002320  0.000052213, -0.000116107  0.000541557
DIFF:  095 |  0.000000000  0.000000000  0.000000000 -0.000007756  0.000000000  0.000000000 |          0.0 |  0.000000002  0.000000000,  0.000000240  0.000000150
MOVE:  095 |  0.000000005 -0.000004518  0.000000000 -0.000004134  0.000000009 -0.000000209 |         -0.1 |  0.000000114  0.000000051,  0.000001710 -0.000000396
CONST: 095 | 19 0.000413005 -0.000146518 0.000213 0.00413587 -0.000325991 -2.09038e-07

ABS:   096 |  0.000413005 -0.000146518  0.000213000  0.004140132 -0.000325991 -0.000000209 |         52.4 |  0.000002319  0.000052213, -0.000116128  0.000541404
DIFF:  096 |  0.000000000  0.000000000  0.000000000  0.000004266  0.000000000  0.000000000 |         -0.0 | -0.000000001 -0.000000000, -0.000000020 -0.000000154
MOVE:  096 |  0.000000005 -0.000004518  0.000000000  0.000000132  0.000000009 -0.000000209 |         -0.1 |  0.000000112  0.000000051,  0.000001690 -0.000000550
CONST: 096 | 19 0.000413005 -0.000146518 0.000213 0.00414013 -0.000325991 -2.09038e-07

ABS:   097 |  0.000413005 -0.000146518  0.000213000  0.004139356 -0.000325991 -0.000000209 |         52.4 |  0.000002319  0.000052213, -0.000116079  0.000541403
DIFF:  097 |  0.000000000  0.000000000  0.000000000 -0.000000776  0.000000000  0.000000000 |         -0.0 |  0.000000000  0.000000000,  0.000000049 -0.000000001
MOVE:  097 |  0.000000005 -0.000004518  0.000000000 -0.000000644  0.000000009 -0.000000209 |         -0.1 |  0.000000113  0.000000051,  0.000001739 -0.000000550
CONST: 097 | 19 0.000413005 -0.000146518 0.000213 0.00413936 -0.000325991 -2.09038e-07

ABS:   098 |  0.000413005 -0.000146518  0.000213000  0.004143622 -0.000325991 -0.000000209 |         52.4 |  0.000002318  0.000052213, -0.000116348  0.000541407
DIFF:  098 |  0.000000000  0.000000000  0.000000000  0.000004266  0.000000000  0.000000000 |          0.0 | -0.000000001 -0.000000000, -0.000000269  0.000000004
MOVE:  098 |  0.000000005 -0.000004518  0.000000000  0.000003622  0.000000009 -0.000000209 |         -0.1 |  0.000000111  0.000000051,  0.000001470 -0.000000546
CONST: 098 | 19 0.000413005 -0.000146518 0.000213 0.00414362 -0.000325991 -2.09038e-07

ABS:   099 |  0.000413005 -0.000146518  0.000213000  0.004135866 -0.000325991 -0.000000209 |         52.4 |  0.000002320  0.000052213, -0.000116107  0.000541557
DIFF:  099 |  0.000000000  0.000000000  0.000000000 -0.000007756  0.000000000  0.000000000 |          0.0 |  0.000000002  0.000000000,  0.000000240  0.000000150
MOVE:  099 |  0.000000005 -0.000004518  0.000000000 -0.000004134  0.000000009 -0.000000209 |         -0.1 |  0.000000114  0.000000051,  0.000001710 -0.000000396
CONST: 099 | 19 0.000413005 -0.000146518 0.000213 0.00413587 -0.000325991 -2.09038e-07

ABS:   100 |  0.000413005 -0.000146518  0.000213000  0.004139744 -0.000325877 -0.000000209 |         52.4 |  0.000002332  0.000052231, -0.000116103  0.000541403
DIFF:  100 |  0.000000000  0.000000000  0.000000000  0.000003878  0.000000114  0.000000000 |         -0.0 |  0.000000012  0.000000018,  0.000000004 -0.000000154
MOVE:  100 |  0.000000005 -0.000004518  0.000000000 -0.000000256  0.000000123 -0.000000209 |         -0.1 |  0.000000126  0.000000069,  0.000001714 -0.000000550
CONST: 100 | 19 0.000413005 -0.000146518 0.000213 0.00413974 -0.000325877 -2.09038e-07

ABS:   101 |  0.000413005 -0.000146518  0.000213000  0.004139744 -0.000326105 -0.000000209 |         52.4 |  0.000002326  0.000052213, -0.000116103  0.000541404
DIFF:  101 |  0.000000000  0.000000000  0.000000000  0.000000000 -0.000000228  0.000000000 |         -0.0 | -0.000000006 -0.000000018,  0.000000000  0.000000000
MOVE:  101 |  0.000000005 -0.000004518  0.000000000 -0.000000256 -0.000000105 -0.000000209 |         -0.1 |  0.000000120  0.000000051,  0.000001714 -0.000000550
CONST: 101 | 19 0.000413005 -0.000146518 0.000213 0.00413974 -0.000326105 -2.09038e-07

ABS:   102 |  0.000413005 -0.000146518  0.000213000  0.004139744 -0.000325980 -0.000000209 |         52.4 |  0.000002318  0.000052213, -0.000116103  0.000541403
DIFF:  102 |  0.000000000  0.000000000  0.000000000  0.000000000  0.000000125  0.000000000 |         -0.0 | -0.000000008 -0.000000000, -0.000000000 -0.000000000
MOVE:  102 |  0.000000005 -0.000004518  0.000000000 -0.000000256  0.000000020 -0.000000209 |         -0.1 |  0.000000112  0.000000051,  0.000001714 -0.000000550
CONST: 102 | 19 0.000413005 -0.000146518 0.000213 0.00413974 -0.00032598 -2.09038e-07

ABS:   103 |  0.000413005 -0.000146518  0.000213000  0.004139744 -0.000326003 -0.000000209 |         52.4 |  0.000002320  0.000052213, -0.000116103  0.000541403
DIFF:  103 |  0.000000000  0.000000000  0.000000000  0.000000000 -0.000000023  0.000000000 |          0.0 |  0.000000001  0.000000000,  0.000000000  0.000000000
MOVE:  103 |  0.000000005 -0.000004518  0.000000000 -0.000000256 -0.000000003 -0.000000209 |         -0.1 |  0.000000113  0.000000051,  0.000001714 -0.000000550
CONST: 103 | 19 0.000413005 -0.000146518 0.000213 0.00413974 -0.000326003 -2.09038e-07

ABS:   104 |  0.000413005 -0.000146518  0.000213000  0.004139744 -0.000325877 -0.000000209 |         52.4 |  0.000002332  0.000052231, -0.000116103  0.000541403
DIFF:  104 |  0.000000000  0.000000000  0.000000000  0.000000000  0.000000125  0.000000000 |          0.0 |  0.000000012  0.000000018, -0.000000000 -0.000000000
MOVE:  104 |  0.000000005 -0.000004518  0.000000000 -0.000000256  0.000000123 -0.000000209 |         -0.1 |  0.000000126  0.000000069,  0.000001714 -0.000000550
CONST: 104 | 19 0.000413005 -0.000146518 0.000213 0.00413974 -0.000325877 -2.09038e-07

ABS:   105 |  0.000413005 -0.000146518  0.000213000  0.004139744 -0.000326105 -0.000000209 |         52.4 |  0.000002326  0.000052213, -0.000116103  0.000541404
DIFF:  105 |  0.000000000  0.000000000  0.000000000  0.000000000 -0.000000228  0.000000000 |         -0.0 | -0.000000006 -0.000000018,  0.000000000  0.000000000
MOVE:  105 |  0.000000005 -0.000004518  0.000000000 -0.000000256 -0.000000105 -0.000000209 |         -0.1 |  0.000000120  0.000000051,  0.000001714 -0.000000550
CONST: 105 | 19 0.000413005 -0.000146518 0.000213 0.00413974 -0.000326105 -2.09038e-07

ABS:   106 |  0.000413005 -0.000146518  0.000213000  0.004139744 -0.000325991  0.000034977 |         52.4 |  0.000002294  0.000052212, -0.000116070  0.000541420
DIFF:  106 |  0.000000000  0.000000000  0.000000000  0.000000000  0.000000114  0.000035186 |          0.0 | -0.000000033 -0.000000001,  0.000000033  0.000000017
MOVE:  106 |  0.000000005 -0.000004518  0.000000000 -0.000000256  0.000000009  0.000034977 |         -0.1 |  0.000000087  0.000000050,  0.000001748 -0.000000533
CONST: 106 | 19 0.000413005 -0.000146518 0.000213 0.00413974 -0.000325991 3.49765e-05

ABS:   107 |  0.000413005 -0.000146518  0.000213000  0.004139744 -0.000325991 -0.000035395 |         52.4 |  0.000002344  0.000052214, -0.000116137  0.000541387
DIFF:  107 |  0.000000000  0.000000000  0.000000000  0.000000000  0.000000000 -0.000070371 |         -0.0 |  0.000000051  0.000000002, -0.000000067 -0.000000033
MOVE:  107 |  0.000000005 -0.000004518  0.000000000 -0.000000256  0.000000009 -0.000035395 |         -0.1 |  0.000000138  0.000000052,  0.000001681 -0.000000567
CONST: 107 | 19 0.000413005 -0.000146518 0.000213 0.00413974 -0.000325991 -3.53946e-05

ABS:   108 |  0.000437111 -0.000237868  0.000213047  0.003314716 -0.000450391 -0.001055394 |         54.3 |  0.000026582  0.000051801, -0.000050561  0.000546944
DIFF:  108 |  0.000024106 -0.000091349  0.000000047 -0.000825029 -0.000124399 -0.001019999 |          1.9 |  0.000024238 -0.000000413,  0.000065576  0.000005557
MOVE:  108 |  0.000024111 -0.000095868  0.000000047 -0.000825284 -0.000124391 -0.001055394 |          1.8 |  0.000024376 -0.000000361,  0.000067256  0.000004991
CONST: 108 | 19 0.000437111 -0.000237868 0.000213047 0.00331472 -0.000450391 -0.00105539

