ABS:   itr |       deltaX       deltaY       deltaZ         phiX         phiY         phiZ |        chisq |    rphi mean     rphi rms,       z mean        z rms
ABS:   =========================================================================================================================================================
DIFF:  itr |       deltaX       deltaY       deltaZ         phiX         phiY         phiZ |        chisq |    rphi mean     rphi rms,       z mean        z rms
DIFF:  =========================================================================================================================================================
MOVE:  itr |       deltaX       deltaY       deltaZ         phiX         phiY         phiZ |        chisq |    rphi mean     rphi rms,       z mean        z rms
MOVE:  =========================================================================================================================================================
ABS:   001 |  0.000009000  0.000050000  0.000007000  0.002000000  0.000266000  0.000000000 |          1.1 |  0.000000132  0.000048558,  0.000040482  0.000556370
CONST: 001 | 54 9e-06 5e-05 7e-06 0.002 0.000266 0

ABS:   001 |  0.000009000  0.000050000  0.000007000  0.002000000  0.000266000  0.000000000 |          1.1 |  0.000000132  0.000048558,  0.000040482  0.000556370
CONST: 001 | 54 9e-06 5e-05 7e-06 0.002 0.000266 0

ABS:   002 |  0.000019000  0.000050000  0.000007000  0.002000000  0.000266000  0.000000000 |          1.1 |  0.000005162  0.000048836,  0.000040479  0.000556370
DIFF:  002 |  0.000010000  0.000000000  0.000000000  0.000000000  0.000000000  0.000000000 |          0.0 |  0.000005030  0.000000278, -0.000000003  0.000000000
MOVE:  002 |  0.000010000  0.000000000  0.000000000  0.000000000  0.000000000  0.000000000 |          0.0 |  0.000005030  0.000000278, -0.000000003  0.000000000
CONST: 002 | 54 1.9e-05 5e-05 7e-06 0.002 0.000266 0

ABS:   003 | -0.000001000  0.000050000  0.000007000  0.002000000  0.000266000  0.000000000 |          1.1 | -0.000007357  0.000048694,  0.000040484  0.000556370
DIFF:  003 | -0.000020000  0.000000000  0.000000000  0.000000000  0.000000000  0.000000000 |          0.0 | -0.000012519 -0.000000142,  0.000000005 -0.000000000
MOVE:  003 | -0.000010000  0.000000000  0.000000000  0.000000000  0.000000000  0.000000000 |          0.0 | -0.000007489  0.000000136,  0.000000003  0.000000000
CONST: 003 | 54 -1e-06 5e-05 7e-06 0.002 0.000266 0

ABS:   004 |  0.000108835  0.000050000  0.000007000  0.002000000  0.000266000  0.000000000 |          1.1 |  0.000063557  0.000037959,  0.000040455  0.000556370
DIFF:  004 |  0.000109835  0.000000000  0.000000000  0.000000000  0.000000000  0.000000000 |          0.1 |  0.000070914 -0.000010736, -0.000000029  0.000000000
MOVE:  004 |  0.000099835  0.000000000  0.000000000  0.000000000  0.000000000  0.000000000 |          0.1 |  0.000063425 -0.000010600, -0.000000027  0.000000000
CONST: 004 | 54 0.000108835 5e-05 7e-06 0.002 0.000266 0

ABS:   005 | -0.000090835  0.000050000  0.000007000  0.002000000  0.000266000  0.000000000 |          1.2 | -0.000056006  0.000054291,  0.000040508  0.000556370
DIFF:  005 | -0.000199670  0.000000000  0.000000000  0.000000000  0.000000000  0.000000000 |          0.1 | -0.000119562  0.000016333,  0.000000053  0.000000000
MOVE:  005 | -0.000099835  0.000000000  0.000000000  0.000000000  0.000000000  0.000000000 |          0.1 | -0.000056137  0.000005733,  0.000000027  0.000000000
CONST: 005 | 54 -9.08351e-05 5e-05 7e-06 0.002 0.000266 0

ABS:   006 |  0.000009000  0.000060000  0.000007000  0.002000000  0.000266000  0.000000000 |          1.1 |  0.000000984  0.000048624,  0.000032755  0.000557143
DIFF:  006 |  0.000099835  0.000010000  0.000000000  0.000000000  0.000000000  0.000000000 |         -0.1 |  0.000056990 -0.000005667, -0.000007753  0.000000773
MOVE:  006 | -0.000000000  0.000010000  0.000000000  0.000000000  0.000000000  0.000000000 |          0.0 |  0.000000852  0.000000066, -0.000007727  0.000000773
CONST: 006 | 54 9e-06 6e-05 7e-06 0.002 0.000266 0

ABS:   007 |  0.000009000  0.000040000  0.000007000  0.002000000  0.000266000  0.000000000 |          1.1 | -0.000000721  0.000048499,  0.000048209  0.000555663
DIFF:  007 |  0.000000000 -0.000020000  0.000000000  0.000000000  0.000000000  0.000000000 |         -0.0 | -0.000001705 -0.000000125,  0.000015454 -0.000001480
MOVE:  007 | -0.000000000 -0.000010000  0.000000000  0.000000000  0.000000000  0.000000000 |         -0.0 | -0.000000852 -0.000000060,  0.000007727 -0.000000707
CONST: 007 | 54 9e-06 4e-05 7e-06 0.002 0.000266 0

ABS:   008 |  0.000009000  0.000149835  0.000007000  0.002000000  0.000266000  0.000000000 |          1.1 |  0.000006165  0.000046975,  0.000001223  0.000574106
DIFF:  008 |  0.000000000  0.000109835  0.000000000  0.000000000  0.000000000  0.000000000 |          0.1 |  0.000006885 -0.000001524, -0.000046985  0.000018443
MOVE:  008 | -0.000000000  0.000099835  0.000000000  0.000000000  0.000000000  0.000000000 |          0.1 |  0.000006033 -0.000001584, -0.000039258  0.000017736
CONST: 008 | 54 9e-06 0.000149835 7e-06 0.002 0.000266 0

ABS:   009 |  0.000009000 -0.000049835  0.000007000  0.002000000  0.000266000  0.000000000 |          1.1 | -0.000007007  0.000049321,  0.000065195  0.000555370
DIFF:  009 |  0.000000000 -0.000199670  0.000000000  0.000000000  0.000000000  0.000000000 |         -0.0 | -0.000013172  0.000002346,  0.000063972 -0.000018736
MOVE:  009 | -0.000000000 -0.000099835  0.000000000  0.000000000  0.000000000  0.000000000 |          0.0 | -0.000007139  0.000000762,  0.000024714 -0.000001000
CONST: 009 | 54 9e-06 -4.98351e-05 7e-06 0.002 0.000266 0

ABS:   010 |  0.000009000  0.000050000  0.000507000  0.002000000  0.000266000  0.000000000 |          1.1 |  0.000000084  0.000048565, -0.000227830  0.000542711
DIFF:  010 |  0.000000000  0.000099835  0.000500000  0.000000000  0.000000000  0.000000000 |          0.0 |  0.000007091 -0.000000756, -0.000293025 -0.000012659
MOVE:  010 | -0.000000000  0.000000000  0.000500000  0.000000000  0.000000000  0.000000000 |          0.0 | -0.000000048  0.000000006, -0.000268311 -0.000013659
CONST: 010 | 54 9e-06 5e-05 0.000507 0.002 0.000266 0

ABS:   011 |  0.000009000  0.000050000 -0.000493000  0.002000000  0.000266000  0.000000000 |          1.0 |  0.000000179  0.000048552,  0.000319505  0.000479376
DIFF:  011 |  0.000000000  0.000000000 -0.001000000  0.000000000  0.000000000  0.000000000 |         -0.1 |  0.000000096 -0.000000013,  0.000547335 -0.000063335
MOVE:  011 | -0.000000000  0.000000000 -0.000500000  0.000000000  0.000000000  0.000000000 |         -0.1 |  0.000000048 -0.000000006,  0.000279024 -0.000076994
CONST: 011 | 54 9e-06 5e-05 -0.000493 0.002 0.000266 0

ABS:   012 |  0.000009000  0.000050000  0.004801255  0.002000000  0.000266000  0.000000000 |          0.1 | -0.000000326  0.000048621, -0.000410816  0.000000000
DIFF:  012 |  0.000000000  0.000000000  0.005294255  0.000000000  0.000000000  0.000000000 |         -0.8 | -0.000000506  0.000000069, -0.000730321 -0.000479376
MOVE:  012 | -0.000000000  0.000000000  0.004794255  0.000000000  0.000000000  0.000000000 |         -0.9 | -0.000000458  0.000000063, -0.000451297 -0.000556370
CONST: 012 | 54 9e-06 5e-05 0.00480126 0.002 0.000266 0

ABS:   013 |  0.000009000  0.000050000 -0.004787255  0.002000000  0.000266000  0.000000000 |          0.1 |  0.000000590  0.000048501,          NaN          NaN
DIFF:  013 |  0.000000000  0.000000000 -0.009588511  0.000000000  0.000000000  0.000000000 |         -0.0 |  0.000000916 -0.000000120,          NaN          NaN
MOVE:  013 | -0.000000000  0.000000000 -0.004794255  0.000000000  0.000000000  0.000000000 |         -0.9 |  0.000000458 -0.000000057,          NaN          NaN
CONST: 013 | 54 9e-06 5e-05 -0.00478726 0.002 0.000266 0

ABS:   014 |  0.000009000  0.000050000  0.000007000  0.002400000  0.000266000  0.000000000 |          1.1 |  0.000002703  0.000047680,  0.000014401  0.000567024
DIFF:  014 |  0.000000000  0.000000000  0.004794255  0.000400000  0.000000000  0.000000000 |          1.0 |  0.000002114 -0.000000822,          NaN          NaN
MOVE:  014 | -0.000000000  0.000000000  0.000000000  0.000400000  0.000000000  0.000000000 |          0.0 |  0.000002572 -0.000000879, -0.000026081  0.000010654
CONST: 014 | 54 9e-06 5e-05 7e-06 0.0024 0.000266 0

ABS:   015 |  0.000009000  0.000050000  0.000007000  0.001600000  0.000266000  0.000000000 |          1.1 | -0.000002410  0.000049547,  0.000053341  0.000557151
DIFF:  015 |  0.000000000  0.000000000  0.000000000 -0.000800000  0.000000000  0.000000000 |         -0.0 | -0.000005113  0.000001867,  0.000038940 -0.000009873
MOVE:  015 | -0.000000000  0.000000000  0.000000000 -0.000400000  0.000000000  0.000000000 |          0.0 | -0.000002541  0.000000988,  0.000012860  0.000000781
CONST: 015 | 54 9e-06 5e-05 7e-06 0.0016 0.000266 0

ABS:   016 |  0.000009000  0.000050000  0.000007000  0.005995777  0.000266000  0.000000000 |          1.3 |  0.000030033  0.000053225, -0.000136508  0.000583039
DIFF:  016 |  0.000000000  0.000000000  0.000000000  0.004395777  0.000000000  0.000000000 |          0.2 |  0.000032443  0.000003678, -0.000189849  0.000025888
MOVE:  016 | -0.000000000  0.000000000  0.000000000  0.003995777  0.000000000  0.000000000 |          0.2 |  0.000029901  0.000004666, -0.000176989  0.000026669
CONST: 016 | 54 9e-06 5e-05 7e-06 0.00599578 0.000266 0

ABS:   017 |  0.000009000  0.000050000  0.000007000 -0.001995777  0.000266000  0.000000000 |          0.9 | -0.000026104  0.000050182,  0.000206766  0.000467801
DIFF:  017 |  0.000000000  0.000000000  0.000000000 -0.007991554  0.000000000  0.000000000 |         -0.4 | -0.000056137 -0.000003043,  0.000343274 -0.000115238
MOVE:  017 | -0.000000000  0.000000000  0.000000000 -0.003995777  0.000000000  0.000000000 |         -0.2 | -0.000026236  0.000001623,  0.000166285 -0.000088569
CONST: 017 | 54 9e-06 5e-05 7e-06 -0.00199578 0.000266 0

ABS:   018 |  0.000009000  0.000050000  0.000007000  0.002000000  0.001266000  0.000000000 |          1.2 | -0.000040043  0.000060792,  0.000030575  0.000556809
DIFF:  018 |  0.000000000  0.000000000  0.000000000  0.003995777  0.001000000  0.000000000 |          0.3 | -0.000013939  0.000010610, -0.000176191  0.000089008
MOVE:  018 | -0.000000000  0.000000000  0.000000000  0.000000000  0.001000000  0.000000000 |          0.1 | -0.000040175  0.000012233, -0.000009907  0.000000439
CONST: 018 | 54 9e-06 5e-05 7e-06 0.002 0.001266 0

ABS:   019 |  0.000009000  0.000050000  0.000007000  0.002000000 -0.000734000  0.000000000 |          1.1 |  0.000046318  0.000062897,  0.000050464  0.000555975
DIFF:  019 |  0.000000000  0.000000000  0.000000000  0.000000000 -0.002000000  0.000000000 |         -0.0 |  0.000086362  0.000002106,  0.000019889 -0.000000834
MOVE:  019 | -0.000000000  0.000000000  0.000000000  0.000000000 -0.001000000  0.000000000 |          0.1 |  0.000046187  0.000014339,  0.000009982 -0.000000395
CONST: 019 | 54 9e-06 5e-05 7e-06 0.002 -0.000734 0

ABS:   020 |  0.000009000  0.000050000  0.000007000  0.002000000  0.010200120  0.000000000 |          1.0 | -0.000065310  0.000018665, -0.000016644  0.000571068
DIFF:  020 |  0.000000000  0.000000000  0.000000000  0.000000000  0.010934120  0.000000000 |         -0.2 | -0.000111628 -0.000044232, -0.000067108  0.000015092
MOVE:  020 | -0.000000000  0.000000000  0.000000000  0.000000000  0.009934120  0.000000000 |         -0.1 | -0.000065441 -0.000029893, -0.000057126  0.000014698
CONST: 020 | 54 9e-06 5e-05 7e-06 0.002 0.0102001 0

ABS:   021 |  0.000009000  0.000050000  0.000007000  0.002000000 -0.009668120  0.000000000 |          0.9 |  0.000016493  0.000007267,  0.000064463  0.000540394
DIFF:  021 |  0.000000000  0.000000000  0.000000000  0.000000000 -0.019868240  0.000000000 |         -0.1 |  0.000081803 -0.000011398,  0.000081107 -0.000030674
MOVE:  021 | -0.000000000  0.000000000  0.000000000  0.000000000 -0.009934120  0.000000000 |         -0.2 |  0.000016362 -0.000041291,  0.000023981 -0.000015976
CONST: 021 | 54 9e-06 5e-05 7e-06 0.002 -0.00966812 0

ABS:   022 |  0.000009000  0.000050000  0.000007000  0.002000000  0.000266000  0.000200000 |          1.1 | -0.000000097  0.000048553,  0.000042614  0.000556320
DIFF:  022 |  0.000000000  0.000000000  0.000000000  0.000000000  0.009934120  0.000200000 |          0.2 | -0.000016590  0.000041286, -0.000021849  0.000015926
MOVE:  022 | -0.000000000  0.000000000  0.000000000  0.000000000  0.000000000  0.000200000 |          0.0 | -0.000000228 -0.000000005,  0.000002132 -0.000000050
CONST: 022 | 54 9e-06 5e-05 7e-06 0.002 0.000266 0.0002

ABS:   023 |  0.000009000  0.000050000  0.000007000  0.002000000  0.000266000 -0.000200000 |          1.1 |  0.000000361  0.000048564,  0.000038349  0.000556421
DIFF:  023 |  0.000000000  0.000000000  0.000000000  0.000000000  0.000000000 -0.000400000 |         -0.0 |  0.000000457  0.000000010, -0.000004264  0.000000101
MOVE:  023 | -0.000000000  0.000000000  0.000000000  0.000000000  0.000000000 -0.000200000 |         -0.0 |  0.000000229  0.000000005, -0.000002132  0.000000051
CONST: 023 | 54 9e-06 5e-05 7e-06 0.002 0.000266 -0.0002

