ABS:   itr |       deltaX       deltaY       deltaZ         phiX         phiY         phiZ |        chisq |    rphi mean     rphi rms,       z mean        z rms
ABS:   =========================================================================================================================================================
DIFF:  itr |       deltaX       deltaY       deltaZ         phiX         phiY         phiZ |        chisq |    rphi mean     rphi rms,       z mean        z rms
DIFF:  =========================================================================================================================================================
MOVE:  itr |       deltaX       deltaY       deltaZ         phiX         phiY         phiZ |        chisq |    rphi mean     rphi rms,       z mean        z rms
MOVE:  =========================================================================================================================================================
ABS:   001 | -0.000043000 -0.000140000  0.000131000 -0.000280000 -0.000238000  0.000000000 |         18.9 | -0.000005970  0.000054719, -0.000052610  0.000538510
CONST: 001 | 49 -4.3e-05 -0.00014 0.000131 -0.00028 -0.000238 0

ABS:   001 | -0.000043000 -0.000140000  0.000131000 -0.000280000 -0.000238000  0.000000000 |         18.9 | -0.000005970  0.000054719, -0.000052610  0.000538510
CONST: 001 | 49 -4.3e-05 -0.00014 0.000131 -0.00028 -0.000238 0

ABS:   002 | -0.000042900 -0.000140000  0.000131000 -0.000280000 -0.000238000  0.000000000 |         18.9 | -0.000005870  0.000054719, -0.000052610  0.000538510
DIFF:  002 |  0.000000100  0.000000000 -0.000000000 -0.000000000 -0.000000000  0.000000000 |         -0.0 |  0.000000100  0.000000000,  0.000000000  0.000000000
MOVE:  002 |  0.000000100  0.000000000 -0.000000000 -0.000000000 -0.000000000  0.000000000 |         -0.0 |  0.000000100  0.000000000,  0.000000000  0.000000000
CONST: 002 | 49 -4.29e-05 -0.00014 0.000131 -0.00028 -0.000238 0

ABS:   003 | -0.000043100 -0.000140000  0.000131000 -0.000280000 -0.000238000  0.000000000 |         18.9 | -0.000006070  0.000054719, -0.000052610  0.000538510
DIFF:  003 | -0.000000200  0.000000000  0.000000000  0.000000000  0.000000000  0.000000000 |          0.0 | -0.000000200  0.000000000, -0.000000000  0.000000000
MOVE:  003 | -0.000000100  0.000000000 -0.000000000 -0.000000000 -0.000000000  0.000000000 |          0.0 | -0.000000100  0.000000000, -0.000000000  0.000000000
CONST: 003 | 49 -4.31e-05 -0.00014 0.000131 -0.00028 -0.000238 0

ABS:   004 | -0.000042932 -0.000140000  0.000131000 -0.000280000 -0.000238000  0.000000000 |         18.9 | -0.000005902  0.000054719, -0.000052610  0.000538510
DIFF:  004 |  0.000000168  0.000000000  0.000000000  0.000000000  0.000000000  0.000000000 |         -0.0 |  0.000000168  0.000000000,  0.000000000 -0.000000000
MOVE:  004 |  0.000000068  0.000000000 -0.000000000 -0.000000000 -0.000000000  0.000000000 |         -0.0 |  0.000000068  0.000000000,  0.000000000  0.000000000
CONST: 004 | 49 -4.29316e-05 -0.00014 0.000131 -0.00028 -0.000238 0

ABS:   005 | -0.000043068 -0.000140000  0.000131000 -0.000280000 -0.000238000  0.000000000 |         18.9 | -0.000006039  0.000054719, -0.000052610  0.000538510
DIFF:  005 | -0.000000137  0.000000000  0.000000000  0.000000000  0.000000000  0.000000000 |          0.0 | -0.000000137  0.000000000, -0.000000000 -0.000000000
MOVE:  005 | -0.000000068  0.000000000 -0.000000000 -0.000000000 -0.000000000  0.000000000 |          0.0 | -0.000000068  0.000000000, -0.000000000  0.000000000
CONST: 005 | 49 -4.30684e-05 -0.00014 0.000131 -0.00028 -0.000238 0

ABS:   006 | -0.000043000 -0.000139900  0.000131000 -0.000280000 -0.000238000  0.000000000 |         18.9 | -0.000005971  0.000054717, -0.000052568  0.000538508
DIFF:  006 |  0.000000068  0.000000100  0.000000000  0.000000000  0.000000000  0.000000000 |         -0.0 |  0.000000068 -0.000000002,  0.000000042 -0.000000002
MOVE:  006 | -0.000000000  0.000000100 -0.000000000 -0.000000000 -0.000000000  0.000000000 |         -0.0 | -0.000000001 -0.000000002,  0.000000042 -0.000000002
CONST: 006 | 49 -4.3e-05 -0.0001399 0.000131 -0.00028 -0.000238 0

ABS:   007 | -0.000043000 -0.000140100  0.000131000 -0.000280000 -0.000238000  0.000000000 |         18.9 | -0.000005970  0.000054721, -0.000052652  0.000538512
DIFF:  007 |  0.000000000 -0.000000200  0.000000000  0.000000000  0.000000000  0.000000000 |          0.0 |  0.000000001  0.000000004, -0.000000084  0.000000004
MOVE:  007 | -0.000000000 -0.000000100 -0.000000000 -0.000000000 -0.000000000  0.000000000 |          0.0 |  0.000000001  0.000000002, -0.000000042  0.000000002
CONST: 007 | 49 -4.3e-05 -0.0001401 0.000131 -0.00028 -0.000238 0

ABS:   008 | -0.000043000 -0.000139713  0.000131000 -0.000280000 -0.000238000  0.000000000 |         18.9 | -0.000005972  0.000054714, -0.000052489  0.000538504
DIFF:  008 |  0.000000000  0.000000387  0.000000000  0.000000000  0.000000000  0.000000000 |         -0.0 | -0.000000002 -0.000000007,  0.000000163 -0.000000008
MOVE:  008 | -0.000000000  0.000000287 -0.000000000 -0.000000000 -0.000000000  0.000000000 |         -0.0 | -0.000000001 -0.000000005,  0.000000121 -0.000000006
CONST: 008 | 49 -4.3e-05 -0.000139713 0.000131 -0.00028 -0.000238 0

ABS:   009 | -0.000043000 -0.000140287  0.000131000 -0.000280000 -0.000238000  0.000000000 |         18.9 | -0.000005969  0.000054724, -0.000052731  0.000538516
DIFF:  009 |  0.000000000 -0.000000575  0.000000000  0.000000000  0.000000000  0.000000000 |          0.0 |  0.000000003  0.000000011, -0.000000242  0.000000012
MOVE:  009 | -0.000000000 -0.000000287 -0.000000000 -0.000000000 -0.000000000  0.000000000 |          0.0 |  0.000000001  0.000000005, -0.000000121  0.000000006
CONST: 009 | 49 -4.3e-05 -0.000140287 0.000131 -0.00028 -0.000238 0

ABS:   010 | -0.000043000 -0.000140000  0.000136002 -0.000280000 -0.000238000  0.000000000 |         18.9 | -0.000005969  0.000054719, -0.000055471  0.000538160
DIFF:  010 |  0.000000000  0.000000287  0.000005002  0.000000000  0.000000000  0.000000000 |         -0.0 | -0.000000000 -0.000000005, -0.000002741 -0.000000355
MOVE:  010 | -0.000000000  0.000000000  0.000005002 -0.000000000 -0.000000000  0.000000000 |         -0.0 |  0.000000001  0.000000000, -0.000002862 -0.000000349
CONST: 010 | 49 -4.3e-05 -0.00014 0.000136002 -0.00028 -0.000238 0

ABS:   011 | -0.000043000 -0.000140000  0.000125998 -0.000280000 -0.000238000  0.000000000 |         18.9 | -0.000005971  0.000054719, -0.000051888  0.000539214
DIFF:  011 |  0.000000000  0.000000000 -0.000010004  0.000000000  0.000000000  0.000000000 |          0.1 | -0.000000002 -0.000000000,  0.000003583  0.000001053
MOVE:  011 | -0.000000000  0.000000000 -0.000005002 -0.000000000 -0.000000000  0.000000000 |          0.1 | -0.000000001 -0.000000000,  0.000000721  0.000000704
CONST: 011 | 49 -4.3e-05 -0.00014 0.000125998 -0.00028 -0.000238 0

ABS:   012 | -0.000043000 -0.000140000  0.000131500 -0.000280000 -0.000238000  0.000000000 |         18.9 | -0.000005970  0.000054719, -0.000053110  0.000538510
DIFF:  012 |  0.000000000  0.000000000  0.000005502  0.000000000  0.000000000  0.000000000 |         -0.1 |  0.000000001  0.000000000, -0.000001222 -0.000000704
MOVE:  012 | -0.000000000  0.000000000  0.000000500 -0.000000000 -0.000000000  0.000000000 |          0.0 |  0.000000000  0.000000000, -0.000000500  0.000000000
CONST: 012 | 49 -4.3e-05 -0.00014 0.0001315 -0.00028 -0.000238 0

ABS:   013 | -0.000043000 -0.000140000  0.000130500 -0.000280000 -0.000238000  0.000000000 |         18.8 | -0.000005970  0.000054719, -0.000052870  0.000537873
DIFF:  013 |  0.000000000  0.000000000 -0.000001000  0.000000000  0.000000000  0.000000000 |         -0.0 | -0.000000000 -0.000000000,  0.000000241 -0.000000636
MOVE:  013 | -0.000000000  0.000000000 -0.000000500 -0.000000000 -0.000000000  0.000000000 |         -0.0 | -0.000000000 -0.000000000, -0.000000260 -0.000000636
CONST: 013 | 49 -4.3e-05 -0.00014 0.0001305 -0.00028 -0.000238 0

ABS:   014 | -0.000043000 -0.000140000  0.000131050 -0.000280000 -0.000238000  0.000000000 |         18.9 | -0.000005970  0.000054719, -0.000052660  0.000538510
DIFF:  014 |  0.000000000  0.000000000  0.000000550  0.000000000  0.000000000  0.000000000 |          0.0 |  0.000000000  0.000000000,  0.000000210  0.000000636
MOVE:  014 | -0.000000000  0.000000000  0.000000050 -0.000000000 -0.000000000  0.000000000 |          0.0 |  0.000000000  0.000000000, -0.000000050  0.000000000
CONST: 014 | 49 -4.3e-05 -0.00014 0.00013105 -0.00028 -0.000238 0

ABS:   015 | -0.000043000 -0.000140000  0.000130950 -0.000280000 -0.000238000  0.000000000 |         18.9 | -0.000005970  0.000054719, -0.000052560  0.000538510
DIFF:  015 |  0.000000000  0.000000000 -0.000000100  0.000000000  0.000000000  0.000000000 |         -0.0 | -0.000000000 -0.000000000,  0.000000100 -0.000000000
MOVE:  015 | -0.000000000  0.000000000 -0.000000050 -0.000000000 -0.000000000  0.000000000 |         -0.0 | -0.000000000 -0.000000000,  0.000000050 -0.000000000
CONST: 015 | 49 -4.3e-05 -0.00014 0.00013095 -0.00028 -0.000238 0

ABS:   016 | -0.000043000 -0.000140000  0.000131000 -0.000276000 -0.000238000  0.000000000 |         18.9 | -0.000005973  0.000054720, -0.000052993  0.000538509
DIFF:  016 |  0.000000000  0.000000000  0.000000050  0.000004000  0.000000000  0.000000000 |          0.0 | -0.000000002  0.000000001, -0.000000433 -0.000000001
MOVE:  016 | -0.000000000  0.000000000 -0.000000000  0.000004000 -0.000000000  0.000000000 |          0.0 | -0.000000002  0.000000001, -0.000000383 -0.000000001
CONST: 016 | 49 -4.3e-05 -0.00014 0.000131 -0.000276 -0.000238 0

ABS:   017 | -0.000043000 -0.000140000  0.000131000 -0.000284000 -0.000238000  0.000000000 |         18.8 | -0.000005968  0.000054718, -0.000052987  0.000537874
DIFF:  017 |  0.000000000  0.000000000  0.000000000 -0.000008000  0.000000000  0.000000000 |         -0.0 |  0.000000005 -0.000000001,  0.000000006 -0.000000634
MOVE:  017 | -0.000000000  0.000000000 -0.000000000 -0.000004000 -0.000000000  0.000000000 |         -0.0 |  0.000000002 -0.000000001, -0.000000377 -0.000000635
CONST: 017 | 49 -4.3e-05 -0.00014 0.000131 -0.000284 -0.000238 0

ABS:   018 | -0.000043000 -0.000140000  0.000131000 -0.000279600 -0.000238000  0.000000000 |         18.9 | -0.000005971  0.000054719, -0.000052648  0.000538510
DIFF:  018 |  0.000000000  0.000000000  0.000000000  0.000004400  0.000000000  0.000000000 |          0.0 | -0.000000003  0.000000001,  0.000000339  0.000000635
MOVE:  018 | -0.000000000  0.000000000 -0.000000000  0.000000400 -0.000000000  0.000000000 |          0.0 | -0.000000000  0.000000000, -0.000000038 -0.000000000
CONST: 018 | 49 -4.3e-05 -0.00014 0.000131 -0.0002796 -0.000238 0

ABS:   019 | -0.000043000 -0.000140000  0.000131000 -0.000280400 -0.000238000  0.000000000 |         18.9 | -0.000005970  0.000054719, -0.000052571  0.000538510
DIFF:  019 |  0.000000000  0.000000000  0.000000000 -0.000000800  0.000000000  0.000000000 |         -0.0 |  0.000000000 -0.000000000,  0.000000077  0.000000000
MOVE:  019 | -0.000000000  0.000000000 -0.000000000 -0.000000400 -0.000000000  0.000000000 |         -0.0 |  0.000000000 -0.000000000,  0.000000038  0.000000000
CONST: 019 | 49 -4.3e-05 -0.00014 0.000131 -0.0002804 -0.000238 0

ABS:   020 | -0.000043000 -0.000140000  0.000131000 -0.000277352 -0.000238000  0.000000000 |         18.9 | -0.000005972  0.000054719, -0.000052863  0.000538509
DIFF:  020 |  0.000000000  0.000000000  0.000000000  0.000003048  0.000000000  0.000000000 |          0.0 | -0.000000002  0.000000001, -0.000000292 -0.000000001
MOVE:  020 | -0.000000000  0.000000000 -0.000000000  0.000002648 -0.000000000  0.000000000 |          0.0 | -0.000000002  0.000000000, -0.000000254 -0.000000001
CONST: 020 | 49 -4.3e-05 -0.00014 0.000131 -0.000277352 -0.000238 0

ABS:   021 | -0.000043000 -0.000140000  0.000131000 -0.000282648 -0.000238000  0.000000000 |         18.9 | -0.000005969  0.000054719, -0.000052356  0.000538510
DIFF:  021 |  0.000000000  0.000000000  0.000000000 -0.000005297  0.000000000  0.000000000 |         -0.0 |  0.000000003 -0.000000001,  0.000000507  0.000000001
MOVE:  021 | -0.000000000  0.000000000 -0.000000000 -0.000002648 -0.000000000  0.000000000 |         -0.0 |  0.000000002 -0.000000000,  0.000000254  0.000000001
CONST: 021 | 49 -4.3e-05 -0.00014 0.000131 -0.000282648 -0.000238 0

ABS:   022 | -0.000043000 -0.000140000  0.000131000 -0.000280000 -0.000227999  0.000000000 |         18.9 | -0.000005764  0.000054448, -0.000052590  0.000538510
DIFF:  022 |  0.000000000  0.000000000  0.000000000  0.000002648  0.000010001  0.000000000 |         -0.0 |  0.000000204 -0.000000271, -0.000000234  0.000000000
MOVE:  022 | -0.000000000  0.000000000 -0.000000000 -0.000000000  0.000010001  0.000000000 |         -0.0 |  0.000000206 -0.000000271,  0.000000019  0.000000001
CONST: 022 | 49 -4.3e-05 -0.00014 0.000131 -0.00028 -0.000227999 0

ABS:   023 | -0.000043000 -0.000140000  0.000131000 -0.000280000 -0.000248001  0.000000000 |         18.9 | -0.000006177  0.000055002, -0.000052629  0.000538509
DIFF:  023 |  0.000000000  0.000000000  0.000000000  0.000000000 -0.000020001  0.000000000 |          0.1 | -0.000000412  0.000000554, -0.000000039 -0.000000002
MOVE:  023 | -0.000000000  0.000000000 -0.000000000 -0.000000000 -0.000010001  0.000000000 |          0.0 | -0.000000206  0.000000283, -0.000000019 -0.000000001
CONST: 023 | 49 -4.3e-05 -0.00014 0.000131 -0.00028 -0.000248001 0

ABS:   024 | -0.000043000 -0.000140000  0.000131000 -0.000280000 -0.000237000  0.000000000 |         18.9 | -0.000005930  0.000054675, -0.000052608  0.000538510
DIFF:  024 |  0.000000000  0.000000000  0.000000000  0.000000000  0.000011001  0.000000000 |         -0.0 |  0.000000247 -0.000000327,  0.000000021  0.000000001
MOVE:  024 | -0.000000000  0.000000000 -0.000000000 -0.000000000  0.000001000  0.000000000 |         -0.0 |  0.000000041 -0.000000044,  0.000000002  0.000000000
CONST: 024 | 49 -4.3e-05 -0.00014 0.000131 -0.00028 -0.000237 0

ABS:   025 | -0.000043000 -0.000140000  0.000131000 -0.000280000 -0.000239000  0.000000000 |         18.9 | -0.000006011  0.000054763, -0.000052612  0.000538510
DIFF:  025 |  0.000000000  0.000000000  0.000000000  0.000000000 -0.000002000  0.000000000 |          0.0 | -0.000000081  0.000000087, -0.000000004 -0.000000000
MOVE:  025 | -0.000000000  0.000000000 -0.000000000 -0.000000000 -0.000001000  0.000000000 |          0.0 | -0.000000041  0.000000044, -0.000000002 -0.000000000
CONST: 025 | 49 -4.3e-05 -0.00014 0.000131 -0.00028 -0.000239 0

ABS:   026 | -0.000043000 -0.000140000  0.000131000 -0.000280000 -0.000237315  0.000000000 |         18.9 | -0.000005943  0.000054689, -0.000052608  0.000538510
DIFF:  026 |  0.000000000  0.000000000  0.000000000  0.000000000  0.000001685  0.000000000 |         -0.0 |  0.000000068 -0.000000074,  0.000000003  0.000000000
MOVE:  026 | -0.000000000  0.000000000 -0.000000000 -0.000000000  0.000000685  0.000000000 |         -0.0 |  0.000000028 -0.000000030,  0.000000001  0.000000000
CONST: 026 | 49 -4.3e-05 -0.00014 0.000131 -0.00028 -0.000237315 0

ABS:   027 | -0.000043000 -0.000140000  0.000131000 -0.000280000 -0.000238685  0.000000000 |         18.9 | -0.000005998  0.000054749, -0.000052611  0.000538510
DIFF:  027 |  0.000000000  0.000000000  0.000000000  0.000000000 -0.000001370  0.000000000 |          0.0 | -0.000000056  0.000000060, -0.000000003 -0.000000000
MOVE:  027 | -0.000000000  0.000000000 -0.000000000 -0.000000000 -0.000000685  0.000000000 |          0.0 | -0.000000028  0.000000030, -0.000000001 -0.000000000
CONST: 027 | 49 -4.3e-05 -0.00014 0.000131 -0.00028 -0.000238685 0

ABS:   028 | -0.000043000 -0.000140000  0.000131000 -0.000280000 -0.000238000  0.000002000 |         18.9 | -0.000005972  0.000054719, -0.000052609  0.000538509
DIFF:  028 |  0.000000000  0.000000000  0.000000000  0.000000000  0.000000685  0.000002000 |         -0.0 |  0.000000026 -0.000000030,  0.000000002 -0.000000000
MOVE:  028 | -0.000000000  0.000000000 -0.000000000 -0.000000000 -0.000000000  0.000002000 |         -0.0 | -0.000000001 -0.000000000,  0.000000001 -0.000000000
CONST: 028 | 49 -4.3e-05 -0.00014 0.000131 -0.00028 -0.000238 2.00001e-06

ABS:   029 | -0.000043000 -0.000140000  0.000131000 -0.000280000 -0.000238000 -0.000002000 |         18.9 | -0.000005969  0.000054719, -0.000052611  0.000538510
DIFF:  029 |  0.000000000  0.000000000  0.000000000  0.000000000  0.000000000 -0.000004000 |          0.0 |  0.000000003  0.000000001, -0.000000002  0.000000000
MOVE:  029 | -0.000000000  0.000000000 -0.000000000 -0.000000000 -0.000000000 -0.000002000 |          0.0 |  0.000000001  0.000000000, -0.000000001  0.000000000
CONST: 029 | 49 -4.3e-05 -0.00014 0.000131 -0.00028 -0.000238 -2.00001e-06

ABS:   030 | -0.000043000 -0.000140000  0.000131000 -0.000280000 -0.000238000  0.000020000 |         18.9 | -0.000005983  0.000054716, -0.000052599  0.000538507
DIFF:  030 |  0.000000000  0.000000000  0.000000000  0.000000000  0.000000000  0.000022000 |         -0.0 | -0.000000014 -0.000000003,  0.000000011 -0.000000003
MOVE:  030 | -0.000000000  0.000000000 -0.000000000 -0.000000000 -0.000000000  0.000020000 |         -0.0 | -0.000000013 -0.000000003,  0.000000010 -0.000000002
CONST: 030 | 49 -4.3e-05 -0.00014 0.000131 -0.00028 -0.000238 2.00001e-05

ABS:   031 | -0.000043000 -0.000140000  0.000131000 -0.000280000 -0.000238000 -0.000020000 |         18.9 | -0.000005957  0.000054722, -0.000052620  0.000538512
DIFF:  031 |  0.000000000  0.000000000  0.000000000  0.000000000  0.000000000 -0.000040000 |          0.0 |  0.000000026  0.000000006, -0.000000021  0.000000005
MOVE:  031 | -0.000000000  0.000000000 -0.000000000 -0.000000000 -0.000000000 -0.000020000 |          0.0 |  0.000000013  0.000000003, -0.000000010  0.000000002
CONST: 031 | 49 -4.3e-05 -0.00014 0.000131 -0.00028 -0.000238 -2.00001e-05

ABS:   032 | -0.000037029 -0.000091390  0.000078415 -0.000690613  0.000026665  0.002435006 |         18.0 |  0.000006560  0.000049425,  0.000016797  0.000535130
DIFF:  032 |  0.000005971  0.000048610 -0.000052585 -0.000410613  0.000264665  0.002455006 |         -0.8 |  0.000012518 -0.000005297,  0.000069417 -0.000003382
MOVE:  032 |  0.000005971  0.000048610 -0.000052585 -0.000410613  0.000264665  0.002435006 |         -0.8 |  0.000012530 -0.000005294,  0.000069407 -0.000003379
CONST: 032 | 49 -3.70291e-05 -9.13901e-05 7.8415e-05 -0.000690613 2.66651e-05 0.00243501

ABS:   033 | -0.000038338 -0.000102038  0.000089940 -0.000600618 -0.000031343  0.001901603 |         18.4 |  0.000003451  0.000050191, -0.000000226  0.000539594
DIFF:  033 | -0.000001309 -0.000010648  0.000011525  0.000089995 -0.000058008 -0.000533403 |          0.4 | -0.000003109  0.000000765, -0.000017023  0.000004463
MOVE:  033 |  0.000004662  0.000037962 -0.000041060 -0.000320618  0.000206657  0.001901603 |         -0.5 |  0.000009421 -0.000004528,  0.000052383  0.000001084
CONST: 033 | 49 -3.83378e-05 -0.000102038 8.99403e-05 -0.000600618 -3.13429e-05 0.0019016

ABS:   034 | -0.000007182  0.000147652 -0.000184459 -0.002742711  0.001349731  0.014408554 |         19.0 |  0.000010917  0.000075206,  0.000280974  0.000527065
DIFF:  034 |  0.000031156  0.000249690 -0.000274399 -0.002142093  0.001381074  0.012506951 |          0.6 |  0.000007465  0.000025015,  0.000281201 -0.000012529
MOVE:  034 |  0.000035818  0.000287652 -0.000315459 -0.002462711  0.001587731  0.014408554 |          0.2 |  0.000016887  0.000020487,  0.000333584 -0.000011445
CONST: 034 | 49 -7.18195e-06 0.000147652 -0.000184459 -0.00274271 0.00134973 0.0144086

ABS:   035 | -0.000022103  0.000029381 -0.000053038 -0.001716965  0.000688279  0.008484637 |         19.8 |  0.000028645  0.000059973,  0.000159543  0.000531865
DIFF:  035 | -0.000014921 -0.000118271  0.000131421  0.001025746 -0.000661452 -0.005923918 |          0.8 |  0.000017728 -0.000015233, -0.000121431  0.000004801
MOVE:  035 |  0.000020897  0.000169381 -0.000184038 -0.001436965  0.000926279  0.008484637 |          0.9 |  0.000034615  0.000005254,  0.000212153 -0.000006644
CONST: 035 | 49 -2.21032e-05 2.93811e-05 -5.30379e-05 -0.00171697 0.000688279 0.00848464

ABS:   036 | -0.000029566 -0.000030803  0.000012686 -0.001203838  0.000357485  0.005469961 |         19.1 |  0.000021526  0.000051203,  0.000082493  0.000540536
DIFF:  036 | -0.000007463 -0.000060184  0.000065724  0.000513127 -0.000330794 -0.003014675 |         -0.7 | -0.000007119 -0.000008770, -0.000077050  0.000008671
MOVE:  036 |  0.000013434  0.000109197 -0.000118314 -0.000923838  0.000595485  0.005469961 |          0.2 |  0.000027496 -0.000003516,  0.000135103  0.000002026
CONST: 036 | 49 -2.95658e-05 -3.08028e-05 1.2686e-05 -0.00120384 0.000357485 0.00546996

ABS:   037 | -0.000033297 -0.000061060  0.000045550 -0.000947234  0.000192077  0.003954317 |         18.5 |  0.000013837  0.000049473,  0.000051658  0.000538679
DIFF:  037 | -0.000003732 -0.000030257  0.000032864  0.000256603 -0.000165408 -0.001515645 |         -0.6 | -0.000007689 -0.000001730, -0.000030835 -0.000001857
MOVE:  037 |  0.000009703  0.000078940 -0.000085450 -0.000667234  0.000430077  0.003954317 |         -0.4 |  0.000019807 -0.000005246,  0.000104268  0.000000169
CONST: 037 | 49 -3.32974e-05 -6.106e-05 4.55501e-05 -0.000947234 0.000192077 0.00395432

ABS:   038 | -0.000035935 -0.000082490  0.000068778 -0.000765867  0.000075171  0.002880828 |         18.3 |  0.000008841  0.000049291,  0.000026697  0.000537877
DIFF:  038 | -0.000002637 -0.000021430  0.000023228  0.000181368 -0.000116906 -0.001073489 |         -0.2 | -0.000004996 -0.000000182, -0.000024961 -0.000000802
MOVE:  038 |  0.000007065  0.000057510 -0.000062222 -0.000485867  0.000313171  0.002880828 |         -0.6 |  0.000014812 -0.000005428,  0.000079307 -0.000000633
CONST: 038 | 49 -3.59348e-05 -8.24902e-05 6.87776e-05 -0.000765867 7.51712e-05 0.00288083

ABS:   039 | -0.000036962 -0.000091390  0.000078415 -0.000690613  0.000026665  0.002435006 |         18.0 |  0.000006627  0.000049425,  0.000016797  0.000535130
DIFF:  039 | -0.000001027 -0.000008900  0.000009637  0.000075253 -0.000048506 -0.000445822 |         -0.2 | -0.000002214  0.000000134, -0.000009900 -0.000002746
MOVE:  039 |  0.000006038  0.000048610 -0.000052585 -0.000410613  0.000264665  0.002435006 |         -0.8 |  0.000012597 -0.000005294,  0.000069407 -0.000003379
CONST: 039 | 49 -3.69622e-05 -9.13901e-05 7.8415e-05 -0.000690613 2.66651e-05 0.00243501

ABS:   040 | -0.000037096 -0.000091390  0.000078415 -0.000690613  0.000026665  0.002435006 |         18.0 |  0.000006493  0.000049425,  0.000016797  0.000535130
DIFF:  040 | -0.000000134  0.000000000  0.000000000  0.000000000  0.000000000  0.000000000 |         -0.0 | -0.000000134 -0.000000000,  0.000000000  0.000000000
MOVE:  040 |  0.000005904  0.000048610 -0.000052585 -0.000410613  0.000264665  0.002435006 |         -0.8 |  0.000012464 -0.000005294,  0.000069407 -0.000003379
CONST: 040 | 49 -3.7096e-05 -9.13901e-05 7.8415e-05 -0.000690613 2.66651e-05 0.00243501

ABS:   041 | -0.000037029 -0.000091109  0.000078415 -0.000690613  0.000026665  0.002435006 |         18.1 |  0.000006559  0.000049423,  0.000016177  0.000535732
DIFF:  041 |  0.000000067  0.000000281  0.000000000  0.000000000  0.000000000  0.000000000 |          0.0 |  0.000000066 -0.000000003, -0.000000620  0.000000602
MOVE:  041 |  0.000005971  0.000048891 -0.000052585 -0.000410613  0.000264665  0.002435006 |         -0.8 |  0.000012529 -0.000005296,  0.000068787 -0.000002777
CONST: 041 | 49 -3.70291e-05 -9.11092e-05 7.8415e-05 -0.000690613 2.66651e-05 0.00243501

ABS:   042 | -0.000037029 -0.000091671  0.000078415 -0.000690613  0.000026665  0.002435006 |         18.0 |  0.000006562  0.000049428,  0.000016679  0.000535121
DIFF:  042 |  0.000000000 -0.000000562  0.000000000  0.000000000  0.000000000  0.000000000 |         -0.0 |  0.000000003  0.000000005,  0.000000502 -0.000000612
MOVE:  042 |  0.000005971  0.000048329 -0.000052585 -0.000410613  0.000264665  0.002435006 |         -0.8 |  0.000012532 -0.000005291,  0.000069289 -0.000003389
CONST: 042 | 49 -3.70291e-05 -9.16711e-05 7.8415e-05 -0.000690613 2.66651e-05 0.00243501

ABS:   043 | -0.000037029 -0.000091362  0.000078415 -0.000690613  0.000026665  0.002435006 |         18.0 |  0.000006560  0.000049425,  0.000016809  0.000535131
DIFF:  043 |  0.000000000  0.000000309  0.000000000  0.000000000  0.000000000  0.000000000 |          0.0 | -0.000000001 -0.000000003,  0.000000130  0.000000011
MOVE:  043 |  0.000005971  0.000048638 -0.000052585 -0.000410613  0.000264665  0.002435006 |         -0.8 |  0.000012530 -0.000005294,  0.000069419 -0.000003378
CONST: 043 | 49 -3.70291e-05 -9.1362e-05 7.8415e-05 -0.000690613 2.66651e-05 0.00243501

ABS:   044 | -0.000037029 -0.000091418  0.000078415 -0.000690613  0.000026665  0.002435006 |         18.0 |  0.000006560  0.000049426,  0.000016785  0.000535129
DIFF:  044 |  0.000000000 -0.000000056  0.000000000  0.000000000  0.000000000  0.000000000 |         -0.0 |  0.000000000  0.000000001, -0.000000024 -0.000000002
MOVE:  044 |  0.000005971  0.000048582 -0.000052585 -0.000410613  0.000264665  0.002435006 |         -0.8 |  0.000012531 -0.000005293,  0.000069395 -0.000003380
CONST: 044 | 49 -3.70291e-05 -9.14182e-05 7.8415e-05 -0.000690613 2.66651e-05 0.00243501

ABS:   045 | -0.000037029 -0.000091109  0.000078415 -0.000690613  0.000026665  0.002435006 |         18.1 |  0.000006559  0.000049423,  0.000016177  0.000535732
DIFF:  045 |  0.000000000  0.000000309  0.000000000  0.000000000  0.000000000  0.000000000 |          0.0 | -0.000000001 -0.000000003, -0.000000608  0.000000603
MOVE:  045 |  0.000005971  0.000048891 -0.000052585 -0.000410613  0.000264665  0.002435006 |         -0.8 |  0.000012529 -0.000005296,  0.000068787 -0.000002777
CONST: 045 | 49 -3.70291e-05 -9.11092e-05 7.8415e-05 -0.000690613 2.66651e-05 0.00243501

ABS:   046 | -0.000037029 -0.000091671  0.000078415 -0.000690613  0.000026665  0.002435006 |         18.0 |  0.000006562  0.000049428,  0.000016679  0.000535121
DIFF:  046 |  0.000000000 -0.000000562  0.000000000  0.000000000  0.000000000  0.000000000 |         -0.0 |  0.000000003  0.000000005,  0.000000502 -0.000000612
MOVE:  046 |  0.000005971  0.000048329 -0.000052585 -0.000410613  0.000264665  0.002435006 |         -0.8 |  0.000012532 -0.000005291,  0.000069289 -0.000003389
CONST: 046 | 49 -3.70291e-05 -9.16711e-05 7.8415e-05 -0.000690613 2.66651e-05 0.00243501

ABS:   047 | -0.000037029 -0.000091390  0.000078705 -0.000690613  0.000026665  0.002435006 |         18.0 |  0.000006560  0.000049425,  0.000016507  0.000535130
DIFF:  047 |  0.000000000  0.000000281  0.000000290  0.000000000  0.000000000  0.000000000 |         -0.0 | -0.000000001 -0.000000003, -0.000000172  0.000000010
MOVE:  047 |  0.000005971  0.000048610 -0.000052295 -0.000410613  0.000264665  0.002435006 |         -0.8 |  0.000012530 -0.000005294,  0.000069117 -0.000003379
CONST: 047 | 49 -3.70291e-05 -9.13901e-05 7.8705e-05 -0.000690613 2.66651e-05 0.00243501

ABS:   048 | -0.000037029 -0.000091390  0.000078125 -0.000690613  0.000026665  0.002435006 |         18.1 |  0.000006560  0.000049425,  0.000016349  0.000535723
DIFF:  048 |  0.000000000  0.000000000 -0.000000580  0.000000000  0.000000000  0.000000000 |          0.0 |  0.000000000 -0.000000000, -0.000000158  0.000000592
MOVE:  048 |  0.000005971  0.000048610 -0.000052875 -0.000410613  0.000264665  0.002435006 |         -0.8 |  0.000012530 -0.000005294,  0.000068959 -0.000002787
CONST: 048 | 49 -3.70291e-05 -9.13901e-05 7.81251e-05 -0.000690613 2.66651e-05 0.00243501

ABS:   049 | -0.000037029 -0.000091390  0.000078444 -0.000690613  0.000026665  0.002435006 |         18.0 |  0.000006560  0.000049425,  0.000016768  0.000535130
DIFF:  049 |  0.000000000  0.000000000  0.000000319  0.000000000  0.000000000  0.000000000 |         -0.0 | -0.000000000  0.000000000,  0.000000419 -0.000000592
MOVE:  049 |  0.000005971  0.000048610 -0.000052556 -0.000410613  0.000264665  0.002435006 |         -0.8 |  0.000012530 -0.000005294,  0.000069378 -0.000003379
CONST: 049 | 49 -3.70291e-05 -9.13901e-05 7.8444e-05 -0.000690613 2.66651e-05 0.00243501

