ABS:   itr |       deltaX       deltaY       deltaZ         phiX         phiY         phiZ |        chisq |    rphi mean     rphi rms,       z mean        z rms
ABS:   =========================================================================================================================================================
DIFF:  itr |       deltaX       deltaY       deltaZ         phiX         phiY         phiZ |        chisq |    rphi mean     rphi rms,       z mean        z rms
DIFF:  =========================================================================================================================================================
MOVE:  itr |       deltaX       deltaY       deltaZ         phiX         phiY         phiZ |        chisq |    rphi mean     rphi rms,       z mean        z rms
MOVE:  =========================================================================================================================================================
ABS:   001 |  0.000000000  0.000055000 -0.000010000  0.001300000  0.000239000  0.000000000 |          4.0 | -0.000005871  0.000045455,  0.000028517  0.000533254
CONST: 001 | 53 0 5.5e-05 -1e-05 0.0013 0.000239 0

ABS:   001 |  0.000000000  0.000055000 -0.000010000  0.001300000  0.000239000  0.000000000 |          4.0 | -0.000005871  0.000045455,  0.000028517  0.000533254
CONST: 001 | 53 0 5.5e-05 -1e-05 0.0013 0.000239 0

ABS:   002 |  0.000010000  0.000055000 -0.000010000  0.001300000  0.000239000  0.000000000 |          3.9 |  0.000003508  0.000044728,  0.000028515  0.000533254
DIFF:  002 |  0.000010000  0.000000000  0.000000000  0.000000000  0.000000000  0.000000000 |         -0.0 |  0.000009379 -0.000000727, -0.000000002  0.000000000
MOVE:  002 |  0.000010000  0.000000000  0.000000000  0.000000000  0.000000000  0.000000000 |         -0.0 |  0.000009379 -0.000000727, -0.000000002  0.000000000
CONST: 002 | 53 1e-05 5.5e-05 -1e-05 0.0013 0.000239 0

ABS:   003 | -0.000010000  0.000055000 -0.000010000  0.001300000  0.000239000  0.000000000 |          4.0 | -0.000014268  0.000046788,  0.000028519  0.000533254
DIFF:  003 | -0.000020000  0.000000000  0.000000000  0.000000000  0.000000000  0.000000000 |          0.1 | -0.000017776  0.000002060,  0.000000005  0.000000000
MOVE:  003 | -0.000010000  0.000000000  0.000000000  0.000000000  0.000000000  0.000000000 |          0.1 | -0.000008398  0.000001333,  0.000000002  0.000000000
CONST: 003 | 53 -1e-05 5.5e-05 -1e-05 0.0013 0.000239 0

ABS:   004 |  0.000099835  0.000055000 -0.000010000  0.001300000  0.000239000  0.000000000 |          4.6 |  0.000069332  0.000037714,  0.000028493  0.000533254
DIFF:  004 |  0.000109835  0.000000000  0.000000000  0.000000000  0.000000000  0.000000000 |          0.5 |  0.000083600 -0.000009074, -0.000000026 -0.000000000
MOVE:  004 |  0.000099835  0.000000000  0.000000000  0.000000000  0.000000000  0.000000000 |          0.6 |  0.000075202 -0.000007741, -0.000000024  0.000000000
CONST: 004 | 53 9.98351e-05 5.5e-05 -1e-05 0.0013 0.000239 0

ABS:   005 | -0.000099835  0.000055000 -0.000010000  0.001300000  0.000239000  0.000000000 |          4.5 | -0.000073042  0.000039230,  0.000028541  0.000533254
DIFF:  005 | -0.000199670  0.000000000  0.000000000  0.000000000  0.000000000  0.000000000 |         -0.0 | -0.000142374  0.000001516,  0.000000048  0.000000000
MOVE:  005 | -0.000099835  0.000000000  0.000000000  0.000000000  0.000000000  0.000000000 |          0.6 | -0.000067171 -0.000006225,  0.000000024  0.000000000
CONST: 005 | 53 -9.98351e-05 5.5e-05 -1e-05 0.0013 0.000239 0

ABS:   006 |  0.000000000  0.000065000 -0.000010000  0.001300000  0.000239000  0.000000000 |          4.0 | -0.000006298  0.000045849,  0.000033028  0.000536293
DIFF:  006 |  0.000099835  0.000010000  0.000000000  0.000000000  0.000000000  0.000000000 |         -0.5 |  0.000066744  0.000006620,  0.000004488  0.000003039
MOVE:  006 |  0.000000000  0.000010000  0.000000000  0.000000000  0.000000000  0.000000000 |          0.1 | -0.000000427  0.000000395,  0.000004511  0.000003039
CONST: 006 | 53 0 6.5e-05 -1e-05 0.0013 0.000239 0

ABS:   007 |  0.000000000  0.000045000 -0.000010000  0.001300000  0.000239000  0.000000000 |          4.0 | -0.000005124  0.000045447,  0.000030189  0.000534914
DIFF:  007 |  0.000000000 -0.000020000  0.000000000  0.000000000  0.000000000  0.000000000 |         -0.0 |  0.000001174 -0.000000403, -0.000002840 -0.000001378
MOVE:  007 |  0.000000000 -0.000010000  0.000000000  0.000000000  0.000000000  0.000000000 |          0.0 |  0.000000747 -0.000000008,  0.000001672  0.000001661
CONST: 007 | 53 0 4.5e-05 -1e-05 0.0013 0.000239 0

ABS:   008 |  0.000000000  0.000154835 -0.000010000  0.001300000  0.000239000  0.000000000 |          4.0 | -0.000012059  0.000046637,  0.000075104  0.000530110
DIFF:  008 |  0.000000000  0.000109835  0.000000000  0.000000000  0.000000000  0.000000000 |          0.0 | -0.000006935  0.000001190,  0.000044915 -0.000004804
MOVE:  008 |  0.000000000  0.000099835  0.000000000  0.000000000  0.000000000  0.000000000 |          0.0 | -0.000006188  0.000001182,  0.000046587 -0.000003143
CONST: 008 | 53 0 0.000154835 -1e-05 0.0013 0.000239 0

ABS:   009 |  0.000000000 -0.000044835 -0.000010000  0.001300000  0.000239000  0.000000000 |          4.0 |  0.000001258  0.000045159, -0.000017987  0.000535065
DIFF:  009 |  0.000000000 -0.000199670  0.000000000  0.000000000  0.000000000  0.000000000 |         -0.0 |  0.000013316 -0.000001477, -0.000093091  0.000004955
MOVE:  009 |  0.000000000 -0.000099835  0.000000000  0.000000000  0.000000000  0.000000000 |          0.0 |  0.000007128 -0.000000295, -0.000046504  0.000001811
CONST: 009 | 53 0 -4.48351e-05 -1e-05 0.0013 0.000239 0

ABS:   010 |  0.000000000  0.000055000  0.000490000  0.001300000  0.000239000  0.000000000 |          4.4 | -0.000005720  0.000045837, -0.000265832  0.000519030
DIFF:  010 |  0.000000000  0.000099835  0.000500000  0.000000000  0.000000000  0.000000000 |          0.4 | -0.000006977  0.000000677, -0.000247845 -0.000016035
MOVE:  010 |  0.000000000  0.000000000  0.000500000  0.000000000  0.000000000  0.000000000 |          0.4 |  0.000000151  0.000000382, -0.000294349 -0.000014224
CONST: 010 | 53 0 5.5e-05 0.00049 0.0013 0.000239 0

ABS:   011 |  0.000000000  0.000055000 -0.000510000  0.001300000  0.000239000  0.000000000 |          3.9 | -0.000005703  0.000045454,  0.000312110  0.000478645
DIFF:  011 |  0.000000000  0.000000000 -0.001000000  0.000000000  0.000000000  0.000000000 |         -0.5 |  0.000000017 -0.000000383,  0.000577942 -0.000040385
MOVE:  011 |  0.000000000  0.000000000 -0.000500000  0.000000000  0.000000000  0.000000000 |         -0.1 |  0.000000168 -0.000000001,  0.000283593 -0.000054609
CONST: 011 | 53 0 5.5e-05 -0.00051 0.0013 0.000239 0

ABS:   012 |  0.000000000  0.000055000  0.004784255  0.001300000  0.000239000  0.000000000 |          0.5 | -0.000007163  0.000045844,          NaN          NaN
DIFF:  012 |  0.000000000  0.000000000  0.005294255  0.000000000  0.000000000  0.000000000 |         -3.4 | -0.000001460  0.000000390,          NaN          NaN
MOVE:  012 |  0.000000000  0.000000000  0.004794255  0.000000000  0.000000000  0.000000000 |         -3.5 | -0.000001292  0.000000389,          NaN          NaN
CONST: 012 | 53 0 5.5e-05 0.00478426 0.0013 0.000239 0

ABS:   013 |  0.000000000  0.000055000 -0.004804255  0.001300000  0.000239000  0.000000000 |          0.5 | -0.000004259  0.000045449,          NaN          NaN
DIFF:  013 |  0.000000000  0.000000000 -0.009588511  0.000000000  0.000000000  0.000000000 |         -0.0 |  0.000002903 -0.000000395,          NaN          NaN
MOVE:  013 |  0.000000000  0.000000000 -0.004794255  0.000000000  0.000000000  0.000000000 |         -3.5 |  0.000001611 -0.000000005,          NaN          NaN
CONST: 013 | 53 0 5.5e-05 -0.00480426 0.0013 0.000239 0

ABS:   014 |  0.000000000  0.000055000 -0.000010000  0.001700000  0.000239000  0.000000000 |          4.1 | -0.000003315  0.000045347,  0.000013438  0.000538443
DIFF:  014 |  0.000000000  0.000000000  0.004794255  0.000400000  0.000000000  0.000000000 |          3.6 |  0.000000944 -0.000000102,          NaN          NaN
MOVE:  014 |  0.000000000  0.000000000  0.000000000  0.000400000  0.000000000  0.000000000 |          0.1 |  0.000002556 -0.000000107, -0.000015079  0.000005189
CONST: 014 | 53 0 5.5e-05 -1e-05 0.0017 0.000239 0

ABS:   015 |  0.000000000  0.000055000 -0.000010000  0.000900000  0.000239000  0.000000000 |          4.0 | -0.000008144  0.000045338,  0.000049823  0.000533636
DIFF:  015 |  0.000000000  0.000000000  0.000000000 -0.000800000  0.000000000  0.000000000 |         -0.1 | -0.000004829 -0.000000009,  0.000036385 -0.000004806
MOVE:  015 |  0.000000000  0.000000000  0.000000000 -0.000400000  0.000000000  0.000000000 |          0.0 | -0.000002274 -0.000000116,  0.000021306  0.000000383
CONST: 015 | 53 0 5.5e-05 -1e-05 0.0009 0.000239 0

ABS:   016 |  0.000000000  0.000055000 -0.000010000  0.005295777  0.000239000  0.000000000 |          4.4 |  0.000018000  0.000047509, -0.000152799  0.000544422
DIFF:  016 |  0.000000000  0.000000000  0.000000000  0.004395777  0.000000000  0.000000000 |          0.5 |  0.000026144  0.000002171, -0.000202623  0.000010785
MOVE:  016 |  0.000000000  0.000000000  0.000000000  0.003995777  0.000000000  0.000000000 |          0.5 |  0.000023870  0.000002055, -0.000181316  0.000011168
CONST: 016 | 53 0 5.5e-05 -1e-05 0.00529578 0.000239 0

ABS:   017 |  0.000000000  0.000055000 -0.000010000 -0.002695777  0.000239000  0.000000000 |          4.2 | -0.000029894  0.000049254,  0.000197935  0.000519036
DIFF:  017 |  0.000000000  0.000000000  0.000000000 -0.007991554  0.000000000  0.000000000 |         -0.3 | -0.000047894  0.000001744,  0.000350735 -0.000025385
MOVE:  017 |  0.000000000  0.000000000  0.000000000 -0.003995777  0.000000000  0.000000000 |          0.2 | -0.000024023  0.000003799,  0.000169418 -0.000014217
CONST: 017 | 53 0 5.5e-05 -1e-05 -0.00269578 0.000239 0

ABS:   018 |  0.000000000  0.000055000 -0.000010000  0.001300000  0.001239000  0.000000000 |          4.4 |  0.000048375  0.000051123,  0.000036906  0.000533625
DIFF:  018 |  0.000000000  0.000000000  0.000000000  0.003995777  0.001000000  0.000000000 |          0.2 |  0.000078269  0.000001869, -0.000161029  0.000014589
MOVE:  018 |  0.000000000  0.000000000  0.000000000  0.000000000  0.001000000  0.000000000 |          0.5 |  0.000054245  0.000005668,  0.000008389  0.000000372
CONST: 018 | 53 0 5.5e-05 -1e-05 0.0013 0.001239 0

ABS:   019 |  0.000000000  0.000055000 -0.000010000  0.001300000 -0.000761000  0.000000000 |          4.4 | -0.000052554  0.000052783,  0.000029548  0.000534864
DIFF:  019 |  0.000000000  0.000000000  0.000000000  0.000000000 -0.002000000  0.000000000 |         -0.0 | -0.000100929  0.000001660, -0.000007358  0.000001239
MOVE:  019 |  0.000000000  0.000000000  0.000000000  0.000000000 -0.001000000  0.000000000 |          0.5 | -0.000046683  0.000007328,  0.000001031  0.000001611
CONST: 019 | 53 0 5.5e-05 -1e-05 0.0013 -0.000761 0

ABS:   020 |  0.000000000  0.000055000 -0.000010000  0.001300000  0.010173120  0.000000000 |          3.5 |  0.000030647  0.000061420,  0.000086582  0.000527469
DIFF:  020 |  0.000000000  0.000000000  0.000000000  0.000000000  0.010934120  0.000000000 |         -0.9 |  0.000083201  0.000008637,  0.000057034 -0.000007396
MOVE:  020 |  0.000000000  0.000000000  0.000000000  0.000000000  0.009934120  0.000000000 |         -0.5 |  0.000036518  0.000015965,  0.000058065 -0.000005785
CONST: 020 | 53 0 5.5e-05 -1e-05 0.0013 0.0101731 0

ABS:   021 |  0.000000000  0.000055000 -0.000010000  0.001300000 -0.009695120  0.000000000 |          3.7 | -0.000055213  0.000061549, -0.000027284  0.000539928
DIFF:  021 |  0.000000000  0.000000000  0.000000000  0.000000000 -0.019868240  0.000000000 |          0.2 | -0.000085860  0.000000129, -0.000113866  0.000012460
MOVE:  021 |  0.000000000  0.000000000  0.000000000  0.000000000 -0.009934120  0.000000000 |         -0.3 | -0.000049342  0.000016094, -0.000055801  0.000006675
CONST: 021 | 53 0 5.5e-05 -1e-05 0.0013 -0.00969512 0

ABS:   022 |  0.000000000  0.000055000 -0.000010000  0.001300000  0.000239000  0.000200000 |          4.0 | -0.000006034  0.000045459,  0.000029956  0.000533337
DIFF:  022 |  0.000000000  0.000000000  0.000000000  0.000000000  0.009934120  0.000200000 |          0.3 |  0.000049179 -0.000016090,  0.000057239 -0.000006591
MOVE:  022 |  0.000000000  0.000000000  0.000000000  0.000000000  0.000000000  0.000200000 |          0.0 | -0.000000163  0.000000004,  0.000001439  0.000000084
CONST: 022 | 53 0 5.5e-05 -1e-05 0.0013 0.000239 0.0002

ABS:   023 |  0.000000000  0.000055000 -0.000010000  0.001300000  0.000239000 -0.000200000 |          4.0 | -0.000005708  0.000045451,  0.000027079  0.000533172
DIFF:  023 |  0.000000000  0.000000000  0.000000000  0.000000000  0.000000000 -0.000400000 |         -0.0 |  0.000000326 -0.000000008, -0.000002877 -0.000000166
MOVE:  023 |  0.000000000  0.000000000  0.000000000  0.000000000  0.000000000 -0.000200000 |         -0.0 |  0.000000163 -0.000000004, -0.000001438 -0.000000082
CONST: 023 | 53 0 5.5e-05 -1e-05 0.0013 0.000239 -0.0002

ABS:   024 |  0.000000000  0.000055000 -0.000010000  0.001300000  0.000239000  0.001999472 |          4.0 | -0.000006911  0.000045595,  0.000039799  0.000531865
DIFF:  024 |  0.000000000  0.000000000  0.000000000  0.000000000  0.000000000  0.002199472 |         -0.0 | -0.000001203  0.000000144,  0.000012721 -0.000001307
MOVE:  024 |  0.000000000  0.000000000  0.000000000  0.000000000  0.000000000  0.001999472 |         -0.0 | -0.000001040  0.000000140,  0.000011282 -0.000001389
CONST: 024 | 53 0 5.5e-05 -1e-05 0.0013 0.000239 0.00199947

ABS:   025 |  0.000000000  0.000055000 -0.000010000  0.001300000  0.000239000 -0.001999472 |          4.0 | -0.000004575  0.000045039,  0.000020356  0.000536962
DIFF:  025 |  0.000000000  0.000000000  0.000000000  0.000000000  0.000000000 -0.003998944 |          0.1 |  0.000002336 -0.000000556, -0.000019443  0.000005097
MOVE:  025 |  0.000000000  0.000000000  0.000000000  0.000000000  0.000000000 -0.001999472 |          0.1 |  0.000001296 -0.000000415, -0.000008161  0.000003709
CONST: 025 | 53 0 5.5e-05 -1e-05 0.0013 0.000239 -0.00199947

ABS:   026 |  0.000000000 -0.000004965  0.000000434 -0.000001197 -0.000001616  0.000000000 |          4.3 | -0.000027480  0.000047067,  0.000050001  0.000540349
DIFF:  026 |  0.000000000 -0.000059965  0.000010434 -0.001301197 -0.000240616  0.001999472 |          0.3 | -0.000022905  0.000002028,  0.000029645  0.000003386
MOVE:  026 |  0.000000000 -0.000059965  0.000010434 -0.001301197 -0.000240616  0.000000000 |          0.3 | -0.000021609  0.000001613,  0.000021484  0.000007095
CONST: 026 | 53 0 -4.965e-06 4.33548e-07 -1.19688e-06 -1.6157e-06 0

