ABS:   itr |       deltaX       deltaY       deltaZ         phiX         phiY         phiZ |        chisq |    rphi mean     rphi rms,       z mean        z rms
ABS:   =========================================================================================================================================================
DIFF:  itr |       deltaX       deltaY       deltaZ         phiX         phiY         phiZ |        chisq |    rphi mean     rphi rms,       z mean        z rms
DIFF:  =========================================================================================================================================================
MOVE:  itr |       deltaX       deltaY       deltaZ         phiX         phiY         phiZ |        chisq |    rphi mean     rphi rms,       z mean        z rms
MOVE:  =========================================================================================================================================================
ABS:   001 |  0.000019000 -0.000292000  0.000203000 -0.002500000  0.003112000  0.000000000 |         10.7 | -0.000005863  0.000055158,  0.000012017  0.000551879
CONST: 001 | 26 1.9e-05 -0.000292 0.000203 -0.0025 0.003112 0

ABS:   001 |  0.000019000 -0.000292000  0.000203000 -0.002500000  0.003112000  0.000000000 |         10.7 | -0.000005863  0.000055158,  0.000012017  0.000551879
CONST: 001 | 26 1.9e-05 -0.000292 0.000203 -0.0025 0.003112 0

ABS:   002 |  0.000019100 -0.000292000  0.000203000 -0.002500000  0.003112000  0.000000000 |         10.7 | -0.000005763  0.000055158,  0.000012017  0.000551879
DIFF:  002 |  0.000000100  0.000000000  0.000000000 -0.000000000  0.000000000  0.000000000 |         -0.0 |  0.000000100 -0.000000000, -0.000000000  0.000000000
MOVE:  002 |  0.000000100  0.000000000  0.000000000 -0.000000000  0.000000000  0.000000000 |         -0.0 |  0.000000100 -0.000000000, -0.000000000  0.000000000
CONST: 002 | 26 1.91e-05 -0.000292 0.000203 -0.0025 0.003112 0

ABS:   003 |  0.000018900 -0.000292000  0.000203000 -0.002500000  0.003112000  0.000000000 |         10.7 | -0.000005963  0.000055158,  0.000012017  0.000551879
DIFF:  003 | -0.000000200  0.000000000  0.000000000  0.000000000  0.000000000  0.000000000 |          0.0 | -0.000000200  0.000000000,  0.000000001 -0.000000000
MOVE:  003 | -0.000000100  0.000000000  0.000000000 -0.000000000  0.000000000  0.000000000 |          0.0 | -0.000000100  0.000000000,  0.000000000  0.000000000
CONST: 003 | 26 1.89e-05 -0.000292 0.000203 -0.0025 0.003112 0

ABS:   004 |  0.000019069 -0.000292000  0.000203000 -0.002500000  0.003112000  0.000000000 |         10.7 | -0.000005794  0.000055158,  0.000012017  0.000551879
DIFF:  004 |  0.000000169  0.000000000  0.000000000  0.000000000  0.000000000  0.000000000 |         -0.0 |  0.000000169 -0.000000000, -0.000000001 -0.000000000
MOVE:  004 |  0.000000069  0.000000000  0.000000000 -0.000000000  0.000000000  0.000000000 |         -0.0 |  0.000000069  0.000000000, -0.000000000  0.000000000
CONST: 004 | 26 1.90688e-05 -0.000292 0.000203 -0.0025 0.003112 0

ABS:   005 |  0.000018931 -0.000292000  0.000203000 -0.002500000  0.003112000  0.000000000 |         10.7 | -0.000005932  0.000055158,  0.000012017  0.000551879
DIFF:  005 | -0.000000138  0.000000000  0.000000000  0.000000000  0.000000000  0.000000000 |          0.0 | -0.000000138  0.000000000,  0.000000000  0.000000000
MOVE:  005 | -0.000000069  0.000000000  0.000000000 -0.000000000  0.000000000  0.000000000 |          0.0 | -0.000000069  0.000000000,  0.000000000  0.000000000
CONST: 005 | 26 1.89312e-05 -0.000292 0.000203 -0.0025 0.003112 0

ABS:   006 |  0.000019000 -0.000291900  0.000203000 -0.002500000  0.003112000  0.000000000 |         10.7 | -0.000005853  0.000055160,  0.000012065  0.000551880
DIFF:  006 |  0.000000069  0.000000100  0.000000000  0.000000000  0.000000000  0.000000000 |         -0.0 |  0.000000078  0.000000001,  0.000000047  0.000000001
MOVE:  006 | -0.000000000  0.000000100  0.000000000 -0.000000000  0.000000000  0.000000000 |          0.0 |  0.000000009  0.000000001,  0.000000047  0.000000001
CONST: 006 | 26 1.9e-05 -0.0002919 0.000203 -0.0025 0.003112 0

ABS:   007 |  0.000019000 -0.000292100  0.000203000 -0.002500000  0.003112000  0.000000000 |         10.7 | -0.000005872  0.000055157,  0.000011970  0.000551878
DIFF:  007 |  0.000000000 -0.000000200  0.000000000  0.000000000  0.000000000  0.000000000 |         -0.0 | -0.000000019 -0.000000003, -0.000000095 -0.000000002
MOVE:  007 | -0.000000000 -0.000000100  0.000000000 -0.000000000  0.000000000  0.000000000 |         -0.0 | -0.000000009 -0.000000001, -0.000000047 -0.000000001
CONST: 007 | 26 1.9e-05 -0.0002921 0.000203 -0.0025 0.003112 0

ABS:   008 |  0.000019000 -0.000291716  0.000203000 -0.002500000  0.003112000  0.000000000 |         10.7 | -0.000005836  0.000055162,  0.000012152  0.000551882
DIFF:  008 |  0.000000000  0.000000384  0.000000000  0.000000000  0.000000000  0.000000000 |          0.0 |  0.000000036  0.000000005,  0.000000182  0.000000004
MOVE:  008 | -0.000000000  0.000000284  0.000000000 -0.000000000  0.000000000  0.000000000 |          0.0 |  0.000000027  0.000000004,  0.000000135  0.000000003
CONST: 008 | 26 1.9e-05 -0.000291716 0.000203 -0.0025 0.003112 0

ABS:   009 |  0.000019000 -0.000292284  0.000203000 -0.002500000  0.003112000  0.000000000 |         10.7 | -0.000005890  0.000055155,  0.000011883  0.000551876
DIFF:  009 |  0.000000000 -0.000000567  0.000000000  0.000000000  0.000000000  0.000000000 |         -0.0 | -0.000000054 -0.000000008, -0.000000269 -0.000000006
MOVE:  009 | -0.000000000 -0.000000284  0.000000000 -0.000000000  0.000000000  0.000000000 |         -0.0 | -0.000000027 -0.000000004, -0.000000135 -0.000000003
CONST: 009 | 26 1.9e-05 -0.000292284 0.000203 -0.0025 0.003112 0

ABS:   010 |  0.000019000 -0.000292000  0.000208002 -0.002500000  0.003112000  0.000000000 |         10.9 | -0.000005880  0.000055158,  0.000010974  0.000554771
DIFF:  010 |  0.000000000  0.000000284  0.000005002  0.000000000  0.000000000  0.000000000 |          0.1 |  0.000000010  0.000000004, -0.000000908  0.000002895
MOVE:  010 | -0.000000000  0.000000000  0.000005002 -0.000000000  0.000000000  0.000000000 |          0.1 | -0.000000017 -0.000000000, -0.000001043  0.000002892
CONST: 010 | 26 1.9e-05 -0.000292 0.000208002 -0.0025 0.003112 0

ABS:   011 |  0.000019000 -0.000292000  0.000197998 -0.002500000  0.003112000  0.000000000 |         10.8 | -0.000005846  0.000055159,  0.000015670  0.000552910
DIFF:  011 |  0.000000000  0.000000000 -0.000010004  0.000000000  0.000000000  0.000000000 |         -0.1 |  0.000000034  0.000000000,  0.000004696 -0.000001861
MOVE:  011 | -0.000000000  0.000000000 -0.000005002 -0.000000000  0.000000000  0.000000000 |          0.0 |  0.000000017  0.000000000,  0.000003653  0.000001031
CONST: 011 | 26 1.9e-05 -0.000292 0.000197998 -0.0025 0.003112 0

ABS:   012 |  0.000019000 -0.000292000  0.000203500 -0.002500000  0.003112000  0.000000000 |         10.7 | -0.000005865  0.000055158,  0.000011516  0.000551879
DIFF:  012 |  0.000000000  0.000000000  0.000005502  0.000000000  0.000000000  0.000000000 |         -0.0 | -0.000000018 -0.000000000, -0.000004154 -0.000001031
MOVE:  012 | -0.000000000  0.000000000  0.000000500 -0.000000000  0.000000000  0.000000000 |         -0.0 | -0.000000002 -0.000000000, -0.000000501 -0.000000000
CONST: 012 | 26 1.9e-05 -0.000292 0.0002035 -0.0025 0.003112 0

ABS:   013 |  0.000019000 -0.000292000  0.000202500 -0.002500000  0.003112000  0.000000000 |         10.7 | -0.000005861  0.000055158,  0.000012518  0.000551879
DIFF:  013 |  0.000000000  0.000000000 -0.000001000  0.000000000  0.000000000  0.000000000 |          0.0 |  0.000000003  0.000000000,  0.000001002  0.000000000
MOVE:  013 | -0.000000000  0.000000000 -0.000000500 -0.000000000  0.000000000  0.000000000 |          0.0 |  0.000000002  0.000000000,  0.000000501  0.000000000
CONST: 013 | 26 1.9e-05 -0.000292 0.0002025 -0.0025 0.003112 0

ABS:   014 |  0.000019000 -0.000292000  0.000203309 -0.002500000  0.003112000  0.000000000 |         10.7 | -0.000005864  0.000055158,  0.000011708  0.000551879
DIFF:  014 |  0.000000000  0.000000000  0.000000809  0.000000000  0.000000000  0.000000000 |         -0.0 | -0.000000003 -0.000000000, -0.000000810 -0.000000000
MOVE:  014 | -0.000000000  0.000000000  0.000000309 -0.000000000  0.000000000  0.000000000 |         -0.0 | -0.000000001 -0.000000000, -0.000000309 -0.000000000
CONST: 014 | 26 1.9e-05 -0.000292 0.000203309 -0.0025 0.003112 0

ABS:   015 |  0.000019000 -0.000292000  0.000202691 -0.002500000  0.003112000  0.000000000 |         10.7 | -0.000005862  0.000055158,  0.000012326  0.000551879
DIFF:  015 |  0.000000000  0.000000000 -0.000000618  0.000000000  0.000000000  0.000000000 |          0.0 |  0.000000002  0.000000000,  0.000000618  0.000000000
MOVE:  015 | -0.000000000  0.000000000 -0.000000309 -0.000000000  0.000000000  0.000000000 |          0.0 |  0.000000001  0.000000000,  0.000000309  0.000000000
CONST: 015 | 26 1.9e-05 -0.000292 0.000202691 -0.0025 0.003112 0

ABS:   016 |  0.000019000 -0.000292000  0.000203000 -0.002496000  0.003112000  0.000000000 |         10.7 | -0.000005862  0.000055167,  0.000011771  0.000551870
DIFF:  016 |  0.000000000  0.000000000  0.000000309  0.000004000  0.000000000  0.000000000 |         -0.0 |  0.000000000  0.000000008, -0.000000555 -0.000000009
MOVE:  016 | -0.000000000  0.000000000  0.000000000  0.000004000  0.000000000  0.000000000 |          0.0 |  0.000000001  0.000000008, -0.000000246 -0.000000009
CONST: 016 | 26 1.9e-05 -0.000292 0.000203 -0.002496 0.003112 0

ABS:   017 |  0.000019000 -0.000292000  0.000203000 -0.002504000  0.003112000  0.000000000 |         10.7 | -0.000005864  0.000055150,  0.000012263  0.000551888
DIFF:  017 |  0.000000000  0.000000000  0.000000000 -0.000008000  0.000000000  0.000000000 |         -0.0 | -0.000000002 -0.000000017,  0.000000492  0.000000018
MOVE:  017 | -0.000000000  0.000000000  0.000000000 -0.000004000  0.000000000  0.000000000 |         -0.0 | -0.000000001 -0.000000008,  0.000000246  0.000000009
CONST: 017 | 26 1.9e-05 -0.000292 0.000203 -0.002504 0.003112 0

ABS:   018 |  0.000019000 -0.000292000  0.000203000 -0.002500000  0.003122001  0.000000000 |         10.7 | -0.000005593  0.000054955,  0.000011968  0.000551877
DIFF:  018 |  0.000000000  0.000000000  0.000000000  0.000004000  0.000010001  0.000000000 |         -0.0 |  0.000000271 -0.000000196, -0.000000295 -0.000000011
MOVE:  018 | -0.000000000  0.000000000  0.000000000 -0.000000000  0.000010001  0.000000000 |         -0.0 |  0.000000270 -0.000000204, -0.000000049 -0.000000002
CONST: 018 | 26 1.9e-05 -0.000292 0.000203 -0.0025 0.003122 0

ABS:   019 |  0.000019000 -0.000292000  0.000203000 -0.002500000  0.003101999  0.000000000 |         10.8 | -0.000006375  0.000055339,  0.000012066  0.000551881
DIFF:  019 |  0.000000000  0.000000000  0.000000000  0.000000000 -0.000020001  0.000000000 |          0.0 | -0.000000782  0.000000384,  0.000000098  0.000000004
MOVE:  019 | -0.000000000  0.000000000  0.000000000 -0.000000000 -0.000010001  0.000000000 |          0.0 | -0.000000512  0.000000180,  0.000000049  0.000000002
CONST: 019 | 26 1.9e-05 -0.000292 0.000203 -0.0025 0.003102 0

ABS:   020 |  0.000019000 -0.000292000  0.000203000 -0.002500000  0.003113228  0.000000000 |         10.7 | -0.000005830  0.000055133,  0.000012011  0.000551879
DIFF:  020 |  0.000000000  0.000000000  0.000000000  0.000000000  0.000011229  0.000000000 |         -0.0 |  0.000000545 -0.000000205, -0.000000055 -0.000000002
MOVE:  020 | -0.000000000  0.000000000  0.000000000 -0.000000000  0.000001228  0.000000000 |         -0.0 |  0.000000033 -0.000000025, -0.000000006 -0.000000000
CONST: 020 | 26 1.9e-05 -0.000292 0.000203 -0.0025 0.00311323 0

ABS:   021 |  0.000019000 -0.000292000  0.000203000 -0.002500000  0.003110772  0.000000000 |         10.7 | -0.000005896  0.000055184,  0.000012023  0.000551879
DIFF:  021 |  0.000000000  0.000000000  0.000000000  0.000000000 -0.000002457  0.000000000 |          0.0 | -0.000000066  0.000000051,  0.000000012  0.000000000
MOVE:  021 | -0.000000000  0.000000000  0.000000000 -0.000000000 -0.000001228  0.000000000 |          0.0 | -0.000000033  0.000000025,  0.000000006  0.000000000
CONST: 021 | 26 1.9e-05 -0.000292 0.000203 -0.0025 0.00311077 0

ABS:   022 |  0.000019000 -0.000292000  0.000203000 -0.002500000  0.003112000  0.000002000 |         10.7 | -0.000005865  0.000055158,  0.000012018  0.000551879
DIFF:  022 |  0.000000000  0.000000000  0.000000000  0.000000000  0.000001228  0.000002000 |         -0.0 |  0.000000031 -0.000000026, -0.000000005 -0.000000000
MOVE:  022 | -0.000000000  0.000000000  0.000000000 -0.000000000  0.000000000  0.000002000 |         -0.0 | -0.000000002 -0.000000000,  0.000000001 -0.000000000
CONST: 022 | 26 1.9e-05 -0.000292 0.000203 -0.0025 0.003112 2.00001e-06

ABS:   023 |  0.000019000 -0.000292000  0.000203000 -0.002500000  0.003112000 -0.000002000 |         10.7 | -0.000005861  0.000055159,  0.000012016  0.000551879
DIFF:  023 |  0.000000000  0.000000000  0.000000000  0.000000000  0.000000000 -0.000004000 |          0.0 |  0.000000004  0.000000001, -0.000000002  0.000000000
MOVE:  023 | -0.000000000  0.000000000  0.000000000 -0.000000000  0.000000000 -0.000002000 |          0.0 |  0.000000002  0.000000000, -0.000000001  0.000000000
CONST: 023 | 26 1.9e-05 -0.000292 0.000203 -0.0025 0.003112 -2.00001e-06

ABS:   024 |  0.000019000 -0.000292000  0.000203000 -0.002500000  0.003112000  0.000020000 |         10.7 | -0.000005882  0.000055155,  0.000012025  0.000551877
DIFF:  024 |  0.000000000  0.000000000  0.000000000  0.000000000  0.000000000  0.000022000 |         -0.0 | -0.000000021 -0.000000004,  0.000000008 -0.000000003
MOVE:  024 | -0.000000000  0.000000000  0.000000000 -0.000000000  0.000000000  0.000020000 |         -0.0 | -0.000000019 -0.000000003,  0.000000008 -0.000000002
CONST: 024 | 26 1.9e-05 -0.000292 0.000203 -0.0025 0.003112 2.00001e-05

ABS:   025 |  0.000019000 -0.000292000  0.000203000 -0.002500000  0.003112000 -0.000020000 |         10.7 | -0.000005844  0.000055162,  0.000012010  0.000551882
DIFF:  025 |  0.000000000  0.000000000  0.000000000  0.000000000  0.000000000 -0.000040000 |          0.0 |  0.000000039  0.000000007, -0.000000015  0.000000005
MOVE:  025 | -0.000000000  0.000000000  0.000000000 -0.000000000  0.000000000 -0.000020000 |          0.0 |  0.000000019  0.000000003, -0.000000008  0.000000002
CONST: 025 | 26 1.9e-05 -0.000292 0.000203 -0.0025 0.003112 -2.00001e-05

ABS:   026 |  0.000024865 -0.000304716  0.000214656 -0.002547411  0.003395398  0.001584229 |         10.7 |  0.000001212  0.000053459,  0.000004402  0.000553668
DIFF:  026 |  0.000005865 -0.000012716  0.000011656 -0.000047411  0.000283398  0.001604229 |         -0.0 |  0.000007056 -0.000001703, -0.000007608  0.000001786
MOVE:  026 |  0.000005865 -0.000012716  0.000011656 -0.000047411  0.000283398  0.001584229 |         -0.0 |  0.000007075 -0.000001700, -0.000007615  0.000001788
CONST: 026 | 26 2.48648e-05 -0.000304716 0.000214656 -0.00254741 0.0033954 0.00158423

ABS:   027 |  0.000022034 -0.000298578  0.000209030 -0.002524526  0.003258606  0.000819644 |         10.7 | -0.000002204  0.000053889,  0.000009290  0.000551705
DIFF:  027 | -0.000002831  0.000006137 -0.000005626  0.000022885 -0.000136792 -0.000764585 |         -0.1 | -0.000003416  0.000000430,  0.000004888 -0.000001962
MOVE:  027 |  0.000003034 -0.000006578  0.000006030 -0.000024526  0.000146606  0.000819644 |         -0.1 |  0.000003659 -0.000001270, -0.000002727 -0.000000174
CONST: 027 | 26 2.20339e-05 -0.000298578 0.00020903 -0.00252453 0.00325861 0.000819644

ABS:   028 |  0.000022103 -0.000298578  0.000209030 -0.002524526  0.003258606  0.000819644 |         10.7 | -0.000002135  0.000053889,  0.000009289  0.000551705
DIFF:  028 |  0.000000069  0.000000000  0.000000000  0.000000000  0.000000000  0.000000000 |         -0.0 |  0.000000069 -0.000000000, -0.000000000 -0.000000000
MOVE:  028 |  0.000003103 -0.000006578  0.000006030 -0.000024526  0.000146606  0.000819644 |         -0.1 |  0.000003728 -0.000001270, -0.000002728 -0.000000174
CONST: 028 | 26 2.21025e-05 -0.000298578 0.00020903 -0.00252453 0.00325861 0.000819644

ABS:   029 |  0.000021965 -0.000298578  0.000209030 -0.002524526  0.003258606  0.000819644 |         10.7 | -0.000002272  0.000053889,  0.000009290  0.000551705
DIFF:  029 | -0.000000137  0.000000000  0.000000000  0.000000000  0.000000000  0.000000000 |          0.0 | -0.000000137  0.000000000,  0.000000001  0.000000000
MOVE:  029 |  0.000002965 -0.000006578  0.000006030 -0.000024526  0.000146606  0.000819644 |         -0.1 |  0.000003591 -0.000001270, -0.000002727 -0.000000174
CONST: 029 | 26 2.19654e-05 -0.000298578 0.00020903 -0.00252453 0.00325861 0.000819644

ABS:   030 |  0.000022034 -0.000298295  0.000209030 -0.002524526  0.003258606  0.000819644 |         10.7 | -0.000002177  0.000053890,  0.000009424  0.000551706
DIFF:  030 |  0.000000069  0.000000283  0.000000000  0.000000000  0.000000000  0.000000000 |         -0.0 |  0.000000095  0.000000001,  0.000000134  0.000000001
MOVE:  030 |  0.000003034 -0.000006295  0.000006030 -0.000024526  0.000146606  0.000819644 |         -0.1 |  0.000003686 -0.000001268, -0.000002593 -0.000000173
CONST: 030 | 26 2.20339e-05 -0.000298295 0.00020903 -0.00252453 0.00325861 0.000819644

ABS:   031 |  0.000022034 -0.000298861  0.000209030 -0.002524526  0.003258606  0.000819644 |         10.7 | -0.000002231  0.000053887,  0.000009156  0.000551705
DIFF:  031 |  0.000000000 -0.000000565  0.000000000  0.000000000  0.000000000  0.000000000 |         -0.0 | -0.000000054 -0.000000003, -0.000000268 -0.000000001
MOVE:  031 |  0.000003034 -0.000006861  0.000006030 -0.000024526  0.000146606  0.000819644 |         -0.1 |  0.000003632 -0.000001271, -0.000002862 -0.000000175
CONST: 031 | 26 2.20339e-05 -0.000298861 0.00020903 -0.00252453 0.00325861 0.000819644

ABS:   032 |  0.000022034 -0.000298578  0.000209338 -0.002524526  0.003258606  0.000819644 |         10.7 | -0.000002205  0.000053889,  0.000008982  0.000551705
DIFF:  032 |  0.000000000  0.000000283  0.000000308  0.000000000  0.000000000  0.000000000 |         -0.0 |  0.000000026  0.000000001, -0.000000174  0.000000001
MOVE:  032 |  0.000003034 -0.000006578  0.000006338 -0.000024526  0.000146606  0.000819644 |         -0.1 |  0.000003658 -0.000001270, -0.000003036 -0.000000174
CONST: 032 | 26 2.20339e-05 -0.000298578 0.000209338 -0.00252453 0.00325861 0.000819644

ABS:   033 |  0.000022034 -0.000298578  0.000208722 -0.002524526  0.003258606  0.000819644 |         10.7 | -0.000002203  0.000053889,  0.000009598  0.000551705
DIFF:  033 |  0.000000000  0.000000000 -0.000000615  0.000000000  0.000000000  0.000000000 |          0.0 |  0.000000002  0.000000000,  0.000000616  0.000000000
MOVE:  033 |  0.000003034 -0.000006578  0.000005722 -0.000024526  0.000146606  0.000819644 |         -0.1 |  0.000003660 -0.000001270, -0.000002419 -0.000000174
CONST: 033 | 26 2.20339e-05 -0.000298578 0.000208722 -0.00252453 0.00325861 0.000819644

ABS:   034 |  0.000022034 -0.000298578  0.000209030 -0.002520602  0.003258606  0.000819644 |         10.7 | -0.000002203  0.000053894,  0.000009048  0.000551696
DIFF:  034 |  0.000000000  0.000000000  0.000000308  0.000003925  0.000000000  0.000000000 |         -0.0 | -0.000000000  0.000000005, -0.000000550 -0.000000009
MOVE:  034 |  0.000003034 -0.000006578  0.000006030 -0.000020602  0.000146606  0.000819644 |         -0.1 |  0.000003660 -0.000001265, -0.000002969 -0.000000183
CONST: 034 | 26 2.20339e-05 -0.000298578 0.00020903 -0.0025206 0.00325861 0.000819644

ABS:   035 |  0.000022034 -0.000298578  0.000209030 -0.002528451  0.003258606  0.000819644 |         10.7 | -0.000002205  0.000053884,  0.000009531  0.000551714
DIFF:  035 |  0.000000000  0.000000000  0.000000000 -0.000007850  0.000000000  0.000000000 |          0.0 | -0.000000002 -0.000000010,  0.000000483  0.000000018
MOVE:  035 |  0.000003034 -0.000006578  0.000006030 -0.000028451  0.000146606  0.000819644 |         -0.1 |  0.000003658 -0.000001275, -0.000002486 -0.000000165
CONST: 035 | 26 2.20339e-05 -0.000298578 0.00020903 -0.00252845 0.00325861 0.000819644

ABS:   036 |  0.000022034 -0.000298578  0.000209030 -0.002524526  0.003259618  0.000819644 |         10.7 | -0.000002176  0.000053876,  0.000009285  0.000551705
DIFF:  036 |  0.000000000  0.000000000  0.000000000  0.000003925  0.000001012  0.000000000 |         -0.0 |  0.000000028 -0.000000007, -0.000000247 -0.000000009
MOVE:  036 |  0.000003034 -0.000006578  0.000006030 -0.000024526  0.000147618  0.000819644 |         -0.1 |  0.000003686 -0.000001282, -0.000002732 -0.000000174
CONST: 036 | 26 2.20339e-05 -0.000298578 0.00020903 -0.00252453 0.00325962 0.000819644

ABS:   037 |  0.000022034 -0.000298578  0.000209030 -0.002524526  0.003257595  0.000819644 |         10.7 | -0.000002231  0.000053901,  0.000009295  0.000551705
DIFF:  037 |  0.000000000  0.000000000  0.000000000  0.000000000 -0.000002023  0.000000000 |          0.0 | -0.000000055  0.000000024,  0.000000010  0.000000000
MOVE:  037 |  0.000003034 -0.000006578  0.000006030 -0.000024526  0.000145595  0.000819644 |         -0.1 |  0.000003632 -0.000001258, -0.000002722 -0.000000174
CONST: 037 | 26 2.20339e-05 -0.000298578 0.00020903 -0.00252453 0.00325759 0.000819644

ABS:   038 |  0.000022034 -0.000298578  0.000209030 -0.002524526  0.003258606  0.000854113 |         10.7 | -0.000002237  0.000053887,  0.000009302  0.000551703
DIFF:  038 |  0.000000000  0.000000000  0.000000000  0.000000000  0.000001012  0.000034469 |         -0.0 | -0.000000006 -0.000000014,  0.000000007 -0.000000002
MOVE:  038 |  0.000003034 -0.000006578  0.000006030 -0.000024526  0.000146606  0.000854113 |         -0.1 |  0.000003626 -0.000001272, -0.000002715 -0.000000176
CONST: 038 | 26 2.20339e-05 -0.000298578 0.00020903 -0.00252453 0.00325861 0.000854113

ABS:   039 |  0.000022034 -0.000298578  0.000209030 -0.002524526  0.003258606  0.000785175 |         10.7 | -0.000002170  0.000053891,  0.000009278  0.000551707
DIFF:  039 |  0.000000000  0.000000000  0.000000000  0.000000000  0.000000000 -0.000068938 |          0.0 |  0.000000067  0.000000004, -0.000000024  0.000000005
MOVE:  039 |  0.000003034 -0.000006578  0.000006030 -0.000024526  0.000146606  0.000785175 |         -0.1 |  0.000003692 -0.000001268, -0.000002739 -0.000000172
CONST: 039 | 26 2.20339e-05 -0.000298578 0.00020903 -0.00252453 0.00325861 0.000785175

ABS:   040 |  0.000023859 -0.000303996  0.000222863 -0.002346006  0.003456997  0.001504706 |         10.8 |  0.000001926  0.000053451,  0.000002437  0.000555166
DIFF:  040 |  0.000001825 -0.000005418  0.000013833  0.000178520  0.000198391  0.000719531 |          0.1 |  0.000004096 -0.000000440, -0.000006841  0.000003459
MOVE:  040 |  0.000004859 -0.000011996  0.000019863  0.000153994  0.000344997  0.001504706 |          0.1 |  0.000007789 -0.000001707, -0.000009580  0.000003287
CONST: 040 | 26 2.38593e-05 -0.000303996 0.000222863 -0.00234601 0.003457 0.00150471

ABS:   041 |  0.000022564 -0.000300153  0.000213050 -0.002472640  0.003316268  0.001018777 |         10.6 | -0.000000929  0.000053515,  0.000003779  0.000551533
DIFF:  041 | -0.000001295  0.000003843 -0.000009812 -0.000126634 -0.000140729 -0.000485929 |         -0.2 | -0.000002855  0.000000064,  0.000001342 -0.000003633
MOVE:  041 |  0.000003564 -0.000008153  0.000010050  0.000027360  0.000204268  0.001018777 |         -0.1 |  0.000004934 -0.000001643, -0.000008238 -0.000000346
CONST: 041 | 26 2.25645e-05 -0.000300153 0.00021305 -0.00247264 0.00331627 0.00101878

ABS:   042 |  0.000022632 -0.000300153  0.000213050 -0.002472640  0.003316268  0.001018777 |         10.6 | -0.000000861  0.000053515,  0.000003779  0.000551533
DIFF:  042 |  0.000000068  0.000000000  0.000000000  0.000000000  0.000000000  0.000000000 |         -0.0 |  0.000000068 -0.000000000, -0.000000000 -0.000000000
MOVE:  042 |  0.000003632 -0.000008153  0.000010050  0.000027360  0.000204268  0.001018777 |         -0.1 |  0.000005002 -0.000001643, -0.000008239 -0.000000346
CONST: 042 | 26 2.26325e-05 -0.000300153 0.00021305 -0.00247264 0.00331627 0.00101878

ABS:   043 |  0.000022496 -0.000300153  0.000213050 -0.002472640  0.003316268  0.001018777 |         10.6 | -0.000000997  0.000053515,  0.000003779  0.000551533
DIFF:  043 | -0.000000136  0.000000000  0.000000000  0.000000000  0.000000000  0.000000000 |          0.0 | -0.000000136  0.000000000,  0.000000001  0.000000000
MOVE:  043 |  0.000003496 -0.000008153  0.000010050  0.000027360  0.000204268  0.001018777 |         -0.1 |  0.000004866 -0.000001643, -0.000008238 -0.000000346
CONST: 043 | 26 2.24965e-05 -0.000300153 0.00021305 -0.00247264 0.00331627 0.00101878

ABS:   044 |  0.000022564 -0.000299871  0.000213050 -0.002472640  0.003316268  0.001018777 |         10.6 | -0.000000902  0.000053516,  0.000003913  0.000551533
DIFF:  044 |  0.000000068  0.000000282  0.000000000  0.000000000  0.000000000  0.000000000 |         -0.0 |  0.000000095  0.000000001,  0.000000134  0.000000000
MOVE:  044 |  0.000003564 -0.000007871  0.000010050  0.000027360  0.000204268  0.001018777 |         -0.1 |  0.000004961 -0.000001642, -0.000008104 -0.000000346
CONST: 044 | 26 2.25645e-05 -0.000299871 0.00021305 -0.00247264 0.00331627 0.00101878

ABS:   045 |  0.000022564 -0.000300434  0.000213050 -0.002472640  0.003316268  0.001018777 |         10.6 | -0.000000956  0.000053515,  0.000003645  0.000551533
DIFF:  045 |  0.000000000 -0.000000563  0.000000000  0.000000000  0.000000000  0.000000000 |         -0.0 | -0.000000054 -0.000000001, -0.000000268 -0.000000000
MOVE:  045 |  0.000003564 -0.000008434  0.000010050  0.000027360  0.000204268  0.001018777 |         -0.1 |  0.000004907 -0.000001644, -0.000008372 -0.000000346
CONST: 045 | 26 2.25645e-05 -0.000300434 0.00021305 -0.00247264 0.00331627 0.00101878

ABS:   046 |  0.000022564 -0.000300153  0.000213358 -0.002472640  0.003316268  0.001018777 |         10.6 | -0.000000930  0.000053515,  0.000003471  0.000551533
DIFF:  046 |  0.000000000  0.000000282  0.000000307  0.000000000  0.000000000  0.000000000 |         -0.0 |  0.000000026  0.000000001, -0.000000174 -0.000000000
MOVE:  046 |  0.000003564 -0.000008153  0.000010358  0.000027360  0.000204268  0.001018777 |         -0.1 |  0.000004933 -0.000001643, -0.000008546 -0.000000346
CONST: 046 | 26 2.25645e-05 -0.000300153 0.000213358 -0.00247264 0.00331627 0.00101878

ABS:   047 |  0.000022564 -0.000300153  0.000212743 -0.002472640  0.003316268  0.001018777 |         10.6 | -0.000000928  0.000053515,  0.000004086  0.000551533
DIFF:  047 |  0.000000000  0.000000000 -0.000000615  0.000000000  0.000000000  0.000000000 |          0.0 |  0.000000002  0.000000000,  0.000000615  0.000000000
MOVE:  047 |  0.000003564 -0.000008153  0.000009743  0.000027360  0.000204268  0.001018777 |         -0.1 |  0.000004935 -0.000001643, -0.000007931 -0.000000346
CONST: 047 | 26 2.25645e-05 -0.000300153 0.000212743 -0.00247264 0.00331627 0.00101878

ABS:   048 |  0.000022564 -0.000300153  0.000213050 -0.002468727  0.003316268  0.001018777 |         10.6 | -0.000000928  0.000053519,  0.000003537  0.000551525
DIFF:  048 |  0.000000000  0.000000000  0.000000307  0.000003913  0.000000000  0.000000000 |         -0.0 |  0.000000000  0.000000004, -0.000000549 -0.000000008
MOVE:  048 |  0.000003564 -0.000008153  0.000010050  0.000031273  0.000204268  0.001018777 |         -0.1 |  0.000004935 -0.000001639, -0.000008480 -0.000000354
CONST: 048 | 26 2.25645e-05 -0.000300153 0.00021305 -0.00246873 0.00331627 0.00101878

ABS:   049 |  0.000022564 -0.000300153  0.000213050 -0.002476553  0.003316268  0.001018777 |         10.6 | -0.000000930  0.000053511,  0.000004020  0.000551542
DIFF:  049 |  0.000000000  0.000000000  0.000000000 -0.000007826  0.000000000  0.000000000 |          0.0 | -0.000000002 -0.000000008,  0.000000483  0.000000017
MOVE:  049 |  0.000003564 -0.000008153  0.000010050  0.000023447  0.000204268  0.001018777 |         -0.1 |  0.000004933 -0.000001647, -0.000007997 -0.000000338
CONST: 049 | 26 2.25645e-05 -0.000300153 0.00021305 -0.00247655 0.00331627 0.00101878

ABS:   050 |  0.000022564 -0.000300153  0.000213050 -0.002472640  0.003317272  0.001018777 |         10.6 | -0.000000902  0.000053506,  0.000003774  0.000551533
DIFF:  050 |  0.000000000  0.000000000  0.000000000  0.000003913  0.000001003  0.000000000 |         -0.0 |  0.000000028 -0.000000005, -0.000000246 -0.000000009
MOVE:  050 |  0.000003564 -0.000008153  0.000010050  0.000027360  0.000205272  0.001018777 |         -0.1 |  0.000004961 -0.000001652, -0.000008243 -0.000000346
CONST: 050 | 26 2.25645e-05 -0.000300153 0.00021305 -0.00247264 0.00331727 0.00101878

ABS:   051 |  0.000022564 -0.000300153  0.000213050 -0.002472640  0.003315265  0.001018777 |         10.6 | -0.000000956  0.000053525,  0.000003784  0.000551534
DIFF:  051 |  0.000000000  0.000000000  0.000000000  0.000000000 -0.000002006  0.000000000 |          0.0 | -0.000000054  0.000000019,  0.000000010  0.000000000
MOVE:  051 |  0.000003564 -0.000008153  0.000010050  0.000027360  0.000203265  0.001018777 |         -0.1 |  0.000004907 -0.000001634, -0.000008233 -0.000000346
CONST: 051 | 26 2.25645e-05 -0.000300153 0.00021305 -0.00247264 0.00331527 0.00101878

ABS:   052 |  0.000022564 -0.000300153  0.000213050 -0.002472640  0.003316268  0.001053199 |         10.6 | -0.000000962  0.000053514,  0.000003791  0.000551532
DIFF:  052 |  0.000000000  0.000000000  0.000000000  0.000000000  0.000001003  0.000034422 |         -0.0 | -0.000000006 -0.000000010,  0.000000007 -0.000000002
MOVE:  052 |  0.000003564 -0.000008153  0.000010050  0.000027360  0.000204268  0.001053199 |         -0.1 |  0.000004901 -0.000001644, -0.000008226 -0.000000348
CONST: 052 | 26 2.25645e-05 -0.000300153 0.00021305 -0.00247264 0.00331627 0.0010532

ABS:   053 |  0.000022564 -0.000300153  0.000213050 -0.002472640  0.003316268  0.000984355 |         10.6 | -0.000000896  0.000053516,  0.000003767  0.000551535
DIFF:  053 |  0.000000000  0.000000000  0.000000000  0.000000000  0.000000000 -0.000068844 |          0.0 |  0.000000066  0.000000002, -0.000000025  0.000000003
MOVE:  053 |  0.000003564 -0.000008153  0.000010050  0.000027360  0.000204268  0.000984355 |         -0.1 |  0.000004967 -0.000001642, -0.000008251 -0.000000344
CONST: 053 | 26 2.25645e-05 -0.000300153 0.00021305 -0.00247264 0.00331627 0.000984355

ABS:   054 |  0.000021970 -0.000298731  0.000215045 -0.002344942  0.003488969  0.001567767 |         10.8 |  0.000001486  0.000053051, -0.000000765  0.000555129
DIFF:  054 | -0.000000595  0.000001422  0.000001995  0.000127698  0.000172700  0.000583412 |          0.1 |  0.000002382 -0.000000465, -0.000004531  0.000003594
MOVE:  054 |  0.000002970 -0.000006731  0.000012045  0.000155058  0.000376969  0.001567767 |          0.0 |  0.000007349 -0.000002107, -0.000012782  0.000003250
CONST: 054 | 26 2.19696e-05 -0.000298731 0.000215045 -0.00234494 0.00348897 0.00156777

ABS:   055 |  0.000022430 -0.000299830  0.000213503 -0.002443663  0.003355458  0.001143367 |         10.7 | -0.000000445  0.000053319,  0.000002876  0.000552446
DIFF:  055 |  0.000000460 -0.000001099 -0.000001542 -0.000098721 -0.000133511 -0.000424400 |         -0.1 | -0.000001932  0.000000268,  0.000003641 -0.000002683
MOVE:  055 |  0.000003430 -0.000007830  0.000010503  0.000056337  0.000243458  0.001143367 |         -0.1 |  0.000005418 -0.000001839, -0.000009142  0.000000567
CONST: 055 | 26 2.24295e-05 -0.00029983 0.000213503 -0.00244366 0.00335546 0.00114337

ABS:   056 |  0.000022533 -0.000300077  0.000213157 -0.002465825  0.003325485  0.001048078 |         10.6 | -0.000000967  0.000053645,  0.000003253  0.000551515
DIFF:  056 |  0.000000103 -0.000000247 -0.000000346 -0.000022162 -0.000029973 -0.000095289 |         -0.0 | -0.000000522  0.000000326,  0.000000377 -0.000000931
MOVE:  056 |  0.000003533 -0.000008077  0.000010157  0.000034175  0.000213485  0.001048078 |         -0.1 |  0.000004896 -0.000001513, -0.000008764 -0.000000364
CONST: 056 | 26 2.25327e-05 -0.000300077 0.000213157 -0.00246583 0.00332548 0.00104808

ABS:   057 |  0.000022559 -0.000300139  0.000213069 -0.002471441  0.003317890  0.001023932 |         10.6 | -0.000001012  0.000053605,  0.000003686  0.000551530
DIFF:  057 |  0.000000026 -0.000000063 -0.000000088 -0.000005616 -0.000007595 -0.000024146 |         -0.0 | -0.000000045 -0.000000040,  0.000000433  0.000000015
MOVE:  057 |  0.000003559 -0.000008139  0.000010069  0.000028559  0.000205890  0.001023932 |         -0.1 |  0.000004851 -0.000001553, -0.000008331 -0.000000349
CONST: 057 | 26 2.25589e-05 -0.000300139 0.000213069 -0.00247144 0.00331789 0.00102393

ABS:   058 |  0.000022564 -0.000300152  0.000213051 -0.002472565  0.003316369  0.001019098 |         10.6 | -0.000000927  0.000053514,  0.000003773  0.000551533
DIFF:  058 |  0.000000005 -0.000000013 -0.000000018 -0.000001124 -0.000001521 -0.000004834 |         -0.0 |  0.000000085 -0.000000091,  0.000000087  0.000000003
MOVE:  058 |  0.000003564 -0.000008152  0.000010051  0.000027435  0.000204369  0.001019098 |         -0.1 |  0.000004936 -0.000001644, -0.000008244 -0.000000346
CONST: 058 | 26 2.25641e-05 -0.000300152 0.000213051 -0.00247257 0.00331637 0.0010191

ABS:   059 |  0.000022632 -0.000300152  0.000213051 -0.002472565  0.003316369  0.001019098 |         10.6 | -0.000000859  0.000053514,  0.000003773  0.000551533
DIFF:  059 |  0.000000068  0.000000000  0.000000000  0.000000000  0.000000000  0.000000000 |         -0.0 |  0.000000068 -0.000000000, -0.000000000 -0.000000000
MOVE:  059 |  0.000003632 -0.000008152  0.000010051  0.000027435  0.000204369  0.001019098 |         -0.1 |  0.000005004 -0.000001644, -0.000008244 -0.000000346
CONST: 059 | 26 2.26321e-05 -0.000300152 0.000213051 -0.00247257 0.00331637 0.0010191

ABS:   060 |  0.000022496 -0.000300152  0.000213051 -0.002472565  0.003316369  0.001019098 |         10.6 | -0.000000995  0.000053514,  0.000003773  0.000551533
DIFF:  060 | -0.000000136  0.000000000  0.000000000  0.000000000  0.000000000  0.000000000 |          0.0 | -0.000000136  0.000000000,  0.000000001  0.000000000
MOVE:  060 |  0.000003496 -0.000008152  0.000010051  0.000027435  0.000204369  0.001019098 |         -0.1 |  0.000004868 -0.000001644, -0.000008244 -0.000000346
CONST: 060 | 26 2.24962e-05 -0.000300152 0.000213051 -0.00247257 0.00331637 0.0010191

ABS:   061 |  0.000022564 -0.000299871  0.000213051 -0.002472565  0.003316369  0.001019098 |         10.6 | -0.000000900  0.000053515,  0.000003907  0.000551533
DIFF:  061 |  0.000000068  0.000000281  0.000000000  0.000000000  0.000000000  0.000000000 |         -0.0 |  0.000000095  0.000000001,  0.000000134  0.000000000
MOVE:  061 |  0.000003564 -0.000007871  0.000010051  0.000027435  0.000204369  0.001019098 |         -0.1 |  0.000004963 -0.000001643, -0.000008110 -0.000000346
CONST: 061 | 26 2.25641e-05 -0.000299871 0.000213051 -0.00247257 0.00331637 0.0010191

ABS:   062 |  0.000022564 -0.000300433  0.000213051 -0.002472565  0.003316369  0.001019098 |         10.6 | -0.000000954  0.000053514,  0.000003639  0.000551533
DIFF:  062 |  0.000000000 -0.000000563  0.000000000  0.000000000  0.000000000  0.000000000 |         -0.0 | -0.000000054 -0.000000001, -0.000000268 -0.000000000
MOVE:  062 |  0.000003564 -0.000008433  0.000010051  0.000027435  0.000204369  0.001019098 |         -0.1 |  0.000004909 -0.000001645, -0.000008378 -0.000000346
CONST: 062 | 26 2.25641e-05 -0.000300433 0.000213051 -0.00247257 0.00331637 0.0010191

ABS:   063 |  0.000022564 -0.000300152  0.000213359 -0.002472565  0.003316369  0.001019098 |         10.6 | -0.000000928  0.000053514,  0.000003465  0.000551533
DIFF:  063 |  0.000000000  0.000000281  0.000000307  0.000000000  0.000000000  0.000000000 |         -0.0 |  0.000000026  0.000000001, -0.000000174 -0.000000000
MOVE:  063 |  0.000003564 -0.000008152  0.000010359  0.000027435  0.000204369  0.001019098 |         -0.1 |  0.000004935 -0.000001644, -0.000008552 -0.000000346
CONST: 063 | 26 2.25641e-05 -0.000300152 0.000213359 -0.00247257 0.00331637 0.0010191

ABS:   064 |  0.000022564 -0.000300152  0.000212744 -0.002472565  0.003316369  0.001019098 |         10.6 | -0.000000926  0.000053514,  0.000004081  0.000551533
DIFF:  064 |  0.000000000  0.000000000 -0.000000615  0.000000000  0.000000000  0.000000000 |          0.0 |  0.000000002  0.000000000,  0.000000615  0.000000000
MOVE:  064 |  0.000003564 -0.000008152  0.000009744  0.000027435  0.000204369  0.001019098 |         -0.1 |  0.000004937 -0.000001644, -0.000007936 -0.000000346
CONST: 064 | 26 2.25641e-05 -0.000300152 0.000212744 -0.00247257 0.00331637 0.0010191

ABS:   065 |  0.000022564 -0.000300152  0.000213051 -0.002468657  0.003316369  0.001019098 |         10.6 | -0.000000926  0.000053518,  0.000003532  0.000551525
DIFF:  065 |  0.000000000  0.000000000  0.000000307  0.000003908  0.000000000  0.000000000 |         -0.0 |  0.000000000  0.000000004, -0.000000549 -0.000000008
MOVE:  065 |  0.000003564 -0.000008152  0.000010051  0.000031343  0.000204369  0.001019098 |         -0.1 |  0.000004937 -0.000001640, -0.000008485 -0.000000354
CONST: 065 | 26 2.25641e-05 -0.000300152 0.000213051 -0.00246866 0.00331637 0.0010191

ABS:   066 |  0.000022564 -0.000300152  0.000213051 -0.002476473  0.003316369  0.001019098 |         10.6 | -0.000000928  0.000053510,  0.000004014  0.000551541
DIFF:  066 |  0.000000000  0.000000000  0.000000000 -0.000007816  0.000000000  0.000000000 |          0.0 | -0.000000002 -0.000000008,  0.000000482  0.000000017
MOVE:  066 |  0.000003564 -0.000008152  0.000010051  0.000023527  0.000204369  0.001019098 |         -0.1 |  0.000004935 -0.000001648, -0.000008003 -0.000000338
CONST: 066 | 26 2.25641e-05 -0.000300152 0.000213051 -0.00247647 0.00331637 0.0010191

ABS:   067 |  0.000022564 -0.000300152  0.000213051 -0.002472565  0.003317370  0.001019098 |         10.6 | -0.000000900  0.000053505,  0.000003768  0.000551533
DIFF:  067 |  0.000000000  0.000000000  0.000000000  0.000003908  0.000001000  0.000000000 |         -0.0 |  0.000000028 -0.000000005, -0.000000246 -0.000000009
MOVE:  067 |  0.000003564 -0.000008152  0.000010051  0.000027435  0.000205370  0.001019098 |         -0.1 |  0.000004963 -0.000001653, -0.000008249 -0.000000346
CONST: 067 | 26 2.25641e-05 -0.000300152 0.000213051 -0.00247257 0.00331737 0.0010191

