ABS:   itr |       deltaX       deltaY       deltaZ         phiX         phiY         phiZ |        chisq |    rphi mean     rphi rms,       z mean        z rms
ABS:   =========================================================================================================================================================
DIFF:  itr |       deltaX       deltaY       deltaZ         phiX         phiY         phiZ |        chisq |    rphi mean     rphi rms,       z mean        z rms
DIFF:  =========================================================================================================================================================
MOVE:  itr |       deltaX       deltaY       deltaZ         phiX         phiY         phiZ |        chisq |    rphi mean     rphi rms,       z mean        z rms
MOVE:  =========================================================================================================================================================
ABS:   001 | -0.000090000 -0.000340000 -0.000133000  0.000000000  0.000225000  0.000000000 |         50.4 |  0.000026039  0.000063298,  0.000000767  0.000569889
CONST: 001 | 3 -9e-05 -0.00034 -0.000133 0 0.000225 0

ABS:   001 | -0.000090000 -0.000340000 -0.000133000  0.000000000  0.000225000  0.000000000 |         50.4 |  0.000026039  0.000063298,  0.000000767  0.000569889
CONST: 001 | 3 -9e-05 -0.00034 -0.000133 0 0.000225 0

ABS:   002 | -0.000089900 -0.000340000 -0.000133000  0.000000000  0.000225000  0.000000000 |         50.4 |  0.000026139  0.000063298,  0.000000767  0.000569889
DIFF:  002 |  0.000000100  0.000000000  0.000000000  0.000000000  0.000000000  0.000000000 |          0.0 |  0.000000100  0.000000000, -0.000000000  0.000000000
MOVE:  002 |  0.000000100  0.000000000  0.000000000  0.000000000  0.000000000  0.000000000 |          0.0 |  0.000000100  0.000000000, -0.000000000  0.000000000
CONST: 002 | 3 -8.99e-05 -0.00034 -0.000133 0 0.000225 0

ABS:   003 | -0.000090100 -0.000340000 -0.000133000  0.000000000  0.000225000  0.000000000 |         50.4 |  0.000025939  0.000063298,  0.000000767  0.000569889
DIFF:  003 | -0.000000200  0.000000000  0.000000000  0.000000000  0.000000000  0.000000000 |         -0.0 | -0.000000200  0.000000000,  0.000000000 -0.000000000
MOVE:  003 | -0.000000100  0.000000000  0.000000000  0.000000000  0.000000000  0.000000000 |         -0.0 | -0.000000100  0.000000000,  0.000000000  0.000000000
CONST: 003 | 3 -9.01e-05 -0.00034 -0.000133 0 0.000225 0

ABS:   004 | -0.000089000 -0.000340000 -0.000133000  0.000000000  0.000225000  0.000000000 |         50.4 |  0.000027039  0.000063298,  0.000000766  0.000569889
DIFF:  004 |  0.000001100  0.000000000  0.000000000  0.000000000  0.000000000  0.000000000 |          0.0 |  0.000001100 -0.000000000, -0.000000000 -0.000000000
MOVE:  004 |  0.000001000  0.000000000  0.000000000  0.000000000  0.000000000  0.000000000 |          0.0 |  0.000001000 -0.000000000, -0.000000000  0.000000000
CONST: 004 | 3 -8.9e-05 -0.00034 -0.000133 0 0.000225 0

ABS:   005 | -0.000091000 -0.000340000 -0.000133000  0.000000000  0.000225000  0.000000000 |         50.4 |  0.000030312  0.000065243,  0.000000767  0.000569889
DIFF:  005 | -0.000002000  0.000000000  0.000000000  0.000000000  0.000000000  0.000000000 |          0.0 |  0.000003273  0.000001945,  0.000000000  0.000000000
MOVE:  005 | -0.000001000  0.000000000  0.000000000  0.000000000  0.000000000  0.000000000 |          0.0 |  0.000004273  0.000001945,  0.000000000  0.000000000
CONST: 005 | 3 -9.1e-05 -0.00034 -0.000133 0 0.000225 0

ABS:   006 | -0.000089900 -0.000340000 -0.000133000  0.000000000  0.000225000  0.000000000 |         50.4 |  0.000026139  0.000063298,  0.000000767  0.000569889
DIFF:  006 |  0.000001100  0.000000000  0.000000000  0.000000000  0.000000000  0.000000000 |         -0.0 | -0.000004173 -0.000001945, -0.000000000  0.000000000
MOVE:  006 |  0.000000100  0.000000000  0.000000000  0.000000000  0.000000000  0.000000000 |          0.0 |  0.000000100  0.000000000, -0.000000000  0.000000000
CONST: 006 | 3 -8.99e-05 -0.00034 -0.000133 0 0.000225 0

ABS:   007 | -0.000090100 -0.000340000 -0.000133000  0.000000000  0.000225000  0.000000000 |         50.4 |  0.000025939  0.000063298,  0.000000767  0.000569889
DIFF:  007 | -0.000000200  0.000000000  0.000000000  0.000000000  0.000000000  0.000000000 |         -0.0 | -0.000000200  0.000000000,  0.000000000 -0.000000000
MOVE:  007 | -0.000000100  0.000000000  0.000000000  0.000000000  0.000000000  0.000000000 |         -0.0 | -0.000000100  0.000000000,  0.000000000  0.000000000
CONST: 007 | 3 -9.01e-05 -0.00034 -0.000133 0 0.000225 0

ABS:   008 | -0.000090000 -0.000339900 -0.000133000  0.000000000  0.000225000  0.000000000 |         50.4 |  0.000026021  0.000063300,  0.000000766  0.000569882
DIFF:  008 |  0.000000100  0.000000100  0.000000000  0.000000000  0.000000000  0.000000000 |         -0.0 |  0.000000082  0.000000002, -0.000000001 -0.000000007
MOVE:  008 | -0.000000000  0.000000100  0.000000000  0.000000000  0.000000000  0.000000000 |         -0.0 | -0.000000018  0.000000002, -0.000000001 -0.000000007
CONST: 008 | 3 -9e-05 -0.0003399 -0.000133 0 0.000225 0

ABS:   009 | -0.000090000 -0.000340100 -0.000133000  0.000000000  0.000225000  0.000000000 |         50.4 |  0.000026058  0.000063296,  0.000000767  0.000569896
DIFF:  009 |  0.000000000 -0.000000200  0.000000000  0.000000000  0.000000000  0.000000000 |          0.0 |  0.000000037 -0.000000004,  0.000000001  0.000000014
MOVE:  009 | -0.000000000 -0.000000100  0.000000000  0.000000000  0.000000000  0.000000000 |          0.0 |  0.000000018 -0.000000002,  0.000000001  0.000000007
CONST: 009 | 3 -9e-05 -0.0003401 -0.000133 0 0.000225 0

ABS:   010 | -0.000090000 -0.000339691 -0.000133000  0.000000000  0.000225000  0.000000000 |         50.4 |  0.000025983  0.000063304,  0.000000765  0.000569866
DIFF:  010 |  0.000000000  0.000000409  0.000000000  0.000000000  0.000000000  0.000000000 |         -0.0 | -0.000000075  0.000000008, -0.000000002 -0.000000029
MOVE:  010 | -0.000000000  0.000000309  0.000000000  0.000000000  0.000000000  0.000000000 |         -0.0 | -0.000000057  0.000000006, -0.000000002 -0.000000022
CONST: 010 | 3 -9e-05 -0.000339691 -0.000133 0 0.000225 0

ABS:   011 | -0.000090000 -0.000340309 -0.000133000  0.000000000  0.000225000  0.000000000 |         50.4 |  0.000026096  0.000063292,  0.000000515  0.000570090
DIFF:  011 |  0.000000000 -0.000000618  0.000000000  0.000000000  0.000000000  0.000000000 |          0.1 |  0.000000113 -0.000000012, -0.000000250  0.000000223
MOVE:  011 | -0.000000000 -0.000000309  0.000000000  0.000000000  0.000000000  0.000000000 |          0.0 |  0.000000057 -0.000000006, -0.000000251  0.000000201
CONST: 011 | 3 -9e-05 -0.000340309 -0.000133 0 0.000225 0

ABS:   012 | -0.000090000 -0.000339969 -0.000133000  0.000000000  0.000225000  0.000000000 |         50.4 |  0.000026034  0.000063299,  0.000000767  0.000569887
DIFF:  012 |  0.000000000  0.000000340  0.000000000  0.000000000  0.000000000  0.000000000 |         -0.0 | -0.000000062  0.000000007,  0.000000251 -0.000000203
MOVE:  012 | -0.000000000  0.000000031  0.000000000  0.000000000  0.000000000  0.000000000 |         -0.0 | -0.000000006  0.000000001, -0.000000000 -0.000000002
CONST: 012 | 3 -9e-05 -0.000339969 -0.000133 0 0.000225 0

ABS:   013 | -0.000090000 -0.000340031 -0.000133000  0.000000000  0.000225000  0.000000000 |         50.4 |  0.000026045  0.000063297,  0.000000767  0.000569891
DIFF:  013 |  0.000000000 -0.000000062  0.000000000  0.000000000  0.000000000  0.000000000 |          0.0 |  0.000000011 -0.000000001,  0.000000000  0.000000004
MOVE:  013 | -0.000000000 -0.000000031  0.000000000  0.000000000  0.000000000  0.000000000 |          0.0 |  0.000000006 -0.000000001,  0.000000000  0.000000002
CONST: 013 | 3 -9e-05 -0.000340031 -0.000133 0 0.000225 0

ABS:   014 | -0.000090000 -0.000340000 -0.000127998  0.000000000  0.000225000  0.000000000 |         50.2 |  0.000026038  0.000063298, -0.000001454  0.000569354
DIFF:  014 |  0.000000000  0.000000031  0.000005002  0.000000000  0.000000000  0.000000000 |         -0.1 | -0.000000007  0.000000001, -0.000002220 -0.000000537
MOVE:  014 | -0.000000000  0.000000000  0.000005002  0.000000000  0.000000000  0.000000000 |         -0.1 | -0.000000001  0.000000000, -0.000002220 -0.000000535
CONST: 014 | 3 -9e-05 -0.00034 -0.000127998 0 0.000225 0

ABS:   015 | -0.000090000 -0.000340000 -0.000138002  0.000000000  0.000225000  0.000000000 |         50.7 |  0.000026040  0.000063298,  0.000002988  0.000571144
DIFF:  015 |  0.000000000  0.000000000 -0.000010004  0.000000000  0.000000000  0.000000000 |          0.4 |  0.000000002 -0.000000000,  0.000004442  0.000001790
MOVE:  015 | -0.000000000  0.000000000 -0.000005002  0.000000000  0.000000000  0.000000000 |          0.3 |  0.000000001  0.000000000,  0.000002222  0.000001255
CONST: 015 | 3 -9e-05 -0.00034 -0.000138002 0 0.000225 0

ABS:   016 | -0.000090000 -0.000340000 -0.000132500  0.000000000  0.000225000  0.000000000 |         50.4 |  0.000026039  0.000063298,  0.000000266  0.000569889
DIFF:  016 |  0.000000000  0.000000000  0.000005502  0.000000000  0.000000000  0.000000000 |         -0.3 | -0.000000001  0.000000000, -0.000002722 -0.000001255
MOVE:  016 | -0.000000000  0.000000000  0.000000500  0.000000000  0.000000000  0.000000000 |         -0.0 | -0.000000000  0.000000000, -0.000000500  0.000000000
CONST: 016 | 3 -9e-05 -0.00034 -0.0001325 0 0.000225 0

ABS:   017 | -0.000090000 -0.000340000 -0.000133500  0.000000000  0.000225000  0.000000000 |         50.4 |  0.000026039  0.000063298,  0.000001014  0.000570068
DIFF:  017 |  0.000000000  0.000000000 -0.000001000  0.000000000  0.000000000  0.000000000 |          0.0 |  0.000000000 -0.000000000,  0.000000747  0.000000179
MOVE:  017 | -0.000000000  0.000000000 -0.000000500  0.000000000  0.000000000  0.000000000 |          0.0 |  0.000000000  0.000000000,  0.000000247  0.000000179
CONST: 017 | 3 -9e-05 -0.00034 -0.0001335 0 0.000225 0

ABS:   018 | -0.000090000 -0.000340000 -0.000133000  0.000004000  0.000225000  0.000000000 |         50.4 |  0.000026028  0.000063296,  0.000000688  0.000569890
DIFF:  018 |  0.000000000  0.000000000  0.000000500  0.000004000  0.000000000  0.000000000 |         -0.0 | -0.000000012 -0.000000002, -0.000000326 -0.000000178
MOVE:  018 | -0.000000000  0.000000000  0.000000000  0.000004000  0.000000000  0.000000000 |          0.0 | -0.000000012 -0.000000002, -0.000000078  0.000000001
CONST: 018 | 3 -9e-05 -0.00034 -0.000133 4.00004e-06 0.000225 0

ABS:   019 | -0.000090000 -0.000340000 -0.000133000 -0.000004000  0.000225000  0.000000000 |         50.4 |  0.000026051  0.000063300,  0.000000845  0.000569888
DIFF:  019 |  0.000000000  0.000000000  0.000000000 -0.000008000  0.000000000  0.000000000 |         -0.0 |  0.000000023  0.000000003,  0.000000156 -0.000000002
MOVE:  019 | -0.000000000  0.000000000  0.000000000 -0.000004000  0.000000000  0.000000000 |         -0.0 |  0.000000012  0.000000002,  0.000000078 -0.000000001
CONST: 019 | 3 -9e-05 -0.00034 -0.000133 -4.00004e-06 0.000225 0

ABS:   020 | -0.000090000 -0.000340000 -0.000133000  0.000011572  0.000225000  0.000000000 |         50.4 |  0.000026005  0.000063293,  0.000000540  0.000569892
DIFF:  020 |  0.000000000  0.000000000  0.000000000  0.000015572  0.000000000  0.000000000 |          0.0 | -0.000000046 -0.000000006, -0.000000305  0.000000004
MOVE:  020 | -0.000000000  0.000000000  0.000000000  0.000011572  0.000000000  0.000000000 |          0.0 | -0.000000034 -0.000000005, -0.000000226  0.000000003
CONST: 020 | 3 -9e-05 -0.00034 -0.000133 1.15721e-05 0.000225 0

ABS:   021 | -0.000090000 -0.000340000 -0.000133000 -0.000011572  0.000225000  0.000000000 |         50.4 |  0.000026073  0.000063303,  0.000000993  0.000569886
DIFF:  021 |  0.000000000  0.000000000  0.000000000 -0.000023144  0.000000000  0.000000000 |         -0.0 |  0.000000068  0.000000010,  0.000000453 -0.000000006
MOVE:  021 | -0.000000000  0.000000000  0.000000000 -0.000011572  0.000000000  0.000000000 |         -0.0 |  0.000000034  0.000000005,  0.000000226 -0.000000003
CONST: 021 | 3 -9e-05 -0.00034 -0.000133 -1.15721e-05 0.000225 0

ABS:   022 | -0.000090000 -0.000340000 -0.000133000  0.000000000  0.000235001  0.000000000 |         50.4 |  0.000025840  0.000063252,  0.000000751  0.000569891
DIFF:  022 |  0.000000000  0.000000000  0.000000000  0.000011572  0.000010001  0.000000000 |          0.0 | -0.000000233 -0.000000051, -0.000000242  0.000000005
MOVE:  022 | -0.000000000  0.000000000  0.000000000  0.000000000  0.000010001  0.000000000 |          0.0 | -0.000000199 -0.000000046, -0.000000016  0.000000002
CONST: 022 | 3 -9e-05 -0.00034 -0.000133 0 0.000235001 0

ABS:   023 | -0.000090000 -0.000340000 -0.000133000  0.000000000  0.000214999  0.000000000 |         50.4 |  0.000026239  0.000063344,  0.000000783  0.000569887
DIFF:  023 |  0.000000000  0.000000000  0.000000000  0.000000000 -0.000020001  0.000000000 |         -0.0 |  0.000000399  0.000000092,  0.000000032 -0.000000004
MOVE:  023 | -0.000000000  0.000000000  0.000000000  0.000000000 -0.000010001  0.000000000 |         -0.0 |  0.000000199  0.000000046,  0.000000016 -0.000000002
CONST: 023 | 3 -9e-05 -0.00034 -0.000133 0 0.000214999 0

ABS:   024 | -0.000090000 -0.000340000 -0.000133000  0.000000000  0.000256468  0.000000000 |         50.4 |  0.000025412  0.000063156,  0.000000463  0.000570073
DIFF:  024 |  0.000000000  0.000000000  0.000000000  0.000000000  0.000041469  0.000000000 |          0.0 | -0.000000827 -0.000000189, -0.000000320  0.000000186
MOVE:  024 | -0.000000000  0.000000000  0.000000000  0.000000000  0.000031468  0.000000000 |          0.0 | -0.000000628 -0.000000142, -0.000000304  0.000000184
CONST: 024 | 3 -9e-05 -0.00034 -0.000133 0 0.000256468 0

ABS:   025 | -0.000090000 -0.000340000 -0.000133000  0.000000000  0.000193532  0.000000000 |         50.4 |  0.000026667  0.000063445,  0.000000817  0.000569883
DIFF:  025 |  0.000000000  0.000000000  0.000000000  0.000000000 -0.000062937  0.000000000 |         -0.0 |  0.000001255  0.000000290,  0.000000354 -0.000000190
MOVE:  025 | -0.000000000  0.000000000  0.000000000  0.000000000 -0.000031468  0.000000000 |         -0.0 |  0.000000628  0.000000147,  0.000000051 -0.000000006
CONST: 025 | 3 -9e-05 -0.00034 -0.000133 0 0.000193532 0

ABS:   026 | -0.000090000 -0.000340000 -0.000133000  0.000000000  0.000228147  0.000000000 |         50.4 |  0.000025977  0.000063283,  0.000000762  0.000569889
DIFF:  026 |  0.000000000  0.000000000  0.000000000  0.000000000  0.000034615  0.000000000 |          0.0 | -0.000000690 -0.000000162, -0.000000056  0.000000006
MOVE:  026 | -0.000000000  0.000000000  0.000000000  0.000000000  0.000003147  0.000000000 |          0.0 | -0.000000063 -0.000000014, -0.000000005  0.000000001
CONST: 026 | 3 -9e-05 -0.00034 -0.000133 0 0.000228147 0

ABS:   027 | -0.000090000 -0.000340000 -0.000133000  0.000000000  0.000221853  0.000000000 |         50.4 |  0.000026102  0.000063312,  0.000000772  0.000569888
DIFF:  027 |  0.000000000  0.000000000  0.000000000  0.000000000 -0.000006294  0.000000000 |         -0.0 |  0.000000126  0.000000029,  0.000000010 -0.000000001
MOVE:  027 | -0.000000000  0.000000000  0.000000000  0.000000000 -0.000003147  0.000000000 |         -0.0 |  0.000000063  0.000000015,  0.000000005 -0.000000001
CONST: 027 | 3 -9e-05 -0.00034 -0.000133 0 0.000221853 0

ABS:   028 | -0.000090000 -0.000340000 -0.000133000  0.000000000  0.000225000  0.000002000 |         50.4 |  0.000026035  0.000063298,  0.000000762  0.000569889
DIFF:  028 |  0.000000000  0.000000000  0.000000000  0.000000000  0.000003147  0.000002000 |          0.0 | -0.000000067 -0.000000014, -0.000000010  0.000000001
MOVE:  028 | -0.000000000  0.000000000  0.000000000  0.000000000  0.000000000  0.000002000 |          0.0 | -0.000000005  0.000000000, -0.000000005  0.000000001
CONST: 028 | 3 -9e-05 -0.00034 -0.000133 0 0.000225 2.00001e-06

ABS:   029 | -0.000090000 -0.000340000 -0.000133000  0.000000000  0.000225000 -0.000002000 |         50.4 |  0.000026044  0.000063298,  0.000000771  0.000569888
DIFF:  029 |  0.000000000  0.000000000  0.000000000  0.000000000  0.000000000 -0.000004000 |         -0.0 |  0.000000009 -0.000000000,  0.000000009 -0.000000001
MOVE:  029 | -0.000000000  0.000000000  0.000000000  0.000000000  0.000000000 -0.000002000 |         -0.0 |  0.000000005 -0.000000000,  0.000000005 -0.000000001
CONST: 029 | 3 -9e-05 -0.00034 -0.000133 0 0.000225 -2.00001e-06

ABS:   030 | -0.000090000 -0.000340000 -0.000133000  0.000000000  0.000225000  0.000020000 |         50.4 |  0.000025993  0.000063300,  0.000000720  0.000569896
DIFF:  030 |  0.000000000  0.000000000  0.000000000  0.000000000  0.000000000  0.000022000 |          0.0 | -0.000000051  0.000000002, -0.000000051  0.000000008
MOVE:  030 | -0.000000000  0.000000000  0.000000000  0.000000000  0.000000000  0.000020000 |          0.0 | -0.000000046  0.000000002, -0.000000046  0.000000007
CONST: 030 | 3 -9e-05 -0.00034 -0.000133 0 0.000225 2.00001e-05

ABS:   031 | -0.000090000 -0.000340000 -0.000133000  0.000000000  0.000225000 -0.000020000 |         50.4 |  0.000026085  0.000063296,  0.000000813  0.000569882
DIFF:  031 |  0.000000000  0.000000000  0.000000000  0.000000000  0.000000000 -0.000040000 |         -0.0 |  0.000000092 -0.000000004,  0.000000093 -0.000000014
MOVE:  031 | -0.000000000  0.000000000  0.000000000  0.000000000  0.000000000 -0.000020000 |         -0.0 |  0.000000046 -0.000000002,  0.000000046 -0.000000007
CONST: 031 | 3 -9e-05 -0.00034 -0.000133 0 0.000225 -2.00001e-05

ABS:   032 | -0.000116034 -0.000289947 -0.000132749 -0.000217321 -0.000366035 -0.007308962 |         50.2 |  0.000028908  0.000069306,  0.000009144  0.000567623
DIFF:  032 | -0.000026034  0.000050053  0.000000251 -0.000217321 -0.000591035 -0.007288962 |         -0.2 |  0.000002822  0.000006010,  0.000008331 -0.000002259
MOVE:  032 | -0.000026034  0.000050053  0.000000251 -0.000217321 -0.000591035 -0.007308962 |         -0.2 |  0.000002868  0.000006008,  0.000008377 -0.000002266
CONST: 032 | 3 -0.000116034 -0.000289947 -0.000132749 -0.000217321 -0.000366035 -0.00730896

ABS:   033 | -0.000105762 -0.000309690 -0.000132848 -0.000131564 -0.000132810 -0.004434828 |         50.4 |  0.000031981  0.000068171,  0.000004597  0.000568876
DIFF:  033 |  0.000010272 -0.000019744 -0.000000099  0.000085757  0.000233225  0.002874134 |          0.2 |  0.000003073 -0.000001135, -0.000004547  0.000001253
MOVE:  033 | -0.000015762  0.000030310  0.000000152 -0.000131564 -0.000357810 -0.004434828 |         -0.0 |  0.000005942  0.000004873,  0.000003830 -0.000001012
CONST: 033 | 3 -0.000105762 -0.00030969 -0.000132848 -0.000131564 -0.00013281 -0.00443483

ABS:   034 | -0.000245585 -0.000044054 -0.000131494 -0.001303782 -0.003318321 -0.038544255 |         50.5 |  0.000030457  0.000053992,  0.000046151  0.000572508
DIFF:  034 | -0.000139824  0.000265637  0.000001354 -0.001172219 -0.003185510 -0.034109427 |          0.1 | -0.000001524 -0.000014178,  0.000041554  0.000003631
MOVE:  034 | -0.000155585  0.000295946  0.000001506 -0.001303782 -0.003543321 -0.038544255 |          0.1 |  0.000004417 -0.000009306,  0.000045385  0.000002619
CONST: 034 | 3 -0.000245585 -4.40538e-05 -0.000131494 -0.00130378 -0.00331832 -0.0385443

ABS:   035 | -0.000181002 -0.000165636 -0.000132121 -0.000760597 -0.001843081 -0.024560015 |         50.5 |  0.000030025  0.000065433,  0.000033869  0.000568659
DIFF:  035 |  0.000064583 -0.000121582 -0.000000628  0.000543186  0.001475240  0.013984240 |          0.1 | -0.000000431  0.000011441, -0.000012283 -0.000003849
MOVE:  035 | -0.000091002  0.000174364  0.000000879 -0.000760597 -0.002068081 -0.024560015 |          0.2 |  0.000003986  0.000002136,  0.000033102 -0.000001230
CONST: 035 | 3 -0.000181002 -0.000165636 -0.000132121 -0.000760597 -0.00184308 -0.02456

ABS:   036 | -0.000148549 -0.000227571 -0.000132435 -0.000488966 -0.001104703 -0.016206223 |         50.5 |  0.000034363  0.000058689,  0.000022133  0.000568241
DIFF:  036 |  0.000032453 -0.000061935 -0.000000314  0.000271631  0.000738378  0.008353793 |         -0.0 |  0.000004338 -0.000006744, -0.000011736 -0.000000418
MOVE:  036 | -0.000058549  0.000112429  0.000000565 -0.000488966 -0.001329703 -0.016206223 |          0.1 |  0.000008324 -0.000004609,  0.000021366 -0.000001648
CONST: 036 | 3 -0.000148549 -0.000227571 -0.000132435 -0.000488966 -0.0011047 -0.0162062

ABS:   037 | -0.000132297 -0.000258719 -0.000132592 -0.000353145 -0.000735395 -0.011807190 |         50.6 |  0.000028495  0.000072991,  0.000016131  0.000568782
DIFF:  037 |  0.000016252 -0.000031148 -0.000000157  0.000135821  0.000369308  0.004399032 |          0.1 | -0.000005868  0.000014302, -0.000006002  0.000000541
MOVE:  037 | -0.000042297  0.000081281  0.000000408 -0.000353145 -0.000960395 -0.011807190 |          0.2 |  0.000002456  0.000009693,  0.000015364 -0.000001107
CONST: 037 | 3 -0.000132297 -0.000258719 -0.000132592 -0.000353145 -0.000735395 -0.0118072

ABS:   038 | -0.000124166 -0.000274325 -0.000132671 -0.000285233 -0.000550721 -0.009568130 |         50.3 |  0.000026391  0.000070478,  0.000012299  0.000567799
DIFF:  038 |  0.000008130 -0.000015606 -0.000000078  0.000067912  0.000184675  0.002239061 |         -0.3 | -0.000002104 -0.000002513, -0.000003832 -0.000000983
MOVE:  038 | -0.000034166  0.000065675  0.000000329 -0.000285233 -0.000775721 -0.009568130 |         -0.1 |  0.000000352  0.000007180,  0.000011532 -0.000002090
CONST: 038 | 3 -0.000124166 -0.000274325 -0.000132671 -0.000285233 -0.000550721 -0.00956813

ABS:   039 | -0.000115034 -0.000289947 -0.000132749 -0.000217321 -0.000366035 -0.007308962 |         50.2 |  0.000029906  0.000069307,  0.000009144  0.000567623
DIFF:  039 |  0.000009132 -0.000015622 -0.000000078  0.000067912  0.000184685  0.002259167 |         -0.1 |  0.000003515 -0.000001171, -0.000003154 -0.000000176
MOVE:  039 | -0.000025034  0.000050053  0.000000251 -0.000217321 -0.000591035 -0.007308962 |         -0.2 |  0.000003867  0.000006009,  0.000008378 -0.000002266
CONST: 039 | 3 -0.000115034 -0.000289947 -0.000132749 -0.000217321 -0.000366035 -0.00730896

ABS:   040 | -0.000117033 -0.000289947 -0.000132749 -0.000217321 -0.000366035 -0.007308962 |         50.2 |  0.000027909  0.000069306,  0.000009144  0.000567623
DIFF:  040 | -0.000001999  0.000000000  0.000000000  0.000000000  0.000000000  0.000000000 |         -0.0 | -0.000001997 -0.000000001, -0.000000001  0.000000001
MOVE:  040 | -0.000027033  0.000050053  0.000000251 -0.000217321 -0.000591035 -0.007308962 |         -0.2 |  0.000001870  0.000006008,  0.000008377 -0.000002266
CONST: 040 | 3 -0.000117033 -0.000289947 -0.000132749 -0.000217321 -0.000366035 -0.00730896

ABS:   041 | -0.000116034 -0.000289638 -0.000132749 -0.000217321 -0.000366035 -0.007308962 |         50.2 |  0.000028861  0.000069323,  0.000009143  0.000567611
DIFF:  041 |  0.000001000  0.000000308  0.000000000  0.000000000  0.000000000  0.000000000 |         -0.0 |  0.000000952  0.000000017, -0.000000000 -0.000000012
MOVE:  041 | -0.000026034  0.000050362  0.000000251 -0.000217321 -0.000591035 -0.007308962 |         -0.2 |  0.000002822  0.000006025,  0.000008377 -0.000002278
CONST: 041 | 3 -0.000116034 -0.000289638 -0.000132749 -0.000217321 -0.000366035 -0.00730896

ABS:   042 | -0.000116034 -0.000290255 -0.000132749 -0.000217321 -0.000366035 -0.007308962 |         50.2 |  0.000028954  0.000069289,  0.000009145  0.000567635
DIFF:  042 |  0.000000000 -0.000000616  0.000000000  0.000000000  0.000000000  0.000000000 |          0.0 |  0.000000093 -0.000000034,  0.000000001  0.000000024
MOVE:  042 | -0.000026034  0.000049745  0.000000251 -0.000217321 -0.000591035 -0.007308962 |         -0.2 |  0.000002915  0.000005991,  0.000008378 -0.000002254
CONST: 042 | 3 -0.000116034 -0.000290255 -0.000132749 -0.000217321 -0.000366035 -0.00730896

ABS:   043 | -0.000116034 -0.000289947 -0.000132699 -0.000217321 -0.000366035 -0.007308962 |         50.2 |  0.000028908  0.000069306,  0.000009094  0.000567623
DIFF:  043 |  0.000000000  0.000000308  0.000000050  0.000000000  0.000000000  0.000000000 |         -0.0 | -0.000000046  0.000000017, -0.000000051 -0.000000012
MOVE:  043 | -0.000026034  0.000050053  0.000000301 -0.000217321 -0.000591035 -0.007308962 |         -0.2 |  0.000002868  0.000006008,  0.000008327 -0.000002266
CONST: 043 | 3 -0.000116034 -0.000289947 -0.000132699 -0.000217321 -0.000366035 -0.00730896

ABS:   044 | -0.000116034 -0.000289947 -0.000132799 -0.000217321 -0.000366035 -0.007308962 |         50.2 |  0.000028908  0.000069306,  0.000009194  0.000567623
DIFF:  044 |  0.000000000  0.000000000 -0.000000100  0.000000000  0.000000000  0.000000000 |          0.0 | -0.000000000  0.000000000,  0.000000100 -0.000000000
MOVE:  044 | -0.000026034  0.000050053  0.000000201 -0.000217321 -0.000591035 -0.007308962 |         -0.2 |  0.000002868  0.000006008,  0.000008427 -0.000002266
CONST: 044 | 3 -0.000116034 -0.000289947 -0.000132799 -0.000217321 -0.000366035 -0.00730896

ABS:   045 | -0.000116034 -0.000289947 -0.000132469 -0.000217321 -0.000366035 -0.007308962 |         50.2 |  0.000028908  0.000069306,  0.000008864  0.000567623
DIFF:  045 |  0.000000000  0.000000000  0.000000330  0.000000000  0.000000000  0.000000000 |         -0.0 |  0.000000000 -0.000000000, -0.000000330  0.000000000
MOVE:  045 | -0.000026034  0.000050053  0.000000531 -0.000217321 -0.000591035 -0.007308962 |         -0.2 |  0.000002868  0.000006008,  0.000008097 -0.000002266
CONST: 045 | 3 -0.000116034 -0.000289947 -0.000132469 -0.000217321 -0.000366035 -0.00730896

ABS:   046 | -0.000116034 -0.000289947 -0.000133029 -0.000217321 -0.000366035 -0.007308962 |         50.2 |  0.000028907  0.000069306,  0.000009424  0.000567623
DIFF:  046 |  0.000000000  0.000000000 -0.000000560  0.000000000  0.000000000  0.000000000 |          0.0 | -0.000000000  0.000000000,  0.000000560 -0.000000000
MOVE:  046 | -0.000026034  0.000050053 -0.000000029 -0.000217321 -0.000591035 -0.007308962 |         -0.2 |  0.000002868  0.000006008,  0.000008657 -0.000002266
CONST: 046 | 3 -0.000116034 -0.000289947 -0.000133029 -0.000217321 -0.000366035 -0.00730896

ABS:   047 | -0.000116034 -0.000289947 -0.000132749 -0.000205771 -0.000366035 -0.007308962 |         50.2 |  0.000028876  0.000069305,  0.000008917  0.000567624
DIFF:  047 |  0.000000000  0.000000000  0.000000280  0.000011550  0.000000000  0.000000000 |         -0.0 | -0.000000031 -0.000000001, -0.000000507  0.000000001
MOVE:  047 | -0.000026034  0.000050053  0.000000251 -0.000205771 -0.000591035 -0.007308962 |         -0.2 |  0.000002837  0.000006007,  0.000008150 -0.000002265
CONST: 047 | 3 -0.000116034 -0.000289947 -0.000132749 -0.000205771 -0.000366035 -0.00730896

ABS:   048 | -0.000116034 -0.000289947 -0.000132749 -0.000228871 -0.000366035 -0.007308962 |         50.2 |  0.000028939  0.000069307,  0.000009371  0.000567622
DIFF:  048 |  0.000000000  0.000000000  0.000000000 -0.000023099  0.000000000  0.000000000 |          0.0 |  0.000000062  0.000000002,  0.000000454 -0.000000002
MOVE:  048 | -0.000026034  0.000050053  0.000000251 -0.000228871 -0.000591035 -0.007308962 |         -0.2 |  0.000002900  0.000006009,  0.000008604 -0.000002267
CONST: 048 | 3 -0.000116034 -0.000289947 -0.000132749 -0.000228871 -0.000366035 -0.00730896

ABS:   049 | -0.000116034 -0.000289947 -0.000132749 -0.000217321 -0.000334630 -0.007308962 |         50.2 |  0.000028345  0.000069168,  0.000009097  0.000567626
DIFF:  049 |  0.000000000  0.000000000  0.000000000  0.000011550  0.000031406  0.000000000 |         -0.0 | -0.000000594 -0.000000139, -0.000000274  0.000000004
MOVE:  049 | -0.000026034  0.000050053  0.000000251 -0.000217321 -0.000559630 -0.007308962 |         -0.2 |  0.000002305  0.000005870,  0.000008330 -0.000002263
CONST: 049 | 3 -0.000116034 -0.000289947 -0.000132749 -0.000217321 -0.00033463 -0.00730896

ABS:   050 | -0.000116034 -0.000289947 -0.000132749 -0.000217321 -0.000397440 -0.007308962 |         50.2 |  0.000029471  0.000069449,  0.000009191  0.000567620
DIFF:  050 |  0.000000000  0.000000000  0.000000000  0.000000000 -0.000062811  0.000000000 |          0.0 |  0.000001126  0.000000280,  0.000000094 -0.000000006
MOVE:  050 | -0.000026034  0.000050053  0.000000251 -0.000217321 -0.000622440 -0.007308962 |         -0.2 |  0.000003431  0.000006151,  0.000008424 -0.000002269
CONST: 050 | 3 -0.000116034 -0.000289947 -0.000132749 -0.000217321 -0.00039744 -0.00730896

ABS:   051 | -0.000116034 -0.000289947 -0.000132749 -0.000217321 -0.000366035 -0.007255745 |         50.2 |  0.000028802  0.000069321,  0.000009020  0.000567634
DIFF:  051 |  0.000000000  0.000000000  0.000000000  0.000000000  0.000031405  0.000053217 |          0.0 | -0.000000669 -0.000000128, -0.000000170  0.000000014
MOVE:  051 | -0.000026034  0.000050053  0.000000251 -0.000217321 -0.000591035 -0.007255745 |         -0.2 |  0.000002763  0.000006023,  0.000008254 -0.000002255
CONST: 051 | 3 -0.000116034 -0.000289947 -0.000132749 -0.000217321 -0.000366035 -0.00725575

ABS:   052 | -0.000116034 -0.000289947 -0.000132749 -0.000217321 -0.000366035 -0.007362171 |         50.2 |  0.000029013  0.000069292,  0.000009268  0.000567612
DIFF:  052 |  0.000000000  0.000000000  0.000000000  0.000000000  0.000000000 -0.000106426 |         -0.0 |  0.000000211 -0.000000029,  0.000000247 -0.000000022
MOVE:  052 | -0.000026034  0.000050053  0.000000251 -0.000217321 -0.000591035 -0.007362171 |         -0.2 |  0.000002974  0.000005994,  0.000008501 -0.000002277
CONST: 052 | 3 -0.000116034 -0.000289947 -0.000132749 -0.000217321 -0.000366035 -0.00736217

ABS:   053 | -0.000177283 -0.000232239 -0.000132686  0.000212216  0.000009261 -0.014591199 |         50.4 |  0.000024321  0.000063607,  0.000015442  0.000567890
DIFF:  053 | -0.000061249  0.000057708  0.000000063  0.000429537  0.000375296 -0.007229028 |          0.2 | -0.000004692 -0.000005684,  0.000006174  0.000000278
MOVE:  053 | -0.000087283  0.000107761  0.000000314  0.000212216 -0.000215739 -0.014591199 |          0.0 | -0.000001718  0.000000309,  0.000014675 -0.000001999
CONST: 053 | 3 -0.000177283 -0.000232239 -0.000132686 0.000212216 9.26124e-06 -0.0145912

ABS:   054 | -0.000138912 -0.000268383 -0.000132725 -0.000057041 -0.000225997 -0.010054166 |         50.1 |  0.000038238  0.000061892,  0.000011022  0.000567195
DIFF:  054 |  0.000038370 -0.000036144 -0.000000040 -0.000269257 -0.000235258  0.004537034 |         -0.2 |  0.000013917 -0.000001715, -0.000004420 -0.000000695
MOVE:  054 | -0.000048912  0.000071617  0.000000275 -0.000057041 -0.000450997 -0.010054166 |         -0.2 |  0.000012199 -0.000001405,  0.000010255 -0.000002694
CONST: 054 | 3 -0.000138912 -0.000268383 -0.000132725 -5.70406e-05 -0.000225997 -0.0100542

ABS:   055 | -0.000131366 -0.000275494 -0.000132733 -0.000109923 -0.000272201 -0.009151468 |         50.3 |  0.000022775  0.000072273,  0.000010570  0.000567878
DIFF:  055 |  0.000007546 -0.000007111 -0.000000008 -0.000052882 -0.000046204  0.000902698 |          0.1 | -0.000015463  0.000010381, -0.000000452  0.000000683
MOVE:  055 | -0.000041366  0.000064506  0.000000267 -0.000109923 -0.000497201 -0.009151468 |         -0.1 | -0.000003264  0.000008975,  0.000009804 -0.000002011
CONST: 055 | 3 -0.000131366 -0.000275494 -0.000132733 -0.000109923 -0.000272201 -0.00915147

ABS:   056 | -0.000438263  0.000013362 -0.000132409  0.002090043  0.001650351 -0.040659298 |         49.8 | -0.000013776  0.000070097,  0.000015606  0.000572174
DIFF:  056 | -0.000306897  0.000288856  0.000000324  0.002199965  0.001922552 -0.031507830 |         -0.4 | -0.000036551 -0.000002176,  0.000005035  0.000004297
MOVE:  056 | -0.000348263  0.000353362  0.000000591  0.002090043  0.001425351 -0.040659298 |         -0.5 | -0.000039815  0.000006799,  0.000014839  0.000002286
CONST: 056 | 3 -0.000438263 1.33618e-05 -0.000132409 0.00209004 0.00165035 -0.0406593

ABS:   057 | -0.000939522  0.000492352 -0.000131730  0.006686507  0.005672893 -0.027659388 |         48.5 | -0.000000830  0.000082157, -0.000018338  0.000596889
DIFF:  057 | -0.000501259  0.000478990  0.000000679  0.004596464  0.004022542  0.012999910 |         -1.3 |  0.000012946  0.000012059, -0.000033944  0.000024714
MOVE:  057 | -0.000849522  0.000832352  0.000001270  0.006686507  0.005447893 -0.027659388 |         -1.8 | -0.000026869  0.000018859, -0.000019105  0.000027000
CONST: 057 | 3 -0.000939522 0.000492352 -0.00013173 0.00668651 0.00567289 -0.0276594
