ABS:   itr |       deltaX       deltaY       deltaZ         phiX         phiY         phiZ |        chisq |    rphi mean     rphi rms,       z mean        z rms
ABS:   =========================================================================================================================================================
DIFF:  itr |       deltaX       deltaY       deltaZ         phiX         phiY         phiZ |        chisq |    rphi mean     rphi rms,       z mean        z rms
DIFF:  =========================================================================================================================================================
MOVE:  itr |       deltaX       deltaY       deltaZ         phiX         phiY         phiZ |        chisq |    rphi mean     rphi rms,       z mean        z rms
MOVE:  =========================================================================================================================================================
ABS:   001 |  0.000093000 -0.000008000  0.000007000 -0.000435000 -0.000511000  0.000000000 |         28.4 | -0.000009036  0.000052024, -0.000045201  0.000558141
CONST: 001 | 46 9.3e-05 -8e-06 7e-06 -0.000435 -0.000511 0

ABS:   001 |  0.000093000 -0.000008000  0.000007000 -0.000435000 -0.000511000  0.000000000 |         28.4 | -0.000009036  0.000052024, -0.000045201  0.000558141
CONST: 001 | 46 9.3e-05 -8e-06 7e-06 -0.000435 -0.000511 0

ABS:   002 |  0.000093100 -0.000008000  0.000007000 -0.000435000 -0.000511000  0.000000000 |         28.4 | -0.000008984  0.000051974, -0.000045201  0.000558141
DIFF:  002 |  0.000000100  0.000000000  0.000000000  0.000000000  0.000000000  0.000000000 |         -0.0 |  0.000000052 -0.000000050,  0.000000000 -0.000000000
MOVE:  002 |  0.000000100  0.000000000  0.000000000  0.000000000  0.000000000  0.000000000 |         -0.0 |  0.000000052 -0.000000050,  0.000000000 -0.000000000
CONST: 002 | 46 9.31e-05 -8e-06 7e-06 -0.000435 -0.000511 0

ABS:   003 |  0.000092900 -0.000008000  0.000007000 -0.000435000 -0.000511000  0.000000000 |         28.4 | -0.000009136  0.000052024, -0.000045201  0.000558141
DIFF:  003 | -0.000000200  0.000000000  0.000000000  0.000000000  0.000000000  0.000000000 |          0.0 | -0.000000152  0.000000050, -0.000000000  0.000000000
MOVE:  003 | -0.000000100  0.000000000  0.000000000  0.000000000  0.000000000  0.000000000 |          0.0 | -0.000000100 -0.000000000, -0.000000000 -0.000000000
CONST: 003 | 46 9.29e-05 -8e-06 7e-06 -0.000435 -0.000511 0

ABS:   004 |  0.000093010 -0.000008000  0.000007000 -0.000435000 -0.000511000  0.000000000 |         28.4 | -0.000009026  0.000052024, -0.000045201  0.000558141
DIFF:  004 |  0.000000110  0.000000000  0.000000000  0.000000000  0.000000000  0.000000000 |         -0.0 |  0.000000110  0.000000000,  0.000000000  0.000000000
MOVE:  004 |  0.000000010  0.000000000  0.000000000  0.000000000  0.000000000  0.000000000 |         -0.0 |  0.000000010  0.000000000,  0.000000000  0.000000000
CONST: 004 | 46 9.301e-05 -8e-06 7e-06 -0.000435 -0.000511 0

ABS:   005 |  0.000092990 -0.000008000  0.000007000 -0.000435000 -0.000511000  0.000000000 |         28.4 | -0.000009046  0.000052024, -0.000045201  0.000558141
DIFF:  005 | -0.000000020  0.000000000  0.000000000  0.000000000  0.000000000  0.000000000 |          0.0 | -0.000000020  0.000000000, -0.000000000 -0.000000000
MOVE:  005 | -0.000000010  0.000000000  0.000000000  0.000000000  0.000000000  0.000000000 |          0.0 | -0.000000010  0.000000000, -0.000000000 -0.000000000
CONST: 005 | 46 9.299e-05 -8e-06 7e-06 -0.000435 -0.000511 0

ABS:   006 |  0.000093067 -0.000008000  0.000007000 -0.000435000 -0.000511000  0.000000000 |         28.4 | -0.000008969  0.000052024, -0.000045201  0.000558141
DIFF:  006 |  0.000000077  0.000000000  0.000000000  0.000000000  0.000000000  0.000000000 |         -0.0 |  0.000000077 -0.000000000,  0.000000000  0.000000000
MOVE:  006 |  0.000000067  0.000000000  0.000000000  0.000000000  0.000000000  0.000000000 |         -0.0 |  0.000000067  0.000000000,  0.000000000 -0.000000000
CONST: 006 | 46 9.30666e-05 -8e-06 7e-06 -0.000435 -0.000511 0

ABS:   007 |  0.000092933 -0.000008000  0.000007000 -0.000435000 -0.000511000  0.000000000 |         28.4 | -0.000009103  0.000052024, -0.000045201  0.000558141
DIFF:  007 | -0.000000133  0.000000000  0.000000000  0.000000000  0.000000000  0.000000000 |          0.0 | -0.000000133 -0.000000000, -0.000000000 -0.000000000
MOVE:  007 | -0.000000067  0.000000000  0.000000000  0.000000000  0.000000000  0.000000000 |          0.0 | -0.000000067 -0.000000000, -0.000000000 -0.000000000
CONST: 007 | 46 9.29334e-05 -8e-06 7e-06 -0.000435 -0.000511 0

ABS:   008 |  0.000093000 -0.000007900  0.000007000 -0.000435000 -0.000511000  0.000000000 |         28.4 | -0.000009031  0.000052025, -0.000045184  0.000558143
DIFF:  008 |  0.000000067  0.000000100  0.000000000  0.000000000  0.000000000  0.000000000 |         -0.0 |  0.000000072  0.000000001,  0.000000017  0.000000003
MOVE:  008 | -0.000000000  0.000000100  0.000000000  0.000000000  0.000000000  0.000000000 |          0.0 |  0.000000005  0.000000001,  0.000000017  0.000000003
CONST: 008 | 46 9.3e-05 -7.9e-06 7e-06 -0.000435 -0.000511 0

ABS:   009 |  0.000093000 -0.000008100  0.000007000 -0.000435000 -0.000511000  0.000000000 |         28.4 | -0.000009041  0.000052023, -0.000045218  0.000558138
DIFF:  009 |  0.000000000 -0.000000200  0.000000000  0.000000000  0.000000000  0.000000000 |         -0.0 | -0.000000010 -0.000000003, -0.000000034 -0.000000006
MOVE:  009 | -0.000000000 -0.000000100  0.000000000  0.000000000  0.000000000  0.000000000 |         -0.0 | -0.000000005 -0.000000001, -0.000000017 -0.000000003
CONST: 009 | 46 9.3e-05 -8.1e-06 7e-06 -0.000435 -0.000511 0

ABS:   010 |  0.000093000 -0.000007700  0.000007000 -0.000435000 -0.000511000  0.000000000 |         28.4 | -0.000009020  0.000052028, -0.000045150  0.000558149
DIFF:  010 |  0.000000000  0.000000400  0.000000000  0.000000000  0.000000000  0.000000000 |          0.0 |  0.000000021  0.000000005,  0.000000067  0.000000011
MOVE:  010 | -0.000000000  0.000000300  0.000000000  0.000000000  0.000000000  0.000000000 |          0.0 |  0.000000016  0.000000004,  0.000000050  0.000000009
CONST: 010 | 46 9.3e-05 -7.69971e-06 7e-06 -0.000435 -0.000511 0

ABS:   011 |  0.000093000 -0.000008300  0.000007000 -0.000435000 -0.000511000  0.000000000 |         28.4 | -0.000009052  0.000052020, -0.000045251  0.000558132
DIFF:  011 |  0.000000000 -0.000000601  0.000000000  0.000000000  0.000000000  0.000000000 |         -0.0 | -0.000000031 -0.000000008, -0.000000101 -0.000000017
MOVE:  011 | -0.000000000 -0.000000300  0.000000000  0.000000000  0.000000000  0.000000000 |         -0.0 | -0.000000016 -0.000000004, -0.000000050 -0.000000008
CONST: 011 | 46 9.3e-05 -8.30029e-06 7e-06 -0.000435 -0.000511 0

ABS:   012 |  0.000093000 -0.000008000  0.000012002 -0.000435000 -0.000511000  0.000000000 |         28.5 | -0.000009033  0.000052024, -0.000048648  0.000558649
DIFF:  012 |  0.000000000  0.000000300  0.000005002  0.000000000  0.000000000  0.000000000 |          0.1 |  0.000000018  0.000000004, -0.000003397  0.000000517
MOVE:  012 | -0.000000000  0.000000000  0.000005002  0.000000000  0.000000000  0.000000000 |          0.1 |  0.000000002 -0.000000000, -0.000003448  0.000000508
CONST: 012 | 46 9.3e-05 -8e-06 1.20021e-05 -0.000435 -0.000511 0

ABS:   013 |  0.000093000 -0.000008000  0.000001998 -0.000435000 -0.000511000  0.000000000 |         28.4 | -0.000009038  0.000052024, -0.000041750  0.000557646
DIFF:  013 |  0.000000000  0.000000000 -0.000010004  0.000000000  0.000000000  0.000000000 |         -0.2 | -0.000000005  0.000000000,  0.000006898 -0.000001003
MOVE:  013 | -0.000000000  0.000000000 -0.000005002  0.000000000  0.000000000  0.000000000 |         -0.1 | -0.000000002  0.000000000,  0.000003451 -0.000000494
CONST: 013 | 46 9.3e-05 -8e-06 1.99791e-06 -0.000435 -0.000511 0

ABS:   014 |  0.000093000 -0.000008000  0.000007500 -0.000435000 -0.000511000  0.000000000 |         28.4 | -0.000009036  0.000052024, -0.000045701  0.000558141
DIFF:  014 |  0.000000000  0.000000000  0.000005502  0.000000000  0.000000000  0.000000000 |          0.1 |  0.000000003 -0.000000000, -0.000003951  0.000000494
MOVE:  014 | -0.000000000  0.000000000  0.000000500  0.000000000  0.000000000  0.000000000 |          0.0 |  0.000000000 -0.000000000, -0.000000500 -0.000000000
CONST: 014 | 46 9.3e-05 -8e-06 7.50021e-06 -0.000435 -0.000511 0

ABS:   015 |  0.000093000 -0.000008000  0.000006500 -0.000435000 -0.000511000  0.000000000 |         28.4 | -0.000009036  0.000052024, -0.000044701  0.000558141
DIFF:  015 |  0.000000000  0.000000000 -0.000001000  0.000000000  0.000000000  0.000000000 |         -0.0 | -0.000000000  0.000000000,  0.000001000  0.000000000
MOVE:  015 | -0.000000000  0.000000000 -0.000000500  0.000000000  0.000000000  0.000000000 |         -0.0 | -0.000000000  0.000000000,  0.000000500  0.000000000
CONST: 015 | 46 9.3e-05 -8e-06 6.49979e-06 -0.000435 -0.000511 0

ABS:   016 |  0.000093000 -0.000008000  0.000007303 -0.000435000 -0.000511000  0.000000000 |         28.4 | -0.000009036  0.000052024, -0.000045503  0.000558141
DIFF:  016 |  0.000000000  0.000000000  0.000000803  0.000000000  0.000000000  0.000000000 |          0.0 |  0.000000000 -0.000000000, -0.000000803 -0.000000000
MOVE:  016 | -0.000000000  0.000000000  0.000000303  0.000000000  0.000000000  0.000000000 |          0.0 |  0.000000000 -0.000000000, -0.000000303 -0.000000000
CONST: 016 | 46 9.3e-05 -8e-06 7.30262e-06 -0.000435 -0.000511 0

ABS:   017 |  0.000093000 -0.000008000  0.000006697 -0.000435000 -0.000511000  0.000000000 |         28.4 | -0.000009036  0.000052024, -0.000044898  0.000558141
DIFF:  017 |  0.000000000  0.000000000 -0.000000605  0.000000000  0.000000000  0.000000000 |         -0.0 | -0.000000000  0.000000000,  0.000000605  0.000000000
MOVE:  017 | -0.000000000  0.000000000 -0.000000303  0.000000000  0.000000000  0.000000000 |         -0.0 | -0.000000000  0.000000000,  0.000000303  0.000000000
CONST: 017 | 46 9.3e-05 -8e-06 6.69738e-06 -0.000435 -0.000511 0

ABS:   018 |  0.000093000 -0.000008000  0.000007000 -0.000431000 -0.000511000  0.000000000 |         28.4 | -0.000009026  0.000052035, -0.000045539  0.000558138
DIFF:  018 |  0.000000000  0.000000000  0.000000303  0.000004000  0.000000000  0.000000000 |          0.0 |  0.000000010  0.000000011, -0.000000641 -0.000000003
MOVE:  018 | -0.000000000  0.000000000  0.000000000  0.000004000  0.000000000  0.000000000 |          0.0 |  0.000000010  0.000000012, -0.000000338 -0.000000003
CONST: 018 | 46 9.3e-05 -8e-06 7e-06 -0.000431 -0.000511 0

ABS:   019 |  0.000093000 -0.000008000  0.000007000 -0.000439000 -0.000511000  0.000000000 |         28.4 | -0.000009046  0.000052012, -0.000044863  0.000558143
DIFF:  019 |  0.000000000  0.000000000  0.000000000 -0.000008000  0.000000000  0.000000000 |         -0.0 | -0.000000020 -0.000000023,  0.000000676  0.000000005
MOVE:  019 | -0.000000000  0.000000000  0.000000000 -0.000004000  0.000000000  0.000000000 |         -0.0 | -0.000000010 -0.000000011,  0.000000338  0.000000003
CONST: 019 | 46 9.3e-05 -8e-06 7e-06 -0.000439 -0.000511 0

ABS:   020 |  0.000093000 -0.000008000  0.000007000 -0.000432056 -0.000511000  0.000000000 |         28.4 | -0.000009029  0.000052032, -0.000045449  0.000558139
DIFF:  020 |  0.000000000  0.000000000  0.000000000  0.000006944  0.000000000  0.000000000 |          0.0 |  0.000000017  0.000000020, -0.000000587 -0.000000005
MOVE:  020 | -0.000000000  0.000000000  0.000000000  0.000002944  0.000000000  0.000000000 |          0.0 |  0.000000007  0.000000008, -0.000000249 -0.000000002
CONST: 020 | 46 9.3e-05 -8e-06 7e-06 -0.000432056 -0.000511 0

ABS:   021 |  0.000093000 -0.000008000  0.000007000 -0.000437944 -0.000511000  0.000000000 |         28.4 | -0.000009043  0.000052015, -0.000044952  0.000558143
DIFF:  021 |  0.000000000  0.000000000  0.000000000 -0.000005888  0.000000000  0.000000000 |         -0.0 | -0.000000015 -0.000000017,  0.000000497  0.000000004
MOVE:  021 | -0.000000000  0.000000000  0.000000000 -0.000002944  0.000000000  0.000000000 |         -0.0 | -0.000000007 -0.000000008,  0.000000249  0.000000002
CONST: 021 | 46 9.3e-05 -8e-06 7e-06 -0.000437944 -0.000511 0

ABS:   022 |  0.000093000 -0.000008000  0.000007000 -0.000435000 -0.000500999  0.000000000 |         28.4 | -0.000008882  0.000051714, -0.000045249  0.000558134
DIFF:  022 |  0.000000000  0.000000000  0.000000000  0.000002944  0.000010001  0.000000000 |         -0.0 |  0.000000161 -0.000000301, -0.000000297 -0.000000008
MOVE:  022 | -0.000000000  0.000000000  0.000000000  0.000000000  0.000010001  0.000000000 |         -0.1 |  0.000000153 -0.000000310, -0.000000049 -0.000000006
CONST: 022 | 46 9.3e-05 -8e-06 7e-06 -0.000435 -0.000500999 0

ABS:   023 |  0.000093000 -0.000008000  0.000007000 -0.000435000 -0.000521001  0.000000000 |         28.5 | -0.000009155  0.000052227, -0.000045152  0.000558147
DIFF:  023 |  0.000000000  0.000000000  0.000000000  0.000000000 -0.000020001  0.000000000 |          0.1 | -0.000000272  0.000000513,  0.000000097  0.000000012
MOVE:  023 | -0.000000000  0.000000000  0.000000000  0.000000000 -0.000010001  0.000000000 |          0.0 | -0.000000119  0.000000203,  0.000000049  0.000000006
CONST: 023 | 46 9.3e-05 -8e-06 7e-06 -0.000435 -0.000521001 0

ABS:   024 |  0.000093000 -0.000008000  0.000007000 -0.000435000 -0.000510000  0.000000000 |         28.4 | -0.000009017  0.000051980, -0.000045206  0.000558140
DIFF:  024 |  0.000000000  0.000000000  0.000000000  0.000000000  0.000011001  0.000000000 |         -0.0 |  0.000000138 -0.000000247, -0.000000053 -0.000000007
MOVE:  024 | -0.000000000  0.000000000  0.000000000  0.000000000  0.000001000  0.000000000 |         -0.0 |  0.000000019 -0.000000043, -0.000000005 -0.000000001
CONST: 024 | 46 9.3e-05 -8e-06 7e-06 -0.000435 -0.00051 0

ABS:   025 |  0.000093000 -0.000008000  0.000007000 -0.000435000 -0.000512000  0.000000000 |         28.4 | -0.000009103  0.000052017, -0.000045196  0.000558141
DIFF:  025 |  0.000000000  0.000000000  0.000000000  0.000000000 -0.000002000  0.000000000 |          0.0 | -0.000000086  0.000000037,  0.000000010  0.000000001
MOVE:  025 | -0.000000000  0.000000000  0.000000000  0.000000000 -0.000001000  0.000000000 |         -0.0 | -0.000000067 -0.000000007,  0.000000005  0.000000001
CONST: 025 | 46 9.3e-05 -8e-06 7e-06 -0.000435 -0.000512 0

ABS:   026 |  0.000093000 -0.000008000  0.000007000 -0.000435000 -0.000510900  0.000000000 |         28.4 | -0.000009034  0.000052020, -0.000045201  0.000558141
DIFF:  026 |  0.000000000  0.000000000  0.000000000  0.000000000  0.000001100  0.000000000 |          0.0 |  0.000000069  0.000000002, -0.000000005 -0.000000001
MOVE:  026 | -0.000000000  0.000000000  0.000000000  0.000000000  0.000000100  0.000000000 |         -0.0 |  0.000000002 -0.000000004, -0.000000000 -0.000000000
CONST: 026 | 46 9.3e-05 -8e-06 7e-06 -0.000435 -0.0005109 0

ABS:   027 |  0.000093000 -0.000008000  0.000007000 -0.000435000 -0.000511100  0.000000000 |         28.4 | -0.000009038  0.000052028, -0.000045200  0.000558141
DIFF:  027 |  0.000000000  0.000000000  0.000000000  0.000000000 -0.000000200  0.000000000 |          0.0 | -0.000000004  0.000000009,  0.000000001  0.000000000
MOVE:  027 | -0.000000000  0.000000000  0.000000000  0.000000000 -0.000000100  0.000000000 |          0.0 | -0.000000002  0.000000004,  0.000000000  0.000000000
CONST: 027 | 46 9.3e-05 -8e-06 7e-06 -0.000435 -0.0005111 0

ABS:   028 |  0.000093000 -0.000008000  0.000007000 -0.000435000 -0.000511000  0.000002000 |         28.4 | -0.000009038  0.000052024, -0.000045195  0.000558139
DIFF:  028 |  0.000000000  0.000000000  0.000000000  0.000000000  0.000000100  0.000002000 |         -0.0 |  0.000000000 -0.000000004,  0.000000005 -0.000000002
MOVE:  028 | -0.000000000  0.000000000  0.000000000  0.000000000  0.000000000  0.000002000 |         -0.0 | -0.000000002 -0.000000000,  0.000000006 -0.000000002
CONST: 028 | 46 9.3e-05 -8e-06 7e-06 -0.000435 -0.000511 2.00001e-06

ABS:   029 |  0.000093000 -0.000008000  0.000007000 -0.000435000 -0.000511000 -0.000002000 |         28.4 | -0.000009034  0.000052024, -0.000045206  0.000558142
DIFF:  029 |  0.000000000  0.000000000  0.000000000  0.000000000  0.000000000 -0.000004000 |          0.0 |  0.000000003  0.000000000, -0.000000011  0.000000003
MOVE:  029 | -0.000000000  0.000000000  0.000000000  0.000000000  0.000000000 -0.000002000 |          0.0 |  0.000000002  0.000000000, -0.000000006  0.000000002
CONST: 029 | 46 9.3e-05 -8e-06 7e-06 -0.000435 -0.000511 -2.00001e-06

ABS:   030 |  0.000093000 -0.000008000  0.000007000 -0.000435000 -0.000511000  0.000020000 |         28.4 | -0.000009052  0.000052022, -0.000045145  0.000558124
DIFF:  030 |  0.000000000  0.000000000  0.000000000  0.000000000  0.000000000  0.000022000 |         -0.0 | -0.000000018 -0.000000002,  0.000000062 -0.000000018
MOVE:  030 | -0.000000000  0.000000000  0.000000000  0.000000000  0.000000000  0.000020000 |         -0.0 | -0.000000016 -0.000000001,  0.000000056 -0.000000017
CONST: 030 | 46 9.3e-05 -8e-06 7e-06 -0.000435 -0.000511 2.00001e-05

ABS:   031 |  0.000093000 -0.000008000  0.000007000 -0.000435000 -0.000511000 -0.000020000 |         28.4 | -0.000009020  0.000052025, -0.000045257  0.000558157
DIFF:  031 |  0.000000000  0.000000000  0.000000000  0.000000000  0.000000000 -0.000040000 |          0.0 |  0.000000032  0.000000003, -0.000000112  0.000000033
MOVE:  031 | -0.000000000  0.000000000  0.000000000  0.000000000  0.000000000 -0.000020000 |          0.0 |  0.000000016  0.000000001, -0.000000056  0.000000017
CONST: 031 | 46 9.3e-05 -8e-06 7e-06 -0.000435 -0.000511 -2.00001e-05

ABS:   032 |  0.000102037 -0.000020919 -0.000038093 -0.001008919 -0.000232508  0.006136842 |         27.5 | -0.000003948  0.000047441, -0.000000332  0.000556161
DIFF:  032 |  0.000009037 -0.000012919 -0.000045093 -0.000573919  0.000278492  0.006156842 |         -1.0 |  0.000005072 -0.000004584,  0.000044924 -0.000001997
MOVE:  032 |  0.000009037 -0.000012919 -0.000045093 -0.000573919  0.000278492  0.006136842 |         -1.0 |  0.000005088 -0.000004583,  0.000044868 -0.000001980
CONST: 032 | 46 0.000102037 -2.09186e-05 -3.80928e-05 -0.00100892 -0.000232508 0.00613684

ABS:   033 |  0.000099051 -0.000016650 -0.000023194 -0.000819293 -0.000324525  0.004114881 |         27.9 | -0.000005775  0.000048137, -0.000016494  0.000558784
DIFF:  033 | -0.000002986  0.000004268  0.000014899  0.000189625 -0.000092017 -0.002021961 |          0.4 | -0.000001827  0.000000695, -0.000016162  0.000002624
MOVE:  033 |  0.000006051 -0.000008650 -0.000030194 -0.000384293  0.000186475  0.004114881 |         -0.5 |  0.000003260 -0.000003887,  0.000028707  0.000000644
CONST: 033 | 46 9.90511e-05 -1.66502e-05 -2.31936e-05 -0.000819293 -0.000324525 0.00411488
