ABS:   itr |       deltaX       deltaY       deltaZ         phiX         phiY         phiZ |        chisq |    rphi mean     rphi rms,       z mean        z rms
ABS:   =========================================================================================================================================================
DIFF:  itr |       deltaX       deltaY       deltaZ         phiX         phiY         phiZ |        chisq |    rphi mean     rphi rms,       z mean        z rms
DIFF:  =========================================================================================================================================================
MOVE:  itr |       deltaX       deltaY       deltaZ         phiX         phiY         phiZ |        chisq |    rphi mean     rphi rms,       z mean        z rms
MOVE:  =========================================================================================================================================================
ABS:   001 | -0.000001000 -0.000538000  0.000123000 -0.000400000  0.003467000  0.000000000 |          1.6 | -0.000010308  0.000063772, -0.000046924  0.000605323
CONST: 001 | 30 -1e-06 -0.000538 0.000123 -0.0004 0.003467 0

ABS:   001 | -0.000001000 -0.000538000  0.000123000 -0.000400000  0.003467000  0.000000000 |          1.6 | -0.000010308  0.000063772, -0.000046924  0.000605323
CONST: 001 | 30 -1e-06 -0.000538 0.000123 -0.0004 0.003467 0

ABS:   002 |  0.000009000 -0.000538000  0.000123000 -0.000400000  0.003467000  0.000000000 |          1.6 | -0.000005417  0.000059793, -0.000046959  0.000605323
DIFF:  002 |  0.000010000  0.000000000 -0.000000000  0.000000000 -0.000000000  0.000000000 |         -0.0 |  0.000004891 -0.000003979, -0.000000035  0.000000000
MOVE:  002 |  0.000010000  0.000000000 -0.000000000  0.000000000 -0.000000000  0.000000000 |         -0.0 |  0.000004891 -0.000003979, -0.000000035  0.000000000
CONST: 002 | 30 9e-06 -0.000538 0.000123 -0.0004 0.003467 0

ABS:   003 | -0.000011000 -0.000538000  0.000123000 -0.000400000  0.003467000  0.000000000 |          1.6 | -0.000015793  0.000063322, -0.000046889  0.000605323
DIFF:  003 | -0.000020000  0.000000000  0.000000000  0.000000000  0.000000000  0.000000000 |          0.0 | -0.000010377  0.000003529,  0.000000069 -0.000000000
MOVE:  003 | -0.000010000  0.000000000 -0.000000000  0.000000000 -0.000000000  0.000000000 |          0.0 | -0.000005486 -0.000000449,  0.000000035 -0.000000000
CONST: 003 | 30 -1.1e-05 -0.000538 0.000123 -0.0004 0.003467 0

ABS:   004 |  0.000098835 -0.000538000  0.000123000 -0.000400000  0.003467000  0.000000000 |          1.5 |  0.000033096  0.000052018, -0.000047270  0.000605323
DIFF:  004 |  0.000109835  0.000000000  0.000000000  0.000000000  0.000000000  0.000000000 |         -0.1 |  0.000048889 -0.000011304, -0.000000381  0.000000000
MOVE:  004 |  0.000099835  0.000000000 -0.000000000  0.000000000 -0.000000000  0.000000000 |         -0.1 |  0.000043404 -0.000011754, -0.000000346  0.000000000
CONST: 004 | 30 9.88351e-05 -0.000538 0.000123 -0.0004 0.003467 0

ABS:   005 | -0.000100835 -0.000538000  0.000123000 -0.000400000  0.003467000  0.000000000 |          1.5 | -0.000044209  0.000047816, -0.000046578  0.000605323
DIFF:  005 | -0.000199670  0.000000000  0.000000000  0.000000000  0.000000000  0.000000000 |         -0.0 | -0.000077304 -0.000004203,  0.000000692  0.000000000
MOVE:  005 | -0.000099835  0.000000000 -0.000000000  0.000000000 -0.000000000  0.000000000 |         -0.1 | -0.000033901 -0.000015956,  0.000000346  0.000000000
CONST: 005 | 30 -0.000100835 -0.000538 0.000123 -0.0004 0.003467 0

ABS:   006 | -0.000001000 -0.000528000  0.000123000 -0.000400000  0.003467000  0.000000000 |          1.6 | -0.000011490  0.000063653, -0.000042169  0.000605802
DIFF:  006 |  0.000099835  0.000010000  0.000000000  0.000000000  0.000000000  0.000000000 |          0.1 |  0.000032719  0.000015837,  0.000004409  0.000000480
MOVE:  006 |  0.000000000  0.000010000 -0.000000000  0.000000000 -0.000000000  0.000000000 |          0.0 | -0.000001182 -0.000000119,  0.000004755  0.000000480
CONST: 006 | 30 -1e-06 -0.000528 0.000123 -0.0004 0.003467 0

ABS:   007 | -0.000001000 -0.000548000  0.000123000 -0.000400000  0.003467000  0.000000000 |          1.6 | -0.000009126  0.000063895, -0.000041384  0.000598775
DIFF:  007 |  0.000000000 -0.000020000  0.000000000  0.000000000  0.000000000  0.000000000 |         -0.0 |  0.000002364  0.000000242,  0.000000785 -0.000007027
MOVE:  007 |  0.000000000 -0.000010000 -0.000000000  0.000000000 -0.000000000  0.000000000 |         -0.0 |  0.000001182  0.000000123,  0.000005540 -0.000006548
CONST: 007 | 30 -1e-06 -0.000548 0.000123 -0.0004 0.003467 0

ABS:   008 | -0.000001000 -0.000438165  0.000123000 -0.000400000  0.003467000  0.000000000 |          1.7 | -0.000017534  0.000062248, -0.000041358  0.000621004
DIFF:  008 |  0.000000000  0.000109835  0.000000000  0.000000000  0.000000000  0.000000000 |          0.1 | -0.000008409 -0.000001647,  0.000000026  0.000022229
MOVE:  008 |  0.000000000  0.000099835 -0.000000000  0.000000000 -0.000000000  0.000000000 |          0.1 | -0.000007227 -0.000001524,  0.000005566  0.000015681
CONST: 008 | 30 -1e-06 -0.000438165 0.000123 -0.0004 0.003467 0

ABS:   009 | -0.000001000 -0.000637835  0.000123000 -0.000400000  0.003467000  0.000000000 |          1.6 | -0.000005063  0.000058081, -0.000052384  0.000614561
DIFF:  009 |  0.000000000 -0.000199670  0.000000000  0.000000000  0.000000000  0.000000000 |         -0.1 |  0.000012471 -0.000004167, -0.000011026 -0.000006442
MOVE:  009 |  0.000000000 -0.000099835 -0.000000000  0.000000000 -0.000000000  0.000000000 |          0.0 |  0.000005244 -0.000005691, -0.000005460  0.000009238
CONST: 009 | 30 -1e-06 -0.000637835 0.000123 -0.0004 0.003467 0

ABS:   010 | -0.000001000 -0.000538000  0.000623000 -0.000400000  0.003467000  0.000000000 |          1.3 | -0.000012017  0.000063774, -0.000251306  0.000528160
DIFF:  010 |  0.000000000  0.000099835  0.000500000  0.000000000  0.000000000  0.000000000 |         -0.3 | -0.000006954  0.000005693, -0.000198922 -0.000086401
MOVE:  010 |  0.000000000  0.000000000  0.000500000  0.000000000 -0.000000000  0.000000000 |         -0.3 | -0.000001710  0.000000002, -0.000204382 -0.000077163
CONST: 010 | 30 -1e-06 -0.000538 0.000623 -0.0004 0.003467 0

ABS:   011 | -0.000001000 -0.000538000 -0.000377000 -0.000400000  0.003467000  0.000000000 |          1.3 | -0.000008598  0.000063769,  0.000125116  0.000560886
DIFF:  011 |  0.000000000  0.000000000 -0.001000000  0.000000000  0.000000000  0.000000000 |          0.0 |  0.000003420 -0.000000005,  0.000376423  0.000032726
MOVE:  011 |  0.000000000  0.000000000 -0.000500000  0.000000000 -0.000000000  0.000000000 |         -0.3 |  0.000001710 -0.000000002,  0.000172040 -0.000044437
CONST: 011 | 30 -1e-06 -0.000538 -0.000377 -0.0004 0.003467 0
