ABS:   itr |       deltaX       deltaY       deltaZ         phiX         phiY         phiZ |        chisq |    rphi mean     rphi rms,       z mean        z rms
ABS:   =========================================================================================================================================================
DIFF:  itr |       deltaX       deltaY       deltaZ         phiX         phiY         phiZ |        chisq |    rphi mean     rphi rms,       z mean        z rms
DIFF:  =========================================================================================================================================================
MOVE:  itr |       deltaX       deltaY       deltaZ         phiX         phiY         phiZ |        chisq |    rphi mean     rphi rms,       z mean        z rms
MOVE:  =========================================================================================================================================================
ABS:   001 | -0.000289000 -0.000100000  0.000232000 -0.002210000  0.003749000  0.000000000 |         31.4 |  0.000015480  0.000056075, -0.000095333  0.000566493
CONST: 001 | 23 -0.000289 -0.0001 0.000232 -0.00221 0.003749 0

ABS:   001 | -0.000289000 -0.000100000  0.000232000 -0.002210000  0.003749000  0.000000000 |         31.4 |  0.000015480  0.000056075, -0.000095333  0.000566493
CONST: 001 | 23 -0.000289 -0.0001 0.000232 -0.00221 0.003749 0

ABS:   002 | -0.000288900 -0.000100000  0.000232000 -0.002210000  0.003749000  0.000000000 |         31.4 |  0.000015454  0.000056074, -0.000095334  0.000566493
DIFF:  002 |  0.000000100 -0.000000000 -0.000000000 -0.000000000  0.000000000  0.000000000 |         -0.0 | -0.000000026 -0.000000001, -0.000000000  0.000000000
MOVE:  002 |  0.000000100 -0.000000000 -0.000000000 -0.000000000  0.000000000  0.000000000 |         -0.0 | -0.000000026 -0.000000001, -0.000000000  0.000000000
CONST: 002 | 23 -0.0002889 -0.0001 0.000232 -0.00221 0.003749 0

ABS:   003 | -0.000289100 -0.000100000  0.000232000 -0.002210000  0.003749000  0.000000000 |         31.4 |  0.000015457  0.000056126, -0.000095333  0.000566493
DIFF:  003 | -0.000000200  0.000000000  0.000000000  0.000000000  0.000000000  0.000000000 |          0.0 |  0.000000003  0.000000052,  0.000000001 -0.000000000
MOVE:  003 | -0.000000100 -0.000000000 -0.000000000 -0.000000000  0.000000000  0.000000000 |          0.0 | -0.000000023  0.000000051,  0.000000000  0.000000000
CONST: 003 | 23 -0.0002891 -0.0001 0.000232 -0.00221 0.003749 0

ABS:   004 | -0.000288990 -0.000100000  0.000232000 -0.002210000  0.003749000  0.000000000 |         31.4 |  0.000015490  0.000056075, -0.000095333  0.000566493
DIFF:  004 |  0.000000110  0.000000000  0.000000000  0.000000000  0.000000000  0.000000000 |         -0.0 |  0.000000033 -0.000000051, -0.000000000  0.000000000
MOVE:  004 |  0.000000010 -0.000000000 -0.000000000 -0.000000000  0.000000000  0.000000000 |          0.0 |  0.000000010  0.000000000, -0.000000000  0.000000000
CONST: 004 | 23 -0.00028899 -0.0001 0.000232 -0.00221 0.003749 0

ABS:   005 | -0.000289010 -0.000100000  0.000232000 -0.002210000  0.003749000  0.000000000 |         31.4 |  0.000015470  0.000056075, -0.000095333  0.000566493
DIFF:  005 | -0.000000020  0.000000000  0.000000000  0.000000000  0.000000000  0.000000000 |         -0.0 | -0.000000020  0.000000000,  0.000000000  0.000000000
MOVE:  005 | -0.000000010 -0.000000000 -0.000000000 -0.000000000  0.000000000  0.000000000 |         -0.0 | -0.000000010  0.000000000,  0.000000000  0.000000000
CONST: 005 | 23 -0.00028901 -0.0001 0.000232 -0.00221 0.003749 0

ABS:   006 | -0.000288931 -0.000100000  0.000232000 -0.002210000  0.003749000  0.000000000 |         31.4 |  0.000015550  0.000056075, -0.000095334  0.000566493
DIFF:  006 |  0.000000079  0.000000000  0.000000000  0.000000000  0.000000000  0.000000000 |          0.0 |  0.000000079 -0.000000000, -0.000000000 -0.000000000
MOVE:  006 |  0.000000069 -0.000000000 -0.000000000 -0.000000000  0.000000000  0.000000000 |          0.0 |  0.000000069  0.000000000, -0.000000000  0.000000000
CONST: 006 | 23 -0.000288931 -0.0001 0.000232 -0.00221 0.003749 0

ABS:   007 | -0.000289069 -0.000100000  0.000232000 -0.002210000  0.003749000  0.000000000 |         31.4 |  0.000015450  0.000056101, -0.000095333  0.000566493
DIFF:  007 | -0.000000138  0.000000000  0.000000000  0.000000000  0.000000000  0.000000000 |          0.0 | -0.000000100  0.000000025,  0.000000001 -0.000000000
MOVE:  007 | -0.000000069 -0.000000000 -0.000000000 -0.000000000  0.000000000  0.000000000 |          0.0 | -0.000000031  0.000000025,  0.000000000 -0.000000000
CONST: 007 | 23 -0.000289069 -0.0001 0.000232 -0.00221 0.003749 0

ABS:   008 | -0.000289000 -0.000099900  0.000232000 -0.002210000  0.003749000  0.000000000 |         31.4 |  0.000015480  0.000056075, -0.000095415  0.000566494
DIFF:  008 |  0.000000069  0.000000100  0.000000000  0.000000000  0.000000000  0.000000000 |         -0.0 |  0.000000030 -0.000000025, -0.000000082  0.000000001
MOVE:  008 |  0.000000000  0.000000100 -0.000000000 -0.000000000  0.000000000  0.000000000 |          0.0 | -0.000000001  0.000000000, -0.000000082  0.000000001
CONST: 008 | 23 -0.000289 -9.99e-05 0.000232 -0.00221 0.003749 0

ABS:   009 | -0.000289000 -0.000100100  0.000232000 -0.002210000  0.003749000  0.000000000 |         31.4 |  0.000015481  0.000056075, -0.000095252  0.000566492
DIFF:  009 |  0.000000000 -0.000000200  0.000000000  0.000000000  0.000000000  0.000000000 |         -0.0 |  0.000000001 -0.000000000,  0.000000163 -0.000000002
MOVE:  009 |  0.000000000 -0.000000100 -0.000000000 -0.000000000  0.000000000  0.000000000 |         -0.0 |  0.000000001 -0.000000000,  0.000000082 -0.000000001
CONST: 009 | 23 -0.000289 -0.0001001 0.000232 -0.00221 0.003749 0

ABS:   010 | -0.000289000 -0.000099700  0.000232000 -0.002210000  0.003749000  0.000000000 |         31.4 |  0.000015478  0.000056076, -0.000095579  0.000566496
DIFF:  010 |  0.000000000  0.000000400  0.000000000  0.000000000  0.000000000  0.000000000 |          0.0 | -0.000000003  0.000000001, -0.000000327  0.000000004
MOVE:  010 |  0.000000000  0.000000300 -0.000000000 -0.000000000  0.000000000  0.000000000 |          0.0 | -0.000000002  0.000000001, -0.000000245  0.000000003
CONST: 010 | 23 -0.000289 -9.96995e-05 0.000232 -0.00221 0.003749 0

ABS:   011 | -0.000289000 -0.000100300  0.000232000 -0.002210000  0.003749000  0.000000000 |         31.4 |  0.000015483  0.000056075, -0.000095088  0.000566490
DIFF:  011 |  0.000000000 -0.000000601  0.000000000  0.000000000  0.000000000  0.000000000 |         -0.0 |  0.000000004 -0.000000001,  0.000000491 -0.000000006
MOVE:  011 |  0.000000000 -0.000000300 -0.000000000 -0.000000000  0.000000000  0.000000000 |         -0.0 |  0.000000002 -0.000000001,  0.000000245 -0.000000003
CONST: 011 | 23 -0.000289 -0.0001003 0.000232 -0.00221 0.003749 0

ABS:   012 | -0.000289000 -0.000100000  0.000237002 -0.002210000  0.003749000  0.000000000 |         31.4 |  0.000015462  0.000056075, -0.000096882  0.000566732
DIFF:  012 |  0.000000000  0.000000300  0.000005002  0.000000000  0.000000000  0.000000000 |          0.0 | -0.000000021  0.000000001, -0.000001794  0.000000243
MOVE:  012 |  0.000000000 -0.000000000  0.000005002 -0.000000000  0.000000000  0.000000000 |          0.0 | -0.000000019 -0.000000000, -0.000001549  0.000000239
CONST: 012 | 23 -0.000289 -0.0001 0.000237002 -0.00221 0.003749 0

ABS:   013 | -0.000289000 -0.000100000  0.000226998 -0.002210000  0.003749000  0.000000000 |         31.7 |  0.000015499  0.000056075, -0.000095964  0.000568348
DIFF:  013 |  0.000000000  0.000000000 -0.000010004  0.000000000  0.000000000  0.000000000 |          0.2 |  0.000000037  0.000000000,  0.000000918  0.000001616
MOVE:  013 |  0.000000000 -0.000000000 -0.000005002 -0.000000000  0.000000000  0.000000000 |          0.3 |  0.000000019  0.000000000, -0.000000630  0.000001855
CONST: 013 | 23 -0.000289 -0.0001 0.000226998 -0.00221 0.003749 0

ABS:   014 | -0.000289000 -0.000100000  0.000232500 -0.002210000  0.003749000  0.000000000 |         31.4 |  0.000015479  0.000056075, -0.000095833  0.000566493
DIFF:  014 |  0.000000000  0.000000000  0.000005502  0.000000000  0.000000000  0.000000000 |         -0.3 | -0.000000021 -0.000000000,  0.000000131 -0.000001855
MOVE:  014 |  0.000000000 -0.000000000  0.000000500 -0.000000000  0.000000000  0.000000000 |          0.0 | -0.000000002 -0.000000000, -0.000000499 -0.000000000
CONST: 014 | 23 -0.000289 -0.0001 0.0002325 -0.00221 0.003749 0

ABS:   015 | -0.000289000 -0.000100000  0.000231500 -0.002210000  0.003749000  0.000000000 |         31.4 |  0.000015482  0.000056075, -0.000095289  0.000566768
DIFF:  015 |  0.000000000  0.000000000 -0.000001000  0.000000000  0.000000000  0.000000000 |          0.0 |  0.000000004  0.000000000,  0.000000543  0.000000275
MOVE:  015 |  0.000000000 -0.000000000 -0.000000500 -0.000000000  0.000000000  0.000000000 |          0.0 |  0.000000002  0.000000000,  0.000000044  0.000000275
CONST: 015 | 23 -0.000289 -0.0001 0.0002315 -0.00221 0.003749 0

ABS:   016 | -0.000289000 -0.000100000  0.000232050 -0.002210000  0.003749000  0.000000000 |         31.4 |  0.000015480  0.000056075, -0.000095383  0.000566493
DIFF:  016 |  0.000000000  0.000000000  0.000000550  0.000000000  0.000000000  0.000000000 |         -0.0 | -0.000000002 -0.000000000, -0.000000094 -0.000000275
MOVE:  016 |  0.000000000 -0.000000000  0.000000050 -0.000000000  0.000000000  0.000000000 |          0.0 | -0.000000000 -0.000000000, -0.000000050 -0.000000000
CONST: 016 | 23 -0.000289 -0.0001 0.00023205 -0.00221 0.003749 0

ABS:   017 | -0.000289000 -0.000100000  0.000231950 -0.002210000  0.003749000  0.000000000 |         31.4 |  0.000015481  0.000056075, -0.000095283  0.000566493
DIFF:  017 |  0.000000000  0.000000000 -0.000000100  0.000000000  0.000000000  0.000000000 |         -0.0 |  0.000000000  0.000000000,  0.000000100  0.000000000
MOVE:  017 |  0.000000000 -0.000000000 -0.000000050 -0.000000000  0.000000000  0.000000000 |         -0.0 |  0.000000000  0.000000000,  0.000000050  0.000000000
CONST: 017 | 23 -0.000289 -0.0001 0.00023195 -0.00221 0.003749 0

ABS:   018 | -0.000289000 -0.000100000  0.000232000 -0.002206000  0.003749000  0.000000000 |         31.4 |  0.000015480  0.000056074, -0.000095603  0.000566495
DIFF:  018 |  0.000000000  0.000000000  0.000000050  0.000004000  0.000000000  0.000000000 |          0.0 | -0.000000000 -0.000000001, -0.000000319  0.000000002
MOVE:  018 |  0.000000000 -0.000000000 -0.000000000  0.000004000  0.000000000  0.000000000 |          0.0 | -0.000000000 -0.000000001, -0.000000269  0.000000002
CONST: 018 | 23 -0.000289 -0.0001 0.000232 -0.002206 0.003749 0

ABS:   019 | -0.000289000 -0.000100000  0.000232000 -0.002214000  0.003749000  0.000000000 |         31.4 |  0.000015481  0.000056076, -0.000095064  0.000566491
DIFF:  019 |  0.000000000  0.000000000  0.000000000 -0.000008000  0.000000000  0.000000000 |         -0.0 |  0.000000001  0.000000002,  0.000000539 -0.000000004
MOVE:  019 |  0.000000000 -0.000000000 -0.000000000 -0.000004000  0.000000000  0.000000000 |         -0.0 |  0.000000000  0.000000001,  0.000000269 -0.000000002
CONST: 019 | 23 -0.000289 -0.0001 0.000232 -0.002214 0.003749 0

ABS:   020 | -0.000289000 -0.000100000  0.000232000 -0.002210000  0.003759001  0.000000000 |         31.4 |  0.000015185  0.000056135, -0.000095323  0.000566487
DIFF:  020 |  0.000000000  0.000000000  0.000000000  0.000004000  0.000010001  0.000000000 |          0.0 | -0.000000296  0.000000059, -0.000000259 -0.000000004
MOVE:  020 |  0.000000000 -0.000000000 -0.000000000 -0.000000000  0.000010001  0.000000000 |          0.0 | -0.000000295  0.000000060,  0.000000010 -0.000000006
CONST: 020 | 23 -0.000289 -0.0001 0.000232 -0.00221 0.003759 0

ABS:   021 | -0.000289000 -0.000100000  0.000232000 -0.002210000  0.003738999  0.000000000 |         31.4 |  0.000015852  0.000056068, -0.000095343  0.000566498
DIFF:  021 |  0.000000000  0.000000000  0.000000000  0.000000000 -0.000020001  0.000000000 |          0.0 |  0.000000667 -0.000000067, -0.000000020  0.000000011
MOVE:  021 |  0.000000000 -0.000000000 -0.000000000 -0.000000000 -0.000010001  0.000000000 |          0.0 |  0.000000372 -0.000000007, -0.000000010  0.000000006
CONST: 021 | 23 -0.000289 -0.0001 0.000232 -0.00221 0.003739 0

ABS:   022 | -0.000289000 -0.000100000  0.000232000 -0.002210000  0.003750000  0.000000000 |         31.4 |  0.000015457  0.000056094, -0.000095332  0.000566492
DIFF:  022 |  0.000000000  0.000000000  0.000000000  0.000000000  0.000011001  0.000000000 |         -0.0 | -0.000000395  0.000000025,  0.000000011 -0.000000006
MOVE:  022 |  0.000000000 -0.000000000 -0.000000000 -0.000000000  0.000001000  0.000000000 |          0.0 | -0.000000023  0.000000019,  0.000000001 -0.000000001
CONST: 022 | 23 -0.000289 -0.0001 0.000232 -0.00221 0.00375 0

ABS:   023 | -0.000289000 -0.000100000  0.000232000 -0.002210000  0.003748000  0.000000000 |         31.4 |  0.000015504  0.000056057, -0.000095334  0.000566493
DIFF:  023 |  0.000000000  0.000000000  0.000000000  0.000000000 -0.000002000  0.000000000 |         -0.0 |  0.000000046 -0.000000037, -0.000000002  0.000000001
MOVE:  023 |  0.000000000 -0.000000000 -0.000000000 -0.000000000 -0.000001000  0.000000000 |         -0.0 |  0.000000023 -0.000000018, -0.000000001  0.000000001
CONST: 023 | 23 -0.000289 -0.0001 0.000232 -0.00221 0.003748 0

ABS:   024 | -0.000289000 -0.000100000  0.000232000 -0.002210000  0.003749000  0.000002000 |         31.4 |  0.000015479  0.000056075, -0.000095334  0.000566494
DIFF:  024 |  0.000000000  0.000000000  0.000000000  0.000000000  0.000001000  0.000002000 |          0.0 | -0.000000024  0.000000019,  0.000000000  0.000000001
MOVE:  024 |  0.000000000 -0.000000000 -0.000000000 -0.000000000  0.000000000  0.000002000 |          0.0 | -0.000000001  0.000000000, -0.000000001  0.000000001
CONST: 024 | 23 -0.000289 -0.0001 0.000232 -0.00221 0.003749 2.00001e-06

ABS:   025 | -0.000289000 -0.000100000  0.000232000 -0.002210000  0.003749000 -0.000002000 |         31.4 |  0.000015482  0.000056075, -0.000095332  0.000566491
DIFF:  025 |  0.000000000  0.000000000  0.000000000  0.000000000  0.000000000 -0.000004000 |         -0.0 |  0.000000003 -0.000000000,  0.000000002 -0.000000003
MOVE:  025 |  0.000000000 -0.000000000 -0.000000000 -0.000000000  0.000000000 -0.000002000 |         -0.0 |  0.000000001 -0.000000000,  0.000000001 -0.000000001
CONST: 025 | 23 -0.000289 -0.0001 0.000232 -0.00221 0.003749 -2.00001e-06

ABS:   026 | -0.000289000 -0.000100000  0.000232000 -0.002210000  0.003749000  0.000020000 |         31.4 |  0.000015468  0.000056076, -0.000095342  0.000566507
DIFF:  026 |  0.000000000  0.000000000  0.000000000  0.000000000  0.000000000  0.000022000 |          0.0 | -0.000000014  0.000000000, -0.000000009  0.000000015
MOVE:  026 |  0.000000000 -0.000000000 -0.000000000 -0.000000000  0.000000000  0.000020000 |          0.0 | -0.000000013  0.000000000, -0.000000009  0.000000014
CONST: 026 | 23 -0.000289 -0.0001 0.000232 -0.00221 0.003749 2.00001e-05

ABS:   027 | -0.000289000 -0.000100000  0.000232000 -0.002210000  0.003749000 -0.000020000 |         31.4 |  0.000015493  0.000056075, -0.000095325  0.000566479
DIFF:  027 |  0.000000000  0.000000000  0.000000000  0.000000000  0.000000000 -0.000040000 |         -0.0 |  0.000000025 -0.000000001,  0.000000017 -0.000000028
MOVE:  027 |  0.000000000 -0.000000000 -0.000000000 -0.000000000  0.000000000 -0.000020000 |         -0.0 |  0.000000013 -0.000000000,  0.000000009 -0.000000014
CONST: 027 | 23 -0.000289 -0.0001 0.000232 -0.00221 0.003749 -2.00001e-05

ABS:   028 | -0.000288994 -0.000176549  0.000137731 -0.003218423  0.003378389 -0.004655943 |         33.4 |  0.000029195  0.000056196, -0.000008410  0.000581082
DIFF:  028 |  0.000000006 -0.000076549 -0.000094269 -0.001008423 -0.000370611 -0.004635943 |          2.1 |  0.000013702  0.000000121,  0.000086914  0.000014604
MOVE:  028 |  0.000000006 -0.000076549 -0.000094269 -0.001008423 -0.000370611 -0.004655943 |          2.0 |  0.000013714  0.000000121,  0.000086923  0.000014590
CONST: 028 | 23 -0.000288994 -0.000176549 0.000137731 -0.00321842 0.00337839 -0.00465594

ABS:   029 | -0.000288998 -0.000127386  0.000198302 -0.002570491  0.003616521 -0.001666415 |         32.4 |  0.000022070  0.000056040, -0.000065346  0.000573152
DIFF:  029 | -0.000000004  0.000049162  0.000060571  0.000647932  0.000238131  0.002989528 |         -1.0 | -0.000007125 -0.000000156, -0.000056936 -0.000007930
MOVE:  029 |  0.000000002 -0.000027386 -0.000033698 -0.000360491 -0.000132479 -0.001666415 |          1.0 |  0.000006590 -0.000000035,  0.000029987  0.000006660
CONST: 029 | 23 -0.000288998 -0.000127386 0.000198302 -0.00257049 0.00361652 -0.00166642

ABS:   030 | -0.000288999 -0.000108841  0.000221122 -0.002326367  0.003706236 -0.000538004 |         32.1 |  0.000017593  0.000056107, -0.000090992  0.000570716
DIFF:  030 | -0.000000002  0.000018545  0.000022820  0.000244125  0.000089715  0.001128412 |         -0.3 | -0.000004477  0.000000066, -0.000025646 -0.000002436
MOVE:  030 |  0.000000001 -0.000008841 -0.000010878 -0.000116367 -0.000042764 -0.000538004 |          0.7 |  0.000002112  0.000000032,  0.000004341  0.000004224
CONST: 030 | 23 -0.000288999 -0.000108841 0.000221122 -0.00232637 0.00370624 -0.000538004

ABS:   031 | -0.000289000 -0.000102051  0.000229476 -0.002237000  0.003739078 -0.000124832 |         31.7 |  0.000015903  0.000056118, -0.000095352  0.000568506
DIFF:  031 | -0.000000001  0.000006790  0.000008354  0.000089367  0.000032842  0.000413171 |         -0.4 | -0.000001690  0.000000012, -0.000004360 -0.000002210
MOVE:  031 |  0.000000000 -0.000002051 -0.000002524 -0.000027000 -0.000009922 -0.000124832 |          0.3 |  0.000000422  0.000000043, -0.000000019  0.000002014
CONST: 031 | 23 -0.000289 -0.000102051 0.000229476 -0.002237 0.00373908 -0.000124832

ABS:   032 | -0.000289000 -0.000100316  0.000231612 -0.002214155  0.003747473 -0.000019209 |         31.4 |  0.000015514  0.000056035, -0.000094856  0.000566750
DIFF:  032 | -0.000000000  0.000001736  0.000002136  0.000022845  0.000008395  0.000105624 |         -0.3 | -0.000000389 -0.000000084,  0.000000496 -0.000001757
MOVE:  032 |  0.000000000 -0.000000316 -0.000000388 -0.000004155 -0.000001527 -0.000019209 |          0.0 |  0.000000033 -0.000000040,  0.000000477  0.000000257
CONST: 032 | 23 -0.000289 -0.000100316 0.000231612 -0.00221415 0.00374747 -1.92087e-05

ABS:   033 | -0.000289000 -0.000100086  0.000231895 -0.002211126  0.003748586 -0.000005207 |         31.4 |  0.000015510  0.000056078, -0.000095081  0.000566488
DIFF:  033 | -0.000000000  0.000000230  0.000000283  0.000003029  0.000001113  0.000014002 |         -0.0 | -0.000000003  0.000000043, -0.000000224 -0.000000262
MOVE:  033 |  0.000000000 -0.000000086 -0.000000105 -0.000001126 -0.000000414 -0.000005207 |         -0.0 |  0.000000030  0.000000003,  0.000000253 -0.000000005
CONST: 033 | 23 -0.000289 -0.000100086 0.000231895 -0.00221113 0.00374859 -5.20659e-06

ABS:   034 | -0.000288993 -0.000100086  0.000231895 -0.002211126  0.003748586 -0.000005207 |         31.4 |  0.000015517  0.000056078, -0.000095081  0.000566488
DIFF:  034 |  0.000000007  0.000000000  0.000000000  0.000000000  0.000000000  0.000000000 |          0.0 |  0.000000007  0.000000000, -0.000000000  0.000000000
MOVE:  034 |  0.000000007 -0.000000086 -0.000000105 -0.000001126 -0.000000414 -0.000005207 |         -0.0 |  0.000000037  0.000000003,  0.000000253 -0.000000005
CONST: 034 | 23 -0.000288993 -0.000100086 0.000231895 -0.00221113 0.00374859 -5.20659e-06

ABS:   035 | -0.000289007 -0.000100086  0.000231895 -0.002211126  0.003748586 -0.000005207 |         31.4 |  0.000015503  0.000056078, -0.000095081  0.000566488
DIFF:  035 | -0.000000014  0.000000000  0.000000000  0.000000000  0.000000000  0.000000000 |         -0.0 | -0.000000014 -0.000000000,  0.000000000 -0.000000000
MOVE:  035 | -0.000000007 -0.000000086 -0.000000105 -0.000001126 -0.000000414 -0.000005207 |         -0.0 |  0.000000023  0.000000003,  0.000000253 -0.000000005
CONST: 035 | 23 -0.000289007 -0.000100086 0.000231895 -0.00221113 0.00374859 -5.20659e-06

ABS:   036 | -0.000288931 -0.000100086  0.000231895 -0.002211126  0.003748586 -0.000005207 |         31.4 |  0.000015503  0.000056027, -0.000095081  0.000566488
DIFF:  036 |  0.000000076  0.000000000  0.000000000  0.000000000  0.000000000  0.000000000 |         -0.0 | -0.000000001 -0.000000051, -0.000000000  0.000000000
MOVE:  036 |  0.000000069 -0.000000086 -0.000000105 -0.000001126 -0.000000414 -0.000005207 |         -0.0 |  0.000000022 -0.000000048,  0.000000252 -0.000000005
CONST: 036 | 23 -0.000288931 -0.000100086 0.000231895 -0.00221113 0.00374859 -5.20659e-06

ABS:   037 | -0.000289069 -0.000100086  0.000231895 -0.002211126  0.003748586 -0.000005207 |         31.4 |  0.000015441  0.000056078, -0.000095080  0.000566488
DIFF:  037 | -0.000000138  0.000000000  0.000000000  0.000000000  0.000000000  0.000000000 |          0.0 | -0.000000062  0.000000051,  0.000000001 -0.000000000
MOVE:  037 | -0.000000069 -0.000000086 -0.000000105 -0.000001126 -0.000000414 -0.000005207 |         -0.0 | -0.000000039  0.000000003,  0.000000253 -0.000000005
CONST: 037 | 23 -0.000289069 -0.000100086 0.000231895 -0.00221113 0.00374859 -5.20659e-06

ABS:   038 | -0.000288993 -0.000100086  0.000231895 -0.002211126  0.003748586 -0.000005207 |         31.4 |  0.000015517  0.000056078, -0.000095081  0.000566488
DIFF:  038 |  0.000000076  0.000000000  0.000000000  0.000000000  0.000000000  0.000000000 |          0.0 |  0.000000076  0.000000000, -0.000000000  0.000000000
MOVE:  038 |  0.000000007 -0.000000086 -0.000000105 -0.000001126 -0.000000414 -0.000005207 |         -0.0 |  0.000000037  0.000000003,  0.000000253 -0.000000005
CONST: 038 | 23 -0.000288993 -0.000100086 0.000231895 -0.00221113 0.00374859 -5.20659e-06

ABS:   039 | -0.000289007 -0.000100086  0.000231895 -0.002211126  0.003748586 -0.000005207 |         31.4 |  0.000015503  0.000056078, -0.000095081  0.000566488
DIFF:  039 | -0.000000014  0.000000000  0.000000000  0.000000000  0.000000000  0.000000000 |         -0.0 | -0.000000014 -0.000000000,  0.000000000 -0.000000000
MOVE:  039 | -0.000000007 -0.000000086 -0.000000105 -0.000001126 -0.000000414 -0.000005207 |         -0.0 |  0.000000023  0.000000003,  0.000000253 -0.000000005
CONST: 039 | 23 -0.000289007 -0.000100086 0.000231895 -0.00221113 0.00374859 -5.20659e-06

ABS:   040 | -0.000289000 -0.000099785  0.000231895 -0.002211126  0.003748586 -0.000005207 |         31.4 |  0.000015508  0.000056079, -0.000095326  0.000566491
DIFF:  040 |  0.000000007  0.000000300  0.000000000  0.000000000  0.000000000  0.000000000 |          0.0 |  0.000000005  0.000000001, -0.000000245  0.000000003
MOVE:  040 |  0.000000000  0.000000215 -0.000000105 -0.000001126 -0.000000414 -0.000005207 |          0.0 |  0.000000028  0.000000003,  0.000000007 -0.000000002
CONST: 040 | 23 -0.000289 -9.97851e-05 0.000231895 -0.00221113 0.00374859 -5.20659e-06

ABS:   041 | -0.000289000 -0.000100386  0.000231895 -0.002211126  0.003748586 -0.000005207 |         31.4 |  0.000015512  0.000056078, -0.000095290  0.000566760
DIFF:  041 |  0.000000000 -0.000000601  0.000000000  0.000000000  0.000000000  0.000000000 |          0.0 |  0.000000004 -0.000000001,  0.000000036  0.000000269
MOVE:  041 |  0.000000000 -0.000000386 -0.000000105 -0.000001126 -0.000000414 -0.000005207 |          0.0 |  0.000000032  0.000000002,  0.000000043  0.000000267
CONST: 041 | 23 -0.000289 -0.000100386 0.000231895 -0.00221113 0.00374859 -5.20659e-06

ABS:   042 | -0.000289000 -0.000100056  0.000231895 -0.002211126  0.003748586 -0.000005207 |         31.4 |  0.000015510  0.000056078, -0.000095105  0.000566488
DIFF:  042 |  0.000000000  0.000000330  0.000000000  0.000000000  0.000000000  0.000000000 |         -0.0 | -0.000000002  0.000000001,  0.000000185 -0.000000272
MOVE:  042 |  0.000000000 -0.000000056 -0.000000105 -0.000001126 -0.000000414 -0.000005207 |         -0.0 |  0.000000030  0.000000003,  0.000000228 -0.000000005
CONST: 042 | 23 -0.000289 -0.000100056 0.000231895 -0.00221113 0.00374859 -5.20659e-06

ABS:   043 | -0.000289000 -0.000100116  0.000231895 -0.002211126  0.003748586 -0.000005207 |         31.4 |  0.000015510  0.000056078, -0.000095056  0.000566487
DIFF:  043 |  0.000000000 -0.000000060  0.000000000  0.000000000  0.000000000  0.000000000 |         -0.0 |  0.000000000 -0.000000000,  0.000000049 -0.000000001
MOVE:  043 |  0.000000000 -0.000000116 -0.000000105 -0.000001126 -0.000000414 -0.000005207 |         -0.0 |  0.000000030  0.000000003,  0.000000277 -0.000000005
CONST: 043 | 23 -0.000289 -0.000100116 0.000231895 -0.00221113 0.00374859 -5.20659e-06

ABS:   044 | -0.000289000 -0.000099785  0.000231895 -0.002211126  0.003748586 -0.000005207 |         31.4 |  0.000015508  0.000056079, -0.000095326  0.000566491
DIFF:  044 |  0.000000000  0.000000330  0.000000000  0.000000000  0.000000000  0.000000000 |          0.0 | -0.000000002  0.000000001, -0.000000270  0.000000003
MOVE:  044 |  0.000000000  0.000000215 -0.000000105 -0.000001126 -0.000000414 -0.000005207 |          0.0 |  0.000000028  0.000000003,  0.000000007 -0.000000002
CONST: 044 | 23 -0.000289 -9.97851e-05 0.000231895 -0.00221113 0.00374859 -5.20659e-06

ABS:   045 | -0.000289000 -0.000100386  0.000231895 -0.002211126  0.003748586 -0.000005207 |         31.4 |  0.000015512  0.000056078, -0.000095290  0.000566760
DIFF:  045 |  0.000000000 -0.000000601  0.000000000  0.000000000  0.000000000  0.000000000 |          0.0 |  0.000000004 -0.000000001,  0.000000036  0.000000269
MOVE:  045 |  0.000000000 -0.000000386 -0.000000105 -0.000001126 -0.000000414 -0.000005207 |          0.0 |  0.000000032  0.000000002,  0.000000043  0.000000267
CONST: 045 | 23 -0.000289 -0.000100386 0.000231895 -0.00221113 0.00374859 -5.20659e-06

ABS:   046 | -0.000289000 -0.000100086  0.000232209 -0.002211126  0.003748586 -0.000005207 |         31.4 |  0.000015509  0.000056078, -0.000095394  0.000566488
DIFF:  046 |  0.000000000  0.000000300  0.000000314  0.000000000  0.000000000  0.000000000 |         -0.0 | -0.000000003  0.000000001, -0.000000104 -0.000000272
MOVE:  046 |  0.000000000 -0.000000086  0.000000209 -0.000001126 -0.000000414 -0.000005207 |          0.0 |  0.000000029  0.000000003, -0.000000061 -0.000000005
CONST: 046 | 23 -0.000289 -0.000100086 0.000232209 -0.00221113 0.00374859 -5.20659e-06

ABS:   047 | -0.000289000 -0.000100086  0.000231581 -0.002211126  0.003748586 -0.000005207 |         31.4 |  0.000015511  0.000056078, -0.000095222  0.000566763
DIFF:  047 |  0.000000000  0.000000000 -0.000000628  0.000000000  0.000000000  0.000000000 |          0.0 |  0.000000002  0.000000000,  0.000000172  0.000000275
MOVE:  047 |  0.000000000 -0.000000086 -0.000000419 -0.000001126 -0.000000414 -0.000005207 |          0.0 |  0.000000031  0.000000003,  0.000000111  0.000000270
CONST: 047 | 23 -0.000289 -0.000100086 0.000231581 -0.00221113 0.00374859 -5.20659e-06

ABS:   048 | -0.000289000 -0.000100086  0.000231926 -0.002211126  0.003748586 -0.000005207 |         31.4 |  0.000015510  0.000056078, -0.000095112  0.000566488
DIFF:  048 |  0.000000000  0.000000000  0.000000345  0.000000000  0.000000000  0.000000000 |         -0.0 | -0.000000001 -0.000000000,  0.000000110 -0.000000275
MOVE:  048 |  0.000000000 -0.000000086 -0.000000074 -0.000001126 -0.000000414 -0.000005207 |         -0.0 |  0.000000030  0.000000003,  0.000000221 -0.000000005
CONST: 048 | 23 -0.000289 -0.000100086 0.000231926 -0.00221113 0.00374859 -5.20659e-06

ABS:   049 | -0.000289000 -0.000100086  0.000231863 -0.002211126  0.003748586 -0.000005207 |         31.4 |  0.000015510  0.000056078, -0.000095049  0.000566488
DIFF:  049 |  0.000000000  0.000000000 -0.000000063  0.000000000  0.000000000  0.000000000 |         -0.0 |  0.000000000  0.000000000,  0.000000063  0.000000000
MOVE:  049 |  0.000000000 -0.000000086 -0.000000137 -0.000001126 -0.000000414 -0.000005207 |         -0.0 |  0.000000030  0.000000003,  0.000000284 -0.000000005
CONST: 049 | 23 -0.000289 -0.000100086 0.000231863 -0.00221113 0.00374859 -5.20659e-06

ABS:   050 | -0.000289000 -0.000100086  0.000232209 -0.002211126  0.003748586 -0.000005207 |         31.4 |  0.000015509  0.000056078, -0.000095394  0.000566488
DIFF:  050 |  0.000000000  0.000000000  0.000000345  0.000000000  0.000000000  0.000000000 |          0.0 | -0.000000001 -0.000000000, -0.000000345 -0.000000000
MOVE:  050 |  0.000000000 -0.000000086  0.000000209 -0.000001126 -0.000000414 -0.000005207 |          0.0 |  0.000000029  0.000000003, -0.000000061 -0.000000005
CONST: 050 | 23 -0.000289 -0.000100086 0.000232209 -0.00221113 0.00374859 -5.20659e-06

ABS:   051 | -0.000289000 -0.000100086  0.000231581 -0.002211126  0.003748586 -0.000005207 |         31.4 |  0.000015511  0.000056078, -0.000095222  0.000566763
DIFF:  051 |  0.000000000  0.000000000 -0.000000628  0.000000000  0.000000000  0.000000000 |          0.0 |  0.000000002  0.000000000,  0.000000172  0.000000275
MOVE:  051 |  0.000000000 -0.000000086 -0.000000419 -0.000001126 -0.000000414 -0.000005207 |          0.0 |  0.000000031  0.000000003,  0.000000111  0.000000270
CONST: 051 | 23 -0.000289 -0.000100086 0.000231581 -0.00221113 0.00374859 -5.20659e-06

ABS:   052 | -0.000289000 -0.000100086  0.000231895 -0.002207197  0.003748586 -0.000005207 |         31.4 |  0.000015510  0.000056077, -0.000095345  0.000566490
DIFF:  052 |  0.000000000  0.000000000  0.000000314  0.000003929  0.000000000  0.000000000 |         -0.0 | -0.000000001 -0.000000001, -0.000000123 -0.000000273
MOVE:  052 |  0.000000000 -0.000000086 -0.000000105  0.000002803 -0.000000414 -0.000005207 |          0.0 |  0.000000029  0.000000002, -0.000000012 -0.000000003
CONST: 052 | 23 -0.000289 -0.000100086 0.000231895 -0.0022072 0.00374859 -5.20659e-06

ABS:   053 | -0.000289000 -0.000100086  0.000231895 -0.002215055  0.003748586 -0.000005207 |         31.4 |  0.000015511  0.000056079, -0.000095271  0.000566761
DIFF:  053 |  0.000000000  0.000000000  0.000000000 -0.000007858  0.000000000  0.000000000 |          0.0 |  0.000000001  0.000000002,  0.000000074  0.000000271
MOVE:  053 |  0.000000000 -0.000000086 -0.000000105 -0.000005055 -0.000000414 -0.000005207 |          0.0 |  0.000000030  0.000000004,  0.000000062  0.000000268
CONST: 053 | 23 -0.000289 -0.000100086 0.000231895 -0.00221505 0.00374859 -5.20659e-06

ABS:   054 | -0.000289000 -0.000100086  0.000231895 -0.002210733  0.003748586 -0.000005207 |         31.4 |  0.000015510  0.000056078, -0.000095107  0.000566488
DIFF:  054 |  0.000000000  0.000000000  0.000000000  0.000004322  0.000000000  0.000000000 |         -0.0 | -0.000000000 -0.000000001,  0.000000164 -0.000000273
MOVE:  054 |  0.000000000 -0.000000086 -0.000000105 -0.000000733 -0.000000414 -0.000005207 |         -0.0 |  0.000000030  0.000000003,  0.000000226 -0.000000005
CONST: 054 | 23 -0.000289 -0.000100086 0.000231895 -0.00221073 0.00374859 -5.20659e-06

ABS:   055 | -0.000289000 -0.000100086  0.000231895 -0.002211519  0.003748586 -0.000005207 |         31.4 |  0.000015510  0.000056078, -0.000095054  0.000566488
DIFF:  055 |  0.000000000  0.000000000  0.000000000 -0.000000786  0.000000000  0.000000000 |         -0.0 |  0.000000000  0.000000000,  0.000000053 -0.000000000
MOVE:  055 |  0.000000000 -0.000000086 -0.000000105 -0.000001519 -0.000000414 -0.000005207 |         -0.0 |  0.000000030  0.000000003,  0.000000279 -0.000000005
CONST: 055 | 23 -0.000289 -0.000100086 0.000231895 -0.00221152 0.00374859 -5.20659e-06

ABS:   056 | -0.000289000 -0.000100086  0.000231895 -0.002207197  0.003748586 -0.000005207 |         31.4 |  0.000015510  0.000056077, -0.000095345  0.000566490
DIFF:  056 |  0.000000000  0.000000000  0.000000000  0.000004322  0.000000000  0.000000000 |          0.0 | -0.000000000 -0.000000001, -0.000000291  0.000000002
MOVE:  056 |  0.000000000 -0.000000086 -0.000000105  0.000002803 -0.000000414 -0.000005207 |          0.0 |  0.000000029  0.000000002, -0.000000012 -0.000000003
CONST: 056 | 23 -0.000289 -0.000100086 0.000231895 -0.0022072 0.00374859 -5.20659e-06

ABS:   057 | -0.000289000 -0.000100086  0.000231895 -0.002215055  0.003748586 -0.000005207 |         31.4 |  0.000015511  0.000056079, -0.000095271  0.000566761
DIFF:  057 |  0.000000000  0.000000000  0.000000000 -0.000007858  0.000000000  0.000000000 |          0.0 |  0.000000001  0.000000002,  0.000000074  0.000000271
MOVE:  057 |  0.000000000 -0.000000086 -0.000000105 -0.000005055 -0.000000414 -0.000005207 |          0.0 |  0.000000030  0.000000004,  0.000000062  0.000000268
CONST: 057 | 23 -0.000289 -0.000100086 0.000231895 -0.00221505 0.00374859 -5.20659e-06

ABS:   058 | -0.000289000 -0.000100086  0.000231895 -0.002211126  0.003749762 -0.000005207 |         31.4 |  0.000015476  0.000056095, -0.000095079  0.000566487
DIFF:  058 |  0.000000000  0.000000000  0.000000000  0.000003929  0.000001176  0.000000000 |         -0.0 | -0.000000034  0.000000016,  0.000000192 -0.000000274
MOVE:  058 |  0.000000000 -0.000000086 -0.000000105 -0.000001126  0.000000762 -0.000005207 |          0.0 | -0.000000004  0.000000020,  0.000000254 -0.000000006
CONST: 058 | 23 -0.000289 -0.000100086 0.000231895 -0.00221113 0.00374976 -5.20659e-06

ABS:   059 | -0.000289000 -0.000100086  0.000231895 -0.002211126  0.003747410 -0.000005207 |         31.4 |  0.000015506  0.000056035, -0.000095082  0.000566488
DIFF:  059 |  0.000000000  0.000000000  0.000000000  0.000000000 -0.000002353  0.000000000 |         -0.0 |  0.000000029 -0.000000060, -0.000000002  0.000000001
MOVE:  059 |  0.000000000 -0.000000086 -0.000000105 -0.000001126 -0.000001590 -0.000005207 |         -0.0 |  0.000000025 -0.000000040,  0.000000251 -0.000000004
CONST: 059 | 23 -0.000289 -0.000100086 0.000231895 -0.00221113 0.00374741 -5.20659e-06

ABS:   060 | -0.000289000 -0.000100086  0.000231895 -0.002211126  0.003748704 -0.000005207 |         31.4 |  0.000015503  0.000056077, -0.000095081  0.000566488
DIFF:  060 |  0.000000000  0.000000000  0.000000000  0.000000000  0.000001294  0.000000000 |          0.0 | -0.000000003  0.000000042,  0.000000001 -0.000000001
MOVE:  060 |  0.000000000 -0.000000086 -0.000000105 -0.000001126 -0.000000296 -0.000005207 |         -0.0 |  0.000000023  0.000000002,  0.000000253 -0.000000005
CONST: 060 | 23 -0.000289 -0.000100086 0.000231895 -0.00221113 0.0037487 -5.20659e-06

ABS:   061 | -0.000289000 -0.000100086  0.000231895 -0.002211126  0.003748469 -0.000005207 |         31.4 |  0.000015517  0.000056079, -0.000095081  0.000566488
DIFF:  061 |  0.000000000  0.000000000  0.000000000  0.000000000 -0.000000235  0.000000000 |          0.0 |  0.000000014  0.000000002, -0.000000000  0.000000000
MOVE:  061 |  0.000000000 -0.000000086 -0.000000105 -0.000001126 -0.000000531 -0.000005207 |         -0.0 |  0.000000037  0.000000004,  0.000000252 -0.000000005
CONST: 061 | 23 -0.000289 -0.000100086 0.000231895 -0.00221113 0.00374847 -5.20659e-06

ABS:   062 | -0.000289000 -0.000100086  0.000231895 -0.002211126  0.003749521 -0.000005207 |         31.4 |  0.000015491  0.000056097, -0.000095080  0.000566487
DIFF:  062 |  0.000000000  0.000000000  0.000000000  0.000000000  0.000001053  0.000000000 |          0.0 | -0.000000026  0.000000018,  0.000000001 -0.000000001
MOVE:  062 |  0.000000000 -0.000000086 -0.000000105 -0.000001126  0.000000521 -0.000005207 |          0.0 |  0.000000011  0.000000022,  0.000000254 -0.000000005
CONST: 062 | 23 -0.000289 -0.000100086 0.000231895 -0.00221113 0.00374952 -5.20659e-06

ABS:   063 | -0.000289000 -0.000100086  0.000231895 -0.002211126  0.003747651 -0.000005207 |         31.4 |  0.000015491  0.000056034, -0.000095082  0.000566488
DIFF:  063 |  0.000000000  0.000000000  0.000000000  0.000000000 -0.000001871  0.000000000 |         -0.0 | -0.000000000 -0.000000063, -0.000000002  0.000000001
MOVE:  063 |  0.000000000 -0.000000086 -0.000000105 -0.000001126 -0.000001349 -0.000005207 |         -0.0 |  0.000000010 -0.000000042,  0.000000252 -0.000000004
CONST: 063 | 23 -0.000289 -0.000100086 0.000231895 -0.00221113 0.00374765 -5.20659e-06

ABS:   064 | -0.000289000 -0.000100086  0.000231895 -0.002211126  0.003748586  0.000036543 |         31.4 |  0.000015484  0.000056079, -0.000095099  0.000566517
DIFF:  064 |  0.000000000  0.000000000  0.000000000  0.000000000  0.000000935  0.000041749 |          0.0 | -0.000000007  0.000000045, -0.000000017  0.000000029
MOVE:  064 |  0.000000000 -0.000000086 -0.000000105 -0.000001126 -0.000000414  0.000036543 |         -0.0 |  0.000000003  0.000000004,  0.000000235  0.000000025
CONST: 064 | 23 -0.000289 -0.000100086 0.000231895 -0.00221113 0.00374859 3.65427e-05

ABS:   065 | -0.000289000 -0.000100086  0.000231895 -0.002211126  0.003748586 -0.000046956 |         31.4 |  0.000015537  0.000056077, -0.000095518  0.000566734
DIFF:  065 |  0.000000000  0.000000000  0.000000000  0.000000000  0.000000000 -0.000083499 |          0.0 |  0.000000053 -0.000000002, -0.000000419  0.000000216
MOVE:  065 |  0.000000000 -0.000000086 -0.000000105 -0.000001126 -0.000000414 -0.000046956 |          0.0 |  0.000000056  0.000000002, -0.000000185  0.000000241
CONST: 065 | 23 -0.000289 -0.000100086 0.000231895 -0.00221113 0.00374859 -4.69559e-05

ABS:   066 | -0.000289000 -0.000100086  0.000231895 -0.002211126  0.003748586 -0.000001032 |         31.4 |  0.000015508  0.000056078, -0.000095082  0.000566491
DIFF:  066 |  0.000000000  0.000000000  0.000000000  0.000000000  0.000000000  0.000045924 |         -0.0 | -0.000000029  0.000000001,  0.000000435 -0.000000243
MOVE:  066 |  0.000000000 -0.000000086 -0.000000105 -0.000001126 -0.000000414 -0.000001032 |         -0.0 |  0.000000027  0.000000003,  0.000000251 -0.000000002
CONST: 066 | 23 -0.000289 -0.000100086 0.000231895 -0.00221113 0.00374859 -1.03166e-06

ABS:   067 | -0.000289000 -0.000100086  0.000231895 -0.002211126  0.003748586 -0.000009382 |         31.4 |  0.000015513  0.000056078, -0.000095079  0.000566485
DIFF:  067 |  0.000000000  0.000000000  0.000000000  0.000000000  0.000000000 -0.000008350 |         -0.0 |  0.000000005 -0.000000000,  0.000000004 -0.000000006
MOVE:  067 |  0.000000000 -0.000000086 -0.000000105 -0.000001126 -0.000000414 -0.000009382 |         -0.0 |  0.000000032  0.000000003,  0.000000254 -0.000000008
CONST: 067 | 23 -0.000289 -0.000100086 0.000231895 -0.00221113 0.00374859 -9.38152e-06

ABS:   068 | -0.000289000 -0.000100086  0.000231895 -0.002211126  0.003748586  0.000036543 |         31.4 |  0.000015484  0.000056079, -0.000095099  0.000566517
DIFF:  068 |  0.000000000  0.000000000  0.000000000  0.000000000  0.000000000  0.000045924 |          0.0 | -0.000000029  0.000000001, -0.000000020  0.000000032
MOVE:  068 |  0.000000000 -0.000000086 -0.000000105 -0.000001126 -0.000000414  0.000036543 |         -0.0 |  0.000000003  0.000000004,  0.000000235  0.000000025
CONST: 068 | 23 -0.000289 -0.000100086 0.000231895 -0.00221113 0.00374859 3.65427e-05

ABS:   069 | -0.000289000 -0.000100086  0.000231895 -0.002211126  0.003748586 -0.000046956 |         31.4 |  0.000015537  0.000056077, -0.000095518  0.000566734
DIFF:  069 |  0.000000000  0.000000000  0.000000000  0.000000000  0.000000000 -0.000083499 |          0.0 |  0.000000053 -0.000000002, -0.000000419  0.000000216
MOVE:  069 |  0.000000000 -0.000000086 -0.000000105 -0.000001126 -0.000000414 -0.000046956 |          0.0 |  0.000000056  0.000000002, -0.000000185  0.000000241
CONST: 069 | 23 -0.000289 -0.000100086 0.000231895 -0.00221113 0.00374859 -4.69559e-05

ABS:   070 | -0.000288999 -0.000115125  0.000201998 -0.002414409  0.003310618  0.003878576 |         32.9 |  0.000030159  0.000056740, -0.000076041  0.000575433
DIFF:  070 |  0.000000001 -0.000015040 -0.000029897 -0.000203282 -0.000437968  0.003925532 |          1.5 |  0.000014622  0.000000663,  0.000019477  0.000008700
MOVE:  070 |  0.000000001 -0.000015125 -0.000030002 -0.000204409 -0.000438382  0.003878576 |          1.5 |  0.000014679  0.000000665,  0.000019292  0.000008941
CONST: 070 | 23 -0.000288999 -0.000115125 0.000201998 -0.00241441 0.00331062 0.00387858

ABS:   071 | -0.000289000 -0.000104739  0.000222645 -0.002274017  0.003613087  0.001197440 |         32.1 |  0.000020913  0.000056262, -0.000095634  0.000570026
DIFF:  071 | -0.000000001  0.000010387  0.000020647  0.000140391  0.000302469 -0.002681137 |         -0.8 | -0.000009246 -0.000000478, -0.000019593 -0.000005407
MOVE:  071 |  0.000000000 -0.000004739 -0.000009355 -0.000064017 -0.000135913  0.001197440 |          0.8 |  0.000005433  0.000000187, -0.000000301  0.000003534
CONST: 071 | 23 -0.000289 -0.000104739 0.000222645 -0.00227402 0.00361309 0.00119744

ABS:   072 | -0.000289000 -0.000101257  0.000229566 -0.002226961  0.003714469  0.000297632 |         31.6 |  0.000016720  0.000056032, -0.000094164  0.000567903
DIFF:  072 | -0.000000000  0.000003482  0.000006920  0.000047056  0.000101382 -0.000899808 |         -0.6 | -0.000004193 -0.000000230,  0.000001471 -0.000002124
MOVE:  072 |  0.000000000 -0.000001257 -0.000002434 -0.000016961 -0.000034531  0.000297632 |          0.2 |  0.000001239 -0.000000043,  0.000001170  0.000001410
CONST: 072 | 23 -0.000289 -0.000101257 0.000229566 -0.00222696 0.00371447 0.000297632

ABS:   073 | -0.000289000 -0.000100377  0.000231316 -0.002215062  0.003740107  0.000070062 |         31.5 |  0.000015784  0.000056088, -0.000095406  0.000567365
DIFF:  073 | -0.000000000  0.000000880  0.000001750  0.000011899  0.000025637 -0.000227570 |         -0.1 | -0.000000936  0.000000055, -0.000001242 -0.000000538
MOVE:  073 |  0.000000000 -0.000000377 -0.000000684 -0.000005062 -0.000008893  0.000070062 |          0.1 |  0.000000304  0.000000012, -0.000000072  0.000000872
CONST: 073 | 23 -0.000289 -0.000100377 0.000231316 -0.00221506 0.00374011 7.00618e-05

ABS:   074 | -0.000289000 -0.000100126  0.000231815 -0.002211668  0.003747419  0.000005153 |         31.4 |  0.000015499  0.000056035, -0.000095393  0.000566770
DIFF:  074 | -0.000000000  0.000000251  0.000000499  0.000003394  0.000007312 -0.000064909 |         -0.1 | -0.000000285 -0.000000052,  0.000000013 -0.000000595
MOVE:  074 |  0.000000000 -0.000000126 -0.000000185 -0.000001668 -0.000001581  0.000005153 |          0.0 |  0.000000019 -0.000000040, -0.000000059  0.000000278
CONST: 074 | 23 -0.000289 -0.000100126 0.000231815 -0.00221167 0.00374742 5.15325e-06

ABS:   075 | -0.000289000 -0.000100089  0.000231887 -0.002211176  0.003748478 -0.000004245 |         31.4 |  0.000015516  0.000056079, -0.000095067  0.000566488
DIFF:  075 | -0.000000000  0.000000036  0.000000072  0.000000491  0.000001059 -0.000009399 |         -0.0 |  0.000000017  0.000000043,  0.000000325 -0.000000282
MOVE:  075 |  0.000000000 -0.000000089 -0.000000113 -0.000001176 -0.000000522 -0.000004245 |         -0.0 |  0.000000036  0.000000004,  0.000000266 -0.000000004
CONST: 075 | 23 -0.000289 -0.000100089 0.000231887 -0.00221118 0.00374848 -4.24534e-06

ABS:   076 | -0.000289000 -0.000100087  0.000231892 -0.002211143  0.003748550 -0.000004885 |         31.4 |  0.000015512  0.000056078, -0.000095076  0.000566488
DIFF:  076 | -0.000000000  0.000000002  0.000000005  0.000000033  0.000000072 -0.000000640 |         -0.0 | -0.000000004 -0.000000001, -0.000000009 -0.000000000
MOVE:  076 |  0.000000000 -0.000000087 -0.000000108 -0.000001143 -0.000000450 -0.000004885 |         -0.0 |  0.000000032  0.000000003,  0.000000257 -0.000000005
CONST: 076 | 23 -0.000289 -0.000100087 0.000231892 -0.00221114 0.00374855 -4.8851e-06

ABS:   077 | -0.000289000 -0.000100086  0.000231894 -0.002211132  0.003748574 -0.000005099 |         31.4 |  0.000015511  0.000056078, -0.000095079  0.000566488
DIFF:  077 | -0.000000000  0.000000001  0.000000002  0.000000011  0.000000024 -0.000000214 |         -0.0 | -0.000000001 -0.000000000, -0.000000003 -0.000000000
MOVE:  077 |  0.000000000 -0.000000086 -0.000000106 -0.000001132 -0.000000426 -0.000005099 |         -0.0 |  0.000000030  0.000000003,  0.000000254 -0.000000005
CONST: 077 | 23 -0.000289 -0.000100086 0.000231894 -0.00221113 0.00374857 -5.09906e-06

ABS:   078 | -0.000289000 -0.000100086  0.000231894 -0.002211128  0.003748582 -0.000005171 |         31.4 |  0.000015510  0.000056078, -0.000095080  0.000566488
DIFF:  078 | -0.000000000  0.000000000  0.000000001  0.000000004  0.000000008 -0.000000072 |         -0.0 | -0.000000000 -0.000000000, -0.000000001 -0.000000000
MOVE:  078 |  0.000000000 -0.000000086 -0.000000106 -0.000001128 -0.000000418 -0.000005171 |         -0.0 |  0.000000030  0.000000003,  0.000000253 -0.000000005
CONST: 078 | 23 -0.000289 -0.000100086 0.000231894 -0.00221113 0.00374858 -5.17062e-06

ABS:   079 | -0.000289000 -0.000100086  0.000231895 -0.002211127  0.003748585 -0.000005195 |         31.4 |  0.000015510  0.000056078, -0.000095081  0.000566488
DIFF:  079 | -0.000000000  0.000000000  0.000000000  0.000000001  0.000000003 -0.000000024 |         -0.0 | -0.000000000 -0.000000000, -0.000000000 -0.000000000
MOVE:  079 |  0.000000000 -0.000000086 -0.000000105 -0.000001127 -0.000000415 -0.000005195 |         -0.0 |  0.000000030  0.000000003,  0.000000253 -0.000000005
CONST: 079 | 23 -0.000289 -0.000100086 0.000231895 -0.00221113 0.00374858 -5.19456e-06

ABS:   080 | -0.000289000 -0.000100086  0.000231895 -0.002211126  0.003748586 -0.000005203 |         31.4 |  0.000015510  0.000056078, -0.000095081  0.000566488
DIFF:  080 | -0.000000000  0.000000000  0.000000000  0.000000000  0.000000001 -0.000000008 |         -0.0 | -0.000000000 -0.000000000, -0.000000000 -0.000000000
MOVE:  080 |  0.000000000 -0.000000086 -0.000000105 -0.000001126 -0.000000414 -0.000005203 |         -0.0 |  0.000000030  0.000000003,  0.000000253 -0.000000005
CONST: 080 | 23 -0.000289 -0.000100086 0.000231895 -0.00221113 0.00374859 -5.20257e-06

ABS:   081 | -0.000289000 -0.000100086  0.000231895 -0.002211126  0.003748586 -0.000005207 |         31.4 |  0.000015510  0.000056078, -0.000095081  0.000566488
DIFF:  081 | -0.000000000  0.000000000  0.000000000  0.000000000  0.000000000 -0.000000004 |         -0.0 | -0.000000000 -0.000000000, -0.000000000 -0.000000000
MOVE:  081 |  0.000000000 -0.000000086 -0.000000105 -0.000001126 -0.000000414 -0.000005207 |         -0.0 |  0.000000030  0.000000003,  0.000000253 -0.000000005
CONST: 081 | 23 -0.000289 -0.000100086 0.000231895 -0.00221113 0.00374859 -5.20659e-06

ABS:   082 | -0.000288993 -0.000100086  0.000231895 -0.002211126  0.003748586 -0.000005207 |         31.4 |  0.000015517  0.000056078, -0.000095081  0.000566488
DIFF:  082 |  0.000000007  0.000000000  0.000000000  0.000000000  0.000000000  0.000000000 |          0.0 |  0.000000007  0.000000000, -0.000000000  0.000000000
MOVE:  082 |  0.000000007 -0.000000086 -0.000000105 -0.000001126 -0.000000414 -0.000005207 |         -0.0 |  0.000000037  0.000000003,  0.000000253 -0.000000005
CONST: 082 | 23 -0.000288993 -0.000100086 0.000231895 -0.00221113 0.00374859 -5.20659e-06

ABS:   083 | -0.000289007 -0.000100086  0.000231895 -0.002211126  0.003748586 -0.000005207 |         31.4 |  0.000015503  0.000056078, -0.000095081  0.000566488
DIFF:  083 | -0.000000014  0.000000000  0.000000000  0.000000000  0.000000000  0.000000000 |         -0.0 | -0.000000014 -0.000000000,  0.000000000 -0.000000000
MOVE:  083 | -0.000000007 -0.000000086 -0.000000105 -0.000001126 -0.000000414 -0.000005207 |         -0.0 |  0.000000023  0.000000003,  0.000000253 -0.000000005
CONST: 083 | 23 -0.000289007 -0.000100086 0.000231895 -0.00221113 0.00374859 -5.20659e-06

ABS:   084 | -0.000289000 -0.000099785  0.000231895 -0.002211126  0.003748586 -0.000005207 |         31.4 |  0.000015508  0.000056079, -0.000095326  0.000566491
DIFF:  084 |  0.000000007  0.000000300  0.000000000  0.000000000  0.000000000  0.000000000 |          0.0 |  0.000000005  0.000000001, -0.000000245  0.000000003
MOVE:  084 |  0.000000000  0.000000215 -0.000000105 -0.000001126 -0.000000414 -0.000005207 |          0.0 |  0.000000028  0.000000003,  0.000000007 -0.000000002
CONST: 084 | 23 -0.000289 -9.97851e-05 0.000231895 -0.00221113 0.00374859 -5.20659e-06

ABS:   085 | -0.000289000 -0.000100386  0.000231895 -0.002211126  0.003748586 -0.000005207 |         31.4 |  0.000015512  0.000056078, -0.000095290  0.000566760
DIFF:  085 |  0.000000000 -0.000000601  0.000000000  0.000000000  0.000000000  0.000000000 |          0.0 |  0.000000004 -0.000000001,  0.000000036  0.000000269
MOVE:  085 |  0.000000000 -0.000000386 -0.000000105 -0.000001126 -0.000000414 -0.000005207 |          0.0 |  0.000000032  0.000000002,  0.000000043  0.000000267
CONST: 085 | 23 -0.000289 -0.000100386 0.000231895 -0.00221113 0.00374859 -5.20659e-06

ABS:   086 | -0.000289000 -0.000100086  0.000232209 -0.002211126  0.003748586 -0.000005207 |         31.4 |  0.000015509  0.000056078, -0.000095394  0.000566488
DIFF:  086 |  0.000000000  0.000000300  0.000000314  0.000000000  0.000000000  0.000000000 |         -0.0 | -0.000000003  0.000000001, -0.000000104 -0.000000272
MOVE:  086 |  0.000000000 -0.000000086  0.000000209 -0.000001126 -0.000000414 -0.000005207 |          0.0 |  0.000000029  0.000000003, -0.000000061 -0.000000005
CONST: 086 | 23 -0.000289 -0.000100086 0.000232209 -0.00221113 0.00374859 -5.20659e-06

ABS:   087 | -0.000289000 -0.000100086  0.000231581 -0.002211126  0.003748586 -0.000005207 |         31.4 |  0.000015511  0.000056078, -0.000095222  0.000566763
DIFF:  087 |  0.000000000  0.000000000 -0.000000628  0.000000000  0.000000000  0.000000000 |          0.0 |  0.000000002  0.000000000,  0.000000172  0.000000275
MOVE:  087 |  0.000000000 -0.000000086 -0.000000419 -0.000001126 -0.000000414 -0.000005207 |          0.0 |  0.000000031  0.000000003,  0.000000111  0.000000270
CONST: 087 | 23 -0.000289 -0.000100086 0.000231581 -0.00221113 0.00374859 -5.20659e-06

ABS:   088 | -0.000289000 -0.000100086  0.000231895 -0.002207197  0.003748586 -0.000005207 |         31.4 |  0.000015510  0.000056077, -0.000095345  0.000566490
DIFF:  088 |  0.000000000  0.000000000  0.000000314  0.000003929  0.000000000  0.000000000 |         -0.0 | -0.000000001 -0.000000001, -0.000000123 -0.000000273
MOVE:  088 |  0.000000000 -0.000000086 -0.000000105  0.000002803 -0.000000414 -0.000005207 |          0.0 |  0.000000029  0.000000002, -0.000000012 -0.000000003
CONST: 088 | 23 -0.000289 -0.000100086 0.000231895 -0.0022072 0.00374859 -5.20659e-06

ABS:   089 | -0.000289000 -0.000100086  0.000231895 -0.002215055  0.003748586 -0.000005207 |         31.4 |  0.000015511  0.000056079, -0.000095271  0.000566761
DIFF:  089 |  0.000000000  0.000000000  0.000000000 -0.000007858  0.000000000  0.000000000 |          0.0 |  0.000000001  0.000000002,  0.000000074  0.000000271
MOVE:  089 |  0.000000000 -0.000000086 -0.000000105 -0.000005055 -0.000000414 -0.000005207 |          0.0 |  0.000000030  0.000000004,  0.000000062  0.000000268
CONST: 089 | 23 -0.000289 -0.000100086 0.000231895 -0.00221505 0.00374859 -5.20659e-06

ABS:   090 | -0.000289000 -0.000100086  0.000231895 -0.002211126  0.003749521 -0.000005207 |         31.4 |  0.000015491  0.000056097, -0.000095080  0.000566487
DIFF:  090 |  0.000000000  0.000000000  0.000000000  0.000003929  0.000000935  0.000000000 |         -0.0 | -0.000000019  0.000000018,  0.000000192 -0.000000274
MOVE:  090 |  0.000000000 -0.000000086 -0.000000105 -0.000001126  0.000000521 -0.000005207 |          0.0 |  0.000000011  0.000000022,  0.000000254 -0.000000005
CONST: 090 | 23 -0.000289 -0.000100086 0.000231895 -0.00221113 0.00374952 -5.20659e-06

ABS:   091 | -0.000289000 -0.000100086  0.000231895 -0.002211126  0.003747651 -0.000005207 |         31.4 |  0.000015491  0.000056034, -0.000095082  0.000566488
DIFF:  091 |  0.000000000  0.000000000  0.000000000  0.000000000 -0.000001871  0.000000000 |         -0.0 | -0.000000000 -0.000000063, -0.000000002  0.000000001
MOVE:  091 |  0.000000000 -0.000000086 -0.000000105 -0.000001126 -0.000001349 -0.000005207 |         -0.0 |  0.000000010 -0.000000042,  0.000000252 -0.000000004
CONST: 091 | 23 -0.000289 -0.000100086 0.000231895 -0.00221113 0.00374765 -5.20659e-06

ABS:   092 | -0.000289000 -0.000100086  0.000231895 -0.002211126  0.003748586  0.000036543 |         31.4 |  0.000015484  0.000056079, -0.000095099  0.000566517
DIFF:  092 |  0.000000000  0.000000000  0.000000000  0.000000000  0.000000935  0.000041749 |          0.0 | -0.000000007  0.000000045, -0.000000017  0.000000029
MOVE:  092 |  0.000000000 -0.000000086 -0.000000105 -0.000001126 -0.000000414  0.000036543 |         -0.0 |  0.000000003  0.000000004,  0.000000235  0.000000025
CONST: 092 | 23 -0.000289 -0.000100086 0.000231895 -0.00221113 0.00374859 3.65427e-05

ABS:   093 | -0.000289000 -0.000100086  0.000231895 -0.002211126  0.003748586 -0.000046956 |         31.4 |  0.000015537  0.000056077, -0.000095518  0.000566734
DIFF:  093 |  0.000000000  0.000000000  0.000000000  0.000000000  0.000000000 -0.000083499 |          0.0 |  0.000000053 -0.000000002, -0.000000419  0.000000216
MOVE:  093 |  0.000000000 -0.000000086 -0.000000105 -0.000001126 -0.000000414 -0.000046956 |          0.0 |  0.000000056  0.000000002, -0.000000185  0.000000241
CONST: 093 | 23 -0.000289 -0.000100086 0.000231895 -0.00221113 0.00374859 -4.69559e-05

ABS:   094 | -0.000288999 -0.000100086  0.000231895 -0.002211126  0.003748586 -0.000005207 |         31.4 |  0.000015512  0.000056078, -0.000095081  0.000566488
DIFF:  094 |  0.000000001  0.000000000  0.000000000  0.000000000  0.000000000  0.000041749 |         -0.0 | -0.000000025  0.000000001,  0.000000437 -0.000000246
MOVE:  094 |  0.000000001 -0.000000086 -0.000000105 -0.000001126 -0.000000414 -0.000005207 |         -0.0 |  0.000000031  0.000000003,  0.000000253 -0.000000005
CONST: 094 | 23 -0.000288999 -0.000100086 0.000231895 -0.00221113 0.00374859 -5.20659e-06

ABS:   095 | -0.000289001 -0.000100086  0.000231895 -0.002211126  0.003748586 -0.000005207 |         31.4 |  0.000015509  0.000056078, -0.000095081  0.000566488
DIFF:  095 | -0.000000003  0.000000000  0.000000000  0.000000000  0.000000000  0.000000000 |         -0.0 | -0.000000003 -0.000000000,  0.000000000 -0.000000000
MOVE:  095 | -0.000000001 -0.000000086 -0.000000105 -0.000001126 -0.000000414 -0.000005207 |         -0.0 |  0.000000028  0.000000003,  0.000000253 -0.000000005
CONST: 095 | 23 -0.000289001 -0.000100086 0.000231895 -0.00221113 0.00374859 -5.20659e-06

ABS:   096 | -0.000289000 -0.000100082  0.000231895 -0.002211126  0.003748586 -0.000005207 |         31.4 |  0.000015510  0.000056078, -0.000095084  0.000566488
DIFF:  096 |  0.000000001  0.000000004  0.000000000  0.000000000  0.000000000  0.000000000 |          0.0 |  0.000000001  0.000000000, -0.000000003  0.000000000
MOVE:  096 |  0.000000000 -0.000000082 -0.000000105 -0.000001126 -0.000000414 -0.000005207 |         -0.0 |  0.000000030  0.000000003,  0.000000249 -0.000000005
CONST: 096 | 23 -0.000289 -0.000100082 0.000231895 -0.00221113 0.00374859 -5.20659e-06

ABS:   097 | -0.000289000 -0.000100090  0.000231895 -0.002211126  0.003748586 -0.000005207 |         31.4 |  0.000015510  0.000056078, -0.000095077  0.000566488
DIFF:  097 |  0.000000000 -0.000000008  0.000000000  0.000000000  0.000000000  0.000000000 |         -0.0 |  0.000000000 -0.000000000,  0.000000007 -0.000000000
MOVE:  097 |  0.000000000 -0.000000090 -0.000000105 -0.000001126 -0.000000414 -0.000005207 |         -0.0 |  0.000000030  0.000000003,  0.000000256 -0.000000005
CONST: 097 | 23 -0.000289 -0.00010009 0.000231895 -0.00221113 0.00374859 -5.20659e-06

ABS:   098 | -0.000289000 -0.000100085  0.000231895 -0.002211126  0.003748586 -0.000005207 |         31.4 |  0.000015510  0.000056078, -0.000095081  0.000566488
DIFF:  098 |  0.000000000  0.000000005  0.000000000  0.000000000  0.000000000  0.000000000 |          0.0 | -0.000000000  0.000000000, -0.000000004  0.000000000
MOVE:  098 |  0.000000000 -0.000000085 -0.000000105 -0.000001126 -0.000000414 -0.000005207 |         -0.0 |  0.000000030  0.000000003,  0.000000252 -0.000000005
CONST: 098 | 23 -0.000289 -0.000100085 0.000231895 -0.00221113 0.00374859 -5.20659e-06

ABS:   099 | -0.000289000 -0.000100086  0.000231895 -0.002211126  0.003748586 -0.000005207 |         31.4 |  0.000015510  0.000056078, -0.000095080  0.000566488
DIFF:  099 |  0.000000000 -0.000000002  0.000000000  0.000000000  0.000000000  0.000000000 |         -0.0 |  0.000000000 -0.000000000,  0.000000001 -0.000000000
MOVE:  099 |  0.000000000 -0.000000086 -0.000000105 -0.000001126 -0.000000414 -0.000005207 |         -0.0 |  0.000000030  0.000000003,  0.000000253 -0.000000005
CONST: 099 | 23 -0.000289 -0.000100086 0.000231895 -0.00221113 0.00374859 -5.20659e-06

ABS:   100 | -0.000289000 -0.000100086  0.000231899 -0.002211126  0.003748586 -0.000005207 |         31.4 |  0.000015510  0.000056078, -0.000095085  0.000566488
DIFF:  100 |  0.000000000  0.000000001  0.000000004  0.000000000  0.000000000  0.000000000 |          0.0 | -0.000000000  0.000000000, -0.000000005  0.000000000
MOVE:  100 |  0.000000000 -0.000000086 -0.000000101 -0.000001126 -0.000000414 -0.000005207 |         -0.0 |  0.000000030  0.000000003,  0.000000248 -0.000000005
CONST: 100 | 23 -0.000289 -0.000100086 0.000231899 -0.00221113 0.00374859 -5.20659e-06

ABS:   101 | -0.000289000 -0.000100086  0.000231891 -0.002211126  0.003748586 -0.000005207 |         31.4 |  0.000015510  0.000056078, -0.000095076  0.000566488
DIFF:  101 |  0.000000000  0.000000000 -0.000000008  0.000000000  0.000000000  0.000000000 |         -0.0 |  0.000000000  0.000000000,  0.000000008  0.000000000
MOVE:  101 |  0.000000000 -0.000000086 -0.000000109 -0.000001126 -0.000000414 -0.000005207 |         -0.0 |  0.000000030  0.000000003,  0.000000257 -0.000000005
CONST: 101 | 23 -0.000289 -0.000100086 0.000231891 -0.00221113 0.00374859 -5.20659e-06

ABS:   102 | -0.000289000 -0.000100086  0.000231896 -0.002211126  0.003748586 -0.000005207 |         31.4 |  0.000015510  0.000056078, -0.000095082  0.000566488
DIFF:  102 |  0.000000000  0.000000000  0.000000005  0.000000000  0.000000000  0.000000000 |          0.0 | -0.000000000 -0.000000000, -0.000000005 -0.000000000
MOVE:  102 |  0.000000000 -0.000000086 -0.000000104 -0.000001126 -0.000000414 -0.000005207 |         -0.0 |  0.000000030  0.000000003,  0.000000252 -0.000000005
CONST: 102 | 23 -0.000289 -0.000100086 0.000231896 -0.00221113 0.00374859 -5.20659e-06

ABS:   103 | -0.000289000 -0.000100086  0.000231894 -0.002211126  0.003748586 -0.000005207 |         31.4 |  0.000015510  0.000056078, -0.000095080  0.000566488
DIFF:  103 |  0.000000000  0.000000000 -0.000000002  0.000000000  0.000000000  0.000000000 |         -0.0 |  0.000000000  0.000000000,  0.000000002  0.000000000
MOVE:  103 |  0.000000000 -0.000000086 -0.000000106 -0.000001126 -0.000000414 -0.000005207 |         -0.0 |  0.000000030  0.000000003,  0.000000253 -0.000000005
CONST: 103 | 23 -0.000289 -0.000100086 0.000231894 -0.00221113 0.00374859 -5.20659e-06

ABS:   104 | -0.000289000 -0.000100086  0.000231895 -0.002211074  0.003748586 -0.000005207 |         31.4 |  0.000015510  0.000056078, -0.000095084  0.000566488
DIFF:  104 |  0.000000000  0.000000000  0.000000001  0.000000053  0.000000000  0.000000000 |          0.0 | -0.000000000 -0.000000000, -0.000000004  0.000000000
MOVE:  104 |  0.000000000 -0.000000086 -0.000000105 -0.000001074 -0.000000414 -0.000005207 |         -0.0 |  0.000000030  0.000000003,  0.000000249 -0.000000005
CONST: 104 | 23 -0.000289 -0.000100086 0.000231895 -0.00221107 0.00374859 -5.20659e-06

ABS:   105 | -0.000289000 -0.000100086  0.000231895 -0.002211179  0.003748586 -0.000005207 |         31.4 |  0.000015510  0.000056078, -0.000095077  0.000566488
DIFF:  105 |  0.000000000  0.000000000  0.000000000 -0.000000105  0.000000000  0.000000000 |         -0.0 |  0.000000000  0.000000000,  0.000000007 -0.000000000
MOVE:  105 |  0.000000000 -0.000000086 -0.000000105 -0.000001179 -0.000000414 -0.000005207 |         -0.0 |  0.000000030  0.000000003,  0.000000256 -0.000000005
CONST: 105 | 23 -0.000289 -0.000100086 0.000231895 -0.00221118 0.00374859 -5.20659e-06

ABS:   106 | -0.000289000 -0.000100086  0.000231895 -0.002211116  0.003748586 -0.000005207 |         31.4 |  0.000015510  0.000056078, -0.000095081  0.000566488
DIFF:  106 |  0.000000000  0.000000000  0.000000000  0.000000063  0.000000000  0.000000000 |          0.0 | -0.000000000 -0.000000000, -0.000000004  0.000000000
MOVE:  106 |  0.000000000 -0.000000086 -0.000000105 -0.000001116 -0.000000414 -0.000005207 |         -0.0 |  0.000000030  0.000000003,  0.000000252 -0.000000005
CONST: 106 | 23 -0.000289 -0.000100086 0.000231895 -0.00221112 0.00374859 -5.20659e-06

ABS:   107 | -0.000289000 -0.000100086  0.000231895 -0.002211137  0.003748586 -0.000005207 |         31.4 |  0.000015510  0.000056078, -0.000095080  0.000566488
DIFF:  107 |  0.000000000  0.000000000  0.000000000 -0.000000021  0.000000000  0.000000000 |         -0.0 |  0.000000000  0.000000000,  0.000000001 -0.000000000
MOVE:  107 |  0.000000000 -0.000000086 -0.000000105 -0.000001137 -0.000000414 -0.000005207 |         -0.0 |  0.000000030  0.000000003,  0.000000253 -0.000000005
CONST: 107 | 23 -0.000289 -0.000100086 0.000231895 -0.00221114 0.00374859 -5.20659e-06

ABS:   108 | -0.000289000 -0.000100086  0.000231895 -0.002211126  0.003748614 -0.000005207 |         31.4 |  0.000015509  0.000056078, -0.000095081  0.000566488
DIFF:  108 |  0.000000000  0.000000000  0.000000000  0.000000011  0.000000028  0.000000000 |         -0.0 | -0.000000002 -0.000000000, -0.000000001 -0.000000000
MOVE:  108 |  0.000000000 -0.000000086 -0.000000105 -0.000001126 -0.000000386 -0.000005207 |         -0.0 |  0.000000028  0.000000003,  0.000000253 -0.000000005
CONST: 108 | 23 -0.000289 -0.000100086 0.000231895 -0.00221113 0.00374861 -5.20659e-06

