ABS:   itr |       deltaX       deltaY       deltaZ         phiX         phiY         phiZ |        chisq |    rphi mean     rphi rms,       z mean        z rms
ABS:   =========================================================================================================================================================
DIFF:  itr |       deltaX       deltaY       deltaZ         phiX         phiY         phiZ |        chisq |    rphi mean     rphi rms,       z mean        z rms
DIFF:  =========================================================================================================================================================
MOVE:  itr |       deltaX       deltaY       deltaZ         phiX         phiY         phiZ |        chisq |    rphi mean     rphi rms,       z mean        z rms
MOVE:  =========================================================================================================================================================
ABS:   001 |  0.000184000 -0.000150000 -0.000105000  0.000700000  0.000125000  0.000000000 |          8.8 |  0.000013460  0.000063738, -0.000004045  0.000587721
CONST: 001 | 15 0.000184 -0.00015 -0.000105 0.0007 0.000125 0

ABS:   001 |  0.000184000 -0.000150000 -0.000105000  0.000700000  0.000125000  0.000000000 |          8.8 |  0.000013460  0.000063738, -0.000004045  0.000587721
CONST: 001 | 15 0.000184 -0.00015 -0.000105 0.0007 0.000125 0

ABS:   002 |  0.000184100 -0.000150000 -0.000105000  0.000700000  0.000125000  0.000000000 |          8.8 |  0.000013560  0.000063738, -0.000004045  0.000587721
DIFF:  002 |  0.000000100  0.000000000  0.000000000 -0.000000000  0.000000000  0.000000000 |          0.0 |  0.000000100 -0.000000000, -0.000000000  0.000000000
MOVE:  002 |  0.000000100  0.000000000  0.000000000 -0.000000000  0.000000000  0.000000000 |          0.0 |  0.000000100 -0.000000000, -0.000000000  0.000000000
CONST: 002 | 15 0.0001841 -0.00015 -0.000105 0.0007 0.000125 0

ABS:   003 |  0.000183900 -0.000150000 -0.000105000  0.000700000  0.000125000  0.000000000 |          8.8 |  0.000013360  0.000063738, -0.000004045  0.000587721
DIFF:  003 | -0.000000200  0.000000000  0.000000000  0.000000000  0.000000000  0.000000000 |         -0.0 | -0.000000200  0.000000000,  0.000000000 -0.000000000
MOVE:  003 | -0.000000100  0.000000000  0.000000000 -0.000000000  0.000000000  0.000000000 |         -0.0 | -0.000000100  0.000000000,  0.000000000  0.000000000
CONST: 003 | 15 0.0001839 -0.00015 -0.000105 0.0007 0.000125 0

ABS:   004 |  0.000184182 -0.000150000 -0.000105000  0.000700000  0.000125000  0.000000000 |          8.8 |  0.000013642  0.000063738, -0.000004045  0.000587721
DIFF:  004 |  0.000000282  0.000000000  0.000000000  0.000000000  0.000000000  0.000000000 |          0.0 |  0.000000282 -0.000000000, -0.000000000  0.000000000
MOVE:  004 |  0.000000182  0.000000000  0.000000000 -0.000000000  0.000000000  0.000000000 |          0.0 |  0.000000182 -0.000000000, -0.000000000  0.000000000
CONST: 004 | 15 0.000184182 -0.00015 -0.000105 0.0007 0.000125 0

ABS:   005 |  0.000183818 -0.000150000 -0.000105000  0.000700000  0.000125000  0.000000000 |          8.8 |  0.000013278  0.000063738, -0.000004045  0.000587721
DIFF:  005 | -0.000000364  0.000000000  0.000000000  0.000000000  0.000000000  0.000000000 |         -0.0 | -0.000000364  0.000000000,  0.000000000 -0.000000000
MOVE:  005 | -0.000000182  0.000000000  0.000000000 -0.000000000  0.000000000  0.000000000 |         -0.0 | -0.000000182  0.000000000,  0.000000000  0.000000000
CONST: 005 | 15 0.000183818 -0.00015 -0.000105 0.0007 0.000125 0

ABS:   006 |  0.000184000 -0.000149900 -0.000105000  0.000700000  0.000125000  0.000000000 |          8.8 |  0.000013498  0.000063739, -0.000004045  0.000587713
DIFF:  006 |  0.000000182  0.000000100  0.000000000  0.000000000  0.000000000  0.000000000 |          0.0 |  0.000000220  0.000000000,  0.000000000 -0.000000008
MOVE:  006 |  0.000000000  0.000000100  0.000000000 -0.000000000  0.000000000  0.000000000 |         -0.0 |  0.000000038  0.000000000,  0.000000000 -0.000000008
CONST: 006 | 15 0.000184 -0.0001499 -0.000105 0.0007 0.000125 0

ABS:   007 |  0.000184000 -0.000150100 -0.000105000  0.000700000  0.000125000  0.000000000 |          8.8 |  0.000013422  0.000063738, -0.000004045  0.000587730
DIFF:  007 |  0.000000000 -0.000000200  0.000000000  0.000000000  0.000000000  0.000000000 |          0.0 | -0.000000075 -0.000000001, -0.000000001  0.000000017
MOVE:  007 |  0.000000000 -0.000000100  0.000000000 -0.000000000  0.000000000  0.000000000 |          0.0 | -0.000000038 -0.000000000, -0.000000000  0.000000009
CONST: 007 | 15 0.000184 -0.0001501 -0.000105 0.0007 0.000125 0

ABS:   008 |  0.000184000 -0.000149742 -0.000105000  0.000700000  0.000125000  0.000000000 |          8.8 |  0.000013557  0.000063739, -0.000004044  0.000587699
DIFF:  008 |  0.000000000  0.000000358  0.000000000  0.000000000  0.000000000  0.000000000 |         -0.0 |  0.000000135  0.000000001,  0.000000002 -0.000000030
MOVE:  008 |  0.000000000  0.000000258  0.000000000 -0.000000000  0.000000000  0.000000000 |         -0.0 |  0.000000097  0.000000001,  0.000000001 -0.000000022
CONST: 008 | 15 0.000184 -0.000149742 -0.000105 0.0007 0.000125 0

ABS:   009 |  0.000184000 -0.000150258 -0.000105000  0.000700000  0.000125000  0.000000000 |          8.8 |  0.000013363  0.000063738, -0.000004046  0.000587743
DIFF:  009 |  0.000000000 -0.000000517  0.000000000  0.000000000  0.000000000  0.000000000 |          0.0 | -0.000000194 -0.000000002, -0.000000002  0.000000044
MOVE:  009 |  0.000000000 -0.000000258  0.000000000 -0.000000000  0.000000000  0.000000000 |          0.0 | -0.000000097 -0.000000001, -0.000000001  0.000000022
CONST: 009 | 15 0.000184 -0.000150258 -0.000105 0.0007 0.000125 0

ABS:   010 |  0.000184000 -0.000150000 -0.000099998  0.000700000  0.000125000  0.000000000 |          8.7 |  0.000013461  0.000063738, -0.000004280  0.000584541
DIFF:  010 |  0.000000000  0.000000258  0.000005002  0.000000000  0.000000000  0.000000000 |         -0.1 |  0.000000098  0.000000001, -0.000000234 -0.000003202
MOVE:  010 |  0.000000000  0.000000000  0.000005002 -0.000000000  0.000000000  0.000000000 |         -0.1 |  0.000000001  0.000000000, -0.000000235 -0.000003180
CONST: 010 | 15 0.000184 -0.00015 -9.99979e-05 0.0007 0.000125 0

ABS:   011 |  0.000184000 -0.000150000 -0.000110002  0.000700000  0.000125000  0.000000000 |          8.8 |  0.000013459  0.000063738, -0.000000637  0.000586653
DIFF:  011 |  0.000000000  0.000000000 -0.000010004  0.000000000  0.000000000  0.000000000 |          0.1 | -0.000000001 -0.000000000,  0.000003643  0.000002112
MOVE:  011 |  0.000000000  0.000000000 -0.000005002 -0.000000000  0.000000000  0.000000000 |         -0.0 | -0.000000001 -0.000000000,  0.000003408 -0.000001068
CONST: 011 | 15 0.000184 -0.00015 -0.000110002 0.0007 0.000125 0

ABS:   012 |  0.000184000 -0.000150000 -0.000104500  0.000700000  0.000125000  0.000000000 |          8.8 |  0.000013460  0.000063738, -0.000004545  0.000587721
DIFF:  012 |  0.000000000  0.000000000  0.000005502  0.000000000  0.000000000  0.000000000 |          0.0 |  0.000000001  0.000000000, -0.000003908  0.000001068
MOVE:  012 |  0.000000000  0.000000000  0.000000500 -0.000000000  0.000000000  0.000000000 |          0.0 |  0.000000000  0.000000000, -0.000000500 -0.000000000
CONST: 012 | 15 0.000184 -0.00015 -0.0001045 0.0007 0.000125 0

ABS:   013 |  0.000184000 -0.000150000 -0.000105500  0.000700000  0.000125000  0.000000000 |          8.8 |  0.000013460  0.000063738, -0.000003545  0.000587721
DIFF:  013 |  0.000000000  0.000000000 -0.000001000  0.000000000  0.000000000  0.000000000 |         -0.0 | -0.000000000 -0.000000000,  0.000001000  0.000000000
MOVE:  013 |  0.000000000  0.000000000 -0.000000500 -0.000000000  0.000000000  0.000000000 |         -0.0 | -0.000000000 -0.000000000,  0.000000500  0.000000000
CONST: 013 | 15 0.000184 -0.00015 -0.0001055 0.0007 0.000125 0

ABS:   014 |  0.000184000 -0.000150000 -0.000104692  0.000700000  0.000125000  0.000000000 |          8.8 |  0.000013460  0.000063738, -0.000004353  0.000587721
DIFF:  014 |  0.000000000  0.000000000  0.000000808  0.000000000  0.000000000  0.000000000 |          0.0 |  0.000000000  0.000000000, -0.000000808 -0.000000000
MOVE:  014 |  0.000000000  0.000000000  0.000000308 -0.000000000  0.000000000  0.000000000 |          0.0 |  0.000000000  0.000000000, -0.000000308 -0.000000000
CONST: 014 | 15 0.000184 -0.00015 -0.000104692 0.0007 0.000125 0

ABS:   015 |  0.000184000 -0.000150000 -0.000105308  0.000700000  0.000125000  0.000000000 |          8.8 |  0.000013460  0.000063738, -0.000003737  0.000587721
DIFF:  015 |  0.000000000  0.000000000 -0.000000616  0.000000000  0.000000000  0.000000000 |         -0.0 | -0.000000000 -0.000000000,  0.000000616  0.000000000
MOVE:  015 |  0.000000000  0.000000000 -0.000000308 -0.000000000  0.000000000  0.000000000 |         -0.0 | -0.000000000 -0.000000000,  0.000000308  0.000000000
CONST: 015 | 15 0.000184 -0.00015 -0.000105308 0.0007 0.000125 0

ABS:   016 |  0.000184000 -0.000150000 -0.000105000  0.000704000  0.000125000  0.000000000 |          8.8 |  0.000013513  0.000063744, -0.000004194  0.000587726
DIFF:  016 |  0.000000000  0.000000000  0.000000308  0.000004000  0.000000000  0.000000000 |          0.0 |  0.000000053  0.000000005, -0.000000457  0.000000005
MOVE:  016 |  0.000000000  0.000000000  0.000000000  0.000004000  0.000000000  0.000000000 |          0.0 |  0.000000053  0.000000005, -0.000000149  0.000000005
CONST: 016 | 15 0.000184 -0.00015 -0.000105 0.000704 0.000125 0

ABS:   017 |  0.000184000 -0.000150000 -0.000105000  0.000696000  0.000125000  0.000000000 |          8.8 |  0.000013407  0.000063733, -0.000003896  0.000587716
DIFF:  017 |  0.000000000  0.000000000  0.000000000 -0.000008000  0.000000000  0.000000000 |         -0.0 | -0.000000106 -0.000000010,  0.000000297 -0.000000010
MOVE:  017 |  0.000000000  0.000000000  0.000000000 -0.000004000  0.000000000  0.000000000 |         -0.0 | -0.000000053 -0.000000005,  0.000000149 -0.000000005
CONST: 017 | 15 0.000184 -0.00015 -0.000105 0.000696 0.000125 0

ABS:   018 |  0.000184000 -0.000150000 -0.000105000  0.000706101  0.000125000  0.000000000 |          8.8 |  0.000013541  0.000063746, -0.000004272  0.000587729
DIFF:  018 |  0.000000000  0.000000000  0.000000000  0.000010101  0.000000000  0.000000000 |          0.0 |  0.000000133  0.000000013, -0.000000375  0.000000012
MOVE:  018 |  0.000000000  0.000000000  0.000000000  0.000006101  0.000000000  0.000000000 |          0.0 |  0.000000081  0.000000008, -0.000000227  0.000000008
CONST: 018 | 15 0.000184 -0.00015 -0.000105 0.000706101 0.000125 0

ABS:   019 |  0.000184000 -0.000150000 -0.000105000  0.000693899  0.000125000  0.000000000 |          8.8 |  0.000013379  0.000063731, -0.000003818  0.000587714
DIFF:  019 |  0.000000000  0.000000000  0.000000000 -0.000012201  0.000000000  0.000000000 |         -0.0 | -0.000000161 -0.000000016,  0.000000453 -0.000000015
MOVE:  019 |  0.000000000  0.000000000  0.000000000 -0.000006101  0.000000000  0.000000000 |         -0.0 | -0.000000081 -0.000000008,  0.000000227 -0.000000007
CONST: 019 | 15 0.000184 -0.00015 -0.000105 0.000693899 0.000125 0

ABS:   020 |  0.000184000 -0.000150000 -0.000105000  0.000700000  0.000135001  0.000000000 |          8.8 |  0.000013116  0.000063704, -0.000004106  0.000587724
DIFF:  020 |  0.000000000  0.000000000  0.000000000  0.000006101  0.000010001  0.000000000 |         -0.0 | -0.000000264 -0.000000027, -0.000000288  0.000000010
MOVE:  020 |  0.000000000  0.000000000  0.000000000 -0.000000000  0.000010001  0.000000000 |         -0.0 | -0.000000344 -0.000000035, -0.000000061  0.000000002
CONST: 020 | 15 0.000184 -0.00015 -0.000105 0.0007 0.000135001 0

ABS:   021 |  0.000184000 -0.000150000 -0.000105000  0.000700000  0.000114999  0.000000000 |          8.8 |  0.000013804  0.000063774, -0.000003984  0.000587719
DIFF:  021 |  0.000000000  0.000000000  0.000000000  0.000000000 -0.000020001  0.000000000 |          0.0 |  0.000000689  0.000000071,  0.000000122 -0.000000004
MOVE:  021 |  0.000000000  0.000000000  0.000000000 -0.000000000 -0.000010001  0.000000000 |          0.0 |  0.000000344  0.000000036,  0.000000061 -0.000000002
CONST: 021 | 15 0.000184 -0.00015 -0.000105 0.0007 0.000114999 0

ABS:   022 |  0.000184000 -0.000150000 -0.000105000  0.000700000  0.000129343  0.000000000 |          8.8 |  0.000013311  0.000063723, -0.000004072  0.000587722
DIFF:  022 |  0.000000000  0.000000000  0.000000000  0.000000000  0.000014343  0.000000000 |         -0.0 | -0.000000494 -0.000000051, -0.000000088  0.000000003
MOVE:  022 |  0.000000000  0.000000000  0.000000000 -0.000000000  0.000004343  0.000000000 |         -0.0 | -0.000000150 -0.000000015, -0.000000027  0.000000001
CONST: 022 | 15 0.000184 -0.00015 -0.000105 0.0007 0.000129343 0

ABS:   023 |  0.000184000 -0.000150000 -0.000105000  0.000700000  0.000120657  0.000000000 |          8.8 |  0.000013610  0.000063754, -0.000004018  0.000587720
DIFF:  023 |  0.000000000  0.000000000  0.000000000  0.000000000 -0.000008686  0.000000000 |          0.0 |  0.000000299  0.000000031,  0.000000053 -0.000000002
MOVE:  023 |  0.000000000  0.000000000  0.000000000 -0.000000000 -0.000004343  0.000000000 |          0.0 |  0.000000150  0.000000015,  0.000000027 -0.000000001
CONST: 023 | 15 0.000184 -0.00015 -0.000105 0.0007 0.000120657 0

ABS:   024 |  0.000184000 -0.000150000 -0.000105000  0.000700000  0.000125000  0.000002000 |          8.8 |  0.000013452  0.000063738, -0.000004048  0.000587723
DIFF:  024 |  0.000000000  0.000000000  0.000000000  0.000000000  0.000004343  0.000002000 |         -0.0 | -0.000000157 -0.000000016, -0.000000030  0.000000002
MOVE:  024 |  0.000000000  0.000000000  0.000000000 -0.000000000  0.000000000  0.000002000 |          0.0 | -0.000000008 -0.000000000, -0.000000003  0.000000001
CONST: 024 | 15 0.000184 -0.00015 -0.000105 0.0007 0.000125 2.00001e-06

ABS:   025 |  0.000184000 -0.000150000 -0.000105000  0.000700000  0.000125000 -0.000002000 |          8.8 |  0.000013468  0.000063739, -0.000004042  0.000587720
DIFF:  025 |  0.000000000  0.000000000  0.000000000  0.000000000  0.000000000 -0.000004000 |         -0.0 |  0.000000016  0.000000000,  0.000000006 -0.000000003
MOVE:  025 |  0.000000000  0.000000000  0.000000000 -0.000000000  0.000000000 -0.000002000 |         -0.0 |  0.000000008  0.000000000,  0.000000003 -0.000000001
CONST: 025 | 15 0.000184 -0.00015 -0.000105 0.0007 0.000125 -2.00001e-06

ABS:   026 |  0.000184000 -0.000150000 -0.000105000  0.000700000  0.000125000  0.000020000 |          8.8 |  0.000013382  0.000063737, -0.000004077  0.000587735
DIFF:  026 |  0.000000000  0.000000000  0.000000000  0.000000000  0.000000000  0.000022000 |          0.0 | -0.000000086 -0.000000001, -0.000000035  0.000000015
MOVE:  026 |  0.000000000  0.000000000  0.000000000 -0.000000000  0.000000000  0.000020000 |          0.0 | -0.000000078 -0.000000001, -0.000000032  0.000000013
CONST: 026 | 15 0.000184 -0.00015 -0.000105 0.0007 0.000125 2.00001e-05

ABS:   027 |  0.000184000 -0.000150000 -0.000105000  0.000700000  0.000125000 -0.000020000 |          8.8 |  0.000013538  0.000063740, -0.000004013  0.000587708
DIFF:  027 |  0.000000000  0.000000000  0.000000000  0.000000000  0.000000000 -0.000040000 |         -0.0 |  0.000000156  0.000000002,  0.000000063 -0.000000027
MOVE:  027 |  0.000000000  0.000000000  0.000000000 -0.000000000  0.000000000 -0.000020000 |         -0.0 |  0.000000078  0.000000001,  0.000000032 -0.000000013
CONST: 027 | 15 0.000184 -0.00015 -0.000105 0.0007 0.000125 -2.00001e-05

ABS:   028 |  0.000170540 -0.000125522 -0.000109016  0.000066070  0.000485312 -0.002015244 |          8.6 |  0.000006720  0.000064347,  0.000002397  0.000581398
DIFF:  028 | -0.000013460  0.000024478 -0.000004016 -0.000633930  0.000360312 -0.001995244 |         -0.2 | -0.000006818  0.000000607,  0.000006410 -0.000006310
MOVE:  028 | -0.000013460  0.000024478 -0.000004016 -0.000633930  0.000360312 -0.002015244 |         -0.2 | -0.000006740  0.000000608,  0.000006442 -0.000006323
CONST: 028 | 15 0.00017054 -0.000125522 -0.000109016 6.60702e-05 0.000485312 -0.00201524

ABS:   029 |  0.000116750 -0.000027904 -0.000125079 -0.002467611  0.001926186 -0.010010831 |          8.3 | -0.000012157  0.000063349,  0.000031249  0.000573350
DIFF:  029 | -0.000053790  0.000097618 -0.000016063 -0.002533682  0.001440874 -0.007995587 |         -0.3 | -0.000018877 -0.000000997,  0.000028852 -0.000008049
MOVE:  029 | -0.000067250  0.000122096 -0.000020079 -0.003167611  0.001801186 -0.010010831 |         -0.5 | -0.000025617 -0.000000389,  0.000035294 -0.000014372
CONST: 029 | 15 0.00011675 -2.79041e-05 -0.000125079 -0.00246761 0.00192619 -0.0100108

ABS:   030 |  0.000122114 -0.000037613 -0.000123475 -0.002214912  0.001782379 -0.009220857 |          8.4 | -0.000011482  0.000065112,  0.000027273  0.000576120
DIFF:  030 |  0.000005364 -0.000009709  0.000001604  0.000252699 -0.000143807  0.000789974 |          0.1 |  0.000000675  0.000001763, -0.000003976  0.000002770
MOVE:  030 | -0.000061886  0.000112387 -0.000018475 -0.002914912  0.001657379 -0.009220857 |         -0.4 | -0.000024942  0.000001374,  0.000031318 -0.000011601
CONST: 030 | 15 0.000122114 -3.76128e-05 -0.000123475 -0.00221491 0.00178238 -0.00922086
