ABS:   itr |       deltaX       deltaY       deltaZ         phiX         phiY         phiZ |        chisq |    rphi mean     rphi rms,       z mean        z rms
ABS:   =========================================================================================================================================================
DIFF:  itr |       deltaX       deltaY       deltaZ         phiX         phiY         phiZ |        chisq |    rphi mean     rphi rms,       z mean        z rms
DIFF:  =========================================================================================================================================================
MOVE:  itr |       deltaX       deltaY       deltaZ         phiX         phiY         phiZ |        chisq |    rphi mean     rphi rms,       z mean        z rms
MOVE:  =========================================================================================================================================================
ABS:   001 | -0.000059000  0.000030000  0.000018000  0.000000000  0.000285000  0.000000000 |         13.5 |  0.000012168  0.000049406, -0.000070861  0.000547644
CONST: 001 | 59 -5.9e-05 3e-05 1.8e-05 0 0.000285 0

ABS:   001 | -0.000059000  0.000030000  0.000018000  0.000000000  0.000285000  0.000000000 |         13.5 |  0.000012168  0.000049406, -0.000070861  0.000547644
CONST: 001 | 59 -5.9e-05 3e-05 1.8e-05 0 0.000285 0

ABS:   002 | -0.000058900  0.000030000  0.000018000  0.000000000  0.000285000  0.000000000 |         13.5 |  0.000012268  0.000049406, -0.000070861  0.000547644
DIFF:  002 |  0.000000100 -0.000000000  0.000000000  0.000000000  0.000000000  0.000000000 |          0.0 |  0.000000100  0.000000000, -0.000000000 -0.000000000
MOVE:  002 |  0.000000100 -0.000000000  0.000000000  0.000000000  0.000000000  0.000000000 |          0.0 |  0.000000100  0.000000000, -0.000000000 -0.000000000
CONST: 002 | 59 -5.89e-05 3e-05 1.8e-05 0 0.000285 0

ABS:   003 | -0.000059100  0.000030000  0.000018000  0.000000000  0.000285000  0.000000000 |         13.5 |  0.000012068  0.000049406, -0.000070861  0.000547644
DIFF:  003 | -0.000000200  0.000000000  0.000000000  0.000000000  0.000000000  0.000000000 |         -0.0 | -0.000000200  0.000000000,  0.000000000 -0.000000000
MOVE:  003 | -0.000000100 -0.000000000  0.000000000  0.000000000  0.000000000  0.000000000 |         -0.0 | -0.000000100  0.000000000,  0.000000000 -0.000000000
CONST: 003 | 59 -5.91e-05 3e-05 1.8e-05 0 0.000285 0

ABS:   004 | -0.000058944  0.000030000  0.000018000  0.000000000  0.000285000  0.000000000 |         13.5 |  0.000012223  0.000049406, -0.000070861  0.000547644
DIFF:  004 |  0.000000156  0.000000000  0.000000000  0.000000000  0.000000000  0.000000000 |          0.0 |  0.000000156 -0.000000000, -0.000000000  0.000000000
MOVE:  004 |  0.000000056 -0.000000000  0.000000000  0.000000000  0.000000000  0.000000000 |          0.0 |  0.000000056 -0.000000000, -0.000000000 -0.000000000
CONST: 004 | 59 -5.89443e-05 3e-05 1.8e-05 0 0.000285 0

ABS:   005 | -0.000059056  0.000030000  0.000018000  0.000000000  0.000285000  0.000000000 |         13.5 |  0.000012112  0.000049406, -0.000070861  0.000547644
DIFF:  005 | -0.000000111  0.000000000  0.000000000  0.000000000  0.000000000  0.000000000 |         -0.0 | -0.000000111  0.000000000,  0.000000000  0.000000000
MOVE:  005 | -0.000000056 -0.000000000  0.000000000  0.000000000  0.000000000  0.000000000 |         -0.0 | -0.000000056  0.000000000,  0.000000000 -0.000000000
CONST: 005 | 59 -5.90557e-05 3e-05 1.8e-05 0 0.000285 0

ABS:   006 | -0.000059000  0.000030100  0.000018000  0.000000000  0.000285000  0.000000000 |         13.5 |  0.000012167  0.000049406, -0.000070940  0.000547644
DIFF:  006 |  0.000000056  0.000000100  0.000000000  0.000000000  0.000000000  0.000000000 |          0.0 |  0.000000055 -0.000000000, -0.000000079 -0.000000000
MOVE:  006 | -0.000000000  0.000000100  0.000000000  0.000000000  0.000000000  0.000000000 |          0.0 | -0.000000001 -0.000000000, -0.000000079 -0.000000000
CONST: 006 | 59 -5.9e-05 3.01e-05 1.8e-05 0 0.000285 0

ABS:   007 | -0.000059000  0.000029900  0.000018000  0.000000000  0.000285000  0.000000000 |         13.5 |  0.000012169  0.000049407, -0.000070782  0.000547644
DIFF:  007 |  0.000000000 -0.000000200  0.000000000  0.000000000  0.000000000  0.000000000 |         -0.0 |  0.000000002  0.000000001,  0.000000158  0.000000000
MOVE:  007 | -0.000000000 -0.000000100  0.000000000  0.000000000  0.000000000  0.000000000 |         -0.0 |  0.000000001  0.000000000,  0.000000079  0.000000000
CONST: 007 | 59 -5.9e-05 2.99e-05 1.8e-05 0 0.000285 0

ABS:   008 | -0.000059000  0.000030318  0.000018000  0.000000000  0.000285000  0.000000000 |         13.5 |  0.000012165  0.000049405, -0.000071112  0.000547643
DIFF:  008 |  0.000000000  0.000000418  0.000000000  0.000000000  0.000000000  0.000000000 |          0.0 | -0.000000004 -0.000000001, -0.000000329 -0.000000001
MOVE:  008 | -0.000000000  0.000000318  0.000000000  0.000000000  0.000000000  0.000000000 |          0.0 | -0.000000003 -0.000000001, -0.000000251 -0.000000000
CONST: 008 | 59 -5.9e-05 3.03182e-05 1.8e-05 0 0.000285 0

ABS:   009 | -0.000059000  0.000029682  0.000018000  0.000000000  0.000285000  0.000000000 |         13.5 |  0.000012171  0.000049408, -0.000070610  0.000547644
DIFF:  009 |  0.000000000 -0.000000636  0.000000000  0.000000000  0.000000000  0.000000000 |         -0.0 |  0.000000006  0.000000002,  0.000000501  0.000000001
MOVE:  009 | -0.000000000 -0.000000318  0.000000000  0.000000000  0.000000000  0.000000000 |         -0.0 |  0.000000003  0.000000001,  0.000000251  0.000000000
CONST: 009 | 59 -5.9e-05 2.96818e-05 1.8e-05 0 0.000285 0

ABS:   010 | -0.000059000  0.000030000  0.000023002  0.000000000  0.000285000  0.000000000 |         13.5 |  0.000012166  0.000049406, -0.000070160  0.000549227
DIFF:  010 |  0.000000000  0.000000318  0.000005002  0.000000000  0.000000000  0.000000000 |          0.1 | -0.000000005 -0.000000001,  0.000000451  0.000001583
MOVE:  010 | -0.000000000 -0.000000000  0.000005002  0.000000000  0.000000000  0.000000000 |          0.1 | -0.000000001 -0.000000000,  0.000000701  0.000001583
CONST: 010 | 59 -5.9e-05 3e-05 2.30021e-05 0 0.000285 0

ABS:   011 | -0.000059000  0.000030000  0.000012998  0.000000000  0.000285000  0.000000000 |         13.5 |  0.000012169  0.000049406, -0.000067969  0.000549066
DIFF:  011 |  0.000000000  0.000000000 -0.000010004  0.000000000  0.000000000  0.000000000 |         -0.0 |  0.000000003 -0.000000000,  0.000002191 -0.000000161
MOVE:  011 | -0.000000000 -0.000000000 -0.000005002  0.000000000  0.000000000  0.000000000 |          0.1 |  0.000000001 -0.000000000,  0.000002892  0.000001422
CONST: 011 | 59 -5.9e-05 3e-05 1.29979e-05 0 0.000285 0

ABS:   012 | -0.000059000  0.000030000  0.000018500  0.000000000  0.000285000  0.000000000 |         13.5 |  0.000012168  0.000049406, -0.000071361  0.000547644
DIFF:  012 |  0.000000000  0.000000000  0.000005502  0.000000000  0.000000000  0.000000000 |         -0.1 | -0.000000002  0.000000000, -0.000003392 -0.000001422
MOVE:  012 | -0.000000000 -0.000000000  0.000000500  0.000000000  0.000000000  0.000000000 |          0.0 | -0.000000000 -0.000000000, -0.000000500 -0.000000000
CONST: 012 | 59 -5.9e-05 3e-05 1.85002e-05 0 0.000285 0

ABS:   013 | -0.000059000  0.000030000  0.000017500  0.000000000  0.000285000  0.000000000 |         13.5 |  0.000012168  0.000049406, -0.000070361  0.000547644
DIFF:  013 |  0.000000000  0.000000000 -0.000001000  0.000000000  0.000000000  0.000000000 |         -0.0 |  0.000000000  0.000000000,  0.000001000  0.000000000
MOVE:  013 | -0.000000000 -0.000000000 -0.000000500  0.000000000  0.000000000  0.000000000 |         -0.0 |  0.000000000  0.000000000,  0.000000500 -0.000000000
CONST: 013 | 59 -5.9e-05 3e-05 1.74998e-05 0 0.000285 0

ABS:   014 | -0.000059000  0.000030000  0.000018315  0.000000000  0.000285000  0.000000000 |         13.5 |  0.000012168  0.000049406, -0.000071176  0.000547644
DIFF:  014 |  0.000000000  0.000000000  0.000000815  0.000000000  0.000000000  0.000000000 |          0.0 | -0.000000000 -0.000000000, -0.000000815  0.000000000
MOVE:  014 | -0.000000000 -0.000000000  0.000000315  0.000000000  0.000000000  0.000000000 |          0.0 | -0.000000000 -0.000000000, -0.000000315 -0.000000000
CONST: 014 | 59 -5.9e-05 3e-05 1.83151e-05 0 0.000285 0

ABS:   015 | -0.000059000  0.000030000  0.000017685  0.000000000  0.000285000  0.000000000 |         13.5 |  0.000012168  0.000049406, -0.000070546  0.000547644
DIFF:  015 |  0.000000000  0.000000000 -0.000000630  0.000000000  0.000000000  0.000000000 |         -0.0 |  0.000000000  0.000000000,  0.000000630  0.000000000
MOVE:  015 | -0.000000000 -0.000000000 -0.000000315  0.000000000  0.000000000  0.000000000 |         -0.0 |  0.000000000  0.000000000,  0.000000315 -0.000000000
CONST: 015 | 59 -5.9e-05 3e-05 1.76849e-05 0 0.000285 0

ABS:   016 | -0.000059000  0.000030000  0.000018000  0.000004000  0.000285000  0.000000000 |         13.5 |  0.000012165  0.000049405, -0.000071185  0.000547642
DIFF:  016 |  0.000000000  0.000000000  0.000000315  0.000004000  0.000000000  0.000000000 |          0.0 | -0.000000003 -0.000000001, -0.000000639 -0.000000002
MOVE:  016 | -0.000000000 -0.000000000  0.000000000  0.000004000  0.000000000  0.000000000 |          0.0 | -0.000000003 -0.000000001, -0.000000324 -0.000000002
CONST: 016 | 59 -5.9e-05 3e-05 1.8e-05 4.00004e-06 0.000285 0

ABS:   017 | -0.000059000  0.000030000  0.000018000 -0.000004000  0.000285000  0.000000000 |         13.5 |  0.000012171  0.000049407, -0.000070538  0.000547646
DIFF:  017 |  0.000000000  0.000000000  0.000000000 -0.000008000  0.000000000  0.000000000 |         -0.0 |  0.000000006  0.000000002,  0.000000647  0.000000005
MOVE:  017 | -0.000000000 -0.000000000  0.000000000 -0.000004000  0.000000000  0.000000000 |         -0.0 |  0.000000003  0.000000001,  0.000000324  0.000000002
CONST: 017 | 59 -5.9e-05 3e-05 1.8e-05 -4.00004e-06 0.000285 0

ABS:   018 | -0.000059000  0.000030000  0.000018000  0.000002993  0.000285000  0.000000000 |         13.5 |  0.000012166  0.000049406, -0.000071103  0.000547642
DIFF:  018 |  0.000000000  0.000000000  0.000000000  0.000006993  0.000000000  0.000000000 |          0.0 | -0.000000005 -0.000000002, -0.000000566 -0.000000004
MOVE:  018 | -0.000000000 -0.000000000  0.000000000  0.000002993  0.000000000  0.000000000 |          0.0 | -0.000000002 -0.000000001, -0.000000242 -0.000000002
CONST: 018 | 59 -5.9e-05 3e-05 1.8e-05 2.99316e-06 0.000285 0

ABS:   019 | -0.000059000  0.000030000  0.000018000 -0.000002993  0.000285000  0.000000000 |         13.5 |  0.000012170  0.000049407, -0.000070619  0.000547646
DIFF:  019 |  0.000000000  0.000000000  0.000000000 -0.000005986  0.000000000  0.000000000 |         -0.0 |  0.000000004  0.000000002,  0.000000484  0.000000004
MOVE:  019 | -0.000000000 -0.000000000  0.000000000 -0.000002993  0.000000000  0.000000000 |         -0.0 |  0.000000002  0.000000001,  0.000000242  0.000000002
CONST: 019 | 59 -5.9e-05 3e-05 1.8e-05 -2.99316e-06 0.000285 0

ABS:   020 | -0.000059000  0.000030000  0.000018000  0.000000000  0.000295001  0.000000000 |         13.4 |  0.000011272  0.000049366, -0.000070869  0.000547637
DIFF:  020 |  0.000000000  0.000000000  0.000000000  0.000002993  0.000010001  0.000000000 |         -0.0 | -0.000000897 -0.000000041, -0.000000250 -0.000000009
MOVE:  020 | -0.000000000 -0.000000000  0.000000000  0.000000000  0.000010001  0.000000000 |         -0.0 | -0.000000895 -0.000000040, -0.000000008 -0.000000007
CONST: 020 | 59 -5.9e-05 3e-05 1.8e-05 0 0.000295001 0

ABS:   021 | -0.000059000  0.000030000  0.000018000  0.000000000  0.000274999  0.000000000 |         13.5 |  0.000012679  0.000049545, -0.000070853  0.000547651
DIFF:  021 |  0.000000000  0.000000000  0.000000000  0.000000000 -0.000020001  0.000000000 |          0.1 |  0.000001407  0.000000179,  0.000000016  0.000000014
MOVE:  021 | -0.000000000 -0.000000000  0.000000000  0.000000000 -0.000010001  0.000000000 |          0.0 |  0.000000512  0.000000139,  0.000000008  0.000000007
CONST: 021 | 59 -5.9e-05 3e-05 1.8e-05 0 0.000274999 0

ABS:   022 | -0.000059000  0.000030000  0.000018000  0.000000000  0.000286000  0.000000000 |         13.5 |  0.000012078  0.000049402, -0.000070862  0.000547643
DIFF:  022 |  0.000000000  0.000000000  0.000000000  0.000000000  0.000011001  0.000000000 |         -0.0 | -0.000000601 -0.000000143, -0.000000009 -0.000000008
MOVE:  022 | -0.000000000 -0.000000000  0.000000000  0.000000000  0.000001000  0.000000000 |         -0.0 | -0.000000090 -0.000000004, -0.000000001 -0.000000001
CONST: 022 | 59 -5.9e-05 3e-05 1.8e-05 0 0.000286 0

ABS:   023 | -0.000059000  0.000030000  0.000018000  0.000000000  0.000284000  0.000000000 |         13.5 |  0.000012257  0.000049411, -0.000070860  0.000547645
DIFF:  023 |  0.000000000  0.000000000  0.000000000  0.000000000 -0.000002000  0.000000000 |          0.0 |  0.000000179  0.000000008,  0.000000002  0.000000001
MOVE:  023 | -0.000000000 -0.000000000  0.000000000  0.000000000 -0.000001000  0.000000000 |          0.0 |  0.000000090  0.000000004,  0.000000001  0.000000001
CONST: 023 | 59 -5.9e-05 3e-05 1.8e-05 0 0.000284 0

ABS:   024 | -0.000059000  0.000030000  0.000018000  0.000000000  0.000285000  0.000002000 |         13.5 |  0.000012166  0.000049406, -0.000070859  0.000547645
DIFF:  024 |  0.000000000  0.000000000  0.000000000  0.000000000  0.000001000  0.000002000 |         -0.0 | -0.000000091 -0.000000004,  0.000000001  0.000000001
MOVE:  024 | -0.000000000 -0.000000000  0.000000000  0.000000000  0.000000000  0.000002000 |         -0.0 | -0.000000001 -0.000000000,  0.000000002  0.000000001
CONST: 024 | 59 -5.9e-05 3e-05 1.8e-05 0 0.000285 2.00001e-06

ABS:   025 | -0.000059000  0.000030000  0.000018000  0.000000000  0.000285000 -0.000002000 |         13.5 |  0.000012169  0.000049407, -0.000070863  0.000547642
DIFF:  025 |  0.000000000  0.000000000  0.000000000  0.000000000  0.000000000 -0.000004000 |          0.0 |  0.000000003  0.000000000, -0.000000004 -0.000000003
MOVE:  025 | -0.000000000 -0.000000000  0.000000000  0.000000000  0.000000000 -0.000002000 |          0.0 |  0.000000001  0.000000000, -0.000000002 -0.000000001
CONST: 025 | 59 -5.9e-05 3e-05 1.8e-05 0 0.000285 -2.00001e-06

ABS:   026 | -0.000059000  0.000030000  0.000018000  0.000000000  0.000285000  0.000020000 |         13.5 |  0.000012154  0.000049405, -0.000070840  0.000547659
DIFF:  026 |  0.000000000  0.000000000  0.000000000  0.000000000  0.000000000  0.000022000 |         -0.0 | -0.000000015 -0.000000002,  0.000000023  0.000000016
MOVE:  026 | -0.000000000 -0.000000000  0.000000000  0.000000000  0.000000000  0.000020000 |         -0.0 | -0.000000013 -0.000000002,  0.000000021  0.000000015
CONST: 026 | 59 -5.9e-05 3e-05 1.8e-05 0 0.000285 2.00001e-05

ABS:   027 | -0.000059000  0.000030000  0.000018000  0.000000000  0.000285000 -0.000020000 |         13.5 |  0.000012181  0.000049408, -0.000070882  0.000547629
DIFF:  027 |  0.000000000  0.000000000  0.000000000  0.000000000  0.000000000 -0.000040000 |          0.0 |  0.000000027  0.000000004, -0.000000041 -0.000000029
MOVE:  027 | -0.000000000 -0.000000000  0.000000000  0.000000000  0.000000000 -0.000020000 |          0.0 |  0.000000013  0.000000002, -0.000000021 -0.000000015
CONST: 027 | 59 -5.9e-05 3e-05 1.8e-05 0 0.000285 -2.00001e-05

ABS:   028 | -0.000071168 -0.000016514 -0.000052749 -0.000422970  0.000426574  0.000938052 |         14.1 | -0.000008325  0.000048488, -0.000009294  0.000566738
DIFF:  028 | -0.000012168 -0.000046514 -0.000070749 -0.000422970  0.000141574  0.000958053 |          0.7 | -0.000020506 -0.000000920,  0.000061588  0.000019108
MOVE:  028 | -0.000012168 -0.000046514 -0.000070749 -0.000422970  0.000141574  0.000938052 |          0.7 | -0.000020493 -0.000000918,  0.000061567  0.000019094
CONST: 028 | 59 -7.1168e-05 -1.65143e-05 -5.27494e-05 -0.00042297 0.000426574 0.000938052

ABS:   029 | -0.000063081  0.000014396 -0.000005727 -0.000141849  0.000332478  0.000314602 |         13.5 |  0.000005156  0.000049393, -0.000046004  0.000553077
DIFF:  029 |  0.000008087  0.000030910  0.000047023  0.000281121 -0.000094096 -0.000623451 |         -0.6 |  0.000013481  0.000000905, -0.000036710 -0.000013661
MOVE:  029 | -0.000004081 -0.000015604 -0.000023727 -0.000141849  0.000047478  0.000314602 |          0.1 | -0.000007012 -0.000000014,  0.000024858  0.000005433
CONST: 029 | 59 -6.30808e-05 1.4396e-05 -5.72668e-06 -0.000141849 0.000332478 0.000314602

ABS:   030 | -0.000060756  0.000023286  0.000007791 -0.000061031  0.000305428  0.000135360 |         13.6 |  0.000009051  0.000049333, -0.000058856  0.000551784
DIFF:  030 |  0.000002325  0.000008890  0.000013518  0.000080818 -0.000027051 -0.000179242 |          0.0 |  0.000003895 -0.000000060, -0.000012852 -0.000001293
MOVE:  030 | -0.000001756 -0.000006714 -0.000010209 -0.000061031  0.000020428  0.000135360 |          0.1 | -0.000003117 -0.000000073,  0.000012005  0.000004140
CONST: 030 | 59 -6.07558e-05 2.32861e-05 7.79147e-06 -6.10312e-05 0.000305428 0.00013536

ABS:   031 | -0.000059605  0.000027688  0.000014484 -0.000021021  0.000292036  0.000046621 |         13.5 |  0.000011139  0.000049279, -0.000066942  0.000549817
DIFF:  031 |  0.000001151  0.000004401  0.000006692  0.000040011 -0.000013392 -0.000088739 |         -0.0 |  0.000002089 -0.000000054, -0.000008087 -0.000001967
MOVE:  031 | -0.000000605 -0.000002312 -0.000003516 -0.000021021  0.000007036  0.000046621 |          0.1 | -0.000001028 -0.000000127,  0.000003919  0.000002174
CONST: 031 | 59 -5.96047e-05 2.76876e-05 1.44839e-05 -2.10205e-05 0.000292036 4.6621e-05

ABS:   032 | -0.000059168  0.000029358  0.000017023 -0.000005838  0.000286954  0.000012949 |         13.5 |  0.000011827  0.000049401, -0.000069948  0.000548364
DIFF:  032 |  0.000000437  0.000001670  0.000002539  0.000015182 -0.000005082 -0.000033672 |         -0.0 |  0.000000688  0.000000122, -0.000003005 -0.000001453
MOVE:  032 | -0.000000168 -0.000000642 -0.000000977 -0.000005838  0.000001954  0.000012949 |          0.0 | -0.000000341 -0.000000005,  0.000000913  0.000000720
CONST: 032 | 59 -5.9168e-05 2.93577e-05 1.70234e-05 -5.83839e-06 0.000286954 1.29488e-05

ABS:   033 | -0.000059037  0.000029859  0.000017785 -0.000001285  0.000285430  0.000002850 |         13.5 |  0.000012093  0.000049405, -0.000070428  0.000547647
DIFF:  033 |  0.000000131  0.000000501  0.000000762  0.000004553 -0.000001524 -0.000010099 |         -0.0 |  0.000000266  0.000000004, -0.000000480 -0.000000718
MOVE:  033 | -0.000000037 -0.000000141 -0.000000215 -0.000001285  0.000000430  0.000002850 |         -0.0 | -0.000000075 -0.000000001,  0.000000433  0.000000003
CONST: 033 | 59 -5.9037e-05 2.98586e-05 1.77851e-05 -1.28498e-06 0.00028543 2.84993e-06

ABS:   034 | -0.000059047  0.000029819  0.000017725 -0.000001643  0.000285550  0.000003643 |         13.5 |  0.000012072  0.000049405, -0.000071362  0.000548356
DIFF:  034 | -0.000000010 -0.000000039 -0.000000060 -0.000000358  0.000000120  0.000000794 |          0.0 | -0.000000021 -0.000000000, -0.000000933  0.000000710
MOVE:  034 | -0.000000047 -0.000000181 -0.000000275 -0.000001643  0.000000550  0.000003643 |          0.0 | -0.000000096 -0.000000002, -0.000000500  0.000000712
CONST: 034 | 59 -5.90473e-05 2.98193e-05 1.77252e-05 -1.64278e-06 0.00028555 3.64348e-06

ABS:   035 | -0.000058981  0.000029859  0.000017785 -0.000001285  0.000285430  0.000002850 |         13.5 |  0.000012148  0.000049405, -0.000070428  0.000547647
DIFF:  035 |  0.000000066  0.000000039  0.000000060  0.000000358 -0.000000120 -0.000000794 |         -0.0 |  0.000000077  0.000000000,  0.000000933 -0.000000710
MOVE:  035 |  0.000000019 -0.000000141 -0.000000215 -0.000001285  0.000000430  0.000002850 |         -0.0 | -0.000000019 -0.000000001,  0.000000433  0.000000003
CONST: 035 | 59 -5.89813e-05 2.98586e-05 1.77851e-05 -1.28498e-06 0.00028543 2.84993e-06

ABS:   036 | -0.000059093  0.000029859  0.000017785 -0.000001285  0.000285430  0.000002850 |         13.5 |  0.000012037  0.000049405, -0.000070428  0.000547647
DIFF:  036 | -0.000000111  0.000000000  0.000000000  0.000000000  0.000000000  0.000000000 |         -0.0 | -0.000000111 -0.000000000,  0.000000000 -0.000000000
MOVE:  036 | -0.000000093 -0.000000141 -0.000000215 -0.000001285  0.000000430  0.000002850 |         -0.0 | -0.000000131 -0.000000001,  0.000000433  0.000000003
CONST: 036 | 59 -5.90927e-05 2.98586e-05 1.77851e-05 -1.28498e-06 0.00028543 2.84993e-06

ABS:   037 | -0.000059037  0.000030177  0.000017785 -0.000001285  0.000285430  0.000002850 |         13.5 |  0.000012090  0.000049404, -0.000070679  0.000547646
DIFF:  037 |  0.000000056  0.000000318  0.000000000  0.000000000  0.000000000  0.000000000 |          0.0 |  0.000000053 -0.000000001, -0.000000251 -0.000000000
MOVE:  037 | -0.000000037  0.000000177 -0.000000215 -0.000001285  0.000000430  0.000002850 |         -0.0 | -0.000000078 -0.000000002,  0.000000182  0.000000002
CONST: 037 | 59 -5.9037e-05 3.01768e-05 1.77851e-05 -1.28498e-06 0.00028543 2.84993e-06

ABS:   038 | -0.000059037  0.000029540  0.000017785 -0.000001285  0.000285430  0.000002850 |         13.5 |  0.000012096  0.000049406, -0.000071231  0.000548356
DIFF:  038 |  0.000000000 -0.000000636  0.000000000  0.000000000  0.000000000  0.000000000 |          0.0 |  0.000000006  0.000000002, -0.000000553  0.000000710
MOVE:  038 | -0.000000037 -0.000000460 -0.000000215 -0.000001285  0.000000430  0.000002850 |          0.0 | -0.000000072 -0.000000000, -0.000000370  0.000000712
CONST: 038 | 59 -5.9037e-05 2.95405e-05 1.77851e-05 -1.28498e-06 0.00028543 2.84993e-06

ABS:   039 | -0.000059037  0.000029890  0.000017785 -0.000001285  0.000285430  0.000002850 |         13.5 |  0.000012092  0.000049405, -0.000070453  0.000547647
DIFF:  039 |  0.000000000  0.000000350  0.000000000  0.000000000  0.000000000  0.000000000 |         -0.0 | -0.000000003 -0.000000001,  0.000000778 -0.000000709
MOVE:  039 | -0.000000037 -0.000000110 -0.000000215 -0.000001285  0.000000430  0.000002850 |         -0.0 | -0.000000075 -0.000000001,  0.000000408  0.000000003
CONST: 039 | 59 -5.9037e-05 2.98905e-05 1.77851e-05 -1.28498e-06 0.00028543 2.84993e-06

ABS:   040 | -0.000059037  0.000029827  0.000017785 -0.000001285  0.000285430  0.000002850 |         13.5 |  0.000012093  0.000049405, -0.000070403  0.000547647
DIFF:  040 |  0.000000000 -0.000000064  0.000000000  0.000000000  0.000000000  0.000000000 |         -0.0 |  0.000000001  0.000000000,  0.000000050  0.000000000
MOVE:  040 | -0.000000037 -0.000000173 -0.000000215 -0.000001285  0.000000430  0.000002850 |         -0.0 | -0.000000075 -0.000000001,  0.000000458  0.000000003
CONST: 040 | 59 -5.9037e-05 2.98268e-05 1.77851e-05 -1.28498e-06 0.00028543 2.84993e-06

ABS:   041 | -0.000059037  0.000030177  0.000017785 -0.000001285  0.000285430  0.000002850 |         13.5 |  0.000012090  0.000049404, -0.000070679  0.000547646
DIFF:  041 |  0.000000000  0.000000350  0.000000000  0.000000000  0.000000000  0.000000000 |          0.0 | -0.000000003 -0.000000001, -0.000000276 -0.000000001
MOVE:  041 | -0.000000037  0.000000177 -0.000000215 -0.000001285  0.000000430  0.000002850 |         -0.0 | -0.000000078 -0.000000002,  0.000000182  0.000000002
CONST: 041 | 59 -5.9037e-05 3.01768e-05 1.77851e-05 -1.28498e-06 0.00028543 2.84993e-06

ABS:   042 | -0.000059037  0.000029540  0.000017785 -0.000001285  0.000285430  0.000002850 |         13.5 |  0.000012096  0.000049406, -0.000071231  0.000548356
DIFF:  042 |  0.000000000 -0.000000636  0.000000000  0.000000000  0.000000000  0.000000000 |          0.0 |  0.000000006  0.000000002, -0.000000553  0.000000710
MOVE:  042 | -0.000000037 -0.000000460 -0.000000215 -0.000001285  0.000000430  0.000002850 |          0.0 | -0.000000072 -0.000000000, -0.000000370  0.000000712
CONST: 042 | 59 -5.9037e-05 2.95405e-05 1.77851e-05 -1.28498e-06 0.00028543 2.84993e-06

ABS:   043 | -0.000059037  0.000029859  0.000018100 -0.000001285  0.000285430  0.000002850 |         13.5 |  0.000012093  0.000049405, -0.000070743  0.000547647
DIFF:  043 |  0.000000000  0.000000318  0.000000315  0.000000000  0.000000000  0.000000000 |         -0.0 | -0.000000003 -0.000000001,  0.000000488 -0.000000709
MOVE:  043 | -0.000000037 -0.000000141  0.000000100 -0.000001285  0.000000430  0.000002850 |         -0.0 | -0.000000075 -0.000000001,  0.000000118  0.000000003
CONST: 043 | 59 -5.9037e-05 2.98586e-05 1.81001e-05 -1.28498e-06 0.00028543 2.84993e-06

ABS:   044 | -0.000059037  0.000029859  0.000017470 -0.000001285  0.000285430  0.000002850 |         13.5 |  0.000012093  0.000049405, -0.000071167  0.000548356
DIFF:  044 |  0.000000000  0.000000000 -0.000000630  0.000000000  0.000000000  0.000000000 |          0.0 |  0.000000000 -0.000000000, -0.000000424  0.000000709
MOVE:  044 | -0.000000037 -0.000000141 -0.000000530 -0.000001285  0.000000430  0.000002850 |          0.0 | -0.000000075 -0.000000001, -0.000000306  0.000000712
CONST: 044 | 59 -5.9037e-05 2.98586e-05 1.747e-05 -1.28498e-06 0.00028543 2.84993e-06

ABS:   045 | -0.000059037  0.000029859  0.000017817 -0.000001285  0.000285430  0.000002850 |         13.5 |  0.000012093  0.000049405, -0.000070460  0.000547647
DIFF:  045 |  0.000000000  0.000000000  0.000000347  0.000000000  0.000000000  0.000000000 |         -0.0 | -0.000000000  0.000000000,  0.000000707 -0.000000709
MOVE:  045 | -0.000000037 -0.000000141 -0.000000183 -0.000001285  0.000000430  0.000002850 |         -0.0 | -0.000000075 -0.000000001,  0.000000401  0.000000003
CONST: 045 | 59 -5.9037e-05 2.98586e-05 1.78166e-05 -1.28498e-06 0.00028543 2.84993e-06

ABS:   046 | -0.000059037  0.000029859  0.000017754 -0.000001285  0.000285430  0.000002850 |         13.5 |  0.000012093  0.000049405, -0.000070397  0.000547647
DIFF:  046 |  0.000000000  0.000000000 -0.000000063  0.000000000  0.000000000  0.000000000 |         -0.0 |  0.000000000 -0.000000000,  0.000000063 -0.000000000
MOVE:  046 | -0.000000037 -0.000000141 -0.000000246 -0.000001285  0.000000430  0.000002850 |         -0.0 | -0.000000075 -0.000000001,  0.000000464  0.000000003
CONST: 046 | 59 -5.9037e-05 2.98586e-05 1.77536e-05 -1.28498e-06 0.00028543 2.84993e-06

ABS:   047 | -0.000059037  0.000029859  0.000018100 -0.000001285  0.000285430  0.000002850 |         13.5 |  0.000012093  0.000049405, -0.000070743  0.000547647
DIFF:  047 |  0.000000000  0.000000000  0.000000347  0.000000000  0.000000000  0.000000000 |          0.0 | -0.000000000  0.000000000, -0.000000347  0.000000000
MOVE:  047 | -0.000000037 -0.000000141  0.000000100 -0.000001285  0.000000430  0.000002850 |         -0.0 | -0.000000075 -0.000000001,  0.000000118  0.000000003
CONST: 047 | 59 -5.9037e-05 2.98586e-05 1.81001e-05 -1.28498e-06 0.00028543 2.84993e-06

ABS:   048 | -0.000059037  0.000029859  0.000017470 -0.000001285  0.000285430  0.000002850 |         13.5 |  0.000012093  0.000049405, -0.000071167  0.000548356
DIFF:  048 |  0.000000000  0.000000000 -0.000000630  0.000000000  0.000000000  0.000000000 |          0.0 |  0.000000000 -0.000000000, -0.000000424  0.000000709
MOVE:  048 | -0.000000037 -0.000000141 -0.000000530 -0.000001285  0.000000430  0.000002850 |          0.0 | -0.000000075 -0.000000001, -0.000000306  0.000000712
CONST: 048 | 59 -5.9037e-05 2.98586e-05 1.747e-05 -1.28498e-06 0.00028543 2.84993e-06

ABS:   049 | -0.000059037  0.000029859  0.000017785  0.000001708  0.000285430  0.000002850 |         13.5 |  0.000012091  0.000049404, -0.000070670  0.000547645
DIFF:  049 |  0.000000000  0.000000000  0.000000315  0.000002993  0.000000000  0.000000000 |         -0.0 | -0.000000002 -0.000000001,  0.000000497 -0.000000711
MOVE:  049 | -0.000000037 -0.000000141 -0.000000215  0.000001708  0.000000430  0.000002850 |         -0.0 | -0.000000077 -0.000000002,  0.000000191  0.000000001
CONST: 049 | 59 -5.9037e-05 2.98586e-05 1.77851e-05 1.70775e-06 0.00028543 2.84993e-06

ABS:   050 | -0.000059037  0.000029859  0.000017785 -0.000004278  0.000285430  0.000002850 |         13.5 |  0.000012095  0.000049406, -0.000071240  0.000548357
DIFF:  050 |  0.000000000  0.000000000  0.000000000 -0.000005985  0.000000000  0.000000000 |          0.0 |  0.000000004  0.000000002, -0.000000570  0.000000712
MOVE:  050 | -0.000000037 -0.000000141 -0.000000215 -0.000004278  0.000000430  0.000002850 |          0.0 | -0.000000073 -0.000000000, -0.000000379  0.000000713
CONST: 050 | 59 -5.9037e-05 2.98586e-05 1.77851e-05 -4.27771e-06 0.00028543 2.84993e-06

ABS:   051 | -0.000059037  0.000029859  0.000017785 -0.000000986  0.000285430  0.000002850 |         13.5 |  0.000012093  0.000049405, -0.000070452  0.000547646
DIFF:  051 |  0.000000000  0.000000000  0.000000000  0.000003292  0.000000000  0.000000000 |         -0.0 | -0.000000002 -0.000000001,  0.000000787 -0.000000711
MOVE:  051 | -0.000000037 -0.000000141 -0.000000215 -0.000000986  0.000000430  0.000002850 |         -0.0 | -0.000000075 -0.000000001,  0.000000409  0.000000003
CONST: 051 | 59 -5.9037e-05 2.98586e-05 1.77851e-05 -9.85708e-07 0.00028543 2.84993e-06

ABS:   052 | -0.000059037  0.000029859  0.000017785 -0.000001584  0.000285430  0.000002850 |         13.5 |  0.000012093  0.000049405, -0.000070404  0.000547647
DIFF:  052 |  0.000000000  0.000000000  0.000000000 -0.000000599  0.000000000  0.000000000 |         -0.0 |  0.000000000  0.000000000,  0.000000048  0.000000000
MOVE:  052 | -0.000000037 -0.000000141 -0.000000215 -0.000001584  0.000000430  0.000002850 |         -0.0 | -0.000000075 -0.000000001,  0.000000457  0.000000003
CONST: 052 | 59 -5.9037e-05 2.98586e-05 1.77851e-05 -1.58425e-06 0.00028543 2.84993e-06

ABS:   053 | -0.000059037  0.000029859  0.000017785  0.000001708  0.000285430  0.000002850 |         13.5 |  0.000012091  0.000049404, -0.000070670  0.000547645
DIFF:  053 |  0.000000000  0.000000000  0.000000000  0.000003292  0.000000000  0.000000000 |          0.0 | -0.000000002 -0.000000001, -0.000000266 -0.000000002
MOVE:  053 | -0.000000037 -0.000000141 -0.000000215  0.000001708  0.000000430  0.000002850 |         -0.0 | -0.000000077 -0.000000002,  0.000000191  0.000000001
CONST: 053 | 59 -5.9037e-05 2.98586e-05 1.77851e-05 1.70775e-06 0.00028543 2.84993e-06

ABS:   054 | -0.000059037  0.000029859  0.000017785 -0.000004278  0.000285430  0.000002850 |         13.5 |  0.000012095  0.000049406, -0.000071240  0.000548357
DIFF:  054 |  0.000000000  0.000000000  0.000000000 -0.000005985  0.000000000  0.000000000 |          0.0 |  0.000000004  0.000000002, -0.000000570  0.000000712
MOVE:  054 | -0.000000037 -0.000000141 -0.000000215 -0.000004278  0.000000430  0.000002850 |          0.0 | -0.000000073 -0.000000000, -0.000000379  0.000000713
CONST: 054 | 59 -5.9037e-05 2.98586e-05 1.77851e-05 -4.27771e-06 0.00028543 2.84993e-06

ABS:   055 | -0.000059037  0.000029859  0.000017785 -0.000001285  0.000286010  0.000002850 |         13.5 |  0.000012041  0.000049403, -0.000070429  0.000547646
DIFF:  055 |  0.000000000  0.000000000  0.000000000  0.000002993  0.000000580  0.000000000 |         -0.0 | -0.000000054 -0.000000003,  0.000000811 -0.000000711
MOVE:  055 | -0.000000037 -0.000000141 -0.000000215 -0.000001285  0.000001010  0.000002850 |         -0.0 | -0.000000127 -0.000000004,  0.000000432  0.000000002
CONST: 055 | 59 -5.9037e-05 2.98586e-05 1.77851e-05 -1.28498e-06 0.00028601 2.84993e-06

ABS:   056 | -0.000059037  0.000029859  0.000017785 -0.000001285  0.000284850  0.000002850 |         13.5 |  0.000012145  0.000049408, -0.000070428  0.000547647
DIFF:  056 |  0.000000000  0.000000000  0.000000000  0.000000000 -0.000001160  0.000000000 |          0.0 |  0.000000104  0.000000005,  0.000000001  0.000000001
MOVE:  056 | -0.000000037 -0.000000141 -0.000000215 -0.000001285 -0.000000150  0.000002850 |         -0.0 | -0.000000023  0.000000001,  0.000000433  0.000000003
CONST: 056 | 59 -5.9037e-05 2.98586e-05 1.77851e-05 -1.28498e-06 0.00028485 2.84993e-06

ABS:   057 | -0.000059037  0.000029859  0.000017785 -0.000001285  0.000285430  0.000039466 |         13.5 |  0.000012068  0.000049402, -0.000071444  0.000548382
DIFF:  057 |  0.000000000  0.000000000  0.000000000  0.000000000  0.000000580  0.000036616 |          0.0 | -0.000000076 -0.000000006, -0.000001016  0.000000735
MOVE:  057 | -0.000000037 -0.000000141 -0.000000215 -0.000001285  0.000000430  0.000039466 |          0.0 | -0.000000099 -0.000000004, -0.000000583  0.000000738
CONST: 057 | 59 -5.9037e-05 2.98586e-05 1.77851e-05 -1.28498e-06 0.00028543 3.94659e-05

ABS:   058 | -0.000059037  0.000029859  0.000017785 -0.000001285  0.000285430 -0.000033766 |         13.5 |  0.000012117  0.000049408, -0.000070466  0.000547620
DIFF:  058 |  0.000000000  0.000000000  0.000000000  0.000000000  0.000000000 -0.000073232 |         -0.0 |  0.000000049  0.000000007,  0.000000978 -0.000000762
MOVE:  058 | -0.000000037 -0.000000141 -0.000000215 -0.000001285  0.000000430 -0.000033766 |         -0.0 | -0.000000051  0.000000002,  0.000000395 -0.000000024
CONST: 058 | 59 -5.9037e-05 2.98586e-05 1.77851e-05 -1.28498e-06 0.00028543 -3.3766e-05

ABS:   059 | -0.000059037  0.000029859  0.000017785 -0.000001285  0.000285430  0.000006512 |         13.5 |  0.000012090  0.000049405, -0.000070424  0.000547649
DIFF:  059 |  0.000000000  0.000000000  0.000000000  0.000000000  0.000000000  0.000040278 |         -0.0 | -0.000000027 -0.000000004,  0.000000042  0.000000030
MOVE:  059 | -0.000000037 -0.000000141 -0.000000215 -0.000001285  0.000000430  0.000006512 |         -0.0 | -0.000000077 -0.000000002,  0.000000437  0.000000005
CONST: 059 | 59 -5.9037e-05 2.98586e-05 1.77851e-05 -1.28498e-06 0.00028543 6.51153e-06

ABS:   060 | -0.000059037  0.000029859  0.000017785 -0.000001285  0.000285430 -0.000000812 |         13.5 |  0.000012095  0.000049406, -0.000070432  0.000547644
DIFF:  060 |  0.000000000  0.000000000  0.000000000  0.000000000  0.000000000 -0.000007323 |          0.0 |  0.000000005  0.000000001, -0.000000008 -0.000000005
MOVE:  060 | -0.000000037 -0.000000141 -0.000000215 -0.000001285  0.000000430 -0.000000812 |         -0.0 | -0.000000073 -0.000000001,  0.000000429  0.000000000
CONST: 060 | 59 -5.9037e-05 2.98586e-05 1.77851e-05 -1.28498e-06 0.00028543 -8.11666e-07

ABS:   061 | -0.000059037  0.000029859  0.000017785 -0.000001285  0.000285430  0.000039466 |         13.5 |  0.000012068  0.000049402, -0.000071444  0.000548382
DIFF:  061 |  0.000000000  0.000000000  0.000000000  0.000000000  0.000000000  0.000040278 |          0.0 | -0.000000027 -0.000000004, -0.000001012  0.000000738
MOVE:  061 | -0.000000037 -0.000000141 -0.000000215 -0.000001285  0.000000430  0.000039466 |          0.0 | -0.000000099 -0.000000004, -0.000000583  0.000000738
CONST: 061 | 59 -5.9037e-05 2.98586e-05 1.77851e-05 -1.28498e-06 0.00028543 3.94659e-05

ABS:   062 | -0.000059037  0.000029859  0.000017785 -0.000001285  0.000285430 -0.000033766 |         13.5 |  0.000012117  0.000049408, -0.000070466  0.000547620
DIFF:  062 |  0.000000000  0.000000000  0.000000000  0.000000000  0.000000000 -0.000073232 |         -0.0 |  0.000000049  0.000000007,  0.000000978 -0.000000762
MOVE:  062 | -0.000000037 -0.000000141 -0.000000215 -0.000001285  0.000000430 -0.000033766 |         -0.0 | -0.000000051  0.000000002,  0.000000395 -0.000000024
CONST: 062 | 59 -5.9037e-05 2.98586e-05 1.77851e-05 -1.28498e-06 0.00028543 -3.3766e-05

ABS:   063 | -0.000071169  0.000026245 -0.000010391 -0.000020673  0.000426591 -0.003981430 |         13.4 | -0.000006193  0.000048528, -0.000056796  0.000551617
DIFF:  063 | -0.000012132 -0.000003614 -0.000028176 -0.000019388  0.000141161 -0.003947664 |         -0.0 | -0.000018310 -0.000000880,  0.000013670  0.000003997
MOVE:  063 | -0.000012169 -0.000003755 -0.000028391 -0.000020673  0.000141591 -0.003981430 |         -0.0 | -0.000018360 -0.000000878,  0.000014065  0.000003973
CONST: 063 | 59 -7.11692e-05 2.62449e-05 -1.03909e-05 -2.06727e-05 0.000426591 -0.00398143

ABS:   064 | -0.000065312  0.000027990  0.000003213 -0.000011312  0.000358436 -0.002059336 |         13.4 |  0.000002726  0.000048958, -0.000064259  0.000550188
DIFF:  064 |  0.000005858  0.000001745  0.000013604  0.000009361 -0.000068156  0.001922094 |         -0.0 |  0.000008919  0.000000430, -0.000007463 -0.000001428
MOVE:  064 | -0.000006312 -0.000002010 -0.000014787 -0.000011312  0.000073436 -0.002059336 |         -0.1 | -0.000009441 -0.000000449,  0.000006602  0.000002544
CONST: 064 | 59 -6.53116e-05 2.79897e-05 3.21301e-06 -1.13119e-05 0.000358436 -0.00205934

ABS:   065 | -0.000065256  0.000027990  0.000003213 -0.000011312  0.000358436 -0.002059336 |         13.4 |  0.000002782  0.000048958, -0.000064259  0.000550188
DIFF:  065 |  0.000000056  0.000000000  0.000000000  0.000000000  0.000000000  0.000000000 |          0.0 |  0.000000056 -0.000000000, -0.000000000  0.000000000
MOVE:  065 | -0.000006256 -0.000002010 -0.000014787 -0.000011312  0.000073436 -0.002059336 |         -0.1 | -0.000009386 -0.000000449,  0.000006602  0.000002544
CONST: 065 | 59 -6.5256e-05 2.79897e-05 3.21301e-06 -1.13119e-05 0.000358436 -0.00205934

ABS:   066 | -0.000065367  0.000027990  0.000003213 -0.000011312  0.000358436 -0.002059336 |         13.4 |  0.000002671  0.000048958, -0.000064259  0.000550188
DIFF:  066 | -0.000000111  0.000000000  0.000000000  0.000000000  0.000000000  0.000000000 |         -0.0 | -0.000000111  0.000000000,  0.000000000 -0.000000000
MOVE:  066 | -0.000006367 -0.000002010 -0.000014787 -0.000011312  0.000073436 -0.002059336 |         -0.1 | -0.000009497 -0.000000449,  0.000006602  0.000002544
CONST: 066 | 59 -6.53672e-05 2.79897e-05 3.21301e-06 -1.13119e-05 0.000358436 -0.00205934

ABS:   067 | -0.000065312  0.000028022  0.000003213 -0.000011312  0.000358436 -0.002059336 |         13.4 |  0.000002726  0.000048958, -0.000064284  0.000550188
DIFF:  067 |  0.000000056  0.000000032  0.000000000  0.000000000  0.000000000  0.000000000 |          0.0 |  0.000000055 -0.000000000, -0.000000025  0.000000000
MOVE:  067 | -0.000006312 -0.000001978 -0.000014787 -0.000011312  0.000073436 -0.002059336 |         -0.1 | -0.000009442 -0.000000449,  0.000006577  0.000002544
CONST: 067 | 59 -6.53116e-05 2.80215e-05 3.21301e-06 -1.13119e-05 0.000358436 -0.00205934

ABS:   068 | -0.000065312  0.000027958  0.000003213 -0.000011312  0.000358436 -0.002059336 |         13.4 |  0.000002727  0.000048958, -0.000064234  0.000550188
DIFF:  068 |  0.000000000 -0.000000064  0.000000000  0.000000000  0.000000000  0.000000000 |         -0.0 |  0.000000001  0.000000000,  0.000000050 -0.000000000
MOVE:  068 | -0.000006312 -0.000002042 -0.000014787 -0.000011312  0.000073436 -0.002059336 |         -0.1 | -0.000009441 -0.000000449,  0.000006627  0.000002544
CONST: 068 | 59 -6.53116e-05 2.79579e-05 3.21301e-06 -1.13119e-05 0.000358436 -0.00205934

ABS:   069 | -0.000065312  0.000028306  0.000003213 -0.000011312  0.000358436 -0.002059336 |         13.4 |  0.000002723  0.000048956, -0.000064509  0.000550189
DIFF:  069 |  0.000000000  0.000000348  0.000000000  0.000000000  0.000000000  0.000000000 |          0.0 | -0.000000004 -0.000000002, -0.000000275  0.000000000
MOVE:  069 | -0.000006312 -0.000001694 -0.000014787 -0.000011312  0.000073436 -0.002059336 |         -0.1 | -0.000009445 -0.000000450,  0.000006352  0.000002545
CONST: 069 | 59 -6.53116e-05 2.83056e-05 3.21301e-06 -1.13119e-05 0.000358436 -0.00205934

ABS:   070 | -0.000065312  0.000027674  0.000003213 -0.000011312  0.000358436 -0.002059336 |         13.4 |  0.000002730  0.000048959, -0.000064009  0.000550188
DIFF:  070 |  0.000000000 -0.000000632  0.000000000  0.000000000  0.000000000  0.000000000 |         -0.0 |  0.000000007  0.000000003,  0.000000499 -0.000000001
MOVE:  070 | -0.000006312 -0.000002326 -0.000014787 -0.000011312  0.000073436 -0.002059336 |         -0.1 | -0.000009438 -0.000000447,  0.000006852  0.000002544
CONST: 070 | 59 -6.53116e-05 2.76738e-05 3.21301e-06 -1.13119e-05 0.000358436 -0.00205934

ABS:   071 | -0.000065312  0.000027990  0.000003245 -0.000011312  0.000358436 -0.002059336 |         13.4 |  0.000002726  0.000048958, -0.000064291  0.000550188
DIFF:  071 |  0.000000000  0.000000316  0.000000032  0.000000000  0.000000000  0.000000000 |          0.0 | -0.000000003 -0.000000002, -0.000000281  0.000000000
MOVE:  071 | -0.000006312 -0.000002010 -0.000014755 -0.000011312  0.000073436 -0.002059336 |         -0.1 | -0.000009441 -0.000000449,  0.000006570  0.000002544
CONST: 071 | 59 -6.53116e-05 2.79897e-05 3.24452e-06 -1.13119e-05 0.000358436 -0.00205934

ABS:   072 | -0.000065312  0.000027990  0.000003182 -0.000011312  0.000358436 -0.002059336 |         13.4 |  0.000002726  0.000048958, -0.000064228  0.000550188
DIFF:  072 |  0.000000000  0.000000000 -0.000000063  0.000000000  0.000000000  0.000000000 |         -0.0 |  0.000000000 -0.000000000,  0.000000063  0.000000000
MOVE:  072 | -0.000006312 -0.000002010 -0.000014818 -0.000011312  0.000073436 -0.002059336 |         -0.1 | -0.000009441 -0.000000449,  0.000006633  0.000002544
CONST: 072 | 59 -6.53116e-05 2.79897e-05 3.1815e-06 -1.13119e-05 0.000358436 -0.00205934

