ABS:   itr |       deltaX       deltaY       deltaZ         phiX         phiY         phiZ |        chisq |    rphi mean     rphi rms,       z mean        z rms
ABS:   =========================================================================================================================================================
DIFF:  itr |       deltaX       deltaY       deltaZ         phiX         phiY         phiZ |        chisq |    rphi mean     rphi rms,       z mean        z rms
DIFF:  =========================================================================================================================================================
MOVE:  itr |       deltaX       deltaY       deltaZ         phiX         phiY         phiZ |        chisq |    rphi mean     rphi rms,       z mean        z rms
MOVE:  =========================================================================================================================================================
ABS:   001 | -0.000016000 -0.000072000  0.000099000 -0.000900000  0.000357000  0.000000000 |         30.1 | -0.000011692  0.000070042, -0.000016455  0.000566616
CONST: 001 | 17 -1.6e-05 -7.2e-05 9.9e-05 -0.0009 0.000357 0

ABS:   001 | -0.000016000 -0.000072000  0.000099000 -0.000900000  0.000357000  0.000000000 |         30.1 | -0.000011692  0.000070042, -0.000016455  0.000566616
CONST: 001 | 17 -1.6e-05 -7.2e-05 9.9e-05 -0.0009 0.000357 0

ABS:   002 | -0.000015900 -0.000072000  0.000099000 -0.000900000  0.000357000  0.000000000 |         30.1 | -0.000011592  0.000070042, -0.000016455  0.000566616
DIFF:  002 |  0.000000100 -0.000000000  0.000000000  0.000000000  0.000000000  0.000000000 |         -0.0 |  0.000000100  0.000000000, -0.000000000  0.000000000
MOVE:  002 |  0.000000100 -0.000000000  0.000000000  0.000000000  0.000000000  0.000000000 |         -0.0 |  0.000000100  0.000000000, -0.000000000  0.000000000
CONST: 002 | 17 -1.59e-05 -7.2e-05 9.9e-05 -0.0009 0.000357 0

ABS:   003 | -0.000016100 -0.000072000  0.000099000 -0.000900000  0.000357000  0.000000000 |         30.1 | -0.000011792  0.000070042, -0.000016455  0.000566616
DIFF:  003 | -0.000000200  0.000000000  0.000000000  0.000000000  0.000000000  0.000000000 |          0.0 | -0.000000200 -0.000000000,  0.000000000  0.000000000
MOVE:  003 | -0.000000100 -0.000000000  0.000000000  0.000000000  0.000000000  0.000000000 |          0.0 | -0.000000100  0.000000000,  0.000000000  0.000000000
CONST: 003 | 17 -1.61e-05 -7.2e-05 9.9e-05 -0.0009 0.000357 0

ABS:   004 | -0.000015342 -0.000072000  0.000099000 -0.000900000  0.000357000  0.000000000 |         30.1 | -0.000011034  0.000070042, -0.000016455  0.000566616
DIFF:  004 |  0.000000758  0.000000000  0.000000000  0.000000000  0.000000000  0.000000000 |         -0.0 |  0.000000758 -0.000000000, -0.000000000 -0.000000000
MOVE:  004 |  0.000000658 -0.000000000  0.000000000  0.000000000  0.000000000  0.000000000 |         -0.0 |  0.000000658 -0.000000000, -0.000000000  0.000000000
CONST: 004 | 17 -1.53424e-05 -7.2e-05 9.9e-05 -0.0009 0.000357 0

ABS:   005 | -0.000016658 -0.000072000  0.000099000 -0.000900000  0.000357000  0.000000000 |         30.1 | -0.000012349  0.000070042, -0.000016455  0.000566616
DIFF:  005 | -0.000001315  0.000000000  0.000000000  0.000000000  0.000000000  0.000000000 |          0.0 | -0.000001315  0.000000000,  0.000000000  0.000000000
MOVE:  005 | -0.000000658 -0.000000000  0.000000000  0.000000000  0.000000000  0.000000000 |          0.0 | -0.000000658  0.000000000,  0.000000000  0.000000000
CONST: 005 | 17 -1.66576e-05 -7.2e-05 9.9e-05 -0.0009 0.000357 0

ABS:   006 | -0.000016000 -0.000071900  0.000099000 -0.000900000  0.000357000  0.000000000 |         30.1 | -0.000011674  0.000070051, -0.000016471  0.000566622
DIFF:  006 |  0.000000658  0.000000100  0.000000000  0.000000000  0.000000000  0.000000000 |          0.0 |  0.000000676  0.000000009, -0.000000016  0.000000006
MOVE:  006 |  0.000000000  0.000000100  0.000000000  0.000000000  0.000000000  0.000000000 |          0.0 |  0.000000018  0.000000009, -0.000000016  0.000000006
CONST: 006 | 17 -1.6e-05 -7.19e-05 9.9e-05 -0.0009 0.000357 0

ABS:   007 | -0.000016000 -0.000072100  0.000099000 -0.000900000  0.000357000  0.000000000 |         30.1 | -0.000011710  0.000070033, -0.000016864  0.000566299
DIFF:  007 |  0.000000000 -0.000000200  0.000000000  0.000000000  0.000000000  0.000000000 |         -0.0 | -0.000000036 -0.000000019, -0.000000393 -0.000000324
MOVE:  007 |  0.000000000 -0.000000100  0.000000000  0.000000000  0.000000000  0.000000000 |         -0.0 | -0.000000018 -0.000000009, -0.000000409 -0.000000318
CONST: 007 | 17 -1.6e-05 -7.21e-05 9.9e-05 -0.0009 0.000357 0

ABS:   008 | -0.000016000 -0.000071990  0.000099000 -0.000900000  0.000357000  0.000000000 |         30.1 | -0.000011690  0.000070043, -0.000016457  0.000566617
DIFF:  008 |  0.000000000  0.000000110  0.000000000  0.000000000  0.000000000  0.000000000 |          0.0 |  0.000000020  0.000000010,  0.000000408  0.000000318
MOVE:  008 |  0.000000000  0.000000010  0.000000000  0.000000000  0.000000000  0.000000000 |          0.0 |  0.000000002  0.000000001, -0.000000002  0.000000001
CONST: 008 | 17 -1.6e-05 -7.199e-05 9.9e-05 -0.0009 0.000357 0

ABS:   009 | -0.000016000 -0.000072010  0.000099000 -0.000900000  0.000357000  0.000000000 |         30.1 | -0.000011694  0.000070041, -0.000016453  0.000566615
DIFF:  009 |  0.000000000 -0.000000020  0.000000000  0.000000000  0.000000000  0.000000000 |         -0.0 | -0.000000004 -0.000000002,  0.000000003 -0.000000001
MOVE:  009 |  0.000000000 -0.000000010  0.000000000  0.000000000  0.000000000  0.000000000 |         -0.0 | -0.000000002 -0.000000001,  0.000000002 -0.000000001
CONST: 009 | 17 -1.6e-05 -7.201e-05 9.9e-05 -0.0009 0.000357 0

ABS:   010 | -0.000016000 -0.000071900  0.000099000 -0.000900000  0.000357000  0.000000000 |         30.1 | -0.000011674  0.000070051, -0.000016471  0.000566622
DIFF:  010 |  0.000000000  0.000000110  0.000000000  0.000000000  0.000000000  0.000000000 |          0.0 |  0.000000020  0.000000010, -0.000000018  0.000000007
MOVE:  010 |  0.000000000  0.000000100  0.000000000  0.000000000  0.000000000  0.000000000 |          0.0 |  0.000000018  0.000000009, -0.000000016  0.000000006
CONST: 010 | 17 -1.6e-05 -7.19e-05 9.9e-05 -0.0009 0.000357 0

ABS:   011 | -0.000016000 -0.000072100  0.000099000 -0.000900000  0.000357000  0.000000000 |         30.1 | -0.000011710  0.000070033, -0.000016864  0.000566299
DIFF:  011 |  0.000000000 -0.000000200  0.000000000  0.000000000  0.000000000  0.000000000 |         -0.0 | -0.000000036 -0.000000019, -0.000000393 -0.000000324
MOVE:  011 |  0.000000000 -0.000000100  0.000000000  0.000000000  0.000000000  0.000000000 |         -0.0 | -0.000000018 -0.000000009, -0.000000409 -0.000000318
CONST: 011 | 17 -1.6e-05 -7.21e-05 9.9e-05 -0.0009 0.000357 0

ABS:   012 | -0.000016000 -0.000072000  0.000104002 -0.000900000  0.000357000  0.000000000 |         30.0 | -0.000011694  0.000070042, -0.000019382  0.000565782
DIFF:  012 |  0.000000000  0.000000100  0.000005002  0.000000000  0.000000000  0.000000000 |         -0.1 |  0.000000016  0.000000009, -0.000002518 -0.000000516
MOVE:  012 |  0.000000000 -0.000000000  0.000005002  0.000000000  0.000000000  0.000000000 |         -0.1 | -0.000000003 -0.000000000, -0.000002927 -0.000000834
CONST: 012 | 17 -1.6e-05 -7.2e-05 0.000104002 -0.0009 0.000357 0

ABS:   013 | -0.000016000 -0.000072000  0.000093998 -0.000900000  0.000357000  0.000000000 |         30.0 | -0.000011689  0.000070042, -0.000016083  0.000565583
DIFF:  013 |  0.000000000  0.000000000 -0.000010004  0.000000000  0.000000000  0.000000000 |         -0.0 |  0.000000005  0.000000001,  0.000003299 -0.000000200
MOVE:  013 |  0.000000000 -0.000000000 -0.000005002  0.000000000  0.000000000  0.000000000 |         -0.1 |  0.000000003  0.000000000,  0.000000372 -0.000001034
CONST: 013 | 17 -1.6e-05 -7.2e-05 9.39979e-05 -0.0009 0.000357 0

ABS:   014 | -0.000016000 -0.000072000  0.000099500 -0.000900000  0.000357000  0.000000000 |         30.1 | -0.000011692  0.000070042, -0.000016117  0.000566640
DIFF:  014 |  0.000000000  0.000000000  0.000005502  0.000000000  0.000000000  0.000000000 |          0.1 | -0.000000003 -0.000000000, -0.000000035  0.000001057
MOVE:  014 |  0.000000000 -0.000000000  0.000000500  0.000000000  0.000000000  0.000000000 |          0.0 | -0.000000000 -0.000000000,  0.000000338  0.000000024
CONST: 014 | 17 -1.6e-05 -7.2e-05 9.95002e-05 -0.0009 0.000357 0

ABS:   015 | -0.000016000 -0.000072000  0.000098500 -0.000900000  0.000357000  0.000000000 |         30.1 | -0.000011691  0.000070042, -0.000016793  0.000566591
DIFF:  015 |  0.000000000  0.000000000 -0.000001000  0.000000000  0.000000000  0.000000000 |         -0.0 |  0.000000001  0.000000000, -0.000000675 -0.000000049
MOVE:  015 |  0.000000000 -0.000000000 -0.000000500  0.000000000  0.000000000  0.000000000 |         -0.0 |  0.000000000  0.000000000, -0.000000338 -0.000000025
CONST: 015 | 17 -1.6e-05 -7.2e-05 9.84998e-05 -0.0009 0.000357 0

ABS:   016 | -0.000016000 -0.000072000  0.000099000 -0.000896000  0.000357000  0.000000000 |         30.1 | -0.000011651  0.000070048, -0.000016582  0.000566615
DIFF:  016 |  0.000000000  0.000000000  0.000000500  0.000004000  0.000000000  0.000000000 |          0.0 |  0.000000040  0.000000006,  0.000000211  0.000000024
MOVE:  016 |  0.000000000 -0.000000000  0.000000000  0.000004000  0.000000000  0.000000000 |          0.0 |  0.000000041  0.000000006, -0.000000127 -0.000000001
CONST: 016 | 17 -1.6e-05 -7.2e-05 9.9e-05 -0.000896 0.000357 0

ABS:   017 | -0.000016000 -0.000072000  0.000099000 -0.000904000  0.000357000  0.000000000 |         30.1 | -0.000011732  0.000070036, -0.000016753  0.000566306
DIFF:  017 |  0.000000000  0.000000000  0.000000000 -0.000008000  0.000000000  0.000000000 |         -0.0 | -0.000000082 -0.000000012, -0.000000171 -0.000000309
MOVE:  017 |  0.000000000 -0.000000000  0.000000000 -0.000004000  0.000000000  0.000000000 |         -0.0 | -0.000000041 -0.000000006, -0.000000298 -0.000000310
CONST: 017 | 17 -1.6e-05 -7.2e-05 9.9e-05 -0.000904 0.000357 0

ABS:   018 | -0.000016000 -0.000072000  0.000099000 -0.000899600  0.000357000  0.000000000 |         30.1 | -0.000011688  0.000070043, -0.000016468  0.000566616
DIFF:  018 |  0.000000000  0.000000000  0.000000000  0.000004400  0.000000000  0.000000000 |          0.0 |  0.000000045  0.000000007,  0.000000285  0.000000310
MOVE:  018 |  0.000000000 -0.000000000  0.000000000  0.000000400  0.000000000  0.000000000 |          0.0 |  0.000000004  0.000000001, -0.000000013 -0.000000000
CONST: 018 | 17 -1.6e-05 -7.2e-05 9.9e-05 -0.0008996 0.000357 0

ABS:   019 | -0.000016000 -0.000072000  0.000099000 -0.000900400  0.000357000  0.000000000 |         30.1 | -0.000011696  0.000070041, -0.000016442  0.000566616
DIFF:  019 |  0.000000000  0.000000000  0.000000000 -0.000000800  0.000000000  0.000000000 |         -0.0 | -0.000000008 -0.000000001,  0.000000025  0.000000000
MOVE:  019 |  0.000000000 -0.000000000  0.000000000 -0.000000400  0.000000000  0.000000000 |         -0.0 | -0.000000004 -0.000000001,  0.000000013  0.000000000
CONST: 019 | 17 -1.6e-05 -7.2e-05 9.9e-05 -0.0009004 0.000357 0

ABS:   020 | -0.000016000 -0.000072000  0.000099000 -0.000896000  0.000357000  0.000000000 |         30.1 | -0.000011651  0.000070048, -0.000016582  0.000566615
DIFF:  020 |  0.000000000  0.000000000  0.000000000  0.000004400  0.000000000  0.000000000 |          0.0 |  0.000000045  0.000000007, -0.000000140 -0.000000001
MOVE:  020 |  0.000000000 -0.000000000  0.000000000  0.000004000  0.000000000  0.000000000 |          0.0 |  0.000000041  0.000000006, -0.000000127 -0.000000001
CONST: 020 | 17 -1.6e-05 -7.2e-05 9.9e-05 -0.000896 0.000357 0

ABS:   021 | -0.000016000 -0.000072000  0.000099000 -0.000904000  0.000357000  0.000000000 |         30.1 | -0.000011732  0.000070036, -0.000016753  0.000566306
DIFF:  021 |  0.000000000  0.000000000  0.000000000 -0.000008000  0.000000000  0.000000000 |         -0.0 | -0.000000082 -0.000000012, -0.000000171 -0.000000309
MOVE:  021 |  0.000000000 -0.000000000  0.000000000 -0.000004000  0.000000000  0.000000000 |         -0.0 | -0.000000041 -0.000000006, -0.000000298 -0.000000310
CONST: 021 | 17 -1.6e-05 -7.2e-05 9.9e-05 -0.000904 0.000357 0

ABS:   022 | -0.000016000 -0.000072000  0.000099000 -0.000900000  0.000367001  0.000000000 |         30.1 | -0.000011697  0.000069884, -0.000016421  0.000566613
DIFF:  022 |  0.000000000  0.000000000  0.000000000  0.000004000  0.000010001  0.000000000 |          0.0 |  0.000000036 -0.000000152,  0.000000332  0.000000307
MOVE:  022 |  0.000000000 -0.000000000  0.000000000  0.000000000  0.000010001  0.000000000 |         -0.0 | -0.000000005 -0.000000158,  0.000000034 -0.000000003
CONST: 022 | 17 -1.6e-05 -7.2e-05 9.9e-05 -0.0009 0.000367001 0

ABS:   023 | -0.000016000 -0.000072000  0.000099000 -0.000900000  0.000346999  0.000000000 |         30.1 | -0.000011687  0.000070202, -0.000016489  0.000566619
DIFF:  023 |  0.000000000  0.000000000  0.000000000  0.000000000 -0.000020001  0.000000000 |          0.0 |  0.000000010  0.000000318, -0.000000069  0.000000007
MOVE:  023 |  0.000000000 -0.000000000  0.000000000  0.000000000 -0.000010001  0.000000000 |          0.0 |  0.000000005  0.000000160, -0.000000034  0.000000003
CONST: 023 | 17 -1.6e-05 -7.2e-05 9.9e-05 -0.0009 0.000346999 0

ABS:   024 | -0.000016000 -0.000072000  0.000099000 -0.000900000  0.000357000  0.000002000 |         30.1 | -0.000011697  0.000070041, -0.000016457  0.000566617
DIFF:  024 |  0.000000000  0.000000000  0.000000000  0.000000000  0.000010001  0.000002000 |         -0.0 | -0.000000010 -0.000000162,  0.000000032 -0.000000002
MOVE:  024 |  0.000000000 -0.000000000  0.000000000  0.000000000  0.000000000  0.000002000 |          0.0 | -0.000000005 -0.000000001, -0.000000002  0.000000001
CONST: 024 | 17 -1.6e-05 -7.2e-05 9.9e-05 -0.0009 0.000357 2.00001e-06

ABS:   025 | -0.000016000 -0.000072000  0.000099000 -0.000900000  0.000357000 -0.000002000 |         30.1 | -0.000011686  0.000070043, -0.000016453  0.000566615
DIFF:  025 |  0.000000000  0.000000000  0.000000000  0.000000000  0.000000000 -0.000004000 |         -0.0 |  0.000000011  0.000000002,  0.000000004 -0.000000002
MOVE:  025 |  0.000000000 -0.000000000  0.000000000  0.000000000  0.000000000 -0.000002000 |         -0.0 |  0.000000005  0.000000001,  0.000000002 -0.000000001
CONST: 025 | 17 -1.6e-05 -7.2e-05 9.9e-05 -0.0009 0.000357 -2.00001e-06

ABS:   026 | -0.000016000 -0.000072000  0.000099000 -0.000900000  0.000357000  0.000020000 |         30.1 | -0.000011745  0.000070030, -0.000016475  0.000566625
DIFF:  026 |  0.000000000  0.000000000  0.000000000  0.000000000  0.000000000  0.000022000 |          0.0 | -0.000000058 -0.000000013, -0.000000021  0.000000010
MOVE:  026 |  0.000000000 -0.000000000  0.000000000  0.000000000  0.000000000  0.000020000 |          0.0 | -0.000000053 -0.000000012, -0.000000019  0.000000009
CONST: 026 | 17 -1.6e-05 -7.2e-05 9.9e-05 -0.0009 0.000357 2.00001e-05

ABS:   027 | -0.000016000 -0.000072000  0.000099000 -0.000900000  0.000357000 -0.000020000 |         30.1 | -0.000011639  0.000070054, -0.000016861  0.000566296
DIFF:  027 |  0.000000000  0.000000000  0.000000000  0.000000000  0.000000000 -0.000040000 |         -0.0 |  0.000000106  0.000000023, -0.000000386 -0.000000329
MOVE:  027 |  0.000000000 -0.000000000  0.000000000  0.000000000  0.000000000 -0.000020000 |         -0.0 |  0.000000053  0.000000012, -0.000000406 -0.000000320
CONST: 027 | 17 -1.6e-05 -7.2e-05 9.9e-05 -0.0009 0.000357 -2.00001e-05

ABS:   028 | -0.000016000 -0.000072000  0.000099000 -0.000900000  0.000357000  0.000002000 |         30.1 | -0.000011697  0.000070041, -0.000016457  0.000566617
DIFF:  028 |  0.000000000  0.000000000  0.000000000  0.000000000  0.000000000  0.000022000 |          0.0 | -0.000000058 -0.000000013,  0.000000404  0.000000321
MOVE:  028 |  0.000000000 -0.000000000  0.000000000  0.000000000  0.000000000  0.000002000 |          0.0 | -0.000000005 -0.000000001, -0.000000002  0.000000001
CONST: 028 | 17 -1.6e-05 -7.2e-05 9.9e-05 -0.0009 0.000357 2.00001e-06

ABS:   029 | -0.000016000 -0.000072000  0.000099000 -0.000900000  0.000357000 -0.000002000 |         30.1 | -0.000011686  0.000070043, -0.000016453  0.000566615
DIFF:  029 |  0.000000000  0.000000000  0.000000000  0.000000000  0.000000000 -0.000004000 |         -0.0 |  0.000000011  0.000000002,  0.000000004 -0.000000002
MOVE:  029 |  0.000000000 -0.000000000  0.000000000  0.000000000  0.000000000 -0.000002000 |         -0.0 |  0.000000005  0.000000001,  0.000000002 -0.000000001
CONST: 029 | 17 -1.6e-05 -7.2e-05 9.9e-05 -0.0009 0.000357 -2.00001e-06

ABS:   030 | -0.000016000 -0.000072100  0.000099000 -0.000900000  0.000357000  0.000000000 |         30.1 | -0.000011710  0.000070033, -0.000016864  0.000566299
DIFF:  030 |  0.000000000 -0.000000100  0.000000000  0.000000000  0.000000000  0.000002000 |         -0.0 | -0.000000023 -0.000000011, -0.000000411 -0.000000317
MOVE:  030 |  0.000000000 -0.000000100  0.000000000  0.000000000  0.000000000  0.000000000 |         -0.0 | -0.000000018 -0.000000009, -0.000000409 -0.000000318
CONST: 030 | 17 -1.6e-05 -7.21e-05 9.9e-05 -0.0009 0.000357 0

ABS:   031 | -0.000016000 -0.000072500  0.000099000 -0.000900000  0.000357000  0.000000000 |         30.2 | -0.000011782  0.000069995, -0.000016787  0.000566871
DIFF:  031 |  0.000000000 -0.000000400  0.000000000  0.000000000  0.000000000  0.000000000 |          0.1 | -0.000000072 -0.000000038,  0.000000077  0.000000572
MOVE:  031 |  0.000000000 -0.000000500  0.000000000  0.000000000  0.000000000  0.000000000 |          0.0 | -0.000000091 -0.000000047, -0.000000332  0.000000255
CONST: 031 | 17 -1.6e-05 -7.25e-05 9.9e-05 -0.0009 0.000357 0

ABS:   032 | -0.000016000 -0.000072220  0.000099000 -0.000900000  0.000357000  0.000000000 |         30.2 | -0.000011731  0.000070021, -0.000016832  0.000566889
DIFF:  032 |  0.000000000  0.000000280  0.000000000  0.000000000  0.000000000  0.000000000 |          0.0 |  0.000000051  0.000000026, -0.000000045  0.000000018
MOVE:  032 |  0.000000000 -0.000000220  0.000000000  0.000000000  0.000000000  0.000000000 |          0.0 | -0.000000040 -0.000000021, -0.000000377  0.000000272
CONST: 032 | 17 -1.6e-05 -7.22195e-05 9.9e-05 -0.0009 0.000357 0

ABS:   033 | -0.000016000 -0.000072160  0.000099000 -0.000900000  0.000357000  0.000000000 |         30.1 | -0.000011721  0.000070027, -0.000017267  0.000566581
DIFF:  033 |  0.000000000  0.000000060  0.000000000  0.000000000  0.000000000  0.000000000 |         -0.0 |  0.000000011  0.000000006, -0.000000435 -0.000000307
MOVE:  033 |  0.000000000 -0.000000160  0.000000000  0.000000000  0.000000000  0.000000000 |         -0.0 | -0.000000029 -0.000000015, -0.000000812 -0.000000035
CONST: 033 | 17 -1.6e-05 -7.21598e-05 9.9e-05 -0.0009 0.000357 0

ABS:   034 | -0.000016000 -0.000072080  0.000099000 -0.000900000  0.000357000  0.000000000 |         30.1 | -0.000011706  0.000070034, -0.000016442  0.000566611
DIFF:  034 |  0.000000000  0.000000079  0.000000000  0.000000000  0.000000000  0.000000000 |          0.0 |  0.000000014  0.000000008,  0.000000825  0.000000030
MOVE:  034 |  0.000000000 -0.000000080  0.000000000  0.000000000  0.000000000  0.000000000 |         -0.0 | -0.000000015 -0.000000008,  0.000000013 -0.000000005
CONST: 034 | 17 -1.6e-05 -7.20804e-05 9.9e-05 -0.0009 0.000357 0

ABS:   035 | -0.000016000 -0.000072120  0.000099000 -0.000900000  0.000357000  0.000000000 |         30.1 | -0.000011713  0.000070031, -0.000017274  0.000566584
DIFF:  035 |  0.000000000 -0.000000040  0.000000000  0.000000000  0.000000000  0.000000000 |         -0.0 | -0.000000007 -0.000000004, -0.000000831 -0.000000027
MOVE:  035 |  0.000000000 -0.000000120  0.000000000  0.000000000  0.000000000  0.000000000 |         -0.0 | -0.000000022 -0.000000011, -0.000000818 -0.000000032
CONST: 035 | 17 -1.6e-05 -7.21202e-05 9.9e-05 -0.0009 0.000357 0

ABS:   036 | -0.000016000 -0.000072085  0.000099000 -0.000900000  0.000357000  0.000000000 |         30.1 | -0.000011707  0.000070034, -0.000016441  0.000566611
DIFF:  036 |  0.000000000  0.000000035  0.000000000  0.000000000  0.000000000  0.000000000 |          0.0 |  0.000000006  0.000000003,  0.000000832  0.000000027
MOVE:  036 |  0.000000000 -0.000000085  0.000000000  0.000000000  0.000000000  0.000000000 |         -0.0 | -0.000000015 -0.000000008,  0.000000014 -0.000000005
CONST: 036 | 17 -1.6e-05 -7.20854e-05 9.9e-05 -0.0009 0.000357 0

ABS:   037 | -0.000016000 -0.000072093  0.000099000 -0.000900000  0.000357000  0.000000000 |         30.1 | -0.000011709  0.000070033, -0.000016440  0.000566610
DIFF:  037 |  0.000000000 -0.000000007  0.000000000  0.000000000  0.000000000  0.000000000 |         -0.0 | -0.000000001 -0.000000001,  0.000000001 -0.000000000
MOVE:  037 |  0.000000000 -0.000000093  0.000000000  0.000000000  0.000000000  0.000000000 |         -0.0 | -0.000000017 -0.000000009,  0.000000015 -0.000000006
CONST: 037 | 17 -1.6e-05 -7.20927e-05 9.9e-05 -0.0009 0.000357 0

ABS:   038 | -0.000015343 -0.000072100  0.000099000 -0.000900000  0.000357000  0.000000000 |         30.1 | -0.000011053  0.000070033, -0.000016865  0.000566299
DIFF:  038 |  0.000000657 -0.000000007  0.000000000  0.000000000  0.000000000  0.000000000 |         -0.0 |  0.000000656 -0.000000001, -0.000000424 -0.000000312
MOVE:  038 |  0.000000657 -0.000000100  0.000000000  0.000000000  0.000000000  0.000000000 |         -0.0 |  0.000000639 -0.000000009, -0.000000409 -0.000000318
CONST: 038 | 17 -1.53428e-05 -7.21e-05 9.9e-05 -0.0009 0.000357 0

ABS:   039 | -0.000016657 -0.000072100  0.000099000 -0.000900000  0.000357000  0.000000000 |         30.1 | -0.000012367  0.000070033, -0.000016864  0.000566299
DIFF:  039 | -0.000001314  0.000000000  0.000000000  0.000000000  0.000000000  0.000000000 |          0.0 | -0.000001314  0.000000000,  0.000000000  0.000000000
MOVE:  039 | -0.000000657 -0.000000100  0.000000000  0.000000000  0.000000000  0.000000000 |         -0.0 | -0.000000675 -0.000000009, -0.000000409 -0.000000318
CONST: 039 | 17 -1.66572e-05 -7.21e-05 9.9e-05 -0.0009 0.000357 0

ABS:   040 | -0.000016000 -0.000072090  0.000099000 -0.000900000  0.000357000  0.000000000 |         30.1 | -0.000011708  0.000070033, -0.000016441  0.000566610
DIFF:  040 |  0.000000657  0.000000010  0.000000000  0.000000000  0.000000000  0.000000000 |          0.0 |  0.000000659  0.000000001,  0.000000423  0.000000312
MOVE:  040 |  0.000000000 -0.000000090  0.000000000  0.000000000  0.000000000  0.000000000 |         -0.0 | -0.000000016 -0.000000009,  0.000000014 -0.000000006
CONST: 040 | 17 -1.6e-05 -7.209e-05 9.9e-05 -0.0009 0.000357 0

ABS:   041 | -0.000016000 -0.000072110  0.000099000 -0.000900000  0.000357000  0.000000000 |         30.1 | -0.000011712  0.000070032, -0.000016863  0.000566298
DIFF:  041 |  0.000000000 -0.000000020  0.000000000  0.000000000  0.000000000  0.000000000 |         -0.0 | -0.000000004 -0.000000002, -0.000000422 -0.000000313
MOVE:  041 |  0.000000000 -0.000000110  0.000000000  0.000000000  0.000000000  0.000000000 |         -0.0 | -0.000000020 -0.000000010, -0.000000408 -0.000000318
CONST: 041 | 17 -1.6e-05 -7.211e-05 9.9e-05 -0.0009 0.000357 0

ABS:   042 | -0.000016000 -0.000072099  0.000099000 -0.000900000  0.000357000  0.000000000 |         30.1 | -0.000011710  0.000070033, -0.000016864  0.000566299
DIFF:  042 |  0.000000000  0.000000011  0.000000000  0.000000000  0.000000000  0.000000000 |          0.0 |  0.000000002  0.000000001, -0.000000002  0.000000001
MOVE:  042 |  0.000000000 -0.000000099  0.000000000  0.000000000  0.000000000  0.000000000 |         -0.0 | -0.000000018 -0.000000009, -0.000000409 -0.000000318
CONST: 042 | 17 -1.6e-05 -7.2099e-05 9.9e-05 -0.0009 0.000357 0

ABS:   043 | -0.000016000 -0.000072101  0.000099000 -0.000900000  0.000357000  0.000000000 |         30.1 | -0.000011710  0.000070032, -0.000016864  0.000566298
DIFF:  043 |  0.000000000 -0.000000002  0.000000000  0.000000000  0.000000000  0.000000000 |         -0.0 | -0.000000000 -0.000000000,  0.000000000 -0.000000000
MOVE:  043 |  0.000000000 -0.000000101  0.000000000  0.000000000  0.000000000  0.000000000 |         -0.0 | -0.000000018 -0.000000010, -0.000000409 -0.000000318
CONST: 043 | 17 -1.6e-05 -7.2101e-05 9.9e-05 -0.0009 0.000357 0

ABS:   044 | -0.000016000 -0.000072090  0.000099000 -0.000900000  0.000357000  0.000000000 |         30.1 | -0.000011708  0.000070033, -0.000016441  0.000566610
DIFF:  044 |  0.000000000  0.000000011  0.000000000  0.000000000  0.000000000  0.000000000 |          0.0 |  0.000000002  0.000000001,  0.000000424  0.000000312
MOVE:  044 |  0.000000000 -0.000000090  0.000000000  0.000000000  0.000000000  0.000000000 |         -0.0 | -0.000000016 -0.000000009,  0.000000014 -0.000000006
CONST: 044 | 17 -1.6e-05 -7.209e-05 9.9e-05 -0.0009 0.000357 0

ABS:   045 | -0.000016000 -0.000072110  0.000099000 -0.000900000  0.000357000  0.000000000 |         30.1 | -0.000011712  0.000070032, -0.000016863  0.000566298
DIFF:  045 |  0.000000000 -0.000000020  0.000000000  0.000000000  0.000000000  0.000000000 |         -0.0 | -0.000000004 -0.000000002, -0.000000422 -0.000000313
MOVE:  045 |  0.000000000 -0.000000110  0.000000000  0.000000000  0.000000000  0.000000000 |         -0.0 | -0.000000020 -0.000000010, -0.000000408 -0.000000318
CONST: 045 | 17 -1.6e-05 -7.211e-05 9.9e-05 -0.0009 0.000357 0

ABS:   046 | -0.000016000 -0.000072100  0.000099221 -0.000900000  0.000357000  0.000000000 |         30.1 | -0.000011710  0.000070033, -0.000015822  0.000566634
DIFF:  046 |  0.000000000  0.000000010  0.000000221  0.000000000  0.000000000  0.000000000 |          0.0 |  0.000000002  0.000000001,  0.000001040  0.000000336
MOVE:  046 |  0.000000000 -0.000000100  0.000000221  0.000000000  0.000000000  0.000000000 |         -0.0 | -0.000000018 -0.000000009,  0.000000633  0.000000018
CONST: 046 | 17 -1.6e-05 -7.21e-05 9.92212e-05 -0.0009 0.000357 0

ABS:   047 | -0.000016000 -0.000072100  0.000098779 -0.000900000  0.000357000  0.000000000 |         30.1 | -0.000011710  0.000070033, -0.000017056  0.000566585
DIFF:  047 |  0.000000000  0.000000000 -0.000000442  0.000000000  0.000000000  0.000000000 |         -0.0 |  0.000000000  0.000000000, -0.000001233 -0.000000049
MOVE:  047 |  0.000000000 -0.000000100 -0.000000221  0.000000000  0.000000000  0.000000000 |         -0.0 | -0.000000018 -0.000000009, -0.000000601 -0.000000031
CONST: 047 | 17 -1.6e-05 -7.21e-05 9.87788e-05 -0.0009 0.000357 0

ABS:   048 | -0.000016000 -0.000072100  0.000099000 -0.000899600  0.000357000  0.000000000 |         30.1 | -0.000011706  0.000070033, -0.000016452  0.000566610
DIFF:  048 |  0.000000000  0.000000000  0.000000221  0.000000400  0.000000000  0.000000000 |          0.0 |  0.000000004  0.000000001,  0.000000604  0.000000025
MOVE:  048 |  0.000000000 -0.000000100  0.000000000  0.000000400  0.000000000  0.000000000 |         -0.0 | -0.000000014 -0.000000009,  0.000000003 -0.000000006
CONST: 048 | 17 -1.6e-05 -7.21e-05 9.9e-05 -0.0008996 0.000357 0

ABS:   049 | -0.000016000 -0.000072100  0.000099000 -0.000900400  0.000357000  0.000000000 |         30.1 | -0.000011714  0.000070032, -0.000016852  0.000566299
DIFF:  049 |  0.000000000  0.000000000  0.000000000 -0.000000800  0.000000000  0.000000000 |         -0.0 | -0.000000008 -0.000000001, -0.000000400 -0.000000311
MOVE:  049 |  0.000000000 -0.000000100  0.000000000 -0.000000400  0.000000000  0.000000000 |         -0.0 | -0.000000022 -0.000000010, -0.000000397 -0.000000317
CONST: 049 | 17 -1.6e-05 -7.21e-05 9.9e-05 -0.0009004 0.000357 0

ABS:   050 | -0.000016000 -0.000072100  0.000099000 -0.000899960  0.000357000  0.000000000 |         30.1 | -0.000011709  0.000070033, -0.000016866  0.000566298
DIFF:  050 |  0.000000000  0.000000000  0.000000000  0.000000440  0.000000000  0.000000000 |          0.0 |  0.000000004  0.000000001, -0.000000014 -0.000000000
MOVE:  050 |  0.000000000 -0.000000100  0.000000000  0.000000040  0.000000000  0.000000000 |         -0.0 | -0.000000018 -0.000000009, -0.000000410 -0.000000318
CONST: 050 | 17 -1.6e-05 -7.21e-05 9.9e-05 -0.00089996 0.000357 0

ABS:   051 | -0.000016000 -0.000072100  0.000099000 -0.000900040  0.000357000  0.000000000 |         30.1 | -0.000011710  0.000070032, -0.000016863  0.000566299
DIFF:  051 |  0.000000000  0.000000000  0.000000000 -0.000000080  0.000000000  0.000000000 |         -0.0 | -0.000000001 -0.000000000,  0.000000003  0.000000000
MOVE:  051 |  0.000000000 -0.000000100  0.000000000 -0.000000040  0.000000000  0.000000000 |         -0.0 | -0.000000019 -0.000000010, -0.000000408 -0.000000318
CONST: 051 | 17 -1.6e-05 -7.21e-05 9.9e-05 -0.00090004 0.000357 0

ABS:   052 | -0.000016000 -0.000072100  0.000099000 -0.000899600  0.000357000  0.000000000 |         30.1 | -0.000011706  0.000070033, -0.000016452  0.000566610
DIFF:  052 |  0.000000000  0.000000000  0.000000000  0.000000440  0.000000000  0.000000000 |          0.0 |  0.000000004  0.000000001,  0.000000411  0.000000311
MOVE:  052 |  0.000000000 -0.000000100  0.000000000  0.000000400  0.000000000  0.000000000 |         -0.0 | -0.000000014 -0.000000009,  0.000000003 -0.000000006
CONST: 052 | 17 -1.6e-05 -7.21e-05 9.9e-05 -0.0008996 0.000357 0

ABS:   053 | -0.000016000 -0.000072100  0.000099000 -0.000900400  0.000357000  0.000000000 |         30.1 | -0.000011714  0.000070032, -0.000016852  0.000566299
DIFF:  053 |  0.000000000  0.000000000  0.000000000 -0.000000800  0.000000000  0.000000000 |         -0.0 | -0.000000008 -0.000000001, -0.000000400 -0.000000311
MOVE:  053 |  0.000000000 -0.000000100  0.000000000 -0.000000400  0.000000000  0.000000000 |         -0.0 | -0.000000022 -0.000000010, -0.000000397 -0.000000317
CONST: 053 | 17 -1.6e-05 -7.21e-05 9.9e-05 -0.0009004 0.000357 0

ABS:   054 | -0.000016000 -0.000072100  0.000099000 -0.000900000  0.000370305  0.000000000 |         30.1 | -0.000011716  0.000069824, -0.000017231  0.000566581
DIFF:  054 |  0.000000000  0.000000000  0.000000000  0.000000400  0.000013305  0.000000000 |          0.0 | -0.000000002 -0.000000208, -0.000000380  0.000000282
MOVE:  054 |  0.000000000 -0.000000100  0.000000000  0.000000000  0.000013305  0.000000000 |         -0.0 | -0.000000025 -0.000000218, -0.000000776 -0.000000036
CONST: 054 | 17 -1.6e-05 -7.21e-05 9.9e-05 -0.0009 0.000370305 0

ABS:   055 | -0.000016000 -0.000072100  0.000099000 -0.000900000  0.000343695  0.000000000 |         30.1 | -0.000011703  0.000070247, -0.000016485  0.000566614
DIFF:  055 |  0.000000000  0.000000000  0.000000000  0.000000000 -0.000026611  0.000000000 |          0.0 |  0.000000013  0.000000423,  0.000000747  0.000000034
MOVE:  055 |  0.000000000 -0.000000100  0.000000000  0.000000000 -0.000013305  0.000000000 |          0.0 | -0.000000012  0.000000205, -0.000000030 -0.000000002
CONST: 055 | 17 -1.6e-05 -7.21e-05 9.9e-05 -0.0009 0.000343695 0

ABS:   056 | -0.000016000 -0.000072100  0.000099000 -0.000900000  0.000357000  0.000020000 |         30.1 | -0.000011763  0.000070021, -0.000016458  0.000566619
DIFF:  056 |  0.000000000  0.000000000  0.000000000  0.000000000  0.000013305  0.000020000 |         -0.0 | -0.000000060 -0.000000226,  0.000000026  0.000000004
MOVE:  056 |  0.000000000 -0.000000100  0.000000000  0.000000000  0.000000000  0.000020000 |          0.0 | -0.000000071 -0.000000021, -0.000000003  0.000000003
CONST: 056 | 17 -1.6e-05 -7.21e-05 9.9e-05 -0.0009 0.000357 2.00001e-05

ABS:   057 | -0.000016000 -0.000072100  0.000099000 -0.000900000  0.000357000 -0.000020000 |         30.1 | -0.000011657  0.000070044, -0.000017257  0.000566576
DIFF:  057 |  0.000000000  0.000000000  0.000000000  0.000000000  0.000000000 -0.000040000 |         -0.0 |  0.000000106  0.000000023, -0.000000799 -0.000000042
MOVE:  057 |  0.000000000 -0.000000100  0.000000000  0.000000000  0.000000000 -0.000020000 |         -0.0 |  0.000000035  0.000000002, -0.000000802 -0.000000040
CONST: 057 | 17 -1.6e-05 -7.21e-05 9.9e-05 -0.0009 0.000357 -2.00001e-05

ABS:   058 | -0.000004323 -0.000072105  0.000098998 -0.000900200  0.000357171 -0.000000229 |         30.1 | -0.000018232  0.000072641, -0.000016859  0.000566298
DIFF:  058 |  0.000011677 -0.000000005 -0.000000002 -0.000000200  0.000000171  0.000019771 |         -0.0 | -0.000006576  0.000002597,  0.000000399 -0.000000278
MOVE:  058 |  0.000011677 -0.000000105 -0.000000002 -0.000000200  0.000000171 -0.000000229 |         -0.0 | -0.000006541  0.000002599, -0.000000404 -0.000000318
CONST: 058 | 17 -4.32323e-06 -7.2105e-05 9.89982e-05 -0.0009002 0.000357171 -2.28772e-07

ABS:   059 | -0.000012654 -0.000072101  0.000098999 -0.000900057  0.000357049 -0.000000066 |         30.1 | -0.000008365  0.000070032, -0.000016863  0.000566298
DIFF:  059 | -0.000008331  0.000000004  0.000000001  0.000000143 -0.000000122  0.000000163 |         -0.0 |  0.000009868 -0.000002609, -0.000000004  0.000000000
MOVE:  059 |  0.000003346 -0.000000101 -0.000000001 -0.000000057  0.000000049 -0.000000066 |         -0.0 |  0.000003327 -0.000000010, -0.000000408 -0.000000318
CONST: 059 | 17 -1.26544e-05 -7.21014e-05 9.89995e-05 -0.000900057 0.000357049 -6.55467e-08

ABS:   060 | -0.000013609 -0.000072101  0.000099000 -0.000900041  0.000357035 -0.000000047 |         30.1 | -0.000009319  0.000070032, -0.000016863  0.000566298
DIFF:  060 | -0.000000954  0.000000000  0.000000000  0.000000016 -0.000000014  0.000000019 |          0.0 | -0.000000954  0.000000000, -0.000000000  0.000000000
MOVE:  060 |  0.000002391 -0.000000101 -0.000000000 -0.000000041  0.000000035 -0.000000047 |         -0.0 |  0.000002373 -0.000000010, -0.000000408 -0.000000318
CONST: 060 | 17 -1.36088e-05 -7.2101e-05 9.89996e-05 -0.000900041 0.000357035 -4.68471e-08

ABS:   061 | -0.000004115 -0.000072105  0.000098998 -0.000900204  0.000357175 -0.000000233 |         30.1 | -0.000018024  0.000072641, -0.000016859  0.000566298
DIFF:  061 |  0.000009494 -0.000000004 -0.000000001 -0.000000163  0.000000139 -0.000000186 |          0.0 | -0.000008705  0.000002609,  0.000000005 -0.000000000
MOVE:  061 |  0.000011885 -0.000000105 -0.000000002 -0.000000204  0.000000175 -0.000000233 |         -0.0 | -0.000006333  0.000002599, -0.000000404 -0.000000318
CONST: 061 | 17 -4.11509e-06 -7.21051e-05 9.89982e-05 -0.000900204 0.000357175 -2.3285e-07

ABS:   062 | -0.000008385 -0.000072103  0.000098999 -0.000900131  0.000357112 -0.000000149 |         30.1 | -0.000014755  0.000074451, -0.000016861  0.000566298
DIFF:  062 | -0.000004270  0.000000002  0.000000001  0.000000073 -0.000000063  0.000000084 |          0.0 |  0.000003269  0.000001811, -0.000000002  0.000000000
MOVE:  062 |  0.000007615 -0.000000103 -0.000000001 -0.000000131  0.000000112 -0.000000149 |         -0.0 | -0.000003064  0.000004409, -0.000000406 -0.000000318
CONST: 062 | 17 -8.38465e-06 -7.21033e-05 9.89989e-05 -0.000900131 0.000357112 -1.49199e-07

ABS:   063 | -0.000010519 -0.000072102  0.000098999 -0.000900094  0.000357080 -0.000000107 |         30.1 | -0.000013495  0.000073165, -0.000016862  0.000566298
DIFF:  063 | -0.000002135  0.000000001  0.000000000  0.000000037 -0.000000031  0.000000042 |         -0.0 |  0.000001260 -0.000001286, -0.000000001  0.000000000
MOVE:  063 |  0.000005481 -0.000000102 -0.000000001 -0.000000094  0.000000080 -0.000000107 |         -0.0 | -0.000001803  0.000003123, -0.000000407 -0.000000318
CONST: 063 | 17 -1.05195e-05 -7.21024e-05 9.89992e-05 -0.000900094 0.00035708 -1.07373e-07

ABS:   064 | -0.000011587 -0.000072102  0.000098999 -0.000900076  0.000357065 -0.000000086 |         30.1 | -0.000011040  0.000071743, -0.000016862  0.000566298
DIFF:  064 | -0.000001067  0.000000000  0.000000000  0.000000018 -0.000000016  0.000000021 |         -0.0 |  0.000002455 -0.000001422, -0.000000001  0.000000000
MOVE:  064 |  0.000004413 -0.000000102 -0.000000001 -0.000000076  0.000000065 -0.000000086 |         -0.0 |  0.000000652  0.000001701, -0.000000407 -0.000000318
CONST: 064 | 17 -1.15869e-05 -7.21019e-05 9.89993e-05 -0.000900076 0.000357065 -8.64597e-08

ABS:   065 | -0.000011997 -0.000072101  0.000098999 -0.000900057  0.000357049 -0.000000066 |         30.1 | -0.000011450  0.000071743, -0.000016863  0.000566298
DIFF:  065 | -0.000000410  0.000000000  0.000000000  0.000000018 -0.000000016  0.000000021 |          0.0 | -0.000000410  0.000000000, -0.000000001  0.000000000
MOVE:  065 |  0.000004003 -0.000000101 -0.000000001 -0.000000057  0.000000049 -0.000000066 |         -0.0 |  0.000000242  0.000001701, -0.000000408 -0.000000318
CONST: 065 | 17 -1.19972e-05 -7.21014e-05 9.89995e-05 -0.000900057 0.000357049 -6.55467e-08

ABS:   066 | -0.000013311 -0.000072101  0.000098999 -0.000900057  0.000357049 -0.000000066 |         30.1 | -0.000009022  0.000070032, -0.000016862  0.000566298
DIFF:  066 | -0.000001314  0.000000000  0.000000000  0.000000000  0.000000000  0.000000000 |         -0.0 |  0.000002428 -0.000001712,  0.000000000 -0.000000000
MOVE:  066 |  0.000002689 -0.000000101 -0.000000001 -0.000000057  0.000000049 -0.000000066 |         -0.0 |  0.000002670 -0.000000010, -0.000000407 -0.000000318
CONST: 066 | 17 -1.33115e-05 -7.21014e-05 9.89995e-05 -0.000900057 0.000357049 -6.55467e-08

ABS:   067 | -0.000012589 -0.000072101  0.000098999 -0.000900057  0.000357049 -0.000000066 |         30.1 | -0.000008299  0.000070032, -0.000016863  0.000566298
DIFF:  067 |  0.000000723  0.000000000  0.000000000  0.000000000  0.000000000  0.000000000 |         -0.0 |  0.000000723  0.000000000, -0.000000000  0.000000000
MOVE:  067 |  0.000003411 -0.000000101 -0.000000001 -0.000000057  0.000000049 -0.000000066 |         -0.0 |  0.000003393 -0.000000010, -0.000000408 -0.000000318
CONST: 067 | 17 -1.25886e-05 -7.21014e-05 9.89995e-05 -0.000900057 0.000357049 -6.55467e-08

ABS:   068 | -0.000012720 -0.000072101  0.000098999 -0.000900057  0.000357049 -0.000000066 |         30.1 | -0.000008431  0.000070032, -0.000016863  0.000566298
DIFF:  068 | -0.000000131  0.000000000  0.000000000  0.000000000  0.000000000  0.000000000 |          0.0 | -0.000000131 -0.000000000,  0.000000000 -0.000000000
MOVE:  068 |  0.000003280 -0.000000101 -0.000000001 -0.000000057  0.000000049 -0.000000066 |         -0.0 |  0.000003261 -0.000000010, -0.000000408 -0.000000318
CONST: 068 | 17 -1.27201e-05 -7.21014e-05 9.89995e-05 -0.000900057 0.000357049 -6.55467e-08

ABS:   069 | -0.000011997 -0.000072101  0.000098999 -0.000900057  0.000357049 -0.000000066 |         30.1 | -0.000011450  0.000071743, -0.000016863  0.000566298
DIFF:  069 |  0.000000723  0.000000000  0.000000000  0.000000000  0.000000000  0.000000000 |          0.0 | -0.000003019  0.000001712, -0.000000000  0.000000000
MOVE:  069 |  0.000004003 -0.000000101 -0.000000001 -0.000000057  0.000000049 -0.000000066 |         -0.0 |  0.000000242  0.000001701, -0.000000408 -0.000000318
CONST: 069 | 17 -1.19972e-05 -7.21014e-05 9.89995e-05 -0.000900057 0.000357049 -6.55467e-08

ABS:   070 | -0.000013311 -0.000072101  0.000098999 -0.000900057  0.000357049 -0.000000066 |         30.1 | -0.000009022  0.000070032, -0.000016862  0.000566298
DIFF:  070 | -0.000001314  0.000000000  0.000000000  0.000000000  0.000000000  0.000000000 |         -0.0 |  0.000002428 -0.000001712,  0.000000000 -0.000000000
MOVE:  070 |  0.000002689 -0.000000101 -0.000000001 -0.000000057  0.000000049 -0.000000066 |         -0.0 |  0.000002670 -0.000000010, -0.000000407 -0.000000318
CONST: 070 | 17 -1.33115e-05 -7.21014e-05 9.89995e-05 -0.000900057 0.000357049 -6.55467e-08

ABS:   071 | -0.000012654 -0.000072100  0.000098999 -0.000900057  0.000357049 -0.000000066 |         30.1 | -0.000008365  0.000070032, -0.000016863  0.000566298
DIFF:  071 |  0.000000657  0.000000001  0.000000000  0.000000000  0.000000000  0.000000000 |         -0.0 |  0.000000657  0.000000000, -0.000000000  0.000000000
MOVE:  071 |  0.000003346 -0.000000100 -0.000000001 -0.000000057  0.000000049 -0.000000066 |         -0.0 |  0.000003327 -0.000000010, -0.000000408 -0.000000318
CONST: 071 | 17 -1.26544e-05 -7.21004e-05 9.89995e-05 -0.000900057 0.000357049 -6.55467e-08

ABS:   072 | -0.000012654 -0.000072102  0.000098999 -0.000900057  0.000357049 -0.000000066 |         30.1 | -0.000008365  0.000070031, -0.000016863  0.000566298
DIFF:  072 |  0.000000000 -0.000000002  0.000000000  0.000000000  0.000000000  0.000000000 |         -0.0 | -0.000000000 -0.000000000,  0.000000000 -0.000000000
MOVE:  072 |  0.000003346 -0.000000102 -0.000000001 -0.000000057  0.000000049 -0.000000066 |         -0.0 |  0.000003327 -0.000000011, -0.000000407 -0.000000318
CONST: 072 | 17 -1.26544e-05 -7.21024e-05 9.89995e-05 -0.000900057 0.000357049 -6.55467e-08

ABS:   073 | -0.000012654 -0.000072091  0.000098999 -0.000900057  0.000357049 -0.000000066 |         30.1 | -0.000008363  0.000070033, -0.000016439  0.000566610
DIFF:  073 |  0.000000000  0.000000011  0.000000000  0.000000000  0.000000000  0.000000000 |          0.0 |  0.000000002  0.000000001,  0.000000424  0.000000312
MOVE:  073 |  0.000003346 -0.000000091 -0.000000001 -0.000000057  0.000000049 -0.000000066 |         -0.0 |  0.000003329 -0.000000009,  0.000000016 -0.000000006
CONST: 073 | 17 -1.26544e-05 -7.20914e-05 9.89995e-05 -0.000900057 0.000357049 -6.55467e-08

ABS:   074 | -0.000012654 -0.000072111  0.000098999 -0.000900057  0.000357049 -0.000000066 |         30.1 | -0.000008367  0.000070031, -0.000016861  0.000566298
DIFF:  074 |  0.000000000 -0.000000020  0.000000000  0.000000000  0.000000000  0.000000000 |         -0.0 | -0.000000004 -0.000000002, -0.000000422 -0.000000313
MOVE:  074 |  0.000003346 -0.000000111 -0.000000001 -0.000000057  0.000000049 -0.000000066 |         -0.0 |  0.000003325 -0.000000011, -0.000000406 -0.000000318
CONST: 074 | 17 -1.26544e-05 -7.21114e-05 9.89995e-05 -0.000900057 0.000357049 -6.55467e-08

ABS:   075 | -0.000012654 -0.000072100  0.000098999 -0.000900057  0.000357049 -0.000000066 |         30.1 | -0.000008365  0.000070032, -0.000016863  0.000566298
DIFF:  075 |  0.000000000  0.000000011  0.000000000  0.000000000  0.000000000  0.000000000 |          0.0 |  0.000000002  0.000000001, -0.000000002  0.000000001
MOVE:  075 |  0.000003346 -0.000000100 -0.000000001 -0.000000057  0.000000049 -0.000000066 |         -0.0 |  0.000003327 -0.000000010, -0.000000408 -0.000000318
CONST: 075 | 17 -1.26544e-05 -7.21004e-05 9.89995e-05 -0.000900057 0.000357049 -6.55467e-08

ABS:   076 | -0.000012654 -0.000072102  0.000098999 -0.000900057  0.000357049 -0.000000066 |         30.1 | -0.000008365  0.000070031, -0.000016863  0.000566298
DIFF:  076 |  0.000000000 -0.000000002  0.000000000  0.000000000  0.000000000  0.000000000 |         -0.0 | -0.000000000 -0.000000000,  0.000000000 -0.000000000
MOVE:  076 |  0.000003346 -0.000000102 -0.000000001 -0.000000057  0.000000049 -0.000000066 |         -0.0 |  0.000003327 -0.000000011, -0.000000407 -0.000000318
CONST: 076 | 17 -1.26544e-05 -7.21024e-05 9.89995e-05 -0.000900057 0.000357049 -6.55467e-08

ABS:   077 | -0.000012654 -0.000072101  0.000099022 -0.000900057  0.000357049 -0.000000066 |         30.1 | -0.000008365  0.000070032, -0.000016460  0.000566610
DIFF:  077 |  0.000000000  0.000000001  0.000000022  0.000000000  0.000000000  0.000000000 |          0.0 |  0.000000000  0.000000000,  0.000000403  0.000000311
MOVE:  077 |  0.000003346 -0.000000101  0.000000022 -0.000000057  0.000000049 -0.000000066 |         -0.0 |  0.000003327 -0.000000010, -0.000000004 -0.000000006
CONST: 077 | 17 -1.26544e-05 -7.21014e-05 9.90216e-05 -0.000900057 0.000357049 -6.55467e-08

ABS:   078 | -0.000012654 -0.000072101  0.000098977 -0.000900057  0.000357049 -0.000000066 |         30.1 | -0.000008365  0.000070032, -0.000017253  0.000566585
DIFF:  078 |  0.000000000  0.000000000 -0.000000044  0.000000000  0.000000000  0.000000000 |         -0.0 |  0.000000000  0.000000000, -0.000000794 -0.000000025
MOVE:  078 |  0.000003346 -0.000000101 -0.000000023 -0.000000057  0.000000049 -0.000000066 |         -0.0 |  0.000003327 -0.000000010, -0.000000798 -0.000000031
CONST: 078 | 17 -1.26544e-05 -7.21014e-05 9.89774e-05 -0.000900057 0.000357049 -6.55467e-08

ABS:   079 | -0.000012654 -0.000072101  0.000098999 -0.000900017  0.000357049 -0.000000066 |         30.1 | -0.000008364  0.000070032, -0.000016864  0.000566298
DIFF:  079 |  0.000000000  0.000000000  0.000000022  0.000000040  0.000000000  0.000000000 |         -0.0 |  0.000000000  0.000000000,  0.000000389 -0.000000286
MOVE:  079 |  0.000003346 -0.000000101 -0.000000001 -0.000000017  0.000000049 -0.000000066 |         -0.0 |  0.000003327 -0.000000010, -0.000000409 -0.000000318
CONST: 079 | 17 -1.26544e-05 -7.21014e-05 9.89995e-05 -0.000900017 0.000357049 -6.55467e-08

ABS:   080 | -0.000012654 -0.000072101  0.000098999 -0.000900097  0.000357049 -0.000000066 |         30.1 | -0.000008365  0.000070032, -0.000016861  0.000566298
DIFF:  080 |  0.000000000  0.000000000  0.000000000 -0.000000080  0.000000000  0.000000000 |         -0.0 | -0.000000001 -0.000000000,  0.000000003  0.000000000
MOVE:  080 |  0.000003346 -0.000000101 -0.000000001 -0.000000097  0.000000049 -0.000000066 |         -0.0 |  0.000003326 -0.000000010, -0.000000406 -0.000000318
CONST: 080 | 17 -1.26544e-05 -7.21014e-05 9.89995e-05 -0.000900097 0.000357049 -6.55467e-08

ABS:   081 | -0.000012654 -0.000072101  0.000098999 -0.000899657  0.000357049 -0.000000066 |         30.1 | -0.000008361  0.000070032, -0.000016450  0.000566610
DIFF:  081 |  0.000000000  0.000000000  0.000000000  0.000000440  0.000000000  0.000000000 |          0.0 |  0.000000004  0.000000001,  0.000000411  0.000000311
MOVE:  081 |  0.000003346 -0.000000101 -0.000000001  0.000000343  0.000000049 -0.000000066 |         -0.0 |  0.000003331 -0.000000010,  0.000000005 -0.000000006
CONST: 081 | 17 -1.26544e-05 -7.21014e-05 9.89995e-05 -0.000899657 0.000357049 -6.55467e-08

ABS:   082 | -0.000012654 -0.000072101  0.000098999 -0.000900457  0.000357049 -0.000000066 |         30.1 | -0.000008369  0.000070031, -0.000016850  0.000566299
DIFF:  082 |  0.000000000  0.000000000  0.000000000 -0.000000800  0.000000000  0.000000000 |         -0.0 | -0.000000008 -0.000000001, -0.000000400 -0.000000311
MOVE:  082 |  0.000003346 -0.000000101 -0.000000001 -0.000000457  0.000000049 -0.000000066 |         -0.0 |  0.000003323 -0.000000011, -0.000000395 -0.000000318
CONST: 082 | 17 -1.26544e-05 -7.21014e-05 9.89995e-05 -0.000900457 0.000357049 -6.55467e-08

ABS:   083 | -0.000012654 -0.000072101  0.000098999 -0.000900017  0.000357049 -0.000000066 |         30.1 | -0.000008364  0.000070032, -0.000016864  0.000566298
DIFF:  083 |  0.000000000  0.000000000  0.000000000  0.000000440  0.000000000  0.000000000 |          0.0 |  0.000000004  0.000000001, -0.000000014 -0.000000000
MOVE:  083 |  0.000003346 -0.000000101 -0.000000001 -0.000000017  0.000000049 -0.000000066 |         -0.0 |  0.000003327 -0.000000010, -0.000000409 -0.000000318
CONST: 083 | 17 -1.26544e-05 -7.21014e-05 9.89995e-05 -0.000900017 0.000357049 -6.55467e-08

ABS:   084 | -0.000012654 -0.000072101  0.000098999 -0.000900097  0.000357049 -0.000000066 |         30.1 | -0.000008365  0.000070032, -0.000016861  0.000566298
DIFF:  084 |  0.000000000  0.000000000  0.000000000 -0.000000080  0.000000000  0.000000000 |         -0.0 | -0.000000001 -0.000000000,  0.000000003  0.000000000
MOVE:  084 |  0.000003346 -0.000000101 -0.000000001 -0.000000097  0.000000049 -0.000000066 |         -0.0 |  0.000003326 -0.000000010, -0.000000406 -0.000000318
CONST: 084 | 17 -1.26544e-05 -7.21014e-05 9.89995e-05 -0.000900097 0.000357049 -6.55467e-08

ABS:   085 | -0.000012654 -0.000072101  0.000098999 -0.000900057  0.000358380 -0.000000066 |         30.1 | -0.000008366  0.000070010, -0.000016858  0.000566298
DIFF:  085 |  0.000000000  0.000000000  0.000000000  0.000000040  0.000001331  0.000000000 |         -0.0 | -0.000000000 -0.000000021,  0.000000003 -0.000000000
MOVE:  085 |  0.000003346 -0.000000101 -0.000000001 -0.000000057  0.000001380 -0.000000066 |         -0.0 |  0.000003326 -0.000000032, -0.000000403 -0.000000318
CONST: 085 | 17 -1.26544e-05 -7.21014e-05 9.89995e-05 -0.000900057 0.00035838 -6.55467e-08

ABS:   086 | -0.000012654 -0.000072101  0.000098999 -0.000900057  0.000355719 -0.000000066 |         30.1 | -0.000008364  0.000070053, -0.000016442  0.000566610
DIFF:  086 |  0.000000000  0.000000000  0.000000000  0.000000000 -0.000002661  0.000000000 |          0.0 |  0.000000001  0.000000042,  0.000000416  0.000000312
MOVE:  086 |  0.000003346 -0.000000101 -0.000000001 -0.000000057 -0.000001281 -0.000000066 |         -0.0 |  0.000003327  0.000000011,  0.000000013 -0.000000006
CONST: 086 | 17 -1.26544e-05 -7.21014e-05 9.89995e-05 -0.000900057 0.000355719 -6.55467e-08

ABS:   087 | -0.000012654 -0.000072101  0.000098999 -0.000900057  0.000357182 -0.000000066 |         30.1 | -0.000008365  0.000070029, -0.000016862  0.000566298
DIFF:  087 |  0.000000000  0.000000000  0.000000000  0.000000000  0.000001464  0.000000000 |         -0.0 | -0.000000001 -0.000000023, -0.000000420 -0.000000312
MOVE:  087 |  0.000003346 -0.000000101 -0.000000001 -0.000000057  0.000000182 -0.000000066 |         -0.0 |  0.000003327 -0.000000013, -0.000000407 -0.000000318
CONST: 087 | 17 -1.26544e-05 -7.21014e-05 9.89995e-05 -0.000900057 0.000357182 -6.55467e-08

ABS:   088 | -0.000012654 -0.000072101  0.000098999 -0.000900057  0.000356916 -0.000000066 |         30.1 | -0.000008365  0.000070034, -0.000016863  0.000566298
DIFF:  088 |  0.000000000  0.000000000  0.000000000  0.000000000 -0.000000266  0.000000000 |          0.0 |  0.000000000  0.000000004, -0.000000001  0.000000000
MOVE:  088 |  0.000003346 -0.000000101 -0.000000001 -0.000000057 -0.000000084 -0.000000066 |         -0.0 |  0.000003327 -0.000000008, -0.000000408 -0.000000318
CONST: 088 | 17 -1.26544e-05 -7.21014e-05 9.89995e-05 -0.000900057 0.000356916 -6.55467e-08

ABS:   089 | -0.000012654 -0.000072101  0.000098999 -0.000900057  0.000358380 -0.000000066 |         30.1 | -0.000008366  0.000070010, -0.000016858  0.000566298
DIFF:  089 |  0.000000000  0.000000000  0.000000000  0.000000000  0.000001464  0.000000000 |         -0.0 | -0.000000001 -0.000000023,  0.000000005 -0.000000000
MOVE:  089 |  0.000003346 -0.000000101 -0.000000001 -0.000000057  0.000001380 -0.000000066 |         -0.0 |  0.000003326 -0.000000032, -0.000000403 -0.000000318
CONST: 089 | 17 -1.26544e-05 -7.21014e-05 9.89995e-05 -0.000900057 0.00035838 -6.55467e-08

ABS:   090 | -0.000012654 -0.000072101  0.000098999 -0.000900057  0.000355719 -0.000000066 |         30.1 | -0.000008364  0.000070053, -0.000016442  0.000566610
DIFF:  090 |  0.000000000  0.000000000  0.000000000  0.000000000 -0.000002661  0.000000000 |          0.0 |  0.000000001  0.000000042,  0.000000416  0.000000312
MOVE:  090 |  0.000003346 -0.000000101 -0.000000001 -0.000000057 -0.000001281 -0.000000066 |         -0.0 |  0.000003327  0.000000011,  0.000000013 -0.000000006
CONST: 090 | 17 -1.26544e-05 -7.21014e-05 9.89995e-05 -0.000900057 0.000355719 -6.55467e-08

ABS:   091 | -0.000012654 -0.000072101  0.000098999 -0.000900057  0.000357049  0.000001934 |         30.1 | -0.000008370  0.000070030, -0.000016439  0.000566611
DIFF:  091 |  0.000000000  0.000000000  0.000000000  0.000000000  0.000001331  0.000002000 |         -0.0 | -0.000000006 -0.000000022,  0.000000003  0.000000000
MOVE:  091 |  0.000003346 -0.000000101 -0.000000001 -0.000000057  0.000000049  0.000001934 |         -0.0 |  0.000003322 -0.000000012,  0.000000016 -0.000000005
CONST: 091 | 17 -1.26544e-05 -7.21014e-05 9.89995e-05 -0.000900057 0.000357049 1.93446e-06

ABS:   092 | -0.000012654 -0.000072101  0.000098999 -0.000900057  0.000357049 -0.000002066 |         30.1 | -0.000008360  0.000070033, -0.000016861  0.000566298
DIFF:  092 |  0.000000000  0.000000000  0.000000000  0.000000000  0.000000000 -0.000004000 |         -0.0 |  0.000000011  0.000000002, -0.000000421 -0.000000313
MOVE:  092 |  0.000003346 -0.000000101 -0.000000001 -0.000000057  0.000000049 -0.000002066 |         -0.0 |  0.000003332 -0.000000009, -0.000000406 -0.000000319
CONST: 092 | 17 -1.26544e-05 -7.21014e-05 9.89995e-05 -0.000900057 0.000357049 -2.06555e-06

ABS:   093 | -0.000012654 -0.000072101  0.000098999 -0.000900057  0.000357049  0.000000134 |         30.1 | -0.000008365  0.000070031, -0.000016863  0.000566298
DIFF:  093 |  0.000000000  0.000000000  0.000000000  0.000000000  0.000000000  0.000002200 |          0.0 | -0.000000006 -0.000000001, -0.000000002  0.000000001
MOVE:  093 |  0.000003346 -0.000000101 -0.000000001 -0.000000057  0.000000049  0.000000134 |         -0.0 |  0.000003326 -0.000000011, -0.000000408 -0.000000318
CONST: 093 | 17 -1.26544e-05 -7.21014e-05 9.89995e-05 -0.000900057 0.000357049 1.34454e-07

ABS:   094 | -0.000012654 -0.000072101  0.000098999 -0.000900057  0.000357049 -0.000000266 |         30.1 | -0.000008364  0.000070032, -0.000016863  0.000566298
DIFF:  094 |  0.000000000  0.000000000  0.000000000  0.000000000  0.000000000 -0.000000400 |         -0.0 |  0.000000001  0.000000000,  0.000000000 -0.000000000
MOVE:  094 |  0.000003346 -0.000000101 -0.000000001 -0.000000057  0.000000049 -0.000000266 |         -0.0 |  0.000003327 -0.000000010, -0.000000407 -0.000000318
CONST: 094 | 17 -1.26544e-05 -7.21014e-05 9.89995e-05 -0.000900057 0.000357049 -2.65547e-07

ABS:   095 | -0.000012654 -0.000072101  0.000098999 -0.000900057  0.000357049  0.000001934 |         30.1 | -0.000008370  0.000070030, -0.000016439  0.000566611
DIFF:  095 |  0.000000000  0.000000000  0.000000000  0.000000000  0.000000000  0.000002200 |          0.0 | -0.000000006 -0.000000001,  0.000000423  0.000000312
MOVE:  095 |  0.000003346 -0.000000101 -0.000000001 -0.000000057  0.000000049  0.000001934 |         -0.0 |  0.000003322 -0.000000012,  0.000000016 -0.000000005
CONST: 095 | 17 -1.26544e-05 -7.21014e-05 9.89995e-05 -0.000900057 0.000357049 1.93446e-06

ABS:   096 | -0.000012654 -0.000072101  0.000098999 -0.000900057  0.000357049 -0.000002066 |         30.1 | -0.000008360  0.000070033, -0.000016861  0.000566298
DIFF:  096 |  0.000000000  0.000000000  0.000000000  0.000000000  0.000000000 -0.000004000 |         -0.0 |  0.000000011  0.000000002, -0.000000421 -0.000000313
MOVE:  096 |  0.000003346 -0.000000101 -0.000000001 -0.000000057  0.000000049 -0.000002066 |         -0.0 |  0.000003332 -0.000000009, -0.000000406 -0.000000319
CONST: 096 | 17 -1.26544e-05 -7.21014e-05 9.89995e-05 -0.000900057 0.000357049 -2.06555e-06

ABS:   097 | -0.000010962 -0.000072105  0.000098998 -0.000900209  0.000358498 -0.000002221 |         30.1 | -0.000013937  0.000073149, -0.000017262  0.000566583
DIFF:  097 |  0.000001692 -0.000000004 -0.000000001 -0.000000151  0.000001449 -0.000000155 |          0.1 | -0.000005578  0.000003117, -0.000000401  0.000000286
MOVE:  097 |  0.000005038 -0.000000105 -0.000000002 -0.000000209  0.000001498 -0.000002221 |          0.0 | -0.000002246  0.000003107, -0.000000807 -0.000000033
CONST: 097 | 17 -1.09625e-05 -7.21052e-05 9.89981e-05 -0.000900209 0.000358498 -2.22054e-06

ABS:   098 | -0.000012332 -0.000072102  0.000098999 -0.000900086  0.000357325 -0.000000476 |         30.1 | -0.000008042  0.000070027, -0.000016860  0.000566298
DIFF:  098 | -0.000001370  0.000000003  0.000000001  0.000000122 -0.000001173  0.000001744 |         -0.1 |  0.000005895 -0.000003122,  0.000000402 -0.000000285
MOVE:  098 |  0.000003668 -0.000000102 -0.000000001 -0.000000086  0.000000325 -0.000000476 |         -0.0 |  0.000003650 -0.000000015, -0.000000405 -0.000000318
CONST: 098 | 17 -1.23321e-05 -7.21022e-05 9.89992e-05 -0.000900086 0.000357325 -4.76056e-07

ABS:   099 | -0.000012485 -0.000072102  0.000098999 -0.000900073  0.000357194 -0.000000282 |         30.1 | -0.000008195  0.000070029, -0.000016861  0.000566298
DIFF:  099 | -0.000000153  0.000000000  0.000000000  0.000000014 -0.000000131  0.000000194 |          0.0 | -0.000000153  0.000000002, -0.000000001  0.000000000
MOVE:  099 |  0.000003515 -0.000000102 -0.000000001 -0.000000073  0.000000194 -0.000000282 |         -0.0 |  0.000003497 -0.000000013, -0.000000406 -0.000000318
CONST: 099 | 17 -1.24847e-05 -7.21018e-05 9.89994e-05 -0.000900073 0.000357194 -2.81623e-07

ABS:   100 | -0.000003873 -0.000072121  0.000098992 -0.000900842  0.000364569 -0.000011251 |         30.1 | -0.000017764  0.000072566, -0.000017206  0.000566576
DIFF:  100 |  0.000008612 -0.000000019 -0.000000007 -0.000000770  0.000007374 -0.000010969 |          0.1 | -0.000009569  0.000002536, -0.000000345  0.000000278
MOVE:  100 |  0.000012127 -0.000000121 -0.000000008 -0.000000842  0.000007569 -0.000011251 |          0.0 | -0.000006072  0.000002524, -0.000000751 -0.000000040
CONST: 100 | 17 -3.87296e-06 -7.21211e-05 9.89922e-05 -0.000900842 0.000364569 -1.1251e-05

ABS:   101 | -0.000008102 -0.000072112  0.000098996 -0.000900464  0.000360947 -0.000005864 |         30.1 | -0.000014463  0.000074399, -0.000017240  0.000566580
DIFF:  101 | -0.000004229  0.000000009  0.000000003  0.000000378 -0.000003622  0.000005387 |          0.0 |  0.000003301  0.000001834, -0.000000033  0.000000004
MOVE:  101 |  0.000007898 -0.000000112 -0.000000004 -0.000000464  0.000003947 -0.000005864 |          0.0 | -0.000002772  0.000004357, -0.000000784 -0.000000036
CONST: 101 | 17 -8.10244e-06 -7.21116e-05 9.89957e-05 -0.000900464 0.000360947 -5.86354e-06

ABS:   102 | -0.000010217 -0.000072107  0.000098997 -0.000900275  0.000359136 -0.000003170 |         30.1 | -0.000013192  0.000073142, -0.000017256  0.000566582
DIFF:  102 | -0.000002115  0.000000005  0.000000002  0.000000189 -0.000001811  0.000002694 |         -0.0 |  0.000001271 -0.000001257, -0.000000017  0.000000002
MOVE:  102 |  0.000005783 -0.000000107 -0.000000003 -0.000000275  0.000002136 -0.000003170 |          0.0 | -0.000001500  0.000003100, -0.000000801 -0.000000034
CONST: 102 | 17 -1.02172e-05 -7.21069e-05 9.89975e-05 -0.000900275 0.000359136 -3.1698e-06

ABS:   103 | -0.000011275 -0.000072105  0.000098998 -0.000900181  0.000358231 -0.000001823 |         30.1 | -0.000014249  0.000073152, -0.000017264  0.000566583
DIFF:  103 | -0.000001057  0.000000002  0.000000001  0.000000094 -0.000000905  0.000001347 |          0.0 | -0.000001058  0.000000010, -0.000000008  0.000000001
MOVE:  103 |  0.000004725 -0.000000105 -0.000000002 -0.000000181  0.000001231 -0.000001823 |          0.0 | -0.000002558  0.000003110, -0.000000809 -0.000000033
CONST: 103 | 17 -1.12747e-05 -7.21045e-05 9.89984e-05 -0.000900181 0.000358231 -1.82293e-06

ABS:   104 | -0.000011803 -0.000072103  0.000098999 -0.000900133  0.000357778 -0.000001149 |         30.1 | -0.000011255  0.000071733, -0.000016856  0.000566298
DIFF:  104 | -0.000000529  0.000000001  0.000000000  0.000000047 -0.000000453  0.000000673 |         -0.1 |  0.000002994 -0.000001419,  0.000000408 -0.000000286
MOVE:  104 |  0.000004197 -0.000000103 -0.000000001 -0.000000133  0.000000778 -0.000001149 |         -0.0 |  0.000000437  0.000001691, -0.000000401 -0.000000319
CONST: 104 | 17 -1.18034e-05 -7.21033e-05 9.89988e-05 -0.000900133 0.000357778 -1.14949e-06

ABS:   105 | -0.000012068 -0.000072103  0.000098999 -0.000900110  0.000357551 -0.000000813 |         30.1 | -0.000007777  0.000070024, -0.000016858  0.000566298
DIFF:  105 | -0.000000264  0.000000001  0.000000000  0.000000024 -0.000000226  0.000000337 |         -0.0 |  0.000003478 -0.000001709, -0.000000002  0.000000000
MOVE:  105 |  0.000003932 -0.000000103 -0.000000001 -0.000000110  0.000000551 -0.000000813 |         -0.0 |  0.000003914 -0.000000018, -0.000000403 -0.000000318
CONST: 105 | 17 -1.20677e-05 -7.21028e-05 9.8999e-05 -0.00090011 0.000357551 -8.12774e-07

ABS:   106 | -0.000011888 -0.000072103  0.000098999 -0.000900126  0.000357705 -0.000001042 |         30.1 | -0.000011340  0.000071734, -0.000016857  0.000566298
DIFF:  106 |  0.000000180 -0.000000000 -0.000000000 -0.000000016  0.000000154 -0.000000229 |          0.0 | -0.000003563  0.000001710,  0.000000001 -0.000000000
MOVE:  106 |  0.000004112 -0.000000103 -0.000000001 -0.000000126  0.000000705 -0.000001042 |         -0.0 |  0.000000352  0.000001692, -0.000000402 -0.000000318
CONST: 106 | 17 -1.1888e-05 -7.21032e-05 9.89989e-05 -0.000900126 0.000357705 -1.04174e-06

ABS:   107 | -0.000011978 -0.000072103  0.000098999 -0.000900118  0.000357628 -0.000000927 |         30.1 | -0.000011430  0.000071735, -0.000016857  0.000566298
DIFF:  107 | -0.000000090  0.000000000  0.000000000  0.000000008 -0.000000077  0.000000114 |          0.0 | -0.000000090  0.000000001, -0.000000001  0.000000000
MOVE:  107 |  0.000004022 -0.000000103 -0.000000001 -0.000000118  0.000000628 -0.000000927 |         -0.0 |  0.000000262  0.000001693, -0.000000402 -0.000000318
CONST: 107 | 17 -1.19778e-05 -7.2103e-05 9.89989e-05 -0.000900118 0.000357628 -9.27258e-07

ABS:   108 | -0.000012002 -0.000072103  0.000098999 -0.000900110  0.000357551 -0.000000813 |         30.1 | -0.000011454  0.000071736, -0.000016858  0.000566298
DIFF:  108 | -0.000000024  0.000000000  0.000000000  0.000000008 -0.000000077  0.000000114 |          0.0 | -0.000000024  0.000000001, -0.000000001  0.000000000
MOVE:  108 |  0.000003998 -0.000000103 -0.000000001 -0.000000110  0.000000551 -0.000000813 |         -0.0 |  0.000000238  0.000001694, -0.000000403 -0.000000318
CONST: 108 | 17 -1.2002e-05 -7.21028e-05 9.8999e-05 -0.00090011 0.000357551 -8.12774e-07

ABS:   109 | -0.000012133 -0.000072103  0.000098999 -0.000900110  0.000357551 -0.000000813 |         30.1 | -0.000007843  0.000070024, -0.000016858  0.000566298
DIFF:  109 | -0.000000131  0.000000000  0.000000000  0.000000000  0.000000000  0.000000000 |         -0.0 |  0.000003611 -0.000001712,  0.000000000 -0.000000000
MOVE:  109 |  0.000003867 -0.000000103 -0.000000001 -0.000000110  0.000000551 -0.000000813 |         -0.0 |  0.000003849 -0.000000018, -0.000000403 -0.000000318
CONST: 109 | 17 -1.21334e-05 -7.21028e-05 9.8999e-05 -0.00090011 0.000357551 -8.12774e-07

