ABS:   itr |       deltaX       deltaY       deltaZ         phiX         phiY         phiZ |        chisq |    rphi mean     rphi rms,       z mean        z rms
ABS:   =========================================================================================================================================================
DIFF:  itr |       deltaX       deltaY       deltaZ         phiX         phiY         phiZ |        chisq |    rphi mean     rphi rms,       z mean        z rms
DIFF:  =========================================================================================================================================================
MOVE:  itr |       deltaX       deltaY       deltaZ         phiX         phiY         phiZ |        chisq |    rphi mean     rphi rms,       z mean        z rms
MOVE:  =========================================================================================================================================================
ABS:   001 |  0.000002000  0.000000000  0.000305000  0.000000000 -0.000244000  0.000000000 |          3.5 | -0.000018934  0.000051855, -0.000038320  0.000539039
CONST: 001 | 42 2e-06 0 0.000305 0 -0.000244 0

ABS:   001 |  0.000002000  0.000000000  0.000305000  0.000000000 -0.000244000  0.000000000 |          3.5 | -0.000018934  0.000051855, -0.000038320  0.000539039
CONST: 001 | 42 2e-06 0 0.000305 0 -0.000244 0

ABS:   002 |  0.000012000  0.000000000  0.000305000  0.000000000 -0.000244000  0.000000000 |          3.4 | -0.000010691  0.000052355, -0.000038317  0.000539039
DIFF:  002 |  0.000010000  0.000000000 -0.000000000  0.000000000 -0.000000000  0.000000000 |         -0.0 |  0.000008244  0.000000500,  0.000000002  0.000000000
MOVE:  002 |  0.000010000  0.000000000 -0.000000000  0.000000000 -0.000000000  0.000000000 |         -0.0 |  0.000008244  0.000000500,  0.000000002  0.000000000
CONST: 002 | 42 1.2e-05 0 0.000305 0 -0.000244 0

ABS:   003 | -0.000008000  0.000000000  0.000305000  0.000000000 -0.000244000  0.000000000 |          3.5 | -0.000026726  0.000050286, -0.000038322  0.000539039
DIFF:  003 | -0.000020000  0.000000000  0.000000000  0.000000000  0.000000000  0.000000000 |          0.1 | -0.000016035 -0.000002069, -0.000000005 -0.000000000
MOVE:  003 | -0.000010000  0.000000000 -0.000000000  0.000000000 -0.000000000  0.000000000 |          0.0 | -0.000007792 -0.000001569, -0.000000002  0.000000000
CONST: 003 | 42 -8e-06 0 0.000305 0 -0.000244 0

ABS:   004 |  0.000101835  0.000000000  0.000305000  0.000000000 -0.000244000  0.000000000 |          3.6 |  0.000049102  0.000046988, -0.000038295  0.000539039
DIFF:  004 |  0.000109835  0.000000000  0.000000000  0.000000000  0.000000000  0.000000000 |          0.1 |  0.000075828 -0.000003298,  0.000000027 -0.000000000
MOVE:  004 |  0.000099835  0.000000000 -0.000000000  0.000000000 -0.000000000  0.000000000 |          0.2 |  0.000068036 -0.000004867,  0.000000024 -0.000000000
CONST: 004 | 42 0.000101835 0 0.000305 0 -0.000244 0

ABS:   005 | -0.000097835  0.000000000  0.000305000  0.000000000 -0.000244000  0.000000000 |          3.5 | -0.000070775  0.000041523, -0.000038344  0.000539039
DIFF:  005 | -0.000199670  0.000000000  0.000000000  0.000000000  0.000000000  0.000000000 |         -0.1 | -0.000119877 -0.000005465, -0.000000049  0.000000000
MOVE:  005 | -0.000099835  0.000000000 -0.000000000  0.000000000 -0.000000000  0.000000000 |          0.0 | -0.000051841 -0.000010332, -0.000000024  0.000000000
CONST: 005 | 42 -9.78351e-05 0 0.000305 0 -0.000244 0

ABS:   006 |  0.000002000  0.000010000  0.000305000  0.000000000 -0.000244000  0.000000000 |          3.4 | -0.000018682  0.000051578, -0.000034093  0.000535678
DIFF:  006 |  0.000099835  0.000010000  0.000000000  0.000000000  0.000000000  0.000000000 |         -0.1 |  0.000052093  0.000010055,  0.000004251 -0.000003362
MOVE:  006 |  0.000000000  0.000010000 -0.000000000  0.000000000 -0.000000000  0.000000000 |         -0.1 |  0.000000252 -0.000000277,  0.000004227 -0.000003362
CONST: 006 | 42 2e-06 1e-05 0.000305 0 -0.000244 0

ABS:   007 |  0.000002000 -0.000010000  0.000305000  0.000000000 -0.000244000  0.000000000 |          3.5 | -0.000019304  0.000051389, -0.000046642  0.000539044
DIFF:  007 |  0.000000000 -0.000020000  0.000000000  0.000000000  0.000000000  0.000000000 |          0.1 | -0.000000622 -0.000000189, -0.000012549  0.000003366
MOVE:  007 |  0.000000000 -0.000010000 -0.000000000  0.000000000 -0.000000000  0.000000000 |         -0.0 | -0.000000370 -0.000000466, -0.000008322  0.000000004
CONST: 007 | 42 2e-06 -1e-05 0.000305 0 -0.000244 0

ABS:   008 |  0.000002000  0.000099835  0.000305000  0.000000000 -0.000244000  0.000000000 |          3.4 | -0.000019597  0.000051780,  0.000024948  0.000537038
DIFF:  008 |  0.000000000  0.000109835  0.000000000  0.000000000  0.000000000  0.000000000 |         -0.0 | -0.000000292  0.000000391,  0.000071590 -0.000002006
MOVE:  008 |  0.000000000  0.000099835 -0.000000000  0.000000000 -0.000000000  0.000000000 |         -0.0 | -0.000000662 -0.000000075,  0.000063268 -0.000002002
CONST: 008 | 42 2e-06 9.98351e-05 0.000305 0 -0.000244 0

ABS:   009 |  0.000002000 -0.000099835  0.000305000  0.000000000 -0.000244000  0.000000000 |          3.4 | -0.000017698  0.000051394, -0.000074492  0.000532045
DIFF:  009 |  0.000000000 -0.000199670  0.000000000  0.000000000  0.000000000  0.000000000 |         -0.1 |  0.000001899 -0.000000386, -0.000099440 -0.000004993
MOVE:  009 |  0.000000000 -0.000099835 -0.000000000  0.000000000 -0.000000000  0.000000000 |         -0.1 |  0.000001237 -0.000000461, -0.000036172 -0.000006994
CONST: 009 | 42 2e-06 -9.98351e-05 0.000305 0 -0.000244 0

ABS:   010 |  0.000002000  0.000000000  0.000805000  0.000000000 -0.000244000  0.000000000 |          4.0 | -0.000018812  0.000051855, -0.000295882  0.000540152
DIFF:  010 |  0.000000000  0.000099835  0.000500000  0.000000000  0.000000000  0.000000000 |          0.6 | -0.000001115  0.000000461, -0.000221390  0.000008107
MOVE:  010 |  0.000000000  0.000000000  0.000500000  0.000000000 -0.000000000  0.000000000 |          0.5 |  0.000000122 -0.000000000, -0.000257562  0.000001113
CONST: 010 | 42 2e-06 0 0.000805 0 -0.000244 0

ABS:   011 |  0.000002000  0.000000000 -0.000195000  0.000000000 -0.000244000  0.000000000 |          3.2 | -0.000018737  0.000051624,  0.000249718  0.000488955
DIFF:  011 |  0.000000000  0.000000000 -0.001000000  0.000000000  0.000000000  0.000000000 |         -0.8 |  0.000000076 -0.000000231,  0.000545600 -0.000051198
MOVE:  011 |  0.000000000  0.000000000 -0.000500000  0.000000000 -0.000000000  0.000000000 |         -0.2 |  0.000000198 -0.000000231,  0.000288038 -0.000050085
CONST: 011 | 42 2e-06 0 -0.000195 0 -0.000244 0

ABS:   012 |  0.000002000  0.000000000  0.005099255  0.000000000 -0.000244000  0.000000000 |          0.6 | -0.000018523  0.000051584, -0.000604746  0.000274358
DIFF:  012 |  0.000000000  0.000000000  0.005294255  0.000000000  0.000000000  0.000000000 |         -2.6 |  0.000000213 -0.000000040, -0.000854465 -0.000214596
MOVE:  012 |  0.000000000  0.000000000  0.004794255  0.000000000 -0.000000000  0.000000000 |         -2.9 |  0.000000411 -0.000000271, -0.000566426 -0.000264681
CONST: 012 | 42 2e-06 0 0.00509926 0 -0.000244 0

ABS:   013 |  0.000002000  0.000000000 -0.004489255  0.000000000 -0.000244000  0.000000000 |          0.6 | -0.000019784  0.000051624,  0.000036443  0.000590440
DIFF:  013 |  0.000000000  0.000000000 -0.009588511  0.000000000  0.000000000  0.000000000 |         -0.0 | -0.000001261  0.000000040,  0.000641189  0.000316082
MOVE:  013 |  0.000000000  0.000000000 -0.004794255  0.000000000 -0.000000000  0.000000000 |         -2.9 | -0.000000850 -0.000000231,  0.000074762  0.000051401
CONST: 013 | 42 2e-06 0 -0.00448926 0 -0.000244 0

ABS:   014 |  0.000002000  0.000000000  0.000305000  0.000400000 -0.000244000  0.000000000 |          3.4 | -0.000018381  0.000051792, -0.000048720  0.000535672
DIFF:  014 |  0.000000000  0.000000000  0.004794255  0.000400000  0.000000000  0.000000000 |          2.8 |  0.000001403  0.000000168, -0.000085162 -0.000054768
MOVE:  014 |  0.000000000  0.000000000 -0.000000000  0.000400000 -0.000000000  0.000000000 |         -0.1 |  0.000000553 -0.000000063, -0.000010400 -0.000003367
CONST: 014 | 42 2e-06 0 0.000305 0.0004 -0.000244 0

ABS:   015 |  0.000002000  0.000000000  0.000305000 -0.000400000 -0.000244000  0.000000000 |          3.4 | -0.000018829  0.000051562, -0.000008552  0.000535728
DIFF:  015 |  0.000000000  0.000000000  0.000000000 -0.000800000  0.000000000  0.000000000 |         -0.0 | -0.000000448 -0.000000231,  0.000040168  0.000000055
MOVE:  015 |  0.000000000  0.000000000 -0.000000000 -0.000400000 -0.000000000  0.000000000 |         -0.1 |  0.000000105 -0.000000293,  0.000029768 -0.000003312
CONST: 015 | 42 2e-06 0 0.000305 -0.0004 -0.000244 0

ABS:   016 |  0.000002000  0.000000000  0.000305000  0.003995777 -0.000244000  0.000000000 |          3.9 | -0.000015511  0.000054183, -0.000175965  0.000561454
DIFF:  016 |  0.000000000  0.000000000  0.000000000  0.004395777  0.000000000  0.000000000 |          0.5 |  0.000003318  0.000002622, -0.000167413  0.000025726
MOVE:  016 |  0.000000000  0.000000000 -0.000000000  0.003995777 -0.000000000  0.000000000 |          0.4 |  0.000003423  0.000002329, -0.000137646  0.000022414
CONST: 016 | 42 2e-06 0 0.000305 0.00399578 -0.000244 0

ABS:   017 |  0.000002000  0.000000000  0.000305000 -0.003995777 -0.000244000  0.000000000 |          3.1 | -0.000019285  0.000053688,  0.000135884  0.000511942
DIFF:  017 |  0.000000000  0.000000000  0.000000000 -0.007991554  0.000000000  0.000000000 |         -0.8 | -0.000003774 -0.000000495,  0.000311850 -0.000049511
MOVE:  017 |  0.000000000  0.000000000 -0.000000000 -0.003995777 -0.000000000  0.000000000 |         -0.3 | -0.000000351  0.000001834,  0.000174204 -0.000027097
CONST: 017 | 42 2e-06 0 0.000305 -0.00399578 -0.000244 0

ABS:   018 |  0.000002000  0.000000000  0.000305000  0.000000000  0.000756000  0.000000000 |          3.7 |  0.000044033  0.000053331, -0.000036478  0.000539512
DIFF:  018 |  0.000000000  0.000000000  0.000000000  0.003995777  0.001000000  0.000000000 |          0.5 |  0.000063319 -0.000000357, -0.000172362  0.000027569
MOVE:  018 |  0.000000000  0.000000000 -0.000000000  0.000000000  0.001000000  0.000000000 |          0.2 |  0.000062968  0.000001476,  0.000001842  0.000000472
CONST: 018 | 42 2e-06 0 0.000305 0 0.000756 0

ABS:   019 |  0.000002000  0.000000000  0.000305000  0.000000000 -0.001244000  0.000000000 |          3.4 | -0.000057895  0.000048148, -0.000044369  0.000535217
DIFF:  019 |  0.000000000  0.000000000  0.000000000  0.000000000 -0.002000000  0.000000000 |         -0.3 | -0.000101928 -0.000005183, -0.000007891 -0.000004295
MOVE:  019 |  0.000000000  0.000000000 -0.000000000  0.000000000 -0.001000000  0.000000000 |         -0.1 | -0.000038961 -0.000003707, -0.000006049 -0.000003823
CONST: 019 | 42 2e-06 0 0.000305 0 -0.001244 0

ABS:   020 |  0.000002000  0.000000000  0.000305000  0.000000000  0.009690120  0.000000000 |          3.0 |  0.000035886  0.000064648, -0.000024438  0.000540546
DIFF:  020 |  0.000000000  0.000000000  0.000000000  0.000000000  0.010934120  0.000000000 |         -0.5 |  0.000093781  0.000016500,  0.000019931  0.000005329
MOVE:  020 |  0.000000000  0.000000000 -0.000000000  0.000000000  0.009934120  0.000000000 |         -0.5 |  0.000054821  0.000012793,  0.000013882  0.000001507
CONST: 020 | 42 2e-06 0 0.000305 0 0.00969012 0

ABS:   021 |  0.000002000  0.000000000  0.000305000  0.000000000 -0.010178120  0.000000000 |          2.9 | -0.000021829  0.000068498, -0.000053136  0.000537689
DIFF:  021 |  0.000000000  0.000000000  0.000000000  0.000000000 -0.019868240  0.000000000 |         -0.0 | -0.000057715  0.000003850, -0.000028698 -0.000002857
MOVE:  021 |  0.000000000  0.000000000 -0.000000000  0.000000000 -0.009934120  0.000000000 |         -0.5 | -0.000002894  0.000016643, -0.000014817 -0.000001351
CONST: 021 | 42 2e-06 0 0.000305 0 -0.0101781 0

ABS:   022 |  0.000002000  0.000000000  0.000305000  0.000000000 -0.000244000  0.000200000 |          3.5 | -0.000018709  0.000051611, -0.000038017  0.000539129
DIFF:  022 |  0.000000000  0.000000000  0.000000000  0.000000000  0.009934120  0.000200000 |          0.5 |  0.000003120 -0.000016887,  0.000015119  0.000001440
MOVE:  022 |  0.000000000  0.000000000 -0.000000000  0.000000000 -0.000000000  0.000200000 |         -0.0 |  0.000000225 -0.000000244,  0.000000303  0.000000089
CONST: 022 | 42 2e-06 0 0.000305 0 -0.000244 0.0002

ABS:   023 |  0.000002000  0.000000000  0.000305000  0.000000000 -0.000244000 -0.000200000 |          3.4 | -0.000018839  0.000051867, -0.000042719  0.000535569
DIFF:  023 |  0.000000000  0.000000000  0.000000000  0.000000000  0.000000000 -0.000400000 |         -0.0 | -0.000000130  0.000000256, -0.000004702 -0.000003560
MOVE:  023 |  0.000000000  0.000000000 -0.000000000  0.000000000 -0.000000000 -0.000200000 |         -0.0 |  0.000000095  0.000000012, -0.000004399 -0.000003471
CONST: 023 | 42 2e-06 0 0.000305 0 -0.000244 -0.0002

ABS:   024 |  0.000002000  0.000000000  0.000305000  0.000000000 -0.000244000  0.001999472 |          3.5 | -0.000019563  0.000051504, -0.000035291  0.000540081
DIFF:  024 |  0.000000000  0.000000000  0.000000000  0.000000000  0.000000000  0.002199472 |          0.0 | -0.000000724 -0.000000363,  0.000007428  0.000004512
MOVE:  024 |  0.000000000  0.000000000 -0.000000000  0.000000000 -0.000000000  0.001999472 |          0.0 | -0.000000629 -0.000000351,  0.000003029  0.000001041
CONST: 024 | 42 2e-06 0 0.000305 0 -0.000244 0.00199947

ABS:   025 |  0.000002000  0.000000000  0.000305000  0.000000000 -0.000244000 -0.001999472 |          3.4 | -0.000018428  0.000051469, -0.000045489  0.000534838
DIFF:  025 |  0.000000000  0.000000000  0.000000000  0.000000000  0.000000000 -0.003998944 |         -0.1 |  0.000001135 -0.000000035, -0.000010198 -0.000005243
MOVE:  025 |  0.000000000  0.000000000 -0.000000000  0.000000000 -0.000000000 -0.001999472 |         -0.1 |  0.000000506 -0.000000386, -0.000007169 -0.000004201
CONST: 025 | 42 2e-06 0 0.000305 0 -0.000244 -0.00199947

ABS:   026 |  0.000002000  0.000000000 -0.000013018  0.000000000  0.000001665  0.000000000 |          3.4 | -0.000000795  0.000052464,  0.000156238  0.000524882
DIFF:  026 |  0.000000000  0.000000000 -0.000318018  0.000000000  0.000245665  0.001999472 |         -0.0 |  0.000017634  0.000000995,  0.000201727 -0.000009956
MOVE:  026 |  0.000000000  0.000000000 -0.000318018  0.000000000  0.000245665  0.000000000 |         -0.1 |  0.000018140  0.000000609,  0.000194558 -0.000014158
CONST: 026 | 42 2e-06 0 -1.30177e-05 0 1.66486e-06 0

ABS:   027 |  0.000481426  0.000000000 -0.000013018  0.000000000  0.000001665  0.000000000 |          2.9 |  0.000111002  0.000000000,  0.000156237  0.000524882
DIFF:  027 |  0.000479426  0.000000000  0.000000000  0.000000000  0.000000000  0.000000000 |         -0.5 |  0.000111797 -0.000052464, -0.000000001 -0.000000000
MOVE:  027 |  0.000479426  0.000000000 -0.000318018  0.000000000  0.000245665  0.000000000 |         -0.6 |  0.000129937 -0.000051855,  0.000194557 -0.000014158
CONST: 027 | 42 0.000481426 0 -1.30177e-05 0 1.66486e-06 0

ABS:   028 | -0.000477426  0.000000000 -0.000013018  0.000000000  0.000001665  0.000000000 |          2.9 | -0.000075891  0.000000000,  0.000156239  0.000524882
DIFF:  028 | -0.000958851  0.000000000  0.000000000  0.000000000  0.000000000  0.000000000 |         -0.0 | -0.000186894  0.000000000,  0.000000002  0.000000000
MOVE:  028 | -0.000479426  0.000000000 -0.000318018  0.000000000  0.000245665  0.000000000 |         -0.6 | -0.000056957 -0.000051855,  0.000194559 -0.000014158
CONST: 028 | 42 -0.000477426 0 -1.30177e-05 0 1.66486e-06 0

ABS:   029 |  0.000002000  0.000479426 -0.000013018  0.000000000  0.000001665  0.000000000 |          3.1 | -0.000004738  0.000054431,  0.000349445  0.000459529
DIFF:  029 |  0.000479426  0.000479426  0.000000000  0.000000000  0.000000000  0.000000000 |          0.3 |  0.000071153  0.000054431,  0.000193206 -0.000065352
MOVE:  029 |  0.000000000  0.000479426 -0.000318018  0.000000000  0.000245665  0.000000000 |         -0.3 |  0.000014196  0.000002576,  0.000387765 -0.000079510
CONST: 029 | 42 2e-06 0.000479426 -1.30177e-05 0 1.66486e-06 0

ABS:   030 |  0.000002000 -0.000479426 -0.000013018  0.000000000  0.000001665  0.000000000 |          3.6 | -0.000000062  0.000056705, -0.000043247  0.000552967
DIFF:  030 |  0.000000000 -0.000958851  0.000000000  0.000000000  0.000000000  0.000000000 |          0.5 |  0.000004676  0.000002274, -0.000392692  0.000093438
MOVE:  030 |  0.000000000 -0.000479426 -0.000318018  0.000000000  0.000245665  0.000000000 |          0.2 |  0.000018873  0.000004850, -0.000004927  0.000013928
CONST: 030 | 42 2e-06 -0.000479426 -1.30177e-05 0 1.66486e-06 0

ABS:   031 |  0.000002000  0.000000000  0.004817744  0.000000000  0.000001665  0.000000000 |          0.6 | -0.000000803  0.000052464, -0.000506351  0.000394578
DIFF:  031 |  0.000000000  0.000479426  0.004830761  0.000000000  0.000000000  0.000000000 |         -3.0 | -0.000000741 -0.000004241, -0.000463104 -0.000158389
MOVE:  031 |  0.000000000  0.000000000  0.004512744  0.000000000  0.000245665  0.000000000 |         -2.9 |  0.000018132  0.000000609, -0.000468031 -0.000144461
CONST: 031 | 42 2e-06 0 0.00481774 0 1.66486e-06 0

ABS:   032 |  0.000002000  0.000000000 -0.004765917  0.000000000  0.000001665  0.000000000 |          0.6 | -0.000000787  0.000052464,  0.000312727  0.000590870
DIFF:  032 |  0.000000000  0.000000000 -0.009583661  0.000000000  0.000000000  0.000000000 |         -0.0 |  0.000000016 -0.000000000,  0.000819078  0.000196292
MOVE:  032 |  0.000000000  0.000000000 -0.005070917  0.000000000  0.000245665  0.000000000 |         -2.9 |  0.000018148  0.000000609,  0.000351047  0.000051831
CONST: 032 | 42 2e-06 0 -0.00476592 0 1.66486e-06 0

ABS:   033 |  0.000002000  0.000000000 -0.000013018  0.023971277  0.000001665  0.000000000 |          2.0 | -0.000043685  0.000055941, -0.000323661  0.000519838
DIFF:  033 |  0.000000000  0.000000000  0.004752900  0.023971277  0.000000000  0.000000000 |          1.5 | -0.000042898  0.000003477, -0.000636388 -0.000071032
MOVE:  033 |  0.000000000  0.000000000 -0.000318018  0.023971277  0.000245665  0.000000000 |         -1.4 | -0.000024751  0.000004087, -0.000285341 -0.000019201
CONST: 033 | 42 2e-06 0 -1.30177e-05 0.0239713 1.66486e-06 0

ABS:   034 |  0.000002000  0.000000000 -0.000013018 -0.023971277  0.000001665  0.000000000 |          1.6 |  0.000030961  0.000063955,  0.000438108  0.000500796
DIFF:  034 |  0.000000000  0.000000000  0.000000000 -0.047942554  0.000000000  0.000000000 |         -0.4 |  0.000074646  0.000008013,  0.000761769 -0.000019042
MOVE:  034 |  0.000000000  0.000000000 -0.000318018 -0.023971277  0.000245665  0.000000000 |         -1.9 |  0.000049895  0.000012100,  0.000476428 -0.000038243
CONST: 034 | 42 2e-06 0 -1.30177e-05 -0.0239713 1.66486e-06 0

ABS:   035 |  0.000002000  0.000000000 -0.000013018  0.000000000  0.023942579  0.000000000 |          2.9 | -0.000001222  0.000056934,  0.000157679  0.000531708
DIFF:  035 |  0.000000000  0.000000000  0.000000000  0.023971277  0.023940914  0.000000000 |          1.3 | -0.000032183 -0.000007021, -0.000280430  0.000030912
MOVE:  035 |  0.000000000  0.000000000 -0.000318018  0.000000000  0.024186579  0.000000000 |         -0.6 |  0.000017712  0.000005079,  0.000195998 -0.000007331
CONST: 035 | 42 2e-06 0 -1.30177e-05 0 0.0239426 0

ABS:   036 |  0.000002000  0.000000000 -0.000013018  0.000000000 -0.023999396  0.000000000 |          2.9 | -0.000047703  0.000062731,  0.000095545  0.000532009
DIFF:  036 |  0.000000000  0.000000000  0.000000000  0.000000000 -0.047941975  0.000000000 |          0.0 | -0.000046481  0.000005797, -0.000062133  0.000000301
MOVE:  036 |  0.000000000  0.000000000 -0.000318018  0.000000000 -0.023755396  0.000000000 |         -0.6 | -0.000028769  0.000010876,  0.000133865 -0.000007030
CONST: 036 | 42 2e-06 0 -1.30177e-05 0 -0.0239994 0

ABS:   037 |  0.000002000  0.000000000 -0.000013018  0.000000000  0.000001665  0.019470966 |          3.2 | -0.000009128  0.000052264,  0.000152169  0.000516224
DIFF:  037 |  0.000000000  0.000000000  0.000000000  0.000000000  0.024001061  0.019470966 |          0.3 |  0.000038575 -0.000010468,  0.000056624 -0.000015786
MOVE:  037 |  0.000000000  0.000000000 -0.000318018  0.000000000  0.000245665  0.019470966 |         -0.3 |  0.000009806  0.000000409,  0.000190489 -0.000022816
CONST: 037 | 42 2e-06 0 -1.30177e-05 0 1.66486e-06 0.019471

ABS:   038 |  0.000002000  0.000000000 -0.000013018  0.000000000  0.000001665 -0.019470966 |          3.2 |  0.000004180  0.000051849,  0.000120129  0.000520046
DIFF:  038 |  0.000000000  0.000000000  0.000000000  0.000000000  0.000000000 -0.038941932 |          0.0 |  0.000013308 -0.000000415, -0.000032040  0.000003822
MOVE:  038 |  0.000000000  0.000000000 -0.000318018  0.000000000  0.000245665 -0.019470966 |         -0.2 |  0.000023114 -0.000000006,  0.000158449 -0.000018993
CONST: 038 | 42 2e-06 0 -1.30177e-05 0 1.66486e-06 -0.019471

ABS:   039 |  0.000002000  0.000000000 -0.000013018  0.000000000  0.000001665  0.000000000 |          3.4 | -0.000000795  0.000052464,  0.000156238  0.000524882
DIFF:  039 |  0.000000000  0.000000000  0.000000000  0.000000000  0.000000000  0.019470966 |          0.2 | -0.000004974  0.000000615,  0.000036109  0.000004836
MOVE:  039 |  0.000000000  0.000000000 -0.000318018  0.000000000  0.000245665  0.000000000 |         -0.1 |  0.000018140  0.000000609,  0.000194558 -0.000014158
CONST: 039 | 42 2e-06 0 -1.30177e-05 0 1.66486e-06 0

ABS:   040 |  0.000481426  0.000000000 -0.000013018  0.000000000  0.000001665  0.000000000 |          2.9 |  0.000111002  0.000000000,  0.000156237  0.000524882
DIFF:  040 |  0.000479426  0.000000000  0.000000000  0.000000000  0.000000000  0.000000000 |         -0.5 |  0.000111797 -0.000052464, -0.000000001 -0.000000000
MOVE:  040 |  0.000479426  0.000000000 -0.000318018  0.000000000  0.000245665  0.000000000 |         -0.6 |  0.000129937 -0.000051855,  0.000194557 -0.000014158
CONST: 040 | 42 0.000481426 0 -1.30177e-05 0 1.66486e-06 0

ABS:   041 | -0.000477426  0.000000000 -0.000013018  0.000000000  0.000001665  0.000000000 |          2.9 | -0.000075891  0.000000000,  0.000156239  0.000524882
DIFF:  041 | -0.000958851  0.000000000  0.000000000  0.000000000  0.000000000  0.000000000 |         -0.0 | -0.000186894  0.000000000,  0.000000002  0.000000000
MOVE:  041 | -0.000479426  0.000000000 -0.000318018  0.000000000  0.000245665  0.000000000 |         -0.6 | -0.000056957 -0.000051855,  0.000194559 -0.000014158
CONST: 041 | 42 -0.000477426 0 -1.30177e-05 0 1.66486e-06 0

ABS:   042 |  0.000002000  0.000479426 -0.000013018  0.000000000  0.000001665  0.000000000 |          3.1 | -0.000004738  0.000054431,  0.000349445  0.000459529
DIFF:  042 |  0.000479426  0.000479426  0.000000000  0.000000000  0.000000000  0.000000000 |          0.3 |  0.000071153  0.000054431,  0.000193206 -0.000065352
MOVE:  042 |  0.000000000  0.000479426 -0.000318018  0.000000000  0.000245665  0.000000000 |         -0.3 |  0.000014196  0.000002576,  0.000387765 -0.000079510
CONST: 042 | 42 2e-06 0.000479426 -1.30177e-05 0 1.66486e-06 0

ABS:   043 |  0.000002000 -0.000479426 -0.000013018  0.000000000  0.000001665  0.000000000 |          3.6 | -0.000000062  0.000056705, -0.000043247  0.000552967
DIFF:  043 |  0.000000000 -0.000958851  0.000000000  0.000000000  0.000000000  0.000000000 |          0.5 |  0.000004676  0.000002274, -0.000392692  0.000093438
MOVE:  043 |  0.000000000 -0.000479426 -0.000318018  0.000000000  0.000245665  0.000000000 |          0.2 |  0.000018873  0.000004850, -0.000004927  0.000013928
CONST: 043 | 42 2e-06 -0.000479426 -1.30177e-05 0 1.66486e-06 0

ABS:   044 |  0.000002000  0.000000000  0.004817744  0.000000000  0.000001665  0.000000000 |          0.6 | -0.000000803  0.000052464, -0.000506351  0.000394578
DIFF:  044 |  0.000000000  0.000479426  0.004830761  0.000000000  0.000000000  0.000000000 |         -3.0 | -0.000000741 -0.000004241, -0.000463104 -0.000158389
MOVE:  044 |  0.000000000  0.000000000  0.004512744  0.000000000  0.000245665  0.000000000 |         -2.9 |  0.000018132  0.000000609, -0.000468031 -0.000144461
CONST: 044 | 42 2e-06 0 0.00481774 0 1.66486e-06 0

ABS:   045 |  0.000002000  0.000000000 -0.004765917  0.000000000  0.000001665  0.000000000 |          0.6 | -0.000000787  0.000052464,  0.000312727  0.000590870
DIFF:  045 |  0.000000000  0.000000000 -0.009583661  0.000000000  0.000000000  0.000000000 |         -0.0 |  0.000000016 -0.000000000,  0.000819078  0.000196292
MOVE:  045 |  0.000000000  0.000000000 -0.005070917  0.000000000  0.000245665  0.000000000 |         -2.9 |  0.000018148  0.000000609,  0.000351047  0.000051831
CONST: 045 | 42 2e-06 0 -0.00476592 0 1.66486e-06 0

ABS:   046 |  0.000002000  0.000000000 -0.000013018  0.023971277  0.000001665  0.000000000 |          2.0 | -0.000043685  0.000055941, -0.000323661  0.000519838
DIFF:  046 |  0.000000000  0.000000000  0.004752900  0.023971277  0.000000000  0.000000000 |          1.5 | -0.000042898  0.000003477, -0.000636388 -0.000071032
MOVE:  046 |  0.000000000  0.000000000 -0.000318018  0.023971277  0.000245665  0.000000000 |         -1.4 | -0.000024751  0.000004087, -0.000285341 -0.000019201
CONST: 046 | 42 2e-06 0 -1.30177e-05 0.0239713 1.66486e-06 0

ABS:   047 |  0.000002000  0.000000000 -0.000013018 -0.023971277  0.000001665  0.000000000 |          1.6 |  0.000030961  0.000063955,  0.000438108  0.000500796
DIFF:  047 |  0.000000000  0.000000000  0.000000000 -0.047942554  0.000000000  0.000000000 |         -0.4 |  0.000074646  0.000008013,  0.000761769 -0.000019042
MOVE:  047 |  0.000000000  0.000000000 -0.000318018 -0.023971277  0.000245665  0.000000000 |         -1.9 |  0.000049895  0.000012100,  0.000476428 -0.000038243
CONST: 047 | 42 2e-06 0 -1.30177e-05 -0.0239713 1.66486e-06 0

