ABS:   itr |       deltaX       deltaY       deltaZ         phiX         phiY         phiZ |        chisq |    rphi mean     rphi rms,       z mean        z rms
ABS:   =========================================================================================================================================================
DIFF:  itr |       deltaX       deltaY       deltaZ         phiX         phiY         phiZ |        chisq |    rphi mean     rphi rms,       z mean        z rms
DIFF:  =========================================================================================================================================================
MOVE:  itr |       deltaX       deltaY       deltaZ         phiX         phiY         phiZ |        chisq |    rphi mean     rphi rms,       z mean        z rms
MOVE:  =========================================================================================================================================================
ABS:   001 | -0.000001000 -0.000538000  0.000123000 -0.000400000  0.003467000  0.000000000 |          1.6 | -0.000010308  0.000063772, -0.000046924  0.000605323
CONST: 001 | 30 -1e-06 -0.000538 0.000123 -0.0004 0.003467 0

ABS:   001 | -0.000001000 -0.000538000  0.000123000 -0.000400000  0.003467000  0.000000000 |          1.6 | -0.000010308  0.000063772, -0.000046924  0.000605323
CONST: 001 | 30 -1e-06 -0.000538 0.000123 -0.0004 0.003467 0

ABS:   002 |  0.000009000 -0.000538000  0.000123000 -0.000400000  0.003467000  0.000000000 |          1.6 | -0.000005417  0.000059793, -0.000046959  0.000605323
DIFF:  002 |  0.000010000  0.000000000 -0.000000000  0.000000000 -0.000000000  0.000000000 |         -0.0 |  0.000004891 -0.000003979, -0.000000035  0.000000000
MOVE:  002 |  0.000010000  0.000000000 -0.000000000  0.000000000 -0.000000000  0.000000000 |         -0.0 |  0.000004891 -0.000003979, -0.000000035  0.000000000
CONST: 002 | 30 9e-06 -0.000538 0.000123 -0.0004 0.003467 0

ABS:   003 | -0.000011000 -0.000538000  0.000123000 -0.000400000  0.003467000  0.000000000 |          1.6 | -0.000015793  0.000063322, -0.000046889  0.000605323
DIFF:  003 | -0.000020000  0.000000000  0.000000000  0.000000000  0.000000000  0.000000000 |          0.0 | -0.000010377  0.000003529,  0.000000069 -0.000000000
MOVE:  003 | -0.000010000  0.000000000 -0.000000000  0.000000000 -0.000000000  0.000000000 |          0.0 | -0.000005486 -0.000000449,  0.000000035 -0.000000000
CONST: 003 | 30 -1.1e-05 -0.000538 0.000123 -0.0004 0.003467 0

ABS:   004 |  0.000098835 -0.000538000  0.000123000 -0.000400000  0.003467000  0.000000000 |          1.5 |  0.000033096  0.000052018, -0.000047270  0.000605323
DIFF:  004 |  0.000109835  0.000000000  0.000000000  0.000000000  0.000000000  0.000000000 |         -0.1 |  0.000048889 -0.000011304, -0.000000381  0.000000000
MOVE:  004 |  0.000099835  0.000000000 -0.000000000  0.000000000 -0.000000000  0.000000000 |         -0.1 |  0.000043404 -0.000011754, -0.000000346  0.000000000
CONST: 004 | 30 9.88351e-05 -0.000538 0.000123 -0.0004 0.003467 0

ABS:   005 | -0.000100835 -0.000538000  0.000123000 -0.000400000  0.003467000  0.000000000 |          1.5 | -0.000044209  0.000047816, -0.000046578  0.000605323
DIFF:  005 | -0.000199670  0.000000000  0.000000000  0.000000000  0.000000000  0.000000000 |         -0.0 | -0.000077304 -0.000004203,  0.000000692  0.000000000
MOVE:  005 | -0.000099835  0.000000000 -0.000000000  0.000000000 -0.000000000  0.000000000 |         -0.1 | -0.000033901 -0.000015956,  0.000000346  0.000000000
CONST: 005 | 30 -0.000100835 -0.000538 0.000123 -0.0004 0.003467 0

ABS:   006 | -0.000001000 -0.000528000  0.000123000 -0.000400000  0.003467000  0.000000000 |          1.6 | -0.000011490  0.000063653, -0.000042169  0.000605802
DIFF:  006 |  0.000099835  0.000010000  0.000000000  0.000000000  0.000000000  0.000000000 |          0.1 |  0.000032719  0.000015837,  0.000004409  0.000000480
MOVE:  006 |  0.000000000  0.000010000 -0.000000000  0.000000000 -0.000000000  0.000000000 |          0.0 | -0.000001182 -0.000000119,  0.000004755  0.000000480
CONST: 006 | 30 -1e-06 -0.000528 0.000123 -0.0004 0.003467 0

ABS:   007 | -0.000001000 -0.000548000  0.000123000 -0.000400000  0.003467000  0.000000000 |          1.6 | -0.000009126  0.000063895, -0.000041384  0.000598775
DIFF:  007 |  0.000000000 -0.000020000  0.000000000  0.000000000  0.000000000  0.000000000 |         -0.0 |  0.000002364  0.000000242,  0.000000785 -0.000007027
MOVE:  007 |  0.000000000 -0.000010000 -0.000000000  0.000000000 -0.000000000  0.000000000 |         -0.0 |  0.000001182  0.000000123,  0.000005540 -0.000006548
CONST: 007 | 30 -1e-06 -0.000548 0.000123 -0.0004 0.003467 0

ABS:   008 | -0.000001000 -0.000438165  0.000123000 -0.000400000  0.003467000  0.000000000 |          1.7 | -0.000017534  0.000062248, -0.000041358  0.000621004
DIFF:  008 |  0.000000000  0.000109835  0.000000000  0.000000000  0.000000000  0.000000000 |          0.1 | -0.000008409 -0.000001647,  0.000000026  0.000022229
MOVE:  008 |  0.000000000  0.000099835 -0.000000000  0.000000000 -0.000000000  0.000000000 |          0.1 | -0.000007227 -0.000001524,  0.000005566  0.000015681
CONST: 008 | 30 -1e-06 -0.000438165 0.000123 -0.0004 0.003467 0

ABS:   009 | -0.000001000 -0.000637835  0.000123000 -0.000400000  0.003467000  0.000000000 |          1.6 | -0.000005063  0.000058081, -0.000052384  0.000614561
DIFF:  009 |  0.000000000 -0.000199670  0.000000000  0.000000000  0.000000000  0.000000000 |         -0.1 |  0.000012471 -0.000004167, -0.000011026 -0.000006442
MOVE:  009 |  0.000000000 -0.000099835 -0.000000000  0.000000000 -0.000000000  0.000000000 |          0.0 |  0.000005244 -0.000005691, -0.000005460  0.000009238
CONST: 009 | 30 -1e-06 -0.000637835 0.000123 -0.0004 0.003467 0

ABS:   010 | -0.000001000 -0.000538000  0.000623000 -0.000400000  0.003467000  0.000000000 |          1.3 | -0.000012017  0.000063774, -0.000251306  0.000528160
DIFF:  010 |  0.000000000  0.000099835  0.000500000  0.000000000  0.000000000  0.000000000 |         -0.3 | -0.000006954  0.000005693, -0.000198922 -0.000086401
MOVE:  010 |  0.000000000  0.000000000  0.000500000  0.000000000 -0.000000000  0.000000000 |         -0.3 | -0.000001710  0.000000002, -0.000204382 -0.000077163
CONST: 010 | 30 -1e-06 -0.000538 0.000623 -0.0004 0.003467 0

ABS:   011 | -0.000001000 -0.000538000 -0.000377000 -0.000400000  0.003467000  0.000000000 |          1.3 | -0.000008598  0.000063769,  0.000125116  0.000560886
DIFF:  011 |  0.000000000  0.000000000 -0.001000000  0.000000000  0.000000000  0.000000000 |          0.0 |  0.000003420 -0.000000005,  0.000376423  0.000032726
MOVE:  011 |  0.000000000  0.000000000 -0.000500000  0.000000000 -0.000000000  0.000000000 |         -0.3 |  0.000001710 -0.000000002,  0.000172040 -0.000044437
CONST: 011 | 30 -1e-06 -0.000538 -0.000377 -0.0004 0.003467 0

ABS:   012 | -0.000001000 -0.000538000  0.004917255 -0.000400000  0.003467000  0.000000000 |          0.2 | -0.000017955  0.000061138,          NaN          NaN
DIFF:  012 |  0.000000000  0.000000000  0.005294255  0.000000000  0.000000000  0.000000000 |         -1.1 | -0.000009358 -0.000002631,          NaN          NaN
MOVE:  012 |  0.000000000  0.000000000  0.004794255  0.000000000 -0.000000000  0.000000000 |         -1.4 | -0.000007648 -0.000002633,          NaN          NaN
CONST: 012 | 30 -1e-06 -0.000538 0.00491726 -0.0004 0.003467 0

ABS:   013 | -0.000001000 -0.000538000 -0.004671255 -0.000400000  0.003467000  0.000000000 |          0.2 | -0.000002802  0.000058453,  0.000940427  0.000000000
DIFF:  013 |  0.000000000  0.000000000 -0.009588511  0.000000000  0.000000000  0.000000000 |         -0.0 |  0.000015154 -0.000002685,          NaN          NaN
MOVE:  013 |  0.000000000  0.000000000 -0.004794255  0.000000000 -0.000000000  0.000000000 |         -1.4 |  0.000007506 -0.000005319,  0.000987351 -0.000605323
CONST: 013 | 30 -1e-06 -0.000538 -0.00467126 -0.0004 0.003467 0

ABS:   014 | -0.000001000 -0.000538000  0.000123000  0.000000000  0.003467000  0.000000000 |          1.6 | -0.000009278  0.000063436, -0.000024664  0.000611786
DIFF:  014 |  0.000000000  0.000000000  0.004794255  0.000400000  0.000000000  0.000000000 |          1.4 | -0.000006476  0.000004983, -0.000965092  0.000611786
MOVE:  014 |  0.000000000  0.000000000 -0.000000000  0.000400000 -0.000000000  0.000000000 |          0.0 |  0.000001030 -0.000000336,  0.000022260  0.000006463
CONST: 014 | 30 -1e-06 -0.000538 0.000123 0 0.003467 0

ABS:   015 | -0.000001000 -0.000538000  0.000123000 -0.000800000  0.003467000  0.000000000 |          1.6 | -0.000011338  0.000064153, -0.000037341  0.000607050
DIFF:  015 |  0.000000000  0.000000000  0.000000000 -0.000800000  0.000000000  0.000000000 |         -0.0 | -0.000002060  0.000000717, -0.000012677 -0.000004735
MOVE:  015 |  0.000000000  0.000000000 -0.000000000 -0.000400000 -0.000000000  0.000000000 |          0.0 | -0.000001030  0.000000381,  0.000009583  0.000001727
CONST: 015 | 30 -1e-06 -0.000538 0.000123 -0.0008 0.003467 0

ABS:   016 | -0.000001000 -0.000538000  0.000123000  0.003595777  0.003467000  0.000000000 |          1.5 | -0.000000688  0.000058460, -0.000073948  0.000594011
DIFF:  016 |  0.000000000  0.000000000  0.000000000  0.004395777  0.000000000  0.000000000 |         -0.1 |  0.000010650 -0.000005693, -0.000036607 -0.000013039
MOVE:  016 |  0.000000000  0.000000000 -0.000000000  0.003995777 -0.000000000  0.000000000 |         -0.1 |  0.000009620 -0.000005311, -0.000027024 -0.000011312
CONST: 016 | 30 -1e-06 -0.000538 0.000123 0.00359578 0.003467 0

ABS:   017 | -0.000001000 -0.000538000  0.000123000 -0.004395777  0.003467000  0.000000000 |          1.7 | -0.000015145  0.000061621, -0.000026714  0.000629226
DIFF:  017 |  0.000000000  0.000000000  0.000000000 -0.007991554  0.000000000  0.000000000 |          0.2 | -0.000014457  0.000003161,  0.000047234  0.000035215
MOVE:  017 |  0.000000000  0.000000000 -0.000000000 -0.003995777 -0.000000000  0.000000000 |          0.1 | -0.000004837 -0.000002151,  0.000020210  0.000023903
CONST: 017 | 30 -1e-06 -0.000538 0.000123 -0.00439578 0.003467 0

ABS:   018 | -0.000001000 -0.000538000  0.000123000 -0.000400000  0.004467000  0.000000000 |          1.5 |  0.000004440  0.000056671, -0.000039395  0.000604788
DIFF:  018 |  0.000000000  0.000000000  0.000000000  0.003995777  0.001000000  0.000000000 |         -0.2 |  0.000019585 -0.000004950, -0.000012681 -0.000024438
MOVE:  018 |  0.000000000  0.000000000 -0.000000000  0.000000000  0.001000000  0.000000000 |         -0.1 |  0.000014747 -0.000007101,  0.000007529 -0.000000534
CONST: 018 | 30 -1e-06 -0.000538 0.000123 -0.0004 0.004467 0

ABS:   019 | -0.000001000 -0.000538000  0.000123000 -0.000400000  0.002467000  0.000000000 |          1.5 | -0.000012951  0.000061292, -0.000044212  0.000599863
DIFF:  019 |  0.000000000  0.000000000  0.000000000  0.000000000 -0.002000000  0.000000000 |         -0.0 | -0.000017391  0.000004621, -0.000004818 -0.000004926
MOVE:  019 |  0.000000000  0.000000000 -0.000000000  0.000000000 -0.001000000  0.000000000 |         -0.1 | -0.000002643 -0.000002480,  0.000002712 -0.000005460
CONST: 019 | 30 -1e-06 -0.000538 0.000123 -0.0004 0.002467 0

ABS:   020 | -0.000001000 -0.000538000  0.000123000 -0.000400000  0.013401120  0.000000000 |          1.4 |  0.000047825  0.000067550, -0.000015472  0.000596832
DIFF:  020 |  0.000000000  0.000000000  0.000000000  0.000000000  0.010934120  0.000000000 |         -0.1 |  0.000060776  0.000006257,  0.000028740 -0.000003031
MOVE:  020 |  0.000000000  0.000000000 -0.000000000  0.000000000  0.009934120  0.000000000 |         -0.2 |  0.000058133  0.000003778,  0.000031452 -0.000008491
CONST: 020 | 30 -1e-06 -0.000538 0.000123 -0.0004 0.0134011 0

ABS:   021 | -0.000001000 -0.000538000  0.000123000 -0.000400000 -0.006467120  0.000000000 |          1.4 | -0.000025266  0.000062553, -0.000029106  0.000597177
DIFF:  021 |  0.000000000  0.000000000  0.000000000  0.000000000 -0.019868240  0.000000000 |         -0.1 | -0.000073091 -0.000004997, -0.000013633  0.000000345
MOVE:  021 |  0.000000000  0.000000000 -0.000000000  0.000000000 -0.009934120  0.000000000 |         -0.2 | -0.000014958 -0.000001219,  0.000017818 -0.000008146
CONST: 021 | 30 -1e-06 -0.000538 0.000123 -0.0004 -0.00646712 0

ABS:   022 | -0.000001000 -0.000538000  0.000123000 -0.000400000  0.003467000  0.000200000 |          1.6 | -0.000010550  0.000063767, -0.000046291  0.000605317
DIFF:  022 |  0.000000000  0.000000000  0.000000000  0.000000000  0.009934120  0.000200000 |          0.2 |  0.000014716  0.000001214, -0.000017186  0.000008139
MOVE:  022 |  0.000000000  0.000000000 -0.000000000  0.000000000 -0.000000000  0.000200000 |          0.0 | -0.000000243 -0.000000004,  0.000000633 -0.000000006
CONST: 022 | 30 -1e-06 -0.000538 0.000123 -0.0004 0.003467 0.0002

ABS:   023 | -0.000001000 -0.000538000  0.000123000 -0.000400000  0.003467000 -0.000200000 |          1.6 | -0.000010065  0.000063777, -0.000047557  0.000605330
DIFF:  023 |  0.000000000  0.000000000  0.000000000  0.000000000  0.000000000 -0.000400000 |         -0.0 |  0.000000485  0.000000009, -0.000001265  0.000000014
MOVE:  023 |  0.000000000  0.000000000 -0.000000000  0.000000000 -0.000000000 -0.000200000 |         -0.0 |  0.000000242  0.000000005, -0.000000633  0.000000007
CONST: 023 | 30 -1e-06 -0.000538 0.000123 -0.0004 0.003467 -0.0002

ABS:   024 | -0.000001000 -0.000538000  0.000123000 -0.000400000  0.003467000  0.001999472 |          1.6 | -0.000012749  0.000063735, -0.000040597  0.000605307
DIFF:  024 |  0.000000000  0.000000000  0.000000000  0.000000000  0.000000000  0.002199472 |          0.0 | -0.000002684 -0.000000041,  0.000006960 -0.000000024
MOVE:  024 |  0.000000000  0.000000000 -0.000000000  0.000000000 -0.000000000  0.001999472 |          0.0 | -0.000002442 -0.000000036,  0.000006327 -0.000000016
CONST: 024 | 30 -1e-06 -0.000538 0.000123 -0.0004 0.003467 0.00199947

ABS:   025 | -0.000001000 -0.000538000  0.000123000 -0.000400000  0.003467000 -0.001999472 |          1.6 | -0.000007901  0.000063826, -0.000021169  0.000613712
DIFF:  025 |  0.000000000  0.000000000  0.000000000  0.000000000  0.000000000 -0.003998944 |          0.0 |  0.000004848  0.000000090,  0.000019428  0.000008406
MOVE:  025 |  0.000000000  0.000000000 -0.000000000  0.000000000 -0.000000000 -0.001999472 |          0.0 |  0.000002406  0.000000054,  0.000025755  0.000008390
CONST: 025 | 30 -1e-06 -0.000538 0.000123 -0.0004 0.003467 -0.00199947

ABS:   026 | -0.000001000  0.000010032 -0.000005350  0.000000537 -0.000020471  0.000000000 |          1.3 | -0.000047234  0.000054647,  0.000095106  0.000592217
DIFF:  026 |  0.000000000  0.000548032 -0.000128350  0.000400537 -0.003487471  0.001999472 |         -0.3 | -0.000039333 -0.000009179,  0.000116274 -0.000021496
MOVE:  026 |  0.000000000  0.000548032 -0.000128350  0.000400537 -0.003487471  0.000000000 |         -0.3 | -0.000036927 -0.000009125,  0.000142030 -0.000013106
CONST: 026 | 30 -1e-06 1.0032e-05 -5.34966e-06 5.36682e-07 -2.04707e-05 0

ABS:   027 |  0.000478426  0.000010032 -0.000005350  0.000000537 -0.000020471  0.000000000 |          1.3 |  0.000040394  0.000052791,  0.000095116  0.000592217
DIFF:  027 |  0.000479426  0.000000000  0.000000000  0.000000000  0.000000000  0.000000000 |         -0.1 |  0.000087628 -0.000001856,  0.000000010  0.000000000
MOVE:  027 |  0.000479426  0.000548032 -0.000128350  0.000400537 -0.003487471  0.000000000 |         -0.3 |  0.000050701 -0.000010981,  0.000142039 -0.000013106
CONST: 027 | 30 0.000478426 1.0032e-05 -5.34966e-06 5.36682e-07 -2.04707e-05 0

ABS:   028 | -0.000480426  0.000010032 -0.000005350  0.000000537 -0.000020471  0.000000000 |          1.2 |  0.000026531  0.000063095,  0.000095096  0.000592217
DIFF:  028 | -0.000958851  0.000000000  0.000000000  0.000000000  0.000000000  0.000000000 |         -0.1 | -0.000013863  0.000010305, -0.000000020  0.000000000
MOVE:  028 | -0.000479426  0.000548032 -0.000128350  0.000400537 -0.003487471  0.000000000 |         -0.4 |  0.000036838 -0.000000677,  0.000142020 -0.000013106
CONST: 028 | 30 -0.000480426 1.0032e-05 -5.34966e-06 5.36682e-07 -2.04707e-05 0

ABS:   029 | -0.000001000  0.000343962 -0.000005350  0.000000537 -0.000020471  0.000000000 |          1.1 | -0.000052702  0.000055855,  0.000164945  0.000555481
DIFF:  029 |  0.000479426  0.000333930  0.000000000  0.000000000  0.000000000  0.000000000 |         -0.1 | -0.000079232 -0.000007240,  0.000069849 -0.000036736
MOVE:  029 |  0.000000000  0.000881962 -0.000128350  0.000400537 -0.003487471  0.000000000 |         -0.5 | -0.000042394 -0.000007917,  0.000211869 -0.000049842
CONST: 029 | 30 -1e-06 0.000343962 -5.34966e-06 5.36682e-07 -2.04707e-05 0

ABS:   030 | -0.000001000 -0.000458076 -0.000005350  0.000000537 -0.000020471  0.000000000 |          1.6 | -0.000024710  0.000058434,  0.000020369  0.000620296
DIFF:  030 |  0.000000000 -0.000802038  0.000000000  0.000000000  0.000000000  0.000000000 |          0.5 |  0.000027992  0.000002579, -0.000144576  0.000064815
MOVE:  030 |  0.000000000  0.000079924 -0.000128350  0.000400537 -0.003487471  0.000000000 |         -0.0 | -0.000014403 -0.000005338,  0.000067293  0.000014973
CONST: 030 | 30 -1e-06 -0.000458076 -5.34966e-06 5.36682e-07 -2.04707e-05 0

ABS:   031 | -0.000001000  0.000010032  0.004804223  0.000000537 -0.000020471  0.000000000 |          0.1 | -0.000047136  0.000054647,          NaN          NaN
DIFF:  031 |  0.000000000  0.000468108  0.004809573  0.000000000  0.000000000  0.000000000 |         -1.5 | -0.000022426 -0.000003787,          NaN          NaN
MOVE:  031 |  0.000000000  0.000548032  0.004681223  0.000400537 -0.003487471  0.000000000 |         -1.5 | -0.000036828 -0.000009125,          NaN          NaN
CONST: 031 | 30 -1e-06 1.0032e-05 0.00480422 5.36682e-07 -2.04707e-05 0

ABS:   032 | -0.000001000  0.000010032 -0.004783498  0.000000537 -0.000020471  0.000000000 |          0.1 | -0.000047332  0.000054647,          NaN          NaN
DIFF:  032 |  0.000000000  0.000000000 -0.009587721  0.000000000  0.000000000  0.000000000 |          0.0 | -0.000000196 -0.000000000,          NaN          NaN
MOVE:  032 |  0.000000000  0.000548032 -0.004906498  0.000400537 -0.003487471  0.000000000 |         -1.5 | -0.000037024 -0.000009125,          NaN          NaN
CONST: 032 | 30 -1e-06 1.0032e-05 -0.0047835 5.36682e-07 -2.04707e-05 0

ABS:   033 | -0.000001000  0.000010032 -0.000005350  0.023922012 -0.000020471  0.000000000 |          1.4 | -0.000030268  0.000054878, -0.000086876  0.000600202
DIFF:  033 |  0.000000000  0.000000000  0.004778148  0.023921475  0.000000000  0.000000000 |          1.3 |  0.000017063  0.000000232,          NaN          NaN
MOVE:  033 |  0.000000000  0.000548032 -0.000128350  0.024322012 -0.003487471  0.000000000 |         -0.2 | -0.000019961 -0.000008893, -0.000039952 -0.000005121
CONST: 033 | 30 -1e-06 1.0032e-05 -5.34966e-06 0.023922 -2.04707e-05 0

ABS:   034 | -0.000001000  0.000010032 -0.000005350 -0.024019004 -0.000020471  0.000000000 |          1.1 | -0.000034582  0.000060170,  0.000187894  0.000569200
DIFF:  034 |  0.000000000  0.000000000  0.000000000 -0.047941016  0.000000000  0.000000000 |         -0.3 | -0.000004314  0.000005292,  0.000274770 -0.000031002
MOVE:  034 |  0.000000000  0.000548032 -0.000128350 -0.023619004 -0.003487471  0.000000000 |         -0.5 | -0.000024275 -0.000003602,  0.000234818 -0.000036123
CONST: 034 | 30 -1e-06 1.0032e-05 -5.34966e-06 -0.024019 -2.04707e-05 0

ABS:   035 | -0.000001000  0.000010032 -0.000005350  0.000000537  0.024319352  0.000000000 |          1.0 |  0.000021342  0.000061793,  0.000179035  0.000532104
DIFF:  035 |  0.000000000  0.000000000  0.000000000  0.024019540  0.024339823  0.000000000 |         -0.1 |  0.000055924  0.000001623, -0.000008859 -0.000037096
MOVE:  035 |  0.000000000  0.000548032 -0.000128350  0.000400537  0.020852352  0.000000000 |         -0.6 |  0.000031649 -0.000001979,  0.000225959 -0.000073219
CONST: 035 | 30 -1e-06 1.0032e-05 -5.34966e-06 5.36682e-07 0.0243194 0

ABS:   036 | -0.000001000  0.000010032 -0.000005350  0.000000537 -0.023506439  0.000000000 |          1.4 | -0.000040774  0.000067762,  0.000024723  0.000620658
DIFF:  036 |  0.000000000  0.000000000  0.000000000  0.000000000 -0.047825792  0.000000000 |          0.4 | -0.000062116  0.000005969, -0.000154312  0.000088554
MOVE:  036 |  0.000000000  0.000548032 -0.000128350  0.000400537 -0.026973439  0.000000000 |         -0.2 | -0.000030467  0.000003990,  0.000071647  0.000015335
CONST: 036 | 30 -1e-06 1.0032e-05 -5.34966e-06 5.36682e-07 -0.0235064 0

ABS:   037 | -0.000001000  0.000010032 -0.000005350  0.000000537 -0.000020471  0.019470966 |          1.2 | -0.000049768  0.000049011,  0.000137677  0.000579229
DIFF:  037 |  0.000000000  0.000000000  0.000000000  0.000000000  0.023485969  0.019470966 |         -0.2 | -0.000008994 -0.000018750,  0.000112954 -0.000041428
MOVE:  037 |  0.000000000  0.000548032 -0.000128350  0.000400537 -0.003487471  0.019470966 |         -0.4 | -0.000039461 -0.000014760,  0.000184601 -0.000026094
CONST: 037 | 30 -1e-06 1.0032e-05 -5.34966e-06 5.36682e-07 -2.04707e-05 0.019471

ABS:   038 | -0.000001000  0.000010032 -0.000005350  0.000000537 -0.000020471 -0.019470966 |          1.5 | -0.000038207  0.000056831,  0.000085789  0.000608571
DIFF:  038 |  0.000000000  0.000000000  0.000000000  0.000000000  0.000000000 -0.038941932 |          0.2 |  0.000011562  0.000007819, -0.000051888  0.000029342
MOVE:  038 |  0.000000000  0.000548032 -0.000128350  0.000400537 -0.003487471 -0.019470966 |         -0.1 | -0.000027899 -0.000006941,  0.000132713  0.000003248
CONST: 038 | 30 -1e-06 1.0032e-05 -5.34966e-06 5.36682e-07 -2.04707e-05 -0.019471

ABS:   039 | -0.000001000  0.000010032 -0.000005350  0.000000537 -0.000020471  0.000000000 |          1.3 | -0.000047234  0.000054647,  0.000095106  0.000592217
DIFF:  039 |  0.000000000  0.000000000  0.000000000  0.000000000  0.000000000  0.019470966 |         -0.1 | -0.000009027 -0.000002184,  0.000009316 -0.000016354
MOVE:  039 |  0.000000000  0.000548032 -0.000128350  0.000400537 -0.003487471  0.000000000 |         -0.3 | -0.000036927 -0.000009125,  0.000142030 -0.000013106
CONST: 039 | 30 -1e-06 1.0032e-05 -5.34966e-06 5.36682e-07 -2.04707e-05 0

ABS:   040 |  0.000478426  0.000010032 -0.000005350  0.000000537 -0.000020471  0.000000000 |          1.3 |  0.000040394  0.000052791,  0.000095116  0.000592217
DIFF:  040 |  0.000479426  0.000000000  0.000000000  0.000000000  0.000000000  0.000000000 |         -0.1 |  0.000087628 -0.000001856,  0.000000010  0.000000000
MOVE:  040 |  0.000479426  0.000548032 -0.000128350  0.000400537 -0.003487471  0.000000000 |         -0.3 |  0.000050701 -0.000010981,  0.000142039 -0.000013106
CONST: 040 | 30 0.000478426 1.0032e-05 -5.34966e-06 5.36682e-07 -2.04707e-05 0

ABS:   041 | -0.000480426  0.000010032 -0.000005350  0.000000537 -0.000020471  0.000000000 |          1.2 |  0.000026531  0.000063095,  0.000095096  0.000592217
DIFF:  041 | -0.000958851  0.000000000  0.000000000  0.000000000  0.000000000  0.000000000 |         -0.1 | -0.000013863  0.000010305, -0.000000020  0.000000000
MOVE:  041 | -0.000479426  0.000548032 -0.000128350  0.000400537 -0.003487471  0.000000000 |         -0.4 |  0.000036838 -0.000000677,  0.000142020 -0.000013106
CONST: 041 | 30 -0.000480426 1.0032e-05 -5.34966e-06 5.36682e-07 -2.04707e-05 0

ABS:   042 | -0.000001000  0.000343962 -0.000005350  0.000000537 -0.000020471  0.000000000 |          1.1 | -0.000052702  0.000055855,  0.000164945  0.000555481
DIFF:  042 |  0.000479426  0.000333930  0.000000000  0.000000000  0.000000000  0.000000000 |         -0.1 | -0.000079232 -0.000007240,  0.000069849 -0.000036736
MOVE:  042 |  0.000000000  0.000881962 -0.000128350  0.000400537 -0.003487471  0.000000000 |         -0.5 | -0.000042394 -0.000007917,  0.000211869 -0.000049842
CONST: 042 | 30 -1e-06 0.000343962 -5.34966e-06 5.36682e-07 -2.04707e-05 0

ABS:   043 | -0.000001000 -0.000458076 -0.000005350  0.000000537 -0.000020471  0.000000000 |          1.6 | -0.000024710  0.000058434,  0.000020369  0.000620296
DIFF:  043 |  0.000000000 -0.000802038  0.000000000  0.000000000  0.000000000  0.000000000 |          0.5 |  0.000027992  0.000002579, -0.000144576  0.000064815
MOVE:  043 |  0.000000000  0.000079924 -0.000128350  0.000400537 -0.003487471  0.000000000 |         -0.0 | -0.000014403 -0.000005338,  0.000067293  0.000014973
CONST: 043 | 30 -1e-06 -0.000458076 -5.34966e-06 5.36682e-07 -2.04707e-05 0

ABS:   044 | -0.000001000  0.000010032  0.004804223  0.000000537 -0.000020471  0.000000000 |          0.1 | -0.000047136  0.000054647,          NaN          NaN
DIFF:  044 |  0.000000000  0.000468108  0.004809573  0.000000000  0.000000000  0.000000000 |         -1.5 | -0.000022426 -0.000003787,          NaN          NaN
MOVE:  044 |  0.000000000  0.000548032  0.004681223  0.000400537 -0.003487471  0.000000000 |         -1.5 | -0.000036828 -0.000009125,          NaN          NaN
CONST: 044 | 30 -1e-06 1.0032e-05 0.00480422 5.36682e-07 -2.04707e-05 0

ABS:   045 | -0.000001000  0.000010032 -0.004783498  0.000000537 -0.000020471  0.000000000 |          0.1 | -0.000047332  0.000054647,          NaN          NaN
DIFF:  045 |  0.000000000  0.000000000 -0.009587721  0.000000000  0.000000000  0.000000000 |          0.0 | -0.000000196 -0.000000000,          NaN          NaN
MOVE:  045 |  0.000000000  0.000548032 -0.004906498  0.000400537 -0.003487471  0.000000000 |         -1.5 | -0.000037024 -0.000009125,          NaN          NaN
CONST: 045 | 30 -1e-06 1.0032e-05 -0.0047835 5.36682e-07 -2.04707e-05 0

ABS:   046 | -0.000001000  0.000010032 -0.000005350  0.023922012 -0.000020471  0.000000000 |          1.4 | -0.000030268  0.000054878, -0.000086876  0.000600202
DIFF:  046 |  0.000000000  0.000000000  0.004778148  0.023921475  0.000000000  0.000000000 |          1.3 |  0.000017063  0.000000232,          NaN          NaN
MOVE:  046 |  0.000000000  0.000548032 -0.000128350  0.024322012 -0.003487471  0.000000000 |         -0.2 | -0.000019961 -0.000008893, -0.000039952 -0.000005121
CONST: 046 | 30 -1e-06 1.0032e-05 -5.34966e-06 0.023922 -2.04707e-05 0

ABS:   047 | -0.000001000  0.000010032 -0.000005350 -0.024019004 -0.000020471  0.000000000 |          1.1 | -0.000034582  0.000060170,  0.000187894  0.000569200
DIFF:  047 |  0.000000000  0.000000000  0.000000000 -0.047941016  0.000000000  0.000000000 |         -0.3 | -0.000004314  0.000005292,  0.000274770 -0.000031002
MOVE:  047 |  0.000000000  0.000548032 -0.000128350 -0.023619004 -0.003487471  0.000000000 |         -0.5 | -0.000024275 -0.000003602,  0.000234818 -0.000036123
CONST: 047 | 30 -1e-06 1.0032e-05 -5.34966e-06 -0.024019 -2.04707e-05 0

ABS:   048 | -0.000001000  0.000010032 -0.000005350  0.000000537  0.024319352  0.000000000 |          1.0 |  0.000021342  0.000061793,  0.000179035  0.000532104
DIFF:  048 |  0.000000000  0.000000000  0.000000000  0.024019540  0.024339823  0.000000000 |         -0.1 |  0.000055924  0.000001623, -0.000008859 -0.000037096
MOVE:  048 |  0.000000000  0.000548032 -0.000128350  0.000400537  0.020852352  0.000000000 |         -0.6 |  0.000031649 -0.000001979,  0.000225959 -0.000073219
CONST: 048 | 30 -1e-06 1.0032e-05 -5.34966e-06 5.36682e-07 0.0243194 0

