ABS:   itr |       deltaX       deltaY       deltaZ         phiX         phiY         phiZ |        chisq |    rphi mean     rphi rms,       z mean        z rms
ABS:   =========================================================================================================================================================
DIFF:  itr |       deltaX       deltaY       deltaZ         phiX         phiY         phiZ |        chisq |    rphi mean     rphi rms,       z mean        z rms
DIFF:  =========================================================================================================================================================
MOVE:  itr |       deltaX       deltaY       deltaZ         phiX         phiY         phiZ |        chisq |    rphi mean     rphi rms,       z mean        z rms
MOVE:  =========================================================================================================================================================
ABS:   001 | -0.000366000 -0.000721000  0.000185000 -0.001950000  0.004088000  0.000000000 |         27.1 |  0.000006934  0.000052976, -0.000086775  0.000564135
CONST: 001 | 34 -0.000366 -0.000721 0.000185 -0.00195 0.004088 0

ABS:   001 | -0.000366000 -0.000721000  0.000185000 -0.001950000  0.004088000  0.000000000 |         27.1 |  0.000006934  0.000052976, -0.000086775  0.000564135
CONST: 001 | 34 -0.000366 -0.000721 0.000185 -0.00195 0.004088 0

ABS:   002 | -0.000365900 -0.000721000  0.000185000 -0.001950000  0.004088000  0.000000000 |         27.1 |  0.000007034  0.000052976, -0.000086775  0.000564135
DIFF:  002 |  0.000000100  0.000000000 -0.000000000 -0.000000000  0.000000000  0.000000000 |          0.0 |  0.000000100 -0.000000000, -0.000000000  0.000000000
MOVE:  002 |  0.000000100  0.000000000 -0.000000000 -0.000000000  0.000000000  0.000000000 |          0.0 |  0.000000100 -0.000000000, -0.000000000  0.000000000
CONST: 002 | 34 -0.0003659 -0.000721 0.000185 -0.00195 0.004088 0

ABS:   003 | -0.000366100 -0.000721000  0.000185000 -0.001950000  0.004088000  0.000000000 |         27.1 |  0.000006867  0.000053003, -0.000086775  0.000564135
DIFF:  003 | -0.000000200  0.000000000  0.000000000  0.000000000  0.000000000  0.000000000 |          0.0 | -0.000000167  0.000000027,  0.000000001  0.000000000
MOVE:  003 | -0.000000100  0.000000000 -0.000000000 -0.000000000  0.000000000  0.000000000 |          0.0 | -0.000000067  0.000000027,  0.000000000  0.000000000
CONST: 003 | 34 -0.0003661 -0.000721 0.000185 -0.00195 0.004088 0

ABS:   004 | -0.000365990 -0.000721000  0.000185000 -0.001950000  0.004088000  0.000000000 |         27.1 |  0.000006944  0.000052976, -0.000086775  0.000564135
DIFF:  004 |  0.000000110  0.000000000  0.000000000  0.000000000  0.000000000  0.000000000 |         -0.0 |  0.000000077 -0.000000027, -0.000000000 -0.000000000
MOVE:  004 |  0.000000010  0.000000000 -0.000000000 -0.000000000  0.000000000  0.000000000 |          0.0 |  0.000000010  0.000000000, -0.000000000  0.000000000
CONST: 004 | 34 -0.00036599 -0.000721 0.000185 -0.00195 0.004088 0

ABS:   005 | -0.000366010 -0.000721000  0.000185000 -0.001950000  0.004088000  0.000000000 |         27.1 |  0.000006924  0.000052976, -0.000086775  0.000564135
DIFF:  005 | -0.000000020  0.000000000  0.000000000  0.000000000  0.000000000  0.000000000 |         -0.0 | -0.000000020 -0.000000000,  0.000000000  0.000000000
MOVE:  005 | -0.000000010  0.000000000 -0.000000000 -0.000000000  0.000000000  0.000000000 |         -0.0 | -0.000000010  0.000000000,  0.000000000  0.000000000
CONST: 005 | 34 -0.00036601 -0.000721 0.000185 -0.00195 0.004088 0

ABS:   006 | -0.000365943 -0.000721000  0.000185000 -0.001950000  0.004088000  0.000000000 |         27.1 |  0.000006992  0.000052976, -0.000086775  0.000564135
DIFF:  006 |  0.000000067  0.000000000  0.000000000  0.000000000  0.000000000  0.000000000 |          0.0 |  0.000000067 -0.000000000, -0.000000000  0.000000000
MOVE:  006 |  0.000000057  0.000000000 -0.000000000 -0.000000000  0.000000000  0.000000000 |          0.0 |  0.000000057 -0.000000000, -0.000000000  0.000000000
CONST: 006 | 34 -0.000365943 -0.000721 0.000185 -0.00195 0.004088 0

ABS:   007 | -0.000366057 -0.000721000  0.000185000 -0.001950000  0.004088000  0.000000000 |         27.1 |  0.000006910  0.000053003, -0.000086775  0.000564135
DIFF:  007 | -0.000000115  0.000000000  0.000000000  0.000000000  0.000000000  0.000000000 |          0.0 | -0.000000082  0.000000027,  0.000000000 -0.000000000
MOVE:  007 | -0.000000057  0.000000000 -0.000000000 -0.000000000  0.000000000  0.000000000 |          0.0 | -0.000000025  0.000000027,  0.000000000 -0.000000000
CONST: 007 | 34 -0.000366057 -0.000721 0.000185 -0.00195 0.004088 0

ABS:   008 | -0.000366000 -0.000720900  0.000185000 -0.001950000  0.004088000  0.000000000 |         27.1 |  0.000006935  0.000052974, -0.000086850  0.000564136
DIFF:  008 |  0.000000057  0.000000100  0.000000000  0.000000000  0.000000000  0.000000000 |         -0.0 |  0.000000025 -0.000000029, -0.000000076  0.000000001
MOVE:  008 |  0.000000000  0.000000100 -0.000000000 -0.000000000  0.000000000  0.000000000 |          0.0 |  0.000000001 -0.000000002, -0.000000075  0.000000001
CONST: 008 | 34 -0.000366 -0.0007209 0.000185 -0.00195 0.004088 0

ABS:   009 | -0.000366000 -0.000721100  0.000185000 -0.001950000  0.004088000  0.000000000 |         27.1 |  0.000006934  0.000052978, -0.000086700  0.000564134
DIFF:  009 |  0.000000000 -0.000000200  0.000000000  0.000000000  0.000000000  0.000000000 |         -0.0 | -0.000000001  0.000000003,  0.000000151 -0.000000003
MOVE:  009 |  0.000000000 -0.000000100 -0.000000000 -0.000000000  0.000000000  0.000000000 |         -0.0 | -0.000000001  0.000000002,  0.000000075 -0.000000001
CONST: 009 | 34 -0.000366 -0.0007211 0.000185 -0.00195 0.004088 0

ABS:   010 | -0.000366000 -0.000720699  0.000185000 -0.001950000  0.004088000  0.000000000 |         27.1 |  0.000006969  0.000052998, -0.000087002  0.000564139
DIFF:  010 |  0.000000000  0.000000401  0.000000000  0.000000000  0.000000000  0.000000000 |          0.0 |  0.000000035  0.000000021, -0.000000302  0.000000005
MOVE:  010 |  0.000000000  0.000000301 -0.000000000 -0.000000000  0.000000000  0.000000000 |          0.0 |  0.000000035  0.000000022, -0.000000227  0.000000004
CONST: 010 | 34 -0.000366 -0.000720699 0.000185 -0.00195 0.004088 0

ABS:   011 | -0.000366000 -0.000721301  0.000185000 -0.001950000  0.004088000  0.000000000 |         27.1 |  0.000006933  0.000052981, -0.000086548  0.000564131
DIFF:  011 |  0.000000000 -0.000000601  0.000000000  0.000000000  0.000000000  0.000000000 |         -0.0 | -0.000000036 -0.000000017,  0.000000453 -0.000000008
MOVE:  011 |  0.000000000 -0.000000301 -0.000000000 -0.000000000  0.000000000  0.000000000 |         -0.0 | -0.000000002  0.000000005,  0.000000227 -0.000000004
CONST: 011 | 34 -0.000366 -0.000721301 0.000185 -0.00195 0.004088 0

ABS:   012 | -0.000366000 -0.000720970  0.000185000 -0.001950000  0.004088000  0.000000000 |         27.1 |  0.000006934  0.000052975, -0.000086798  0.000564135
DIFF:  012 |  0.000000000  0.000000331  0.000000000  0.000000000  0.000000000  0.000000000 |          0.0 |  0.000000002 -0.000000006, -0.000000249  0.000000004
MOVE:  012 |  0.000000000  0.000000030 -0.000000000 -0.000000000  0.000000000  0.000000000 |          0.0 |  0.000000000 -0.000000001, -0.000000023  0.000000000
CONST: 012 | 34 -0.000366 -0.00072097 0.000185 -0.00195 0.004088 0

ABS:   013 | -0.000366000 -0.000721030  0.000185000 -0.001950000  0.004088000  0.000000000 |         27.1 |  0.000006934  0.000052976, -0.000086752  0.000564135
DIFF:  013 |  0.000000000 -0.000000060  0.000000000  0.000000000  0.000000000  0.000000000 |         -0.0 | -0.000000000  0.000000001,  0.000000045 -0.000000001
MOVE:  013 |  0.000000000 -0.000000030 -0.000000000 -0.000000000  0.000000000  0.000000000 |         -0.0 | -0.000000000  0.000000001,  0.000000023 -0.000000000
CONST: 013 | 34 -0.000366 -0.00072103 0.000185 -0.00195 0.004088 0

ABS:   014 | -0.000366000 -0.000721000  0.000190002 -0.001950000  0.004088000  0.000000000 |         27.1 |  0.000006914  0.000052976, -0.000087631  0.000564349
DIFF:  014 |  0.000000000  0.000000030  0.000005002  0.000000000  0.000000000  0.000000000 |          0.0 | -0.000000020 -0.000000000, -0.000000878  0.000000214
MOVE:  014 |  0.000000000  0.000000000  0.000005002 -0.000000000  0.000000000  0.000000000 |          0.0 | -0.000000021  0.000000000, -0.000000855  0.000000214
CONST: 014 | 34 -0.000366 -0.000721 0.000190002 -0.00195 0.004088 0

ABS:   015 | -0.000366000 -0.000721000  0.000179998 -0.001950000  0.004088000  0.000000000 |         27.1 |  0.000006955  0.000052976, -0.000081780  0.000564135
DIFF:  015 |  0.000000000  0.000000000 -0.000010004  0.000000000  0.000000000  0.000000000 |         -0.1 |  0.000000041 -0.000000000,  0.000005850 -0.000000214
MOVE:  015 |  0.000000000  0.000000000 -0.000005002 -0.000000000  0.000000000  0.000000000 |         -0.1 |  0.000000021 -0.000000000,  0.000004995  0.000000000
CONST: 015 | 34 -0.000366 -0.000721 0.000179998 -0.00195 0.004088 0

ABS:   016 | -0.000366000 -0.000721000  0.000185500 -0.001950000  0.004088000  0.000000000 |         27.1 |  0.000006932  0.000052976, -0.000087275  0.000564135
DIFF:  016 |  0.000000000  0.000000000  0.000005502  0.000000000  0.000000000  0.000000000 |          0.1 | -0.000000023  0.000000000, -0.000005494 -0.000000000
MOVE:  016 |  0.000000000  0.000000000  0.000000500 -0.000000000  0.000000000  0.000000000 |          0.0 | -0.000000002  0.000000000, -0.000000499 -0.000000000
CONST: 016 | 34 -0.000366 -0.000721 0.0001855 -0.00195 0.004088 0

ABS:   017 | -0.000366000 -0.000721000  0.000184500 -0.001950000  0.004088000  0.000000000 |         27.1 |  0.000006936  0.000052976, -0.000086276  0.000564135
DIFF:  017 |  0.000000000  0.000000000 -0.000001000  0.000000000  0.000000000  0.000000000 |         -0.0 |  0.000000004 -0.000000000,  0.000000999  0.000000000
MOVE:  017 |  0.000000000  0.000000000 -0.000000500 -0.000000000  0.000000000  0.000000000 |         -0.0 |  0.000000002 -0.000000000,  0.000000499  0.000000000
CONST: 017 | 34 -0.000366 -0.000721 0.0001845 -0.00195 0.004088 0

ABS:   018 | -0.000366000 -0.000721000  0.000185320 -0.001950000  0.004088000  0.000000000 |         27.1 |  0.000006933  0.000052976, -0.000087095  0.000564135
DIFF:  018 |  0.000000000  0.000000000  0.000000821  0.000000000  0.000000000  0.000000000 |          0.0 | -0.000000003  0.000000000, -0.000000819 -0.000000000
MOVE:  018 |  0.000000000  0.000000000  0.000000320 -0.000000000  0.000000000  0.000000000 |          0.0 | -0.000000001  0.000000000, -0.000000320 -0.000000000
CONST: 018 | 34 -0.000366 -0.000721 0.00018532 -0.00195 0.004088 0

ABS:   019 | -0.000366000 -0.000721000  0.000184680 -0.001950000  0.004088000  0.000000000 |         27.1 |  0.000006936  0.000052976, -0.000086455  0.000564135
DIFF:  019 |  0.000000000  0.000000000 -0.000000641  0.000000000  0.000000000  0.000000000 |         -0.0 |  0.000000003 -0.000000000,  0.000000640  0.000000000
MOVE:  019 |  0.000000000  0.000000000 -0.000000320 -0.000000000  0.000000000  0.000000000 |         -0.0 |  0.000000001 -0.000000000,  0.000000320  0.000000000
CONST: 019 | 34 -0.000366 -0.000721 0.00018468 -0.00195 0.004088 0

ABS:   020 | -0.000366000 -0.000721000  0.000185000 -0.001946000  0.004088000  0.000000000 |         27.1 |  0.000006948  0.000053004, -0.000086984  0.000564139
DIFF:  020 |  0.000000000  0.000000000  0.000000320  0.000004000  0.000000000  0.000000000 |          0.0 |  0.000000012  0.000000028, -0.000000529  0.000000004
MOVE:  020 |  0.000000000  0.000000000 -0.000000000  0.000004000  0.000000000  0.000000000 |          0.0 |  0.000000014  0.000000028, -0.000000209  0.000000004
CONST: 020 | 34 -0.000366 -0.000721 0.000185 -0.001946 0.004088 0

ABS:   021 | -0.000366000 -0.000721000  0.000185000 -0.001954000  0.004088000  0.000000000 |         27.1 |  0.000006953  0.000052975, -0.000086566  0.000564131
DIFF:  021 |  0.000000000  0.000000000  0.000000000 -0.000008000  0.000000000  0.000000000 |         -0.0 |  0.000000005 -0.000000029,  0.000000418 -0.000000008
MOVE:  021 |  0.000000000  0.000000000 -0.000000000 -0.000004000  0.000000000  0.000000000 |         -0.0 |  0.000000019 -0.000000001,  0.000000209 -0.000000004
CONST: 021 | 34 -0.000366 -0.000721 0.000185 -0.001954 0.004088 0

ABS:   022 | -0.000366000 -0.000721000  0.000185000 -0.001949600  0.004088000  0.000000000 |         27.1 |  0.000006932  0.000052976, -0.000086796  0.000564135
DIFF:  022 |  0.000000000  0.000000000  0.000000000  0.000004400  0.000000000  0.000000000 |          0.0 | -0.000000021  0.000000001, -0.000000230  0.000000005
MOVE:  022 |  0.000000000  0.000000000 -0.000000000  0.000000400  0.000000000  0.000000000 |          0.0 | -0.000000002  0.000000000, -0.000000021  0.000000000
CONST: 022 | 34 -0.000366 -0.000721 0.000185 -0.0019496 0.004088 0

ABS:   023 | -0.000366000 -0.000721000  0.000185000 -0.001950400  0.004088000  0.000000000 |         27.1 |  0.000006936  0.000052976, -0.000086754  0.000564135
DIFF:  023 |  0.000000000  0.000000000  0.000000000 -0.000000800  0.000000000  0.000000000 |         -0.0 |  0.000000004 -0.000000000,  0.000000042 -0.000000001
MOVE:  023 |  0.000000000  0.000000000 -0.000000000 -0.000000400  0.000000000  0.000000000 |         -0.0 |  0.000000002 -0.000000000,  0.000000021 -0.000000000
CONST: 023 | 34 -0.000366 -0.000721 0.000185 -0.0019504 0.004088 0

ABS:   024 | -0.000366000 -0.000721000  0.000185000 -0.001946000  0.004088000  0.000000000 |         27.1 |  0.000006948  0.000053004, -0.000086984  0.000564139
DIFF:  024 |  0.000000000  0.000000000  0.000000000  0.000004400  0.000000000  0.000000000 |          0.0 |  0.000000012  0.000000028, -0.000000230  0.000000005
MOVE:  024 |  0.000000000  0.000000000 -0.000000000  0.000004000  0.000000000  0.000000000 |          0.0 |  0.000000014  0.000000028, -0.000000209  0.000000004
CONST: 024 | 34 -0.000366 -0.000721 0.000185 -0.001946 0.004088 0

ABS:   025 | -0.000366000 -0.000721000  0.000185000 -0.001954000  0.004088000  0.000000000 |         27.1 |  0.000006953  0.000052975, -0.000086566  0.000564131
DIFF:  025 |  0.000000000  0.000000000  0.000000000 -0.000008000  0.000000000  0.000000000 |         -0.0 |  0.000000005 -0.000000029,  0.000000418 -0.000000008
MOVE:  025 |  0.000000000  0.000000000 -0.000000000 -0.000004000  0.000000000  0.000000000 |         -0.0 |  0.000000019 -0.000000001,  0.000000209 -0.000000004
CONST: 025 | 34 -0.000366 -0.000721 0.000185 -0.001954 0.004088 0

ABS:   026 | -0.000366000 -0.000721000  0.000185000 -0.001950000  0.004098001  0.000000000 |         27.1 |  0.000006910  0.000052962, -0.000086745  0.000564132
DIFF:  026 |  0.000000000  0.000000000  0.000000000  0.000004000  0.000010001  0.000000000 |          0.0 | -0.000000043 -0.000000013, -0.000000179  0.000000002
MOVE:  026 |  0.000000000  0.000000000 -0.000000000 -0.000000000  0.000010001  0.000000000 |          0.0 | -0.000000024 -0.000000014,  0.000000030 -0.000000003
CONST: 026 | 34 -0.000366 -0.000721 0.000185 -0.00195 0.004098 0

ABS:   027 | -0.000366000 -0.000721000  0.000185000 -0.001950000  0.004077999  0.000000000 |         27.1 |  0.000006990  0.000053022, -0.000086805  0.000564138
DIFF:  027 |  0.000000000  0.000000000  0.000000000  0.000000000 -0.000020001  0.000000000 |          0.0 |  0.000000080  0.000000060, -0.000000060  0.000000005
MOVE:  027 |  0.000000000  0.000000000 -0.000000000 -0.000000000 -0.000010001  0.000000000 |          0.0 |  0.000000056  0.000000046, -0.000000030  0.000000003
CONST: 027 | 34 -0.000366 -0.000721 0.000185 -0.00195 0.004078 0

ABS:   028 | -0.000366000 -0.000721000  0.000185000 -0.001950000  0.004089000  0.000000000 |         27.1 |  0.000006959  0.000052990, -0.000086772  0.000564135
DIFF:  028 |  0.000000000  0.000000000  0.000000000  0.000000000  0.000011001  0.000000000 |         -0.0 | -0.000000032 -0.000000032,  0.000000033 -0.000000003
MOVE:  028 |  0.000000000  0.000000000 -0.000000000 -0.000000000  0.000001000  0.000000000 |          0.0 |  0.000000024  0.000000014,  0.000000003 -0.000000000
CONST: 028 | 34 -0.000366 -0.000721 0.000185 -0.00195 0.004089 0

ABS:   029 | -0.000366000 -0.000721000  0.000185000 -0.001950000  0.004087000  0.000000000 |         27.1 |  0.000006943  0.000052989, -0.000086778  0.000564135
DIFF:  029 |  0.000000000  0.000000000  0.000000000  0.000000000 -0.000002000  0.000000000 |         -0.0 | -0.000000016 -0.000000001, -0.000000006  0.000000001
MOVE:  029 |  0.000000000  0.000000000 -0.000000000 -0.000000000 -0.000001000  0.000000000 |          0.0 |  0.000000009  0.000000013, -0.000000003  0.000000000
CONST: 029 | 34 -0.000366 -0.000721 0.000185 -0.00195 0.004087 0

ABS:   030 | -0.000366000 -0.000721000  0.000185000 -0.001950000  0.004088100  0.000000000 |         27.1 |  0.000006933  0.000052975, -0.000086775  0.000564135
DIFF:  030 |  0.000000000  0.000000000  0.000000000  0.000000000  0.000001100  0.000000000 |         -0.0 | -0.000000009 -0.000000015,  0.000000003 -0.000000000
MOVE:  030 |  0.000000000  0.000000000 -0.000000000 -0.000000000  0.000000100  0.000000000 |         -0.0 | -0.000000001 -0.000000001,  0.000000000 -0.000000000
CONST: 030 | 34 -0.000366 -0.000721 0.000185 -0.00195 0.0040881 0

ABS:   031 | -0.000366000 -0.000721000  0.000185000 -0.001950000  0.004087900  0.000000000 |         27.1 |  0.000006935  0.000052977, -0.000086775  0.000564135
DIFF:  031 |  0.000000000  0.000000000  0.000000000  0.000000000 -0.000000200  0.000000000 |          0.0 |  0.000000002  0.000000003, -0.000000001  0.000000000
MOVE:  031 |  0.000000000  0.000000000 -0.000000000 -0.000000000 -0.000000100  0.000000000 |          0.0 |  0.000000001  0.000000001, -0.000000000  0.000000000
CONST: 031 | 34 -0.000366 -0.000721 0.000185 -0.00195 0.0040879 0

ABS:   032 | -0.000366000 -0.000721000  0.000185000 -0.001950000  0.004088000  0.000002000 |         27.1 |  0.000006933  0.000052976, -0.000086779  0.000564136
DIFF:  032 |  0.000000000  0.000000000  0.000000000  0.000000000  0.000000100  0.000002000 |         -0.0 | -0.000000003 -0.000000001, -0.000000004  0.000000001
MOVE:  032 |  0.000000000  0.000000000 -0.000000000 -0.000000000  0.000000000  0.000002000 |          0.0 | -0.000000002  0.000000000, -0.000000004  0.000000001
CONST: 032 | 34 -0.000366 -0.000721 0.000185 -0.00195 0.004088 2.00001e-06

ABS:   033 | -0.000366000 -0.000721000  0.000185000 -0.001950000  0.004088000 -0.000002000 |         27.1 |  0.000006936  0.000052976, -0.000086771  0.000564134
DIFF:  033 |  0.000000000  0.000000000  0.000000000  0.000000000  0.000000000 -0.000004000 |         -0.0 |  0.000000003 -0.000000000,  0.000000008 -0.000000001
MOVE:  033 |  0.000000000  0.000000000 -0.000000000 -0.000000000  0.000000000 -0.000002000 |         -0.0 |  0.000000002 -0.000000000,  0.000000004 -0.000000001
CONST: 033 | 34 -0.000366 -0.000721 0.000185 -0.00195 0.004088 -2.00001e-06

ABS:   034 | -0.000366000 -0.000721000  0.000185000 -0.001950000  0.004088000  0.000020000 |         27.1 |  0.000006917  0.000052976, -0.000086816  0.000564142
DIFF:  034 |  0.000000000  0.000000000  0.000000000  0.000000000  0.000000000  0.000022000 |          0.0 | -0.000000019  0.000000000, -0.000000045  0.000000007
MOVE:  034 |  0.000000000  0.000000000 -0.000000000 -0.000000000  0.000000000  0.000020000 |          0.0 | -0.000000017  0.000000000, -0.000000041  0.000000007
CONST: 034 | 34 -0.000366 -0.000721 0.000185 -0.00195 0.004088 2.00001e-05

ABS:   035 | -0.000366000 -0.000721000  0.000185000 -0.001950000  0.004088000 -0.000020000 |         27.1 |  0.000006951  0.000052976, -0.000086734  0.000564128
DIFF:  035 |  0.000000000  0.000000000  0.000000000  0.000000000  0.000000000 -0.000040000 |         -0.0 |  0.000000034 -0.000000000,  0.000000081 -0.000000013
MOVE:  035 |  0.000000000  0.000000000 -0.000000000 -0.000000000  0.000000000 -0.000020000 |         -0.0 |  0.000000017 -0.000000000,  0.000000041 -0.000000007
CONST: 035 | 34 -0.000366 -0.000721 0.000185 -0.00195 0.004088 -2.00001e-05

ABS:   036 | -0.000365982 -0.000762042  0.000098988 -0.001953080  0.004271700 -0.002725806 |         27.2 |  0.000007654  0.000052441, -0.000034438  0.000567379
DIFF:  036 |  0.000000018 -0.000041042 -0.000086012 -0.000003080  0.000183700 -0.002705806 |          0.1 |  0.000000703 -0.000000535,  0.000052296  0.000003251
MOVE:  036 |  0.000000018 -0.000041042 -0.000086012 -0.000003080  0.000183700 -0.002725806 |          0.1 |  0.000000720 -0.000000535,  0.000052337  0.000003244
CONST: 036 | 34 -0.000365982 -0.000762042 9.89879e-05 -0.00195308 0.0042717 -0.00272581

ABS:   037 | -0.000365991 -0.000740781  0.000143554 -0.001951484  0.004176518 -0.001313952 |         27.1 |  0.000007032  0.000052463, -0.000054933  0.000566638
DIFF:  037 | -0.000000009  0.000021261  0.000044566  0.000001596 -0.000095183  0.001411854 |         -0.1 | -0.000000622  0.000000022, -0.000020495 -0.000000742
MOVE:  037 |  0.000000009 -0.000019781 -0.000041446 -0.000001484  0.000088518 -0.001313952 |         -0.0 |  0.000000098 -0.000000513,  0.000031842  0.000002503
CONST: 037 | 34 -0.000365991 -0.000740781 0.000143554 -0.00195148 0.00417652 -0.00131395

ABS:   038 | -0.000365993 -0.000736360  0.000152817 -0.001951153  0.004156734 -0.001020329 |         27.0 |  0.000006976  0.000052560, -0.000063646  0.000564742
DIFF:  038 | -0.000000002  0.000004421  0.000009263  0.000000332 -0.000019784  0.000293623 |         -0.1 | -0.000000056  0.000000097, -0.000008713 -0.000001896
MOVE:  038 |  0.000000007 -0.000015360 -0.000032183 -0.000001153  0.000068734 -0.001020329 |         -0.2 |  0.000000041 -0.000000416,  0.000023129  0.000000607
CONST: 038 | 34 -0.000365993 -0.00073636 0.000152817 -0.00195115 0.00415673 -0.00102033

ABS:   039 | -0.000365996 -0.000731355  0.000163304 -0.001950777  0.004134338 -0.000687891 |         26.9 |  0.000007001  0.000052838, -0.000065748  0.000563783
DIFF:  039 | -0.000000002  0.000005005  0.000010486  0.000000376 -0.000022396  0.000332438 |         -0.1 |  0.000000025  0.000000278, -0.000002102 -0.000000959
MOVE:  039 |  0.000000004 -0.000010355 -0.000021696 -0.000000777  0.000046338 -0.000687891 |         -0.2 |  0.000000067 -0.000000138,  0.000021027 -0.000000352
CONST: 039 | 34 -0.000365996 -0.000731355 0.000163304 -0.00195078 0.00413434 -0.000687891

ABS:   040 | -0.000365990 -0.000731355  0.000163304 -0.001950777  0.004134338 -0.000687891 |         26.9 |  0.000006970  0.000052874, -0.000065748  0.000563783
DIFF:  040 |  0.000000006  0.000000000  0.000000000  0.000000000  0.000000000  0.000000000 |          0.0 | -0.000000031  0.000000037, -0.000000000  0.000000000
MOVE:  040 |  0.000000010 -0.000010355 -0.000021696 -0.000000777  0.000046338 -0.000687891 |         -0.2 |  0.000000035 -0.000000102,  0.000021027 -0.000000352
CONST: 040 | 34 -0.00036599 -0.000731355 0.000163304 -0.00195078 0.00413434 -0.000687891

ABS:   041 | -0.000366001 -0.000731355  0.000163304 -0.001950777  0.004134338 -0.000687891 |         26.9 |  0.000006995  0.000052838, -0.000065748  0.000563783
DIFF:  041 | -0.000000011  0.000000000  0.000000000  0.000000000  0.000000000  0.000000000 |         -0.0 |  0.000000025 -0.000000037,  0.000000000 -0.000000000
MOVE:  041 | -0.000000001 -0.000010355 -0.000021696 -0.000000777  0.000046338 -0.000687891 |         -0.2 |  0.000000061 -0.000000138,  0.000021027 -0.000000352
CONST: 041 | 34 -0.000366001 -0.000731355 0.000163304 -0.00195078 0.00413434 -0.000687891

ABS:   042 | -0.000365995 -0.000731355  0.000163304 -0.001950777  0.004134338 -0.000687891 |         26.9 |  0.000007001  0.000052838, -0.000065748  0.000563783
DIFF:  042 |  0.000000006  0.000000000  0.000000000  0.000000000  0.000000000  0.000000000 |          0.0 |  0.000000006 -0.000000000, -0.000000000  0.000000000
MOVE:  042 |  0.000000005 -0.000010355 -0.000021696 -0.000000777  0.000046338 -0.000687891 |         -0.2 |  0.000000067 -0.000000138,  0.000021027 -0.000000352
CONST: 042 | 34 -0.000365995 -0.000731355 0.000163304 -0.00195078 0.00413434 -0.000687891

ABS:   043 | -0.000365996 -0.000731355  0.000163304 -0.001950777  0.004134338 -0.000687891 |         26.9 |  0.000007000  0.000052838, -0.000065748  0.000563783
DIFF:  043 | -0.000000001  0.000000000  0.000000000  0.000000000  0.000000000  0.000000000 |         -0.0 | -0.000000001  0.000000000,  0.000000000 -0.000000000
MOVE:  043 |  0.000000004 -0.000010355 -0.000021696 -0.000000777  0.000046338 -0.000687891 |         -0.2 |  0.000000066 -0.000000138,  0.000021027 -0.000000352
CONST: 043 | 34 -0.000365996 -0.000731355 0.000163304 -0.00195078 0.00413434 -0.000687891

ABS:   044 | -0.000365990 -0.000731355  0.000163304 -0.001950777  0.004134338 -0.000687891 |         26.9 |  0.000006970  0.000052874, -0.000065748  0.000563783
DIFF:  044 |  0.000000006  0.000000000  0.000000000  0.000000000  0.000000000  0.000000000 |          0.0 | -0.000000031  0.000000037, -0.000000000  0.000000000
MOVE:  044 |  0.000000010 -0.000010355 -0.000021696 -0.000000777  0.000046338 -0.000687891 |         -0.2 |  0.000000035 -0.000000102,  0.000021027 -0.000000352
CONST: 044 | 34 -0.00036599 -0.000731355 0.000163304 -0.00195078 0.00413434 -0.000687891

ABS:   045 | -0.000366001 -0.000731355  0.000163304 -0.001950777  0.004134338 -0.000687891 |         26.9 |  0.000006995  0.000052838, -0.000065748  0.000563783
DIFF:  045 | -0.000000011  0.000000000  0.000000000  0.000000000  0.000000000  0.000000000 |         -0.0 |  0.000000025 -0.000000037,  0.000000000 -0.000000000
MOVE:  045 | -0.000000001 -0.000010355 -0.000021696 -0.000000777  0.000046338 -0.000687891 |         -0.2 |  0.000000061 -0.000000138,  0.000021027 -0.000000352
CONST: 045 | 34 -0.000366001 -0.000731355 0.000163304 -0.00195078 0.00413434 -0.000687891

ABS:   046 | -0.000365996 -0.000731056  0.000163304 -0.001950777  0.004134338 -0.000687891 |         26.9 |  0.000006966  0.000052869, -0.000065974  0.000563787
DIFF:  046 |  0.000000006  0.000000299  0.000000000  0.000000000  0.000000000  0.000000000 |          0.0 | -0.000000030  0.000000032, -0.000000226  0.000000003
MOVE:  046 |  0.000000004 -0.000010056 -0.000021696 -0.000000777  0.000046338 -0.000687891 |         -0.2 |  0.000000031 -0.000000107,  0.000020801 -0.000000348
CONST: 046 | 34 -0.000365996 -0.000731056 0.000163304 -0.00195078 0.00413434 -0.000687891

ABS:   047 | -0.000365996 -0.000731655  0.000163304 -0.001950777  0.004134338 -0.000687891 |         26.9 |  0.000007036  0.000052806, -0.000065522  0.000563780
DIFF:  047 |  0.000000000 -0.000000599  0.000000000  0.000000000  0.000000000  0.000000000 |         -0.0 |  0.000000071 -0.000000064,  0.000000453 -0.000000007
MOVE:  047 |  0.000000004 -0.000010655 -0.000021696 -0.000000777  0.000046338 -0.000687891 |         -0.2 |  0.000000102 -0.000000170,  0.000021253 -0.000000355
CONST: 047 | 34 -0.000365996 -0.000731655 0.000163304 -0.00195078 0.00413434 -0.000687891

ABS:   048 | -0.000365996 -0.000730871  0.000163304 -0.001950777  0.004134338 -0.000687891 |         26.9 |  0.000006967  0.000052866, -0.000066114  0.000563789
DIFF:  048 |  0.000000000  0.000000784  0.000000000  0.000000000  0.000000000  0.000000000 |          0.0 | -0.000000070  0.000000061, -0.000000592  0.000000009
MOVE:  048 |  0.000000004 -0.000009871 -0.000021696 -0.000000777  0.000046338 -0.000687891 |         -0.2 |  0.000000032 -0.000000110,  0.000020661 -0.000000346
CONST: 048 | 34 -0.000365996 -0.000730871 0.000163304 -0.00195078 0.00413434 -0.000687891

ABS:   049 | -0.000365996 -0.000731840  0.000163304 -0.001950777  0.004134338 -0.000687891 |         26.9 |  0.000007068  0.000052836, -0.000065382  0.000563778
DIFF:  049 |  0.000000000 -0.000000969  0.000000000  0.000000000  0.000000000  0.000000000 |         -0.0 |  0.000000101 -0.000000030,  0.000000732 -0.000000011
MOVE:  049 |  0.000000004 -0.000010840 -0.000021696 -0.000000777  0.000046338 -0.000687891 |         -0.2 |  0.000000134 -0.000000140,  0.000021393 -0.000000357
CONST: 049 | 34 -0.000365996 -0.00073184 0.000163304 -0.00195078 0.00413434 -0.000687891

ABS:   050 | -0.000365996 -0.000731307  0.000163304 -0.001950777  0.004134338 -0.000687891 |         26.9 |  0.000006964  0.000052873, -0.000065785  0.000563784
DIFF:  050 |  0.000000000  0.000000533  0.000000000  0.000000000  0.000000000  0.000000000 |          0.0 | -0.000000104  0.000000037, -0.000000403  0.000000006
MOVE:  050 |  0.000000004 -0.000010307 -0.000021696 -0.000000777  0.000046338 -0.000687891 |         -0.2 |  0.000000030 -0.000000103,  0.000020990 -0.000000351
CONST: 050 | 34 -0.000365996 -0.000731307 0.000163304 -0.00195078 0.00413434 -0.000687891

ABS:   051 | -0.000365996 -0.000731404  0.000163304 -0.001950777  0.004134338 -0.000687891 |         26.9 |  0.000007001  0.000052838, -0.000065712  0.000563783
DIFF:  051 |  0.000000000 -0.000000097  0.000000000  0.000000000  0.000000000  0.000000000 |         -0.0 |  0.000000036 -0.000000035,  0.000000073 -0.000000001
MOVE:  051 |  0.000000004 -0.000010404 -0.000021696 -0.000000777  0.000046338 -0.000687891 |         -0.2 |  0.000000066 -0.000000138,  0.000021063 -0.000000352
CONST: 051 | 34 -0.000365996 -0.000731404 0.000163304 -0.00195078 0.00413434 -0.000687891

ABS:   052 | -0.000365996 -0.000731355  0.000163623 -0.001950777  0.004134338 -0.000687891 |         26.9 |  0.000007000  0.000052838, -0.000066067  0.000563783
DIFF:  052 |  0.000000000  0.000000048  0.000000319  0.000000000  0.000000000  0.000000000 |          0.0 | -0.000000001 -0.000000001, -0.000000355  0.000000001
MOVE:  052 |  0.000000004 -0.000010355 -0.000021377 -0.000000777  0.000046338 -0.000687891 |         -0.2 |  0.000000065 -0.000000138,  0.000020708 -0.000000352
CONST: 052 | 34 -0.000365996 -0.000731355 0.000163623 -0.00195078 0.00413434 -0.000687891

ABS:   053 | -0.000365996 -0.000731355  0.000162984 -0.001950777  0.004134338 -0.000687891 |         26.9 |  0.000007002  0.000052838, -0.000065429  0.000563783
DIFF:  053 |  0.000000000  0.000000000 -0.000000638  0.000000000  0.000000000  0.000000000 |         -0.0 |  0.000000003 -0.000000000,  0.000000637  0.000000000
MOVE:  053 |  0.000000004 -0.000010355 -0.000022016 -0.000000777  0.000046338 -0.000687891 |         -0.2 |  0.000000068 -0.000000138,  0.000021346 -0.000000352
CONST: 053 | 34 -0.000365996 -0.000731355 0.000162984 -0.00195078 0.00413434 -0.000687891

ABS:   054 | -0.000365996 -0.000731355  0.000163304 -0.001950377  0.004134338 -0.000687891 |         26.9 |  0.000006999  0.000052838, -0.000065769  0.000563784
DIFF:  054 |  0.000000000  0.000000000  0.000000319  0.000000400  0.000000000  0.000000000 |          0.0 | -0.000000003  0.000000000, -0.000000340  0.000000000
MOVE:  054 |  0.000000004 -0.000010355 -0.000021696 -0.000000377  0.000046338 -0.000687891 |         -0.2 |  0.000000065 -0.000000138,  0.000021006 -0.000000351
CONST: 054 | 34 -0.000365996 -0.000731355 0.000163304 -0.00195038 0.00413434 -0.000687891

ABS:   055 | -0.000365996 -0.000731355  0.000163304 -0.001951177  0.004134338 -0.000687891 |         26.9 |  0.000007003  0.000052838, -0.000065727  0.000563783
DIFF:  055 |  0.000000000  0.000000000  0.000000000 -0.000000800  0.000000000  0.000000000 |         -0.0 |  0.000000004 -0.000000000,  0.000000042 -0.000000001
MOVE:  055 |  0.000000004 -0.000010355 -0.000021696 -0.000001177  0.000046338 -0.000687891 |         -0.2 |  0.000000069 -0.000000138,  0.000021048 -0.000000352
CONST: 055 | 34 -0.000365996 -0.000731355 0.000163304 -0.00195118 0.00413434 -0.000687891

ABS:   056 | -0.000365996 -0.000731355  0.000163304 -0.001946777  0.004134338 -0.000687891 |         26.9 |  0.000007019  0.000052801, -0.000065958  0.000563788
DIFF:  056 |  0.000000000  0.000000000  0.000000000  0.000004400  0.000000000  0.000000000 |         -0.0 |  0.000000016 -0.000000036, -0.000000230  0.000000005
MOVE:  056 |  0.000000004 -0.000010355 -0.000021696  0.000003223  0.000046338 -0.000687891 |         -0.2 |  0.000000084 -0.000000175,  0.000020818 -0.000000347
CONST: 056 | 34 -0.000365996 -0.000731355 0.000163304 -0.00194678 0.00413434 -0.000687891

ABS:   057 | -0.000365996 -0.000731355  0.000163304 -0.001954777  0.004134338 -0.000687891 |         26.9 |  0.000006983  0.000052874, -0.000065539  0.000563779
DIFF:  057 |  0.000000000  0.000000000  0.000000000 -0.000008000  0.000000000  0.000000000 |          0.0 | -0.000000035  0.000000073,  0.000000419 -0.000000009
MOVE:  057 |  0.000000004 -0.000010355 -0.000021696 -0.000004777  0.000046338 -0.000687891 |         -0.2 |  0.000000049 -0.000000102,  0.000021236 -0.000000356
CONST: 057 | 34 -0.000365996 -0.000731355 0.000163304 -0.00195478 0.00413434 -0.000687891

ABS:   058 | -0.000365996 -0.000731355  0.000163304 -0.001944875  0.004134338 -0.000687891 |         26.9 |  0.000007042  0.000052829, -0.000066057  0.000563790
DIFF:  058 |  0.000000000  0.000000000  0.000000000  0.000009902  0.000000000  0.000000000 |         -0.0 |  0.000000059 -0.000000045, -0.000000518  0.000000011
MOVE:  058 |  0.000000004 -0.000010355 -0.000021696  0.000005125  0.000046338 -0.000687891 |         -0.2 |  0.000000108 -0.000000147,  0.000020718 -0.000000345
CONST: 058 | 34 -0.000365996 -0.000731355 0.000163304 -0.00194488 0.00413434 -0.000687891

ABS:   059 | -0.000365996 -0.000731355  0.000163304 -0.001956679  0.004134338 -0.000687891 |         26.9 |  0.000006992  0.000052874, -0.000065439  0.000563776
DIFF:  059 |  0.000000000  0.000000000  0.000000000 -0.000011804  0.000000000  0.000000000 |          0.0 | -0.000000050  0.000000045,  0.000000618 -0.000000014
MOVE:  059 |  0.000000004 -0.000010355 -0.000021696 -0.000006679  0.000046338 -0.000687891 |         -0.2 |  0.000000058 -0.000000102,  0.000021336 -0.000000359
CONST: 059 | 34 -0.000365996 -0.000731355 0.000163304 -0.00195668 0.00413434 -0.000687891

ABS:   060 | -0.000365996 -0.000731355  0.000163304 -0.001950777  0.004135215 -0.000687891 |         26.9 |  0.000006956  0.000052864, -0.000065746  0.000563783
DIFF:  060 |  0.000000000  0.000000000  0.000000000  0.000005902  0.000000877  0.000000000 |          0.0 | -0.000000036 -0.000000010, -0.000000306  0.000000007
MOVE:  060 |  0.000000004 -0.000010355 -0.000021696 -0.000000777  0.000047215 -0.000687891 |         -0.2 |  0.000000022 -0.000000112,  0.000021030 -0.000000352
CONST: 060 | 34 -0.000365996 -0.000731355 0.000163304 -0.00195078 0.00413521 -0.000687891

ABS:   061 | -0.000365996 -0.000731355  0.000163304 -0.001950777  0.004133460 -0.000687891 |         26.9 |  0.000007078  0.000052839, -0.000065751  0.000563783
DIFF:  061 |  0.000000000  0.000000000  0.000000000  0.000000000 -0.000001755  0.000000000 |         -0.0 |  0.000000122 -0.000000025, -0.000000005  0.000000000
MOVE:  061 |  0.000000004 -0.000010355 -0.000021696 -0.000000777  0.000045460 -0.000687891 |         -0.2 |  0.000000144 -0.000000137,  0.000021024 -0.000000352
CONST: 061 | 34 -0.000365996 -0.000731355 0.000163304 -0.00195078 0.00413346 -0.000687891

ABS:   062 | -0.000365996 -0.000731355  0.000163304 -0.001950777  0.004134425 -0.000687891 |         26.9 |  0.000006963  0.000052873, -0.000065748  0.000563783
DIFF:  062 |  0.000000000  0.000000000  0.000000000  0.000000000  0.000000965  0.000000000 |          0.0 | -0.000000115  0.000000035,  0.000000003 -0.000000000
MOVE:  062 |  0.000000004 -0.000010355 -0.000021696 -0.000000777  0.000046425 -0.000687891 |         -0.2 |  0.000000029 -0.000000103,  0.000021027 -0.000000352
CONST: 062 | 34 -0.000365996 -0.000731355 0.000163304 -0.00195078 0.00413443 -0.000687891

ABS:   063 | -0.000365996 -0.000731355  0.000163304 -0.001950777  0.004134250 -0.000687891 |         26.9 |  0.000007002  0.000052839, -0.000065748  0.000563783
DIFF:  063 |  0.000000000  0.000000000  0.000000000  0.000000000 -0.000000175  0.000000000 |         -0.0 |  0.000000038 -0.000000035, -0.000000001  0.000000000
MOVE:  063 |  0.000000004 -0.000010355 -0.000021696 -0.000000777  0.000046250 -0.000687891 |         -0.2 |  0.000000067 -0.000000137,  0.000021027 -0.000000352
CONST: 063 | 34 -0.000365996 -0.000731355 0.000163304 -0.00195078 0.00413425 -0.000687891

ABS:   064 | -0.000365996 -0.000731355  0.000163304 -0.001950777  0.004134346 -0.000687891 |         26.9 |  0.000007001  0.000052837, -0.000065748  0.000563783
DIFF:  064 |  0.000000000  0.000000000  0.000000000  0.000000000  0.000000097  0.000000000 |         -0.0 | -0.000000001 -0.000000001,  0.000000000 -0.000000000
MOVE:  064 |  0.000000004 -0.000010355 -0.000021696 -0.000000777  0.000046346 -0.000687891 |         -0.2 |  0.000000067 -0.000000139,  0.000021027 -0.000000352
CONST: 064 | 34 -0.000365996 -0.000731355 0.000163304 -0.00195078 0.00413435 -0.000687891

ABS:   065 | -0.000365996 -0.000731355  0.000163304 -0.001950777  0.004134329 -0.000687891 |         26.9 |  0.000007001  0.000052838, -0.000065748  0.000563783
DIFF:  065 |  0.000000000  0.000000000  0.000000000  0.000000000 -0.000000018  0.000000000 |          0.0 |  0.000000000  0.000000000, -0.000000000  0.000000000
MOVE:  065 |  0.000000004 -0.000010355 -0.000021696 -0.000000777  0.000046329 -0.000687891 |         -0.2 |  0.000000067 -0.000000138,  0.000021027 -0.000000352
CONST: 065 | 34 -0.000365996 -0.000731355 0.000163304 -0.00195078 0.00413433 -0.000687891

ABS:   066 | -0.000365996 -0.000731355  0.000163304 -0.001950777  0.004134338 -0.000649424 |         26.9 |  0.000007038  0.000052828, -0.000065826  0.000563795
DIFF:  066 |  0.000000000  0.000000000  0.000000000  0.000000000  0.000000009  0.000038467 |          0.0 |  0.000000037 -0.000000010, -0.000000078  0.000000012
MOVE:  066 |  0.000000004 -0.000010355 -0.000021696 -0.000000777  0.000046338 -0.000649424 |         -0.2 |  0.000000104 -0.000000148,  0.000020949 -0.000000340
CONST: 066 | 34 -0.000365996 -0.000731355 0.000163304 -0.00195078 0.00413434 -0.000649424

ABS:   067 | -0.000365996 -0.000731355  0.000163304 -0.001950777  0.004134338 -0.000726358 |         26.9 |  0.000006996  0.000052875, -0.000065670  0.000563772
DIFF:  067 |  0.000000000  0.000000000  0.000000000  0.000000000  0.000000000 -0.000076934 |          0.0 | -0.000000042  0.000000047,  0.000000156 -0.000000023
MOVE:  067 |  0.000000004 -0.000010355 -0.000021696 -0.000000777  0.000046338 -0.000726358 |         -0.2 |  0.000000062 -0.000000101,  0.000021105 -0.000000363
CONST: 067 | 34 -0.000365996 -0.000731355 0.000163304 -0.00195078 0.00413434 -0.000726358

ABS:   068 | -0.000365996 -0.000731355  0.000163304 -0.001950777  0.004134338 -0.000684044 |         26.9 |  0.000006998  0.000052838, -0.000065756  0.000563784
DIFF:  068 |  0.000000000  0.000000000  0.000000000  0.000000000  0.000000000  0.000042313 |         -0.0 |  0.000000001 -0.000000037, -0.000000086  0.000000013
MOVE:  068 |  0.000000004 -0.000010355 -0.000021696 -0.000000777  0.000046338 -0.000684044 |         -0.2 |  0.000000063 -0.000000138,  0.000021019 -0.000000351
CONST: 068 | 34 -0.000365996 -0.000731355 0.000163304 -0.00195078 0.00413434 -0.000684044

ABS:   069 | -0.000365996 -0.000731355  0.000163304 -0.001950777  0.004134338 -0.000691737 |         26.9 |  0.000006967  0.000052874, -0.000065740  0.000563782
DIFF:  069 |  0.000000000  0.000000000  0.000000000  0.000000000  0.000000000 -0.000007693 |          0.0 | -0.000000030  0.000000037,  0.000000016 -0.000000002
MOVE:  069 |  0.000000004 -0.000010355 -0.000021696 -0.000000777  0.000046338 -0.000691737 |         -0.2 |  0.000000033 -0.000000102,  0.000021035 -0.000000353
CONST: 069 | 34 -0.000365996 -0.000731355 0.000163304 -0.00195078 0.00413434 -0.000691737

ABS:   070 | -0.000365996 -0.000731355  0.000163304 -0.001950777  0.004134338 -0.000687506 |         26.9 |  0.000007001  0.000052838, -0.000065749  0.000563783
DIFF:  070 |  0.000000000  0.000000000  0.000000000  0.000000000  0.000000000  0.000004231 |         -0.0 |  0.000000033 -0.000000037, -0.000000009  0.000000001
MOVE:  070 |  0.000000004 -0.000010355 -0.000021696 -0.000000777  0.000046338 -0.000687506 |         -0.2 |  0.000000066 -0.000000138,  0.000021026 -0.000000352
CONST: 070 | 34 -0.000365996 -0.000731355 0.000163304 -0.00195078 0.00413434 -0.000687506

ABS:   071 | -0.000365996 -0.000731355  0.000163304 -0.001950777  0.004134338 -0.000688275 |         26.9 |  0.000007001  0.000052838, -0.000065747  0.000563783
DIFF:  071 |  0.000000000  0.000000000  0.000000000  0.000000000  0.000000000 -0.000000769 |         -0.0 |  0.000000001  0.000000000,  0.000000002 -0.000000000
MOVE:  071 |  0.000000004 -0.000010355 -0.000021696 -0.000000777  0.000046338 -0.000688275 |         -0.2 |  0.000000067 -0.000000138,  0.000021028 -0.000000352
CONST: 071 | 34 -0.000365996 -0.000731355 0.000163304 -0.00195078 0.00413434 -0.000688275
