ABS:   itr |       deltaX       deltaY       deltaZ         phiX         phiY         phiZ |        chisq |    rphi mean     rphi rms,       z mean        z rms
ABS:   =========================================================================================================================================================
DIFF:  itr |       deltaX       deltaY       deltaZ         phiX         phiY         phiZ |        chisq |    rphi mean     rphi rms,       z mean        z rms
DIFF:  =========================================================================================================================================================
MOVE:  itr |       deltaX       deltaY       deltaZ         phiX         phiY         phiZ |        chisq |    rphi mean     rphi rms,       z mean        z rms
MOVE:  =========================================================================================================================================================
ABS:   001 |  0.000009000  0.000050000  0.000007000  0.002000000  0.000266000  0.000000000 |          1.1 |  0.000000132  0.000048558,  0.000040482  0.000556370
CONST: 001 | 54 9e-06 5e-05 7e-06 0.002 0.000266 0

ABS:   001 |  0.000009000  0.000050000  0.000007000  0.002000000  0.000266000  0.000000000 |          1.1 |  0.000000132  0.000048558,  0.000040482  0.000556370
CONST: 001 | 54 9e-06 5e-05 7e-06 0.002 0.000266 0

ABS:   002 |  0.000019000  0.000050000  0.000007000  0.002000000  0.000266000  0.000000000 |          1.1 |  0.000005162  0.000048836,  0.000040479  0.000556370
DIFF:  002 |  0.000010000  0.000000000  0.000000000  0.000000000  0.000000000  0.000000000 |          0.0 |  0.000005030  0.000000278, -0.000000003  0.000000000
MOVE:  002 |  0.000010000  0.000000000  0.000000000  0.000000000  0.000000000  0.000000000 |          0.0 |  0.000005030  0.000000278, -0.000000003  0.000000000
CONST: 002 | 54 1.9e-05 5e-05 7e-06 0.002 0.000266 0

ABS:   003 | -0.000001000  0.000050000  0.000007000  0.002000000  0.000266000  0.000000000 |          1.1 | -0.000007357  0.000048694,  0.000040484  0.000556370
DIFF:  003 | -0.000020000  0.000000000  0.000000000  0.000000000  0.000000000  0.000000000 |          0.0 | -0.000012519 -0.000000142,  0.000000005 -0.000000000
MOVE:  003 | -0.000010000  0.000000000  0.000000000  0.000000000  0.000000000  0.000000000 |          0.0 | -0.000007489  0.000000136,  0.000000003  0.000000000
CONST: 003 | 54 -1e-06 5e-05 7e-06 0.002 0.000266 0

ABS:   004 |  0.000108835  0.000050000  0.000007000  0.002000000  0.000266000  0.000000000 |          1.1 |  0.000063557  0.000037959,  0.000040455  0.000556370
DIFF:  004 |  0.000109835  0.000000000  0.000000000  0.000000000  0.000000000  0.000000000 |          0.1 |  0.000070914 -0.000010736, -0.000000029  0.000000000
MOVE:  004 |  0.000099835  0.000000000  0.000000000  0.000000000  0.000000000  0.000000000 |          0.1 |  0.000063425 -0.000010600, -0.000000027  0.000000000
CONST: 004 | 54 0.000108835 5e-05 7e-06 0.002 0.000266 0

ABS:   005 | -0.000090835  0.000050000  0.000007000  0.002000000  0.000266000  0.000000000 |          1.2 | -0.000056006  0.000054291,  0.000040508  0.000556370
DIFF:  005 | -0.000199670  0.000000000  0.000000000  0.000000000  0.000000000  0.000000000 |          0.1 | -0.000119562  0.000016333,  0.000000053  0.000000000
MOVE:  005 | -0.000099835  0.000000000  0.000000000  0.000000000  0.000000000  0.000000000 |          0.1 | -0.000056137  0.000005733,  0.000000027  0.000000000
CONST: 005 | 54 -9.08351e-05 5e-05 7e-06 0.002 0.000266 0

ABS:   006 |  0.000009000  0.000060000  0.000007000  0.002000000  0.000266000  0.000000000 |          1.1 |  0.000000984  0.000048624,  0.000032755  0.000557143
DIFF:  006 |  0.000099835  0.000010000  0.000000000  0.000000000  0.000000000  0.000000000 |         -0.1 |  0.000056990 -0.000005667, -0.000007753  0.000000773
MOVE:  006 | -0.000000000  0.000010000  0.000000000  0.000000000  0.000000000  0.000000000 |          0.0 |  0.000000852  0.000000066, -0.000007727  0.000000773
CONST: 006 | 54 9e-06 6e-05 7e-06 0.002 0.000266 0

ABS:   007 |  0.000009000  0.000040000  0.000007000  0.002000000  0.000266000  0.000000000 |          1.1 | -0.000000721  0.000048499,  0.000048209  0.000555663
DIFF:  007 |  0.000000000 -0.000020000  0.000000000  0.000000000  0.000000000  0.000000000 |         -0.0 | -0.000001705 -0.000000125,  0.000015454 -0.000001480
MOVE:  007 | -0.000000000 -0.000010000  0.000000000  0.000000000  0.000000000  0.000000000 |         -0.0 | -0.000000852 -0.000000060,  0.000007727 -0.000000707
CONST: 007 | 54 9e-06 4e-05 7e-06 0.002 0.000266 0

ABS:   008 |  0.000009000  0.000149835  0.000007000  0.002000000  0.000266000  0.000000000 |          1.1 |  0.000006165  0.000046975,  0.000001223  0.000574106
DIFF:  008 |  0.000000000  0.000109835  0.000000000  0.000000000  0.000000000  0.000000000 |          0.1 |  0.000006885 -0.000001524, -0.000046985  0.000018443
MOVE:  008 | -0.000000000  0.000099835  0.000000000  0.000000000  0.000000000  0.000000000 |          0.1 |  0.000006033 -0.000001584, -0.000039258  0.000017736
CONST: 008 | 54 9e-06 0.000149835 7e-06 0.002 0.000266 0

ABS:   009 |  0.000009000 -0.000049835  0.000007000  0.002000000  0.000266000  0.000000000 |          1.1 | -0.000007007  0.000049321,  0.000065195  0.000555370
DIFF:  009 |  0.000000000 -0.000199670  0.000000000  0.000000000  0.000000000  0.000000000 |         -0.0 | -0.000013172  0.000002346,  0.000063972 -0.000018736
MOVE:  009 | -0.000000000 -0.000099835  0.000000000  0.000000000  0.000000000  0.000000000 |          0.0 | -0.000007139  0.000000762,  0.000024714 -0.000001000
CONST: 009 | 54 9e-06 -4.98351e-05 7e-06 0.002 0.000266 0

ABS:   010 |  0.000009000  0.000050000  0.000507000  0.002000000  0.000266000  0.000000000 |          1.1 |  0.000000084  0.000048565, -0.000227830  0.000542711
DIFF:  010 |  0.000000000  0.000099835  0.000500000  0.000000000  0.000000000  0.000000000 |          0.0 |  0.000007091 -0.000000756, -0.000293025 -0.000012659
MOVE:  010 | -0.000000000  0.000000000  0.000500000  0.000000000  0.000000000  0.000000000 |          0.0 | -0.000000048  0.000000006, -0.000268311 -0.000013659
CONST: 010 | 54 9e-06 5e-05 0.000507 0.002 0.000266 0

ABS:   011 |  0.000009000  0.000050000 -0.000493000  0.002000000  0.000266000  0.000000000 |          1.0 |  0.000000179  0.000048552,  0.000319505  0.000479376
DIFF:  011 |  0.000000000  0.000000000 -0.001000000  0.000000000  0.000000000  0.000000000 |         -0.1 |  0.000000096 -0.000000013,  0.000547335 -0.000063335
MOVE:  011 | -0.000000000  0.000000000 -0.000500000  0.000000000  0.000000000  0.000000000 |         -0.1 |  0.000000048 -0.000000006,  0.000279024 -0.000076994
CONST: 011 | 54 9e-06 5e-05 -0.000493 0.002 0.000266 0
