ABS:   itr |       deltaX       deltaY       deltaZ         phiX         phiY         phiZ |        chisq |    rphi mean     rphi rms,       z mean        z rms
ABS:   =========================================================================================================================================================
DIFF:  itr |       deltaX       deltaY       deltaZ         phiX         phiY         phiZ |        chisq |    rphi mean     rphi rms,       z mean        z rms
DIFF:  =========================================================================================================================================================
MOVE:  itr |       deltaX       deltaY       deltaZ         phiX         phiY         phiZ |        chisq |    rphi mean     rphi rms,       z mean        z rms
MOVE:  =========================================================================================================================================================
ABS:   001 | -0.000009000 -0.000240000  0.000169000  0.000000000  0.001127000  0.000000000 |         38.9 |  0.000013629  0.000082349,  0.000011491  0.000562455
CONST: 001 | 2 -9e-06 -0.00024 0.000169 0 0.001127 0

ABS:   001 | -0.000009000 -0.000240000  0.000169000  0.000000000  0.001127000  0.000000000 |         38.9 |  0.000013629  0.000082349,  0.000011491  0.000562455
CONST: 001 | 2 -9e-06 -0.00024 0.000169 0 0.001127 0

ABS:   002 | -0.000008900 -0.000240000  0.000169000  0.000000000  0.001127000  0.000000000 |         38.9 |  0.000013729  0.000082349,  0.000011491  0.000562455
DIFF:  002 |  0.000000100  0.000000000  0.000000000  0.000000000  0.000000000  0.000000000 |          0.0 |  0.000000100  0.000000000, -0.000000000  0.000000000
MOVE:  002 |  0.000000100  0.000000000  0.000000000  0.000000000  0.000000000  0.000000000 |          0.0 |  0.000000100  0.000000000, -0.000000000  0.000000000
CONST: 002 | 2 -8.9e-06 -0.00024 0.000169 0 0.001127 0

ABS:   003 | -0.000009100 -0.000240000  0.000169000  0.000000000  0.001127000  0.000000000 |         38.9 |  0.000013529  0.000082349,  0.000011491  0.000562455
DIFF:  003 | -0.000000200  0.000000000  0.000000000  0.000000000  0.000000000  0.000000000 |         -0.0 | -0.000000200 -0.000000000,  0.000000000  0.000000000
MOVE:  003 | -0.000000100  0.000000000  0.000000000  0.000000000  0.000000000  0.000000000 |         -0.0 | -0.000000100 -0.000000000,  0.000000000  0.000000000
CONST: 003 | 2 -9.1e-06 -0.00024 0.000169 0 0.001127 0

ABS:   004 | -0.000008000 -0.000240000  0.000169000  0.000000000  0.001127000  0.000000000 |         38.9 |  0.000014629  0.000082349,  0.000011490  0.000562455
DIFF:  004 |  0.000001100  0.000000000  0.000000000  0.000000000  0.000000000  0.000000000 |          0.0 |  0.000001100 -0.000000000, -0.000000001 -0.000000000
MOVE:  004 |  0.000001000  0.000000000  0.000000000  0.000000000  0.000000000  0.000000000 |          0.0 |  0.000001000 -0.000000000, -0.000000001 -0.000000000
CONST: 004 | 2 -7.99998e-06 -0.00024 0.000169 0 0.001127 0

ABS:   005 | -0.000010000 -0.000240000  0.000169000  0.000000000  0.001127000  0.000000000 |         38.9 |  0.000012629  0.000082349,  0.000011492  0.000562455
DIFF:  005 | -0.000002000  0.000000000  0.000000000  0.000000000  0.000000000  0.000000000 |         -0.0 | -0.000002000  0.000000000,  0.000000002  0.000000000
MOVE:  005 | -0.000001000  0.000000000  0.000000000  0.000000000  0.000000000  0.000000000 |         -0.0 | -0.000001000  0.000000000,  0.000000001 -0.000000000
CONST: 005 | 2 -1e-05 -0.00024 0.000169 0 0.001127 0

ABS:   006 | -0.000009000 -0.000239900  0.000169000  0.000000000  0.001127000  0.000000000 |         38.9 |  0.000013601  0.000082348,  0.000011488  0.000562449
DIFF:  006 |  0.000001000  0.000000100  0.000000000  0.000000000  0.000000000  0.000000000 |         -0.0 |  0.000000972 -0.000000001, -0.000000005 -0.000000006
MOVE:  006 |  0.000000000  0.000000100  0.000000000  0.000000000  0.000000000  0.000000000 |         -0.0 | -0.000000028 -0.000000001, -0.000000003 -0.000000006
CONST: 006 | 2 -9e-06 -0.0002399 0.000169 0 0.001127 0

ABS:   007 | -0.000009000 -0.000240100  0.000169000  0.000000000  0.001127000  0.000000000 |         38.9 |  0.000013658  0.000082350,  0.000011172  0.000562698
DIFF:  007 |  0.000000000 -0.000000200  0.000000000  0.000000000  0.000000000  0.000000000 |          0.0 |  0.000000057  0.000000003, -0.000000316  0.000000248
MOVE:  007 |  0.000000000 -0.000000100  0.000000000  0.000000000  0.000000000  0.000000000 |          0.0 |  0.000000028  0.000000001, -0.000000319  0.000000243
CONST: 007 | 2 -9e-06 -0.0002401 0.000169 0 0.001127 0

ABS:   008 | -0.000009000 -0.000239990  0.000169000  0.000000000  0.001127000  0.000000000 |         38.9 |  0.000013627  0.000082349,  0.000011491  0.000562455
DIFF:  008 |  0.000000000  0.000000110  0.000000000  0.000000000  0.000000000  0.000000000 |         -0.0 | -0.000000031 -0.000000001,  0.000000319 -0.000000243
MOVE:  008 |  0.000000000  0.000000010  0.000000000  0.000000000  0.000000000  0.000000000 |         -0.0 | -0.000000003 -0.000000000, -0.000000000 -0.000000001
CONST: 008 | 2 -9e-06 -0.00023999 0.000169 0 0.001127 0

ABS:   009 | -0.000009000 -0.000240010  0.000169000  0.000000000  0.001127000  0.000000000 |         38.9 |  0.000013632  0.000082349,  0.000011491  0.000562456
DIFF:  009 |  0.000000000 -0.000000020  0.000000000  0.000000000  0.000000000  0.000000000 |          0.0 |  0.000000006  0.000000000,  0.000000001  0.000000001
MOVE:  009 |  0.000000000 -0.000000010  0.000000000  0.000000000  0.000000000  0.000000000 |          0.0 |  0.000000003  0.000000000,  0.000000000  0.000000001
CONST: 009 | 2 -9e-06 -0.00024001 0.000169 0 0.001127 0

ABS:   010 | -0.000009000 -0.000239900  0.000169000  0.000000000  0.001127000  0.000000000 |         38.9 |  0.000013601  0.000082348,  0.000011488  0.000562449
DIFF:  010 |  0.000000000  0.000000110  0.000000000  0.000000000  0.000000000  0.000000000 |         -0.0 | -0.000000031 -0.000000001, -0.000000004 -0.000000006
MOVE:  010 |  0.000000000  0.000000100  0.000000000  0.000000000  0.000000000  0.000000000 |         -0.0 | -0.000000028 -0.000000001, -0.000000003 -0.000000006
CONST: 010 | 2 -9e-06 -0.0002399 0.000169 0 0.001127 0

ABS:   011 | -0.000009000 -0.000240100  0.000169000  0.000000000  0.001127000  0.000000000 |         38.9 |  0.000013658  0.000082350,  0.000011172  0.000562698
DIFF:  011 |  0.000000000 -0.000000200  0.000000000  0.000000000  0.000000000  0.000000000 |          0.0 |  0.000000057  0.000000003, -0.000000316  0.000000248
MOVE:  011 |  0.000000000 -0.000000100  0.000000000  0.000000000  0.000000000  0.000000000 |          0.0 |  0.000000028  0.000000001, -0.000000319  0.000000243
CONST: 011 | 2 -9e-06 -0.0002401 0.000169 0 0.001127 0

ABS:   012 | -0.000009000 -0.000240000  0.000174002  0.000000000  0.001127000  0.000000000 |         38.7 |  0.000013624  0.000082349,  0.000009694  0.000561475
DIFF:  012 |  0.000000000  0.000000100  0.000005002  0.000000000  0.000000000  0.000000000 |         -0.2 | -0.000000034 -0.000000001, -0.000001478 -0.000001223
MOVE:  012 |  0.000000000  0.000000000  0.000005002  0.000000000  0.000000000  0.000000000 |         -0.2 | -0.000000006 -0.000000000, -0.000001797 -0.000000980
CONST: 012 | 2 -9e-06 -0.00024 0.000174002 0 0.001127 0

ABS:   013 | -0.000009000 -0.000240000  0.000163998  0.000000000  0.001127000  0.000000000 |         39.1 |  0.000013635  0.000082349,  0.000013927  0.000563430
DIFF:  013 |  0.000000000  0.000000000 -0.000010004  0.000000000  0.000000000  0.000000000 |          0.4 |  0.000000011  0.000000000,  0.000004232  0.000001955
MOVE:  013 |  0.000000000  0.000000000 -0.000005002  0.000000000  0.000000000  0.000000000 |          0.2 |  0.000000006  0.000000000,  0.000002435  0.000000974
CONST: 013 | 2 -9e-06 -0.00024 0.000163998 0 0.001127 0

ABS:   014 | -0.000009000 -0.000240000  0.000169500  0.000000000  0.001127000  0.000000000 |         38.8 |  0.000013629  0.000082349,  0.000011313  0.000562218
DIFF:  014 |  0.000000000  0.000000000  0.000005502  0.000000000  0.000000000  0.000000000 |         -0.2 | -0.000000006  0.000000000, -0.000002613 -0.000001211
MOVE:  014 |  0.000000000  0.000000000  0.000000500  0.000000000  0.000000000  0.000000000 |         -0.0 | -0.000000001  0.000000000, -0.000000178 -0.000000237
CONST: 014 | 2 -9e-06 -0.00024 0.0001695 0 0.001127 0

ABS:   015 | -0.000009000 -0.000240000  0.000168500  0.000000000  0.001127000  0.000000000 |         39.0 |  0.000013630  0.000082349,  0.000011024  0.000563165
DIFF:  015 |  0.000000000  0.000000000 -0.000001000  0.000000000  0.000000000  0.000000000 |          0.2 |  0.000000001 -0.000000000, -0.000000289  0.000000947
MOVE:  015 |  0.000000000  0.000000000 -0.000000500  0.000000000  0.000000000  0.000000000 |          0.1 |  0.000000001  0.000000000, -0.000000467  0.000000710
CONST: 015 | 2 -9e-06 -0.00024 0.0001685 0 0.001127 0

ABS:   016 | -0.000009000 -0.000240000  0.000169050  0.000000000  0.001127000  0.000000000 |         38.9 |  0.000013629  0.000082349,  0.000011441  0.000562455
DIFF:  016 |  0.000000000  0.000000000  0.000000550  0.000000000  0.000000000  0.000000000 |         -0.1 | -0.000000001  0.000000000,  0.000000417 -0.000000710
MOVE:  016 |  0.000000000  0.000000000  0.000000050  0.000000000  0.000000000  0.000000000 |         -0.0 | -0.000000000  0.000000000, -0.000000050  0.000000000
CONST: 016 | 2 -9e-06 -0.00024 0.00016905 0 0.001127 0

ABS:   017 | -0.000009000 -0.000240000  0.000168950  0.000000000  0.001127000  0.000000000 |         38.9 |  0.000013629  0.000082349,  0.000011219  0.000562692
DIFF:  017 |  0.000000000  0.000000000 -0.000000100  0.000000000  0.000000000  0.000000000 |          0.0 |  0.000000000 -0.000000000, -0.000000222  0.000000237
MOVE:  017 |  0.000000000  0.000000000 -0.000000050  0.000000000  0.000000000  0.000000000 |          0.0 |  0.000000000  0.000000000, -0.000000272  0.000000237
CONST: 017 | 2 -9e-06 -0.00024 0.00016895 0 0.001127 0

ABS:   018 | -0.000009000 -0.000240000  0.000169000  0.000004000  0.001127000  0.000000000 |         38.9 |  0.000013612  0.000082358,  0.000011427  0.000562456
DIFF:  018 |  0.000000000  0.000000000  0.000000050  0.000004000  0.000000000  0.000000000 |         -0.0 | -0.000000017  0.000000009,  0.000000208 -0.000000236
MOVE:  018 |  0.000000000  0.000000000  0.000000000  0.000004000  0.000000000  0.000000000 |         -0.0 | -0.000000017  0.000000009, -0.000000064  0.000000000
CONST: 018 | 2 -9e-06 -0.00024 0.000169 4.00004e-06 0.001127 0

ABS:   019 | -0.000009000 -0.000240000  0.000169000 -0.000004000  0.001127000  0.000000000 |         38.9 |  0.000013646  0.000082340,  0.000011555  0.000562455
DIFF:  019 |  0.000000000  0.000000000  0.000000000 -0.000008000  0.000000000  0.000000000 |          0.0 |  0.000000034 -0.000000018,  0.000000129 -0.000000001
MOVE:  019 |  0.000000000  0.000000000  0.000000000 -0.000004000  0.000000000  0.000000000 |          0.0 |  0.000000017 -0.000000009,  0.000000064 -0.000000000
CONST: 019 | 2 -9e-06 -0.00024 0.000169 -4.00004e-06 0.001127 0

ABS:   020 | -0.000009000 -0.000240000  0.000169000  0.000012069  0.001127000  0.000000000 |         38.9 |  0.000013578  0.000082375,  0.000011297  0.000562457
DIFF:  020 |  0.000000000  0.000000000  0.000000000  0.000016069  0.000000000  0.000000000 |         -0.0 | -0.000000068  0.000000035, -0.000000258  0.000000002
MOVE:  020 |  0.000000000  0.000000000  0.000000000  0.000012069  0.000000000  0.000000000 |         -0.0 | -0.000000051  0.000000027, -0.000000194  0.000000001
CONST: 020 | 2 -9e-06 -0.00024 0.000169 1.20693e-05 0.001127 0

ABS:   021 | -0.000009000 -0.000240000  0.000169000 -0.000012069  0.001127000  0.000000000 |         38.9 |  0.000013680  0.000082322,  0.000011363  0.000562691
DIFF:  021 |  0.000000000  0.000000000  0.000000000 -0.000024139  0.000000000  0.000000000 |          0.0 |  0.000000102 -0.000000053,  0.000000066  0.000000234
MOVE:  021 |  0.000000000  0.000000000  0.000000000 -0.000012069  0.000000000  0.000000000 |          0.0 |  0.000000051 -0.000000027, -0.000000128  0.000000236
CONST: 021 | 2 -9e-06 -0.00024 0.000169 -1.20693e-05 0.001127 0

ABS:   022 | -0.000009000 -0.000240000  0.000169000  0.000001207  0.001127000  0.000000000 |         38.9 |  0.000013624  0.000082351,  0.000011472  0.000562455
DIFF:  022 |  0.000000000  0.000000000  0.000000000  0.000013276  0.000000000  0.000000000 |         -0.0 | -0.000000056  0.000000029,  0.000000109 -0.000000235
MOVE:  022 |  0.000000000  0.000000000  0.000000000  0.000001207  0.000000000  0.000000000 |         -0.0 | -0.000000005  0.000000003, -0.000000019  0.000000000
CONST: 022 | 2 -9e-06 -0.00024 0.000169 1.20693e-06 0.001127 0

ABS:   023 | -0.000009000 -0.000240000  0.000169000 -0.000001207  0.001127000  0.000000000 |         38.9 |  0.000013634  0.000082346,  0.000011510  0.000562455
DIFF:  023 |  0.000000000  0.000000000  0.000000000 -0.000002414  0.000000000  0.000000000 |          0.0 |  0.000000010 -0.000000005,  0.000000039 -0.000000000
MOVE:  023 |  0.000000000  0.000000000  0.000000000 -0.000001207  0.000000000  0.000000000 |          0.0 |  0.000000005 -0.000000003,  0.000000019 -0.000000000
CONST: 023 | 2 -9e-06 -0.00024 0.000169 -1.20693e-06 0.001127 0

ABS:   024 | -0.000009000 -0.000240000  0.000169000  0.000000000  0.001137001  0.000000000 |         38.9 |  0.000013467  0.000082423,  0.000011573  0.000562455
DIFF:  024 |  0.000000000  0.000000000  0.000000000  0.000001207  0.000010001  0.000000000 |          0.0 | -0.000000167  0.000000077,  0.000000063  0.000000000
MOVE:  024 |  0.000000000  0.000000000  0.000000000  0.000000000  0.000010001  0.000000000 |          0.0 | -0.000000162  0.000000074,  0.000000082  0.000000000
CONST: 024 | 2 -9e-06 -0.00024 0.000169 0 0.001137 0

ABS:   025 | -0.000009000 -0.000240000  0.000169000  0.000000000  0.001116999  0.000000000 |         38.9 |  0.000013792  0.000082275,  0.000011409  0.000562455
DIFF:  025 |  0.000000000  0.000000000  0.000000000  0.000000000 -0.000020001  0.000000000 |         -0.0 |  0.000000325 -0.000000148, -0.000000165 -0.000000000
MOVE:  025 |  0.000000000  0.000000000  0.000000000  0.000000000 -0.000010001  0.000000000 |         -0.0 |  0.000000162 -0.000000074, -0.000000082 -0.000000000
CONST: 025 | 2 -9e-06 -0.00024 0.000169 0 0.001117 0

ABS:   026 | -0.000009000 -0.000240000  0.000169000  0.000000000  0.001154665  0.000000000 |         38.9 |  0.000013181  0.000082555,  0.000011719  0.000562455
DIFF:  026 |  0.000000000  0.000000000  0.000000000  0.000000000  0.000037665  0.000000000 |          0.0 | -0.000000611  0.000000280,  0.000000310  0.000000000
MOVE:  026 |  0.000000000  0.000000000  0.000000000  0.000000000  0.000027665  0.000000000 |          0.0 | -0.000000449  0.000000206,  0.000000228  0.000000000
CONST: 026 | 2 -9e-06 -0.00024 0.000169 0 0.00115466 0

ABS:   027 | -0.000009000 -0.000240000  0.000169000  0.000000000  0.001099335  0.000000000 |         38.9 |  0.000014078  0.000082144,  0.000011263  0.000562455
DIFF:  027 |  0.000000000  0.000000000  0.000000000  0.000000000 -0.000055330  0.000000000 |         -0.0 |  0.000000898 -0.000000410, -0.000000456 -0.000000000
MOVE:  027 |  0.000000000  0.000000000  0.000000000  0.000000000 -0.000027665  0.000000000 |         -0.0 |  0.000000449 -0.000000204, -0.000000228 -0.000000000
CONST: 027 | 2 -9e-06 -0.00024 0.000169 0 0.00109934 0

ABS:   028 | -0.000009000 -0.000240000  0.000169000  0.000000000  0.001127000  0.000002000 |         38.9 |  0.000013623  0.000082348,  0.000011490  0.000562454
DIFF:  028 |  0.000000000  0.000000000  0.000000000  0.000000000  0.000027665  0.000002000 |          0.0 | -0.000000455  0.000000204,  0.000000227 -0.000000001
MOVE:  028 |  0.000000000  0.000000000  0.000000000  0.000000000  0.000000000  0.000002000 |         -0.0 | -0.000000006 -0.000000000, -0.000000001 -0.000000001
CONST: 028 | 2 -9e-06 -0.00024 0.000169 0 0.001127 2.00001e-06

ABS:   029 | -0.000009000 -0.000240000  0.000169000  0.000000000  0.001127000 -0.000002000 |         38.9 |  0.000013636  0.000082349,  0.000011492  0.000562456
DIFF:  029 |  0.000000000  0.000000000  0.000000000  0.000000000  0.000000000 -0.000004000 |          0.0 |  0.000000013  0.000000001,  0.000000001  0.000000002
MOVE:  029 |  0.000000000  0.000000000  0.000000000  0.000000000  0.000000000 -0.000002000 |          0.0 |  0.000000006  0.000000000,  0.000000001  0.000000001
CONST: 029 | 2 -9e-06 -0.00024 0.000169 0 0.001127 -2.00001e-06

ABS:   030 | -0.000009000 -0.000240000  0.000169000  0.000000000  0.001127000  0.000020000 |         38.9 |  0.000013566  0.000082345,  0.000011484  0.000562446
DIFF:  030 |  0.000000000  0.000000000  0.000000000  0.000000000  0.000000000  0.000022000 |         -0.0 | -0.000000070 -0.000000004, -0.000000007 -0.000000010
MOVE:  030 |  0.000000000  0.000000000  0.000000000  0.000000000  0.000000000  0.000020000 |         -0.0 | -0.000000064 -0.000000004, -0.000000007 -0.000000009
CONST: 030 | 2 -9e-06 -0.00024 0.000169 0 0.001127 2.00001e-05

ABS:   031 | -0.000009000 -0.000240000  0.000169000  0.000000000  0.001127000 -0.000020000 |         38.9 |  0.000013693  0.000082353,  0.000011498  0.000562464
DIFF:  031 |  0.000000000  0.000000000  0.000000000  0.000000000  0.000000000 -0.000040000 |          0.0 |  0.000000127  0.000000008,  0.000000014  0.000000019
MOVE:  031 |  0.000000000  0.000000000  0.000000000  0.000000000  0.000000000 -0.000020000 |          0.0 |  0.000000064  0.000000004,  0.000000007  0.000000009
CONST: 031 | 2 -9e-06 -0.00024 0.000169 0 0.001127 -2.00001e-05

ABS:   032 | -0.000022330 -0.000239948  0.000169025  0.000209101  0.000005494  0.005539379 |         38.9 | -0.000000176  0.000075298,  0.000007629  0.000561908
DIFF:  032 | -0.000013330  0.000000052  0.000000025  0.000209101 -0.001121506  0.005559379 |         -0.0 | -0.000013869 -0.000007055, -0.000003868 -0.000000557
MOVE:  032 | -0.000013330  0.000000052  0.000000025  0.000209101 -0.001121506  0.005539379 |         -0.0 | -0.000013806 -0.000007051, -0.000003862 -0.000000547
CONST: 032 | 2 -2.23303e-05 -0.000239948 0.000169025 0.000209101 5.49361e-06 0.00553938

ABS:   033 | -0.000015871 -0.000239973  0.000169013  0.000107785  0.000548862  0.002859692 |         38.9 |  0.000006533  0.000078215,  0.000008528  0.000562599
DIFF:  033 |  0.000006459 -0.000000025 -0.000000012 -0.000101316  0.000543369 -0.002679687 |          0.1 |  0.000006710  0.000002917,  0.000000898  0.000000692
MOVE:  033 | -0.000006871  0.000000027  0.000000013  0.000107785 -0.000578138  0.002859692 |          0.1 | -0.000007096 -0.000004134, -0.000002963  0.000000144
CONST: 033 | 2 -1.58715e-05 -0.000239973 0.000169013 0.000107785 0.000548862 0.00285969

ABS:   034 | -0.000088899 -0.000239689  0.000169151  0.001254479 -0.005582303  0.030895939 |         39.0 | -0.000031834  0.000080645, -0.000027625  0.000562976
DIFF:  034 | -0.000073027  0.000000285  0.000000138  0.001146694 -0.006131166  0.028036247 |          0.0 | -0.000038368  0.000002430, -0.000036153  0.000000377
MOVE:  034 | -0.000079899  0.000000311  0.000000151  0.001254479 -0.006709303  0.030895939 |          0.1 | -0.000045464 -0.000001704, -0.000039116  0.000000521
CONST: 034 | 2 -8.88987e-05 -0.000239689 0.000169151 0.00125448 -0.0055823 0.0308959

ABS:   035 | -0.000055640 -0.000239818  0.000169088  0.000731830 -0.002794570  0.018942538 |         39.1 | -0.000007549  0.000067710, -0.000005001  0.000562973
DIFF:  035 |  0.000033258 -0.000000130 -0.000000063 -0.000522649  0.002787733 -0.011953400 |          0.1 |  0.000024286 -0.000012935,  0.000022624 -0.000000003
MOVE:  035 | -0.000046640  0.000000182  0.000000088  0.000731830 -0.003921570  0.018942538 |          0.2 | -0.000021178 -0.000014639, -0.000016492  0.000000518
CONST: 035 | 2 -5.56404e-05 -0.000239818 0.000169088 0.00073183 -0.00279457 0.0189425

ABS:   036 | -0.000038989 -0.000239883  0.000169057  0.000470472 -0.001395530  0.012359774 |         38.8 | -0.000017481  0.000072864,  0.000005214  0.000561256
DIFF:  036 |  0.000016651 -0.000000065 -0.000000031 -0.000261358  0.001399040 -0.006582765 |         -0.3 | -0.000009932  0.000005154,  0.000010215 -0.000001717
MOVE:  036 | -0.000029989  0.000000117  0.000000057  0.000470472 -0.002522530  0.012359774 |         -0.1 | -0.000031110 -0.000009485, -0.000006277 -0.000001199
CONST: 036 | 2 -3.89895e-05 -0.000239883 0.000169057 0.000470472 -0.00139553 0.0123598

ABS:   037 | -0.000054975 -0.000239821  0.000169087  0.000721376 -0.002738660  0.018685398 |         39.1 | -0.000007142  0.000067678, -0.000004298  0.000562941
DIFF:  037 | -0.000015985  0.000000062  0.000000030  0.000250904 -0.001343130  0.006325624 |          0.3 |  0.000010339 -0.000005185, -0.000009512  0.000001685
MOVE:  037 | -0.000045975  0.000000179  0.000000087  0.000721376 -0.003865660  0.018685398 |          0.2 | -0.000020771 -0.000014671, -0.000015789  0.000000486
CONST: 037 | 2 -5.49746e-05 -0.000239821 0.000169087 0.000721376 -0.00273866 0.0186854

ABS:   038 | -0.000046983 -0.000239852  0.000169072  0.000595926 -0.002067384  0.015557085 |         38.9 | -0.000013675  0.000070277,  0.000003174  0.000561565
DIFF:  038 |  0.000007991 -0.000000031 -0.000000015 -0.000125450  0.000671276 -0.003128313 |         -0.2 | -0.000006533  0.000002598,  0.000007472 -0.000001375
MOVE:  038 | -0.000037983  0.000000148  0.000000072  0.000595926 -0.003194384  0.015557085 |         -0.0 | -0.000027305 -0.000012072, -0.000008317 -0.000000890
CONST: 038 | 2 -4.69832e-05 -0.000239852 0.000169072 0.000595926 -0.00206738 0.0155571

ABS:   039 | -0.000034253 -0.000239902  0.000169048  0.000396153 -0.000997307  0.010438948 |         38.7 | -0.000012578  0.000072765,  0.000006074  0.000560866
DIFF:  039 |  0.000012730 -0.000000050 -0.000000024 -0.000199773  0.001070077 -0.005118137 |         -0.1 |  0.000001097  0.000002489,  0.000002900 -0.000000699
MOVE:  039 | -0.000025253  0.000000098  0.000000048  0.000396153 -0.002124307  0.010438948 |         -0.1 | -0.000026207 -0.000009583, -0.000005417 -0.000001589
CONST: 039 | 2 -3.42531e-05 -0.000239902 0.000169048 0.000396153 -0.000997307 0.0104389

ABS:   040 | -0.000031486 -0.000239912  0.000169042  0.000352736 -0.000764606  0.009309108 |         38.9 | -0.000009704  0.000073003,  0.000007721  0.000562008
DIFF:  040 |  0.000002767 -0.000000011 -0.000000005 -0.000043417  0.000232702 -0.001129839 |          0.2 |  0.000002874  0.000000238,  0.000001647  0.000001142
MOVE:  040 | -0.000022486  0.000000088  0.000000042  0.000352736 -0.001891606  0.009309108 |          0.1 | -0.000023334 -0.000009346, -0.000003770 -0.000000447
CONST: 040 | 2 -3.14859e-05 -0.000239912 0.000169042 0.000352736 -0.000764606 0.00930911

ABS:   041 | -0.000032870 -0.000239907  0.000169045  0.000374445 -0.000880962  0.009874684 |         38.8 | -0.000011142  0.000072857,  0.000006581  0.000561202
DIFF:  041 | -0.000001384  0.000000005  0.000000003  0.000021708 -0.000116356  0.000565576 |         -0.1 | -0.000001438 -0.000000146, -0.000001139 -0.000000806
MOVE:  041 | -0.000023870  0.000000093  0.000000045  0.000374445 -0.002007962  0.009874684 |         -0.1 | -0.000024771 -0.000009492, -0.000004910 -0.000001253
CONST: 041 | 2 -3.28696e-05 -0.000239907 0.000169045 0.000374445 -0.000880962 0.00987468

ABS:   042 | -0.000035691 -0.000239896  0.000169050  0.000418713 -0.001118204  0.011023877 |         38.9 | -0.000014069  0.000072728,  0.000006775  0.000561903
DIFF:  042 | -0.000002821  0.000000011  0.000000005  0.000044268 -0.000237243  0.001149193 |          0.1 | -0.000002927 -0.000000129,  0.000000194  0.000000701
MOVE:  042 | -0.000026691  0.000000104  0.000000050  0.000418713 -0.002245204  0.011023877 |          0.1 | -0.000027698 -0.000009621, -0.000004716 -0.000000552
CONST: 042 | 2 -3.56909e-05 -0.000239896 0.00016905 0.000418713 -0.0011182 0.0110239

ABS:   043 | -0.000032920 -0.000239902  0.000169048  0.000396153 -0.000997307  0.010438948 |         38.7 | -0.000011241  0.000072765,  0.000006076  0.000560866
DIFF:  043 |  0.000002771 -0.000000006 -0.000000003 -0.000022560  0.000120897 -0.000584929 |         -0.2 |  0.000002828  0.000000038, -0.000000700 -0.000001036
MOVE:  043 | -0.000023920  0.000000098  0.000000048  0.000396153 -0.002124307  0.010438948 |         -0.1 | -0.000024871 -0.000009583, -0.000005415 -0.000001589
CONST: 043 | 2 -3.29201e-05 -0.000239902 0.000169048 0.000396153 -0.000997307 0.0104389

ABS:   044 | -0.000035586 -0.000239902  0.000169048  0.000396153 -0.000997307  0.010438948 |         38.7 | -0.000013915  0.000072765,  0.000006072  0.000560866
DIFF:  044 | -0.000002666  0.000000000  0.000000000  0.000000000  0.000000000  0.000000000 |          0.0 | -0.000002674  0.000000000, -0.000000004 -0.000000001
MOVE:  044 | -0.000026586  0.000000098  0.000000048  0.000396153 -0.002124307  0.010438948 |         -0.1 | -0.000027544 -0.000009583, -0.000005419 -0.000001589
CONST: 044 | 2 -3.55861e-05 -0.000239902 0.000169048 0.000396153 -0.000997307 0.0104389

ABS:   045 | -0.000034253 -0.000239892  0.000169048  0.000396153 -0.000997307  0.010438948 |         38.7 | -0.000012581  0.000072765,  0.000006074  0.000560866
DIFF:  045 |  0.000001333  0.000000010  0.000000000  0.000000000  0.000000000  0.000000000 |         -0.0 |  0.000001334 -0.000000000,  0.000000001  0.000000000
MOVE:  045 | -0.000025253  0.000000108  0.000000048  0.000396153 -0.002124307  0.010438948 |         -0.1 | -0.000026210 -0.000009583, -0.000005417 -0.000001589
CONST: 045 | 2 -3.42531e-05 -0.000239892 0.000169048 0.000396153 -0.000997307 0.0104389

ABS:   046 | -0.000034253 -0.000239912  0.000169048  0.000396153 -0.000997307  0.010438948 |         38.7 | -0.000012575  0.000072765,  0.000006074  0.000560866
DIFF:  046 |  0.000000000 -0.000000020  0.000000000  0.000000000  0.000000000  0.000000000 |          0.0 |  0.000000006 -0.000000000,  0.000000001  0.000000001
MOVE:  046 | -0.000025253  0.000000088  0.000000048  0.000396153 -0.002124307  0.010438948 |         -0.1 | -0.000026205 -0.000009583, -0.000005417 -0.000001589
CONST: 046 | 2 -3.42531e-05 -0.000239912 0.000169048 0.000396153 -0.000997307 0.0104389

ABS:   047 | -0.000034253 -0.000239802  0.000169048  0.000396153 -0.000997307  0.010438948 |         38.7 | -0.000012606  0.000072766,  0.000006071  0.000560863
DIFF:  047 |  0.000000000  0.000000110  0.000000000  0.000000000  0.000000000  0.000000000 |         -0.0 | -0.000000031  0.000000001, -0.000000003 -0.000000003
MOVE:  047 | -0.000025253  0.000000198  0.000000048  0.000396153 -0.002124307  0.010438948 |         -0.1 | -0.000026236 -0.000009583, -0.000005420 -0.000001592
CONST: 047 | 2 -3.42531e-05 -0.000239802 0.000169048 0.000396153 -0.000997307 0.0104389

ABS:   048 | -0.000034253 -0.000240002  0.000169048  0.000396153 -0.000997307  0.010438948 |         38.7 | -0.000012550  0.000072765,  0.000006077  0.000560869
DIFF:  048 |  0.000000000 -0.000000200  0.000000000  0.000000000  0.000000000  0.000000000 |          0.0 |  0.000000056 -0.000000001,  0.000000006  0.000000006
MOVE:  048 | -0.000025253 -0.000000002  0.000000048  0.000396153 -0.002124307  0.010438948 |         -0.1 | -0.000026179 -0.000009584, -0.000005414 -0.000001586
CONST: 048 | 2 -3.42531e-05 -0.000240002 0.000169048 0.000396153 -0.000997307 0.0104389

ABS:   049 | -0.000034253 -0.000239902  0.000169053  0.000396153 -0.000997307  0.010438948 |         38.7 | -0.000012578  0.000072765,  0.000006069  0.000560866
DIFF:  049 |  0.000000000  0.000000100  0.000000005  0.000000000  0.000000000  0.000000000 |         -0.0 | -0.000000028  0.000000000, -0.000000008 -0.000000003
MOVE:  049 | -0.000025253  0.000000098  0.000000053  0.000396153 -0.002124307  0.010438948 |         -0.1 | -0.000026207 -0.000009583, -0.000005422 -0.000001589
CONST: 049 | 2 -3.42531e-05 -0.000239902 0.000169053 0.000396153 -0.000997307 0.0104389

ABS:   050 | -0.000034253 -0.000239902  0.000169043  0.000396153 -0.000997307  0.010438948 |         38.7 | -0.000012578  0.000072765,  0.000006079  0.000560866
DIFF:  050 |  0.000000000  0.000000000 -0.000000010  0.000000000  0.000000000  0.000000000 |          0.0 | -0.000000000 -0.000000000,  0.000000010  0.000000000
MOVE:  050 | -0.000025253  0.000000098  0.000000043  0.000396153 -0.002124307  0.010438948 |         -0.1 | -0.000026207 -0.000009583, -0.000005412 -0.000001589
CONST: 050 | 2 -3.42531e-05 -0.000239902 0.000169043 0.000396153 -0.000997307 0.0104389

ABS:   051 | -0.000034253 -0.000239902  0.000169098  0.000396153 -0.000997307  0.010438948 |         38.7 | -0.000012578  0.000072765,  0.000006024  0.000560866
DIFF:  051 |  0.000000000  0.000000000  0.000000055  0.000000000  0.000000000  0.000000000 |         -0.0 |  0.000000000  0.000000000, -0.000000055 -0.000000000
MOVE:  051 | -0.000025253  0.000000098  0.000000098  0.000396153 -0.002124307  0.010438948 |         -0.1 | -0.000026207 -0.000009583, -0.000005467 -0.000001589
CONST: 051 | 2 -3.42531e-05 -0.000239902 0.000169098 0.000396153 -0.000997307 0.0104389

ABS:   052 | -0.000034253 -0.000239902  0.000168998  0.000396153 -0.000997307  0.010438948 |         38.7 | -0.000012578  0.000072765,  0.000006124  0.000560866
DIFF:  052 |  0.000000000  0.000000000 -0.000000100  0.000000000  0.000000000  0.000000000 |          0.0 | -0.000000000 -0.000000000,  0.000000100  0.000000000
MOVE:  052 | -0.000025253  0.000000098 -0.000000002  0.000396153 -0.002124307  0.010438948 |         -0.1 | -0.000026208 -0.000009583, -0.000005367 -0.000001589
CONST: 052 | 2 -3.42531e-05 -0.000239902 0.000168998 0.000396153 -0.000997307 0.0104389

ABS:   053 | -0.000034253 -0.000239902  0.000169048  0.000408200 -0.000997307  0.010438948 |         38.7 | -0.000012629  0.000072770,  0.000006197  0.000560631
DIFF:  053 |  0.000000000  0.000000000  0.000000050  0.000012046  0.000000000  0.000000000 |         -0.0 | -0.000000051  0.000000005,  0.000000073 -0.000000235
MOVE:  053 | -0.000025253  0.000000098  0.000000048  0.000408200 -0.002124307  0.010438948 |         -0.2 | -0.000026258 -0.000009578, -0.000005294 -0.000001824
CONST: 053 | 2 -3.42531e-05 -0.000239902 0.000169048 0.0004082 -0.000997307 0.0104389

ABS:   054 | -0.000034253 -0.000239902  0.000169048  0.000384107 -0.000997307  0.010438948 |         38.7 | -0.000012527  0.000072760,  0.000006271  0.000560866
DIFF:  054 |  0.000000000  0.000000000  0.000000000 -0.000024093  0.000000000  0.000000000 |          0.0 |  0.000000102 -0.000000010,  0.000000074  0.000000235
MOVE:  054 | -0.000025253  0.000000098  0.000000048  0.000384107 -0.002124307  0.010438948 |         -0.1 | -0.000026157 -0.000009588, -0.000005220 -0.000001589
CONST: 054 | 2 -3.42531e-05 -0.000239902 0.000169048 0.000384107 -0.000997307 0.0104389

ABS:   055 | -0.000034253 -0.000239902  0.000169048  0.000397358 -0.000997307  0.010438948 |         38.7 | -0.000012583  0.000072766,  0.000006054  0.000560866
DIFF:  055 |  0.000000000  0.000000000  0.000000000  0.000013251  0.000000000  0.000000000 |         -0.0 | -0.000000056  0.000000006, -0.000000217 -0.000000000
MOVE:  055 | -0.000025253  0.000000098  0.000000048  0.000397358 -0.002124307  0.010438948 |         -0.1 | -0.000026213 -0.000009583, -0.000005437 -0.000001589
CONST: 055 | 2 -3.42531e-05 -0.000239902 0.000169048 0.000397358 -0.000997307 0.0104389

ABS:   056 | -0.000034253 -0.000239902  0.000169048  0.000394949 -0.000997307  0.010438948 |         38.7 | -0.000012573  0.000072765,  0.000006094  0.000560866
DIFF:  056 |  0.000000000  0.000000000  0.000000000 -0.000002409  0.000000000  0.000000000 |          0.0 |  0.000000010 -0.000000001,  0.000000039  0.000000000
MOVE:  056 | -0.000025253  0.000000098  0.000000048  0.000394949 -0.002124307  0.010438948 |         -0.1 | -0.000026202 -0.000009584, -0.000005397 -0.000001589
CONST: 056 | 2 -3.42531e-05 -0.000239902 0.000169048 0.000394949 -0.000997307 0.0104389

ABS:   057 | -0.000034253 -0.000239902  0.000169048  0.000408029 -0.000997307  0.010438948 |         38.7 | -0.000012628  0.000072770,  0.000006200  0.000560631
DIFF:  057 |  0.000000000  0.000000000  0.000000000  0.000013080  0.000000000  0.000000000 |         -0.0 | -0.000000055  0.000000006,  0.000000106 -0.000000235
MOVE:  057 | -0.000025253  0.000000098  0.000000048  0.000408029 -0.002124307  0.010438948 |         -0.2 | -0.000026258 -0.000009578, -0.000005291 -0.000001824
CONST: 057 | 2 -3.42531e-05 -0.000239902 0.000169048 0.000408029 -0.000997307 0.0104389

ABS:   058 | -0.000034253 -0.000239902  0.000169048  0.000384278 -0.000997307  0.010438948 |         38.7 | -0.000012528  0.000072760,  0.000006268  0.000560866
DIFF:  058 |  0.000000000  0.000000000  0.000000000 -0.000023751  0.000000000  0.000000000 |          0.0 |  0.000000100 -0.000000010,  0.000000068  0.000000235
MOVE:  058 | -0.000025253  0.000000098  0.000000048  0.000384278 -0.002124307  0.010438948 |         -0.1 | -0.000026157 -0.000009588, -0.000005223 -0.000001589
CONST: 058 | 2 -3.42531e-05 -0.000239902 0.000169048 0.000384278 -0.000997307 0.0104389

ABS:   059 | -0.000034253 -0.000239902  0.000169048  0.000396153 -0.000969719  0.010438948 |         38.7 | -0.000013030  0.000072799,  0.000006297  0.000560866
DIFF:  059 |  0.000000000  0.000000000  0.000000000  0.000011875  0.000027588  0.000000000 |          0.0 | -0.000000502  0.000000039,  0.000000029  0.000000000
MOVE:  059 | -0.000025253  0.000000098  0.000000048  0.000396153 -0.002096719  0.010438948 |         -0.1 | -0.000026660 -0.000009549, -0.000005194 -0.000001589
CONST: 059 | 2 -3.42531e-05 -0.000239902 0.000169048 0.000396153 -0.000969719 0.0104389

ABS:   060 | -0.000034253 -0.000239902  0.000169048  0.000396153 -0.001024895  0.010438948 |         38.7 | -0.000012126  0.000072734,  0.000006171  0.000560631
DIFF:  060 |  0.000000000  0.000000000  0.000000000  0.000000000 -0.000055176  0.000000000 |         -0.0 |  0.000000904 -0.000000066, -0.000000126 -0.000000235
MOVE:  060 | -0.000025253  0.000000098  0.000000048  0.000396153 -0.002151895  0.010438948 |         -0.2 | -0.000025755 -0.000009615, -0.000005320 -0.000001824
CONST: 060 | 2 -3.42531e-05 -0.000239902 0.000169048 0.000396153 -0.00102489 0.0104389

ABS:   061 | -0.000034253 -0.000239902  0.000169048  0.000396153 -0.000994548  0.010438948 |         38.7 | -0.000012623  0.000072769,  0.000006096  0.000560866
DIFF:  061 |  0.000000000  0.000000000  0.000000000  0.000000000  0.000030347  0.000000000 |          0.0 | -0.000000497  0.000000035, -0.000000075  0.000000235
MOVE:  061 | -0.000025253  0.000000098  0.000000048  0.000396153 -0.002121548  0.010438948 |         -0.1 | -0.000026253 -0.000009580, -0.000005395 -0.000001589
CONST: 061 | 2 -3.42531e-05 -0.000239902 0.000169048 0.000396153 -0.000994548 0.0104389

ABS:   062 | -0.000034253 -0.000239902  0.000169048  0.000396153 -0.001000066  0.010438948 |         38.7 | -0.000012533  0.000072762,  0.000006052  0.000560866
DIFF:  062 |  0.000000000  0.000000000  0.000000000  0.000000000 -0.000005518  0.000000000 |         -0.0 |  0.000000090 -0.000000007, -0.000000045 -0.000000000
MOVE:  062 | -0.000025253  0.000000098  0.000000048  0.000396153 -0.002127066  0.010438948 |         -0.1 | -0.000026162 -0.000009587, -0.000005439 -0.000001589
CONST: 062 | 2 -3.42531e-05 -0.000239902 0.000169048 0.000396153 -0.00100007 0.0104389

ABS:   063 | -0.000034253 -0.000239902  0.000169048  0.000396153 -0.000969719  0.010438948 |         38.7 | -0.000013030  0.000072799,  0.000006297  0.000560866
DIFF:  063 |  0.000000000  0.000000000  0.000000000  0.000000000  0.000030347  0.000000000 |          0.0 | -0.000000497  0.000000037,  0.000000246  0.000000000
MOVE:  063 | -0.000025253  0.000000098  0.000000048  0.000396153 -0.002096719  0.010438948 |         -0.1 | -0.000026660 -0.000009549, -0.000005194 -0.000001589
CONST: 063 | 2 -3.42531e-05 -0.000239902 0.000169048 0.000396153 -0.000969719 0.0104389

ABS:   064 | -0.000034253 -0.000239902  0.000169048  0.000396153 -0.001024895  0.010438948 |         38.7 | -0.000012126  0.000072734,  0.000006171  0.000560631
DIFF:  064 |  0.000000000  0.000000000  0.000000000  0.000000000 -0.000055176  0.000000000 |         -0.0 |  0.000000904 -0.000000066, -0.000000126 -0.000000235
MOVE:  064 | -0.000025253  0.000000098  0.000000048  0.000396153 -0.002151895  0.010438948 |         -0.2 | -0.000025755 -0.000009615, -0.000005320 -0.000001824
CONST: 064 | 2 -3.42531e-05 -0.000239902 0.000169048 0.000396153 -0.00102489 0.0104389

ABS:   065 | -0.000034253 -0.000239902  0.000169048  0.000396153 -0.000997307  0.010478107 |         38.7 | -0.000012707  0.000072770,  0.000006383  0.000560625
DIFF:  065 |  0.000000000  0.000000000  0.000000000  0.000000000  0.000027588  0.000039159 |         -0.0 | -0.000000581  0.000000036,  0.000000212 -0.000000006
MOVE:  065 | -0.000025253  0.000000098  0.000000048  0.000396153 -0.002124307  0.010478107 |         -0.2 | -0.000026337 -0.000009579, -0.000005108 -0.000001830
CONST: 065 | 2 -3.42531e-05 -0.000239902 0.000169048 0.000396153 -0.000997307 0.0104781

ABS:   066 | -0.000034253 -0.000239902  0.000169048  0.000396153 -0.000997307  0.010399782 |         38.7 | -0.000012449  0.000072761,  0.000006085  0.000560872
DIFF:  066 |  0.000000000  0.000000000  0.000000000  0.000000000  0.000000000 -0.000078325 |          0.0 |  0.000000259 -0.000000009, -0.000000298  0.000000247
MOVE:  066 | -0.000025253  0.000000098  0.000000048  0.000396153 -0.002124307  0.010399782 |         -0.1 | -0.000026078 -0.000009588, -0.000005406 -0.000001583
CONST: 066 | 2 -3.42531e-05 -0.000239902 0.000169048 0.000396153 -0.000997307 0.0103998

ABS:   067 | -0.000034253 -0.000239902  0.000169048  0.000396153 -0.000997307  0.010442864 |         38.7 | -0.000012591  0.000072766,  0.000006073  0.000560865
DIFF:  067 |  0.000000000  0.000000000  0.000000000  0.000000000  0.000000000  0.000043082 |         -0.0 | -0.000000142  0.000000005, -0.000000012 -0.000000007
MOVE:  067 | -0.000025253  0.000000098  0.000000048  0.000396153 -0.002124307  0.010442864 |         -0.1 | -0.000026220 -0.000009583, -0.000005418 -0.000001590
CONST: 067 | 2 -3.42531e-05 -0.000239902 0.000169048 0.000396153 -0.000997307 0.0104429

ABS:   068 | -0.000034253 -0.000239902  0.000169048  0.000396153 -0.000997307  0.010435031 |         38.7 | -0.000012565  0.000072765,  0.000006075  0.000560867
DIFF:  068 |  0.000000000  0.000000000  0.000000000  0.000000000  0.000000000 -0.000007833 |          0.0 |  0.000000026 -0.000000001,  0.000000002  0.000000001
MOVE:  068 | -0.000025253  0.000000098  0.000000048  0.000396153 -0.002124307  0.010435031 |         -0.1 | -0.000026195 -0.000009584, -0.000005416 -0.000001588
CONST: 068 | 2 -3.42531e-05 -0.000239902 0.000169048 0.000396153 -0.000997307 0.010435

ABS:   069 | -0.000034253 -0.000239902  0.000169048  0.000396153 -0.000997307  0.010478107 |         38.7 | -0.000012707  0.000072770,  0.000006383  0.000560625
DIFF:  069 |  0.000000000  0.000000000  0.000000000  0.000000000  0.000000000  0.000043076 |         -0.0 | -0.000000142  0.000000005,  0.000000308 -0.000000241
MOVE:  069 | -0.000025253  0.000000098  0.000000048  0.000396153 -0.002124307  0.010478107 |         -0.2 | -0.000026337 -0.000009579, -0.000005108 -0.000001830
CONST: 069 | 2 -3.42531e-05 -0.000239902 0.000169048 0.000396153 -0.000997307 0.0104781

ABS:   070 | -0.000034253 -0.000239902  0.000169048  0.000396153 -0.000997307  0.010399782 |         38.7 | -0.000012449  0.000072761,  0.000006085  0.000560872
DIFF:  070 |  0.000000000  0.000000000  0.000000000  0.000000000  0.000000000 -0.000078325 |          0.0 |  0.000000259 -0.000000009, -0.000000298  0.000000247
MOVE:  070 | -0.000025253  0.000000098  0.000000048  0.000396153 -0.002124307  0.010399782 |         -0.1 | -0.000026078 -0.000009588, -0.000005406 -0.000001583
CONST: 070 | 2 -3.42531e-05 -0.000239902 0.000169048 0.000396153 -0.000997307 0.0103998

ABS:   071 | -0.000019141 -0.000239956  0.000169021  0.001159793 -0.002106614  0.007007235 |         38.6 | -0.000028936  0.000060410, -0.000002187  0.000560750
DIFF:  071 |  0.000015112 -0.000000054 -0.000000026  0.000763639 -0.001109307 -0.003392546 |         -0.1 | -0.000016488 -0.000012351, -0.000008273 -0.000000122
MOVE:  071 | -0.000010141  0.000000044  0.000000021  0.001159793 -0.003233614  0.007007235 |         -0.2 | -0.000042566 -0.000021939, -0.000013678 -0.000001705
CONST: 071 | 2 -1.9141e-05 -0.000239956 0.000169021 0.00115979 -0.00210661 0.00700724

ABS:   072 | -0.000024856 -0.000239935  0.000169031  0.000871057 -0.001687305  0.008309791 |         38.5 | -0.000011057  0.000066081,  0.000000405  0.000559888
DIFF:  072 | -0.000005715  0.000000020  0.000000010 -0.000288736  0.000419309  0.001302556 |         -0.1 |  0.000017879  0.000005670,  0.000002592 -0.000000862
MOVE:  072 | -0.000015856  0.000000065  0.000000031  0.000871057 -0.002814305  0.008309791 |         -0.4 | -0.000024686 -0.000016268, -0.000011087 -0.000002567
CONST: 072 | 2 -2.48559e-05 -0.000239935 0.000169031 0.000871057 -0.00168731 0.00830979

ABS:   073 | -0.000025993 -0.000239931  0.000169033  0.000813609 -0.001603860  0.008568274 |         38.5 | -0.000014254  0.000066383,  0.000001614  0.000560055
DIFF:  073 | -0.000001137  0.000000004  0.000000002 -0.000057448  0.000083446  0.000258482 |          0.0 | -0.000003197  0.000000302,  0.000001210  0.000000167
MOVE:  073 | -0.000016993  0.000000069  0.000000033  0.000813609 -0.002730860  0.008568274 |         -0.3 | -0.000027884 -0.000015966, -0.000009877 -0.000002400
CONST: 073 | 2 -2.59928e-05 -0.000239931 0.000169033 0.000813609 -0.00160386 0.00856827

ABS:   074 | -0.000023540 -0.000239940  0.000169029  0.000937555 -0.001783891  0.008010292 |         38.6 | -0.000007357  0.000065747, -0.000000409  0.000560665
DIFF:  074 |  0.000002453 -0.000000009 -0.000000004  0.000123946 -0.000180031 -0.000557982 |          0.1 |  0.000006898 -0.000000635, -0.000002024  0.000000610
MOVE:  074 | -0.000014540  0.000000060  0.000000029  0.000937555 -0.002910891  0.008010292 |         -0.2 | -0.000020986 -0.000016601, -0.000011900 -0.000001790
CONST: 074 | 2 -2.35398e-05 -0.00023994 0.000169029 0.000937555 -0.00178389 0.00801029

ABS:   075 | -0.000023531 -0.000239935  0.000169031  0.000871057 -0.001687305  0.008309791 |         38.5 | -0.000009729  0.000066080,  0.000000407  0.000559888
DIFF:  075 |  0.000000009  0.000000005  0.000000002 -0.000066499  0.000096585  0.000299499 |         -0.1 | -0.000002372  0.000000333,  0.000000816 -0.000000776
MOVE:  075 | -0.000014531  0.000000065  0.000000031  0.000871057 -0.002814305  0.008309791 |         -0.4 | -0.000023358 -0.000016268, -0.000011084 -0.000002567
CONST: 075 | 2 -2.35307e-05 -0.000239935 0.000169031 0.000871057 -0.00168731 0.00830979

ABS:   076 | -0.000026181 -0.000239935  0.000169031  0.000871057 -0.001687305  0.008309791 |         38.5 | -0.000012385  0.000066081,  0.000000402  0.000559887
DIFF:  076 | -0.000002650  0.000000000  0.000000000  0.000000000  0.000000000  0.000000000 |          0.0 | -0.000002657  0.000000000, -0.000000005 -0.000000001
MOVE:  076 | -0.000017181  0.000000065  0.000000031  0.000871057 -0.002814305  0.008309791 |         -0.4 | -0.000026015 -0.000016268, -0.000011089 -0.000002568
CONST: 076 | 2 -2.6181e-05 -0.000239935 0.000169031 0.000871057 -0.00168731 0.00830979

ABS:   077 | -0.000024856 -0.000239595  0.000169031  0.000871057 -0.001687305  0.008309791 |         38.5 | -0.000011154  0.000066086,  0.000000392  0.000559876
DIFF:  077 |  0.000001325  0.000000340  0.000000000  0.000000000  0.000000000  0.000000000 |         -0.0 |  0.000001232  0.000000006, -0.000000009 -0.000000012
MOVE:  077 | -0.000015856  0.000000405  0.000000031  0.000871057 -0.002814305  0.008309791 |         -0.4 | -0.000024783 -0.000016262, -0.000011099 -0.000002580
CONST: 077 | 2 -2.48559e-05 -0.000239595 0.000169031 0.000871057 -0.00168731 0.00830979

ABS:   078 | -0.000024856 -0.000240275  0.000169031  0.000871057 -0.001687305  0.008309791 |         38.5 | -0.000010961  0.000066075,  0.000000735  0.000560132
DIFF:  078 |  0.000000000 -0.000000680  0.000000000  0.000000000  0.000000000  0.000000000 |          0.0 |  0.000000193 -0.000000012,  0.000000343  0.000000256
MOVE:  078 | -0.000015856 -0.000000275  0.000000031  0.000871057 -0.002814305  0.008309791 |         -0.3 | -0.000024590 -0.000016274, -0.000010756 -0.000002323
CONST: 078 | 2 -2.48559e-05 -0.000240275 0.000169031 0.000871057 -0.00168731 0.00830979

ABS:   079 | -0.000024856 -0.000239901  0.000169031  0.000871057 -0.001687305  0.008309791 |         38.5 | -0.000011067  0.000066081,  0.000000403  0.000559887
DIFF:  079 |  0.000000000  0.000000374  0.000000000  0.000000000  0.000000000  0.000000000 |         -0.0 | -0.000000106  0.000000006, -0.000000332 -0.000000245
MOVE:  079 | -0.000015856  0.000000099  0.000000031  0.000871057 -0.002814305  0.008309791 |         -0.4 | -0.000024696 -0.000016268, -0.000011088 -0.000002569
CONST: 079 | 2 -2.48559e-05 -0.000239901 0.000169031 0.000871057 -0.00168731 0.00830979

ABS:   080 | -0.000024856 -0.000239969  0.000169031  0.000871057 -0.001687305  0.008309791 |         38.5 | -0.000011047  0.000066080,  0.000000406  0.000559889
DIFF:  080 |  0.000000000 -0.000000068  0.000000000  0.000000000  0.000000000  0.000000000 |          0.0 |  0.000000019 -0.000000001,  0.000000002  0.000000002
MOVE:  080 | -0.000015856  0.000000031  0.000000031  0.000871057 -0.002814305  0.008309791 |         -0.4 | -0.000024677 -0.000016269, -0.000011085 -0.000002566
CONST: 080 | 2 -2.48559e-05 -0.000239969 0.000169031 0.000871057 -0.00168731 0.00830979

ABS:   081 | -0.000024856 -0.000239595  0.000169031  0.000871057 -0.001687305  0.008309791 |         38.5 | -0.000011154  0.000066086,  0.000000392  0.000559876
DIFF:  081 |  0.000000000  0.000000374  0.000000000  0.000000000  0.000000000  0.000000000 |         -0.0 | -0.000000106  0.000000006, -0.000000013 -0.000000013
MOVE:  081 | -0.000015856  0.000000405  0.000000031  0.000871057 -0.002814305  0.008309791 |         -0.4 | -0.000024783 -0.000016262, -0.000011099 -0.000002580
CONST: 081 | 2 -2.48559e-05 -0.000239595 0.000169031 0.000871057 -0.00168731 0.00830979

ABS:   082 | -0.000024856 -0.000240275  0.000169031  0.000871057 -0.001687305  0.008309791 |         38.5 | -0.000010961  0.000066075,  0.000000735  0.000560132
DIFF:  082 |  0.000000000 -0.000000680  0.000000000  0.000000000  0.000000000  0.000000000 |          0.0 |  0.000000193 -0.000000012,  0.000000343  0.000000256
MOVE:  082 | -0.000015856 -0.000000275  0.000000031  0.000871057 -0.002814305  0.008309791 |         -0.3 | -0.000024590 -0.000016274, -0.000010756 -0.000002323
CONST: 082 | 2 -2.48559e-05 -0.000240275 0.000169031 0.000871057 -0.00168731 0.00830979

ABS:   083 | -0.000024856 -0.000239935  0.000169308  0.000871057 -0.001687305  0.008309791 |         38.5 | -0.000011057  0.000066081,  0.000000447  0.000560120
DIFF:  083 |  0.000000000  0.000000340  0.000000277  0.000000000  0.000000000  0.000000000 |         -0.0 | -0.000000096  0.000000006, -0.000000289 -0.000000012
MOVE:  083 | -0.000015856  0.000000065  0.000000308  0.000871057 -0.002814305  0.008309791 |         -0.3 | -0.000024686 -0.000016268, -0.000011044 -0.000002336
CONST: 083 | 2 -2.48559e-05 -0.000239935 0.000169308 0.000871057 -0.00168731 0.00830979

ABS:   084 | -0.000024856 -0.000239935  0.000168755  0.000871057 -0.001687305  0.008309791 |         38.5 | -0.000011057  0.000066081,  0.000000681  0.000559888
DIFF:  084 |  0.000000000  0.000000000 -0.000000554  0.000000000  0.000000000  0.000000000 |         -0.0 | -0.000000001 -0.000000000,  0.000000235 -0.000000232
MOVE:  084 | -0.000015856  0.000000065 -0.000000245  0.000871057 -0.002814305  0.008309791 |         -0.4 | -0.000024687 -0.000016268, -0.000010810 -0.000002567
CONST: 084 | 2 -2.48559e-05 -0.000239935 0.000168755 0.000871057 -0.00168731 0.00830979

ABS:   085 | -0.000024856 -0.000239935  0.000169059  0.000871057 -0.001687305  0.008309791 |         38.5 | -0.000011057  0.000066081,  0.000000377  0.000559888
DIFF:  085 |  0.000000000  0.000000000  0.000000304  0.000000000  0.000000000  0.000000000 |         -0.0 |  0.000000000  0.000000000, -0.000000304 -0.000000000
MOVE:  085 | -0.000015856  0.000000065  0.000000059  0.000871057 -0.002814305  0.008309791 |         -0.4 | -0.000024686 -0.000016268, -0.000011114 -0.000002567
CONST: 085 | 2 -2.48559e-05 -0.000239935 0.000169059 0.000871057 -0.00168731 0.00830979

ABS:   086 | -0.000024856 -0.000239935  0.000169004  0.000871057 -0.001687305  0.008309791 |         38.5 | -0.000011057  0.000066081,  0.000000432  0.000559888
DIFF:  086 |  0.000000000  0.000000000 -0.000000055  0.000000000  0.000000000  0.000000000 |          0.0 | -0.000000000 -0.000000000,  0.000000055  0.000000000
MOVE:  086 | -0.000015856  0.000000065  0.000000004  0.000871057 -0.002814305  0.008309791 |         -0.4 | -0.000024686 -0.000016268, -0.000011059 -0.000002567
CONST: 086 | 2 -2.48559e-05 -0.000239935 0.000169004 0.000871057 -0.00168731 0.00830979

ABS:   087 | -0.000024856 -0.000239935  0.000169308  0.000871057 -0.001687305  0.008309791 |         38.5 | -0.000011057  0.000066081,  0.000000447  0.000560120
DIFF:  087 |  0.000000000  0.000000000  0.000000304  0.000000000  0.000000000  0.000000000 |          0.0 |  0.000000000  0.000000000,  0.000000014  0.000000232
MOVE:  087 | -0.000015856  0.000000065  0.000000308  0.000871057 -0.002814305  0.008309791 |         -0.3 | -0.000024686 -0.000016268, -0.000011044 -0.000002336
CONST: 087 | 2 -2.48559e-05 -0.000239935 0.000169308 0.000871057 -0.00168731 0.00830979

ABS:   088 | -0.000024856 -0.000239935  0.000168755  0.000871057 -0.001687305  0.008309791 |         38.5 | -0.000011057  0.000066081,  0.000000681  0.000559888
DIFF:  088 |  0.000000000  0.000000000 -0.000000554  0.000000000  0.000000000  0.000000000 |         -0.0 | -0.000000001 -0.000000000,  0.000000235 -0.000000232
MOVE:  088 | -0.000015856  0.000000065 -0.000000245  0.000871057 -0.002814305  0.008309791 |         -0.4 | -0.000024687 -0.000016268, -0.000010810 -0.000002567
CONST: 088 | 2 -2.48559e-05 -0.000239935 0.000168755 0.000871057 -0.00168731 0.00830979

ABS:   089 | -0.000024856 -0.000239935  0.000169031  0.000872244 -0.001687305  0.008309791 |         38.5 | -0.000011063  0.000066082,  0.000000385  0.000559888
DIFF:  089 |  0.000000000  0.000000000  0.000000277  0.000001187  0.000000000  0.000000000 |         -0.0 | -0.000000005  0.000000002, -0.000000296  0.000000000
MOVE:  089 | -0.000015856  0.000000065  0.000000031  0.000872244 -0.002814305  0.008309791 |         -0.4 | -0.000024692 -0.000016266, -0.000011106 -0.000002567
CONST: 089 | 2 -2.48559e-05 -0.000239935 0.000169031 0.000872244 -0.00168731 0.00830979

ABS:   090 | -0.000024856 -0.000239935  0.000169031  0.000869869 -0.001687305  0.008309791 |         38.5 | -0.000011052  0.000066079,  0.000000424  0.000559888
DIFF:  090 |  0.000000000  0.000000000  0.000000000 -0.000002375  0.000000000  0.000000000 |         -0.0 |  0.000000011 -0.000000004,  0.000000039 -0.000000000
MOVE:  090 | -0.000015856  0.000000065  0.000000031  0.000869869 -0.002814305  0.008309791 |         -0.4 | -0.000024681 -0.000016270, -0.000011067 -0.000002567
CONST: 090 | 2 -2.48559e-05 -0.000239935 0.000169031 0.000869869 -0.00168731 0.00830979

ABS:   091 | -0.000024856 -0.000239935  0.000169031  0.000882930 -0.001687305  0.008309791 |         38.5 | -0.000011112  0.000066099,  0.000000530  0.000560121
DIFF:  091 |  0.000000000  0.000000000  0.000000000  0.000013061  0.000000000  0.000000000 |          0.0 | -0.000000061  0.000000020,  0.000000106  0.000000233
MOVE:  091 | -0.000015856  0.000000065  0.000000031  0.000882930 -0.002814305  0.008309791 |         -0.3 | -0.000024742 -0.000016250, -0.000010961 -0.000002335
CONST: 091 | 2 -2.48559e-05 -0.000239935 0.000169031 0.00088293 -0.00168731 0.00830979

ABS:   092 | -0.000024856 -0.000239935  0.000169031  0.000859183 -0.001687305  0.008309791 |         38.5 | -0.000011002  0.000066063,  0.000000598  0.000559887
DIFF:  092 |  0.000000000  0.000000000  0.000000000 -0.000023748  0.000000000  0.000000000 |         -0.0 |  0.000000111 -0.000000036,  0.000000068 -0.000000234
MOVE:  092 | -0.000015856  0.000000065  0.000000031  0.000859183 -0.002814305  0.008309791 |         -0.4 | -0.000024631 -0.000016286, -0.000010893 -0.000002568
CONST: 092 | 2 -2.48559e-05 -0.000239935 0.000169031 0.000859183 -0.00168731 0.00830979

ABS:   093 | -0.000024856 -0.000239935  0.000169031  0.000872244 -0.001687305  0.008309791 |         38.5 | -0.000011063  0.000066082,  0.000000385  0.000559888
DIFF:  093 |  0.000000000  0.000000000  0.000000000  0.000013061  0.000000000  0.000000000 |          0.0 | -0.000000061  0.000000020, -0.000000213  0.000000001
MOVE:  093 | -0.000015856  0.000000065  0.000000031  0.000872244 -0.002814305  0.008309791 |         -0.4 | -0.000024692 -0.000016266, -0.000011106 -0.000002567
CONST: 093 | 2 -2.48559e-05 -0.000239935 0.000169031 0.000872244 -0.00168731 0.00830979

ABS:   094 | -0.000024856 -0.000239935  0.000169031  0.000869869 -0.001687305  0.008309791 |         38.5 | -0.000011052  0.000066079,  0.000000424  0.000559888
DIFF:  094 |  0.000000000  0.000000000  0.000000000 -0.000002375  0.000000000  0.000000000 |         -0.0 |  0.000000011 -0.000000004,  0.000000039 -0.000000000
MOVE:  094 | -0.000015856  0.000000065  0.000000031  0.000869869 -0.002814305  0.008309791 |         -0.4 | -0.000024681 -0.000016270, -0.000011067 -0.000002567
CONST: 094 | 2 -2.48559e-05 -0.000239935 0.000169031 0.000869869 -0.00168731 0.00830979

ABS:   095 | -0.000024856 -0.000239935  0.000169031  0.000871057 -0.001684548  0.008309791 |         38.5 | -0.000011106  0.000066091,  0.000000427  0.000559888
DIFF:  095 |  0.000000000  0.000000000  0.000000000  0.000001187  0.000002757  0.000000000 |          0.0 | -0.000000054  0.000000012,  0.000000003  0.000000000
MOVE:  095 | -0.000015856  0.000000065  0.000000031  0.000871057 -0.002811548  0.008309791 |         -0.4 | -0.000024735 -0.000016258, -0.000011064 -0.000002567
CONST: 095 | 2 -2.48559e-05 -0.000239935 0.000169031 0.000871057 -0.00168455 0.00830979

ABS:   096 | -0.000024856 -0.000239935  0.000169031  0.000871057 -0.001690062  0.008309791 |         38.5 | -0.000011009  0.000066070,  0.000000382  0.000559888
DIFF:  096 |  0.000000000  0.000000000  0.000000000  0.000000000 -0.000005514  0.000000000 |         -0.0 |  0.000000097 -0.000000021, -0.000000045  0.000000000
MOVE:  096 | -0.000015856  0.000000065  0.000000031  0.000871057 -0.002817062  0.008309791 |         -0.4 | -0.000024638 -0.000016278, -0.000011109 -0.000002567
CONST: 096 | 2 -2.48559e-05 -0.000239935 0.000169031 0.000871057 -0.00169006 0.00830979

ABS:   097 | -0.000024856 -0.000239935  0.000169031  0.000871057 -0.001659943  0.008309791 |         38.5 | -0.000011538  0.000066184,  0.000000627  0.000559888
DIFF:  097 |  0.000000000  0.000000000  0.000000000  0.000000000  0.000030119  0.000000000 |          0.0 | -0.000000529  0.000000114,  0.000000245 -0.000000000
MOVE:  097 | -0.000015856  0.000000065  0.000000031  0.000871057 -0.002786943  0.008309791 |         -0.4 | -0.000025167 -0.000016165, -0.000010864 -0.000002568
CONST: 097 | 2 -2.48559e-05 -0.000239935 0.000169031 0.000871057 -0.00165994 0.00830979

ABS:   098 | -0.000024856 -0.000239935  0.000169031  0.000871057 -0.001714666  0.008309791 |         38.5 | -0.000010576  0.000065980,  0.000000501  0.000560120
DIFF:  098 |  0.000000000  0.000000000  0.000000000  0.000000000 -0.000054723  0.000000000 |          0.0 |  0.000000962 -0.000000204, -0.000000126  0.000000232
MOVE:  098 | -0.000015856  0.000000065  0.000000031  0.000871057 -0.002841666  0.008309791 |         -0.3 | -0.000024206 -0.000016369, -0.000010990 -0.000002335
CONST: 098 | 2 -2.48559e-05 -0.000239935 0.000169031 0.000871057 -0.00171467 0.00830979

ABS:   099 | -0.000024856 -0.000239935  0.000169031  0.000871057 -0.001684569  0.008309791 |         38.5 | -0.000011105  0.000066091,  0.000000427  0.000559888
DIFF:  099 |  0.000000000  0.000000000  0.000000000  0.000000000  0.000030097  0.000000000 |         -0.0 | -0.000000529  0.000000111, -0.000000074 -0.000000232
MOVE:  099 | -0.000015856  0.000000065  0.000000031  0.000871057 -0.002811569  0.008309791 |         -0.4 | -0.000024735 -0.000016258, -0.000011064 -0.000002567
CONST: 099 | 2 -2.48559e-05 -0.000239935 0.000169031 0.000871057 -0.00168457 0.00830979

ABS:   100 | -0.000024856 -0.000239935  0.000169031  0.000871057 -0.001690042  0.008309791 |         38.5 | -0.000011009  0.000066070,  0.000000382  0.000559888
DIFF:  100 |  0.000000000  0.000000000  0.000000000  0.000000000 -0.000005472  0.000000000 |         -0.0 |  0.000000096 -0.000000020, -0.000000044  0.000000000
MOVE:  100 | -0.000015856  0.000000065  0.000000031  0.000871057 -0.002817042  0.008309791 |         -0.4 | -0.000024638 -0.000016278, -0.000011109 -0.000002567
CONST: 100 | 2 -2.48559e-05 -0.000239935 0.000169031 0.000871057 -0.00169004 0.00830979

ABS:   101 | -0.000024856 -0.000239935  0.000169031  0.000871057 -0.001687305  0.008313740 |         38.5 | -0.000011070  0.000066082,  0.000000403  0.000559887
DIFF:  101 |  0.000000000  0.000000000  0.000000000  0.000000000  0.000002736  0.000003949 |         -0.0 | -0.000000061  0.000000011,  0.000000021 -0.000000001
MOVE:  101 | -0.000015856  0.000000065  0.000000031  0.000871057 -0.002814305  0.008313740 |         -0.4 | -0.000024700 -0.000016267, -0.000011088 -0.000002568
CONST: 101 | 2 -2.48559e-05 -0.000239935 0.000169031 0.000871057 -0.00168731 0.00831374

ABS:   102 | -0.000024856 -0.000239935  0.000169031  0.000871057 -0.001687305  0.008305843 |         38.5 | -0.000011044  0.000066080,  0.000000406  0.000559889
DIFF:  102 |  0.000000000  0.000000000  0.000000000  0.000000000  0.000000000 -0.000007898 |          0.0 |  0.000000026 -0.000000002,  0.000000002  0.000000002
MOVE:  102 | -0.000015856  0.000000065  0.000000031  0.000871057 -0.002814305  0.008305843 |         -0.4 | -0.000024673 -0.000016269, -0.000011085 -0.000002566
CONST: 102 | 2 -2.48559e-05 -0.000239935 0.000169031 0.000871057 -0.00168731 0.00830584

ABS:   103 | -0.000024856 -0.000239935  0.000169031  0.000871057 -0.001687305  0.008349277 |         38.5 | -0.000011188  0.000066092,  0.000000392  0.000559878
DIFF:  103 |  0.000000000  0.000000000  0.000000000  0.000000000  0.000000000  0.000043434 |         -0.0 | -0.000000144  0.000000012, -0.000000014 -0.000000010
MOVE:  103 | -0.000015856  0.000000065  0.000000031  0.000871057 -0.002814305  0.008349277 |         -0.4 | -0.000024817 -0.000016257, -0.000011099 -0.000002577
CONST: 103 | 2 -2.48559e-05 -0.000239935 0.000169031 0.000871057 -0.00168731 0.00834928

ABS:   104 | -0.000024856 -0.000239935  0.000169031  0.000871057 -0.001687305  0.008270300 |         38.5 | -0.000010926  0.000066070,  0.000000736  0.000560129
DIFF:  104 |  0.000000000  0.000000000  0.000000000  0.000000000  0.000000000 -0.000078976 |          0.0 |  0.000000262 -0.000000022,  0.000000343  0.000000250
MOVE:  104 | -0.000015856  0.000000065  0.000000031  0.000871057 -0.002814305  0.008270300 |         -0.3 | -0.000024556 -0.000016279, -0.000010756 -0.000002326
CONST: 104 | 2 -2.48559e-05 -0.000239935 0.000169031 0.000871057 -0.00168731 0.0082703

ABS:   105 | -0.000024856 -0.000239935  0.000169031  0.000871057 -0.001687305  0.008313740 |         38.5 | -0.000011070  0.000066082,  0.000000403  0.000559887
DIFF:  105 |  0.000000000  0.000000000  0.000000000  0.000000000  0.000000000  0.000043440 |         -0.0 | -0.000000144  0.000000012, -0.000000332 -0.000000242
MOVE:  105 | -0.000015856  0.000000065  0.000000031  0.000871057 -0.002814305  0.008313740 |         -0.4 | -0.000024700 -0.000016267, -0.000011088 -0.000002568
CONST: 105 | 2 -2.48559e-05 -0.000239935 0.000169031 0.000871057 -0.00168731 0.00831374

ABS:   106 | -0.000024856 -0.000239935  0.000169031  0.000871057 -0.001687305  0.008305843 |         38.5 | -0.000011044  0.000066080,  0.000000406  0.000559889
DIFF:  106 |  0.000000000  0.000000000  0.000000000  0.000000000  0.000000000 -0.000007898 |          0.0 |  0.000000026 -0.000000002,  0.000000002  0.000000002
MOVE:  106 | -0.000015856  0.000000065  0.000000031  0.000871057 -0.002814305  0.008305843 |         -0.4 | -0.000024673 -0.000016269, -0.000011085 -0.000002566
CONST: 106 | 2 -2.48559e-05 -0.000239935 0.000169031 0.000871057 -0.00168731 0.00830584

ABS:   107 | -0.000016273 -0.000239930  0.000169023  0.000685311 -0.001481366  0.009124923 |         38.6 | -0.000007915  0.000066822,  0.000002332  0.000560158
DIFF:  107 |  0.000008583  0.000000005 -0.000000008 -0.000185745  0.000205939  0.000819081 |          0.1 |  0.000003129  0.000000743,  0.000001926  0.000000269
MOVE:  107 | -0.000007273  0.000000070  0.000000023  0.000685311 -0.002608366  0.009124923 |         -0.3 | -0.000021544 -0.000015526, -0.000009159 -0.000002297
CONST: 107 | 2 -1.62732e-05 -0.00023993 0.000169023 0.000685311 -0.00148137 0.00912492

ABS:   108 | -0.000023454 -0.000239934  0.000169030  0.000840710 -0.001653662  0.008443131 |         38.5 | -0.000010544  0.000066197,  0.000001454  0.000559621
DIFF:  108 | -0.000007180 -0.000000004  0.000000007  0.000155399 -0.000172296 -0.000681792 |         -0.1 | -0.000002629 -0.000000625, -0.000000878 -0.000000537
MOVE:  108 | -0.000014454  0.000000066  0.000000030  0.000840710 -0.002780662  0.008443131 |         -0.4 | -0.000024173 -0.000016151, -0.000010037 -0.000002834
CONST: 108 | 2 -2.34537e-05 -0.000239934 0.00016903 0.00084071 -0.00165366 0.00844313

ABS:   109 | -0.000021182 -0.000239933  0.000169028  0.000791546 -0.001599155  0.008659016 |         38.6 | -0.000009712  0.000066390,  0.000001681  0.000560266
DIFF:  109 |  0.000002272  0.000000001 -0.000000002 -0.000049164  0.000054507  0.000215885 |          0.1 |  0.000000832  0.000000193,  0.000000227  0.000000644
MOVE:  109 | -0.000012182  0.000000067  0.000000028  0.000791546 -0.002726155  0.008659016 |         -0.3 | -0.000023342 -0.000015958, -0.000009810 -0.000002189
CONST: 109 | 2 -2.1182e-05 -0.000239933 0.000169028 0.000791546 -0.00159915 0.00865902

ABS:   110 | -0.000022318 -0.000239934  0.000169029  0.000816128 -0.001626409  0.008551094 |         38.5 | -0.000010128  0.000066293,  0.000001407  0.000560060
DIFF:  110 | -0.000001136 -0.000000001  0.000000001  0.000024582 -0.000027254 -0.000107922 |         -0.0 | -0.000000416 -0.000000097, -0.000000274 -0.000000205
MOVE:  110 | -0.000013318  0.000000066  0.000000029  0.000816128 -0.002753409  0.008551094 |         -0.3 | -0.000023757 -0.000016055, -0.000010084 -0.000002395
CONST: 110 | 2 -2.23179e-05 -0.000239934 0.000169029 0.000816128 -0.00162641 0.00855109

ABS:   111 | -0.000022128 -0.000239934  0.000169030  0.000840710 -0.001653662  0.008443131 |         38.5 | -0.000009215  0.000066197,  0.000001457  0.000559622
DIFF:  111 |  0.000000189 -0.000000001  0.000000001  0.000024582 -0.000027253 -0.000107963 |         -0.1 |  0.000000913 -0.000000096,  0.000000049 -0.000000439
MOVE:  111 | -0.000013128  0.000000066  0.000000030  0.000840710 -0.002780662  0.008443131 |         -0.4 | -0.000022845 -0.000016152, -0.000010035 -0.000002833
CONST: 111 | 2 -2.21284e-05 -0.000239934 0.00016903 0.00084071 -0.00165366 0.00844313

ABS:   112 | -0.000024779 -0.000239934  0.000169030  0.000840710 -0.001653662  0.008443131 |         38.5 | -0.000011872  0.000066198,  0.000001451  0.000559621
DIFF:  112 | -0.000002650  0.000000000  0.000000000  0.000000000  0.000000000  0.000000000 |          0.0 | -0.000002657  0.000000000, -0.000000005 -0.000000001
MOVE:  112 | -0.000015779  0.000000066  0.000000030  0.000840710 -0.002780662  0.008443131 |         -0.4 | -0.000025502 -0.000016151, -0.000010040 -0.000002834
CONST: 112 | 2 -2.47789e-05 -0.000239934 0.00016903 0.00084071 -0.00165366 0.00844313

ABS:   113 | -0.000023454 -0.000239900  0.000169030  0.000840710 -0.001653662  0.008443131 |         38.5 | -0.000010553  0.000066198,  0.000001453  0.000559620
DIFF:  113 |  0.000001325  0.000000034  0.000000000  0.000000000  0.000000000  0.000000000 |         -0.0 |  0.000001319  0.000000000,  0.000000001 -0.000000001
MOVE:  113 | -0.000014454  0.000000100  0.000000030  0.000840710 -0.002780662  0.008443131 |         -0.4 | -0.000024183 -0.000016151, -0.000010038 -0.000002835
CONST: 113 | 2 -2.34537e-05 -0.0002399 0.00016903 0.00084071 -0.00165366 0.00844313

ABS:   114 | -0.000023454 -0.000239968  0.000169030  0.000840710 -0.001653662  0.008443131 |         38.5 | -0.000010534  0.000066197,  0.000001455  0.000559623
DIFF:  114 |  0.000000000 -0.000000068  0.000000000  0.000000000  0.000000000  0.000000000 |          0.0 |  0.000000019 -0.000000001,  0.000000002  0.000000002
MOVE:  114 | -0.000014454  0.000000032  0.000000030  0.000840710 -0.002780662  0.008443131 |         -0.4 | -0.000024163 -0.000016152, -0.000010036 -0.000002833
CONST: 114 | 2 -2.34537e-05 -0.000239968 0.00016903 0.00084071 -0.00165366 0.00844313

ABS:   115 | -0.000023454 -0.000239594  0.000169030  0.000840710 -0.001653662  0.008443131 |         38.5 | -0.000010640  0.000066203,  0.000001123  0.000559842
DIFF:  115 |  0.000000000  0.000000374  0.000000000  0.000000000  0.000000000  0.000000000 |          0.0 | -0.000000106  0.000000006, -0.000000333  0.000000220
MOVE:  115 | -0.000014454  0.000000406  0.000000030  0.000840710 -0.002780662  0.008443131 |         -0.4 | -0.000024270 -0.000016145, -0.000010369 -0.000002613
CONST: 115 | 2 -2.34537e-05 -0.000239594 0.00016903 0.00084071 -0.00165366 0.00844313

ABS:   116 | -0.000023454 -0.000240274  0.000169030  0.000840710 -0.001653662  0.008443131 |         38.5 | -0.000010447  0.000066192,  0.000001146  0.000559866
DIFF:  116 |  0.000000000 -0.000000680  0.000000000  0.000000000  0.000000000  0.000000000 |          0.0 |  0.000000193 -0.000000012,  0.000000024  0.000000024
MOVE:  116 | -0.000014454 -0.000000274  0.000000030  0.000840710 -0.002780662  0.008443131 |         -0.4 | -0.000024077 -0.000016157, -0.000010345 -0.000002589
CONST: 116 | 2 -2.34537e-05 -0.000240274 0.00016903 0.00084071 -0.00165366 0.00844313

ABS:   117 | -0.000023454 -0.000239934  0.000169058  0.000840710 -0.001653662  0.008443131 |         38.5 | -0.000010544  0.000066197,  0.000001426  0.000559621
DIFF:  117 |  0.000000000  0.000000340  0.000000028  0.000000000  0.000000000  0.000000000 |         -0.0 | -0.000000097  0.000000006,  0.000000280 -0.000000245
MOVE:  117 | -0.000014454  0.000000066  0.000000058  0.000840710 -0.002780662  0.008443131 |         -0.4 | -0.000024173 -0.000016151, -0.000010065 -0.000002834
CONST: 117 | 2 -2.34537e-05 -0.000239934 0.000169058 0.00084071 -0.00165366 0.00844313

ABS:   118 | -0.000023454 -0.000239934  0.000169002  0.000840710 -0.001653662  0.008443131 |         38.5 | -0.000010544  0.000066197,  0.000001482  0.000559621
DIFF:  118 |  0.000000000  0.000000000 -0.000000055  0.000000000  0.000000000  0.000000000 |          0.0 | -0.000000000 -0.000000000,  0.000000055  0.000000000
MOVE:  118 | -0.000014454  0.000000066  0.000000002  0.000840710 -0.002780662  0.008443131 |         -0.4 | -0.000024173 -0.000016151, -0.000010009 -0.000002834
CONST: 118 | 2 -2.34537e-05 -0.000239934 0.000169002 0.00084071 -0.00165366 0.00844313

ABS:   119 | -0.000023454 -0.000239934  0.000169307  0.000840710 -0.001653662  0.008443131 |         38.5 | -0.000010543  0.000066197,  0.000001177  0.000559621
DIFF:  119 |  0.000000000  0.000000000  0.000000304  0.000000000  0.000000000  0.000000000 |         -0.0 |  0.000000000  0.000000000, -0.000000304 -0.000000000
MOVE:  119 | -0.000014454  0.000000066  0.000000307  0.000840710 -0.002780662  0.008443131 |         -0.4 | -0.000024173 -0.000016151, -0.000010314 -0.000002834
CONST: 119 | 2 -2.34537e-05 -0.000239934 0.000169307 0.00084071 -0.00165366 0.00844313

ABS:   120 | -0.000023454 -0.000239934  0.000168753  0.000840710 -0.001653662  0.008443131 |         38.5 | -0.000010544  0.000066197,  0.000001092  0.000560087
DIFF:  120 |  0.000000000  0.000000000 -0.000000554  0.000000000  0.000000000  0.000000000 |          0.1 | -0.000000001 -0.000000000, -0.000000085  0.000000466
MOVE:  120 | -0.000014454  0.000000066 -0.000000247  0.000840710 -0.002780662  0.008443131 |         -0.3 | -0.000024174 -0.000016151, -0.000010399 -0.000002368
CONST: 120 | 2 -2.34537e-05 -0.000239934 0.000168753 0.00084071 -0.00165366 0.00844313

ABS:   121 | -0.000023454 -0.000239934  0.000169058  0.000840710 -0.001653662  0.008443131 |         38.5 | -0.000010544  0.000066197,  0.000001426  0.000559621
DIFF:  121 |  0.000000000  0.000000000  0.000000304  0.000000000  0.000000000  0.000000000 |         -0.1 |  0.000000000  0.000000000,  0.000000334 -0.000000466
MOVE:  121 | -0.000014454  0.000000066  0.000000058  0.000840710 -0.002780662  0.008443131 |         -0.4 | -0.000024173 -0.000016151, -0.000010065 -0.000002834
CONST: 121 | 2 -2.34537e-05 -0.000239934 0.000169058 0.00084071 -0.00165366 0.00844313

ABS:   122 | -0.000023454 -0.000239934  0.000169002  0.000840710 -0.001653662  0.008443131 |         38.5 | -0.000010544  0.000066197,  0.000001482  0.000559621
DIFF:  122 |  0.000000000  0.000000000 -0.000000055  0.000000000  0.000000000  0.000000000 |          0.0 | -0.000000000 -0.000000000,  0.000000055  0.000000000
MOVE:  122 | -0.000014454  0.000000066  0.000000002  0.000840710 -0.002780662  0.008443131 |         -0.4 | -0.000024173 -0.000016151, -0.000010009 -0.000002834
CONST: 122 | 2 -2.34537e-05 -0.000239934 0.000169002 0.00084071 -0.00165366 0.00844313

ABS:   123 | -0.000023454 -0.000239934  0.000169030  0.000852584 -0.001653662  0.008443131 |         38.5 | -0.000010599  0.000066216,  0.000001261  0.000559622
DIFF:  123 |  0.000000000  0.000000000  0.000000028  0.000011874  0.000000000  0.000000000 |          0.0 | -0.000000055  0.000000018, -0.000000221  0.000000001
MOVE:  123 | -0.000014454  0.000000066  0.000000030  0.000852584 -0.002780662  0.008443131 |         -0.4 | -0.000024228 -0.000016133, -0.000010231 -0.000002833
CONST: 123 | 2 -2.34537e-05 -0.000239934 0.00016903 0.000852584 -0.00165366 0.00844313

ABS:   124 | -0.000023454 -0.000239934  0.000169030  0.000828836 -0.001653662  0.008443131 |         38.5 | -0.000010489  0.000066179,  0.000001328  0.000559853
DIFF:  124 |  0.000000000  0.000000000  0.000000000 -0.000023748  0.000000000  0.000000000 |          0.0 |  0.000000111 -0.000000037,  0.000000067  0.000000231
MOVE:  124 | -0.000014454  0.000000066  0.000000030  0.000828836 -0.002780662  0.008443131 |         -0.4 | -0.000024118 -0.000016170, -0.000010163 -0.000002602
CONST: 124 | 2 -2.34537e-05 -0.000239934 0.00016903 0.000828836 -0.00165366 0.00844313

ABS:   125 | -0.000023454 -0.000239934  0.000169030  0.000841897 -0.001653662  0.008443131 |         38.5 | -0.000010549  0.000066199,  0.000001435  0.000559621
DIFF:  125 |  0.000000000  0.000000000  0.000000000  0.000013061  0.000000000  0.000000000 |         -0.0 | -0.000000061  0.000000020,  0.000000107 -0.000000232
MOVE:  125 | -0.000014454  0.000000066  0.000000030  0.000841897 -0.002780662  0.008443131 |         -0.4 | -0.000024179 -0.000016149, -0.000010057 -0.000002834
CONST: 125 | 2 -2.34537e-05 -0.000239934 0.00016903 0.000841897 -0.00165366 0.00844313

ABS:   126 | -0.000023454 -0.000239934  0.000169030  0.000839522 -0.001653662  0.008443131 |         38.5 | -0.000010538  0.000066196,  0.000001473  0.000559621
DIFF:  126 |  0.000000000  0.000000000  0.000000000 -0.000002375  0.000000000  0.000000000 |         -0.0 |  0.000000011 -0.000000004,  0.000000039 -0.000000000
MOVE:  126 | -0.000014454  0.000000066  0.000000030  0.000839522 -0.002780662  0.008443131 |         -0.4 | -0.000024168 -0.000016153, -0.000010018 -0.000002834
CONST: 126 | 2 -2.34537e-05 -0.000239934 0.00016903 0.000839522 -0.00165366 0.00844313

ABS:   127 | -0.000023454 -0.000239934  0.000169030  0.000852584 -0.001653662  0.008443131 |         38.5 | -0.000010599  0.000066216,  0.000001261  0.000559622
DIFF:  127 |  0.000000000  0.000000000  0.000000000  0.000013061  0.000000000  0.000000000 |          0.0 | -0.000000061  0.000000020, -0.000000213  0.000000001
MOVE:  127 | -0.000014454  0.000000066  0.000000030  0.000852584 -0.002780662  0.008443131 |         -0.4 | -0.000024228 -0.000016133, -0.000010231 -0.000002833
CONST: 127 | 2 -2.34537e-05 -0.000239934 0.00016903 0.000852584 -0.00165366 0.00844313

ABS:   128 | -0.000023454 -0.000239934  0.000169030  0.000828836 -0.001653662  0.008443131 |         38.5 | -0.000010489  0.000066179,  0.000001328  0.000559853
DIFF:  128 |  0.000000000  0.000000000  0.000000000 -0.000023748  0.000000000  0.000000000 |          0.0 |  0.000000111 -0.000000037,  0.000000067  0.000000231
MOVE:  128 | -0.000014454  0.000000066  0.000000030  0.000828836 -0.002780662  0.008443131 |         -0.4 | -0.000024118 -0.000016170, -0.000010163 -0.000002602
CONST: 128 | 2 -2.34537e-05 -0.000239934 0.00016903 0.000828836 -0.00165366 0.00844313

ABS:   129 | -0.000023454 -0.000239934  0.000169030  0.000840710 -0.001626315  0.008443131 |         38.5 | -0.000011024  0.000066303,  0.000001037  0.000560087
DIFF:  129 |  0.000000000  0.000000000  0.000000000  0.000011874  0.000027347  0.000000000 |          0.0 | -0.000000536  0.000000124, -0.000000291  0.000000234
MOVE:  129 | -0.000014454  0.000000066  0.000000030  0.000840710 -0.002753315  0.008443131 |         -0.3 | -0.000024654 -0.000016046, -0.000010454 -0.000002368
CONST: 129 | 2 -2.34537e-05 -0.000239934 0.00016903 0.00084071 -0.00162632 0.00844313

ABS:   130 | -0.000023454 -0.000239934  0.000169030  0.000840710 -0.001681007  0.008443131 |         38.5 | -0.000010063  0.000066095,  0.000001232  0.000559622
DIFF:  130 |  0.000000000  0.000000000  0.000000000  0.000000000 -0.000054692  0.000000000 |         -0.1 |  0.000000961 -0.000000208,  0.000000195 -0.000000466
MOVE:  130 | -0.000014454  0.000000066  0.000000030  0.000840710 -0.002808007  0.008443131 |         -0.4 | -0.000023692 -0.000016254, -0.000010259 -0.000002834
CONST: 130 | 2 -2.34537e-05 -0.000239934 0.00016903 0.00084071 -0.00168101 0.00844313

ABS:   131 | -0.000023454 -0.000239934  0.000169030  0.000840710 -0.001650927  0.008443131 |         38.5 | -0.000010592  0.000066208,  0.000001476  0.000559621
DIFF:  131 |  0.000000000  0.000000000  0.000000000  0.000000000  0.000030080  0.000000000 |          0.0 | -0.000000529  0.000000113,  0.000000244 -0.000000000
MOVE:  131 | -0.000014454  0.000000066  0.000000030  0.000840710 -0.002777927  0.008443131 |         -0.4 | -0.000024221 -0.000016141, -0.000010015 -0.000002834
CONST: 131 | 2 -2.34537e-05 -0.000239934 0.00016903 0.00084071 -0.00165093 0.00844313

ABS:   132 | -0.000023454 -0.000239934  0.000169030  0.000840710 -0.001656396  0.008443131 |         38.5 | -0.000010496  0.000066187,  0.000001432  0.000559621
DIFF:  132 |  0.000000000  0.000000000  0.000000000  0.000000000 -0.000005469  0.000000000 |         -0.0 |  0.000000096 -0.000000021, -0.000000044  0.000000000
MOVE:  132 | -0.000014454  0.000000066  0.000000030  0.000840710 -0.002783396  0.008443131 |         -0.4 | -0.000024125 -0.000016162, -0.000010059 -0.000002834
CONST: 132 | 2 -2.34537e-05 -0.000239934 0.00016903 0.00084071 -0.0016564 0.00844313

ABS:   133 | -0.000023454 -0.000239934  0.000169030  0.000840710 -0.001626315  0.008443131 |         38.5 | -0.000011024  0.000066303,  0.000001037  0.000560087
DIFF:  133 |  0.000000000  0.000000000  0.000000000  0.000000000  0.000030081  0.000000000 |          0.1 | -0.000000529  0.000000116, -0.000000395  0.000000466
MOVE:  133 | -0.000014454  0.000000066  0.000000030  0.000840710 -0.002753315  0.008443131 |         -0.3 | -0.000024654 -0.000016046, -0.000010454 -0.000002368
CONST: 133 | 2 -2.34537e-05 -0.000239934 0.00016903 0.00084071 -0.00162632 0.00844313

ABS:   134 | -0.000023454 -0.000239934  0.000169030  0.000840710 -0.001681007  0.008443131 |         38.5 | -0.000010063  0.000066095,  0.000001232  0.000559622
DIFF:  134 |  0.000000000  0.000000000  0.000000000  0.000000000 -0.000054692  0.000000000 |         -0.1 |  0.000000961 -0.000000208,  0.000000195 -0.000000466
MOVE:  134 | -0.000014454  0.000000066  0.000000030  0.000840710 -0.002808007  0.008443131 |         -0.4 | -0.000023692 -0.000016254, -0.000010259 -0.000002834
CONST: 134 | 2 -2.34537e-05 -0.000239934 0.00016903 0.00084071 -0.00168101 0.00844313

ABS:   135 | -0.000023454 -0.000239934  0.000169030  0.000840710 -0.001653662  0.008482577 |         38.5 | -0.000010675  0.000066208,  0.000001122  0.000559845
DIFF:  135 |  0.000000000  0.000000000  0.000000000  0.000000000  0.000027346  0.000039446 |          0.0 | -0.000000611  0.000000114, -0.000000110  0.000000224
MOVE:  135 | -0.000014454  0.000000066  0.000000030  0.000840710 -0.002780662  0.008482577 |         -0.4 | -0.000024304 -0.000016140, -0.000010369 -0.000002610
CONST: 135 | 2 -2.34537e-05 -0.000239934 0.00016903 0.00084071 -0.00165366 0.00848258

ABS:   136 | -0.000023454 -0.000239934  0.000169030  0.000840710 -0.001653662  0.008403679 |         38.5 | -0.000010413  0.000066187,  0.000001147  0.000559863
DIFF:  136 |  0.000000000  0.000000000  0.000000000  0.000000000  0.000000000 -0.000078898 |          0.0 |  0.000000262 -0.000000022,  0.000000024  0.000000018
MOVE:  136 | -0.000014454  0.000000066  0.000000030  0.000840710 -0.002780662  0.008403679 |         -0.4 | -0.000024042 -0.000016162, -0.000010344 -0.000002592
CONST: 136 | 2 -2.34537e-05 -0.000239934 0.00016903 0.00084071 -0.00165366 0.00840368

ABS:   137 | -0.000016007 -0.000239926  0.000169024  0.000613612 -0.001981982  0.008689820 |         38.5 | -0.000031096  0.000060020,  0.000000849  0.000559782
DIFF:  137 |  0.000007446  0.000000008 -0.000000006 -0.000227098 -0.000328320  0.000286140 |         -0.0 | -0.000020683 -0.000006166, -0.000000298 -0.000000081
MOVE:  137 | -0.000007007  0.000000074  0.000000024  0.000613612 -0.003108982  0.008689820 |         -0.4 | -0.000044725 -0.000022329, -0.000010642 -0.000002673
CONST: 137 | 2 -1.60073e-05 -0.000239926 0.000169024 0.000613612 -0.00198198 0.00868982

ABS:   138 | -0.000020607 -0.000239931  0.000169028  0.000753894 -0.001779191  0.008537463 |         38.5 | -0.000016655  0.000070859,  0.000000873  0.000559827
DIFF:  138 | -0.000004600 -0.000000005  0.000000004  0.000140282  0.000202791 -0.000152357 |          0.0 |  0.000014441  0.000010839,  0.000000024  0.000000044
MOVE:  138 | -0.000011607  0.000000069  0.000000028  0.000753894 -0.002906191  0.008537463 |         -0.4 | -0.000030284 -0.000011489, -0.000010618 -0.000002628
CONST: 138 | 2 -2.06071e-05 -0.000239931 0.000169028 0.000753894 -0.00177919 0.00853746

ABS:   139 | -0.000022755 -0.000239934  0.000169029  0.000819402 -0.001684474  0.008466287 |         38.5 | -0.000009280  0.000066056,  0.000001226  0.000559847
DIFF:  139 | -0.000002148 -0.000000002  0.000000002  0.000065508  0.000094717 -0.000071176 |         -0.0 |  0.000007375 -0.000004803,  0.000000354  0.000000021
MOVE:  139 | -0.000013755  0.000000066  0.000000029  0.000819402 -0.002811474  0.008466287 |         -0.4 | -0.000022909 -0.000016293, -0.000010265 -0.000002608
CONST: 139 | 2 -2.2755e-05 -0.000239934 0.000169029 0.000819402 -0.00168447 0.00846629

ABS:   140 | -0.000023381 -0.000239934  0.000169030  0.000838489 -0.001656873  0.008445544 |         38.5 | -0.000010412  0.000066183,  0.000001463  0.000559621
DIFF:  140 | -0.000000626 -0.000000001  0.000000001  0.000019088  0.000027601 -0.000020743 |         -0.0 | -0.000001132  0.000000126,  0.000000237 -0.000000227
MOVE:  140 | -0.000014381  0.000000066  0.000000030  0.000838489 -0.002783873  0.008445544 |         -0.4 | -0.000024041 -0.000016166, -0.000010028 -0.000002834
CONST: 140 | 2 -2.33809e-05 -0.000239934 0.00016903 0.000838489 -0.00165687 0.00844554

ABS:   141 | -0.000022056 -0.000239934  0.000169030  0.000838489 -0.001656873  0.008445544 |         38.5 | -0.000009084  0.000066182,  0.000001466  0.000559621
DIFF:  141 |  0.000001325  0.000000000  0.000000000  0.000000000  0.000000000  0.000000000 |         -0.0 |  0.000001328 -0.000000000,  0.000000003  0.000000000
MOVE:  141 | -0.000013056  0.000000066  0.000000030  0.000838489 -0.002783873  0.008445544 |         -0.4 | -0.000022713 -0.000016166, -0.000010025 -0.000002834
CONST: 141 | 2 -2.20557e-05 -0.000239934 0.00016903 0.000838489 -0.00165687 0.00844554

ABS:   142 | -0.000024706 -0.000239934  0.000169030  0.000838489 -0.001656873  0.008445544 |         38.5 | -0.000011740  0.000066183,  0.000001461  0.000559620
DIFF:  142 | -0.000002650  0.000000000  0.000000000  0.000000000  0.000000000  0.000000000 |          0.0 | -0.000002657  0.000000000, -0.000000005 -0.000000001
MOVE:  142 | -0.000015706  0.000000066  0.000000030  0.000838489 -0.002783873  0.008445544 |         -0.4 | -0.000025370 -0.000016166, -0.000010030 -0.000002835
CONST: 142 | 2 -2.4706e-05 -0.000239934 0.00016903 0.000838489 -0.00165687 0.00844554

ABS:   143 | -0.000023381 -0.000239900  0.000169030  0.000838489 -0.001656873  0.008445544 |         38.5 | -0.000010422  0.000066183,  0.000001462  0.000559619
DIFF:  143 |  0.000001325  0.000000034  0.000000000  0.000000000  0.000000000  0.000000000 |         -0.0 |  0.000001319  0.000000000,  0.000000001 -0.000000001
MOVE:  143 | -0.000014381  0.000000100  0.000000030  0.000838489 -0.002783873  0.008445544 |         -0.4 | -0.000024051 -0.000016166, -0.000010029 -0.000002836
CONST: 143 | 2 -2.33809e-05 -0.0002399 0.00016903 0.000838489 -0.00165687 0.00844554

ABS:   144 | -0.000023381 -0.000239968  0.000169030  0.000838489 -0.001656873  0.008445544 |         38.5 | -0.000010402  0.000066182,  0.000001465  0.000559622
DIFF:  144 |  0.000000000 -0.000000068  0.000000000  0.000000000  0.000000000  0.000000000 |          0.0 |  0.000000019 -0.000000001,  0.000000002  0.000000002
MOVE:  144 | -0.000014381  0.000000032  0.000000030  0.000838489 -0.002783873  0.008445544 |         -0.4 | -0.000024032 -0.000016167, -0.000010026 -0.000002833
CONST: 144 | 2 -2.33809e-05 -0.000239968 0.00016903 0.000838489 -0.00165687 0.00844554

ABS:   145 | -0.000023381 -0.000239934  0.000169307  0.000838489 -0.001656873  0.008445544 |         38.5 | -0.000010412  0.000066183,  0.000001187  0.000559621
DIFF:  145 |  0.000000000  0.000000034  0.000000277  0.000000000  0.000000000  0.000000000 |         -0.0 | -0.000000009  0.000000001, -0.000000278 -0.000000001
MOVE:  145 | -0.000014381  0.000000066  0.000000307  0.000838489 -0.002783873  0.008445544 |         -0.4 | -0.000024041 -0.000016166, -0.000010304 -0.000002835
CONST: 145 | 2 -2.33809e-05 -0.000239934 0.000169307 0.000838489 -0.00165687 0.00844554

ABS:   146 | -0.000023381 -0.000239934  0.000168753  0.000838489 -0.001656873  0.008445544 |         38.5 | -0.000010412  0.000066183,  0.000001101  0.000560087
DIFF:  146 |  0.000000000  0.000000000 -0.000000554  0.000000000  0.000000000  0.000000000 |          0.1 | -0.000000001 -0.000000000, -0.000000085  0.000000466
MOVE:  146 | -0.000014381  0.000000066 -0.000000247  0.000838489 -0.002783873  0.008445544 |         -0.3 | -0.000024042 -0.000016166, -0.000010390 -0.000002369
CONST: 146 | 2 -2.33809e-05 -0.000239934 0.000168753 0.000838489 -0.00165687 0.00844554

ABS:   147 | -0.000023381 -0.000239934  0.000169058  0.000838489 -0.001656873  0.008445544 |         38.5 | -0.000010412  0.000066183,  0.000001436  0.000559621
DIFF:  147 |  0.000000000  0.000000000  0.000000304  0.000000000  0.000000000  0.000000000 |         -0.1 |  0.000000000  0.000000000,  0.000000334 -0.000000466
MOVE:  147 | -0.000014381  0.000000066  0.000000058  0.000838489 -0.002783873  0.008445544 |         -0.4 | -0.000024041 -0.000016166, -0.000010055 -0.000002834
CONST: 147 | 2 -2.33809e-05 -0.000239934 0.000169058 0.000838489 -0.00165687 0.00844554

ABS:   148 | -0.000023381 -0.000239934  0.000169002  0.000838489 -0.001656873  0.008445544 |         38.5 | -0.000010412  0.000066183,  0.000001491  0.000559621
DIFF:  148 |  0.000000000  0.000000000 -0.000000055  0.000000000  0.000000000  0.000000000 |          0.0 | -0.000000000 -0.000000000,  0.000000055  0.000000000
MOVE:  148 | -0.000014381  0.000000066  0.000000002  0.000838489 -0.002783873  0.008445544 |         -0.4 | -0.000024041 -0.000016166, -0.000010000 -0.000002834
CONST: 148 | 2 -2.33809e-05 -0.000239934 0.000169002 0.000838489 -0.00165687 0.00844554

ABS:   149 | -0.000023381 -0.000239934  0.000169307  0.000838489 -0.001656873  0.008445544 |         38.5 | -0.000010412  0.000066183,  0.000001187  0.000559621
DIFF:  149 |  0.000000000  0.000000000  0.000000304  0.000000000  0.000000000  0.000000000 |         -0.0 |  0.000000000  0.000000000, -0.000000304 -0.000000000
MOVE:  149 | -0.000014381  0.000000066  0.000000307  0.000838489 -0.002783873  0.008445544 |         -0.4 | -0.000024041 -0.000016166, -0.000010304 -0.000002835
CONST: 149 | 2 -2.33809e-05 -0.000239934 0.000169307 0.000838489 -0.00165687 0.00844554

