ABS:   itr |       deltaX       deltaY       deltaZ         phiX         phiY         phiZ |        chisq |    rphi mean     rphi rms,       z mean        z rms
ABS:   =========================================================================================================================================================
DIFF:  itr |       deltaX       deltaY       deltaZ         phiX         phiY         phiZ |        chisq |    rphi mean     rphi rms,       z mean        z rms
DIFF:  =========================================================================================================================================================
MOVE:  itr |       deltaX       deltaY       deltaZ         phiX         phiY         phiZ |        chisq |    rphi mean     rphi rms,       z mean        z rms
MOVE:  =========================================================================================================================================================
ABS:   001 |  0.000039000 -0.000560000  0.000480000 -0.002800000  0.003543000  0.000000000 |          5.8 |  0.000003919  0.000057693, -0.000000319  0.000559906
CONST: 001 | 31 3.9e-05 -0.00056 0.00048 -0.0028 0.003543 0

ABS:   001 |  0.000039000 -0.000560000  0.000480000 -0.002800000  0.003543000  0.000000000 |          5.8 |  0.000003919  0.000057693, -0.000000319  0.000559906
CONST: 001 | 31 3.9e-05 -0.00056 0.00048 -0.0028 0.003543 0

ABS:   002 |  0.000039100 -0.000560000  0.000480000 -0.002800000  0.003543000  0.000000000 |          5.8 |  0.000004019  0.000057693, -0.000000320  0.000559906
DIFF:  002 |  0.000000100  0.000000000 -0.000000000  0.000000000 -0.000000000  0.000000000 |          0.0 |  0.000000100  0.000000000, -0.000000000 -0.000000000
MOVE:  002 |  0.000000100  0.000000000 -0.000000000  0.000000000 -0.000000000  0.000000000 |          0.0 |  0.000000100  0.000000000, -0.000000000 -0.000000000
CONST: 002 | 31 3.91e-05 -0.00056 0.00048 -0.0028 0.003543 0

ABS:   003 |  0.000038900 -0.000560000  0.000480000 -0.002800000  0.003543000  0.000000000 |          5.8 |  0.000003819  0.000057693, -0.000000319  0.000559906
DIFF:  003 | -0.000000200  0.000000000  0.000000000  0.000000000  0.000000000  0.000000000 |         -0.0 | -0.000000200 -0.000000000,  0.000000001  0.000000000
MOVE:  003 | -0.000000100  0.000000000 -0.000000000  0.000000000 -0.000000000  0.000000000 |         -0.0 | -0.000000100 -0.000000000,  0.000000000 -0.000000000
CONST: 003 | 31 3.89e-05 -0.00056 0.00048 -0.0028 0.003543 0

ABS:   004 |  0.000039076 -0.000560000  0.000480000 -0.002800000  0.003543000  0.000000000 |          5.8 |  0.000003995  0.000057693, -0.000000320  0.000559906
DIFF:  004 |  0.000000176  0.000000000  0.000000000  0.000000000  0.000000000  0.000000000 |          0.0 |  0.000000176  0.000000000, -0.000000001  0.000000000
MOVE:  004 |  0.000000076  0.000000000 -0.000000000  0.000000000 -0.000000000  0.000000000 |          0.0 |  0.000000076  0.000000000, -0.000000000 -0.000000000
CONST: 004 | 31 3.90759e-05 -0.00056 0.00048 -0.0028 0.003543 0

ABS:   005 |  0.000038924 -0.000560000  0.000480000 -0.002800000  0.003543000  0.000000000 |          5.8 |  0.000003843  0.000057693, -0.000000319  0.000559906
DIFF:  005 | -0.000000152  0.000000000  0.000000000  0.000000000  0.000000000  0.000000000 |         -0.0 | -0.000000152 -0.000000000,  0.000000001  0.000000000
MOVE:  005 | -0.000000076  0.000000000 -0.000000000  0.000000000 -0.000000000  0.000000000 |         -0.0 | -0.000000076 -0.000000000,  0.000000000 -0.000000000
CONST: 005 | 31 3.89241e-05 -0.00056 0.00048 -0.0028 0.003543 0

ABS:   006 |  0.000039000 -0.000559900  0.000480000 -0.002800000  0.003543000  0.000000000 |          5.8 |  0.000003923  0.000057693, -0.000000365  0.000559908
DIFF:  006 |  0.000000076  0.000000100  0.000000000  0.000000000  0.000000000  0.000000000 |          0.0 |  0.000000080  0.000000000, -0.000000046  0.000000003
MOVE:  006 | -0.000000000  0.000000100 -0.000000000  0.000000000 -0.000000000  0.000000000 |          0.0 |  0.000000004  0.000000000, -0.000000046  0.000000003
CONST: 006 | 31 3.9e-05 -0.0005599 0.00048 -0.0028 0.003543 0

ABS:   007 |  0.000039000 -0.000560100  0.000480000 -0.002800000  0.003543000  0.000000000 |          5.8 |  0.000003915  0.000057692, -0.000000274  0.000559903
DIFF:  007 |  0.000000000 -0.000000200  0.000000000  0.000000000  0.000000000  0.000000000 |         -0.0 | -0.000000008 -0.000000001,  0.000000091 -0.000000005
MOVE:  007 | -0.000000000 -0.000000100 -0.000000000  0.000000000 -0.000000000  0.000000000 |         -0.0 | -0.000000004 -0.000000000,  0.000000046 -0.000000003
CONST: 007 | 31 3.9e-05 -0.0005601 0.00048 -0.0028 0.003543 0

ABS:   008 |  0.000039000 -0.000559680  0.000480000 -0.002800000  0.003543000  0.000000000 |          5.8 |  0.000003931  0.000057694, -0.000000465  0.000559914
DIFF:  008 |  0.000000000  0.000000420  0.000000000  0.000000000  0.000000000  0.000000000 |          0.0 |  0.000000016  0.000000001, -0.000000191  0.000000011
MOVE:  008 | -0.000000000  0.000000320 -0.000000000  0.000000000 -0.000000000  0.000000000 |          0.0 |  0.000000013  0.000000001, -0.000000146  0.000000008
CONST: 008 | 31 3.9e-05 -0.00055968 0.00048 -0.0028 0.003543 0

ABS:   009 |  0.000039000 -0.000560320  0.000480000 -0.002800000  0.003543000  0.000000000 |          5.8 |  0.000003906  0.000057692, -0.000000174  0.000559897
DIFF:  009 |  0.000000000 -0.000000640  0.000000000  0.000000000  0.000000000  0.000000000 |         -0.0 | -0.000000025 -0.000000002,  0.000000291 -0.000000017
MOVE:  009 | -0.000000000 -0.000000320 -0.000000000  0.000000000 -0.000000000  0.000000000 |         -0.0 | -0.000000013 -0.000000001,  0.000000146 -0.000000008
CONST: 009 | 31 3.9e-05 -0.00056032 0.00048 -0.0028 0.003543 0

ABS:   010 |  0.000039000 -0.000560000  0.000485002 -0.002800000  0.003543000  0.000000000 |          5.8 |  0.000003901  0.000057693, -0.000000297  0.000559918
DIFF:  010 |  0.000000000  0.000000320  0.000005002  0.000000000  0.000000000  0.000000000 |          0.0 | -0.000000006  0.000000001, -0.000000123  0.000000020
MOVE:  010 | -0.000000000  0.000000000  0.000005002  0.000000000 -0.000000000  0.000000000 |          0.0 | -0.000000018 -0.000000000,  0.000000023  0.000000012
CONST: 010 | 31 3.9e-05 -0.00056 0.000485002 -0.0028 0.003543 0

ABS:   011 |  0.000039000 -0.000560000  0.000474998 -0.002800000  0.003543000  0.000000000 |          5.9 |  0.000003937  0.000057693,  0.000002164  0.000561734
DIFF:  011 |  0.000000000  0.000000000 -0.000010004  0.000000000  0.000000000  0.000000000 |          0.0 |  0.000000037  0.000000000,  0.000002461  0.000001817
MOVE:  011 | -0.000000000  0.000000000 -0.000005002  0.000000000 -0.000000000  0.000000000 |          0.0 |  0.000000018  0.000000000,  0.000002483  0.000001829
CONST: 011 | 31 3.9e-05 -0.00056 0.000474998 -0.0028 0.003543 0

ABS:   012 |  0.000039000 -0.000560000  0.000480500 -0.002800000  0.003543000  0.000000000 |          5.8 |  0.000003917  0.000057693, -0.000000819  0.000559906
DIFF:  012 |  0.000000000  0.000000000  0.000005502  0.000000000  0.000000000  0.000000000 |         -0.0 | -0.000000020 -0.000000000, -0.000002983 -0.000001829
MOVE:  012 | -0.000000000  0.000000000  0.000000500  0.000000000 -0.000000000  0.000000000 |          0.0 | -0.000000002 -0.000000000, -0.000000500 -0.000000000
CONST: 012 | 31 3.9e-05 -0.00056 0.0004805 -0.0028 0.003543 0

ABS:   013 |  0.000039000 -0.000560000  0.000479500 -0.002800000  0.003543000  0.000000000 |          5.8 |  0.000003921  0.000057693,  0.000000180  0.000559906
DIFF:  013 |  0.000000000  0.000000000 -0.000001000  0.000000000  0.000000000  0.000000000 |         -0.0 |  0.000000004  0.000000000,  0.000000999  0.000000000
MOVE:  013 | -0.000000000  0.000000000 -0.000000500  0.000000000 -0.000000000  0.000000000 |          0.0 |  0.000000002  0.000000000,  0.000000500  0.000000000
CONST: 013 | 31 3.9e-05 -0.00056 0.0004795 -0.0028 0.003543 0

ABS:   014 |  0.000039000 -0.000560000  0.000480324 -0.002800000  0.003543000  0.000000000 |          5.8 |  0.000003918  0.000057693, -0.000000643  0.000559906
DIFF:  014 |  0.000000000  0.000000000  0.000000824  0.000000000  0.000000000  0.000000000 |         -0.0 | -0.000000003 -0.000000000, -0.000000823 -0.000000000
MOVE:  014 | -0.000000000  0.000000000  0.000000324  0.000000000 -0.000000000  0.000000000 |          0.0 | -0.000000001 -0.000000000, -0.000000323 -0.000000000
CONST: 014 | 31 3.9e-05 -0.00056 0.000480324 -0.0028 0.003543 0

ABS:   015 |  0.000039000 -0.000560000  0.000479676 -0.002800000  0.003543000  0.000000000 |          5.8 |  0.000003920  0.000057693,  0.000000004  0.000559906
DIFF:  015 |  0.000000000  0.000000000 -0.000000647  0.000000000  0.000000000  0.000000000 |         -0.0 |  0.000000002  0.000000000,  0.000000646  0.000000000
MOVE:  015 | -0.000000000  0.000000000 -0.000000324  0.000000000 -0.000000000  0.000000000 |          0.0 |  0.000000001  0.000000000,  0.000000323  0.000000000
CONST: 015 | 31 3.9e-05 -0.00056 0.000479676 -0.0028 0.003543 0

ABS:   016 |  0.000039000 -0.000560000  0.000480000 -0.002796000  0.003543000  0.000000000 |          5.8 |  0.000003923  0.000057690, -0.000000570  0.000559910
DIFF:  016 |  0.000000000  0.000000000  0.000000324  0.000004000  0.000000000  0.000000000 |          0.0 |  0.000000003 -0.000000002, -0.000000574  0.000000004
MOVE:  016 | -0.000000000  0.000000000 -0.000000000  0.000004000 -0.000000000  0.000000000 |          0.0 |  0.000000004 -0.000000002, -0.000000250  0.000000004
CONST: 016 | 31 3.9e-05 -0.00056 0.00048 -0.002796 0.003543 0

ABS:   017 |  0.000039000 -0.000560000  0.000480000 -0.002804000  0.003543000  0.000000000 |          5.8 |  0.000003915  0.000057695, -0.000000069  0.000559901
DIFF:  017 |  0.000000000  0.000000000  0.000000000 -0.000008000  0.000000000  0.000000000 |         -0.0 | -0.000000008  0.000000005,  0.000000501 -0.000000008
MOVE:  017 | -0.000000000  0.000000000 -0.000000000 -0.000004000 -0.000000000  0.000000000 |         -0.0 | -0.000000004  0.000000002,  0.000000250 -0.000000004
CONST: 017 | 31 3.9e-05 -0.00056 0.00048 -0.002804 0.003543 0

ABS:   018 |  0.000039000 -0.000560000  0.000480000 -0.002800000  0.003553001  0.000000000 |          5.8 |  0.000003664  0.000057633, -0.000000352  0.000559901
DIFF:  018 |  0.000000000  0.000000000  0.000000000  0.000004000  0.000010001  0.000000000 |         -0.0 | -0.000000251 -0.000000062, -0.000000283 -0.000000000
MOVE:  018 | -0.000000000  0.000000000 -0.000000000  0.000000000  0.000010001  0.000000000 |         -0.0 | -0.000000255 -0.000000059, -0.000000032 -0.000000004
CONST: 018 | 31 3.9e-05 -0.00056 0.00048 -0.0028 0.003553 0

ABS:   019 |  0.000039000 -0.000560000  0.000480000 -0.002800000  0.003532999  0.000000000 |          5.8 |  0.000004174  0.000057759, -0.000000287  0.000559910
DIFF:  019 |  0.000000000  0.000000000  0.000000000  0.000000000 -0.000020001  0.000000000 |          0.0 |  0.000000510  0.000000125,  0.000000065  0.000000008
MOVE:  019 | -0.000000000  0.000000000 -0.000000000  0.000000000 -0.000010001  0.000000000 |          0.0 |  0.000000255  0.000000066,  0.000000032  0.000000004
CONST: 019 | 31 3.9e-05 -0.00056 0.00048 -0.0028 0.003533 0

ABS:   020 |  0.000039000 -0.000560000  0.000480000 -0.002800000  0.003544116  0.000000000 |          5.8 |  0.000003891  0.000057686, -0.000000323  0.000559905
DIFF:  020 |  0.000000000  0.000000000  0.000000000  0.000000000  0.000011116  0.000000000 |         -0.0 | -0.000000283 -0.000000073, -0.000000036 -0.000000005
MOVE:  020 | -0.000000000  0.000000000 -0.000000000  0.000000000  0.000001116  0.000000000 |         -0.0 | -0.000000028 -0.000000007, -0.000000004 -0.000000000
CONST: 020 | 31 3.9e-05 -0.00056 0.00048 -0.0028 0.00354412 0

ABS:   021 |  0.000039000 -0.000560000  0.000480000 -0.002800000  0.003541884  0.000000000 |          5.8 |  0.000003947  0.000057700, -0.000000316  0.000559906
DIFF:  021 |  0.000000000  0.000000000  0.000000000  0.000000000 -0.000002231  0.000000000 |          0.0 |  0.000000057  0.000000014,  0.000000007  0.000000001
MOVE:  021 | -0.000000000  0.000000000 -0.000000000  0.000000000 -0.000001116  0.000000000 |          0.0 |  0.000000028  0.000000007,  0.000000004  0.000000000
CONST: 021 | 31 3.9e-05 -0.00056 0.00048 -0.0028 0.00354188 0

ABS:   022 |  0.000039000 -0.000560000  0.000480000 -0.002800000  0.003543000  0.000002000 |          5.8 |  0.000003918  0.000057693, -0.000000316  0.000559905
DIFF:  022 |  0.000000000  0.000000000  0.000000000  0.000000000  0.000001116  0.000002000 |         -0.0 | -0.000000030 -0.000000007,  0.000000000 -0.000000001
MOVE:  022 | -0.000000000  0.000000000 -0.000000000  0.000000000 -0.000000000  0.000002000 |         -0.0 | -0.000000001 -0.000000000,  0.000000004 -0.000000001
CONST: 022 | 31 3.9e-05 -0.00056 0.00048 -0.0028 0.003543 2.00001e-06

ABS:   023 |  0.000039000 -0.000560000  0.000480000 -0.002800000  0.003543000 -0.000002000 |          5.8 |  0.000003920  0.000057693, -0.000000323  0.000559906
DIFF:  023 |  0.000000000  0.000000000  0.000000000  0.000000000  0.000000000 -0.000004000 |          0.0 |  0.000000003  0.000000000, -0.000000008  0.000000001
MOVE:  023 | -0.000000000  0.000000000 -0.000000000  0.000000000 -0.000000000 -0.000002000 |          0.0 |  0.000000001  0.000000000, -0.000000004  0.000000001
CONST: 023 | 31 3.9e-05 -0.00056 0.00048 -0.0028 0.003543 -2.00001e-06

ABS:   024 |  0.000039000 -0.000560000  0.000480000 -0.002800000  0.003543000  0.000020000 |          5.8 |  0.000003906  0.000057692, -0.000000280  0.000559900
DIFF:  024 |  0.000000000  0.000000000  0.000000000  0.000000000  0.000000000  0.000022000 |         -0.0 | -0.000000014 -0.000000001,  0.000000043 -0.000000006
MOVE:  024 | -0.000000000  0.000000000 -0.000000000  0.000000000 -0.000000000  0.000020000 |         -0.0 | -0.000000013 -0.000000001,  0.000000039 -0.000000005
CONST: 024 | 31 3.9e-05 -0.00056 0.00048 -0.0028 0.003543 2.00001e-05

ABS:   025 |  0.000039000 -0.000560000  0.000480000 -0.002800000  0.003543000 -0.000020000 |          5.8 |  0.000003932  0.000057694, -0.000000359  0.000559911
DIFF:  025 |  0.000000000  0.000000000  0.000000000  0.000000000  0.000000000 -0.000040000 |          0.0 |  0.000000026  0.000000002, -0.000000079  0.000000011
MOVE:  025 | -0.000000000  0.000000000 -0.000000000  0.000000000 -0.000000000 -0.000020000 |          0.0 |  0.000000013  0.000000001, -0.000000039  0.000000005
CONST: 025 | 31 3.9e-05 -0.00056 0.00048 -0.0028 0.003543 -2.00001e-05

ABS:   026 |  0.000035081 -0.000580055  0.000479990 -0.002802716  0.003645473  0.003796524 |          6.0 | -0.000001661  0.000058155,  0.000011207  0.000566111
DIFF:  026 | -0.000003919 -0.000020055 -0.000000010 -0.000002716  0.000102473  0.003816524 |          0.2 | -0.000005593  0.000000462,  0.000011566  0.000006200
MOVE:  026 | -0.000003919 -0.000020055 -0.000000010 -0.000002716  0.000102473  0.003796524 |          0.2 | -0.000005580  0.000000463,  0.000011526  0.000006206
CONST: 026 | 31 3.5081e-05 -0.000580055 0.00047999 -0.00280272 0.00364547 0.00379652

ABS:   027 |  0.000038402 -0.000563059  0.000479998 -0.002800414  0.003558629  0.000579590 |          5.9 |  0.000002668  0.000057760, -0.000000311  0.000561500
DIFF:  027 |  0.000003321  0.000016996  0.000000009  0.000002302 -0.000086844 -0.003216933 |         -0.1 |  0.000004330 -0.000000396, -0.000011518 -0.000004611
MOVE:  027 | -0.000000598 -0.000003059 -0.000000002 -0.000000414  0.000015629  0.000579590 |          0.0 | -0.000001251  0.000000067,  0.000000009  0.000001594
CONST: 027 | 31 3.84023e-05 -0.000563059 0.000479998 -0.00280041 0.00355863 0.00057959

ABS:   028 |  0.000038933 -0.000560345  0.000480000 -0.002800047  0.003544763  0.000065385 |          5.8 |  0.000003750  0.000057678, -0.000000036  0.000559878
DIFF:  028 |  0.000000530  0.000002714  0.000000001  0.000000368 -0.000013866 -0.000514206 |         -0.0 |  0.000001082 -0.000000082,  0.000000275 -0.000001621
MOVE:  028 | -0.000000067 -0.000000345 -0.000000000 -0.000000047  0.000001763  0.000065385 |         -0.0 | -0.000000169 -0.000000015,  0.000000284 -0.000000027
CONST: 028 | 31 3.89326e-05 -0.000560345 0.00048 -0.00280005 0.00354476 6.53846e-05

ABS:   029 |  0.000039008 -0.000560345  0.000480000 -0.002800047  0.003544763  0.000065385 |          5.8 |  0.000003826  0.000057678, -0.000000036  0.000559878
DIFF:  029 |  0.000000076  0.000000000  0.000000000  0.000000000  0.000000000  0.000000000 |          0.0 |  0.000000076 -0.000000000, -0.000000000 -0.000000000
MOVE:  029 |  0.000000008 -0.000000345 -0.000000000 -0.000000047  0.000001763  0.000065385 |         -0.0 | -0.000000093 -0.000000015,  0.000000283 -0.000000027
CONST: 029 | 31 3.90085e-05 -0.000560345 0.00048 -0.00280005 0.00354476 6.53846e-05

ABS:   030 |  0.000038857 -0.000560345  0.000480000 -0.002800047  0.003544763  0.000065385 |          5.8 |  0.000003674  0.000057678, -0.000000036  0.000559878
DIFF:  030 | -0.000000152  0.000000000  0.000000000  0.000000000  0.000000000  0.000000000 |         -0.0 | -0.000000152  0.000000000,  0.000000001  0.000000000
MOVE:  030 | -0.000000143 -0.000000345 -0.000000000 -0.000000047  0.000001763  0.000065385 |         -0.0 | -0.000000245 -0.000000015,  0.000000284 -0.000000027
CONST: 030 | 31 3.88567e-05 -0.000560345 0.00048 -0.00280005 0.00354476 6.53846e-05

ABS:   031 |  0.000038933 -0.000560025  0.000480000 -0.002800047  0.003544763  0.000065385 |          5.8 |  0.000003763  0.000057679, -0.000000182  0.000559886
DIFF:  031 |  0.000000076  0.000000320  0.000000000  0.000000000  0.000000000  0.000000000 |          0.0 |  0.000000088  0.000000001, -0.000000146  0.000000008
MOVE:  031 | -0.000000067 -0.000000025 -0.000000000 -0.000000047  0.000001763  0.000065385 |         -0.0 | -0.000000156 -0.000000014,  0.000000138 -0.000000019
CONST: 031 | 31 3.89326e-05 -0.000560025 0.00048 -0.00280005 0.00354476 6.53846e-05

ABS:   032 |  0.000038933 -0.000560665  0.000480000 -0.002800047  0.003544763  0.000065385 |          5.8 |  0.000003738  0.000057677,  0.000000110  0.000559870
DIFF:  032 |  0.000000000 -0.000000640  0.000000000  0.000000000  0.000000000  0.000000000 |         -0.0 | -0.000000025 -0.000000002,  0.000000291 -0.000000016
MOVE:  032 | -0.000000067 -0.000000665 -0.000000000 -0.000000047  0.000001763  0.000065385 |         -0.0 | -0.000000181 -0.000000016,  0.000000429 -0.000000035
CONST: 032 | 31 3.89326e-05 -0.000560665 0.00048 -0.00280005 0.00354476 6.53846e-05

ABS:   033 |  0.000038933 -0.000560345  0.000480323 -0.002800047  0.003544763  0.000065385 |          5.8 |  0.000003749  0.000057678, -0.000000359  0.000559878
DIFF:  033 |  0.000000000  0.000000320  0.000000324  0.000000000  0.000000000  0.000000000 |          0.0 |  0.000000011  0.000000001, -0.000000469  0.000000008
MOVE:  033 | -0.000000067 -0.000000345  0.000000323 -0.000000047  0.000001763  0.000065385 |         -0.0 | -0.000000170 -0.000000015, -0.000000040 -0.000000027
CONST: 033 | 31 3.89326e-05 -0.000560345 0.000480323 -0.00280005 0.00354476 6.53846e-05

ABS:   034 |  0.000038933 -0.000560345  0.000479676 -0.002800047  0.003544763  0.000065385 |          5.8 |  0.000003751  0.000057678,  0.000000287  0.000559878
DIFF:  034 |  0.000000000  0.000000000 -0.000000647  0.000000000  0.000000000  0.000000000 |          0.0 |  0.000000002  0.000000000,  0.000000646  0.000000000
MOVE:  034 | -0.000000067 -0.000000345 -0.000000324 -0.000000047  0.000001763  0.000065385 |         -0.0 | -0.000000168 -0.000000015,  0.000000607 -0.000000027
CONST: 034 | 31 3.89326e-05 -0.000560345 0.000479676 -0.00280005 0.00354476 6.53846e-05

ABS:   035 |  0.000038933 -0.000560345  0.000480000 -0.002795938  0.003544763  0.000065385 |          5.8 |  0.000003754  0.000057675, -0.000000293  0.000559883
DIFF:  035 |  0.000000000  0.000000000  0.000000324  0.000004109  0.000000000  0.000000000 |         -0.0 |  0.000000003 -0.000000003, -0.000000580  0.000000004
MOVE:  035 | -0.000000067 -0.000000345 -0.000000000  0.000004062  0.000001763  0.000065385 |         -0.0 | -0.000000165 -0.000000017,  0.000000026 -0.000000023
CONST: 035 | 31 3.89326e-05 -0.000560345 0.00048 -0.00279594 0.00354476 6.53846e-05

ABS:   036 |  0.000038933 -0.000560345  0.000480000 -0.002804156  0.003544763  0.000065385 |          5.8 |  0.000003746  0.000057680,  0.000000221  0.000559874
DIFF:  036 |  0.000000000  0.000000000  0.000000000 -0.000008218  0.000000000  0.000000000 |          0.0 | -0.000000008  0.000000005,  0.000000514 -0.000000008
MOVE:  036 | -0.000000067 -0.000000345 -0.000000000 -0.000004156  0.000001763  0.000065385 |         -0.0 | -0.000000173 -0.000000012,  0.000000541 -0.000000031
CONST: 036 | 31 3.89326e-05 -0.000560345 0.00048 -0.00280416 0.00354476 6.53846e-05

ABS:   037 |  0.000038933 -0.000560345  0.000480000 -0.002800047  0.003545879  0.000065385 |          5.8 |  0.000003722  0.000057671, -0.000000039  0.000559878
DIFF:  037 |  0.000000000  0.000000000  0.000000000  0.000004109  0.000001115  0.000000000 |         -0.0 | -0.000000024 -0.000000009, -0.000000261  0.000000004
MOVE:  037 | -0.000000067 -0.000000345 -0.000000000 -0.000000047  0.000002879  0.000065385 |         -0.0 | -0.000000197 -0.000000022,  0.000000280 -0.000000028
CONST: 037 | 31 3.89326e-05 -0.000560345 0.00048 -0.00280005 0.00354588 6.53846e-05

ABS:   038 |  0.000038933 -0.000560345  0.000480000 -0.002800047  0.003543648  0.000065385 |          5.8 |  0.000003779  0.000057685, -0.000000032  0.000559879
DIFF:  038 |  0.000000000  0.000000000  0.000000000  0.000000000 -0.000002231  0.000000000 |          0.0 |  0.000000057  0.000000014,  0.000000007  0.000000001
MOVE:  038 | -0.000000067 -0.000000345 -0.000000000 -0.000000047  0.000000648  0.000065385 |         -0.0 | -0.000000140 -0.000000008,  0.000000287 -0.000000027
CONST: 038 | 31 3.89326e-05 -0.000560345 0.00048 -0.00280005 0.00354365 6.53846e-05

ABS:   039 |  0.000038933 -0.000560345  0.000480000 -0.002800047  0.003544763  0.000105515 |          5.8 |  0.000003724  0.000057676,  0.000000043  0.000559868
DIFF:  039 |  0.000000000  0.000000000  0.000000000  0.000000000  0.000001115  0.000040131 |         -0.0 | -0.000000055 -0.000000009,  0.000000075 -0.000000011
MOVE:  039 | -0.000000067 -0.000000345 -0.000000000 -0.000000047  0.000001763  0.000105515 |         -0.0 | -0.000000195 -0.000000017,  0.000000363 -0.000000038
CONST: 039 | 31 3.89326e-05 -0.000560345 0.00048 -0.00280005 0.00354476 0.000105515

ABS:   040 |  0.000038933 -0.000560345  0.000480000 -0.002800047  0.003544763  0.000025254 |          5.8 |  0.000003776  0.000057680, -0.000000115  0.000559889
DIFF:  040 |  0.000000000  0.000000000  0.000000000  0.000000000  0.000000000 -0.000080262 |          0.0 |  0.000000053  0.000000003, -0.000000158  0.000000021
MOVE:  040 | -0.000000067 -0.000000345 -0.000000000 -0.000000047  0.000001763  0.000025254 |         -0.0 | -0.000000142 -0.000000013,  0.000000205 -0.000000016
CONST: 040 | 31 3.89326e-05 -0.000560345 0.00048 -0.00280005 0.00354476 2.52537e-05

ABS:   041 |  0.000037813 -0.000571600  0.000488099 -0.002654175  0.003634030  0.002859367 |          6.0 | -0.000000068  0.000058095, -0.000006892  0.000566293
DIFF:  041 | -0.000001119 -0.000011255  0.000008099  0.000145872  0.000089267  0.002834114 |          0.2 | -0.000003844  0.000000415, -0.000006777  0.000006404
MOVE:  041 | -0.000001187 -0.000011600  0.000008099  0.000145825  0.000091030  0.002859367 |          0.2 | -0.000003987  0.000000402, -0.000006573  0.000006387
CONST: 041 | 31 3.78132e-05 -0.0005716 0.000488099 -0.00265417 0.00363403 0.00285937

ABS:   042 |  0.000038803 -0.000561646  0.000480936 -0.002783187  0.003555081  0.000388487 |          5.9 |  0.000003108  0.000057590,  0.000001676  0.000561596
DIFF:  042 |  0.000000990  0.000009954 -0.000007163 -0.000129012 -0.000078950 -0.002470881 |         -0.1 |  0.000003176 -0.000000505,  0.000008568 -0.000004697
MOVE:  042 | -0.000000197 -0.000001646  0.000000936  0.000016813  0.000012081  0.000388487 |          0.0 | -0.000000810 -0.000000103,  0.000001995  0.000001690
CONST: 042 | 31 3.88032e-05 -0.000561646 0.000480936 -0.00278319 0.00355508 0.000388487

ABS:   043 |  0.000038923 -0.000560438  0.000480067 -0.002798841  0.003545501  0.000088499 |          5.8 |  0.000003704  0.000057671, -0.000000093  0.000559871
DIFF:  043 |  0.000000120  0.000001208 -0.000000869 -0.000015654 -0.000009579 -0.000299988 |         -0.0 |  0.000000596  0.000000081, -0.000001769 -0.000001725
MOVE:  043 | -0.000000077 -0.000000438  0.000000067  0.000001159  0.000002501  0.000088499 |         -0.0 | -0.000000215 -0.000000021,  0.000000227 -0.000000035
CONST: 043 | 31 3.89233e-05 -0.000560438 0.000480067 -0.00279884 0.0035455 8.84991e-05

ABS:   044 |  0.000038999 -0.000560438  0.000480067 -0.002798841  0.003545501  0.000088499 |          5.8 |  0.000003780  0.000057671, -0.000000093  0.000559871
DIFF:  044 |  0.000000076  0.000000000  0.000000000  0.000000000  0.000000000  0.000000000 |          0.0 |  0.000000076 -0.000000000, -0.000000000 -0.000000000
MOVE:  044 | -0.000000001 -0.000000438  0.000000067  0.000001159  0.000002501  0.000088499 |         -0.0 | -0.000000139 -0.000000021,  0.000000226 -0.000000035
CONST: 044 | 31 3.89992e-05 -0.000560438 0.000480067 -0.00279884 0.0035455 8.84991e-05

ABS:   045 |  0.000038847 -0.000560438  0.000480067 -0.002798841  0.003545501  0.000088499 |          5.8 |  0.000003628  0.000057671, -0.000000092  0.000559871
DIFF:  045 | -0.000000152  0.000000000  0.000000000  0.000000000  0.000000000  0.000000000 |         -0.0 | -0.000000152  0.000000000,  0.000000001  0.000000000
MOVE:  045 | -0.000000153 -0.000000438  0.000000067  0.000001159  0.000002501  0.000088499 |         -0.0 | -0.000000291 -0.000000021,  0.000000227 -0.000000035
CONST: 045 | 31 3.88474e-05 -0.000560438 0.000480067 -0.00279884 0.0035455 8.84991e-05

ABS:   046 |  0.000038923 -0.000560118  0.000480067 -0.002798841  0.003545501  0.000088499 |          5.8 |  0.000003717  0.000057672, -0.000000238  0.000559879
DIFF:  046 |  0.000000076  0.000000320  0.000000000  0.000000000  0.000000000  0.000000000 |          0.0 |  0.000000088  0.000000001, -0.000000146  0.000000008
MOVE:  046 | -0.000000077 -0.000000118  0.000000067  0.000001159  0.000002501  0.000088499 |         -0.0 | -0.000000202 -0.000000020,  0.000000081 -0.000000027
CONST: 046 | 31 3.89233e-05 -0.000560118 0.000480067 -0.00279884 0.0035455 8.84991e-05

ABS:   047 |  0.000038923 -0.000560758  0.000480067 -0.002798841  0.003545501  0.000088499 |          5.8 |  0.000003692  0.000057670,  0.000000053  0.000559863
DIFF:  047 |  0.000000000 -0.000000640  0.000000000  0.000000000  0.000000000  0.000000000 |         -0.0 | -0.000000025 -0.000000002,  0.000000291 -0.000000016
MOVE:  047 | -0.000000077 -0.000000758  0.000000067  0.000001159  0.000002501  0.000088499 |         -0.0 | -0.000000227 -0.000000022,  0.000000372 -0.000000043
CONST: 047 | 31 3.89233e-05 -0.000560758 0.000480067 -0.00279884 0.0035455 8.84991e-05

ABS:   048 |  0.000038923 -0.000560438  0.000480390 -0.002798841  0.003545501  0.000088499 |          5.8 |  0.000003703  0.000057671, -0.000000416  0.000559871
DIFF:  048 |  0.000000000  0.000000320  0.000000324  0.000000000  0.000000000  0.000000000 |          0.0 |  0.000000011  0.000000001, -0.000000469  0.000000008
MOVE:  048 | -0.000000077 -0.000000438  0.000000390  0.000001159  0.000002501  0.000088499 |         -0.0 | -0.000000216 -0.000000021, -0.000000096 -0.000000035
CONST: 048 | 31 3.89233e-05 -0.000560438 0.00048039 -0.00279884 0.0035455 8.84991e-05

ABS:   049 |  0.000038923 -0.000560438  0.000479743 -0.002798841  0.003545501  0.000088499 |          5.8 |  0.000003705  0.000057671,  0.000000230  0.000559871
DIFF:  049 |  0.000000000  0.000000000 -0.000000647  0.000000000  0.000000000  0.000000000 |          0.0 |  0.000000002  0.000000000,  0.000000646  0.000000000
MOVE:  049 | -0.000000077 -0.000000438 -0.000000257  0.000001159  0.000002501  0.000088499 |         -0.0 | -0.000000214 -0.000000021,  0.000000550 -0.000000035
CONST: 049 | 31 3.89233e-05 -0.000560438 0.000479743 -0.00279884 0.0035455 8.84991e-05

ABS:   050 |  0.000038923 -0.000560438  0.000480067 -0.002794732  0.003545501  0.000088499 |          5.8 |  0.000003708  0.000057669, -0.000000350  0.000559875
DIFF:  050 |  0.000000000  0.000000000  0.000000324  0.000004109  0.000000000  0.000000000 |         -0.0 |  0.000000003 -0.000000003, -0.000000580  0.000000004
MOVE:  050 | -0.000000077 -0.000000438  0.000000067  0.000005268  0.000002501  0.000088499 |         -0.0 | -0.000000211 -0.000000024, -0.000000030 -0.000000031
CONST: 050 | 31 3.89233e-05 -0.000560438 0.000480067 -0.00279473 0.0035455 8.84991e-05

ABS:   051 |  0.000038923 -0.000560438  0.000480067 -0.002802950  0.003545501  0.000088499 |          5.8 |  0.000003700  0.000057674,  0.000000164  0.000559867
DIFF:  051 |  0.000000000  0.000000000  0.000000000 -0.000008218  0.000000000  0.000000000 |          0.0 | -0.000000008  0.000000005,  0.000000514 -0.000000008
MOVE:  051 | -0.000000077 -0.000000438  0.000000067 -0.000002950  0.000002501  0.000088499 |         -0.0 | -0.000000219 -0.000000019,  0.000000484 -0.000000039
CONST: 051 | 31 3.89233e-05 -0.000560438 0.000480067 -0.00280295 0.0035455 8.84991e-05

ABS:   052 |  0.000038923 -0.000560438  0.000480067 -0.002798841  0.003546617  0.000088499 |          5.8 |  0.000003676  0.000057665, -0.000000096  0.000559870
DIFF:  052 |  0.000000000  0.000000000  0.000000000  0.000004109  0.000001115  0.000000000 |         -0.0 | -0.000000024 -0.000000009, -0.000000261  0.000000004
MOVE:  052 | -0.000000077 -0.000000438  0.000000067  0.000001159  0.000003617  0.000088499 |         -0.0 | -0.000000243 -0.000000028,  0.000000223 -0.000000035
CONST: 052 | 31 3.89233e-05 -0.000560438 0.000480067 -0.00279884 0.00354662 8.84991e-05

ABS:   053 |  0.000038923 -0.000560438  0.000480067 -0.002798841  0.003544386  0.000088499 |          5.8 |  0.000003733  0.000057678, -0.000000089  0.000559871
DIFF:  053 |  0.000000000  0.000000000  0.000000000  0.000000000 -0.000002231  0.000000000 |          0.0 |  0.000000057  0.000000014,  0.000000007  0.000000001
MOVE:  053 | -0.000000077 -0.000000438  0.000000067  0.000001159  0.000001386  0.000088499 |         -0.0 | -0.000000186 -0.000000014,  0.000000230 -0.000000034
CONST: 053 | 31 3.89233e-05 -0.000560438 0.000480067 -0.00279884 0.00354439 8.84991e-05

ABS:   054 |  0.000038923 -0.000560438  0.000480067 -0.002798841  0.003545501  0.000128637 |          5.8 |  0.000003678  0.000057670, -0.000000014  0.000559860
DIFF:  054 |  0.000000000  0.000000000  0.000000000  0.000000000  0.000001115  0.000040138 |         -0.0 | -0.000000055 -0.000000009,  0.000000075 -0.000000011
MOVE:  054 | -0.000000077 -0.000000438  0.000000067  0.000001159  0.000002501  0.000128637 |         -0.0 | -0.000000241 -0.000000023,  0.000000306 -0.000000045
CONST: 054 | 31 3.89233e-05 -0.000560438 0.000480067 -0.00279884 0.0035455 0.000128637

ABS:   055 |  0.000038923 -0.000560438  0.000480067 -0.002798841  0.003545501  0.000048361 |          5.8 |  0.000003731  0.000057673, -0.000000172  0.000559881
DIFF:  055 |  0.000000000  0.000000000  0.000000000  0.000000000  0.000000000 -0.000080276 |          0.0 |  0.000000053  0.000000003, -0.000000158  0.000000021
MOVE:  055 | -0.000000077 -0.000000438  0.000000067  0.000001159  0.000002501  0.000048361 |         -0.0 | -0.000000188 -0.000000020,  0.000000148 -0.000000024
CONST: 055 | 31 3.89233e-05 -0.000560438 0.000480067 -0.00279884 0.0035455 4.83611e-05

ABS:   056 |  0.000039472 -0.000575263  0.000482362 -0.002669698  0.003637812  0.003218789 |          6.0 |  0.000000624  0.000057697,  0.000002172  0.000566171
DIFF:  056 |  0.000000548 -0.000014825  0.000002295  0.000129143  0.000092311  0.003170428 |          0.2 | -0.000003106  0.000000024,  0.000002344  0.000006290
MOVE:  056 |  0.000000472 -0.000015263  0.000002362  0.000130302  0.000094812  0.003218789 |          0.2 | -0.000003295  0.000000005,  0.000002491  0.000006266
CONST: 056 | 31 3.94715e-05 -0.000575263 0.000482362 -0.0026697 0.00363781 0.00321879

ABS:   057 |  0.000038994 -0.000562346  0.000480362 -0.002782223  0.003557379  0.000491560 |          5.9 |  0.000003149  0.000057571, -0.000002310  0.000561556
DIFF:  057 | -0.000000478  0.000012917 -0.000002000 -0.000112526 -0.000080433 -0.002727228 |         -0.1 |  0.000002524 -0.000000127, -0.000004482 -0.000004615
MOVE:  057 | -0.000000006 -0.000002346  0.000000362  0.000017777  0.000014379  0.000491560 |          0.0 | -0.000000770 -0.000000122, -0.000001991  0.000001650
CONST: 057 | 31 3.89939e-05 -0.000562346 0.000480362 -0.00278222 0.00355738 0.00049156

ABS:   058 |  0.000038929 -0.000560594  0.000480091 -0.002797485  0.003546471  0.000121391 |          5.8 |  0.000003659  0.000057663, -0.000000069  0.000559859
DIFF:  058 | -0.000000065  0.000001752 -0.000000271 -0.000015261 -0.000010909 -0.000370169 |         -0.0 |  0.000000510  0.000000092,  0.000002241 -0.000001697
MOVE:  058 | -0.000000071 -0.000000594  0.000000091  0.000002515  0.000003471  0.000121391 |         -0.0 | -0.000000260 -0.000000030,  0.000000250 -0.000000046
CONST: 058 | 31 3.89291e-05 -0.000560594 0.000480091 -0.00279748 0.00354647 0.000121391

ABS:   059 |  0.000039005 -0.000560594  0.000480091 -0.002797485  0.003546471  0.000121391 |          5.8 |  0.000003735  0.000057663, -0.000000069  0.000559859
DIFF:  059 |  0.000000076  0.000000000  0.000000000  0.000000000  0.000000000  0.000000000 |          0.0 |  0.000000076 -0.000000000, -0.000000000 -0.000000000
MOVE:  059 |  0.000000005 -0.000000594  0.000000091  0.000002515  0.000003471  0.000121391 |         -0.0 | -0.000000184 -0.000000030,  0.000000250 -0.000000046
CONST: 059 | 31 3.9005e-05 -0.000560594 0.000480091 -0.00279748 0.00354647 0.000121391

ABS:   060 |  0.000038853 -0.000560594  0.000480091 -0.002797485  0.003546471  0.000121391 |          5.8 |  0.000003583  0.000057663, -0.000000069  0.000559859
DIFF:  060 | -0.000000152  0.000000000  0.000000000  0.000000000  0.000000000  0.000000000 |         -0.0 | -0.000000152  0.000000000,  0.000000001  0.000000000
MOVE:  060 | -0.000000147 -0.000000594  0.000000091  0.000002515  0.000003471  0.000121391 |         -0.0 | -0.000000336 -0.000000030,  0.000000251 -0.000000046
CONST: 060 | 31 3.88532e-05 -0.000560594 0.000480091 -0.00279748 0.00354647 0.000121391

ABS:   061 |  0.000038929 -0.000560274  0.000480091 -0.002797485  0.003546471  0.000121391 |          5.8 |  0.000003671  0.000057664, -0.000000215  0.000559867
DIFF:  061 |  0.000000076  0.000000320  0.000000000  0.000000000  0.000000000  0.000000000 |          0.0 |  0.000000088  0.000000001, -0.000000146  0.000000008
MOVE:  061 | -0.000000071 -0.000000274  0.000000091  0.000002515  0.000003471  0.000121391 |         -0.0 | -0.000000248 -0.000000029,  0.000000105 -0.000000038
CONST: 061 | 31 3.89291e-05 -0.000560274 0.000480091 -0.00279748 0.00354647 0.000121391

ABS:   062 |  0.000038929 -0.000560914  0.000480091 -0.002797485  0.003546471  0.000121391 |          5.8 |  0.000003646  0.000057662,  0.000000077  0.000559851
DIFF:  062 |  0.000000000 -0.000000640  0.000000000  0.000000000  0.000000000  0.000000000 |         -0.0 | -0.000000025 -0.000000002,  0.000000291 -0.000000016
MOVE:  062 | -0.000000071 -0.000000914  0.000000091  0.000002515  0.000003471  0.000121391 |         -0.0 | -0.000000273 -0.000000031,  0.000000396 -0.000000054
CONST: 062 | 31 3.89291e-05 -0.000560914 0.000480091 -0.00279748 0.00354647 0.000121391

ABS:   063 |  0.000038929 -0.000560594  0.000480414 -0.002797485  0.003546471  0.000121391 |          5.8 |  0.000003658  0.000057663, -0.000000392  0.000559859
DIFF:  063 |  0.000000000  0.000000320  0.000000324  0.000000000  0.000000000  0.000000000 |          0.0 |  0.000000011  0.000000001, -0.000000469  0.000000008
MOVE:  063 | -0.000000071 -0.000000594  0.000000414  0.000002515  0.000003471  0.000121391 |         -0.0 | -0.000000261 -0.000000030, -0.000000073 -0.000000046
CONST: 063 | 31 3.89291e-05 -0.000560594 0.000480414 -0.00279748 0.00354647 0.000121391

ABS:   064 |  0.000038929 -0.000560594  0.000479767 -0.002797485  0.003546471  0.000121391 |          5.8 |  0.000003660  0.000057663,  0.000000254  0.000559859
DIFF:  064 |  0.000000000  0.000000000 -0.000000647  0.000000000  0.000000000  0.000000000 |          0.0 |  0.000000002  0.000000000,  0.000000646  0.000000000
MOVE:  064 | -0.000000071 -0.000000594 -0.000000233  0.000002515  0.000003471  0.000121391 |         -0.0 | -0.000000259 -0.000000030,  0.000000573 -0.000000046
CONST: 064 | 31 3.89291e-05 -0.000560594 0.000479767 -0.00279748 0.00354647 0.000121391

ABS:   065 |  0.000038929 -0.000560594  0.000480091 -0.002793376  0.003546471  0.000121391 |          5.8 |  0.000003663  0.000057660, -0.000000326  0.000559863
DIFF:  065 |  0.000000000  0.000000000  0.000000324  0.000004109  0.000000000  0.000000000 |         -0.0 |  0.000000003 -0.000000003, -0.000000580  0.000000004
MOVE:  065 | -0.000000071 -0.000000594  0.000000091  0.000006624  0.000003471  0.000121391 |         -0.0 | -0.000000256 -0.000000032, -0.000000007 -0.000000042
CONST: 065 | 31 3.89291e-05 -0.000560594 0.000480091 -0.00279338 0.00354647 0.000121391

ABS:   066 |  0.000038929 -0.000560594  0.000480091 -0.002801593  0.003546471  0.000121391 |          5.8 |  0.000003655  0.000057665,  0.000000188  0.000559855
DIFF:  066 |  0.000000000  0.000000000  0.000000000 -0.000008217  0.000000000  0.000000000 |          0.0 | -0.000000008  0.000000005,  0.000000514 -0.000000008
MOVE:  066 | -0.000000071 -0.000000594  0.000000091 -0.000001593  0.000003471  0.000121391 |         -0.0 | -0.000000264 -0.000000027,  0.000000507 -0.000000051
CONST: 066 | 31 3.89291e-05 -0.000560594 0.000480091 -0.00280159 0.00354647 0.000121391

ABS:   067 |  0.000038929 -0.000560594  0.000480091 -0.002797485  0.003547586  0.000121391 |          5.8 |  0.000003630  0.000057656, -0.000000073  0.000559859
DIFF:  067 |  0.000000000  0.000000000  0.000000000  0.000004109  0.000001115  0.000000000 |         -0.0 | -0.000000024 -0.000000009, -0.000000261  0.000000004
MOVE:  067 | -0.000000071 -0.000000594  0.000000091  0.000002515  0.000004586  0.000121391 |         -0.0 | -0.000000288 -0.000000037,  0.000000247 -0.000000047
CONST: 067 | 31 3.89291e-05 -0.000560594 0.000480091 -0.00279748 0.00354759 0.000121391

ABS:   068 |  0.000038929 -0.000560594  0.000480091 -0.002797485  0.003545355  0.000121391 |          5.8 |  0.000003687  0.000057670, -0.000000066  0.000559860
DIFF:  068 |  0.000000000  0.000000000  0.000000000  0.000000000 -0.000002231  0.000000000 |          0.0 |  0.000000057  0.000000013,  0.000000007  0.000000001
MOVE:  068 | -0.000000071 -0.000000594  0.000000091  0.000002515  0.000002355  0.000121391 |         -0.0 | -0.000000232 -0.000000023,  0.000000254 -0.000000046
CONST: 068 | 31 3.89291e-05 -0.000560594 0.000480091 -0.00279748 0.00354536 0.000121391

ABS:   069 |  0.000038929 -0.000560594  0.000480091 -0.002797485  0.003546471  0.000161530 |          5.8 |  0.000003633  0.000057661,  0.000000010  0.000559849
DIFF:  069 |  0.000000000  0.000000000  0.000000000  0.000000000  0.000001115  0.000040139 |         -0.0 | -0.000000055 -0.000000008,  0.000000075 -0.000000011
MOVE:  069 | -0.000000071 -0.000000594  0.000000091  0.000002515  0.000003471  0.000161530 |         -0.0 | -0.000000286 -0.000000032,  0.000000329 -0.000000057
CONST: 069 | 31 3.89291e-05 -0.000560594 0.000480091 -0.00279748 0.00354647 0.00016153

ABS:   070 |  0.000038929 -0.000560594  0.000480091 -0.002797485  0.003546471  0.000081253 |          5.8 |  0.000003685  0.000057664, -0.000000148  0.000559870
DIFF:  070 |  0.000000000  0.000000000  0.000000000  0.000000000  0.000000000 -0.000080277 |          0.0 |  0.000000053  0.000000003, -0.000000158  0.000000021
MOVE:  070 | -0.000000071 -0.000000594  0.000000091  0.000002515  0.000003471  0.000081253 |         -0.0 | -0.000000234 -0.000000028,  0.000000171 -0.000000036
CONST: 070 | 31 3.89291e-05 -0.000560594 0.000480091 -0.00279748 0.00354647 8.12525e-05

ABS:   071 |  0.000039693 -0.000573642  0.000483396 -0.002616236  0.003645216  0.003223797 |          6.0 |  0.000000764  0.000057649, -0.000000479  0.000567996
DIFF:  071 |  0.000000764 -0.000013048  0.000003305  0.000181249  0.000098745  0.003142544 |          0.2 | -0.000002921 -0.000000015, -0.000000331  0.000008126
MOVE:  071 |  0.000000693 -0.000013642  0.000003396  0.000183764  0.000102216  0.003223797 |          0.2 | -0.000003155 -0.000000044, -0.000000159  0.000008090
CONST: 071 | 31 3.96931e-05 -0.000573642 0.000483396 -0.00261624 0.00364522 0.0032238

ABS:   072 |  0.000039010 -0.000561980  0.000480442 -0.002778231  0.003556960  0.000451187 |          5.9 |  0.000003220  0.000057573,  0.000002127  0.000561576
DIFF:  072 | -0.000000683  0.000011662 -0.000002954 -0.000161995 -0.000088256 -0.002772609 |         -0.2 |  0.000002456 -0.000000076,  0.000002605 -0.000006420
MOVE:  072 |  0.000000010 -0.000001980  0.000000442  0.000021769  0.000013960  0.000451187 |          0.0 | -0.000000699 -0.000000120,  0.000002446  0.000001671
CONST: 072 | 31 3.90102e-05 -0.00056198 0.000480442 -0.00277823 0.00355696 0.000451187

ABS:   073 |  0.000038935 -0.000560687  0.000480114 -0.002796197  0.003547172  0.000143453 |          5.8 |  0.000003630  0.000057656, -0.000000090  0.000559852
DIFF:  073 | -0.000000076  0.000001293 -0.000000328 -0.000017966 -0.000009788 -0.000307734 |         -0.0 |  0.000000409  0.000000083, -0.000002216 -0.000001724
MOVE:  073 | -0.000000065 -0.000000687  0.000000114  0.000003803  0.000004172  0.000143453 |         -0.0 | -0.000000289 -0.000000036,  0.000000230 -0.000000053
CONST: 073 | 31 3.89345e-05 -0.000560687 0.000480114 -0.0027962 0.00354717 0.000143453

ABS:   074 |  0.000039010 -0.000560687  0.000480114 -0.002796197  0.003547172  0.000143453 |          5.8 |  0.000003705  0.000057656, -0.000000090  0.000559852
DIFF:  074 |  0.000000076  0.000000000  0.000000000  0.000000000  0.000000000  0.000000000 |          0.0 |  0.000000076 -0.000000000, -0.000000000 -0.000000000
MOVE:  074 |  0.000000010 -0.000000687  0.000000114  0.000003803  0.000004172  0.000143453 |         -0.0 | -0.000000214 -0.000000036,  0.000000229 -0.000000053
CONST: 074 | 31 3.90104e-05 -0.000560687 0.000480114 -0.0027962 0.00354717 0.000143453

ABS:   075 |  0.000038859 -0.000560687  0.000480114 -0.002796197  0.003547172  0.000143453 |          5.8 |  0.000003554  0.000057656, -0.000000090  0.000559852
DIFF:  075 | -0.000000152  0.000000000  0.000000000  0.000000000  0.000000000  0.000000000 |         -0.0 | -0.000000152  0.000000000,  0.000000001  0.000000000
MOVE:  075 | -0.000000141 -0.000000687  0.000000114  0.000003803  0.000004172  0.000143453 |         -0.0 | -0.000000365 -0.000000036,  0.000000230 -0.000000053
CONST: 075 | 31 3.88586e-05 -0.000560687 0.000480114 -0.0027962 0.00354717 0.000143453

ABS:   076 |  0.000038935 -0.000560367  0.000480114 -0.002796197  0.003547172  0.000143453 |          5.8 |  0.000003642  0.000057657, -0.000000236  0.000559860
DIFF:  076 |  0.000000076  0.000000320  0.000000000  0.000000000  0.000000000  0.000000000 |          0.0 |  0.000000088  0.000000001, -0.000000146  0.000000008
MOVE:  076 | -0.000000065 -0.000000367  0.000000114  0.000003803  0.000004172  0.000143453 |         -0.0 | -0.000000277 -0.000000035,  0.000000084 -0.000000046
CONST: 076 | 31 3.89345e-05 -0.000560367 0.000480114 -0.0027962 0.00354717 0.000143453

ABS:   077 |  0.000038935 -0.000561006  0.000480114 -0.002796197  0.003547172  0.000143453 |          5.8 |  0.000003617  0.000057656,  0.000000056  0.000559844
DIFF:  077 |  0.000000000 -0.000000640  0.000000000  0.000000000  0.000000000  0.000000000 |         -0.0 | -0.000000025 -0.000000002,  0.000000291 -0.000000016
MOVE:  077 | -0.000000065 -0.000001006  0.000000114  0.000003803  0.000004172  0.000143453 |         -0.0 | -0.000000302 -0.000000037,  0.000000375 -0.000000061
CONST: 077 | 31 3.89345e-05 -0.000561006 0.000480114 -0.0027962 0.00354717 0.000143453

ABS:   078 |  0.000038935 -0.000560687  0.000480438 -0.002796197  0.003547172  0.000143453 |          5.8 |  0.000003628  0.000057656, -0.000000413  0.000559852
DIFF:  078 |  0.000000000  0.000000320  0.000000324  0.000000000  0.000000000  0.000000000 |          0.0 |  0.000000011  0.000000001, -0.000000469  0.000000008
MOVE:  078 | -0.000000065 -0.000000687  0.000000438  0.000003803  0.000004172  0.000143453 |         -0.0 | -0.000000291 -0.000000036, -0.000000094 -0.000000053
CONST: 078 | 31 3.89345e-05 -0.000560687 0.000480438 -0.0027962 0.00354717 0.000143453

ABS:   079 |  0.000038935 -0.000560687  0.000479791 -0.002796197  0.003547172  0.000143453 |          5.8 |  0.000003631  0.000057656,  0.000000233  0.000559852
DIFF:  079 |  0.000000000  0.000000000 -0.000000647  0.000000000  0.000000000  0.000000000 |          0.0 |  0.000000002  0.000000000,  0.000000646  0.000000000
MOVE:  079 | -0.000000065 -0.000000687 -0.000000209  0.000003803  0.000004172  0.000143453 |         -0.0 | -0.000000288 -0.000000036,  0.000000553 -0.000000053
CONST: 079 | 31 3.89345e-05 -0.000560687 0.000479791 -0.0027962 0.00354717 0.000143453

ABS:   080 |  0.000038935 -0.000560687  0.000480114 -0.002792088  0.003547172  0.000143453 |          5.8 |  0.000003634  0.000057654, -0.000000347  0.000559856
DIFF:  080 |  0.000000000  0.000000000  0.000000324  0.000004109  0.000000000  0.000000000 |         -0.0 |  0.000000003 -0.000000003, -0.000000580  0.000000004
MOVE:  080 | -0.000000065 -0.000000687  0.000000114  0.000007912  0.000004172  0.000143453 |         -0.0 | -0.000000285 -0.000000039, -0.000000028 -0.000000049
CONST: 080 | 31 3.89345e-05 -0.000560687 0.000480114 -0.00279209 0.00354717 0.000143453

ABS:   081 |  0.000038935 -0.000560687  0.000480114 -0.002800305  0.003547172  0.000143453 |          5.8 |  0.000003626  0.000057659,  0.000000167  0.000559848
DIFF:  081 |  0.000000000  0.000000000  0.000000000 -0.000008217  0.000000000  0.000000000 |          0.0 | -0.000000008  0.000000005,  0.000000514 -0.000000008
MOVE:  081 | -0.000000065 -0.000000687  0.000000114 -0.000000305  0.000004172  0.000143453 |         -0.0 | -0.000000293 -0.000000034,  0.000000487 -0.000000058
CONST: 081 | 31 3.89345e-05 -0.000560687 0.000480114 -0.00280031 0.00354717 0.000143453

ABS:   082 |  0.000038935 -0.000560687  0.000480114 -0.002796197  0.003548288  0.000143453 |          5.8 |  0.000003601  0.000057650, -0.000000093  0.000559852
DIFF:  082 |  0.000000000  0.000000000  0.000000000  0.000004109  0.000001115  0.000000000 |         -0.0 | -0.000000024 -0.000000009, -0.000000261  0.000000004
MOVE:  082 | -0.000000065 -0.000000687  0.000000114  0.000003803  0.000005288  0.000143453 |         -0.0 | -0.000000318 -0.000000043,  0.000000226 -0.000000054
CONST: 082 | 31 3.89345e-05 -0.000560687 0.000480114 -0.0027962 0.00354829 0.000143453

ABS:   083 |  0.000038935 -0.000560687  0.000480114 -0.002796197  0.003546057  0.000143453 |          5.8 |  0.000003658  0.000057663, -0.000000086  0.000559853
DIFF:  083 |  0.000000000  0.000000000  0.000000000  0.000000000 -0.000002231  0.000000000 |          0.0 |  0.000000057  0.000000013,  0.000000007  0.000000001
MOVE:  083 | -0.000000065 -0.000000687  0.000000114  0.000003803  0.000003057  0.000143453 |         -0.0 | -0.000000261 -0.000000029,  0.000000233 -0.000000053
CONST: 083 | 31 3.89345e-05 -0.000560687 0.000480114 -0.0027962 0.00354606 0.000143453

ABS:   084 |  0.000038935 -0.000560687  0.000480114 -0.002796197  0.003547172  0.000183594 |          5.8 |  0.000003603  0.000057655, -0.000000011  0.000559842
DIFF:  084 |  0.000000000  0.000000000  0.000000000  0.000000000  0.000001115  0.000040141 |         -0.0 | -0.000000055 -0.000000008,  0.000000075 -0.000000011
MOVE:  084 | -0.000000065 -0.000000687  0.000000114  0.000003803  0.000004172  0.000183594 |         -0.0 | -0.000000316 -0.000000038,  0.000000309 -0.000000064
CONST: 084 | 31 3.89345e-05 -0.000560687 0.000480114 -0.0027962 0.00354717 0.000183594

ABS:   085 |  0.000038935 -0.000560687  0.000480114 -0.002796197  0.003547172  0.000103313 |          5.8 |  0.000003656  0.000057658, -0.000000169  0.000559863
DIFF:  085 |  0.000000000  0.000000000  0.000000000  0.000000000  0.000000000 -0.000080281 |          0.0 |  0.000000053  0.000000003, -0.000000158  0.000000021
MOVE:  085 | -0.000000065 -0.000000687  0.000000114  0.000003803  0.000004172  0.000103313 |         -0.0 | -0.000000263 -0.000000034,  0.000000151 -0.000000043
CONST: 085 | 31 3.89345e-05 -0.000560687 0.000480114 -0.0027962 0.00354717 0.000103313

ABS:   086 |  0.000040073 -0.000574280  0.000480775 -0.002610653  0.003645740  0.003301751 |          6.0 |  0.000000820  0.000057845, -0.000000258  0.000566205
DIFF:  086 |  0.000001139 -0.000013593  0.000000661  0.000185543  0.000098568  0.003198439 |          0.2 | -0.000002836  0.000000186, -0.000000089  0.000006342
MOVE:  086 |  0.000001073 -0.000014280  0.000000775  0.000189347  0.000102740  0.003301751 |          0.2 | -0.000003099  0.000000152,  0.000000061  0.000006299
CONST: 086 | 31 4.00731e-05 -0.00057428 0.000480775 -0.00261065 0.00364574 0.00330175

ABS:   087 |  0.000039073 -0.000562344  0.000480195 -0.002773568  0.003559193  0.000528914 |          5.9 |  0.000003167  0.000057554,  0.000002392  0.000561552
DIFF:  087 | -0.000001000  0.000011935 -0.000000580 -0.000162915 -0.000086547 -0.002772837 |         -0.1 |  0.000002347 -0.000000291,  0.000002650 -0.000004653
MOVE:  087 |  0.000000073 -0.000002344  0.000000195  0.000026432  0.000016193  0.000528914 |          0.0 | -0.000000752 -0.000000138,  0.000002711  0.000001647
CONST: 087 | 31 3.90734e-05 -0.000562344 0.000480195 -0.00277357 0.00355919 0.000528914

ABS:   088 |  0.000038945 -0.000560813  0.000480121 -0.002794477  0.003548086  0.000172747 |          5.8 |  0.000003594  0.000057648, -0.000000092  0.000559843
DIFF:  088 | -0.000000128  0.000001532 -0.000000074 -0.000020909 -0.000011108 -0.000356167 |         -0.0 |  0.000000428  0.000000094, -0.000002483 -0.000001709
MOVE:  088 | -0.000000055 -0.000000813  0.000000121  0.000005523  0.000005086  0.000172747 |         -0.0 | -0.000000325 -0.000000044,  0.000000228 -0.000000063
CONST: 088 | 31 3.89451e-05 -0.000560813 0.000480121 -0.00279448 0.00354809 0.000172747

ABS:   089 |  0.000039021 -0.000560813  0.000480121 -0.002794477  0.003548086  0.000172747 |          5.8 |  0.000003670  0.000057648, -0.000000092  0.000559843
DIFF:  089 |  0.000000076  0.000000000  0.000000000  0.000000000  0.000000000  0.000000000 |          0.0 |  0.000000076 -0.000000000, -0.000000000 -0.000000000
MOVE:  089 |  0.000000021 -0.000000813  0.000000121  0.000005523  0.000005086  0.000172747 |         -0.0 | -0.000000249 -0.000000044,  0.000000228 -0.000000063
CONST: 089 | 31 3.90209e-05 -0.000560813 0.000480121 -0.00279448 0.00354809 0.000172747

ABS:   090 |  0.000038869 -0.000560813  0.000480121 -0.002794477  0.003548086  0.000172747 |          5.8 |  0.000003518  0.000057648, -0.000000091  0.000559843
DIFF:  090 | -0.000000152  0.000000000  0.000000000  0.000000000  0.000000000  0.000000000 |         -0.0 | -0.000000152  0.000000000,  0.000000001  0.000000000
MOVE:  090 | -0.000000131 -0.000000813  0.000000121  0.000005523  0.000005086  0.000172747 |         -0.0 | -0.000000400 -0.000000044,  0.000000228 -0.000000063
CONST: 090 | 31 3.88692e-05 -0.000560813 0.000480121 -0.00279448 0.00354809 0.000172747

ABS:   091 |  0.000038945 -0.000560493  0.000480121 -0.002794477  0.003548086  0.000172747 |          5.8 |  0.000003607  0.000057649, -0.000000237  0.000559851
DIFF:  091 |  0.000000076  0.000000320  0.000000000  0.000000000  0.000000000  0.000000000 |          0.0 |  0.000000088  0.000000001, -0.000000146  0.000000008
MOVE:  091 | -0.000000055 -0.000000493  0.000000121  0.000005523  0.000005086  0.000172747 |         -0.0 | -0.000000312 -0.000000043,  0.000000082 -0.000000055
CONST: 091 | 31 3.89451e-05 -0.000560493 0.000480121 -0.00279448 0.00354809 0.000172747

ABS:   092 |  0.000038945 -0.000561132  0.000480121 -0.002794477  0.003548086  0.000172747 |          5.8 |  0.000003582  0.000057647,  0.000000054  0.000559835
DIFF:  092 |  0.000000000 -0.000000640  0.000000000  0.000000000  0.000000000  0.000000000 |         -0.0 | -0.000000025 -0.000000002,  0.000000291 -0.000000016
MOVE:  092 | -0.000000055 -0.000001132  0.000000121  0.000005523  0.000005086  0.000172747 |         -0.0 | -0.000000337 -0.000000045,  0.000000374 -0.000000070
CONST: 092 | 31 3.89451e-05 -0.000561132 0.000480121 -0.00279448 0.00354809 0.000172747

ABS:   093 |  0.000038945 -0.000560813  0.000480444 -0.002794477  0.003548086  0.000172747 |          5.8 |  0.000003593  0.000057648, -0.000000415  0.000559843
DIFF:  093 |  0.000000000  0.000000320  0.000000324  0.000000000  0.000000000  0.000000000 |          0.0 |  0.000000011  0.000000001, -0.000000469  0.000000008
MOVE:  093 | -0.000000055 -0.000000813  0.000000444  0.000005523  0.000005086  0.000172747 |         -0.0 | -0.000000326 -0.000000044, -0.000000095 -0.000000063
CONST: 093 | 31 3.89451e-05 -0.000560813 0.000480444 -0.00279448 0.00354809 0.000172747

