ABS:   itr |       deltaX       deltaY       deltaZ         phiX         phiY         phiZ |        chisq |    rphi mean     rphi rms,       z mean        z rms
ABS:   =========================================================================================================================================================
DIFF:  itr |       deltaX       deltaY       deltaZ         phiX         phiY         phiZ |        chisq |    rphi mean     rphi rms,       z mean        z rms
DIFF:  =========================================================================================================================================================
MOVE:  itr |       deltaX       deltaY       deltaZ         phiX         phiY         phiZ |        chisq |    rphi mean     rphi rms,       z mean        z rms
MOVE:  =========================================================================================================================================================
ABS:   001 | -0.000030000 -0.000020000  0.000067000  0.000145000 -0.000249000  0.000000000 |          3.9 | -0.000002392  0.000046883, -0.000009076  0.000541381
CONST: 001 | 40 -3e-05 -2e-05 6.7e-05 0.000145 -0.000249 0

ABS:   001 | -0.000030000 -0.000020000  0.000067000  0.000145000 -0.000249000  0.000000000 |          3.9 | -0.000002392  0.000046883, -0.000009076  0.000541381
CONST: 001 | 40 -3e-05 -2e-05 6.7e-05 0.000145 -0.000249 0

ABS:   002 | -0.000020000 -0.000020000  0.000067000  0.000145000 -0.000249000  0.000000000 |          3.9 |  0.000006328  0.000046971, -0.000009074  0.000541381
DIFF:  002 |  0.000010000 -0.000000000 -0.000000000 -0.000000000  0.000000000  0.000000000 |          0.0 |  0.000008720  0.000000087,  0.000000002  0.000000000
MOVE:  002 |  0.000010000 -0.000000000 -0.000000000 -0.000000000  0.000000000  0.000000000 |          0.0 |  0.000008720  0.000000087,  0.000000002  0.000000000
CONST: 002 | 40 -2e-05 -2e-05 6.7e-05 0.000145 -0.000249 0

ABS:   003 | -0.000040000 -0.000020000  0.000067000  0.000145000 -0.000249000  0.000000000 |          3.9 | -0.000010826  0.000046081, -0.000009079  0.000541381
DIFF:  003 | -0.000020000  0.000000000  0.000000000  0.000000000  0.000000000  0.000000000 |         -0.0 | -0.000017154 -0.000000890, -0.000000005 -0.000000000
MOVE:  003 | -0.000010000 -0.000000000 -0.000000000 -0.000000000  0.000000000  0.000000000 |          0.0 | -0.000008434 -0.000000802, -0.000000002  0.000000000
CONST: 003 | 40 -4e-05 -2e-05 6.7e-05 0.000145 -0.000249 0

ABS:   004 |  0.000069835 -0.000020000  0.000067000  0.000145000 -0.000249000  0.000000000 |          4.4 |  0.000067840  0.000040153, -0.000009051  0.000541381
DIFF:  004 |  0.000109835  0.000000000  0.000000000  0.000000000  0.000000000  0.000000000 |          0.5 |  0.000078666 -0.000005928,  0.000000027  0.000000000
MOVE:  004 |  0.000099835 -0.000000000 -0.000000000 -0.000000000  0.000000000  0.000000000 |          0.5 |  0.000070232 -0.000006730,  0.000000025  0.000000000
CONST: 004 | 40 6.98351e-05 -2e-05 6.7e-05 0.000145 -0.000249 0

ABS:   005 | -0.000129835 -0.000020000  0.000067000  0.000145000 -0.000249000  0.000000000 |          4.3 | -0.000068259  0.000043242, -0.000009101  0.000541381
DIFF:  005 | -0.000199670  0.000000000  0.000000000  0.000000000  0.000000000  0.000000000 |         -0.0 | -0.000136099  0.000003089, -0.000000050 -0.000000000
MOVE:  005 | -0.000099835 -0.000000000 -0.000000000 -0.000000000  0.000000000  0.000000000 |          0.5 | -0.000065867 -0.000003641, -0.000000025 -0.000000000
CONST: 005 | 40 -0.000129835 -2e-05 6.7e-05 0.000145 -0.000249 0

ABS:   006 | -0.000030000 -0.000010000  0.000067000  0.000145000 -0.000249000  0.000000000 |          3.9 | -0.000003215  0.000046873, -0.000019523  0.000543692
DIFF:  006 |  0.000099835  0.000010000  0.000000000  0.000000000  0.000000000  0.000000000 |         -0.4 |  0.000065044  0.000003631, -0.000010422  0.000002312
MOVE:  006 | -0.000000000  0.000010000 -0.000000000 -0.000000000  0.000000000  0.000000000 |          0.0 | -0.000000823 -0.000000011, -0.000010447  0.000002312
CONST: 006 | 40 -3e-05 -1e-05 6.7e-05 0.000145 -0.000249 0

ABS:   007 | -0.000030000 -0.000030000  0.000067000  0.000145000 -0.000249000  0.000000000 |          3.9 | -0.000001569  0.000046900, -0.000001935  0.000541540
DIFF:  007 |  0.000000000 -0.000020000  0.000000000  0.000000000  0.000000000  0.000000000 |         -0.0 |  0.000001646  0.000000027,  0.000017588 -0.000002152
MOVE:  007 | -0.000000000 -0.000010000 -0.000000000 -0.000000000  0.000000000  0.000000000 |          0.0 |  0.000000823  0.000000017,  0.000007141  0.000000160
CONST: 007 | 40 -3e-05 -3e-05 6.7e-05 0.000145 -0.000249 0

ABS:   008 | -0.000030000  0.000079835  0.000067000  0.000145000 -0.000249000  0.000000000 |          3.9 | -0.000009394  0.000045709, -0.000045496  0.000542153
DIFF:  008 |  0.000000000  0.000109835  0.000000000  0.000000000  0.000000000  0.000000000 |          0.0 | -0.000007826 -0.000001191, -0.000043561  0.000000613
MOVE:  008 | -0.000000000  0.000099835 -0.000000000 -0.000000000  0.000000000  0.000000000 |          0.0 | -0.000007002 -0.000001175, -0.000036420  0.000000773
CONST: 008 | 40 -3e-05 7.98351e-05 6.7e-05 0.000145 -0.000249 0

ABS:   009 | -0.000030000 -0.000119835  0.000067000  0.000145000 -0.000249000  0.000000000 |          3.9 |  0.000004866  0.000047625,  0.000028498  0.000544111
DIFF:  009 |  0.000000000 -0.000199670  0.000000000  0.000000000  0.000000000  0.000000000 |          0.0 |  0.000014261  0.000001917,  0.000073994  0.000001957
MOVE:  009 | -0.000000000 -0.000099835 -0.000000000 -0.000000000  0.000000000  0.000000000 |          0.1 |  0.000007258  0.000000742,  0.000037574  0.000002730
CONST: 009 | 40 -3e-05 -0.000119835 6.7e-05 0.000145 -0.000249 0

ABS:   010 | -0.000030000 -0.000020000  0.000567000  0.000145000 -0.000249000  0.000000000 |          4.3 | -0.000002274  0.000046883, -0.000266510  0.000537000
DIFF:  010 |  0.000000000  0.000099835  0.000500000  0.000000000  0.000000000  0.000000000 |          0.4 | -0.000007140 -0.000000742, -0.000295008 -0.000007111
MOVE:  010 | -0.000000000 -0.000000000  0.000500000 -0.000000000  0.000000000  0.000000000 |          0.5 |  0.000000119 -0.000000000, -0.000257434 -0.000004381
CONST: 010 | 40 -3e-05 -2e-05 0.000567 0.000145 -0.000249 0

ABS:   011 | -0.000030000 -0.000020000 -0.000433000  0.000145000 -0.000249000  0.000000000 |          4.1 | -0.000002511  0.000046884,  0.000239587  0.000531675
DIFF:  011 |  0.000000000  0.000000000 -0.001000000  0.000000000  0.000000000  0.000000000 |         -0.2 | -0.000000237  0.000000000,  0.000506097 -0.000005325
MOVE:  011 | -0.000000000 -0.000000000 -0.000500000 -0.000000000  0.000000000  0.000000000 |          0.2 | -0.000000119  0.000000000,  0.000248663 -0.000009706
CONST: 011 | 40 -3e-05 -2e-05 -0.000433 0.000145 -0.000249 0

ABS:   012 | -0.000030000 -0.000020000  0.004861255  0.000145000 -0.000249000  0.000000000 |          0.5 | -0.000001256  0.000046883,          NaN          NaN
DIFF:  012 |  0.000000000  0.000000000  0.005294255  0.000000000  0.000000000  0.000000000 |         -3.6 |  0.000001255 -0.000000001,          NaN          NaN
MOVE:  012 | -0.000000000 -0.000000000  0.004794255 -0.000000000  0.000000000  0.000000000 |         -3.4 |  0.000001137 -0.000000001,          NaN          NaN
CONST: 012 | 40 -3e-05 -2e-05 0.00486126 0.000145 -0.000249 0

ABS:   013 | -0.000030000 -0.000020000 -0.004727255  0.000145000 -0.000249000  0.000000000 |          0.6 | -0.000003529  0.000046884,  0.000834856  0.000215739
DIFF:  013 |  0.000000000  0.000000000 -0.009588511  0.000000000  0.000000000  0.000000000 |          0.1 | -0.000002273  0.000000002,          NaN          NaN
MOVE:  013 | -0.000000000 -0.000000000 -0.004794255 -0.000000000  0.000000000  0.000000000 |         -3.3 | -0.000001137  0.000000001,  0.000843932 -0.000325642
CONST: 013 | 40 -3e-05 -2e-05 -0.00472726 0.000145 -0.000249 0

ABS:   014 | -0.000030000 -0.000020000  0.000067000  0.000545000 -0.000249000  0.000000000 |          3.8 | -0.000004926  0.000046394, -0.000024718  0.000536059
DIFF:  014 |  0.000000000  0.000000000  0.004794255  0.000400000  0.000000000  0.000000000 |          3.2 | -0.000001397 -0.000000490, -0.000859574  0.000320320
MOVE:  014 | -0.000000000 -0.000000000 -0.000000000  0.000400000  0.000000000  0.000000000 |         -0.1 | -0.000002534 -0.000000489, -0.000015642 -0.000005321
CONST: 014 | 40 -3e-05 -2e-05 6.7e-05 0.000545 -0.000249 0

ABS:   015 | -0.000030000 -0.000020000  0.000067000 -0.000255000 -0.000249000  0.000000000 |          4.1 | -0.000000190  0.000047135,  0.000000103  0.000552219
DIFF:  015 |  0.000000000  0.000000000  0.000000000 -0.000800000  0.000000000  0.000000000 |          0.3 |  0.000004736  0.000000741,  0.000024821  0.000016160
MOVE:  015 | -0.000000000 -0.000000000 -0.000000000 -0.000400000  0.000000000  0.000000000 |          0.2 |  0.000002202  0.000000251,  0.000009179  0.000010838
CONST: 015 | 40 -3e-05 -2e-05 6.7e-05 -0.000255 -0.000249 0

ABS:   016 | -0.000030000 -0.000020000  0.000067000  0.004140777 -0.000249000  0.000000000 |          4.3 | -0.000027010  0.000049431, -0.000137417  0.000548089
DIFF:  016 |  0.000000000  0.000000000  0.000000000  0.004395777  0.000000000  0.000000000 |          0.2 | -0.000026820  0.000002296, -0.000137520 -0.000004130
MOVE:  016 | -0.000000000 -0.000000000 -0.000000000  0.003995777  0.000000000  0.000000000 |          0.4 | -0.000024618  0.000002548, -0.000128341  0.000006709
CONST: 016 | 40 -3e-05 -2e-05 6.7e-05 0.00414078 -0.000249 0

ABS:   017 | -0.000030000 -0.000020000  0.000067000 -0.003850777 -0.000249000  0.000000000 |          4.1 |  0.000020519  0.000051407,  0.000129431  0.000542002
DIFF:  017 |  0.000000000  0.000000000  0.000000000 -0.007991554  0.000000000  0.000000000 |         -0.2 |  0.000047529  0.000001976,  0.000266848 -0.000006088
MOVE:  017 | -0.000000000 -0.000000000 -0.000000000 -0.003995777  0.000000000  0.000000000 |          0.2 |  0.000022911  0.000004523,  0.000138508  0.000000621
CONST: 017 | 40 -3e-05 -2e-05 6.7e-05 -0.00385078 -0.000249 0

ABS:   018 | -0.000030000 -0.000020000  0.000067000  0.000145000  0.000751000  0.000000000 |          4.2 | -0.000051137  0.000049356, -0.000000763  0.000541710
DIFF:  018 |  0.000000000  0.000000000  0.000000000  0.003995777  0.001000000  0.000000000 |          0.2 | -0.000071656 -0.000002050, -0.000130194 -0.000000292
MOVE:  018 | -0.000000000 -0.000000000 -0.000000000 -0.000000000  0.001000000  0.000000000 |          0.4 | -0.000048745  0.000002473,  0.000008313  0.000000329
CONST: 018 | 40 -3e-05 -2e-05 6.7e-05 0.000145 0.000751 0

ABS:   019 | -0.000030000 -0.000020000  0.000067000  0.000145000 -0.001249000  0.000000000 |          4.2 |  0.000045442  0.000050562, -0.000020644  0.000543575
DIFF:  019 |  0.000000000  0.000000000  0.000000000  0.000000000 -0.002000000  0.000000000 |         -0.0 |  0.000096579  0.000001206, -0.000019881  0.000001866
MOVE:  019 | -0.000000000 -0.000000000 -0.000000000 -0.000000000 -0.001000000  0.000000000 |          0.3 |  0.000047834  0.000003679, -0.000011568  0.000002195
CONST: 019 | 40 -3e-05 -2e-05 6.7e-05 0.000145 -0.001249 0

ABS:   020 | -0.000030000 -0.000020000  0.000067000  0.000145000  0.009685120  0.000000000 |          3.5 | -0.000021487  0.000081489,  0.000033132  0.000543699
DIFF:  020 |  0.000000000  0.000000000  0.000000000  0.000000000  0.010934120  0.000000000 |         -0.8 | -0.000066929  0.000030926,  0.000053776  0.000000124
MOVE:  020 | -0.000000000 -0.000000000 -0.000000000 -0.000000000  0.009934120  0.000000000 |         -0.4 | -0.000019095  0.000034605,  0.000042209  0.000002318
CONST: 020 | 40 -3e-05 -2e-05 6.7e-05 0.000145 0.00968512 0

ABS:   021 | -0.000030000 -0.000020000  0.000067000  0.000145000 -0.010183120  0.000000000 |          3.6 |  0.000064291  0.000036297, -0.000049420  0.000550244
DIFF:  021 |  0.000000000  0.000000000  0.000000000  0.000000000 -0.019868240  0.000000000 |          0.1 |  0.000085779 -0.000045191, -0.000082553  0.000006545
MOVE:  021 | -0.000000000 -0.000000000 -0.000000000 -0.000000000 -0.009934120  0.000000000 |         -0.3 |  0.000066683 -0.000010586, -0.000040344  0.000008863
CONST: 021 | 40 -3e-05 -2e-05 6.7e-05 0.000145 -0.0101831 0

ABS:   022 | -0.000030000 -0.000020000  0.000067000  0.000145000 -0.000249000  0.000200000 |          3.9 | -0.000002575  0.000046876, -0.000010352  0.000541311
DIFF:  022 |  0.000000000  0.000000000  0.000000000  0.000000000  0.009934120  0.000200000 |          0.3 | -0.000066866  0.000010579,  0.000039068 -0.000008933
MOVE:  022 | -0.000000000 -0.000000000 -0.000000000 -0.000000000  0.000000000  0.000200000 |         -0.0 | -0.000000183 -0.000000007, -0.000001276 -0.000000070
CONST: 022 | 40 -3e-05 -2e-05 6.7e-05 0.000145 -0.000249 0.0002

ABS:   023 | -0.000030000 -0.000020000  0.000067000  0.000145000 -0.000249000 -0.000200000 |          3.9 | -0.000002210  0.000046891, -0.000007800  0.000541453
DIFF:  023 |  0.000000000  0.000000000  0.000000000  0.000000000  0.000000000 -0.000400000 |          0.0 |  0.000000365  0.000000015,  0.000002552  0.000000142
MOVE:  023 | -0.000000000 -0.000000000 -0.000000000 -0.000000000  0.000000000 -0.000200000 |          0.0 |  0.000000183  0.000000007,  0.000001276  0.000000072
CONST: 023 | 40 -3e-05 -2e-05 6.7e-05 0.000145 -0.000249 -0.0002

ABS:   024 | -0.000030000 -0.000020000  0.000067000  0.000145000 -0.000249000  0.001999472 |          3.9 | -0.000004235  0.000046820, -0.000021835  0.000540802
DIFF:  024 |  0.000000000  0.000000000  0.000000000  0.000000000  0.000000000  0.002199472 |         -0.0 | -0.000002025 -0.000000071, -0.000014035 -0.000000651
MOVE:  024 | -0.000000000 -0.000000000 -0.000000000 -0.000000000  0.000000000  0.001999472 |         -0.0 | -0.000001843 -0.000000063, -0.000012759 -0.000000579
CONST: 024 | 40 -3e-05 -2e-05 6.7e-05 0.000145 -0.000249 0.00199947

ABS:   025 | -0.000030000 -0.000020000  0.000067000  0.000145000 -0.000249000 -0.001999472 |          4.0 | -0.000000582  0.000046967, -0.000003059  0.000547314
DIFF:  025 |  0.000000000  0.000000000  0.000000000  0.000000000  0.000000000 -0.003998944 |          0.1 |  0.000003653  0.000000147,  0.000018776  0.000006512
MOVE:  025 | -0.000000000 -0.000000000 -0.000000000 -0.000000000  0.000000000 -0.001999472 |          0.1 |  0.000001810  0.000000084,  0.000006017  0.000005934
CONST: 025 | 40 -3e-05 -2e-05 6.7e-05 0.000145 -0.000249 -0.00199947

ABS:   026 | -0.000000004 -0.000000001 -0.000002894 -0.000000242  0.000001667  0.000000000 |          4.0 |  0.000005430  0.000046444,  0.000029029  0.000549587
DIFF:  026 |  0.000029996  0.000019999 -0.000069894 -0.000145242  0.000250667  0.001999472 |          0.0 |  0.000006012 -0.000000524,  0.000032088  0.000002273
MOVE:  026 |  0.000029996  0.000019999 -0.000069894 -0.000145242  0.000250667  0.000000000 |          0.1 |  0.000007822 -0.000000440,  0.000038105  0.000008207
CONST: 026 | 40 -4e-09 -1.00003e-09 -2.89408e-06 -2.41662e-07 1.66683e-06 0

ABS:   027 |  0.000475534 -0.000000001 -0.000002894 -0.000000242  0.000001667  0.000000000 |          3.5 |          NaN          NaN,  0.000029028  0.000549587
DIFF:  027 |  0.000475538  0.000000000  0.000000000  0.000000000  0.000000000  0.000000000 |         -0.5 |          NaN          NaN, -0.000000001 -0.000000000
MOVE:  027 |  0.000505534  0.000019999 -0.000069894 -0.000145242  0.000250667  0.000000000 |         -0.3 |          NaN          NaN,  0.000038104  0.000008207
CONST: 027 | 40 0.000475534 -1.00003e-09 -2.89408e-06 -2.41662e-07 1.66683e-06 0

ABS:   028 | -0.000482886 -0.000000001 -0.000002894 -0.000000242  0.000001667  0.000000000 |          3.5 | -0.000109333  0.000000000,  0.000029030  0.000549587
DIFF:  028 | -0.000958420  0.000000000  0.000000000  0.000000000  0.000000000  0.000000000 |          0.0 |          NaN          NaN,  0.000000002  0.000000000
MOVE:  028 | -0.000452886  0.000019999 -0.000069894 -0.000145242  0.000250667  0.000000000 |         -0.3 | -0.000106941 -0.000046883,  0.000038106  0.000008207
CONST: 028 | 40 -0.000482886 -1.00003e-09 -2.89408e-06 -2.41662e-07 1.66683e-06 0

ABS:   029 | -0.000000004  0.000476880 -0.000002894 -0.000000242  0.000001667  0.000000000 |          4.3 | -0.000029238  0.000049264, -0.000124206  0.000551202
DIFF:  029 |  0.000482882  0.000476881  0.000000000  0.000000000  0.000000000  0.000000000 |          0.7 |  0.000080095  0.000049264, -0.000153236  0.000001615
MOVE:  029 |  0.000029996  0.000496880 -0.000069894 -0.000145242  0.000250667  0.000000000 |          0.4 | -0.000026846  0.000002380, -0.000115130  0.000009822
CONST: 029 | 40 -4e-09 0.00047688 -2.89408e-06 -2.41662e-07 1.66683e-06 0

ABS:   030 | -0.000000004 -0.000481779 -0.000002894 -0.000000242  0.000001667  0.000000000 |          4.1 |  0.000035969  0.000047371,  0.000190557  0.000534313
DIFF:  030 |  0.000000000 -0.000958659  0.000000000  0.000000000  0.000000000  0.000000000 |         -0.1 |  0.000065207 -0.000001892,  0.000314763 -0.000016889
MOVE:  030 |  0.000029996 -0.000461779 -0.000069894 -0.000145242  0.000250667  0.000000000 |          0.3 |  0.000038361  0.000000488,  0.000199633 -0.000007068
CONST: 030 | 40 -4e-09 -0.000481779 -2.89408e-06 -2.41662e-07 1.66683e-06 0

ABS:   031 | -0.000000004 -0.000000001  0.004799800 -0.000000242  0.000001667  0.000000000 |          0.5 |  0.000005422  0.000046444,          NaN          NaN
DIFF:  031 |  0.000000000  0.000481778  0.004802695  0.000000000  0.000000000  0.000000000 |         -3.7 | -0.000030547 -0.000000928,          NaN          NaN
MOVE:  031 |  0.000029996  0.000019999  0.004732800 -0.000145242  0.000250667  0.000000000 |         -3.4 |  0.000007814 -0.000000440,          NaN          NaN
CONST: 031 | 40 -4e-09 -1.00003e-09 0.0047998 -2.41662e-07 1.66683e-06 0

ABS:   032 | -0.000000004 -0.000000001 -0.004788476 -0.000000242  0.000001667  0.000000000 |          0.5 |  0.000005438  0.000046444,  0.000764989  0.000142917
DIFF:  032 |  0.000000000  0.000000000 -0.009588277  0.000000000  0.000000000  0.000000000 |          0.0 |  0.000000016  0.000000000,          NaN          NaN
MOVE:  032 |  0.000029996  0.000019999 -0.004855476 -0.000145242  0.000250667  0.000000000 |         -3.3 |  0.000007830 -0.000000440,  0.000774065 -0.000398463
CONST: 032 | 40 -4e-09 -1.00003e-09 -0.00478848 -2.41662e-07 1.66683e-06 0

ABS:   033 | -0.000000004 -0.000000001 -0.000002894  0.023988714  0.000001667  0.000000000 |          2.3 | -0.000032234  0.000056712, -0.000302431  0.000537229
DIFF:  033 |  0.000000000  0.000000000  0.004785582  0.023988956  0.000000000  0.000000000 |          1.8 | -0.000037672  0.000010268, -0.001067421  0.000394312
MOVE:  033 |  0.000029996  0.000019999 -0.000069894  0.023843714  0.000250667  0.000000000 |         -1.5 | -0.000029842  0.000009828, -0.000293355 -0.000004151
CONST: 033 | 40 -4e-09 -1.00003e-09 -2.89408e-06 0.0239887 1.66683e-06 0

ABS:   034 | -0.000000004 -0.000000001 -0.000002894 -0.023953637  0.000001667  0.000000000 |          2.3 |  0.000035603  0.000061856,  0.000291218  0.000532159
DIFF:  034 |  0.000000000  0.000000000  0.000000000 -0.047942352  0.000000000  0.000000000 |         -0.0 |  0.000067837  0.000005144,  0.000593649 -0.000005070
MOVE:  034 |  0.000029996  0.000019999 -0.000069894 -0.024098637  0.000250667  0.000000000 |         -1.6 |  0.000037995  0.000014972,  0.000300294 -0.000009221
CONST: 034 | 40 -4e-09 -1.00003e-09 -2.89408e-06 -0.0239536 1.66683e-06 0

ABS:   035 | -0.000000004 -0.000000001 -0.000002894 -0.000000242  0.023941957  0.000000000 |          3.5 |  0.000033493  0.000055415,  0.000146869  0.000541634
DIFF:  035 |  0.000000000  0.000000000  0.000000000  0.023953396  0.023940290  0.000000000 |          1.2 | -0.000002110 -0.000006440, -0.000144348  0.000009475
MOVE:  035 |  0.000029996  0.000019999 -0.000069894 -0.000145242  0.024190957  0.000000000 |         -0.4 |  0.000035885  0.000008532,  0.000155946  0.000000253
CONST: 035 | 40 -4e-09 -1.00003e-09 -2.89408e-06 -2.41662e-07 0.023942 0

ABS:   036 | -0.000000004 -0.000000001 -0.000002894 -0.000000242 -0.023999995  0.000000000 |          3.7 |  0.000118762  0.000000000, -0.000072538  0.000557316
DIFF:  036 |  0.000000000  0.000000000  0.000000000  0.000000000 -0.047941951  0.000000000 |          0.2 |  0.000085269 -0.000055415, -0.000219408  0.000015682
MOVE:  036 |  0.000029996  0.000019999 -0.000069894 -0.000145242 -0.023750995  0.000000000 |         -0.2 |  0.000121154 -0.000046883, -0.000063462  0.000015936
CONST: 036 | 40 -4e-09 -1.00003e-09 -2.89408e-06 -2.41662e-07 -0.024 0

ABS:   037 | -0.000000004 -0.000000001 -0.000002894 -0.000000242  0.000001667  0.019470966 |          4.1 | -0.000011047  0.000047840, -0.000030402  0.000550293
DIFF:  037 |  0.000000000  0.000000000  0.000000000  0.000000000  0.024001662  0.019470966 |          0.4 | -0.000129809  0.000047840,  0.000042136 -0.000007023
MOVE:  037 |  0.000029996  0.000019999 -0.000069894 -0.000145242  0.000250667  0.019470966 |          0.2 | -0.000008655  0.000000957, -0.000021326  0.000008912
CONST: 037 | 40 -4e-09 -1.00003e-09 -2.89408e-06 -2.41662e-07 1.66683e-06 0.019471

ABS:   038 | -0.000000004 -0.000000001 -0.000002894 -0.000000242  0.000001667 -0.019470966 |          3.8 |  0.000020493  0.000046848,  0.000082115  0.000533846
DIFF:  038 |  0.000000000  0.000000000  0.000000000  0.000000000  0.000000000 -0.038941932 |         -0.2 |  0.000031540 -0.000000992,  0.000112517 -0.000016447
MOVE:  038 |  0.000029996  0.000019999 -0.000069894 -0.000145242  0.000250667 -0.019470966 |         -0.0 |  0.000022885 -0.000000035,  0.000091191 -0.000007535
CONST: 038 | 40 -4e-09 -1.00003e-09 -2.89408e-06 -2.41662e-07 1.66683e-06 -0.019471

ABS:   039 | -0.000000004 -0.000000001 -0.000002894 -0.000000242  0.000001667  0.000000000 |          4.0 |  0.000005430  0.000046444,  0.000029029  0.000549587
DIFF:  039 |  0.000000000  0.000000000  0.000000000  0.000000000  0.000000000  0.019470966 |          0.2 | -0.000015063 -0.000000404, -0.000053086  0.000015741
MOVE:  039 |  0.000029996  0.000019999 -0.000069894 -0.000145242  0.000250667  0.000000000 |          0.1 |  0.000007822 -0.000000440,  0.000038105  0.000008207
CONST: 039 | 40 -4e-09 -1.00003e-09 -2.89408e-06 -2.41662e-07 1.66683e-06 0

ABS:   040 |  0.000475534 -0.000000001 -0.000002894 -0.000000242  0.000001667  0.000000000 |          3.5 |          NaN          NaN,  0.000029028  0.000549587
DIFF:  040 |  0.000475538  0.000000000  0.000000000  0.000000000  0.000000000  0.000000000 |         -0.5 |          NaN          NaN, -0.000000001 -0.000000000
MOVE:  040 |  0.000505534  0.000019999 -0.000069894 -0.000145242  0.000250667  0.000000000 |         -0.3 |          NaN          NaN,  0.000038104  0.000008207
CONST: 040 | 40 0.000475534 -1.00003e-09 -2.89408e-06 -2.41662e-07 1.66683e-06 0

ABS:   041 | -0.000482886 -0.000000001 -0.000002894 -0.000000242  0.000001667  0.000000000 |          3.5 | -0.000109333  0.000000000,  0.000029030  0.000549587
DIFF:  041 | -0.000958420  0.000000000  0.000000000  0.000000000  0.000000000  0.000000000 |          0.0 |          NaN          NaN,  0.000000002  0.000000000
MOVE:  041 | -0.000452886  0.000019999 -0.000069894 -0.000145242  0.000250667  0.000000000 |         -0.3 | -0.000106941 -0.000046883,  0.000038106  0.000008207
CONST: 041 | 40 -0.000482886 -1.00003e-09 -2.89408e-06 -2.41662e-07 1.66683e-06 0

ABS:   042 | -0.000000004  0.000476880 -0.000002894 -0.000000242  0.000001667  0.000000000 |          4.3 | -0.000029238  0.000049264, -0.000124206  0.000551202
DIFF:  042 |  0.000482882  0.000476881  0.000000000  0.000000000  0.000000000  0.000000000 |          0.7 |  0.000080095  0.000049264, -0.000153236  0.000001615
MOVE:  042 |  0.000029996  0.000496880 -0.000069894 -0.000145242  0.000250667  0.000000000 |          0.4 | -0.000026846  0.000002380, -0.000115130  0.000009822
CONST: 042 | 40 -4e-09 0.00047688 -2.89408e-06 -2.41662e-07 1.66683e-06 0

ABS:   043 | -0.000000004 -0.000481779 -0.000002894 -0.000000242  0.000001667  0.000000000 |          4.1 |  0.000035969  0.000047371,  0.000190557  0.000534313
DIFF:  043 |  0.000000000 -0.000958659  0.000000000  0.000000000  0.000000000  0.000000000 |         -0.1 |  0.000065207 -0.000001892,  0.000314763 -0.000016889
MOVE:  043 |  0.000029996 -0.000461779 -0.000069894 -0.000145242  0.000250667  0.000000000 |          0.3 |  0.000038361  0.000000488,  0.000199633 -0.000007068
CONST: 043 | 40 -4e-09 -0.000481779 -2.89408e-06 -2.41662e-07 1.66683e-06 0

ABS:   044 | -0.000000004 -0.000000001  0.004799800 -0.000000242  0.000001667  0.000000000 |          0.5 |  0.000005422  0.000046444,          NaN          NaN
DIFF:  044 |  0.000000000  0.000481778  0.004802695  0.000000000  0.000000000  0.000000000 |         -3.7 | -0.000030547 -0.000000928,          NaN          NaN
MOVE:  044 |  0.000029996  0.000019999  0.004732800 -0.000145242  0.000250667  0.000000000 |         -3.4 |  0.000007814 -0.000000440,          NaN          NaN
CONST: 044 | 40 -4e-09 -1.00003e-09 0.0047998 -2.41662e-07 1.66683e-06 0

ABS:   045 | -0.000000004 -0.000000001 -0.004788476 -0.000000242  0.000001667  0.000000000 |          0.5 |  0.000005438  0.000046444,  0.000764989  0.000142917
DIFF:  045 |  0.000000000  0.000000000 -0.009588277  0.000000000  0.000000000  0.000000000 |          0.0 |  0.000000016  0.000000000,          NaN          NaN
MOVE:  045 |  0.000029996  0.000019999 -0.004855476 -0.000145242  0.000250667  0.000000000 |         -3.3 |  0.000007830 -0.000000440,  0.000774065 -0.000398463
CONST: 045 | 40 -4e-09 -1.00003e-09 -0.00478848 -2.41662e-07 1.66683e-06 0

