ABS:   itr |       deltaX       deltaY       deltaZ         phiX         phiY         phiZ |        chisq |    rphi mean     rphi rms,       z mean        z rms
ABS:   =========================================================================================================================================================
DIFF:  itr |       deltaX       deltaY       deltaZ         phiX         phiY         phiZ |        chisq |    rphi mean     rphi rms,       z mean        z rms
DIFF:  =========================================================================================================================================================
MOVE:  itr |       deltaX       deltaY       deltaZ         phiX         phiY         phiZ |        chisq |    rphi mean     rphi rms,       z mean        z rms
MOVE:  =========================================================================================================================================================
ABS:   001 |  0.000059000 -0.000045000  0.000041000  0.000190000 -0.000114000  0.000000000 |         58.3 | -0.000001428  0.000050871, -0.000016801  0.000553858
CONST: 001 | 51 5.9e-05 -4.5e-05 4.1e-05 0.00019 -0.000114 0

ABS:   001 |  0.000059000 -0.000045000  0.000041000  0.000190000 -0.000114000  0.000000000 |         58.3 | -0.000001428  0.000050871, -0.000016801  0.000553858
CONST: 001 | 51 5.9e-05 -4.5e-05 4.1e-05 0.00019 -0.000114 0

ABS:   002 |  0.000059100 -0.000045000  0.000041000  0.000190000 -0.000114000  0.000000000 |         58.3 | -0.000001350  0.000050892, -0.000016801  0.000553858
DIFF:  002 |  0.000000100  0.000000000 -0.000000000  0.000000000 -0.000000000  0.000000000 |          0.0 |  0.000000078  0.000000021,  0.000000000  0.000000000
MOVE:  002 |  0.000000100  0.000000000 -0.000000000  0.000000000 -0.000000000  0.000000000 |          0.0 |  0.000000078  0.000000021,  0.000000000  0.000000000
CONST: 002 | 51 5.91e-05 -4.5e-05 4.1e-05 0.00019 -0.000114 0

ABS:   003 |  0.000058900 -0.000045000  0.000041000  0.000190000 -0.000114000  0.000000000 |         58.3 | -0.000001506  0.000050850, -0.000016801  0.000553858
DIFF:  003 | -0.000000200  0.000000000  0.000000000  0.000000000  0.000000000  0.000000000 |         -0.0 | -0.000000157 -0.000000041, -0.000000000 -0.000000000
MOVE:  003 | -0.000000100  0.000000000 -0.000000000  0.000000000 -0.000000000  0.000000000 |         -0.0 | -0.000000078 -0.000000021, -0.000000000 -0.000000000
CONST: 003 | 51 5.89e-05 -4.5e-05 4.1e-05 0.00019 -0.000114 0

ABS:   004 |  0.000059070 -0.000045000  0.000041000  0.000190000 -0.000114000  0.000000000 |         58.3 | -0.000001358  0.000050871, -0.000016801  0.000553858
DIFF:  004 |  0.000000170  0.000000000  0.000000000  0.000000000  0.000000000  0.000000000 |          0.0 |  0.000000148  0.000000021,  0.000000000  0.000000000
MOVE:  004 |  0.000000070  0.000000000 -0.000000000  0.000000000 -0.000000000  0.000000000 |         -0.0 |  0.000000070  0.000000000,  0.000000000 -0.000000000
CONST: 004 | 51 5.90699e-05 -4.5e-05 4.1e-05 0.00019 -0.000114 0

ABS:   005 |  0.000058930 -0.000045000  0.000041000  0.000190000 -0.000114000  0.000000000 |         58.3 | -0.000001476  0.000050850, -0.000016801  0.000553858
DIFF:  005 | -0.000000140  0.000000000  0.000000000  0.000000000  0.000000000  0.000000000 |         -0.0 | -0.000000118 -0.000000021, -0.000000000  0.000000000
MOVE:  005 | -0.000000070  0.000000000 -0.000000000  0.000000000 -0.000000000  0.000000000 |         -0.0 | -0.000000048 -0.000000021, -0.000000000  0.000000000
CONST: 005 | 51 5.89301e-05 -4.5e-05 4.1e-05 0.00019 -0.000114 0

ABS:   006 |  0.000059007 -0.000045000  0.000041000  0.000190000 -0.000114000  0.000000000 |         58.3 | -0.000001421  0.000050871, -0.000016801  0.000553858
DIFF:  006 |  0.000000077  0.000000000  0.000000000  0.000000000  0.000000000  0.000000000 |          0.0 |  0.000000055  0.000000021,  0.000000000  0.000000000
MOVE:  006 |  0.000000007  0.000000000 -0.000000000  0.000000000 -0.000000000  0.000000000 |         -0.0 |  0.000000007  0.000000000,  0.000000000  0.000000000
CONST: 006 | 51 5.9007e-05 -4.5e-05 4.1e-05 0.00019 -0.000114 0

ABS:   007 |  0.000058993 -0.000045000  0.000041000  0.000190000 -0.000114000  0.000000000 |         58.3 | -0.000001435  0.000050871, -0.000016801  0.000553858
DIFF:  007 | -0.000000014  0.000000000  0.000000000  0.000000000  0.000000000  0.000000000 |          0.0 | -0.000000014 -0.000000000, -0.000000000 -0.000000000
MOVE:  007 | -0.000000007  0.000000000 -0.000000000  0.000000000 -0.000000000  0.000000000 |          0.0 | -0.000000007  0.000000000, -0.000000000 -0.000000000
CONST: 007 | 51 5.8993e-05 -4.5e-05 4.1e-05 0.00019 -0.000114 0

ABS:   008 |  0.000059000 -0.000044900  0.000041000  0.000190000 -0.000114000  0.000000000 |         58.2 | -0.000001426  0.000050871, -0.000016995  0.000553670
DIFF:  008 |  0.000000007  0.000000100  0.000000000  0.000000000  0.000000000  0.000000000 |         -0.0 |  0.000000009  0.000000000, -0.000000194 -0.000000188
MOVE:  008 |  0.000000000  0.000000100 -0.000000000  0.000000000 -0.000000000  0.000000000 |         -0.0 |  0.000000002  0.000000000, -0.000000194 -0.000000188
CONST: 008 | 51 5.9e-05 -4.49e-05 4.1e-05 0.00019 -0.000114 0

ABS:   009 |  0.000059000 -0.000045100  0.000041000  0.000190000 -0.000114000  0.000000000 |         58.3 | -0.000001430  0.000050871, -0.000016851  0.000553861
DIFF:  009 |  0.000000000 -0.000000200  0.000000000  0.000000000  0.000000000  0.000000000 |          0.0 | -0.000000003 -0.000000001,  0.000000143  0.000000191
MOVE:  009 |  0.000000000 -0.000000100 -0.000000000  0.000000000 -0.000000000  0.000000000 |          0.0 | -0.000000002 -0.000000000, -0.000000051  0.000000002
CONST: 009 | 51 5.9e-05 -4.51e-05 4.1e-05 0.00019 -0.000114 0

ABS:   010 |  0.000059000 -0.000044990  0.000041000  0.000190000 -0.000114000  0.000000000 |         58.3 | -0.000001428  0.000050871, -0.000016795  0.000553858
DIFF:  010 |  0.000000000  0.000000110  0.000000000  0.000000000  0.000000000  0.000000000 |         -0.0 |  0.000000002  0.000000000,  0.000000056 -0.000000003
MOVE:  010 |  0.000000000  0.000000010 -0.000000000  0.000000000 -0.000000000  0.000000000 |         -0.0 |  0.000000000  0.000000000,  0.000000005 -0.000000000
CONST: 010 | 51 5.9e-05 -4.499e-05 4.1e-05 0.00019 -0.000114 0

ABS:   011 |  0.000059000 -0.000045010  0.000041000  0.000190000 -0.000114000  0.000000000 |         58.3 | -0.000001428  0.000050871, -0.000016806  0.000553858
DIFF:  011 |  0.000000000 -0.000000020  0.000000000  0.000000000  0.000000000  0.000000000 |          0.0 | -0.000000000 -0.000000000, -0.000000010  0.000000000
MOVE:  011 |  0.000000000 -0.000000010 -0.000000000  0.000000000 -0.000000000  0.000000000 |          0.0 | -0.000000000 -0.000000000, -0.000000005  0.000000000
CONST: 011 | 51 5.9e-05 -4.501e-05 4.1e-05 0.00019 -0.000114 0

ABS:   012 |  0.000059000 -0.000044900  0.000041000  0.000190000 -0.000114000  0.000000000 |         58.2 | -0.000001426  0.000050871, -0.000016995  0.000553670
DIFF:  012 |  0.000000000  0.000000110  0.000000000  0.000000000  0.000000000  0.000000000 |         -0.0 |  0.000000002  0.000000000, -0.000000189 -0.000000189
MOVE:  012 |  0.000000000  0.000000100 -0.000000000  0.000000000 -0.000000000  0.000000000 |         -0.0 |  0.000000002  0.000000000, -0.000000194 -0.000000188
CONST: 012 | 51 5.9e-05 -4.49e-05 4.1e-05 0.00019 -0.000114 0

ABS:   013 |  0.000059000 -0.000045100  0.000041000  0.000190000 -0.000114000  0.000000000 |         58.3 | -0.000001430  0.000050871, -0.000016851  0.000553861
DIFF:  013 |  0.000000000 -0.000000200  0.000000000  0.000000000  0.000000000  0.000000000 |          0.0 | -0.000000003 -0.000000001,  0.000000143  0.000000191
MOVE:  013 |  0.000000000 -0.000000100 -0.000000000  0.000000000 -0.000000000  0.000000000 |          0.0 | -0.000000002 -0.000000000, -0.000000051  0.000000002
CONST: 013 | 51 5.9e-05 -4.51e-05 4.1e-05 0.00019 -0.000114 0

ABS:   014 |  0.000059000 -0.000045000  0.000046002  0.000190000 -0.000114000  0.000000000 |         58.4 | -0.000001427  0.000050871, -0.000019384  0.000554294
DIFF:  014 |  0.000000000  0.000000100  0.000005002  0.000000000  0.000000000  0.000000000 |          0.1 |  0.000000002  0.000000000, -0.000002533  0.000000434
MOVE:  014 |  0.000000000  0.000000000  0.000005002  0.000000000 -0.000000000  0.000000000 |          0.1 |  0.000000001  0.000000000, -0.000002584  0.000000436
CONST: 014 | 51 5.9e-05 -4.5e-05 4.60021e-05 0.00019 -0.000114 0

ABS:   015 |  0.000059000 -0.000045000  0.000035998  0.000190000 -0.000114000  0.000000000 |         58.7 | -0.000001429  0.000050871, -0.000014654  0.000555556
DIFF:  015 |  0.000000000  0.000000000 -0.000010004  0.000000000  0.000000000  0.000000000 |          0.3 | -0.000000001 -0.000000000,  0.000004730  0.000001262
MOVE:  015 |  0.000000000  0.000000000 -0.000005002  0.000000000 -0.000000000  0.000000000 |          0.4 | -0.000000001 -0.000000000,  0.000002147  0.000001698
CONST: 015 | 51 5.9e-05 -4.5e-05 3.59979e-05 0.00019 -0.000114 0

ABS:   016 |  0.000059000 -0.000045000  0.000041500  0.000190000 -0.000114000  0.000000000 |         58.3 | -0.000001428  0.000050871, -0.000017301  0.000553858
DIFF:  016 |  0.000000000  0.000000000  0.000005502  0.000000000  0.000000000  0.000000000 |         -0.4 |  0.000000001  0.000000000, -0.000002647 -0.000001698
MOVE:  016 |  0.000000000  0.000000000  0.000000500  0.000000000 -0.000000000  0.000000000 |          0.0 |  0.000000000  0.000000000, -0.000000500 -0.000000000
CONST: 016 | 51 5.9e-05 -4.5e-05 4.15002e-05 0.00019 -0.000114 0

ABS:   017 |  0.000059000 -0.000045000  0.000040500  0.000190000 -0.000114000  0.000000000 |         58.3 | -0.000001428  0.000050871, -0.000016782  0.000553844
DIFF:  017 |  0.000000000  0.000000000 -0.000001000  0.000000000  0.000000000  0.000000000 |         -0.0 | -0.000000000 -0.000000000,  0.000000518 -0.000000015
MOVE:  017 |  0.000000000  0.000000000 -0.000000500  0.000000000 -0.000000000  0.000000000 |         -0.0 | -0.000000000 -0.000000000,  0.000000018 -0.000000015
CONST: 017 | 51 5.9e-05 -4.5e-05 4.04998e-05 0.00019 -0.000114 0

ABS:   018 |  0.000059000 -0.000045000  0.000041000  0.000194000 -0.000114000  0.000000000 |         58.2 | -0.000001425  0.000050876, -0.000016918  0.000553678
DIFF:  018 |  0.000000000  0.000000000  0.000000500  0.000004000  0.000000000  0.000000000 |         -0.0 |  0.000000003  0.000000005, -0.000000135 -0.000000166
MOVE:  018 |  0.000000000  0.000000000 -0.000000000  0.000004000 -0.000000000  0.000000000 |         -0.0 |  0.000000003  0.000000005, -0.000000117 -0.000000181
CONST: 018 | 51 5.9e-05 -4.5e-05 4.1e-05 0.000194 -0.000114 0

ABS:   019 |  0.000059000 -0.000045000  0.000041000  0.000186000 -0.000114000  0.000000000 |         58.2 | -0.000001431  0.000050866, -0.000016691  0.000553681
DIFF:  019 |  0.000000000  0.000000000  0.000000000 -0.000008000  0.000000000  0.000000000 |         -0.0 | -0.000000006 -0.000000010,  0.000000227  0.000000004
MOVE:  019 |  0.000000000  0.000000000 -0.000000000 -0.000004000 -0.000000000  0.000000000 |         -0.0 | -0.000000003 -0.000000005,  0.000000110 -0.000000177
CONST: 019 | 51 5.9e-05 -4.5e-05 4.1e-05 0.000186 -0.000114 0

ABS:   020 |  0.000059000 -0.000045000  0.000041000  0.000190400 -0.000114000  0.000000000 |         58.3 | -0.000001428  0.000050871, -0.000016836  0.000553857
DIFF:  020 |  0.000000000  0.000000000  0.000000000  0.000004400  0.000000000  0.000000000 |          0.0 |  0.000000003  0.000000005, -0.000000145  0.000000176
MOVE:  020 |  0.000000000  0.000000000 -0.000000000  0.000000400 -0.000000000  0.000000000 |          0.0 |  0.000000000  0.000000000, -0.000000035 -0.000000001
CONST: 020 | 51 5.9e-05 -4.5e-05 4.1e-05 0.0001904 -0.000114 0

ABS:   021 |  0.000059000 -0.000045000  0.000041000  0.000189600 -0.000114000  0.000000000 |         58.3 | -0.000001428  0.000050870, -0.000016765  0.000553859
DIFF:  021 |  0.000000000  0.000000000  0.000000000 -0.000000800  0.000000000  0.000000000 |         -0.0 | -0.000000001 -0.000000001,  0.000000071  0.000000002
MOVE:  021 |  0.000000000  0.000000000 -0.000000000 -0.000000400 -0.000000000  0.000000000 |         -0.0 | -0.000000000 -0.000000000,  0.000000035  0.000000001
CONST: 021 | 51 5.9e-05 -4.5e-05 4.1e-05 0.0001896 -0.000114 0

ABS:   022 |  0.000059000 -0.000045000  0.000041000  0.000190000 -0.000103999  0.000000000 |         58.2 | -0.000000940  0.000050747, -0.000017059  0.000553669
DIFF:  022 |  0.000000000  0.000000000  0.000000000  0.000000400  0.000010001  0.000000000 |         -0.1 |  0.000000488 -0.000000123, -0.000000294 -0.000000190
MOVE:  022 |  0.000000000  0.000000000 -0.000000000  0.000000000  0.000010001  0.000000000 |         -0.1 |  0.000000488 -0.000000124, -0.000000258 -0.000000189
CONST: 022 | 51 5.9e-05 -4.5e-05 4.1e-05 0.00019 -0.000103999 0

ABS:   023 |  0.000059000 -0.000045000  0.000041000  0.000190000 -0.000124001  0.000000000 |         58.3 | -0.000001893  0.000051069, -0.000016787  0.000553861
DIFF:  023 |  0.000000000  0.000000000  0.000000000  0.000000000 -0.000020001  0.000000000 |          0.1 | -0.000000953  0.000000322,  0.000000271  0.000000192
MOVE:  023 |  0.000000000  0.000000000 -0.000000000  0.000000000 -0.000010001  0.000000000 |          0.1 | -0.000000465  0.000000199,  0.000000013  0.000000003
CONST: 023 | 51 5.9e-05 -4.5e-05 4.1e-05 0.00019 -0.000124001 0

ABS:   024 |  0.000059000 -0.000045000  0.000041000  0.000190000 -0.000113000  0.000000000 |         58.3 | -0.000001394  0.000050864, -0.000016802  0.000553858
DIFF:  024 |  0.000000000  0.000000000  0.000000000  0.000000000  0.000011001  0.000000000 |         -0.1 |  0.000000499 -0.000000205, -0.000000015 -0.000000003
MOVE:  024 |  0.000000000  0.000000000 -0.000000000  0.000000000  0.000001000  0.000000000 |         -0.0 |  0.000000033 -0.000000007, -0.000000001 -0.000000000
CONST: 024 | 51 5.9e-05 -4.5e-05 4.1e-05 0.00019 -0.000113 0

ABS:   025 |  0.000059000 -0.000045000  0.000041000  0.000190000 -0.000115000  0.000000000 |         58.3 | -0.000001483  0.000050899, -0.000016799  0.000553859
DIFF:  025 |  0.000000000  0.000000000  0.000000000  0.000000000 -0.000002000  0.000000000 |          0.0 | -0.000000089  0.000000035,  0.000000003  0.000000001
MOVE:  025 |  0.000000000  0.000000000 -0.000000000  0.000000000 -0.000001000  0.000000000 |          0.0 | -0.000000055  0.000000028,  0.000000001  0.000000000
CONST: 025 | 51 5.9e-05 -4.5e-05 4.1e-05 0.00019 -0.000115 0

ABS:   026 |  0.000059000 -0.000045000  0.000041000  0.000190000 -0.000113900  0.000000000 |         58.3 | -0.000001422  0.000050868, -0.000016801  0.000553858
DIFF:  026 |  0.000000000  0.000000000  0.000000000  0.000000000  0.000001100  0.000000000 |         -0.0 |  0.000000061 -0.000000030, -0.000000001 -0.000000000
MOVE:  026 |  0.000000000  0.000000000 -0.000000000  0.000000000  0.000000100  0.000000000 |         -0.0 |  0.000000006 -0.000000003, -0.000000000 -0.000000000
CONST: 026 | 51 5.9e-05 -4.5e-05 4.1e-05 0.00019 -0.0001139 0

ABS:   027 |  0.000059000 -0.000045000  0.000041000  0.000190000 -0.000114100  0.000000000 |         58.3 | -0.000001433  0.000050874, -0.000016800  0.000553858
DIFF:  027 |  0.000000000  0.000000000  0.000000000  0.000000000 -0.000000200  0.000000000 |          0.0 | -0.000000011  0.000000006,  0.000000000  0.000000000
MOVE:  027 |  0.000000000  0.000000000 -0.000000000  0.000000000 -0.000000100  0.000000000 |          0.0 | -0.000000006  0.000000003,  0.000000000  0.000000000
CONST: 027 | 51 5.9e-05 -4.5e-05 4.1e-05 0.00019 -0.0001141 0

ABS:   028 |  0.000059000 -0.000045000  0.000041000  0.000190000 -0.000114000  0.000002000 |         58.3 | -0.000001429  0.000050871, -0.000016798  0.000553858
DIFF:  028 |  0.000000000  0.000000000  0.000000000  0.000000000  0.000000100  0.000002000 |         -0.0 |  0.000000004 -0.000000003,  0.000000003 -0.000000000
MOVE:  028 |  0.000000000  0.000000000 -0.000000000  0.000000000 -0.000000000  0.000002000 |         -0.0 | -0.000000001  0.000000000,  0.000000003 -0.000000000
CONST: 028 | 51 5.9e-05 -4.5e-05 4.1e-05 0.00019 -0.000114 2.00001e-06

ABS:   029 |  0.000059000 -0.000045000  0.000041000  0.000190000 -0.000114000 -0.000002000 |         58.3 | -0.000001427  0.000050871, -0.000016804  0.000553859
DIFF:  029 |  0.000000000  0.000000000  0.000000000  0.000000000  0.000000000 -0.000004000 |          0.0 |  0.000000002 -0.000000000, -0.000000006  0.000000001
MOVE:  029 |  0.000000000  0.000000000 -0.000000000  0.000000000 -0.000000000 -0.000002000 |          0.0 |  0.000000001 -0.000000000, -0.000000003  0.000000000
CONST: 029 | 51 5.9e-05 -4.5e-05 4.1e-05 0.00019 -0.000114 -2.00001e-06

ABS:   030 |  0.000059000 -0.000045000  0.000041000  0.000190000 -0.000114000  0.000020000 |         58.2 | -0.000001438  0.000050871, -0.000017015  0.000553669
DIFF:  030 |  0.000000000  0.000000000  0.000000000  0.000000000  0.000000000  0.000022000 |         -0.0 | -0.000000011  0.000000001, -0.000000212 -0.000000190
MOVE:  030 |  0.000000000  0.000000000 -0.000000000  0.000000000 -0.000000000  0.000020000 |         -0.0 | -0.000000010  0.000000000, -0.000000215 -0.000000190
CONST: 030 | 51 5.9e-05 -4.5e-05 4.1e-05 0.00019 -0.000114 2.00001e-05

ABS:   031 |  0.000059000 -0.000045000  0.000041000  0.000190000 -0.000114000 -0.000020000 |         58.3 | -0.000001418  0.000050870, -0.000016831  0.000553862
DIFF:  031 |  0.000000000  0.000000000  0.000000000  0.000000000  0.000000000 -0.000040000 |          0.0 |  0.000000020 -0.000000001,  0.000000185  0.000000193
MOVE:  031 |  0.000000000  0.000000000 -0.000000000  0.000000000 -0.000000000 -0.000020000 |          0.0 |  0.000000010 -0.000000000, -0.000000030  0.000000003
CONST: 031 | 51 5.9e-05 -4.5e-05 4.1e-05 0.00019 -0.000114 -2.00001e-05

ABS:   032 |  0.000059000 -0.000045000  0.000041000  0.000190000 -0.000114000  0.000002000 |         58.3 | -0.000001429  0.000050871, -0.000016798  0.000553858
DIFF:  032 |  0.000000000  0.000000000  0.000000000  0.000000000  0.000000000  0.000022000 |         -0.0 | -0.000000011  0.000000001,  0.000000033 -0.000000004
MOVE:  032 |  0.000000000  0.000000000 -0.000000000  0.000000000 -0.000000000  0.000002000 |         -0.0 | -0.000000001  0.000000000,  0.000000003 -0.000000000
CONST: 032 | 51 5.9e-05 -4.5e-05 4.1e-05 0.00019 -0.000114 2.00001e-06

ABS:   033 |  0.000059000 -0.000045000  0.000041000  0.000190000 -0.000114000 -0.000002000 |         58.3 | -0.000001427  0.000050871, -0.000016804  0.000553859
DIFF:  033 |  0.000000000  0.000000000  0.000000000  0.000000000  0.000000000 -0.000004000 |          0.0 |  0.000000002 -0.000000000, -0.000000006  0.000000001
MOVE:  033 |  0.000000000  0.000000000 -0.000000000  0.000000000 -0.000000000 -0.000002000 |          0.0 |  0.000000001 -0.000000000, -0.000000003  0.000000000
CONST: 033 | 51 5.9e-05 -4.5e-05 4.1e-05 0.00019 -0.000114 -2.00001e-06

ABS:   034 |  0.000059000 -0.000044900  0.000041000  0.000190000 -0.000114000  0.000000000 |         58.2 | -0.000001426  0.000050871, -0.000016995  0.000553670
DIFF:  034 |  0.000000000  0.000000100  0.000000000  0.000000000  0.000000000  0.000002000 |         -0.0 |  0.000000001  0.000000000, -0.000000191 -0.000000189
MOVE:  034 |  0.000000000  0.000000100 -0.000000000  0.000000000 -0.000000000  0.000000000 |         -0.0 |  0.000000002  0.000000000, -0.000000194 -0.000000188
CONST: 034 | 51 5.9e-05 -4.49e-05 4.1e-05 0.00019 -0.000114 0

ABS:   035 |  0.000059000 -0.000044500  0.000041000  0.000190000 -0.000114000  0.000000000 |         58.2 | -0.000001420  0.000050872, -0.000016555  0.000553489
DIFF:  035 |  0.000000000  0.000000400  0.000000000  0.000000000  0.000000000  0.000000000 |         -0.0 |  0.000000006  0.000000001,  0.000000440 -0.000000181
MOVE:  035 |  0.000000000  0.000000500 -0.000000000  0.000000000 -0.000000000  0.000000000 |         -0.1 |  0.000000008  0.000000001,  0.000000246 -0.000000369
CONST: 035 | 51 5.9e-05 -4.45e-05 4.1e-05 0.00019 -0.000114 0

ABS:   036 |  0.000059000 -0.000044612  0.000041000  0.000190000 -0.000114000  0.000000000 |         58.2 | -0.000001422  0.000050872, -0.000016849  0.000553663
DIFF:  036 |  0.000000000 -0.000000112  0.000000000  0.000000000  0.000000000  0.000000000 |          0.0 | -0.000000002 -0.000000000, -0.000000294  0.000000174
MOVE:  036 |  0.000000000  0.000000388 -0.000000000  0.000000000 -0.000000000  0.000000000 |         -0.0 |  0.000000006  0.000000001, -0.000000048 -0.000000195
CONST: 036 | 51 5.9e-05 -4.46119e-05 4.1e-05 0.00019 -0.000114 0

ABS:   037 |  0.000059000 -0.000043500  0.000041000  0.000190000 -0.000114000  0.000000000 |         58.2 | -0.000001405  0.000050875, -0.000016286  0.000553637
DIFF:  037 |  0.000000000  0.000001112  0.000000000  0.000000000  0.000000000  0.000000000 |         -0.0 |  0.000000017  0.000000003,  0.000000563 -0.000000026
MOVE:  037 |  0.000000000  0.000001500 -0.000000000  0.000000000 -0.000000000  0.000000000 |         -0.1 |  0.000000023  0.000000004,  0.000000515 -0.000000221
CONST: 037 | 51 5.9e-05 -4.35e-05 4.1e-05 0.00019 -0.000114 0

ABS:   038 |  0.000059000 -0.000044048  0.000041000  0.000190000 -0.000114000  0.000000000 |         58.2 | -0.000001413  0.000050874, -0.000016563  0.000553650
DIFF:  038 |  0.000000000 -0.000000548  0.000000000  0.000000000  0.000000000  0.000000000 |          0.0 | -0.000000008 -0.000000002, -0.000000278  0.000000013
MOVE:  038 |  0.000000000  0.000000952 -0.000000000  0.000000000 -0.000000000  0.000000000 |         -0.0 |  0.000000015  0.000000003,  0.000000237 -0.000000208
CONST: 038 | 51 5.9e-05 -4.4048e-05 4.1e-05 0.00019 -0.000114 0

ABS:   039 |  0.000059000 -0.000044607  0.000041000  0.000190000 -0.000114000  0.000000000 |         58.2 | -0.000001422  0.000050872, -0.000016846  0.000553663
DIFF:  039 |  0.000000000 -0.000000559  0.000000000  0.000000000  0.000000000  0.000000000 |          0.0 | -0.000000009 -0.000000002, -0.000000283  0.000000013
MOVE:  039 |  0.000000000  0.000000393 -0.000000000  0.000000000 -0.000000000  0.000000000 |         -0.0 |  0.000000006  0.000000001, -0.000000046 -0.000000195
CONST: 039 | 51 5.9e-05 -4.46069e-05 4.1e-05 0.00019 -0.000114 0

ABS:   040 |  0.000059000 -0.000044553  0.000041000  0.000190000 -0.000114000  0.000000000 |         58.2 | -0.000001421  0.000050872, -0.000016819  0.000553662
DIFF:  040 |  0.000000000  0.000000053  0.000000000  0.000000000  0.000000000  0.000000000 |         -0.0 |  0.000000001  0.000000000,  0.000000027 -0.000000001
MOVE:  040 |  0.000000000  0.000000447 -0.000000000  0.000000000 -0.000000000  0.000000000 |         -0.0 |  0.000000007  0.000000001, -0.000000019 -0.000000196
CONST: 040 | 51 5.9e-05 -4.45534e-05 4.1e-05 0.00019 -0.000114 0

ABS:   041 |  0.000059000 -0.000044527  0.000041000  0.000190000 -0.000114000  0.000000000 |         58.2 | -0.000001421  0.000050872, -0.000016568  0.000553490
DIFF:  041 |  0.000000000  0.000000027  0.000000000  0.000000000  0.000000000  0.000000000 |         -0.0 |  0.000000000  0.000000000,  0.000000251 -0.000000172
MOVE:  041 |  0.000000000  0.000000473 -0.000000000  0.000000000 -0.000000000  0.000000000 |         -0.1 |  0.000000007  0.000000001,  0.000000232 -0.000000369
CONST: 041 | 51 5.9e-05 -4.45267e-05 4.1e-05 0.00019 -0.000114 0

ABS:   042 |  0.000059000 -0.000044439  0.000041000  0.000190000 -0.000114000  0.000000000 |         58.2 | -0.000001419  0.000050873, -0.000016524  0.000553487
DIFF:  042 |  0.000000000  0.000000087  0.000000000  0.000000000  0.000000000  0.000000000 |         -0.0 |  0.000000001  0.000000000,  0.000000044 -0.000000002
MOVE:  042 |  0.000000000  0.000000561 -0.000000000  0.000000000 -0.000000000  0.000000000 |         -0.1 |  0.000000009  0.000000002,  0.000000277 -0.000000371
CONST: 042 | 51 5.9e-05 -4.44394e-05 4.1e-05 0.00019 -0.000114 0

ABS:   043 |  0.000059000 -0.000044053  0.000041000  0.000190000 -0.000114000  0.000000000 |         58.2 | -0.000001413  0.000050874, -0.000016566  0.000553650
DIFF:  043 |  0.000000000  0.000000386  0.000000000  0.000000000  0.000000000  0.000000000 |          0.0 |  0.000000006  0.000000001, -0.000000042  0.000000163
MOVE:  043 |  0.000000000  0.000000947 -0.000000000  0.000000000 -0.000000000  0.000000000 |         -0.0 |  0.000000015  0.000000003,  0.000000235 -0.000000208
CONST: 043 | 51 5.9e-05 -4.4053e-05 4.1e-05 0.00019 -0.000114 0

ABS:   044 |  0.000059000 -0.000044246  0.000041000  0.000190000 -0.000114000  0.000000000 |         58.2 | -0.000001416  0.000050873, -0.000016664  0.000553655
DIFF:  044 |  0.000000000 -0.000000193  0.000000000  0.000000000  0.000000000  0.000000000 |          0.0 | -0.000000003 -0.000000001, -0.000000098  0.000000005
MOVE:  044 |  0.000000000  0.000000754 -0.000000000  0.000000000 -0.000000000  0.000000000 |         -0.0 |  0.000000012  0.000000002,  0.000000137 -0.000000204
CONST: 044 | 51 5.9e-05 -4.42462e-05 4.1e-05 0.00019 -0.000114 0

ABS:   045 |  0.000059066 -0.000044439  0.000041000  0.000190000 -0.000114000  0.000000000 |         58.2 | -0.000001353  0.000050873, -0.000016524  0.000553487
DIFF:  045 |  0.000000066 -0.000000193  0.000000000  0.000000000  0.000000000  0.000000000 |         -0.0 |  0.000000063 -0.000000001,  0.000000140 -0.000000167
MOVE:  045 |  0.000000066  0.000000561 -0.000000000  0.000000000 -0.000000000  0.000000000 |         -0.1 |  0.000000075  0.000000002,  0.000000277 -0.000000371
CONST: 045 | 51 5.90661e-05 -4.44394e-05 4.1e-05 0.00019 -0.000114 0

ABS:   046 |  0.000058934 -0.000044439  0.000041000  0.000190000 -0.000114000  0.000000000 |         58.2 | -0.000001485  0.000050873, -0.000016524  0.000553487
DIFF:  046 | -0.000000132  0.000000000  0.000000000  0.000000000  0.000000000  0.000000000 |          0.0 | -0.000000132  0.000000000, -0.000000000 -0.000000000
MOVE:  046 | -0.000000066  0.000000561 -0.000000000  0.000000000 -0.000000000  0.000000000 |         -0.1 | -0.000000057  0.000000002,  0.000000277 -0.000000371
CONST: 046 | 51 5.89339e-05 -4.44394e-05 4.1e-05 0.00019 -0.000114 0

ABS:   047 |  0.000059000 -0.000044429  0.000041000  0.000190000 -0.000114000  0.000000000 |         58.2 | -0.000001419  0.000050873, -0.000016519  0.000553487
DIFF:  047 |  0.000000066  0.000000010  0.000000000  0.000000000  0.000000000  0.000000000 |         -0.0 |  0.000000066  0.000000000,  0.000000005 -0.000000000
MOVE:  047 |  0.000000000  0.000000571 -0.000000000  0.000000000 -0.000000000  0.000000000 |         -0.1 |  0.000000009  0.000000002,  0.000000282 -0.000000371
CONST: 047 | 51 5.9e-05 -4.44294e-05 4.1e-05 0.00019 -0.000114 0

ABS:   048 |  0.000059000 -0.000044449  0.000041000  0.000190000 -0.000114000  0.000000000 |         58.2 | -0.000001419  0.000050872, -0.000016529  0.000553488
DIFF:  048 |  0.000000000 -0.000000020  0.000000000  0.000000000  0.000000000  0.000000000 |          0.0 | -0.000000000 -0.000000000, -0.000000010  0.000000000
MOVE:  048 |  0.000000000  0.000000551 -0.000000000  0.000000000 -0.000000000  0.000000000 |         -0.1 |  0.000000009  0.000000002,  0.000000271 -0.000000371
CONST: 048 | 51 5.9e-05 -4.44494e-05 4.1e-05 0.00019 -0.000114 0

ABS:   049 |  0.000059000 -0.000044339  0.000041000  0.000190000 -0.000114000  0.000000000 |         58.2 | -0.000001418  0.000050873, -0.000016473  0.000553485
DIFF:  049 |  0.000000000  0.000000110  0.000000000  0.000000000  0.000000000  0.000000000 |         -0.0 |  0.000000002  0.000000000,  0.000000056 -0.000000003
MOVE:  049 |  0.000000000  0.000000661 -0.000000000  0.000000000 -0.000000000  0.000000000 |         -0.1 |  0.000000010  0.000000002,  0.000000327 -0.000000373
CONST: 049 | 51 5.9e-05 -4.43394e-05 4.1e-05 0.00019 -0.000114 0

ABS:   050 |  0.000059000 -0.000044539  0.000041000  0.000190000 -0.000114000  0.000000000 |         58.2 | -0.000001421  0.000050872, -0.000016812  0.000553661
DIFF:  050 |  0.000000000 -0.000000200  0.000000000  0.000000000  0.000000000  0.000000000 |          0.0 | -0.000000003 -0.000000001, -0.000000339  0.000000176
MOVE:  050 |  0.000000000  0.000000461 -0.000000000  0.000000000 -0.000000000  0.000000000 |         -0.0 |  0.000000007  0.000000001, -0.000000012 -0.000000197
CONST: 050 | 51 5.9e-05 -4.45394e-05 4.1e-05 0.00019 -0.000114 0

ABS:   051 |  0.000059000 -0.000044429  0.000041000  0.000190000 -0.000114000  0.000000000 |         58.2 | -0.000001419  0.000050873, -0.000016519  0.000553487
DIFF:  051 |  0.000000000  0.000000110  0.000000000  0.000000000  0.000000000  0.000000000 |         -0.0 |  0.000000002  0.000000000,  0.000000293 -0.000000174
MOVE:  051 |  0.000000000  0.000000571 -0.000000000  0.000000000 -0.000000000  0.000000000 |         -0.1 |  0.000000009  0.000000002,  0.000000282 -0.000000371
CONST: 051 | 51 5.9e-05 -4.44294e-05 4.1e-05 0.00019 -0.000114 0

ABS:   052 |  0.000059000 -0.000044449  0.000041000  0.000190000 -0.000114000  0.000000000 |         58.2 | -0.000001419  0.000050872, -0.000016529  0.000553488
DIFF:  052 |  0.000000000 -0.000000020  0.000000000  0.000000000  0.000000000  0.000000000 |          0.0 | -0.000000000 -0.000000000, -0.000000010  0.000000000
MOVE:  052 |  0.000000000  0.000000551 -0.000000000  0.000000000 -0.000000000  0.000000000 |         -0.1 |  0.000000009  0.000000002,  0.000000271 -0.000000371
CONST: 052 | 51 5.9e-05 -4.44494e-05 4.1e-05 0.00019 -0.000114 0

ABS:   053 |  0.000059000 -0.000044439  0.000041393  0.000190000 -0.000114000  0.000000000 |         58.2 | -0.000001419  0.000050873, -0.000016917  0.000553487
DIFF:  053 |  0.000000000  0.000000010  0.000000393  0.000000000  0.000000000  0.000000000 |          0.0 |  0.000000000  0.000000000, -0.000000388 -0.000000000
MOVE:  053 |  0.000000000  0.000000561  0.000000393  0.000000000 -0.000000000  0.000000000 |         -0.1 |  0.000000009  0.000000002, -0.000000116 -0.000000371
CONST: 053 | 51 5.9e-05 -4.44394e-05 4.13926e-05 0.00019 -0.000114 0

ABS:   054 |  0.000059000 -0.000044439  0.000040607  0.000190000 -0.000114000  0.000000000 |         58.3 | -0.000001419  0.000050873, -0.000016606  0.000553831
DIFF:  054 |  0.000000000  0.000000000 -0.000000785  0.000000000  0.000000000  0.000000000 |          0.1 | -0.000000000 -0.000000000,  0.000000310  0.000000343
MOVE:  054 |  0.000000000  0.000000561 -0.000000393  0.000000000 -0.000000000  0.000000000 |         -0.0 |  0.000000009  0.000000002,  0.000000194 -0.000000028
CONST: 054 | 51 5.9e-05 -4.44394e-05 4.06074e-05 0.00019 -0.000114 0

ABS:   055 |  0.000059000 -0.000044439  0.000041039  0.000190000 -0.000114000  0.000000000 |         58.2 | -0.000001419  0.000050873, -0.000016563  0.000553487
DIFF:  055 |  0.000000000  0.000000000  0.000000432  0.000000000  0.000000000  0.000000000 |         -0.1 |  0.000000000  0.000000000,  0.000000043 -0.000000343
MOVE:  055 |  0.000000000  0.000000561  0.000000039  0.000000000 -0.000000000  0.000000000 |         -0.1 |  0.000000009  0.000000002,  0.000000237 -0.000000371
CONST: 055 | 51 5.9e-05 -4.44394e-05 4.10393e-05 0.00019 -0.000114 0

ABS:   056 |  0.000059000 -0.000044439  0.000040961  0.000190000 -0.000114000  0.000000000 |         58.2 | -0.000001419  0.000050873, -0.000016485  0.000553487
DIFF:  056 |  0.000000000  0.000000000 -0.000000079  0.000000000  0.000000000  0.000000000 |         -0.0 | -0.000000000 -0.000000000,  0.000000079  0.000000000
MOVE:  056 |  0.000000000  0.000000561 -0.000000039  0.000000000 -0.000000000  0.000000000 |         -0.1 |  0.000000009  0.000000002,  0.000000316 -0.000000371
CONST: 056 | 51 5.9e-05 -4.44394e-05 4.09607e-05 0.00019 -0.000114 0

ABS:   057 |  0.000059000 -0.000044439  0.000041295  0.000190000 -0.000114000  0.000000000 |         58.2 | -0.000001419  0.000050873, -0.000016819  0.000553487
DIFF:  057 |  0.000000000  0.000000000  0.000000334  0.000000000  0.000000000  0.000000000 |          0.0 |  0.000000000  0.000000000, -0.000000334 -0.000000000
MOVE:  057 |  0.000000000  0.000000561  0.000000295  0.000000000 -0.000000000  0.000000000 |         -0.1 |  0.000000009  0.000000002, -0.000000018 -0.000000371
CONST: 057 | 51 5.9e-05 -4.44394e-05 4.12947e-05 0.00019 -0.000114 0

ABS:   058 |  0.000059000 -0.000044439  0.000040705  0.000190000 -0.000114000  0.000000000 |         58.3 | -0.000001419  0.000050873, -0.000016704  0.000553831
DIFF:  058 |  0.000000000  0.000000000 -0.000000589  0.000000000  0.000000000  0.000000000 |          0.1 | -0.000000000 -0.000000000,  0.000000115  0.000000343
MOVE:  058 |  0.000000000  0.000000561 -0.000000295  0.000000000 -0.000000000  0.000000000 |         -0.0 |  0.000000009  0.000000002,  0.000000097 -0.000000028
CONST: 058 | 51 5.9e-05 -4.44394e-05 4.07053e-05 0.00019 -0.000114 0

ABS:   059 |  0.000059000 -0.000044439  0.000041000  0.000192816 -0.000114000  0.000000000 |         58.2 | -0.000001417  0.000050876, -0.000016774  0.000553481
DIFF:  059 |  0.000000000  0.000000000  0.000000295  0.000002816  0.000000000  0.000000000 |         -0.1 |  0.000000002  0.000000003, -0.000000070 -0.000000350
MOVE:  059 |  0.000000000  0.000000561 -0.000000000  0.000002816 -0.000000000  0.000000000 |         -0.1 |  0.000000011  0.000000005,  0.000000027 -0.000000377
CONST: 059 | 51 5.9e-05 -4.44394e-05 4.1e-05 0.000192816 -0.000114 0

ABS:   060 |  0.000059000 -0.000044439  0.000041000  0.000187184 -0.000114000  0.000000000 |         58.2 | -0.000001422  0.000050869, -0.000016512  0.000553666
DIFF:  060 |  0.000000000  0.000000000  0.000000000 -0.000005631  0.000000000  0.000000000 |          0.0 | -0.000000004 -0.000000007,  0.000000262  0.000000185
MOVE:  060 |  0.000000000  0.000000561 -0.000000000 -0.000002816 -0.000000000  0.000000000 |         -0.0 |  0.000000006 -0.000000002,  0.000000289 -0.000000193
CONST: 060 | 51 5.9e-05 -4.44394e-05 4.1e-05 0.000187184 -0.000114 0

ABS:   061 |  0.000059000 -0.000044439  0.000041000  0.000190282 -0.000114000  0.000000000 |         58.2 | -0.000001419  0.000050873, -0.000016549  0.000553487
DIFF:  061 |  0.000000000  0.000000000  0.000000000  0.000003097  0.000000000  0.000000000 |         -0.0 |  0.000000002  0.000000004, -0.000000037 -0.000000179
MOVE:  061 |  0.000000000  0.000000561 -0.000000000  0.000000282 -0.000000000  0.000000000 |         -0.1 |  0.000000009  0.000000002,  0.000000252 -0.000000371
CONST: 061 | 51 5.9e-05 -4.44394e-05 4.1e-05 0.000190282 -0.000114 0

ABS:   062 |  0.000059000 -0.000044439  0.000041000  0.000189718 -0.000114000  0.000000000 |         58.2 | -0.000001420  0.000050872, -0.000016499  0.000553488
DIFF:  062 |  0.000000000  0.000000000  0.000000000 -0.000000563  0.000000000  0.000000000 |         -0.0 | -0.000000000 -0.000000001,  0.000000050  0.000000001
MOVE:  062 |  0.000000000  0.000000561 -0.000000000 -0.000000282 -0.000000000  0.000000000 |         -0.1 |  0.000000008  0.000000001,  0.000000301 -0.000000370
CONST: 062 | 51 5.9e-05 -4.44394e-05 4.1e-05 0.000189718 -0.000114 0

ABS:   063 |  0.000059000 -0.000044439  0.000041000  0.000192816 -0.000114000  0.000000000 |         58.2 | -0.000001417  0.000050876, -0.000016774  0.000553481
DIFF:  063 |  0.000000000  0.000000000  0.000000000  0.000003097  0.000000000  0.000000000 |          0.0 |  0.000000002  0.000000004, -0.000000274 -0.000000007
MOVE:  063 |  0.000000000  0.000000561 -0.000000000  0.000002816 -0.000000000  0.000000000 |         -0.1 |  0.000000011  0.000000005,  0.000000027 -0.000000377
CONST: 063 | 51 5.9e-05 -4.44394e-05 4.1e-05 0.000192816 -0.000114 0

ABS:   064 |  0.000059000 -0.000044439  0.000041000  0.000187184 -0.000114000  0.000000000 |         58.2 | -0.000001422  0.000050869, -0.000016512  0.000553666
DIFF:  064 |  0.000000000  0.000000000  0.000000000 -0.000005631  0.000000000  0.000000000 |          0.0 | -0.000000004 -0.000000007,  0.000000262  0.000000185
MOVE:  064 |  0.000000000  0.000000561 -0.000000000 -0.000002816 -0.000000000  0.000000000 |         -0.0 |  0.000000006 -0.000000002,  0.000000289 -0.000000193
CONST: 064 | 51 5.9e-05 -4.44394e-05 4.1e-05 0.000187184 -0.000114 0

ABS:   065 |  0.000059000 -0.000044439  0.000041000  0.000190000 -0.000113322  0.000000000 |         58.2 | -0.000001404  0.000050874, -0.000016525  0.000553487
DIFF:  065 |  0.000000000  0.000000000  0.000000000  0.000002816  0.000000678  0.000000000 |         -0.0 |  0.000000018  0.000000005, -0.000000013 -0.000000178
MOVE:  065 |  0.000000000  0.000000561 -0.000000000  0.000000000  0.000000678  0.000000000 |         -0.1 |  0.000000024  0.000000004,  0.000000276 -0.000000371
CONST: 065 | 51 5.9e-05 -4.44394e-05 4.1e-05 0.00019 -0.000113322 0

