ABS:   itr |       deltaX       deltaY       deltaZ         phiX         phiY         phiZ |        chisq |    rphi mean     rphi rms,       z mean        z rms
ABS:   =========================================================================================================================================================
DIFF:  itr |       deltaX       deltaY       deltaZ         phiX         phiY         phiZ |        chisq |    rphi mean     rphi rms,       z mean        z rms
DIFF:  =========================================================================================================================================================
MOVE:  itr |       deltaX       deltaY       deltaZ         phiX         phiY         phiZ |        chisq |    rphi mean     rphi rms,       z mean        z rms
MOVE:  =========================================================================================================================================================
ABS:   001 |  0.000018000  0.000100000  0.000145000  0.000900000  0.000229000  0.000000000 |         85.8 | -0.000008722  0.000062492,  0.000006477  0.000561694
CONST: 001 | 9 1.8e-05 0.0001 0.000145 0.0009 0.000229 0

ABS:   001 |  0.000018000  0.000100000  0.000145000  0.000900000  0.000229000  0.000000000 |         85.8 | -0.000008722  0.000062492,  0.000006477  0.000561694
CONST: 001 | 9 1.8e-05 0.0001 0.000145 0.0009 0.000229 0

ABS:   002 |  0.000018100  0.000100000  0.000145000  0.000900000  0.000229000  0.000000000 |         85.8 | -0.000008622  0.000062492,  0.000006477  0.000561694
DIFF:  002 |  0.000000100  0.000000000 -0.000000000 -0.000000000  0.000000000  0.000000000 |         -0.0 |  0.000000100  0.000000000, -0.000000000 -0.000000000
MOVE:  002 |  0.000000100  0.000000000 -0.000000000 -0.000000000  0.000000000  0.000000000 |         -0.0 |  0.000000100  0.000000000, -0.000000000 -0.000000000
CONST: 002 | 9 1.81e-05 0.0001 0.000145 0.0009 0.000229 0

ABS:   003 |  0.000017900  0.000100000  0.000145000  0.000900000  0.000229000  0.000000000 |         85.8 | -0.000008822  0.000062492,  0.000006477  0.000561694
DIFF:  003 | -0.000000200  0.000000000  0.000000000  0.000000000  0.000000000  0.000000000 |          0.0 | -0.000000200 -0.000000000,  0.000000000  0.000000000
MOVE:  003 | -0.000000100  0.000000000 -0.000000000 -0.000000000  0.000000000  0.000000000 |          0.0 | -0.000000100 -0.000000000,  0.000000000  0.000000000
CONST: 003 | 9 1.79e-05 0.0001 0.000145 0.0009 0.000229 0

ABS:   004 |  0.000018458  0.000100000  0.000145000  0.000900000  0.000229000  0.000000000 |         85.8 | -0.000008264  0.000062492,  0.000006476  0.000561694
DIFF:  004 |  0.000000558  0.000000000  0.000000000  0.000000000  0.000000000  0.000000000 |         -0.0 |  0.000000558  0.000000000, -0.000000000 -0.000000000
MOVE:  004 |  0.000000458  0.000000000 -0.000000000 -0.000000000  0.000000000  0.000000000 |         -0.0 |  0.000000458  0.000000000, -0.000000000 -0.000000000
CONST: 004 | 9 1.84575e-05 0.0001 0.000145 0.0009 0.000229 0

ABS:   005 |  0.000017542  0.000100000  0.000145000  0.000900000  0.000229000  0.000000000 |         85.8 | -0.000009179  0.000062492,  0.000006477  0.000561694
DIFF:  005 | -0.000000915  0.000000000  0.000000000  0.000000000  0.000000000  0.000000000 |          0.0 | -0.000000915 -0.000000000,  0.000000000  0.000000000
MOVE:  005 | -0.000000458  0.000000000 -0.000000000 -0.000000000  0.000000000  0.000000000 |          0.0 | -0.000000458 -0.000000000,  0.000000000 -0.000000000
CONST: 005 | 9 1.75425e-05 0.0001 0.000145 0.0009 0.000229 0

ABS:   006 |  0.000018000  0.000100100  0.000145000  0.000900000  0.000229000  0.000000000 |         85.8 | -0.000008714  0.000062492,  0.000006451  0.000561694
DIFF:  006 |  0.000000458  0.000000100  0.000000000  0.000000000  0.000000000  0.000000000 |         -0.0 |  0.000000466  0.000000001, -0.000000026  0.000000000
MOVE:  006 |  0.000000000  0.000000100 -0.000000000 -0.000000000  0.000000000  0.000000000 |          0.0 |  0.000000008  0.000000001, -0.000000026  0.000000000
CONST: 006 | 9 1.8e-05 0.0001001 0.000145 0.0009 0.000229 0

ABS:   007 |  0.000018000  0.000099900  0.000145000  0.000900000  0.000229000  0.000000000 |         85.8 | -0.000008730  0.000062491,  0.000006502  0.000561693
DIFF:  007 |  0.000000000 -0.000000200  0.000000000  0.000000000  0.000000000  0.000000000 |         -0.0 | -0.000000017 -0.000000001,  0.000000052 -0.000000001
MOVE:  007 |  0.000000000 -0.000000100 -0.000000000 -0.000000000  0.000000000  0.000000000 |         -0.0 | -0.000000008 -0.000000001,  0.000000026 -0.000000000
CONST: 007 | 9 1.8e-05 9.99e-05 0.000145 0.0009 0.000229 0

ABS:   008 |  0.000018000  0.000100299  0.000145000  0.000900000  0.000229000  0.000000000 |         85.8 | -0.000008697  0.000062493,  0.000006543  0.000561798
DIFF:  008 |  0.000000000  0.000000399  0.000000000  0.000000000  0.000000000  0.000000000 |          0.0 |  0.000000033  0.000000003,  0.000000041  0.000000105
MOVE:  008 |  0.000000000  0.000000299 -0.000000000 -0.000000000  0.000000000  0.000000000 |          0.0 |  0.000000025  0.000000002,  0.000000067  0.000000104
CONST: 008 | 9 1.8e-05 0.000100299 0.000145 0.0009 0.000229 0

ABS:   009 |  0.000018000  0.000099701  0.000145000  0.000900000  0.000229000  0.000000000 |         85.8 | -0.000008747  0.000062490,  0.000006554  0.000561692
DIFF:  009 |  0.000000000 -0.000000598  0.000000000  0.000000000  0.000000000  0.000000000 |         -0.0 | -0.000000050 -0.000000004,  0.000000010 -0.000000106
MOVE:  009 |  0.000000000 -0.000000299 -0.000000000 -0.000000000  0.000000000  0.000000000 |         -0.0 | -0.000000025 -0.000000002,  0.000000077 -0.000000001
CONST: 009 | 9 1.8e-05 9.97009e-05 0.000145 0.0009 0.000229 0

ABS:   010 |  0.000018000  0.000100030  0.000145000  0.000900000  0.000229000  0.000000000 |         85.8 | -0.000008719  0.000062492,  0.000006469  0.000561694
DIFF:  010 |  0.000000000  0.000000329  0.000000000  0.000000000  0.000000000  0.000000000 |          0.0 |  0.000000028  0.000000002, -0.000000085  0.000000001
MOVE:  010 |  0.000000000  0.000000030 -0.000000000 -0.000000000  0.000000000  0.000000000 |          0.0 |  0.000000003  0.000000000, -0.000000008  0.000000000
CONST: 010 | 9 1.8e-05 0.00010003 0.000145 0.0009 0.000229 0

ABS:   011 |  0.000018000  0.000099970  0.000145000  0.000900000  0.000229000  0.000000000 |         85.8 | -0.000008724  0.000062491,  0.000006484  0.000561694
DIFF:  011 |  0.000000000 -0.000000060  0.000000000  0.000000000  0.000000000  0.000000000 |         -0.0 | -0.000000005 -0.000000000,  0.000000015 -0.000000000
MOVE:  011 |  0.000000000 -0.000000030 -0.000000000 -0.000000000  0.000000000  0.000000000 |         -0.0 | -0.000000003 -0.000000000,  0.000000008 -0.000000000
CONST: 011 | 9 1.8e-05 9.99701e-05 0.000145 0.0009 0.000229 0

ABS:   012 |  0.000018000  0.000100000  0.000150002  0.000900000  0.000229000  0.000000000 |         85.8 | -0.000008723  0.000062492,  0.000004945  0.000561868
DIFF:  012 |  0.000000000  0.000000030  0.000005002  0.000000000  0.000000000  0.000000000 |          0.1 |  0.000000002  0.000000000, -0.000001540  0.000000175
MOVE:  012 |  0.000000000  0.000000000  0.000005002 -0.000000000  0.000000000  0.000000000 |          0.1 | -0.000000001  0.000000000, -0.000001532  0.000000175
CONST: 012 | 9 1.8e-05 0.0001 0.000150002 0.0009 0.000229 0

ABS:   013 |  0.000018000  0.000100000  0.000139998  0.000900000  0.000229000  0.000000000 |         86.4 | -0.000008721  0.000062492,  0.000008717  0.000563296
DIFF:  013 |  0.000000000  0.000000000 -0.000010004  0.000000000  0.000000000  0.000000000 |          0.6 |  0.000000002 -0.000000000,  0.000003772  0.000001428
MOVE:  013 |  0.000000000  0.000000000 -0.000005002 -0.000000000  0.000000000  0.000000000 |          0.7 |  0.000000001 -0.000000000,  0.000002241  0.000001603
CONST: 013 | 9 1.8e-05 0.0001 0.000139998 0.0009 0.000229 0

ABS:   014 |  0.000018000  0.000100000  0.000145500  0.000900000  0.000229000  0.000000000 |         85.7 | -0.000008722  0.000062492,  0.000006411  0.000561584
DIFF:  014 |  0.000000000  0.000000000  0.000005502  0.000000000  0.000000000  0.000000000 |         -0.7 | -0.000000001  0.000000000, -0.000002306 -0.000001713
MOVE:  014 |  0.000000000  0.000000000  0.000000500 -0.000000000  0.000000000  0.000000000 |         -0.0 | -0.000000000  0.000000000, -0.000000065 -0.000000110
CONST: 014 | 9 1.8e-05 0.0001 0.0001455 0.0009 0.000229 0

ABS:   015 |  0.000018000  0.000100000  0.000144500  0.000900000  0.000229000  0.000000000 |         85.8 | -0.000008722  0.000062492,  0.000006831  0.000561800
DIFF:  015 |  0.000000000  0.000000000 -0.000001000  0.000000000  0.000000000  0.000000000 |          0.1 |  0.000000000 -0.000000000,  0.000000420  0.000000216
MOVE:  015 |  0.000000000  0.000000000 -0.000000500 -0.000000000  0.000000000  0.000000000 |          0.0 |  0.000000000 -0.000000000,  0.000000355  0.000000106
CONST: 015 | 9 1.8e-05 0.0001 0.0001445 0.0009 0.000229 0

ABS:   016 |  0.000018000  0.000100000  0.000145000  0.000904000  0.000229000  0.000000000 |         85.8 | -0.000008722  0.000062488,  0.000006351  0.000561695
DIFF:  016 |  0.000000000  0.000000000  0.000000500  0.000004000  0.000000000  0.000000000 |         -0.0 | -0.000000000 -0.000000004, -0.000000481 -0.000000105
MOVE:  016 |  0.000000000  0.000000000 -0.000000000  0.000004000  0.000000000  0.000000000 |         -0.0 | -0.000000000 -0.000000004, -0.000000126  0.000000001
CONST: 016 | 9 1.8e-05 0.0001 0.000145 0.000904 0.000229 0

ABS:   017 |  0.000018000  0.000100000  0.000145000  0.000896000  0.000229000  0.000000000 |         85.8 | -0.000008722  0.000062495,  0.000006602  0.000561692
DIFF:  017 |  0.000000000  0.000000000  0.000000000 -0.000008000  0.000000000  0.000000000 |          0.0 |  0.000000000  0.000000008,  0.000000252 -0.000000003
MOVE:  017 |  0.000000000  0.000000000 -0.000000000 -0.000004000  0.000000000  0.000000000 |          0.0 |  0.000000000  0.000000004,  0.000000126 -0.000000001
CONST: 017 | 9 1.8e-05 0.0001 0.000145 0.000896 0.000229 0

ABS:   018 |  0.000018000  0.000100000  0.000145000  0.000907546  0.000229000  0.000000000 |         85.8 | -0.000008722  0.000062484,  0.000006529  0.000561693
DIFF:  018 |  0.000000000  0.000000000  0.000000000  0.000011546  0.000000000  0.000000000 |         -0.0 | -0.000000000 -0.000000011, -0.000000074  0.000000000
MOVE:  018 |  0.000000000  0.000000000 -0.000000000  0.000007546  0.000000000  0.000000000 |         -0.0 | -0.000000000 -0.000000007,  0.000000052 -0.000000001
CONST: 018 | 9 1.8e-05 0.0001 0.000145 0.000907546 0.000229 0

ABS:   019 |  0.000018000  0.000100000  0.000145000  0.000892454  0.000229000  0.000000000 |         85.8 | -0.000008722  0.000062499,  0.000006714  0.000561691
DIFF:  019 |  0.000000000  0.000000000  0.000000000 -0.000015093  0.000000000  0.000000000 |          0.0 |  0.000000000  0.000000014,  0.000000185 -0.000000002
MOVE:  019 |  0.000000000  0.000000000 -0.000000000 -0.000007546  0.000000000  0.000000000 |          0.0 |  0.000000000  0.000000007,  0.000000237 -0.000000002
CONST: 019 | 9 1.8e-05 0.0001 0.000145 0.000892454 0.000229 0

ABS:   020 |  0.000018000  0.000100000  0.000145000  0.000900000  0.000239001  0.000000000 |         85.8 | -0.000008519  0.000062498,  0.000006519  0.000561695
DIFF:  020 |  0.000000000  0.000000000  0.000000000  0.000007546  0.000010001  0.000000000 |          0.0 |  0.000000203 -0.000000001, -0.000000195  0.000000003
MOVE:  020 |  0.000000000  0.000000000 -0.000000000 -0.000000000  0.000010001  0.000000000 |          0.0 |  0.000000203  0.000000007,  0.000000043  0.000000001
CONST: 020 | 9 1.8e-05 0.0001 0.000145 0.0009 0.000239001 0

ABS:   021 |  0.000018000  0.000100000  0.000145000  0.000900000  0.000218999  0.000000000 |         85.8 | -0.000008925  0.000062486,  0.000006434  0.000561693
DIFF:  021 |  0.000000000  0.000000000  0.000000000  0.000000000 -0.000020001  0.000000000 |         -0.0 | -0.000000406 -0.000000012, -0.000000085 -0.000000002
MOVE:  021 |  0.000000000  0.000000000 -0.000000000 -0.000000000 -0.000010001  0.000000000 |         -0.0 | -0.000000203 -0.000000006, -0.000000043 -0.000000001
CONST: 021 | 9 1.8e-05 0.0001 0.000145 0.0009 0.000218999 0

ABS:   022 |  0.000018000  0.000100000  0.000145000  0.000900000  0.000229000  0.000002000 |         85.8 | -0.000008723  0.000062492,  0.000006473  0.000561694
DIFF:  022 |  0.000000000  0.000000000  0.000000000  0.000000000  0.000010001  0.000002000 |          0.0 |  0.000000201  0.000000006,  0.000000039  0.000000001
MOVE:  022 |  0.000000000  0.000000000 -0.000000000 -0.000000000  0.000000000  0.000002000 |          0.0 | -0.000000002  0.000000000, -0.000000004  0.000000000
CONST: 022 | 9 1.8e-05 0.0001 0.000145 0.0009 0.000229 2.00001e-06

ABS:   023 |  0.000018000  0.000100000  0.000145000  0.000900000  0.000229000 -0.000002000 |         85.8 | -0.000008720  0.000062491,  0.000006480  0.000561694
DIFF:  023 |  0.000000000  0.000000000  0.000000000  0.000000000  0.000000000 -0.000004000 |         -0.0 |  0.000000003 -0.000000001,  0.000000007 -0.000000000
MOVE:  023 |  0.000000000  0.000000000 -0.000000000 -0.000000000  0.000000000 -0.000002000 |         -0.0 |  0.000000002 -0.000000000,  0.000000004 -0.000000000
CONST: 023 | 9 1.8e-05 0.0001 0.000145 0.0009 0.000229 -2.00001e-06

ABS:   024 |  0.000018000  0.000100000  0.000145000  0.000900000  0.000229000  0.000020000 |         85.8 | -0.000008737  0.000062496,  0.000006439  0.000561694
DIFF:  024 |  0.000000000  0.000000000  0.000000000  0.000000000  0.000000000  0.000022000 |          0.0 | -0.000000017  0.000000005, -0.000000041  0.000000001
MOVE:  024 |  0.000000000  0.000000000 -0.000000000 -0.000000000  0.000000000  0.000020000 |          0.0 | -0.000000015  0.000000005, -0.000000037  0.000000001
CONST: 024 | 9 1.8e-05 0.0001 0.000145 0.0009 0.000229 2.00001e-05

ABS:   025 |  0.000018000  0.000100000  0.000145000  0.000900000  0.000229000 -0.000020000 |         85.8 | -0.000008707  0.000062487,  0.000006514  0.000561693
DIFF:  025 |  0.000000000  0.000000000  0.000000000  0.000000000  0.000000000 -0.000040000 |         -0.0 |  0.000000031 -0.000000010,  0.000000075 -0.000000002
MOVE:  025 |  0.000000000  0.000000000 -0.000000000 -0.000000000  0.000000000 -0.000020000 |         -0.0 |  0.000000015 -0.000000005,  0.000000037 -0.000000001
CONST: 025 | 9 1.8e-05 0.0001 0.000145 0.0009 0.000229 -2.00001e-05

ABS:   026 |  0.000026726  0.000099306  0.000512373  0.000963901  0.000141332 -0.000551910 |         87.0 | -0.000005077  0.000061481, -0.000159022  0.000556197
DIFF:  026 |  0.000008726 -0.000000694  0.000367373  0.000063901 -0.000087668 -0.000531910 |          1.3 |  0.000003629 -0.000001006, -0.000165537 -0.000005496
MOVE:  026 |  0.000008726 -0.000000694  0.000367373  0.000063901 -0.000087668 -0.000551910 |          1.3 |  0.000003644 -0.000001011, -0.000165499 -0.000005496
CONST: 026 | 9 2.67259e-05 9.93056e-05 0.000512373 0.000963901 0.000141332 -0.00055191

ABS:   027 |  0.000022202  0.000099666  0.000321930  0.000930770  0.000186786 -0.000265764 |         85.7 | -0.000005901  0.000062815, -0.000077990  0.000559061
DIFF:  027 | -0.000004524  0.000000360 -0.000190443 -0.000033131  0.000045453  0.000286147 |         -1.3 | -0.000000824  0.000001335,  0.000081032  0.000002864
MOVE:  027 |  0.000004202 -0.000000334  0.000176930  0.000030770 -0.000042214 -0.000265764 |         -0.0 |  0.000002821  0.000000324, -0.000084467 -0.000002633
CONST: 027 | 9 2.22018e-05 9.96656e-05 0.00032193 0.00093077 0.000186786 -0.000265764

ABS:   028 |  0.000020261  0.000099820  0.000240219  0.000916559  0.000206282 -0.000143022 |         85.6 | -0.000006840  0.000062430, -0.000038141  0.000560716
DIFF:  028 | -0.000001941  0.000000154 -0.000081711 -0.000014211  0.000019497  0.000122742 |         -0.1 | -0.000000939 -0.000000385,  0.000039849  0.000001655
MOVE:  028 |  0.000002261 -0.000000180  0.000095219  0.000016559 -0.000022718 -0.000143022 |         -0.2 |  0.000001882 -0.000000061, -0.000044618 -0.000000977
CONST: 028 | 9 2.02612e-05 9.98201e-05 0.000240219 0.000916559 0.000206282 -0.000143022

ABS:   029 |  0.000020718  0.000099820  0.000240219  0.000916559  0.000206282 -0.000143022 |         85.6 | -0.000006383  0.000062430, -0.000038141  0.000560716
DIFF:  029 |  0.000000457  0.000000000  0.000000000  0.000000000  0.000000000  0.000000000 |         -0.0 |  0.000000457  0.000000000, -0.000000000  0.000000000
MOVE:  029 |  0.000002718 -0.000000180  0.000095219  0.000016559 -0.000022718 -0.000143022 |         -0.2 |  0.000002339 -0.000000061, -0.000044618 -0.000000977
CONST: 029 | 9 2.07183e-05 9.98201e-05 0.000240219 0.000916559 0.000206282 -0.000143022

ABS:   030 |  0.000019804  0.000099820  0.000240219  0.000916559  0.000206282 -0.000143022 |         85.6 | -0.000007297  0.000062430, -0.000038141  0.000560716
DIFF:  030 | -0.000000914  0.000000000  0.000000000  0.000000000  0.000000000  0.000000000 |          0.0 | -0.000000914 -0.000000000,  0.000000000 -0.000000000
MOVE:  030 |  0.000001804 -0.000000180  0.000095219  0.000016559 -0.000022718 -0.000143022 |         -0.2 |  0.000001425 -0.000000061, -0.000044618 -0.000000977
CONST: 030 | 9 1.98041e-05 9.98201e-05 0.000240219 0.000916559 0.000206282 -0.000143022

ABS:   031 |  0.000020261  0.000100119  0.000240219  0.000916559  0.000206282 -0.000143022 |         85.6 | -0.000006815  0.000062432, -0.000038217  0.000560719
DIFF:  031 |  0.000000457  0.000000299  0.000000000  0.000000000  0.000000000  0.000000000 |          0.0 |  0.000000482  0.000000002, -0.000000076  0.000000003
MOVE:  031 |  0.000002261  0.000000119  0.000095219  0.000016559 -0.000022718 -0.000143022 |         -0.2 |  0.000001907 -0.000000059, -0.000044694 -0.000000975
CONST: 031 | 9 2.02612e-05 0.000100119 0.000240219 0.000916559 0.000206282 -0.000143022

ABS:   032 |  0.000020261  0.000099521  0.000240219  0.000916559  0.000206282 -0.000143022 |         85.6 | -0.000006865  0.000062428, -0.000038065  0.000560714
DIFF:  032 |  0.000000000 -0.000000598  0.000000000  0.000000000  0.000000000  0.000000000 |         -0.0 | -0.000000050 -0.000000004,  0.000000152 -0.000000005
MOVE:  032 |  0.000002261 -0.000000479  0.000095219  0.000016559 -0.000022718 -0.000143022 |         -0.2 |  0.000001857 -0.000000064, -0.000044542 -0.000000980
CONST: 032 | 9 2.02612e-05 9.95213e-05 0.000240219 0.000916559 0.000206282 -0.000143022

ABS:   033 |  0.000020261  0.000099820  0.000240630  0.000916559  0.000206282 -0.000143022 |         85.6 | -0.000006840  0.000062430, -0.000038413  0.000560621
DIFF:  033 |  0.000000000  0.000000299  0.000000411  0.000000000  0.000000000  0.000000000 |         -0.0 |  0.000000025  0.000000002, -0.000000347 -0.000000093
MOVE:  033 |  0.000002261 -0.000000180  0.000095630  0.000016559 -0.000022718 -0.000143022 |         -0.2 |  0.000001882 -0.000000061, -0.000044889 -0.000001073
CONST: 033 | 9 2.02612e-05 9.98201e-05 0.00024063 0.000916559 0.000206282 -0.000143022

ABS:   034 |  0.000020261  0.000099820  0.000239807  0.000916559  0.000206282 -0.000143022 |         85.6 | -0.000006840  0.000062430, -0.000037870  0.000560812
DIFF:  034 |  0.000000000  0.000000000 -0.000000823  0.000000000  0.000000000  0.000000000 |          0.1 |  0.000000000 -0.000000000,  0.000000543  0.000000191
MOVE:  034 |  0.000002261 -0.000000180  0.000094807  0.000016559 -0.000022718 -0.000143022 |         -0.1 |  0.000001882 -0.000000061, -0.000044347 -0.000000882
CONST: 034 | 9 2.02612e-05 9.98201e-05 0.000239807 0.000916559 0.000206282 -0.000143022

ABS:   035 |  0.000020261  0.000099820  0.000240219  0.000926974  0.000206282 -0.000143022 |         85.6 | -0.000006840  0.000062421, -0.000038330  0.000560621
DIFF:  035 |  0.000000000  0.000000000  0.000000411  0.000010415  0.000000000  0.000000000 |         -0.1 | -0.000000000 -0.000000009, -0.000000460 -0.000000191
MOVE:  035 |  0.000002261 -0.000000180  0.000095219  0.000026974 -0.000022718 -0.000143022 |         -0.2 |  0.000001882 -0.000000071, -0.000044806 -0.000001072
CONST: 035 | 9 2.02612e-05 9.98201e-05 0.000240219 0.000926974 0.000206282 -0.000143022

ABS:   036 |  0.000020261  0.000099820  0.000240219  0.000906144  0.000206282 -0.000143022 |         85.6 | -0.000006840  0.000062440, -0.000037953  0.000560811
DIFF:  036 |  0.000000000  0.000000000  0.000000000 -0.000020831  0.000000000  0.000000000 |          0.1 |  0.000000000  0.000000019,  0.000000377  0.000000190
MOVE:  036 |  0.000002261 -0.000000180  0.000095219  0.000006144 -0.000022718 -0.000143022 |         -0.1 |  0.000001882 -0.000000052, -0.000044429 -0.000000883
CONST: 036 | 9 2.02612e-05 9.98201e-05 0.000240219 0.000906144 0.000206282 -0.000143022

ABS:   037 |  0.000020261  0.000099820  0.000240219  0.000916559  0.000220049 -0.000143022 |         85.6 | -0.000007237  0.000062858, -0.000038083  0.000560718
DIFF:  037 |  0.000000000  0.000000000  0.000000000  0.000010415  0.000013767  0.000000000 |         -0.0 | -0.000000397  0.000000419, -0.000000130 -0.000000093
MOVE:  037 |  0.000002261 -0.000000180  0.000095219  0.000016559 -0.000008951 -0.000143022 |         -0.1 |  0.000001485  0.000000367, -0.000044559 -0.000000976
CONST: 037 | 9 2.02612e-05 9.98201e-05 0.000240219 0.000916559 0.000220049 -0.000143022

ABS:   038 |  0.000020261  0.000099820  0.000240219  0.000916559  0.000192516 -0.000143022 |         85.6 | -0.000007118  0.000062426, -0.000038200  0.000560715
DIFF:  038 |  0.000000000  0.000000000  0.000000000  0.000000000 -0.000027534  0.000000000 |         -0.0 |  0.000000119 -0.000000432, -0.000000118 -0.000000003
MOVE:  038 |  0.000002261 -0.000000180  0.000095219  0.000016559 -0.000036484 -0.000143022 |         -0.2 |  0.000001604 -0.000000065, -0.000044677 -0.000000979
CONST: 038 | 9 2.02612e-05 9.98201e-05 0.000240219 0.000916559 0.000192516 -0.000143022

ABS:   039 |  0.000020261  0.000099820  0.000240219  0.000916559  0.000207659 -0.000143022 |         85.6 | -0.000006812  0.000062431, -0.000038135  0.000560716
DIFF:  039 |  0.000000000  0.000000000  0.000000000  0.000000000  0.000015143  0.000000000 |         -0.0 |  0.000000306  0.000000004,  0.000000065  0.000000001
MOVE:  039 |  0.000002261 -0.000000180  0.000095219  0.000016559 -0.000021341 -0.000143022 |         -0.2 |  0.000001910 -0.000000061, -0.000044612 -0.000000977
CONST: 039 | 9 2.02612e-05 9.98201e-05 0.000240219 0.000916559 0.000207659 -0.000143022

ABS:   040 |  0.000020261  0.000099820  0.000240219  0.000916559  0.000204906 -0.000143022 |         85.6 | -0.000006868  0.000062430, -0.000038147  0.000560716
DIFF:  040 |  0.000000000  0.000000000  0.000000000  0.000000000 -0.000002753  0.000000000 |          0.0 | -0.000000056 -0.000000001, -0.000000012 -0.000000000
MOVE:  040 |  0.000002261 -0.000000180  0.000095219  0.000016559 -0.000024094 -0.000143022 |         -0.2 |  0.000001854 -0.000000062, -0.000044624 -0.000000978
CONST: 040 | 9 2.02612e-05 9.98201e-05 0.000240219 0.000916559 0.000204906 -0.000143022

ABS:   041 |  0.000020261  0.000099820  0.000240219  0.000916559  0.000220049 -0.000143022 |         85.6 | -0.000007237  0.000062858, -0.000038083  0.000560718
DIFF:  041 |  0.000000000  0.000000000  0.000000000  0.000000000  0.000015143  0.000000000 |          0.0 | -0.000000369  0.000000429,  0.000000065  0.000000001
MOVE:  041 |  0.000002261 -0.000000180  0.000095219  0.000016559 -0.000008951 -0.000143022 |         -0.1 |  0.000001485  0.000000367, -0.000044559 -0.000000976
CONST: 041 | 9 2.02612e-05 9.98201e-05 0.000240219 0.000916559 0.000220049 -0.000143022

ABS:   042 |  0.000020261  0.000099820  0.000240219  0.000916559  0.000192516 -0.000143022 |         85.6 | -0.000007118  0.000062426, -0.000038200  0.000560715
DIFF:  042 |  0.000000000  0.000000000  0.000000000  0.000000000 -0.000027534  0.000000000 |         -0.0 |  0.000000119 -0.000000432, -0.000000118 -0.000000003
MOVE:  042 |  0.000002261 -0.000000180  0.000095219  0.000016559 -0.000036484 -0.000143022 |         -0.2 |  0.000001604 -0.000000065, -0.000044677 -0.000000979
CONST: 042 | 9 2.02612e-05 9.98201e-05 0.000240219 0.000916559 0.000192516 -0.000143022

ABS:   043 |  0.000020261  0.000099820  0.000240219  0.000916559  0.000206282 -0.000094183 |         85.6 | -0.000006877  0.000062442, -0.000038232  0.000560719
DIFF:  043 |  0.000000000  0.000000000  0.000000000  0.000000000  0.000013767  0.000048838 |          0.0 |  0.000000241  0.000000016, -0.000000032  0.000000005
MOVE:  043 |  0.000002261 -0.000000180  0.000095219  0.000016559 -0.000022718 -0.000094183 |         -0.2 |  0.000001845 -0.000000050, -0.000044709 -0.000000974
CONST: 043 | 9 2.02612e-05 9.98201e-05 0.000240219 0.000916559 0.000206282 -9.41832e-05

ABS:   044 |  0.000020261  0.000099820  0.000240219  0.000916559  0.000206282 -0.000191860 |         85.6 | -0.000006803  0.000062419, -0.000038051  0.000560713
DIFF:  044 |  0.000000000  0.000000000  0.000000000  0.000000000  0.000000000 -0.000097677 |         -0.0 |  0.000000075 -0.000000023,  0.000000181 -0.000000006
MOVE:  044 |  0.000002261 -0.000000180  0.000095219  0.000016559 -0.000022718 -0.000191860 |         -0.2 |  0.000001919 -0.000000073, -0.000044527 -0.000000981
CONST: 044 | 9 2.02612e-05 9.98201e-05 0.000240219 0.000916559 0.000206282 -0.00019186

ABS:   045 |  0.000020261  0.000099820  0.000240219  0.000916559  0.000206282 -0.000006959 |         85.7 | -0.000006944  0.000062463, -0.000038244  0.000560840
DIFF:  045 |  0.000000000  0.000000000  0.000000000  0.000000000  0.000000000  0.000184901 |          0.1 | -0.000000141  0.000000044, -0.000000193  0.000000127
MOVE:  045 |  0.000002261 -0.000000180  0.000095219  0.000016559 -0.000022718 -0.000006959 |         -0.1 |  0.000001778 -0.000000029, -0.000044720 -0.000000853
CONST: 045 | 9 2.02612e-05 9.98201e-05 0.000240219 0.000916559 0.000206282 -6.95929e-06

ABS:   046 |  0.000020261  0.000099820  0.000240219  0.000916559  0.000206282 -0.000279083 |         85.6 | -0.000006736  0.000062398, -0.000037889  0.000560708
DIFF:  046 |  0.000000000  0.000000000  0.000000000  0.000000000  0.000000000 -0.000272123 |         -0.1 |  0.000000208 -0.000000064,  0.000000355 -0.000000133
MOVE:  046 |  0.000002261 -0.000000180  0.000095219  0.000016559 -0.000022718 -0.000279083 |         -0.2 |  0.000001986 -0.000000094, -0.000044365 -0.000000986
CONST: 046 | 9 2.02612e-05 9.98201e-05 0.000240219 0.000916559 0.000206282 -0.000279083

ABS:   047 |  0.000020261  0.000099820  0.000240219  0.000916559  0.000206282 -0.000129415 |         85.6 | -0.000006850  0.000062433, -0.000038167  0.000560717
DIFF:  047 |  0.000000000  0.000000000  0.000000000  0.000000000  0.000000000  0.000149667 |          0.0 | -0.000000114  0.000000035, -0.000000278  0.000000009
MOVE:  047 |  0.000002261 -0.000000180  0.000095219  0.000016559 -0.000022718 -0.000129415 |         -0.2 |  0.000001872 -0.000000058, -0.000044643 -0.000000977
CONST: 047 | 9 2.02612e-05 9.98201e-05 0.000240219 0.000916559 0.000206282 -0.000129415

ABS:   048 |  0.000020261  0.000099820  0.000240219  0.000916559  0.000206282 -0.000156628 |         85.6 | -0.000006830  0.000062427, -0.000038116  0.000560715
DIFF:  048 |  0.000000000  0.000000000  0.000000000  0.000000000  0.000000000 -0.000027212 |         -0.0 |  0.000000021 -0.000000006,  0.000000051 -0.000000002
MOVE:  048 |  0.000002261 -0.000000180  0.000095219  0.000016559 -0.000022718 -0.000156628 |         -0.2 |  0.000001892 -0.000000065, -0.000044593 -0.000000978
CONST: 048 | 9 2.02612e-05 9.98201e-05 0.000240219 0.000916559 0.000206282 -0.000156628
