ABS:   itr |       deltaX       deltaY       deltaZ         phiX         phiY         phiZ |        chisq |    rphi mean     rphi rms,       z mean        z rms
ABS:   =========================================================================================================================================================
DIFF:  itr |       deltaX       deltaY       deltaZ         phiX         phiY         phiZ |        chisq |    rphi mean     rphi rms,       z mean        z rms
DIFF:  =========================================================================================================================================================
MOVE:  itr |       deltaX       deltaY       deltaZ         phiX         phiY         phiZ |        chisq |    rphi mean     rphi rms,       z mean        z rms
MOVE:  =========================================================================================================================================================
ABS:   001 |  0.000462000 -0.000000000  0.000362000 -0.001850000 -0.001114000  0.000000000 |          4.3 | -0.000023876  0.000055712,  0.000050404  0.000549108
CONST: 001 | 22 0.000462 -1.69407e-21 0.000362 -0.00185 -0.001114 0

ABS:   001 |  0.000462000 -0.000000000  0.000362000 -0.001850000 -0.001114000  0.000000000 |          4.3 | -0.000023876  0.000055712,  0.000050404  0.000549108
CONST: 001 | 22 0.000462 -1.69407e-21 0.000362 -0.00185 -0.001114 0

ABS:   002 |  0.000472000  0.000000000  0.000362000 -0.001850000 -0.001114000  0.000000000 |          4.3 | -0.000017969  0.000056881,  0.000050416  0.000549108
DIFF:  002 |  0.000010000  0.000000000 -0.000000000  0.000000000  0.000000000  0.000000000 |         -0.0 |  0.000005907  0.000001168,  0.000000011 -0.000000000
MOVE:  002 |  0.000010000  0.000000000 -0.000000000  0.000000000  0.000000000  0.000000000 |         -0.0 |  0.000005907  0.000001168,  0.000000011 -0.000000000
CONST: 002 | 22 0.000472 0 0.000362 -0.00185 -0.001114 0

ABS:   003 |  0.000452000  0.000000000  0.000362000 -0.001850000 -0.001114000  0.000000000 |          4.3 | -0.000029146  0.000055199,  0.000050393  0.000549108
DIFF:  003 | -0.000020000  0.000000000  0.000000000  0.000000000  0.000000000  0.000000000 |          0.0 | -0.000011177 -0.000001682, -0.000000022  0.000000000
MOVE:  003 | -0.000010000  0.000000000 -0.000000000  0.000000000  0.000000000  0.000000000 |          0.0 | -0.000005270 -0.000000513, -0.000000011  0.000000000
CONST: 003 | 22 0.000452 0 0.000362 -0.00185 -0.001114 0

ABS:   004 |  0.000561835  0.000000000  0.000362000 -0.001850000 -0.001114000  0.000000000 |          4.3 |  0.000034426  0.000051906,  0.000050516  0.000549108
DIFF:  004 |  0.000109835  0.000000000  0.000000000  0.000000000  0.000000000  0.000000000 |         -0.0 |  0.000063572 -0.000003293,  0.000000122 -0.000000000
MOVE:  004 |  0.000099835  0.000000000 -0.000000000  0.000000000  0.000000000  0.000000000 |         -0.0 |  0.000058302 -0.000003807,  0.000000111  0.000000000
CONST: 004 | 22 0.000561835 0 0.000362 -0.00185 -0.001114 0

ABS:   005 |  0.000362165  0.000000000  0.000362000 -0.001850000 -0.001114000  0.000000000 |          4.1 | -0.000057638  0.000052436,  0.000050293  0.000549108
DIFF:  005 | -0.000199670  0.000000000  0.000000000  0.000000000  0.000000000  0.000000000 |         -0.2 | -0.000092064  0.000000531, -0.000000222 -0.000000000
MOVE:  005 | -0.000099835  0.000000000 -0.000000000  0.000000000  0.000000000  0.000000000 |         -0.2 | -0.000033762 -0.000003276, -0.000000111 -0.000000000
CONST: 005 | 22 0.000362165 0 0.000362 -0.00185 -0.001114 0

ABS:   006 |  0.000462000  0.000010000  0.000362000 -0.001850000 -0.001114000  0.000000000 |          4.4 | -0.000023475  0.000055615,  0.000061179  0.000550922
DIFF:  006 |  0.000099835  0.000010000  0.000000000  0.000000000  0.000000000  0.000000000 |          0.2 |  0.000034163  0.000003179,  0.000010886  0.000001814
MOVE:  006 | -0.000000000  0.000010000 -0.000000000  0.000000000  0.000000000  0.000000000 |          0.0 |  0.000000401 -0.000000097,  0.000010775  0.000001814
CONST: 006 | 22 0.000462 1e-05 0.000362 -0.00185 -0.001114 0

ABS:   007 |  0.000462000 -0.000010000  0.000362000 -0.001850000 -0.001114000  0.000000000 |          4.4 | -0.000024277  0.000055824,  0.000045970  0.000551659
DIFF:  007 |  0.000000000 -0.000020000  0.000000000  0.000000000  0.000000000  0.000000000 |          0.0 | -0.000000803  0.000000208, -0.000015210  0.000000737
MOVE:  007 | -0.000000000 -0.000010000 -0.000000000  0.000000000  0.000000000  0.000000000 |          0.0 | -0.000000401  0.000000111, -0.000004435  0.000002552
CONST: 007 | 22 0.000462 -1e-05 0.000362 -0.00185 -0.001114 0

ABS:   008 |  0.000462000  0.000099835  0.000362000 -0.001850000 -0.001114000  0.000000000 |          4.4 | -0.000020404  0.000056116,  0.000095786  0.000549356
DIFF:  008 |  0.000000000  0.000109835  0.000000000  0.000000000  0.000000000  0.000000000 |          0.0 |  0.000003873  0.000000292,  0.000049816 -0.000002303
MOVE:  008 | -0.000000000  0.000099835 -0.000000000  0.000000000  0.000000000  0.000000000 |          0.1 |  0.000003472  0.000000403,  0.000045381  0.000000248
CONST: 008 | 22 0.000462 9.98351e-05 0.000362 -0.00185 -0.001114 0

ABS:   009 |  0.000462000 -0.000099835  0.000362000 -0.001850000 -0.001114000  0.000000000 |          4.5 | -0.000026019  0.000055414, -0.000002261  0.000559943
DIFF:  009 |  0.000000000 -0.000199670  0.000000000  0.000000000  0.000000000  0.000000000 |          0.1 | -0.000005614 -0.000000701, -0.000098046  0.000010587
MOVE:  009 | -0.000000000 -0.000099835 -0.000000000  0.000000000  0.000000000  0.000000000 |          0.1 | -0.000002142 -0.000000298, -0.000052665  0.000010836
CONST: 009 | 22 0.000462 -9.98351e-05 0.000362 -0.00185 -0.001114 0

ABS:   010 |  0.000462000  0.000000000  0.000862000 -0.001850000 -0.001114000  0.000000000 |          4.4 | -0.000023356  0.000055722, -0.000200233  0.000539375
DIFF:  010 |  0.000000000  0.000099835  0.000500000  0.000000000  0.000000000  0.000000000 |         -0.1 |  0.000002662  0.000000308, -0.000197972 -0.000020569
MOVE:  010 | -0.000000000  0.000000000  0.000500000  0.000000000  0.000000000  0.000000000 |          0.1 |  0.000000520  0.000000010, -0.000250638 -0.000009733
CONST: 010 | 22 0.000462 0 0.000862 -0.00185 -0.001114 0

ABS:   011 |  0.000462000  0.000000000 -0.000138000 -0.001850000 -0.001114000  0.000000000 |          4.7 | -0.000024396  0.000055703,  0.000284676  0.000540315
DIFF:  011 |  0.000000000  0.000000000 -0.001000000  0.000000000  0.000000000  0.000000000 |          0.3 | -0.000001040 -0.000000019,  0.000484909  0.000000940
MOVE:  011 | -0.000000000  0.000000000 -0.000500000  0.000000000  0.000000000  0.000000000 |          0.3 | -0.000000520 -0.000000010,  0.000234271 -0.000008793
CONST: 011 | 22 0.000462 0 -0.000138 -0.00185 -0.001114 0
