ABS:   itr |       deltaX       deltaY       deltaZ         phiX         phiY         phiZ |        chisq |    rphi mean     rphi rms,       z mean        z rms
ABS:   =========================================================================================================================================================
DIFF:  itr |       deltaX       deltaY       deltaZ         phiX         phiY         phiZ |        chisq |    rphi mean     rphi rms,       z mean        z rms
DIFF:  =========================================================================================================================================================
MOVE:  itr |       deltaX       deltaY       deltaZ         phiX         phiY         phiZ |        chisq |    rphi mean     rphi rms,       z mean        z rms
MOVE:  =========================================================================================================================================================
ABS:   001 |  0.000055000 -0.000035000  0.000147000 -0.000450000 -0.000156000  0.000000000 |         46.3 | -0.000015788  0.000047870, -0.000089873  0.000536391
CONST: 001 | 50 5.5e-05 -3.5e-05 0.000147 -0.00045 -0.000156 0

ABS:   001 |  0.000055000 -0.000035000  0.000147000 -0.000450000 -0.000156000  0.000000000 |         46.3 | -0.000015788  0.000047870, -0.000089873  0.000536391
CONST: 001 | 50 5.5e-05 -3.5e-05 0.000147 -0.00045 -0.000156 0

ABS:   002 |  0.000055100 -0.000035000  0.000147000 -0.000450000 -0.000156000  0.000000000 |         46.3 | -0.000015712  0.000047890, -0.000089873  0.000536391
DIFF:  002 |  0.000000100 -0.000000000 -0.000000000  0.000000000 -0.000000000  0.000000000 |          0.0 |  0.000000077  0.000000020,  0.000000000  0.000000000
MOVE:  002 |  0.000000100 -0.000000000 -0.000000000  0.000000000 -0.000000000  0.000000000 |          0.0 |  0.000000077  0.000000020,  0.000000000  0.000000000
CONST: 002 | 50 5.51e-05 -3.5e-05 0.000147 -0.00045 -0.000156 0

ABS:   003 |  0.000054900 -0.000035000  0.000147000 -0.000450000 -0.000156000  0.000000000 |         46.3 | -0.000015827  0.000047945, -0.000089873  0.000536391
DIFF:  003 | -0.000000200  0.000000000  0.000000000  0.000000000  0.000000000  0.000000000 |          0.0 | -0.000000116  0.000000055, -0.000000000 -0.000000000
MOVE:  003 | -0.000000100 -0.000000000 -0.000000000  0.000000000 -0.000000000  0.000000000 |          0.0 | -0.000000039  0.000000076, -0.000000000  0.000000000
CONST: 003 | 50 5.49e-05 -3.5e-05 0.000147 -0.00045 -0.000156 0

ABS:   004 |  0.000055010 -0.000035000  0.000147000 -0.000450000 -0.000156000  0.000000000 |         46.3 | -0.000015778  0.000047870, -0.000089873  0.000536391
DIFF:  004 |  0.000000110  0.000000000  0.000000000  0.000000000  0.000000000  0.000000000 |         -0.0 |  0.000000049 -0.000000076,  0.000000000  0.000000000
MOVE:  004 |  0.000000010 -0.000000000 -0.000000000  0.000000000 -0.000000000  0.000000000 |         -0.0 |  0.000000010 -0.000000000,  0.000000000  0.000000000
CONST: 004 | 50 5.501e-05 -3.5e-05 0.000147 -0.00045 -0.000156 0

ABS:   005 |  0.000054990 -0.000035000  0.000147000 -0.000450000 -0.000156000  0.000000000 |         46.3 | -0.000015768  0.000047907, -0.000089873  0.000536391
DIFF:  005 | -0.000000020  0.000000000  0.000000000  0.000000000  0.000000000  0.000000000 |          0.0 |  0.000000010  0.000000038, -0.000000000  0.000000000
MOVE:  005 | -0.000000010 -0.000000000 -0.000000000  0.000000000 -0.000000000  0.000000000 |          0.0 |  0.000000020  0.000000038, -0.000000000  0.000000000
CONST: 005 | 50 5.499e-05 -3.5e-05 0.000147 -0.00045 -0.000156 0

ABS:   006 |  0.000055001 -0.000035000  0.000147000 -0.000450000 -0.000156000  0.000000000 |         46.3 | -0.000015787  0.000047870, -0.000089873  0.000536391
DIFF:  006 |  0.000000011  0.000000000  0.000000000  0.000000000  0.000000000  0.000000000 |         -0.0 | -0.000000019 -0.000000038,  0.000000000  0.000000000
MOVE:  006 |  0.000000001 -0.000000000 -0.000000000  0.000000000 -0.000000000  0.000000000 |         -0.0 |  0.000000001 -0.000000000,  0.000000000  0.000000000
CONST: 006 | 50 5.5001e-05 -3.5e-05 0.000147 -0.00045 -0.000156 0

ABS:   007 |  0.000054999 -0.000035000  0.000147000 -0.000450000 -0.000156000  0.000000000 |         46.3 | -0.000015789  0.000047870, -0.000089873  0.000536391
DIFF:  007 | -0.000000002  0.000000000  0.000000000  0.000000000  0.000000000  0.000000000 |          0.0 | -0.000000002  0.000000000, -0.000000000  0.000000000
MOVE:  007 | -0.000000001 -0.000000000 -0.000000000  0.000000000 -0.000000000  0.000000000 |          0.0 | -0.000000001  0.000000000, -0.000000000  0.000000000
CONST: 007 | 50 5.4999e-05 -3.5e-05 0.000147 -0.00045 -0.000156 0

ABS:   008 |  0.000055000 -0.000034900  0.000147000 -0.000450000 -0.000156000  0.000000000 |         46.3 | -0.000015788  0.000047869, -0.000089804  0.000536387
DIFF:  008 |  0.000000001  0.000000100  0.000000000  0.000000000  0.000000000  0.000000000 |         -0.0 |  0.000000001 -0.000000001,  0.000000069 -0.000000004
MOVE:  008 |  0.000000000  0.000000100 -0.000000000  0.000000000 -0.000000000  0.000000000 |         -0.0 |  0.000000000 -0.000000001,  0.000000069 -0.000000004
CONST: 008 | 50 5.5e-05 -3.49e-05 0.000147 -0.00045 -0.000156 0

ABS:   009 |  0.000055000 -0.000035100  0.000147000 -0.000450000 -0.000156000  0.000000000 |         46.3 | -0.000015788  0.000047871, -0.000089625  0.000536675
DIFF:  009 |  0.000000000 -0.000000200  0.000000000  0.000000000  0.000000000  0.000000000 |          0.0 | -0.000000000  0.000000002,  0.000000179  0.000000288
MOVE:  009 |  0.000000000 -0.000000100 -0.000000000  0.000000000 -0.000000000  0.000000000 |          0.0 | -0.000000000  0.000000001,  0.000000248  0.000000284
CONST: 009 | 50 5.5e-05 -3.51e-05 0.000147 -0.00045 -0.000156 0

ABS:   010 |  0.000055000 -0.000034990  0.000147000 -0.000450000 -0.000156000  0.000000000 |         46.3 | -0.000015788  0.000047870, -0.000089866  0.000536390
DIFF:  010 |  0.000000000  0.000000110  0.000000000  0.000000000  0.000000000  0.000000000 |         -0.0 |  0.000000000 -0.000000001, -0.000000241 -0.000000284
MOVE:  010 |  0.000000000  0.000000010 -0.000000000  0.000000000 -0.000000000  0.000000000 |         -0.0 |  0.000000000 -0.000000000,  0.000000007 -0.000000000
CONST: 010 | 50 5.5e-05 -3.499e-05 0.000147 -0.00045 -0.000156 0

ABS:   011 |  0.000055000 -0.000035010  0.000147000 -0.000450000 -0.000156000  0.000000000 |         46.3 | -0.000015788  0.000047870, -0.000089563  0.000536671
DIFF:  011 |  0.000000000 -0.000000020  0.000000000  0.000000000  0.000000000  0.000000000 |          0.0 | -0.000000000  0.000000000,  0.000000303  0.000000281
MOVE:  011 |  0.000000000 -0.000000010 -0.000000000  0.000000000 -0.000000000  0.000000000 |          0.0 | -0.000000000  0.000000000,  0.000000310  0.000000280
CONST: 011 | 50 5.5e-05 -3.501e-05 0.000147 -0.00045 -0.000156 0

ABS:   012 |  0.000055000 -0.000034999  0.000147000 -0.000450000 -0.000156000  0.000000000 |         46.3 | -0.000015788  0.000047870, -0.000089872  0.000536391
DIFF:  012 |  0.000000000  0.000000011  0.000000000  0.000000000  0.000000000  0.000000000 |         -0.0 |  0.000000000 -0.000000000, -0.000000309 -0.000000280
MOVE:  012 |  0.000000000  0.000000001 -0.000000000  0.000000000 -0.000000000  0.000000000 |         -0.0 |  0.000000000 -0.000000000,  0.000000001 -0.000000000
CONST: 012 | 50 5.5e-05 -3.4999e-05 0.000147 -0.00045 -0.000156 0

ABS:   013 |  0.000055000 -0.000035001  0.000147000 -0.000450000 -0.000156000  0.000000000 |         46.3 | -0.000015788  0.000047870, -0.000089873  0.000536391
DIFF:  013 |  0.000000000 -0.000000002  0.000000000  0.000000000  0.000000000  0.000000000 |          0.0 | -0.000000000  0.000000000, -0.000000001  0.000000000
MOVE:  013 |  0.000000000 -0.000000001 -0.000000000  0.000000000 -0.000000000  0.000000000 |          0.0 | -0.000000000  0.000000000, -0.000000001  0.000000000
CONST: 013 | 50 5.5e-05 -3.5001e-05 0.000147 -0.00045 -0.000156 0

ABS:   014 |  0.000055000 -0.000035000  0.000152002 -0.000450000 -0.000156000  0.000000000 |         46.4 | -0.000015787  0.000047870, -0.000091951  0.000536882
DIFF:  014 |  0.000000000  0.000000001  0.000005002  0.000000000  0.000000000  0.000000000 |          0.1 |  0.000000001  0.000000000, -0.000002077  0.000000491
MOVE:  014 |  0.000000000 -0.000000000  0.000005002  0.000000000 -0.000000000  0.000000000 |          0.1 |  0.000000001  0.000000000, -0.000002078  0.000000491
CONST: 014 | 50 5.5e-05 -3.5e-05 0.000152002 -0.00045 -0.000156 0

ABS:   015 |  0.000055000 -0.000035000  0.000141998 -0.000450000 -0.000156000  0.000000000 |         46.3 | -0.000015789  0.000047870, -0.000087431  0.000536643
DIFF:  015 |  0.000000000  0.000000000 -0.000010004  0.000000000  0.000000000  0.000000000 |         -0.1 | -0.000000002 -0.000000000,  0.000004519 -0.000000238
MOVE:  015 |  0.000000000 -0.000000000 -0.000005002  0.000000000 -0.000000000  0.000000000 |          0.0 | -0.000000001 -0.000000000,  0.000002441  0.000000253
CONST: 015 | 50 5.5e-05 -3.5e-05 0.000141998 -0.00045 -0.000156 0

ABS:   016 |  0.000055000 -0.000035000  0.000147500 -0.000450000 -0.000156000  0.000000000 |         46.4 | -0.000015788  0.000047870, -0.000089423  0.000537229
DIFF:  016 |  0.000000000  0.000000000  0.000005502  0.000000000  0.000000000  0.000000000 |          0.1 |  0.000000001  0.000000000, -0.000001992  0.000000585
MOVE:  016 |  0.000000000 -0.000000000  0.000000500  0.000000000 -0.000000000  0.000000000 |          0.1 |  0.000000000  0.000000000,  0.000000449  0.000000838
CONST: 016 | 50 5.5e-05 -3.5e-05 0.0001475 -0.00045 -0.000156 0

ABS:   017 |  0.000055000 -0.000035000  0.000146500 -0.000450000 -0.000156000  0.000000000 |         46.3 | -0.000015788  0.000047870, -0.000089641  0.000536573
DIFF:  017 |  0.000000000  0.000000000 -0.000001000  0.000000000  0.000000000  0.000000000 |         -0.1 | -0.000000000 -0.000000000, -0.000000218 -0.000000656
MOVE:  017 |  0.000000000 -0.000000000 -0.000000500  0.000000000 -0.000000000  0.000000000 |          0.0 | -0.000000000 -0.000000000,  0.000000231  0.000000182
CONST: 017 | 50 5.5e-05 -3.5e-05 0.0001465 -0.00045 -0.000156 0

ABS:   018 |  0.000055000 -0.000035000  0.000147050 -0.000450000 -0.000156000  0.000000000 |         46.3 | -0.000015788  0.000047870, -0.000089606  0.000536671
DIFF:  018 |  0.000000000  0.000000000  0.000000550  0.000000000  0.000000000  0.000000000 |          0.0 |  0.000000000  0.000000000,  0.000000035  0.000000098
MOVE:  018 |  0.000000000 -0.000000000  0.000000050  0.000000000 -0.000000000  0.000000000 |          0.0 |  0.000000000  0.000000000,  0.000000267  0.000000280
CONST: 018 | 50 5.5e-05 -3.5e-05 0.00014705 -0.00045 -0.000156 0

ABS:   019 |  0.000055000 -0.000035000  0.000146950 -0.000450000 -0.000156000  0.000000000 |         46.3 | -0.000015788  0.000047870, -0.000089823  0.000536391
DIFF:  019 |  0.000000000  0.000000000 -0.000000100  0.000000000  0.000000000  0.000000000 |         -0.0 | -0.000000000 -0.000000000, -0.000000217 -0.000000280
MOVE:  019 |  0.000000000 -0.000000000 -0.000000050  0.000000000 -0.000000000  0.000000000 |         -0.0 | -0.000000000 -0.000000000,  0.000000050 -0.000000000
CONST: 019 | 50 5.5e-05 -3.5e-05 0.00014695 -0.00045 -0.000156 0

ABS:   020 |  0.000055000 -0.000035000  0.000147000 -0.000446000 -0.000156000  0.000000000 |         46.4 | -0.000015798  0.000047867, -0.000089602  0.000536947
DIFF:  020 |  0.000000000  0.000000000  0.000000050  0.000004000  0.000000000  0.000000000 |          0.1 | -0.000000010 -0.000000003,  0.000000221  0.000000557
MOVE:  020 |  0.000000000 -0.000000000 -0.000000000  0.000004000 -0.000000000  0.000000000 |          0.1 | -0.000000010 -0.000000003,  0.000000271  0.000000557
CONST: 020 | 50 5.5e-05 -3.5e-05 0.000147 -0.000446 -0.000156 0

ABS:   021 |  0.000055000 -0.000035000  0.000147000 -0.000454000 -0.000156000  0.000000000 |         46.3 | -0.000015802  0.000047892, -0.000090096  0.000536295
DIFF:  021 |  0.000000000  0.000000000  0.000000000 -0.000008000  0.000000000  0.000000000 |         -0.1 | -0.000000003  0.000000025, -0.000000494 -0.000000652
MOVE:  021 |  0.000000000 -0.000000000 -0.000000000 -0.000004000 -0.000000000  0.000000000 |         -0.0 | -0.000000013  0.000000023, -0.000000223 -0.000000096
CONST: 021 | 50 5.5e-05 -3.5e-05 0.000147 -0.000454 -0.000156 0

ABS:   022 |  0.000055000 -0.000035000  0.000147000 -0.000449600 -0.000156000  0.000000000 |         46.3 | -0.000015789  0.000047869, -0.000089592  0.000536670
DIFF:  022 |  0.000000000  0.000000000  0.000000000  0.000004400  0.000000000  0.000000000 |          0.0 |  0.000000012 -0.000000023,  0.000000504  0.000000375
MOVE:  022 |  0.000000000 -0.000000000 -0.000000000  0.000000400 -0.000000000  0.000000000 |          0.0 | -0.000000001 -0.000000000,  0.000000280  0.000000279
CONST: 022 | 50 5.5e-05 -3.5e-05 0.000147 -0.0004496 -0.000156 0

ABS:   023 |  0.000055000 -0.000035000  0.000147000 -0.000450400 -0.000156000  0.000000000 |         46.3 | -0.000015787  0.000047870, -0.000089836  0.000536391
DIFF:  023 |  0.000000000  0.000000000  0.000000000 -0.000000800  0.000000000  0.000000000 |         -0.0 |  0.000000002  0.000000001, -0.000000244 -0.000000279
MOVE:  023 |  0.000000000 -0.000000000 -0.000000000 -0.000000400 -0.000000000  0.000000000 |         -0.0 |  0.000000001  0.000000000,  0.000000036  0.000000000
CONST: 023 | 50 5.5e-05 -3.5e-05 0.000147 -0.0004504 -0.000156 0

ABS:   024 |  0.000055000 -0.000035000  0.000147000 -0.000449960 -0.000156000  0.000000000 |         46.3 | -0.000015788  0.000047870, -0.000089560  0.000536671
DIFF:  024 |  0.000000000  0.000000000  0.000000000  0.000000440  0.000000000  0.000000000 |          0.0 | -0.000000001 -0.000000000,  0.000000277  0.000000279
MOVE:  024 |  0.000000000 -0.000000000 -0.000000000  0.000000040 -0.000000000  0.000000000 |          0.0 | -0.000000000 -0.000000000,  0.000000313  0.000000280
CONST: 024 | 50 5.5e-05 -3.5e-05 0.000147 -0.00044996 -0.000156 0

ABS:   025 |  0.000055000 -0.000035000  0.000147000 -0.000450040 -0.000156000  0.000000000 |         46.3 | -0.000015788  0.000047870, -0.000089869  0.000536391
DIFF:  025 |  0.000000000  0.000000000  0.000000000 -0.000000080  0.000000000  0.000000000 |         -0.0 |  0.000000000  0.000000000, -0.000000309 -0.000000280
MOVE:  025 |  0.000000000 -0.000000000 -0.000000000 -0.000000040 -0.000000000  0.000000000 |         -0.0 |  0.000000000  0.000000000,  0.000000004  0.000000000
CONST: 025 | 50 5.5e-05 -3.5e-05 0.000147 -0.00045004 -0.000156 0

ABS:   026 |  0.000055000 -0.000035000  0.000147000 -0.000450000 -0.000145999  0.000000000 |         46.2 | -0.000015194  0.000047833, -0.000089865  0.000536395
DIFF:  026 |  0.000000000  0.000000000  0.000000000  0.000000040  0.000010001  0.000000000 |         -0.0 |  0.000000594 -0.000000037,  0.000000004  0.000000004
MOVE:  026 |  0.000000000 -0.000000000 -0.000000000  0.000000000  0.000010001  0.000000000 |         -0.0 |  0.000000594 -0.000000037,  0.000000008  0.000000004
CONST: 026 | 50 5.5e-05 -3.5e-05 0.000147 -0.00045 -0.000145999 0

ABS:   027 |  0.000055000 -0.000035000  0.000147000 -0.000450000 -0.000166001  0.000000000 |         46.4 | -0.000016338  0.000048069, -0.000089880  0.000536387
DIFF:  027 |  0.000000000  0.000000000  0.000000000  0.000000000 -0.000020001  0.000000000 |          0.1 | -0.000001144  0.000000236, -0.000000015 -0.000000007
MOVE:  027 |  0.000000000 -0.000000000 -0.000000000  0.000000000 -0.000010001  0.000000000 |          0.1 | -0.000000550  0.000000200, -0.000000008 -0.000000004
CONST: 027 | 50 5.5e-05 -3.5e-05 0.000147 -0.00045 -0.000166001 0

ABS:   028 |  0.000055000 -0.000035000  0.000147000 -0.000450000 -0.000155000  0.000000000 |         46.3 | -0.000015711  0.000047908, -0.000089872  0.000536391
DIFF:  028 |  0.000000000  0.000000000  0.000000000  0.000000000  0.000011001  0.000000000 |         -0.1 |  0.000000627 -0.000000162,  0.000000008  0.000000004
MOVE:  028 |  0.000000000 -0.000000000 -0.000000000  0.000000000  0.000001000  0.000000000 |          0.0 |  0.000000077  0.000000038,  0.000000001  0.000000000
CONST: 028 | 50 5.5e-05 -3.5e-05 0.000147 -0.00045 -0.000155 0

ABS:   029 |  0.000055000 -0.000035000  0.000147000 -0.000450000 -0.000157000  0.000000000 |         46.3 | -0.000015859  0.000047890, -0.000089873  0.000536390
DIFF:  029 |  0.000000000  0.000000000  0.000000000  0.000000000 -0.000002000  0.000000000 |          0.0 | -0.000000148 -0.000000018, -0.000000002 -0.000000001
MOVE:  029 |  0.000000000 -0.000000000 -0.000000000  0.000000000 -0.000001000  0.000000000 |          0.0 | -0.000000070  0.000000020, -0.000000001 -0.000000000
CONST: 029 | 50 5.5e-05 -3.5e-05 0.000147 -0.00045 -0.000157 0

ABS:   030 |  0.000055000 -0.000035000  0.000147000 -0.000450000 -0.000155900  0.000000000 |         46.3 | -0.000015781  0.000047868, -0.000089873  0.000536391
DIFF:  030 |  0.000000000  0.000000000  0.000000000  0.000000000  0.000001100  0.000000000 |         -0.0 |  0.000000077 -0.000000022,  0.000000001  0.000000000
MOVE:  030 |  0.000000000 -0.000000000 -0.000000000  0.000000000  0.000000100  0.000000000 |         -0.0 |  0.000000007 -0.000000002,  0.000000000  0.000000000
CONST: 030 | 50 5.5e-05 -3.5e-05 0.000147 -0.00045 -0.0001559 0

ABS:   031 |  0.000055000 -0.000035000  0.000147000 -0.000450000 -0.000156100  0.000000000 |         46.3 | -0.000015795  0.000047872, -0.000089873  0.000536391
DIFF:  031 |  0.000000000  0.000000000  0.000000000  0.000000000 -0.000000200  0.000000000 |          0.0 | -0.000000014  0.000000004, -0.000000000 -0.000000000
MOVE:  031 |  0.000000000 -0.000000000 -0.000000000  0.000000000 -0.000000100  0.000000000 |          0.0 | -0.000000007  0.000000002, -0.000000000 -0.000000000
CONST: 031 | 50 5.5e-05 -3.5e-05 0.000147 -0.00045 -0.0001561 0

ABS:   032 |  0.000055000 -0.000035000  0.000147000 -0.000450000 -0.000156000  0.000002000 |         46.3 | -0.000015789  0.000047870, -0.000089875  0.000536391
DIFF:  032 |  0.000000000  0.000000000  0.000000000  0.000000000  0.000000100  0.000002000 |         -0.0 |  0.000000006 -0.000000002, -0.000000003 -0.000000000
MOVE:  032 |  0.000000000 -0.000000000 -0.000000000  0.000000000 -0.000000000  0.000002000 |          0.0 | -0.000000001 -0.000000000, -0.000000003 -0.000000000
CONST: 032 | 50 5.5e-05 -3.5e-05 0.000147 -0.00045 -0.000156 2.00001e-06

ABS:   033 |  0.000055000 -0.000035000  0.000147000 -0.000450000 -0.000156000 -0.000002000 |         46.3 | -0.000015787  0.000047870, -0.000089870  0.000536391
DIFF:  033 |  0.000000000  0.000000000  0.000000000  0.000000000  0.000000000 -0.000004000 |         -0.0 |  0.000000002  0.000000000,  0.000000006  0.000000000
MOVE:  033 |  0.000000000 -0.000000000 -0.000000000  0.000000000 -0.000000000 -0.000002000 |         -0.0 |  0.000000001  0.000000000,  0.000000003  0.000000000
CONST: 033 | 50 5.5e-05 -3.5e-05 0.000147 -0.00045 -0.000156 -2.00001e-06

ABS:   034 |  0.000055000 -0.000035000  0.000147000 -0.000450000 -0.000156000  0.000020000 |         46.3 | -0.000015800  0.000047869, -0.000089267  0.000536949
DIFF:  034 |  0.000000000  0.000000000  0.000000000  0.000000000  0.000000000  0.000022000 |          0.1 | -0.000000013 -0.000000000,  0.000000603  0.000000558
MOVE:  034 |  0.000000000 -0.000000000 -0.000000000  0.000000000 -0.000000000  0.000020000 |          0.1 | -0.000000012 -0.000000000,  0.000000605  0.000000559
CONST: 034 | 50 5.5e-05 -3.5e-05 0.000147 -0.00045 -0.000156 2.00001e-05

ABS:   035 |  0.000055000 -0.000035000  0.000147000 -0.000450000 -0.000156000 -0.000020000 |         46.3 | -0.000015799  0.000047890, -0.000089845  0.000536391
DIFF:  035 |  0.000000000  0.000000000  0.000000000  0.000000000  0.000000000 -0.000040000 |         -0.1 |  0.000000001  0.000000021, -0.000000577 -0.000000558
MOVE:  035 |  0.000000000 -0.000000000 -0.000000000  0.000000000 -0.000000000 -0.000020000 |          0.0 | -0.000000011  0.000000020,  0.000000028  0.000000000
CONST: 035 | 50 5.5e-05 -3.5e-05 0.000147 -0.00045 -0.000156 -2.00001e-05

ABS:   036 |  0.000055000 -0.000035000  0.000147000 -0.000450000 -0.000156000  0.000002000 |         46.3 | -0.000015789  0.000047870, -0.000089875  0.000536391
DIFF:  036 |  0.000000000  0.000000000  0.000000000  0.000000000  0.000000000  0.000022000 |         -0.0 |  0.000000010 -0.000000020, -0.000000031 -0.000000001
MOVE:  036 |  0.000000000 -0.000000000 -0.000000000  0.000000000 -0.000000000  0.000002000 |          0.0 | -0.000000001 -0.000000000, -0.000000003 -0.000000000
CONST: 036 | 50 5.5e-05 -3.5e-05 0.000147 -0.00045 -0.000156 2.00001e-06

ABS:   037 |  0.000055000 -0.000035000  0.000147000 -0.000450000 -0.000156000 -0.000002000 |         46.3 | -0.000015787  0.000047870, -0.000089870  0.000536391
DIFF:  037 |  0.000000000  0.000000000  0.000000000  0.000000000  0.000000000 -0.000004000 |         -0.0 |  0.000000002  0.000000000,  0.000000006  0.000000000
MOVE:  037 |  0.000000000 -0.000000000 -0.000000000  0.000000000 -0.000000000 -0.000002000 |         -0.0 |  0.000000001  0.000000000,  0.000000003  0.000000000
CONST: 037 | 50 5.5e-05 -3.5e-05 0.000147 -0.00045 -0.000156 -2.00001e-06

ABS:   038 |  0.000070784  0.000057170  0.000146974 -0.000450020  0.000059062 -0.004466374 |         45.8 |  0.000012745  0.000046759, -0.000054035  0.000538197
DIFF:  038 |  0.000015784  0.000092170 -0.000000026 -0.000000020  0.000215062 -0.004464374 |         -0.5 |  0.000028532 -0.000001111,  0.000035835  0.000001806
MOVE:  038 |  0.000015784  0.000092170 -0.000000026 -0.000000020  0.000215062 -0.004466374 |         -0.5 |  0.000028533 -0.000001111,  0.000035838  0.000001806
CONST: 038 | 50 7.07843e-05 5.71705e-05 0.000146974 -0.00045002 5.90623e-05 -0.00446637

ABS:   039 |  0.000063549  0.000014972  0.000146986 -0.000450011 -0.000039517 -0.002421367 |         45.3 | -0.000000359  0.000047038, -0.000066834  0.000537366
DIFF:  039 | -0.000007235 -0.000042199  0.000000012  0.000000009 -0.000098580  0.002045007 |         -0.4 | -0.000013104  0.000000280, -0.000012799 -0.000000831
MOVE:  039 |  0.000008549  0.000049972 -0.000000014 -0.000000011  0.000116483 -0.002421367 |         -0.9 |  0.000015429 -0.000000831,  0.000023039  0.000000975
CONST: 039 | 50 6.35494e-05 1.49717e-05 0.000146986 -0.000450011 -3.95173e-05 -0.00242137

ABS:   040 |  0.000064360  0.000019707  0.000146984 -0.000450012 -0.000028469 -0.002650817 |         45.3 |  0.000000962  0.000047064, -0.000065242  0.000537260
DIFF:  040 |  0.000000811  0.000004735 -0.000000001 -0.000000001  0.000011048 -0.000229449 |         -0.0 |  0.000001321  0.000000026,  0.000001592 -0.000000106
MOVE:  040 |  0.000009360  0.000054707 -0.000000016 -0.000000012  0.000127531 -0.002650817 |         -0.9 |  0.000016751 -0.000000806,  0.000024631  0.000000869
CONST: 040 | 50 6.43602e-05 1.97067e-05 0.000146984 -0.000450012 -2.84695e-05 -0.00265082

ABS:   041 |  0.000064370  0.000019707  0.000146984 -0.000450012 -0.000028469 -0.002650817 |         45.3 |  0.000000972  0.000047064, -0.000065242  0.000537260
DIFF:  041 |  0.000000010  0.000000000  0.000000000  0.000000000  0.000000000  0.000000000 |          0.0 |  0.000000010 -0.000000000,  0.000000000 -0.000000000
MOVE:  041 |  0.000009370  0.000054707 -0.000000016 -0.000000012  0.000127531 -0.002650817 |         -0.9 |  0.000016761 -0.000000806,  0.000024631  0.000000869
CONST: 041 | 50 6.43702e-05 1.97067e-05 0.000146984 -0.000450012 -2.84695e-05 -0.00265082

ABS:   042 |  0.000064350  0.000019707  0.000146984 -0.000450012 -0.000028469 -0.002650817 |         45.3 |  0.000000952  0.000047064, -0.000065242  0.000537260
DIFF:  042 | -0.000000020  0.000000000  0.000000000  0.000000000  0.000000000  0.000000000 |         -0.0 | -0.000000020  0.000000000, -0.000000000  0.000000000
MOVE:  042 |  0.000009350  0.000054707 -0.000000016 -0.000000012  0.000127531 -0.002650817 |         -0.9 |  0.000016741 -0.000000806,  0.000024631  0.000000869
CONST: 042 | 50 6.43502e-05 1.97067e-05 0.000146984 -0.000450012 -2.84695e-05 -0.00265082

ABS:   043 |  0.000064424  0.000019707  0.000146984 -0.000450012 -0.000028469 -0.002650817 |         45.3 |  0.000001027  0.000047064, -0.000065241  0.000537260
DIFF:  043 |  0.000000074  0.000000000  0.000000000  0.000000000  0.000000000  0.000000000 |          0.0 |  0.000000074 -0.000000000,  0.000000000 -0.000000000
MOVE:  043 |  0.000009424  0.000054707 -0.000000016 -0.000000012  0.000127531 -0.002650817 |         -0.9 |  0.000016815 -0.000000806,  0.000024631  0.000000869
CONST: 043 | 50 6.44245e-05 1.97067e-05 0.000146984 -0.000450012 -2.84695e-05 -0.00265082

ABS:   044 |  0.000064296  0.000019707  0.000146984 -0.000450012 -0.000028469 -0.002650817 |         45.3 |  0.000000898  0.000047064, -0.000065242  0.000537260
DIFF:  044 | -0.000000128  0.000000000  0.000000000  0.000000000  0.000000000  0.000000000 |         -0.0 | -0.000000128  0.000000000, -0.000000000  0.000000000
MOVE:  044 |  0.000009296  0.000054707 -0.000000016 -0.000000012  0.000127531 -0.002650817 |         -0.9 |  0.000016686 -0.000000806,  0.000024631  0.000000869
CONST: 044 | 50 6.4296e-05 1.97067e-05 0.000146984 -0.000450012 -2.84695e-05 -0.00265082

ABS:   045 |  0.000064360  0.000019717  0.000146984 -0.000450012 -0.000028469 -0.002650817 |         45.3 |  0.000000962  0.000047064, -0.000065235  0.000537260
DIFF:  045 |  0.000000064  0.000000010  0.000000000  0.000000000  0.000000000  0.000000000 |          0.0 |  0.000000064 -0.000000000,  0.000000007 -0.000000000
MOVE:  045 |  0.000009360  0.000054717 -0.000000016 -0.000000012  0.000127531 -0.002650817 |         -0.9 |  0.000016751 -0.000000806,  0.000024638  0.000000869
CONST: 045 | 50 6.43602e-05 1.97167e-05 0.000146984 -0.000450012 -2.84695e-05 -0.00265082

ABS:   046 |  0.000064360  0.000019697  0.000146984 -0.000450012 -0.000028469 -0.002650817 |         45.3 |  0.000000962  0.000047064, -0.000065248  0.000537260
DIFF:  046 |  0.000000000 -0.000000020  0.000000000  0.000000000  0.000000000  0.000000000 |          0.0 | -0.000000000  0.000000000, -0.000000014  0.000000000
MOVE:  046 |  0.000009360  0.000054697 -0.000000016 -0.000000012  0.000127531 -0.002650817 |         -0.9 |  0.000016751 -0.000000806,  0.000024624  0.000000870
CONST: 046 | 50 6.43602e-05 1.96967e-05 0.000146984 -0.000450012 -2.84695e-05 -0.00265082

ABS:   047 |  0.000064360  0.000019807  0.000146984 -0.000450012 -0.000028469 -0.002650817 |         45.3 |  0.000000963  0.000047064, -0.000065172  0.000537258
DIFF:  047 |  0.000000000  0.000000110  0.000000000  0.000000000  0.000000000  0.000000000 |         -0.0 |  0.000000000 -0.000000000,  0.000000076 -0.000000003
MOVE:  047 |  0.000009360  0.000054807 -0.000000016 -0.000000012  0.000127531 -0.002650817 |         -0.9 |  0.000016751 -0.000000806,  0.000024700  0.000000867
CONST: 047 | 50 6.43602e-05 1.98066e-05 0.000146984 -0.000450012 -2.84695e-05 -0.00265082

ABS:   048 |  0.000064360  0.000019607  0.000146984 -0.000450012 -0.000028469 -0.002650817 |         45.3 |  0.000000962  0.000047064, -0.000065311  0.000537262
DIFF:  048 |  0.000000000 -0.000000200  0.000000000  0.000000000  0.000000000  0.000000000 |          0.0 | -0.000000001  0.000000000, -0.000000138  0.000000005
MOVE:  048 |  0.000009360  0.000054607 -0.000000016 -0.000000012  0.000127531 -0.002650817 |         -0.9 |  0.000016750 -0.000000806,  0.000024562  0.000000872
CONST: 048 | 50 6.43602e-05 1.96069e-05 0.000146984 -0.000450012 -2.84695e-05 -0.00265082

ABS:   049 |  0.000064360  0.000019707  0.000146989 -0.000450012 -0.000028469 -0.002650817 |         45.3 |  0.000000962  0.000047064, -0.000065247  0.000537260
DIFF:  049 |  0.000000000  0.000000100  0.000000005  0.000000000  0.000000000  0.000000000 |         -0.0 |  0.000000000 -0.000000000,  0.000000064 -0.000000002
MOVE:  049 |  0.000009360  0.000054707 -0.000000011 -0.000000012  0.000127531 -0.002650817 |         -0.9 |  0.000016751 -0.000000806,  0.000024626  0.000000869
CONST: 049 | 50 6.43602e-05 1.97067e-05 0.000146989 -0.000450012 -2.84695e-05 -0.00265082

ABS:   050 |  0.000064360  0.000019707  0.000146979 -0.000450012 -0.000028469 -0.002650817 |         45.3 |  0.000000962  0.000047064, -0.000065237  0.000537260
DIFF:  050 |  0.000000000  0.000000000 -0.000000010  0.000000000  0.000000000  0.000000000 |         -0.0 | -0.000000000 -0.000000000,  0.000000010 -0.000000000
MOVE:  050 |  0.000009360  0.000054707 -0.000000021 -0.000000012  0.000127531 -0.002650817 |         -0.9 |  0.000016751 -0.000000806,  0.000024636  0.000000869
CONST: 050 | 50 6.43602e-05 1.97067e-05 0.000146979 -0.000450012 -2.84695e-05 -0.00265082

ABS:   051 |  0.000064360  0.000019707  0.000147034 -0.000450012 -0.000028469 -0.002650817 |         45.3 |  0.000000962  0.000047064, -0.000065292  0.000537260
DIFF:  051 |  0.000000000  0.000000000  0.000000055  0.000000000  0.000000000  0.000000000 |          0.0 |  0.000000000  0.000000000, -0.000000055  0.000000000
MOVE:  051 |  0.000009360  0.000054707  0.000000034 -0.000000012  0.000127531 -0.002650817 |         -0.9 |  0.000016751 -0.000000806,  0.000024581  0.000000869
CONST: 051 | 50 6.43602e-05 1.97067e-05 0.000147034 -0.000450012 -2.84695e-05 -0.00265082

ABS:   052 |  0.000064360  0.000019707  0.000146934 -0.000450012 -0.000028469 -0.002650817 |         45.3 |  0.000000962  0.000047064, -0.000065192  0.000537260
DIFF:  052 |  0.000000000  0.000000000 -0.000000100  0.000000000  0.000000000  0.000000000 |         -0.0 | -0.000000000 -0.000000000,  0.000000100 -0.000000000
MOVE:  052 |  0.000009360  0.000054707 -0.000000066 -0.000000012  0.000127531 -0.002650817 |         -0.9 |  0.000016751 -0.000000806,  0.000024681  0.000000869
CONST: 052 | 50 6.43602e-05 1.97067e-05 0.000146934 -0.000450012 -2.84695e-05 -0.00265082

ABS:   053 |  0.000064360  0.000019707  0.000146984 -0.000450008 -0.000028469 -0.002650817 |         45.3 |  0.000000962  0.000047064, -0.000065242  0.000537260
DIFF:  053 |  0.000000000  0.000000000  0.000000050  0.000000004  0.000000000  0.000000000 |          0.0 | -0.000000000 -0.000000000, -0.000000050 -0.000000000
MOVE:  053 |  0.000009360  0.000054707 -0.000000016 -0.000000008  0.000127531 -0.002650817 |         -0.9 |  0.000016751 -0.000000806,  0.000024631  0.000000869
CONST: 053 | 50 6.43602e-05 1.97067e-05 0.000146984 -0.000450008 -2.84695e-05 -0.00265082

ABS:   054 |  0.000064360  0.000019707  0.000146984 -0.000450016 -0.000028469 -0.002650817 |         45.3 |  0.000000962  0.000047064, -0.000065241  0.000537260
DIFF:  054 |  0.000000000  0.000000000  0.000000000 -0.000000008  0.000000000  0.000000000 |         -0.0 |  0.000000000  0.000000000,  0.000000001  0.000000000
MOVE:  054 |  0.000009360  0.000054707 -0.000000016 -0.000000016  0.000127531 -0.002650817 |         -0.9 |  0.000016751 -0.000000806,  0.000024631  0.000000869
CONST: 054 | 50 6.43602e-05 1.97067e-05 0.000146984 -0.000450016 -2.84695e-05 -0.00265082

ABS:   055 |  0.000064360  0.000019707  0.000146984 -0.000449972 -0.000028469 -0.002650817 |         45.3 |  0.000000962  0.000047064, -0.000065245  0.000537260
DIFF:  055 |  0.000000000  0.000000000  0.000000000  0.000000044  0.000000000  0.000000000 |          0.0 | -0.000000000 -0.000000000, -0.000000004 -0.000000000
MOVE:  055 |  0.000009360  0.000054707 -0.000000016  0.000000028  0.000127531 -0.002650817 |         -0.9 |  0.000016751 -0.000000806,  0.000024627  0.000000869
CONST: 055 | 50 6.43602e-05 1.97067e-05 0.000146984 -0.000449972 -2.84695e-05 -0.00265082

ABS:   056 |  0.000064360  0.000019707  0.000146984 -0.000450052 -0.000028469 -0.002650817 |         45.3 |  0.000000963  0.000047064, -0.000065238  0.000537260
DIFF:  056 |  0.000000000  0.000000000  0.000000000 -0.000000080  0.000000000  0.000000000 |         -0.0 |  0.000000000  0.000000000,  0.000000007  0.000000000
MOVE:  056 |  0.000009360  0.000054707 -0.000000016 -0.000000052  0.000127531 -0.002650817 |         -0.9 |  0.000016751 -0.000000806,  0.000024635  0.000000869
CONST: 056 | 50 6.43602e-05 1.97067e-05 0.000146984 -0.000450052 -2.84695e-05 -0.00265082

ABS:   057 |  0.000064360  0.000019707  0.000146984 -0.000450012 -0.000027808 -0.002650817 |         45.3 |  0.000001009  0.000047059, -0.000065241  0.000537260
DIFF:  057 |  0.000000000  0.000000000  0.000000000  0.000000040  0.000000661  0.000000000 |         -0.0 |  0.000000047 -0.000000005, -0.000000003  0.000000000
MOVE:  057 |  0.000009360  0.000054707 -0.000000016 -0.000000012  0.000128192 -0.002650817 |         -0.9 |  0.000016798 -0.000000811,  0.000024632  0.000000869
CONST: 057 | 50 6.43602e-05 1.97067e-05 0.000146984 -0.000450012 -2.78082e-05 -0.00265082

ABS:   058 |  0.000064360  0.000019707  0.000146984 -0.000450012 -0.000029131 -0.002650817 |         45.3 |  0.000000916  0.000047069, -0.000065242  0.000537260
DIFF:  058 |  0.000000000  0.000000000  0.000000000  0.000000000 -0.000001322  0.000000000 |          0.0 | -0.000000094  0.000000010, -0.000000001 -0.000000000
MOVE:  058 |  0.000009360  0.000054707 -0.000000016 -0.000000012  0.000126869 -0.002650817 |         -0.9 |  0.000016704 -0.000000801,  0.000024630  0.000000869
CONST: 058 | 50 6.43602e-05 1.97067e-05 0.000146984 -0.000450012 -2.91307e-05 -0.00265082

ABS:   059 |  0.000064360  0.000019707  0.000146984 -0.000450012 -0.000028469 -0.002630845 |         45.3 |  0.000000950  0.000047064, -0.000065270  0.000537258
DIFF:  059 |  0.000000000  0.000000000  0.000000000  0.000000000  0.000000661  0.000019972 |         -0.0 |  0.000000035 -0.000000005, -0.000000028 -0.000000002
MOVE:  059 |  0.000009360  0.000054707 -0.000000016 -0.000000012  0.000127531 -0.002630845 |         -0.9 |  0.000016738 -0.000000806,  0.000024603  0.000000867
CONST: 059 | 50 6.43602e-05 1.97067e-05 0.000146984 -0.000450012 -2.84695e-05 -0.00263084

ABS:   060 |  0.000064360  0.000019707  0.000146984 -0.000450012 -0.000028469 -0.002670788 |         45.3 |  0.000000975  0.000047064, -0.000065213  0.000537262
DIFF:  060 |  0.000000000  0.000000000  0.000000000  0.000000000  0.000000000 -0.000039944 |         -0.0 |  0.000000024 -0.000000000,  0.000000056  0.000000004
MOVE:  060 |  0.000009360  0.000054707 -0.000000016 -0.000000012  0.000127531 -0.002670788 |         -0.9 |  0.000016763 -0.000000806,  0.000024659  0.000000871
CONST: 060 | 50 6.43602e-05 1.97067e-05 0.000146984 -0.000450012 -2.84695e-05 -0.00267079

ABS:   061 |  0.000064360  0.000019707  0.000146984 -0.000450012 -0.000028469 -0.002615509 |         45.4 |  0.000000941  0.000047064, -0.000065257  0.000537712
DIFF:  061 |  0.000000000  0.000000000  0.000000000  0.000000000  0.000000000  0.000055280 |          0.1 | -0.000000034  0.000000000, -0.000000044  0.000000450
MOVE:  061 |  0.000009360  0.000054707 -0.000000016 -0.000000012  0.000127531 -0.002615509 |         -0.8 |  0.000016729 -0.000000806,  0.000024616  0.000001322
CONST: 061 | 50 6.43602e-05 1.97067e-05 0.000146984 -0.000450012 -2.84695e-05 -0.00261551

ABS:   062 |  0.000064360  0.000019707  0.000146984 -0.000450012 -0.000028469 -0.002686123 |         45.3 |  0.000000984  0.000047064, -0.000065192  0.000537264
DIFF:  062 |  0.000000000  0.000000000  0.000000000  0.000000000  0.000000000 -0.000070615 |         -0.1 |  0.000000043 -0.000000000,  0.000000065 -0.000000449
MOVE:  062 |  0.000009360  0.000054707 -0.000000016 -0.000000012  0.000127531 -0.002686123 |         -0.9 |  0.000016772 -0.000000806,  0.000024681  0.000000873
CONST: 062 | 50 6.43602e-05 1.97067e-05 0.000146984 -0.000450012 -2.84695e-05 -0.00268612

ABS:   063 |  0.000064360  0.000019707  0.000146984 -0.000450012 -0.000028469 -0.002647286 |         45.3 |  0.000000960  0.000047064, -0.000065247  0.000537260
DIFF:  063 |  0.000000000  0.000000000  0.000000000  0.000000000  0.000000000  0.000038837 |          0.0 | -0.000000024  0.000000000, -0.000000055 -0.000000004
MOVE:  063 |  0.000009360  0.000054707 -0.000000016 -0.000000012  0.000127531 -0.002647286 |         -0.9 |  0.000016748 -0.000000806,  0.000024626  0.000000869
CONST: 063 | 50 6.43602e-05 1.97067e-05 0.000146984 -0.000450012 -2.84695e-05 -0.00264729

ABS:   064 |  0.000064360  0.000019707  0.000146984 -0.000450012 -0.000028469 -0.002654347 |         45.3 |  0.000000965  0.000047064, -0.000065237  0.000537261
DIFF:  064 |  0.000000000  0.000000000  0.000000000  0.000000000  0.000000000 -0.000007061 |         -0.0 |  0.000000004 -0.000000000,  0.000000010  0.000000001
MOVE:  064 |  0.000009360  0.000054707 -0.000000016 -0.000000012  0.000127531 -0.002654347 |         -0.9 |  0.000016753 -0.000000806,  0.000024636  0.000000870
CONST: 064 | 50 6.43602e-05 1.97067e-05 0.000146984 -0.000450012 -2.84695e-05 -0.00265435

ABS:   065 |  0.000063423  0.000089036  0.000146983 -0.000450012  0.000012534 -0.003310563 |         45.4 |  0.000002927  0.000047575, -0.000038533  0.000538036
DIFF:  065 | -0.000000937  0.000069330 -0.000000002 -0.000000000  0.000041003 -0.000656215 |          0.1 |  0.000001963  0.000000512,  0.000026703  0.000000775
MOVE:  065 |  0.000008423  0.000124036 -0.000000017 -0.000000012  0.000168534 -0.003310563 |         -0.8 |  0.000018715 -0.000000294,  0.000051340  0.000001645
CONST: 065 | 50 6.34229e-05 8.90363e-05 0.000146983 -0.000450012 1.25336e-05 -0.00331056

ABS:   066 |  0.000063926  0.000051856  0.000146984 -0.000450012 -0.000009487 -0.002956312 |         45.1 |  0.000001982  0.000047193, -0.000058724  0.000535734
DIFF:  066 |  0.000000503 -0.000037180  0.000000001  0.000000000 -0.000022021  0.000354251 |         -0.3 | -0.000000945 -0.000000382, -0.000020190 -0.000002302
MOVE:  066 |  0.000008926  0.000086856 -0.000000016 -0.000000012  0.000146513 -0.002956312 |         -1.2 |  0.000017770 -0.000000676,  0.000031149 -0.000000657
CONST: 066 | 50 6.39263e-05 5.18563e-05 0.000146984 -0.000450012 -9.48703e-06 -0.00295631

ABS:   067 |  0.000063990  0.000051856  0.000146984 -0.000450012 -0.000009487 -0.002956312 |         45.1 |  0.000002019  0.000047223, -0.000058723  0.000535734
DIFF:  067 |  0.000000064  0.000000000  0.000000000  0.000000000  0.000000000  0.000000000 |          0.0 |  0.000000037  0.000000030,  0.000000000 -0.000000000
MOVE:  067 |  0.000008990  0.000086856 -0.000000016 -0.000000012  0.000146513 -0.002956312 |         -1.2 |  0.000017808 -0.000000647,  0.000031149 -0.000000657
CONST: 067 | 50 6.39904e-05 5.18563e-05 0.000146984 -0.000450012 -9.48703e-06 -0.00295631

ABS:   068 |  0.000063862  0.000051856  0.000146984 -0.000450012 -0.000009487 -0.002956312 |         45.1 |  0.000001918  0.000047193, -0.000058724  0.000535734
DIFF:  068 | -0.000000128  0.000000000  0.000000000  0.000000000  0.000000000  0.000000000 |         -0.0 | -0.000000101 -0.000000030, -0.000000000  0.000000000
MOVE:  068 |  0.000008862  0.000086856 -0.000000016 -0.000000012  0.000146513 -0.002956312 |         -1.2 |  0.000017706 -0.000000676,  0.000031149 -0.000000657
CONST: 068 | 50 6.38622e-05 5.18563e-05 0.000146984 -0.000450012 -9.48703e-06 -0.00295631

ABS:   069 |  0.000063933  0.000051856  0.000146984 -0.000450012 -0.000009487 -0.002956312 |         45.1 |  0.000001962  0.000047223, -0.000058723  0.000535734
DIFF:  069 |  0.000000070  0.000000000  0.000000000  0.000000000  0.000000000  0.000000000 |          0.0 |  0.000000044  0.000000030,  0.000000000 -0.000000000
MOVE:  069 |  0.000008933  0.000086856 -0.000000016 -0.000000012  0.000146513 -0.002956312 |         -1.2 |  0.000017750 -0.000000647,  0.000031149 -0.000000657
CONST: 069 | 50 6.39327e-05 5.18563e-05 0.000146984 -0.000450012 -9.48703e-06 -0.00295631

ABS:   070 |  0.000063920  0.000051856  0.000146984 -0.000450012 -0.000009487 -0.002956312 |         45.1 |  0.000001976  0.000047193, -0.000058724  0.000535734
DIFF:  070 | -0.000000013  0.000000000  0.000000000  0.000000000  0.000000000  0.000000000 |         -0.0 |  0.000000014 -0.000000030, -0.000000000  0.000000000
MOVE:  070 |  0.000008920  0.000086856 -0.000000016 -0.000000012  0.000146513 -0.002956312 |         -1.2 |  0.000017764 -0.000000676,  0.000031149 -0.000000657
CONST: 070 | 50 6.39199e-05 5.18563e-05 0.000146984 -0.000450012 -9.48703e-06 -0.00295631

ABS:   071 |  0.000063927  0.000051856  0.000146984 -0.000450012 -0.000009487 -0.002956312 |         45.1 |  0.000001983  0.000047193, -0.000058724  0.000535734
DIFF:  071 |  0.000000007  0.000000000  0.000000000  0.000000000  0.000000000  0.000000000 |          0.0 |  0.000000007  0.000000000,  0.000000000 -0.000000000
MOVE:  071 |  0.000008927  0.000086856 -0.000000016 -0.000000012  0.000146513 -0.002956312 |         -1.2 |  0.000017771 -0.000000676,  0.000031149 -0.000000657
CONST: 071 | 50 6.39269e-05 5.18563e-05 0.000146984 -0.000450012 -9.48703e-06 -0.00295631

ABS:   072 |  0.000063926  0.000051856  0.000146984 -0.000450012 -0.000009487 -0.002956312 |         45.1 |  0.000001982  0.000047193, -0.000058724  0.000535734
DIFF:  072 | -0.000000001  0.000000000  0.000000000  0.000000000  0.000000000  0.000000000 |         -0.0 | -0.000000001 -0.000000000, -0.000000000  0.000000000
MOVE:  072 |  0.000008926  0.000086856 -0.000000016 -0.000000012  0.000146513 -0.002956312 |         -1.2 |  0.000017770 -0.000000676,  0.000031149 -0.000000657
CONST: 072 | 50 6.39256e-05 5.18563e-05 0.000146984 -0.000450012 -9.48703e-06 -0.00295631

