ABS:   itr |       deltaX       deltaY       deltaZ         phiX         phiY         phiZ |        chisq |    rphi mean     rphi rms,       z mean        z rms
ABS:   =========================================================================================================================================================
DIFF:  itr |       deltaX       deltaY       deltaZ         phiX         phiY         phiZ |        chisq |    rphi mean     rphi rms,       z mean        z rms
DIFF:  =========================================================================================================================================================
MOVE:  itr |       deltaX       deltaY       deltaZ         phiX         phiY         phiZ |        chisq |    rphi mean     rphi rms,       z mean        z rms
MOVE:  =========================================================================================================================================================
ABS:   001 |  0.000002000  0.000000000  0.000305000  0.000000000 -0.000244000  0.000000000 |          3.5 | -0.000018934  0.000051855, -0.000038320  0.000539039
CONST: 001 | 42 2e-06 0 0.000305 0 -0.000244 0

ABS:   001 |  0.000002000  0.000000000  0.000305000  0.000000000 -0.000244000  0.000000000 |          3.5 | -0.000018934  0.000051855, -0.000038320  0.000539039
CONST: 001 | 42 2e-06 0 0.000305 0 -0.000244 0

ABS:   002 |  0.000012000  0.000000000  0.000305000  0.000000000 -0.000244000  0.000000000 |          3.4 | -0.000010691  0.000052355, -0.000038317  0.000539039
DIFF:  002 |  0.000010000  0.000000000 -0.000000000  0.000000000 -0.000000000  0.000000000 |         -0.0 |  0.000008244  0.000000500,  0.000000002  0.000000000
MOVE:  002 |  0.000010000  0.000000000 -0.000000000  0.000000000 -0.000000000  0.000000000 |         -0.0 |  0.000008244  0.000000500,  0.000000002  0.000000000
CONST: 002 | 42 1.2e-05 0 0.000305 0 -0.000244 0

ABS:   003 | -0.000008000  0.000000000  0.000305000  0.000000000 -0.000244000  0.000000000 |          3.5 | -0.000026726  0.000050286, -0.000038322  0.000539039
DIFF:  003 | -0.000020000  0.000000000  0.000000000  0.000000000  0.000000000  0.000000000 |          0.1 | -0.000016035 -0.000002069, -0.000000005 -0.000000000
MOVE:  003 | -0.000010000  0.000000000 -0.000000000  0.000000000 -0.000000000  0.000000000 |          0.0 | -0.000007792 -0.000001569, -0.000000002  0.000000000
CONST: 003 | 42 -8e-06 0 0.000305 0 -0.000244 0

ABS:   004 |  0.000101835  0.000000000  0.000305000  0.000000000 -0.000244000  0.000000000 |          3.6 |  0.000049102  0.000046988, -0.000038295  0.000539039
DIFF:  004 |  0.000109835  0.000000000  0.000000000  0.000000000  0.000000000  0.000000000 |          0.1 |  0.000075828 -0.000003298,  0.000000027 -0.000000000
MOVE:  004 |  0.000099835  0.000000000 -0.000000000  0.000000000 -0.000000000  0.000000000 |          0.2 |  0.000068036 -0.000004867,  0.000000024 -0.000000000
CONST: 004 | 42 0.000101835 0 0.000305 0 -0.000244 0

ABS:   005 | -0.000097835  0.000000000  0.000305000  0.000000000 -0.000244000  0.000000000 |          3.5 | -0.000070775  0.000041523, -0.000038344  0.000539039
DIFF:  005 | -0.000199670  0.000000000  0.000000000  0.000000000  0.000000000  0.000000000 |         -0.1 | -0.000119877 -0.000005465, -0.000000049  0.000000000
MOVE:  005 | -0.000099835  0.000000000 -0.000000000  0.000000000 -0.000000000  0.000000000 |          0.0 | -0.000051841 -0.000010332, -0.000000024  0.000000000
CONST: 005 | 42 -9.78351e-05 0 0.000305 0 -0.000244 0

ABS:   006 |  0.000002000  0.000010000  0.000305000  0.000000000 -0.000244000  0.000000000 |          3.4 | -0.000018682  0.000051578, -0.000034093  0.000535678
DIFF:  006 |  0.000099835  0.000010000  0.000000000  0.000000000  0.000000000  0.000000000 |         -0.1 |  0.000052093  0.000010055,  0.000004251 -0.000003362
MOVE:  006 |  0.000000000  0.000010000 -0.000000000  0.000000000 -0.000000000  0.000000000 |         -0.1 |  0.000000252 -0.000000277,  0.000004227 -0.000003362
CONST: 006 | 42 2e-06 1e-05 0.000305 0 -0.000244 0

ABS:   007 |  0.000002000 -0.000010000  0.000305000  0.000000000 -0.000244000  0.000000000 |          3.5 | -0.000019304  0.000051389, -0.000046642  0.000539044
DIFF:  007 |  0.000000000 -0.000020000  0.000000000  0.000000000  0.000000000  0.000000000 |          0.1 | -0.000000622 -0.000000189, -0.000012549  0.000003366
MOVE:  007 |  0.000000000 -0.000010000 -0.000000000  0.000000000 -0.000000000  0.000000000 |         -0.0 | -0.000000370 -0.000000466, -0.000008322  0.000000004
CONST: 007 | 42 2e-06 -1e-05 0.000305 0 -0.000244 0

ABS:   008 |  0.000002000  0.000099835  0.000305000  0.000000000 -0.000244000  0.000000000 |          3.4 | -0.000019597  0.000051780,  0.000024948  0.000537038
DIFF:  008 |  0.000000000  0.000109835  0.000000000  0.000000000  0.000000000  0.000000000 |         -0.0 | -0.000000292  0.000000391,  0.000071590 -0.000002006
MOVE:  008 |  0.000000000  0.000099835 -0.000000000  0.000000000 -0.000000000  0.000000000 |         -0.0 | -0.000000662 -0.000000075,  0.000063268 -0.000002002
CONST: 008 | 42 2e-06 9.98351e-05 0.000305 0 -0.000244 0

ABS:   009 |  0.000002000 -0.000099835  0.000305000  0.000000000 -0.000244000  0.000000000 |          3.4 | -0.000017698  0.000051394, -0.000074492  0.000532045
DIFF:  009 |  0.000000000 -0.000199670  0.000000000  0.000000000  0.000000000  0.000000000 |         -0.1 |  0.000001899 -0.000000386, -0.000099440 -0.000004993
MOVE:  009 |  0.000000000 -0.000099835 -0.000000000  0.000000000 -0.000000000  0.000000000 |         -0.1 |  0.000001237 -0.000000461, -0.000036172 -0.000006994
CONST: 009 | 42 2e-06 -9.98351e-05 0.000305 0 -0.000244 0

ABS:   010 |  0.000002000  0.000000000  0.000805000  0.000000000 -0.000244000  0.000000000 |          4.0 | -0.000018812  0.000051855, -0.000295882  0.000540152
DIFF:  010 |  0.000000000  0.000099835  0.000500000  0.000000000  0.000000000  0.000000000 |          0.6 | -0.000001115  0.000000461, -0.000221390  0.000008107
MOVE:  010 |  0.000000000  0.000000000  0.000500000  0.000000000 -0.000000000  0.000000000 |          0.5 |  0.000000122 -0.000000000, -0.000257562  0.000001113
CONST: 010 | 42 2e-06 0 0.000805 0 -0.000244 0

ABS:   011 |  0.000002000  0.000000000 -0.000195000  0.000000000 -0.000244000  0.000000000 |          3.2 | -0.000018737  0.000051624,  0.000249718  0.000488955
DIFF:  011 |  0.000000000  0.000000000 -0.001000000  0.000000000  0.000000000  0.000000000 |         -0.8 |  0.000000076 -0.000000231,  0.000545600 -0.000051198
MOVE:  011 |  0.000000000  0.000000000 -0.000500000  0.000000000 -0.000000000  0.000000000 |         -0.2 |  0.000000198 -0.000000231,  0.000288038 -0.000050085
CONST: 011 | 42 2e-06 0 -0.000195 0 -0.000244 0
