This is e-TeX, Version 3.14159-2.1 (Web2C 7.4.5) (format=latex 2006.3.18)  10 APR 2006 13:33
entering extended mode
**thesis.tex
(./thesis.tex
LaTeX2e <2001/06/01>
Babel <v3.7h> and hyphenation patterns for american, french, german, ngerman, b
ahasa, basque, catalan, croatian, czech, danish, dutch, finnish, greek, iceland
ic, irish, italian, latin, magyar, norsk, norsk, portuges, romanian, russian, s
lovak, slovene, spanish, swedish, turkish, ukrainian, nohyphenation, loaded.
(./cornell.cls
Document Class: cornell 2002/06/14 v2.6 Cornell University thesis class
(/usr/share/texmf/tex/latex/base/report.cls
Document Class: report 2001/04/21 v1.4e Standard LaTeX document class
(/usr/share/texmf/tex/latex/base/size12.clo
File: size12.clo 2001/04/21 v1.4e Standard LaTeX file (size option)
)
\c@part=\count79
\c@chapter=\count80
\c@section=\count81
\c@subsection=\count82
\c@subsubsection=\count83
\c@paragraph=\count84
\c@subparagraph=\count85
\c@figure=\count86
\c@table=\count87
\abovecaptionskip=\skip41
\belowcaptionskip=\skip42
\bibindent=\dimen102
)
\@abhdskip=\skip43
)
(/usr/share/texmf/tex/latex/amsmath/amsmath.sty
Package: amsmath 2000/07/18 v2.13 AMS math features
\@mathmargin=\skip44

For additional information on amsmath, use the `?' option.
(/usr/share/texmf/tex/latex/amsmath/amstext.sty
Package: amstext 2000/06/29 v2.01

(/usr/share/texmf/tex/latex/amsmath/amsgen.sty
File: amsgen.sty 1999/11/30 v2.0
\@emptytoks=\toks14
\ex@=\dimen103
))
(/usr/share/texmf/tex/latex/amsmath/amsbsy.sty
Package: amsbsy 1999/11/29 v1.2d
\pmbraise@=\dimen104
)
(/usr/share/texmf/tex/latex/amsmath/amsopn.sty
Package: amsopn 1999/12/14 v2.01 operator names
)
\inf@bad=\count88
LaTeX Info: Redefining \frac on input line 211.
\uproot@=\count89
\leftroot@=\count90
LaTeX Info: Redefining \overline on input line 307.
\classnum@=\count91
\DOTSCASE@=\count92
LaTeX Info: Redefining \ldots on input line 379.
LaTeX Info: Redefining \dots on input line 382.
LaTeX Info: Redefining \cdots on input line 467.
\Mathstrutbox@=\box26
\strutbox@=\box27
\big@size=\dimen105
LaTeX Font Info:    Redeclaring font encoding OML on input line 567.
LaTeX Font Info:    Redeclaring font encoding OMS on input line 568.
\macc@depth=\count93
\c@MaxMatrixCols=\count94
\dotsspace@=\muskip10
\c@parentequation=\count95
\dspbrk@lvl=\count96
\tag@help=\toks15
\row@=\count97
\column@=\count98
\maxfields@=\count99
\andhelp@=\toks16
\eqnshift@=\dimen106
\alignsep@=\dimen107
\tagshift@=\dimen108
\tagwidth@=\dimen109
\totwidth@=\dimen110
\lineht@=\dimen111
\@envbody=\toks17
\multlinegap=\skip45
\multlinetaggap=\skip46
\mathdisplay@stack=\toks18
LaTeX Info: Redefining \[ on input line 2666.
LaTeX Info: Redefining \] on input line 2667.
)
(/usr/share/texmf/tex/latex/amsfonts/amssymb.sty
Package: amssymb 2002/01/22 v2.2d

(/usr/share/texmf/tex/latex/amsfonts/amsfonts.sty
Package: amsfonts 2001/10/25 v2.2f
\symAMSa=\mathgroup4
\symAMSb=\mathgroup5
LaTeX Font Info:    Overwriting math alphabet `\mathfrak' in version `bold'
(Font)                  U/euf/m/n --> U/euf/b/n on input line 132.
))
(/usr/share/texmf/tex/latex/misc/rotating.sty
Package: rotating 1997/09/26, v2.13 Rotation package

(/usr/share/texmf/tex/latex/graphics/graphicx.sty
Package: graphicx 1999/02/16 v1.0f Enhanced LaTeX Graphics (DPC,SPQR)

(/usr/share/texmf/tex/latex/graphics/keyval.sty
Package: keyval 1999/03/16 v1.13 key=value parser (DPC)
\KV@toks@=\toks19
)
(/usr/share/texmf/tex/latex/graphics/graphics.sty
Package: graphics 2001/07/07 v1.0n Standard LaTeX Graphics (DPC,SPQR)

(/usr/share/texmf/tex/latex/graphics/trig.sty
Package: trig 1999/03/16 v1.09 sin cos tan (DPC)
)
(/usr/share/texmf/tex/latex/config/graphics.cfg
File: graphics.cfg 2001/08/31 v1.1 graphics configuration of teTeX/TeXLive
)
Package graphics Info: Driver file: dvips.def on input line 80.

(/usr/share/texmf/tex/latex/graphics/dvips.def
File: dvips.def 1999/02/16 v3.0i Driver-dependant file (DPC,SPQR)
))
\Gin@req@height=\dimen112
\Gin@req@width=\dimen113
)
(/usr/share/texmf/tex/latex/base/ifthen.sty
Package: ifthen 2001/05/26 v1.1c Standard LaTeX ifthen package (DPC)
)
\c@r@tfl@t=\count100
\rot@float@box=\box28
)
\Mheight=\skip47
\cwidth=\skip48
 (./thesis.aux)
\openout1 = `thesis.aux'.

LaTeX Font Info:    Checking defaults for OML/cmm/m/it on input line 17.
LaTeX Font Info:    ... okay on input line 17.
LaTeX Font Info:    Checking defaults for T1/cmr/m/n on input line 17.
LaTeX Font Info:    ... okay on input line 17.
LaTeX Font Info:    Checking defaults for OT1/cmr/m/n on input line 17.
LaTeX Font Info:    ... okay on input line 17.
LaTeX Font Info:    Checking defaults for OMS/cmsy/m/n on input line 17.
LaTeX Font Info:    ... okay on input line 17.
LaTeX Font Info:    Checking defaults for OMX/cmex/m/n on input line 17.
LaTeX Font Info:    ... okay on input line 17.
LaTeX Font Info:    Checking defaults for U/cmr/m/n on input line 17.
LaTeX Font Info:    ... okay on input line 17.

Title page
[1

]
Copyleft page
LaTeX Font Info:    Try loading font information for OMS+cmr on input line 65.
(/usr/share/texmf/tex/latex/base/omscmr.fd
File: omscmr.fd 1999/05/25 v2.5h Standard LaTeX font definitions
)
LaTeX Font Info:    Font shape `OMS/cmr/m/n' in size <12> not available
(Font)              Font shape `OMS/cmsy/m/n' tried instead on input line 65.
 [2

]
Abstract
LaTeX Font Info:    Try loading font information for U+msa on input line 70.
(/usr/share/texmf/tex/latex/amsfonts/umsa.fd
File: umsa.fd 2002/01/19 v2.2g AMS font definitions
)
LaTeX Font Info:    Try loading font information for U+msb on input line 70.

(/usr/share/texmf/tex/latex/amsfonts/umsb.fd
File: umsb.fd 2002/01/19 v2.2g AMS font definitions
) [3

]
Vita
[3


]
File: newnewplots/dedication.eps Graphic file (type eps)
 <newnewplots/dedication.eps> [4

] [5


] (./thesis.toc [6


])
\tf@toc=\write3
\openout3 = `thesis.toc'.

 [7] (./thesis.lot
Overfull \hbox (17.63351pt too wide) in paragraph at lines 11--11
 [][] []\OT1/cmr/m/n/12 Fractional sys-tem-atic un-cer-tain-ties in efficiency-
weighted cross-sections 
 []

)
\tf@lot=\write4
\openout4 = `thesis.lot'.

 [8


] (./thesis.lof [9


] [10])
\tf@lof=\write5
\openout5 = `thesis.lof'.

 [11]
Chapter 1.
[1


] [2]
File: plots/gluejunk.eps Graphic file (type eps)
 <plots/gluejunk.eps>
File: newnewplots/cornellpotential.eps Graphic file (type eps)
 <newnewplots/cornellpotential.eps> [3] [4]
File: newplots/diagramgee.eps Graphic file (type eps)

<newplots/diagramgee.eps> [5]
File: plots/pathintegrals.eps Graphic file (type eps)
 <plots/pathintegrals.eps> [6] [7]
File: newplots/vacuumpolarization.eps Graphic file (type eps)

<newplots/vacuumpolarization.eps>
File: plots/latticevictory.eps Graphic file (type eps)
 <plots/latticevictory.eps> [8] [9] [10]
File: newplots/latticespacing.eps Graphic file (type eps)

<newplots/latticespacing.eps>
File: plots/vtdvertex.eps Graphic file (type eps)
 <plots/vtdvertex.eps>
File: plots/bmixing.eps Graphic file (type eps)
 <plots/bmixing.eps>
[11] [12]
File: plots/btomunu.eps Graphic file (type eps)
 <plots/btomunu.eps> [13] [14]
File: plots/fbresults.eps Graphic file (type eps)
 <plots/fbresults.eps> [15] [16]
[17]
Chapter 2.
File: plots/timereversed.eps Graphic file (type eps)
<plots/timereversed.eps> [18

]
File: plots/cartoon.eps Graphic file (type eps)
 <plots/cartoon.eps>
File: newplots/continuum.eps Graphic file (type eps)
 <newplots/continuum.eps>
[19] [20] [21] [22] [23]
File: newnewplots/newmumu.eps Graphic file (type eps)
 <newnewplots/newmumu.eps> [24] [25]
File: plots/bbtransitions.eps Graphic file (type eps)

<plots/bbtransitions.eps> Adding sideways figure on  right hand page [26]
[27] [28] [29]
Chapter 3.
File: plots/greetingsfromcesr.eps Graphic file (type eps)
<plots/greetingsfromcesr.eps> [30

]
File: newplots/beamenergyspread.eps Graphic file (type eps)
 <newplots/beamenergyspread.eps> [31]
[32]
Overfull \hbox (4.29016pt too wide) in paragraph at lines 1131--1146
 [] 
 []

[33] [34] [35]
File: plots/cleoiii.eps Graphic file (type eps)
 <plots/cleoiii.eps> Adding sideways figure on  right hand page
File: newplots/coordinatesystem.eps Graphic file (type eps)

<newplots/coordinatesystem.eps>
File: plots/sidiagram.eps Graphic file (type eps)
 <plots/sidiagram.eps> [36] [37]
File: newplots/driftcell.eps Graphic file (type eps)

<newplots/driftcell.eps>
File: newplots/stereotwist.eps Graphic file (type eps)
 <newplots/stereotwist.eps> [38] [39] [40]
File: plots/quarterview.eps Graphic file (type eps)

<plots/quarterview.eps> Adding sideways figure on  right hand page [41]
[42]
File: plots/topher.eps Graphic file (type eps)
 <plots/topher.eps> [43] [44]
Overfull \hbox (0.10443pt too wide) in paragraph at lines 1423--1444
\OT1/cmr/m/n/12 Monte Carlo sim-u-la-tions are most im-por-tant in de-ter-min-i
ng the efficiency-corrected
 []

[45] [46]
Chapter 4.
[47

]
File: plots/pmax.eps Graphic file (type eps)
 <plots/pmax.eps> [48] [49]
File: plots/visen.eps Graphic file (type eps)
 <plots/visen.eps> [50] [51] [52]
File: plots/dxy.eps Graphic file (type eps)

<plots/dxy.eps>
File: newplots/biastowardzero.eps Graphic file (type eps)
 <newplots/biastowardzero.eps> [53] [54]
File: plots/dz.eps Graphic file (type eps)
 <plots/dz.eps> [55]
[56]
File: plots/smallbeamwall.eps Graphic file (type eps)
 <plots/smallbeamwall.eps>
File: plots/crashruns.eps Graphic file (type eps)
 <plots/crashruns.eps> [57] [58] [59]
File: plots/crashruns2.eps Graphic file (type eps)

<plots/crashruns2.eps> [60] [61] [62]
File: newplots/highptracks.eps Graphic file (type eps)
 <newplots/highptracks.eps>
File: newplots/higheshowers.eps Graphic file (type eps)

<newplots/higheshowers.eps>
File: newplots/higheendcapvisen.eps Graphic file (type eps)
 <newplots/higheendcapvisen.eps> [63] [64]
File: newnewplots/apr03scan.eps Graphic file (type eps)

<newnewplots/apr03scan.eps>
File: newplots/awesome.eps Graphic file (type eps)
 <newplots/awesome.eps> [65]
File: plots/logsfit.eps Graphic file (type eps)
 <plots/logsfit.eps>
[66] [67]
File: plots/extrapolatevisen.eps Graphic file (type eps)
 <plots/extrapolatevisen.eps> [68] [69] [70] [71] [72]
File: plots/dxydzcontaminationa.eps Graphic file (type eps)

<plots/dxydzcontaminationa.eps> [73] [74] [75]
File: plots/beamgaspz.eps Graphic file (type eps)
 <plots/beamgaspz.eps>
File: plots/dxydzcontaminationb.eps Graphic file (type eps)

<plots/dxydzcontaminationb.eps>
File: plots/backgroundsvsrun.eps Graphic file (type eps)
 <plots/backgroundsvsrun.eps> [76] [77] [78]
[79]
Chapter 5.
[80

] [81]
File: plots/cascadescartoon.eps Graphic file (type eps)
 <plots/cascadescartoon.eps> [82] [83] [84]
File: newplots/pipitwotrack.eps Graphic file (type eps)

<newplots/pipitwotrack.eps> [85] [86] [87]
File: plots/pipihadron.eps Graphic file (type eps)
 <plots/pipihadron.eps> [88] [89]
File: plots/cascadeagreement.eps Graphic file (type eps)

<plots/cascadeagreement.eps>
File: plots/triggeragreement.eps Graphic file (type eps)
 <plots/triggeragreement.eps> [90] [91] [92]
[93]
File: plots/invariantmumass.eps Graphic file (type eps)
 <plots/invariantmumass.eps> [94] [95]
Chapter 6.
[96

]
File: plots/asymmetriccartoon.eps Graphic file (type eps)
 <plots/asymmetriccartoon.eps>
File: newplots/allee.eps Graphic file (type eps)
 <newplots/allee.eps> [97] [98] [99] [100]
File: plots/eeagreementb.eps Graphic file (type eps)

<plots/eeagreementb.eps>
File: plots/eeagreementc.eps Graphic file (type eps)
 <plots/eeagreementc.eps>
File: plots/eeagreementa.eps Graphic file (type eps)
 <plots/eeagreementa.eps>
Underfull \hbox (badness 1406) in paragraph at lines 2896--2896
[]\OT1/cmr/m/n/12 Figure 6.5: []Sum of two largest-momentum track en-er-gies an
d as-so-ci-ated
 []

File: plots/eeagreementd.eps Graphic file (type eps)
<plots/eeagreementd.eps>
File: plots/eeagreementf.eps Graphic file (type eps)
 <plots/eeagreementf.eps>
File: plots/eeagreementg.eps Graphic file (type eps)
 <plots/eeagreementg.eps>
File: plots/eeagreemente.eps Graphic file (type eps)

<plots/eeagreemente.eps>
File: plots/eeagreementh.eps Graphic file (type eps)
 <plots/eeagreementh.eps>
File: plots/comparelumis.eps Graphic file (type eps)
 <plots/comparelumis.eps>
[101] [102] [103] [104] [105] [106] [107] [108]
File: newplots/lumigamgam.eps Graphic file (type eps)
 <newplots/lumigamgam.eps>
[109] [110] [111]
Chapter 7.
File: plots/energycalibration.eps Graphic file (type eps)
<plots/energycalibration.eps> [112

] [113]
File: plots/beamenergydrift.eps Graphic file (type eps)
 <plots/beamenergydrift.eps> [114]
[115]
File: plots/miscalhours.eps Graphic file (type eps)
 <plots/miscalhours.eps> [116]
File: newplots/energylj.eps Graphic file (type eps)
 <newplots/energylj.eps> [117] [118]
Chapter 8.
[119

] [120] [121] [122]
Overfull \hbox (7.2749pt too wide) in paragraph at lines 3442--3446
[]\OT1/cmr/m/n/12 The $^^G(3\OML/cmm/m/it/12 S\OT1/cmr/m/n/12 )$ fit has a to-t
al of six-teen float-ing pa-ram-e-ters: $^^@[]^^@[]\OML/cmm/m/it/12 =\OT1/cmr/m
/n/12 ^^@[]$, $\OML/cmm/m/it/12 M[]; [] ; M[]$
 []

[123]
File: freefits.eps Graphic file (type eps)
 <freefits.eps> Adding sideways figure on  right hand page
File: newnewplots/allscanss.eps Graphic file (type eps)

<newnewplots/allscanss.eps>
File: newnewplots/allscansss.eps Graphic file (type eps)
 <newnewplots/allscansss.eps>
File: newnewplots/allscanssss.eps Graphic file (type eps)

<newnewplots/allscanssss.eps>
File: plots/pullsone.eps Graphic file (type eps)
 <plots/pullsone.eps>
File: plots/pullstwo.eps Graphic file (type eps)
 <plots/pullstwo.eps>
File: plots/pullsthree.eps Graphic file (type eps)

<plots/pullsthree.eps> [124] [125] [126] [127] [128] [129] [130] [131] [132]
File: newplots/simpleintfit.eps Graphic file (type eps)

<newplots/simpleintfit.eps> [133] [134]
File: plots/intconstraint.eps Graphic file (type eps)
 <plots/intconstraint.eps> [135]
File: plots/areaconstraint.eps Graphic file (type eps)

<plots/areaconstraint.eps> [136] [137]
Chapter 9.

Overfull \hbox (11.91275pt too wide) in paragraph at lines 3787--3791
\OT1/cmr/m/n/12 In this Chap-ter, we present fi-nal re-sults for $^^@[]^^@[]\OM
L/cmm/m/it/12 =\OT1/cmr/m/n/12 ^^@[]$, for $^^@[]$, for $^^@[](\OML/cmm/m/it/12
 nS\OT1/cmr/m/n/12 )\OML/cmm/m/it/12 =\OT1/cmr/m/n/12 ^^@[](\OML/cmm/m/it/12 mS
\OT1/cmr/m/n/12 )$,
 []

[138

] [139]
File: plots/historyplot.eps Graphic file (type eps)
 <plots/historyplot.eps> Adding sideways figure on  right hand page
[140] [141] [142]
File: newnewplots/latticespacingagainagain.eps Graphic file (type eps)
 <newnewplots/latticespacingagainagain.eps> [143] [144]
[145] [146

]
Overfull \hbox (26.2521pt too wide) in paragraph at lines 4143--4145
[]\OT1/cmr/m/n/12 Electronic ad-dress: \OT1/cmtt/m/n/12 http://seal.web.cern.ch
/seal/snapshot/work-packages/
 []

[147] (./thesis.aux) ) 
Here is how much of TeX's memory you used:
 2065 strings out of 95370
 24468 string characters out of 1188185
 74177 words of memory out of 1000001
 5019 multiletter control sequences out of 10000+50000
 19142 words of font info for 71 fonts, out of 500000 for 1000
 198 hyphenation exceptions out of 1000
 32i,11n,24p,330b,350s stack positions out of 1500i,500n,5000p,200000b,5000s

Output written on thesis.dvi (159 pages, 296352 bytes).
