This is pdfTeX, Version 3.14159-14h-released-20010417 (Web2C 7.3.3.1) (format=pdflatex 2003.2.18)  16 FEB 2006 02:14
**talk.tex
(./talk.tex{/usr/share/texmf/pdftex/config/pdftex.cfg}
LaTeX2e <2001/06/01>
Babel <v3.7h> and hyphenation patterns for american, french, german, ngerman, i
talian, nohyphenation, loaded.
(/usr/share/texmf/tex/latex/base/article.cls
Document Class: article 2001/04/21 v1.4e Standard LaTeX document class
(/usr/share/texmf/tex/latex/base/size10.clo
File: size10.clo 2001/04/21 v1.4e Standard LaTeX file (size option)
)
\c@part=\count79
\c@section=\count80
\c@subsection=\count81
\c@subsubsection=\count82
\c@paragraph=\count83
\c@subparagraph=\count84
\c@figure=\count85
\c@table=\count86
\abovecaptionskip=\skip41
\belowcaptionskip=\skip42
\bibindent=\dimen102
)
(/usr/share/texmf/tex/latex/graphics/graphicx.sty
Package: graphicx 1999/02/16 v1.0f Enhanced LaTeX Graphics (DPC,SPQR)

(/usr/share/texmf/tex/latex/graphics/keyval.sty
Package: keyval 1999/03/16 v1.13 key=value parser (DPC)
\KV@toks@=\toks14
)
(/usr/share/texmf/tex/latex/graphics/graphics.sty
Package: graphics 2001/07/07 v1.0n Standard LaTeX Graphics (DPC,SPQR)

(/usr/share/texmf/tex/latex/graphics/trig.sty
Package: trig 1999/03/16 v1.09 sin cos tan (DPC)
)
(/usr/share/texmf/tex/latex/config/graphics.cfg)
Package graphics Info: Driver file: pdftex.def on input line 80.

(/usr/share/texmf/tex/latex/graphics/pdftex.def
File: pdftex.def 2001/11/29 v0.03i graphics/color for pdftex
\Gread@gobject=\count87
))
\Gin@req@height=\dimen103
\Gin@req@width=\dimen104
)
(/usr/share/texmf/tex/latex/amsfonts/amssymb.sty
Package: amssymb 2002/01/22 v2.2d

(/usr/share/texmf/tex/latex/amsfonts/amsfonts.sty
Package: amsfonts 2001/10/25 v2.2f
\@emptytoks=\toks15
\symAMSa=\mathgroup4
\symAMSb=\mathgroup5
LaTeX Font Info:    Overwriting math alphabet `\mathfrak' in version `bold'
(Font)                  U/euf/m/n --> U/euf/b/n on input line 132.
))
(/usr/share/texmf/tex/latex/graphics/color.sty
Package: color 1999/02/16 v1.0i Standard LaTeX Color (DPC)

(/usr/share/texmf/tex/latex/config/color.cfg)
Package color Info: Driver file: pdftex.def on input line 125.
) (./talk.aux)
\openout1 = `talk.aux'.

LaTeX Font Info:    Checking defaults for OML/cmm/m/it on input line 58.
LaTeX Font Info:    ... okay on input line 58.
LaTeX Font Info:    Checking defaults for T1/cmr/m/n on input line 58.
LaTeX Font Info:    ... okay on input line 58.
LaTeX Font Info:    Checking defaults for OT1/cmr/m/n on input line 58.
LaTeX Font Info:    ... okay on input line 58.
LaTeX Font Info:    Checking defaults for OMS/cmsy/m/n on input line 58.
LaTeX Font Info:    ... okay on input line 58.
LaTeX Font Info:    Checking defaults for OMX/cmex/m/n on input line 58.
LaTeX Font Info:    ... okay on input line 58.
LaTeX Font Info:    Checking defaults for U/cmr/m/n on input line 58.
LaTeX Font Info:    ... okay on input line 58.

(/usr/share/texmf/tex/context/base/supp-pdf.tex
(/usr/share/texmf/tex/context/base/supp-mis.tex
loading : Context Support Macros / Missing
\protectiondepth=\count88
\scratchcounter=\count89
\scratchtoks=\toks16
\scratchdimen=\dimen105
\scratchskip=\skip43
\scratchmuskip=\muskip10
\scratchbox=\box26
\scratchread=\read1
\scratchwrite=\write3
\zeropoint=\dimen106
\nextbox=\box27
\nextdepth=\dimen107
\everyline=\toks17
\!!counta=\count90
\!!countb=\count91
\recursecounter=\count92
)
loading : Context Support Macros / PDF
\nofMPsegments=\count93
\nofMParguments=\count94
\everyMPtoPDFconversion=\toks18
)
LaTeX Font Info:    Try loading font information for U+msa on input line 73.
 (/usr/share/texmf/tex/latex/amsfonts/umsa.fd
File: umsa.fd 2002/01/19 v2.2g AMS font definitions
)
LaTeX Font Info:    Try loading font information for U+msb on input line 73.

(/usr/share/texmf/tex/latex/amsfonts/umsb.fd
File: umsb.fd 2002/01/19 v2.2g AMS font definitions
)
Overfull \hbox (1.76527pt too wide) in paragraph at lines 73--73
[][] 
 []

[1

{/usr/share/texmf/dvips/config/pdftex.map}]
Overfull \hbox (1.76527pt too wide) in paragraph at lines 84--84
[][] 
 []

<plots/intro1.pdf, id=11, 233.87375pt x 88.33pt>
File: plots/intro1.pdf Graphic file (type pdf)
 <use plots/intro1.pdf>
<plots/intro2.pdf, id=12, 157.58875pt x 146.5475pt>
File: plots/intro2.pdf Graphic file (type pdf)
 <use plots/intro2.pdf>
<plots/intro3.pdf, id=13, 157.58875pt x 146.5475pt>
File: plots/intro3.pdf Graphic file (type pdf)
 <use plots/intro3.pdf>
[1 <./plots/intro1.pdf> <./plots/intro2.pdf> <./plots/intro3.pdf>]
Overfull \hbox (1.76527pt too wide) in paragraph at lines 132--132
[][] 
 []

<plots/intro4.pdf, id=48, 243.91125pt x 94.3525pt>
File: plots/intro4.pdf Graphic file (type pdf)
 <use plots/intro4.pdf>
<plots/intro5.pdf, id=49, 269.005pt x 69.25874pt>
File: plots/intro5.pdf Graphic file (type pdf)
 <use plots/intro5.pdf>
<plots/intro6.pdf, id=50, 206.7725pt x 69.25874pt>
File: plots/intro6.pdf Graphic file (type pdf)
 <use plots/intro6.pdf>
[2 <./plots/intro4.pdf> <./plots/intro5.pdf> <./plots/intro6.pdf>]
Overfull \hbox (1.76527pt too wide) in paragraph at lines 159--159
[][] 
 []

<plots/qcd_proton.pdf, id=67, 1043.9pt x 847.165pt>
File: plots/qcd_proton.pdf Graphic file (type pdf)
 <use plots/qcd_proton.pdf>
[3 <./plots/qcd_proton.pdf>]
Overfull \hbox (1.76527pt too wide) in paragraph at lines 201--201
[][] 
 []

<thesis_newplots/vacuumpolarization.pdf, id=77, 81.30376pt x 30.1125pt>
File: thesis_newplots/vacuumpolarization.pdf Graphic file (type pdf)

<use thesis_newplots/vacuumpolarization.pdf>
<thesis_plots/latticevictory.pdf, id=78, 255.95625pt x 194.7275pt>
File: thesis_plots/latticevictory.pdf Graphic file (type pdf)

<use thesis_plots/latticevictory.pdf> [4 <./thesis_newplots/vacuumpolarization.
pdf> <./thesis_plots/latticevictory.pdf>]
Overfull \hbox (1.76527pt too wide) in paragraph at lines 216--216
[][] 
 []

<thesis_plots/fbresults.pdf, id=124, 677.53125pt x 476.78125pt>
File: thesis_plots/fbresults.pdf Graphic file (type pdf)

<use thesis_plots/fbresults.pdf> [5 <./thesis_plots/fbresults.pdf>]
Overfull \hbox (1.76527pt too wide) in paragraph at lines 222--222
[][] 
 []

<plots/diagram_GeeU.pdf, id=152, 506.89375pt x 149.55875pt>
File: plots/diagram_GeeU.pdf Graphic file (type pdf)

<use plots/diagram_GeeU.pdf>
Overfull \hbox (6.79999pt too wide) in paragraph at lines 256--257
[][] 
 []

[6 <./plots/diagram_GeeU.pdf>]
Overfull \hbox (1.76527pt too wide) in paragraph at lines 260--260
[][] 
 []

File: plots/diagram_GeeU.pdf Graphic file (type pdf)
<use plots/diagram_GeeU.pdf>
<plots/diagram_GeeU-reversed.pdf, id=175, 510.90875pt x 149.55875pt>
File: plots/diagram_GeeU-reversed.pdf Graphic file (type pdf)

<use plots/diagram_GeeU-reversed.pdf>
<plots/aerial_200dpi.pdf, id=176, 253.94875pt x 292.09125pt>
File: plots/aerial_200dpi.pdf Graphic file (type pdf)

<use plots/aerial_200dpi.pdf> [7 <./plots/diagram_GeeU-reversed.pdf> <./plots/a
erial_200dpi.pdf>]
Overfull \hbox (1.76527pt too wide) in paragraph at lines 294--294
[][] 
 []

<plots/samplescan.pdf, id=197, 473.77pt x 339.2675pt>
File: plots/samplescan.pdf Graphic file (type pdf)

<use plots/samplescan.pdf> [8 <./plots/samplescan.pdf>]
Overfull \hbox (1.76527pt too wide) in paragraph at lines 300--300
[][] 
 []


Overfull \hbox (2.16692pt too wide) in paragraph at lines 304--320
[]$[]$| 
 []

<plots/quarterview.pdf, id=212, 628.3475pt x 547.04375pt>
File: plots/quarterview.pdf Graphic file (type pdf)

<use plots/quarterview.pdf> [9 <./plots/quarterview.pdf>]
Overfull \hbox (1.76527pt too wide) in paragraph at lines 329--329
[][] 
 []

[10]
Overfull \hbox (1.76527pt too wide) in paragraph at lines 388--388
[][] 
 []

<plots/cuts.pdf, id=230, 486.81876pt x 311.1625pt>
File: plots/cuts.pdf Graphic file (type pdf)
 <use plots/cuts.pdf>
[11 <./plots/cuts.pdf>]
Overfull \hbox (1.76527pt too wide) in paragraph at lines 406--406
[][] 
 []

<plots/snazzy3d.pdf, id=243, 641.39626pt x 365.365pt>
File: plots/snazzy3d.pdf Graphic file (type pdf)
 <use plots/snazzy3d.pdf>
[12 <./plots/snazzy3d.pdf>]
Overfull \hbox (1.76527pt too wide) in paragraph at lines 421--421
[][] 
 []

<plots/awesome.pdf, id=254, 479.7925pt x 341.275pt>
File: plots/awesome.pdf Graphic file (type pdf)
 <use plots/awesome.pdf>
[13 <./plots/awesome.pdf>]
Overfull \hbox (1.76527pt too wide) in paragraph at lines 428--428
[][] 
 []

<plots/cosmicscontamination.pdf, id=269, 522.95375pt x 277.035pt>
File: plots/cosmicscontamination.pdf Graphic file (type pdf)

<use plots/cosmicscontamination.pdf> [14 <./plots/cosmicscontamination.pdf>]
Overfull \hbox (1.76527pt too wide) in paragraph at lines 444--444
[][] 
 []

<plots/twotoone.pdf, id=284, 403.5075pt x 161.60374pt>
File: plots/twotoone.pdf Graphic file (type pdf)

<use plots/twotoone.pdf>
<plots/pipimass.pdf, id=285, 263.98625pt x 247.92625pt>
File: plots/pipimass.pdf Graphic file (type pdf)

<use plots/pipimass.pdf>
Overfull \hbox (14.31987pt too wide) in paragraph at lines 452--473
[][] 
 []

[15 <./plots/twotoone.pdf> <./plots/pipimass.pdf>]
Overfull \hbox (1.76527pt too wide) in paragraph at lines 476--476
[][] 
 []

<thesis_newplots/pipitwotrack.pdf, id=302, 539.01375pt x 272.01625pt>
File: thesis_newplots/pipitwotrack.pdf Graphic file (type pdf)

<use thesis_newplots/pipitwotrack.pdf>
<thesis_plots/pipihadron.pdf, id=303, 551.05875pt x 266.9975pt>
File: thesis_plots/pipihadron.pdf Graphic file (type pdf)

<use thesis_plots/pipihadron.pdf> [16 <./thesis_newplots/pipitwotrack.pdf> <./t
hesis_plots/pipihadron.pdf>]
Overfull \hbox (1.76527pt too wide) in paragraph at lines 525--525
[][] 
 []

<plots/cascadepic.pdf, id=332, 184.69pt x 125.46875pt>
File: plots/cascadepic.pdf Graphic file (type pdf)

<use plots/cascadepic.pdf>
<thesis_plots/invariantmumass.pdf, id=333, 485.815pt x 235.88126pt>
File: thesis_plots/invariantmumass.pdf Graphic file (type pdf)

<use thesis_plots/invariantmumass.pdf> [17 <./plots/cascadepic.pdf> <./thesis_p
lots/invariantmumass.pdf>]
Overfull \hbox (1.76527pt too wide) in paragraph at lines 570--570
[][] 
 []

<plots/allee.pdf, id=350, 721.69624pt x 236.885pt>
File: plots/allee.pdf Graphic file (type pdf)
 <use plots/allee.pdf>
[18 <./plots/allee.pdf>]
Overfull \hbox (1.76527pt too wide) in paragraph at lines 594--594
[][] 
 []

<thesis_plots/comparelumis.pdf, id=366, 456.70625pt x 274.02374pt>
File: thesis_plots/comparelumis.pdf Graphic file (type pdf)

<use thesis_plots/comparelumis.pdf> [19 <./thesis_plots/comparelumis.pdf>]
Overfull \hbox (1.76527pt too wide) in paragraph at lines 605--605
[][] 
 []

<thesis_newplots/lumigamgam.pdf, id=372, 472.76625pt x 329.23pt>
File: thesis_newplots/lumigamgam.pdf Graphic file (type pdf)

<use thesis_newplots/lumigamgam.pdf> [20 <./thesis_newplots/lumigamgam.pdf>]
Overfull \hbox (1.76527pt too wide) in paragraph at lines 620--620
[][] 
 []

<plots/energyuncertainty.pdf, id=378, 135.50626pt x 93.34875pt>
File: plots/energyuncertainty.pdf Graphic file (type pdf)

<use plots/energyuncertainty.pdf>
Overfull \hbox (23.99998pt too wide) in paragraph at lines 623--636
 [] 
 []

[21 <./plots/energyuncertainty.pdf>]
Overfull \hbox (1.76527pt too wide) in paragraph at lines 667--667
[][] 
 []

<plots/beamenergydrift.pdf, id=394, 481.8pt x 154.5775pt>
File: plots/beamenergydrift.pdf Graphic file (type pdf)

<use plots/beamenergydrift.pdf> [22 <./plots/beamenergydrift.pdf>]
Overfull \hbox (1.76527pt too wide) in paragraph at lines 686--686
[][] 
 []

<plots/miscalhours.pdf, id=400, 469.755pt x 262.9825pt>
File: plots/miscalhours.pdf Graphic file (type pdf)

<use plots/miscalhours.pdf>
<plots/fitorder.pdf, id=401, 273.02pt x 480.79625pt>
File: plots/fitorder.pdf Graphic file (type pdf)
 <use plots/fitorder.pdf>
Overfull \hbox (9.55392pt too wide) in paragraph at lines 688--719
[][] 
 []

[23 <./plots/miscalhours.pdf> <./plots/fitorder.pdf>]
Overfull \hbox (1.76527pt too wide) in paragraph at lines 722--722
[][] 
 []

<plots/fits.pdf, id=419, 503.8825pt x 166.6225pt>
File: plots/fits.pdf Graphic file (type pdf)
 <use plots/fits.pdf> [24 <./plots/fits.pdf>]
Overfull \hbox (1.76527pt too wide) in paragraph at lines 747--747
[][] 
 []

<plots/pulls1.pdf, id=429, 473.77pt x 380.42125pt>
File: plots/pulls1.pdf Graphic file (type pdf)
 <use plots/pulls1.pdf>
[25 <./plots/pulls1.pdf>]
Overfull \hbox (1.76527pt too wide) in paragraph at lines 757--757
[][] 
 []

<plots/pulls2.pdf, id=435, 476.78125pt x 380.42125pt>
File: plots/pulls2.pdf Graphic file (type pdf)
 <use plots/pulls2.pdf>
[26 <./plots/pulls2.pdf>]
Overfull \hbox (1.76527pt too wide) in paragraph at lines 767--767
[][] 
 []

<plots/pulls3.pdf, id=441, 476.78125pt x 380.42125pt>
File: plots/pulls3.pdf Graphic file (type pdf)
 <use plots/pulls3.pdf>
[27 <./plots/pulls3.pdf>]
Overfull \hbox (1.76527pt too wide) in paragraph at lines 777--777
[][] 
 []

<plots/interference.pdf, id=447, 133.49875pt x 89.33376pt>
File: plots/interference.pdf Graphic file (type pdf)

<use plots/interference.pdf>
<plots/simpleintfit.pdf, id=448, 491.8375pt x 499.8675pt>
File: plots/simpleintfit.pdf Graphic file (type pdf)

<use plots/simpleintfit.pdf> [28 <./plots/interference.pdf> <./plots/simpleintf
it.pdf>]
Overfull \hbox (1.76527pt too wide) in paragraph at lines 807--807
[][] 
 []

<plots/intconstraint.pdf, id=471, 471.7625pt x 257.96375pt>
File: plots/intconstraint.pdf Graphic file (type pdf)

<use plots/intconstraint.pdf> [29 <./plots/intconstraint.pdf>]
Overfull \hbox (1.76527pt too wide) in paragraph at lines 830--830
[][] 
 []

[30]
Overfull \hbox (1.76527pt too wide) in paragraph at lines 858--858
[][] 
 []

[31]
Overfull \hbox (1.76527pt too wide) in paragraph at lines 886--886
[][] 
 []

<plots/historyplot.pdf, id=489, 602.25pt x 459.7175pt>
File: plots/historyplot.pdf Graphic file (type pdf)

<use plots/historyplot.pdf> [32 <./plots/historyplot.pdf>]
Overfull \hbox (1.76527pt too wide) in paragraph at lines 892--892
[][] 
 []

<plots/latticespacingagain.pdf, id=504, 765.86125pt x 498.86375pt>
File: plots/latticespacingagain.pdf Graphic file (type pdf)

<use plots/latticespacingagain.pdf> [33 <./plots/latticespacingagain.pdf>]
(./talk.aux) ) 
Here is how much of TeX's memory you used:
 1506 strings out of 50453
 20183 string characters out of 688420
 60438 words of memory out of 1500001
 4480 multiletter control sequences out of 10000+25000
 19774 words of font info for 73 fonts, out of 400000 for 1000
 14 hyphenation exceptions out of 10000
 25i,19n,24p,462b,512s stack positions out of 3000i,500n,3000p,50000b,5000s
</usr/share/texmf/fonts/type1/bluesky/cm/cmbx10.pfb></usr/share/t
exmf/fonts/type1/bluesky/cm/cmtt12.pfb></usr/share/texmf/fonts/type1/bluesky/cm
/cmti12.pfb></usr/share/texmf/fonts/type1/bluesky/cm/cmbx12.pfb></usr/share/tex
mf/fonts/type1/bluesky/cm/cmbsy10.pfb></usr/share/texmf/fonts/type1/bluesky/cme
xtra/cmmib7.pfb></usr/share/texmf/fonts/type1/bluesky/cm/cmmib10.pfb></usr/shar
e/texmf/fonts/type1/bluesky/cm/cmmi10.pfb></usr/share/texmf/fonts/type1/bluesky
/cm/cmmi7.pfb></usr/share/texmf/fonts/type1/bluesky/cm/cmr10.pfb></usr/share/te
xmf/fonts/type1/bluesky/cm/cmr7.pfb></usr/share/texmf/fonts/type1/bluesky/cm/cm
mi5.pfb></usr/share/texmf/fonts/type1/bluesky/cm/cmex10.pfb></usr/share/texmf/f
onts/type1/bluesky/symbols/msam10.pfb></usr/share/texmf/fonts/type1/bluesky/cm/
cmss12.pfb></usr/share/texmf/fonts/type1/bluesky/cm/cmr12.pfb></usr/share/texmf
/fonts/type1/bluesky/cm/cmsy10.pfb></usr/share/texmf/fonts/type1/bluesky/cm/cmm
i12.pfb></usr/share/texmf/fonts/type1/bluesky/cm/cmr17.pfb></usr/share/texmf/fo
nts/type1/bluesky/cm/cmss17.pfb>
Output written on talk.pdf (34 pages, 2130740 bytes).
