This is TeX, Version 3.14159 (Web2C 7.3.1) (format=tex 2003.2.18)  26 AUG 2005 17:16
**tmpxA3Kvu
(tmpxA3Kvu.tex)
*\scrollmode


*\raiseerror%
! Undefined control sequence.
<*> \raiseerror
               %
The control sequence at the end of the top line
of your error message was never \def'ed. If you have
misspelled it (e.g., `\hobx'), type `I' and the correct
spelling (e.g., `I\hbox'). Otherwise just continue,
and I'll forget about whatever was undefined.


*\def\PyX{P\kern-.3em\lower.5ex\hbox{Y}\kern-.18em X}%

*\gdef\PyXBoxHAlign{0}%

*\newbox\PyXBox%
\PyXBox=\box16

*\newbox\PyXBoxHAligned%
\PyXBoxHAligned=\box17

*\newdimen\PyXDimenHAlignLT%
\PyXDimenHAlignLT=\dimen16

*\newdimen\PyXDimenHAlignRT%
\PyXDimenHAlignRT=\dimen17

*\gdef\PyXFlushHAlign{0}%

*\newdimen\PyXraggedskipplus%
\PyXraggedskipplus=\dimen18

*\def\PyXragged{\PyXraggedskipplus=4em%

*\leftskip=0pt plus \PyXFlushHAlign\PyXraggedskipplus%

*\rightskip=0pt plus \PyXraggedskipplus%

*\advance\rightskip0pt plus -\PyXFlushHAlign\PyXraggedskipplus%

*\parfillskip=0pt%

*\spaceskip=0.333em%

*\xspaceskip=0.5em%

*\pretolerance=9999%

*\tolerance=9999%

*\parindent=0pt%

*\hyphenpenalty=9999%

*\exhyphenpenalty=9999}%

*\newbox\PyXBoxVBox%
\PyXBoxVBox=\box18

*\newdimen\PyXDimenVBox%
\PyXDimenVBox=\dimen19

*\newbox\PyXBoxVAlign%
\PyXBoxVAlign=\box19

*\newdimen\PyXDimenVAlign%
\PyXDimenVAlign=\dimen20

*\long\def\ProcessPyXBox#1#2{%

*\setbox\PyXBox=\hbox{{#1}}%

*\PyXDimenHAlignLT=\PyXBoxHAlign\wd\PyXBox%

*\PyXDimenHAlignRT=\wd\PyXBox%

*\advance\PyXDimenHAlignRT by -\PyXDimenHAlignLT%

*\gdef\PyXBoxHAlign{0}%

*\immediate\write16{PyXBox:page=#2,lt=\the\PyXDimenHAlignLT,rt=\the\PyXDimenHAl
ignRT,ht=\the\ht\PyXBox,dp=\the\dp\PyXBox:}%

*\setbox\PyXBoxHAligned=\hbox{\kern-\PyXDimenHAlignLT\box\PyXBox}%

*\ht\PyXBoxHAligned0pt%

*{\count0=80\count1=121\count2=88\count3=#2\shipout\box\PyXBoxHAligned}}%

*\def\PyXInput#1{\immediate\write16{PyXInputMarker:executeid=#1:}}%

*\def\PyXMarker#1{\hskip0pt\special{PyX:marker #1}}%

*%

*\PyXInput{1}%
PyXInputMarker:executeid=1:

*% This automatically generated file is part of PyX (http://pyx.sourceforge.net
/).

*% \latexstylename="10pt"

*% \latexclassname="article"

*% \latexclassopt="10pt"

*% \latexinit=""

*\def\tiny{\font\pyxfont=cmr5\pyxfont\font\pyxfonttfa=cmr5\textfont0=\pyxfonttf
a\font\pyxfontsfa=cmr5\scriptfont0=\pyxfontsfa\font\pyxfontssfa=cmr5\scriptscri
ptfont0=\pyxfontssfa\font\pyxfonttfb=cmmi5\textfont1=\pyxfonttfb\font\pyxfontsf
b=cmmi5\scriptfont1=\pyxfontsfb\font\pyxfontssfb=cmmi5\scriptscriptfont1=\pyxfo
ntssfb\font\pyxfonttfc=cmsy5\textfont2=\pyxfonttfc\font\pyxfontsfc=cmsy5\script
font2=\pyxfontsfc\font\pyxfontssfc=cmsy5\scriptscriptfont2=\pyxfontssfc\font\py
xfonttfd=cmex10\textfont3=\pyxfonttfd\font\pyxfontsfd=cmex10\scriptfont3=\pyxfo
ntsfd\font\pyxfontssfd=cmex10\scriptscriptfont3=\pyxfontssfd}

*\def\scriptsize{\font\pyxfont=cmr7\pyxfont\font\pyxfonttfa=cmr7\textfont0=\pyx
fonttfa\font\pyxfontsfa=cmr5\scriptfont0=\pyxfontsfa\font\pyxfontssfa=cmr5\scri
ptscriptfont0=\pyxfontssfa\font\pyxfonttfb=cmmi7\textfont1=\pyxfonttfb\font\pyx
fontsfb=cmmi5\scriptfont1=\pyxfontsfb\font\pyxfontssfb=cmmi5\scriptscriptfont1=
\pyxfontssfb\font\pyxfonttfc=cmsy7\textfont2=\pyxfonttfc\font\pyxfontsfc=cmsy5\
scriptfont2=\pyxfontsfc\font\pyxfontssfc=cmsy5\scriptscriptfont2=\pyxfontssfc\f
ont\pyxfonttfd=cmex10\textfont3=\pyxfonttfd\font\pyxfontsfd=cmex10\scriptfont3=
\pyxfontsfd\font\pyxfontssfd=cmex10\scriptscriptfont3=\pyxfontssfd}

*\def\footnotesize{\font\pyxfont=cmr8\pyxfont\font\pyxfonttfa=cmr8\textfont0=\p
yxfonttfa\font\pyxfontsfa=cmr6\scriptfont0=\pyxfontsfa\font\pyxfontssfa=cmr5\sc
riptscriptfont0=\pyxfontssfa\font\pyxfonttfb=cmmi8\textfont1=\pyxfonttfb\font\p
yxfontsfb=cmmi6\scriptfont1=\pyxfontsfb\font\pyxfontssfb=cmmi5\scriptscriptfont
1=\pyxfontssfb\font\pyxfonttfc=cmsy8\textfont2=\pyxfonttfc\font\pyxfontsfc=cmsy
6\scriptfont2=\pyxfontsfc\font\pyxfontssfc=cmsy5\scriptscriptfont2=\pyxfontssfc
\font\pyxfonttfd=cmex10\textfont3=\pyxfonttfd\font\pyxfontsfd=cmex10\scriptfont
3=\pyxfontsfd\font\pyxfontssfd=cmex10\scriptscriptfont3=\pyxfontssfd}

*\def\small{\font\pyxfont=cmr9\pyxfont\font\pyxfonttfa=cmr9\textfont0=\pyxfontt
fa\font\pyxfontsfa=cmr6\scriptfont0=\pyxfontsfa\font\pyxfontssfa=cmr5\scriptscr
iptfont0=\pyxfontssfa\font\pyxfonttfb=cmmi9\textfont1=\pyxfonttfb\font\pyxfonts
fb=cmmi6\scriptfont1=\pyxfontsfb\font\pyxfontssfb=cmmi5\scriptscriptfont1=\pyxf
ontssfb\font\pyxfonttfc=cmsy9\textfont2=\pyxfonttfc\font\pyxfontsfc=cmsy6\scrip
tfont2=\pyxfontsfc\font\pyxfontssfc=cmsy5\scriptscriptfont2=\pyxfontssfc\font\p
yxfonttfd=cmex10\textfont3=\pyxfonttfd\font\pyxfontsfd=cmex10\scriptfont3=\pyxf
ontsfd\font\pyxfontssfd=cmex10\scriptscriptfont3=\pyxfontssfd}

*\def\normalsize{\font\pyxfont=cmr10\pyxfont\font\pyxfonttfa=cmr10\textfont0=\p
yxfonttfa\font\pyxfontsfa=cmr7\scriptfont0=\pyxfontsfa\font\pyxfontssfa=cmr5\sc
riptscriptfont0=\pyxfontssfa\font\pyxfonttfb=cmmi10\textfont1=\pyxfonttfb\font\
pyxfontsfb=cmmi7\scriptfont1=\pyxfontsfb\font\pyxfontssfb=cmmi5\scriptscriptfon
t1=\pyxfontssfb\font\pyxfonttfc=cmsy10\textfont2=\pyxfonttfc\font\pyxfontsfc=cm
sy7\scriptfont2=\pyxfontsfc\font\pyxfontssfc=cmsy5\scriptscriptfont2=\pyxfontss
fc\font\pyxfonttfd=cmex10\textfont3=\pyxfonttfd\font\pyxfontsfd=cmex10\scriptfo
nt3=\pyxfontsfd\font\pyxfontssfd=cmex10\scriptscriptfont3=\pyxfontssfd}

*\def\large{\font\pyxfont=cmr12\pyxfont\font\pyxfonttfa=cmr12\textfont0=\pyxfon
ttfa\font\pyxfontsfa=cmr8\scriptfont0=\pyxfontsfa\font\pyxfontssfa=cmr6\scripts
criptfont0=\pyxfontssfa\font\pyxfonttfb=cmmi12\textfont1=\pyxfonttfb\font\pyxfo
ntsfb=cmmi8\scriptfont1=\pyxfontsfb\font\pyxfontssfb=cmmi6\scriptscriptfont1=\p
yxfontssfb\font\pyxfonttfc=cmsy10 at 12.0pt\textfont2=\pyxfonttfc\font\pyxfonts
fc=cmsy8\scriptfont2=\pyxfontsfc\font\pyxfontssfc=cmsy6\scriptscriptfont2=\pyxf
ontssfc\font\pyxfonttfd=cmex10\textfont3=\pyxfonttfd\font\pyxfontsfd=cmex10\scr
iptfont3=\pyxfontsfd\font\pyxfontssfd=cmex10\scriptscriptfont3=\pyxfontssfd}

*\def\Large{\font\pyxfont=cmr12 at 14.4pt\pyxfont\font\pyxfonttfa=cmr12 at 14.4
pt\textfont0=\pyxfonttfa\font\pyxfontsfa=cmr10\scriptfont0=\pyxfontsfa\font\pyx
fontssfa=cmr7\scriptscriptfont0=\pyxfontssfa\font\pyxfonttfb=cmmi12 at 14.4pt\t
extfont1=\pyxfonttfb\font\pyxfontsfb=cmmi10\scriptfont1=\pyxfontsfb\font\pyxfon
tssfb=cmmi7\scriptscriptfont1=\pyxfontssfb\font\pyxfonttfc=cmsy10 at 14.4pt\tex
tfont2=\pyxfonttfc\font\pyxfontsfc=cmsy10\scriptfont2=\pyxfontsfc\font\pyxfonts
sfc=cmsy7\scriptscriptfont2=\pyxfontssfc\font\pyxfonttfd=cmex10\textfont3=\pyxf
onttfd\font\pyxfontsfd=cmex10\scriptfont3=\pyxfontsfd\font\pyxfontssfd=cmex10\s
criptscriptfont3=\pyxfontssfd}

*\def\LARGE{\font\pyxfont=cmr17\pyxfont\font\pyxfonttfa=cmr17\textfont0=\pyxfon
ttfa\font\pyxfontsfa=cmr12\scriptfont0=\pyxfontsfa\font\pyxfontssfa=cmr10\scrip
tscriptfont0=\pyxfontssfa\font\pyxfonttfb=cmmi12 at 17.28pt\textfont1=\pyxfontt
fb\font\pyxfontsfb=cmmi12\scriptfont1=\pyxfontsfb\font\pyxfontssfb=cmmi10\scrip
tscriptfont1=\pyxfontssfb\font\pyxfonttfc=cmsy10 at 17.28pt\textfont2=\pyxfontt
fc\font\pyxfontsfc=cmsy10 at 12.0pt\scriptfont2=\pyxfontsfc\font\pyxfontssfc=cm
sy10\scriptscriptfont2=\pyxfontssfc\font\pyxfonttfd=cmex10\textfont3=\pyxfonttf
d\font\pyxfontsfd=cmex10\scriptfont3=\pyxfontsfd\font\pyxfontssfd=cmex10\script
scriptfont3=\pyxfontssfd}

*\def\huge{\font\pyxfont=cmr17 at 20.74pt\pyxfont\font\pyxfonttfa=cmr17 at 20.7
4pt\textfont0=\pyxfonttfa\font\pyxfontsfa=cmr12 at 14.4pt\scriptfont0=\pyxfonts
fa\font\pyxfontssfa=cmr12\scriptscriptfont0=\pyxfontssfa\font\pyxfonttfb=cmmi12
 at 20.74pt\textfont1=\pyxfonttfb\font\pyxfontsfb=cmmi12 at 14.4pt\scriptfont1=
\pyxfontsfb\font\pyxfontssfb=cmmi12\scriptscriptfont1=\pyxfontssfb\font\pyxfont
tfc=cmsy10 at 20.74pt\textfont2=\pyxfonttfc\font\pyxfontsfc=cmsy10 at 14.4pt\sc
riptfont2=\pyxfontsfc\font\pyxfontssfc=cmsy10 at 12.0pt\scriptscriptfont2=\pyxf
ontssfc\font\pyxfonttfd=cmex10\textfont3=\pyxfonttfd\font\pyxfontsfd=cmex10\scr
iptfont3=\pyxfontsfd\font\pyxfontssfd=cmex10\scriptscriptfont3=\pyxfontssfd}

*\def\Huge{\font\pyxfont=cmr17 at 24.88pt\pyxfont\font\pyxfonttfa=cmr17 at 24.8
8pt\textfont0=\pyxfonttfa\font\pyxfontsfa=cmr17 at 20.74pt\scriptfont0=\pyxfont
sfa\font\pyxfontssfa=cmr17\scriptscriptfont0=\pyxfontssfa\font\pyxfonttfb=cmmi1
2 at 24.88pt\textfont1=\pyxfonttfb\font\pyxfontsfb=cmmi12 at 20.74pt\scriptfont
1=\pyxfontsfb\font\pyxfontssfb=cmmi12 at 17.28pt\scriptscriptfont1=\pyxfontssfb
\font\pyxfonttfc=cmsy10 at 24.88pt\textfont2=\pyxfonttfc\font\pyxfontsfc=cmsy10
 at 20.74pt\scriptfont2=\pyxfontsfc\font\pyxfontssfc=cmsy10 at 17.28pt\scriptsc
riptfont2=\pyxfontssfc\font\pyxfonttfd=cmex10\textfont3=\pyxfonttfd\font\pyxfon
tsfd=cmex10\scriptfont3=\pyxfontsfd\font\pyxfontssfd=cmex10\scriptscriptfont3=\
pyxfontssfd}

*%

*\PyXInput{2}%
PyXInputMarker:executeid=2:

*\normalsize%

*%

*\PyXInput{3}%
PyXInputMarker:executeid=3:

*\newdimen\linewidth%
\linewidth=\dimen21

*%

*\PyXInput{4}%
PyXInputMarker:executeid=4:

*\ProcessPyXBox{\setbox0\hbox{$\vcenter{\vrule width0pt}$}\lower\ht0\hbox{{\gde
f\PyXBoxHAlign{0.50000}\gdef\PyXFlushHAlign{0.50000}\PyXragged{}$\displaystyle{
0.2}$}}%

*}{1}%
PyXBox:page=1,lt=6.3889pt,rt=6.38892pt,ht=3.94444pt,dp=2.5pt:
[80.121.88.1]
*\PyXInput{5}%
PyXInputMarker:executeid=5:

*\ProcessPyXBox{\setbox0\hbox{$\vcenter{\vrule width0pt}$}\lower\ht0\hbox{{\gde
f\PyXBoxHAlign{0.50000}\gdef\PyXFlushHAlign{0.50000}\PyXragged{}$\displaystyle{
0.4}$}}%

*}{2}%
PyXBox:page=2,lt=6.3889pt,rt=6.38892pt,ht=3.94444pt,dp=2.5pt:
[80.121.88.2]
*\PyXInput{6}%
PyXInputMarker:executeid=6:

*\ProcessPyXBox{\setbox0\hbox{$\vcenter{\vrule width0pt}$}\lower\ht0\hbox{{\gde
f\PyXBoxHAlign{0.50000}\gdef\PyXFlushHAlign{0.50000}\PyXragged{}$\displaystyle{
0.6}$}}%

*}{3}%
PyXBox:page=3,lt=6.3889pt,rt=6.38892pt,ht=3.94444pt,dp=2.5pt:
[80.121.88.3]
*\PyXInput{7}%
PyXInputMarker:executeid=7:

*\ProcessPyXBox{\setbox0\hbox{$\vcenter{\vrule width0pt}$}\lower\ht0\hbox{{\gde
f\PyXBoxHAlign{0.50000}\gdef\PyXFlushHAlign{0.50000}\PyXragged{}$\displaystyle{
0.8}$}}%

*}{4}%
PyXBox:page=4,lt=6.3889pt,rt=6.38892pt,ht=3.94444pt,dp=2.5pt:
[80.121.88.4]
*\PyXInput{8}%
PyXInputMarker:executeid=8:

*\ProcessPyXBox{\setbox0\hbox{$\vcenter{\vrule width0pt}$}\lower\ht0\hbox{{\gde
f\PyXBoxHAlign{0.50000}\gdef\PyXFlushHAlign{0.50000}\PyXragged{}$\displaystyle{
0.2}$}}%

*}{5}%
PyXBox:page=5,lt=6.3889pt,rt=6.38892pt,ht=3.94444pt,dp=2.5pt:
[80.121.88.5]
*\PyXInput{9}%
PyXInputMarker:executeid=9:

*\ProcessPyXBox{\setbox0\hbox{$\vcenter{\vrule width0pt}$}\lower\ht0\hbox{{\gde
f\PyXBoxHAlign{0.50000}\gdef\PyXFlushHAlign{0.50000}\PyXragged{}$\displaystyle{
0.3}$}}%

*}{6}%
PyXBox:page=6,lt=6.3889pt,rt=6.38892pt,ht=3.94444pt,dp=2.5pt:
[80.121.88.6]
*\PyXInput{10}%
PyXInputMarker:executeid=10:

*\ProcessPyXBox{\setbox0\hbox{$\vcenter{\vrule width0pt}$}\lower\ht0\hbox{{\gde
f\PyXBoxHAlign{0.50000}\gdef\PyXFlushHAlign{0.50000}\PyXragged{}$\displaystyle{
0.4}$}}%

*}{7}%
PyXBox:page=7,lt=6.3889pt,rt=6.38892pt,ht=3.94444pt,dp=2.5pt:
[80.121.88.7]
*\PyXInput{11}%
PyXInputMarker:executeid=11:

*\ProcessPyXBox{\setbox0\hbox{$\vcenter{\vrule width0pt}$}\lower\ht0\hbox{{\gde
f\PyXBoxHAlign{0.50000}\gdef\PyXFlushHAlign{0.50000}\PyXragged{}$\displaystyle{
0.5}$}}%

*}{8}%
PyXBox:page=8,lt=6.3889pt,rt=6.38892pt,ht=3.94444pt,dp=2.5pt:
[80.121.88.8]
*\PyXInput{12}%
PyXInputMarker:executeid=12:

*\ProcessPyXBox{\setbox0\hbox{$\vcenter{\vrule width0pt}$}\lower\ht0\hbox{{\gde
f\PyXBoxHAlign{0.50000}\gdef\PyXFlushHAlign{0.50000}\PyXragged{}$\displaystyle{
0.6}$}}%

*}{9}%
PyXBox:page=9,lt=6.3889pt,rt=6.38892pt,ht=3.94444pt,dp=2.5pt:
[80.121.88.9]
*\PyXInput{13}%
PyXInputMarker:executeid=13:

*\ProcessPyXBox{\setbox0\hbox{$\vcenter{\vrule width0pt}$}\lower\ht0\hbox{{\gde
f\PyXBoxHAlign{0.50000}\gdef\PyXFlushHAlign{0.50000}\PyXragged{}$\displaystyle{
0.7}$}}%

*}{10}%
PyXBox:page=10,lt=6.3889pt,rt=6.38892pt,ht=3.94444pt,dp=2.5pt:
[80.121.88.10]
*\PyXInput{14}%
PyXInputMarker:executeid=14:

*\ProcessPyXBox{\setbox0\hbox{$\vcenter{\vrule width0pt}$}\lower\ht0\hbox{{\gde
f\PyXBoxHAlign{0.50000}\gdef\PyXFlushHAlign{0.50000}\PyXragged{}$\displaystyle{
0.8}$}}%

*}{11}%
PyXBox:page=11,lt=6.3889pt,rt=6.38892pt,ht=3.94444pt,dp=2.5pt:
[80.121.88.11]
*\PyXInput{15}%
PyXInputMarker:executeid=15:

*\ProcessPyXBox{\setbox0\hbox{$\vcenter{\vrule width0pt}$}\lower\ht0\hbox{{\gde
f\PyXBoxHAlign{0.50000}\gdef\PyXFlushHAlign{0.50000}\PyXragged{}$\displaystyle{
0}$}}%

*}{12}%
PyXBox:page=12,lt=2.5pt,rt=2.50002pt,ht=3.94444pt,dp=2.5pt:
[80.121.88.12]
*\PyXInput{16}%
PyXInputMarker:executeid=16:

*\ProcessPyXBox{\setbox0\hbox{$\vcenter{\vrule width0pt}$}\lower\ht0\hbox{{\gde
f\PyXBoxHAlign{0.50000}\gdef\PyXFlushHAlign{0.50000}\PyXragged{}$\displaystyle{
0.25}$}}%

*}{13}%
PyXBox:page=13,lt=8.88892pt,rt=8.88892pt,ht=3.94444pt,dp=2.5pt:
[80.121.88.13]
*\PyXInput{17}%
PyXInputMarker:executeid=17:

*\ProcessPyXBox{\setbox0\hbox{$\vcenter{\vrule width0pt}$}\lower\ht0\hbox{{\gde
f\PyXBoxHAlign{0.50000}\gdef\PyXFlushHAlign{0.50000}\PyXragged{}$\displaystyle{
0.5}$}}%

*}{14}%
PyXBox:page=14,lt=6.3889pt,rt=6.38892pt,ht=3.94444pt,dp=2.5pt:
[80.121.88.14]
*\PyXInput{18}%
PyXInputMarker:executeid=18:

*\ProcessPyXBox{\setbox0\hbox{$\vcenter{\vrule width0pt}$}\lower\ht0\hbox{{\gde
f\PyXBoxHAlign{0.50000}\gdef\PyXFlushHAlign{0.50000}\PyXragged{}$\displaystyle{
0.75}$}}%

*}{15}%
PyXBox:page=15,lt=8.88892pt,rt=8.88892pt,ht=3.94444pt,dp=2.5pt:
[80.121.88.15]
*\PyXInput{19}%
PyXInputMarker:executeid=19:

*\ProcessPyXBox{\setbox0\hbox{$\vcenter{\vrule width0pt}$}\lower\ht0\hbox{{\gde
f\PyXBoxHAlign{0.50000}\gdef\PyXFlushHAlign{0.50000}\PyXragged{}$\displaystyle{
1}$}}%

*}{16}%
PyXBox:page=16,lt=2.5pt,rt=2.50002pt,ht=3.94444pt,dp=2.5pt:
[80.121.88.16]
*\PyXInput{20}%
PyXInputMarker:executeid=20:

*\ProcessPyXBox{\setbox0\hbox{$\vcenter{\vrule width0pt}$}\lower\ht0\hbox{{\gde
f\PyXBoxHAlign{0.50000}\gdef\PyXFlushHAlign{0.50000}\PyXragged{}$\displaystyle{
0}$}}%

*}{17}%
PyXBox:page=17,lt=2.5pt,rt=2.50002pt,ht=3.94444pt,dp=2.5pt:
[80.121.88.17]
*\PyXInput{21}%
PyXInputMarker:executeid=21:

*\ProcessPyXBox{\setbox0\hbox{$\vcenter{\vrule width0pt}$}\lower\ht0\hbox{{\gde
f\PyXBoxHAlign{0.50000}\gdef\PyXFlushHAlign{0.50000}\PyXragged{}$\displaystyle{
0.5}$}}%

*}{18}%
PyXBox:page=18,lt=6.3889pt,rt=6.38892pt,ht=3.94444pt,dp=2.5pt:
[80.121.88.18]
*\PyXInput{22}%
PyXInputMarker:executeid=22:

*\ProcessPyXBox{\setbox0\hbox{$\vcenter{\vrule width0pt}$}\lower\ht0\hbox{{\gde
f\PyXBoxHAlign{0.50000}\gdef\PyXFlushHAlign{0.50000}\PyXragged{}$\displaystyle{
1}$}}%

*}{19}%
PyXBox:page=19,lt=2.5pt,rt=2.50002pt,ht=3.94444pt,dp=2.5pt:
[80.121.88.19]
*\PyXInput{23}%
PyXInputMarker:executeid=23:

*\ProcessPyXBox{\setbox0\hbox{$\vcenter{\vrule width0pt}$}\lower\ht0\hbox{{\gde
f\PyXBoxHAlign{0.50000}\gdef\PyXFlushHAlign{0.50000}\PyXragged{}$\displaystyle{
0.2}$}}%

*}{20}%
PyXBox:page=20,lt=6.3889pt,rt=6.38892pt,ht=3.94444pt,dp=2.5pt:
[80.121.88.20]
*\PyXInput{24}%
PyXInputMarker:executeid=24:

*\ProcessPyXBox{\setbox0\hbox{$\vcenter{\vrule width0pt}$}\lower\ht0\hbox{{\gde
f\PyXBoxHAlign{0.50000}\gdef\PyXFlushHAlign{0.50000}\PyXragged{}$\displaystyle{
0.3}$}}%

*}{21}%
PyXBox:page=21,lt=6.3889pt,rt=6.38892pt,ht=3.94444pt,dp=2.5pt:
[80.121.88.21]
*\PyXInput{25}%
PyXInputMarker:executeid=25:

*\ProcessPyXBox{\setbox0\hbox{$\vcenter{\vrule width0pt}$}\lower\ht0\hbox{{\gde
f\PyXBoxHAlign{0.50000}\gdef\PyXFlushHAlign{0.50000}\PyXragged{}$\displaystyle{
0.4}$}}%

*}{22}%
PyXBox:page=22,lt=6.3889pt,rt=6.38892pt,ht=3.94444pt,dp=2.5pt:
[80.121.88.22]
*\PyXInput{26}%
PyXInputMarker:executeid=26:

*\ProcessPyXBox{\setbox0\hbox{$\vcenter{\vrule width0pt}$}\lower\ht0\hbox{{\gde
f\PyXBoxHAlign{0.50000}\gdef\PyXFlushHAlign{0.50000}\PyXragged{}$\displaystyle{
0.5}$}}%

*}{23}%
PyXBox:page=23,lt=6.3889pt,rt=6.38892pt,ht=3.94444pt,dp=2.5pt:
[80.121.88.23]
*\PyXInput{27}%
PyXInputMarker:executeid=27:

*\ProcessPyXBox{\setbox0\hbox{$\vcenter{\vrule width0pt}$}\lower\ht0\hbox{{\gde
f\PyXBoxHAlign{0.50000}\gdef\PyXFlushHAlign{0.50000}\PyXragged{}$\displaystyle{
0.6}$}}%

*}{24}%
PyXBox:page=24,lt=6.3889pt,rt=6.38892pt,ht=3.94444pt,dp=2.5pt:
[80.121.88.24]
*\PyXInput{28}%
PyXInputMarker:executeid=28:

*\ProcessPyXBox{\setbox0\hbox{$\vcenter{\vrule width0pt}$}\lower\ht0\hbox{{\gde
f\PyXBoxHAlign{0.50000}\gdef\PyXFlushHAlign{0.50000}\PyXragged{}$\displaystyle{
0.2}$}}%

*}{25}%
PyXBox:page=25,lt=6.3889pt,rt=6.38892pt,ht=3.94444pt,dp=2.5pt:
[80.121.88.25]
*\PyXInput{29}%
PyXInputMarker:executeid=29:

*\ProcessPyXBox{\setbox0\hbox{$\vcenter{\vrule width0pt}$}\lower\ht0\hbox{{\gde
f\PyXBoxHAlign{0.50000}\gdef\PyXFlushHAlign{0.50000}\PyXragged{}$\displaystyle{
0.4}$}}%

*}{26}%
PyXBox:page=26,lt=6.3889pt,rt=6.38892pt,ht=3.94444pt,dp=2.5pt:
[80.121.88.26]
*\PyXInput{30}%
PyXInputMarker:executeid=30:

*\ProcessPyXBox{\setbox0\hbox{$\vcenter{\vrule width0pt}$}\lower\ht0\hbox{{\gde
f\PyXBoxHAlign{0.50000}\gdef\PyXFlushHAlign{0.50000}\PyXragged{}$\displaystyle{
0.6}$}}%

*}{27}%
PyXBox:page=27,lt=6.3889pt,rt=6.38892pt,ht=3.94444pt,dp=2.5pt:
[80.121.88.27]
*\PyXInput{31}%
PyXInputMarker:executeid=31:

*\ProcessPyXBox{\setbox0\hbox{$\vcenter{\vrule width0pt}$}\lower\ht0\hbox{{\gde
f\PyXBoxHAlign{0.50000}\gdef\PyXFlushHAlign{0.50000}\PyXragged{}$\displaystyle{
0}$}}%

*}{28}%
PyXBox:page=28,lt=2.5pt,rt=2.50002pt,ht=3.94444pt,dp=2.5pt:
[80.121.88.28]
*\PyXInput{32}%
PyXInputMarker:executeid=32:

*\ProcessPyXBox{\setbox0\hbox{$\vcenter{\vrule width0pt}$}\lower\ht0\hbox{{\gde
f\PyXBoxHAlign{0.50000}\gdef\PyXFlushHAlign{0.50000}\PyXragged{}$\displaystyle{
0.25}$}}%

*}{29}%
PyXBox:page=29,lt=8.88892pt,rt=8.88892pt,ht=3.94444pt,dp=2.5pt:
[80.121.88.29]
*\PyXInput{33}%
PyXInputMarker:executeid=33:

*\ProcessPyXBox{\setbox0\hbox{$\vcenter{\vrule width0pt}$}\lower\ht0\hbox{{\gde
f\PyXBoxHAlign{0.50000}\gdef\PyXFlushHAlign{0.50000}\PyXragged{}$\displaystyle{
0.5}$}}%

*}{30}%
PyXBox:page=30,lt=6.3889pt,rt=6.38892pt,ht=3.94444pt,dp=2.5pt:
[80.121.88.30]
*\PyXInput{34}%
PyXInputMarker:executeid=34:

*\ProcessPyXBox{\setbox0\hbox{$\vcenter{\vrule width0pt}$}\lower\ht0\hbox{{\gde
f\PyXBoxHAlign{0.50000}\gdef\PyXFlushHAlign{0.50000}\PyXragged{}$\displaystyle{
0.75}$}}%

*}{31}%
PyXBox:page=31,lt=8.88892pt,rt=8.88892pt,ht=3.94444pt,dp=2.5pt:
[80.121.88.31]
*\PyXInput{35}%
PyXInputMarker:executeid=35:

*\ProcessPyXBox{\setbox0\hbox{$\vcenter{\vrule width0pt}$}\lower\ht0\hbox{{\gde
f\PyXBoxHAlign{0.50000}\gdef\PyXFlushHAlign{0.50000}\PyXragged{}$\displaystyle{
0.2}$}}%

*}{32}%
PyXBox:page=32,lt=6.3889pt,rt=6.38892pt,ht=3.94444pt,dp=2.5pt:
[80.121.88.32]
*\PyXInput{36}%
PyXInputMarker:executeid=36:

*\ProcessPyXBox{\setbox0\hbox{$\vcenter{\vrule width0pt}$}\lower\ht0\hbox{{\gde
f\PyXBoxHAlign{0.50000}\gdef\PyXFlushHAlign{0.50000}\PyXragged{}$\displaystyle{
0.25}$}}%

*}{33}%
PyXBox:page=33,lt=8.88892pt,rt=8.88892pt,ht=3.94444pt,dp=2.5pt:
[80.121.88.33]
*\PyXInput{37}%
PyXInputMarker:executeid=37:

*\ProcessPyXBox{\setbox0\hbox{$\vcenter{\vrule width0pt}$}\lower\ht0\hbox{{\gde
f\PyXBoxHAlign{0.50000}\gdef\PyXFlushHAlign{0.50000}\PyXragged{}$\displaystyle{
0.3}$}}%

*}{34}%
PyXBox:page=34,lt=6.3889pt,rt=6.38892pt,ht=3.94444pt,dp=2.5pt:
[80.121.88.34]
*\PyXInput{38}%
PyXInputMarker:executeid=38:

*\ProcessPyXBox{\setbox0\hbox{$\vcenter{\vrule width0pt}$}\lower\ht0\hbox{{\gde
f\PyXBoxHAlign{0.50000}\gdef\PyXFlushHAlign{0.50000}\PyXragged{}$\displaystyle{
0.35}$}}%

*}{35}%
PyXBox:page=35,lt=8.88892pt,rt=8.88892pt,ht=3.94444pt,dp=2.5pt:
[80.121.88.35]
*\PyXInput{39}%
PyXInputMarker:executeid=39:

*\ProcessPyXBox{\setbox0\hbox{$\vcenter{\vrule width0pt}$}\lower\ht0\hbox{{\gde
f\PyXBoxHAlign{0.50000}\gdef\PyXFlushHAlign{0.50000}\PyXragged{}$\displaystyle{
0.4}$}}%

*}{36}%
PyXBox:page=36,lt=6.3889pt,rt=6.38892pt,ht=3.94444pt,dp=2.5pt:
[80.121.88.36]
*\PyXInput{40}%
PyXInputMarker:executeid=40:

*\ProcessPyXBox{\setbox0\hbox{$\vcenter{\vrule width0pt}$}\lower\ht0\hbox{{\gde
f\PyXBoxHAlign{0.50000}\gdef\PyXFlushHAlign{0.50000}\PyXragged{}$\displaystyle{
0.45}$}}%

*}{37}%
PyXBox:page=37,lt=8.88892pt,rt=8.88892pt,ht=3.94444pt,dp=2.5pt:
[80.121.88.37]
*\PyXInput{41}%
PyXInputMarker:executeid=41:

*\ProcessPyXBox{\setbox0\hbox{$\vcenter{\vrule width0pt}$}\lower\ht0\hbox{{\gde
f\PyXBoxHAlign{0.50000}\gdef\PyXFlushHAlign{0.50000}\PyXragged{}$\displaystyle{
0.5}$}}%

*}{38}%
PyXBox:page=38,lt=6.3889pt,rt=6.38892pt,ht=3.94444pt,dp=2.5pt:
[80.121.88.38]
*\PyXInput{42}%
PyXInputMarker:executeid=42:

*\ProcessPyXBox{\setbox0\hbox{$\vcenter{\vrule width0pt}$}\lower\ht0\hbox{{\gde
f\PyXBoxHAlign{0.50000}\gdef\PyXFlushHAlign{0.50000}\PyXragged{}$\displaystyle{
0.55}$}}%

*}{39}%
PyXBox:page=39,lt=8.88892pt,rt=8.88892pt,ht=3.94444pt,dp=2.5pt:
[80.121.88.39]
*\PyXInput{43}%
PyXInputMarker:executeid=43:

*\ProcessPyXBox{\setbox0\hbox{$\vcenter{\vrule width0pt}$}\lower\ht0\hbox{{\gde
f\PyXBoxHAlign{0.50000}\gdef\PyXFlushHAlign{0.50000}\PyXragged{}$\displaystyle{
0.6}$}}%

*}{40}%
PyXBox:page=40,lt=6.3889pt,rt=6.38892pt,ht=3.94444pt,dp=2.5pt:
[80.121.88.40]
*\PyXInput{44}%
PyXInputMarker:executeid=44:

*\end%

Output written on tmpxA3Kvu.dvi (40 pages, 2788 bytes).
