This is TeX, Version 3.14159 (Web2c 7.0) (format=latex 1.10.14)  16 NOV 2001 10:14
**printout_data.tex
(printout_data.tex
LaTeX2e <2001/06/01>
(/usr/local/share/texmf/tex/latex/base/article.cls
Document Class: article 2001/04/21 v1.4e Standard LaTeX document class
(/usr/local/share/texmf/tex/latex/base/size10.clo
File: size10.clo 2001/04/21 v1.4e Standard LaTeX file (size option)
)
\c@part=\count79
\c@section=\count80
\c@subsection=\count81
\c@subsubsection=\count82
\c@paragraph=\count83
\c@subparagraph=\count84
\c@figure=\count85
\c@table=\count86
\abovecaptionskip=\skip41
\belowcaptionskip=\skip42
\bibindent=\dimen102
)
(/usr/local/share/texmf/tex/latex/packages/graphics/graphicx.sty
Package: graphicx 1999/02/16 v1.0f Enhanced LaTeX Graphics (DPC,SPQR)

(/usr/local/share/texmf/tex/latex/packages/graphics/keyval.sty
Package: keyval 1999/03/16 v1.13 key=value parser (DPC)
\KV@toks@=\toks14
)
(/usr/local/share/texmf/tex/latex/packages/graphics/graphics.sty
Package: graphics 2001/07/07 v1.0n Standard LaTeX Graphics (DPC,SPQR)

(/usr/local/share/texmf/tex/latex/packages/graphics/trig.sty
Package: trig 1999/03/16 v1.09 sin cos tan (DPC)
)
(/usr/local/share/texmf/tex/latex/packages/graphics/graphics.cfg)
Package graphics Info: Driver file: dvips.def on input line 80.

(/usr/local/share/texmf/tex/latex/packages/graphics/dvips.def
File: dvips.def 1999/02/16 v3.0i Driver-dependant file (DPC,SPQR)
))
\Gin@req@height=\dimen103
\Gin@req@width=\dimen104
)
(printout_data.aux)
\openout1 = `printout_data.aux'.

LaTeX Font Info:    Checking defaults for OML/cmm/m/it on input line 6.
LaTeX Font Info:    ... okay on input line 6.
LaTeX Font Info:    Checking defaults for T1/cmr/m/n on input line 6.
LaTeX Font Info:    ... okay on input line 6.
LaTeX Font Info:    Checking defaults for OT1/cmr/m/n on input line 6.
LaTeX Font Info:    ... okay on input line 6.
LaTeX Font Info:    Checking defaults for OMS/cmsy/m/n on input line 6.
LaTeX Font Info:    ... okay on input line 6.
LaTeX Font Info:    Checking defaults for OMX/cmex/m/n on input line 6.
LaTeX Font Info:    ... okay on input line 6.
LaTeX Font Info:    Checking defaults for U/cmr/m/n on input line 6.
LaTeX Font Info:    ... okay on input line 6.
File: printout_data.nb_gr1.eps Graphic file (type eps)
 <printout_data.nb_gr1.eps>
File: printout_data.nb_gr2.eps Graphic file (type eps)
 <printout_data.nb_gr2.eps>
Overfull \hbox (95.15932pt too wide) in paragraph at lines 10--13
[]  [] [] 
 []

[1

] (printout_data.aux) ) 
Here is how much of TeX's memory you used:
 503 strings out of 10960
 5616 string characters out of 73839
 49518 words of memory out of 263001
 3437 multiletter control sequences out of 10000+0
 3640 words of font info for 14 fonts, out of 100000 for 500
 14 hyphenation exceptions out of 1000
 25i,4n,19p,190b,151s stack positions out of 300i,100n,500p,3000b,4000s

Output written on printout_data.dvi (1 page, 352 bytes).
