This is pdfTeX, Version 3.14159-14h-released-20010417 (Web2C 7.3.3.1) (format=pdflatex 2003.2.18)  10 DEC 2005 14:28
**interference.tex
(./interference.tex{/usr/share/texmf/pdftex/config/pdftex.cfg}
LaTeX2e <2001/06/01>
Babel <v3.7h> and hyphenation patterns for american, french, german, ngerman, i
talian, nohyphenation, loaded.
(/usr/share/texmf/tex/latex/base/article.cls
Document Class: article 2001/04/21 v1.4e Standard LaTeX document class
(/usr/share/texmf/tex/latex/base/size12.clo
File: size12.clo 2001/04/21 v1.4e Standard LaTeX file (size option)
)
\c@part=\count79
\c@section=\count80
\c@subsection=\count81
\c@subsubsection=\count82
\c@paragraph=\count83
\c@subparagraph=\count84
\c@figure=\count85
\c@table=\count86
\abovecaptionskip=\skip41
\belowcaptionskip=\skip42
\bibindent=\dimen102
)
(/usr/share/texmf/tex/latex/amsmath/amsmath.sty
Package: amsmath 2000/07/18 v2.13 AMS math features
\@mathmargin=\skip43

For additional information on amsmath, use the `?' option.
(/usr/share/texmf/tex/latex/amsmath/amstext.sty
Package: amstext 2000/06/29 v2.01

(/usr/share/texmf/tex/latex/amsmath/amsgen.sty
File: amsgen.sty 1999/11/30 v2.0
\@emptytoks=\toks14
\ex@=\dimen103
))
(/usr/share/texmf/tex/latex/amsmath/amsbsy.sty
Package: amsbsy 1999/11/29 v1.2d
\pmbraise@=\dimen104
)
(/usr/share/texmf/tex/latex/amsmath/amsopn.sty
Package: amsopn 1999/12/14 v2.01 operator names
)
\inf@bad=\count87
LaTeX Info: Redefining \frac on input line 211.
\uproot@=\count88
\leftroot@=\count89
LaTeX Info: Redefining \overline on input line 307.
\classnum@=\count90
\DOTSCASE@=\count91
LaTeX Info: Redefining \ldots on input line 379.
LaTeX Info: Redefining \dots on input line 382.
LaTeX Info: Redefining \cdots on input line 467.
\Mathstrutbox@=\box26
\strutbox@=\box27
\big@size=\dimen105
LaTeX Font Info:    Redeclaring font encoding OML on input line 567.
LaTeX Font Info:    Redeclaring font encoding OMS on input line 568.
\macc@depth=\count92
\c@MaxMatrixCols=\count93
\dotsspace@=\muskip10
\c@parentequation=\count94
\dspbrk@lvl=\count95
\tag@help=\toks15
\row@=\count96
\column@=\count97
\maxfields@=\count98
\andhelp@=\toks16
\eqnshift@=\dimen106
\alignsep@=\dimen107
\tagshift@=\dimen108
\tagwidth@=\dimen109
\totwidth@=\dimen110
\lineht@=\dimen111
\@envbody=\toks17
\multlinegap=\skip44
\multlinetaggap=\skip45
\mathdisplay@stack=\toks18
LaTeX Info: Redefining \[ on input line 2666.
LaTeX Info: Redefining \] on input line 2667.
)
(/usr/share/texmf/tex/latex/graphics/graphicx.sty
Package: graphicx 1999/02/16 v1.0f Enhanced LaTeX Graphics (DPC,SPQR)

(/usr/share/texmf/tex/latex/graphics/keyval.sty
Package: keyval 1999/03/16 v1.13 key=value parser (DPC)
\KV@toks@=\toks19
)
(/usr/share/texmf/tex/latex/graphics/graphics.sty
Package: graphics 2001/07/07 v1.0n Standard LaTeX Graphics (DPC,SPQR)

(/usr/share/texmf/tex/latex/graphics/trig.sty
Package: trig 1999/03/16 v1.09 sin cos tan (DPC)
)
(/usr/share/texmf/tex/latex/config/graphics.cfg)
Package graphics Info: Driver file: pdftex.def on input line 80.

(/usr/share/texmf/tex/latex/graphics/pdftex.def
File: pdftex.def 2001/11/29 v0.03i graphics/color for pdftex
\Gread@gobject=\count99
))
\Gin@req@height=\dimen112
\Gin@req@width=\dimen113
) (./interference.aux)
\openout1 = `interference.aux'.

LaTeX Font Info:    Checking defaults for OML/cmm/m/it on input line 12.
LaTeX Font Info:    ... okay on input line 12.
LaTeX Font Info:    Checking defaults for T1/cmr/m/n on input line 12.
LaTeX Font Info:    ... okay on input line 12.
LaTeX Font Info:    Checking defaults for OT1/cmr/m/n on input line 12.
LaTeX Font Info:    ... okay on input line 12.
LaTeX Font Info:    Checking defaults for OMS/cmsy/m/n on input line 12.
LaTeX Font Info:    ... okay on input line 12.
LaTeX Font Info:    Checking defaults for OMX/cmex/m/n on input line 12.
LaTeX Font Info:    ... okay on input line 12.
LaTeX Font Info:    Checking defaults for U/cmr/m/n on input line 12.
LaTeX Font Info:    ... okay on input line 12.

(/usr/share/texmf/tex/context/base/supp-pdf.tex
(/usr/share/texmf/tex/context/base/supp-mis.tex
loading : Context Support Macros / Missing
\protectiondepth=\count100
\scratchcounter=\count101
\scratchtoks=\toks20
\scratchdimen=\dimen114
\scratchskip=\skip46
\scratchmuskip=\muskip11
\scratchbox=\box28
\scratchread=\read1
\scratchwrite=\write3
\zeropoint=\dimen115
\nextbox=\box29
\nextdepth=\dimen116
\everyline=\toks21
\!!counta=\count102
\!!countb=\count103
\recursecounter=\count104
)
loading : Context Support Macros / PDF
\nofMPsegments=\count105
\nofMParguments=\count106
\everyMPtoPDFconversion=\toks22
) [1

{/usr/share/texmf/dvips/config/pdftex.map}]
<interference-a.pdf, id=35, 488.82625pt x 487.8225pt>
File: interference-a.pdf Graphic file (type pdf)
 <use interference-a.pdf>
Overfull \hbox (17.62482pt too wide) in paragraph at lines 84--85
[][] 
 []

[2 <./interference-a.pdf>]
<interference-b.pdf, id=41, 488.82625pt x 487.8225pt>
File: interference-b.pdf Graphic file (type pdf)
 <use interference-b.pdf>
Overfull \hbox (17.62482pt too wide) in paragraph at lines 96--97
[][] 
 []

[3 <./interference-b.pdf>]
<interference-c.pdf, id=47, 488.82625pt x 487.8225pt>
File: interference-c.pdf Graphic file (type pdf)
 <use interference-c.pdf>
Overfull \hbox (17.62482pt too wide) in paragraph at lines 108--109
[][] 
 []

[4 <./interference-c.pdf>]
<interference-d.pdf, id=53, 488.82625pt x 487.8225pt>
File: interference-d.pdf Graphic file (type pdf)
 <use interference-d.pdf>
Overfull \hbox (17.62482pt too wide) in paragraph at lines 120--121
[][] 
 []

[5 <./interference-d.pdf>]
<interference-e.pdf, id=59, 488.82625pt x 487.8225pt>
File: interference-e.pdf Graphic file (type pdf)
 <use interference-e.pdf>
Overfull \hbox (17.62482pt too wide) in paragraph at lines 132--133
[][] 
 []

[6 <./interference-e.pdf>]
<interference-f.pdf, id=65, 488.82625pt x 487.8225pt>
File: interference-f.pdf Graphic file (type pdf)
 <use interference-f.pdf>
Overfull \hbox (17.62482pt too wide) in paragraph at lines 144--145
[][] 
 []

[7 <./interference-f.pdf>]
<interference-g.pdf, id=72, 488.82625pt x 487.8225pt>
File: interference-g.pdf Graphic file (type pdf)
 <use interference-g.pdf>
Overfull \hbox (17.62482pt too wide) in paragraph at lines 156--157
[][] 
 []

[8 <./interference-g.pdf>]
<interference-h.pdf, id=78, 488.82625pt x 487.8225pt>
File: interference-h.pdf Graphic file (type pdf)
 <use interference-h.pdf>
Overfull \hbox (17.62482pt too wide) in paragraph at lines 168--169
[][] 
 []

[9 <./interference-h.pdf>]
<interference-i.pdf, id=84, 488.82625pt x 487.8225pt>
File: interference-i.pdf Graphic file (type pdf)
 <use interference-i.pdf>
Overfull \hbox (17.62482pt too wide) in paragraph at lines 180--181
[][] 
 []

[10 <./interference-i.pdf>]
<interference-j.pdf, id=90, 488.82625pt x 487.8225pt>
File: interference-j.pdf Graphic file (type pdf)
 <use interference-j.pdf>
Overfull \hbox (17.62482pt too wide) in paragraph at lines 192--193
[][] 
 []

[11 <./interference-j.pdf>]
<interference-k.pdf, id=96, 488.82625pt x 487.8225pt>
File: interference-k.pdf Graphic file (type pdf)
 <use interference-k.pdf>
Overfull \hbox (17.62482pt too wide) in paragraph at lines 204--205
[][] 
 []

[12 <./interference-k.pdf>]
<interference-l.pdf, id=102, 488.82625pt x 487.8225pt>
File: interference-l.pdf Graphic file (type pdf)

<use interference-l.pdf>
Overfull \hbox (17.62482pt too wide) in paragraph at lines 216--217
[][] 
 []

[13 <./interference-l.pdf>]
<interference-m.pdf, id=109, 488.82625pt x 487.8225pt>
File: interference-m.pdf Graphic file (type pdf)

<use interference-m.pdf>
Overfull \hbox (17.62482pt too wide) in paragraph at lines 228--229
[][] 
 []

[14 <./interference-m.pdf>]
<interference-n.pdf, id=115, 488.82625pt x 487.8225pt>
File: interference-n.pdf Graphic file (type pdf)

<use interference-n.pdf>
Overfull \hbox (17.62482pt too wide) in paragraph at lines 240--241
[][] 
 []

[15 <./interference-n.pdf>]
<interference-o.pdf, id=121, 488.82625pt x 487.8225pt>
File: interference-o.pdf Graphic file (type pdf)

<use interference-o.pdf>
Overfull \hbox (17.62482pt too wide) in paragraph at lines 252--253
[][] 
 []

[16 <./interference-o.pdf>]
<interference-p.pdf, id=127, 488.82625pt x 487.8225pt>
File: interference-p.pdf Graphic file (type pdf)

<use interference-p.pdf>
Overfull \hbox (17.62482pt too wide) in paragraph at lines 264--265
[][] 
 []

[17 <./interference-p.pdf>]
<interference-qqonly.pdf, id=133, 443.6575pt x 359.3425pt>
File: interference-qqonly.pdf Graphic file (type pdf)

<use interference-qqonly.pdf>
<interference-gggamma.pdf, id=134, 443.6575pt x 346.29375pt>
File: interference-gggamma.pdf Graphic file (type pdf)

<use interference-gggamma.pdf> [18 <./interference-qqonly.pdf> <./interference-
gggamma.pdf>] (./interference.aux) ) 
Here is how much of TeX's memory you used:
 1552 strings out of 50453
 18935 string characters out of 688420
 72054 words of memory out of 1500001
 4560 multiletter control sequences out of 10000+25000
 8495 words of font info for 31 fonts, out of 400000 for 1000
 14 hyphenation exceptions out of 10000
 27i,10n,20p,225b,179s stack positions out of 3000i,500n,3000p,50000b,5000s
</usr/share/texmf/fonts/type1/bluesky/cm/cm
r10.pfb></usr/share/texmf/fonts/type1/bluesky/cm/cmmi6.pfb></usr/share/texmf/fo
nts/type1/bluesky/cm/cmex10.pfb></usr/share/texmf/fonts/type1/bluesky/cm/cmsy8.
pfb></usr/share/texmf/fonts/type1/bluesky/cm/cmsy10.pfb></usr/share/texmf/fonts
/type1/bluesky/cm/cmr8.pfb></usr/share/texmf/fonts/type1/bluesky/cm/cmmi8.pfb><
/usr/share/texmf/fonts/type1/bluesky/cm/cmr12.pfb></usr/share/texmf/fonts/type1
/bluesky/cm/cmr17.pfb></usr/share/texmf/fonts/type1/bluesky/cm/cmmi12.pfb></usr
/share/texmf/fonts/type1/bluesky/cm/cmbx12.pfb>
Output written on interference.pdf (18 pages, 287262 bytes).
