This is TeX, Version 3.14159 (Web2C 7.3.1) (format=latex 2003.2.18)  27 JAN 2006 17:18
**prl.tex
(prl.tex
LaTeX2e <2001/06/01>
Babel <v3.7h> and hyphenation patterns for american, french, german, ngerman, i
talian, nohyphenation, loaded.
(/usr/share/texmf/tex/latex/revtex4/revtex4.cls
Document Class: revtex4 2001/08/03 v4.0 (http://publish.aps.org/revtex4/ for do
cumentation)
 Copyright (c) 2001 The American Physical Society.
 mailto:revtex@aps.org
 Licensed under the LPPL:
http://www.ctan.org/tex-archive/macros/latex/base/lppl.txt
 Arthur Ogawa <ogawa@teleport.com>
 Based on work by David Carlisle <david@dcarlisle.demon.co.uk>.
ltxutil: portions licensed from W. E. Baxter (web@superscript.com)
Class revtex4 Info: Repairing broken LateX \@sect on input line 596.
\intertabularlinepenalty=\count79
\@tbpen=\count80
\@arstrutbox@hline=\box26
Class revtex4 Info: Repairing broken LaTeX \@xbitor on input line 1610.
ltxgrid: portions licensed from W. E. Baxter (web@superscript.com)
\c@linecount=\count81
\output=\toks14
\@protection@box=\box27
\@topmark@saved=\toks15
\footins@saved=\box28
\pagesofar=\box29
\footbox=\box30
\pagegrid@col=\count82
Class revtex4 Info: Incorporating package {textcase}  [1998/11/12 v0.06 Text on
ly upper/lower case changing (DPC)]. on input line 3682.
(/usr/share/texmf/tex/latex/html/url.sty
Package: url 1999/03/02  ver 1.4  Verb mode for urls, email addresses, and file
 names
)
\c@affil=\count83
\absbox=\box31
\c@part=\count84
\c@section=\count85
\c@subsection=\count86
\c@subsubsection=\count87
\c@paragraph=\count88
\c@subparagraph=\count89
\abovecaptionskip=\skip41
\belowcaptionskip=\skip42
\c@figure=\count90
\c@table=\count91

(/usr/share/texmf/tex/latex/natbib/natbib.sty
Package: natbib 1999/05/28 7.0 (PWD)
\bibhang=\skip43
\bibsep=\skip44
LaTeX Info: Redefining \cite on input line 508.
\c@NAT@ctr=\count92
)
\widetext@top=\box32
\widetext@bot=\box33

(/usr/share/texmf/tex/latex/revtex4/revsymb.sty
Package: revsymb 2001/08/03 v4.0 (http://publish.aps.org/revtex4/ for documenta
tion)
LaTeX Info: Redefining \REV@mathfrak on input line 118.
))
(/usr/share/texmf/tex/latex/revtex4/aps.rtx
File: aps.rtx 2001/08/03 v4.0 (http://publish.aps.org/revtex4/ for documentatio
n)
)
(/usr/share/texmf/tex/latex/revtex4/10pt.rtx
File: 10pt.rtx 2001/08/03 v4.0 (http://publish.aps.org/revtex4/ for documentati
on)
)
(/usr/share/texmf/tex/latex/graphics/graphicx.sty
Package: graphicx 1999/02/16 v1.0f Enhanced LaTeX Graphics (DPC,SPQR)

(/usr/share/texmf/tex/latex/graphics/keyval.sty
Package: keyval 1999/03/16 v1.13 key=value parser (DPC)
\KV@toks@=\toks16
)
(/usr/share/texmf/tex/latex/graphics/graphics.sty
Package: graphics 2001/07/07 v1.0n Standard LaTeX Graphics (DPC,SPQR)

(/usr/share/texmf/tex/latex/graphics/trig.sty
Package: trig 1999/03/16 v1.09 sin cos tan (DPC)
)
(/usr/share/texmf/tex/latex/config/graphics.cfg)
Package graphics Info: Driver file: dvips.def on input line 80.

(/usr/share/texmf/tex/latex/graphics/dvips.def
File: dvips.def 1999/02/16 v3.0i Driver-dependant file (DPC,SPQR)
))
\Gin@req@height=\dimen102
\Gin@req@width=\dimen103
)
(/usr/share/texmf/tex/latex/tools/dcolumn.sty
Package: dcolumn 2001/05/28 v1.06 decimal alignment package (DPC)

(/usr/share/texmf/tex/latex/tools/array.sty
Package: array 1998/05/13 v2.3m Tabular extension package (FMi)
\col@sep=\dimen104
\extrarowheight=\dimen105
\NC@list=\toks17
\extratabsurround=\skip45
\backup@length=\skip46
))
(/usr/share/texmf/tex/latex/tools/bm.sty
Package: bm 1999/07/05 v1.0g Bold Symbol Support (DPC/FMi)
\symboldoperators=\mathgroup4
\symboldletters=\mathgroup5
\symboldsymbols=\mathgroup6
LaTeX Font Info:    Redeclaring math alphabet \mathbf on input line 137.
LaTeX Info: Redefining \bm on input line 195.
)
(/usr/share/texmf/tex/latex/misc/ulem.sty
\UL@box=\box34
\UL@hyphenbox=\box35
\UL@skip=\skip47
\UL@pe=\count93
\UL@pixel=\dimen106
\ULC@box=\box36
Package: ulem 1997/04/21
\ULdepth=\dimen107
) (prl.aux)
\openout1 = `prl.aux'.

LaTeX Font Info:    Checking defaults for OML/cmm/m/it on input line 72.
LaTeX Font Info:    ... okay on input line 72.
LaTeX Font Info:    Checking defaults for T1/cmr/m/n on input line 72.
LaTeX Font Info:    ... okay on input line 72.
LaTeX Font Info:    Checking defaults for OT1/cmr/m/n on input line 72.
LaTeX Font Info:    ... okay on input line 72.
LaTeX Font Info:    Checking defaults for OMS/cmsy/m/n on input line 72.
LaTeX Font Info:    ... okay on input line 72.
LaTeX Font Info:    Checking defaults for OMX/cmex/m/n on input line 72.
LaTeX Font Info:    ... okay on input line 72.
LaTeX Font Info:    Checking defaults for U/cmr/m/n on input line 72.
LaTeX Font Info:    ... okay on input line 72.
Class revtex4 Info: Patching array package. on input line 72.
Class revtex4 Info: cite was not loaded (OK!) on input line 72.
Class revtex4 Info: multicol was not loaded (OK!) on input line 72.
LaTeX Font Info:    External font `cmex10' loaded for size
(Font)              <9> on input line 277.
LaTeX Font Info:    External font `cmex10' loaded for size
(Font)              <6> on input line 277.
LaTeX Font Info:    External font `cmex10' loaded for size
(Font)              <5> on input line 277.
LaTeX Font Info:    External font `cmex10' loaded for size
(Font)              <12> on input line 291.
LaTeX Font Info:    External font `cmex10' loaded for size
(Font)              <8> on input line 291.
LaTeX Font Info:    External font `cmex10' loaded for size
(Font)              <7> on input line 291.
 [1]
File: cuts.eps Graphic file (type eps)
 <cuts.eps>
Underfull \hbox (badness 1082) in paragraph at lines 380--393
[]\OT1/cmr/m/n/10 The con-tri-bu-tion of two-photon events ($\OML/cmm/m/it/10 e
[]e[] \OMS/cmsy/m/n/10 !
 []

[2]
File: backgrounds.eps Graphic file (type eps)
 <backgrounds.eps>
File: cascades.eps Graphic file (type eps)
 <cascades.eps> [3]
Underfull \hbox (badness 1205) in paragraph at lines 506--516
[]\OT1/cmr/m/n/10 Accurate mea-sure-ment of beam en-er-gies are also
 []

File: fits.eps Graphic file (type eps)
<fits.eps> [4]
Overfull \hbox (5.15024pt too wide) in paragraph at lines 708--712
 []\OT1/cmr/m/n/9 J.E. Du-boscq, \OT1/cmtt/m/n/9 http://www.lip.pt/events/2005/
hep2005
 []


Underfull \hbox (badness 1365) in paragraph at lines 708--712
 \OT1/cmtt/m/n/9 /talks/hep2005[]talk[]JeanDuboscq.pdf\OT1/cmr/m/n/9 , pages 14
--18,
 []

[5] (prl.aux) ) 
Here is how much of TeX's memory you used:
 2264 strings out of 20880
 26135 string characters out of 196184
 91645 words of memory out of 350001
 5213 multiletter control sequences out of 10000+15000
 15656 words of font info for 54 fonts, out of 400000 for 1000
 14 hyphenation exceptions out of 10000
 29i,10n,22p,489b,367s stack positions out of 3000i,100n,1500p,50000b,4000s

Output written on prl.dvi (5 pages, 36160 bytes).
