This is pdfTeX, Version 3.14159-14h-released-20010417 (Web2C 7.3.3.1) (format=pdflatex 2003.2.18)  27 JAN 2006 14:35
**prl_refereed.tex
(./prl_refereed.tex{/usr/share/texmf/pdftex/config/pdftex.cfg}
LaTeX2e <2001/06/01>
Babel <v3.7h> and hyphenation patterns for american, french, german, ngerman, i
talian, nohyphenation, loaded.
(/usr/share/texmf/tex/latex/revtex4/revtex4.cls
Document Class: revtex4 2001/08/03 v4.0 (http://publish.aps.org/revtex4/ for do
cumentation)
 Copyright (c) 2001 The American Physical Society.
 mailto:revtex@aps.org
 Licensed under the LPPL:
http://www.ctan.org/tex-archive/macros/latex/base/lppl.txt
 Arthur Ogawa <ogawa@teleport.com>
 Based on work by David Carlisle <david@dcarlisle.demon.co.uk>.
ltxutil: portions licensed from W. E. Baxter (web@superscript.com)
Class revtex4 Info: Repairing broken LateX \@sect on input line 596.
\intertabularlinepenalty=\count79
\@tbpen=\count80
\@arstrutbox@hline=\box26
Class revtex4 Info: Repairing broken LaTeX \@xbitor on input line 1610.
ltxgrid: portions licensed from W. E. Baxter (web@superscript.com)
\c@linecount=\count81
\output=\toks14
\@protection@box=\box27
\@topmark@saved=\toks15
\footins@saved=\box28
\pagesofar=\box29
\footbox=\box30
\pagegrid@col=\count82
Class revtex4 Info: Incorporating package {textcase}  [1998/11/12 v0.06 Text on
ly upper/lower case changing (DPC)]. on input line 3682.
(/usr/share/texmf/tex/latex/html/url.sty
Package: url 1999/03/02  ver 1.4  Verb mode for urls, email addresses, and file
 names
)
\c@affil=\count83
\absbox=\box31
\c@part=\count84
\c@section=\count85
\c@subsection=\count86
\c@subsubsection=\count87
\c@paragraph=\count88
\c@subparagraph=\count89
\abovecaptionskip=\skip41
\belowcaptionskip=\skip42
\c@figure=\count90
\c@table=\count91

(/usr/share/texmf/tex/latex/natbib/natbib.sty
Package: natbib 1999/05/28 7.0 (PWD)
\bibhang=\skip43
\bibsep=\skip44
LaTeX Info: Redefining \cite on input line 508.
\c@NAT@ctr=\count92
)
\widetext@top=\box32
\widetext@bot=\box33

(/usr/share/texmf/tex/latex/revtex4/revsymb.sty
Package: revsymb 2001/08/03 v4.0 (http://publish.aps.org/revtex4/ for documenta
tion)
LaTeX Info: Redefining \REV@mathfrak on input line 118.
))
(/usr/share/texmf/tex/latex/revtex4/aps.rtx
File: aps.rtx 2001/08/03 v4.0 (http://publish.aps.org/revtex4/ for documentatio
n)
)
(/usr/share/texmf/tex/latex/revtex4/10pt.rtx
File: 10pt.rtx 2001/08/03 v4.0 (http://publish.aps.org/revtex4/ for documentati
on)
)
(/usr/share/texmf/tex/latex/graphics/graphicx.sty
Package: graphicx 1999/02/16 v1.0f Enhanced LaTeX Graphics (DPC,SPQR)

(/usr/share/texmf/tex/latex/graphics/keyval.sty
Package: keyval 1999/03/16 v1.13 key=value parser (DPC)
\KV@toks@=\toks16
)
(/usr/share/texmf/tex/latex/graphics/graphics.sty
Package: graphics 2001/07/07 v1.0n Standard LaTeX Graphics (DPC,SPQR)

(/usr/share/texmf/tex/latex/graphics/trig.sty
Package: trig 1999/03/16 v1.09 sin cos tan (DPC)
)
(/usr/share/texmf/tex/latex/config/graphics.cfg)
Package graphics Info: Driver file: pdftex.def on input line 80.

(/usr/share/texmf/tex/latex/graphics/pdftex.def
File: pdftex.def 2001/11/29 v0.03i graphics/color for pdftex
\Gread@gobject=\count93
))
\Gin@req@height=\dimen102
\Gin@req@width=\dimen103
)
(/usr/share/texmf/tex/latex/tools/dcolumn.sty
Package: dcolumn 2001/05/28 v1.06 decimal alignment package (DPC)

(/usr/share/texmf/tex/latex/tools/array.sty
Package: array 1998/05/13 v2.3m Tabular extension package (FMi)
\col@sep=\dimen104
\extrarowheight=\dimen105
\NC@list=\toks17
\extratabsurround=\skip45
\backup@length=\skip46
))
(/usr/share/texmf/tex/latex/tools/bm.sty
Package: bm 1999/07/05 v1.0g Bold Symbol Support (DPC/FMi)
\symboldoperators=\mathgroup4
\symboldletters=\mathgroup5
\symboldsymbols=\mathgroup6
LaTeX Font Info:    Redeclaring math alphabet \mathbf on input line 137.
LaTeX Info: Redefining \bm on input line 195.
)
(/usr/share/texmf/tex/latex/misc/ulem.sty
\UL@box=\box34
\UL@hyphenbox=\box35
\UL@skip=\skip47
\UL@pe=\count94
\UL@pixel=\dimen106
\ULC@box=\box36
Package: ulem 1997/04/21
\ULdepth=\dimen107
) (./prl_refereed.aux)
\openout1 = `prl_refereed.aux'.

LaTeX Font Info:    Checking defaults for OML/cmm/m/it on input line 72.
LaTeX Font Info:    ... okay on input line 72.
LaTeX Font Info:    Checking defaults for T1/cmr/m/n on input line 72.
LaTeX Font Info:    ... okay on input line 72.
LaTeX Font Info:    Checking defaults for OT1/cmr/m/n on input line 72.
LaTeX Font Info:    ... okay on input line 72.
LaTeX Font Info:    Checking defaults for OMS/cmsy/m/n on input line 72.
LaTeX Font Info:    ... okay on input line 72.
LaTeX Font Info:    Checking defaults for OMX/cmex/m/n on input line 72.
LaTeX Font Info:    ... okay on input line 72.
LaTeX Font Info:    Checking defaults for U/cmr/m/n on input line 72.
LaTeX Font Info:    ... okay on input line 72.
Class revtex4 Info: Patching array package. on input line 72.
Class revtex4 Info: cite was not loaded (OK!) on input line 72.
Class revtex4 Info: multicol was not loaded (OK!) on input line 72.

(/usr/share/texmf/tex/context/base/supp-pdf.tex
(/usr/share/texmf/tex/context/base/supp-mis.tex
loading : Context Support Macros / Missing
\protectiondepth=\count95
\scratchcounter=\count96
\scratchtoks=\toks18
\scratchdimen=\dimen108
\scratchskip=\skip48
\scratchmuskip=\muskip10
\scratchbox=\box37
\scratchread=\read1
\scratchwrite=\write3
\zeropoint=\dimen109
\nextbox=\box38
\nextdepth=\dimen110
\everyline=\toks19
\!!counta=\count97
\!!countb=\count98
\recursecounter=\count99
)
loading : Context Support Macros / PDF
\nofMPsegments=\count100
\nofMParguments=\count101
\everyMPtoPDFconversion=\toks20
)
LaTeX Font Info:    External font `cmex10' loaded for size
(Font)              <9> on input line 277.
LaTeX Font Info:    External font `cmex10' loaded for size
(Font)              <6> on input line 277.
LaTeX Font Info:    External font `cmex10' loaded for size
(Font)              <5> on input line 277.
LaTeX Font Info:    External font `cmex10' loaded for size
(Font)              <12> on input line 291.
LaTeX Font Info:    External font `cmex10' loaded for size
(Font)              <8> on input line 291.
LaTeX Font Info:    External font `cmex10' loaded for size
(Font)              <7> on input line 291.
 [1{/usr/share/texmf/dvips/config/pdftex.map}]
<cuts.pdf, id=47, 486.81876pt x 311.1625pt>
File: cuts.pdf Graphic file (type pdf)
 <use cuts.pdf>
Underfull \hbox (badness 1082) in paragraph at lines 380--393
[]/cmr10/The con-tri-bu-tion of two-photon events ($/cmmi10/e[]e[] /cmsy10/!
 []

[2 <./cuts.pdf>] <backgrounds.pdf, id=69, 480.79625pt x 311.1625pt>
File: backgrounds.pdf Graphic file (type pdf)

<use backgrounds.pdf> <cascades.pdf, id=70, 524.96124pt x 266.9975pt>
File: cascades.pdf Graphic file (type pdf)

<use cascades.pdf> [3 <./backgrounds.pdf> <./cascades.pdf>]
Underfull \hbox (badness 1205) in paragraph at lines 506--516
[]/cmr10/Accurate mea-sure-ment of beam en-er-gies are also
 []

<fits.pdf, id=89, 506.89375pt x 169.63374pt>
File: fits.pdf Graphic file (type pdf)
 <use fits.pdf> [4]
Overfull \hbox (5.15024pt too wide) in paragraph at lines 708--712
 []/cmr9/J.E. Du-boscq, /cmtt9/http://www.lip.pt/events/2005/hep2005
 []


Underfull \hbox (badness 1365) in paragraph at lines 708--712
 /cmtt9//talks/hep2005[]talk[]JeanDuboscq.pdf/cmr9/, pages 14--18,
 []

[5 <./fits.pdf>] (./prl_refereed.aux) ) 
Here is how much of TeX's memory you used:
 2626 strings out of 50453
 31353 string characters out of 688420
 96780 words of memory out of 1500001
 5613 multiletter control sequences out of 10000+25000
 15656 words of font info for 54 fonts, out of 400000 for 1000
 14 hyphenation exceptions out of 10000
 29i,10n,22p,498b,367s stack positions out of 3000i,500n,3000p,50000b,5000s
</usr/share/texmf/fonts/type1/bluesky/cm
/cmsl9.pfb></usr/share/texmf/fonts/type1/bluesky/cm/cmtt9.pfb></usr/share/texmf
/fonts/type1/bluesky/cm/cmbx9.pfb></usr/share/texmf/fonts/type1/bluesky/cm/cmmi
5.pfb></usr/share/texmf/fonts/type1/bluesky/cm/cmmi6.pfb></usr/share/texmf/font
s/type1/bluesky/cm/cmcsc10.pfb></usr/share/texmf/fonts/type1/bluesky/cm/cmsy10.
pfb></usr/share/texmf/fonts/type1/bluesky/cm/cmex10.pfb></usr/share/texmf/fonts
/type1/bluesky/cm/cmsy7.pfb></usr/share/texmf/fonts/type1/bluesky/cm/cmmi7.pfb>
</usr/share/texmf/fonts/type1/bluesky/cm/cmmi10.pfb></usr/share/texmf/fonts/typ
e1/bluesky/cm/cmr8.pfb></usr/share/texmf/fonts/type1/bluesky/cm/cmsy9.pfb></usr
/share/texmf/fonts/type1/bluesky/cm/cmsy6.pfb></usr/share/texmf/fonts/type1/blu
esky/cm/cmr6.pfb></usr/share/texmf/fonts/type1/bluesky/cm/cmmi9.pfb></usr/share
/texmf/fonts/type1/bluesky/cm/cmr9.pfb></usr/share/texmf/fonts/type1/bluesky/cm
/cmti9.pfb></usr/share/texmf/fonts/type1/bluesky/cm/cmti7.pfb></usr/share/texmf
/fonts/type1/bluesky/cm/cmr7.pfb></usr/share/texmf/fonts/type1/bluesky/cm/cmr10
.pfb></usr/share/texmf/fonts/type1/bluesky/cm/cmmi12.pfb></usr/share/texmf/font
s/type1/bluesky/cm/cmr12.pfb></usr/share/texmf/fonts/type1/bluesky/cm/cmbx12.pf
b>
Output written on prl_refereed.pdf (5 pages, 279945 bytes).
