This is TeX, Version 3.14159 (Web2C 7.3.1) (format=latex 2002.8.29)  26 JAN 2004 09:53
**cbx
(cbx.tex
LaTeX2e <2000/06/01>
Babel <v3.7h> and hyphenation patterns for american, french, german, ngerman, i
talian, nohyphenation, loaded.
(/usr/share/texmf/tex/latex/base/article.cls
Document Class: article 2000/05/19 v1.4b Standard LaTeX document class
(/usr/share/texmf/tex/latex/base/size12.clo
File: size12.clo 2000/05/19 v1.4b Standard LaTeX file (size option)
)
\c@part=\count79
\c@section=\count80
\c@subsection=\count81
\c@subsubsection=\count82
\c@paragraph=\count83
\c@subparagraph=\count84
\c@figure=\count85
\c@table=\count86
\abovecaptionskip=\skip41
\belowcaptionskip=\skip42
\bibindent=\dimen102
)
(/usr/share/texmf/tex/latex/graphics/graphicx.sty
Package: graphicx 1999/02/16 v1.0f Enhanced LaTeX Graphics (DPC,SPQR)

(/usr/share/texmf/tex/latex/graphics/keyval.sty
Package: keyval 1999/03/16 v1.13 key=value parser (DPC)
\KV@toks@=\toks14
)
(/usr/share/texmf/tex/latex/graphics/graphics.sty
Package: graphics 1999/02/16 v1.0l Standard LaTeX Graphics (DPC,SPQR)

(/usr/share/texmf/tex/latex/graphics/trig.sty
Package: trig 1999/03/16 v1.09 sin cos tan (DPC)
)
(/usr/share/texmf/tex/latex/config/graphics.cfg)
Package graphics Info: Driver file: dvips.def on input line 80.

(/usr/share/texmf/tex/latex/graphics/dvips.def
File: dvips.def 1999/02/16 v3.0i Driver-dependant file (DPC,SPQR)
))
\Gin@req@height=\dimen103
\Gin@req@width=\dimen104
) (cbx.aux)
\openout1 = `cbx.aux'.

LaTeX Font Info:    Checking defaults for OML/cmm/m/it on input line 16.
LaTeX Font Info:    ... okay on input line 16.
LaTeX Font Info:    Checking defaults for T1/cmr/m/n on input line 16.
LaTeX Font Info:    ... okay on input line 16.
LaTeX Font Info:    Checking defaults for OT1/cmr/m/n on input line 16.
LaTeX Font Info:    ... okay on input line 16.
LaTeX Font Info:    Checking defaults for OMS/cmsy/m/n on input line 16.
LaTeX Font Info:    ... okay on input line 16.
LaTeX Font Info:    Checking defaults for OMX/cmex/m/n on input line 16.
LaTeX Font Info:    ... okay on input line 16.
LaTeX Font Info:    Checking defaults for U/cmr/m/n on input line 16.
LaTeX Font Info:    ... okay on input line 16.
LaTeX Font Info:    External font `cmex10' loaded for size
(Font)              <14.4> on input line 19.
LaTeX Font Info:    External font `cmex10' loaded for size
(Font)              <7> on input line 19.
LaTeX Font Info:    External font `cmex10' loaded for size
(Font)              <10.95> on input line 24.
LaTeX Font Info:    External font `cmex10' loaded for size
(Font)              <8> on input line 24.
LaTeX Font Info:    External font `cmex10' loaded for size
(Font)              <6> on input line 24.
 [1

] (cbx.toc)
\tf@toc=\write3
\openout3 = `cbx.toc'.


[2]
LaTeX Font Info:    Try loading font information for OMS+cmr on input line 108.

 (/usr/share/texmf/tex/latex/base/omscmr.fd
File: omscmr.fd 1999/05/25 v2.5h Standard LaTeX font definitions
)
LaTeX Font Info:    Font shape `OMS/cmr/m/n' in size <10.95> not available
(Font)              Font shape `OMS/cmsy/m/n' tried instead on input line 108.
 [3] [4] [5]
Overfull \hbox (91.35391pt too wide) in paragraph at lines 244--244
 []\OT1/cmtt/m/n/10.95 run_file $env(C3_SCRIPTS)/trackingDataFull.tcl          
                               $[] 
 []

[6]
Overfull \hbox (1.77498pt too wide) in paragraph at lines 298--301
\OT1/cmr/m/n/10.95 Tcl code to do this is pro-vided in ZDAlign-mentB-hab-haFil-
ter-Proc/Test/sample.tcl,
 []


Overfull \hbox (0.43025pt too wide) in paragraph at lines 337--347
[]\OT1/cmr/m/n/10.95 Once suez has loaded ev-ery-thing, type \OT1/cmtt/m/n/10.9
5 iterator go\OT1/cmr/m/n/10.95 . This opens a His-togramViewer
 []

[7] [8] [9] [10]
File: sketch.eps Graphic file (type eps)
 <sketch.eps> [11] [12] [13] [14]
Underfull \hbox (badness 10000) in paragraph at lines 910--913
[]\OT1/cmr/m/n/10.95 Explicitly move the track's
 []


Underfull \hbox (badness 10000) in paragraph at lines 910--913
\OT1/cmr/m/n/10.95 ref-er-ence point close to the
 []


Underfull \hbox (badness 10000) in paragraph at lines 910--913
\OT1/cmr/m/n/10.95 hit so that swim-ming is a
 []


Underfull \hbox (badness 10000) in paragraph at lines 910--913
\OT1/cmr/m/n/10.95 smaller ex-trap-o-la-tion. Call
 []


Underfull \hbox (badness 1789) in paragraph at lines 919--921
\OT1/cmtt/m/n/10.95 Corrections() \OT1/cmr/m/n/10.95 to ap-ply cor-rec-
 []


Underfull \hbox (badness 2846) in paragraph at lines 919--921
\OT1/cmr/m/n/10.95 tions to the hit which re-quire
 []


Underfull \hbox (badness 10000) in paragraph at lines 922--925
[]\OT1/cmr/m/n/10.95 Execute \OT1/cmtt/m/n/10.95 applyTrackCorrec\OT1/cmr/m/n/1
0.95 -
 []


Underfull \hbox (badness 1033) in paragraph at lines 922--925
\OT1/cmtt/m/n/10.95 tions() \OT1/cmr/m/n/10.95 to ap-ply cor-rec-tions to
 []

[15]
Overfull \hbox (3.46576pt too wide) in paragraph at lines 968--968
[]\OT1/cmr/bx/n/17.28 DRAlignmentMod \OT1/cmr/bx/n/12 (and DRAlign-mentB-hab-ha
Fil-ter-Proc) 
 []

[16]
Overfull \hbox (2.69083pt too wide) in paragraph at lines 1036--1054
[]\OT1/cmr/m/n/10.95 A good in-tro-duc-tion to DRAlign-ment-Mod strat-egy is th
ere-fore Sec-tion 2.1[], ZDAlign-
 []

[17] [18] [19]
Overfull \hbox (1.95303pt too wide) in paragraph at lines 1236--1236
[]\OT1/cmr/m/n/10.95 HelixIntersection/HIDual-
 []


Overfull \hbox (9.55717pt too wide) in paragraph at lines 1237--1237
[]\OT1/cmr/m/n/10.95 DualTrackProd/DualTrack-
 []


Underfull \hbox (badness 10000) in paragraph at lines 1240--1240
[]\OT1/cmr/m/n/10.95 DualTrackHelices/Dual-
 []


Overfull \hbox (5.90718pt too wide) in paragraph at lines 1241--1241
[]\OT1/cmr/m/n/10.95 DualTrackProd/DualTrack
 []


Underfull \hbox (badness 3118) in paragraph at lines 1247--1247
[]\OT1/cmr/m/n/10.95 Conversion to stan-dard
 []


Overfull \hbox (9.13132pt too wide) in paragraph at lines 1249--1249
[]\OT1/cmr/m/n/10.95 DualTrackToUsageTagProd 
 []

[20]
Overfull \hbox (1.77568pt too wide) in paragraph at lines 1291--1295
[]\OT1/cmr/m/n/10.95 If this event suc-cess-fully per-formed a dual-track fit, 
\OT1/cmtt/m/n/10.95 dual[]track->results().fit\OT1/cmr/m/n/10.95 -
 []


Overfull \hbox (10.47867pt too wide) in paragraph at lines 1325--1327
[]\OT1/cmr/m/n/10.95 DualTrackProd will also cal-cu-late resid-u-als of hits wi
th re-spect to the dual-constrained
 []

[21] [22] [23] [24] [25] (cbx.aux) ) 
Here is how much of TeX's memory you used:
 565 strings out of 20887
 6277 string characters out of 196241
 55718 words of memory out of 350001
 3546 multiletter control sequences out of 10000+15000
 10401 words of font info for 37 fonts, out of 400000 for 1000
 14 hyphenation exceptions out of 10000
 25i,24n,19p,584b,509s stack positions out of 3000i,100n,1500p,50000b,4000s

Output written on cbx.dvi (25 pages, 97260 bytes).
