This is TeX, Version 3.14159 (Web2c 7.0) (format=latex 1.10.14)  8 APR 2002 13:31
**demonstrate.tex
(demonstrate.tex
LaTeX2e <2001/06/01>
(/usr/local/share/texmf/tex/latex/base/article.cls
Document Class: article 2001/04/21 v1.4e Standard LaTeX document class
(/usr/local/share/texmf/tex/latex/base/size12.clo
File: size12.clo 2001/04/21 v1.4e Standard LaTeX file (size option)
)
\c@part=\count79
\c@section=\count80
\c@subsection=\count81
\c@subsubsection=\count82
\c@paragraph=\count83
\c@subparagraph=\count84
\c@figure=\count85
\c@table=\count86
\abovecaptionskip=\skip41
\belowcaptionskip=\skip42
\bibindent=\dimen102
)
(/usr/local/share/texmf/tex/latex/packages/graphics/graphicx.sty
Package: graphicx 1999/02/16 v1.0f Enhanced LaTeX Graphics (DPC,SPQR)

(/usr/local/share/texmf/tex/latex/packages/graphics/keyval.sty
Package: keyval 1999/03/16 v1.13 key=value parser (DPC)
\KV@toks@=\toks14
)
(/usr/local/share/texmf/tex/latex/packages/graphics/graphics.sty
Package: graphics 2001/07/07 v1.0n Standard LaTeX Graphics (DPC,SPQR)

(/usr/local/share/texmf/tex/latex/packages/graphics/trig.sty
Package: trig 1999/03/16 v1.09 sin cos tan (DPC)
)
(/usr/local/share/texmf/tex/latex/packages/graphics/graphics.cfg)
Package graphics Info: Driver file: dvips.def on input line 80.

(/usr/local/share/texmf/tex/latex/packages/graphics/dvips.def
File: dvips.def 1999/02/16 v3.0i Driver-dependant file (DPC,SPQR)
))
\Gin@req@height=\dimen103
\Gin@req@width=\dimen104
)
(demonstrate.aux)
\openout1 = `demonstrate.aux'.

LaTeX Font Info:    Checking defaults for OML/cmm/m/it on input line 6.
LaTeX Font Info:    ... okay on input line 6.
LaTeX Font Info:    Checking defaults for T1/cmr/m/n on input line 6.
LaTeX Font Info:    ... okay on input line 6.
LaTeX Font Info:    Checking defaults for OT1/cmr/m/n on input line 6.
LaTeX Font Info:    ... okay on input line 6.
LaTeX Font Info:    Checking defaults for OMS/cmsy/m/n on input line 6.
LaTeX Font Info:    ... okay on input line 6.
LaTeX Font Info:    Checking defaults for OMX/cmex/m/n on input line 6.
LaTeX Font Info:    ... okay on input line 6.
LaTeX Font Info:    Checking defaults for U/cmr/m/n on input line 6.
LaTeX Font Info:    ... okay on input line 6.
LaTeX Font Info:    External font `cmex10' loaded for size
(Font)              <12> on input line 9.
LaTeX Font Info:    External font `cmex10' loaded for size
(Font)              <8> on input line 9.
LaTeX Font Info:    External font `cmex10' loaded for size
(Font)              <6> on input line 9.
File: layer1_right4.eps Graphic file (type eps)
 <layer1_right4.eps>
File: layer1_right3.eps Graphic file (type eps)
 <layer1_right3.eps>
File: layer1_right2.eps Graphic file (type eps)
 <layer1_right2.eps>
File: layer1_right1.eps Graphic file (type eps)

<layer1_right1.eps>
Overfull \hbox (49.4104pt too wide) in paragraph at lines 9--15
[] 
 []

[1

]
File: layer1_left1.eps Graphic file (type eps)
 <layer1_left1.eps>
File: layer1_left2.eps Graphic file (type eps)
 <layer1_left2.eps>
File: layer1_left3.eps Graphic file (type eps)
 <layer1_left3.eps>
File: layer1_left4.eps Graphic file (type eps)

<layer1_left4.eps>
Overfull \hbox (49.4104pt too wide) in paragraph at lines 19--25
[] 
 []

[2]
File: layer2_left2.eps Graphic file (type eps)
 <layer2_left2.eps>
File: layer2_right2.eps Graphic file (type eps)
 <layer2_right2.eps>
File: layer2_left1.eps Graphic file (type eps)
 <layer2_left1.eps>
File: layer2_right1.eps Graphic file (type eps)

<layer2_right1.eps>
Overfull \hbox (49.4104pt too wide) in paragraph at lines 29--35
[] 
 []

[3]
File: layer3_left2.eps Graphic file (type eps)
 <layer3_left2.eps>
File: layer3_right2.eps Graphic file (type eps)
 <layer3_right2.eps>
File: layer3_left1.eps Graphic file (type eps)
 <layer3_left1.eps>
File: layer3_right1.eps Graphic file (type eps)

<layer3_right1.eps>
Overfull \hbox (49.4104pt too wide) in paragraph at lines 39--45
[] 
 []

File: layer3_middle.eps Graphic file (type eps)
<layer3_middle.eps> [4]
File: layer4_left3.eps Graphic file (type eps)
 <layer4_left3.eps>
File: layer4_right3.eps Graphic file (type eps)
 <layer4_right3.eps>
File: layer4_left2.eps Graphic file (type eps)

<layer4_left2.eps>
File: layer4_right2.eps Graphic file (type eps)
 <layer4_right2.eps>
File: layer4_left1.eps Graphic file (type eps)
 <layer4_left1.eps>
File: layer4_right1.eps Graphic file (type eps)
 <layer4_right1.eps>
Overfull \hbox (49.4104pt too wide) in paragraph at lines 52--60
[] 
 []


Overfull \vbox (44.6363pt too high) has occurred while \output is active []


[5] (demonstrate.aux) ) 
Here is how much of TeX's memory you used:
 566 strings out of 10960
 6477 string characters out of 73839
 49553 words of memory out of 263001
 3470 multiletter control sequences out of 10000+0
 6981 words of font info for 25 fonts, out of 100000 for 500
 14 hyphenation exceptions out of 1000
 25i,7n,19p,188b,249s stack positions out of 300i,100n,500p,3000b,4000s

Output written on demonstrate.dvi (5 pages, 2472 bytes).
