Mathematica 4.0 for Linux
Copyright 1988-1999 Wolfram Research, Inc.
 -- Motif graphics initialized -- 

In[1]:= << lookfor_strong_thetadependence.m
Loaded all definitions, ready to do some number-crunching...
wrote lookfor_varyPhi0.mx...
wrote lookfor_varyPhi1.mx...
wrote lookfor_varyPhi2.mx...
wrote lookfor_varyPhi0d1mm.mx...
wrote lookfor_varyPhi1d1mm.mx...
wrote lookfor_varyPhi2d1mm.mx...

                                 1
Power::infy: Infinite expression -- encountered.
                                 0.

Infinity::indet: Indeterminate expression 0. ComplexInfinity encountered.

CompiledFunction::cfsa: 
   Argument Indeterminate at position 1 should be a machine-size real number.

CompiledFunction::cfsa: 
                                   1
   Argument If[Indeterminate > ----------, <<2>>] at position 1 should be a 
                               1000000000
    machine-size real number.

CompiledFunction::cfsa: 
   Argument -0.000587785 + <<1>> - 10.1127 Sin[0.08 If[<<3>>]] at position 1
     should be a machine-size real number.

General::stop: Further output of CompiledFunction::cfsa
     will be suppressed during this calculation.

Part::partw: Part 1 of {} does not exist.

Set::shape: Lists {wire$29342482, dca$29342482} and {}[[1]]
     are not the same shape.

Part::partw: Part 1 of {} does not exist.

Set::shape: Lists {wire$29342482, dca$29342482} and {}[[1]]
     are not the same shape.

Part::partw: Part 1 of {} does not exist.

General::stop: Further output of Part::partw
     will be suppressed during this calculation.

Set::shape: Lists {wire$29342482, dca$29342482} and {}[[1]]
     are not the same shape.

General::stop: Further output of Set::shape
     will be suppressed during this calculation.
wrote lookfor_varyPhi0dm1mm.mx...
wrote lookfor_varyPhi1dm1mm.mx...
wrote lookfor_varyPhi2dm1mm.mx...
wrote lookfor_shearTogetherVaryPhi0.mx...
wrote lookfor_shearTogetherVaryPhi1.mx...
wrote lookfor_shearTogetherVaryPhi2.mx...
wrote lookfor_shearTogetherVaryPhi0d1mm.mx...
wrote lookfor_shearTogetherVaryPhi1d1mm.mx...
wrote lookfor_shearTogetherVaryPhi2d1mm.mx...

                                 1
Power::infy: Infinite expression -- encountered.
                                 0.

Infinity::indet: Indeterminate expression 0. ComplexInfinity encountered.
wrote lookfor_shearTogetherVaryPhi0dm1mm.mx...
wrote lookfor_shearTogetherVaryPhi1dm1mm.mx...

FindMinimum::fmmp: 
   Machine precision is insufficient to achieve the requested accuracy or
    precision.
wrote lookfor_shearTogetherVaryPhi2dm1mm.mx...
wrote lookfor_shearApartVaryPhi0.mx...
wrote lookfor_shearApartVaryPhi1.mx...

$RecursionLimit::reclim: Recursion depth of 256 exceeded.

$RecursionLimit::reclim: Recursion depth of 256 exceeded.

FindMinimum::fmnum: 
                                -6                               2
   Objective function 1.66089 10   + (-0.000227455 + Sqrt[<<1>>])
                                                                  -6
     is not real at {c, p, d, t, z} = {0.089991, 4.7124, 9.3209 10  , 2., 0.}.

ReplaceAll::reps: 
   {{c, 0.0894427, 0.0894447}} is neither a list of replacement rules nor a
     valid dispatch table, and so cannot be used for replacing.

ReplaceAll::reps: 
   {{c, 0.0894427, 0.0894447}} is neither a list of replacement rules nor a
     valid dispatch table, and so cannot be used for replacing.

ReplaceAll::reps: 
   {{c, 0.0894427, 0.0894447}} is neither a list of replacement rules nor a
     valid dispatch table, and so cannot be used for replacing.

General::stop: Further output of ReplaceAll::reps
     will be suppressed during this calculation.
wrote lookfor_shearApartVaryPhi2.mx...
wrote lookfor_shearApartVaryPhi0d1mm.mx...
wrote lookfor_shearApartVaryPhi1d1mm.mx...
wrote lookfor_shearApartVaryPhi2d1mm.mx...

                                 1
Power::infy: Infinite expression -- encountered.
                                 0.

General::stop: Further output of Power::infy
     will be suppressed during this calculation.

Infinity::indet: Indeterminate expression 0. ComplexInfinity encountered.

General::stop: Further output of Infinity::indet
     will be suppressed during this calculation.
wrote lookfor_shearApartVaryPhi0dm1mm.mx...

$RecursionLimit::reclim: Recursion depth of 256 exceeded.

General::stop: Further output of $RecursionLimit::reclim
     will be suppressed during this calculation.

FindMinimum::fmnum: 
                                                                 2
   Objective function 0.0000303573 + (-0.000448792 + Sqrt[<<1>>])
     is not real at {c, p, d, t, z} = 
    {0.0602567, 5.96947, -0.000603098, 0.979569, 0.00149224}.
wrote lookfor_shearApartVaryPhi1dm1mm.mx...
wrote lookfor_shearApartVaryPhi2dm1mm.mx...
wrote lookfor_rotateApartVaryPhi0.mx...
wrote lookfor_rotateApartVaryPhi1.mx...
wrote lookfor_rotateApartVaryPhi2.mx...
wrote lookfor_rotateApartVaryPhi0d1mm.mx...

FindMinimum::fmnum: 
                                -8               -6               2
   Objective function 2.31443 10   + (-7.47051 10   + Sqrt[<<1>>])
     is not real at {c, p, d, t, z} = 
    {0.0711174, 0.628554, 0.00116291, 1.00099, -0.00115121}.

General::stop: Further output of FindMinimum::fmnum
     will be suppressed during this calculation.
wrote lookfor_rotateApartVaryPhi1d1mm.mx...
wrote lookfor_rotateApartVaryPhi2d1mm.mx...
wrote lookfor_rotateApartVaryPhi0dm1mm.mx...
wrote lookfor_rotateApartVaryPhi1dm1mm.mx...
wrote lookfor_rotateApartVaryPhi2dm1mm.mx...
wrote lookfor_shearFunkyVaryPhi0.mx...
wrote lookfor_shearFunkyVaryPhi1.mx...
wrote lookfor_shearFunkyVaryPhi2.mx...
wrote lookfor_shearFunkyVaryPhi0d1mm.mx...
wrote lookfor_shearFunkyVaryPhi1d1mm.mx...
wrote lookfor_shearFunkyVaryPhi2d1mm.mx...
wrote lookfor_shearFunkyVaryPhi0dm1mm.mx...
wrote lookfor_shearFunkyVaryPhi1dm1mm.mx...
wrote lookfor_shearFunkyVaryPhi2dm1mm.mx...
wrote lookfor_shearRotateVaryPhi0.mx...
wrote lookfor_shearRotateVaryPhi1.mx...
wrote lookfor_shearRotateVaryPhi2.mx...
wrote lookfor_shearRotateVaryPhi0d1mm.mx...
wrote lookfor_shearRotateVaryPhi1d1mm.mx...

FindMinimum::fmmp: 
   Machine precision is insufficient to achieve the requested accuracy or
    precision.
wrote lookfor_shearRotateVaryPhi2d1mm.mx...
wrote lookfor_shearRotateVaryPhi0dm1mm.mx...
wrote lookfor_shearRotateVaryPhi1dm1mm.mx...
wrote lookfor_shearRotateVaryPhi2dm1mm.mx...

In[2]:= 
