Mathematica 4.0 for Linux
Copyright 1988-1999 Wolfram Research, Inc.
 -- Motif graphics initialized -- 

In[1]:= << lookfor_strong_thetadependence.m
Loaded all definitions, ready to do some number-crunching...
wrote lookfor_shearTogetherVaryPhi0_small.mx...
wrote lookfor_shearTogetherVaryPhi1_small.mx...
wrote lookfor_shearTogetherVaryPhi2_small.mx...
wrote lookfor_shearTogetherVaryPhi0d1mm_small.mx...
wrote lookfor_shearTogetherVaryPhi1d1mm_small.mx...
wrote lookfor_shearTogetherVaryPhi2d1mm_small.mx...

                                 1
Power::infy: Infinite expression -- encountered.
                                 0.

Infinity::indet: Indeterminate expression 0. ComplexInfinity encountered.

CompiledFunction::cfsa: 
   Argument Indeterminate at position 1 should be a machine-size real number.

CompiledFunction::cfsa: 
                                   1
   Argument If[Indeterminate > ----------, <<2>>] at position 1 should be a 
                               1000000000
    machine-size real number.

CompiledFunction::cfsa: 
   Argument -0.000587785 + <<1>> - 10.1127 Sin[0.08 If[<<3>>]] at position 1
     should be a machine-size real number.

General::stop: Further output of CompiledFunction::cfsa
     will be suppressed during this calculation.

Part::partw: Part 1 of {} does not exist.

Set::shape: Lists {wire$15126257, dca$15126257} and {}[[1]]
     are not the same shape.

Part::partw: Part 1 of {} does not exist.

Set::shape: Lists {wire$15126257, dca$15126257} and {}[[1]]
     are not the same shape.

Part::partw: Part 1 of {} does not exist.

General::stop: Further output of Part::partw
     will be suppressed during this calculation.

Set::shape: Lists {wire$15126257, dca$15126257} and {}[[1]]
     are not the same shape.

General::stop: Further output of Set::shape
     will be suppressed during this calculation.
wrote lookfor_shearTogetherVaryPhi0dm1mm_small.mx...
wrote lookfor_shearTogetherVaryPhi1dm1mm_small.mx...
wrote lookfor_shearTogetherVaryPhi2dm1mm_small.mx...
wrote lookfor_shearApartVaryPhi0_small.mx...
wrote lookfor_shearApartVaryPhi1_small.mx...
wrote lookfor_shearApartVaryPhi2_small.mx...
wrote lookfor_shearApartVaryPhi0d1mm_small.mx...
wrote lookfor_shearApartVaryPhi1d1mm_small.mx...
wrote lookfor_shearApartVaryPhi2d1mm_small.mx...

                                 1
Power::infy: Infinite expression -- encountered.
                                 0.

Infinity::indet: Indeterminate expression 0. ComplexInfinity encountered.
wrote lookfor_shearApartVaryPhi0dm1mm_small.mx...
wrote lookfor_shearApartVaryPhi1dm1mm_small.mx...
wrote lookfor_shearApartVaryPhi2dm1mm_small.mx...
wrote lookfor_rotateApartVaryPhi0_small.mx...
wrote lookfor_rotateApartVaryPhi1_small.mx...
wrote lookfor_rotateApartVaryPhi2_small.mx...
wrote lookfor_rotateApartVaryPhi0d1mm_small.mx...

$RecursionLimit::reclim: Recursion depth of 256 exceeded.

$RecursionLimit::reclim: Recursion depth of 256 exceeded.

FindMinimum::fmnum: 
                                -9                                2
   Objective function 8.14792 10   + (-0.0000173639 + Sqrt[<<1>>])
     is not real at {c, p, d, t, z} = 
    {0.0567218, 0.628319, 0.00100019, 0.999982, 0.000627219}.

ReplaceAll::reps: 
   {{c, 0.0565685, 0.0565705}} is neither a list of replacement rules nor a
     valid dispatch table, and so cannot be used for replacing.

ReplaceAll::reps: 
   {{c, 0.0565685, 0.0565705}} is neither a list of replacement rules nor a
     valid dispatch table, and so cannot be used for replacing.

$RecursionLimit::reclim: Recursion depth of 256 exceeded.

General::stop: Further output of $RecursionLimit::reclim
     will be suppressed during this calculation.

FindMinimum::fmnum: 
                                -9                                2
   Objective function 8.30599 10   + (-0.0000173639 + Sqrt[<<1>>])
     is not real at {c, p, d, t, z} = 
    {0.0567208, 2.19912, 0.00100034, 0.999979, 0.000627322}.

ReplaceAll::reps: 
   {{c, 0.0565685, 0.0565705}} is neither a list of replacement rules nor a
     valid dispatch table, and so cannot be used for replacing.

General::stop: Further output of ReplaceAll::reps
     will be suppressed during this calculation.
wrote lookfor_rotateApartVaryPhi1d1mm_small.mx...
wrote lookfor_rotateApartVaryPhi2d1mm_small.mx...

                                 1
Power::infy: Infinite expression -- encountered.
                                 0.

General::stop: Further output of Power::infy
     will be suppressed during this calculation.

Infinity::indet: Indeterminate expression 0. ComplexInfinity encountered.

General::stop: Further output of Infinity::indet
     will be suppressed during this calculation.
wrote lookfor_rotateApartVaryPhi0dm1mm_small.mx...
wrote lookfor_rotateApartVaryPhi1dm1mm_small.mx...
wrote lookfor_rotateApartVaryPhi2dm1mm_small.mx...
wrote lookfor_shearFunkyVaryPhi0_small.mx...
wrote lookfor_shearFunkyVaryPhi1_small.mx...
wrote lookfor_shearFunkyVaryPhi2_small.mx...
wrote lookfor_shearFunkyVaryPhi0d1mm_small.mx...
wrote lookfor_shearFunkyVaryPhi1d1mm_small.mx...
wrote lookfor_shearFunkyVaryPhi2d1mm_small.mx...
wrote lookfor_shearFunkyVaryPhi0dm1mm_small.mx...
wrote lookfor_shearFunkyVaryPhi1dm1mm_small.mx...
wrote lookfor_shearFunkyVaryPhi2dm1mm_small.mx...
wrote lookfor_shearRotateVaryPhi0_small.mx...
wrote lookfor_shearRotateVaryPhi1_small.mx...
wrote lookfor_shearRotateVaryPhi2_small.mx...
wrote lookfor_shearRotateVaryPhi0d1mm_small.mx...
wrote lookfor_shearRotateVaryPhi1d1mm_small.mx...
wrote lookfor_shearRotateVaryPhi2d1mm_small.mx...
wrote lookfor_shearRotateVaryPhi0dm1mm_small.mx...
wrote lookfor_shearRotateVaryPhi1dm1mm_small.mx...
wrote lookfor_shearRotateVaryPhi2dm1mm_small.mx...
