Run 120924:
P0 * exp( -( x - P1 )^2 / P2^2 / 2 ) / sqrt( 2 pi ) / P2 +
P3 * exp( -( x - P4 )^2 / P5^2 / 2 ) / sqrt( 2 pi ) / P5
    P0 = 0.90646 +/- 0.142652.
    P1 = 5.20695 +/- 0.00270519.
    P2 = 0.0286423 +/- 0.00319175.
    P3 = 2.59852 +/- 0.148782.
    P4 = 5.16078 +/- 0.00647538.
    P5 = 0.10372 +/- 0.00745385.
chi^2 / ndof = 127.46 / 51 = 2.49922

Run 120962:
P0 * exp( -( x - P1 )^2 / P2^2 / 2 ) / sqrt( 2 pi ) / P2 +
P3 * exp( -( x - P4 )^2 / P5^2 / 2 ) / sqrt( 2 pi ) / P5
    P0 = 13.1562 +/- 0.139007.
    P1 = 5.18145 +/- 0.000946511.
    P2 = 0.0791549 +/- 0.00103937.
    P3 = 0.286567 +/- 0.0621889.
    P4 = 5.42851 +/- 0.0171357.
    P5 = 0.0534249 +/- 0.0119937.
chi^2 / ndof = 503.83 / 62 = 8.12629

Run 120976:
P0 * exp( -( x - P1 )^2 / P2^2 / 2 ) / sqrt( 2 pi ) / P2 +
P3 * exp( -( x - P4 )^2 / P5^2 / 2 ) / sqrt( 2 pi ) / P5
    P0 = 18.5201 +/- 0.15324.
    P1 = 5.18196 +/- 0.000724138.
    P2 = 0.0781668 +/- 0.000823566.
    P3 = 0.507281 +/- 0.0728292.
    P4 = 5.42007 +/- 0.0113689.
    P5 = 0.0529043 +/- 0.00877963.
chi^2 / ndof = 715.822 / 62 = 11.5455

Run 120926:
P0 * exp( -( x - P1 )^2 / P2^2 / 2 ) / sqrt( 2 pi ) / P2 +
P3 * exp( -( x - P4 )^2 / P5^2 / 2 ) / sqrt( 2 pi ) / P5
    P0 = 20.121 +/- 0.159786.
    P1 = 5.18147 +/- 0.00069539.
    P2 = 0.0788093 +/- 0.00079352.
    P3 = 0.684972 +/- 0.127189.
    P4 = 5.44345 +/- 0.019961.
    P5 = 0.0695602 +/- 0.0138571.
chi^2 / ndof = 714.124 / 62 = 11.5181

